2026-03-17T15:38:57.7330861Z Current runner version: '2.332.0'
2026-03-17T15:38:57.7354514Z ##[group]Runner Image Provisioner
2026-03-17T15:38:57.7355296Z Hosted Compute Agent
2026-03-17T15:38:57.7355901Z Version: 20260213.493
2026-03-17T15:38:57.7356623Z Commit: 5c115507f6dd24b8de37d8bbe0bb4509d0cc0fa3
2026-03-17T15:38:57.7357497Z Build Date: 2026-02-13T00:28:41Z
2026-03-17T15:38:57.7358193Z Worker ID: {706c2b0f-ebeb-45bf-89a0-eed02aab4372}
2026-03-17T15:38:57.7358941Z Azure Region: westus3
2026-03-17T15:38:57.7359558Z ##[endgroup]
2026-03-17T15:38:57.7360967Z ##[group]Operating System
2026-03-17T15:38:57.7361667Z Ubuntu
2026-03-17T15:38:57.7362114Z 24.04.3
2026-03-17T15:38:57.7362576Z LTS
2026-03-17T15:38:57.7363045Z ##[endgroup]
2026-03-17T15:38:57.7363576Z ##[group]Runner Image
2026-03-17T15:38:57.7364160Z Image: ubuntu-24.04
2026-03-17T15:38:57.7364671Z Version: 20260309.50.1
2026-03-17T15:38:57.7365869Z Included Software: https://github.com/actions/runner-images/blob/ubuntu24/20260309.50/images/ubuntu/Ubuntu2404-Readme.md
2026-03-17T15:38:57.7367562Z Image Release: https://github.com/actions/runner-images/releases/tag/ubuntu24%2F20260309.50
2026-03-17T15:38:57.7368493Z ##[endgroup]
2026-03-17T15:38:57.7369506Z ##[group]GITHUB_TOKEN Permissions
2026-03-17T15:38:57.7371466Z Contents: read
2026-03-17T15:38:57.7372036Z Metadata: read
2026-03-17T15:38:57.7372499Z ##[endgroup]
2026-03-17T15:38:57.7374556Z Secret source: None
2026-03-17T15:38:57.7375247Z Prepare workflow directory
2026-03-17T15:38:57.7836904Z Prepare all required actions
2026-03-17T15:38:57.7873992Z Getting action download info
2026-03-17T15:38:58.3156427Z Download action repository 'taiki-e/checkout-action@v1' (SHA:83ed61bfbe2b8abbb3c66e8b65b1335484c70009)
2026-03-17T15:38:58.9735823Z Download action repository 'taiki-e/github-actions@nightly' (SHA:4defe325132c540b152e731162b9067fab71ec21)
2026-03-17T15:38:59.5890936Z Download action repository 'taiki-e/setup-cross-toolchain-action@v1' (SHA:20dbac418ca692fd1a9377acf2cec38161169a39)
2026-03-17T15:39:00.4703722Z Complete job name: cargo test (ubuntu-latest)
2026-03-17T15:39:00.5323729Z ##[group]Run taiki-e/checkout-action@v1
2026-03-17T15:39:00.5324511Z env:
2026-03-17T15:39:00.5324753Z   CARGO_INCREMENTAL: 0
2026-03-17T15:39:00.5325021Z   CARGO_NET_GIT_FETCH_WITH_CLI: true
2026-03-17T15:39:00.5325314Z   CARGO_NET_RETRY: 10
2026-03-17T15:39:00.5325555Z   CARGO_TERM_COLOR: always
2026-03-17T15:39:00.5325814Z   RUST_BACKTRACE: 1
2026-03-17T15:39:00.5326088Z   RUSTDOCFLAGS: -D warnings
2026-03-17T15:39:00.5326366Z   RUSTFLAGS: -D warnings
2026-03-17T15:39:00.5326631Z   RUSTUP_MAX_RETRIES: 10
2026-03-17T15:39:00.5326883Z ##[endgroup]
2026-03-17T15:39:00.5455231Z ##[group]Run set -eu
2026-03-17T15:39:00.5455609Z [36;1mset -eu[0m
2026-03-17T15:39:00.5455895Z [36;1mif ! command -v bash >/dev/null; then[0m
2026-03-17T15:39:00.5456319Z [36;1m  if grep -Eq '^ID=alpine' /etc/os-release; then[0m
2026-03-17T15:39:00.5456808Z [36;1m    printf '::group::Install packages required for checkout-action (bash)\n'[0m
2026-03-17T15:39:00.5457520Z [36;1m    # NB: sync with apk_install in main.sh[0m
2026-03-17T15:39:00.5457892Z [36;1m    if command -v sudo >/dev/null; then[0m
2026-03-17T15:39:00.5458229Z [36;1m      sudo apk --no-cache add bash[0m
2026-03-17T15:39:00.5458569Z [36;1m    elif command -v doas >/dev/null; then[0m
2026-03-17T15:39:00.5458903Z [36;1m      doas apk --no-cache add bash[0m
2026-03-17T15:39:00.5459193Z [36;1m    else[0m
2026-03-17T15:39:00.5459421Z [36;1m      apk --no-cache add bash[0m
2026-03-17T15:39:00.5459695Z [36;1m    fi[0m
2026-03-17T15:39:00.5459938Z [36;1m    printf '::endgroup::\n'[0m
2026-03-17T15:39:00.5460304Z [36;1m  elif grep -Eq '^ID_LIKE=.*openwrt' /etc/os-release; then[0m
2026-03-17T15:39:00.5460848Z [36;1m    printf '::group::Install packages required for checkout-action (bash)\n'[0m
2026-03-17T15:39:00.5461343Z [36;1m    # NB: sync with opkg_install in main.sh[0m
2026-03-17T15:39:00.5461698Z [36;1m    if command -v sudo >/dev/null; then[0m
2026-03-17T15:39:00.5462037Z [36;1m      sudo mkdir -p /var/lock[0m
2026-03-17T15:39:00.5462574Z [36;1m      sudo opkg update[0m
2026-03-17T15:39:00.5462860Z [36;1m      sudo opkg install bash[0m
2026-03-17T15:39:00.5463279Z [36;1m    else[0m
2026-03-17T15:39:00.5463516Z [36;1m      mkdir -p /var/lock[0m
2026-03-17T15:39:00.5463795Z [36;1m      opkg update[0m
2026-03-17T15:39:00.5464052Z [36;1m      opkg install bash[0m
2026-03-17T15:39:00.5464324Z [36;1m    fi[0m
2026-03-17T15:39:00.5464552Z [36;1m    printf '::endgroup::\n'[0m
2026-03-17T15:39:00.5464834Z [36;1m  else[0m
2026-03-17T15:39:00.5465130Z [36;1m    printf '::error::checkout-action requires bash\n'[0m
2026-03-17T15:39:00.5465471Z [36;1m    exit 1[0m
2026-03-17T15:39:00.5465699Z [36;1m  fi[0m
2026-03-17T15:39:00.5465904Z [36;1mfi[0m
2026-03-17T15:39:00.5513670Z shell: /usr/bin/sh -e {0}
2026-03-17T15:39:00.5513983Z env:
2026-03-17T15:39:00.5514198Z   CARGO_INCREMENTAL: 0
2026-03-17T15:39:00.5514466Z   CARGO_NET_GIT_FETCH_WITH_CLI: true
2026-03-17T15:39:00.5514775Z   CARGO_NET_RETRY: 10
2026-03-17T15:39:00.5515037Z   CARGO_TERM_COLOR: always
2026-03-17T15:39:00.5515289Z   RUST_BACKTRACE: 1
2026-03-17T15:39:00.5515537Z   RUSTDOCFLAGS: -D warnings
2026-03-17T15:39:00.5515799Z   RUSTFLAGS: -D warnings
2026-03-17T15:39:00.5516057Z   RUSTUP_MAX_RETRIES: 10
2026-03-17T15:39:00.5516300Z ##[endgroup]
2026-03-17T15:39:00.5709446Z ##[group]Run bash --noprofile --norc "${GITHUB_ACTION_PATH:?}/main.sh"
2026-03-17T15:39:00.5709966Z [36;1mbash --noprofile --norc "${GITHUB_ACTION_PATH:?}/main.sh"[0m
2026-03-17T15:39:00.5758780Z shell: /usr/bin/bash --noprofile --norc -e -o pipefail {0}
2026-03-17T15:39:00.5759157Z env:
2026-03-17T15:39:00.5759381Z   CARGO_INCREMENTAL: 0
2026-03-17T15:39:00.5759642Z   CARGO_NET_GIT_FETCH_WITH_CLI: true
2026-03-17T15:39:00.5759931Z   CARGO_NET_RETRY: 10
2026-03-17T15:39:00.5760175Z   CARGO_TERM_COLOR: always
2026-03-17T15:39:00.5760435Z   RUST_BACKTRACE: 1
2026-03-17T15:39:00.5760673Z   RUSTDOCFLAGS: -D warnings
2026-03-17T15:39:00.5760942Z   RUSTFLAGS: -D warnings
2026-03-17T15:39:00.5761399Z   RUSTUP_MAX_RETRIES: 10
2026-03-17T15:39:00.5761657Z ##[endgroup]
2026-03-17T15:39:00.5899334Z ##[group]Show hardware information (lscpu)
2026-03-17T15:39:00.5915244Z Architecture:                            x86_64
2026-03-17T15:39:00.5916020Z CPU op-mode(s):                          32-bit, 64-bit
2026-03-17T15:39:00.5916789Z Address sizes:                           48 bits physical, 48 bits virtual
2026-03-17T15:39:00.5917733Z Byte Order:                              Little Endian
2026-03-17T15:39:00.5918330Z CPU(s):                                  4
2026-03-17T15:39:00.5919051Z On-line CPU(s) list:                     0-3
2026-03-17T15:39:00.5919922Z Vendor ID:                               AuthenticAMD
2026-03-17T15:39:00.5920437Z Model name:                              AMD EPYC 7763 64-Core Processor
2026-03-17T15:39:00.5920835Z CPU family:                              25
2026-03-17T15:39:00.5921146Z Model:                                   1
2026-03-17T15:39:00.5921496Z Thread(s) per core:                      2
2026-03-17T15:39:00.5921804Z Core(s) per socket:                      2
2026-03-17T15:39:00.5922096Z Socket(s):                               1
2026-03-17T15:39:00.5922386Z Stepping:                                1
2026-03-17T15:39:00.5922698Z BogoMIPS:                                4890.85
2026-03-17T15:39:00.5925425Z Flags:                                   fpu vme de pse tsc msr pae mce cx8 apic sep mtrr pge mca cmov pat pse36 clflush mmx fxsr sse sse2 ht syscall nx mmxext fxsr_opt pdpe1gb rdtscp lm constant_tsc rep_good nopl tsc_reliable nonstop_tsc cpuid extd_apicid aperfmperf tsc_known_freq pni pclmulqdq ssse3 fma cx16 pcid sse4_1 sse4_2 movbe popcnt aes xsave avx f16c rdrand hypervisor lahf_lm cmp_legacy svm cr8_legacy abm sse4a misalignsse 3dnowprefetch osvw topoext vmmcall fsgsbase bmi1 avx2 smep bmi2 erms invpcid rdseed adx smap clflushopt clwb sha_ni xsaveopt xsavec xgetbv1 xsaves user_shstk clzero xsaveerptr rdpru arat npt nrip_save tsc_scale vmcb_clean flushbyasid decodeassists pausefilter pfthreshold v_vmsave_vmload umip vaes vpclmulqdq rdpid fsrm
2026-03-17T15:39:00.5928609Z Virtualization:                          AMD-V
2026-03-17T15:39:00.5928973Z Hypervisor vendor:                       Microsoft
2026-03-17T15:39:00.5929322Z Virtualization type:                     full
2026-03-17T15:39:00.5929694Z L1d cache:                               64 KiB (2 instances)
2026-03-17T15:39:00.5930066Z L1i cache:                               64 KiB (2 instances)
2026-03-17T15:39:00.5930435Z L2 cache:                                1 MiB (2 instances)
2026-03-17T15:39:00.5931038Z L3 cache:                                32 MiB (1 instance)
2026-03-17T15:39:00.5931672Z NUMA node(s):                            1
2026-03-17T15:39:00.5932227Z NUMA node0 CPU(s):                       0-3
2026-03-17T15:39:00.5933035Z Vulnerability Gather data sampling:      Not affected
2026-03-17T15:39:00.5933641Z Vulnerability Ghostwrite:                Not affected
2026-03-17T15:39:00.5934059Z Vulnerability Indirect target selection: Not affected
2026-03-17T15:39:00.5934443Z Vulnerability Itlb multihit:             Not affected
2026-03-17T15:39:00.5934796Z Vulnerability L1tf:                      Not affected
2026-03-17T15:39:00.5935155Z Vulnerability Mds:                       Not affected
2026-03-17T15:39:00.5935507Z Vulnerability Meltdown:                  Not affected
2026-03-17T15:39:00.5935871Z Vulnerability Mmio stale data:           Not affected
2026-03-17T15:39:00.5936242Z Vulnerability Reg file data sampling:    Not affected
2026-03-17T15:39:00.5936606Z Vulnerability Retbleed:                  Not affected
2026-03-17T15:39:00.5937491Z Vulnerability Spec rstack overflow:      Vulnerable: Safe RET, no microcode
2026-03-17T15:39:00.5938322Z Vulnerability Spec store bypass:         Vulnerable
2026-03-17T15:39:00.5939297Z Vulnerability Spectre v1:                Mitigation; usercopy/swapgs barriers and __user pointer sanitization
2026-03-17T15:39:00.5940985Z Vulnerability Spectre v2:                Mitigation; Retpolines; STIBP disabled; RSB filling; PBRSB-eIBRS Not affected; BHI Not affected
2026-03-17T15:39:00.5942228Z Vulnerability Srbds:                     Not affected
2026-03-17T15:39:00.5943197Z Vulnerability Tsa:                       Vulnerable: Clear CPU buffers attempted, no microcode
2026-03-17T15:39:00.5944115Z Vulnerability Tsx async abort:           Not affected
2026-03-17T15:39:00.5944812Z Vulnerability Vmscape:                   Not affected
2026-03-17T15:39:00.5946519Z ##[endgroup]
2026-03-17T15:39:00.5955675Z ##[group]git version
2026-03-17T15:39:00.6019157Z git version 2.53.0
2026-03-17T15:39:00.6021988Z ##[endgroup]
2026-03-17T15:39:00.6023101Z ##[group]git config --global --add safe.directory /home/runner/work/futures-rs/futures-rs
2026-03-17T15:39:00.6043910Z ##[endgroup]
2026-03-17T15:39:00.6044750Z ##[group]git init
2026-03-17T15:39:00.6122570Z hint: Using 'master' as the name for the initial branch. This default branch name
2026-03-17T15:39:00.6123311Z hint: will change to "main" in Git 3.0. To configure the initial branch name
2026-03-17T15:39:00.6124067Z hint: to use in all of your new repositories, which will suppress this warning,
2026-03-17T15:39:00.6124581Z hint: call:
2026-03-17T15:39:00.6124821Z hint:
2026-03-17T15:39:00.6125156Z hint: 	git config --global init.defaultBranch <name>
2026-03-17T15:39:00.6125561Z hint:
2026-03-17T15:39:00.6126106Z hint: Names commonly chosen instead of 'master' are 'main', 'trunk' and
2026-03-17T15:39:00.6126800Z hint: 'development'. The just-created branch can be renamed via this command:
2026-03-17T15:39:00.6127412Z hint:
2026-03-17T15:39:00.6127822Z hint: 	git branch -m <name>
2026-03-17T15:39:00.6128120Z hint:
2026-03-17T15:39:00.6128538Z hint: Disable this message with "git config set advice.defaultBranchName false"
2026-03-17T15:39:00.6129525Z Initialized empty Git repository in /home/runner/work/futures-rs/futures-rs/.git/
2026-03-17T15:39:00.6130493Z ##[endgroup]
2026-03-17T15:39:00.6131356Z ##[group]git remote add origin https://github.com/rust-lang/futures-rs
2026-03-17T15:39:00.6154265Z ##[endgroup]
2026-03-17T15:39:00.6154816Z ##[group]git config --local gc.auto 0
2026-03-17T15:39:00.6171524Z ##[endgroup]
2026-03-17T15:39:00.6173373Z ##[group]git fetch --no-tags --prune --no-recurse-submodules --depth=1 origin +4fcb4bf4b95b4276b10dc3ffdeef695a73235d6d:refs/pull/2998/merge
2026-03-17T15:39:01.1795645Z From https://github.com/rust-lang/futures-rs
2026-03-17T15:39:01.1798262Z  * [new ref]         4fcb4bf4b95b4276b10dc3ffdeef695a73235d6d -> refs/pull/2998/merge
2026-03-17T15:39:01.1824491Z ##[endgroup]
2026-03-17T15:39:01.1826766Z ##[group]git checkout --force refs/pull/2998/merge
2026-03-17T15:39:01.2073243Z Note: switching to 'refs/pull/2998/merge'.
2026-03-17T15:39:01.2074894Z 
2026-03-17T15:39:01.2075290Z You are in 'detached HEAD' state. You can look around, make experimental
2026-03-17T15:39:01.2076210Z changes and commit them, and you can discard any commits you make in this
2026-03-17T15:39:01.2077140Z state without impacting any branches by switching back to a branch.
2026-03-17T15:39:01.2077847Z 
2026-03-17T15:39:01.2078184Z If you want to create a new branch to retain commits you create, you may
2026-03-17T15:39:01.2078992Z do so (now or later) by using -c with the switch command. Example:
2026-03-17T15:39:01.2079454Z 
2026-03-17T15:39:01.2079663Z   git switch -c <new-branch-name>
2026-03-17T15:39:01.2079983Z 
2026-03-17T15:39:01.2080158Z Or undo this operation with:
2026-03-17T15:39:01.2080454Z 
2026-03-17T15:39:01.2080615Z   git switch -
2026-03-17T15:39:01.2080864Z 
2026-03-17T15:39:01.2081236Z Turn off this advice by setting config variable advice.detachedHead to false
2026-03-17T15:39:01.2081800Z 
2026-03-17T15:39:01.2082447Z HEAD is now at 4fcb4bf Merge 1a02ab4c53cbb742aa688a023b54b64cab8e36ab into b7bfade372ee43f3ce9da356b95a5c95373c7641
2026-03-17T15:39:01.2084421Z ##[endgroup]
2026-03-17T15:39:01.2085439Z ##[group]git config --global --add safe.directory /home/runner/work/futures-rs/futures-rs
2026-03-17T15:39:01.2101301Z ##[endgroup]
2026-03-17T15:39:01.2195038Z ##[group]Run taiki-e/github-actions/install-rust@nightly
2026-03-17T15:39:01.2195438Z with:
2026-03-17T15:39:01.2195653Z   toolchain: nightly
2026-03-17T15:39:01.2195870Z env:
2026-03-17T15:39:01.2196070Z   CARGO_INCREMENTAL: 0
2026-03-17T15:39:01.2196305Z   CARGO_NET_GIT_FETCH_WITH_CLI: true
2026-03-17T15:39:01.2196574Z   CARGO_NET_RETRY: 10
2026-03-17T15:39:01.2196796Z   CARGO_TERM_COLOR: always
2026-03-17T15:39:01.2197035Z   RUST_BACKTRACE: 1
2026-03-17T15:39:01.2197258Z   RUSTDOCFLAGS: -D warnings
2026-03-17T15:39:01.2197807Z   RUSTFLAGS: -D warnings
2026-03-17T15:39:01.2198063Z   RUSTUP_MAX_RETRIES: 10
2026-03-17T15:39:01.2198292Z ##[endgroup]
2026-03-17T15:39:01.2226190Z ##[group]Run bash --noprofile --norc "${GITHUB_ACTION_PATH:?}/main.sh"
2026-03-17T15:39:01.2226704Z [36;1mbash --noprofile --norc "${GITHUB_ACTION_PATH:?}/main.sh"[0m
2026-03-17T15:39:01.2276624Z shell: /usr/bin/bash --noprofile --norc -e -o pipefail {0}
2026-03-17T15:39:01.2277012Z env:
2026-03-17T15:39:01.2277264Z   CARGO_INCREMENTAL: 0
2026-03-17T15:39:01.2277789Z   CARGO_NET_GIT_FETCH_WITH_CLI: true
2026-03-17T15:39:01.2278072Z   CARGO_NET_RETRY: 10
2026-03-17T15:39:01.2278303Z   CARGO_TERM_COLOR: always
2026-03-17T15:39:01.2278554Z   RUST_BACKTRACE: 1
2026-03-17T15:39:01.2278780Z   RUSTDOCFLAGS: -D warnings
2026-03-17T15:39:01.2279026Z   RUSTFLAGS: -D warnings
2026-03-17T15:39:01.2348685Z   RUSTUP_MAX_RETRIES: 10
2026-03-17T15:39:01.2349219Z   INPUT_TOOLCHAIN: nightly
2026-03-17T15:39:01.2349722Z   INPUT_COMPONENT: 
2026-03-17T15:39:01.2350178Z   INPUT_TARGET: 
2026-03-17T15:39:01.2350597Z ##[endgroup]
2026-03-17T15:39:01.2448298Z /home/runner/.cargo/bin/rustup
2026-03-17T15:39:01.2451482Z ##[group]rustup toolchain add nightly --no-self-update --profile minimal
2026-03-17T15:39:01.6350163Z info: syncing channel updates for 'nightly-x86_64-unknown-linux-gnu'
2026-03-17T15:39:01.8370339Z info: latest update on 2026-03-17, rust version 1.96.0-nightly (3645249d7 2026-03-16)
2026-03-17T15:39:01.8371578Z info: downloading component 'cargo'
2026-03-17T15:39:02.0029466Z info: downloading component 'rust-std'
2026-03-17T15:39:02.3544202Z info: downloading component 'rustc'
2026-03-17T15:39:02.9071575Z info: installing component 'cargo'
2026-03-17T15:39:03.6140646Z info: installing component 'rust-std'
2026-03-17T15:39:05.5085140Z info: installing component 'rustc'
2026-03-17T15:39:10.1881508Z 
2026-03-17T15:39:10.1976394Z   nightly-x86_64-unknown-linux-gnu installed - rustc 1.96.0-nightly (3645249d7 2026-03-16)
2026-03-17T15:39:10.1977092Z 
2026-03-17T15:39:10.2000234Z ##[endgroup]
2026-03-17T15:39:10.2001055Z ##[group]rustup default nightly
2026-03-17T15:39:10.2058398Z info: using existing install for 'nightly-x86_64-unknown-linux-gnu'
2026-03-17T15:39:10.2359611Z info: default toolchain set to 'nightly-x86_64-unknown-linux-gnu'
2026-03-17T15:39:10.2360136Z 
2026-03-17T15:39:10.2451251Z   nightly-x86_64-unknown-linux-gnu unchanged - rustc 1.96.0-nightly (3645249d7 2026-03-16)
2026-03-17T15:39:10.2451993Z 
2026-03-17T15:39:10.2478196Z ##[endgroup]
2026-03-17T15:39:10.2539683Z ##[group]Run cargo test --workspace --all-features $DOCTEST_XCOMPILE
2026-03-17T15:39:10.2540173Z [36;1mcargo test --workspace --all-features $DOCTEST_XCOMPILE[0m
2026-03-17T15:39:10.2589231Z shell: /usr/bin/bash --noprofile --norc -e -o pipefail {0}
2026-03-17T15:39:10.2589566Z env:
2026-03-17T15:39:10.2589739Z   CARGO_INCREMENTAL: 0
2026-03-17T15:39:10.2589950Z   CARGO_NET_GIT_FETCH_WITH_CLI: true
2026-03-17T15:39:10.2590201Z   CARGO_NET_RETRY: 10
2026-03-17T15:39:10.2590400Z   CARGO_TERM_COLOR: always
2026-03-17T15:39:10.2590611Z   RUST_BACKTRACE: 1
2026-03-17T15:39:10.2590797Z   RUSTDOCFLAGS: -D warnings
2026-03-17T15:39:10.2591022Z   RUSTFLAGS: -D warnings
2026-03-17T15:39:10.2591250Z   RUSTUP_MAX_RETRIES: 10
2026-03-17T15:39:10.2591450Z ##[endgroup]
2026-03-17T15:39:10.3367778Z [1m[92m    Updating[0m crates.io index
2026-03-17T15:39:10.6637996Z [1m[92m     Locking[0m 69 packages to latest compatible versions
2026-03-17T15:39:10.6644572Z [1m[92m      Adding[0m futures v0.1.31 [1m[33m(available: v0.3.32)[0m
2026-03-17T15:39:10.6686994Z [1m[92m      Adding[0m tokio v0.1.22 [1m[33m(available: v1.50.0)[0m
2026-03-17T15:39:10.6722405Z [1m[92m Downloading[0m crates ...
2026-03-17T15:39:10.7410623Z [1m[92m  Downloaded[0m assert_matches v1.5.0
2026-03-17T15:39:10.7469827Z [1m[92m  Downloaded[0m cfg-if v0.1.10
2026-03-17T15:39:10.7510976Z [1m[92m  Downloaded[0m bytes v0.4.12
2026-03-17T15:39:10.7563945Z [1m[92m  Downloaded[0m crossbeam-queue v0.2.3
2026-03-17T15:39:10.7579571Z [1m[92m  Downloaded[0m byteorder v1.5.0
2026-03-17T15:39:10.7597254Z [1m[92m  Downloaded[0m pin-project-internal v1.1.11
2026-03-17T15:39:10.7615191Z [1m[92m  Downloaded[0m iovec v0.1.4
2026-03-17T15:39:10.7630456Z [1m[92m  Downloaded[0m fnv v1.0.7
2026-03-17T15:39:10.7640468Z [1m[92m  Downloaded[0m crossbeam-utils v0.7.2
2026-03-17T15:39:10.7671473Z [1m[92m  Downloaded[0m tokio-executor v0.1.10
2026-03-17T15:39:10.7685304Z [1m[92m  Downloaded[0m lazy_static v1.5.0
2026-03-17T15:39:10.7705664Z [1m[92m  Downloaded[0m tokio-tcp v0.1.4
2026-03-17T15:39:10.7720591Z [1m[92m  Downloaded[0m rustc_version v0.2.3
2026-03-17T15:39:10.7731942Z [1m[92m  Downloaded[0m semver-parser v0.7.0
2026-03-17T15:39:10.7742237Z [1m[92m  Downloaded[0m scopeguard v1.2.0
2026-03-17T15:39:10.7755751Z [1m[92m  Downloaded[0m tokio-uds v0.2.7
2026-03-17T15:39:10.7771755Z [1m[92m  Downloaded[0m tokio-udp v0.1.6
2026-03-17T15:39:10.7787979Z [1m[92m  Downloaded[0m tokio-fs v0.1.7
2026-03-17T15:39:10.7824078Z [1m[92m  Downloaded[0m tokio-reactor v0.1.12
2026-03-17T15:39:10.7841296Z [1m[92m  Downloaded[0m tokio-timer v0.2.13
2026-03-17T15:39:10.7873833Z [1m[92m  Downloaded[0m unicode-ident v1.0.24
2026-03-17T15:39:10.7904687Z [1m[92m  Downloaded[0m tokio-io v0.1.13
2026-03-17T15:39:10.7937539Z [1m[92m  Downloaded[0m tokio v0.1.22
2026-03-17T15:39:10.7991749Z [1m[92m  Downloaded[0m mio v0.6.23
2026-03-17T15:39:10.8039686Z [1m[92m  Downloaded[0m memchr v2.8.0
2026-03-17T15:39:10.8096678Z [1m[92m  Downloaded[0m futures v0.1.31
2026-03-17T15:39:10.8206846Z [1m[92m  Downloaded[0m proc-macro2 v1.0.106
2026-03-17T15:39:10.8238252Z [1m[92m  Downloaded[0m portable-atomic v1.13.1
2026-03-17T15:39:10.8314451Z [1m[92m  Downloaded[0m pin-project v1.1.11
2026-03-17T15:39:10.8456545Z [1m[92m  Downloaded[0m log v0.4.29
2026-03-17T15:39:10.8484784Z [1m[92m  Downloaded[0m tokio-threadpool v0.1.18
2026-03-17T15:39:10.8521289Z [1m[92m  Downloaded[0m tokio-sync v0.1.8
2026-03-17T15:39:10.8551163Z [1m[92m  Downloaded[0m static_assertions v1.1.0
2026-03-17T15:39:10.8565652Z [1m[92m  Downloaded[0m syn v2.0.117
2026-03-17T15:39:10.8675712Z [1m[92m  Downloaded[0m spin v0.10.0
2026-03-17T15:39:10.8700924Z [1m[92m  Downloaded[0m parking_lot v0.9.0
2026-03-17T15:39:10.8720850Z [1m[92m  Downloaded[0m lock_api v0.3.4
2026-03-17T15:39:10.8732387Z [1m[92m  Downloaded[0m tokio-current-thread v0.1.7
2026-03-17T15:39:10.8744333Z [1m[92m  Downloaded[0m smallvec v0.6.14
2026-03-17T15:39:10.8757536Z [1m[92m  Downloaded[0m slab v0.4.12
2026-03-17T15:39:10.8771014Z [1m[92m  Downloaded[0m pin-project-lite v0.2.17
2026-03-17T15:39:10.8832625Z [1m[92m  Downloaded[0m parking_lot_core v0.6.3
2026-03-17T15:39:10.8853436Z [1m[92m  Downloaded[0m semver v0.9.0
2026-03-17T15:39:10.8867263Z [1m[92m  Downloaded[0m quote v1.0.45
2026-03-17T15:39:10.8896022Z [1m[92m  Downloaded[0m num_cpus v1.17.0
2026-03-17T15:39:10.8929129Z [1m[92m  Downloaded[0m lock_api v0.4.14
2026-03-17T15:39:10.8946194Z [1m[92m  Downloaded[0m tokio-codec v0.1.2
2026-03-17T15:39:10.8958627Z [1m[92m  Downloaded[0m net2 v0.2.39
2026-03-17T15:39:10.8977817Z [1m[92m  Downloaded[0m memoffset v0.5.6
2026-03-17T15:39:10.8989775Z [1m[92m  Downloaded[0m mio-uds v0.6.8
2026-03-17T15:39:10.9000802Z [1m[92m  Downloaded[0m maybe-uninit v2.0.0
2026-03-17T15:39:10.9012862Z [1m[92m  Downloaded[0m crossbeam-epoch v0.8.2
2026-03-17T15:39:10.9036643Z [1m[92m  Downloaded[0m crossbeam-deque v0.7.4
2026-03-17T15:39:10.9050249Z [1m[92m  Downloaded[0m autocfg v1.5.0
2026-03-17T15:39:10.9071873Z [1m[92m  Downloaded[0m libc v0.2.183
2026-03-17T15:39:11.0167735Z [1m[92m   Compiling[0m libc v0.2.183
2026-03-17T15:39:11.0168897Z [1m[92m   Compiling[0m futures v0.1.31
2026-03-17T15:39:11.0169655Z [1m[92m   Compiling[0m scopeguard v1.2.0
2026-03-17T15:39:11.0170385Z [1m[92m   Compiling[0m log v0.4.29
2026-03-17T15:39:11.0629028Z [1m[92m   Compiling[0m slab v0.4.12
2026-03-17T15:39:11.1516571Z [1m[92m   Compiling[0m proc-macro2 v1.0.106
2026-03-17T15:39:11.1727500Z [1m[92m   Compiling[0m byteorder v1.5.0
2026-03-17T15:39:11.3478263Z [1m[92m   Compiling[0m unicode-ident v1.0.24
2026-03-17T15:39:11.3893665Z [1m[92m   Compiling[0m quote v1.0.45
2026-03-17T15:39:11.5634586Z [1m[92m   Compiling[0m portable-atomic v1.13.1
2026-03-17T15:39:12.0919932Z [1m[92m   Compiling[0m syn v2.0.117
2026-03-17T15:39:12.1330666Z [1m[92m   Compiling[0m futures-sink v0.4.0-alpha.0 (/home/runner/work/futures-rs/futures-rs/futures-sink)
2026-03-17T15:39:12.1813895Z [1m[92m   Compiling[0m lock_api v0.4.14
2026-03-17T15:39:12.2569464Z [1m[92m   Compiling[0m iovec v0.1.4
2026-03-17T15:39:12.3059665Z [1m[92m   Compiling[0m bytes v0.4.12
2026-03-17T15:39:12.3140541Z [1m[92m   Compiling[0m futures-core v1.0.0-alpha.0 (/home/runner/work/futures-rs/futures-rs/futures-core)
2026-03-17T15:39:12.3550557Z [1m[92m   Compiling[0m futures-io v0.3.32 (/home/runner/work/futures-rs/futures-rs/futures-io)
2026-03-17T15:39:12.4009188Z [1m[92m   Compiling[0m futures-channel v0.4.0-alpha.0 (/home/runner/work/futures-rs/futures-rs/futures-channel)
2026-03-17T15:39:12.4539715Z [1m[92m   Compiling[0m spin v0.10.0
2026-03-17T15:39:12.5709101Z [1m[92m   Compiling[0m tokio-io v0.1.13
2026-03-17T15:39:12.5940810Z [1m[92m   Compiling[0m pin-project-lite v0.2.17
2026-03-17T15:39:12.6365557Z [1m[92m   Compiling[0m memchr v2.8.0
2026-03-17T15:39:12.6870095Z [1m[92m   Compiling[0m futures-task v0.4.0-alpha.0 (/home/runner/work/futures-rs/futures-rs/futures-task)
2026-03-17T15:39:12.7929105Z [1m[92m   Compiling[0m autocfg v1.5.0
2026-03-17T15:39:12.9145652Z [1m[92m   Compiling[0m cfg-if v0.1.10
2026-03-17T15:39:12.9450182Z [1m[92m   Compiling[0m maybe-uninit v2.0.0
2026-03-17T15:39:13.1171670Z [1m[92m   Compiling[0m lazy_static v1.5.0
2026-03-17T15:39:13.1283744Z [1m[92m   Compiling[0m crossbeam-utils v0.7.2
2026-03-17T15:39:13.1867958Z [1m[92m   Compiling[0m semver-parser v0.7.0
2026-03-17T15:39:13.3931813Z [1m[92m   Compiling[0m semver v0.9.0
2026-03-17T15:39:13.3940529Z [1m[92m   Compiling[0m smallvec v0.6.14
2026-03-17T15:39:13.5479107Z [1m[92m   Compiling[0m rustc_version v0.2.3
2026-03-17T15:39:13.5760710Z [1m[92m   Compiling[0m memoffset v0.5.6
2026-03-17T15:39:13.6889906Z [1m[92m   Compiling[0m tokio-executor v0.1.10
2026-03-17T15:39:13.6904930Z [1m[92m   Compiling[0m net2 v0.2.39
2026-03-17T15:39:13.6979964Z [1m[92m   Compiling[0m parking_lot_core v0.6.3
2026-03-17T15:39:13.8187042Z [1m[92m   Compiling[0m parking_lot v0.9.0
2026-03-17T15:39:13.8791977Z [1m[92m   Compiling[0m num_cpus v1.17.0
2026-03-17T15:39:13.9512563Z [1m[92m   Compiling[0m mio v0.6.23
2026-03-17T15:39:14.2209983Z [1m[92m   Compiling[0m crossbeam-epoch v0.8.2
2026-03-17T15:39:14.2379460Z [1m[92m   Compiling[0m lock_api v0.3.4
2026-03-17T15:39:14.3137585Z [1m[92m   Compiling[0m fnv v1.0.7
2026-03-17T15:39:14.3535547Z [1m[92m   Compiling[0m tokio-sync v0.1.8
2026-03-17T15:39:14.7642410Z [1m[92m   Compiling[0m tokio-reactor v0.1.12
2026-03-17T15:39:14.7810271Z [1m[92m   Compiling[0m crossbeam-queue v0.2.3
2026-03-17T15:39:14.8739188Z [1m[92m   Compiling[0m tokio-codec v0.1.2
2026-03-17T15:39:14.9673217Z [1m[92m   Compiling[0m crossbeam-deque v0.7.4
2026-03-17T15:39:15.0392831Z [1m[92m   Compiling[0m mio-uds v0.6.8
2026-03-17T15:39:15.0965256Z [1m[92m   Compiling[0m tokio-threadpool v0.1.18
2026-03-17T15:39:15.1755887Z [1m[92m   Compiling[0m tokio-uds v0.2.7
2026-03-17T15:39:15.2389073Z [1m[92m   Compiling[0m tokio-udp v0.1.6
2026-03-17T15:39:15.3955821Z [1m[92m   Compiling[0m tokio-tcp v0.1.4
2026-03-17T15:39:15.4309326Z [1m[92m   Compiling[0m tokio-current-thread v0.1.7
2026-03-17T15:39:15.5685466Z [1m[92m   Compiling[0m tokio-fs v0.1.7
2026-03-17T15:39:15.7251151Z [1m[92m   Compiling[0m tokio-timer v0.2.13
2026-03-17T15:39:15.8530569Z [1m[92m   Compiling[0m assert_matches v1.5.0
2026-03-17T15:39:15.8798374Z [1m[92m   Compiling[0m static_assertions v1.1.0
2026-03-17T15:39:15.9113622Z [1m[92m   Compiling[0m no-std v0.0.0 (/home/runner/work/futures-rs/futures-rs/futures/tests/no-std)
2026-03-17T15:39:16.0425403Z [1m[92m   Compiling[0m tokio v0.1.22
2026-03-17T15:39:16.0460196Z [1m[92m   Compiling[0m futures-macro v0.4.0-alpha.0 (/home/runner/work/futures-rs/futures-rs/futures-macro)
2026-03-17T15:39:16.0732326Z [1m[92m   Compiling[0m pin-project-internal v1.1.11
2026-03-17T15:39:16.6774711Z [1m[92m   Compiling[0m futures-util v0.4.0-alpha.0 (/home/runner/work/futures-rs/futures-rs/futures-util)
2026-03-17T15:39:16.8016783Z [1m[92m   Compiling[0m pin-project v1.1.11
2026-03-17T15:39:18.2539705Z [1m[92m   Compiling[0m futures-executor v0.4.0-alpha.0 (/home/runner/work/futures-rs/futures-rs/futures-executor)
2026-03-17T15:39:18.3636101Z [1m[92m   Compiling[0m futures v0.4.0-alpha.0 (/home/runner/work/futures-rs/futures-rs/futures)
2026-03-17T15:39:18.3637692Z [1m[92m   Compiling[0m futures-test v0.4.0-alpha.0 (/home/runner/work/futures-rs/futures-rs/futures-test)
2026-03-17T15:39:18.4009413Z [1m[92m   Compiling[0m macro-reexport v0.0.0 (/home/runner/work/futures-rs/futures-rs/futures/tests/macro-reexport)
2026-03-17T15:39:18.9495261Z [1m[92m   Compiling[0m futures-example-imperative v0.0.0 (/home/runner/work/futures-rs/futures-rs/examples/imperative)
2026-03-17T15:39:22.9188453Z [1m[92m   Compiling[0m macro-tests v0.0.0 (/home/runner/work/futures-rs/futures-rs/futures/tests/macro-tests)
2026-03-17T15:39:26.7990416Z [1m[92m   Compiling[0m futures-example-functional v0.0.0 (/home/runner/work/futures-rs/futures-rs/examples/functional)
2026-03-17T15:39:27.0683767Z [1m[92m    Finished[0m `test` profile [unoptimized + debuginfo] target(s) in 16.76s
2026-03-17T15:39:27.1139710Z [1m[92m     Running[0m unittests src/lib.rs (target/debug/deps/futures-e160356e1ca7bbb5)
2026-03-17T15:39:27.1150181Z 
2026-03-17T15:39:27.1150336Z running 0 tests
2026-03-17T15:39:27.1150549Z 
2026-03-17T15:39:27.1151088Z test result: ok. 0 passed; 0 failed; 0 ignored; 0 measured; 0 filtered out; finished in 0.00s
2026-03-17T15:39:27.1151670Z 
2026-03-17T15:39:27.1153480Z [1m[92m     Running[0m tests/_require_features.rs (target/debug/deps/_require_features-b793e23464efdfec)
2026-03-17T15:39:27.1162569Z 
2026-03-17T15:39:27.1162721Z running 0 tests
2026-03-17T15:39:27.1162941Z 
2026-03-17T15:39:27.1163431Z test result: ok. 0 passed; 0 failed; 0 ignored; 0 measured; 0 filtered out; finished in 0.00s
2026-03-17T15:39:27.1164337Z 
2026-03-17T15:39:27.1165542Z [1m[92m     Running[0m tests/async_await_macros.rs (target/debug/deps/async_await_macros-dbbb5d802a19000d)
2026-03-17T15:39:27.1174862Z 
2026-03-17T15:39:27.1175026Z running 22 tests
2026-03-17T15:39:27.1178656Z test join ... ok
2026-03-17T15:39:27.1179137Z test join_doesnt_require_unpin ... ok
2026-03-17T15:39:27.1179591Z test join_size ... ok
2026-03-17T15:39:27.1180260Z test poll_and_pending ... ok
2026-03-17T15:39:27.1180624Z test select ... ok
2026-03-17T15:39:27.1180944Z test select_biased ... ok
2026-03-17T15:39:27.1181369Z test select_can_move_uncompleted_futures ... ok
2026-03-17T15:39:27.1181905Z test select_can_be_used_as_expression ... ok
2026-03-17T15:39:27.1182409Z test select_nested ... ok
2026-03-17T15:39:27.1182819Z test select_grammar ... ok
2026-03-17T15:39:27.1184117Z test select_on_mutable_borrowing_future_with_same_borrow_in_block_and_default ... ok
2026-03-17T15:39:27.1185008Z test select_on_mutable_borrowing_future_with_same_borrow_in_block ... ok
2026-03-17T15:39:27.1185690Z test select_on_non_unpin_expressions ... ok
2026-03-17T15:39:27.1186167Z test select_on_non_unpin_expressions_with_default ... ok
2026-03-17T15:39:27.1186675Z test select_on_non_unpin_size ... ok
2026-03-17T15:39:27.1187061Z test select_streams ... ok
2026-03-17T15:39:27.1187754Z test select_size ... ok
2026-03-17T15:39:27.1188193Z test select_with_complete_can_be_used_as_expression ... ok
2026-03-17T15:39:27.1188949Z test select_with_default_can_be_used_as_expression ... ok
2026-03-17T15:39:27.1189605Z test try_join_doesnt_require_unpin ... ok
2026-03-17T15:39:27.1190058Z test try_join_size ... ok
2026-03-17T15:39:27.1194784Z test stream_select ... ok
2026-03-17T15:39:27.1195039Z 
2026-03-17T15:39:27.1195441Z test result: ok. 22 passed; 0 failed; 0 ignored; 0 measured; 0 filtered out; finished in 0.00s
2026-03-17T15:39:27.1195806Z 
2026-03-17T15:39:27.1198131Z [1m[92m     Running[0m tests/auto_traits.rs (target/debug/deps/auto_traits-1f432475401a1bb6)
2026-03-17T15:39:27.1207142Z 
2026-03-17T15:39:27.1207462Z running 0 tests
2026-03-17T15:39:27.1209095Z 
2026-03-17T15:39:27.1209519Z test result: ok. 0 passed; 0 failed; 0 ignored; 0 measured; 0 filtered out; finished in 0.00s
2026-03-17T15:39:27.1210109Z 
2026-03-17T15:39:27.1210640Z [1m[92m     Running[0m tests/bilock.rs (target/debug/deps/bilock-bc4ba9e80463b5e1)
2026-03-17T15:39:27.1220157Z 
2026-03-17T15:39:27.1220390Z running 2 tests
2026-03-17T15:39:27.1223305Z test smoke ... ok
2026-03-17T15:39:27.1254167Z test concurrent ... ok
2026-03-17T15:39:27.1254410Z 
2026-03-17T15:39:27.1254832Z test result: ok. 2 passed; 0 failed; 0 ignored; 0 measured; 0 filtered out; finished in 0.00s
2026-03-17T15:39:27.1255461Z 
2026-03-17T15:39:27.1257225Z [1m[92m     Running[0m tests/compat.rs (target/debug/deps/compat-68ba6466d769e7be)
2026-03-17T15:39:27.1266505Z 
2026-03-17T15:39:27.1266645Z running 1 test
2026-03-17T15:39:27.1276628Z test can_use_01_futures_in_a_03_future_running_on_a_01_executor ... ok
2026-03-17T15:39:27.1277585Z 
2026-03-17T15:39:27.1278034Z test result: ok. 1 passed; 0 failed; 0 ignored; 0 measured; 0 filtered out; finished in 0.00s
2026-03-17T15:39:27.1278629Z 
2026-03-17T15:39:27.1279418Z [1m[92m     Running[0m tests/eager_drop.rs (target/debug/deps/eager_drop-7b8fc9cf023dd6cf)
2026-03-17T15:39:27.1288580Z 
2026-03-17T15:39:27.1288729Z running 5 tests
2026-03-17T15:39:27.1294927Z test map_ok ... ok
2026-03-17T15:39:27.1296261Z test or_else_drops_eagerly ... ok
2026-03-17T15:39:27.1296721Z test and_then_drops_eagerly ... ok
2026-03-17T15:39:27.1297673Z test map_err ... ok
2026-03-17T15:39:27.1298254Z test then_drops_eagerly ... ok
2026-03-17T15:39:27.1298538Z 
2026-03-17T15:39:27.1298938Z test result: ok. 5 passed; 0 failed; 0 ignored; 0 measured; 0 filtered out; finished in 0.00s
2026-03-17T15:39:27.1299512Z 
2026-03-17T15:39:27.1301313Z [1m[92m     Running[0m tests/eventual.rs (target/debug/deps/eventual-9ed5901f6a3dda6f)
2026-03-17T15:39:27.1310850Z 
2026-03-17T15:39:27.1310992Z running 9 tests
2026-03-17T15:39:27.6323471Z test join3 ... ok
2026-03-17T15:39:27.6323976Z test join1 ... ok
2026-03-17T15:39:27.6326631Z test join4 ... ok
2026-03-17T15:39:27.6333440Z test join2 ... ok
2026-03-17T15:39:28.1333319Z test select1 ... ok
2026-03-17T15:39:28.1334003Z test join5 ... ok
2026-03-17T15:39:28.1338865Z test select2 ... ok
2026-03-17T15:39:28.1341082Z test select3 ... ok
2026-03-17T15:39:30.9476523Z test select4 ... ok
2026-03-17T15:39:30.9476885Z 
2026-03-17T15:39:30.9477739Z test result: ok. 9 passed; 0 failed; 0 ignored; 0 measured; 0 filtered out; finished in 3.82s
2026-03-17T15:39:30.9478402Z 
2026-03-17T15:39:30.9483695Z [1m[92m     Running[0m tests/future_abortable.rs (target/debug/deps/future_abortable-8ddf01d0e4a0c802)
2026-03-17T15:39:30.9494822Z 
2026-03-17T15:39:30.9494994Z running 3 tests
2026-03-17T15:39:30.9498696Z test abortable_awakens ... ok
2026-03-17T15:39:30.9499159Z test abortable_resolves ... ok
2026-03-17T15:39:30.9499855Z test abortable_works ... ok
2026-03-17T15:39:30.9500288Z 
2026-03-17T15:39:30.9501171Z test result: ok. 3 passed; 0 failed; 0 ignored; 0 measured; 0 filtered out; finished in 0.00s
2026-03-17T15:39:30.9501873Z 
2026-03-17T15:39:30.9503782Z [1m[92m     Running[0m tests/future_basic_combinators.rs (target/debug/deps/future_basic_combinators-07578c05ea80462c)
2026-03-17T15:39:30.9515339Z 
2026-03-17T15:39:30.9515517Z running 2 tests
2026-03-17T15:39:30.9521039Z test basic_future_combinators ... ok
2026-03-17T15:39:30.9524598Z test basic_try_future_combinators ... ok
2026-03-17T15:39:30.9525062Z 
2026-03-17T15:39:30.9525569Z test result: ok. 2 passed; 0 failed; 0 ignored; 0 measured; 0 filtered out; finished in 0.00s
2026-03-17T15:39:30.9526249Z 
2026-03-17T15:39:30.9526960Z [1m[92m     Running[0m tests/future_fuse.rs (target/debug/deps/future_fuse-1b22483ed3778c5d)
2026-03-17T15:39:30.9538206Z 
2026-03-17T15:39:30.9538406Z running 1 test
2026-03-17T15:39:30.9540745Z test fuse ... ok
2026-03-17T15:39:30.9542255Z 
2026-03-17T15:39:30.9542666Z test result: ok. 1 passed; 0 failed; 0 ignored; 0 measured; 0 filtered out; finished in 0.00s
2026-03-17T15:39:30.9543286Z 
2026-03-17T15:39:30.9543943Z [1m[92m     Running[0m tests/future_inspect.rs (target/debug/deps/future_inspect-b2ac1769b0be26a1)
2026-03-17T15:39:30.9554152Z 
2026-03-17T15:39:30.9554295Z running 1 test
2026-03-17T15:39:30.9556747Z test smoke ... ok
2026-03-17T15:39:30.9556960Z 
2026-03-17T15:39:30.9557533Z test result: ok. 1 passed; 0 failed; 0 ignored; 0 measured; 0 filtered out; finished in 0.00s
2026-03-17T15:39:30.9558173Z 
2026-03-17T15:39:30.9559549Z [1m[92m     Running[0m tests/future_join.rs (target/debug/deps/future_join-1b72fb620f68f3bc)
2026-03-17T15:39:30.9569863Z 
2026-03-17T15:39:30.9570029Z running 1 test
2026-03-17T15:39:30.9572366Z test futures_join_macro_self_referential ... ok
2026-03-17T15:39:30.9572740Z 
2026-03-17T15:39:30.9573023Z test result: ok. 1 passed; 0 failed; 0 ignored; 0 measured; 0 filtered out; finished in 0.00s
2026-03-17T15:39:30.9573663Z 
2026-03-17T15:39:30.9575642Z [1m[92m     Running[0m tests/future_join_all.rs (target/debug/deps/future_join_all-8366aa7565d21203)
2026-03-17T15:39:30.9584505Z 
2026-03-17T15:39:30.9584663Z running 3 tests
2026-03-17T15:39:30.9587953Z test collect_collects ... ok
2026-03-17T15:39:30.9590070Z test join_all_from_iter ... ok
2026-03-17T15:39:30.9590485Z test join_all_iter_lifetime ... ok
2026-03-17T15:39:30.9590768Z 
2026-03-17T15:39:30.9591160Z test result: ok. 3 passed; 0 failed; 0 ignored; 0 measured; 0 filtered out; finished in 0.00s
2026-03-17T15:39:30.9591730Z 
2026-03-17T15:39:30.9592323Z [1m[92m     Running[0m tests/future_obj.rs (target/debug/deps/future_obj-e34d3cfa3e358e24)
2026-03-17T15:39:30.9600657Z 
2026-03-17T15:39:30.9600816Z running 2 tests
2026-03-17T15:39:30.9603549Z test dropping_does_not_segfault ... ok
2026-03-17T15:39:30.9604064Z test dropping_drops_the_future ... ok
2026-03-17T15:39:30.9604416Z 
2026-03-17T15:39:30.9604836Z test result: ok. 2 passed; 0 failed; 0 ignored; 0 measured; 0 filtered out; finished in 0.00s
2026-03-17T15:39:30.9605790Z 
2026-03-17T15:39:30.9606546Z [1m[92m     Running[0m tests/future_select_all.rs (target/debug/deps/future_select_all-514fc6fa4f9c2159)
2026-03-17T15:39:30.9615590Z 
2026-03-17T15:39:30.9615751Z running 1 test
2026-03-17T15:39:30.9618455Z test smoke ... ok
2026-03-17T15:39:30.9618681Z 
2026-03-17T15:39:30.9619096Z test result: ok. 1 passed; 0 failed; 0 ignored; 0 measured; 0 filtered out; finished in 0.00s
2026-03-17T15:39:30.9619725Z 
2026-03-17T15:39:30.9621077Z [1m[92m     Running[0m tests/future_select_ok.rs (target/debug/deps/future_select_ok-f0b6480e55a3cd4b)
2026-03-17T15:39:30.9630940Z 
2026-03-17T15:39:30.9631075Z running 2 tests
2026-03-17T15:39:30.9633784Z test ignore_err ... ok
2026-03-17T15:39:30.9634136Z test last_err ... ok
2026-03-17T15:39:30.9634342Z 
2026-03-17T15:39:30.9634733Z test result: ok. 2 passed; 0 failed; 0 ignored; 0 measured; 0 filtered out; finished in 0.00s
2026-03-17T15:39:30.9635268Z 
2026-03-17T15:39:30.9636417Z [1m[92m     Running[0m tests/future_shared.rs (target/debug/deps/future_shared-ac1a13be7568a42e)
2026-03-17T15:39:30.9646118Z 
2026-03-17T15:39:30.9646256Z running 13 tests
2026-03-17T15:39:30.9650259Z test dont_clone_in_single_owner_shared_future ... ok
2026-03-17T15:39:30.9650876Z test dont_do_unnecessary_clones_on_output ... ok
2026-03-17T15:39:30.9651578Z test downgrade ... ok
2026-03-17T15:39:30.9652217Z test drop_in_poll ... ok
2026-03-17T15:39:30.9658573Z test drop_on_one_task_ok ... ok
2026-03-17T15:39:30.9660932Z test one_thread ... ok
2026-03-17T15:39:30.9663155Z test peek ... ok
2026-03-17T15:39:30.9666492Z test ptr_eq ... ok
2026-03-17T15:39:30.9670330Z test shared_future_that_wakes_itself_until_pending_is_returned ... ok
2026-03-17T15:39:30.9676713Z test two_threads ... ok
2026-03-17T15:39:30.9837641Z test panic_while_poll - should panic ... ok
2026-03-17T15:39:30.9838587Z test poll_while_panic - should panic ... ok
2026-03-17T15:39:31.0475824Z test many_threads ... ok
2026-03-17T15:39:31.0476158Z 
2026-03-17T15:39:31.0476568Z test result: ok. 13 passed; 0 failed; 0 ignored; 0 measured; 0 filtered out; finished in 0.08s
2026-03-17T15:39:31.0476931Z 
2026-03-17T15:39:31.0489696Z [1m[92m     Running[0m tests/future_try_flatten_stream.rs (target/debug/deps/future_try_flatten_stream-e8aeb1ca3c8148b5)
2026-03-17T15:39:31.0501590Z 
2026-03-17T15:39:31.0501733Z running 3 tests
2026-03-17T15:39:31.0504921Z test assert_impls ... ok
2026-03-17T15:39:31.0505350Z test failed_future ... ok
2026-03-17T15:39:31.0505733Z test successful_future ... ok
2026-03-17T15:39:31.0505987Z 
2026-03-17T15:39:31.0506410Z test result: ok. 3 passed; 0 failed; 0 ignored; 0 measured; 0 filtered out; finished in 0.00s
2026-03-17T15:39:31.0506817Z 
2026-03-17T15:39:31.0508471Z [1m[92m     Running[0m tests/future_try_join_all.rs (target/debug/deps/future_try_join_all-831a0f2ceb2f5289)
2026-03-17T15:39:31.0517601Z 
2026-03-17T15:39:31.0517736Z running 3 tests
2026-03-17T15:39:31.0521508Z test collect_collects ... ok
2026-03-17T15:39:31.0521839Z test try_join_all_iter_lifetime ... ok
2026-03-17T15:39:31.0522102Z test try_join_all_from_iter ... ok
2026-03-17T15:39:31.0522269Z 
2026-03-17T15:39:31.0522510Z test result: ok. 3 passed; 0 failed; 0 ignored; 0 measured; 0 filtered out; finished in 0.00s
2026-03-17T15:39:31.0522884Z 
2026-03-17T15:39:31.0524600Z [1m[92m     Running[0m tests/io_buf_reader.rs (target/debug/deps/io_buf_reader-9889b4d3435091c1)
2026-03-17T15:39:31.0533871Z 
2026-03-17T15:39:31.0534008Z running 10 tests
2026-03-17T15:39:31.0537944Z test maybe_pending ... ok
2026-03-17T15:39:31.0539219Z test maybe_pending_buf_read ... ok
2026-03-17T15:39:31.0539865Z test test_buffered_reader ... ok
2026-03-17T15:39:31.0540913Z test test_buffered_reader_invalidated_after_read ... ok
2026-03-17T15:39:31.0541421Z test maybe_pending_seek ... ok
2026-03-17T15:39:31.0541915Z test test_buffered_reader_invalidated_after_seek ... ok
2026-03-17T15:39:31.0542411Z test test_buffered_reader_seek ... ok
2026-03-17T15:39:31.0543039Z test test_buffered_reader_seek_relative ... ok
2026-03-17T15:39:31.0543587Z test test_buffered_reader_seek_underflow ... ok
2026-03-17T15:39:31.0544019Z test test_short_reads ... ok
2026-03-17T15:39:31.0544280Z 
2026-03-17T15:39:31.0544639Z test result: ok. 10 passed; 0 failed; 0 ignored; 0 measured; 0 filtered out; finished in 0.00s
2026-03-17T15:39:31.0545154Z 
2026-03-17T15:39:31.0546048Z [1m[92m     Running[0m tests/io_buf_writer.rs (target/debug/deps/io_buf_writer-bbefb628886e7e3a)
2026-03-17T15:39:31.0556509Z 
2026-03-17T15:39:31.0556632Z running 6 tests
2026-03-17T15:39:31.0559891Z test buf_writer ... ok
2026-03-17T15:39:31.0562471Z test buf_writer_inner_flushes ... ok
2026-03-17T15:39:31.0562866Z test maybe_pending_buf_writer_inner_flushes ... ok
2026-03-17T15:39:31.0563193Z test maybe_pending_buf_writer ... ok
2026-03-17T15:39:31.0563445Z test buf_writer_seek ... ok
2026-03-17T15:39:31.0563683Z test maybe_pending_buf_writer_seek ... ok
2026-03-17T15:39:31.0563880Z 
2026-03-17T15:39:31.0564157Z test result: ok. 6 passed; 0 failed; 0 ignored; 0 measured; 0 filtered out; finished in 0.00s
2026-03-17T15:39:31.0564495Z 
2026-03-17T15:39:31.0566103Z [1m[92m     Running[0m tests/io_cursor.rs (target/debug/deps/io_cursor-6e01666d2e2e029f)
2026-03-17T15:39:31.0575250Z 
2026-03-17T15:39:31.0575394Z running 2 tests
2026-03-17T15:39:31.0578255Z test cursor_asyncwrite_box ... ok
2026-03-17T15:39:31.0578703Z test cursor_asyncwrite_vec ... ok
2026-03-17T15:39:31.0578989Z 
2026-03-17T15:39:31.0579403Z test result: ok. 2 passed; 0 failed; 0 ignored; 0 measured; 0 filtered out; finished in 0.00s
2026-03-17T15:39:31.0579990Z 
2026-03-17T15:39:31.0581165Z [1m[92m     Running[0m tests/io_line_writer.rs (target/debug/deps/io_line_writer-29342bb6256af1c7)
2026-03-17T15:39:31.0590510Z 
2026-03-17T15:39:31.0590650Z running 2 tests
2026-03-17T15:39:31.0593568Z test line_vectored ... ok
2026-03-17T15:39:31.0593941Z test line_writer ... ok
2026-03-17T15:39:31.0594164Z 
2026-03-17T15:39:31.0594592Z test result: ok. 2 passed; 0 failed; 0 ignored; 0 measured; 0 filtered out; finished in 0.00s
2026-03-17T15:39:31.0595003Z 
2026-03-17T15:39:31.0596268Z [1m[92m     Running[0m tests/io_lines.rs (target/debug/deps/io_lines-2944dbfc33ca6adf)
2026-03-17T15:39:31.0605813Z 
2026-03-17T15:39:31.0605958Z running 3 tests
2026-03-17T15:39:31.0610306Z test issue2862 ... ok
2026-03-17T15:39:31.0610689Z test lines ... ok
2026-03-17T15:39:31.0611013Z test maybe_pending ... ok
2026-03-17T15:39:31.0611253Z 
2026-03-17T15:39:31.0611637Z test result: ok. 3 passed; 0 failed; 0 ignored; 0 measured; 0 filtered out; finished in 0.00s
2026-03-17T15:39:31.0612146Z 
2026-03-17T15:39:31.0613660Z [1m[92m     Running[0m tests/io_read.rs (target/debug/deps/io_read-05ac41d78df81b43)
2026-03-17T15:39:31.0623145Z 
2026-03-17T15:39:31.0623313Z running 2 tests
2026-03-17T15:39:31.0625895Z test read_vectored_first_non_empty ... ok
2026-03-17T15:39:31.0626399Z test read_vectored_no_buffers ... ok
2026-03-17T15:39:31.0627078Z 
2026-03-17T15:39:31.0627630Z test result: ok. 2 passed; 0 failed; 0 ignored; 0 measured; 0 filtered out; finished in 0.00s
2026-03-17T15:39:31.0628235Z 
2026-03-17T15:39:31.0629016Z [1m[92m     Running[0m tests/io_read_exact.rs (target/debug/deps/io_read_exact-8bcef1a0396ce26a)
2026-03-17T15:39:31.0638208Z 
2026-03-17T15:39:31.0638453Z running 1 test
2026-03-17T15:39:31.0640879Z test read_exact ... ok
2026-03-17T15:39:31.0641112Z 
2026-03-17T15:39:31.0641520Z test result: ok. 1 passed; 0 failed; 0 ignored; 0 measured; 0 filtered out; finished in 0.00s
2026-03-17T15:39:31.0642084Z 
2026-03-17T15:39:31.0643062Z [1m[92m     Running[0m tests/io_read_line.rs (target/debug/deps/io_read_line-b17cfec2872a45ac)
2026-03-17T15:39:31.0653132Z 
2026-03-17T15:39:31.0653469Z running 5 tests
2026-03-17T15:39:31.0657095Z test read_line_drop ... ok
2026-03-17T15:39:31.0657920Z test read_line ... ok
2026-03-17T15:39:31.0658311Z test maybe_pending ... ok
2026-03-17T15:39:31.0658708Z test read_line_io_error ... ok
2026-03-17T15:39:31.0659201Z test read_line_utf8_error ... ok
2026-03-17T15:39:31.0659832Z 
2026-03-17T15:39:31.0660249Z test result: ok. 5 passed; 0 failed; 0 ignored; 0 measured; 0 filtered out; finished in 0.00s
2026-03-17T15:39:31.0660844Z 
2026-03-17T15:39:31.0662064Z [1m[92m     Running[0m tests/io_read_to_end.rs (target/debug/deps/io_read_to_end-45dcc1b2af2fd8c6)
2026-03-17T15:39:31.0671691Z 
2026-03-17T15:39:31.0671862Z running 1 test
2026-03-17T15:39:31.0811266Z test issue2310 - should panic ... ok
2026-03-17T15:39:31.0811632Z 
2026-03-17T15:39:31.0812097Z test result: ok. 1 passed; 0 failed; 0 ignored; 0 measured; 0 filtered out; finished in 0.01s
2026-03-17T15:39:31.0812833Z 
2026-03-17T15:39:31.0820424Z [1m[92m     Running[0m tests/io_read_to_string.rs (target/debug/deps/io_read_to_string-de452e9177450881)
2026-03-17T15:39:31.0830111Z 
2026-03-17T15:39:31.0830264Z running 2 tests
2026-03-17T15:39:31.0832997Z test interleave_pending ... ok
2026-03-17T15:39:31.0833413Z test read_to_string ... ok
2026-03-17T15:39:31.0833664Z 
2026-03-17T15:39:31.0834075Z test result: ok. 2 passed; 0 failed; 0 ignored; 0 measured; 0 filtered out; finished in 0.00s
2026-03-17T15:39:31.0834681Z 
2026-03-17T15:39:31.0835510Z [1m[92m     Running[0m tests/io_read_until.rs (target/debug/deps/io_read_until-b5a3304be2ec6d22)
2026-03-17T15:39:31.0844688Z 
2026-03-17T15:39:31.0844841Z running 2 tests
2026-03-17T15:39:31.0848118Z test maybe_pending ... ok
2026-03-17T15:39:31.0848601Z test read_until ... ok
2026-03-17T15:39:31.0848815Z 
2026-03-17T15:39:31.0850833Z [1m[92m     Running[0m tests/io_window.rs (target/debug/deps/io_window-016891df15c8a604)
2026-03-17T15:39:31.0851674Z test result: ok. 2 passed; 0 failed; 0 ignored; 0 measured; 0 filtered out; finished in 0.00s
2026-03-17T15:39:31.0852019Z 
2026-03-17T15:39:31.0859665Z 
2026-03-17T15:39:31.0859811Z running 3 tests
2026-03-17T15:39:31.0862542Z test set ... ok
2026-03-17T15:39:31.0984657Z test set_panic_out_of_bounds - should panic ... ok
2026-03-17T15:39:31.0986347Z test set_panic_start_is_greater_than_end - should panic ... ok
2026-03-17T15:39:31.0986821Z 
2026-03-17T15:39:31.0987215Z test result: ok. 3 passed; 0 failed; 0 ignored; 0 measured; 0 filtered out; finished in 0.01s
2026-03-17T15:39:31.0987826Z 
2026-03-17T15:39:31.0993776Z [1m[92m     Running[0m tests/io_write.rs (target/debug/deps/io_write-25abce86bceb9fb1)
2026-03-17T15:39:31.1002790Z 
2026-03-17T15:39:31.1002935Z running 2 tests
2026-03-17T15:39:31.1005514Z test write_vectored_first_non_empty ... ok
2026-03-17T15:39:31.1005843Z test write_vectored_no_buffers ... ok
2026-03-17T15:39:31.1006033Z 
2026-03-17T15:39:31.1006274Z test result: ok. 2 passed; 0 failed; 0 ignored; 0 measured; 0 filtered out; finished in 0.00s
2026-03-17T15:39:31.1006637Z 
2026-03-17T15:39:31.1008503Z [1m[92m     Running[0m tests/lock_mutex.rs (target/debug/deps/lock_mutex-f644dc9208f99a47)
2026-03-17T15:39:31.1017151Z 
2026-03-17T15:39:31.1017273Z running 3 tests
2026-03-17T15:39:31.1020587Z test mutex_acquire_uncontested ... ok
2026-03-17T15:39:31.1021708Z test mutex_wakes_waiters ... ok
2026-03-17T15:39:31.6120102Z test mutex_contested ... ok
2026-03-17T15:39:31.6120508Z 
2026-03-17T15:39:31.6121095Z test result: ok. 3 passed; 0 failed; 0 ignored; 0 measured; 0 filtered out; finished in 0.51s
2026-03-17T15:39:31.6121872Z 
2026-03-17T15:39:31.6127186Z [1m[92m     Running[0m tests/macro_comma_support.rs (target/debug/deps/macro_comma_support-bb6f7581d9854e1a)
2026-03-17T15:39:31.6138437Z 
2026-03-17T15:39:31.6138706Z running 4 tests
2026-03-17T15:39:31.6141739Z test join ... ok
2026-03-17T15:39:31.6142100Z test poll ... ok
2026-03-17T15:39:31.6142447Z test ready ... ok
2026-03-17T15:39:31.6142672Z test try_join ... ok
2026-03-17T15:39:31.6142820Z 
2026-03-17T15:39:31.6143104Z test result: ok. 4 passed; 0 failed; 0 ignored; 0 measured; 0 filtered out; finished in 0.00s
2026-03-17T15:39:31.6143522Z 
2026-03-17T15:39:31.6145559Z [1m[92m     Running[0m tests/object_safety.rs (target/debug/deps/object_safety-cc71a346ef4b33ec)
2026-03-17T15:39:31.6154437Z 
2026-03-17T15:39:31.6154577Z running 5 tests
2026-03-17T15:39:31.6158367Z test future ... ok
2026-03-17T15:39:31.6158786Z test io ... ok
2026-03-17T15:39:31.6159130Z test sink ... ok
2026-03-17T15:39:31.6159491Z test task ... ok
2026-03-17T15:39:31.6159923Z test stream ... ok
2026-03-17T15:39:31.6160175Z 
2026-03-17T15:39:31.6160549Z test result: ok. 5 passed; 0 failed; 0 ignored; 0 measured; 0 filtered out; finished in 0.00s
2026-03-17T15:39:31.6161110Z 
2026-03-17T15:39:31.6162168Z [1m[92m     Running[0m tests/oneshot.rs (target/debug/deps/oneshot-dca31c464e792b17)
2026-03-17T15:39:31.6171915Z 
2026-03-17T15:39:31.6172045Z running 7 tests
2026-03-17T15:39:31.6176564Z test oneshot_debug ... ok
2026-03-17T15:39:31.6176972Z test oneshot_drop_rx ... ok
2026-03-17T15:39:31.6177551Z test oneshot_drop_tx1 ... ok
2026-03-17T15:39:31.6182680Z test oneshot_drop_tx2 ... ok
2026-03-17T15:39:31.6184477Z test oneshot_send3 ... ok
2026-03-17T15:39:31.6184874Z test oneshot_send1 ... ok
2026-03-17T15:39:31.6185250Z test oneshot_send2 ... ok
2026-03-17T15:39:31.6185485Z 
2026-03-17T15:39:31.6185884Z test result: ok. 7 passed; 0 failed; 0 ignored; 0 measured; 0 filtered out; finished in 0.00s
2026-03-17T15:39:31.6186484Z 
2026-03-17T15:39:31.6189153Z [1m[92m     Running[0m tests/ready_queue.rs (target/debug/deps/ready_queue-46662ecc99ff122c)
2026-03-17T15:39:31.6198146Z 
2026-03-17T15:39:31.6198295Z running 5 tests
2026-03-17T15:39:31.6202138Z test basic_usage ... ok
2026-03-17T15:39:31.6202818Z test dropping_ready_queue ... ok
2026-03-17T15:39:31.6203826Z test resolving_errors ... ok
2026-03-17T15:39:31.6429650Z test panicking_future_dropped ... ok
2026-03-17T15:39:32.0274188Z test stress ... ok
2026-03-17T15:39:32.0274448Z 
2026-03-17T15:39:32.0274856Z test result: ok. 5 passed; 0 failed; 0 ignored; 0 measured; 0 filtered out; finished in 0.41s
2026-03-17T15:39:32.0275253Z 
2026-03-17T15:39:32.0286490Z [1m[92m     Running[0m tests/recurse.rs (target/debug/deps/recurse-1ce0bc15c4506443)
2026-03-17T15:39:32.0298201Z 
2026-03-17T15:39:32.0298702Z running 1 test
2026-03-17T15:39:32.0307705Z test lots ... ok
2026-03-17T15:39:32.0307911Z 
2026-03-17T15:39:32.0308356Z test result: ok. 1 passed; 0 failed; 0 ignored; 0 measured; 0 filtered out; finished in 0.00s
2026-03-17T15:39:32.0308747Z 
2026-03-17T15:39:32.0310726Z [1m[92m     Running[0m tests/sink.rs (target/debug/deps/sink-becaf3347936b19a)
2026-03-17T15:39:32.0321520Z 
2026-03-17T15:39:32.0321697Z running 19 tests
2026-03-17T15:39:32.0325029Z test buffer_noop ... ok
2026-03-17T15:39:32.0325484Z test buffer ... ok
2026-03-17T15:39:32.0325996Z test either_sink ... ok
2026-03-17T15:39:32.0326348Z test err_into ... ok
2026-03-17T15:39:32.0328063Z test fanout_smoke ... ok
2026-03-17T15:39:32.0328464Z test mpsc_blocking_start_send ... ok
2026-03-17T15:39:32.0330178Z test send ... ok
2026-03-17T15:39:32.0330505Z test send_all ... ok
2026-03-17T15:39:32.0330844Z test sink_map_err ... ok
2026-03-17T15:39:32.0332459Z test vec_sink ... ok
2026-03-17T15:39:32.0333186Z test vecdeque_sink ... ok
2026-03-17T15:39:32.0334069Z test with_as_map ... ok
2026-03-17T15:39:32.0334822Z test with_flat_map ... ok
2026-03-17T15:39:32.0336160Z test with_flush_propagate ... ok
2026-03-17T15:39:32.0338231Z test with_implements_clone ... ok
2026-03-17T15:39:32.0339717Z test with_propagates_poll_ready ... ok
2026-03-17T15:39:32.0340714Z test with_flush ... ok
2026-03-17T15:39:32.0457237Z test fanout_backpressure ... FAILED
2026-03-17T15:39:32.0468998Z test sink_unfold ... FAILED
2026-03-17T15:39:32.0469277Z 
2026-03-17T15:39:32.0469391Z failures:
2026-03-17T15:39:32.0469593Z 
2026-03-17T15:39:32.0469754Z ---- fanout_backpressure stdout ----
2026-03-17T15:39:32.0470050Z 
2026-03-17T15:39:32.0470393Z thread 'fanout_backpressure' (54058) panicked at futures/tests/sink.rs:473:9:
2026-03-17T15:39:32.0471106Z assertion failed: task.poll_unpin(cx).is_pending()
2026-03-17T15:39:32.0471574Z stack backtrace:
2026-03-17T15:39:32.0476110Z    0: __rustc::rust_begin_unwind
2026-03-17T15:39:32.0476851Z              at /rustc/3645249d79dfb136b5d8de3ce153d19d6698d92d/library/std/src/panicking.rs:689:5
2026-03-17T15:39:32.0477529Z    1: core::panicking::panic_fmt
2026-03-17T15:39:32.0477959Z              at /rustc/3645249d79dfb136b5d8de3ce153d19d6698d92d/library/core/src/panicking.rs:80:14
2026-03-17T15:39:32.0478675Z    2: core::panicking::panic
2026-03-17T15:39:32.0479305Z              at /rustc/3645249d79dfb136b5d8de3ce153d19d6698d92d/library/core/src/panicking.rs:150:5
2026-03-17T15:39:32.0480017Z    3: sink::fanout_backpressure::{closure#0}
2026-03-17T15:39:32.0480407Z              at ./tests/sink.rs:473:9
2026-03-17T15:39:32.0480864Z    4: sink::flag_cx::<sink::fanout_backpressure::{closure#0}, ()>
2026-03-17T15:39:32.0481346Z              at ./tests/sink.rs:69:5
2026-03-17T15:39:32.0481730Z    5: sink::fanout_backpressure
2026-03-17T15:39:32.0482075Z              at ./tests/sink.rs:463:5
2026-03-17T15:39:32.0482475Z    6: sink::fanout_backpressure::{closure#0}
2026-03-17T15:39:32.0482878Z              at ./tests/sink.rs:456:25
2026-03-17T15:39:32.0483575Z    7: <sink::fanout_backpressure::{closure#0} as core::ops::function::FnOnce<()>>::call_once
2026-03-17T15:39:32.0484516Z              at /rustc/3645249d79dfb136b5d8de3ce153d19d6698d92d/library/core/src/ops/function.rs:250:5
2026-03-17T15:39:32.0485538Z    8: <fn() -> core::result::Result<(), alloc::string::String> as core::ops::function::FnOnce<()>>::call_once
2026-03-17T15:39:32.0486545Z              at /rustc/3645249d79dfb136b5d8de3ce153d19d6698d92d/library/core/src/ops/function.rs:250:5
2026-03-17T15:39:32.0487680Z note: Some details are omitted, run with `RUST_BACKTRACE=full` for a verbose backtrace.
2026-03-17T15:39:32.0488208Z 
2026-03-17T15:39:32.0488333Z ---- sink_unfold stdout ----
2026-03-17T15:39:32.0488571Z 
2026-03-17T15:39:32.0488863Z thread 'sink_unfold' (54064) panicked at futures/tests/sink.rs:525:9:
2026-03-17T15:39:32.0489449Z assertion `left == right` failed
2026-03-17T15:39:32.0489820Z   left: Ready(Ok(()))
2026-03-17T15:39:32.0490122Z  right: Pending
2026-03-17T15:39:32.0490404Z stack backtrace:
2026-03-17T15:39:32.0490722Z    0: __rustc::rust_begin_unwind
2026-03-17T15:39:32.0491363Z              at /rustc/3645249d79dfb136b5d8de3ce153d19d6698d92d/library/std/src/panicking.rs:689:5
2026-03-17T15:39:32.0492046Z    1: core::panicking::panic_fmt
2026-03-17T15:39:32.0492693Z              at /rustc/3645249d79dfb136b5d8de3ce153d19d6698d92d/library/core/src/panicking.rs:80:14
2026-03-17T15:39:32.0493445Z    2: core::panicking::assert_failed_inner
2026-03-17T15:39:32.0494115Z              at /rustc/3645249d79dfb136b5d8de3ce153d19d6698d92d/library/core/src/panicking.rs:439:17
2026-03-17T15:39:32.0495537Z    3: core::panicking::assert_failed::<core::task::poll::Poll<core::result::Result<(), alloc::string::String>>, core::task::poll::Poll<core::result::Result<(), alloc::string::String>>>
2026-03-17T15:39:32.0496975Z              at /rustc/3645249d79dfb136b5d8de3ce153d19d6698d92d/library/core/src/panicking.rs:394:5
2026-03-17T15:39:32.0498346Z    4: sink::sink_unfold::{closure#0}
2026-03-17T15:39:32.0498731Z              at ./tests/sink.rs:525:9
2026-03-17T15:39:32.0499436Z    5: <futures_util::future::poll_fn::PollFn<sink::sink_unfold::{closure#0}> as core::future::future::Future>::poll
2026-03-17T15:39:32.0500498Z              at /home/runner/work/futures-rs/futures-rs/futures-util/src/future/poll_fn.rs:56:9
2026-03-17T15:39:32.0501694Z    6: futures_executor::local_pool::block_on::<futures_util::future::poll_fn::PollFn<sink::sink_unfold::{closure#0}>>::{closure#0}
2026-03-17T15:39:32.0502900Z              at /home/runner/work/futures-rs/futures-rs/futures-executor/src/local_pool.rs:316:34
2026-03-17T15:39:32.0504467Z    7: futures_executor::local_pool::run_executor::<(), futures_executor::local_pool::block_on<futures_util::future::poll_fn::PollFn<sink::sink_unfold::{closure#0}>>::{closure#0}>::{closure#0}
2026-03-17T15:39:32.0505991Z              at /home/runner/work/futures-rs/futures-rs/futures-executor/src/local_pool.rs:90:37
2026-03-17T15:39:32.0508550Z    8: <std::thread::local::LocalKey<alloc::sync::Arc<futures_executor::local_pool::ThreadNotify>>>::try_with::<futures_executor::local_pool::run_executor<(), futures_executor::local_pool::block_on<futures_util::future::poll_fn::PollFn<sink::sink_unfold::{closure#0}>>::{closure#0}>::{closure#0}, ()>
2026-03-17T15:39:32.0510837Z              at /rustc/3645249d79dfb136b5d8de3ce153d19d6698d92d/library/std/src/thread/local.rs:513:12
2026-03-17T15:39:32.0513076Z    9: <std::thread::local::LocalKey<alloc::sync::Arc<futures_executor::local_pool::ThreadNotify>>>::with::<futures_executor::local_pool::run_executor<(), futures_executor::local_pool::block_on<futures_util::future::poll_fn::PollFn<sink::sink_unfold::{closure#0}>>::{closure#0}>::{closure#0}, ()>
2026-03-17T15:39:32.0515226Z              at /rustc/3645249d79dfb136b5d8de3ce153d19d6698d92d/library/std/src/thread/local.rs:477:20
2026-03-17T15:39:32.0516776Z   10: futures_executor::local_pool::run_executor::<(), futures_executor::local_pool::block_on<futures_util::future::poll_fn::PollFn<sink::sink_unfold::{closure#0}>>::{closure#0}>
2026-03-17T15:39:32.0518389Z              at /home/runner/work/futures-rs/futures-rs/futures-executor/src/local_pool.rs:86:27
2026-03-17T15:39:32.0519529Z   11: futures_executor::local_pool::block_on::<futures_util::future::poll_fn::PollFn<sink::sink_unfold::{closure#0}>>
2026-03-17T15:39:32.0520664Z              at /home/runner/work/futures-rs/futures-rs/futures-executor/src/local_pool.rs:316:5
2026-03-17T15:39:32.0521367Z   12: sink::sink_unfold
2026-03-17T15:39:32.0521713Z              at ./tests/sink.rs:503:5
2026-03-17T15:39:32.0522113Z   13: sink::sink_unfold::{closure#0}
2026-03-17T15:39:32.0522518Z              at ./tests/sink.rs:502:17
2026-03-17T15:39:32.0523111Z   14: <sink::sink_unfold::{closure#0} as core::ops::function::FnOnce<()>>::call_once
2026-03-17T15:39:32.0524064Z              at /rustc/3645249d79dfb136b5d8de3ce153d19d6698d92d/library/core/src/ops/function.rs:250:5
2026-03-17T15:39:32.0525140Z   15: <fn() -> core::result::Result<(), alloc::string::String> as core::ops::function::FnOnce<()>>::call_once
2026-03-17T15:39:32.0526193Z              at /rustc/3645249d79dfb136b5d8de3ce153d19d6698d92d/library/core/src/ops/function.rs:250:5
2026-03-17T15:39:32.0527188Z note: Some details are omitted, run with `RUST_BACKTRACE=full` for a verbose backtrace.
2026-03-17T15:39:32.0527913Z 
2026-03-17T15:39:32.0527918Z 
2026-03-17T15:39:32.0528033Z failures:
2026-03-17T15:39:32.0528304Z     fanout_backpressure
2026-03-17T15:39:32.0528620Z     sink_unfold
2026-03-17T15:39:32.0528789Z 
2026-03-17T15:39:32.0529209Z test result: FAILED. 17 passed; 2 failed; 0 ignored; 0 measured; 0 filtered out; finished in 0.01s
2026-03-17T15:39:32.0529807Z 
2026-03-17T15:39:32.0530323Z [1m[91merror[0m: test failed, to rerun pass `-p futures --test sink`
2026-03-17T15:39:32.0561653Z ##[error]Process completed with exit code 101.
2026-03-17T15:39:32.0635733Z Cleaning up orphan processes
