2026-05-11T19:14:57.2322677Z Current runner version: '2.334.0'
2026-05-11T19:14:57.2349300Z ##[group]Runner Image Provisioner
2026-05-11T19:14:57.2350049Z Hosted Compute Agent
2026-05-11T19:14:57.2350615Z Version: 20260422.526
2026-05-11T19:14:57.2351141Z Commit: e1a9e573f4d0838b3a7c1b07401aeb29ed3635a9
2026-05-11T19:14:57.2351818Z Build Date: 2026-04-22T09:31:31Z
2026-05-11T19:14:57.2352462Z Worker ID: {a1bfb53b-316b-45b3-9fa4-000730d5556d}
2026-05-11T19:14:57.2353069Z Azure Region: centralus
2026-05-11T19:14:57.2353584Z ##[endgroup]
2026-05-11T19:14:57.2354764Z ##[group]Operating System
2026-05-11T19:14:57.2355370Z Microsoft Windows Server 2025
2026-05-11T19:14:57.2355865Z 10.0.26100
2026-05-11T19:14:57.2356296Z Datacenter
2026-05-11T19:14:57.2356704Z ##[endgroup]
2026-05-11T19:14:57.2357160Z ##[group]Runner Image
2026-05-11T19:14:57.2357656Z Image: windows-2025
2026-05-11T19:14:57.2358155Z Version: 20260428.110.2
2026-05-11T19:14:57.2359514Z Included Software: https://github.com/actions/runner-images/blob/win25/20260428.110/images/windows/Windows2025-Readme.md
2026-05-11T19:14:57.2360910Z Image Release: https://github.com/actions/runner-images/releases/tag/win25%2F20260428.110
2026-05-11T19:14:57.2361764Z ##[endgroup]
2026-05-11T19:14:57.2364944Z ##[group]GITHUB_TOKEN Permissions
2026-05-11T19:14:57.2367269Z Actions: write
2026-05-11T19:14:57.2367722Z ArtifactMetadata: write
2026-05-11T19:14:57.2368273Z Attestations: write
2026-05-11T19:14:57.2368706Z Checks: write
2026-05-11T19:14:57.2369142Z CodeQuality: write
2026-05-11T19:14:57.2369594Z Contents: write
2026-05-11T19:14:57.2370052Z Deployments: write
2026-05-11T19:14:57.2370491Z Discussions: write
2026-05-11T19:14:57.2370977Z Issues: write
2026-05-11T19:14:57.2371427Z Metadata: read
2026-05-11T19:14:57.2371839Z Models: read
2026-05-11T19:14:57.2372608Z Packages: write
2026-05-11T19:14:57.2373110Z Pages: write
2026-05-11T19:14:57.2373578Z PullRequests: write
2026-05-11T19:14:57.2374035Z RepositoryProjects: write
2026-05-11T19:14:57.2374601Z SecurityEvents: write
2026-05-11T19:14:57.2375103Z Statuses: write
2026-05-11T19:14:57.2375541Z VulnerabilityAlerts: read
2026-05-11T19:14:57.2376078Z ##[endgroup]
2026-05-11T19:14:57.2378353Z Secret source: Actions
2026-05-11T19:14:57.2379036Z Prepare workflow directory
2026-05-11T19:14:57.2750916Z Prepare all required actions
2026-05-11T19:14:57.2790508Z Getting action download info
2026-05-11T19:14:57.5890844Z Download action repository 'actions/checkout@v6' (SHA:de0fac2e4500dabe0009e67214ff5f5447ce83dd)
2026-05-11T19:14:57.7212659Z Download action repository 'actions/upload-artifact@v7' (SHA:043fb46d1a93c77aae656e7c1c64a875d1fc6a0a)
2026-05-11T19:14:57.9355865Z Complete job name: meson on windows-latest (default debug, default)
2026-05-11T19:14:58.0702029Z ##[group]Run pipx install meson ninja
2026-05-11T19:14:58.0703106Z [36;1mpipx install meson ninja[0m
2026-05-11T19:14:58.1363055Z shell: C:\Program Files\PowerShell\7\pwsh.EXE -command ". '{0}'"
2026-05-11T19:14:58.1363996Z ##[endgroup]
2026-05-11T19:15:04.2201692Z Found a space in the pipx home path. We heavily discourage this, due to
2026-05-11T19:15:04.2202921Z     multiple incompatibilities. Please check our docs for more information on
2026-05-11T19:15:04.2203914Z     this, as well as some pointers on how to migrate to a different home path.
2026-05-11T19:15:04.2204809Z To see your PIPX_HOME dir: pipx environment --value PIPX_HOME
2026-05-11T19:15:04.2205741Z Most likely fix on macOS: mv ~/Library/Application\ Support/pipx ~/.local/
2026-05-11T19:15:04.9207165Z creating virtual environment...
2026-05-11T19:15:05.1991461Z installing meson...
2026-05-11T19:15:10.2674740Z done! 
2026-05-11T19:15:10.2680689Z creating virtual environment...
2026-05-11T19:15:10.4541216Z installing ninja...
2026-05-11T19:15:12.5746056Z Note: ninja.exe was already on your PATH at
2026-05-11T19:15:12.5746789Z     C:\ProgramData\Chocolatey\bin\ninja.exe
2026-05-11T19:15:12.5799659Z done! 
2026-05-11T19:15:12.5802367Z   installed package meson 1.11.1, installed using Python 3.12.10
2026-05-11T19:15:12.5804994Z   These apps are now available
2026-05-11T19:15:12.5805307Z     - meson.exe
2026-05-11T19:15:12.5805593Z   These manual pages are now available
2026-05-11T19:15:12.5805906Z     - man1\meson.1
2026-05-11T19:15:12.5806204Z   installed package ninja 1.13.0, installed using Python 3.12.10
2026-05-11T19:15:12.5806586Z   These apps are now available
2026-05-11T19:15:12.5806844Z     - ninja.exe
2026-05-11T19:15:13.1956909Z ##[group]Run actions/checkout@v6
2026-05-11T19:15:13.1957282Z with:
2026-05-11T19:15:13.1957525Z   repository: quickjs-ng/quickjs
2026-05-11T19:15:13.1957976Z   token: ***
2026-05-11T19:15:13.1958179Z   ssh-strict: true
2026-05-11T19:15:13.1958375Z   ssh-user: git
2026-05-11T19:15:13.1958587Z   persist-credentials: true
2026-05-11T19:15:13.1958829Z   clean: true
2026-05-11T19:15:13.1959069Z   sparse-checkout-cone-mode: true
2026-05-11T19:15:13.1959347Z   fetch-depth: 1
2026-05-11T19:15:13.1959550Z   fetch-tags: false
2026-05-11T19:15:13.1959782Z   show-progress: true
2026-05-11T19:15:13.1959986Z   lfs: false
2026-05-11T19:15:13.1960178Z   submodules: false
2026-05-11T19:15:13.1960388Z   set-safe-directory: true
2026-05-11T19:15:13.1960648Z ##[endgroup]
2026-05-11T19:15:13.3257863Z Syncing repository: quickjs-ng/quickjs
2026-05-11T19:15:13.3259156Z ##[group]Getting Git version info
2026-05-11T19:15:13.3259479Z Working directory is 'D:\a\quickjs\quickjs'
2026-05-11T19:15:13.3828780Z [command]"C:\Program Files\Git\bin\git.exe" version
2026-05-11T19:15:13.7046821Z git version 2.54.0.windows.1
2026-05-11T19:15:13.7100111Z ##[endgroup]
2026-05-11T19:15:13.7119108Z Temporarily overriding HOME='D:\a\_temp\74a3538d-925e-4bff-a30e-4df6356b43b0' before making global git config changes
2026-05-11T19:15:13.7120117Z Adding repository directory to the temporary git global config as a safe directory
2026-05-11T19:15:13.7129472Z [command]"C:\Program Files\Git\bin\git.exe" config --global --add safe.directory D:\a\quickjs\quickjs
2026-05-11T19:15:13.7687354Z Deleting the contents of 'D:\a\quickjs\quickjs'
2026-05-11T19:15:13.7692597Z ##[group]Initializing the repository
2026-05-11T19:15:13.7701247Z [command]"C:\Program Files\Git\bin\git.exe" init D:\a\quickjs\quickjs
2026-05-11T19:15:13.8386291Z Initialized empty Git repository in D:/a/quickjs/quickjs/.git/
2026-05-11T19:15:13.8442353Z [command]"C:\Program Files\Git\bin\git.exe" remote add origin https://github.com/quickjs-ng/quickjs
2026-05-11T19:15:13.8972129Z ##[endgroup]
2026-05-11T19:15:13.8973106Z ##[group]Disabling automatic garbage collection
2026-05-11T19:15:13.8980826Z [command]"C:\Program Files\Git\bin\git.exe" config --local gc.auto 0
2026-05-11T19:15:13.9308166Z ##[endgroup]
2026-05-11T19:15:13.9308569Z ##[group]Setting up auth
2026-05-11T19:15:13.9310191Z Removing SSH command configuration
2026-05-11T19:15:13.9325824Z [command]"C:\Program Files\Git\bin\git.exe" config --local --name-only --get-regexp core\.sshCommand
2026-05-11T19:15:13.9643601Z [command]"C:\Program Files\Git\bin\git.exe" submodule foreach --recursive "sh -c \"git config --local --name-only --get-regexp 'core\.sshCommand' && git config --local --unset-all 'core.sshCommand' || :\""
2026-05-11T19:15:15.1812223Z Removing HTTP extra header
2026-05-11T19:15:15.1822840Z [command]"C:\Program Files\Git\bin\git.exe" config --local --name-only --get-regexp http\.https\:\/\/github\.com\/\.extraheader
2026-05-11T19:15:15.2114013Z [command]"C:\Program Files\Git\bin\git.exe" submodule foreach --recursive "sh -c \"git config --local --name-only --get-regexp 'http\.https\:\/\/github\.com\/\.extraheader' && git config --local --unset-all 'http.https://github.com/.extraheader' || :\""
2026-05-11T19:15:15.7202627Z Removing includeIf entries pointing to credentials config files
2026-05-11T19:15:15.7213882Z [command]"C:\Program Files\Git\bin\git.exe" config --local --name-only --get-regexp ^includeIf\.gitdir:
2026-05-11T19:15:15.7504877Z [command]"C:\Program Files\Git\bin\git.exe" submodule foreach --recursive "git config --local --show-origin --name-only --get-regexp remote.origin.url"
2026-05-11T19:15:16.2664763Z [command]"C:\Program Files\Git\bin\git.exe" config --file D:\a\_temp\git-credentials-9a32316e-bc5b-474b-9a9d-431ebab8dc55.config http.https://github.com/.extraheader "AUTHORIZATION: basic ***"
2026-05-11T19:15:16.2975206Z [command]"C:\Program Files\Git\bin\git.exe" config --local includeIf.gitdir:D:/a/quickjs/quickjs/.git.path D:\a\_temp\git-credentials-9a32316e-bc5b-474b-9a9d-431ebab8dc55.config
2026-05-11T19:15:16.3258914Z [command]"C:\Program Files\Git\bin\git.exe" config --local includeIf.gitdir:D:/a/quickjs/quickjs/.git/worktrees/*.path D:\a\_temp\git-credentials-9a32316e-bc5b-474b-9a9d-431ebab8dc55.config
2026-05-11T19:15:16.3582934Z [command]"C:\Program Files\Git\bin\git.exe" config --local includeIf.gitdir:/github/workspace/.git.path /github/runner_temp/git-credentials-9a32316e-bc5b-474b-9a9d-431ebab8dc55.config
2026-05-11T19:15:16.3872446Z [command]"C:\Program Files\Git\bin\git.exe" config --local includeIf.gitdir:/github/workspace/.git/worktrees/*.path /github/runner_temp/git-credentials-9a32316e-bc5b-474b-9a9d-431ebab8dc55.config
2026-05-11T19:15:16.4168809Z ##[endgroup]
2026-05-11T19:15:16.4169297Z ##[group]Fetching the repository
2026-05-11T19:15:16.4183081Z [command]"C:\Program Files\Git\bin\git.exe" -c protocol.version=2 fetch --no-tags --prune --no-recurse-submodules --depth=1 origin +da49a37041e78ba7148b24bf6500c4c18c8ecbb0:refs/remotes/origin/master
2026-05-11T19:15:17.4676251Z From https://github.com/quickjs-ng/quickjs
2026-05-11T19:15:17.4676931Z  * [new ref]         da49a37041e78ba7148b24bf6500c4c18c8ecbb0 -> origin/master
2026-05-11T19:15:17.5019194Z [command]"C:\Program Files\Git\bin\git.exe" branch --list --remote origin/master
2026-05-11T19:15:17.5330589Z   origin/master
2026-05-11T19:15:17.5377785Z [command]"C:\Program Files\Git\bin\git.exe" rev-parse refs/remotes/origin/master
2026-05-11T19:15:17.5670665Z da49a37041e78ba7148b24bf6500c4c18c8ecbb0
2026-05-11T19:15:17.5703241Z ##[endgroup]
2026-05-11T19:15:17.5703604Z ##[group]Determining the checkout info
2026-05-11T19:15:17.5704842Z ##[endgroup]
2026-05-11T19:15:17.5714614Z [command]"C:\Program Files\Git\bin\git.exe" sparse-checkout disable
2026-05-11T19:15:17.6053839Z [command]"C:\Program Files\Git\bin\git.exe" config --local --unset-all extensions.worktreeConfig
2026-05-11T19:15:17.6349226Z ##[group]Checking out the ref
2026-05-11T19:15:17.6358994Z [command]"C:\Program Files\Git\bin\git.exe" checkout --progress --force -B master refs/remotes/origin/master
2026-05-11T19:15:17.7397664Z Reset branch 'master'
2026-05-11T19:15:17.7456380Z branch 'master' set up to track 'origin/master'.
2026-05-11T19:15:17.7509438Z ##[endgroup]
2026-05-11T19:15:17.7905403Z [command]"C:\Program Files\Git\bin\git.exe" log -1 --format=%H
2026-05-11T19:15:17.8187359Z da49a37041e78ba7148b24bf6500c4c18c8ecbb0
2026-05-11T19:15:17.8547782Z ##[group]Run meson setup build-debug --buildtype=debug -Dtests=enabled  --vsenv
2026-05-11T19:15:17.8548433Z [36;1mmeson setup build-debug --buildtype=debug -Dtests=enabled  --vsenv[0m
2026-05-11T19:15:17.8609516Z shell: C:\Program Files\PowerShell\7\pwsh.EXE -command ". '{0}'"
2026-05-11T19:15:17.8609852Z ##[endgroup]
2026-05-11T19:15:27.1771157Z The Meson build system
2026-05-11T19:15:27.1771566Z Version: 1.11.1
2026-05-11T19:15:27.1771831Z Source dir: D:\a\quickjs\quickjs
2026-05-11T19:15:27.1772209Z Build dir: D:\a\quickjs\quickjs\build-debug
2026-05-11T19:15:27.1772575Z Build type: native build
2026-05-11T19:15:27.1772865Z Activating VS 17.14.31 (April 2026)
2026-05-11T19:15:27.1773202Z Project name: quickjs-ng
2026-05-11T19:15:27.1773473Z Project version: 0.14.0
2026-05-11T19:15:27.1774329Z C compiler for the host machine: C:\Strawberry\c\bin\ccache.EXE cl (msvc 19.44.35226 "Microsoft (R) C/C++ Optimizing Compiler Version 19.44.35226 for x64")
2026-05-11T19:15:27.1775416Z C linker for the host machine: link link 14.44.35226.0
2026-05-11T19:15:27.1775813Z Host machine cpu family: x86_64
2026-05-11T19:15:27.1776392Z Host machine cpu: x86_64
2026-05-11T19:15:27.1776700Z Compiler for C supports arguments /wd4018: YES 
2026-05-11T19:15:27.1777136Z Compiler for C supports arguments /wd4061: YES 
2026-05-11T19:15:27.1777529Z Compiler for C supports arguments /wd4100: YES 
2026-05-11T19:15:27.1777911Z Compiler for C supports arguments /wd4200: YES 
2026-05-11T19:15:27.1778295Z Compiler for C supports arguments /wd4242: YES 
2026-05-11T19:15:27.1778670Z Compiler for C supports arguments /wd4244: YES 
2026-05-11T19:15:27.1779052Z Compiler for C supports arguments /wd4245: YES 
2026-05-11T19:15:27.1779434Z Compiler for C supports arguments /wd4267: YES 
2026-05-11T19:15:27.1779829Z Compiler for C supports arguments /wd4388: YES 
2026-05-11T19:15:27.1780234Z Compiler for C supports arguments /wd4389: YES 
2026-05-11T19:15:27.1780629Z Compiler for C supports arguments /wd4710: YES 
2026-05-11T19:15:27.1781047Z Compiler for C supports arguments /wd4711: YES 
2026-05-11T19:15:27.1781450Z Compiler for C supports arguments /wd4820: YES 
2026-05-11T19:15:27.1781859Z Compiler for C supports arguments /wd4996: YES 
2026-05-11T19:15:27.1782246Z Compiler for C supports arguments /wd5045: YES 
2026-05-11T19:15:27.1782772Z Compiler for C supports arguments -fno-omit-frame-pointer: NO 
2026-05-11T19:15:27.1783278Z Library m found: NO
2026-05-11T19:15:27.1783535Z Run-time dependency threads found: YES
2026-05-11T19:15:27.1783979Z Run-time dependency dl found: NO  (tried builtin and system)
2026-05-11T19:15:27.1784808Z Found pkg-config 'C:\\Strawberry\\perl\\bin\\pkg-config.BAT' but it is Strawberry Perl and thus broken. Ignoring...
2026-05-11T19:15:27.1785731Z Found pkg-config: NO
2026-05-11T19:15:27.1786165Z Dependency mimalloc for host machine skipped: feature cli_mimalloc disabled
2026-05-11T19:15:27.1786689Z Build targets in project: 23
2026-05-11T19:15:27.1786890Z 
2026-05-11T19:15:27.1786980Z quickjs-ng 0.14.0
2026-05-11T19:15:27.1787129Z 
2026-05-11T19:15:27.1787219Z   User defined options
2026-05-11T19:15:27.1787481Z     buildtype: debug
2026-05-11T19:15:27.1787744Z     tests    : enabled
2026-05-11T19:15:27.1787985Z     vsenv    : true
2026-05-11T19:15:27.1788130Z 
2026-05-11T19:15:27.1788497Z Found ninja-1.13.0.git.kitware.jobserver-pipe-1 at "C:\Program Files (x86)\pipx_bin\ninja.EXE"
2026-05-11T19:15:27.1789027Z 
2026-05-11T19:15:27.1789361Z Visual Studio environment is needed to run Ninja. It is recommended to use Meson wrapper:
2026-05-11T19:15:27.1790049Z "C:\Program Files (x86)\pipx_bin\meson" compile -C build-debug
2026-05-11T19:15:27.3464106Z ##[group]Run meson compile -C build-debug
2026-05-11T19:15:27.3464480Z [36;1mmeson compile -C build-debug[0m
2026-05-11T19:15:27.3525647Z shell: C:\Program Files\PowerShell\7\pwsh.EXE -command ". '{0}'"
2026-05-11T19:15:27.3525971Z ##[endgroup]
2026-05-11T19:15:31.4950325Z ninja: Entering directory `D:/a/quickjs/quickjs/build-debug'
2026-05-11T19:15:31.4951006Z [1/26] Compiling C object qjsc.exe.p/qjsc.c.obj
2026-05-11T19:15:31.4951963Z ../qjsc.c(492): warning C4456: declaration of 'cname' hides previous local declaration
2026-05-11T19:15:31.4952781Z ../qjsc.c(400): note: see declaration of 'cname'
2026-05-11T19:15:31.4953449Z D:\a\quickjs\quickjs\qjsc.c(194) : warning C4702: unreachable code
2026-05-11T19:15:31.4979635Z [2/26] Compiling C object qjs-0.dll.p/dtoa.c.obj
2026-05-11T19:15:31.4980610Z ../dtoa.c(109): warning C4146: unary minus operator applied to unsigned type, result still unsigned
2026-05-11T19:15:31.4982254Z ../dtoa.c(610): warning C4146: unary minus operator applied to unsigned type, result still unsigned
2026-05-11T19:15:31.5010160Z ../dtoa.c(652): warning C4146: unary minus operator applied to unsigned type, result still unsigned
2026-05-11T19:15:31.5066162Z ../dtoa.c(696): warning C4146: unary minus operator applied to unsigned type, result still unsigned
2026-05-11T19:15:31.5067163Z [3/26] Compiling C object qjs-0.dll.p/libregexp.c.obj
2026-05-11T19:15:31.5169440Z ../libregexp.c(841): warning C4457: declaration of 's' hides function parameter
2026-05-11T19:15:31.5215084Z ../libregexp.c(824): note: see declaration of 's'
2026-05-11T19:15:31.5333135Z [4/26] Compiling C object qjs-0.dll.p/libunicode.c.obj
2026-05-11T19:15:31.5421251Z ../libunicode.c(652): warning C4456: declaration of 'p' hides previous local declaration
2026-05-11T19:15:31.5448865Z ../libunicode.c(626): note: see declaration of 'p'
2026-05-11T19:15:31.5797970Z [5/26] Compiling C object libquickjs-libc.a.p/quickjs-libc.c.obj
2026-05-11T19:15:31.5894545Z D:\a\quickjs\quickjs\quickjs-libc.c(969) : warning C4702: unreachable code
2026-05-11T19:15:31.5927064Z D:\a\quickjs\quickjs\quickjs-libc.c(1163) : warning C4701: potentially uninitialized local variable 'len' used
2026-05-11T19:15:31.6659495Z [6/26] Linking static target libquickjs-libc.a
2026-05-11T19:15:31.7782547Z [7/26] Compiling C object qjs.exe.p/gen_standalone.c.obj
2026-05-11T19:15:31.7837666Z [8/26] Compiling C object qjs.exe.p/gen_repl.c.obj
2026-05-11T19:15:32.1018744Z [9/26] Compiling C object hello.exe.p/gen_hello.c.obj
2026-05-11T19:15:32.2821837Z [10/26] Compiling C object hello_module.exe.p/gen_hello_module.c.obj
2026-05-11T19:15:32.2921894Z [11/26] Compiling C object examples/fib.dll.p/fib.c.obj
2026-05-11T19:15:32.7337526Z [12/26] Compiling C object qjs.exe.p/qjs.c.obj
2026-05-11T19:15:32.7342335Z ../qjs.c(721): warning C4456: declaration of 'i' hides previous local declaration
2026-05-11T19:15:32.7344702Z ../qjs.c(422): note: see declaration of 'i'
2026-05-11T19:15:32.7453478Z [13/26] Compiling C object run-test262.exe.p/run-test262.c.obj
2026-05-11T19:15:32.7484209Z [14/26] Compiling C object examples/point.dll.p/point.c.obj
2026-05-11T19:15:32.7732053Z [15/26] Compiling C object test_fib.exe.p/gen_test_fib.c.obj
2026-05-11T19:15:32.8058383Z [16/26] Compiling C object qjs-0.dll.p/quickjs.c.obj
2026-05-11T19:15:32.8059388Z ../quickjs.c(200): warning C4132: 'typed_array_size_log2': const object should be initialized
2026-05-11T19:15:32.8060090Z ../quickjs.c(1469): warning C4132: 'js_arguments_exotic_methods': const object should be initialized
2026-05-11T19:15:32.8060701Z ../quickjs.c(1470): warning C4132: 'js_string_exotic_methods': const object should be initialized
2026-05-11T19:15:32.8061239Z ../quickjs.c(1471): warning C4132: 'js_proxy_exotic_methods': const object should be initialized
2026-05-11T19:15:32.8061773Z ../quickjs.c(1472): warning C4132: 'js_module_ns_exotic_methods': const object should be initialized
2026-05-11T19:15:32.8064027Z ../quickjs.c(4608): warning C4098: 'JS_FreeCString': 'void' function returning a value
2026-05-11T19:15:32.8064616Z ../quickjs.c(4613): warning C4098: 'JS_FreeCStringRT': 'void' function returning a value
2026-05-11T19:15:32.8065442Z ../quickjs.c(4618): warning C4098: 'JS_FreeCStringUTF16': 'void' function returning a value
2026-05-11T19:15:32.8065948Z ../quickjs.c(4623): warning C4098: 'JS_FreeCStringRT_UTF16': 'void' function returning a value
2026-05-11T19:15:32.8066393Z ../quickjs.c(5228): warning C4127: conditional expression is constant
2026-05-11T19:15:32.8066877Z ../quickjs.c(7610): warning C4146: unary minus operator applied to unsigned type, result still unsigned
2026-05-11T19:15:32.8067444Z ../quickjs.c(7643): warning C4146: unary minus operator applied to unsigned type, result still unsigned
2026-05-11T19:15:32.8067959Z ../quickjs.c(10417): warning C4456: declaration of 'v' hides previous local declaration
2026-05-11T19:15:32.8068389Z ../quickjs.c(10341): note: see declaration of 'v'
2026-05-11T19:15:32.8068842Z ../quickjs.c(12007): warning C4146: unary minus operator applied to unsigned type, result still unsigned
2026-05-11T19:15:32.8069566Z ../quickjs.c(12016): warning C4146: unary minus operator applied to unsigned type, result still unsigned
2026-05-11T19:15:32.8070156Z ../quickjs.c(12688): warning C4146: unary minus operator applied to unsigned type, result still unsigned
2026-05-11T19:15:32.8070709Z ../quickjs.c(12879): warning C4146: unary minus operator applied to unsigned type, result still unsigned
2026-05-11T19:15:32.8071844Z ../quickjs.c(13331): warning C4456: declaration of 'i' hides previous local declaration
2026-05-11T19:15:32.8072222Z ../quickjs.c(13292): note: see declaration of 'i'
2026-05-11T19:15:32.8072591Z ../quickjs.c(14756): warning C4456: declaration of 'v' hides previous local declaration
2026-05-11T19:15:32.8072972Z ../quickjs.c(14714): note: see declaration of 'v'
2026-05-11T19:15:32.8073332Z ../quickjs.c(15222): warning C4456: declaration of 'v1' hides previous local declaration
2026-05-11T19:15:32.8073718Z ../quickjs.c(15214): note: see declaration of 'v1'
2026-05-11T19:15:32.8074072Z ../quickjs.c(15222): warning C4456: declaration of 'v2' hides previous local declaration
2026-05-11T19:15:32.8074440Z ../quickjs.c(15214): note: see declaration of 'v2'
2026-05-11T19:15:32.8074790Z ../quickjs.c(15264): warning C4456: declaration of 'r' hides previous local declaration
2026-05-11T19:15:32.8075154Z ../quickjs.c(15214): note: see declaration of 'r'
2026-05-11T19:15:32.8075508Z ../quickjs.c(15292): warning C4456: declaration of 'r' hides previous local declaration
2026-05-11T19:15:32.8075857Z ../quickjs.c(15214): note: see declaration of 'r'
2026-05-11T19:15:32.8076204Z ../quickjs.c(16430): warning C4456: declaration of 'p' hides previous local declaration
2026-05-11T19:15:32.8076563Z ../quickjs.c(16396): note: see declaration of 'p'
2026-05-11T19:15:32.8076913Z ../quickjs.c(17647): warning C4456: declaration of 'p' hides previous local declaration
2026-05-11T19:15:32.8077315Z ../quickjs.c(17467): note: see declaration of 'p'
2026-05-11T19:15:32.8077892Z ../quickjs.c(17782): warning C4456: declaration of 'i' hides previous local declaration
2026-05-11T19:15:32.8078491Z ../quickjs.c(17471): note: see declaration of 'i'
2026-05-11T19:15:32.8079057Z ../quickjs.c(18268): warning C4457: declaration of 'flags' hides function parameter
2026-05-11T19:15:32.8079678Z ../quickjs.c(17463): note: see declaration of 'flags'
2026-05-11T19:15:32.8080252Z ../quickjs.c(18279): warning C4457: declaration of 'flags' hides function parameter
2026-05-11T19:15:32.8080854Z ../quickjs.c(17463): note: see declaration of 'flags'
2026-05-11T19:15:32.8081394Z ../quickjs.c(18290): warning C4457: declaration of 'flags' hides function parameter
2026-05-11T19:15:32.8081947Z ../quickjs.c(17463): note: see declaration of 'flags'
2026-05-11T19:15:32.8082594Z ../quickjs.c(18770): warning C4456: declaration of 'ret_val' hides previous local declaration
2026-05-11T19:15:32.8083998Z ../quickjs.c(17472): note: see declaration of 'ret_val'
2026-05-11T19:15:32.8084613Z ../quickjs.c(18804): warning C4457: declaration of 'flags' hides function parameter
2026-05-11T19:15:32.8085576Z ../quickjs.c(17463): note: see declaration of 'flags'
2026-05-11T19:15:32.8086196Z ../quickjs.c(18852): warning C4456: declaration of 'p' hides previous local declaration
2026-05-11T19:15:32.8086824Z ../quickjs.c(17467): note: see declaration of 'p'
2026-05-11T19:15:32.8087434Z ../quickjs.c(18900): warning C4456: declaration of 'p' hides previous local declaration
2026-05-11T19:15:32.8088073Z ../quickjs.c(17467): note: see declaration of 'p'
2026-05-11T19:15:32.8088660Z ../quickjs.c(18948): warning C4456: declaration of 'p' hides previous local declaration
2026-05-11T19:15:32.8089281Z ../quickjs.c(17467): note: see declaration of 'p'
2026-05-11T19:15:32.8089801Z ../quickjs.c(19091): warning C4457: declaration of 'flags' hides function parameter
2026-05-11T19:15:32.8090423Z ../quickjs.c(17463): note: see declaration of 'flags'
2026-05-11T19:15:32.8091070Z ../quickjs.c(19233): warning C4456: declaration of 'p' hides previous local declaration
2026-05-11T19:15:32.8091721Z ../quickjs.c(17467): note: see declaration of 'p'
2026-05-11T19:15:32.8092338Z ../quickjs.c(19282): warning C4457: declaration of 'flags' hides function parameter
2026-05-11T19:15:32.8092956Z ../quickjs.c(17463): note: see declaration of 'flags'
2026-05-11T19:15:32.8093639Z ../quickjs.c(24860): warning C4456: declaration of 'method_fd' hides previous local declaration
2026-05-11T19:15:32.8094539Z ../quickjs.c(24692): note: see declaration of 'method_fd'
2026-05-11T19:15:32.8094932Z ../quickjs.c(26980): warning C4456: declaration of 'op' hides previous local declaration
2026-05-11T19:15:32.8095338Z ../quickjs.c(26942): note: see declaration of 'op'
2026-05-11T19:15:32.8095713Z ../quickjs.c(27034): warning C4456: declaration of 'op' hides previous local declaration
2026-05-11T19:15:32.8096091Z ../quickjs.c(26942): note: see declaration of 'op'
2026-05-11T19:15:32.8096469Z ../quickjs.c(28461): warning C4456: declaration of 'tok' hides previous local declaration
2026-05-11T19:15:32.8096846Z ../quickjs.c(28251): note: see declaration of 'tok'
2026-05-11T19:15:32.8097215Z ../quickjs.c(30091): warning C4456: declaration of 'm1' hides previous local declaration
2026-05-11T19:15:32.8097590Z ../quickjs.c(30029): note: see declaration of 'm1'
2026-05-11T19:15:32.8098089Z ../quickjs.c(33842): warning C4456: declaration of 'scope' hides previous local declaration
2026-05-11T19:15:32.8098690Z ../quickjs.c(33647): note: see declaration of 'scope'
2026-05-11T19:15:32.8099313Z ../quickjs.c(33876): warning C4456: declaration of 'scope' hides previous local declaration
2026-05-11T19:15:32.8099964Z ../quickjs.c(33647): note: see declaration of 'scope'
2026-05-11T19:15:32.8100586Z ../quickjs.c(34772): warning C4456: declaration of 'op1' hides previous local declaration
2026-05-11T19:15:32.8101258Z ../quickjs.c(34217): note: see declaration of 'op1'
2026-05-11T19:15:32.8101875Z ../quickjs.c(34928): warning C4456: declaration of 'op1' hides previous local declaration
2026-05-11T19:15:32.8102513Z ../quickjs.c(34217): note: see declaration of 'op1'
2026-05-11T19:15:32.8103123Z ../quickjs.c(34973): warning C4456: declaration of 'op1' hides previous local declaration
2026-05-11T19:15:32.8103789Z ../quickjs.c(34217): note: see declaration of 'op1'
2026-05-11T19:15:32.8104420Z ../quickjs.c(35036): warning C4456: declaration of 'ls' hides previous local declaration
2026-05-11T19:15:32.8105041Z ../quickjs.c(34220): note: see declaration of 'ls'
2026-05-11T19:15:32.8105980Z ../quickjs.c(35038): warning C4456: declaration of 'pos' hides previous local declaration
2026-05-11T19:15:32.8106609Z ../quickjs.c(34217): note: see declaration of 'pos'
2026-05-11T19:15:32.8107216Z ../quickjs.c(36299): warning C4457: declaration of 'func_name' hides function parameter
2026-05-11T19:15:32.8107868Z ../quickjs.c(35845): note: see declaration of 'func_name'
2026-05-11T19:15:32.8108728Z ../quickjs.c(43574): warning C4456: declaration of 'obj' hides previous local declaration
2026-05-11T19:15:32.8109399Z ../quickjs.c(43563): note: see declaration of 'obj'
2026-05-11T19:15:32.8110058Z ../quickjs.c(47778): warning C4456: declaration of 'val' hides previous local declaration
2026-05-11T19:15:32.8110683Z ../quickjs.c(47658): note: see declaration of 'val'
2026-05-11T19:15:32.8111296Z ../quickjs.c(47810): warning C4456: declaration of 'val' hides previous local declaration
2026-05-11T19:15:32.8111948Z ../quickjs.c(47658): note: see declaration of 'val'
2026-05-11T19:15:32.8112551Z ../quickjs.c(49729): warning C4456: declaration of 'n' hides previous local declaration
2026-05-11T19:15:32.8113185Z ../quickjs.c(49649): note: see declaration of 'n'
2026-05-11T19:15:32.8113909Z ../quickjs.c(55752): warning C4146: unary minus operator applied to unsigned type, result still unsigned
2026-05-11T19:15:32.8115038Z ../quickjs.c(56986): warning C4334: '<<': result of 32-bit shift implicitly converted to 64 bits (was 64-bit shift intended?)
2026-05-11T19:15:32.8116556Z ../quickjs.c(58468): warning C4334: '<<': result of 32-bit shift implicitly converted to 64 bits (was 64-bit shift intended?)
2026-05-11T19:15:32.8117531Z ../quickjs.c(59134): warning C4456: declaration of 'v' hides previous local declaration
2026-05-11T19:15:32.8118162Z ../quickjs.c(59083): note: see declaration of 'v'
2026-05-11T19:15:32.8118749Z ../quickjs.c(59143): warning C4456: declaration of 'v' hides previous local declaration
2026-05-11T19:15:32.8119353Z ../quickjs.c(59083): note: see declaration of 'v'
2026-05-11T19:15:32.8119954Z ../quickjs.c(59152): warning C4456: declaration of 'v' hides previous local declaration
2026-05-11T19:15:32.8120574Z ../quickjs.c(59083): note: see declaration of 'v'
2026-05-11T19:15:32.8120912Z D:\a\quickjs\quickjs\quickjs.c(8610) : warning C4702: unreachable code
2026-05-11T19:15:32.8121424Z D:\a\quickjs\quickjs\quickjs.c(42710) : warning C4701: potentially uninitialized local variable 'del_count' used
2026-05-11T19:15:32.8122483Z D:\a\quickjs\quickjs\quickjs.c(53696) : warning C4701: potentially uninitialized local variable 'link' used
2026-05-11T19:15:32.8123307Z D:\a\quickjs\quickjs\quickjs.c(59184) : warning C4702: unreachable code
2026-05-11T19:15:32.8124169Z D:\a\quickjs\quickjs\quickjs.c(7911) : warning C4701: potentially uninitialized local variable 'prepare' used
2026-05-11T19:15:32.8124784Z D:\a\quickjs\quickjs\quickjs.c(57171) : warning C4702: unreachable code
2026-05-11T19:15:32.8125314Z D:\a\quickjs\quickjs\quickjs.c(13452) : warning C4701: potentially uninitialized local variable 'buf' used
2026-05-11T19:15:32.8126127Z D:\a\quickjs\quickjs\quickjs.c(662) : warning C4702: unreachable code
2026-05-11T19:15:32.8126643Z D:\a\quickjs\quickjs\quickjs.c(13452) : warning C4703: potentially uninitialized local pointer variable 'buf' used
2026-05-11T19:15:32.8127159Z D:\a\quickjs\quickjs\quickjs.c(11014) : warning C4702: unreachable code
2026-05-11T19:15:32.8127537Z D:\a\quickjs\quickjs\quickjs.c(51351) : warning C4702: unreachable code
2026-05-11T19:15:32.8127905Z D:\a\quickjs\quickjs\quickjs.c(3051) : warning C4702: unreachable code
2026-05-11T19:15:32.8128279Z D:\a\quickjs\quickjs\quickjs.c(23381) : warning C4702: unreachable code
2026-05-11T19:15:32.8128641Z D:\a\quickjs\quickjs\quickjs.c(27227) : warning C4702: unreachable code
2026-05-11T19:15:33.0610113Z [17/26] Linking target qjs-0.dll
2026-05-11T19:15:33.0610446Z    Creating library qjs.lib and object qjs.exp
2026-05-11T19:15:33.2686502Z [18/26] Generating symbol file qjs-0.dll.p/qjs-0.dll.symbols
2026-05-11T19:15:33.3787363Z [19/26] Linking target qjsc.exe
2026-05-11T19:15:33.3935678Z [20/26] Linking target hello.exe
2026-05-11T19:15:33.3959159Z [21/26] Linking target run-test262.exe
2026-05-11T19:15:33.3959911Z [22/26] Linking target hello_module.exe
2026-05-11T19:15:33.4001518Z [23/26] Linking target qjs.exe
2026-05-11T19:15:33.4232326Z [24/26] Linking target examples/fib.dll
2026-05-11T19:15:33.4233529Z    Creating library examples\fib.lib and object examples\fib.exp
2026-05-11T19:15:33.4390939Z [25/26] Linking target examples/point.dll
2026-05-11T19:15:33.4391527Z    Creating library examples\point.lib and object examples\point.exp
2026-05-11T19:15:33.4520012Z [26/26] Linking target test_fib.exe
2026-05-11T19:15:33.4542317Z Activating VS 17.14.31 (April 2026)
2026-05-11T19:15:33.4542759Z INFO: automatically activated MSVC compiler environment
2026-05-11T19:15:33.4543071Z INFO: autodetecting backend as ninja
2026-05-11T19:15:33.4543602Z INFO: calculating backend command to run: "C:\Program Files (x86)\pipx_bin\ninja.EXE" -C D:/a/quickjs/quickjs/build-debug
2026-05-11T19:15:33.6094939Z ##[group]Run meson test -C build-debug --timeout-multiplier 5 --print-errorlogs
2026-05-11T19:15:33.6095559Z [36;1mmeson test -C build-debug --timeout-multiplier 5 --print-errorlogs[0m
2026-05-11T19:15:33.6096083Z [36;1mmeson test --benchmark -C build-debug --timeout-multiplier 5 --print-errorlogs[0m
2026-05-11T19:15:33.6152136Z shell: C:\Program Files\PowerShell\7\pwsh.EXE -command ". '{0}'"
2026-05-11T19:15:33.6152468Z ##[endgroup]
2026-05-11T19:15:35.9358851Z ninja: Entering directory `D:\a\quickjs\quickjs\build-debug'
2026-05-11T19:15:35.9411430Z [1/8] Compiling C object lre-test.exe.p/lre-test.c.obj
2026-05-11T19:15:35.9460003Z [2/8] Compiling C object function_source.exe.p/gen_function_source.c.obj
2026-05-11T19:15:36.0239062Z [3/8] Linking target function_source.exe
2026-05-11T19:15:36.0959358Z [4/8] Compiling C object lre-test.exe.p/libregexp.c.obj
2026-05-11T19:15:36.0960325Z ../libregexp.c(841): warning C4457: declaration of 's' hides function parameter
2026-05-11T19:15:36.0960821Z ../libregexp.c(824): note: see declaration of 's'
2026-05-11T19:15:36.0968111Z [5/8] Compiling C object lre-test.exe.p/libunicode.c.obj
2026-05-11T19:15:36.0968778Z ../libunicode.c(652): warning C4456: declaration of 'p' hides previous local declaration
2026-05-11T19:15:36.0969397Z ../libunicode.c(626): note: see declaration of 'p'
2026-05-11T19:15:36.1523624Z [6/8] Linking target lre-test.exe
2026-05-11T19:15:36.3189300Z [7/8] Compiling C object api-test.exe.p/api-test.c.obj
2026-05-11T19:15:36.3190031Z ../api-test.c(737): warning C4232: nonstandard extension used: 'func': address of dllimport 'JS_NewPlainError' is not static, identity not guaranteed
2026-05-11T19:15:36.3190748Z D:\a\quickjs\quickjs\quickjs.h(841): note: see declaration of 'JS_NewPlainError'
2026-05-11T19:15:36.3191487Z ../api-test.c(738): warning C4232: nonstandard extension used: 'func': address of dllimport 'JS_NewInternalError' is not static, identity not guaranteed
2026-05-11T19:15:36.3192234Z D:\a\quickjs\quickjs\quickjs.h(840): note: see declaration of 'JS_NewInternalError'
2026-05-11T19:15:36.3192884Z ../api-test.c(739): warning C4232: nonstandard extension used: 'func': address of dllimport 'JS_NewRangeError' is not static, identity not guaranteed
2026-05-11T19:15:36.3193521Z D:\a\quickjs\quickjs\quickjs.h(842): note: see declaration of 'JS_NewRangeError'
2026-05-11T19:15:36.3194160Z ../api-test.c(740): warning C4232: nonstandard extension used: 'func': address of dllimport 'JS_NewReferenceError' is not static, identity not guaranteed
2026-05-11T19:15:36.3194830Z D:\a\quickjs\quickjs\quickjs.h(843): note: see declaration of 'JS_NewReferenceError'
2026-05-11T19:15:36.3195490Z ../api-test.c(741): warning C4232: nonstandard extension used: 'func': address of dllimport 'JS_NewSyntaxError' is not static, identity not guaranteed
2026-05-11T19:15:36.3196137Z D:\a\quickjs\quickjs\quickjs.h(844): note: see declaration of 'JS_NewSyntaxError'
2026-05-11T19:15:36.3196783Z ../api-test.c(742): warning C4232: nonstandard extension used: 'func': address of dllimport 'JS_NewTypeError' is not static, identity not guaranteed
2026-05-11T19:15:36.3197407Z D:\a\quickjs\quickjs\quickjs.h(845): note: see declaration of 'JS_NewTypeError'
2026-05-11T19:15:36.3703171Z [8/8] Linking target api-test.exe
2026-05-11T19:15:36.4122760Z Activating VS 17.14.31 (April 2026)
2026-05-11T19:15:36.4135576Z 1/4 quickjs-ng:lre             OK               0.03s
2026-05-11T19:15:36.4136397Z 2/4 quickjs-ng:function_source OK               0.02s
2026-05-11T19:15:36.4584969Z 3/4 quickjs-ng:api             OK               0.08s
2026-05-11T19:15:40.3718535Z 4/4 quickjs-ng:test            OK               4.00s
2026-05-11T19:15:40.3739375Z 
2026-05-11T19:15:40.3739522Z Ok:                4   
2026-05-11T19:15:40.3739823Z Fail:              0   
2026-05-11T19:15:40.3739991Z 
2026-05-11T19:15:40.3740227Z Full log written to D:\a\quickjs\quickjs\build-debug\meson-logs\testlog.txt
2026-05-11T19:15:42.1840311Z ninja: Entering directory `D:\a\quickjs\quickjs\build-debug'
2026-05-11T19:15:42.1841275Z ninja: no work to do.
2026-05-11T19:15:42.6657829Z Activating VS 17.14.31 (April 2026)
2026-05-11T19:15:42.6658394Z  1/53 quickjs-ng:empty_loop             OK               0.47s
2026-05-11T19:15:43.2730263Z  2/53 quickjs-ng:date_now               OK               0.61s
2026-05-11T19:15:43.8438196Z  3/53 quickjs-ng:prop_read              OK               0.57s
2026-05-11T19:15:44.7092153Z  4/53 quickjs-ng:prop_write             OK               0.87s
2026-05-11T19:15:45.3914460Z  5/53 quickjs-ng:prop_create            OK               0.68s
2026-05-11T19:15:45.9409054Z  6/53 quickjs-ng:prop_delete            OK               0.55s
2026-05-11T19:15:46.6031752Z  7/53 quickjs-ng:array_read             OK               0.66s
2026-05-11T19:15:47.4048347Z  8/53 quickjs-ng:array_write            OK               0.80s
2026-05-11T19:15:47.8913483Z  9/53 quickjs-ng:array_prop_create      OK               0.49s
2026-05-11T19:15:48.3600907Z 10/53 quickjs-ng:array_length_decr      OK               0.47s
2026-05-11T19:15:49.0769964Z 11/53 quickjs-ng:array_hole_length_decr OK               0.72s
2026-05-11T19:15:49.7398652Z 12/53 quickjs-ng:array_push             OK               0.66s
2026-05-11T19:15:50.4126732Z 13/53 quickjs-ng:array_pop              OK               0.67s
2026-05-11T19:15:50.9962784Z 14/53 quickjs-ng:typed_array_read       OK               0.58s
2026-05-11T19:15:51.7699255Z 15/53 quickjs-ng:typed_array_write      OK               0.77s
2026-05-11T19:15:52.2743640Z 16/53 quickjs-ng:global_read            OK               0.50s
2026-05-11T19:15:53.4397989Z 17/53 quickjs-ng:global_write           OK               1.16s
2026-05-11T19:15:54.0249240Z 18/53 quickjs-ng:global_write_strict    OK               0.58s
2026-05-11T19:15:54.8228671Z 19/53 quickjs-ng:local_destruct         OK               0.80s
2026-05-11T19:15:56.2264433Z 20/53 quickjs-ng:global_destruct        OK               1.40s
2026-05-11T19:15:56.9447167Z 21/53 quickjs-ng:global_destruct_strict OK               0.72s
2026-05-11T19:15:57.6575214Z 22/53 quickjs-ng:func_call              OK               0.71s
2026-05-11T19:15:58.3568776Z 23/53 quickjs-ng:closure_var            OK               0.70s
2026-05-11T19:15:58.7261431Z 24/53 quickjs-ng:int_arith              OK               0.37s
2026-05-11T19:15:59.2385791Z 25/53 quickjs-ng:float_arith            OK               0.51s
2026-05-11T19:15:59.8890604Z 26/53 quickjs-ng:map_set                OK               0.65s
2026-05-11T19:16:00.2788627Z 27/53 quickjs-ng:map_delete             OK               0.39s
2026-05-11T19:16:00.7101963Z 28/53 quickjs-ng:weak_map_set           OK               0.43s
2026-05-11T19:16:01.2058947Z 29/53 quickjs-ng:weak_map_delete        OK               0.49s
2026-05-11T19:16:02.6668868Z 30/53 quickjs-ng:array_for              OK               1.46s
2026-05-11T19:16:03.1367550Z 31/53 quickjs-ng:array_for_in           OK               0.47s
2026-05-11T19:16:03.6500223Z 32/53 quickjs-ng:array_for_of           OK               0.51s
2026-05-11T19:16:04.1628858Z 33/53 quickjs-ng:math_min               OK               0.51s
2026-05-11T19:16:05.0583337Z 34/53 quickjs-ng:object_null            OK               0.89s
2026-05-11T19:16:09.6514987Z 35/53 quickjs-ng:regexp_ascii           OK               4.59s
2026-05-11T19:16:14.3452908Z 36/53 quickjs-ng:regexp_utf16           OK               4.69s
2026-05-11T19:16:15.1864213Z 37/53 quickjs-ng:string_build1          OK               0.84s
2026-05-11T19:16:16.0433846Z 38/53 quickjs-ng:string_build2          OK               0.85s
2026-05-11T19:16:16.4706230Z 39/53 quickjs-ng:string_slice1          OK               0.42s
2026-05-11T19:16:16.9225821Z 40/53 quickjs-ng:string_slice2          OK               0.45s
2026-05-11T19:16:17.3408786Z 41/53 quickjs-ng:string_slice3          OK               0.42s
2026-05-11T19:16:39.4264068Z 42/53 quickjs-ng:sort_bench             OK              22.08s
2026-05-11T19:16:39.9137628Z 43/53 quickjs-ng:int_to_string          OK               0.49s
2026-05-11T19:16:40.4872626Z 44/53 quickjs-ng:int_toString           OK               0.57s
2026-05-11T19:16:40.9511059Z 45/53 quickjs-ng:float_to_string        OK               0.46s
2026-05-11T19:16:41.4505752Z 46/53 quickjs-ng:float_toString         OK               0.50s
2026-05-11T19:16:41.8970021Z 47/53 quickjs-ng:float_toFixed          OK               0.45s
2026-05-11T19:16:42.3742681Z 48/53 quickjs-ng:float_toPrecision      OK               0.48s
2026-05-11T19:16:42.8367677Z 49/53 quickjs-ng:float_toExponential    OK               0.46s
2026-05-11T19:16:43.7101774Z 50/53 quickjs-ng:string_to_int          OK               0.87s
2026-05-11T19:16:44.1514674Z 51/53 quickjs-ng:string_to_float        OK               0.44s
2026-05-11T19:16:44.5666892Z 52/53 quickjs-ng:bigint64_arith         OK               0.41s
2026-05-11T19:16:45.1907371Z 53/53 quickjs-ng:bigint256_arith        OK               0.62s
2026-05-11T19:16:45.1933367Z 
2026-05-11T19:16:45.1933576Z Ok:                53  
2026-05-11T19:16:45.1933856Z Fail:              0   
2026-05-11T19:16:45.1933992Z 
2026-05-11T19:16:45.1934201Z Full log written to D:\a\quickjs\quickjs\build-debug\meson-logs\testlog.txt
2026-05-11T19:16:45.3435705Z Post job cleanup.
2026-05-11T19:16:45.5060383Z [command]"C:\Program Files\Git\bin\git.exe" version
2026-05-11T19:16:45.5329046Z git version 2.54.0.windows.1
2026-05-11T19:16:45.5395859Z Temporarily overriding HOME='D:\a\_temp\a91401d9-cb61-4c00-b3fa-a575ed500a9b' before making global git config changes
2026-05-11T19:16:45.5396975Z Adding repository directory to the temporary git global config as a safe directory
2026-05-11T19:16:45.5406041Z [command]"C:\Program Files\Git\bin\git.exe" config --global --add safe.directory D:\a\quickjs\quickjs
2026-05-11T19:16:45.5772043Z Removing SSH command configuration
2026-05-11T19:16:45.5783639Z [command]"C:\Program Files\Git\bin\git.exe" config --local --name-only --get-regexp core\.sshCommand
2026-05-11T19:16:45.6091817Z [command]"C:\Program Files\Git\bin\git.exe" submodule foreach --recursive "sh -c \"git config --local --name-only --get-regexp 'core\.sshCommand' && git config --local --unset-all 'core.sshCommand' || :\""
2026-05-11T19:16:46.1339427Z Removing HTTP extra header
2026-05-11T19:16:46.1350710Z [command]"C:\Program Files\Git\bin\git.exe" config --local --name-only --get-regexp http\.https\:\/\/github\.com\/\.extraheader
2026-05-11T19:16:46.1689193Z [command]"C:\Program Files\Git\bin\git.exe" submodule foreach --recursive "sh -c \"git config --local --name-only --get-regexp 'http\.https\:\/\/github\.com\/\.extraheader' && git config --local --unset-all 'http.https://github.com/.extraheader' || :\""
2026-05-11T19:16:46.7027147Z Removing includeIf entries pointing to credentials config files
2026-05-11T19:16:46.7027746Z [command]"C:\Program Files\Git\bin\git.exe" config --local --name-only --get-regexp ^includeIf\.gitdir:
2026-05-11T19:16:46.7279422Z includeif.gitdir:D:/a/quickjs/quickjs/.git.path
2026-05-11T19:16:46.7280007Z includeif.gitdir:D:/a/quickjs/quickjs/.git/worktrees/*.path
2026-05-11T19:16:46.7280549Z includeif.gitdir:/github/workspace/.git.path
2026-05-11T19:16:46.7281077Z includeif.gitdir:/github/workspace/.git/worktrees/*.path
2026-05-11T19:16:46.7320478Z [command]"C:\Program Files\Git\bin\git.exe" config --local --get-all includeif.gitdir:D:/a/quickjs/quickjs/.git.path
2026-05-11T19:16:46.7573666Z D:\a\_temp\git-credentials-9a32316e-bc5b-474b-9a9d-431ebab8dc55.config
2026-05-11T19:16:46.7617263Z [command]"C:\Program Files\Git\bin\git.exe" config --local --unset includeif.gitdir:D:/a/quickjs/quickjs/.git.path D:\a\_temp\git-credentials-9a32316e-bc5b-474b-9a9d-431ebab8dc55.config
2026-05-11T19:16:46.7923299Z [command]"C:\Program Files\Git\bin\git.exe" config --local --get-all includeif.gitdir:D:/a/quickjs/quickjs/.git/worktrees/*.path
2026-05-11T19:16:46.8181489Z D:\a\_temp\git-credentials-9a32316e-bc5b-474b-9a9d-431ebab8dc55.config
2026-05-11T19:16:46.8224424Z [command]"C:\Program Files\Git\bin\git.exe" config --local --unset includeif.gitdir:D:/a/quickjs/quickjs/.git/worktrees/*.path D:\a\_temp\git-credentials-9a32316e-bc5b-474b-9a9d-431ebab8dc55.config
2026-05-11T19:16:46.8516358Z [command]"C:\Program Files\Git\bin\git.exe" config --local --get-all includeif.gitdir:/github/workspace/.git.path
2026-05-11T19:16:46.8768096Z /github/runner_temp/git-credentials-9a32316e-bc5b-474b-9a9d-431ebab8dc55.config
2026-05-11T19:16:46.8814436Z [command]"C:\Program Files\Git\bin\git.exe" config --local --unset includeif.gitdir:/github/workspace/.git.path /github/runner_temp/git-credentials-9a32316e-bc5b-474b-9a9d-431ebab8dc55.config
2026-05-11T19:16:46.9113073Z [command]"C:\Program Files\Git\bin\git.exe" config --local --get-all includeif.gitdir:/github/workspace/.git/worktrees/*.path
2026-05-11T19:16:46.9365361Z /github/runner_temp/git-credentials-9a32316e-bc5b-474b-9a9d-431ebab8dc55.config
2026-05-11T19:16:46.9407359Z [command]"C:\Program Files\Git\bin\git.exe" config --local --unset includeif.gitdir:/github/workspace/.git/worktrees/*.path /github/runner_temp/git-credentials-9a32316e-bc5b-474b-9a9d-431ebab8dc55.config
2026-05-11T19:16:46.9708388Z [command]"C:\Program Files\Git\bin\git.exe" submodule foreach --recursive "git config --local --show-origin --name-only --get-regexp remote.origin.url"
2026-05-11T19:16:47.4758981Z Removing credentials config 'D:\a\_temp\git-credentials-9a32316e-bc5b-474b-9a9d-431ebab8dc55.config'
2026-05-11T19:16:47.4953735Z Cleaning up orphan processes
2026-05-11T19:16:47.5186098Z Terminate orphan process: pid (4476) (vctip)
