2026-04-13T07:58:37.2709346Z Current runner version: '2.333.1'
2026-04-13T07:58:37.2737849Z ##[group]Runner Image Provisioner
2026-04-13T07:58:37.2738695Z Hosted Compute Agent
2026-04-13T07:58:37.2739283Z Version: 20260213.493
2026-04-13T07:58:37.2739907Z Commit: 5c115507f6dd24b8de37d8bbe0bb4509d0cc0fa3
2026-04-13T07:58:37.2740564Z Build Date: 2026-02-13T00:28:41Z
2026-04-13T07:58:37.2741663Z Worker ID: {0969fcec-cf08-4640-ad83-8747632dc155}
2026-04-13T07:58:37.2742400Z Azure Region: northcentralus
2026-04-13T07:58:37.2742991Z ##[endgroup]
2026-04-13T07:58:37.2744505Z ##[group]Operating System
2026-04-13T07:58:37.2745098Z Ubuntu
2026-04-13T07:58:37.2745569Z 24.04.4
2026-04-13T07:58:37.2745980Z LTS
2026-04-13T07:58:37.2746525Z ##[endgroup]
2026-04-13T07:58:37.2747029Z ##[group]Runner Image
2026-04-13T07:58:37.2747560Z Image: ubuntu-24.04
2026-04-13T07:58:37.2748134Z Version: 20260406.80.1
2026-04-13T07:58:37.2749270Z Included Software: https://github.com/actions/runner-images/blob/ubuntu24/20260406.80/images/ubuntu/Ubuntu2404-Readme.md
2026-04-13T07:58:37.2751100Z Image Release: https://github.com/actions/runner-images/releases/tag/ubuntu24%2F20260406.80
2026-04-13T07:58:37.2752112Z ##[endgroup]
2026-04-13T07:58:37.2754759Z ##[group]GITHUB_TOKEN Permissions
2026-04-13T07:58:37.2756706Z Actions: write
2026-04-13T07:58:37.2757241Z ArtifactMetadata: write
2026-04-13T07:58:37.2757906Z Attestations: write
2026-04-13T07:58:37.2758494Z Checks: write
2026-04-13T07:58:37.2758955Z Contents: write
2026-04-13T07:58:37.2759510Z Deployments: write
2026-04-13T07:58:37.2760002Z Discussions: write
2026-04-13T07:58:37.2760512Z Issues: write
2026-04-13T07:58:37.2761404Z Metadata: read
2026-04-13T07:58:37.2761978Z Models: read
2026-04-13T07:58:37.2762487Z Packages: write
2026-04-13T07:58:37.2763032Z Pages: write
2026-04-13T07:58:37.2763649Z PullRequests: write
2026-04-13T07:58:37.2764170Z RepositoryProjects: write
2026-04-13T07:58:37.2764775Z SecurityEvents: write
2026-04-13T07:58:37.2765322Z Statuses: write
2026-04-13T07:58:37.2765877Z ##[endgroup]
2026-04-13T07:58:37.2767825Z Secret source: Actions
2026-04-13T07:58:37.2768684Z Prepare workflow directory
2026-04-13T07:58:37.3210070Z Prepare all required actions
2026-04-13T07:58:37.3265253Z Getting action download info
2026-04-13T07:58:37.6195936Z Download action repository 'actions/checkout@v3' (SHA:f43a0e5ff2bd294095638e18286ca9a3d1956744)
2026-04-13T07:58:37.8993547Z Complete job name: build (ubuntu-latest, Release, gcc)
2026-04-13T07:58:37.9782861Z ##[group]Run actions/checkout@v3
2026-04-13T07:58:37.9783700Z with:
2026-04-13T07:58:37.9784106Z   repository: vstakhov/libucl
2026-04-13T07:58:37.9784745Z   token: ***
2026-04-13T07:58:37.9785136Z   ssh-strict: true
2026-04-13T07:58:37.9785558Z   persist-credentials: true
2026-04-13T07:58:37.9786005Z   clean: true
2026-04-13T07:58:37.9786406Z   sparse-checkout-cone-mode: true
2026-04-13T07:58:37.9786877Z   fetch-depth: 1
2026-04-13T07:58:37.9787270Z   fetch-tags: false
2026-04-13T07:58:37.9787651Z   lfs: false
2026-04-13T07:58:37.9788015Z   submodules: false
2026-04-13T07:58:37.9788437Z   set-safe-directory: true
2026-04-13T07:58:37.9789085Z ##[endgroup]
2026-04-13T07:58:38.0678070Z Syncing repository: vstakhov/libucl
2026-04-13T07:58:38.0679887Z ##[group]Getting Git version info
2026-04-13T07:58:38.0680568Z Working directory is '/home/runner/work/libucl/libucl'
2026-04-13T07:58:38.0681905Z [command]/usr/bin/git version
2026-04-13T07:58:38.0716217Z git version 2.53.0
2026-04-13T07:58:38.0743883Z ##[endgroup]
2026-04-13T07:58:38.0757921Z Temporarily overriding HOME='/home/runner/work/_temp/f5a02d8b-0a29-4623-b387-26c0676d6bd8' before making global git config changes
2026-04-13T07:58:38.0761434Z Adding repository directory to the temporary git global config as a safe directory
2026-04-13T07:58:38.0762808Z [command]/usr/bin/git config --global --add safe.directory /home/runner/work/libucl/libucl
2026-04-13T07:58:38.0792428Z Deleting the contents of '/home/runner/work/libucl/libucl'
2026-04-13T07:58:38.0795950Z ##[group]Initializing the repository
2026-04-13T07:58:38.0799027Z [command]/usr/bin/git init /home/runner/work/libucl/libucl
2026-04-13T07:58:38.0878409Z hint: Using 'master' as the name for the initial branch. This default branch name
2026-04-13T07:58:38.0880167Z hint: will change to "main" in Git 3.0. To configure the initial branch name
2026-04-13T07:58:38.0882089Z hint: to use in all of your new repositories, which will suppress this warning,
2026-04-13T07:58:38.0883397Z hint: call:
2026-04-13T07:58:38.0884052Z hint:
2026-04-13T07:58:38.0884888Z hint: 	git config --global init.defaultBranch <name>
2026-04-13T07:58:38.0885947Z hint:
2026-04-13T07:58:38.0886919Z hint: Names commonly chosen instead of 'master' are 'main', 'trunk' and
2026-04-13T07:58:38.0888433Z hint: 'development'. The just-created branch can be renamed via this command:
2026-04-13T07:58:38.0889692Z hint:
2026-04-13T07:58:38.0890394Z hint: 	git branch -m <name>
2026-04-13T07:58:38.0891611Z hint:
2026-04-13T07:58:38.0892654Z hint: Disable this message with "git config set advice.defaultBranchName false"
2026-04-13T07:58:38.0894229Z Initialized empty Git repository in /home/runner/work/libucl/libucl/.git/
2026-04-13T07:58:38.0896585Z [command]/usr/bin/git remote add origin https://github.com/vstakhov/libucl
2026-04-13T07:58:38.0919704Z ##[endgroup]
2026-04-13T07:58:38.0921151Z ##[group]Disabling automatic garbage collection
2026-04-13T07:58:38.0923013Z [command]/usr/bin/git config --local gc.auto 0
2026-04-13T07:58:38.0949189Z ##[endgroup]
2026-04-13T07:58:38.0950401Z ##[group]Setting up auth
2026-04-13T07:58:38.0955447Z [command]/usr/bin/git config --local --name-only --get-regexp core\.sshCommand
2026-04-13T07:58:38.0982113Z [command]/usr/bin/git submodule foreach --recursive sh -c "git config --local --name-only --get-regexp 'core\.sshCommand' && git config --local --unset-all 'core.sshCommand' || :"
2026-04-13T07:58:38.1249504Z [command]/usr/bin/git config --local --name-only --get-regexp http\.https\:\/\/github\.com\/\.extraheader
2026-04-13T07:58:38.1275656Z [command]/usr/bin/git submodule foreach --recursive sh -c "git config --local --name-only --get-regexp 'http\.https\:\/\/github\.com\/\.extraheader' && git config --local --unset-all 'http.https://github.com/.extraheader' || :"
2026-04-13T07:58:38.1486379Z [command]/usr/bin/git config --local http.https://github.com/.extraheader AUTHORIZATION: basic ***
2026-04-13T07:58:38.1517598Z ##[endgroup]
2026-04-13T07:58:38.1518326Z ##[group]Fetching the repository
2026-04-13T07:58:38.1526145Z [command]/usr/bin/git -c protocol.version=2 fetch --no-tags --prune --progress --no-recurse-submodules --depth=1 origin +e4b95c6c60e2a4aa79def894b59fdcecf9928e1a:refs/remotes/origin/master
2026-04-13T07:58:38.3702774Z remote: Enumerating objects: 210, done.        
2026-04-13T07:58:38.3704199Z remote: Counting objects:   0% (1/210)        
2026-04-13T07:58:38.3705010Z remote: Counting objects:   1% (3/210)        
2026-04-13T07:58:38.3705788Z remote: Counting objects:   2% (5/210)        
2026-04-13T07:58:38.3706552Z remote: Counting objects:   3% (7/210)        
2026-04-13T07:58:38.3707343Z remote: Counting objects:   4% (9/210)        
2026-04-13T07:58:38.3708127Z remote: Counting objects:   5% (11/210)        
2026-04-13T07:58:38.3708843Z remote: Counting objects:   6% (13/210)        
2026-04-13T07:58:38.3709495Z remote: Counting objects:   7% (15/210)        
2026-04-13T07:58:38.3710140Z remote: Counting objects:   8% (17/210)        
2026-04-13T07:58:38.3711048Z remote: Counting objects:   9% (19/210)        
2026-04-13T07:58:38.3711719Z remote: Counting objects:  10% (21/210)        
2026-04-13T07:58:38.3712382Z remote: Counting objects:  11% (24/210)        
2026-04-13T07:58:38.3713473Z remote: Counting objects:  12% (26/210)        
2026-04-13T07:58:38.3714717Z remote: Counting objects:  13% (28/210)        
2026-04-13T07:58:38.3715958Z remote: Counting objects:  14% (30/210)        
2026-04-13T07:58:38.3717123Z remote: Counting objects:  15% (32/210)        
2026-04-13T07:58:38.3718181Z remote: Counting objects:  16% (34/210)        
2026-04-13T07:58:38.3718854Z remote: Counting objects:  17% (36/210)        
2026-04-13T07:58:38.3719730Z remote: Counting objects:  18% (38/210)        
2026-04-13T07:58:38.3720316Z remote: Counting objects:  19% (40/210)        
2026-04-13T07:58:38.3721638Z remote: Counting objects:  20% (42/210)        
2026-04-13T07:58:38.3723035Z remote: Counting objects:  21% (45/210)        
2026-04-13T07:58:38.3724172Z remote: Counting objects:  22% (47/210)        
2026-04-13T07:58:38.3725198Z remote: Counting objects:  23% (49/210)        
2026-04-13T07:58:38.3725817Z remote: Counting objects:  24% (51/210)        
2026-04-13T07:58:38.3726409Z remote: Counting objects:  25% (53/210)        
2026-04-13T07:58:38.3727003Z remote: Counting objects:  26% (55/210)        
2026-04-13T07:58:38.3727590Z remote: Counting objects:  27% (57/210)        
2026-04-13T07:58:38.3728179Z remote: Counting objects:  28% (59/210)        
2026-04-13T07:58:38.3728756Z remote: Counting objects:  29% (61/210)        
2026-04-13T07:58:38.3729392Z remote: Counting objects:  30% (63/210)        
2026-04-13T07:58:38.3729988Z remote: Counting objects:  31% (66/210)        
2026-04-13T07:58:38.3730569Z remote: Counting objects:  32% (68/210)        
2026-04-13T07:58:38.3731305Z remote: Counting objects:  33% (70/210)        
2026-04-13T07:58:38.3731956Z remote: Counting objects:  34% (72/210)        
2026-04-13T07:58:38.3732532Z remote: Counting objects:  35% (74/210)        
2026-04-13T07:58:38.3733108Z remote: Counting objects:  36% (76/210)        
2026-04-13T07:58:38.3733688Z remote: Counting objects:  37% (78/210)        
2026-04-13T07:58:38.3734259Z remote: Counting objects:  38% (80/210)        
2026-04-13T07:58:38.3734828Z remote: Counting objects:  39% (82/210)        
2026-04-13T07:58:38.3735403Z remote: Counting objects:  40% (84/210)        
2026-04-13T07:58:38.3735977Z remote: Counting objects:  41% (87/210)        
2026-04-13T07:58:38.3736553Z remote: Counting objects:  42% (89/210)        
2026-04-13T07:58:38.3737123Z remote: Counting objects:  43% (91/210)        
2026-04-13T07:58:38.3737710Z remote: Counting objects:  44% (93/210)        
2026-04-13T07:58:38.3738283Z remote: Counting objects:  45% (95/210)        
2026-04-13T07:58:38.3738860Z remote: Counting objects:  46% (97/210)        
2026-04-13T07:58:38.3739432Z remote: Counting objects:  47% (99/210)        
2026-04-13T07:58:38.3740007Z remote: Counting objects:  48% (101/210)        
2026-04-13T07:58:38.3740973Z remote: Counting objects:  49% (103/210)        
2026-04-13T07:58:38.3741596Z remote: Counting objects:  50% (105/210)        
2026-04-13T07:58:38.3742186Z remote: Counting objects:  51% (108/210)        
2026-04-13T07:58:38.3742783Z remote: Counting objects:  52% (110/210)        
2026-04-13T07:58:38.3743378Z remote: Counting objects:  53% (112/210)        
2026-04-13T07:58:38.3743964Z remote: Counting objects:  54% (114/210)        
2026-04-13T07:58:38.3744557Z remote: Counting objects:  55% (116/210)        
2026-04-13T07:58:38.3745131Z remote: Counting objects:  56% (118/210)        
2026-04-13T07:58:38.3745709Z remote: Counting objects:  57% (120/210)        
2026-04-13T07:58:38.3746294Z remote: Counting objects:  58% (122/210)        
2026-04-13T07:58:38.3746881Z remote: Counting objects:  59% (124/210)        
2026-04-13T07:58:38.3747465Z remote: Counting objects:  60% (126/210)        
2026-04-13T07:58:38.3748060Z remote: Counting objects:  61% (129/210)        
2026-04-13T07:58:38.3748663Z remote: Counting objects:  62% (131/210)        
2026-04-13T07:58:38.3749251Z remote: Counting objects:  63% (133/210)        
2026-04-13T07:58:38.3749862Z remote: Counting objects:  64% (135/210)        
2026-04-13T07:58:38.3750460Z remote: Counting objects:  65% (137/210)        
2026-04-13T07:58:38.3751181Z remote: Counting objects:  66% (139/210)        
2026-04-13T07:58:38.3751776Z remote: Counting objects:  67% (141/210)        
2026-04-13T07:58:38.3752356Z remote: Counting objects:  68% (143/210)        
2026-04-13T07:58:38.3752929Z remote: Counting objects:  69% (145/210)        
2026-04-13T07:58:38.3753653Z remote: Counting objects:  70% (147/210)        
2026-04-13T07:58:38.3754226Z remote: Counting objects:  71% (150/210)        
2026-04-13T07:58:38.3754801Z remote: Counting objects:  72% (152/210)        
2026-04-13T07:58:38.3755365Z remote: Counting objects:  73% (154/210)        
2026-04-13T07:58:38.3755937Z remote: Counting objects:  74% (156/210)        
2026-04-13T07:58:38.3756531Z remote: Counting objects:  75% (158/210)        
2026-04-13T07:58:38.3757279Z remote: Counting objects:  76% (160/210)        
2026-04-13T07:58:38.3758107Z remote: Counting objects:  77% (162/210)        
2026-04-13T07:58:38.3758982Z remote: Counting objects:  78% (164/210)        
2026-04-13T07:58:38.3759928Z remote: Counting objects:  79% (166/210)        
2026-04-13T07:58:38.3761064Z remote: Counting objects:  80% (168/210)        
2026-04-13T07:58:38.3761704Z remote: Counting objects:  81% (171/210)        
2026-04-13T07:58:38.3762309Z remote: Counting objects:  82% (173/210)        
2026-04-13T07:58:38.3762888Z remote: Counting objects:  83% (175/210)        
2026-04-13T07:58:38.3763481Z remote: Counting objects:  84% (177/210)        
2026-04-13T07:58:38.3764058Z remote: Counting objects:  85% (179/210)        
2026-04-13T07:58:38.3764640Z remote: Counting objects:  86% (181/210)        
2026-04-13T07:58:38.3765364Z remote: Counting objects:  87% (183/210)        
2026-04-13T07:58:38.3766247Z remote: Counting objects:  88% (185/210)        
2026-04-13T07:58:38.3766942Z remote: Counting objects:  89% (187/210)        
2026-04-13T07:58:38.3767873Z remote: Counting objects:  90% (189/210)        
2026-04-13T07:58:38.3768587Z remote: Counting objects:  91% (192/210)        
2026-04-13T07:58:38.3769160Z remote: Counting objects:  92% (194/210)        
2026-04-13T07:58:38.3769737Z remote: Counting objects:  93% (196/210)        
2026-04-13T07:58:38.3770313Z remote: Counting objects:  94% (198/210)        
2026-04-13T07:58:38.3771015Z remote: Counting objects:  95% (200/210)        
2026-04-13T07:58:38.3771591Z remote: Counting objects:  96% (202/210)        
2026-04-13T07:58:38.3772171Z remote: Counting objects:  97% (204/210)        
2026-04-13T07:58:38.3772742Z remote: Counting objects:  98% (206/210)        
2026-04-13T07:58:38.3773313Z remote: Counting objects:  99% (208/210)        
2026-04-13T07:58:38.3773888Z remote: Counting objects: 100% (210/210)        
2026-04-13T07:58:38.3774698Z remote: Counting objects: 100% (210/210), done.        
2026-04-13T07:58:38.3775343Z remote: Compressing objects:   0% (1/153)        
2026-04-13T07:58:38.3775934Z remote: Compressing objects:   1% (2/153)        
2026-04-13T07:58:38.3776532Z remote: Compressing objects:   2% (4/153)        
2026-04-13T07:58:38.3777129Z remote: Compressing objects:   3% (5/153)        
2026-04-13T07:58:38.3777715Z remote: Compressing objects:   4% (7/153)        
2026-04-13T07:58:38.3778302Z remote: Compressing objects:   5% (8/153)        
2026-04-13T07:58:38.3778895Z remote: Compressing objects:   6% (10/153)        
2026-04-13T07:58:38.3779492Z remote: Compressing objects:   7% (11/153)        
2026-04-13T07:58:38.3780094Z remote: Compressing objects:   8% (13/153)        
2026-04-13T07:58:38.3780695Z remote: Compressing objects:   9% (14/153)        
2026-04-13T07:58:38.3781422Z remote: Compressing objects:  10% (16/153)        
2026-04-13T07:58:38.3782026Z remote: Compressing objects:  11% (17/153)        
2026-04-13T07:58:38.3782633Z remote: Compressing objects:  12% (19/153)        
2026-04-13T07:58:38.3783226Z remote: Compressing objects:  13% (20/153)        
2026-04-13T07:58:38.3783819Z remote: Compressing objects:  14% (22/153)        
2026-04-13T07:58:38.3784412Z remote: Compressing objects:  15% (23/153)        
2026-04-13T07:58:38.3785006Z remote: Compressing objects:  16% (25/153)        
2026-04-13T07:58:38.3785585Z remote: Compressing objects:  17% (27/153)        
2026-04-13T07:58:38.3786172Z remote: Compressing objects:  18% (28/153)        
2026-04-13T07:58:38.3786764Z remote: Compressing objects:  19% (30/153)        
2026-04-13T07:58:38.3787479Z remote: Compressing objects:  20% (31/153)        
2026-04-13T07:58:38.3788068Z remote: Compressing objects:  21% (33/153)        
2026-04-13T07:58:38.3788654Z remote: Compressing objects:  22% (34/153)        
2026-04-13T07:58:38.3789250Z remote: Compressing objects:  23% (36/153)        
2026-04-13T07:58:38.3789831Z remote: Compressing objects:  24% (37/153)        
2026-04-13T07:58:38.3790455Z remote: Compressing objects:  25% (39/153)        
2026-04-13T07:58:38.3791171Z remote: Compressing objects:  26% (40/153)        
2026-04-13T07:58:38.3791786Z remote: Compressing objects:  27% (42/153)        
2026-04-13T07:58:38.3792403Z remote: Compressing objects:  28% (43/153)        
2026-04-13T07:58:38.3793336Z remote: Compressing objects:  29% (45/153)        
2026-04-13T07:58:38.3794097Z remote: Compressing objects:  30% (46/153)        
2026-04-13T07:58:38.3795074Z remote: Compressing objects:  31% (48/153)        
2026-04-13T07:58:38.3795767Z remote: Compressing objects:  32% (49/153)        
2026-04-13T07:58:38.3796382Z remote: Compressing objects:  33% (51/153)        
2026-04-13T07:58:38.3796990Z remote: Compressing objects:  34% (53/153)        
2026-04-13T07:58:38.3797581Z remote: Compressing objects:  35% (54/153)        
2026-04-13T07:58:38.3798177Z remote: Compressing objects:  36% (56/153)        
2026-04-13T07:58:38.3798769Z remote: Compressing objects:  37% (57/153)        
2026-04-13T07:58:38.3799354Z remote: Compressing objects:  38% (59/153)        
2026-04-13T07:58:38.3800225Z remote: Compressing objects:  39% (60/153)        
2026-04-13T07:58:38.3801469Z remote: Compressing objects:  40% (62/153)        
2026-04-13T07:58:38.3802393Z remote: Compressing objects:  41% (63/153)        
2026-04-13T07:58:38.3803001Z remote: Compressing objects:  42% (65/153)        
2026-04-13T07:58:38.3803600Z remote: Compressing objects:  43% (66/153)        
2026-04-13T07:58:38.3804184Z remote: Compressing objects:  44% (68/153)        
2026-04-13T07:58:38.3804764Z remote: Compressing objects:  45% (69/153)        
2026-04-13T07:58:38.3805369Z remote: Compressing objects:  46% (71/153)        
2026-04-13T07:58:38.3805955Z remote: Compressing objects:  47% (72/153)        
2026-04-13T07:58:38.3806584Z remote: Compressing objects:  48% (74/153)        
2026-04-13T07:58:38.3807173Z remote: Compressing objects:  49% (75/153)        
2026-04-13T07:58:38.3807758Z remote: Compressing objects:  50% (77/153)        
2026-04-13T07:58:38.3808503Z remote: Compressing objects:  51% (79/153)        
2026-04-13T07:58:38.3809095Z remote: Compressing objects:  52% (80/153)        
2026-04-13T07:58:38.3809680Z remote: Compressing objects:  53% (82/153)        
2026-04-13T07:58:38.3810261Z remote: Compressing objects:  54% (83/153)        
2026-04-13T07:58:38.3810996Z remote: Compressing objects:  55% (85/153)        
2026-04-13T07:58:38.3811606Z remote: Compressing objects:  56% (86/153)        
2026-04-13T07:58:38.3812198Z remote: Compressing objects:  57% (88/153)        
2026-04-13T07:58:38.3812785Z remote: Compressing objects:  58% (89/153)        
2026-04-13T07:58:38.3813376Z remote: Compressing objects:  59% (91/153)        
2026-04-13T07:58:38.3813965Z remote: Compressing objects:  60% (92/153)        
2026-04-13T07:58:38.3814552Z remote: Compressing objects:  61% (94/153)        
2026-04-13T07:58:38.3815137Z remote: Compressing objects:  62% (95/153)        
2026-04-13T07:58:38.3815770Z remote: Compressing objects:  63% (97/153)        
2026-04-13T07:58:38.3816385Z remote: Compressing objects:  64% (98/153)        
2026-04-13T07:58:38.3900887Z remote: Compressing objects:  65% (100/153)        
2026-04-13T07:58:38.3902403Z remote: Compressing objects:  66% (101/153)        
2026-04-13T07:58:38.3903577Z remote: Compressing objects:  67% (103/153)        
2026-04-13T07:58:38.3904785Z remote: Compressing objects:  68% (105/153)        
2026-04-13T07:58:38.3905798Z remote: Compressing objects:  69% (106/153)        
2026-04-13T07:58:38.3906541Z remote: Compressing objects:  70% (108/153)        
2026-04-13T07:58:38.3907522Z remote: Compressing objects:  71% (109/153)        
2026-04-13T07:58:38.3909512Z remote: Compressing objects:  72% (111/153)        
2026-04-13T07:58:38.3925376Z remote: Compressing objects:  73% (112/153)        
2026-04-13T07:58:38.3929381Z remote: Compressing objects:  74% (114/153)        
2026-04-13T07:58:38.3946209Z remote: Compressing objects:  75% (115/153)        
2026-04-13T07:58:38.3958957Z remote: Compressing objects:  76% (117/153)        
2026-04-13T07:58:38.3991434Z remote: Compressing objects:  77% (118/153)        
2026-04-13T07:58:38.4000161Z remote: Compressing objects:  78% (120/153)        
2026-04-13T07:58:38.4030532Z remote: Compressing objects:  79% (121/153)        
2026-04-13T07:58:38.4032530Z remote: Compressing objects:  80% (123/153)        
2026-04-13T07:58:38.4042534Z remote: Compressing objects:  81% (124/153)        
2026-04-13T07:58:38.4049585Z remote: Compressing objects:  82% (126/153)        
2026-04-13T07:58:38.4059737Z remote: Compressing objects:  83% (127/153)        
2026-04-13T07:58:38.4066876Z remote: Compressing objects:  84% (129/153)        
2026-04-13T07:58:38.4069878Z remote: Compressing objects:  85% (131/153)        
2026-04-13T07:58:38.4076093Z remote: Compressing objects:  86% (132/153)        
2026-04-13T07:58:38.4079192Z remote: Compressing objects:  87% (134/153)        
2026-04-13T07:58:38.4087096Z remote: Compressing objects:  88% (135/153)        
2026-04-13T07:58:38.4088174Z remote: Compressing objects:  89% (137/153)        
2026-04-13T07:58:38.4089296Z remote: Compressing objects:  90% (138/153)        
2026-04-13T07:58:38.4090205Z remote: Compressing objects:  91% (140/153)        
2026-04-13T07:58:38.4091142Z remote: Compressing objects:  92% (141/153)        
2026-04-13T07:58:38.4091780Z remote: Compressing objects:  93% (143/153)        
2026-04-13T07:58:38.4092383Z remote: Compressing objects:  94% (144/153)        
2026-04-13T07:58:38.4093015Z remote: Compressing objects:  95% (146/153)        
2026-04-13T07:58:38.4093608Z remote: Compressing objects:  96% (147/153)        
2026-04-13T07:58:38.4094209Z remote: Compressing objects:  97% (149/153)        
2026-04-13T07:58:38.4094833Z remote: Compressing objects:  98% (150/153)        
2026-04-13T07:58:38.4095427Z remote: Compressing objects:  99% (152/153)        
2026-04-13T07:58:38.4096013Z remote: Compressing objects: 100% (153/153)        
2026-04-13T07:58:38.4096910Z remote: Compressing objects: 100% (153/153), done.        
2026-04-13T07:58:38.4120838Z Receiving objects:   0% (1/210)
2026-04-13T07:58:38.4121820Z Receiving objects:   1% (3/210)
2026-04-13T07:58:38.4122309Z Receiving objects:   2% (5/210)
2026-04-13T07:58:38.4122771Z Receiving objects:   3% (7/210)
2026-04-13T07:58:38.4150475Z Receiving objects:   4% (9/210)
2026-04-13T07:58:38.4192929Z Receiving objects:   5% (11/210)
2026-04-13T07:58:38.4194257Z Receiving objects:   6% (13/210)
2026-04-13T07:58:38.4243476Z Receiving objects:   7% (15/210)
2026-04-13T07:58:38.4244371Z Receiving objects:   8% (17/210)
2026-04-13T07:58:38.4244887Z Receiving objects:   9% (19/210)
2026-04-13T07:58:38.4282358Z Receiving objects:  10% (21/210)
2026-04-13T07:58:38.4283252Z Receiving objects:  11% (24/210)
2026-04-13T07:58:38.4283886Z Receiving objects:  12% (26/210)
2026-04-13T07:58:38.4284404Z Receiving objects:  13% (28/210)
2026-04-13T07:58:38.4290700Z Receiving objects:  14% (30/210)
2026-04-13T07:58:38.4300303Z Receiving objects:  15% (32/210)
2026-04-13T07:58:38.4304547Z Receiving objects:  16% (34/210)
2026-04-13T07:58:38.4305253Z Receiving objects:  17% (36/210)
2026-04-13T07:58:38.4305781Z Receiving objects:  18% (38/210)
2026-04-13T07:58:38.4308618Z Receiving objects:  19% (40/210)
2026-04-13T07:58:38.4349547Z Receiving objects:  20% (42/210)
2026-04-13T07:58:38.4350473Z Receiving objects:  21% (45/210)
2026-04-13T07:58:38.4351511Z Receiving objects:  22% (47/210)
2026-04-13T07:58:38.4352392Z Receiving objects:  23% (49/210)
2026-04-13T07:58:38.4353226Z Receiving objects:  24% (51/210)
2026-04-13T07:58:38.4353860Z Receiving objects:  25% (53/210)
2026-04-13T07:58:38.4394748Z Receiving objects:  26% (55/210)
2026-04-13T07:58:38.4395794Z Receiving objects:  27% (57/210)
2026-04-13T07:58:38.4396761Z Receiving objects:  28% (59/210)
2026-04-13T07:58:38.4436307Z Receiving objects:  29% (61/210)
2026-04-13T07:58:38.4465062Z Receiving objects:  30% (63/210)
2026-04-13T07:58:38.4472597Z Receiving objects:  31% (66/210)
2026-04-13T07:58:38.4475236Z Receiving objects:  32% (68/210)
2026-04-13T07:58:38.4494876Z Receiving objects:  33% (70/210)
2026-04-13T07:58:38.4505421Z Receiving objects:  34% (72/210)
2026-04-13T07:58:38.4530897Z Receiving objects:  35% (74/210)
2026-04-13T07:58:38.4531753Z Receiving objects:  36% (76/210)
2026-04-13T07:58:38.4550242Z Receiving objects:  37% (78/210)
2026-04-13T07:58:38.4551557Z Receiving objects:  38% (80/210)
2026-04-13T07:58:38.4552509Z Receiving objects:  39% (82/210)
2026-04-13T07:58:38.4553482Z Receiving objects:  40% (84/210)
2026-04-13T07:58:38.4554362Z Receiving objects:  41% (87/210)
2026-04-13T07:58:38.4555350Z Receiving objects:  42% (89/210)
2026-04-13T07:58:38.4556165Z Receiving objects:  43% (91/210)
2026-04-13T07:58:38.4557005Z Receiving objects:  44% (93/210)
2026-04-13T07:58:38.4557650Z Receiving objects:  45% (95/210)
2026-04-13T07:58:38.4558342Z Receiving objects:  46% (97/210)
2026-04-13T07:58:38.4559012Z Receiving objects:  47% (99/210)
2026-04-13T07:58:38.4559618Z Receiving objects:  48% (101/210)
2026-04-13T07:58:38.4560111Z Receiving objects:  49% (103/210)
2026-04-13T07:58:38.4560582Z Receiving objects:  50% (105/210)
2026-04-13T07:58:38.4561420Z Receiving objects:  51% (108/210)
2026-04-13T07:58:38.4561909Z Receiving objects:  52% (110/210)
2026-04-13T07:58:38.4562387Z Receiving objects:  53% (112/210)
2026-04-13T07:58:38.4562862Z Receiving objects:  54% (114/210)
2026-04-13T07:58:38.4563333Z Receiving objects:  55% (116/210)
2026-04-13T07:58:38.4563803Z Receiving objects:  56% (118/210)
2026-04-13T07:58:38.4633519Z Receiving objects:  57% (120/210)
2026-04-13T07:58:38.4634542Z Receiving objects:  58% (122/210)
2026-04-13T07:58:38.4635497Z Receiving objects:  59% (124/210)
2026-04-13T07:58:38.4636432Z Receiving objects:  60% (126/210)
2026-04-13T07:58:38.4637414Z Receiving objects:  61% (129/210)
2026-04-13T07:58:38.4638331Z Receiving objects:  62% (131/210)
2026-04-13T07:58:38.4639142Z Receiving objects:  63% (133/210)
2026-04-13T07:58:38.4639756Z Receiving objects:  64% (135/210)
2026-04-13T07:58:38.4641209Z Receiving objects:  65% (137/210)
2026-04-13T07:58:38.4642115Z Receiving objects:  66% (139/210)
2026-04-13T07:58:38.4642910Z Receiving objects:  67% (141/210)
2026-04-13T07:58:38.4643690Z Receiving objects:  68% (143/210)
2026-04-13T07:58:38.4644348Z Receiving objects:  69% (145/210)
2026-04-13T07:58:38.4644826Z Receiving objects:  70% (147/210)
2026-04-13T07:58:38.4645290Z Receiving objects:  71% (150/210)
2026-04-13T07:58:38.4645763Z Receiving objects:  72% (152/210)
2026-04-13T07:58:38.4646261Z Receiving objects:  73% (154/210)
2026-04-13T07:58:38.5703751Z Receiving objects:  74% (156/210)
2026-04-13T07:58:38.5705588Z remote: Total 210 (delta 30), reused 128 (delta 22), pack-reused 0 (from 0)        
2026-04-13T07:58:38.5710333Z Receiving objects:  75% (158/210)
2026-04-13T07:58:38.5711477Z Receiving objects:  76% (160/210)
2026-04-13T07:58:38.5713178Z Receiving objects:  77% (162/210)
2026-04-13T07:58:38.5713982Z Receiving objects:  78% (164/210)
2026-04-13T07:58:38.5714783Z Receiving objects:  79% (166/210)
2026-04-13T07:58:38.5715670Z Receiving objects:  80% (168/210)
2026-04-13T07:58:38.5716459Z Receiving objects:  81% (171/210)
2026-04-13T07:58:38.5717226Z Receiving objects:  82% (173/210)
2026-04-13T07:58:38.5717995Z Receiving objects:  83% (175/210)
2026-04-13T07:58:38.5718868Z Receiving objects:  84% (177/210)
2026-04-13T07:58:38.5719757Z Receiving objects:  85% (179/210)
2026-04-13T07:58:38.5720636Z Receiving objects:  86% (181/210)
2026-04-13T07:58:38.5721764Z Receiving objects:  87% (183/210)
2026-04-13T07:58:38.5722656Z Receiving objects:  88% (185/210)
2026-04-13T07:58:38.5723464Z Receiving objects:  89% (187/210)
2026-04-13T07:58:38.5724510Z Receiving objects:  90% (189/210)
2026-04-13T07:58:38.5725314Z Receiving objects:  91% (192/210)
2026-04-13T07:58:38.5726079Z Receiving objects:  92% (194/210)
2026-04-13T07:58:38.5726854Z Receiving objects:  93% (196/210)
2026-04-13T07:58:38.5727628Z Receiving objects:  94% (198/210)
2026-04-13T07:58:38.5728394Z Receiving objects:  95% (200/210)
2026-04-13T07:58:38.5730175Z Receiving objects:  96% (202/210)
2026-04-13T07:58:38.5731606Z Receiving objects:  97% (204/210)
2026-04-13T07:58:38.5732445Z Receiving objects:  98% (206/210)
2026-04-13T07:58:38.5733977Z Receiving objects:  99% (208/210)
2026-04-13T07:58:38.5734833Z Receiving objects: 100% (210/210)
2026-04-13T07:58:38.5735876Z Receiving objects: 100% (210/210), 2.00 MiB | 12.40 MiB/s, done.
2026-04-13T07:58:38.5739135Z Resolving deltas:   0% (0/30)
2026-04-13T07:58:38.5740494Z Resolving deltas:   3% (1/30)
2026-04-13T07:58:38.5741660Z Resolving deltas:   6% (2/30)
2026-04-13T07:58:38.5742499Z Resolving deltas:  10% (3/30)
2026-04-13T07:58:38.5743399Z Resolving deltas:  13% (4/30)
2026-04-13T07:58:38.5744293Z Resolving deltas:  16% (5/30)
2026-04-13T07:58:38.5746953Z Resolving deltas:  20% (6/30)
2026-04-13T07:58:38.5748025Z Resolving deltas:  23% (7/30)
2026-04-13T07:58:38.5749332Z Resolving deltas:  26% (8/30)
2026-04-13T07:58:38.5750455Z Resolving deltas:  30% (9/30)
2026-04-13T07:58:38.5752131Z Resolving deltas:  33% (10/30)
2026-04-13T07:58:38.5753104Z Resolving deltas:  36% (11/30)
2026-04-13T07:58:38.5754125Z Resolving deltas:  40% (12/30)
2026-04-13T07:58:38.5754947Z Resolving deltas:  43% (13/30)
2026-04-13T07:58:38.5755703Z Resolving deltas:  46% (14/30)
2026-04-13T07:58:38.5756467Z Resolving deltas:  50% (15/30)
2026-04-13T07:58:38.5757202Z Resolving deltas:  53% (16/30)
2026-04-13T07:58:38.5757940Z Resolving deltas:  56% (17/30)
2026-04-13T07:58:38.5758670Z Resolving deltas:  60% (18/30)
2026-04-13T07:58:38.5759406Z Resolving deltas:  63% (19/30)
2026-04-13T07:58:38.5760135Z Resolving deltas:  66% (20/30)
2026-04-13T07:58:38.5761142Z Resolving deltas:  70% (21/30)
2026-04-13T07:58:38.5761907Z Resolving deltas:  73% (22/30)
2026-04-13T07:58:38.5762669Z Resolving deltas:  80% (24/30)
2026-04-13T07:58:38.5763441Z Resolving deltas:  83% (25/30)
2026-04-13T07:58:38.5764164Z Resolving deltas:  86% (26/30)
2026-04-13T07:58:38.5764902Z Resolving deltas:  90% (27/30)
2026-04-13T07:58:38.5765896Z Resolving deltas:  93% (28/30)
2026-04-13T07:58:38.5766660Z Resolving deltas:  96% (29/30)
2026-04-13T07:58:38.5767384Z Resolving deltas: 100% (30/30)
2026-04-13T07:58:38.5768124Z Resolving deltas: 100% (30/30), done.
2026-04-13T07:58:38.5872379Z From https://github.com/vstakhov/libucl
2026-04-13T07:58:38.5873666Z  * [new ref]         e4b95c6c60e2a4aa79def894b59fdcecf9928e1a -> origin/master
2026-04-13T07:58:38.5903160Z ##[endgroup]
2026-04-13T07:58:38.5903868Z ##[group]Determining the checkout info
2026-04-13T07:58:38.5905411Z ##[endgroup]
2026-04-13T07:58:38.5906197Z ##[group]Checking out the ref
2026-04-13T07:58:38.5909875Z [command]/usr/bin/git checkout --progress --force -B master refs/remotes/origin/master
2026-04-13T07:58:38.6070067Z Reset branch 'master'
2026-04-13T07:58:38.6073622Z branch 'master' set up to track 'origin/master'.
2026-04-13T07:58:38.6080176Z ##[endgroup]
2026-04-13T07:58:38.6111771Z [command]/usr/bin/git log -1 --format='%H'
2026-04-13T07:58:38.6132224Z 'e4b95c6c60e2a4aa79def894b59fdcecf9928e1a'
2026-04-13T07:58:38.6334677Z ##[group]Run echo "build-output-dir=/home/runner/work/libucl/libucl/build" >> "$GITHUB_OUTPUT"
2026-04-13T07:58:38.6335880Z [36;1mecho "build-output-dir=/home/runner/work/libucl/libucl/build" >> "$GITHUB_OUTPUT"[0m
2026-04-13T07:58:38.6361883Z shell: /usr/bin/bash --noprofile --norc -e -o pipefail {0}
2026-04-13T07:58:38.6362509Z ##[endgroup]
2026-04-13T07:58:38.6547767Z ##[group]Run cmake -B /home/runner/work/libucl/libucl/build -DCMAKE_CXX_COMPILER=g++ -DCMAKE_C_COMPILER=gcc -DCMAKE_BUILD_TYPE=Release -S /home/runner/work/libucl/libucl
2026-04-13T07:58:38.6549741Z [36;1mcmake -B /home/runner/work/libucl/libucl/build -DCMAKE_CXX_COMPILER=g++ -DCMAKE_C_COMPILER=gcc -DCMAKE_BUILD_TYPE=Release -S /home/runner/work/libucl/libucl[0m
2026-04-13T07:58:38.6571415Z shell: /usr/bin/bash -e {0}
2026-04-13T07:58:38.6571881Z ##[endgroup]
2026-04-13T07:58:38.9302189Z CMake Deprecation Warning at CMakeLists.txt:1 (CMAKE_MINIMUM_REQUIRED):
2026-04-13T07:58:38.9303429Z   Compatibility with CMake < 3.10 will be removed from a future version of
2026-04-13T07:58:38.9304527Z   CMake.
2026-04-13T07:58:38.9304756Z 
2026-04-13T07:58:38.9305172Z   Update the VERSION argument <min> value.  Or, use the <min>...<max> syntax
2026-04-13T07:58:38.9306169Z   to tell CMake that the project requires at least <min> but has been updated
2026-04-13T07:58:38.9307086Z   to work with policies introduced by <max> or earlier.
2026-04-13T07:58:38.9307546Z 
2026-04-13T07:58:38.9307553Z 
2026-04-13T07:58:39.5174903Z -- The C compiler identification is GNU 13.3.0
2026-04-13T07:58:39.6130085Z -- Detecting C compiler ABI info
2026-04-13T07:58:39.7718842Z -- Detecting C compiler ABI info - done
2026-04-13T07:58:39.7890316Z -- Check for working C compiler: /usr/bin/gcc - skipped
2026-04-13T07:58:39.8625577Z -- Detecting C compile features
2026-04-13T07:58:39.9054557Z -- Detecting C compile features - done
2026-04-13T07:58:39.9840701Z -- Found OpenSSL: /usr/lib/x86_64-linux-gnu/libcrypto.so (found version "3.0.13")
2026-04-13T07:58:39.9900944Z -- Performing Test HAVE_ATOMIC_BUILTINS
2026-04-13T07:58:40.0407734Z -- Performing Test HAVE_ATOMIC_BUILTINS - Success
2026-04-13T07:58:40.0416020Z -- Performing Test SUPPORT_W
2026-04-13T07:58:40.0898696Z -- Performing Test SUPPORT_W - Success
2026-04-13T07:58:40.0907093Z -- Performing Test SUPPORT_WPOINTER_SIGN
2026-04-13T07:58:40.1401534Z -- Performing Test SUPPORT_WPOINTER_SIGN - Success
2026-04-13T07:58:40.1413851Z -- Performing Test SUPPORT_WUNUSED_PARAMETER
2026-04-13T07:58:40.1897638Z -- Performing Test SUPPORT_WUNUSED_PARAMETER - Success
2026-04-13T07:58:40.1916831Z -- Configuring done (1.3s)
2026-04-13T07:58:40.2066965Z CMake Warning:
2026-04-13T07:58:40.2067421Z -- Generating done (0.0s)
2026-04-13T07:58:40.2068076Z   Manually-specified variables were not used by the project:
2026-04-13T07:58:40.2068556Z 
2026-04-13T07:58:40.2068724Z     CMAKE_CXX_COMPILER
2026-04-13T07:58:40.2069006Z 
2026-04-13T07:58:40.2069016Z 
2026-04-13T07:58:40.2071522Z -- Build files have been written to: /home/runner/work/libucl/libucl/build
2026-04-13T07:58:40.2128242Z ##[group]Run cmake --build /home/runner/work/libucl/libucl/build --config Release
2026-04-13T07:58:40.2128872Z [36;1mcmake --build /home/runner/work/libucl/libucl/build --config Release[0m
2026-04-13T07:58:40.2151122Z shell: /usr/bin/bash -e {0}
2026-04-13T07:58:40.2151405Z ##[endgroup]
2026-04-13T07:58:40.2338980Z [  3%] Building C object CMakeFiles/ucl.dir/src/ucl_util.c.o
2026-04-13T07:58:41.3497506Z [  7%] Building C object CMakeFiles/ucl.dir/src/ucl_parser.c.o
2026-04-13T07:58:42.3552909Z [ 11%] Building C object CMakeFiles/ucl.dir/src/ucl_emitter.c.o
2026-04-13T07:58:42.5473061Z [ 15%] Building C object CMakeFiles/ucl.dir/src/ucl_emitter_streamline.c.o
2026-04-13T07:58:42.6032548Z [ 19%] Building C object CMakeFiles/ucl.dir/src/ucl_emitter_utils.c.o
2026-04-13T07:58:42.7451575Z [ 23%] Building C object CMakeFiles/ucl.dir/src/ucl_hash.c.o
2026-04-13T07:58:43.4437548Z [ 26%] Building C object CMakeFiles/ucl.dir/src/ucl_schema.c.o
2026-04-13T07:58:43.7198082Z [ 30%] Building C object CMakeFiles/ucl.dir/src/ucl_msgpack.c.o
2026-04-13T07:58:43.9061192Z [ 34%] Building C object CMakeFiles/ucl.dir/src/ucl_sexp.c.o
2026-04-13T07:58:43.9913393Z [ 38%] Linking C static library libucl.a
2026-04-13T07:58:48.6029343Z [ 38%] Built target ucl
2026-04-13T07:58:48.6097860Z [ 42%] Building C object tests/CMakeFiles/test_basic.dir/test_basic.c.o
2026-04-13T07:58:48.6417676Z /home/runner/work/libucl/libucl/tests/test_basic.c: In function ‘main’:
2026-04-13T07:58:48.6420093Z /home/runner/work/libucl/libucl/tests/test_basic.c:285:17: warning: ignoring return value of ‘write’ declared with attribute ‘warn_unused_result’ [-Wunused-result]
2026-04-13T07:58:48.6421859Z   285 |                 write (fd_out, "\n", 1);
2026-04-13T07:58:48.6422239Z       |                 ^~~~~~~~~~~~~~~~~~~~~~~
2026-04-13T07:58:48.6615049Z /home/runner/work/libucl/libucl/tests/test_basic.c:134:25: warning: ‘in’ may be used uninitialized [-Wmaybe-uninitialized]
2026-04-13T07:58:48.6616184Z   134 |                 while (!feof (in) && !ferror (in)) {
2026-04-13T07:58:48.6616736Z       |                         ^~~~~~~~~
2026-04-13T07:58:48.6617695Z /home/runner/work/libucl/libucl/tests/test_basic.c:38:15: note: ‘in’ was declared here
2026-04-13T07:58:48.6618493Z    38 |         FILE *in, *out;
2026-04-13T07:58:48.6618927Z       |               ^~
2026-04-13T07:58:48.6620062Z /home/runner/work/libucl/libucl/tests/test_basic.c:158:17: warning: ‘fd_in’ may be used uninitialized [-Wmaybe-uninitialized]
2026-04-13T07:58:48.6622625Z   158 |                 close (fd_in);
2026-04-13T07:58:48.6623087Z       |                 ^~~~~~~~~~~~~
2026-04-13T07:58:48.6623999Z /home/runner/work/libucl/libucl/tests/test_basic.c:43:40: note: ‘fd_in’ was declared here
2026-04-13T07:58:48.6624928Z    43 |                         flags, fd_out, fd_in, use_fd = 0, msgpack_input = 0;
2026-04-13T07:58:48.6625466Z       |                                        ^~~~~
2026-04-13T07:58:48.6626242Z /home/runner/work/libucl/libucl/tests/test_basic.c:251:24: warning: ‘out’ may be used uninitialized [-Wmaybe-uninitialized]
2026-04-13T07:58:48.6626970Z   251 |                 func = ucl_object_emit_file_funcs (out);
2026-04-13T07:58:48.6627346Z       |                        ^~~~~~~~~~~~~~~~~~~~~~~~~~~~~~~~
2026-04-13T07:58:48.6627964Z /home/runner/work/libucl/libucl/tests/test_basic.c:38:20: note: ‘out’ was declared here
2026-04-13T07:58:48.6628470Z    38 |         FILE *in, *out;
2026-04-13T07:58:48.6628721Z       |                    ^~~
2026-04-13T07:58:48.6629416Z /home/runner/work/libucl/libucl/tests/test_basic.c:254:24: warning: ‘fd_out’ may be used uninitialized [-Wmaybe-uninitialized]
2026-04-13T07:58:48.6630201Z   254 |                 func = ucl_object_emit_fd_funcs (fd_out);
2026-04-13T07:58:48.6630571Z       |                        ^~~~~~~~~~~~~~~~~~~~~~~~~~~~~~~~~
2026-04-13T07:58:48.6631385Z /home/runner/work/libucl/libucl/tests/test_basic.c:43:32: note: ‘fd_out’ was declared here
2026-04-13T07:58:48.6632226Z    43 |                         flags, fd_out, fd_in, use_fd = 0, msgpack_input = 0;
2026-04-13T07:58:48.6632580Z       |                                ^~~~~~
2026-04-13T07:58:48.6903971Z [ 46%] Linking C executable test_basic
2026-04-13T07:58:48.7211709Z [ 46%] Built target test_basic
2026-04-13T07:58:48.7277370Z [ 50%] Building C object tests/CMakeFiles/test_speed.dir/test_speed.c.o
2026-04-13T07:58:48.7868112Z [ 53%] Linking C executable test_speed
2026-04-13T07:58:48.8118384Z [ 53%] Built target test_speed
2026-04-13T07:58:48.8184144Z [ 57%] Building C object tests/CMakeFiles/test_schema.dir/test_schema.c.o
2026-04-13T07:58:48.8831887Z [ 61%] Linking C executable test_schema
2026-04-13T07:58:48.9110256Z [ 61%] Built target test_schema
2026-04-13T07:58:48.9176168Z [ 65%] Building C object tests/CMakeFiles/test_msgpack.dir/test_msgpack.c.o
2026-04-13T07:58:49.2125744Z [ 69%] Linking C executable test_msgpack
2026-04-13T07:58:49.2379832Z [ 69%] Built target test_msgpack
2026-04-13T07:58:49.2447349Z [ 73%] Building C object tests/CMakeFiles/test_generate.dir/test_generate.c.o
2026-04-13T07:58:49.3003550Z [ 76%] Linking C executable test_generate
2026-04-13T07:58:49.3254229Z [ 76%] Built target test_generate
2026-04-13T07:58:49.3319768Z [ 80%] Building C object tests/CMakeFiles/test_csexp.dir/test_csexp.c.o
2026-04-13T07:58:49.4200687Z [ 84%] Linking C executable test_csexp
2026-04-13T07:58:49.4449844Z [ 84%] Built target test_csexp
2026-04-13T07:58:49.4516948Z [ 88%] Building C object tests/CMakeFiles/test_msgpack_malformed.dir/test_msgpack_malformed.c.o
2026-04-13T07:58:49.4964182Z [ 92%] Linking C executable test_msgpack_malformed
2026-04-13T07:58:49.5217331Z [ 92%] Built target test_msgpack_malformed
2026-04-13T07:58:49.5284394Z [ 96%] Building C object tests/CMakeFiles/test_roundtrip.dir/test_roundtrip.c.o
2026-04-13T07:58:49.5874725Z [100%] Linking C executable test_roundtrip
2026-04-13T07:58:49.6127036Z [100%] Built target test_roundtrip
2026-04-13T07:58:49.6196872Z ##[group]Run ctest --progress --output-on-failure --build-config Release
2026-04-13T07:58:49.6197406Z [36;1mctest --progress --output-on-failure --build-config Release[0m
2026-04-13T07:58:49.6219079Z shell: /usr/bin/bash -e {0}
2026-04-13T07:58:49.6219309Z ##[endgroup]
2026-04-13T07:58:50.0575451Z Test project /home/runner/work/libucl/libucl/build
2026-04-13T07:58:50.0582955Z     Start 1: test_basic
2026-04-13T07:58:50.2805534Z 1/8 Test #1: test_basic .......................   Passed    0.22 sec
2026-04-13T07:58:50.2807905Z     Start 2: test_speed
2026-04-13T07:58:50.7530575Z 2/8 Test #2: test_speed .......................   Passed    0.47 sec
2026-04-13T07:58:50.7532142Z     Start 3: test_schema
2026-04-13T07:58:50.7962800Z 3/8 Test #3: test_schema ......................   Passed    0.04 sec
2026-04-13T07:58:50.7964430Z     Start 4: test_msgpack
2026-04-13T07:59:03.4220011Z 4/8 Test #4: test_msgpack .....................   Passed   12.63 sec
2026-04-13T07:59:03.4221378Z     Start 5: test_generate
2026-04-13T07:59:03.4259116Z 5/8 Test #5: test_generate ....................   Passed    0.00 sec
2026-04-13T07:59:03.4260948Z     Start 6: test_csexp
2026-04-13T07:59:03.4277173Z 6/8 Test #6: test_csexp .......................   Passed    0.00 sec
2026-04-13T07:59:03.4279488Z     Start 7: test_msgpack_malformed
2026-04-13T07:59:03.4295463Z 7/8 Test #7: test_msgpack_malformed ...........   Passed    0.00 sec
2026-04-13T07:59:03.4297082Z     Start 8: test_roundtrip
2026-04-13T07:59:03.4313705Z 8/8 Test #8: test_roundtrip ...................   Passed    0.00 sec
2026-04-13T07:59:03.4316590Z 
2026-04-13T07:59:03.4316779Z 100% tests passed, 0 tests failed out of 8
2026-04-13T07:59:03.4317113Z 
2026-04-13T07:59:03.4317247Z Total Test time (real) =  13.37 sec
2026-04-13T07:59:03.4774380Z Post job cleanup.
2026-04-13T07:59:03.5484442Z [command]/usr/bin/git version
2026-04-13T07:59:03.5522483Z git version 2.53.0
2026-04-13T07:59:03.5569292Z Temporarily overriding HOME='/home/runner/work/_temp/6ef6a53d-b8fb-4156-92f8-8f2efcd488dd' before making global git config changes
2026-04-13T07:59:03.5570616Z Adding repository directory to the temporary git global config as a safe directory
2026-04-13T07:59:03.5574402Z [command]/usr/bin/git config --global --add safe.directory /home/runner/work/libucl/libucl
2026-04-13T07:59:03.5604469Z [command]/usr/bin/git config --local --name-only --get-regexp core\.sshCommand
2026-04-13T07:59:03.5632377Z [command]/usr/bin/git submodule foreach --recursive sh -c "git config --local --name-only --get-regexp 'core\.sshCommand' && git config --local --unset-all 'core.sshCommand' || :"
2026-04-13T07:59:03.5847624Z [command]/usr/bin/git config --local --name-only --get-regexp http\.https\:\/\/github\.com\/\.extraheader
2026-04-13T07:59:03.5867078Z http.https://github.com/.extraheader
2026-04-13T07:59:03.5878142Z [command]/usr/bin/git config --local --unset-all http.https://github.com/.extraheader
2026-04-13T07:59:03.5906841Z [command]/usr/bin/git submodule foreach --recursive sh -c "git config --local --name-only --get-regexp 'http\.https\:\/\/github\.com\/\.extraheader' && git config --local --unset-all 'http.https://github.com/.extraheader' || :"
2026-04-13T07:59:03.6233597Z Cleaning up orphan processes
2026-04-13T07:59:03.6620681Z ##[warning]Node.js 20 actions are deprecated. The following actions are running on Node.js 20 and may not work as expected: actions/checkout@v3. Actions will be forced to run with Node.js 24 by default starting June 2nd, 2026. Node.js 20 will be removed from the runner on September 16th, 2026. Please check if updated versions of these actions are available that support Node.js 24. To opt into Node.js 24 now, set the FORCE_JAVASCRIPT_ACTIONS_TO_NODE24=true environment variable on the runner or in your workflow file. Once Node.js 24 becomes the default, you can temporarily opt out by setting ACTIONS_ALLOW_USE_UNSECURE_NODE_VERSION=true. For more information see: https://github.blog/changelog/2025-09-19-deprecation-of-node-20-on-github-actions-runners/
