2026-06-15T10:15:21.2488632Z Current runner version: '2.335.1'
2026-06-15T10:15:21.2508224Z ##[group]Runner Image Provisioner
2026-06-15T10:15:21.2509004Z Hosted Compute Agent
2026-06-15T10:15:21.2509495Z Version: 20260527.539
2026-06-15T10:15:21.2510004Z Commit: a891dd388383b896fa6ac04a82c0b75cec981078
2026-06-15T10:15:21.2510920Z Build Date: 2026-05-27T21:39:57Z
2026-06-15T10:15:21.2511487Z Worker ID: {3d587a5d-b25f-4ae9-b5ed-4a22fb01276c}
2026-06-15T10:15:21.2512166Z Azure Region: northcentralus
2026-06-15T10:15:21.2512680Z ##[endgroup]
2026-06-15T10:15:21.2513741Z ##[group]Operating System
2026-06-15T10:15:21.2514298Z Ubuntu
2026-06-15T10:15:21.2514727Z 24.04.4
2026-06-15T10:15:21.2515199Z LTS
2026-06-15T10:15:21.2515676Z ##[endgroup]
2026-06-15T10:15:21.2516129Z ##[group]Runner Image
2026-06-15T10:15:21.2516922Z Image: ubuntu-24.04
2026-06-15T10:15:21.2517401Z Version: 20260607.184.1
2026-06-15T10:15:21.2518468Z Included Software: https://github.com/actions/runner-images/blob/ubuntu24/20260607.184/images/ubuntu/Ubuntu2404-Readme.md
2026-06-15T10:15:21.2519695Z Image Release: https://github.com/actions/runner-images/releases/tag/ubuntu24%2F20260607.184
2026-06-15T10:15:21.2520673Z ##[endgroup]
2026-06-15T10:15:21.2523079Z ##[group]GITHUB_TOKEN Permissions
2026-06-15T10:15:21.2524951Z Actions: write
2026-06-15T10:15:21.2525449Z ArtifactMetadata: write
2026-06-15T10:15:21.2525929Z Attestations: write
2026-06-15T10:15:21.2526481Z Checks: write
2026-06-15T10:15:21.2526936Z CodeQuality: write
2026-06-15T10:15:21.2527410Z Contents: write
2026-06-15T10:15:21.2527883Z CopilotRequests: write
2026-06-15T10:15:21.2528361Z Deployments: write
2026-06-15T10:15:21.2528860Z Discussions: write
2026-06-15T10:15:21.2529336Z Issues: write
2026-06-15T10:15:21.2529758Z Metadata: read
2026-06-15T10:15:21.2530441Z Models: read
2026-06-15T10:15:21.2530972Z Packages: write
2026-06-15T10:15:21.2531482Z Pages: write
2026-06-15T10:15:21.2531922Z PullRequests: write
2026-06-15T10:15:21.2532387Z RepositoryProjects: write
2026-06-15T10:15:21.2532941Z SecurityEvents: write
2026-06-15T10:15:21.2533420Z Statuses: write
2026-06-15T10:15:21.2533908Z VulnerabilityAlerts: read
2026-06-15T10:15:21.2534443Z ##[endgroup]
2026-06-15T10:15:21.2536234Z Secret source: Actions
2026-06-15T10:15:21.2536894Z Prepare workflow directory
2026-06-15T10:15:21.2828304Z Prepare all required actions
2026-06-15T10:15:21.2862043Z Getting action download info
2026-06-15T10:15:21.7248142Z Download action repository 'actions/setup-python@a309ff8b426b58ec0e2a45f0f869d46889d02405' (SHA:a309ff8b426b58ec0e2a45f0f869d46889d02405)
2026-06-15T10:15:21.8809002Z Download action repository 'actions/checkout@de0fac2e4500dabe0009e67214ff5f5447ce83dd' (SHA:de0fac2e4500dabe0009e67214ff5f5447ce83dd)
2026-06-15T10:15:21.9077364Z Download action repository 'hendrikmuhs/ccache-action@1bbbcda0748b3e340dee71a314fa68ffcbd6df79' (SHA:1bbbcda0748b3e340dee71a314fa68ffcbd6df79)
2026-06-15T10:15:22.2522261Z Download action repository 'actions/upload-artifact@bbbca2ddaa5d8feaa63e36b76fdaad77386f024f' (SHA:bbbca2ddaa5d8feaa63e36b76fdaad77386f024f)
2026-06-15T10:15:22.4566342Z Complete job name: linux-cmake
2026-06-15T10:15:22.5156999Z ##[group]Run actions/setup-python@a309ff8b426b58ec0e2a45f0f869d46889d02405
2026-06-15T10:15:22.5157893Z with:
2026-06-15T10:15:22.5158251Z   python-version: 3.12
2026-06-15T10:15:22.5158649Z   check-latest: false
2026-06-15T10:15:22.5162569Z   token: ***
2026-06-15T10:15:22.5162957Z   update-environment: true
2026-06-15T10:15:22.5163386Z   allow-prereleases: false
2026-06-15T10:15:22.5163825Z   freethreaded: false
2026-06-15T10:15:22.5164371Z ##[endgroup]
2026-06-15T10:15:22.6255893Z ##[group]Installed versions
2026-06-15T10:15:22.6309817Z Successfully set up CPython (3.12.13)
2026-06-15T10:15:22.6311014Z ##[endgroup]
2026-06-15T10:15:22.6524646Z ##[group]Run actions/checkout@de0fac2e4500dabe0009e67214ff5f5447ce83dd
2026-06-15T10:15:22.6525258Z with:
2026-06-15T10:15:22.6525600Z   fetch-depth: 1
2026-06-15T10:15:22.6525969Z   submodules: recursive
2026-06-15T10:15:22.6526369Z   repository: LibreDWG/libredwg
2026-06-15T10:15:22.6530345Z   token: ***
2026-06-15T10:15:22.6530713Z   ssh-strict: true
2026-06-15T10:15:22.6531093Z   ssh-user: git
2026-06-15T10:15:22.6531474Z   persist-credentials: true
2026-06-15T10:15:22.6531896Z   clean: true
2026-06-15T10:15:22.6532280Z   sparse-checkout-cone-mode: true
2026-06-15T10:15:22.6532721Z   fetch-tags: false
2026-06-15T10:15:22.6533112Z   show-progress: true
2026-06-15T10:15:22.6533507Z   lfs: false
2026-06-15T10:15:22.6533871Z   set-safe-directory: true
2026-06-15T10:15:22.6534273Z env:
2026-06-15T10:15:22.6534708Z   pythonLocation: /opt/hostedtoolcache/Python/3.12.13/x64
2026-06-15T10:15:22.6535406Z   PKG_CONFIG_PATH: /opt/hostedtoolcache/Python/3.12.13/x64/lib/pkgconfig
2026-06-15T10:15:22.6536124Z   Python_ROOT_DIR: /opt/hostedtoolcache/Python/3.12.13/x64
2026-06-15T10:15:22.6536822Z   Python2_ROOT_DIR: /opt/hostedtoolcache/Python/3.12.13/x64
2026-06-15T10:15:22.6537449Z   Python3_ROOT_DIR: /opt/hostedtoolcache/Python/3.12.13/x64
2026-06-15T10:15:22.6538072Z   LD_LIBRARY_PATH: /opt/hostedtoolcache/Python/3.12.13/x64/lib
2026-06-15T10:15:22.6538627Z ##[endgroup]
2026-06-15T10:15:22.7247178Z Syncing repository: LibreDWG/libredwg
2026-06-15T10:15:22.7248158Z ##[group]Getting Git version info
2026-06-15T10:15:22.7248744Z Working directory is '/home/runner/work/libredwg/libredwg'
2026-06-15T10:15:22.7249626Z [command]/usr/bin/git version
2026-06-15T10:15:22.7277819Z git version 2.54.0
2026-06-15T10:15:22.7326357Z ##[endgroup]
2026-06-15T10:15:22.7337118Z Temporarily overriding HOME='/home/runner/work/_temp/506c984d-7228-4856-95e4-1c544c2fa1fc' before making global git config changes
2026-06-15T10:15:22.7338705Z Adding repository directory to the temporary git global config as a safe directory
2026-06-15T10:15:22.7341833Z [command]/usr/bin/git config --global --add safe.directory /home/runner/work/libredwg/libredwg
2026-06-15T10:15:22.7370921Z Deleting the contents of '/home/runner/work/libredwg/libredwg'
2026-06-15T10:15:22.7374169Z ##[group]Initializing the repository
2026-06-15T10:15:22.7377863Z [command]/usr/bin/git init /home/runner/work/libredwg/libredwg
2026-06-15T10:15:22.7449575Z hint: Using 'master' as the name for the initial branch. This default branch name
2026-06-15T10:15:22.7451271Z hint: will change to "main" in Git 3.0. To configure the initial branch name
2026-06-15T10:15:22.7452610Z hint: to use in all of your new repositories, which will suppress this warning,
2026-06-15T10:15:22.7453674Z hint: call:
2026-06-15T10:15:22.7454206Z hint:
2026-06-15T10:15:22.7454698Z hint: 	git config --global init.defaultBranch <name>
2026-06-15T10:15:22.7455282Z hint:
2026-06-15T10:15:22.7455832Z hint: Names commonly chosen instead of 'master' are 'main', 'trunk' and
2026-06-15T10:15:22.7456699Z hint: 'development'. The just-created branch can be renamed via this command:
2026-06-15T10:15:22.7457385Z hint:
2026-06-15T10:15:22.7458039Z hint: 	git branch -m <name>
2026-06-15T10:15:22.7458713Z hint:
2026-06-15T10:15:22.7459571Z hint: Disable this message with "git config set advice.defaultBranchName false"
2026-06-15T10:15:22.7461329Z Initialized empty Git repository in /home/runner/work/libredwg/libredwg/.git/
2026-06-15T10:15:22.7462946Z [command]/usr/bin/git remote add origin https://github.com/LibreDWG/libredwg
2026-06-15T10:15:22.7484964Z ##[endgroup]
2026-06-15T10:15:22.7485984Z ##[group]Disabling automatic garbage collection
2026-06-15T10:15:22.7487215Z [command]/usr/bin/git config --local gc.auto 0
2026-06-15T10:15:22.7511356Z ##[endgroup]
2026-06-15T10:15:22.7512305Z ##[group]Setting up auth
2026-06-15T10:15:22.7513025Z Removing SSH command configuration
2026-06-15T10:15:22.7515970Z [command]/usr/bin/git config --local --name-only --get-regexp core\.sshCommand
2026-06-15T10:15:22.7541210Z [command]/usr/bin/git submodule foreach --recursive sh -c "git config --local --name-only --get-regexp 'core\.sshCommand' && git config --local --unset-all 'core.sshCommand' || :"
2026-06-15T10:15:22.7772768Z Removing HTTP extra header
2026-06-15T10:15:22.7776722Z [command]/usr/bin/git config --local --name-only --get-regexp http\.https\:\/\/github\.com\/\.extraheader
2026-06-15T10:15:22.7801597Z [command]/usr/bin/git submodule foreach --recursive sh -c "git config --local --name-only --get-regexp 'http\.https\:\/\/github\.com\/\.extraheader' && git config --local --unset-all 'http.https://github.com/.extraheader' || :"
2026-06-15T10:15:22.7979109Z Removing includeIf entries pointing to credentials config files
2026-06-15T10:15:22.7983525Z [command]/usr/bin/git config --local --name-only --get-regexp ^includeIf\.gitdir:
2026-06-15T10:15:22.8008156Z [command]/usr/bin/git submodule foreach --recursive git config --local --show-origin --name-only --get-regexp remote.origin.url
2026-06-15T10:15:22.8194044Z [command]/usr/bin/git config --file /home/runner/work/_temp/git-credentials-0f519ea8-82ae-4f1d-bdba-24e27bc80bb3.config http.https://github.com/.extraheader AUTHORIZATION: basic ***
2026-06-15T10:15:22.8223327Z [command]/usr/bin/git config --local includeIf.gitdir:/home/runner/work/libredwg/libredwg/.git.path /home/runner/work/_temp/git-credentials-0f519ea8-82ae-4f1d-bdba-24e27bc80bb3.config
2026-06-15T10:15:22.8246466Z [command]/usr/bin/git config --local includeIf.gitdir:/home/runner/work/libredwg/libredwg/.git/worktrees/*.path /home/runner/work/_temp/git-credentials-0f519ea8-82ae-4f1d-bdba-24e27bc80bb3.config
2026-06-15T10:15:22.8271502Z [command]/usr/bin/git config --local includeIf.gitdir:/github/workspace/.git.path /github/runner_temp/git-credentials-0f519ea8-82ae-4f1d-bdba-24e27bc80bb3.config
2026-06-15T10:15:22.8294695Z [command]/usr/bin/git config --local includeIf.gitdir:/github/workspace/.git/worktrees/*.path /github/runner_temp/git-credentials-0f519ea8-82ae-4f1d-bdba-24e27bc80bb3.config
2026-06-15T10:15:22.8316420Z ##[endgroup]
2026-06-15T10:15:22.8317072Z ##[group]Fetching the repository
2026-06-15T10:15:22.8322832Z [command]/usr/bin/git -c protocol.version=2 fetch --no-tags --prune --no-recurse-submodules --depth=1 origin +c75dc2476807dbd497cccda807db78bcebf6ae77:refs/remotes/origin/master
2026-06-15T10:15:25.3410899Z From https://github.com/LibreDWG/libredwg
2026-06-15T10:15:25.3411934Z  * [new ref]         c75dc2476807dbd497cccda807db78bcebf6ae77 -> origin/master
2026-06-15T10:15:25.3435945Z [command]/usr/bin/git branch --list --remote origin/master
2026-06-15T10:15:25.3455812Z   origin/master
2026-06-15T10:15:25.3463146Z [command]/usr/bin/git rev-parse refs/remotes/origin/master
2026-06-15T10:15:25.3480586Z c75dc2476807dbd497cccda807db78bcebf6ae77
2026-06-15T10:15:25.3483634Z ##[endgroup]
2026-06-15T10:15:25.3484035Z ##[group]Determining the checkout info
2026-06-15T10:15:25.3484695Z ##[endgroup]
2026-06-15T10:15:25.3488644Z [command]/usr/bin/git sparse-checkout disable
2026-06-15T10:15:25.3518959Z [command]/usr/bin/git config --local --unset-all extensions.worktreeConfig
2026-06-15T10:15:25.3540603Z ##[group]Checking out the ref
2026-06-15T10:15:25.3543853Z [command]/usr/bin/git checkout --progress --force -B master refs/remotes/origin/master
2026-06-15T10:15:25.5867013Z Reset branch 'master'
2026-06-15T10:15:25.5867640Z branch 'master' set up to track 'origin/master'.
2026-06-15T10:15:25.5891914Z ##[endgroup]
2026-06-15T10:15:25.5892348Z ##[group]Setting up auth for fetching submodules
2026-06-15T10:15:25.5897428Z [command]/usr/bin/git config --file /home/runner/work/_temp/git-credentials-0f519ea8-82ae-4f1d-bdba-24e27bc80bb3.config http.https://github.com/.extraheader AUTHORIZATION: basic ***
2026-06-15T10:15:25.5930659Z [command]/usr/bin/git config --global include.path /home/runner/work/_temp/git-credentials-0f519ea8-82ae-4f1d-bdba-24e27bc80bb3.config
2026-06-15T10:15:25.5953381Z [command]/usr/bin/git config --global --unset-all url.https://github.com/.insteadOf
2026-06-15T10:15:25.5977456Z [command]/usr/bin/git config --global --add url.https://github.com/.insteadOf git@github.com:
2026-06-15T10:15:25.6006203Z [command]/usr/bin/git config --global --add url.https://github.com/.insteadOf org-39027244@github.com:
2026-06-15T10:15:25.6027498Z ##[endgroup]
2026-06-15T10:15:25.6028201Z ##[group]Fetching submodules
2026-06-15T10:15:25.6030850Z [command]/usr/bin/git submodule sync --recursive
2026-06-15T10:15:25.6216821Z [command]/usr/bin/git -c protocol.version=2 submodule update --init --force --depth=1 --recursive
2026-06-15T10:15:25.6394550Z Submodule 'jsmn' (https://github.com/zserge/jsmn) registered for path 'jsmn'
2026-06-15T10:15:25.6416759Z Cloning into '/home/runner/work/libredwg/libredwg/jsmn'...
2026-06-15T10:15:26.6502149Z From https://github.com/zserge/jsmn
2026-06-15T10:15:26.6503259Z  * branch            85695f3d5903b1cd5b4030efe50db3b4f5f3c928 -> FETCH_HEAD
2026-06-15T10:15:26.6554498Z Submodule path 'jsmn': checked out '85695f3d5903b1cd5b4030efe50db3b4f5f3c928'
2026-06-15T10:15:26.6580752Z [command]/usr/bin/git submodule foreach --recursive git config --local gc.auto 0
2026-06-15T10:15:26.6762517Z Entering 'jsmn'
2026-06-15T10:15:26.6805773Z ##[endgroup]
2026-06-15T10:15:26.6806225Z ##[group]Persisting credentials for submodules
2026-06-15T10:15:26.6807373Z [command]/usr/bin/git submodule foreach --recursive sh -c "git config --local --name-only --get-regexp 'url\.https\:\/\/github\.com\/\.insteadOf' && git config --local --unset-all 'url.https://github.com/.insteadOf' || :"
2026-06-15T10:15:26.6983676Z Entering 'jsmn'
2026-06-15T10:15:26.7029281Z [command]/usr/bin/git submodule foreach --recursive git config --local --show-origin --name-only --get-regexp remote.origin.url
2026-06-15T10:15:26.7210477Z Entering 'jsmn'
2026-06-15T10:15:26.7227478Z file:/home/runner/work/libredwg/libredwg/.git/modules/jsmn/config	remote.origin.url
2026-06-15T10:15:26.7252826Z [command]/usr/bin/git config --file /home/runner/work/libredwg/libredwg/.git/modules/jsmn/config includeIf.gitdir:/home/runner/work/libredwg/libredwg/.git/modules/jsmn.path /home/runner/work/_temp/git-credentials-0f519ea8-82ae-4f1d-bdba-24e27bc80bb3.config
2026-06-15T10:15:26.7279390Z [command]/usr/bin/git config --file /home/runner/work/libredwg/libredwg/.git/modules/jsmn/config includeIf.gitdir:/github/workspace/.git/modules/jsmn.path /github/runner_temp/git-credentials-0f519ea8-82ae-4f1d-bdba-24e27bc80bb3.config
2026-06-15T10:15:26.7305840Z [command]/usr/bin/git submodule foreach --recursive git config --local --add 'url.https://github.com/.insteadOf' 'git@github.com:'
2026-06-15T10:15:26.7489056Z Entering 'jsmn'
2026-06-15T10:15:26.7541291Z [command]/usr/bin/git submodule foreach --recursive git config --local --add 'url.https://github.com/.insteadOf' 'org-39027244@github.com:'
2026-06-15T10:15:26.7714721Z Entering 'jsmn'
2026-06-15T10:15:26.7753154Z ##[endgroup]
2026-06-15T10:15:26.7787216Z [command]/usr/bin/git log -1 --format=%H
2026-06-15T10:15:26.7808266Z c75dc2476807dbd497cccda807db78bcebf6ae77
2026-06-15T10:15:26.7954267Z ##[group]Run hendrikmuhs/ccache-action@1bbbcda0748b3e340dee71a314fa68ffcbd6df79
2026-06-15T10:15:26.7954601Z with:
2026-06-15T10:15:26.7954778Z   create-symlink: true
2026-06-15T10:15:26.7954967Z   key: linux-cmake
2026-06-15T10:15:26.7955146Z   restore: true
2026-06-15T10:15:26.7955322Z   max-size: 500MB
2026-06-15T10:15:26.7955506Z   verbose: 0
2026-06-15T10:15:26.7955670Z   variant: ccache
2026-06-15T10:15:26.7955836Z   save: true
2026-06-15T10:15:26.7956007Z   append-timestamp: true
2026-06-15T10:15:26.7956230Z   job-summary: CCache Statistics
2026-06-15T10:15:26.7956450Z   update-package-index: false
2026-06-15T10:15:26.7956651Z   install: detect
2026-06-15T10:15:26.7956817Z env:
2026-06-15T10:15:26.7957035Z   pythonLocation: /opt/hostedtoolcache/Python/3.12.13/x64
2026-06-15T10:15:26.7957380Z   PKG_CONFIG_PATH: /opt/hostedtoolcache/Python/3.12.13/x64/lib/pkgconfig
2026-06-15T10:15:26.7957721Z   Python_ROOT_DIR: /opt/hostedtoolcache/Python/3.12.13/x64
2026-06-15T10:15:26.7958064Z   Python2_ROOT_DIR: /opt/hostedtoolcache/Python/3.12.13/x64
2026-06-15T10:15:26.7958365Z   Python3_ROOT_DIR: /opt/hostedtoolcache/Python/3.12.13/x64
2026-06-15T10:15:26.7958664Z   LD_LIBRARY_PATH: /opt/hostedtoolcache/Python/3.12.13/x64/lib
2026-06-15T10:15:26.7958934Z ##[endgroup]
2026-06-15T10:15:26.8776036Z ##[group]Install ccache
2026-06-15T10:15:26.8832961Z [command]/usr/bin/sh -xc $(which sudo) apt-get install -y ccache
2026-06-15T10:15:26.8863552Z + which sudo
2026-06-15T10:15:26.8871717Z + /usr/bin/sudo apt-get install -y ccache
2026-06-15T10:15:27.6017352Z Reading package lists...
2026-06-15T10:15:27.7715659Z Building dependency tree...
2026-06-15T10:15:27.7723961Z Reading state information...
2026-06-15T10:15:27.9150585Z The following additional packages will be installed:
2026-06-15T10:15:27.9153067Z   libhiredis1.1.0
2026-06-15T10:15:27.9157929Z Suggested packages:
2026-06-15T10:15:27.9158224Z   distcc | icecc
2026-06-15T10:15:27.9324363Z The following NEW packages will be installed:
2026-06-15T10:15:27.9329628Z   ccache libhiredis1.1.0
2026-06-15T10:15:27.9522085Z 0 upgraded, 2 newly installed, 0 to remove and 2 not upgraded.
2026-06-15T10:15:27.9522437Z Need to get 633 kB of archives.
2026-06-15T10:15:27.9522836Z After this operation, 1756 kB of additional disk space will be used.
2026-06-15T10:15:27.9523355Z Get:1 file:/etc/apt/apt-mirrors.txt Mirrorlist [144 B]
2026-06-15T10:15:27.9934914Z Get:2 http://azure.archive.ubuntu.com/ubuntu noble/universe amd64 libhiredis1.1.0 amd64 1.2.0-6ubuntu3 [41.4 kB]
2026-06-15T10:15:28.0172986Z Get:3 http://azure.archive.ubuntu.com/ubuntu noble/universe amd64 ccache amd64 4.9.1-1 [592 kB]
2026-06-15T10:15:28.2396190Z Fetched 633 kB in 0s (7016 kB/s)
2026-06-15T10:15:28.2604465Z Selecting previously unselected package libhiredis1.1.0:amd64.
2026-06-15T10:15:28.2847112Z (Reading database ... 
2026-06-15T10:15:28.2847446Z (Reading database ... 5%
2026-06-15T10:15:28.2847752Z (Reading database ... 10%
2026-06-15T10:15:28.2848026Z (Reading database ... 15%
2026-06-15T10:15:28.2848256Z (Reading database ... 20%
2026-06-15T10:15:28.2848441Z (Reading database ... 25%
2026-06-15T10:15:28.2848642Z (Reading database ... 30%
2026-06-15T10:15:28.2848933Z (Reading database ... 35%
2026-06-15T10:15:28.2849234Z (Reading database ... 40%
2026-06-15T10:15:28.2849539Z (Reading database ... 45%
2026-06-15T10:15:28.2849867Z (Reading database ... 50%
2026-06-15T10:15:28.2891834Z (Reading database ... 55%
2026-06-15T10:15:28.4271162Z (Reading database ... 60%
2026-06-15T10:15:28.5735053Z (Reading database ... 65%
2026-06-15T10:15:28.7814175Z (Reading database ... 70%
2026-06-15T10:15:28.8556036Z (Reading database ... 75%
2026-06-15T10:15:28.9764029Z (Reading database ... 80%
2026-06-15T10:15:29.1262662Z (Reading database ... 85%
2026-06-15T10:15:29.3289809Z (Reading database ... 90%
2026-06-15T10:15:29.5223158Z (Reading database ... 95%
2026-06-15T10:15:29.5223527Z (Reading database ... 100%
2026-06-15T10:15:29.5224305Z (Reading database ... 202149 files and directories currently installed.)
2026-06-15T10:15:29.5263849Z Preparing to unpack .../libhiredis1.1.0_1.2.0-6ubuntu3_amd64.deb ...
2026-06-15T10:15:29.5296283Z Unpacking libhiredis1.1.0:amd64 (1.2.0-6ubuntu3) ...
2026-06-15T10:15:29.5493568Z Selecting previously unselected package ccache.
2026-06-15T10:15:29.5597541Z Preparing to unpack .../ccache_4.9.1-1_amd64.deb ...
2026-06-15T10:15:29.5605503Z Unpacking ccache (4.9.1-1) ...
2026-06-15T10:15:29.6044163Z Setting up libhiredis1.1.0:amd64 (1.2.0-6ubuntu3) ...
2026-06-15T10:15:29.6069829Z Setting up ccache (4.9.1-1) ...
2026-06-15T10:15:29.6095312Z Updating symlinks in /usr/lib/ccache ...
2026-06-15T10:15:29.6270859Z Processing triggers for libc-bin (2.39-0ubuntu8.7) ...
2026-06-15T10:15:32.3987593Z Processing triggers for man-db (2.12.0-4build2) ...
2026-06-15T10:15:32.4007254Z Not building database; man-db/auto-update is not 'true'.
2026-06-15T10:15:32.9312808Z 
2026-06-15T10:15:32.9313398Z Running kernel seems to be up-to-date.
2026-06-15T10:15:32.9313656Z 
2026-06-15T10:15:32.9313792Z No services need to be restarted.
2026-06-15T10:15:32.9314149Z 
2026-06-15T10:15:32.9314279Z No containers need to be restarted.
2026-06-15T10:15:32.9314558Z 
2026-06-15T10:15:32.9314890Z No user sessions are running outdated binaries.
2026-06-15T10:15:32.9315119Z 
2026-06-15T10:15:32.9315402Z No VM guests are running outdated hypervisor (qemu) binaries on this host.
2026-06-15T10:15:33.6833234Z ccache installed at /usr/bin/ccache
2026-06-15T10:15:33.6833894Z ##[endgroup]
2026-06-15T10:15:33.6834344Z ##[group]Restore cache
2026-06-15T10:15:33.8336263Z Cache hit for restore-key: ccache-linux-cmake-2026-06-15T07:33:06.565Z
2026-06-15T10:15:34.3381387Z Received 10163623 of 10163623 (100.0%), 24.7 MBs/sec
2026-06-15T10:15:34.3381843Z Cache Size: ~10 MB (10163623 B)
2026-06-15T10:15:34.3402459Z [command]/usr/bin/tar -xf /home/runner/work/_temp/4c4cfc51-07c1-46de-abcf-dfd2615f7b19/cache.tzst -P -C /home/runner/work/libredwg/libredwg --use-compress-program unzstd
2026-06-15T10:15:34.3729199Z Cache restored successfully
2026-06-15T10:15:34.3735095Z Restored from cache key "ccache-linux-cmake-2026-06-15T07:33:06.565Z".
2026-06-15T10:15:34.3735895Z ##[endgroup]
2026-06-15T10:15:34.3736365Z ##[group]Configure ccache, linux
2026-06-15T10:15:34.3746172Z [command]/usr/bin/sh -xc ccache --set-config=cache_dir='/home/runner/work/libredwg/libredwg/.ccache'
2026-06-15T10:15:34.3766471Z + ccache --set-config=cache_dir=/home/runner/work/libredwg/libredwg/.ccache
2026-06-15T10:15:34.3796256Z [command]/usr/bin/sh -xc ccache --set-config=max_size='500MB'
2026-06-15T10:15:34.3814855Z + ccache --set-config=max_size=500MB
2026-06-15T10:15:34.3847557Z [command]/usr/bin/sh -xc ccache --set-config=compression=true
2026-06-15T10:15:34.3876299Z + ccache --set-config=compression=true
2026-06-15T10:15:34.3909655Z [command]/usr/bin/sh -xc ln -s /usr/bin/ccache /usr/local/bin/gcc
2026-06-15T10:15:34.3928433Z + ln -s /usr/bin/ccache /usr/local/bin/gcc
2026-06-15T10:15:34.3947702Z [command]/usr/bin/sh -xc ln -s /usr/bin/ccache /usr/local/bin/g++
2026-06-15T10:15:34.3965789Z + ln -s /usr/bin/ccache /usr/local/bin/g++
2026-06-15T10:15:34.3983671Z [command]/usr/bin/sh -xc ln -s /usr/bin/ccache /usr/local/bin/cc
2026-06-15T10:15:34.4003333Z + ln -s /usr/bin/ccache /usr/local/bin/cc
2026-06-15T10:15:34.4019575Z [command]/usr/bin/sh -xc ln -s /usr/bin/ccache /usr/local/bin/c++
2026-06-15T10:15:34.4037672Z + ln -s /usr/bin/ccache /usr/local/bin/c++
2026-06-15T10:15:34.4054515Z [command]/usr/bin/sh -xc ln -s /usr/bin/ccache /usr/local/bin/clang
2026-06-15T10:15:34.4072802Z + ln -s /usr/bin/ccache /usr/local/bin/clang
2026-06-15T10:15:34.4089308Z [command]/usr/bin/sh -xc ln -s /usr/bin/ccache /usr/local/bin/clang++
2026-06-15T10:15:34.4107745Z + ln -s /usr/bin/ccache /usr/local/bin/clang++
2026-06-15T10:15:34.4124421Z [command]/usr/bin/sh -xc ln -s /usr/bin/ccache /usr/local/bin/emcc
2026-06-15T10:15:34.4142459Z + ln -s /usr/bin/ccache /usr/local/bin/emcc
2026-06-15T10:15:34.4161418Z [command]/usr/bin/sh -xc ln -s /usr/bin/ccache /usr/local/bin/em++
2026-06-15T10:15:34.4180535Z + ln -s /usr/bin/ccache /usr/local/bin/em++
2026-06-15T10:15:34.4189278Z Ccache config:
2026-06-15T10:15:34.4216821Z [command]/usr/bin/sh -xc ccache -p
2026-06-15T10:15:34.4281917Z (default) absolute_paths_in_stderr = false
2026-06-15T10:15:34.4282364Z (default) base_dir = 
2026-06-15T10:15:34.4282889Z (/home/runner/.config/ccache/ccache.conf) cache_dir = /home/runner/work/libredwg/libredwg/.ccache
2026-06-15T10:15:34.4283294Z (default) compiler = 
2026-06-15T10:15:34.4283497Z (default) compiler_check = mtime
2026-06-15T10:15:34.4283723Z (default) compiler_type = auto
2026-06-15T10:15:34.4283996Z (/home/runner/.config/ccache/ccache.conf) compression = true
2026-06-15T10:15:34.4284283Z (default) compression_level = 0
2026-06-15T10:15:34.4284508Z (default) cpp_extension = 
2026-06-15T10:15:34.4284707Z (default) debug = false
2026-06-15T10:15:34.4284898Z (default) debug_dir = 
2026-06-15T10:15:34.4285092Z (default) debug_level = 2
2026-06-15T10:15:34.4285295Z (default) depend_mode = false
2026-06-15T10:15:34.4285513Z (default) direct_mode = true
2026-06-15T10:15:34.4285714Z (default) disable = false
2026-06-15T10:15:34.4285913Z (default) extra_files_to_hash = 
2026-06-15T10:15:34.4286127Z (default) file_clone = false
2026-06-15T10:15:34.4286324Z (default) hard_link = false
2026-06-15T10:15:34.4286540Z (default) hash_dir = true
2026-06-15T10:15:34.4286962Z (default) ignore_headers_in_manifest = 
2026-06-15T10:15:34.4287188Z (default) ignore_options = 
2026-06-15T10:15:34.4287386Z (default) inode_cache = true
2026-06-15T10:15:34.4287612Z (default) keep_comments_cpp = false
2026-06-15T10:15:34.4287832Z (default) log_file = 
2026-06-15T10:15:34.4288019Z (default) max_files = 0
2026-06-15T10:15:34.4288264Z (/home/runner/.config/ccache/ccache.conf) max_size = 500.0 MB
2026-06-15T10:15:34.4288570Z (default) msvc_dep_prefix = Note: including file:
2026-06-15T10:15:34.4288823Z (default) namespace = 
2026-06-15T10:15:34.4289014Z (default) path = 
2026-06-15T10:15:34.4289215Z (default) pch_external_checksum = false
2026-06-15T10:15:34.4289451Z (default) prefix_command = 
2026-06-15T10:15:34.4289654Z (default) prefix_command_cpp = 
2026-06-15T10:15:34.4289870Z (default) read_only = false
2026-06-15T10:15:34.4290238Z (default) read_only_direct = false
2026-06-15T10:15:34.4290574Z (default) recache = false
2026-06-15T10:15:34.4290932Z (default) remote_only = false
2026-06-15T10:15:34.4291264Z (default) remote_storage = 
2026-06-15T10:15:34.4291568Z (default) reshare = false
2026-06-15T10:15:34.4291882Z (default) run_second_cpp = true
2026-06-15T10:15:34.4293571Z (default) sloppiness = 
2026-06-15T10:15:34.4293887Z (default) stats = true
2026-06-15T10:15:34.4294200Z (default) stats_log = 
2026-06-15T10:15:34.4294565Z (default) temporary_dir = /run/user/1001/ccache-tmp
2026-06-15T10:15:34.4294979Z (default) umask = 
2026-06-15T10:15:34.4295268Z + ccache -p
2026-06-15T10:15:34.4300404Z [command]/usr/bin/sh -xc ccache -z
2026-06-15T10:15:34.4319699Z + ccache -z
2026-06-15T10:15:34.4650840Z Statistics zeroed
2026-06-15T10:15:34.4656926Z ##[endgroup]
2026-06-15T10:15:34.4763893Z ##[group]Run cmake -DLIBREDWG_LIBONLY=On -DCMAKE_C_COMPILER_LAUNCHER=ccache .
2026-06-15T10:15:34.4764379Z [36;1mcmake -DLIBREDWG_LIBONLY=On -DCMAKE_C_COMPILER_LAUNCHER=ccache .[0m
2026-06-15T10:15:34.4904195Z shell: /usr/bin/bash -e {0}
2026-06-15T10:15:34.4904430Z env:
2026-06-15T10:15:34.4904698Z   pythonLocation: /opt/hostedtoolcache/Python/3.12.13/x64
2026-06-15T10:15:34.4905054Z   PKG_CONFIG_PATH: /opt/hostedtoolcache/Python/3.12.13/x64/lib/pkgconfig
2026-06-15T10:15:34.4905392Z   Python_ROOT_DIR: /opt/hostedtoolcache/Python/3.12.13/x64
2026-06-15T10:15:34.4905703Z   Python2_ROOT_DIR: /opt/hostedtoolcache/Python/3.12.13/x64
2026-06-15T10:15:34.4906027Z   Python3_ROOT_DIR: /opt/hostedtoolcache/Python/3.12.13/x64
2026-06-15T10:15:34.4906340Z   LD_LIBRARY_PATH: /opt/hostedtoolcache/Python/3.12.13/x64/lib
2026-06-15T10:15:34.4906629Z ##[endgroup]
2026-06-15T10:15:34.8698938Z -- The C compiler identification is GNU 13.3.0
2026-06-15T10:15:34.9417085Z -- Detecting C compiler ABI info
2026-06-15T10:15:35.0048775Z -- Detecting C compiler ABI info - done
2026-06-15T10:15:35.0178992Z -- Check for working C compiler: /usr/local/bin/cc - skipped
2026-06-15T10:15:35.0217626Z -- Detecting C compile features
2026-06-15T10:15:35.0256153Z -- Detecting C compile features - done
2026-06-15T10:15:35.0477233Z -- Found Git: /usr/bin/git (found version "2.54.0")
2026-06-15T10:15:35.0494708Z -- PACKAGE_VERSION: c75dc24
2026-06-15T10:15:35.0514730Z -- LIBREDWG_SO_VERSION: 0:14:0
2026-06-15T10:15:35.0587630Z -- Looking for stddef.h
2026-06-15T10:15:35.1111216Z -- Looking for stddef.h - found
2026-06-15T10:15:35.1111633Z -- Looking for stdlib.h
2026-06-15T10:15:35.1823720Z -- Looking for stdlib.h - found
2026-06-15T10:15:35.1824243Z -- Looking for string.h
2026-06-15T10:15:35.2369330Z -- Looking for string.h - found
2026-06-15T10:15:35.2370004Z -- Looking for strings.h
2026-06-15T10:15:35.2895227Z -- Looking for strings.h - found
2026-06-15T10:15:35.2896037Z -- Looking for libgen.h
2026-06-15T10:15:35.3416302Z -- Looking for libgen.h - found
2026-06-15T10:15:35.3417098Z -- Looking for unistd.h
2026-06-15T10:15:35.3989667Z -- Looking for unistd.h - found
2026-06-15T10:15:35.3990195Z -- Looking for float.h
2026-06-15T10:15:35.4535790Z -- Looking for float.h - found
2026-06-15T10:15:35.4536386Z -- Looking for ctype.h
2026-06-15T10:15:35.5073236Z -- Looking for ctype.h - found
2026-06-15T10:15:35.5074131Z -- Looking for wchar.h
2026-06-15T10:15:35.5643362Z -- Looking for wchar.h - found
2026-06-15T10:15:35.5643961Z -- Looking for wctype.h
2026-06-15T10:15:35.6218917Z -- Looking for wctype.h - found
2026-06-15T10:15:35.6219530Z -- Looking for alloca.h
2026-06-15T10:15:35.6737235Z -- Looking for alloca.h - found
2026-06-15T10:15:35.6737950Z -- Looking for getopt.h
2026-06-15T10:15:35.7261645Z -- Looking for getopt.h - found
2026-06-15T10:15:35.7262208Z -- Looking for stdint.h
2026-06-15T10:15:35.7805165Z -- Looking for stdint.h - found
2026-06-15T10:15:35.7805828Z -- Looking for inttypes.h
2026-06-15T10:15:35.8343980Z -- Looking for inttypes.h - found
2026-06-15T10:15:35.8344426Z -- Looking for limits.h
2026-06-15T10:15:35.8903749Z -- Looking for limits.h - found
2026-06-15T10:15:35.8904215Z -- Looking for malloc.h
2026-06-15T10:15:35.9489445Z -- Looking for malloc.h - found
2026-06-15T10:15:35.9490247Z -- Looking for memory.h
2026-06-15T10:15:36.0033004Z -- Looking for memory.h - found
2026-06-15T10:15:36.0034111Z -- Looking for dirent.h
2026-06-15T10:15:36.0581179Z -- Looking for dirent.h - found
2026-06-15T10:15:36.0581904Z -- Looking for endian.h
2026-06-15T10:15:36.1109942Z -- Looking for endian.h - found
2026-06-15T10:15:36.1110653Z -- Looking for sys/endian.h
2026-06-15T10:15:36.1373417Z -- Looking for sys/endian.h - not found
2026-06-15T10:15:36.1373903Z -- Looking for byteorder.h
2026-06-15T10:15:36.1634240Z -- Looking for byteorder.h - not found
2026-06-15T10:15:36.1634714Z -- Looking for sys/byteorder.h
2026-06-15T10:15:36.1893011Z -- Looking for sys/byteorder.h - not found
2026-06-15T10:15:36.1894079Z -- Looking for byteswap.h
2026-06-15T10:15:36.2419819Z -- Looking for byteswap.h - found
2026-06-15T10:15:36.2420692Z -- Looking for iconv.h
2026-06-15T10:15:36.2981156Z -- Looking for iconv.h - found
2026-06-15T10:15:36.2981618Z -- Looking for pcre2.h
2026-06-15T10:15:36.3418018Z -- Looking for pcre2.h - not found
2026-06-15T10:15:36.3418736Z -- Looking for sys/stat.h
2026-06-15T10:15:36.3964862Z -- Looking for sys/stat.h - found
2026-06-15T10:15:36.3965514Z -- Looking for direct.h
2026-06-15T10:15:36.4227518Z -- Looking for direct.h - not found
2026-06-15T10:15:36.4228240Z -- Looking for sys/param.h
2026-06-15T10:15:36.4894535Z -- Looking for sys/param.h - found
2026-06-15T10:15:36.4894975Z -- Looking for sys/time.h
2026-06-15T10:15:36.5445111Z -- Looking for sys/time.h - found
2026-06-15T10:15:36.5445639Z -- Looking for sys/types.h
2026-06-15T10:15:36.5995109Z -- Looking for sys/types.h - found
2026-06-15T10:15:36.5995722Z -- Looking for libps/pslib.h
2026-06-15T10:15:36.6257273Z -- Looking for libps/pslib.h - not found
2026-06-15T10:15:36.6257939Z -- Looking for mimalloc-override.h
2026-06-15T10:15:36.6515977Z -- Looking for mimalloc-override.h - not found
2026-06-15T10:15:36.6554349Z -- Looking for floor
2026-06-15T10:15:36.7212923Z -- Looking for floor - not found
2026-06-15T10:15:36.7214356Z -- Looking for gettimeofday
2026-06-15T10:15:36.7757715Z -- Looking for gettimeofday - found
2026-06-15T10:15:36.7759579Z -- Looking for memchr
2026-06-15T10:15:36.8300876Z -- Looking for memchr - found
2026-06-15T10:15:36.8302239Z -- Looking for memmem
2026-06-15T10:15:36.8895968Z -- Looking for memmem - found
2026-06-15T10:15:36.8897547Z -- Looking for memmove
2026-06-15T10:15:36.9533048Z -- Looking for memmove - found
2026-06-15T10:15:36.9534873Z -- Looking for realloc
2026-06-15T10:15:37.0121449Z -- Looking for realloc - found
2026-06-15T10:15:37.0123077Z -- Looking for scandir
2026-06-15T10:15:37.0670850Z -- Looking for scandir - found
2026-06-15T10:15:37.0671454Z -- Looking for setenv
2026-06-15T10:15:37.1246642Z -- Looking for setenv - found
2026-06-15T10:15:37.1247789Z -- Looking for strcasecmp
2026-06-15T10:15:37.1773962Z -- Looking for strcasecmp - found
2026-06-15T10:15:37.1775233Z -- Looking for strcasestr
2026-06-15T10:15:37.2312535Z -- Looking for strcasestr - found
2026-06-15T10:15:37.2314308Z -- Looking for strchr
2026-06-15T10:15:37.2851086Z -- Looking for strchr - found
2026-06-15T10:15:37.2852956Z -- Looking for strnlen
2026-06-15T10:15:37.3389579Z -- Looking for strnlen - found
2026-06-15T10:15:37.3391147Z -- Looking for strrchr
2026-06-15T10:15:37.3931108Z -- Looking for strrchr - found
2026-06-15T10:15:37.3932504Z -- Looking for strtol
2026-06-15T10:15:37.4506771Z -- Looking for strtol - found
2026-06-15T10:15:37.4508182Z -- Looking for strtoul
2026-06-15T10:15:37.5084116Z -- Looking for strtoul - found
2026-06-15T10:15:37.5085858Z -- Looking for strtoull
2026-06-15T10:15:37.5660424Z -- Looking for strtoull - found
2026-06-15T10:15:37.5661944Z -- Looking for wcscmp
2026-06-15T10:15:37.6211236Z -- Looking for wcscmp - found
2026-06-15T10:15:37.6212772Z -- Looking for wcscpy
2026-06-15T10:15:37.6760933Z -- Looking for wcscpy - found
2026-06-15T10:15:37.6762362Z -- Looking for wcslen
2026-06-15T10:15:37.7312126Z -- Looking for wcslen - found
2026-06-15T10:15:37.7313519Z -- Looking for wcsnlen
2026-06-15T10:15:37.7861081Z -- Looking for wcsnlen - found
2026-06-15T10:15:37.7938238Z -- Check size of size_t
2026-06-15T10:15:37.8508886Z -- Check size of size_t - done
2026-06-15T10:15:37.8511253Z -- Check size of wchar_t
2026-06-15T10:15:37.9074958Z -- Check size of wchar_t - done
2026-06-15T10:15:37.9192449Z -- Performing Test Iconv_IS_BUILT_IN
2026-06-15T10:15:37.9725168Z -- Performing Test Iconv_IS_BUILT_IN - Success
2026-06-15T10:15:37.9733228Z -- Found Iconv: built in to C library
2026-06-15T10:15:37.9797486Z -- Performing Test HAVE_C_FTRIVIAL_AUTO_VAR_INIT
2026-06-15T10:15:38.0295851Z -- Performing Test HAVE_C_FTRIVIAL_AUTO_VAR_INIT - Success
2026-06-15T10:15:38.0302014Z -- Performing Test HAVE_C_FSTACK_PROTECTOR_STRONG
2026-06-15T10:15:38.0796747Z -- Performing Test HAVE_C_FSTACK_PROTECTOR_STRONG - Success
2026-06-15T10:15:38.0802385Z -- Performing Test HAVE_C_FSTACK_CLASH_PROTECTION
2026-06-15T10:15:38.1296219Z -- Performing Test HAVE_C_FSTACK_CLASH_PROTECTION - Success
2026-06-15T10:15:38.1302092Z -- Performing Test HAVE_C_FCF_PROTECTION
2026-06-15T10:15:38.1796275Z -- Performing Test HAVE_C_FCF_PROTECTION - Success
2026-06-15T10:15:38.1802068Z -- Performing Test HAVE_C_FNO_DELETE_NULL_POINTER_CHECKS
2026-06-15T10:15:38.2296852Z -- Performing Test HAVE_C_FNO_DELETE_NULL_POINTER_CHECKS - Success
2026-06-15T10:15:38.2303072Z -- Performing Test HAVE_C_WARRAY_BOUNDS
2026-06-15T10:15:38.2797587Z -- Performing Test HAVE_C_WARRAY_BOUNDS - Success
2026-06-15T10:15:38.2803853Z -- Performing Test HAVE_C_WALLOC_SIZE
2026-06-15T10:15:38.3049036Z -- Performing Test HAVE_C_WALLOC_SIZE - Failed
2026-06-15T10:15:38.6599259Z -- IPO / LTO enabled
2026-06-15T10:15:38.6789854Z -- Configuring done (4.0s)
2026-06-15T10:15:38.7075387Z -- Generating done (0.0s)
2026-06-15T10:15:38.7078369Z -- Build files have been written to: /home/runner/work/libredwg/libredwg
2026-06-15T10:15:38.7129137Z ##[group]Run make -j
2026-06-15T10:15:38.7129382Z [36;1mmake -j[0m
2026-06-15T10:15:38.7157143Z shell: /usr/bin/bash -e {0}
2026-06-15T10:15:38.7157372Z env:
2026-06-15T10:15:38.7157606Z   pythonLocation: /opt/hostedtoolcache/Python/3.12.13/x64
2026-06-15T10:15:38.7157966Z   PKG_CONFIG_PATH: /opt/hostedtoolcache/Python/3.12.13/x64/lib/pkgconfig
2026-06-15T10:15:38.7158307Z   Python_ROOT_DIR: /opt/hostedtoolcache/Python/3.12.13/x64
2026-06-15T10:15:38.7158622Z   Python2_ROOT_DIR: /opt/hostedtoolcache/Python/3.12.13/x64
2026-06-15T10:15:38.7158924Z   Python3_ROOT_DIR: /opt/hostedtoolcache/Python/3.12.13/x64
2026-06-15T10:15:38.7159224Z   LD_LIBRARY_PATH: /opt/hostedtoolcache/Python/3.12.13/x64/lib
2026-06-15T10:15:38.7159490Z ##[endgroup]
2026-06-15T10:15:38.7335652Z [  1%] Building C object CMakeFiles/redwg.dir/src/bits.c.o
2026-06-15T10:15:38.7339009Z [  2%] Building C object CMakeFiles/redwg.dir/src/codepages.c.o
2026-06-15T10:15:38.7339983Z [  3%] Building C object CMakeFiles/redwg.dir/src/common.c.o
2026-06-15T10:15:38.7361679Z [  5%] Building C object CMakeFiles/redwg.dir/src/logging.c.o
2026-06-15T10:15:38.7382502Z [  6%] Building C object CMakeFiles/redwg.dir/src/classes.c.o
2026-06-15T10:15:38.7410603Z [  7%] Building C object CMakeFiles/redwg.dir/src/objects.c.o
2026-06-15T10:15:38.7417186Z [  8%] Building C object CMakeFiles/redwg.dir/src/decode.c.o
2026-06-15T10:15:38.7429241Z [ 10%] Building C object CMakeFiles/redwg.dir/src/decode_r11.c.o
2026-06-15T10:15:38.7438300Z [ 11%] Building C object CMakeFiles/redwg.dir/src/decode2.c.o
2026-06-15T10:15:38.7450635Z [ 12%] Building C object CMakeFiles/redwg.dir/src/decode_r2007.c.o
2026-06-15T10:15:38.7491974Z [ 15%] Building C object CMakeFiles/redwg.dir/src/dwg.c.o
2026-06-15T10:15:38.7530181Z [ 14%] Building C object CMakeFiles/redwg.dir/src/hash.c.o
2026-06-15T10:15:38.7671655Z [ 16%] Building C object CMakeFiles/redwg.dir/src/dwg_api.c.o
2026-06-15T10:15:38.7751159Z [ 17%] Building C object CMakeFiles/redwg.dir/src/dynapi.c.o
2026-06-15T10:15:38.7901121Z [ 19%] Building C object CMakeFiles/redwg.dir/src/dxfclasses.c.o
2026-06-15T10:15:38.8030882Z [ 21%] Building C object CMakeFiles/redwg.dir/src/geom.c.o
2026-06-15T10:15:38.8131088Z [ 23%] Building C object CMakeFiles/redwg.dir/src/out_geojson.c.o
2026-06-15T10:15:38.8281456Z [ 24%] Building C object CMakeFiles/redwg.dir/src/out_json.c.o
2026-06-15T10:15:38.8401702Z [ 25%] Building C object CMakeFiles/redwg.dir/src/out_dxfb.c.o
2026-06-15T10:15:38.8681156Z [ 26%] Building C object CMakeFiles/redwg.dir/src/out_dxf.c.o
2026-06-15T10:15:38.8890931Z [ 20%] Building C object CMakeFiles/redwg.dir/src/free.c.o
2026-06-15T10:15:38.9101026Z [ 28%] Building C object CMakeFiles/redwg.dir/src/encode.c.o
2026-06-15T10:15:38.9300957Z [ 29%] Building C object CMakeFiles/redwg.dir/src/in_dxf.c.o
2026-06-15T10:15:38.9390714Z [ 32%] Building C object CMakeFiles/redwg.dir/src/print.c.o
2026-06-15T10:15:38.9647983Z [ 32%] Building C object CMakeFiles/redwg.dir/src/in_json.c.o
2026-06-15T10:15:38.9790812Z [ 34%] Building C object CMakeFiles/redwg.dir/src/encode2.c.o
2026-06-15T10:15:39.0022130Z [ 33%] Building C object CMakeFiles/redwg.dir/src/reedsolomon.c.o
2026-06-15T10:17:47.8318881Z [ 35%] Linking C shared library libredwg.so
2026-06-15T10:17:48.0312351Z [ 35%] Built target redwg
2026-06-15T10:17:48.0409655Z [ 37%] Building C object test/unit-testing/CMakeFiles/bits_test.dir/__/__/src/bits.c.o
2026-06-15T10:17:48.0429198Z [ 39%] Building C object test/unit-testing/CMakeFiles/hash_test.dir/hash_test.c.o
2026-06-15T10:17:48.0430558Z [ 41%] Building C object test/unit-testing/CMakeFiles/common_test.dir/common_test.c.o
2026-06-15T10:17:48.0487553Z [ 44%] Building C object test/unit-testing/CMakeFiles/hash_test.dir/__/__/src/bits.c.o
2026-06-15T10:17:48.0560908Z [ 44%] Building C object test/unit-testing/CMakeFiles/decode_test.dir/__/__/src/dwg.c.o
2026-06-15T10:17:48.0656695Z [ 47%] Building C object test/unit-testing/CMakeFiles/decode_test.dir/__/__/src/codepages.c.o
2026-06-15T10:17:48.0773992Z [ 48%] Building C object test/unit-testing/CMakeFiles/decode_test.dir/__/__/src/bits.c.o
2026-06-15T10:17:48.0971491Z [ 51%] Building C object test/unit-testing/CMakeFiles/bits_test.dir/__/__/src/logging.c.o
2026-06-15T10:17:48.1201465Z [ 52%] Building C object test/unit-testing/CMakeFiles/decode_test.dir/__/__/src/hash.c.o
2026-06-15T10:17:48.1383830Z [ 53%] Building C object test/unit-testing/CMakeFiles/dxf_test.dir/__/__/src/dynapi.c.o
2026-06-15T10:17:48.1572022Z [ 46%] Building C object test/unit-testing/CMakeFiles/decode_test.dir/__/__/src/logging.c.o
2026-06-15T10:17:48.1771202Z [ 55%] Building C object test/unit-testing/CMakeFiles/bits_test.dir/__/__/src/classes.c.o
2026-06-15T10:17:48.1981307Z [ 56%] Building C object test/unit-testing/CMakeFiles/decode_test.dir/__/__/src/decode_r2007.c.o
2026-06-15T10:17:48.2110884Z [ 57%] Building C object test/unit-testing/CMakeFiles/hash_test.dir/__/__/src/logging.c.o
2026-06-15T10:17:48.2271195Z [ 58%] Building C object test/unit-testing/CMakeFiles/dxf_test.dir/dxf_test.c.o
2026-06-15T10:17:48.2551305Z [ 39%] Building C object test/unit-testing/CMakeFiles/bits_test.dir/bits_test.c.o
2026-06-15T10:17:48.2711400Z [ 60%] Building C object test/unit-testing/CMakeFiles/dxf_test.dir/__/__/src/logging.c.o
2026-06-15T10:17:48.2921270Z [ 61%] Building C object test/unit-testing/CMakeFiles/common_test.dir/__/__/src/classes.c.o
2026-06-15T10:17:48.3131236Z [ 62%] Building C object test/unit-testing/CMakeFiles/hash_test.dir/__/__/src/codepages.c.o
2026-06-15T10:17:48.3311133Z [ 64%] Building C object test/unit-testing/CMakeFiles/decode_test.dir/__/__/src/objects.c.o
2026-06-15T10:17:48.3491106Z [ 65%] Building C object test/unit-testing/CMakeFiles/decode_test.dir/__/__/src/classes.c.o
2026-06-15T10:17:48.3701123Z [ 66%] Building C object test/unit-testing/CMakeFiles/hash_test.dir/__/__/src/classes.c.o
2026-06-15T10:17:48.3961204Z [ 67%] Building C object test/unit-testing/CMakeFiles/common_test.dir/__/__/src/logging.c.o
2026-06-15T10:17:48.4141165Z [ 69%] Building C object test/unit-testing/CMakeFiles/dxf_test.dir/__/__/src/objects.c.o
2026-06-15T10:17:48.4364016Z [ 50%] Building C object test/unit-testing/CMakeFiles/decode_test.dir/decode_test.c.o
2026-06-15T10:17:48.4531519Z [ 71%] Building C object test/unit-testing/CMakeFiles/dynapi_test.dir/dynapi_test.c.o
2026-06-15T10:17:48.4711428Z [ 73%] Building C object test/unit-testing/CMakeFiles/common_test.dir/__/__/src/codepages.c.o
2026-06-15T10:17:48.4891079Z [ 74%] Building C object test/unit-testing/CMakeFiles/add_test.dir/__/__/src/classes.c.o
2026-06-15T10:17:48.5061406Z [ 75%] Building C object test/unit-testing/CMakeFiles/add_test.dir/__/__/src/logging.c.o
2026-06-15T10:17:48.5331221Z [ 76%] Building C object test/unit-testing/CMakeFiles/dxf_test.dir/__/__/src/classes.c.o
2026-06-15T10:17:48.5501567Z [ 78%] Building C object test/unit-testing/CMakeFiles/bits_test.dir/__/__/src/objects.c.o
2026-06-15T10:17:48.5701405Z [ 80%] Building C object test/unit-testing/CMakeFiles/decode_test.dir/__/__/src/decode2.c.o
2026-06-15T10:17:48.5831507Z [ 82%] Building C object test/unit-testing/CMakeFiles/add_test.dir/__/__/src/codepages.c.o
2026-06-15T10:17:48.6051335Z [ 83%] Building C object test/unit-testing/CMakeFiles/add_test.dir/__/__/src/bits.c.o
2026-06-15T10:17:48.6311304Z [ 84%] Building C object test/unit-testing/CMakeFiles/dynapi_test.dir/__/__/src/bits.c.o
2026-06-15T10:17:48.6501342Z [ 85%] Building C object test/unit-testing/CMakeFiles/hash_test.dir/__/__/src/hash.c.o
2026-06-15T10:17:48.6651503Z [ 85%] Building C object test/unit-testing/CMakeFiles/add_test.dir/add_test.c.o
2026-06-15T10:17:48.6891536Z [ 70%] Building C object test/unit-testing/CMakeFiles/bits_test.dir/__/__/src/codepages.c.o
2026-06-15T10:17:48.7101148Z [ 85%] Building C object test/unit-testing/CMakeFiles/decode_test.dir/__/__/src/print.c.o
2026-06-15T10:17:48.7221145Z [ 87%] Building C object test/unit-testing/CMakeFiles/dynapi_test.dir/__/__/src/codepages.c.o
2026-06-15T10:17:48.7431848Z [ 88%] Building C object test/unit-testing/CMakeFiles/dynapi_test.dir/__/__/src/objects.c.o
2026-06-15T10:17:48.7671349Z [ 89%] Building C object test/unit-testing/CMakeFiles/dynapi_test.dir/__/__/src/classes.c.o
2026-06-15T10:17:48.7791009Z [ 91%] Building C object test/unit-testing/CMakeFiles/dynapi_test.dir/__/__/src/logging.c.o
2026-06-15T10:17:56.1131397Z [ 92%] Linking C executable hash_test
2026-06-15T10:17:56.2488218Z [ 92%] Built target hash_test
2026-06-15T10:17:56.5191157Z [ 93%] Linking C executable common_test
2026-06-15T10:17:56.6909526Z [ 93%] Built target common_test
2026-06-15T10:17:56.9501087Z [ 94%] Linking C executable add_test
2026-06-15T10:17:57.0111033Z [ 96%] Linking C executable bits_test
2026-06-15T10:17:57.0403772Z [ 96%] Built target add_test
2026-06-15T10:17:57.1291014Z [ 96%] Built target bits_test
2026-06-15T10:17:59.6699545Z [ 97%] Linking C executable dxf_test
2026-06-15T10:17:59.8661076Z [ 97%] Built target dxf_test
2026-06-15T10:18:09.4145401Z [ 98%] Linking C executable dynapi_test
2026-06-15T10:18:09.4667880Z [ 98%] Built target dynapi_test
2026-06-15T10:18:34.8478697Z [100%] Linking C executable decode_test
2026-06-15T10:18:34.9451435Z [100%] Built target decode_test
2026-06-15T10:18:34.9513196Z ##[group]Run make -j test
2026-06-15T10:18:34.9513566Z [36;1mmake -j test[0m
2026-06-15T10:18:34.9541150Z shell: /usr/bin/bash -e {0}
2026-06-15T10:18:34.9541373Z env:
2026-06-15T10:18:34.9541596Z   pythonLocation: /opt/hostedtoolcache/Python/3.12.13/x64
2026-06-15T10:18:34.9541955Z   PKG_CONFIG_PATH: /opt/hostedtoolcache/Python/3.12.13/x64/lib/pkgconfig
2026-06-15T10:18:34.9542292Z   Python_ROOT_DIR: /opt/hostedtoolcache/Python/3.12.13/x64
2026-06-15T10:18:34.9542603Z   Python2_ROOT_DIR: /opt/hostedtoolcache/Python/3.12.13/x64
2026-06-15T10:18:34.9542901Z   Python3_ROOT_DIR: /opt/hostedtoolcache/Python/3.12.13/x64
2026-06-15T10:18:34.9543206Z   LD_LIBRARY_PATH: /opt/hostedtoolcache/Python/3.12.13/x64/lib
2026-06-15T10:18:34.9543464Z ##[endgroup]
2026-06-15T10:18:34.9616830Z Running tests...
2026-06-15T10:18:35.1383656Z Test project /home/runner/work/libredwg/libredwg
2026-06-15T10:18:35.1387639Z     Start 1: bits_test
2026-06-15T10:18:35.2004246Z 1/7 Test #1: bits_test ........................   Passed    0.06 sec
2026-06-15T10:18:35.2005820Z     Start 2: hash_test
2026-06-15T10:18:35.3622832Z 2/7 Test #2: hash_test ........................   Passed    0.16 sec
2026-06-15T10:18:35.3624005Z     Start 3: common_test
2026-06-15T10:18:36.0068951Z 3/7 Test #3: common_test ......................   Passed    0.64 sec
2026-06-15T10:18:36.0070808Z     Start 4: decode_test
2026-06-15T10:18:36.0085919Z 4/7 Test #4: decode_test ......................   Passed    0.00 sec
2026-06-15T10:18:36.0087177Z     Start 5: dxf_test
2026-06-15T10:18:36.0139553Z 5/7 Test #5: dxf_test .........................   Passed    0.01 sec
2026-06-15T10:18:36.0140662Z     Start 6: dynapi_test
2026-06-15T10:18:36.0825090Z 6/7 Test #6: dynapi_test ......................   Passed    0.07 sec
2026-06-15T10:18:36.0825883Z     Start 7: add_test
2026-06-15T10:18:36.1599037Z 7/7 Test #7: add_test .........................   Passed    0.08 sec
2026-06-15T10:18:36.1601147Z 
2026-06-15T10:18:36.1601347Z 100% tests passed, 0 tests failed out of 7
2026-06-15T10:18:36.1601591Z 
2026-06-15T10:18:36.1601727Z Total Test time (real) =   1.02 sec
2026-06-15T10:18:36.1697141Z Post job cleanup.
2026-06-15T10:18:36.2553432Z ##[group]ccache stats
2026-06-15T10:18:36.2563920Z [command]/usr/bin/ccache -s
2026-06-15T10:18:36.2616809Z Cacheable calls:   121 / 201 (60.20%)
2026-06-15T10:18:36.2617275Z   Hits:              3 / 121 ( 2.48%)
2026-06-15T10:18:36.2617674Z     Direct:          3 /   3 (100.0%)
2026-06-15T10:18:36.2617995Z     Preprocessed:    0 /   3 ( 0.00%)
2026-06-15T10:18:36.2618319Z   Misses:          118 / 121 (97.52%)
2026-06-15T10:18:36.2618635Z Uncacheable calls:  74 / 201 (36.82%)
2026-06-15T10:18:36.2618854Z Errors:              6 / 201 ( 2.99%)
2026-06-15T10:18:36.2619126Z Local storage:
2026-06-15T10:18:36.2619399Z   Cache size (GB): 0.0 / 0.5 ( 4.33%)
2026-06-15T10:18:36.2619727Z   Hits:              3 / 121 ( 2.48%)
2026-06-15T10:18:36.2620041Z   Misses:          118 / 121 (97.52%)
2026-06-15T10:18:36.2628841Z [command]/usr/bin/ccache --version
2026-06-15T10:18:36.2651760Z ccache version 4.9.1
2026-06-15T10:18:36.2652367Z Features: file-storage http-storage redis+unix-storage redis-storage
2026-06-15T10:18:36.2652721Z 
2026-06-15T10:18:36.2653085Z Copyright (C) 2002-2007 Andrew Tridgell
2026-06-15T10:18:36.2653540Z Copyright (C) 2009-2024 Joel Rosdahl and other contributors
2026-06-15T10:18:36.2653876Z 
2026-06-15T10:18:36.2654173Z See <https://ccache.dev/credits.html> for a complete list of contributors.
2026-06-15T10:18:36.2654568Z 
2026-06-15T10:18:36.2654851Z This program is free software; you can redistribute it and/or modify it under
2026-06-15T10:18:36.2655487Z the terms of the GNU General Public License as published by the Free Software
2026-06-15T10:18:36.2656134Z Foundation; either version 3 of the License, or (at your option) any later
2026-06-15T10:18:36.2656605Z version.
2026-06-15T10:18:36.2657797Z ##[endgroup]
2026-06-15T10:18:36.2726213Z Save cache using key "ccache-linux-cmake-2026-06-15T10:18:36.272Z".
2026-06-15T10:18:36.2818628Z [command]/usr/bin/tar --posix -cf cache.tzst --exclude cache.tzst -P -C /home/runner/work/libredwg/libredwg --files-from manifest.txt --use-compress-program zstdmt
2026-06-15T10:18:36.9290452Z Sent 19146607 of 19146607 (100.0%), 37.1 MBs/sec
2026-06-15T10:18:37.0740994Z Post job cleanup.
2026-06-15T10:18:37.1391740Z [command]/usr/bin/git version
2026-06-15T10:18:37.1421203Z git version 2.54.0
2026-06-15T10:18:37.1449709Z Temporarily overriding HOME='/home/runner/work/_temp/63e81779-422b-4431-a1b1-29ad0585c4d8' before making global git config changes
2026-06-15T10:18:37.1451216Z Adding repository directory to the temporary git global config as a safe directory
2026-06-15T10:18:37.1454425Z [command]/usr/bin/git config --global --add safe.directory /home/runner/work/libredwg/libredwg
2026-06-15T10:18:37.1478800Z Removing SSH command configuration
2026-06-15T10:18:37.1483767Z [command]/usr/bin/git config --local --name-only --get-regexp core\.sshCommand
2026-06-15T10:18:37.1511162Z [command]/usr/bin/git submodule foreach --recursive sh -c "git config --local --name-only --get-regexp 'core\.sshCommand' && git config --local --unset-all 'core.sshCommand' || :"
2026-06-15T10:18:37.1689092Z Entering 'jsmn'
2026-06-15T10:18:37.1765754Z Removing HTTP extra header
2026-06-15T10:18:37.1769099Z [command]/usr/bin/git config --local --name-only --get-regexp http\.https\:\/\/github\.com\/\.extraheader
2026-06-15T10:18:37.1795922Z [command]/usr/bin/git submodule foreach --recursive sh -c "git config --local --name-only --get-regexp 'http\.https\:\/\/github\.com\/\.extraheader' && git config --local --unset-all 'http.https://github.com/.extraheader' || :"
2026-06-15T10:18:37.1969173Z Entering 'jsmn'
2026-06-15T10:18:37.2011854Z Removing includeIf entries pointing to credentials config files
2026-06-15T10:18:37.2017122Z [command]/usr/bin/git config --local --name-only --get-regexp ^includeIf\.gitdir:
2026-06-15T10:18:37.2035876Z includeif.gitdir:/home/runner/work/libredwg/libredwg/.git.path
2026-06-15T10:18:37.2036519Z includeif.gitdir:/home/runner/work/libredwg/libredwg/.git/worktrees/*.path
2026-06-15T10:18:37.2037109Z includeif.gitdir:/github/workspace/.git.path
2026-06-15T10:18:37.2037573Z includeif.gitdir:/github/workspace/.git/worktrees/*.path
2026-06-15T10:18:37.2042995Z [command]/usr/bin/git config --local --get-all includeif.gitdir:/home/runner/work/libredwg/libredwg/.git.path
2026-06-15T10:18:37.2059930Z /home/runner/work/_temp/git-credentials-0f519ea8-82ae-4f1d-bdba-24e27bc80bb3.config
2026-06-15T10:18:37.2068121Z [command]/usr/bin/git config --local --unset includeif.gitdir:/home/runner/work/libredwg/libredwg/.git.path /home/runner/work/_temp/git-credentials-0f519ea8-82ae-4f1d-bdba-24e27bc80bb3.config
2026-06-15T10:18:37.2097349Z [command]/usr/bin/git config --local --get-all includeif.gitdir:/home/runner/work/libredwg/libredwg/.git/worktrees/*.path
2026-06-15T10:18:37.2115122Z /home/runner/work/_temp/git-credentials-0f519ea8-82ae-4f1d-bdba-24e27bc80bb3.config
2026-06-15T10:18:37.2123122Z [command]/usr/bin/git config --local --unset includeif.gitdir:/home/runner/work/libredwg/libredwg/.git/worktrees/*.path /home/runner/work/_temp/git-credentials-0f519ea8-82ae-4f1d-bdba-24e27bc80bb3.config
2026-06-15T10:18:37.2147590Z [command]/usr/bin/git config --local --get-all includeif.gitdir:/github/workspace/.git.path
2026-06-15T10:18:37.2164189Z /github/runner_temp/git-credentials-0f519ea8-82ae-4f1d-bdba-24e27bc80bb3.config
2026-06-15T10:18:37.2170977Z [command]/usr/bin/git config --local --unset includeif.gitdir:/github/workspace/.git.path /github/runner_temp/git-credentials-0f519ea8-82ae-4f1d-bdba-24e27bc80bb3.config
2026-06-15T10:18:37.2195028Z [command]/usr/bin/git config --local --get-all includeif.gitdir:/github/workspace/.git/worktrees/*.path
2026-06-15T10:18:37.2211989Z /github/runner_temp/git-credentials-0f519ea8-82ae-4f1d-bdba-24e27bc80bb3.config
2026-06-15T10:18:37.2219302Z [command]/usr/bin/git config --local --unset includeif.gitdir:/github/workspace/.git/worktrees/*.path /github/runner_temp/git-credentials-0f519ea8-82ae-4f1d-bdba-24e27bc80bb3.config
2026-06-15T10:18:37.2884446Z [command]/usr/bin/git submodule foreach --recursive git config --local --show-origin --name-only --get-regexp remote.origin.url
2026-06-15T10:18:37.3070425Z Entering 'jsmn'
2026-06-15T10:18:37.3087484Z file:/home/runner/work/libredwg/libredwg/.git/modules/jsmn/config	remote.origin.url
2026-06-15T10:18:37.3113603Z [command]/usr/bin/git config --file /home/runner/work/libredwg/libredwg/.git/modules/jsmn/config --name-only --get-regexp ^includeIf\.gitdir:
2026-06-15T10:18:37.3133858Z includeif.gitdir:/home/runner/work/libredwg/libredwg/.git/modules/jsmn.path
2026-06-15T10:18:37.3134695Z includeif.gitdir:/github/workspace/.git/modules/jsmn.path
2026-06-15T10:18:37.3139724Z [command]/usr/bin/git config --file /home/runner/work/libredwg/libredwg/.git/modules/jsmn/config --get-all includeif.gitdir:/home/runner/work/libredwg/libredwg/.git/modules/jsmn.path
2026-06-15T10:18:37.3157096Z /home/runner/work/_temp/git-credentials-0f519ea8-82ae-4f1d-bdba-24e27bc80bb3.config
2026-06-15T10:18:37.3163196Z [command]/usr/bin/git config --file /home/runner/work/libredwg/libredwg/.git/modules/jsmn/config --unset includeif.gitdir:/home/runner/work/libredwg/libredwg/.git/modules/jsmn.path /home/runner/work/_temp/git-credentials-0f519ea8-82ae-4f1d-bdba-24e27bc80bb3.config
2026-06-15T10:18:37.3187233Z [command]/usr/bin/git config --file /home/runner/work/libredwg/libredwg/.git/modules/jsmn/config --get-all includeif.gitdir:/github/workspace/.git/modules/jsmn.path
2026-06-15T10:18:37.3204777Z /github/runner_temp/git-credentials-0f519ea8-82ae-4f1d-bdba-24e27bc80bb3.config
2026-06-15T10:18:37.3210823Z [command]/usr/bin/git config --file /home/runner/work/libredwg/libredwg/.git/modules/jsmn/config --unset includeif.gitdir:/github/workspace/.git/modules/jsmn.path /github/runner_temp/git-credentials-0f519ea8-82ae-4f1d-bdba-24e27bc80bb3.config
2026-06-15T10:18:37.3233986Z Removing credentials config '/home/runner/work/_temp/git-credentials-0f519ea8-82ae-4f1d-bdba-24e27bc80bb3.config'
2026-06-15T10:18:37.3353533Z Post job cleanup.
2026-06-15T10:18:37.4360956Z Cleaning up orphan processes
