2026-02-26T13:10:30.1965014Z Current runner version: '2.331.0'
2026-02-26T13:10:30.1986960Z ##[group]Runner Image Provisioner
2026-02-26T13:10:30.1987650Z Hosted Compute Agent
2026-02-26T13:10:30.1988189Z Version: 20260213.493
2026-02-26T13:10:30.1988868Z Commit: 5c115507f6dd24b8de37d8bbe0bb4509d0cc0fa3
2026-02-26T13:10:30.1989493Z Build Date: 2026-02-13T00:28:41Z
2026-02-26T13:10:30.1990032Z Worker ID: {80da0a55-84fc-4819-b27f-f77267bec485}
2026-02-26T13:10:30.1990670Z Azure Region: westus3
2026-02-26T13:10:30.1991119Z ##[endgroup]
2026-02-26T13:10:30.1992360Z ##[group]Operating System
2026-02-26T13:10:30.1992952Z Ubuntu
2026-02-26T13:10:30.1993386Z 24.04.3
2026-02-26T13:10:30.1993790Z LTS
2026-02-26T13:10:30.1994205Z ##[endgroup]
2026-02-26T13:10:30.1994644Z ##[group]Runner Image
2026-02-26T13:10:30.1995084Z Image: ubuntu-24.04
2026-02-26T13:10:30.1995561Z Version: 20260224.36.1
2026-02-26T13:10:30.1996555Z Included Software: https://github.com/actions/runner-images/blob/ubuntu24/20260224.36/images/ubuntu/Ubuntu2404-Readme.md
2026-02-26T13:10:30.1997809Z Image Release: https://github.com/actions/runner-images/releases/tag/ubuntu24%2F20260224.36
2026-02-26T13:10:30.1998674Z ##[endgroup]
2026-02-26T13:10:30.1999604Z ##[group]GITHUB_TOKEN Permissions
2026-02-26T13:10:30.2001596Z Contents: read
2026-02-26T13:10:30.2002038Z Metadata: read
2026-02-26T13:10:30.2002497Z ##[endgroup]
2026-02-26T13:10:30.2004425Z Secret source: Actions
2026-02-26T13:10:30.2005186Z Prepare workflow directory
2026-02-26T13:10:30.2367582Z Prepare all required actions
2026-02-26T13:10:30.2406489Z Getting action download info
2026-02-26T13:10:30.6846372Z Download action repository 'actions/checkout@v6' (SHA:de0fac2e4500dabe0009e67214ff5f5447ce83dd)
2026-02-26T13:10:30.8371941Z Download action repository 'actions/setup-python@v6' (SHA:a309ff8b426b58ec0e2a45f0f869d46889d02405)
2026-02-26T13:10:30.9339743Z Download action repository 'astral-sh/setup-uv@v7' (SHA:eac588ad8def6316056a12d4907a9d4d84ff7a3b)
2026-02-26T13:10:31.9593361Z Download action repository 'mxschmitt/action-tmate@v3' (SHA:c0afd6f790e3a5564914980036ebf83216678101)
2026-02-26T13:10:32.8885354Z Complete job name: Test Python 3.11 ubuntu-latest
2026-02-26T13:10:32.9723357Z ##[group]Run actions/checkout@v6
2026-02-26T13:10:32.9724496Z with:
2026-02-26T13:10:32.9725150Z   repository: xonsh/xonsh
2026-02-26T13:10:32.9726280Z   token: ***
2026-02-26T13:10:32.9726882Z   ssh-strict: true
2026-02-26T13:10:32.9727523Z   ssh-user: git
2026-02-26T13:10:32.9728168Z   persist-credentials: true
2026-02-26T13:10:32.9729047Z   clean: true
2026-02-26T13:10:32.9729716Z   sparse-checkout-cone-mode: true
2026-02-26T13:10:32.9730534Z   fetch-depth: 1
2026-02-26T13:10:32.9731175Z   fetch-tags: false
2026-02-26T13:10:32.9731837Z   show-progress: true
2026-02-26T13:10:32.9732492Z   lfs: false
2026-02-26T13:10:32.9733096Z   submodules: false
2026-02-26T13:10:32.9733761Z   set-safe-directory: true
2026-02-26T13:10:32.9734695Z env:
2026-02-26T13:10:32.9735300Z   UV_SYSTEM_PYTHON: 1
2026-02-26T13:10:32.9736000Z   DEFAULT_PYTHON_VERSION: 3.12
2026-02-26T13:10:32.9736782Z ##[endgroup]
2026-02-26T13:10:33.0618070Z Syncing repository: xonsh/xonsh
2026-02-26T13:10:33.0620484Z ##[group]Getting Git version info
2026-02-26T13:10:33.0621495Z Working directory is '/home/runner/work/xonsh/xonsh'
2026-02-26T13:10:33.0623024Z [command]/usr/bin/git version
2026-02-26T13:10:33.0653341Z git version 2.53.0
2026-02-26T13:10:33.0672458Z ##[endgroup]
2026-02-26T13:10:33.0686249Z Temporarily overriding HOME='/home/runner/work/_temp/54802467-aac6-4bd2-b79a-a778b8b11b9c' before making global git config changes
2026-02-26T13:10:33.0689191Z Adding repository directory to the temporary git global config as a safe directory
2026-02-26T13:10:33.0690979Z [command]/usr/bin/git config --global --add safe.directory /home/runner/work/xonsh/xonsh
2026-02-26T13:10:33.0722845Z Deleting the contents of '/home/runner/work/xonsh/xonsh'
2026-02-26T13:10:33.0725545Z ##[group]Initializing the repository
2026-02-26T13:10:33.0729549Z [command]/usr/bin/git init /home/runner/work/xonsh/xonsh
2026-02-26T13:10:33.0812382Z hint: Using 'master' as the name for the initial branch. This default branch name
2026-02-26T13:10:33.0815194Z hint: will change to "main" in Git 3.0. To configure the initial branch name
2026-02-26T13:10:33.0817303Z hint: to use in all of your new repositories, which will suppress this warning,
2026-02-26T13:10:33.0818684Z hint: call:
2026-02-26T13:10:33.0819263Z hint:
2026-02-26T13:10:33.0820321Z hint: 	git config --global init.defaultBranch <name>
2026-02-26T13:10:33.0821259Z hint:
2026-02-26T13:10:33.0822154Z hint: Names commonly chosen instead of 'master' are 'main', 'trunk' and
2026-02-26T13:10:33.0823908Z hint: 'development'. The just-created branch can be renamed via this command:
2026-02-26T13:10:33.0825495Z hint:
2026-02-26T13:10:33.0826102Z hint: 	git branch -m <name>
2026-02-26T13:10:33.0826860Z hint:
2026-02-26T13:10:33.0827835Z hint: Disable this message with "git config set advice.defaultBranchName false"
2026-02-26T13:10:33.0829612Z Initialized empty Git repository in /home/runner/work/xonsh/xonsh/.git/
2026-02-26T13:10:33.0832214Z [command]/usr/bin/git remote add origin https://github.com/xonsh/xonsh
2026-02-26T13:10:33.0856372Z ##[endgroup]
2026-02-26T13:10:33.0857511Z ##[group]Disabling automatic garbage collection
2026-02-26T13:10:33.0859606Z [command]/usr/bin/git config --local gc.auto 0
2026-02-26T13:10:33.0882702Z ##[endgroup]
2026-02-26T13:10:33.0883885Z ##[group]Setting up auth
2026-02-26T13:10:33.0885077Z Removing SSH command configuration
2026-02-26T13:10:33.0888114Z [command]/usr/bin/git config --local --name-only --get-regexp core\.sshCommand
2026-02-26T13:10:33.0915157Z [command]/usr/bin/git submodule foreach --recursive sh -c "git config --local --name-only --get-regexp 'core\.sshCommand' && git config --local --unset-all 'core.sshCommand' || :"
2026-02-26T13:10:33.1172939Z Removing HTTP extra header
2026-02-26T13:10:33.1178155Z [command]/usr/bin/git config --local --name-only --get-regexp http\.https\:\/\/github\.com\/\.extraheader
2026-02-26T13:10:33.1205144Z [command]/usr/bin/git submodule foreach --recursive sh -c "git config --local --name-only --get-regexp 'http\.https\:\/\/github\.com\/\.extraheader' && git config --local --unset-all 'http.https://github.com/.extraheader' || :"
2026-02-26T13:10:33.1364442Z Removing includeIf entries pointing to credentials config files
2026-02-26T13:10:33.1370482Z [command]/usr/bin/git config --local --name-only --get-regexp ^includeIf\.gitdir:
2026-02-26T13:10:33.1397196Z [command]/usr/bin/git submodule foreach --recursive git config --local --show-origin --name-only --get-regexp remote.origin.url
2026-02-26T13:10:33.1569729Z [command]/usr/bin/git config --file /home/runner/work/_temp/git-credentials-cb814ebd-1f40-47b7-95bb-68260f75337c.config http.https://github.com/.extraheader AUTHORIZATION: basic ***
2026-02-26T13:10:33.1599006Z [command]/usr/bin/git config --local includeIf.gitdir:/home/runner/work/xonsh/xonsh/.git.path /home/runner/work/_temp/git-credentials-cb814ebd-1f40-47b7-95bb-68260f75337c.config
2026-02-26T13:10:33.1623886Z [command]/usr/bin/git config --local includeIf.gitdir:/home/runner/work/xonsh/xonsh/.git/worktrees/*.path /home/runner/work/_temp/git-credentials-cb814ebd-1f40-47b7-95bb-68260f75337c.config
2026-02-26T13:10:33.1646756Z [command]/usr/bin/git config --local includeIf.gitdir:/github/workspace/.git.path /github/runner_temp/git-credentials-cb814ebd-1f40-47b7-95bb-68260f75337c.config
2026-02-26T13:10:33.1671690Z [command]/usr/bin/git config --local includeIf.gitdir:/github/workspace/.git/worktrees/*.path /github/runner_temp/git-credentials-cb814ebd-1f40-47b7-95bb-68260f75337c.config
2026-02-26T13:10:33.1690634Z ##[endgroup]
2026-02-26T13:10:33.1691748Z ##[group]Fetching the repository
2026-02-26T13:10:33.1698198Z [command]/usr/bin/git -c protocol.version=2 fetch --no-tags --prune --no-recurse-submodules --depth=1 origin +7d9c69edfcc447691c7ee64d4dbe1fe13b8103b3:refs/remotes/origin/main
2026-02-26T13:10:34.2186087Z From https://github.com/xonsh/xonsh
2026-02-26T13:10:34.2186935Z  * [new ref]         7d9c69edfcc447691c7ee64d4dbe1fe13b8103b3 -> origin/main
2026-02-26T13:10:34.2227355Z [command]/usr/bin/git branch --list --remote origin/main
2026-02-26T13:10:34.2246215Z   origin/main
2026-02-26T13:10:34.2252609Z [command]/usr/bin/git rev-parse refs/remotes/origin/main
2026-02-26T13:10:34.2273192Z 7d9c69edfcc447691c7ee64d4dbe1fe13b8103b3
2026-02-26T13:10:34.2275935Z ##[endgroup]
2026-02-26T13:10:34.2276268Z ##[group]Determining the checkout info
2026-02-26T13:10:34.2276960Z ##[endgroup]
2026-02-26T13:10:34.2281099Z [command]/usr/bin/git sparse-checkout disable
2026-02-26T13:10:34.2309899Z [command]/usr/bin/git config --local --unset-all extensions.worktreeConfig
2026-02-26T13:10:34.2329191Z ##[group]Checking out the ref
2026-02-26T13:10:34.2333608Z [command]/usr/bin/git checkout --progress --force -B main refs/remotes/origin/main
2026-02-26T13:10:34.2823494Z Switched to a new branch 'main'
2026-02-26T13:10:34.2824081Z branch 'main' set up to track 'origin/main'.
2026-02-26T13:10:34.2829444Z ##[endgroup]
2026-02-26T13:10:34.2862798Z [command]/usr/bin/git log -1 --format=%H
2026-02-26T13:10:34.2882497Z 7d9c69edfcc447691c7ee64d4dbe1fe13b8103b3
2026-02-26T13:10:34.3075914Z ##[group]Run actions/setup-python@v6
2026-02-26T13:10:34.3076184Z with:
2026-02-26T13:10:34.3076361Z   python-version: 3.11
2026-02-26T13:10:34.3076563Z   check-latest: false
2026-02-26T13:10:34.3076893Z   token: ***
2026-02-26T13:10:34.3077085Z   update-environment: true
2026-02-26T13:10:34.3077309Z   allow-prereleases: false
2026-02-26T13:10:34.3077513Z   freethreaded: false
2026-02-26T13:10:34.3077698Z env:
2026-02-26T13:10:34.3077859Z   UV_SYSTEM_PYTHON: 1
2026-02-26T13:10:34.3078059Z   DEFAULT_PYTHON_VERSION: 3.12
2026-02-26T13:10:34.3078418Z ##[endgroup]
2026-02-26T13:10:34.4259057Z ##[group]Installed versions
2026-02-26T13:10:34.4637252Z Successfully set up CPython (3.11.14)
2026-02-26T13:10:34.4638135Z ##[endgroup]
2026-02-26T13:10:34.4771051Z ##[group]Run astral-sh/setup-uv@v7
2026-02-26T13:10:34.4771315Z with:
2026-02-26T13:10:34.4771494Z   enable-cache: true
2026-02-26T13:10:34.4771706Z   activate-environment: false
2026-02-26T13:10:34.4771970Z   working-directory: /home/runner/work/xonsh/xonsh
2026-02-26T13:10:34.4772411Z   github-token: ***
2026-02-26T13:10:34.4772953Z   cache-dependency-glob: **/*requirements*.txt
**/*requirements*.in
**/*constraints*.txt
**/*constraints*.in
**/pyproject.toml
**/uv.lock
**/*.py.lock

2026-02-26T13:10:34.4773525Z   restore-cache: true
2026-02-26T13:10:34.4773716Z   save-cache: true
2026-02-26T13:10:34.4773893Z   prune-cache: true
2026-02-26T13:10:34.4774078Z   cache-python: false
2026-02-26T13:10:34.4774287Z   ignore-nothing-to-cache: false
2026-02-26T13:10:34.4774523Z   ignore-empty-workdir: false
2026-02-26T13:10:34.4774761Z   add-problem-matchers: true
2026-02-26T13:10:34.4774979Z   resolution-strategy: highest
2026-02-26T13:10:34.4775189Z env:
2026-02-26T13:10:34.4775379Z   UV_SYSTEM_PYTHON: 1
2026-02-26T13:10:34.4775573Z   DEFAULT_PYTHON_VERSION: 3.12
2026-02-26T13:10:34.4775854Z   pythonLocation: /opt/hostedtoolcache/Python/3.11.14/x64
2026-02-26T13:10:34.4776254Z   PKG_CONFIG_PATH: /opt/hostedtoolcache/Python/3.11.14/x64/lib/pkgconfig
2026-02-26T13:10:34.4776639Z   Python_ROOT_DIR: /opt/hostedtoolcache/Python/3.11.14/x64
2026-02-26T13:10:34.4776989Z   Python2_ROOT_DIR: /opt/hostedtoolcache/Python/3.11.14/x64
2026-02-26T13:10:34.4777330Z   Python3_ROOT_DIR: /opt/hostedtoolcache/Python/3.11.14/x64
2026-02-26T13:10:34.4777713Z   LD_LIBRARY_PATH: /opt/hostedtoolcache/Python/3.11.14/x64/lib
2026-02-26T13:10:34.4777993Z ##[endgroup]
2026-02-26T13:10:34.6413479Z (node:2293) [DEP0040] DeprecationWarning: The `punycode` module is deprecated. Please use a userland alternative instead.
2026-02-26T13:10:34.6414631Z (Use `node --trace-deprecation ...` to show where the warning was created)
2026-02-26T13:10:34.6511449Z Trying to find version for uv in: /home/runner/work/xonsh/xonsh/uv.toml
2026-02-26T13:10:34.6512317Z Could not find file: /home/runner/work/xonsh/xonsh/uv.toml
2026-02-26T13:10:34.6513093Z Trying to find version for uv in: /home/runner/work/xonsh/xonsh/pyproject.toml
2026-02-26T13:10:34.6523789Z Could not determine uv version from uv.toml or pyproject.toml. Falling back to latest.
2026-02-26T13:10:34.6525821Z Getting latest version from GitHub API...
2026-02-26T13:10:35.1011805Z manifest-file not provided, reading from local file.
2026-02-26T13:10:35.1064210Z manifest-file does not contain version 0.10.6, arch x86_64, platform unknown-linux-gnu. Falling back to GitHub releases.
2026-02-26T13:10:35.1066315Z Downloading uv from "https://github.com/astral-sh/uv/releases/download/0.10.6/uv-x86_64-unknown-linux-gnu.tar.gz" ...
2026-02-26T13:10:35.5620142Z [command]/usr/bin/tar xz --warning=no-unknown-keyword --overwrite -C /home/runner/work/_temp/6cff2cc6-1314-4959-bea0-257efc82805d -f /home/runner/work/_temp/7642dabc-e7d6-48f9-b4a5-e5ca027e730a
2026-02-26T13:10:35.9964261Z Added /home/runner/.local/bin to the path
2026-02-26T13:10:35.9967343Z Added /opt/hostedtoolcache/uv/0.10.6/x86_64 to the path
2026-02-26T13:10:35.9970927Z Set UV_PYTHON_INSTALL_DIR to /home/runner/work/_temp/uv-python-dir
2026-02-26T13:10:35.9971678Z Added /home/runner/work/_temp/uv-python-dir to the path
2026-02-26T13:10:35.9981302Z Set UV_CACHE_DIR to /home/runner/work/_temp/setup-uv-cache
2026-02-26T13:10:35.9981835Z Successfully installed uv version 0.10.6
2026-02-26T13:10:36.5902207Z Searching files using cache dependency glob: /home/runner/work/xonsh/xonsh/**/*requirements*.txt,/home/runner/work/xonsh/xonsh/**/*requirements*.in,/home/runner/work/xonsh/xonsh/**/*constraints*.txt,/home/runner/work/xonsh/xonsh/**/*constraints*.in,/home/runner/work/xonsh/xonsh/**/pyproject.toml,/home/runner/work/xonsh/xonsh/**/uv.lock,/home/runner/work/xonsh/xonsh/**/*.py.lock
2026-02-26T13:10:36.6041718Z /home/runner/work/xonsh/xonsh/appimage/pre-requirements.txt
2026-02-26T13:10:36.6269882Z /home/runner/work/xonsh/xonsh/pyproject.toml
2026-02-26T13:10:36.6627114Z Found 2 files to hash.
2026-02-26T13:10:36.6684384Z Trying to restore cache from GitHub Actions cache with key: setup-uv-2-x86_64-unknown-linux-gnu-ubuntu-24.04-3.11.14-pruned-1aa98c0227954c516b27ceb2cb62871edcf6dc94ab8074dbc643802a93725e1e
2026-02-26T13:10:36.8771080Z Cache hit for: setup-uv-2-x86_64-unknown-linux-gnu-ubuntu-24.04-3.11.14-pruned-1aa98c0227954c516b27ceb2cb62871edcf6dc94ab8074dbc643802a93725e1e
2026-02-26T13:10:36.8904358Z (node:2293) [DEP0169] DeprecationWarning: `url.parse()` behavior is not standardized and prone to errors that have security implications. Use the WHATWG URL API instead. CVEs are not issued for `url.parse()` vulnerabilities.
2026-02-26T13:10:37.6277169Z Received 1494986 of 1494986 (100.0%), 2.9 MBs/sec
2026-02-26T13:10:37.6277838Z Cache Size: ~1 MB (1494986 B)
2026-02-26T13:10:37.6303629Z [command]/usr/bin/tar -xf /home/runner/work/_temp/c38a92f6-fda1-4b0d-af56-c06d0dec6afc/cache.tzst -P -C /home/runner/work/xonsh/xonsh --use-compress-program unzstd
2026-02-26T13:10:37.6441818Z Cache restored successfully
2026-02-26T13:10:37.6447432Z cache restored from GitHub Actions cache with key: setup-uv-2-x86_64-unknown-linux-gnu-ubuntu-24.04-3.11.14-pruned-1aa98c0227954c516b27ceb2cb62871edcf6dc94ab8074dbc643802a93725e1e
2026-02-26T13:10:37.7057055Z ##[group]Run uv pip install --system -e ".[test]"
2026-02-26T13:10:37.7057526Z [36;1muv pip install --system -e ".[test]"[0m
2026-02-26T13:10:37.7088176Z shell: /usr/bin/bash -e {0}
2026-02-26T13:10:37.7088668Z env:
2026-02-26T13:10:37.7088849Z   UV_SYSTEM_PYTHON: 1
2026-02-26T13:10:37.7089056Z   DEFAULT_PYTHON_VERSION: 3.12
2026-02-26T13:10:37.7089356Z   pythonLocation: /opt/hostedtoolcache/Python/3.11.14/x64
2026-02-26T13:10:37.7089767Z   PKG_CONFIG_PATH: /opt/hostedtoolcache/Python/3.11.14/x64/lib/pkgconfig
2026-02-26T13:10:37.7090152Z   Python_ROOT_DIR: /opt/hostedtoolcache/Python/3.11.14/x64
2026-02-26T13:10:37.7090485Z   Python2_ROOT_DIR: /opt/hostedtoolcache/Python/3.11.14/x64
2026-02-26T13:10:37.7090842Z   Python3_ROOT_DIR: /opt/hostedtoolcache/Python/3.11.14/x64
2026-02-26T13:10:37.7091220Z   LD_LIBRARY_PATH: /opt/hostedtoolcache/Python/3.11.14/x64/lib
2026-02-26T13:10:37.7091766Z   UV_PYTHON_INSTALL_DIR: /home/runner/work/_temp/uv-python-dir
2026-02-26T13:10:37.7092142Z   UV_CACHE_DIR: /home/runner/work/_temp/setup-uv-cache
2026-02-26T13:10:37.7092403Z ##[endgroup]
2026-02-26T13:10:37.7595894Z Using Python 3.11.14 environment at: /opt/hostedtoolcache/Python/3.11.14/x64
2026-02-26T13:10:39.2280531Z Resolved 27 packages in 1.44s
2026-02-26T13:10:39.2291620Z    Building xonsh @ file:///home/runner/work/xonsh/xonsh
2026-02-26T13:10:39.2491778Z Downloading pygments (1.2MiB)
2026-02-26T13:10:39.2495010Z Downloading virtualenv (5.5MiB)
2026-02-26T13:10:39.3485652Z  Downloaded virtualenv
2026-02-26T13:10:39.3647676Z  Downloaded pygments
2026-02-26T13:10:41.8537224Z       Built xonsh @ file:///home/runner/work/xonsh/xonsh
2026-02-26T13:10:41.8546510Z Prepared 26 packages in 2.62s
2026-02-26T13:10:41.8665997Z Installed 27 packages in 11ms
2026-02-26T13:10:41.8667590Z  + certifi==2026.2.25
2026-02-26T13:10:41.8668111Z  + charset-normalizer==3.4.4
2026-02-26T13:10:41.8669025Z  + coverage==7.13.4
2026-02-26T13:10:41.8669627Z  + distlib==0.4.0
2026-02-26T13:10:41.8670323Z  + docutils==0.22.4
2026-02-26T13:10:41.8670777Z  + filelock==3.24.3
2026-02-26T13:10:41.8671187Z  + idna==3.11
2026-02-26T13:10:41.8671509Z  + iniconfig==2.3.0
2026-02-26T13:10:41.8671780Z  + packaging==26.0
2026-02-26T13:10:41.8672097Z  + platformdirs==4.9.2
2026-02-26T13:10:41.8672430Z  + pluggy==1.6.0
2026-02-26T13:10:41.8672786Z  + prompt-toolkit==3.0.52
2026-02-26T13:10:41.8673209Z  + pygments==2.19.2
2026-02-26T13:10:41.8673621Z  + pyte==0.8.2
2026-02-26T13:10:41.8673982Z  + pytest==9.0.2
2026-02-26T13:10:41.8674278Z  + pytest-cov==7.0.0
2026-02-26T13:10:41.8674602Z  + pytest-mock==3.15.1
2026-02-26T13:10:41.8674900Z  + pytest-rerunfailures==16.1
2026-02-26T13:10:41.8675248Z  + pytest-subprocess==1.5.3
2026-02-26T13:10:41.8675576Z  + pytest-timeout==2.4.0
2026-02-26T13:10:41.8675943Z  + python-discovery==1.1.0
2026-02-26T13:10:41.8676259Z  + requests==2.32.5
2026-02-26T13:10:41.8676612Z  + restructuredtext-lint==2.0.2
2026-02-26T13:10:41.8676965Z  + urllib3==2.6.3
2026-02-26T13:10:41.8677239Z  + virtualenv==21.0.0
2026-02-26T13:10:41.8677535Z  + wcwidth==0.6.0
2026-02-26T13:10:41.8677924Z  + xonsh==0.22.4 (from file:///home/runner/work/xonsh/xonsh)
2026-02-26T13:10:41.8789967Z ##[group]Run python -m xonsh run-tests.xsh test -- --timeout=240
2026-02-26T13:10:41.8790400Z [36;1mpython -m xonsh run-tests.xsh test -- --timeout=240[0m
2026-02-26T13:10:41.8817796Z shell: /usr/bin/bash -e {0}
2026-02-26T13:10:41.8818014Z env:
2026-02-26T13:10:41.8818188Z   UV_SYSTEM_PYTHON: 1
2026-02-26T13:10:41.8818550Z   DEFAULT_PYTHON_VERSION: 3.12
2026-02-26T13:10:41.8818843Z   pythonLocation: /opt/hostedtoolcache/Python/3.11.14/x64
2026-02-26T13:10:41.8819229Z   PKG_CONFIG_PATH: /opt/hostedtoolcache/Python/3.11.14/x64/lib/pkgconfig
2026-02-26T13:10:41.8819610Z   Python_ROOT_DIR: /opt/hostedtoolcache/Python/3.11.14/x64
2026-02-26T13:10:41.8819952Z   Python2_ROOT_DIR: /opt/hostedtoolcache/Python/3.11.14/x64
2026-02-26T13:10:41.8820289Z   Python3_ROOT_DIR: /opt/hostedtoolcache/Python/3.11.14/x64
2026-02-26T13:10:41.8820625Z   LD_LIBRARY_PATH: /opt/hostedtoolcache/Python/3.11.14/x64/lib
2026-02-26T13:10:41.8821012Z   UV_PYTHON_INSTALL_DIR: /home/runner/work/_temp/uv-python-dir
2026-02-26T13:10:41.8821330Z   UV_CACHE_DIR: /home/runner/work/_temp/setup-uv-cache
2026-02-26T13:10:41.8821587Z ##[endgroup]
2026-02-26T13:10:45.5794295Z ============================= test session starts ==============================
2026-02-26T13:10:45.5795108Z platform linux -- Python 3.11.14, pytest-9.0.2, pluggy-1.6.0
2026-02-26T13:10:45.5795477Z cachedir: .cache/pytest
2026-02-26T13:10:45.5795740Z rootdir: /home/runner/work/xonsh/xonsh
2026-02-26T13:10:45.5796028Z configfile: setup.cfg
2026-02-26T13:10:45.5796254Z testpaths: tests
2026-02-26T13:10:45.5796675Z plugins: mock-3.15.1, xonsh-0.22.4, rerunfailures-16.1, subprocess-1.5.3, cov-7.0.0, timeout-2.4.0
2026-02-26T13:10:45.5797150Z timeout: 240.0s
2026-02-26T13:10:45.5797663Z timeout method: signal
2026-02-26T13:10:45.5797895Z timeout func_only: False
2026-02-26T13:10:45.5798137Z collected 5250 items
2026-02-26T13:10:45.5798465Z 
2026-02-26T13:10:45.6464733Z tests/api/test_os.xsh ..                                                 [  0%]
2026-02-26T13:10:45.6903290Z tests/api/test_subprocess.xsh ....                                       [  0%]
2026-02-26T13:10:45.6962445Z tests/test_xonsh.xsh ...                                                 [  0%]
2026-02-26T13:10:45.7904909Z tests/aliases/test_completer_alias.py .......                            [  0%]
2026-02-26T13:10:45.8133074Z tests/aliases/test_source.py ........                                    [  0%]
2026-02-26T13:10:45.8319836Z tests/aliases/test_xexec.py .......                                      [  0%]
2026-02-26T13:10:46.6658671Z tests/built_ins/test_tracer.py ..                                        [  0%]
2026-02-26T13:10:46.6690508Z tests/built_ins/test_wizard.py ....                                      [  0%]
2026-02-26T13:10:47.3876338Z tests/built_ins/test_xonfig.py ..........                                [  0%]
2026-02-26T13:10:47.4196598Z tests/built_ins/test_xontribs.py ........                                [  1%]
2026-02-26T13:10:47.4281001Z tests/completers/test_base_completer.py ..                               [  1%]
2026-02-26T13:10:47.8687839Z tests/completers/test_bash_completer.py ....................             [  1%]
2026-02-26T13:10:47.9870580Z tests/completers/test_command_completers.py .....                        [  1%]
2026-02-26T13:10:48.0065975Z tests/completers/test_completer_command.py ......                        [  1%]
2026-02-26T13:10:48.1172163Z tests/completers/test_dir_completers.py .........                        [  1%]
2026-02-26T13:10:48.1366863Z tests/completers/test_environment_completer.py .....                     [  1%]
2026-02-26T13:10:49.5050202Z tests/completers/test_gh.py ..                                           [  1%]
2026-02-26T13:10:49.5441018Z tests/completers/test_path_completers.py ...............                 [  2%]
2026-02-26T13:10:50.5124632Z tests/completers/test_pip_completer.py ...............                   [  2%]
2026-02-26T13:10:50.6763804Z tests/completers/test_python.py ...................................      [  3%]
2026-02-26T13:10:50.7317872Z tests/completers/test_xompletions.py .....                               [  3%]
2026-02-26T13:10:50.7465115Z tests/history/test_history_dummy.py ......                               [  3%]
2026-02-26T13:10:51.2291309Z tests/history/test_history_json.py ..................................... [  4%]
2026-02-26T13:10:51.5800458Z ...............                                                          [  4%]
2026-02-26T13:10:51.9237944Z tests/history/test_history_sqlite.py ......................              [  4%]
2026-02-26T13:10:51.9325686Z tests/lib/test_collections.py ..............                             [  5%]
2026-02-26T13:10:51.9342317Z tests/lib/test_itertools.py ...                                          [  5%]
2026-02-26T13:10:51.9388176Z tests/lib/test_jsonutils.py .......                                      [  5%]
2026-02-26T13:10:51.9395439Z tests/lib/test_lazyasd.py .                                              [  5%]
2026-02-26T13:10:51.9494890Z tests/lib/test_lazyjson.py ...................                           [  5%]
2026-02-26T13:10:51.9572938Z tests/lib/test_pretty.py ...........                                     [  5%]
2026-02-26T13:10:51.9617616Z tests/lib/test_string.py .......                                         [  6%]
2026-02-26T13:10:52.0361540Z tests/parsers/test_ast.py ............................                   [  6%]
2026-02-26T13:10:52.0621559Z tests/parsers/test_lexer.py ............................................ [  7%]
2026-02-26T13:10:52.0962261Z ..................................................                       [  8%]
2026-02-26T13:10:52.2101671Z tests/parsers/test_parser.py ........................................... [  9%]
2026-02-26T13:10:52.6965492Z .......................................................x................ [ 10%]
2026-02-26T13:10:52.8978994Z ........................................................................ [ 11%]
2026-02-26T13:10:53.1030988Z ........................................................................ [ 13%]
2026-02-26T13:10:53.3155923Z ........................................................................ [ 14%]
2026-02-26T13:10:53.5273875Z ........................................................................ [ 16%]
2026-02-26T13:10:53.7517212Z ........................................................................ [ 17%]
2026-02-26T13:10:54.0559471Z ........................................................................ [ 18%]
2026-02-26T13:10:54.2842082Z ........................................................................ [ 20%]
2026-02-26T13:10:54.5569555Z ........................................................................ [ 21%]
2026-02-26T13:10:54.8471443Z ........................................................................ [ 22%]
2026-02-26T13:10:55.0908951Z ........................................................................ [ 24%]
2026-02-26T13:10:55.3432866Z ........................................................................ [ 25%]
2026-02-26T13:10:55.5978843Z ........................................................................ [ 26%]
2026-02-26T13:10:55.8614204Z ........................................................................ [ 28%]
2026-02-26T13:10:56.1301945Z ........................................................................ [ 29%]
2026-02-26T13:10:56.4894557Z ........................................................................ [ 31%]
2026-02-26T13:10:56.7757837Z ........................................................................ [ 32%]
2026-02-26T13:10:57.0615634Z ........................................................................ [ 33%]
2026-02-26T13:10:57.3481927Z ........................................................................ [ 35%]
2026-02-26T13:10:57.6367894Z ........................................................................ [ 36%]
2026-02-26T13:10:57.9266031Z ........................................................................ [ 37%]
2026-02-26T13:10:58.2204157Z ........................................................................ [ 39%]
2026-02-26T13:10:58.5177600Z ........................................................................ [ 40%]
2026-02-26T13:10:58.8177976Z ........................................................................ [ 42%]
2026-02-26T13:10:59.1194031Z ........................................................................ [ 43%]
2026-02-26T13:10:59.4183639Z ........................................................................ [ 44%]
2026-02-26T13:10:59.8098537Z ........................................................................ [ 46%]
2026-02-26T13:11:00.1169470Z ........................................................................ [ 47%]
2026-02-26T13:11:00.4233952Z ........................................................................ [ 48%]
2026-02-26T13:11:00.5342178Z ........................................................................ [ 50%]
2026-02-26T13:11:00.5692097Z .......                                                                  [ 50%]
2026-02-26T13:11:00.5704347Z tests/platform/test_platform.py ..                                       [ 50%]
2026-02-26T13:11:00.5839134Z tests/procs/test_executables.py ....                                     [ 50%]
2026-02-26T13:11:00.6136983Z tests/procs/test_jobs.py ..                                              [ 50%]
2026-02-26T13:11:02.2935042Z tests/procs/test_pipelines.py .....s...................s...              [ 51%]
2026-02-26T13:11:03.6004619Z tests/procs/test_specs.py .....................ssss....ssss............. [ 52%]
2026-02-26T13:11:04.8332902Z ........................................                                 [ 52%]
2026-02-26T13:11:05.0186951Z tests/prompt/test_base.py .............................................. [ 53%]
2026-02-26T13:11:05.0623852Z .....x....                                                               [ 53%]
2026-02-26T13:11:05.0665802Z tests/prompt/test_cwd.py .                                               [ 53%]
2026-02-26T13:11:05.0866479Z tests/prompt/test_gitstatus.py ....                                      [ 53%]
2026-02-26T13:11:05.0909147Z tests/prompt/test_job.py .                                               [ 53%]
2026-02-26T13:11:06.9305114Z tests/prompt/test_vc.py ..s...s..s..                                     [ 54%]
2026-02-26T13:11:06.9519568Z tests/shell/test_base_shell.py ......                                    [ 54%]
2026-02-26T13:11:07.0933502Z tests/shell/test_ptk_completer.py ...........................            [ 54%]
2026-02-26T13:11:07.1949161Z tests/shell/test_ptk_highlight.py .......................                [ 55%]
2026-02-26T13:11:07.1956599Z tests/shell/test_ptk_history.py .                                        [ 55%]
2026-02-26T13:11:07.2315322Z tests/shell/test_ptk_multiline.py .......                                [ 55%]
2026-02-26T13:11:07.8561284Z tests/shell/test_ptk_shell.py ....................                       [ 55%]
2026-02-26T13:11:08.3562345Z tests/shell/test_readline_shell.py ............                          [ 56%]
2026-02-26T13:11:08.4010863Z tests/shell/test_shell.py ...                                            [ 56%]
2026-02-26T13:11:08.6247391Z tests/test_aliases.py ..............................                     [ 56%]
2026-02-26T13:11:08.6546130Z tests/test_ansi_colors.py .............................................. [ 57%]
2026-02-26T13:11:08.6975454Z ........................................................................ [ 58%]
2026-02-26T13:11:08.7410310Z ........................................................................ [ 60%]
2026-02-26T13:11:08.7858968Z ........................................................................ [ 61%]
2026-02-26T13:11:08.8307584Z ........................................................................ [ 63%]
2026-02-26T13:11:08.8749479Z ........................................................................ [ 64%]
2026-02-26T13:11:08.9176125Z ........................................................................ [ 65%]
2026-02-26T13:11:08.9599259Z ........................................................................ [ 67%]
2026-02-26T13:11:09.0024743Z ........................................................................ [ 68%]
2026-02-26T13:11:09.0447980Z ........................................................................ [ 69%]
2026-02-26T13:11:09.0583382Z .................                                                        [ 70%]
2026-02-26T13:11:09.3797211Z tests/test_builtins.py s................................................ [ 71%]
2026-02-26T13:11:09.4612407Z .........................................                                [ 71%]
2026-02-26T13:11:09.4701426Z tests/test_cli_utils.py ....                                             [ 71%]
2026-02-26T13:11:09.4883102Z tests/test_color_tools.py ............................                   [ 72%]
2026-02-26T13:11:11.6102859Z tests/test_commands_cache.py ........................................... [ 73%]
2026-02-26T13:11:11.6146148Z .......                                                                  [ 73%]
2026-02-26T13:11:11.6580323Z tests/test_completer.py ..........                                       [ 73%]
2026-02-26T13:11:11.6894095Z tests/test_completion_context.py ....................................... [ 74%]
2026-02-26T13:11:11.7555469Z ........................................................................ [ 75%]
2026-02-26T13:11:11.8279077Z ........................................................................ [ 77%]
2026-02-26T13:11:11.8929001Z ........................................................................ [ 78%]
2026-02-26T13:11:11.9639135Z ........................................................................ [ 79%]
2026-02-26T13:11:12.0097217Z .................................................                        [ 80%]
2026-02-26T13:11:12.0808054Z tests/test_contexts.py .........................                         [ 81%]
2026-02-26T13:11:12.1143099Z tests/test_dirstack.py ........                                          [ 81%]
2026-02-26T13:11:12.1272117Z tests/test_dirstack_unc.py ..ssssssss                                    [ 81%]
2026-02-26T13:11:12.4609099Z tests/test_environ.py ...................s.............................. [ 82%]
2026-02-26T13:11:12.8195128Z .........................                                                [ 83%]
2026-02-26T13:11:12.8300386Z tests/test_events.py ..........                                          [ 83%]
2026-02-26T13:11:12.9159743Z tests/test_execer.py ss................................                  [ 83%]
2026-02-26T13:11:12.9247287Z tests/test_foreign_shells.py .....s                                      [ 84%]
2026-02-26T13:11:12.9680208Z tests/test_imphooks.py ........                                          [ 84%]
2026-02-26T13:11:24.5258766Z tests/test_integrations.py ....................................x........ [ 85%]
2026-02-26T13:11:57.3143245Z .......X............................sss................................. [ 86%]
2026-02-26T13:12:02.1588388Z .......F                                                                 [ 86%]
2026-02-26T13:12:09.6769584Z tests/test_main.py ..................................................... [ 87%]
2026-02-26T13:12:11.9368882Z .....................                                                    [ 87%]
2026-02-26T13:12:12.2293864Z tests/test_man.py ..s                                                    [ 88%]
2026-02-26T13:12:12.3022773Z tests/test_pyghooks.py ................................................. [ 88%]
2026-02-26T13:12:12.4486928Z ..................................                                       [ 89%]
2026-02-26T13:12:12.4793099Z tests/test_tools.py .................................................... [ 90%]
2026-02-26T13:12:12.5779489Z ........................................................................ [ 91%]
2026-02-26T13:12:12.6219607Z ........................................................................ [ 93%]
2026-02-26T13:12:12.7060648Z ........................................................................ [ 94%]
2026-02-26T13:12:12.7504456Z ........................................................................ [ 96%]
2026-02-26T13:12:12.7971019Z ........................................................................ [ 97%]
2026-02-26T13:12:13.0729084Z ........................................................................ [ 98%]
2026-02-26T13:12:13.1176436Z ..............................................                           [ 99%]
2026-02-26T13:12:15.6497154Z tests/test_virtualenv_activator.py ..                                    [ 99%]
2026-02-26T13:12:15.8775448Z tests/xoreutils/test_cat.py ........                                     [ 99%]
2026-02-26T13:12:15.8907056Z tests/xoreutils/test_uname.py .                                          [ 99%]
2026-02-26T13:12:15.8974982Z tests/xoreutils/test_uptime.py .                                         [ 99%]
2026-02-26T13:12:16.0262768Z tests/xoreutils/test_which.py ....                                       [100%]
2026-02-26T13:12:16.0263536Z 
2026-02-26T13:12:16.0263848Z =================================== FAILURES ===================================
2026-02-26T13:12:16.0267649Z _ test_callable_alias_no_bad_file_descriptor[\n$XONSH_SHOW_TRACEBACK = True\n@aliases.register\ndef _e(a,i,o,e):\n    echo -n O\n    echo -n E 1>2\n    execx("echo -n O")\n    execx("echo -n E 1>2")\n    print("o")\n    print("O", file=o)\n    print("E", file=e)\n\nimport tempfile\nfor i in range(0, 12):\n    echo -n e\n    print($(e), !(e), $[e], ![e])\n    print($(e > @(tempfile.NamedTemporaryFile(delete=False).name)))\n    print(!(e > @(tempfile.NamedTemporaryFile(delete=False).name)))\n    print($[e > @(tempfile.NamedTemporaryFile(delete=False).name)])\n    print(![e > @(tempfile.NamedTemporaryFile(delete=False).name)])\n] _
2026-02-26T13:12:16.0271380Z 
2026-02-26T13:12:16.0272533Z test_code = '\n$XONSH_SHOW_TRACEBACK = True\n@aliases.register\ndef _e(a,i,o,e):\n    echo -n O\n    echo -n E 1>2\n    execx("ech...mpfile.NamedTemporaryFile(delete=False).name)])\n    print(![e > @(tempfile.NamedTemporaryFile(delete=False).name)])\n'
2026-02-26T13:12:16.0274990Z 
2026-02-26T13:12:16.0275358Z     @skip_if_on_windows
2026-02-26T13:12:16.0276121Z     @pytest.mark.parametrize("test_code", test_code)
2026-02-26T13:12:16.0277147Z     def test_callable_alias_no_bad_file_descriptor(test_code):
2026-02-26T13:12:16.0278779Z         """Test no exceptions during any kind of capturing of callable alias. See also #5631."""
2026-02-26T13:12:16.0280012Z     
2026-02-26T13:12:16.0280535Z         out, err, ret = run_xonsh(
2026-02-26T13:12:16.0281594Z             test_code, interactive=True, single_command=True, timeout=60
2026-02-26T13:12:16.0282584Z         )
2026-02-26T13:12:16.0283139Z         assert ret == 0
2026-02-26T13:12:16.0283804Z >       assert "Error" not in out
2026-02-26T13:12:16.0284646Z E       assert 'Error' not in 'eEEE\nOEOEo...one\nEEE\n\n'
2026-02-26T13:12:16.0285480Z E         
2026-02-26T13:12:16.0286118Z E         'Error' is contained here:
2026-02-26T13:12:16.0287055Z E           raise TypeError(f"token for {rulename!r} not found.")
2026-02-26T13:12:16.0287949Z E         ?           +++++
2026-02-26T13:12:16.0390137Z E           TypeError: token for 'name' not found.
2026-02-26T13:12:16.0390635Z E           Eo
2026-02-26T13:12:16.0390907Z E           O
2026-02-26T13:12:16.0391180Z E           E
2026-02-26T13:12:16.0391449Z E           OEOEE
2026-02-26T13:12:16.0391713Z E           o
2026-02-26T13:12:16.0391989Z E           O
2026-02-26T13:12:16.0392270Z E           OOo
2026-02-26T13:12:16.0392541Z E           O
2026-02-26T13:12:16.0392823Z E            O None o
2026-02-26T13:12:16.0393144Z E           O
2026-02-26T13:12:16.0393429Z E           
2026-02-26T13:12:16.0393723Z E           EEE
2026-02-26T13:12:16.0394009Z E           
2026-02-26T13:12:16.0394275Z E           
2026-02-26T13:12:16.0394538Z E           EEE
2026-02-26T13:12:16.0394812Z E           None
2026-02-26T13:12:16.0395064Z E           EEE
2026-02-26T13:12:16.0395694Z E           
2026-02-26T13:12:16.0396023Z E           eEEE
2026-02-26T13:12:16.0396326Z E           OEOEo
2026-02-26T13:12:16.0396644Z E           O
2026-02-26T13:12:16.0396979Z E           E
2026-02-26T13:12:16.0397297Z E           OEOEE
2026-02-26T13:12:16.0397625Z E           o
2026-02-26T13:12:16.0397900Z E           O
2026-02-26T13:12:16.0398153Z E           OOo
2026-02-26T13:12:16.0398589Z E           O
2026-02-26T13:12:16.0398876Z E            OOo
2026-02-26T13:12:16.0399194Z E           O
2026-02-26T13:12:16.0399462Z E            None o
2026-02-26T13:12:16.0399753Z E           O
2026-02-26T13:12:16.0400023Z E           
2026-02-26T13:12:16.0400309Z E           EEE
2026-02-26T13:12:16.0400591Z E           
2026-02-26T13:12:16.0400895Z E           
2026-02-26T13:12:16.0401163Z E           EEE
2026-02-26T13:12:16.0401474Z E           None
2026-02-26T13:12:16.0401767Z E           EEE
2026-02-26T13:12:16.0402039Z E           
2026-02-26T13:12:16.0402266Z E           eEEE
2026-02-26T13:12:16.0402526Z E           OEOEo
2026-02-26T13:12:16.0402760Z E           O
2026-02-26T13:12:16.0403097Z E           E
2026-02-26T13:12:16.0403383Z E           OEOEo
2026-02-26T13:12:16.0403685Z E           O
2026-02-26T13:12:16.0403974Z E           E
2026-02-26T13:12:16.0404236Z E           OOo
2026-02-26T13:12:16.0404487Z E           O
2026-02-26T13:12:16.0404731Z E            OOo
2026-02-26T13:12:16.0405000Z E           O
2026-02-26T13:12:16.0405277Z E            None o
2026-02-26T13:12:16.0405717Z E           O
2026-02-26T13:12:16.0405998Z E           
2026-02-26T13:12:16.0406262Z E           EEE
2026-02-26T13:12:16.0406540Z E           
2026-02-26T13:12:16.0406811Z E           
2026-02-26T13:12:16.0407082Z E           EEE
2026-02-26T13:12:16.0407652Z E           None
2026-02-26T13:12:16.0407964Z E           EEE
2026-02-26T13:12:16.0408404Z E           
2026-02-26T13:12:16.0408704Z E           eEEE
2026-02-26T13:12:16.0409000Z E           OEOEo
2026-02-26T13:12:16.0409264Z E           O
2026-02-26T13:12:16.0409532Z E           E
2026-02-26T13:12:16.0409832Z E           OEOEo
2026-02-26T13:12:16.0410117Z E           O
2026-02-26T13:12:16.0410368Z E           E
2026-02-26T13:12:16.0410616Z E           OOo
2026-02-26T13:12:16.0410903Z E           O
2026-02-26T13:12:16.0411174Z E            OOo
2026-02-26T13:12:16.0411441Z E           O
2026-02-26T13:12:16.0411710Z E            None o
2026-02-26T13:12:16.0412103Z E           O
2026-02-26T13:12:16.0412321Z E           
2026-02-26T13:12:16.0412570Z E           EEE
2026-02-26T13:12:16.0412818Z E           
2026-02-26T13:12:16.0413063Z E           
2026-02-26T13:12:16.0413296Z E           EEE
2026-02-26T13:12:16.0413563Z E           None
2026-02-26T13:12:16.0413784Z E           EEE
2026-02-26T13:12:16.0414046Z E           
2026-02-26T13:12:16.0414212Z E           eEEE
2026-02-26T13:12:16.0414364Z E           OEOEo
2026-02-26T13:12:16.0414523Z E           O
2026-02-26T13:12:16.0414672Z E           E
2026-02-26T13:12:16.0414815Z E           OEOEE
2026-02-26T13:12:16.0414978Z E           o
2026-02-26T13:12:16.0415137Z E           O
2026-02-26T13:12:16.0415284Z E           OOo
2026-02-26T13:12:16.0415438Z E           O
2026-02-26T13:12:16.0415590Z E            OOo
2026-02-26T13:12:16.0415741Z E           O
2026-02-26T13:12:16.0415898Z E            None o
2026-02-26T13:12:16.0416064Z E           O
2026-02-26T13:12:16.0416207Z E           
2026-02-26T13:12:16.0416369Z E           EEE
2026-02-26T13:12:16.0416524Z E           
2026-02-26T13:12:16.0416673Z E           
2026-02-26T13:12:16.0416819Z E           EEE
2026-02-26T13:12:16.0416986Z E           None
2026-02-26T13:12:16.0417141Z E           EEE
2026-02-26T13:12:16.0417298Z E           
2026-02-26T13:12:16.0417447Z E           eEEE
2026-02-26T13:12:16.0417598Z E           OEOEo
2026-02-26T13:12:16.0417760Z E           O
2026-02-26T13:12:16.0417912Z E           E
2026-02-26T13:12:16.0418057Z E           OEOEo
2026-02-26T13:12:16.0418216Z E           O
2026-02-26T13:12:16.0418554Z E           E
2026-02-26T13:12:16.0418700Z E           OOo
2026-02-26T13:12:16.0419010Z E           O
2026-02-26T13:12:16.0419170Z E            OOo
2026-02-26T13:12:16.0419322Z E           O
2026-02-26T13:12:16.0419477Z E            None o
2026-02-26T13:12:16.0419641Z E           O
2026-02-26T13:12:16.0419787Z E           
2026-02-26T13:12:16.0419942Z E           EEE
2026-02-26T13:12:16.0420101Z E           
2026-02-26T13:12:16.0420245Z E           
2026-02-26T13:12:16.0420398Z E           EEE
2026-02-26T13:12:16.0420555Z E           None
2026-02-26T13:12:16.0420706Z E           EEE
2026-02-26T13:12:16.0420860Z E           
2026-02-26T13:12:16.0421012Z E           eEEE
2026-02-26T13:12:16.0421160Z E           OEOEo
2026-02-26T13:12:16.0421318Z E           O
2026-02-26T13:12:16.0421474Z E           E
2026-02-26T13:12:16.0421627Z E           OEOEo
2026-02-26T13:12:16.0421785Z E           O
2026-02-26T13:12:16.0421935Z E           E
2026-02-26T13:12:16.0422089Z E           OOo
2026-02-26T13:12:16.0422239Z E           O
2026-02-26T13:12:16.0422396Z E            OOo
2026-02-26T13:12:16.0422558Z E           O
2026-02-26T13:12:16.0422706Z E            None o
2026-02-26T13:12:16.0422867Z E           O
2026-02-26T13:12:16.0423016Z E           
2026-02-26T13:12:16.0423159Z E           EEE
2026-02-26T13:12:16.0423315Z E           
2026-02-26T13:12:16.0423464Z E           
2026-02-26T13:12:16.0423608Z E           EEE
2026-02-26T13:12:16.0423766Z E           None
2026-02-26T13:12:16.0423921Z E           EEE
2026-02-26T13:12:16.0424067Z E           
2026-02-26T13:12:16.0424219Z E           eEEE
2026-02-26T13:12:16.0424379Z E           OEOEo
2026-02-26T13:12:16.0424532Z E           O
2026-02-26T13:12:16.0424683Z E           E
2026-02-26T13:12:16.0424834Z E           OEOEE
2026-02-26T13:12:16.0424986Z E           o
2026-02-26T13:12:16.0425220Z E           O
2026-02-26T13:12:16.0425377Z E           OOo
2026-02-26T13:12:16.0425527Z E           O
2026-02-26T13:12:16.0425680Z E            OOo
2026-02-26T13:12:16.0425842Z E           O
2026-02-26T13:12:16.0425990Z E            None o
2026-02-26T13:12:16.0426156Z E           O
2026-02-26T13:12:16.0426311Z E           
2026-02-26T13:12:16.0426460Z E           EEE
2026-02-26T13:12:16.0426616Z E           
2026-02-26T13:12:16.0426769Z E           
2026-02-26T13:12:16.0426924Z E           EEE
2026-02-26T13:12:16.0427074Z E           None
2026-02-26T13:12:16.0427231Z E           EEE
2026-02-26T13:12:16.0427328Z 
2026-02-26T13:12:16.0427453Z tests/test_integrations.py:1681: AssertionError
2026-02-26T13:12:16.0427767Z =============================== warnings summary ===============================
2026-02-26T13:12:16.0428112Z tests/test_environ.py::test_env_deprecated
2026-02-26T13:12:16.0428926Z   /home/runner/work/xonsh/xonsh/xonsh/environ.py:2396: DeprecationWarning: env: Setting deprecated env variable 'AUTO_SUGGEST'. Replace it to 'XONSH_PROMPT_AUTO_SUGGEST'.
2026-02-26T13:12:16.0429557Z     self._set_item(key, val)
2026-02-26T13:12:16.0429696Z 
2026-02-26T13:12:16.0429840Z tests/test_tools.py::test_is_tok_color_dict[val1-False]
2026-02-26T13:12:16.0430219Z tests/test_tools.py::test_is_tok_color_dict[val2-False]
2026-02-26T13:12:16.0430665Z   /home/runner/work/xonsh/xonsh/tests/test_tools.py:2050: RuntimeWarning: "1" is not a valid Token.
2026-02-26T13:12:16.0431087Z     assert is_tok_color_dict(val) == exp
2026-02-26T13:12:16.0431250Z 
2026-02-26T13:12:16.0431385Z tests/test_tools.py::test_is_tok_color_dict[val3-False]
2026-02-26T13:12:16.0431911Z   /home/runner/work/xonsh/xonsh/tests/test_tools.py:2050: RuntimeWarning: "{Token.Literal.String: '123'}" contains an invalid style.
2026-02-26T13:12:16.0432428Z     assert is_tok_color_dict(val) == exp
2026-02-26T13:12:16.0432596Z 
2026-02-26T13:12:16.0432794Z -- Docs: https://docs.pytest.org/en/stable/how-to/capture-warnings.html
2026-02-26T13:12:16.0433199Z ============================= slowest 5 durations ==============================
2026-02-26T13:12:16.0433559Z 3.74s call     tests/test_integrations.py::test_alias_stability
2026-02-26T13:12:16.0435579Z 3.05s call     tests/test_integrations.py::test_callable_alias_no_bad_file_descriptor[\n$XONSH_SHOW_TRACEBACK = True\n@aliases.register\ndef _e(a,i,o,e):\n    echo -n O\n    echo -n E 1>2\n    execx("echo -n O")\n    execx("echo -n E 1>2")\n    print("o")\n    print("O", file=o)\n    print("E", file=e)\n\nimport tempfile\nfor i in range(0, 12):\n    echo -n e\n    print($(e), !(e), $[e], ![e])\n    print($(e > @(tempfile.NamedTemporaryFile(delete=False).name)))\n    print(!(e > @(tempfile.NamedTemporaryFile(delete=False).name)))\n    print($[e > @(tempfile.NamedTemporaryFile(delete=False).name)])\n    print(![e > @(tempfile.NamedTemporaryFile(delete=False).name)])\n]
2026-02-26T13:12:16.0437504Z 2.91s call     tests/test_integrations.py::test_alias_stability_exception
2026-02-26T13:12:16.0437913Z 2.17s call     tests/test_integrations.py::test_on_postcommand_waiting
2026-02-26T13:12:16.0438386Z 2.02s call     tests/test_integrations.py::test_forwarding_sighup
2026-02-26T13:12:16.0438755Z =========================== short test summary info ============================
2026-02-26T13:12:16.0440772Z FAILED tests/test_integrations.py::test_callable_alias_no_bad_file_descriptor[\n$XONSH_SHOW_TRACEBACK = True\n@aliases.register\ndef _e(a,i,o,e):\n    echo -n O\n    echo -n E 1>2\n    execx("echo -n O")\n    execx("echo -n E 1>2")\n    print("o")\n    print("O", file=o)\n    print("E", file=e)\n\nimport tempfile\nfor i in range(0, 12):\n    echo -n e\n    print($(e), !(e), $[e], ![e])\n    print($(e > @(tempfile.NamedTemporaryFile(delete=False).name)))\n    print(!(e > @(tempfile.NamedTemporaryFile(delete=False).name)))\n    print($[e > @(tempfile.NamedTemporaryFile(delete=False).name)])\n    print(![e > @(tempfile.NamedTemporaryFile(delete=False).name)])\n] - assert 'Error' not in 'eEEE\nOEOEo...one\nEEE\n\n'
2026-02-26T13:12:16.0442758Z   
2026-02-26T13:12:16.0442936Z   'Error' is contained here:
2026-02-26T13:12:16.0443274Z     raise TypeError(f"token for {rulename!r} not found.")
2026-02-26T13:12:16.0443546Z   ?           +++++
2026-02-26T13:12:16.0443746Z     TypeError: token for 'name' not found.
2026-02-26T13:12:16.0443967Z     Eo
2026-02-26T13:12:16.0444116Z     O
2026-02-26T13:12:16.0444263Z     E
2026-02-26T13:12:16.0444402Z     OEOEE
2026-02-26T13:12:16.0444556Z     o
2026-02-26T13:12:16.0444698Z     O
2026-02-26T13:12:16.0444836Z     OOo
2026-02-26T13:12:16.0444978Z     O
2026-02-26T13:12:16.0445121Z      O None o
2026-02-26T13:12:16.0445269Z     O
2026-02-26T13:12:16.0445409Z     
2026-02-26T13:12:16.0445549Z     EEE
2026-02-26T13:12:16.0445685Z     
2026-02-26T13:12:16.0445822Z     
2026-02-26T13:12:16.0445960Z     EEE
2026-02-26T13:12:16.0446095Z     None
2026-02-26T13:12:16.0446240Z     EEE
2026-02-26T13:12:16.0446379Z     
2026-02-26T13:12:16.0446505Z     eEEE
2026-02-26T13:12:16.0446653Z     OEOEo
2026-02-26T13:12:16.0446798Z     O
2026-02-26T13:12:16.0446932Z     E
2026-02-26T13:12:16.0447069Z     OEOEE
2026-02-26T13:12:16.0447212Z     o
2026-02-26T13:12:16.0447346Z     O
2026-02-26T13:12:16.0447481Z     OOo
2026-02-26T13:12:16.0447617Z     O
2026-02-26T13:12:16.0447753Z      OOo
2026-02-26T13:12:16.0447894Z     O
2026-02-26T13:12:16.0448038Z      None o
2026-02-26T13:12:16.0448183Z     O
2026-02-26T13:12:16.0448547Z     
2026-02-26T13:12:16.0448692Z     EEE
2026-02-26T13:12:16.0448833Z     
2026-02-26T13:12:16.0448977Z     
2026-02-26T13:12:16.0449127Z     EEE
2026-02-26T13:12:16.0449265Z     None
2026-02-26T13:12:16.0449417Z     EEE
2026-02-26T13:12:16.0449561Z     
2026-02-26T13:12:16.0449701Z     eEEE
2026-02-26T13:12:16.0449847Z     OEOEo
2026-02-26T13:12:16.0450000Z     O
2026-02-26T13:12:16.0450141Z     E
2026-02-26T13:12:16.0450288Z     OEOEo
2026-02-26T13:12:16.0450436Z     O
2026-02-26T13:12:16.0450569Z     E
2026-02-26T13:12:16.0450711Z     OOo
2026-02-26T13:12:16.0450855Z     O
2026-02-26T13:12:16.0450996Z      OOo
2026-02-26T13:12:16.0451147Z     O
2026-02-26T13:12:16.0451294Z      None o
2026-02-26T13:12:16.0451440Z     O
2026-02-26T13:12:16.0451573Z     
2026-02-26T13:12:16.0451715Z     EEE
2026-02-26T13:12:16.0451856Z     
2026-02-26T13:12:16.0451987Z     
2026-02-26T13:12:16.0452244Z     EEE
2026-02-26T13:12:16.0452402Z     None
2026-02-26T13:12:16.0452541Z     EEE
2026-02-26T13:12:16.0452683Z     
2026-02-26T13:12:16.0452824Z     eEEE
2026-02-26T13:12:16.0452963Z     OEOEo
2026-02-26T13:12:16.0453108Z     O
2026-02-26T13:12:16.0453256Z     E
2026-02-26T13:12:16.0453398Z     OEOEo
2026-02-26T13:12:16.0453543Z     O
2026-02-26T13:12:16.0453682Z     E
2026-02-26T13:12:16.0453817Z     OOo
2026-02-26T13:12:16.0453961Z     O
2026-02-26T13:12:16.0454106Z      OOo
2026-02-26T13:12:16.0454246Z     O
2026-02-26T13:12:16.0454390Z      None o
2026-02-26T13:12:16.0454540Z     O
2026-02-26T13:12:16.0454677Z     
2026-02-26T13:12:16.0454822Z     EEE
2026-02-26T13:12:16.0454963Z     
2026-02-26T13:12:16.0455101Z     
2026-02-26T13:12:16.0455242Z     EEE
2026-02-26T13:12:16.0455395Z     None
2026-02-26T13:12:16.0455538Z     EEE
2026-02-26T13:12:16.0455685Z     
2026-02-26T13:12:16.0455829Z     eEEE
2026-02-26T13:12:16.0455969Z     OEOEo
2026-02-26T13:12:16.0456117Z     O
2026-02-26T13:12:16.0456268Z     E
2026-02-26T13:12:16.0456406Z     OEOEE
2026-02-26T13:12:16.0456554Z     o
2026-02-26T13:12:16.0456701Z     O
2026-02-26T13:12:16.0456840Z     OOo
2026-02-26T13:12:16.0456988Z     O
2026-02-26T13:12:16.0457132Z      OOo
2026-02-26T13:12:16.0457270Z     O
2026-02-26T13:12:16.0457420Z      None o
2026-02-26T13:12:16.0457575Z     O
2026-02-26T13:12:16.0457712Z     
2026-02-26T13:12:16.0457856Z     EEE
2026-02-26T13:12:16.0458003Z     
2026-02-26T13:12:16.0458142Z     
2026-02-26T13:12:16.0458395Z     EEE
2026-02-26T13:12:16.0458560Z     None
2026-02-26T13:12:16.0458700Z     EEE
2026-02-26T13:12:16.0458847Z     
2026-02-26T13:12:16.0458997Z     eEEE
2026-02-26T13:12:16.0459149Z     OEOEo
2026-02-26T13:12:16.0459383Z     O
2026-02-26T13:12:16.0459532Z     E
2026-02-26T13:12:16.0459686Z     OEOEo
2026-02-26T13:12:16.0459834Z     O
2026-02-26T13:12:16.0459981Z     E
2026-02-26T13:12:16.0460130Z     OOo
2026-02-26T13:12:16.0460267Z     O
2026-02-26T13:12:16.0460411Z      OOo
2026-02-26T13:12:16.0460562Z     O
2026-02-26T13:12:16.0460700Z      None o
2026-02-26T13:12:16.0460845Z     O
2026-02-26T13:12:16.0460982Z     
2026-02-26T13:12:16.0461115Z     EEE
2026-02-26T13:12:16.0461255Z     
2026-02-26T13:12:16.0461397Z     
2026-02-26T13:12:16.0461526Z     EEE
2026-02-26T13:12:16.0461669Z     None
2026-02-26T13:12:16.0461811Z     EEE
2026-02-26T13:12:16.0461945Z     
2026-02-26T13:12:16.0462081Z     eEEE
2026-02-26T13:12:16.0462221Z     OEOEo
2026-02-26T13:12:16.0462358Z     O
2026-02-26T13:12:16.0462496Z     E
2026-02-26T13:12:16.0462634Z     OEOEo
2026-02-26T13:12:16.0462768Z     O
2026-02-26T13:12:16.0462905Z     E
2026-02-26T13:12:16.0463044Z     OOo
2026-02-26T13:12:16.0463177Z     O
2026-02-26T13:12:16.0463319Z      OOo
2026-02-26T13:12:16.0463461Z     O
2026-02-26T13:12:16.0463601Z      None o
2026-02-26T13:12:16.0463751Z     O
2026-02-26T13:12:16.0463894Z     
2026-02-26T13:12:16.0464026Z     EEE
2026-02-26T13:12:16.0464168Z     
2026-02-26T13:12:16.0464312Z     
2026-02-26T13:12:16.0464448Z     EEE
2026-02-26T13:12:16.0464592Z     None
2026-02-26T13:12:16.0464734Z     EEE
2026-02-26T13:12:16.0464869Z     
2026-02-26T13:12:16.0465010Z     eEEE
2026-02-26T13:12:16.0465156Z     OEOEo
2026-02-26T13:12:16.0465295Z     O
2026-02-26T13:12:16.0465438Z     E
2026-02-26T13:12:16.0465583Z     OEOEE
2026-02-26T13:12:16.0465719Z     o
2026-02-26T13:12:16.0465860Z     O
2026-02-26T13:12:16.0466003Z     OOo
2026-02-26T13:12:16.0466142Z     O
2026-02-26T13:12:16.0466292Z      OOo
2026-02-26T13:12:16.0466438Z     O
2026-02-26T13:12:16.0466573Z      None o
2026-02-26T13:12:16.0466718Z     O
2026-02-26T13:12:16.0466862Z     
2026-02-26T13:12:16.0466994Z     EEE
2026-02-26T13:12:16.0467137Z     
2026-02-26T13:12:16.0467274Z     
2026-02-26T13:12:16.0467410Z     EEE
2026-02-26T13:12:16.0467553Z     None
2026-02-26T13:12:16.5112565Z     EEE
2026-02-26T13:12:16.5113160Z = 1 failed, 5215 passed, 30 skipped, 3 xfailed, 1 xpassed, 4 warnings in 92.27s (0:01:32) =
2026-02-26T13:12:16.9363295Z Failed with Command '['pytest', '--timeout=240', '--durations=5']' returned non-zero exit status 1.
2026-02-26T13:12:16.9374010Z ##[error]Process completed with exit code 1.
2026-02-26T13:12:16.9472984Z Post job cleanup.
2026-02-26T13:12:17.0188892Z [command]/usr/bin/git version
2026-02-26T13:12:17.0219304Z git version 2.53.0
2026-02-26T13:12:17.0251840Z Temporarily overriding HOME='/home/runner/work/_temp/60ca6c98-4a31-4744-adfc-0633e63debb6' before making global git config changes
2026-02-26T13:12:17.0252562Z Adding repository directory to the temporary git global config as a safe directory
2026-02-26T13:12:17.0256725Z [command]/usr/bin/git config --global --add safe.directory /home/runner/work/xonsh/xonsh
2026-02-26T13:12:17.0280903Z Removing SSH command configuration
2026-02-26T13:12:17.0286726Z [command]/usr/bin/git config --local --name-only --get-regexp core\.sshCommand
2026-02-26T13:12:17.0314437Z [command]/usr/bin/git submodule foreach --recursive sh -c "git config --local --name-only --get-regexp 'core\.sshCommand' && git config --local --unset-all 'core.sshCommand' || :"
2026-02-26T13:12:17.0494014Z Removing HTTP extra header
2026-02-26T13:12:17.0498762Z [command]/usr/bin/git config --local --name-only --get-regexp http\.https\:\/\/github\.com\/\.extraheader
2026-02-26T13:12:17.0523331Z [command]/usr/bin/git submodule foreach --recursive sh -c "git config --local --name-only --get-regexp 'http\.https\:\/\/github\.com\/\.extraheader' && git config --local --unset-all 'http.https://github.com/.extraheader' || :"
2026-02-26T13:12:17.0686320Z Removing includeIf entries pointing to credentials config files
2026-02-26T13:12:17.0692704Z [command]/usr/bin/git config --local --name-only --get-regexp ^includeIf\.gitdir:
2026-02-26T13:12:17.0709814Z includeif.gitdir:/home/runner/work/xonsh/xonsh/.git.path
2026-02-26T13:12:17.0710824Z includeif.gitdir:/home/runner/work/xonsh/xonsh/.git/worktrees/*.path
2026-02-26T13:12:17.0711401Z includeif.gitdir:/github/workspace/.git.path
2026-02-26T13:12:17.0711921Z includeif.gitdir:/github/workspace/.git/worktrees/*.path
2026-02-26T13:12:17.0717853Z [command]/usr/bin/git config --local --get-all includeif.gitdir:/home/runner/work/xonsh/xonsh/.git.path
2026-02-26T13:12:17.0734761Z /home/runner/work/_temp/git-credentials-cb814ebd-1f40-47b7-95bb-68260f75337c.config
2026-02-26T13:12:17.0743835Z [command]/usr/bin/git config --local --unset includeif.gitdir:/home/runner/work/xonsh/xonsh/.git.path /home/runner/work/_temp/git-credentials-cb814ebd-1f40-47b7-95bb-68260f75337c.config
2026-02-26T13:12:17.0769765Z [command]/usr/bin/git config --local --get-all includeif.gitdir:/home/runner/work/xonsh/xonsh/.git/worktrees/*.path
2026-02-26T13:12:17.0786033Z /home/runner/work/_temp/git-credentials-cb814ebd-1f40-47b7-95bb-68260f75337c.config
2026-02-26T13:12:17.0793722Z [command]/usr/bin/git config --local --unset includeif.gitdir:/home/runner/work/xonsh/xonsh/.git/worktrees/*.path /home/runner/work/_temp/git-credentials-cb814ebd-1f40-47b7-95bb-68260f75337c.config
2026-02-26T13:12:17.0816796Z [command]/usr/bin/git config --local --get-all includeif.gitdir:/github/workspace/.git.path
2026-02-26T13:12:17.0832551Z /github/runner_temp/git-credentials-cb814ebd-1f40-47b7-95bb-68260f75337c.config
2026-02-26T13:12:17.0838974Z [command]/usr/bin/git config --local --unset includeif.gitdir:/github/workspace/.git.path /github/runner_temp/git-credentials-cb814ebd-1f40-47b7-95bb-68260f75337c.config
2026-02-26T13:12:17.0861802Z [command]/usr/bin/git config --local --get-all includeif.gitdir:/github/workspace/.git/worktrees/*.path
2026-02-26T13:12:17.0877361Z /github/runner_temp/git-credentials-cb814ebd-1f40-47b7-95bb-68260f75337c.config
2026-02-26T13:12:17.0884884Z [command]/usr/bin/git config --local --unset includeif.gitdir:/github/workspace/.git/worktrees/*.path /github/runner_temp/git-credentials-cb814ebd-1f40-47b7-95bb-68260f75337c.config
2026-02-26T13:12:17.0910385Z [command]/usr/bin/git submodule foreach --recursive git config --local --show-origin --name-only --get-regexp remote.origin.url
2026-02-26T13:12:17.1074539Z Removing credentials config '/home/runner/work/_temp/git-credentials-cb814ebd-1f40-47b7-95bb-68260f75337c.config'
2026-02-26T13:12:17.1178769Z Cleaning up orphan processes
