2026-03-14T07:33:39.8050408Z Current runner version: '2.332.0'
2026-03-14T07:33:39.8073691Z ##[group]Runner Image Provisioner
2026-03-14T07:33:39.8074523Z Hosted Compute Agent
2026-03-14T07:33:39.8075098Z Version: 20260213.493
2026-03-14T07:33:39.8075890Z Commit: 5c115507f6dd24b8de37d8bbe0bb4509d0cc0fa3
2026-03-14T07:33:39.8076670Z Build Date: 2026-02-13T00:28:41Z
2026-03-14T07:33:39.8077291Z Worker ID: {8df9cc87-d599-401e-a207-5c899a871533}
2026-03-14T07:33:39.8078012Z Azure Region: westus
2026-03-14T07:33:39.8078538Z ##[endgroup]
2026-03-14T07:33:39.8080035Z ##[group]Operating System
2026-03-14T07:33:39.8080598Z Ubuntu
2026-03-14T07:33:39.8081191Z 24.04.3
2026-03-14T07:33:39.8081655Z LTS
2026-03-14T07:33:39.8082116Z ##[endgroup]
2026-03-14T07:33:39.8082692Z ##[group]Runner Image
2026-03-14T07:33:39.8083211Z Image: ubuntu-24.04
2026-03-14T07:33:39.8083713Z Version: 20260309.50.1
2026-03-14T07:33:39.8084935Z Included Software: https://github.com/actions/runner-images/blob/ubuntu24/20260309.50/images/ubuntu/Ubuntu2404-Readme.md
2026-03-14T07:33:39.8086791Z Image Release: https://github.com/actions/runner-images/releases/tag/ubuntu24%2F20260309.50
2026-03-14T07:33:39.8087798Z ##[endgroup]
2026-03-14T07:33:39.8090367Z ##[group]GITHUB_TOKEN Permissions
2026-03-14T07:33:39.8092381Z Actions: write
2026-03-14T07:33:39.8092991Z ArtifactMetadata: write
2026-03-14T07:33:39.8093514Z Attestations: write
2026-03-14T07:33:39.8094131Z Checks: write
2026-03-14T07:33:39.8094596Z Contents: write
2026-03-14T07:33:39.8095104Z Deployments: write
2026-03-14T07:33:39.8096008Z Discussions: write
2026-03-14T07:33:39.8096603Z Issues: write
2026-03-14T07:33:39.8097070Z Metadata: read
2026-03-14T07:33:39.8097609Z Models: read
2026-03-14T07:33:39.8098121Z Packages: write
2026-03-14T07:33:39.8098589Z Pages: write
2026-03-14T07:33:39.8099213Z PullRequests: write
2026-03-14T07:33:39.8099770Z RepositoryProjects: write
2026-03-14T07:33:39.8100340Z SecurityEvents: write
2026-03-14T07:33:39.8100822Z Statuses: write
2026-03-14T07:33:39.8101415Z ##[endgroup]
2026-03-14T07:33:39.8103528Z Secret source: Actions
2026-03-14T07:33:39.8104180Z Prepare workflow directory
2026-03-14T07:33:39.8507410Z Prepare all required actions
2026-03-14T07:33:39.8562616Z Getting action download info
2026-03-14T07:33:40.3136897Z Download action repository 'actions/checkout@de0fac2e4500dabe0009e67214ff5f5447ce83dd' (SHA:de0fac2e4500dabe0009e67214ff5f5447ce83dd)
2026-03-14T07:33:40.4344487Z Download action repository 'actions/setup-go@v6' (SHA:4b73464bb391d4059bd26b0524d20df3927bd417)
2026-03-14T07:33:40.9917864Z Download action repository 'coverallsapp/github-action@v2' (SHA:5cbfd81b66ca5d10c19b062c04de0199c215fb6e)
2026-03-14T07:33:41.5431784Z Complete job name: Build v1 (Go 1.25.x)
2026-03-14T07:33:41.6094001Z ##[group]Run actions/checkout@de0fac2e4500dabe0009e67214ff5f5447ce83dd
2026-03-14T07:33:41.6095130Z with:
2026-03-14T07:33:41.6095790Z   fetch-depth: 0
2026-03-14T07:33:41.6096263Z   repository: IBM/fp-go
2026-03-14T07:33:41.6096977Z   token: ***
2026-03-14T07:33:41.6097396Z   ssh-strict: true
2026-03-14T07:33:41.6097861Z   ssh-user: git
2026-03-14T07:33:41.6098303Z   persist-credentials: true
2026-03-14T07:33:41.6098810Z   clean: true
2026-03-14T07:33:41.6099258Z   sparse-checkout-cone-mode: true
2026-03-14T07:33:41.6099857Z   fetch-tags: false
2026-03-14T07:33:41.6100307Z   show-progress: true
2026-03-14T07:33:41.6100784Z   lfs: false
2026-03-14T07:33:41.6101373Z   submodules: false
2026-03-14T07:33:41.6101970Z   set-safe-directory: true
2026-03-14T07:33:41.6102899Z env:
2026-03-14T07:33:41.6103452Z   DEFAULT_BRANCH: main
2026-03-14T07:33:41.6104101Z   LATEST_GO_VERSION: 1.25.2
2026-03-14T07:33:41.6104657Z   NODE_VERSION: 24
2026-03-14T07:33:41.6105239Z   DRY_RUN: true
2026-03-14T07:33:41.6106028Z ##[endgroup]
2026-03-14T07:33:41.7091956Z Syncing repository: IBM/fp-go
2026-03-14T07:33:41.7094676Z ##[group]Getting Git version info
2026-03-14T07:33:41.7096260Z Working directory is '/home/runner/work/fp-go/fp-go'
2026-03-14T07:33:41.7098107Z [command]/usr/bin/git version
2026-03-14T07:33:41.7211183Z git version 2.53.0
2026-03-14T07:33:41.7238495Z ##[endgroup]
2026-03-14T07:33:41.7256156Z Temporarily overriding HOME='/home/runner/work/_temp/651b814c-56e1-48e1-b6d8-45e9544d96cc' before making global git config changes
2026-03-14T07:33:41.7261584Z Adding repository directory to the temporary git global config as a safe directory
2026-03-14T07:33:41.7264138Z [command]/usr/bin/git config --global --add safe.directory /home/runner/work/fp-go/fp-go
2026-03-14T07:33:41.7314017Z Deleting the contents of '/home/runner/work/fp-go/fp-go'
2026-03-14T07:33:41.7320550Z ##[group]Initializing the repository
2026-03-14T07:33:41.7324925Z [command]/usr/bin/git init /home/runner/work/fp-go/fp-go
2026-03-14T07:33:41.7703030Z hint: Using 'master' as the name for the initial branch. This default branch name
2026-03-14T07:33:41.7705204Z hint: will change to "main" in Git 3.0. To configure the initial branch name
2026-03-14T07:33:41.7706656Z hint: to use in all of your new repositories, which will suppress this warning,
2026-03-14T07:33:41.7708152Z hint: call:
2026-03-14T07:33:41.7709157Z hint:
2026-03-14T07:33:41.7710136Z hint: 	git config --global init.defaultBranch <name>
2026-03-14T07:33:41.7711465Z hint:
2026-03-14T07:33:41.7712579Z hint: Names commonly chosen instead of 'master' are 'main', 'trunk' and
2026-03-14T07:33:41.7714293Z hint: 'development'. The just-created branch can be renamed via this command:
2026-03-14T07:33:41.7716072Z hint:
2026-03-14T07:33:41.7716965Z hint: 	git branch -m <name>
2026-03-14T07:33:41.7717863Z hint:
2026-03-14T07:33:41.7719150Z hint: Disable this message with "git config set advice.defaultBranchName false"
2026-03-14T07:33:41.7721267Z Initialized empty Git repository in /home/runner/work/fp-go/fp-go/.git/
2026-03-14T07:33:41.7724516Z [command]/usr/bin/git remote add origin https://github.com/IBM/fp-go
2026-03-14T07:33:41.7790409Z ##[endgroup]
2026-03-14T07:33:41.7791970Z ##[group]Disabling automatic garbage collection
2026-03-14T07:33:41.7795817Z [command]/usr/bin/git config --local gc.auto 0
2026-03-14T07:33:41.7852539Z ##[endgroup]
2026-03-14T07:33:41.7857158Z ##[group]Setting up auth
2026-03-14T07:33:41.7860247Z Removing SSH command configuration
2026-03-14T07:33:41.7862197Z [command]/usr/bin/git config --local --name-only --get-regexp core\.sshCommand
2026-03-14T07:33:41.7908531Z [command]/usr/bin/git submodule foreach --recursive sh -c "git config --local --name-only --get-regexp 'core\.sshCommand' && git config --local --unset-all 'core.sshCommand' || :"
2026-03-14T07:33:41.8297384Z Removing HTTP extra header
2026-03-14T07:33:41.8303413Z [command]/usr/bin/git config --local --name-only --get-regexp http\.https\:\/\/github\.com\/\.extraheader
2026-03-14T07:33:41.8336770Z [command]/usr/bin/git submodule foreach --recursive sh -c "git config --local --name-only --get-regexp 'http\.https\:\/\/github\.com\/\.extraheader' && git config --local --unset-all 'http.https://github.com/.extraheader' || :"
2026-03-14T07:33:41.8567722Z Removing includeIf entries pointing to credentials config files
2026-03-14T07:33:41.8569904Z [command]/usr/bin/git config --local --name-only --get-regexp ^includeIf\.gitdir:
2026-03-14T07:33:41.8604353Z [command]/usr/bin/git submodule foreach --recursive git config --local --show-origin --name-only --get-regexp remote.origin.url
2026-03-14T07:33:41.8866640Z [command]/usr/bin/git config --file /home/runner/work/_temp/git-credentials-ea55d53e-182d-4029-87e7-39408ecbb0b1.config http.https://github.com/.extraheader AUTHORIZATION: basic ***
2026-03-14T07:33:41.8914972Z [command]/usr/bin/git config --local includeIf.gitdir:/home/runner/work/fp-go/fp-go/.git.path /home/runner/work/_temp/git-credentials-ea55d53e-182d-4029-87e7-39408ecbb0b1.config
2026-03-14T07:33:41.8947732Z [command]/usr/bin/git config --local includeIf.gitdir:/home/runner/work/fp-go/fp-go/.git/worktrees/*.path /home/runner/work/_temp/git-credentials-ea55d53e-182d-4029-87e7-39408ecbb0b1.config
2026-03-14T07:33:41.8980383Z [command]/usr/bin/git config --local includeIf.gitdir:/github/workspace/.git.path /github/runner_temp/git-credentials-ea55d53e-182d-4029-87e7-39408ecbb0b1.config
2026-03-14T07:33:41.9045206Z [command]/usr/bin/git config --local includeIf.gitdir:/github/workspace/.git/worktrees/*.path /github/runner_temp/git-credentials-ea55d53e-182d-4029-87e7-39408ecbb0b1.config
2026-03-14T07:33:41.9075874Z ##[endgroup]
2026-03-14T07:33:41.9077631Z ##[group]Fetching the repository
2026-03-14T07:33:41.9086974Z [command]/usr/bin/git -c protocol.version=2 fetch --no-tags --prune --no-recurse-submodules origin +refs/heads/*:refs/remotes/origin/* +refs/tags/*:refs/tags/* +7a4f5547b49a88ccae5283a2991aff837b2ebd93:refs/remotes/pull/154/merge
2026-03-14T07:33:43.0820746Z From https://github.com/IBM/fp-go
2026-03-14T07:33:43.0823940Z  * [new branch]      cleue-add-FilterChain-operations         -> origin/cleue-add-FilterChain-operations
2026-03-14T07:33:43.0831668Z  * [new branch]      cleue-add-FoldMap                        -> origin/cleue-add-FoldMap
2026-03-14T07:33:43.0834318Z  * [new branch]      cleue-add-FromReaderIO                   -> origin/cleue-add-FromReaderIO
2026-03-14T07:33:43.0837355Z  * [new branch]      cleue-add-alt-to-iooption                -> origin/cleue-add-alt-to-iooption
2026-03-14T07:33:43.0840448Z  * [new branch]      cleue-add-apply-monoid                   -> origin/cleue-add-apply-monoid
2026-03-14T07:33:43.0843546Z  * [new branch]      cleue-add-asserts                        -> origin/cleue-add-asserts
2026-03-14T07:33:43.0846805Z  * [new branch]      cleue-add-bool-package                   -> origin/cleue-add-bool-package
2026-03-14T07:33:43.0849832Z  * [new branch]      cleue-add-cache                          -> origin/cleue-add-cache
2026-03-14T07:33:43.0853119Z  * [new branch]      cleue-add-chain-first-to-readerio        -> origin/cleue-add-chain-first-to-readerio
2026-03-14T07:33:43.0857169Z  * [new branch]      cleue-add-custom-type-sample             -> origin/cleue-add-custom-type-sample
2026-03-14T07:33:43.0860875Z  * [new branch]      cleue-add-disclaimer                     -> origin/cleue-add-disclaimer
2026-03-14T07:33:43.0864074Z  * [new branch]      cleue-add-doc                            -> origin/cleue-add-doc
2026-03-14T07:33:43.0867433Z  * [new branch]      cleue-add-flap                           -> origin/cleue-add-flap
2026-03-14T07:33:43.0870819Z  * [new branch]      cleue-add-flap-to-reader                 -> origin/cleue-add-flap-to-reader
2026-03-14T07:33:43.0873794Z  * [new branch]      cleue-add-flap-to-readerio               -> origin/cleue-add-flap-to-readerio
2026-03-14T07:33:43.0877170Z  * [new branch]      cleue-add-fromiooption                   -> origin/cleue-add-fromiooption
2026-03-14T07:33:43.0882410Z  * [new branch]      cleue-add-ioeither-sample-with-return-tuple -> origin/cleue-add-ioeither-sample-with-return-tuple
2026-03-14T07:33:43.0887878Z  * [new branch]      cleue-add-memoize-to-reader              -> origin/cleue-add-memoize-to-reader
2026-03-14T07:33:43.0892054Z  * [new branch]      cleue-add-missing-FromIO                 -> origin/cleue-add-missing-FromIO
2026-03-14T07:33:43.0896715Z  * [new branch]      cleue-add-missing-chain-readeriok        -> origin/cleue-add-missing-chain-readeriok
2026-03-14T07:33:43.0901553Z  * [new branch]      cleue-add-missing-flatten-to-reader      -> origin/cleue-add-missing-flatten-to-reader
2026-03-14T07:33:43.0906328Z  * [new branch]      cleue-add-missing-functions              -> origin/cleue-add-missing-functions
2026-03-14T07:33:43.0998126Z  * [new branch]      cleue-add-missing-lenses                 -> origin/cleue-add-missing-lenses
2026-03-14T07:33:43.1002016Z  * [new branch]      cleue-add-missing-methods                -> origin/cleue-add-missing-methods
2026-03-14T07:33:43.1006381Z  * [new branch]      cleue-add-more-generated-code            -> origin/cleue-add-more-generated-code
2026-03-14T07:33:43.1010205Z  * [new branch]      cleue-add-mutex-to-io                    -> origin/cleue-add-mutex-to-io
2026-03-14T07:33:43.1014038Z  * [new branch]      cleue-add-presentation                   -> origin/cleue-add-presentation
2026-03-14T07:33:43.1018368Z  * [new branch]      cleue-add-renovate                       -> origin/cleue-add-renovate
2026-03-14T07:33:43.1021683Z  * [new branch]      cleue-add-sequence-array-par             -> origin/cleue-add-sequence-array-par
2026-03-14T07:33:43.1024545Z  * [new branch]      cleue-add-some-more-itertools            -> origin/cleue-add-some-more-itertools
2026-03-14T07:33:43.1027467Z  * [new branch]      cleue-add-some-tweaks                    -> origin/cleue-add-some-tweaks
2026-03-14T07:33:43.1029735Z  * [new branch]      cleue-add-take                           -> origin/cleue-add-take
2026-03-14T07:33:43.1032175Z  * [new branch]      cleue-add-traverse-with-index            -> origin/cleue-add-traverse-with-index
2026-03-14T07:33:43.1035305Z  * [new branch]      cleue-add-try-catch-for-single-value-return -> origin/cleue-add-try-catch-for-single-value-return
2026-03-14T07:33:43.1038467Z  * [new branch]      cleue-add-uniq-to-array                  -> origin/cleue-add-uniq-to-array
2026-03-14T07:33:43.1040973Z  * [new branch]      cleue-add-with-resource                  -> origin/cleue-add-with-resource
2026-03-14T07:33:43.1043354Z  * [new branch]      cleue-add-writer                         -> origin/cleue-add-writer
2026-03-14T07:33:43.1045739Z  * [new branch]      cleue-add-zip                            -> origin/cleue-add-zip
2026-03-14T07:33:43.1048414Z  * [new branch]      cleue-alternative-monoid-for-option      -> origin/cleue-alternative-monoid-for-option
2026-03-14T07:33:43.1051948Z  * [new branch]      cleue-auto-generate-traversal-for-readeroieither -> origin/cleue-auto-generate-traversal-for-readeroieither
2026-03-14T07:33:43.1055032Z  * [new branch]      cleue-better-doc                         -> origin/cleue-better-doc
2026-03-14T07:33:43.1057439Z  * [new branch]      cleue-better-docs                        -> origin/cleue-better-docs
2026-03-14T07:33:43.1059592Z  * [new branch]      cleue-bind                               -> origin/cleue-bind
2026-03-14T07:33:43.1061714Z  * [new branch]      cleue-check-ap                           -> origin/cleue-check-ap
2026-03-14T07:33:43.1064079Z  * [new branch]      cleue-circuit-breaker                    -> origin/cleue-circuit-breaker
2026-03-14T07:33:43.1066850Z  * [new branch]      cleue-circuitbreaker-v2                  -> origin/cleue-circuitbreaker-v2
2026-03-14T07:33:43.1069261Z  * [new branch]      cleue-fix-ap                             -> origin/cleue-fix-ap
2026-03-14T07:33:43.1071851Z  * [new branch]      cleue-fix-build-break-1                  -> origin/cleue-fix-build-break-1
2026-03-14T07:33:43.1076148Z  * [new branch]      cleue-fix-buildbreak                     -> origin/cleue-fix-buildbreak
2026-03-14T07:33:43.1078798Z  * [new branch]      cleue-fix-compact-array                  -> origin/cleue-fix-compact-array
2026-03-14T07:33:43.1081346Z  * [new branch]      cleue-fix-flap-order                     -> origin/cleue-fix-flap-order
2026-03-14T07:33:43.1084110Z  * [new branch]      cleue-fix-generic-order-in-chain-to      -> origin/cleue-fix-generic-order-in-chain-to
2026-03-14T07:33:43.1087237Z  * [new branch]      cleue-fix-http-for-ioeither              -> origin/cleue-fix-http-for-ioeither
2026-03-14T07:33:43.1090348Z  * [new branch]      cleue-fix-order-of-generics-for-ChainOptionK -> origin/cleue-fix-order-of-generics-for-ChainOptionK
2026-03-14T07:33:43.1093078Z  * [new branch]      cleue-flip                               -> origin/cleue-flip
2026-03-14T07:33:43.1095369Z  * [new branch]      cleue-getting-started-docs               -> origin/cleue-getting-started-docs
2026-03-14T07:33:43.1098007Z  * [new branch]      cleue-http-example                       -> origin/cleue-http-example
2026-03-14T07:33:43.1100423Z  * [new branch]      cleue-implement-compact                  -> origin/cleue-implement-compact
2026-03-14T07:33:43.1103041Z  * [new branch]      cleue-implement-first-and-last           -> origin/cleue-implement-first-and-last
2026-03-14T07:33:43.1105994Z  * [new branch]      cleue-implement-with-temp-file           -> origin/cleue-implement-with-temp-file
2026-03-14T07:33:43.1108862Z  * [new branch]      cleue-improve-with-lock                  -> origin/cleue-improve-with-lock
2026-03-14T07:33:43.1111257Z  * [new branch]      cleue-initial-checkin                    -> origin/cleue-initial-checkin
2026-03-14T07:33:43.1113418Z  * [new branch]      cleue-ioref                              -> origin/cleue-ioref
2026-03-14T07:33:43.1115626Z  * [new branch]      cleue-issue-77-2                         -> origin/cleue-issue-77-2
2026-03-14T07:33:43.1117875Z  * [new branch]      cleue-more-iterator                      -> origin/cleue-more-iterator
2026-03-14T07:33:43.1120148Z  * [new branch]      cleue-more-samples                       -> origin/cleue-more-samples
2026-03-14T07:33:43.1122640Z  * [new branch]      cleue-mostly-adequate-capter10           -> origin/cleue-mostly-adequate-capter10
2026-03-14T07:33:43.1125286Z  * [new branch]      cleue-mostly-adequate-fp-go              -> origin/cleue-mostly-adequate-fp-go
2026-03-14T07:33:43.1128443Z  * [new branch]      cleue-mostly-adequate-more-samples       -> origin/cleue-mostly-adequate-more-samples
2026-03-14T07:33:43.1130914Z  * [new branch]      cleue-or-else                            -> origin/cleue-or-else
2026-03-14T07:33:43.1133252Z  * [new branch]      cleue-prefer-second-over-SK              -> origin/cleue-prefer-second-over-SK
2026-03-14T07:33:43.1136158Z  * [new branch]      cleue-request-builder-example            -> origin/cleue-request-builder-example
2026-03-14T07:33:43.1138652Z  * [new branch]      cleue-rewrite-retry                      -> origin/cleue-rewrite-retry
2026-03-14T07:33:43.1140850Z  * [new branch]      cleue-rioe-tests                         -> origin/cleue-rioe-tests
2026-03-14T07:33:43.1143086Z  * [new branch]      cleue-sample-ioeither                    -> origin/cleue-sample-ioeither
2026-03-14T07:33:43.1145619Z  * [new branch]      cleue-some-benchmarking                  -> origin/cleue-some-benchmarking
2026-03-14T07:33:43.1148526Z  * [new branch]      cleue-support-chain-first-for-iooption   -> origin/cleue-support-chain-first-for-iooption
2026-03-14T07:33:43.1151322Z  * [new branch]      cleue-switch-either-type                 -> origin/cleue-switch-either-type
2026-03-14T07:33:43.1153493Z  * [new branch]      cleue-v2                                 -> origin/cleue-v2
2026-03-14T07:33:43.1155755Z  * [new branch]      dependency-injection                     -> origin/dependency-injection
2026-03-14T07:33:43.1157850Z  * [new branch]      issue-77                                 -> origin/issue-77
2026-03-14T07:33:43.1159770Z  * [new branch]      main                                     -> origin/main
2026-03-14T07:33:43.1161935Z  * [new branch]      renovate/major-go-dependencies           -> origin/renovate/major-go-dependencies
2026-03-14T07:33:43.1164245Z  * [new branch]      sample-match                             -> origin/sample-match
2026-03-14T07:33:43.1166652Z  * [new branch]      whitesource/configure                    -> origin/whitesource/configure
2026-03-14T07:33:43.1168625Z  * [new tag]         v1.0.0                                   -> v1.0.0
2026-03-14T07:33:43.1170195Z  * [new tag]         v1.0.1                                   -> v1.0.1
2026-03-14T07:33:43.1171765Z  * [new tag]         v1.0.10                                  -> v1.0.10
2026-03-14T07:33:43.1173367Z  * [new tag]         v1.0.100                                 -> v1.0.100
2026-03-14T07:33:43.1174964Z  * [new tag]         v1.0.101                                 -> v1.0.101
2026-03-14T07:33:43.1176675Z  * [new tag]         v1.0.102                                 -> v1.0.102
2026-03-14T07:33:43.1178284Z  * [new tag]         v1.0.103                                 -> v1.0.103
2026-03-14T07:33:43.1179889Z  * [new tag]         v1.0.104                                 -> v1.0.104
2026-03-14T07:33:43.1181486Z  * [new tag]         v1.0.105                                 -> v1.0.105
2026-03-14T07:33:43.1183057Z  * [new tag]         v1.0.106                                 -> v1.0.106
2026-03-14T07:33:43.1184820Z  * [new tag]         v1.0.107                                 -> v1.0.107
2026-03-14T07:33:43.1186615Z  * [new tag]         v1.0.108                                 -> v1.0.108
2026-03-14T07:33:43.1188203Z  * [new tag]         v1.0.109                                 -> v1.0.109
2026-03-14T07:33:43.1189779Z  * [new tag]         v1.0.11                                  -> v1.0.11
2026-03-14T07:33:43.1191348Z  * [new tag]         v1.0.110                                 -> v1.0.110
2026-03-14T07:33:43.1192940Z  * [new tag]         v1.0.111                                 -> v1.0.111
2026-03-14T07:33:43.1194530Z  * [new tag]         v1.0.112                                 -> v1.0.112
2026-03-14T07:33:43.1196302Z  * [new tag]         v1.0.113                                 -> v1.0.113
2026-03-14T07:33:43.1197861Z  * [new tag]         v1.0.114                                 -> v1.0.114
2026-03-14T07:33:43.1199415Z  * [new tag]         v1.0.115                                 -> v1.0.115
2026-03-14T07:33:43.1200941Z  * [new tag]         v1.0.116                                 -> v1.0.116
2026-03-14T07:33:43.1202454Z  * [new tag]         v1.0.117                                 -> v1.0.117
2026-03-14T07:33:43.1203980Z  * [new tag]         v1.0.118                                 -> v1.0.118
2026-03-14T07:33:43.1205650Z  * [new tag]         v1.0.119                                 -> v1.0.119
2026-03-14T07:33:43.1207159Z  * [new tag]         v1.0.12                                  -> v1.0.12
2026-03-14T07:33:43.1208655Z  * [new tag]         v1.0.120                                 -> v1.0.120
2026-03-14T07:33:43.1210156Z  * [new tag]         v1.0.121                                 -> v1.0.121
2026-03-14T07:33:43.1211685Z  * [new tag]         v1.0.122                                 -> v1.0.122
2026-03-14T07:33:43.1213201Z  * [new tag]         v1.0.123                                 -> v1.0.123
2026-03-14T07:33:43.1214734Z  * [new tag]         v1.0.124                                 -> v1.0.124
2026-03-14T07:33:43.1216347Z  * [new tag]         v1.0.125                                 -> v1.0.125
2026-03-14T07:33:43.1217869Z  * [new tag]         v1.0.126                                 -> v1.0.126
2026-03-14T07:33:43.1219381Z  * [new tag]         v1.0.127                                 -> v1.0.127
2026-03-14T07:33:43.1220893Z  * [new tag]         v1.0.128                                 -> v1.0.128
2026-03-14T07:33:43.1222554Z  * [new tag]         v1.0.129                                 -> v1.0.129
2026-03-14T07:33:43.1224187Z  * [new tag]         v1.0.13                                  -> v1.0.13
2026-03-14T07:33:43.1225897Z  * [new tag]         v1.0.130                                 -> v1.0.130
2026-03-14T07:33:43.1227428Z  * [new tag]         v1.0.131                                 -> v1.0.131
2026-03-14T07:33:43.1228938Z  * [new tag]         v1.0.132                                 -> v1.0.132
2026-03-14T07:33:43.1230470Z  * [new tag]         v1.0.133                                 -> v1.0.133
2026-03-14T07:33:43.1231967Z  * [new tag]         v1.0.134                                 -> v1.0.134
2026-03-14T07:33:43.1233466Z  * [new tag]         v1.0.135                                 -> v1.0.135
2026-03-14T07:33:43.1234952Z  * [new tag]         v1.0.136                                 -> v1.0.136
2026-03-14T07:33:43.1236644Z  * [new tag]         v1.0.137                                 -> v1.0.137
2026-03-14T07:33:43.1238149Z  * [new tag]         v1.0.138                                 -> v1.0.138
2026-03-14T07:33:43.1239627Z  * [new tag]         v1.0.139                                 -> v1.0.139
2026-03-14T07:33:43.1241112Z  * [new tag]         v1.0.14                                  -> v1.0.14
2026-03-14T07:33:43.1242557Z  * [new tag]         v1.0.140                                 -> v1.0.140
2026-03-14T07:33:43.1244032Z  * [new tag]         v1.0.141                                 -> v1.0.141
2026-03-14T07:33:43.1245823Z  * [new tag]         v1.0.142                                 -> v1.0.142
2026-03-14T07:33:43.1247337Z  * [new tag]         v1.0.143                                 -> v1.0.143
2026-03-14T07:33:43.1248801Z  * [new tag]         v1.0.144                                 -> v1.0.144
2026-03-14T07:33:43.1250273Z  * [new tag]         v1.0.145                                 -> v1.0.145
2026-03-14T07:33:43.1251756Z  * [new tag]         v1.0.146                                 -> v1.0.146
2026-03-14T07:33:43.1253226Z  * [new tag]         v1.0.147                                 -> v1.0.147
2026-03-14T07:33:43.1254747Z  * [new tag]         v1.0.148                                 -> v1.0.148
2026-03-14T07:33:43.1256345Z  * [new tag]         v1.0.149                                 -> v1.0.149
2026-03-14T07:33:43.1257826Z  * [new tag]         v1.0.15                                  -> v1.0.15
2026-03-14T07:33:43.1259309Z  * [new tag]         v1.0.150                                 -> v1.0.150
2026-03-14T07:33:43.1260789Z  * [new tag]         v1.0.151                                 -> v1.0.151
2026-03-14T07:33:43.1262278Z  * [new tag]         v1.0.152                                 -> v1.0.152
2026-03-14T07:33:43.1263753Z  * [new tag]         v1.0.153                                 -> v1.0.153
2026-03-14T07:33:43.1265244Z  * [new tag]         v1.0.154                                 -> v1.0.154
2026-03-14T07:33:43.1266966Z  * [new tag]         v1.0.155                                 -> v1.0.155
2026-03-14T07:33:43.1268513Z  * [new tag]         v1.0.16                                  -> v1.0.16
2026-03-14T07:33:43.1270097Z  * [new tag]         v1.0.17                                  -> v1.0.17
2026-03-14T07:33:43.1271549Z  * [new tag]         v1.0.18                                  -> v1.0.18
2026-03-14T07:33:43.1273021Z  * [new tag]         v1.0.19                                  -> v1.0.19
2026-03-14T07:33:43.1274466Z  * [new tag]         v1.0.2                                   -> v1.0.2
2026-03-14T07:33:43.1276142Z  * [new tag]         v1.0.20                                  -> v1.0.20
2026-03-14T07:33:43.1277620Z  * [new tag]         v1.0.21                                  -> v1.0.21
2026-03-14T07:33:43.1279076Z  * [new tag]         v1.0.22                                  -> v1.0.22
2026-03-14T07:33:43.1280544Z  * [new tag]         v1.0.23                                  -> v1.0.23
2026-03-14T07:33:43.1282022Z  * [new tag]         v1.0.24                                  -> v1.0.24
2026-03-14T07:33:43.1283478Z  * [new tag]         v1.0.25                                  -> v1.0.25
2026-03-14T07:33:43.1285055Z  * [new tag]         v1.0.26                                  -> v1.0.26
2026-03-14T07:33:43.1286640Z  * [new tag]         v1.0.27                                  -> v1.0.27
2026-03-14T07:33:43.1288292Z  * [new tag]         v1.0.28                                  -> v1.0.28
2026-03-14T07:33:43.1289755Z  * [new tag]         v1.0.29                                  -> v1.0.29
2026-03-14T07:33:43.1291226Z  * [new tag]         v1.0.3                                   -> v1.0.3
2026-03-14T07:33:43.1292674Z  * [new tag]         v1.0.30                                  -> v1.0.30
2026-03-14T07:33:43.1294668Z  * [new tag]         v1.0.31                                  -> v1.0.31
2026-03-14T07:33:43.1297218Z  * [new tag]         v1.0.32                                  -> v1.0.32
2026-03-14T07:33:43.1299178Z  * [new tag]         v1.0.33                                  -> v1.0.33
2026-03-14T07:33:43.1300646Z  * [new tag]         v1.0.34                                  -> v1.0.34
2026-03-14T07:33:43.1302124Z  * [new tag]         v1.0.35                                  -> v1.0.35
2026-03-14T07:33:43.1304267Z  * [new tag]         v1.0.36                                  -> v1.0.36
2026-03-14T07:33:43.1306828Z  * [new tag]         v1.0.37                                  -> v1.0.37
2026-03-14T07:33:43.1309212Z  * [new tag]         v1.0.38                                  -> v1.0.38
2026-03-14T07:33:43.1311817Z  * [new tag]         v1.0.39                                  -> v1.0.39
2026-03-14T07:33:43.1313693Z  * [new tag]         v1.0.4                                   -> v1.0.4
2026-03-14T07:33:43.1316224Z  * [new tag]         v1.0.40                                  -> v1.0.40
2026-03-14T07:33:43.1318064Z  * [new tag]         v1.0.41                                  -> v1.0.41
2026-03-14T07:33:43.1319529Z  * [new tag]         v1.0.42                                  -> v1.0.42
2026-03-14T07:33:43.1321188Z  * [new tag]         v1.0.43                                  -> v1.0.43
2026-03-14T07:33:43.1322668Z  * [new tag]         v1.0.44                                  -> v1.0.44
2026-03-14T07:33:43.1324137Z  * [new tag]         v1.0.45                                  -> v1.0.45
2026-03-14T07:33:43.1325827Z  * [new tag]         v1.0.46                                  -> v1.0.46
2026-03-14T07:33:43.1327304Z  * [new tag]         v1.0.47                                  -> v1.0.47
2026-03-14T07:33:43.1328763Z  * [new tag]         v1.0.48                                  -> v1.0.48
2026-03-14T07:33:43.1330201Z  * [new tag]         v1.0.49                                  -> v1.0.49
2026-03-14T07:33:43.1331655Z  * [new tag]         v1.0.5                                   -> v1.0.5
2026-03-14T07:33:43.1333085Z  * [new tag]         v1.0.50                                  -> v1.0.50
2026-03-14T07:33:43.1334524Z  * [new tag]         v1.0.51                                  -> v1.0.51
2026-03-14T07:33:43.1336222Z  * [new tag]         v1.0.52                                  -> v1.0.52
2026-03-14T07:33:43.1337682Z  * [new tag]         v1.0.53                                  -> v1.0.53
2026-03-14T07:33:43.1339119Z  * [new tag]         v1.0.54                                  -> v1.0.54
2026-03-14T07:33:43.1340580Z  * [new tag]         v1.0.55                                  -> v1.0.55
2026-03-14T07:33:43.1342025Z  * [new tag]         v1.0.56                                  -> v1.0.56
2026-03-14T07:33:43.1343482Z  * [new tag]         v1.0.57                                  -> v1.0.57
2026-03-14T07:33:43.1344903Z  * [new tag]         v1.0.58                                  -> v1.0.58
2026-03-14T07:33:43.1346657Z  * [new tag]         v1.0.59                                  -> v1.0.59
2026-03-14T07:33:43.1348108Z  * [new tag]         v1.0.6                                   -> v1.0.6
2026-03-14T07:33:43.1349704Z  * [new tag]         v1.0.60                                  -> v1.0.60
2026-03-14T07:33:43.1351153Z  * [new tag]         v1.0.61                                  -> v1.0.61
2026-03-14T07:33:43.1352603Z  * [new tag]         v1.0.62                                  -> v1.0.62
2026-03-14T07:33:43.1354369Z  * [new tag]         v1.0.63                                  -> v1.0.63
2026-03-14T07:33:43.1356034Z  * [new tag]         v1.0.64                                  -> v1.0.64
2026-03-14T07:33:43.1357608Z  * [new tag]         v1.0.65                                  -> v1.0.65
2026-03-14T07:33:43.1359059Z  * [new tag]         v1.0.66                                  -> v1.0.66
2026-03-14T07:33:43.1360615Z  * [new tag]         v1.0.67                                  -> v1.0.67
2026-03-14T07:33:43.1362061Z  * [new tag]         v1.0.68                                  -> v1.0.68
2026-03-14T07:33:43.1364205Z  * [new tag]         v1.0.69                                  -> v1.0.69
2026-03-14T07:33:43.1366083Z  * [new tag]         v1.0.7                                   -> v1.0.7
2026-03-14T07:33:43.1367517Z  * [new tag]         v1.0.70                                  -> v1.0.70
2026-03-14T07:33:43.1369426Z  * [new tag]         v1.0.71                                  -> v1.0.71
2026-03-14T07:33:43.1371788Z  * [new tag]         v1.0.72                                  -> v1.0.72
2026-03-14T07:33:43.1373692Z  * [new tag]         v1.0.73                                  -> v1.0.73
2026-03-14T07:33:43.1375319Z  * [new tag]         v1.0.74                                  -> v1.0.74
2026-03-14T07:33:43.1376973Z  * [new tag]         v1.0.75                                  -> v1.0.75
2026-03-14T07:33:43.1378582Z  * [new tag]         v1.0.76                                  -> v1.0.76
2026-03-14T07:33:43.1379985Z  * [new tag]         v1.0.77                                  -> v1.0.77
2026-03-14T07:33:43.1381390Z  * [new tag]         v1.0.78                                  -> v1.0.78
2026-03-14T07:33:43.1382807Z  * [new tag]         v1.0.79                                  -> v1.0.79
2026-03-14T07:33:43.1384210Z  * [new tag]         v1.0.8                                   -> v1.0.8
2026-03-14T07:33:43.1385857Z  * [new tag]         v1.0.80                                  -> v1.0.80
2026-03-14T07:33:43.1387333Z  * [new tag]         v1.0.81                                  -> v1.0.81
2026-03-14T07:33:43.1388777Z  * [new tag]         v1.0.82                                  -> v1.0.82
2026-03-14T07:33:43.1390209Z  * [new tag]         v1.0.83                                  -> v1.0.83
2026-03-14T07:33:43.1391624Z  * [new tag]         v1.0.84                                  -> v1.0.84
2026-03-14T07:33:43.1393045Z  * [new tag]         v1.0.85                                  -> v1.0.85
2026-03-14T07:33:43.1394809Z  * [new tag]         v1.0.86                                  -> v1.0.86
2026-03-14T07:33:43.1396592Z  * [new tag]         v1.0.87                                  -> v1.0.87
2026-03-14T07:33:43.1398644Z  * [new tag]         v1.0.88                                  -> v1.0.88
2026-03-14T07:33:43.1400109Z  * [new tag]         v1.0.89                                  -> v1.0.89
2026-03-14T07:33:43.1402072Z  * [new tag]         v1.0.9                                   -> v1.0.9
2026-03-14T07:33:43.1403628Z  * [new tag]         v1.0.90                                  -> v1.0.90
2026-03-14T07:33:43.1405060Z  * [new tag]         v1.0.91                                  -> v1.0.91
2026-03-14T07:33:43.1406796Z  * [new tag]         v1.0.92                                  -> v1.0.92
2026-03-14T07:33:43.1408361Z  * [new tag]         v1.0.93                                  -> v1.0.93
2026-03-14T07:33:43.1409816Z  * [new tag]         v1.0.94                                  -> v1.0.94
2026-03-14T07:33:43.1411249Z  * [new tag]         v1.0.95                                  -> v1.0.95
2026-03-14T07:33:43.1412689Z  * [new tag]         v1.0.96                                  -> v1.0.96
2026-03-14T07:33:43.1414099Z  * [new tag]         v1.0.97                                  -> v1.0.97
2026-03-14T07:33:43.1416318Z  * [new tag]         v1.0.98                                  -> v1.0.98
2026-03-14T07:33:43.1418240Z  * [new tag]         v1.0.99                                  -> v1.0.99
2026-03-14T07:33:43.1419875Z  * [new tag]         v1.1.0                                   -> v1.1.0
2026-03-14T07:33:43.1421314Z  * [new tag]         v1.1.1                                   -> v1.1.1
2026-03-14T07:33:43.1422736Z  * [new tag]         v1.1.10                                  -> v1.1.10
2026-03-14T07:33:43.1424164Z  * [new tag]         v1.1.11                                  -> v1.1.11
2026-03-14T07:33:43.1425922Z  * [new tag]         v1.1.12                                  -> v1.1.12
2026-03-14T07:33:43.1427410Z  * [new tag]         v1.1.13                                  -> v1.1.13
2026-03-14T07:33:43.1428822Z  * [new tag]         v1.1.14                                  -> v1.1.14
2026-03-14T07:33:43.1430238Z  * [new tag]         v1.1.15                                  -> v1.1.15
2026-03-14T07:33:43.1431643Z  * [new tag]         v1.1.16                                  -> v1.1.16
2026-03-14T07:33:43.1433043Z  * [new tag]         v1.1.17                                  -> v1.1.17
2026-03-14T07:33:43.1434467Z  * [new tag]         v1.1.18                                  -> v1.1.18
2026-03-14T07:33:43.1436004Z  * [new tag]         v1.1.19                                  -> v1.1.19
2026-03-14T07:33:43.1437413Z  * [new tag]         v1.1.2                                   -> v1.1.2
2026-03-14T07:33:43.1438815Z  * [new tag]         v1.1.20                                  -> v1.1.20
2026-03-14T07:33:43.1440385Z  * [new tag]         v1.1.21                                  -> v1.1.21
2026-03-14T07:33:43.1441784Z  * [new tag]         v1.1.22                                  -> v1.1.22
2026-03-14T07:33:43.1443186Z  * [new tag]         v1.1.23                                  -> v1.1.23
2026-03-14T07:33:43.1444581Z  * [new tag]         v1.1.24                                  -> v1.1.24
2026-03-14T07:33:43.1446206Z  * [new tag]         v1.1.25                                  -> v1.1.25
2026-03-14T07:33:43.1447611Z  * [new tag]         v1.1.26                                  -> v1.1.26
2026-03-14T07:33:43.1449018Z  * [new tag]         v1.1.27                                  -> v1.1.27
2026-03-14T07:33:43.1450420Z  * [new tag]         v1.1.28                                  -> v1.1.28
2026-03-14T07:33:43.1451820Z  * [new tag]         v1.1.29                                  -> v1.1.29
2026-03-14T07:33:43.1453198Z  * [new tag]         v1.1.3                                   -> v1.1.3
2026-03-14T07:33:43.1454630Z  * [new tag]         v1.1.30                                  -> v1.1.30
2026-03-14T07:33:43.1456138Z  * [new tag]         v1.1.31                                  -> v1.1.31
2026-03-14T07:33:43.1457540Z  * [new tag]         v1.1.32                                  -> v1.1.32
2026-03-14T07:33:43.1458930Z  * [new tag]         v1.1.33                                  -> v1.1.33
2026-03-14T07:33:43.1460315Z  * [new tag]         v1.1.34                                  -> v1.1.34
2026-03-14T07:33:43.1461722Z  * [new tag]         v1.1.35                                  -> v1.1.35
2026-03-14T07:33:43.1463110Z  * [new tag]         v1.1.36                                  -> v1.1.36
2026-03-14T07:33:43.1464494Z  * [new tag]         v1.1.37                                  -> v1.1.37
2026-03-14T07:33:43.1466216Z  * [new tag]         v1.1.38                                  -> v1.1.38
2026-03-14T07:33:43.1467656Z  * [new tag]         v1.1.39                                  -> v1.1.39
2026-03-14T07:33:43.1469051Z  * [new tag]         v1.1.4                                   -> v1.1.4
2026-03-14T07:33:43.1470427Z  * [new tag]         v1.1.40                                  -> v1.1.40
2026-03-14T07:33:43.1471821Z  * [new tag]         v1.1.41                                  -> v1.1.41
2026-03-14T07:33:43.1473218Z  * [new tag]         v1.1.42                                  -> v1.1.42
2026-03-14T07:33:43.1474613Z  * [new tag]         v1.1.43                                  -> v1.1.43
2026-03-14T07:33:43.1476121Z  * [new tag]         v1.1.44                                  -> v1.1.44
2026-03-14T07:33:43.1477711Z  * [new tag]         v1.1.45                                  -> v1.1.45
2026-03-14T07:33:43.1479125Z  * [new tag]         v1.1.46                                  -> v1.1.46
2026-03-14T07:33:43.1480517Z  * [new tag]         v1.1.47                                  -> v1.1.47
2026-03-14T07:33:43.1481930Z  * [new tag]         v1.1.48                                  -> v1.1.48
2026-03-14T07:33:43.1483348Z  * [new tag]         v1.1.49                                  -> v1.1.49
2026-03-14T07:33:43.1484729Z  * [new tag]         v1.1.5                                   -> v1.1.5
2026-03-14T07:33:43.1486343Z  * [new tag]         v1.1.50                                  -> v1.1.50
2026-03-14T07:33:43.1487733Z  * [new tag]         v1.1.51                                  -> v1.1.51
2026-03-14T07:33:43.1489123Z  * [new tag]         v1.1.52                                  -> v1.1.52
2026-03-14T07:33:43.1490515Z  * [new tag]         v1.1.53                                  -> v1.1.53
2026-03-14T07:33:43.1491909Z  * [new tag]         v1.1.54                                  -> v1.1.54
2026-03-14T07:33:43.1493287Z  * [new tag]         v1.1.55                                  -> v1.1.55
2026-03-14T07:33:43.1494667Z  * [new tag]         v1.1.56                                  -> v1.1.56
2026-03-14T07:33:43.1496158Z  * [new tag]         v1.1.57                                  -> v1.1.57
2026-03-14T07:33:43.1497711Z  * [new tag]         v1.1.58                                  -> v1.1.58
2026-03-14T07:33:43.1499108Z  * [new tag]         v1.1.59                                  -> v1.1.59
2026-03-14T07:33:43.1500487Z  * [new tag]         v1.1.6                                   -> v1.1.6
2026-03-14T07:33:43.1501870Z  * [new tag]         v1.1.60                                  -> v1.1.60
2026-03-14T07:33:43.1503251Z  * [new tag]         v1.1.61                                  -> v1.1.61
2026-03-14T07:33:43.1504635Z  * [new tag]         v1.1.62                                  -> v1.1.62
2026-03-14T07:33:43.1506344Z  * [new tag]         v1.1.63                                  -> v1.1.63
2026-03-14T07:33:43.1507751Z  * [new tag]         v1.1.64                                  -> v1.1.64
2026-03-14T07:33:43.1509150Z  * [new tag]         v1.1.65                                  -> v1.1.65
2026-03-14T07:33:43.1510534Z  * [new tag]         v1.1.66                                  -> v1.1.66
2026-03-14T07:33:43.1511950Z  * [new tag]         v1.1.67                                  -> v1.1.67
2026-03-14T07:33:43.1513338Z  * [new tag]         v1.1.68                                  -> v1.1.68
2026-03-14T07:33:43.1514731Z  * [new tag]         v1.1.69                                  -> v1.1.69
2026-03-14T07:33:43.1516236Z  * [new tag]         v1.1.7                                   -> v1.1.7
2026-03-14T07:33:43.1517605Z  * [new tag]         v1.1.70                                  -> v1.1.70
2026-03-14T07:33:43.1518987Z  * [new tag]         v1.1.71                                  -> v1.1.71
2026-03-14T07:33:43.1520389Z  * [new tag]         v1.1.72                                  -> v1.1.72
2026-03-14T07:33:43.1521790Z  * [new tag]         v1.1.73                                  -> v1.1.73
2026-03-14T07:33:43.1523184Z  * [new tag]         v1.1.74                                  -> v1.1.74
2026-03-14T07:33:43.1524554Z  * [new tag]         v1.1.75                                  -> v1.1.75
2026-03-14T07:33:43.1526154Z  * [new tag]         v1.1.76                                  -> v1.1.76
2026-03-14T07:33:43.1527533Z  * [new tag]         v1.1.77                                  -> v1.1.77
2026-03-14T07:33:43.1528912Z  * [new tag]         v1.1.78                                  -> v1.1.78
2026-03-14T07:33:43.1530284Z  * [new tag]         v1.1.79                                  -> v1.1.79
2026-03-14T07:33:43.1531656Z  * [new tag]         v1.1.8                                   -> v1.1.8
2026-03-14T07:33:43.1533031Z  * [new tag]         v1.1.80                                  -> v1.1.80
2026-03-14T07:33:43.1534558Z  * [new tag]         v1.1.81                                  -> v1.1.81
2026-03-14T07:33:43.1536082Z  * [new tag]         v1.1.82                                  -> v1.1.82
2026-03-14T07:33:43.1537468Z  * [new tag]         v1.1.83                                  -> v1.1.83
2026-03-14T07:33:43.1538847Z  * [new tag]         v1.1.84                                  -> v1.1.84
2026-03-14T07:33:43.1540231Z  * [new tag]         v1.1.9                                   -> v1.1.9
2026-03-14T07:33:43.1541591Z  * [new tag]         v2.0.0                                   -> v2.0.0
2026-03-14T07:33:43.1542971Z  * [new tag]         v2.0.1                                   -> v2.0.1
2026-03-14T07:33:43.1544328Z  * [new tag]         v2.0.2                                   -> v2.0.2
2026-03-14T07:33:43.1545938Z  * [new tag]         v2.0.3                                   -> v2.0.3
2026-03-14T07:33:43.1547334Z  * [new tag]         v2.0.4                                   -> v2.0.4
2026-03-14T07:33:43.1548713Z  * [new tag]         v2.1.0                                   -> v2.1.0
2026-03-14T07:33:43.1550083Z  * [new tag]         v2.1.1                                   -> v2.1.1
2026-03-14T07:33:43.1551448Z  * [new tag]         v2.1.10                                  -> v2.1.10
2026-03-14T07:33:43.1552816Z  * [new tag]         v2.1.11                                  -> v2.1.11
2026-03-14T07:33:43.1554384Z  * [new tag]         v2.1.12                                  -> v2.1.12
2026-03-14T07:33:43.1555997Z  * [new tag]         v2.1.13                                  -> v2.1.13
2026-03-14T07:33:43.1557389Z  * [new tag]         v2.1.14                                  -> v2.1.14
2026-03-14T07:33:43.1558758Z  * [new tag]         v2.1.15                                  -> v2.1.15
2026-03-14T07:33:43.1560246Z  * [new tag]         v2.1.16                                  -> v2.1.16
2026-03-14T07:33:43.1561923Z  * [new tag]         v2.1.17                                  -> v2.1.17
2026-03-14T07:33:43.1563379Z  * [new tag]         v2.1.18                                  -> v2.1.18
2026-03-14T07:33:43.1564753Z  * [new tag]         v2.1.19                                  -> v2.1.19
2026-03-14T07:33:43.1566358Z  * [new tag]         v2.1.2                                   -> v2.1.2
2026-03-14T07:33:43.1567726Z  * [new tag]         v2.1.20                                  -> v2.1.20
2026-03-14T07:33:43.1569097Z  * [new tag]         v2.1.21                                  -> v2.1.21
2026-03-14T07:33:43.1570464Z  * [new tag]         v2.1.22                                  -> v2.1.22
2026-03-14T07:33:43.1571824Z  * [new tag]         v2.1.23                                  -> v2.1.23
2026-03-14T07:33:43.1573179Z  * [new tag]         v2.1.24                                  -> v2.1.24
2026-03-14T07:33:43.1574524Z  * [new tag]         v2.1.25                                  -> v2.1.25
2026-03-14T07:33:43.1575981Z  * [new tag]         v2.1.26                                  -> v2.1.26
2026-03-14T07:33:43.1577344Z  * [new tag]         v2.1.27                                  -> v2.1.27
2026-03-14T07:33:43.1578706Z  * [new tag]         v2.1.3                                   -> v2.1.3
2026-03-14T07:33:43.1580061Z  * [new tag]         v2.1.4                                   -> v2.1.4
2026-03-14T07:33:43.1581401Z  * [new tag]         v2.1.5                                   -> v2.1.5
2026-03-14T07:33:43.1582752Z  * [new tag]         v2.1.6                                   -> v2.1.6
2026-03-14T07:33:43.1584092Z  * [new tag]         v2.1.7                                   -> v2.1.7
2026-03-14T07:33:43.1585611Z  * [new tag]         v2.1.8                                   -> v2.1.8
2026-03-14T07:33:43.1587087Z  * [new tag]         v2.1.9                                   -> v2.1.9
2026-03-14T07:33:43.1588436Z  * [new tag]         v2.2.0                                   -> v2.2.0
2026-03-14T07:33:43.1589789Z  * [new tag]         v2.2.1                                   -> v2.2.1
2026-03-14T07:33:43.1591119Z  * [new tag]         v2.2.10                                  -> v2.2.10
2026-03-14T07:33:43.1592644Z  * [new tag]         v2.2.11                                  -> v2.2.11
2026-03-14T07:33:43.1594019Z  * [new tag]         v2.2.12                                  -> v2.2.12
2026-03-14T07:33:43.1595368Z  * [new tag]         v2.2.13                                  -> v2.2.13
2026-03-14T07:33:43.1596884Z  * [new tag]         v2.2.14                                  -> v2.2.14
2026-03-14T07:33:43.1598249Z  * [new tag]         v2.2.15                                  -> v2.2.15
2026-03-14T07:33:43.1599610Z  * [new tag]         v2.2.16                                  -> v2.2.16
2026-03-14T07:33:43.1600964Z  * [new tag]         v2.2.17                                  -> v2.2.17
2026-03-14T07:33:43.1602313Z  * [new tag]         v2.2.18                                  -> v2.2.18
2026-03-14T07:33:43.1603676Z  * [new tag]         v2.2.19                                  -> v2.2.19
2026-03-14T07:33:43.1605021Z  * [new tag]         v2.2.2                                   -> v2.2.2
2026-03-14T07:33:43.1606600Z  * [new tag]         v2.2.20                                  -> v2.2.20
2026-03-14T07:33:43.1607955Z  * [new tag]         v2.2.21                                  -> v2.2.21
2026-03-14T07:33:43.1609309Z  * [new tag]         v2.2.22                                  -> v2.2.22
2026-03-14T07:33:43.1610807Z  * [new tag]         v2.2.23                                  -> v2.2.23
2026-03-14T07:33:43.1612166Z  * [new tag]         v2.2.24                                  -> v2.2.24
2026-03-14T07:33:43.1613526Z  * [new tag]         v2.2.25                                  -> v2.2.25
2026-03-14T07:33:43.1614888Z  * [new tag]         v2.2.26                                  -> v2.2.26
2026-03-14T07:33:43.1616376Z  * [new tag]         v2.2.27                                  -> v2.2.27
2026-03-14T07:33:43.1617739Z  * [new tag]         v2.2.28                                  -> v2.2.28
2026-03-14T07:33:43.1619089Z  * [new tag]         v2.2.29                                  -> v2.2.29
2026-03-14T07:33:43.1620445Z  * [new tag]         v2.2.3                                   -> v2.2.3
2026-03-14T07:33:43.1621788Z  * [new tag]         v2.2.30                                  -> v2.2.30
2026-03-14T07:33:43.1623137Z  * [new tag]         v2.2.31                                  -> v2.2.31
2026-03-14T07:33:43.1624481Z  * [new tag]         v2.2.32                                  -> v2.2.32
2026-03-14T07:33:43.1626153Z  * [new tag]         v2.2.33                                  -> v2.2.33
2026-03-14T07:33:43.1627536Z  * [new tag]         v2.2.34                                  -> v2.2.34
2026-03-14T07:33:43.1628893Z  * [new tag]         v2.2.35                                  -> v2.2.35
2026-03-14T07:33:43.1630243Z  * [new tag]         v2.2.36                                  -> v2.2.36
2026-03-14T07:33:43.1631588Z  * [new tag]         v2.2.37                                  -> v2.2.37
2026-03-14T07:33:43.1632940Z  * [new tag]         v2.2.38                                  -> v2.2.38
2026-03-14T07:33:43.1634297Z  * [new tag]         v2.2.39                                  -> v2.2.39
2026-03-14T07:33:43.1635869Z  * [new tag]         v2.2.4                                   -> v2.2.4
2026-03-14T07:33:43.1637238Z  * [new tag]         v2.2.40                                  -> v2.2.40
2026-03-14T07:33:43.1638599Z  * [new tag]         v2.2.41                                  -> v2.2.41
2026-03-14T07:33:43.1639954Z  * [new tag]         v2.2.42                                  -> v2.2.42
2026-03-14T07:33:43.1641309Z  * [new tag]         v2.2.43                                  -> v2.2.43
2026-03-14T07:33:43.1642672Z  * [new tag]         v2.2.44                                  -> v2.2.44
2026-03-14T07:33:43.1644017Z  * [new tag]         v2.2.45                                  -> v2.2.45
2026-03-14T07:33:43.1645378Z  * [new tag]         v2.2.46                                  -> v2.2.46
2026-03-14T07:33:43.1646948Z  * [new tag]         v2.2.47                                  -> v2.2.47
2026-03-14T07:33:43.1648448Z  * [new tag]         v2.2.48                                  -> v2.2.48
2026-03-14T07:33:43.1649815Z  * [new tag]         v2.2.49                                  -> v2.2.49
2026-03-14T07:33:43.1651161Z  * [new tag]         v2.2.5                                   -> v2.2.5
2026-03-14T07:33:43.1652517Z  * [new tag]         v2.2.50                                  -> v2.2.50
2026-03-14T07:33:43.1654701Z  * [new tag]         v2.2.51                                  -> v2.2.51
2026-03-14T07:33:43.1656633Z  * [new tag]         v2.2.52                                  -> v2.2.52
2026-03-14T07:33:43.1658038Z  * [new tag]         v2.2.53                                  -> v2.2.53
2026-03-14T07:33:43.1659392Z  * [new tag]         v2.2.54                                  -> v2.2.54
2026-03-14T07:33:43.1660759Z  * [new tag]         v2.2.55                                  -> v2.2.55
2026-03-14T07:33:43.1662107Z  * [new tag]         v2.2.56                                  -> v2.2.56
2026-03-14T07:33:43.1663480Z  * [new tag]         v2.2.57                                  -> v2.2.57
2026-03-14T07:33:43.1664818Z  * [new tag]         v2.2.6                                   -> v2.2.6
2026-03-14T07:33:43.1666403Z  * [new tag]         v2.2.7                                   -> v2.2.7
2026-03-14T07:33:43.1667746Z  * [new tag]         v2.2.8                                   -> v2.2.8
2026-03-14T07:33:43.1669255Z  * [new tag]         v2.2.9                                   -> v2.2.9
2026-03-14T07:33:43.1670771Z  * [new ref]         7a4f5547b49a88ccae5283a2991aff837b2ebd93 -> pull/154/merge
2026-03-14T07:33:43.1673913Z ##[endgroup]
2026-03-14T07:33:43.1675155Z ##[group]Determining the checkout info
2026-03-14T07:33:43.1676700Z ##[endgroup]
2026-03-14T07:33:43.1677515Z [command]/usr/bin/git sparse-checkout disable
2026-03-14T07:33:43.1679908Z [command]/usr/bin/git config --local --unset-all extensions.worktreeConfig
2026-03-14T07:33:43.1683173Z ##[group]Checking out the ref
2026-03-14T07:33:43.1684473Z [command]/usr/bin/git checkout --progress --force refs/remotes/pull/154/merge
2026-03-14T07:33:43.3113653Z Note: switching to 'refs/remotes/pull/154/merge'.
2026-03-14T07:33:43.3117252Z 
2026-03-14T07:33:43.3118429Z You are in 'detached HEAD' state. You can look around, make experimental
2026-03-14T07:33:43.3121367Z changes and commit them, and you can discard any commits you make in this
2026-03-14T07:33:43.3124302Z state without impacting any branches by switching back to a branch.
2026-03-14T07:33:43.3126236Z 
2026-03-14T07:33:43.3127376Z If you want to create a new branch to retain commits you create, you may
2026-03-14T07:33:43.3130061Z do so (now or later) by using -c with the switch command. Example:
2026-03-14T07:33:43.3131646Z 
2026-03-14T07:33:43.3132259Z   git switch -c <new-branch-name>
2026-03-14T07:33:43.3133307Z 
2026-03-14T07:33:43.3133894Z Or undo this operation with:
2026-03-14T07:33:43.3134858Z 
2026-03-14T07:33:43.3135362Z   git switch -
2026-03-14T07:33:43.3136317Z 
2026-03-14T07:33:43.3137631Z Turn off this advice by setting config variable advice.detachedHead to false
2026-03-14T07:33:43.3139520Z 
2026-03-14T07:33:43.3141636Z HEAD is now at 7a4f554 Merge 78b479f2c89b62ce9fb1c339c512b37b5589048b into eb27ecdc016fb1f8ed7985a723e82875957c4a9c
2026-03-14T07:33:43.3148047Z ##[endgroup]
2026-03-14T07:33:43.3180715Z [command]/usr/bin/git log -1 --format=%H
2026-03-14T07:33:43.3208643Z 7a4f5547b49a88ccae5283a2991aff837b2ebd93
2026-03-14T07:33:43.3541637Z ##[group]Run actions/setup-go@v6
2026-03-14T07:33:43.3542516Z with:
2026-03-14T07:33:43.3543144Z   go-version: 1.25.x
2026-03-14T07:33:43.3543871Z   cache: true
2026-03-14T07:33:43.3544523Z   check-latest: false
2026-03-14T07:33:43.3545644Z   token: ***
2026-03-14T07:33:43.3546302Z env:
2026-03-14T07:33:43.3546917Z   DEFAULT_BRANCH: main
2026-03-14T07:33:43.3547669Z   LATEST_GO_VERSION: 1.25.2
2026-03-14T07:33:43.3548461Z   NODE_VERSION: 24
2026-03-14T07:33:43.3549144Z   DRY_RUN: true
2026-03-14T07:33:43.3549804Z ##[endgroup]
2026-03-14T07:33:43.4746577Z Setup go version spec 1.25.x
2026-03-14T07:33:43.4814391Z Found in cache @ /opt/hostedtoolcache/go/1.25.8/x64
2026-03-14T07:33:43.4816542Z Added go to the path
2026-03-14T07:33:43.4818996Z Successfully set up Go version 1.25.x
2026-03-14T07:33:44.0959522Z [command]/opt/hostedtoolcache/go/1.25.8/x64/bin/go env GOMODCACHE
2026-03-14T07:33:44.0997139Z [command]/opt/hostedtoolcache/go/1.25.8/x64/bin/go env GOCACHE
2026-03-14T07:33:44.1026839Z /home/runner/go/pkg/mod
2026-03-14T07:33:44.1054137Z /home/runner/.cache/go-build
2026-03-14T07:33:44.3618997Z Cache is not found
2026-03-14T07:33:44.3641520Z go version go1.25.8 linux/amd64
2026-03-14T07:33:44.3641724Z 
2026-03-14T07:33:44.3642037Z ##[group]go env
2026-03-14T07:33:44.5181716Z AR='ar'
2026-03-14T07:33:44.5182094Z CC='gcc'
2026-03-14T07:33:44.5182427Z CGO_CFLAGS='-O2 -g'
2026-03-14T07:33:44.5182796Z CGO_CPPFLAGS=''
2026-03-14T07:33:44.5183144Z CGO_CXXFLAGS='-O2 -g'
2026-03-14T07:33:44.5183527Z CGO_ENABLED='1'
2026-03-14T07:33:44.5183882Z CGO_FFLAGS='-O2 -g'
2026-03-14T07:33:44.5184175Z CGO_LDFLAGS='-O2 -g'
2026-03-14T07:33:44.5184394Z CXX='g++'
2026-03-14T07:33:44.5184593Z GCCGO='gccgo'
2026-03-14T07:33:44.5184783Z GO111MODULE=''
2026-03-14T07:33:44.5184980Z GOAMD64='v1'
2026-03-14T07:33:44.5185166Z GOARCH='amd64'
2026-03-14T07:33:44.5185355Z GOAUTH='netrc'
2026-03-14T07:33:44.5185785Z GOBIN=''
2026-03-14T07:33:44.5186266Z GOCACHE='/home/runner/.cache/go-build'
2026-03-14T07:33:44.5186573Z GOCACHEPROG=''
2026-03-14T07:33:44.5186762Z GODEBUG=''
2026-03-14T07:33:44.5186997Z GOENV='/home/runner/.config/go/env'
2026-03-14T07:33:44.5187236Z GOEXE=''
2026-03-14T07:33:44.5187421Z GOEXPERIMENT=''
2026-03-14T07:33:44.5187655Z GOFIPS140='off'
2026-03-14T07:33:44.5187851Z GOFLAGS=''
2026-03-14T07:33:44.5188555Z GOGCCFLAGS='-fPIC -m64 -pthread -Wl,--no-gc-sections -fmessage-length=0 -ffile-prefix-map=/tmp/go-build2066722025=/tmp/go-build -gno-record-gcc-switches'
2026-03-14T07:33:44.5189237Z GOHOSTARCH='amd64'
2026-03-14T07:33:44.5189447Z GOHOSTOS='linux'
2026-03-14T07:33:44.5189637Z GOINSECURE=''
2026-03-14T07:33:44.5189904Z GOMOD='/home/runner/work/fp-go/fp-go/go.mod'
2026-03-14T07:33:44.5190207Z GOMODCACHE='/home/runner/go/pkg/mod'
2026-03-14T07:33:44.5190469Z GONOPROXY=''
2026-03-14T07:33:44.5190649Z GONOSUMDB=''
2026-03-14T07:33:44.5190831Z GOOS='linux'
2026-03-14T07:33:44.5191107Z GOPATH='/home/runner/go'
2026-03-14T07:33:44.5191327Z GOPRIVATE=''
2026-03-14T07:33:44.5191593Z GOPROXY='https://proxy.golang.org,direct'
2026-03-14T07:33:44.5191924Z GOROOT='/opt/hostedtoolcache/go/1.25.8/x64'
2026-03-14T07:33:44.5192221Z GOSUMDB='sum.golang.org'
2026-03-14T07:33:44.5192444Z GOTELEMETRY='local'
2026-03-14T07:33:44.5192706Z GOTELEMETRYDIR='/home/runner/.config/go/telemetry'
2026-03-14T07:33:44.5193001Z GOTMPDIR=''
2026-03-14T07:33:44.5193191Z GOTOOLCHAIN='local'
2026-03-14T07:33:44.5193518Z GOTOOLDIR='/opt/hostedtoolcache/go/1.25.8/x64/pkg/tool/linux_amd64'
2026-03-14T07:33:44.5193869Z GOVCS=''
2026-03-14T07:33:44.5194062Z GOVERSION='go1.25.8'
2026-03-14T07:33:44.5194271Z GOWORK=''
2026-03-14T07:33:44.5194489Z PKG_CONFIG='pkg-config'
2026-03-14T07:33:44.5194641Z 
2026-03-14T07:33:44.5195019Z ##[endgroup]
2026-03-14T07:33:44.5321689Z ##[group]Run go mod tidy
2026-03-14T07:33:44.5321987Z [36;1mgo mod tidy[0m
2026-03-14T07:33:44.5322398Z [36;1mgo test -race -coverprofile=coverage.txt -covermode=atomic -coverpkg=./... ./...[0m
2026-03-14T07:33:44.5380781Z shell: /usr/bin/bash -e {0}
2026-03-14T07:33:44.5381026Z env:
2026-03-14T07:33:44.5381202Z   DEFAULT_BRANCH: main
2026-03-14T07:33:44.5381406Z   LATEST_GO_VERSION: 1.25.2
2026-03-14T07:33:44.5381617Z   NODE_VERSION: 24
2026-03-14T07:33:44.5381788Z   DRY_RUN: true
2026-03-14T07:33:44.5381965Z   GOTOOLCHAIN: local
2026-03-14T07:33:44.5382149Z ##[endgroup]
2026-03-14T07:33:44.5777874Z go: downloading github.com/urfave/cli/v2 v2.27.7
2026-03-14T07:33:44.5867684Z go: downloading github.com/stretchr/testify v1.11.1
2026-03-14T07:33:45.5760413Z go: downloading github.com/davecgh/go-spew v1.1.1
2026-03-14T07:33:45.5900307Z go: downloading github.com/pmezard/go-difflib v1.0.0
2026-03-14T07:33:45.8418721Z go: downloading github.com/cpuguy83/go-md2man/v2 v2.0.7
2026-03-14T07:33:45.8509763Z go: downloading github.com/xrash/smetrics v0.0.0-20240521201337-686a1a2994c1
2026-03-14T07:33:47.6139553Z go: downloading gopkg.in/yaml.v3 v3.0.1
2026-03-14T07:33:48.1182355Z go: downloading github.com/russross/blackfriday/v2 v2.1.0
2026-03-14T07:33:48.7640814Z go: downloading gopkg.in/check.v1 v0.0.0-20161208181325-20d25e280405
2026-03-14T07:34:04.3491853Z # github.com/IBM/fp-go/writer/generic
2026-03-14T07:34:04.3541301Z ##[error]writer/generic/writer.go:106:40: in call to F.Bind1st, type semigroup.Semigroup[W] of s does not match inferred type semigroup.Semigroup[W] for T1
2026-03-14T07:34:12.6675637Z FAIL	github.com/IBM/fp-go [build failed]
2026-03-14T07:34:13.3157277Z FAIL	github.com/IBM/fp-go/array [build failed]
2026-03-14T07:34:13.3157959Z FAIL	github.com/IBM/fp-go/array/generic [build failed]
2026-03-14T07:34:13.3158569Z FAIL	github.com/IBM/fp-go/array/nonempty [build failed]
2026-03-14T07:34:13.3159215Z FAIL	github.com/IBM/fp-go/array/testing [build failed]
2026-03-14T07:34:13.3474306Z FAIL	github.com/IBM/fp-go/assert [build failed]
2026-03-14T07:34:13.3474950Z FAIL	github.com/IBM/fp-go/boolean [build failed]
2026-03-14T07:34:13.3475644Z FAIL	github.com/IBM/fp-go/bounded [build failed]
2026-03-14T07:34:13.6833015Z FAIL	github.com/IBM/fp-go/bytes [build failed]
2026-03-14T07:34:13.6833605Z FAIL	github.com/IBM/fp-go/cli [build failed]
2026-03-14T07:34:13.6834129Z FAIL	github.com/IBM/fp-go/cli/templates [build failed]
2026-03-14T07:34:13.7155886Z FAIL	github.com/IBM/fp-go/constant [build failed]
2026-03-14T07:34:13.7157177Z FAIL	github.com/IBM/fp-go/constraints [build failed]
2026-03-14T07:34:13.7158201Z FAIL	github.com/IBM/fp-go/context [build failed]
2026-03-14T07:34:13.7159125Z FAIL	github.com/IBM/fp-go/context/ioeither [build failed]
2026-03-14T07:34:13.7159907Z FAIL	github.com/IBM/fp-go/context/ioeither/generic [build failed]
2026-03-14T07:34:14.3377456Z FAIL	github.com/IBM/fp-go/context/readereither [build failed]
2026-03-14T07:34:14.3378487Z FAIL	github.com/IBM/fp-go/context/readereither/exec [build failed]
2026-03-14T07:34:15.3220182Z FAIL	github.com/IBM/fp-go/context/readerioeither [build failed]
2026-03-14T07:34:15.3224441Z FAIL	github.com/IBM/fp-go/context/readerioeither/exec [build failed]
2026-03-14T07:34:15.3232034Z FAIL	github.com/IBM/fp-go/context/readerioeither/file [build failed]
2026-03-14T07:34:15.3232907Z FAIL	github.com/IBM/fp-go/context/readerioeither/generic [build failed]
2026-03-14T07:34:16.3203149Z FAIL	github.com/IBM/fp-go/context/readerioeither/http [build failed]
2026-03-14T07:34:16.3207716Z FAIL	github.com/IBM/fp-go/context/readerioeither/http/builder [build failed]
2026-03-14T07:34:17.4322191Z FAIL	github.com/IBM/fp-go/di [build failed]
2026-03-14T07:34:17.4324662Z FAIL	github.com/IBM/fp-go/di/erasure [build failed]
2026-03-14T07:34:17.7330897Z FAIL	github.com/IBM/fp-go/either [build failed]
2026-03-14T07:34:17.7331319Z FAIL	github.com/IBM/fp-go/either/exec [build failed]
2026-03-14T07:34:17.7331697Z FAIL	github.com/IBM/fp-go/either/http [build failed]
2026-03-14T07:34:18.1460845Z FAIL	github.com/IBM/fp-go/either/testing [build failed]
2026-03-14T07:34:18.1461589Z FAIL	github.com/IBM/fp-go/endomorphism [build failed]
2026-03-14T07:34:18.1462267Z FAIL	github.com/IBM/fp-go/endomorphism/generic [build failed]
2026-03-14T07:34:18.1462913Z FAIL	github.com/IBM/fp-go/eq [build failed]
2026-03-14T07:34:18.1542863Z FAIL	github.com/IBM/fp-go/eq/testing [build failed]
2026-03-14T07:34:18.1557498Z FAIL	github.com/IBM/fp-go/erasure [build failed]
2026-03-14T07:34:18.5169939Z FAIL	github.com/IBM/fp-go/errors [build failed]
2026-03-14T07:34:18.5170838Z FAIL	github.com/IBM/fp-go/exec [build failed]
2026-03-14T07:34:18.5171565Z FAIL	github.com/IBM/fp-go/file [build failed]
2026-03-14T07:34:18.7781691Z FAIL	github.com/IBM/fp-go/function [build failed]
2026-03-14T07:34:18.7786512Z FAIL	github.com/IBM/fp-go/function/generic [build failed]
2026-03-14T07:34:19.1310552Z FAIL	github.com/IBM/fp-go/http [build failed]
2026-03-14T07:34:19.4338992Z FAIL	github.com/IBM/fp-go/http/builder [build failed]
2026-03-14T07:34:19.4343907Z FAIL	github.com/IBM/fp-go/http/content [build failed]
2026-03-14T07:34:19.5526089Z FAIL	github.com/IBM/fp-go/http/form [build failed]
2026-03-14T07:34:19.8061669Z FAIL	github.com/IBM/fp-go/http/headers [build failed]
2026-03-14T07:34:19.8672722Z FAIL	github.com/IBM/fp-go/identity [build failed]
2026-03-14T07:34:19.8673448Z FAIL	github.com/IBM/fp-go/identity/generic [build failed]
2026-03-14T07:34:19.8674182Z FAIL	github.com/IBM/fp-go/internal/applicative [build failed]
2026-03-14T07:34:19.8674963Z FAIL	github.com/IBM/fp-go/internal/applicative/testing [build failed]
2026-03-14T07:34:19.8675828Z FAIL	github.com/IBM/fp-go/internal/apply [build failed]
2026-03-14T07:34:19.8676485Z FAIL	github.com/IBM/fp-go/internal/apply/testing [build failed]
2026-03-14T07:34:19.8677151Z FAIL	github.com/IBM/fp-go/internal/array [build failed]
2026-03-14T07:34:19.8677780Z FAIL	github.com/IBM/fp-go/internal/bracket [build failed]
2026-03-14T07:34:19.8678450Z FAIL	github.com/IBM/fp-go/internal/chain [build failed]
2026-03-14T07:34:19.8679118Z FAIL	github.com/IBM/fp-go/internal/chain/testing [build failed]
2026-03-14T07:34:19.8679842Z FAIL	github.com/IBM/fp-go/internal/eithert [build failed]
2026-03-14T07:34:19.8680911Z FAIL	github.com/IBM/fp-go/internal/eq [build failed]
2026-03-14T07:34:19.8681548Z FAIL	github.com/IBM/fp-go/internal/exec [build failed]
2026-03-14T07:34:19.8682159Z FAIL	github.com/IBM/fp-go/internal/file [build failed]
2026-03-14T07:34:19.8682814Z FAIL	github.com/IBM/fp-go/internal/foldable [build failed]
2026-03-14T07:34:19.8683528Z FAIL	github.com/IBM/fp-go/internal/fromeither [build failed]
2026-03-14T07:34:19.8684190Z FAIL	github.com/IBM/fp-go/internal/fromio [build failed]
2026-03-14T07:34:19.8684870Z FAIL	github.com/IBM/fp-go/internal/fromioeither [build failed]
2026-03-14T07:34:19.8685790Z FAIL	github.com/IBM/fp-go/internal/fromreader [build failed]
2026-03-14T07:34:19.8686520Z FAIL	github.com/IBM/fp-go/internal/functor [build failed]
2026-03-14T07:34:19.8687262Z FAIL	github.com/IBM/fp-go/internal/functor/testing [build failed]
2026-03-14T07:34:19.8687976Z FAIL	github.com/IBM/fp-go/internal/lazy [build failed]
2026-03-14T07:34:19.8688630Z FAIL	github.com/IBM/fp-go/internal/monad [build failed]
2026-03-14T07:34:19.8689331Z FAIL	github.com/IBM/fp-go/internal/monad/testing [build failed]
2026-03-14T07:34:19.8690057Z FAIL	github.com/IBM/fp-go/internal/optiont [build failed]
2026-03-14T07:34:19.8690747Z FAIL	github.com/IBM/fp-go/internal/pointed [build failed]
2026-03-14T07:34:19.8691430Z FAIL	github.com/IBM/fp-go/internal/readert [build failed]
2026-03-14T07:34:19.8692086Z FAIL	github.com/IBM/fp-go/internal/record [build failed]
2026-03-14T07:34:19.8692760Z FAIL	github.com/IBM/fp-go/internal/statet [build failed]
2026-03-14T07:34:19.8693426Z FAIL	github.com/IBM/fp-go/internal/testing [build failed]
2026-03-14T07:34:19.8694086Z FAIL	github.com/IBM/fp-go/internal/utils [build failed]
2026-03-14T07:34:20.5578086Z FAIL	github.com/IBM/fp-go/io [build failed]
2026-03-14T07:34:20.5580369Z FAIL	github.com/IBM/fp-go/io/file [build failed]
2026-03-14T07:34:20.5581226Z FAIL	github.com/IBM/fp-go/io/generic [build failed]
2026-03-14T07:34:20.5582098Z FAIL	github.com/IBM/fp-go/io/testing [build failed]
2026-03-14T07:34:22.2786139Z FAIL	github.com/IBM/fp-go/ioeither [build failed]
2026-03-14T07:34:22.2787093Z FAIL	github.com/IBM/fp-go/ioeither/exec [build failed]
2026-03-14T07:34:22.2787937Z FAIL	github.com/IBM/fp-go/ioeither/file [build failed]
2026-03-14T07:34:22.2788889Z FAIL	github.com/IBM/fp-go/ioeither/generic [build failed]
2026-03-14T07:34:23.2637760Z FAIL	github.com/IBM/fp-go/ioeither/http [build failed]
2026-03-14T07:34:23.2639659Z FAIL	github.com/IBM/fp-go/ioeither/http/builder [build failed]
2026-03-14T07:34:23.2643691Z FAIL	github.com/IBM/fp-go/ioeither/http/di [build failed]
2026-03-14T07:34:23.3629157Z FAIL	github.com/IBM/fp-go/ioeither/testing [build failed]
2026-03-14T07:34:24.1965341Z FAIL	github.com/IBM/fp-go/iooption [build failed]
2026-03-14T07:34:24.1966568Z FAIL	github.com/IBM/fp-go/iooption/generic [build failed]
2026-03-14T07:34:24.4252321Z FAIL	github.com/IBM/fp-go/iooption/testing [build failed]
2026-03-14T07:34:25.0330825Z FAIL	github.com/IBM/fp-go/iterator/stateless [build failed]
2026-03-14T07:34:25.0337180Z FAIL	github.com/IBM/fp-go/iterator/stateless/generic [build failed]
2026-03-14T07:34:25.0339731Z FAIL	github.com/IBM/fp-go/json [build failed]
2026-03-14T07:34:25.0340616Z FAIL	github.com/IBM/fp-go/lambda [build failed]
2026-03-14T07:34:25.6678881Z FAIL	github.com/IBM/fp-go/lazy [build failed]
2026-03-14T07:34:25.6682026Z FAIL	github.com/IBM/fp-go/lazy/testing [build failed]
2026-03-14T07:34:25.6682654Z FAIL	github.com/IBM/fp-go/logging [build failed]
2026-03-14T07:34:25.6683197Z FAIL	github.com/IBM/fp-go/magma [build failed]
2026-03-14T07:34:25.6683758Z FAIL	github.com/IBM/fp-go/monoid [build failed]
2026-03-14T07:34:25.6684373Z FAIL	github.com/IBM/fp-go/monoid/testing [build failed]
2026-03-14T07:34:26.0255785Z FAIL	github.com/IBM/fp-go/number [build failed]
2026-03-14T07:34:26.0257055Z FAIL	github.com/IBM/fp-go/number/integer [build failed]
2026-03-14T07:34:26.0798804Z FAIL	github.com/IBM/fp-go/optics/iso [build failed]
2026-03-14T07:34:26.0801261Z FAIL	github.com/IBM/fp-go/optics/iso/lens [build failed]
2026-03-14T07:34:26.6548129Z FAIL	github.com/IBM/fp-go/optics/lens [build failed]
2026-03-14T07:34:26.6548803Z FAIL	github.com/IBM/fp-go/optics/lens/array [build failed]
2026-03-14T07:34:26.6549513Z FAIL	github.com/IBM/fp-go/optics/lens/array/generic [build failed]
2026-03-14T07:34:26.6550252Z FAIL	github.com/IBM/fp-go/optics/lens/either [build failed]
2026-03-14T07:34:26.6550912Z FAIL	github.com/IBM/fp-go/optics/lens/generic [build failed]
2026-03-14T07:34:27.3977726Z FAIL	github.com/IBM/fp-go/optics/lens/iso [build failed]
2026-03-14T07:34:27.3978506Z FAIL	github.com/IBM/fp-go/optics/lens/option [build failed]
2026-03-14T07:34:27.3979210Z FAIL	github.com/IBM/fp-go/optics/lens/optional [build failed]
2026-03-14T07:34:27.3979996Z FAIL	github.com/IBM/fp-go/optics/lens/record [build failed]
2026-03-14T07:34:27.3980704Z FAIL	github.com/IBM/fp-go/optics/lens/record/generic [build failed]
2026-03-14T07:34:28.1620141Z FAIL	github.com/IBM/fp-go/optics/lens/testing [build failed]
2026-03-14T07:34:28.1626861Z FAIL	github.com/IBM/fp-go/optics/optional [build failed]
2026-03-14T07:34:28.1627977Z FAIL	github.com/IBM/fp-go/optics/optional/lens [build failed]
2026-03-14T07:34:28.1629308Z FAIL	github.com/IBM/fp-go/optics/optional/prism [build failed]
2026-03-14T07:34:28.6567181Z FAIL	github.com/IBM/fp-go/optics/optional/record [build failed]
2026-03-14T07:34:28.6568041Z FAIL	github.com/IBM/fp-go/optics/optional/record/generic [build failed]
2026-03-14T07:34:28.6571441Z FAIL	github.com/IBM/fp-go/optics/prism [build failed]
2026-03-14T07:34:28.7967408Z FAIL	github.com/IBM/fp-go/optics/traversal [build failed]
2026-03-14T07:34:28.7968237Z FAIL	github.com/IBM/fp-go/optics/traversal/array [build failed]
2026-03-14T07:34:28.7969314Z FAIL	github.com/IBM/fp-go/optics/traversal/array/const [build failed]
2026-03-14T07:34:28.7970241Z FAIL	github.com/IBM/fp-go/optics/traversal/array/generic [build failed]
2026-03-14T07:34:28.7971126Z FAIL	github.com/IBM/fp-go/optics/traversal/array/generic/const [build failed]
2026-03-14T07:34:28.7972099Z FAIL	github.com/IBM/fp-go/optics/traversal/array/generic/identity [build failed]
2026-03-14T07:34:28.7973078Z FAIL	github.com/IBM/fp-go/optics/traversal/array/identity [build failed]
2026-03-14T07:34:28.7973906Z FAIL	github.com/IBM/fp-go/optics/traversal/either [build failed]
2026-03-14T07:34:28.7974645Z FAIL	github.com/IBM/fp-go/optics/traversal/generic [build failed]
2026-03-14T07:34:28.7975422Z FAIL	github.com/IBM/fp-go/optics/traversal/option [build failed]
2026-03-14T07:34:28.8008963Z FAIL	github.com/IBM/fp-go/optics/traversal/record [build failed]
2026-03-14T07:34:28.8168292Z FAIL	github.com/IBM/fp-go/optics/traversal/record/const [build failed]
2026-03-14T07:34:28.8169307Z FAIL	github.com/IBM/fp-go/optics/traversal/record/generic [build failed]
2026-03-14T07:34:28.8170346Z FAIL	github.com/IBM/fp-go/optics/traversal/record/generic/const [build failed]
2026-03-14T07:34:28.8321507Z FAIL	github.com/IBM/fp-go/optics/traversal/record/generic/identity [build failed]
2026-03-14T07:34:28.8388985Z FAIL	github.com/IBM/fp-go/optics/traversal/record/identity [build failed]
2026-03-14T07:34:30.3065331Z FAIL	github.com/IBM/fp-go/option [build failed]
2026-03-14T07:34:30.3066660Z FAIL	github.com/IBM/fp-go/option/number [build failed]
2026-03-14T07:34:30.3069028Z FAIL	github.com/IBM/fp-go/option/testing [build failed]
2026-03-14T07:34:30.3069660Z FAIL	github.com/IBM/fp-go/ord [build failed]
2026-03-14T07:34:30.3070221Z FAIL	github.com/IBM/fp-go/pair [build failed]
2026-03-14T07:34:30.3072603Z FAIL	github.com/IBM/fp-go/pair/generic [build failed]
2026-03-14T07:34:30.9465791Z FAIL	github.com/IBM/fp-go/pair/testing [build failed]
2026-03-14T07:34:30.9467027Z FAIL	github.com/IBM/fp-go/predicate [build failed]
2026-03-14T07:34:30.9469956Z FAIL	github.com/IBM/fp-go/reader [build failed]
2026-03-14T07:34:30.9470817Z FAIL	github.com/IBM/fp-go/reader/generic [build failed]
2026-03-14T07:34:31.9565969Z FAIL	github.com/IBM/fp-go/readereither [build failed]
2026-03-14T07:34:31.9566743Z FAIL	github.com/IBM/fp-go/readereither/generic [build failed]
2026-03-14T07:34:31.9567685Z FAIL	github.com/IBM/fp-go/readerio [build failed]
2026-03-14T07:34:31.9568315Z FAIL	github.com/IBM/fp-go/readerio/generic [build failed]
2026-03-14T07:34:33.1848320Z FAIL	github.com/IBM/fp-go/readerioeither [build failed]
2026-03-14T07:34:33.1851386Z FAIL	github.com/IBM/fp-go/readerioeither/generic [build failed]
2026-03-14T07:34:33.1852347Z FAIL	github.com/IBM/fp-go/record [build failed]
2026-03-14T07:34:33.1853675Z FAIL	github.com/IBM/fp-go/record/generic [build failed]
2026-03-14T07:34:33.2080754Z FAIL	github.com/IBM/fp-go/reflect [build failed]
2026-03-14T07:34:33.2082645Z FAIL	github.com/IBM/fp-go/reflect/generic [build failed]
2026-03-14T07:34:33.2083215Z FAIL	github.com/IBM/fp-go/retry [build failed]
2026-03-14T07:34:33.2118600Z FAIL	github.com/IBM/fp-go/retry/generic [build failed]
2026-03-14T07:34:33.4868446Z FAIL	github.com/IBM/fp-go/samples [build failed]
2026-03-14T07:34:33.5567236Z FAIL	github.com/IBM/fp-go/samples/getting-started-with-fp-ts/reader/example1 [build failed]
2026-03-14T07:34:33.6218509Z FAIL	github.com/IBM/fp-go/samples/getting-started-with-fp-ts/reader/example2 [build failed]
2026-03-14T07:34:34.8392251Z FAIL	github.com/IBM/fp-go/samples/http [build failed]
2026-03-14T07:34:34.8398443Z FAIL	github.com/IBM/fp-go/samples/match [build failed]
2026-03-14T07:34:36.1122226Z FAIL	github.com/IBM/fp-go/samples/mostly-adequate [build failed]
2026-03-14T07:34:36.1131985Z FAIL	github.com/IBM/fp-go/samples/presentation/benchmarks [build failed]
2026-03-14T07:34:36.1133074Z FAIL	github.com/IBM/fp-go/samples/presentation/examples [build failed]
2026-03-14T07:34:36.1134387Z FAIL	github.com/IBM/fp-go/samples/readerioeither/example1 [build failed]
2026-03-14T07:34:36.9597656Z FAIL	github.com/IBM/fp-go/samples/readfile [build failed]
2026-03-14T07:34:36.9612840Z FAIL	github.com/IBM/fp-go/samples/tuples [build failed]
2026-03-14T07:34:36.9613959Z FAIL	github.com/IBM/fp-go/semigroup [build failed]
2026-03-14T07:34:36.9615289Z FAIL	github.com/IBM/fp-go/semigroup/ord [build failed]
2026-03-14T07:34:37.0404432Z FAIL	github.com/IBM/fp-go/state [build failed]
2026-03-14T07:34:37.0405660Z FAIL	github.com/IBM/fp-go/state/generic [build failed]
2026-03-14T07:34:37.8333463Z FAIL	github.com/IBM/fp-go/state/testing [build failed]
2026-03-14T07:34:37.8334256Z FAIL	github.com/IBM/fp-go/statereaderioeither [build failed]
2026-03-14T07:34:37.8335083Z FAIL	github.com/IBM/fp-go/statereaderioeither/generic [build failed]
2026-03-14T07:34:38.3795026Z FAIL	github.com/IBM/fp-go/statereaderioeither/testing [build failed]
2026-03-14T07:34:38.3797250Z FAIL	github.com/IBM/fp-go/string [build failed]
2026-03-14T07:34:38.3797906Z FAIL	github.com/IBM/fp-go/string/generic [build failed]
2026-03-14T07:34:38.4797060Z FAIL	github.com/IBM/fp-go/tuple [build failed]
2026-03-14T07:34:38.4797666Z FAIL	github.com/IBM/fp-go/writer [build failed]
2026-03-14T07:34:38.4798268Z FAIL	github.com/IBM/fp-go/writer/generic [build failed]
2026-03-14T07:34:38.4798878Z FAIL	github.com/IBM/fp-go/writer/testing [build failed]
2026-03-14T07:34:38.4799365Z FAIL
2026-03-14T07:34:38.6827688Z ##[error]Process completed with exit code 1.
2026-03-14T07:34:38.6933875Z Post job cleanup.
2026-03-14T07:34:38.7723758Z [command]/usr/bin/git version
2026-03-14T07:34:38.7760344Z git version 2.53.0
2026-03-14T07:34:38.7798429Z Temporarily overriding HOME='/home/runner/work/_temp/09ce229b-53a6-4871-80cf-2dddbb6f4e9b' before making global git config changes
2026-03-14T07:34:38.7799478Z Adding repository directory to the temporary git global config as a safe directory
2026-03-14T07:34:38.7803659Z [command]/usr/bin/git config --global --add safe.directory /home/runner/work/fp-go/fp-go
2026-03-14T07:34:38.7835680Z Removing SSH command configuration
2026-03-14T07:34:38.7842116Z [command]/usr/bin/git config --local --name-only --get-regexp core\.sshCommand
2026-03-14T07:34:38.7879615Z [command]/usr/bin/git submodule foreach --recursive sh -c "git config --local --name-only --get-regexp 'core\.sshCommand' && git config --local --unset-all 'core.sshCommand' || :"
2026-03-14T07:34:38.8155348Z Removing HTTP extra header
2026-03-14T07:34:38.8159876Z [command]/usr/bin/git config --local --name-only --get-regexp http\.https\:\/\/github\.com\/\.extraheader
2026-03-14T07:34:38.8194956Z [command]/usr/bin/git submodule foreach --recursive sh -c "git config --local --name-only --get-regexp 'http\.https\:\/\/github\.com\/\.extraheader' && git config --local --unset-all 'http.https://github.com/.extraheader' || :"
2026-03-14T07:34:38.8429128Z Removing includeIf entries pointing to credentials config files
2026-03-14T07:34:38.8434899Z [command]/usr/bin/git config --local --name-only --get-regexp ^includeIf\.gitdir:
2026-03-14T07:34:38.8459280Z includeif.gitdir:/home/runner/work/fp-go/fp-go/.git.path
2026-03-14T07:34:38.8460056Z includeif.gitdir:/home/runner/work/fp-go/fp-go/.git/worktrees/*.path
2026-03-14T07:34:38.8460628Z includeif.gitdir:/github/workspace/.git.path
2026-03-14T07:34:38.8460994Z includeif.gitdir:/github/workspace/.git/worktrees/*.path
2026-03-14T07:34:38.8470451Z [command]/usr/bin/git config --local --get-all includeif.gitdir:/home/runner/work/fp-go/fp-go/.git.path
2026-03-14T07:34:38.8493578Z /home/runner/work/_temp/git-credentials-ea55d53e-182d-4029-87e7-39408ecbb0b1.config
2026-03-14T07:34:38.8503724Z [command]/usr/bin/git config --local --unset includeif.gitdir:/home/runner/work/fp-go/fp-go/.git.path /home/runner/work/_temp/git-credentials-ea55d53e-182d-4029-87e7-39408ecbb0b1.config
2026-03-14T07:34:38.8538625Z [command]/usr/bin/git config --local --get-all includeif.gitdir:/home/runner/work/fp-go/fp-go/.git/worktrees/*.path
2026-03-14T07:34:38.8561428Z /home/runner/work/_temp/git-credentials-ea55d53e-182d-4029-87e7-39408ecbb0b1.config
2026-03-14T07:34:38.8572315Z [command]/usr/bin/git config --local --unset includeif.gitdir:/home/runner/work/fp-go/fp-go/.git/worktrees/*.path /home/runner/work/_temp/git-credentials-ea55d53e-182d-4029-87e7-39408ecbb0b1.config
2026-03-14T07:34:38.8606365Z [command]/usr/bin/git config --local --get-all includeif.gitdir:/github/workspace/.git.path
2026-03-14T07:34:38.8628679Z /github/runner_temp/git-credentials-ea55d53e-182d-4029-87e7-39408ecbb0b1.config
2026-03-14T07:34:38.8638448Z [command]/usr/bin/git config --local --unset includeif.gitdir:/github/workspace/.git.path /github/runner_temp/git-credentials-ea55d53e-182d-4029-87e7-39408ecbb0b1.config
2026-03-14T07:34:38.8671819Z [command]/usr/bin/git config --local --get-all includeif.gitdir:/github/workspace/.git/worktrees/*.path
2026-03-14T07:34:38.8695985Z /github/runner_temp/git-credentials-ea55d53e-182d-4029-87e7-39408ecbb0b1.config
2026-03-14T07:34:38.8703920Z [command]/usr/bin/git config --local --unset includeif.gitdir:/github/workspace/.git/worktrees/*.path /github/runner_temp/git-credentials-ea55d53e-182d-4029-87e7-39408ecbb0b1.config
2026-03-14T07:34:38.8736098Z [command]/usr/bin/git submodule foreach --recursive git config --local --show-origin --name-only --get-regexp remote.origin.url
2026-03-14T07:34:38.8982353Z Removing credentials config '/home/runner/work/_temp/git-credentials-ea55d53e-182d-4029-87e7-39408ecbb0b1.config'
2026-03-14T07:34:38.9118410Z Cleaning up orphan processes
