2026-04-22T15:03:25.6333617Z Current runner version: '2.333.1'
2026-04-22T15:03:25.6358850Z ##[group]Runner Image Provisioner
2026-04-22T15:03:25.6359642Z Hosted Compute Agent
2026-04-22T15:03:25.6360195Z Version: 20260213.493
2026-04-22T15:03:25.6360946Z Commit: 5c115507f6dd24b8de37d8bbe0bb4509d0cc0fa3
2026-04-22T15:03:25.6361610Z Build Date: 2026-02-13T00:28:41Z
2026-04-22T15:03:25.6362291Z Worker ID: {6cacb1ce-697f-4ff0-ba61-6ed7d426b168}
2026-04-22T15:03:25.6363007Z Azure Region: westus
2026-04-22T15:03:25.6363546Z ##[endgroup]
2026-04-22T15:03:25.6365177Z ##[group]Operating System
2026-04-22T15:03:25.6365865Z Ubuntu
2026-04-22T15:03:25.6366559Z 24.04.4
2026-04-22T15:03:25.6367057Z LTS
2026-04-22T15:03:25.6367568Z ##[endgroup]
2026-04-22T15:03:25.6368038Z ##[group]Runner Image
2026-04-22T15:03:25.6368595Z Image: ubuntu-24.04
2026-04-22T15:03:25.6369116Z Version: 20260413.86.1
2026-04-22T15:03:25.6370336Z Included Software: https://github.com/actions/runner-images/blob/ubuntu24/20260413.86/images/ubuntu/Ubuntu2404-Readme.md
2026-04-22T15:03:25.6371769Z Image Release: https://github.com/actions/runner-images/releases/tag/ubuntu24%2F20260413.86
2026-04-22T15:03:25.6372691Z ##[endgroup]
2026-04-22T15:03:25.6375500Z ##[group]GITHUB_TOKEN Permissions
2026-04-22T15:03:25.6377875Z Actions: write
2026-04-22T15:03:25.6378440Z ArtifactMetadata: write
2026-04-22T15:03:25.6379076Z Attestations: write
2026-04-22T15:03:25.6379576Z Checks: write
2026-04-22T15:03:25.6380077Z Contents: write
2026-04-22T15:03:25.6380549Z Deployments: write
2026-04-22T15:03:25.6381138Z Discussions: write
2026-04-22T15:03:25.6381645Z Issues: write
2026-04-22T15:03:25.6382124Z Metadata: read
2026-04-22T15:03:25.6382670Z Models: read
2026-04-22T15:03:25.6383123Z Packages: write
2026-04-22T15:03:25.6383599Z Pages: write
2026-04-22T15:03:25.6384225Z PullRequests: write
2026-04-22T15:03:25.6384835Z RepositoryProjects: write
2026-04-22T15:03:25.6385387Z SecurityEvents: write
2026-04-22T15:03:25.6386579Z Statuses: write
2026-04-22T15:03:25.6387136Z VulnerabilityAlerts: read
2026-04-22T15:03:25.6387669Z ##[endgroup]
2026-04-22T15:03:25.6389838Z Secret source: Actions
2026-04-22T15:03:25.6390776Z Prepare workflow directory
2026-04-22T15:03:25.6954017Z Prepare all required actions
2026-04-22T15:03:25.6993085Z Getting action download info
2026-04-22T15:03:26.2655984Z Download action repository 'actions/download-artifact@3e5f45b2cfb9172054b4087a40e8e0b5a5461e7c' (SHA:3e5f45b2cfb9172054b4087a40e8e0b5a5461e7c)
2026-04-22T15:03:27.0658477Z Download action repository 'actions/upload-artifact@043fb46d1a93c77aae656e7c1c64a875d1fc6a0a' (SHA:043fb46d1a93c77aae656e7c1c64a875d1fc6a0a)
2026-04-22T15:03:27.8651287Z Complete job name: sharded-jest-tests (3)
2026-04-22T15:03:27.9370214Z ##[group]Run actions/download-artifact@3e5f45b2cfb9172054b4087a40e8e0b5a5461e7c
2026-04-22T15:03:27.9372181Z with:
2026-04-22T15:03:27.9372954Z   name: docker-image
2026-04-22T15:03:27.9373811Z   merge-multiple: false
2026-04-22T15:03:27.9374734Z   repository: apache/superset
2026-04-22T15:03:27.9375678Z   run-id: 24785388410
2026-04-22T15:03:27.9376777Z   skip-decompress: false
2026-04-22T15:03:27.9377687Z   digest-mismatch: error
2026-04-22T15:03:27.9378822Z env:
2026-04-22T15:03:27.9379598Z   TAG: apache/superset:GHA-24785388410
2026-04-22T15:03:27.9380616Z ##[endgroup]
2026-04-22T15:03:28.0797503Z Downloading single artifact
2026-04-22T15:03:28.3666815Z Preparing to download the following artifacts:
2026-04-22T15:03:28.3668612Z - docker-image (ID: 6581342815, Size: 618202644, Expected Digest: sha256:dcb524f90f6f9748950f43b565eeaa1019bd79da4ff3f1f283a5751f510aeaa7)
2026-04-22T15:03:28.8663395Z Redirecting to blob download url: https://productionresultssa6.blob.core.windows.net/actions-results/73753757-1272-49bc-8b3f-51d30ae19448/workflow-job-run-f06b65bb-ebe8-5876-befa-7c892c976207/artifacts/d00d9db8955031cc609b4ecce7ceac843ed503a5f4fa84e72344ea36548494c6.zip
2026-04-22T15:03:28.8665508Z Starting download of artifact to: /home/runner/work/superset/superset
2026-04-22T15:03:29.2185526Z (node:2194) [DEP0005] DeprecationWarning: Buffer() is deprecated due to security and usability issues. Please use the Buffer.alloc(), Buffer.allocUnsafe(), or Buffer.from() methods instead.
2026-04-22T15:03:29.2188923Z (Use `node --trace-deprecation ...` to show where the warning was created)
2026-04-22T15:03:51.8269644Z SHA256 digest of downloaded artifact is dcb524f90f6f9748950f43b565eeaa1019bd79da4ff3f1f283a5751f510aeaa7
2026-04-22T15:03:51.8271157Z Artifact download completed successfully.
2026-04-22T15:03:51.8271891Z Total of 1 artifact(s) downloaded
2026-04-22T15:03:51.8279235Z Download artifact has finished successfully
2026-04-22T15:03:51.8469132Z ##[group]Run zstd -d < docker-image.tar.zst | docker load
2026-04-22T15:03:51.8469673Z [36;1mzstd -d < docker-image.tar.zst | docker load[0m
2026-04-22T15:03:51.8494593Z shell: /usr/bin/bash -e {0}
2026-04-22T15:03:51.8494894Z env:
2026-04-22T15:03:51.8495126Z   TAG: apache/superset:GHA-24785388410
2026-04-22T15:03:51.8495427Z ##[endgroup]
2026-04-22T15:04:55.1663572Z Loaded image: apache/superset:GHA-24785388410
2026-04-22T15:04:55.4400303Z ##[group]Run mkdir -p /home/runner/work/superset/superset/superset-frontend/coverage
2026-04-22T15:04:55.4401039Z [36;1mmkdir -p /home/runner/work/superset/superset/superset-frontend/coverage[0m
2026-04-22T15:04:55.4401444Z [36;1mdocker run \[0m
2026-04-22T15:04:55.4401906Z [36;1m-v /home/runner/work/superset/superset/superset-frontend/coverage:/app/superset-frontend/coverage \[0m
2026-04-22T15:04:55.4402437Z [36;1m--rm $TAG \[0m
2026-04-22T15:04:55.4402646Z [36;1mbash -c \[0m
2026-04-22T15:04:55.4402975Z [36;1m"npm run test -- --coverage --shard=3/8 --coverageReporters=json"[0m
2026-04-22T15:04:55.4424455Z shell: /usr/bin/bash -e {0}
2026-04-22T15:04:55.4424700Z env:
2026-04-22T15:04:55.4424900Z   TAG: apache/superset:GHA-24785388410
2026-04-22T15:04:55.4425161Z ##[endgroup]
2026-04-22T15:04:55.9187707Z 
2026-04-22T15:04:55.9188555Z > superset@0.0.0-dev test
2026-04-22T15:04:55.9190455Z > cross-env NODE_ENV=test NODE_OPTIONS="--max-old-space-size=8192" jest --max-workers=80% --silent --coverage --shard=3/8 --coverageReporters=json
2026-04-22T15:04:58.1834409Z `isModuleDeclaration` has been deprecated, please migrate to `isImportOrExportDeclaration`
2026-04-22T15:04:58.1835176Z 
2026-04-22T15:04:58.1837032Z     at isModuleDeclaration (/app/superset-frontend/node_modules/@babel/types/lib/validators/generated/index.js:2793:35)
2026-04-22T15:04:58.1867274Z     at PluginPass.Program (/app/superset-frontend/node_modules/babel-plugin-lodash/lib/index.js:102:44)
2026-04-22T15:04:58.1876692Z `isModuleDeclaration` has been deprecated, please migrate to `isImportOrExportDeclaration`
2026-04-22T15:04:58.1901643Z     at isModuleDeclaration (/app/superset-frontend/node_modules/@babel/types/lib/validators/generated/index.js:2793:35)
2026-04-22T15:04:58.1903432Z     at PluginPass.Program (/app/superset-frontend/node_modules/babel-plugin-lodash/lib/index.js:102:44)
2026-04-22T15:04:58.2078956Z `isModuleDeclaration` has been deprecated, please migrate to `isImportOrExportDeclaration`
2026-04-22T15:04:58.2081008Z     at isModuleDeclaration (/app/superset-frontend/node_modules/@babel/types/lib/validators/generated/index.js:2793:35)
2026-04-22T15:04:58.2107283Z     at PluginPass.Program (/app/superset-frontend/node_modules/babel-plugin-lodash/lib/index.js:102:44)
2026-04-22T15:05:12.9411260Z PASS src/dashboard/components/nativeFilters/FiltersConfigModal/FiltersConfigForm/FilterScope/utils.test.ts (13.895 s)
2026-04-22T15:05:13.8590812Z PASS src/components/Datasource/FoldersEditor/treeUtils.test.ts
2026-04-22T15:05:22.1095903Z PASS plugins/plugin-chart-pivot-table/test/react-pivottable/tableRenders.test.tsx (22.946 s)
2026-04-22T15:05:22.6430662Z PASS plugins/plugin-chart-ag-grid-table/test/utils/useColDefs.test.ts (8.395 s)
2026-04-22T15:05:25.4847067Z PASS plugins/plugin-chart-ag-grid-table/test/utils/filterStateManager.test.ts
2026-04-22T15:05:28.9247917Z PASS plugins/preset-chart-deckgl/src/Multi/Multi.test.tsx (5.761 s)
2026-04-22T15:06:13.9748849Z PASS src/pages/ChartList/ChartList.cardview.test.tsx (44.349 s)
2026-04-22T15:06:16.3046553Z PASS packages/superset-ui-core/test/color/CategoricalColorScale.test.ts
2026-04-22T15:06:18.5174356Z PASS src/components/Chart/DrillBy/DrillByModal.test.tsx (52.167 s)
2026-04-22T15:06:33.0552492Z PASS plugins/plugin-chart-echarts/test/Timeseries/transformers.test.ts (16.177 s)
2026-04-22T15:06:35.6282322Z PASS packages/superset-ui-core/src/components/Table/utils/InteractiveTableUtils.test.ts
2026-04-22T15:06:36.5766543Z PASS plugins/plugin-chart-echarts/src/utils/safeEChartOptionsParser.test.ts
2026-04-22T15:07:23.8542828Z PASS src/pages/Chart/Chart.test.tsx (45.94 s)
2026-04-22T15:07:36.2774261Z PASS src/SqlLab/components/SqlEditor/SqlEditor.test.tsx (11.747 s)
2026-04-22T15:07:41.1498203Z PASS packages/superset-ui-chart-controls/test/shared-controls/components/RadioButtonControl.test.tsx
2026-04-22T15:08:15.0845148Z PASS src/components/Datasource/components/DatasourceEditor/tests/DatasourceEditor.test.tsx (195.477 s)
2026-04-22T15:08:49.2931421Z PASS src/pages/DashboardList/DashboardList.cardview.test.tsx (33.265 s)
2026-04-22T15:09:02.3571809Z PASS src/components/DatabaseSelector/DatabaseSelector.test.tsx (12.302 s)
2026-04-22T15:09:13.3346428Z PASS src/pages/DatasetList/DatasetList.permissions.test.tsx (91.456 s)
2026-04-22T15:09:15.2415619Z PASS src/theme/utils/themeStructureValidation.test.ts
2026-04-22T15:09:16.9603107Z PASS packages/superset-ui-core/src/components/TableView/TableView.test.tsx (14.223 s)
2026-04-22T15:09:17.2267440Z PASS src/pages/ChartList/ChartList.permissions.test.tsx (177.979 s)
2026-04-22T15:09:19.1285068Z PASS src/explore/exploreUtils/exploreUtils.test.tsx
2026-04-22T15:09:19.2030170Z PASS src/SqlLab/reducers/getInitialState.test.ts
2026-04-22T15:09:20.2372909Z PASS src/dashboard/hooks/useAutoRefreshTabPause.test.tsx
2026-04-22T15:09:20.8270524Z PASS src/components/CrudThemeProvider.test.tsx
2026-04-22T15:09:25.5394416Z PASS src/dashboard/components/menu/ShareMenuItems/ShareMenuItems.test.tsx
2026-04-22T15:09:32.8893362Z PASS src/hooks/useThemeMenuItems.test.tsx (11.414 s)
2026-04-22T15:09:34.6325559Z PASS src/explore/exploreUtils/exportChart.test.ts
2026-04-22T15:09:39.0698936Z PASS src/explore/actions/hydrateExplore.test.ts
2026-04-22T15:09:39.1798930Z PASS src/filters/components/Range/RangeFilterPlugin.test.tsx (12.924 s)
2026-04-22T15:09:40.6427463Z PASS packages/superset-ui-core/test/time-format/utils/createTimeRangeFromGranularity.test.ts
2026-04-22T15:09:41.8772747Z PASS src/features/datasets/AddDataset/LeftPanel/LeftPanel.test.tsx (22.239 s)
2026-04-22T15:09:42.4803014Z PASS packages/superset-ui-chart-controls/test/operators/renameOperator.test.ts
2026-04-22T15:09:44.8539704Z PASS src/hooks/apiResources/schemas.test.ts
2026-04-22T15:09:46.4505157Z PASS src/explore/actions/exploreActions.test.ts
2026-04-22T15:09:49.2352999Z PASS src/explore/components/DataTableControl/useTableColumns.test.ts
2026-04-22T15:09:52.1357735Z PASS src/features/datasets/AddDataset/Footer/Footer.test.tsx (9.016 s)
2026-04-22T15:09:53.2273696Z PASS src/dashboard/components/nativeFilters/FiltersConfigModal/DraggableFilter.test.tsx
2026-04-22T15:09:56.4628254Z PASS plugins/plugin-chart-ag-grid-table/test/controlPanel.test.tsx
2026-04-22T15:09:59.0808289Z PASS src/SqlLab/components/QueryLimitSelect/QueryLimitSelect.test.tsx (5.156 s)
2026-04-22T15:10:02.5849796Z PASS src/SqlLab/components/QueryTable/QueryTable.test.tsx (15.367 s)
2026-04-22T15:10:02.9666295Z PASS src/dataMask/reducer.test.ts
2026-04-22T15:10:03.7928057Z PASS src/hooks/useConfirmModal/useConfirmModal.test.tsx (7.018 s)
2026-04-22T15:10:04.3104474Z PASS plugins/plugin-chart-echarts/test/utils/annotation.test.ts
2026-04-22T15:10:05.7700287Z PASS packages/superset-ui-core/test/time-comparison/getComparisonInfo.test.ts
2026-04-22T15:10:06.8994851Z PASS src/dashboard/components/DashboardGrid.test.tsx
2026-04-22T15:10:07.5814534Z PASS src/dashboard/components/nativeFilters/FiltersConfigModal/utils.test.ts
2026-04-22T15:10:11.6888696Z PASS src/SqlLab/components/QueryStatusBar/QueryStatusBar.test.tsx
2026-04-22T15:10:13.3316343Z PASS src/features/datasets/AddDataset/DatasetPanel/DatasetPanel.test.tsx (5.843 s)
2026-04-22T15:10:13.4948200Z PASS packages/superset-ui-core/test/query/api/v1/handleError.test.ts
2026-04-22T15:10:16.9866280Z PASS src/filters/components/TimeGrain/TimeGrainPreFilter.integration.test.tsx (8.849 s)
2026-04-22T15:10:17.2538048Z PASS src/components/ErrorMessage/OAuth2RedirectMessage.test.tsx
2026-04-22T15:10:17.3940879Z PASS src/SqlLab/components/SouthPane/Results.test.tsx
2026-04-22T15:10:17.8470783Z PASS src/dashboard/hooks/useTabVisibility.test.ts
2026-04-22T15:10:18.2926571Z PASS plugins/plugin-chart-echarts/src/utils/mergeCustomEChartOptions.test.ts
2026-04-22T15:10:19.2028038Z PASS packages/superset-ui-core/test/query/extractQueryFields.test.ts
2026-04-22T15:10:23.3008112Z PASS src/features/dashboards/DashboardCard.test.tsx
2026-04-22T15:10:24.9670047Z PASS src/explore/components/controls/DndColumnSelectControl/ColumnSelectPopoverTrigger.test.tsx (7.185 s)
2026-04-22T15:10:26.5663338Z PASS src/explore/actions/datasourcesActions.test.ts (6.905 s)
2026-04-22T15:10:27.2597559Z PASS packages/superset-ui-core/test/connection/callApi/callApiAndParseWithTimeout.test.ts
2026-04-22T15:10:27.9399825Z PASS src/dashboard/contexts/AutoRefreshContext.test.tsx
2026-04-22T15:10:28.5678586Z PASS src/dashboard/components/nativeFilters/FiltersConfigModal/FiltersConfigForm/CollapsibleControl.test.tsx
2026-04-22T15:10:29.5758725Z PASS packages/superset-ui-core/test/query/types/Dashboard.test.ts
2026-04-22T15:10:30.0225885Z PASS src/dashboard/components/nativeFilters/FiltersConfigModal/FiltersConfigForm/ColumnSelect.test.tsx
2026-04-22T15:10:30.2031766Z PASS src/extensions/ExtensionsLoader.test.ts
2026-04-22T15:10:30.6876663Z PASS src/dashboard/util/newEntitiesFromDrop.test.ts
2026-04-22T15:10:31.6971811Z PASS packages/superset-ui-core/test/query/extractExtras.test.ts
2026-04-22T15:10:33.3080921Z PASS packages/superset-ui-core/test/chart-composition/ChartFrame.test.tsx
2026-04-22T15:10:35.1578588Z PASS packages/superset-ui-core/src/components/DeleteModal/DeleteModal.test.tsx
2026-04-22T15:10:37.0074890Z PASS plugins/plugin-chart-echarts/test/Timeseries/Step/controlPanel.test.ts
2026-04-22T15:10:38.8430214Z PASS packages/superset-ui-core/test/number-format/NumberFormatterRegistry.test.ts
2026-04-22T15:10:39.3768070Z PASS src/components/Chart/DrillDetail/DrillDetailModal.test.tsx (6.523 s)
2026-04-22T15:10:40.0417664Z PASS src/components/ErrorMessage/TimeoutErrorMessage.test.tsx
2026-04-22T15:10:43.2752752Z PASS packages/superset-ui-chart-controls/test/operators/timeCompareOperator.test.ts
2026-04-22T15:10:43.3613568Z PASS src/SqlLab/utils/emptyQueryResults.test.ts
2026-04-22T15:10:44.8572880Z PASS src/explore/components/controls/FixedOrMetricControl/FixedOrMetricControl.test.tsx
2026-04-22T15:10:45.2861150Z PASS packages/superset-ui-core/src/components/FaveStar/FaveStar.test.tsx
2026-04-22T15:10:48.1682764Z PASS packages/superset-ui-chart-controls/test/utils/displayTimeRelatedControls.test.ts
2026-04-22T15:10:48.5622592Z PASS src/dashboard/components/URLShortLinkButton/URLShortLinkButton.test.tsx
2026-04-22T15:10:49.8438614Z PASS src/components/Chart/Chart.test.tsx
2026-04-22T15:10:52.8642005Z PASS packages/superset-ui-core/src/components/Collapse/Collapse.test.tsx
2026-04-22T15:10:52.9898342Z PASS plugins/plugin-chart-cartodiagram/test/util/layerUtil.test.ts
2026-04-22T15:10:54.3087569Z PASS src/components/ErrorMessage/ErrorAlert.test.tsx (5.074 s)
2026-04-22T15:10:55.9452105Z PASS packages/superset-ui-core/src/chart/components/SuperChartCore.test.tsx
2026-04-22T15:10:57.6350722Z PASS packages/superset-ui-core/src/components/Popover/Popover.test.tsx
2026-04-22T15:11:00.1137658Z PASS src/dashboard/components/DashboardBuilder/DashboardWrapper.test.tsx
2026-04-22T15:11:01.4619226Z PASS packages/superset-ui-core/src/components/ModalTrigger/ModalTrigger.test.tsx
2026-04-22T15:11:03.5633913Z PASS src/dashboard/components/nativeFilters/FilterBar/HorizontalFilterBar.test.tsx (9.503 s)
2026-04-22T15:11:05.5247607Z PASS packages/superset-ui-core/test/query/types/Column.test.ts
2026-04-22T15:11:05.7806405Z PASS src/dashboard/components/AddSliceCard/AddSliceCard.test.tsx
2026-04-22T15:11:06.0851581Z PASS src/extensions/ExtensionsList.test.tsx
2026-04-22T15:11:07.3134366Z PASS src/components/ErrorMessage/getErrorMessageComponentRegistry.test.tsx
2026-04-22T15:11:09.0720429Z PASS packages/superset-ui-chart-controls/test/shared-controls/customControls.test.tsx
2026-04-22T15:11:09.1729643Z PASS plugins/plugin-chart-echarts/test/Gantt/buildQuery.test.ts
2026-04-22T15:11:10.0058823Z PASS packages/superset-ui-core/src/hooks/useChangeEffect/useChangeEffect.test.ts
2026-04-22T15:11:11.0815329Z PASS plugins/legacy-plugin-chart-partition/test/OptionDescription.test.tsx
2026-04-22T15:11:12.0464867Z PASS src/dashboard/util/findParentId.test.ts
2026-04-22T15:11:12.8312220Z PASS packages/superset-ui-core/src/components/PopoverSection/PopoverSection.test.tsx
2026-04-22T15:11:13.9038989Z PASS plugins/plugin-chart-handlebars/test/plugin/transformProps.test.ts
2026-04-22T15:11:15.1896958Z PASS src/dashboard/components/resizable/ResizableHandle.test.tsx
2026-04-22T15:11:15.8710813Z PASS plugins/plugin-chart-word-cloud/test/controlPanel.test.ts
2026-04-22T15:11:17.2367440Z PASS src/SqlLab/utils/newQueryTabName.test.ts
2026-04-22T15:11:20.0184464Z PASS src/SqlLab/components/ExploreResultsButton/ExploreResultsButton.test.tsx
2026-04-22T15:11:20.8606877Z PASS src/dashboard/components/gridComponents/new/NewRow.test.tsx
2026-04-22T15:11:22.4951487Z PASS packages/superset-ui-core/test/time-format/index.test.ts
2026-04-22T15:11:23.2661935Z PASS packages/superset-ui-core/test/time-format/utils/normalizeTimestamp.test.ts
2026-04-22T15:11:24.7045372Z PASS src/pages/DatasetCreation/DatasetCreation.test.tsx (6.379 s)
2026-04-22T15:11:25.0977721Z PASS src/explore/components/controls/ColorSchemeControl/ColorSchemeLabel.test.tsx
2026-04-22T15:11:27.0254656Z PASS packages/superset-ui-core/src/components/TelemetryPixel/TelemetryPixel.test.tsx
2026-04-22T15:11:27.9312123Z PASS plugins/plugin-chart-cartodiagram/test/components/chartLayer.test.ts
2026-04-22T15:11:28.5997625Z PASS src/SqlLab/components/SaveDatasetActionButton/SaveDatasetActionButton.test.tsx
2026-04-22T15:11:30.5258506Z PASS src/dashboard/components/resizable/ResizableContainer.test.tsx
2026-04-22T15:11:31.6866338Z PASS src/dashboard/util/getChartAndLabelComponentIdFromPath.test.ts
2026-04-22T15:11:31.7223323Z PASS packages/superset-ui-chart-controls/test/operators/rankOperator.test.ts
2026-04-22T15:11:33.3298412Z PASS src/explore/exploreUtils/getLegacyEndpointType.test.ts
2026-04-22T15:11:33.3581772Z PASS packages/superset-ui-core/test/currency-format/analyzeCurrencyInData.test.ts
2026-04-22T15:11:33.5649562Z PASS src/components/ErrorMessage/IssueCode.test.tsx
2026-04-22T15:11:34.6331676Z PASS packages/superset-ui-core/src/components/Badge/Badge.test.tsx
2026-04-22T15:11:35.0419594Z PASS packages/superset-ui-core/test/utils/getSelectedText.test.ts
2026-04-22T15:11:35.1527997Z PASS src/views/routes.test.tsx
2026-04-22T15:11:35.9408038Z PASS packages/superset-ui-core/src/chart/types/matrixify.mocks.test.ts
2026-04-22T15:11:38.3969216Z PASS packages/superset-ui-core/test/utils/isRequired.test.ts
2026-04-22T15:11:38.4657681Z PASS plugins/plugin-chart-echarts/test/Treemap/buildQuery.test.ts
2026-04-22T15:11:40.0911847Z PASS src/explore/components/controls/MetricControl/AggregateOption.test.tsx (5.076 s)
2026-04-22T15:11:40.4868990Z PASS plugins/plugin-chart-cartodiagram/test/plugin/index.test.ts
2026-04-22T15:11:41.0441007Z A worker process has failed to exit gracefully and has been force exited. This is likely caused by tests leaking due to improper teardown. Try running with --detectOpenHandles to find leaks. Active timers can also cause this, ensure that .unref() was called on them.
2026-04-22T15:11:41.1006531Z [32mjest-html-reporter >> Report generated (/app/superset-frontend/test-report.html)[0m
2026-04-22T15:12:02.3036176Z 
2026-04-22T15:12:02.3037172Z Test Suites: 126 passed, 126 total
2026-04-22T15:12:02.3040555Z Tests:       998 passed, 998 total
2026-04-22T15:12:02.3041072Z Snapshots:   2 passed, 2 total
2026-04-22T15:12:02.3041437Z Time:        425.448 s
2026-04-22T15:12:02.3379659Z npm notice
2026-04-22T15:12:02.3380115Z npm notice New major version of npm available! 10.8.2 -> 11.12.1
2026-04-22T15:12:02.3380694Z npm notice Changelog: https://github.com/npm/cli/releases/tag/v11.12.1
2026-04-22T15:12:02.3381213Z npm notice To update run: npm install -g npm@11.12.1
2026-04-22T15:12:02.3381575Z npm notice
2026-04-22T15:12:02.7442635Z ##[group]Run actions/upload-artifact@043fb46d1a93c77aae656e7c1c64a875d1fc6a0a
2026-04-22T15:12:02.7443040Z with:
2026-04-22T15:12:02.7443229Z   name: coverage-artifacts-3
2026-04-22T15:12:02.7443467Z   path: superset-frontend/coverage
2026-04-22T15:12:02.7443711Z   if-no-files-found: warn
2026-04-22T15:12:02.7443921Z   compression-level: 6
2026-04-22T15:12:02.7444115Z   overwrite: false
2026-04-22T15:12:02.7444311Z   include-hidden-files: false
2026-04-22T15:12:02.7444537Z   archive: true
2026-04-22T15:12:02.7444702Z env:
2026-04-22T15:12:02.7444888Z   TAG: apache/superset:GHA-24785388410
2026-04-22T15:12:02.7445121Z ##[endgroup]
2026-04-22T15:12:02.8841209Z With the provided path, there will be 1 file uploaded
2026-04-22T15:12:02.8846000Z Artifact name is valid!
2026-04-22T15:12:02.8847050Z Root directory input is valid!
2026-04-22T15:12:03.1785227Z Uploading artifact: coverage-artifacts-3.zip
2026-04-22T15:12:03.1834666Z Beginning upload of artifact content to blob storage
2026-04-22T15:12:04.2374916Z Uploaded bytes 1683529
2026-04-22T15:12:04.3182271Z Finished uploading artifact content to blob storage!
2026-04-22T15:12:04.3183411Z SHA256 digest of uploaded artifact is 1159ccefa26c79254820c7dca7ed47b67b9cfef6c41284ab8eff71901ca8abb2
2026-04-22T15:12:04.3184368Z Finalizing artifact upload
2026-04-22T15:12:04.6945997Z Artifact coverage-artifacts-3 successfully finalized. Artifact ID 6581615634
2026-04-22T15:12:04.6947465Z Artifact coverage-artifacts-3 has been successfully uploaded! Final size is 1683529 bytes. Artifact ID is 6581615634
2026-04-22T15:12:04.6951365Z Artifact download URL: https://github.com/apache/superset/actions/runs/24785388410/artifacts/6581615634
2026-04-22T15:12:04.7100965Z Cleaning up orphan processes
