2026-03-31T03:13:51.2161040Z Current runner version: '2.333.1'
2026-03-31T03:13:51.2195414Z ##[group]Runner Image Provisioner
2026-03-31T03:13:51.2196602Z Hosted Compute Agent
2026-03-31T03:13:51.2197459Z Version: 20260213.493
2026-03-31T03:13:51.2198386Z Commit: 5c115507f6dd24b8de37d8bbe0bb4509d0cc0fa3
2026-03-31T03:13:51.2199424Z Build Date: 2026-02-13T00:28:41Z
2026-03-31T03:13:51.2200456Z Worker ID: {613a4cf3-9021-45bc-95c5-fafa0abceae4}
2026-03-31T03:13:51.2201705Z Azure Region: eastus
2026-03-31T03:13:51.2202632Z ##[endgroup]
2026-03-31T03:13:51.2204856Z ##[group]Operating System
2026-03-31T03:13:51.2206215Z Microsoft Windows Server 2025
2026-03-31T03:13:51.2207431Z 10.0.26100
2026-03-31T03:13:51.2208437Z Datacenter
2026-03-31T03:13:51.2209333Z ##[endgroup]
2026-03-31T03:13:51.2210094Z ##[group]Runner Image
2026-03-31T03:13:51.2211422Z Image: windows-2025
2026-03-31T03:13:51.2212242Z Version: 20260317.61.1
2026-03-31T03:13:51.2214646Z Included Software: https://github.com/actions/runner-images/blob/win25/20260317.61/images/windows/Windows2025-Readme.md
2026-03-31T03:13:51.2217267Z Image Release: https://github.com/actions/runner-images/releases/tag/win25%2F20260317.61
2026-03-31T03:13:51.2218822Z ##[endgroup]
2026-03-31T03:13:51.2220458Z ##[group]GITHUB_TOKEN Permissions
2026-03-31T03:13:51.2223038Z Contents: read
2026-03-31T03:13:51.2223892Z Metadata: read
2026-03-31T03:13:51.2224611Z ##[endgroup]
2026-03-31T03:13:51.2227327Z Secret source: Actions
2026-03-31T03:13:51.2228346Z Prepare workflow directory
2026-03-31T03:13:51.2606791Z Prepare all required actions
2026-03-31T03:13:51.2644289Z Getting action download info
2026-03-31T03:13:51.5286459Z Download action repository 'actions/checkout@v6' (SHA:de0fac2e4500dabe0009e67214ff5f5447ce83dd)
2026-03-31T03:13:51.6490379Z Download action repository 'pnpm/action-setup@v5.0.0' (SHA:fc06bc1257f339d1d5d8b3a19a8cae5388b55320)
2026-03-31T03:13:51.9249667Z Download action repository 'actions/setup-node@v6' (SHA:53b83947a5a98c8d113130e565377fae1a50d02f)
2026-03-31T03:13:52.4865247Z Uses: vuejs/core/.github/workflows/test.yml@refs/heads/main (fa23116437250b3fdec41112f276211cb284136e)
2026-03-31T03:13:52.4869909Z Complete job name: test / unit-test-windows
2026-03-31T03:13:52.5965978Z ##[group]Run actions/checkout@v6
2026-03-31T03:13:52.5967895Z with:
2026-03-31T03:13:52.5968359Z   repository: vuejs/core
2026-03-31T03:13:52.5969107Z   token: ***
2026-03-31T03:13:52.5969500Z   ssh-strict: true
2026-03-31T03:13:52.5969894Z   ssh-user: git
2026-03-31T03:13:52.5970335Z   persist-credentials: true
2026-03-31T03:13:52.5970787Z   clean: true
2026-03-31T03:13:52.5971193Z   sparse-checkout-cone-mode: true
2026-03-31T03:13:52.5971679Z   fetch-depth: 1
2026-03-31T03:13:52.5972065Z   fetch-tags: false
2026-03-31T03:13:52.5972465Z   show-progress: true
2026-03-31T03:13:52.5972876Z   lfs: false
2026-03-31T03:13:52.5973266Z   submodules: false
2026-03-31T03:13:52.5973683Z   set-safe-directory: true
2026-03-31T03:13:52.5974550Z env:
2026-03-31T03:13:52.5974976Z   PUPPETEER_SKIP_DOWNLOAD: true
2026-03-31T03:13:52.5975506Z ##[endgroup]
2026-03-31T03:13:52.7410510Z Syncing repository: vuejs/core
2026-03-31T03:13:52.7412753Z ##[group]Getting Git version info
2026-03-31T03:13:52.7413497Z Working directory is 'D:\a\core\core'
2026-03-31T03:13:52.8201468Z [command]"C:\Program Files\Git\bin\git.exe" version
2026-03-31T03:13:52.9761619Z git version 2.53.0.windows.2
2026-03-31T03:13:52.9813167Z ##[endgroup]
2026-03-31T03:13:52.9834705Z Temporarily overriding HOME='D:\a\_temp\7a19eecc-f2df-4d6c-9fd4-59b2f947c7fd' before making global git config changes
2026-03-31T03:13:52.9836091Z Adding repository directory to the temporary git global config as a safe directory
2026-03-31T03:13:52.9846054Z [command]"C:\Program Files\Git\bin\git.exe" config --global --add safe.directory D:\a\core\core
2026-03-31T03:13:53.0187172Z Deleting the contents of 'D:\a\core\core'
2026-03-31T03:13:53.0194116Z ##[group]Initializing the repository
2026-03-31T03:13:53.0203262Z [command]"C:\Program Files\Git\bin\git.exe" init D:\a\core\core
2026-03-31T03:13:53.0709737Z Initialized empty Git repository in D:/a/core/core/.git/
2026-03-31T03:13:53.0759534Z [command]"C:\Program Files\Git\bin\git.exe" remote add origin https://github.com/vuejs/core
2026-03-31T03:13:53.1109191Z ##[endgroup]
2026-03-31T03:13:53.1110001Z ##[group]Disabling automatic garbage collection
2026-03-31T03:13:53.1119514Z [command]"C:\Program Files\Git\bin\git.exe" config --local gc.auto 0
2026-03-31T03:13:53.1527129Z ##[endgroup]
2026-03-31T03:13:53.1528337Z ##[group]Setting up auth
2026-03-31T03:13:53.1529193Z Removing SSH command configuration
2026-03-31T03:13:53.1542302Z [command]"C:\Program Files\Git\bin\git.exe" config --local --name-only --get-regexp core\.sshCommand
2026-03-31T03:13:53.1913585Z [command]"C:\Program Files\Git\bin\git.exe" submodule foreach --recursive "sh -c \"git config --local --name-only --get-regexp 'core\.sshCommand' && git config --local --unset-all 'core.sshCommand' || :\""
2026-03-31T03:13:54.1792719Z Removing HTTP extra header
2026-03-31T03:13:54.1806143Z [command]"C:\Program Files\Git\bin\git.exe" config --local --name-only --get-regexp http\.https\:\/\/github\.com\/\.extraheader
2026-03-31T03:13:54.2241672Z [command]"C:\Program Files\Git\bin\git.exe" submodule foreach --recursive "sh -c \"git config --local --name-only --get-regexp 'http\.https\:\/\/github\.com\/\.extraheader' && git config --local --unset-all 'http.https://github.com/.extraheader' || :\""
2026-03-31T03:13:54.7769360Z Removing includeIf entries pointing to credentials config files
2026-03-31T03:13:54.7780364Z [command]"C:\Program Files\Git\bin\git.exe" config --local --name-only --get-regexp ^includeIf\.gitdir:
2026-03-31T03:13:54.8077946Z [command]"C:\Program Files\Git\bin\git.exe" submodule foreach --recursive "git config --local --show-origin --name-only --get-regexp remote.origin.url"
2026-03-31T03:13:55.3512578Z [command]"C:\Program Files\Git\bin\git.exe" config --file D:\a\_temp\git-credentials-e6efb987-263e-49dc-bb2e-fa2788056473.config http.https://github.com/.extraheader "AUTHORIZATION: basic ***"
2026-03-31T03:13:55.3827476Z [command]"C:\Program Files\Git\bin\git.exe" config --local includeIf.gitdir:D:/a/core/core/.git.path D:\a\_temp\git-credentials-e6efb987-263e-49dc-bb2e-fa2788056473.config
2026-03-31T03:13:55.4114475Z [command]"C:\Program Files\Git\bin\git.exe" config --local includeIf.gitdir:D:/a/core/core/.git/worktrees/*.path D:\a\_temp\git-credentials-e6efb987-263e-49dc-bb2e-fa2788056473.config
2026-03-31T03:13:55.4409344Z [command]"C:\Program Files\Git\bin\git.exe" config --local includeIf.gitdir:/github/workspace/.git.path /github/runner_temp/git-credentials-e6efb987-263e-49dc-bb2e-fa2788056473.config
2026-03-31T03:13:55.4705810Z [command]"C:\Program Files\Git\bin\git.exe" config --local includeIf.gitdir:/github/workspace/.git/worktrees/*.path /github/runner_temp/git-credentials-e6efb987-263e-49dc-bb2e-fa2788056473.config
2026-03-31T03:13:55.5003402Z ##[endgroup]
2026-03-31T03:13:55.5003945Z ##[group]Fetching the repository
2026-03-31T03:13:55.5018552Z [command]"C:\Program Files\Git\bin\git.exe" -c protocol.version=2 fetch --no-tags --prune --no-recurse-submodules --depth=1 origin +fa23116437250b3fdec41112f276211cb284136e:refs/remotes/origin/main
2026-03-31T03:13:56.0635656Z From https://github.com/vuejs/core
2026-03-31T03:13:56.0885231Z  * [new ref]         fa23116437250b3fdec41112f276211cb284136e -> origin/main
2026-03-31T03:13:56.0901797Z [command]"C:\Program Files\Git\bin\git.exe" branch --list --remote origin/main
2026-03-31T03:13:56.1184397Z   origin/main
2026-03-31T03:13:56.1224191Z [command]"C:\Program Files\Git\bin\git.exe" rev-parse refs/remotes/origin/main
2026-03-31T03:13:56.1481738Z fa23116437250b3fdec41112f276211cb284136e
2026-03-31T03:13:56.1513088Z ##[endgroup]
2026-03-31T03:13:56.1513437Z ##[group]Determining the checkout info
2026-03-31T03:13:56.1515295Z ##[endgroup]
2026-03-31T03:13:56.1524894Z [command]"C:\Program Files\Git\bin\git.exe" sparse-checkout disable
2026-03-31T03:13:56.1870718Z [command]"C:\Program Files\Git\bin\git.exe" config --local --unset-all extensions.worktreeConfig
2026-03-31T03:13:56.2164511Z ##[group]Checking out the ref
2026-03-31T03:13:56.2173428Z [command]"C:\Program Files\Git\bin\git.exe" checkout --progress --force -B main refs/remotes/origin/main
2026-03-31T03:13:56.4477218Z Switched to a new branch 'main'
2026-03-31T03:13:56.4491973Z branch 'main' set up to track 'origin/main'.
2026-03-31T03:13:56.4540119Z ##[endgroup]
2026-03-31T03:13:56.4876547Z [command]"C:\Program Files\Git\bin\git.exe" log -1 --format=%H
2026-03-31T03:13:56.5149963Z fa23116437250b3fdec41112f276211cb284136e
2026-03-31T03:13:56.5559943Z ##[group]Run pnpm/action-setup@v5.0.0
2026-03-31T03:13:56.5560312Z with:
2026-03-31T03:13:56.5560471Z   dest: ~/setup-pnpm
2026-03-31T03:13:56.5560653Z   run_install: null
2026-03-31T03:13:56.5560813Z   cache: false
2026-03-31T03:13:56.5560995Z   cache_dependency_path: pnpm-lock.yaml
2026-03-31T03:13:56.5561237Z   package_json_file: package.json
2026-03-31T03:13:56.5561484Z   standalone: false
2026-03-31T03:13:56.5561642Z env:
2026-03-31T03:13:56.5561788Z   PUPPETEER_SKIP_DOWNLOAD: true
2026-03-31T03:13:56.5561996Z ##[endgroup]
2026-03-31T03:13:56.7531282Z ##[group]Running self-installer...
2026-03-31T03:13:57.2495120Z (node:6300) [DEP0169] DeprecationWarning: `url.parse()` behavior is not standardized and prone to errors that have security implications. Use the WHATWG URL API instead. CVEs are not issued for `url.parse()` vulnerabilities.
2026-03-31T03:13:57.2496926Z (Use `node --trace-deprecation ...` to show where the warning was created)
2026-03-31T03:13:57.3714487Z Progress: resolved 1, reused 0, downloaded 0, added 0
2026-03-31T03:13:57.3834670Z Packages: +1
2026-03-31T03:13:57.3835149Z +
2026-03-31T03:13:59.8721213Z Progress: resolved 1, reused 0, downloaded 1, added 0
2026-03-31T03:14:00.7253945Z Progress: resolved 1, reused 0, downloaded 1, added 1, done
2026-03-31T03:14:00.7804578Z 
2026-03-31T03:14:00.7805732Z dependencies:
2026-03-31T03:14:00.7806241Z + pnpm 10.33.0
2026-03-31T03:14:00.7806510Z 
2026-03-31T03:14:00.8038298Z Done in 3.8s
2026-03-31T03:14:00.8277423Z ##[endgroup]
2026-03-31T03:14:00.8277806Z Installation Completed!
2026-03-31T03:14:00.8635331Z ##[group]Run actions/setup-node@v6
2026-03-31T03:14:00.8635690Z with:
2026-03-31T03:14:00.8635957Z   node-version-file: .node-version
2026-03-31T03:14:00.8636226Z   cache: pnpm
2026-03-31T03:14:00.8636506Z   check-latest: false
2026-03-31T03:14:00.8636866Z   token: ***
2026-03-31T03:14:00.8637122Z   package-manager-cache: true
2026-03-31T03:14:00.8637667Z env:
2026-03-31T03:14:00.8637900Z   PUPPETEER_SKIP_DOWNLOAD: true
2026-03-31T03:14:00.8638273Z   PNPM_HOME: C:\Users\runneradmin\setup-pnpm\node_modules\.bin
2026-03-31T03:14:00.8638642Z ##[endgroup]
2026-03-31T03:14:01.0533670Z Node version file is not JSON file
2026-03-31T03:14:01.0536042Z Resolved .node-version as lts/*
2026-03-31T03:14:01.0541600Z Attempt to resolve LTS alias from manifest...
2026-03-31T03:14:01.3505048Z Found in cache @ C:\hostedtoolcache\windows\node\24.14.0\x64
2026-03-31T03:14:01.3513328Z ##[group]Environment details
2026-03-31T03:14:06.0050160Z node: v24.14.0
2026-03-31T03:14:06.0050568Z npm: 11.9.0
2026-03-31T03:14:06.0050718Z yarn: 1.22.22
2026-03-31T03:14:06.0051536Z ##[endgroup]
2026-03-31T03:14:06.0820924Z [command]C:\Windows\system32\cmd.exe /D /S /C "C:\Users\runneradmin\setup-pnpm\node_modules\.bin\pnpm.CMD store path --silent"
2026-03-31T03:14:06.8420971Z D:\.pnpm-store\v10
2026-03-31T03:14:07.1138372Z Cache hit for: node-cache-Windows-x64-pnpm-699470d6716d0b319ceb3587a8997ca4a1b5677b94da6e671cff7340edf601d7
2026-03-31T03:14:07.7900358Z Received 72769984 of 72769984 (100.0%), 111.8 MBs/sec
2026-03-31T03:14:07.7903589Z Cache Size: ~69 MB (72769984 B)
2026-03-31T03:14:07.7977707Z [command]"C:\Program Files\Git\usr\bin\tar.exe" -xf D:/a/_temp/789d2e21-5d44-4b88-b9a2-83afb63c4e7c/cache.tzst -P -C D:/a/core/core --force-local --use-compress-program "zstd -d"
2026-03-31T03:14:13.5130267Z Cache restored successfully
2026-03-31T03:14:13.5201327Z Cache restored from key: node-cache-Windows-x64-pnpm-699470d6716d0b319ceb3587a8997ca4a1b5677b94da6e671cff7340edf601d7
2026-03-31T03:14:13.5508587Z ##[group]Run pnpm install
2026-03-31T03:14:13.5508903Z [36;1mpnpm install[0m
2026-03-31T03:14:13.5631183Z shell: C:\Program Files\PowerShell\7\pwsh.EXE -command ". '{0}'"
2026-03-31T03:14:13.5631542Z env:
2026-03-31T03:14:13.5631717Z   PUPPETEER_SKIP_DOWNLOAD: true
2026-03-31T03:14:13.5632030Z   PNPM_HOME: C:\Users\runneradmin\setup-pnpm\node_modules\.bin
2026-03-31T03:14:13.5632345Z ##[endgroup]
2026-03-31T03:14:18.9584033Z Scope: all 18 workspace projects
2026-03-31T03:14:18.9696942Z  WARN  There are cyclic workspace dependencies: D:\a\core\core\packages\server-renderer, D:\a\core\core\packages\vue
2026-03-31T03:14:19.0369166Z Lockfile is up to date, resolution step is skipped
2026-03-31T03:14:19.1138297Z Progress: resolved 1, reused 0, downloaded 0, added 0
2026-03-31T03:14:19.2263388Z Packages: +589
2026-03-31T03:14:19.2264305Z ++++++++++++++++++++++++++++++++++++++++++++++++++++++++++++++++++++++++++++++++
2026-03-31T03:14:20.1146776Z Progress: resolved 589, reused 589, downloaded 0, added 12
2026-03-31T03:14:21.1173865Z Progress: resolved 589, reused 589, downloaded 0, added 236
2026-03-31T03:14:22.1182520Z Progress: resolved 589, reused 589, downloaded 0, added 548
2026-03-31T03:14:23.0163836Z Progress: resolved 589, reused 589, downloaded 0, added 589, done
2026-03-31T03:14:24.1164898Z 
2026-03-31T03:14:24.1166199Z devDependencies:
2026-03-31T03:14:24.1166828Z + @babel/parser 7.29.2
2026-03-31T03:14:24.1185426Z + @babel/types 7.29.0
2026-03-31T03:14:24.1224847Z + @rollup/plugin-alias 6.0.0
2026-03-31T03:14:24.1232243Z + @rollup/plugin-commonjs 29.0.2
2026-03-31T03:14:24.1241914Z + @rollup/plugin-json 6.1.0
2026-03-31T03:14:24.1246053Z + @rollup/plugin-node-resolve 16.0.3
2026-03-31T03:14:24.1247100Z + @rollup/plugin-replace 5.0.4
2026-03-31T03:14:24.1248075Z + @swc/core 1.15.21
2026-03-31T03:14:24.1251937Z + @types/hash-sum 1.0.2
2026-03-31T03:14:24.1252583Z + @types/node 24.12.0
2026-03-31T03:14:24.1253129Z + @types/semver 7.7.1
2026-03-31T03:14:24.1253919Z + @types/serve-handler 6.1.4
2026-03-31T03:14:24.1257642Z + @vitest/coverage-v8 4.1.1
2026-03-31T03:14:24.1258797Z + @vitest/eslint-plugin 1.6.13
2026-03-31T03:14:24.1259670Z + @vue/consolidate 1.0.0
2026-03-31T03:14:24.1263520Z + conventional-changelog-cli 5.0.0
2026-03-31T03:14:24.1278144Z + enquirer 2.4.1
2026-03-31T03:14:24.1297951Z + esbuild 0.27.4
2026-03-31T03:14:24.1302356Z + esbuild-plugin-polyfill-node 0.3.0
2026-03-31T03:14:24.1305780Z + eslint 10.1.0
2026-03-31T03:14:24.1306553Z + eslint-plugin-import-x 4.16.2
2026-03-31T03:14:24.1307874Z + estree-walker 2.0.2
2026-03-31T03:14:24.1312141Z + jsdom 29.0.1
2026-03-31T03:14:24.1312971Z + lint-staged 16.4.0
2026-03-31T03:14:24.1313757Z + lodash 4.17.23
2026-03-31T03:14:24.1321425Z + magic-string 0.30.21
2026-03-31T03:14:24.1326333Z + markdown-table 3.0.4
2026-03-31T03:14:24.1330240Z + marked 13.0.3
2026-03-31T03:14:24.1330888Z + npm-run-all2 8.0.4
2026-03-31T03:14:24.1338048Z + picocolors 1.1.1
2026-03-31T03:14:24.1339578Z + prettier 3.8.1
2026-03-31T03:14:24.1342674Z + pretty-bytes 7.1.0
2026-03-31T03:14:24.1346929Z + pug 3.0.4
2026-03-31T03:14:24.1347472Z + puppeteer 24.40.0
2026-03-31T03:14:24.1348375Z + rimraf 6.1.3
2026-03-31T03:14:24.1351539Z + rollup 4.60.0
2026-03-31T03:14:24.1356347Z + rollup-plugin-dts 6.4.1
2026-03-31T03:14:24.1357245Z + rollup-plugin-esbuild 6.2.1
2026-03-31T03:14:24.1362730Z + rollup-plugin-polyfill-node 0.13.0
2026-03-31T03:14:24.1364612Z + semver 7.7.4
2026-03-31T03:14:24.1365583Z + serve 14.2.6
2026-03-31T03:14:24.1367854Z + serve-handler 6.1.7
2026-03-31T03:14:24.1368429Z + simple-git-hooks 2.13.1
2026-03-31T03:14:24.1374502Z + todomvc-app-css 2.4.3
2026-03-31T03:14:24.1376322Z + tslib 2.8.1
2026-03-31T03:14:24.1381308Z + typescript 5.6.3
2026-03-31T03:14:24.1383158Z + typescript-eslint 8.57.2
2026-03-31T03:14:24.1389327Z + vite 7.3.1
2026-03-31T03:14:24.1391154Z + vitest 4.1.1
2026-03-31T03:14:24.1396154Z 
2026-03-31T03:14:24.2068941Z . postinstall$ simple-git-hooks
2026-03-31T03:14:24.6994431Z . postinstall: [INFO] Successfully set the pre-commit with command: pnpm lint-staged && pnpm check
2026-03-31T03:14:24.9064921Z . postinstall: [INFO] Successfully set the commit-msg with command: node scripts/verify-commit.js
2026-03-31T03:14:26.2002529Z . postinstall: [INFO] Successfully set all git hooks
2026-03-31T03:14:26.2171685Z . postinstall: Done
2026-03-31T03:14:26.3389829Z Done in 7.7s using pnpm v10.33.0
2026-03-31T03:14:27.3741612Z ##[group]Run pnpm run test-unit compiler
2026-03-31T03:14:27.3741984Z [36;1mpnpm run test-unit compiler[0m
2026-03-31T03:14:27.3826114Z shell: C:\Program Files\PowerShell\7\pwsh.EXE -command ". '{0}'"
2026-03-31T03:14:27.3826480Z env:
2026-03-31T03:14:27.3826669Z   PUPPETEER_SKIP_DOWNLOAD: true
2026-03-31T03:14:27.3826980Z   PNPM_HOME: C:\Users\runneradmin\setup-pnpm\node_modules\.bin
2026-03-31T03:14:27.3827566Z ##[endgroup]
2026-03-31T03:14:28.2116858Z 
2026-03-31T03:14:28.2118591Z > @3.5.31 test-unit D:\a\core\core
2026-03-31T03:14:28.2119329Z > vitest --project unit* "compiler"
2026-03-31T03:14:28.2119661Z 
2026-03-31T03:14:29.1633728Z 
2026-03-31T03:14:29.1637093Z [1m[46m RUN [49m[22m [36mv4.1.1 [39m[90mD:/a/core/core[39m
2026-03-31T03:14:29.1637556Z 
2026-03-31T03:14:30.5644061Z  [32m✓[39m [30m[42m unit [49m[39m packages/compiler-core/__tests__/parse.spec.ts [2m([22m[2m151 tests[22m[2m)[22m[32m 153[2mms[22m[39m
2026-03-31T03:14:31.3763410Z  [32m✓[39m [30m[42m unit [49m[39m packages/compiler-core/__tests__/transforms/transformElement.spec.ts [2m([22m[2m124 tests[22m[2m)[22m[32m 182[2mms[22m[39m
2026-03-31T03:14:31.9254307Z  [32m✓[39m [30m[42m unit [49m[39m packages/compiler-sfc/__tests__/compileScript.spec.ts [2m([22m[2m88 tests[22m[2m)[22m[33m 308[2mms[22m[39m
2026-03-31T03:14:32.0660240Z  [32m✓[39m [30m[42m unit [49m[39m packages/compiler-core/__tests__/transforms/vFor.spec.ts [2m([22m[2m53 tests[22m[2m)[22m[32m 137[2mms[22m[39m
2026-03-31T03:14:32.3588691Z  [32m✓[39m [30m[42m unit [49m[39m packages/compiler-sfc/__tests__/compileScript/resolveType.spec.ts [2m([22m[2m94 tests[22m[2m)[22m[32m 246[2mms[22m[39m
2026-03-31T03:14:32.6715627Z  [32m✓[39m [30m[42m unit [49m[39m packages/compiler-core/__tests__/transforms/vSlot.spec.ts [2m([22m[2m31 tests[22m[2m)[22m[32m 114[2mms[22m[39m
2026-03-31T03:14:32.7316857Z  [32m✓[39m [30m[42m unit [49m[39m packages/compiler-core/__tests__/transforms/vIf.spec.ts [2m([22m[2m31 tests[22m[2m)[22m[32m 83[2mms[22m[39m
2026-03-31T03:14:33.4437307Z  [32m✓[39m [30m[42m unit [49m[39m packages/compiler-core/__tests__/transforms/cacheStatic.spec.ts [2m([22m[2m34 tests[22m[2m)[22m[32m 150[2mms[22m[39m
2026-03-31T03:14:33.4541262Z  [32m✓[39m [30m[42m unit [49m[39m packages/compiler-sfc/__tests__/compileScript/defineProps.spec.ts [2m([22m[2m29 tests[22m[2m)[22m[32m 217[2mms[22m[39m
2026-03-31T03:14:33.5000938Z  [32m✓[39m [30m[42m unit [49m[39m packages/compiler-core/__tests__/transforms/vOn.spec.ts [2m([22m[2m33 tests[22m[2m)[22m[32m 134[2mms[22m[39m
2026-03-31T03:14:34.0579287Z  [32m✓[39m [30m[42m unit [49m[39m packages/compiler-core/__tests__/codegen.spec.ts [2m([22m[2m34 tests[22m[2m)[22m[32m 57[2mms[22m[39m
2026-03-31T03:14:34.0944666Z  [32m✓[39m [30m[42m unit [49m[39m packages/compiler-core/__tests__/transforms/transformExpressions.spec.ts [2m([22m[2m47 tests[22m[2m)[22m[32m 115[2mms[22m[39m
2026-03-31T03:14:34.1678036Z  [32m✓[39m [30m[42m unit [49m[39m packages/compiler-ssr/__tests__/ssrVModel.spec.ts [2m([22m[2m7 tests[22m[2m)[22m[32m 127[2mms[22m[39m
2026-03-31T03:14:34.7087153Z  [32m✓[39m [30m[42m unit [49m[39m packages/compiler-dom/__tests__/parse.spec.ts [2m([22m[2m33 tests[22m[2m)[22m[32m 59[2mms[22m[39m
2026-03-31T03:14:34.7975305Z  [32m✓[39m [30m[42m unit [49m[39m packages/compiler-ssr/__tests__/ssrComponent.spec.ts [2m([22m[2m16 tests[22m[2m)[22m[32m 108[2mms[22m[39m
2026-03-31T03:14:35.0911345Z  [32m✓[39m [30m[42m unit [49m[39m packages/compiler-sfc/__tests__/compileScript/definePropsDestructure.spec.ts [2m([22m[2m30 tests[22m[2m)[22m[32m 236[2mms[22m[39m
2026-03-31T03:14:35.3656154Z  [32m✓[39m [30m[42m unit [49m[39m packages/compiler-dom/__tests__/transforms/stringifyStatic.spec.ts [2m([22m[2m25 tests[22m[2m)[22m[32m 114[2mms[22m[39m
2026-03-31T03:14:35.4976196Z  [32m✓[39m [30m[42m unit [49m[39m packages/compiler-core/__tests__/transforms/vModel.spec.ts [2m([22m[2m21 tests[22m[2m)[22m[32m 133[2mms[22m[39m
2026-03-31T03:14:35.9371252Z  [32m✓[39m [30m[42m unit [49m[39m packages/compiler-sfc/__tests__/parse.spec.ts [2m([22m[2m28 tests[22m[2m)[22m[32m 62[2mms[22m[39m
2026-03-31T03:14:36.6545476Z DEPRECATION WARNING [import]: Sass @import rules are deprecated and will be removed in Dart Sass 3.0.0.
2026-03-31T03:14:36.6549089Z 
2026-03-31T03:14:36.6570153Z More info and automated migrator: https://sass-lang.com/d/import
2026-03-31T03:14:36.6632838Z 
2026-03-31T03:14:36.6642352Z   ╷
2026-03-31T03:14:36.6653103Z 2 │         @import "./import.scss";
2026-03-31T03:14:36.6683577Z   │                 ^^^^^^^^^^^^^^^
2026-03-31T03:14:36.6689035Z   ╵
2026-03-31T03:14:36.6693683Z     packages\compiler-sfc\__tests__\fixture\test.scss 2:17  root stylesheet
2026-03-31T03:14:36.6709246Z 
2026-03-31T03:14:36.6710581Z  [32m✓[39m [30m[42m unit [49m[39m packages/compiler-ssr/__tests__/ssrElement.spec.ts [2m([22m[2m32 tests[22m[2m)[22m[32m 116[2mms[22m[39m
2026-03-31T03:14:36.7340788Z  [32m✓[39m [30m[42m unit [49m[39m packages/compiler-sfc/__tests__/compileStyle.spec.ts [2m([22m[2m26 tests[22m[2m)[22m[33m 646[2mms[22m[39m
2026-03-31T03:14:36.7342417Z      [33m[2m✓[22m[39m scss @import [33m 488[2mms[22m[39m
2026-03-31T03:14:36.7863756Z (node:1232) [DEP0169] DeprecationWarning: `url.parse()` behavior is not standardized and prone to errors that have security implications. Use the WHATWG URL API instead. CVEs are not issued for `url.parse()` vulnerabilities.
2026-03-31T03:14:36.7884541Z  [32m✓[39m [30m[42m unit [49m[39m packages/compiler-sfc/__tests__/compileTemplate.spec.ts [2m([22m[2m22 tests[22m[2m)[22m[33m 503[2mms[22m[39m
2026-03-31T03:14:36.7886125Z (Use `node --trace-deprecation ...` to show where the warning was created)
2026-03-31T03:14:36.7888611Z    [33m[2m✓[22m[39m preprocess pug [33m 322[2mms[22m[39m
2026-03-31T03:14:37.2697075Z  [32m✓[39m [30m[42m unit [49m[39m packages/compiler-core/__tests__/transforms/vBind.spec.ts [2m([22m[2m19 tests[22m[2m)[22m[32m 51[2mms[22m[39m
2026-03-31T03:14:37.2891137Z  [32m✓[39m [30m[42m unit [49m[39m packages/compiler-core/__tests__/transforms/transformSlotOutlet.spec.ts [2m([22m[2m14 tests[22m[2m)[22m[32m 37[2mms[22m[39m
2026-03-31T03:14:37.3130506Z  [32m✓[39m [30m[42m unit [49m[39m packages/compiler-core/__tests__/transform.spec.ts [2m([22m[2m21 tests[22m[2m)[22m[32m 50[2mms[22m[39m
2026-03-31T03:14:37.8927169Z  [32m✓[39m [30m[42m unit [49m[39m packages/compiler-core/__tests__/compile.spec.ts [2m([22m[2m3 tests[22m[2m)[22m[32m 66[2mms[22m[39m
2026-03-31T03:14:38.2142684Z  [32m✓[39m [30m[42m unit [49m[39m packages/compiler-sfc/__tests__/compileScript/defineModel.spec.ts [2m([22m[2m12 tests[22m[2m)[22m[32m 116[2mms[22m[39m
2026-03-31T03:14:38.2307887Z  [32m✓[39m [30m[42m unit [49m[39m packages/compiler-sfc/__tests__/cssVars.spec.ts [2m([22m[2m17 tests[22m[2m)[22m[32m 136[2mms[22m[39m
2026-03-31T03:14:38.5466700Z  [32m✓[39m [30m[42m unit [49m[39m packages/compiler-dom/__tests__/transforms/vOn.spec.ts [2m([22m[2m12 tests[22m[2m)[22m[32m 54[2mms[22m[39m
2026-03-31T03:14:38.7786162Z  [32m✓[39m [30m[42m unit [49m[39m packages/compiler-core/__tests__/transforms/transformText.spec.ts [2m([22m[2m9 tests[22m[2m)[22m[32m 49[2mms[22m[39m
2026-03-31T03:14:39.0657219Z (node:1232) [DEP0169] DeprecationWarning: `url.parse()` behavior is not standardized and prone to errors that have security implications. Use the WHATWG URL API instead. CVEs are not issued for `url.parse()` vulnerabilities.
2026-03-31T03:14:39.0663607Z  [32m✓[39m [30m[42m unit [49m[39m packages/compiler-sfc/__tests__/templateTransformAssetUrl.spec.ts [2m([22m[2m16 tests[22m[2m)[22m[32m 41[2mms[22m[39m
2026-03-31T03:14:39.0706372Z (Use `node --trace-deprecation ...` to show where the warning was created)
2026-03-31T03:14:39.0834619Z  [32m✓[39m [30m[42m unit [49m[39m packages/compiler-sfc/__tests__/rewriteDefault.spec.ts [2m([22m[2m16 tests[22m[2m)[22m[32m 63[2mms[22m[39m
2026-03-31T03:14:39.6303380Z  [32m✓[39m [30m[42m unit [49m[39m packages/compiler-dom/__tests__/transforms/validateHtmlNesting.spec.ts [2m([22m[2m17 tests[22m[2m)[22m[32m 34[2mms[22m[39m
2026-03-31T03:14:39.6552331Z  [32m✓[39m [30m[42m unit [49m[39m packages/compiler-sfc/__tests__/compileScript/importUsageCheck.spec.ts [2m([22m[2m16 tests[22m[2m)[22m[32m 104[2mms[22m[39m
2026-03-31T03:14:39.9786579Z  [32m✓[39m [30m[42m unit [49m[39m packages/compiler-sfc/__tests__/compileScript/defineEmits.spec.ts [2m([22m[2m19 tests[22m[2m)[22m[32m 116[2mms[22m[39m
2026-03-31T03:14:40.2024694Z  [32m✓[39m [30m[42m unit [49m[39m packages/compiler-dom/__tests__/transforms/vModel.spec.ts [2m([22m[2m18 tests[22m[2m)[22m[32m 61[2mms[22m[39m
2026-03-31T03:14:40.4696725Z  [32m✓[39m [30m[42m unit [49m[39m packages/compiler-sfc/__tests__/compileScript/hoistStatic.spec.ts [2m([22m[2m10 tests[22m[2m)[22m[32m 102[2mms[22m[39m
2026-03-31T03:14:40.5778532Z  [32m✓[39m [30m[42m unit [49m[39m packages/compiler-ssr/__tests__/ssrSlotOutlet.spec.ts [2m([22m[2m11 tests[22m[2m)[22m[32m 69[2mms[22m[39m
2026-03-31T03:14:40.7746149Z  [32m✓[39m [30m[42m unit [49m[39m packages/compiler-ssr/__tests__/ssrScopeId.spec.ts [2m([22m[2m5 tests[22m[2m)[22m[32m 56[2mms[22m[39m
2026-03-31T03:14:41.0653647Z  [32m✓[39m [30m[42m unit [49m[39m packages/compiler-ssr/__tests__/ssrVIf.spec.ts [2m([22m[2m10 tests[22m[2m)[22m[32m 59[2mms[22m[39m
2026-03-31T03:14:41.1888535Z  [32m✓[39m [30m[42m unit [49m[39m packages/compiler-ssr/__tests__/ssrTransitionGroup.spec.ts [2m([22m[2m8 tests[22m[2m)[22m[32m 59[2mms[22m[39m
2026-03-31T03:14:41.3034761Z  [32m✓[39m [30m[42m unit [49m[39m packages/compiler-core/__tests__/transforms/vOnce.spec.ts [2m([22m[2m8 tests[22m[2m)[22m[32m 46[2mms[22m[39m
2026-03-31T03:14:41.5906074Z (node:1232) [DEP0169] DeprecationWarning: `url.parse()` behavior is not standardized and prone to errors that have security implications. Use the WHATWG URL API instead. CVEs are not issued for `url.parse()` vulnerabilities.
2026-03-31T03:14:41.5909633Z  [32m✓[39m [30m[42m unit [49m[39m packages/compiler-sfc/__tests__/templateTransformSrcset.spec.ts [2m([22m[2m9 tests[22m[2m)[22m[32m 38[2mms[22m[39m
2026-03-31T03:14:41.5912997Z (Use `node --trace-deprecation ...` to show where the warning was created)
2026-03-31T03:14:41.9113680Z  [32m✓[39m [30m[42m unit [49m[39m packages/compiler-ssr/__tests__/ssrVShow.spec.ts [2m([22m[2m7 tests[22m[2m)[22m[32m 76[2mms[22m[39m
2026-03-31T03:14:41.9376379Z  [32m✓[39m [30m[42m unit [49m[39m packages/compiler-core/__tests__/utils.spec.ts [2m([22m[2m7 tests[22m[2m)[22m[32m 54[2mms[22m[39m
2026-03-31T03:14:42.1788553Z  [32m✓[39m [30m[42m unit [49m[39m packages/compiler-ssr/__tests__/ssrVFor.spec.ts [2m([22m[2m7 tests[22m[2m)[22m[32m 63[2mms[22m[39m
2026-03-31T03:14:42.5396245Z  [32m✓[39m [30m[42m unit [49m[39m packages/compiler-ssr/__tests__/ssrInjectCssVars.spec.ts [2m([22m[2m6 tests[22m[2m)[22m[32m 68[2mms[22m[39m
2026-03-31T03:14:43.0280361Z  [32m✓[39m [30m[42m unit [49m[39m packages/compiler-sfc/__tests__/compileScript/defineOptions.spec.ts [2m([22m[2m7 tests[22m[2m)[22m[32m 60[2mms[22m[39m
2026-03-31T03:14:43.1060212Z  [32m✓[39m [30m[42m unit [49m[39m packages/compiler-dom/__tests__/transforms/Transition.spec.ts [2m([22m[2m14 tests[22m[2m)[22m[32m 58[2mms[22m[39m
2026-03-31T03:14:43.5810001Z  [32m✓[39m [30m[42m unit [49m[39m packages/compiler-ssr/__tests__/ssrFallthroughAttrs.spec.ts [2m([22m[2m6 tests[22m[2m)[22m[32m 44[2mms[22m[39m
2026-03-31T03:14:43.6814928Z  [32m✓[39m [30m[42m unit [49m[39m packages/server-renderer/__tests__/ssrCompilerOptions.spec.ts [2m([22m[2m9 tests[22m[2m)[22m[32m 67[2mms[22m[39m
2026-03-31T03:14:43.6870872Z  [32m✓[39m [30m[42m unit [49m[39m packages/compiler-ssr/__tests__/ssrText.spec.ts [2m([22m[2m8 tests[22m[2m)[22m[32m 62[2mms[22m[39m
2026-03-31T03:14:44.1130288Z  [32m✓[39m [30m[42m unit [49m[39m packages/compiler-dom/__tests__/transforms/vText.spec.ts [2m([22m[2m3 tests[22m[2m)[22m[32m 22[2mms[22m[39m
2026-03-31T03:14:44.1550264Z  [32m✓[39m [30m[42m unit [49m[39m packages/compiler-dom/__tests__/transforms/vHtml.spec.ts [2m([22m[2m3 tests[22m[2m)[22m[32m 21[2mms[22m[39m
2026-03-31T03:14:44.1701834Z  [32m✓[39m [30m[42m unit [49m[39m packages/compiler-dom/__tests__/transforms/transformStyle.spec.ts [2m([22m[2m2 tests[22m[2m)[22m[32m 20[2mms[22m[39m
2026-03-31T03:14:44.5288616Z  [32m✓[39m [30m[42m unit [49m[39m packages/compiler-sfc/__tests__/templateUtils.spec.ts [2m([22m[2m9 tests[22m[2m)[22m[32m 13[2mms[22m[39m
2026-03-31T03:14:44.6744281Z  [32m✓[39m [30m[42m unit [49m[39m packages/compiler-core/__tests__/scopeId.spec.ts [2m([22m[2m4 tests[22m[2m)[22m[32m 50[2mms[22m[39m
2026-03-31T03:14:44.6898587Z  [32m✓[39m [30m[42m unit [49m[39m packages/compiler-ssr/__tests__/ssrSuspense.spec.ts [2m([22m[2m2 tests[22m[2m)[22m[32m 44[2mms[22m[39m
2026-03-31T03:14:45.2123404Z  [32m✓[39m [30m[42m unit [49m[39m packages/compiler-core/__tests__/transforms/vMemo.spec.ts [2m([22m[2m7 tests[22m[2m)[22m[32m 61[2mms[22m[39m
2026-03-31T03:14:45.2900974Z  [32m✓[39m [30m[42m unit [49m[39m packages/compiler-ssr/__tests__/ssrPortal.spec.ts [2m([22m[2m2 tests[22m[2m)[22m[32m 36[2mms[22m[39m
2026-03-31T03:14:45.7138586Z  [32m✓[39m [30m[42m unit [49m[39m packages/compiler-dom/__tests__/transforms/vShow.spec.ts [2m([22m[2m2 tests[22m[2m)[22m[32m 21[2mms[22m[39m
2026-03-31T03:14:46.0613131Z  [32m✓[39m [30m[42m unit [49m[39m packages/compiler-sfc/__tests__/compileScript/defineSlots.spec.ts [2m([22m[2m3 tests[22m[2m)[22m[32m 58[2mms[22m[39m
2026-03-31T03:14:46.2649636Z  [32m✓[39m [30m[42m unit [49m[39m packages/compiler-ssr/__tests__/ssrTransition.spec.ts [2m([22m[2m2 tests[22m[2m)[22m[32m 30[2mms[22m[39m
2026-03-31T03:14:46.4030456Z  [32m✓[39m [30m[42m unit [49m[39m packages/compiler-dom/__tests__/decoderHtmlBrowser.spec.ts [2m([22m[2m1 test[22m[2m)[22m[32m 36[2mms[22m[39m
2026-03-31T03:14:46.6260596Z  [32m✓[39m [30m[42m unit [49m[39m packages/compiler-dom/__tests__/transforms/ignoreSideEffectTags.spec.ts [2m([22m[2m2 tests[22m[2m)[22m[32m 17[2mms[22m[39m
2026-03-31T03:14:46.7617523Z  [32m✓[39m [30m[42m unit [49m[39m packages/compiler-core/__tests__/transforms/noopDirectiveTransform.spec.ts [2m([22m[2m1 test[22m[2m)[22m[32m 12[2mms[22m[39m
2026-03-31T03:14:47.1293048Z  [32m✓[39m [30m[42m unit [49m[39m packages/compiler-dom/__tests__/index.spec.ts [2m([22m[2m1 test[22m[2m)[22m[32m 23[2mms[22m[39m
2026-03-31T03:14:47.2074211Z  [32m✓[39m [30m[42m unit [49m[39m packages/compiler-sfc/__tests__/compileScript/defineExpose.spec.ts [2m([22m[2m2 tests[22m[2m)[22m[32m 62[2mms[22m[39m
2026-03-31T03:14:49.8697551Z  [32m✓[39m [30m[45m unit-jsdom [49m[39m packages/vue/__tests__/runtimeCompilerOptions.spec.ts [2m([22m[2m8 tests[22m[2m)[22m[32m 50[2mms[22m[39m
2026-03-31T03:14:49.9254456Z  [32m✓[39m [30m[45m unit-jsdom [49m[39m packages/vue-compat/__tests__/compiler.spec.ts [2m([22m[2m9 tests[22m[2m)[22m[32m 95[2mms[22m[39m
2026-03-31T03:14:49.9322123Z 
2026-03-31T03:14:49.9329555Z [2m Test Files [22m [1m[32m70 passed[39m[22m[90m (70)[39m
2026-03-31T03:14:49.9339862Z [2m      Tests [22m [1m[32m1393 passed[39m[22m[90m (1393)[39m
2026-03-31T03:14:49.9340575Z [2m   Start at [22m 03:14:29
2026-03-31T03:14:49.9344327Z [2m   Duration [22m 20.72s[2m (transform 7.47s, setup 1.26s, import 25.44s, tests 6.64s, environment 4.00s)[22m
2026-03-31T03:14:49.9346653Z 
2026-03-31T03:14:50.2302561Z ##[group]Run pnpm run test-unit server-renderer
2026-03-31T03:14:50.2303048Z [36;1mpnpm run test-unit server-renderer[0m
2026-03-31T03:14:50.2388776Z shell: C:\Program Files\PowerShell\7\pwsh.EXE -command ". '{0}'"
2026-03-31T03:14:50.2389130Z env:
2026-03-31T03:14:50.2389312Z   PUPPETEER_SKIP_DOWNLOAD: true
2026-03-31T03:14:50.2389615Z   PNPM_HOME: C:\Users\runneradmin\setup-pnpm\node_modules\.bin
2026-03-31T03:14:50.2389916Z ##[endgroup]
2026-03-31T03:14:51.0279440Z 
2026-03-31T03:14:51.0280094Z > @3.5.31 test-unit D:\a\core\core
2026-03-31T03:14:51.0280697Z > vitest --project unit* "server-renderer"
2026-03-31T03:14:51.0281022Z 
2026-03-31T03:14:51.6711507Z 
2026-03-31T03:14:51.6714470Z [1m[46m RUN [49m[22m [36mv4.1.1 [39m[90mD:/a/core/core[39m
2026-03-31T03:14:51.6714924Z 
2026-03-31T03:14:53.7938652Z  [32m✓[39m [30m[42m unit [49m[39m packages/server-renderer/__tests__/ssrDirectives.spec.ts [2m([22m[2m25 tests[22m[2m)[22m[32m 103[2mms[22m[39m
2026-03-31T03:14:53.7941210Z  [32m✓[39m [30m[42m unit [49m[39m packages/server-renderer/__tests__/ssrSlot.spec.ts [2m([22m[2m12 tests[22m[2m)[22m[32m 120[2mms[22m[39m
2026-03-31T03:14:54.0016708Z  [32m✓[39m [30m[42m unit [49m[39m packages/server-renderer/__tests__/render.spec.ts [2m([22m[2m177 tests[22m[2m)[22m[32m 279[2mms[22m[39m
2026-03-31T03:14:54.4811399Z  [32m✓[39m [30m[42m unit [49m[39m packages/server-renderer/__tests__/ssrScopeId.spec.ts [2m([22m[2m5 tests[22m[2m)[22m[32m 25[2mms[22m[39m
2026-03-31T03:14:54.5267592Z  [32m✓[39m [30m[42m unit [49m[39m packages/server-renderer/__tests__/ssrWatch.spec.ts [2m([22m[2m9 tests[22m[2m)[22m[32m 33[2mms[22m[39m
2026-03-31T03:14:54.6933741Z  [32m✓[39m [30m[42m unit [49m[39m packages/server-renderer/__tests__/ssrTeleport.spec.ts [2m([22m[2m7 tests[22m[2m)[22m[32m 57[2mms[22m[39m
2026-03-31T03:14:54.8726708Z  [32m✓[39m [30m[42m unit [49m[39m packages/server-renderer/__tests__/ssrRenderAttrs.spec.ts [2m([22m[2m22 tests[22m[2m)[22m[32m 19[2mms[22m[39m
2026-03-31T03:14:55.2478749Z  [32m✓[39m [30m[42m unit [49m[39m packages/server-renderer/__tests__/ssrCompilerOptions.spec.ts [2m([22m[2m9 tests[22m[2m)[22m[32m 70[2mms[22m[39m
2026-03-31T03:14:55.2550240Z  [32m✓[39m [30m[42m unit [49m[39m packages/server-renderer/__tests__/ssrVModelHelpers.spec.ts [2m([22m[2m2 tests[22m[2m)[22m[32m 12[2mms[22m[39m
2026-03-31T03:14:55.3436722Z  [32m✓[39m [30m[42m unit [49m[39m packages/server-renderer/__tests__/ssrSuspense.spec.ts [2m([22m[2m6 tests[22m[2m)[22m[32m 28[2mms[22m[39m
2026-03-31T03:14:55.7196635Z  [32m✓[39m [30m[42m unit [49m[39m packages/server-renderer/__tests__/ssrRenderList.spec.ts [2m([22m[2m10 tests[22m[2m)[22m[32m 13[2mms[22m[39m
2026-03-31T03:14:55.8923111Z  [32m✓[39m [30m[42m unit [49m[39m packages/server-renderer/__tests__/ssrComputed.spec.ts [2m([22m[2m2 tests[22m[2m)[22m[32m 24[2mms[22m[39m
2026-03-31T03:14:56.0686193Z  [32m✓[39m [30m[42m unit [49m[39m packages/server-renderer/__tests__/ssrDynamicComponent.spec.ts [2m([22m[2m5 tests[22m[2m)[22m[32m 73[2mms[22m[39m
2026-03-31T03:14:56.4318115Z  [32m✓[39m [30m[42m unit [49m[39m packages/server-renderer/__tests__/ssrInterpolate.spec.ts [2m([22m[2m1 test[22m[2m)[22m[32m 7[2mms[22m[39m
2026-03-31T03:14:56.4385788Z  [32m✓[39m [30m[42m unit [49m[39m packages/server-renderer/__tests__/ssrAttrFallthrough.spec.ts [2m([22m[2m5 tests[22m[2m)[22m[32m 75[2mms[22m[39m
2026-03-31T03:14:56.5037363Z  [32m✓[39m [30m[42m unit [49m[39m packages/server-renderer/__tests__/webStream.spec.ts [2m([22m[2m2 tests[22m[2m)[22m[32m 17[2mms[22m[39m
2026-03-31T03:14:56.5071955Z 
2026-03-31T03:14:56.5081822Z [2m Test Files [22m [1m[32m16 passed[39m[22m[90m (16)[39m
2026-03-31T03:14:56.5083349Z [2m      Tests [22m [1m[32m299 passed[39m[22m[90m (299)[39m
2026-03-31T03:14:56.5087651Z [2m   Start at [22m 03:14:51
2026-03-31T03:14:56.5089217Z [2m   Duration [22m 4.80s[2m (transform 3.96s, setup 356ms, import 8.12s, tests 957ms, environment 3ms)[22m
2026-03-31T03:14:56.5093915Z 
2026-03-31T03:14:56.7271298Z Post job cleanup.
2026-03-31T03:14:56.9079735Z Cache hit occurred on the primary key node-cache-Windows-x64-pnpm-699470d6716d0b319ceb3587a8997ca4a1b5677b94da6e671cff7340edf601d7, not saving cache.
2026-03-31T03:14:56.9352344Z Post job cleanup.
2026-03-31T03:14:57.1762565Z Pruning is unnecessary.
2026-03-31T03:14:57.2102602Z Post job cleanup.
2026-03-31T03:14:57.4582037Z [command]"C:\Program Files\Git\bin\git.exe" version
2026-03-31T03:14:57.4916375Z git version 2.53.0.windows.2
2026-03-31T03:14:57.4991728Z Temporarily overriding HOME='D:\a\_temp\ba97723a-e895-4e2e-b9c8-855237620768' before making global git config changes
2026-03-31T03:14:57.4993059Z Adding repository directory to the temporary git global config as a safe directory
2026-03-31T03:14:57.5003808Z [command]"C:\Program Files\Git\bin\git.exe" config --global --add safe.directory D:\a\core\core
2026-03-31T03:14:57.5330428Z Removing SSH command configuration
2026-03-31T03:14:57.5343410Z [command]"C:\Program Files\Git\bin\git.exe" config --local --name-only --get-regexp core\.sshCommand
2026-03-31T03:14:57.5693584Z [command]"C:\Program Files\Git\bin\git.exe" submodule foreach --recursive "sh -c \"git config --local --name-only --get-regexp 'core\.sshCommand' && git config --local --unset-all 'core.sshCommand' || :\""
2026-03-31T03:14:58.1572342Z Removing HTTP extra header
2026-03-31T03:14:58.1583386Z [command]"C:\Program Files\Git\bin\git.exe" config --local --name-only --get-regexp http\.https\:\/\/github\.com\/\.extraheader
2026-03-31T03:14:58.1924186Z [command]"C:\Program Files\Git\bin\git.exe" submodule foreach --recursive "sh -c \"git config --local --name-only --get-regexp 'http\.https\:\/\/github\.com\/\.extraheader' && git config --local --unset-all 'http.https://github.com/.extraheader' || :\""
2026-03-31T03:14:58.7823067Z Removing includeIf entries pointing to credentials config files
2026-03-31T03:14:58.7836707Z [command]"C:\Program Files\Git\bin\git.exe" config --local --name-only --get-regexp ^includeIf\.gitdir:
2026-03-31T03:14:58.8127760Z includeif.gitdir:D:/a/core/core/.git.path
2026-03-31T03:14:58.8129338Z includeif.gitdir:D:/a/core/core/.git/worktrees/*.path
2026-03-31T03:14:58.8130230Z includeif.gitdir:/github/workspace/.git.path
2026-03-31T03:14:58.8131281Z includeif.gitdir:/github/workspace/.git/worktrees/*.path
2026-03-31T03:14:58.8174350Z [command]"C:\Program Files\Git\bin\git.exe" config --local --get-all includeif.gitdir:D:/a/core/core/.git.path
2026-03-31T03:14:58.8452981Z D:\a\_temp\git-credentials-e6efb987-263e-49dc-bb2e-fa2788056473.config
2026-03-31T03:14:58.8499819Z [command]"C:\Program Files\Git\bin\git.exe" config --local --unset includeif.gitdir:D:/a/core/core/.git.path D:\a\_temp\git-credentials-e6efb987-263e-49dc-bb2e-fa2788056473.config
2026-03-31T03:14:58.8822971Z [command]"C:\Program Files\Git\bin\git.exe" config --local --get-all includeif.gitdir:D:/a/core/core/.git/worktrees/*.path
2026-03-31T03:14:58.9135684Z D:\a\_temp\git-credentials-e6efb987-263e-49dc-bb2e-fa2788056473.config
2026-03-31T03:14:58.9182909Z [command]"C:\Program Files\Git\bin\git.exe" config --local --unset includeif.gitdir:D:/a/core/core/.git/worktrees/*.path D:\a\_temp\git-credentials-e6efb987-263e-49dc-bb2e-fa2788056473.config
2026-03-31T03:14:58.9512041Z [command]"C:\Program Files\Git\bin\git.exe" config --local --get-all includeif.gitdir:/github/workspace/.git.path
2026-03-31T03:14:58.9797563Z /github/runner_temp/git-credentials-e6efb987-263e-49dc-bb2e-fa2788056473.config
2026-03-31T03:14:58.9841019Z [command]"C:\Program Files\Git\bin\git.exe" config --local --unset includeif.gitdir:/github/workspace/.git.path /github/runner_temp/git-credentials-e6efb987-263e-49dc-bb2e-fa2788056473.config
2026-03-31T03:14:59.0169679Z [command]"C:\Program Files\Git\bin\git.exe" config --local --get-all includeif.gitdir:/github/workspace/.git/worktrees/*.path
2026-03-31T03:14:59.0445879Z /github/runner_temp/git-credentials-e6efb987-263e-49dc-bb2e-fa2788056473.config
2026-03-31T03:14:59.0489031Z [command]"C:\Program Files\Git\bin\git.exe" config --local --unset includeif.gitdir:/github/workspace/.git/worktrees/*.path /github/runner_temp/git-credentials-e6efb987-263e-49dc-bb2e-fa2788056473.config
2026-03-31T03:14:59.0821929Z [command]"C:\Program Files\Git\bin\git.exe" submodule foreach --recursive "git config --local --show-origin --name-only --get-regexp remote.origin.url"
2026-03-31T03:14:59.6644008Z Removing credentials config 'D:\a\_temp\git-credentials-e6efb987-263e-49dc-bb2e-fa2788056473.config'
2026-03-31T03:14:59.6841599Z Cleaning up orphan processes
