2026-04-27T03:28:46.3287977Z Current runner version: '2.333.1'
2026-04-27T03:28:46.3326637Z ##[group]Runner Image Provisioner
2026-04-27T03:28:46.3327322Z Hosted Compute Agent
2026-04-27T03:28:46.3327729Z Version: 20260213.493
2026-04-27T03:28:46.3328137Z Commit: 5c115507f6dd24b8de37d8bbe0bb4509d0cc0fa3
2026-04-27T03:28:46.3328683Z Build Date: 2026-02-13T00:28:41Z
2026-04-27T03:28:46.3329140Z Worker ID: {81504677-1284-40e3-a5f6-47f41175a56a}
2026-04-27T03:28:46.3329655Z Azure Region: westcentralus
2026-04-27T03:28:46.3330041Z ##[endgroup]
2026-04-27T03:28:46.3331400Z ##[group]Operating System
2026-04-27T03:28:46.3331828Z Microsoft Windows Server 2025
2026-04-27T03:28:46.3332242Z 10.0.26100
2026-04-27T03:28:46.3332594Z Datacenter
2026-04-27T03:28:46.3332903Z ##[endgroup]
2026-04-27T03:28:46.3333255Z ##[group]Runner Image
2026-04-27T03:28:46.3333630Z Image: windows-2025
2026-04-27T03:28:46.3334007Z Version: 20260413.84.1
2026-04-27T03:28:46.3335147Z Included Software: https://github.com/actions/runner-images/blob/win25/20260413.84/images/windows/Windows2025-Readme.md
2026-04-27T03:28:46.3336220Z Image Release: https://github.com/actions/runner-images/releases/tag/win25%2F20260413.84
2026-04-27T03:28:46.3336870Z ##[endgroup]
2026-04-27T03:28:46.3339069Z ##[group]GITHUB_TOKEN Permissions
2026-04-27T03:28:46.3340695Z Actions: write
2026-04-27T03:28:46.3341136Z ArtifactMetadata: write
2026-04-27T03:28:46.3341506Z Attestations: write
2026-04-27T03:28:46.3341866Z Checks: write
2026-04-27T03:28:46.3342217Z Contents: write
2026-04-27T03:28:46.3342583Z Deployments: write
2026-04-27T03:28:46.3342922Z Discussions: write
2026-04-27T03:28:46.3343518Z Issues: write
2026-04-27T03:28:46.3343884Z Metadata: read
2026-04-27T03:28:46.3344208Z Models: read
2026-04-27T03:28:46.3344572Z Packages: write
2026-04-27T03:28:46.3344910Z Pages: write
2026-04-27T03:28:46.3345353Z PullRequests: write
2026-04-27T03:28:46.3345715Z RepositoryProjects: write
2026-04-27T03:28:46.3346156Z SecurityEvents: write
2026-04-27T03:28:46.3346566Z Statuses: write
2026-04-27T03:28:46.3346942Z VulnerabilityAlerts: read
2026-04-27T03:28:46.3347406Z ##[endgroup]
2026-04-27T03:28:46.3349309Z Secret source: Actions
2026-04-27T03:28:46.3349851Z Prepare workflow directory
2026-04-27T03:28:46.3656998Z Prepare all required actions
2026-04-27T03:28:46.3705874Z Getting action download info
2026-04-27T03:28:46.7265689Z Download action repository 'actions/checkout@v6' (SHA:de0fac2e4500dabe0009e67214ff5f5447ce83dd)
2026-04-27T03:28:46.8291658Z Download action repository 'actions/setup-go@v6' (SHA:4a3601121dd01d1626a1e23e37211e3254c1c06c)
2026-04-27T03:28:47.7867474Z Complete job name: test (1.26.x, windows-latest)
2026-04-27T03:28:47.9298338Z ##[group]Run actions/checkout@v6
2026-04-27T03:28:47.9299308Z with:
2026-04-27T03:28:47.9299637Z   repository: valyala/fasthttp
2026-04-27T03:28:47.9300605Z   token: ***
2026-04-27T03:28:47.9300921Z   ssh-strict: true
2026-04-27T03:28:47.9301225Z   ssh-user: git
2026-04-27T03:28:47.9301540Z   persist-credentials: true
2026-04-27T03:28:47.9301918Z   clean: true
2026-04-27T03:28:47.9302241Z   sparse-checkout-cone-mode: true
2026-04-27T03:28:47.9302621Z   fetch-depth: 1
2026-04-27T03:28:47.9302916Z   fetch-tags: false
2026-04-27T03:28:47.9303230Z   show-progress: true
2026-04-27T03:28:47.9303529Z   lfs: false
2026-04-27T03:28:47.9303823Z   submodules: false
2026-04-27T03:28:47.9304153Z   set-safe-directory: true
2026-04-27T03:28:47.9304705Z ##[endgroup]
2026-04-27T03:28:48.0696371Z Syncing repository: valyala/fasthttp
2026-04-27T03:28:48.0698506Z ##[group]Getting Git version info
2026-04-27T03:28:48.0699474Z Working directory is 'D:\a\fasthttp\fasthttp'
2026-04-27T03:28:48.1333373Z [command]"C:\Program Files\Git\bin\git.exe" version
2026-04-27T03:28:48.3208875Z git version 2.53.0.windows.2
2026-04-27T03:28:48.3271919Z ##[endgroup]
2026-04-27T03:28:48.3295039Z Temporarily overriding HOME='D:\a\_temp\8bfa50a4-88e6-42b5-9571-0da451673c90' before making global git config changes
2026-04-27T03:28:48.3300475Z Adding repository directory to the temporary git global config as a safe directory
2026-04-27T03:28:48.3310864Z [command]"C:\Program Files\Git\bin\git.exe" config --global --add safe.directory D:\a\fasthttp\fasthttp
2026-04-27T03:28:48.3698168Z Deleting the contents of 'D:\a\fasthttp\fasthttp'
2026-04-27T03:28:48.3703523Z ##[group]Initializing the repository
2026-04-27T03:28:48.3712432Z [command]"C:\Program Files\Git\bin\git.exe" init D:\a\fasthttp\fasthttp
2026-04-27T03:28:48.4111839Z Initialized empty Git repository in D:/a/fasthttp/fasthttp/.git/
2026-04-27T03:28:48.4165554Z [command]"C:\Program Files\Git\bin\git.exe" remote add origin https://github.com/valyala/fasthttp
2026-04-27T03:28:48.4521568Z ##[endgroup]
2026-04-27T03:28:48.4522471Z ##[group]Disabling automatic garbage collection
2026-04-27T03:28:48.4530402Z [command]"C:\Program Files\Git\bin\git.exe" config --local gc.auto 0
2026-04-27T03:28:48.4832491Z ##[endgroup]
2026-04-27T03:28:48.4833388Z ##[group]Setting up auth
2026-04-27T03:28:48.4834185Z Removing SSH command configuration
2026-04-27T03:28:48.4844739Z [command]"C:\Program Files\Git\bin\git.exe" config --local --name-only --get-regexp core\.sshCommand
2026-04-27T03:28:48.5184194Z [command]"C:\Program Files\Git\bin\git.exe" submodule foreach --recursive "sh -c \"git config --local --name-only --get-regexp 'core\.sshCommand' && git config --local --unset-all 'core.sshCommand' || :\""
2026-04-27T03:28:49.3862111Z Removing HTTP extra header
2026-04-27T03:28:49.3872074Z [command]"C:\Program Files\Git\bin\git.exe" config --local --name-only --get-regexp http\.https\:\/\/github\.com\/\.extraheader
2026-04-27T03:28:49.4239922Z [command]"C:\Program Files\Git\bin\git.exe" submodule foreach --recursive "sh -c \"git config --local --name-only --get-regexp 'http\.https\:\/\/github\.com\/\.extraheader' && git config --local --unset-all 'http.https://github.com/.extraheader' || :\""
2026-04-27T03:28:50.0352552Z Removing includeIf entries pointing to credentials config files
2026-04-27T03:28:50.0363240Z [command]"C:\Program Files\Git\bin\git.exe" config --local --name-only --get-regexp ^includeIf\.gitdir:
2026-04-27T03:28:50.0671773Z [command]"C:\Program Files\Git\bin\git.exe" submodule foreach --recursive "git config --local --show-origin --name-only --get-regexp remote.origin.url"
2026-04-27T03:28:50.6719208Z [command]"C:\Program Files\Git\bin\git.exe" config --file D:\a\_temp\git-credentials-02bc7934-57a5-4c0b-9056-014874f94253.config http.https://github.com/.extraheader "AUTHORIZATION: basic ***"
2026-04-27T03:28:50.7024271Z [command]"C:\Program Files\Git\bin\git.exe" config --local includeIf.gitdir:D:/a/fasthttp/fasthttp/.git.path D:\a\_temp\git-credentials-02bc7934-57a5-4c0b-9056-014874f94253.config
2026-04-27T03:28:50.7362941Z [command]"C:\Program Files\Git\bin\git.exe" config --local includeIf.gitdir:D:/a/fasthttp/fasthttp/.git/worktrees/*.path D:\a\_temp\git-credentials-02bc7934-57a5-4c0b-9056-014874f94253.config
2026-04-27T03:28:50.7717898Z [command]"C:\Program Files\Git\bin\git.exe" config --local includeIf.gitdir:/github/workspace/.git.path /github/runner_temp/git-credentials-02bc7934-57a5-4c0b-9056-014874f94253.config
2026-04-27T03:28:50.8073012Z [command]"C:\Program Files\Git\bin\git.exe" config --local includeIf.gitdir:/github/workspace/.git/worktrees/*.path /github/runner_temp/git-credentials-02bc7934-57a5-4c0b-9056-014874f94253.config
2026-04-27T03:28:50.8421517Z ##[endgroup]
2026-04-27T03:28:50.8422099Z ##[group]Fetching the repository
2026-04-27T03:28:50.8438153Z [command]"C:\Program Files\Git\bin\git.exe" -c protocol.version=2 fetch --no-tags --prune --no-recurse-submodules --depth=1 origin +3ac3b24635fae8a8a71c3bbaf2f64d1f07a0000f:refs/remotes/origin/master
2026-04-27T03:28:52.0660423Z From https://github.com/valyala/fasthttp
2026-04-27T03:28:52.0661181Z  * [new ref]         3ac3b24635fae8a8a71c3bbaf2f64d1f07a0000f -> origin/master
2026-04-27T03:28:52.0936518Z [command]"C:\Program Files\Git\bin\git.exe" branch --list --remote origin/master
2026-04-27T03:28:52.1225768Z   origin/master
2026-04-27T03:28:52.1267395Z [command]"C:\Program Files\Git\bin\git.exe" rev-parse refs/remotes/origin/master
2026-04-27T03:28:52.1514305Z 3ac3b24635fae8a8a71c3bbaf2f64d1f07a0000f
2026-04-27T03:28:52.1602756Z ##[endgroup]
2026-04-27T03:28:52.1603250Z ##[group]Determining the checkout info
2026-04-27T03:28:52.1603887Z ##[endgroup]
2026-04-27T03:28:52.1613315Z [command]"C:\Program Files\Git\bin\git.exe" sparse-checkout disable
2026-04-27T03:28:52.1996256Z [command]"C:\Program Files\Git\bin\git.exe" config --local --unset-all extensions.worktreeConfig
2026-04-27T03:28:52.2317990Z ##[group]Checking out the ref
2026-04-27T03:28:52.2330640Z [command]"C:\Program Files\Git\bin\git.exe" checkout --progress --force -B master refs/remotes/origin/master
2026-04-27T03:28:52.3107573Z Reset branch 'master'
2026-04-27T03:28:52.3120882Z branch 'master' set up to track 'origin/master'.
2026-04-27T03:28:52.3558605Z ##[endgroup]
2026-04-27T03:28:52.3566634Z [command]"C:\Program Files\Git\bin\git.exe" log -1 --format=%H
2026-04-27T03:28:52.3853064Z 3ac3b24635fae8a8a71c3bbaf2f64d1f07a0000f
2026-04-27T03:28:52.4317278Z ##[group]Run actions/setup-go@v6
2026-04-27T03:28:52.4317671Z with:
2026-04-27T03:28:52.4317803Z   go-version: 1.26.x
2026-04-27T03:28:52.4317964Z   check-latest: false
2026-04-27T03:28:52.4318286Z   token: ***
2026-04-27T03:28:52.4318414Z   cache: true
2026-04-27T03:28:52.4318552Z ##[endgroup]
2026-04-27T03:28:52.6038179Z Setup go version spec 1.26.x
2026-04-27T03:28:52.6082577Z Attempting to download 1.26.x...
2026-04-27T03:28:53.3705961Z matching 1.26.x...
2026-04-27T03:28:53.3719173Z Acquiring 1.26.2 from https://github.com/actions/go-versions/releases/download/1.26.2-24114135105/go-1.26.2-win32-x64.zip
2026-04-27T03:28:54.3212504Z Extracting Go...
2026-04-27T03:28:54.3914970Z [command]"C:\Program Files\PowerShell\7\pwsh.exe" -NoLogo -NoProfile -NonInteractive -ExecutionPolicy Unrestricted -Command "$ErrorActionPreference = 'Stop' ; try { Add-Type -AssemblyName System.IO.Compression.ZipFile } catch { } ; try { [System.IO.Compression.ZipFile]::ExtractToDirectory('D:\a\_temp\go-1.26.2-win32-x64.zip', 'D:\a\_temp\5816228e-f7f9-4154-ab07-eedfe0479e73', $true) } catch { if (($_.Exception.GetType().FullName -eq 'System.Management.Automation.MethodException') -or ($_.Exception.GetType().FullName -eq 'System.Management.Automation.RuntimeException') ){ Expand-Archive -LiteralPath 'D:\a\_temp\go-1.26.2-win32-x64.zip' -DestinationPath 'D:\a\_temp\5816228e-f7f9-4154-ab07-eedfe0479e73' -Force } else { throw $_ } } ;"
2026-04-27T03:29:09.8025858Z Successfully extracted go to D:\a\_temp\5816228e-f7f9-4154-ab07-eedfe0479e73
2026-04-27T03:29:09.8026326Z Adding to the cache ...
2026-04-27T03:29:22.8323584Z Created link C:\hostedtoolcache\windows\go\1.26.2\x64 => D:\hostedtoolcache\windows\go\1.26.2\x64
2026-04-27T03:29:22.8328069Z Created link C:\hostedtoolcache\windows\go\1.26.2\x64.complete => D:\hostedtoolcache\windows\go\1.26.2\x64.complete
2026-04-27T03:29:22.8329293Z Successfully cached go to C:\hostedtoolcache\windows\go\1.26.2\x64
2026-04-27T03:29:22.8334402Z Added go to the path
2026-04-27T03:29:22.8336223Z Successfully set up Go version 1.26.x
2026-04-27T03:29:23.1160596Z [command]C:\hostedtoolcache\windows\go\1.26.2\x64\bin\go.exe env GOMODCACHE
2026-04-27T03:29:23.1219434Z [command]C:\hostedtoolcache\windows\go\1.26.2\x64\bin\go.exe env GOCACHE
2026-04-27T03:29:23.1452071Z C:\Users\runneradmin\AppData\Local\go-build
2026-04-27T03:29:23.1453894Z C:\Users\runneradmin\go\pkg\mod
2026-04-27T03:29:23.4367643Z Cache hit for: setup-go-Windows-x64-go-1.26.2-a0da86a0bad606b72a0bce6b07de14ead0bd915fdd87f2a22d22c1cafba16521
2026-04-27T03:29:24.6785213Z Received 79691776 of 182627375 (43.6%), 75.9 MBs/sec
2026-04-27T03:29:26.1710174Z Received 134217728 of 182627375 (73.5%), 51.4 MBs/sec
2026-04-27T03:29:27.3179306Z Received 182627375 of 182627375 (100.0%), 47.8 MBs/sec
2026-04-27T03:29:27.3182360Z Cache Size: ~174 MB (182627375 B)
2026-04-27T03:29:27.3257484Z [command]"C:\Program Files\Git\usr\bin\tar.exe" -xf D:/a/_temp/8310ef48-f81a-4a3f-9c3b-14e78177be57/cache.tzst -P -C D:/a/fasthttp/fasthttp --force-local --use-compress-program "zstd -d"
2026-04-27T03:29:37.7591328Z Cache restored successfully
2026-04-27T03:29:37.7731779Z Cache restored from key: setup-go-Windows-x64-go-1.26.2-a0da86a0bad606b72a0bce6b07de14ead0bd915fdd87f2a22d22c1cafba16521
2026-04-27T03:29:37.7758969Z go version go1.26.2 windows/amd64
2026-04-27T03:29:37.7759199Z 
2026-04-27T03:29:37.7759545Z ##[group]go env
2026-04-27T03:29:38.0204993Z set AR=ar
2026-04-27T03:29:38.0205236Z set CC=gcc
2026-04-27T03:29:38.0205840Z set CGO_CFLAGS=-O2 -g
2026-04-27T03:29:38.0206121Z set CGO_CPPFLAGS=
2026-04-27T03:29:38.0206379Z set CGO_CXXFLAGS=-O2 -g
2026-04-27T03:29:38.0206622Z set CGO_ENABLED=1
2026-04-27T03:29:38.0206827Z set CGO_FFLAGS=-O2 -g
2026-04-27T03:29:38.0207069Z set CGO_LDFLAGS=-O2 -g
2026-04-27T03:29:38.0207223Z set CXX=g++
2026-04-27T03:29:38.0207362Z set GCCGO=gccgo
2026-04-27T03:29:38.0207493Z set GO111MODULE=
2026-04-27T03:29:38.0207743Z set GOAMD64=v1
2026-04-27T03:29:38.0209794Z set GOARCH=amd64
2026-04-27T03:29:38.0210047Z set GOAUTH=netrc
2026-04-27T03:29:38.0210192Z set GOBIN=
2026-04-27T03:29:38.0210391Z set GOCACHE=C:\Users\runneradmin\AppData\Local\go-build
2026-04-27T03:29:38.0210615Z set GOCACHEPROG=
2026-04-27T03:29:38.0210759Z set GODEBUG=
2026-04-27T03:29:38.0210943Z set GOENV=C:\Users\runneradmin\AppData\Roaming\go\env
2026-04-27T03:29:38.0211172Z set GOEXE=.exe
2026-04-27T03:29:38.0211485Z set GOEXPERIMENT=
2026-04-27T03:29:38.0211629Z set GOFIPS140=off
2026-04-27T03:29:38.0211750Z set GOFLAGS=
2026-04-27T03:29:38.0212322Z set GOGCCFLAGS=-m64 -mthreads -Wl,--no-gc-sections -fmessage-length=0 -ffile-prefix-map=C:\Users\RUNNER~1\AppData\Local\Temp\go-build1877902320=/tmp/go-build -gno-record-gcc-switches
2026-04-27T03:29:38.0212876Z set GOHOSTARCH=amd64
2026-04-27T03:29:38.0213061Z set GOHOSTOS=windows
2026-04-27T03:29:38.0213196Z set GOINSECURE=
2026-04-27T03:29:38.0213367Z set GOMOD=D:\a\fasthttp\fasthttp\go.mod
2026-04-27T03:29:38.0213600Z set GOMODCACHE=C:\Users\runneradmin\go\pkg\mod
2026-04-27T03:29:38.0213805Z set GONOPROXY=
2026-04-27T03:29:38.0213940Z set GONOSUMDB=
2026-04-27T03:29:38.0214073Z set GOOS=windows
2026-04-27T03:29:38.0214225Z set GOPATH=C:\Users\runneradmin\go
2026-04-27T03:29:38.0214406Z set GOPRIVATE=
2026-04-27T03:29:38.0214635Z set GOPROXY=https://proxy.golang.org,direct
2026-04-27T03:29:38.0214885Z set GOROOT=C:\hostedtoolcache\windows\go\1.26.2\x64
2026-04-27T03:29:38.0215110Z set GOSUMDB=sum.golang.org
2026-04-27T03:29:38.0215279Z set GOTELEMETRY=local
2026-04-27T03:29:38.0215522Z set GOTELEMETRYDIR=C:\Users\runneradmin\AppData\Roaming\go\telemetry
2026-04-27T03:29:38.0215765Z set GOTMPDIR=
2026-04-27T03:29:38.0215904Z set GOTOOLCHAIN=local
2026-04-27T03:29:38.0216151Z set GOTOOLDIR=C:\hostedtoolcache\windows\go\1.26.2\x64\pkg\tool\windows_amd64
2026-04-27T03:29:38.0216410Z set GOVCS=
2026-04-27T03:29:38.0216545Z set GOVERSION=go1.26.2
2026-04-27T03:29:38.0216696Z set GOWORK=
2026-04-27T03:29:38.0216831Z set PKG_CONFIG=pkg-config
2026-04-27T03:29:38.0216944Z 
2026-04-27T03:29:38.0217234Z ##[endgroup]
2026-04-27T03:29:38.0587057Z ##[group]Run go version
2026-04-27T03:29:38.0587380Z [36;1mgo version[0m
2026-04-27T03:29:38.0649330Z shell: C:\Program Files\PowerShell\7\pwsh.EXE -command ". '{0}'"
2026-04-27T03:29:38.0649622Z env:
2026-04-27T03:29:38.0649764Z   GOTOOLCHAIN: local
2026-04-27T03:29:38.0649910Z ##[endgroup]
2026-04-27T03:29:38.4827438Z go version go1.26.2 windows/amd64
2026-04-27T03:29:38.7388377Z ##[group]Run go test -shuffle=on ./...
2026-04-27T03:29:38.7388728Z [36;1mgo test -shuffle=on ./...[0m
2026-04-27T03:29:38.7441601Z shell: C:\Program Files\PowerShell\7\pwsh.EXE -command ". '{0}'"
2026-04-27T03:29:38.7441899Z env:
2026-04-27T03:29:38.7442045Z   GOTOOLCHAIN: local
2026-04-27T03:29:38.7442210Z ##[endgroup]
2026-04-27T03:29:51.0269514Z ok  	github.com/valyala/fasthttp	3.340s
2026-04-27T03:29:51.0270455Z ?   	github.com/valyala/fasthttp/examples/client	[no test files]
2026-04-27T03:29:51.0270955Z ?   	github.com/valyala/fasthttp/examples/fileserver	[no test files]
2026-04-27T03:29:51.0271518Z ?   	github.com/valyala/fasthttp/examples/helloworldserver	[no test files]
2026-04-27T03:29:51.0272095Z ?   	github.com/valyala/fasthttp/examples/host_client	[no test files]
2026-04-27T03:29:51.0272619Z ?   	github.com/valyala/fasthttp/examples/letsencrypt	[no test files]
2026-04-27T03:29:51.0273504Z ?   	github.com/valyala/fasthttp/examples/multidomain	[no test files]
2026-04-27T03:29:51.0274021Z ok  	github.com/valyala/fasthttp/expvarhandler	0.047s
2026-04-27T03:29:52.7681816Z ok  	github.com/valyala/fasthttp/fasthttpadaptor	5.082s
2026-04-27T03:29:52.7682290Z ok  	github.com/valyala/fasthttp/fasthttpproxy	0.347s
2026-04-27T03:29:52.7682759Z ok  	github.com/valyala/fasthttp/fasthttputil	1.574s
2026-04-27T03:29:52.7683153Z ?   	github.com/valyala/fasthttp/pprofhandler	[no test files]
2026-04-27T03:29:52.7683641Z ok  	github.com/valyala/fasthttp/prefork	0.030s
2026-04-27T03:29:52.7683970Z ok  	github.com/valyala/fasthttp/reuseport	0.045s
2026-04-27T03:29:52.7684287Z ok  	github.com/valyala/fasthttp/stackless	0.035s
2026-04-27T03:29:53.3016682Z ##[group]Run go test -race -shuffle=on ./...
2026-04-27T03:29:53.3017055Z [36;1mgo test -race -shuffle=on ./...[0m
2026-04-27T03:29:53.3086860Z shell: C:\Program Files\PowerShell\7\pwsh.EXE -command ". '{0}'"
2026-04-27T03:29:53.3087265Z env:
2026-04-27T03:29:53.3087472Z   GOTOOLCHAIN: local
2026-04-27T03:29:53.3087703Z ##[endgroup]
2026-04-27T03:30:41.1647063Z -test.shuffle 1777260632128531000
2026-04-27T03:30:41.1649063Z 2026/04/27 03:30:32 error when serving connection "InmemoryListener"<->"pipe": error when reading request headers: unsupported HTTP version "HTTP/1.1  X-Injected-Protocol: true" in "GET / HTTP/1.1  X-Injected-Protocol: true\r\nUser-Agent: fasthttp\r\nHost: example.com\r\n\r\n". Buffer size=86, contents: "GET / HTTP/1.1  X-Injected-Protocol: true\r\nUser-Agent: fasthttp\r\nHost: example.com\r\n\r\n"
2026-04-27T03:30:41.1651846Z 2026/04/27 03:30:33 error when serving connection "InmemoryListener"<->"pipe": invalid character " " in host name
2026-04-27T03:30:41.1652608Z --- FAIL: TestDirFSFSCompressConcurrent (2.37s)
2026-04-27T03:30:41.1654210Z     fs_fs_test.go:816: timeout
2026-04-27T03:30:41.1654462Z FAIL
2026-04-27T03:30:41.1654670Z FAIL	github.com/valyala/fasthttp	9.090s
2026-04-27T03:30:41.1655104Z ?   	github.com/valyala/fasthttp/examples/client	[no test files]
2026-04-27T03:30:41.1655607Z ?   	github.com/valyala/fasthttp/examples/fileserver	[no test files]
2026-04-27T03:30:41.1656144Z ?   	github.com/valyala/fasthttp/examples/helloworldserver	[no test files]
2026-04-27T03:30:41.1657100Z ?   	github.com/valyala/fasthttp/examples/host_client	[no test files]
2026-04-27T03:30:41.1657633Z ?   	github.com/valyala/fasthttp/examples/letsencrypt	[no test files]
2026-04-27T03:30:41.1658148Z ?   	github.com/valyala/fasthttp/examples/multidomain	[no test files]
2026-04-27T03:30:41.1658686Z ok  	github.com/valyala/fasthttp/expvarhandler	1.053s
2026-04-27T03:30:41.1659097Z ok  	github.com/valyala/fasthttp/fasthttpadaptor	6.096s
2026-04-27T03:30:41.1659511Z ok  	github.com/valyala/fasthttp/fasthttpproxy	1.365s
2026-04-27T03:30:41.1659901Z ok  	github.com/valyala/fasthttp/fasthttputil	2.758s
2026-04-27T03:30:41.1660322Z ?   	github.com/valyala/fasthttp/pprofhandler	[no test files]
2026-04-27T03:30:41.1660763Z ok  	github.com/valyala/fasthttp/prefork	1.043s
2026-04-27T03:30:41.1661160Z ok  	github.com/valyala/fasthttp/reuseport	1.037s
2026-04-27T03:30:41.1661537Z ok  	github.com/valyala/fasthttp/stackless	1.118s
2026-04-27T03:30:41.1662073Z FAIL
2026-04-27T03:30:41.5298197Z ##[error]Process completed with exit code 1.
2026-04-27T03:30:41.5569395Z Post job cleanup.
2026-04-27T03:30:41.7237732Z [command]"C:\Program Files\Git\bin\git.exe" version
2026-04-27T03:30:41.7684174Z git version 2.53.0.windows.2
2026-04-27T03:30:41.7769210Z Temporarily overriding HOME='D:\a\_temp\95241d7a-c8d6-4267-8a05-270c8cfeef85' before making global git config changes
2026-04-27T03:30:41.7771762Z Adding repository directory to the temporary git global config as a safe directory
2026-04-27T03:30:41.7794364Z [command]"C:\Program Files\Git\bin\git.exe" config --global --add safe.directory D:\a\fasthttp\fasthttp
2026-04-27T03:30:41.8176684Z Removing SSH command configuration
2026-04-27T03:30:41.8187541Z [command]"C:\Program Files\Git\bin\git.exe" config --local --name-only --get-regexp core\.sshCommand
2026-04-27T03:30:41.8632496Z [command]"C:\Program Files\Git\bin\git.exe" submodule foreach --recursive "sh -c \"git config --local --name-only --get-regexp 'core\.sshCommand' && git config --local --unset-all 'core.sshCommand' || :\""
2026-04-27T03:30:42.7302841Z Removing HTTP extra header
2026-04-27T03:30:42.7318455Z [command]"C:\Program Files\Git\bin\git.exe" config --local --name-only --get-regexp http\.https\:\/\/github\.com\/\.extraheader
2026-04-27T03:30:42.7667225Z [command]"C:\Program Files\Git\bin\git.exe" submodule foreach --recursive "sh -c \"git config --local --name-only --get-regexp 'http\.https\:\/\/github\.com\/\.extraheader' && git config --local --unset-all 'http.https://github.com/.extraheader' || :\""
2026-04-27T03:30:43.3348386Z Removing includeIf entries pointing to credentials config files
2026-04-27T03:30:43.3359693Z [command]"C:\Program Files\Git\bin\git.exe" config --local --name-only --get-regexp ^includeIf\.gitdir:
2026-04-27T03:30:43.3611943Z includeif.gitdir:D:/a/fasthttp/fasthttp/.git.path
2026-04-27T03:30:43.3612408Z includeif.gitdir:D:/a/fasthttp/fasthttp/.git/worktrees/*.path
2026-04-27T03:30:43.3612697Z includeif.gitdir:/github/workspace/.git.path
2026-04-27T03:30:43.3613263Z includeif.gitdir:/github/workspace/.git/worktrees/*.path
2026-04-27T03:30:43.3659277Z [command]"C:\Program Files\Git\bin\git.exe" config --local --get-all includeif.gitdir:D:/a/fasthttp/fasthttp/.git.path
2026-04-27T03:30:43.3929993Z D:\a\_temp\git-credentials-02bc7934-57a5-4c0b-9056-014874f94253.config
2026-04-27T03:30:43.3983184Z [command]"C:\Program Files\Git\bin\git.exe" config --local --unset includeif.gitdir:D:/a/fasthttp/fasthttp/.git.path D:\a\_temp\git-credentials-02bc7934-57a5-4c0b-9056-014874f94253.config
2026-04-27T03:30:43.4291224Z [command]"C:\Program Files\Git\bin\git.exe" config --local --get-all includeif.gitdir:D:/a/fasthttp/fasthttp/.git/worktrees/*.path
2026-04-27T03:30:43.4573159Z D:\a\_temp\git-credentials-02bc7934-57a5-4c0b-9056-014874f94253.config
2026-04-27T03:30:43.4619076Z [command]"C:\Program Files\Git\bin\git.exe" config --local --unset includeif.gitdir:D:/a/fasthttp/fasthttp/.git/worktrees/*.path D:\a\_temp\git-credentials-02bc7934-57a5-4c0b-9056-014874f94253.config
2026-04-27T03:30:43.4960147Z [command]"C:\Program Files\Git\bin\git.exe" config --local --get-all includeif.gitdir:/github/workspace/.git.path
2026-04-27T03:30:43.5267255Z /github/runner_temp/git-credentials-02bc7934-57a5-4c0b-9056-014874f94253.config
2026-04-27T03:30:43.5315689Z [command]"C:\Program Files\Git\bin\git.exe" config --local --unset includeif.gitdir:/github/workspace/.git.path /github/runner_temp/git-credentials-02bc7934-57a5-4c0b-9056-014874f94253.config
2026-04-27T03:30:43.5657981Z [command]"C:\Program Files\Git\bin\git.exe" config --local --get-all includeif.gitdir:/github/workspace/.git/worktrees/*.path
2026-04-27T03:30:43.5937926Z /github/runner_temp/git-credentials-02bc7934-57a5-4c0b-9056-014874f94253.config
2026-04-27T03:30:43.5985985Z [command]"C:\Program Files\Git\bin\git.exe" config --local --unset includeif.gitdir:/github/workspace/.git/worktrees/*.path /github/runner_temp/git-credentials-02bc7934-57a5-4c0b-9056-014874f94253.config
2026-04-27T03:30:43.6327838Z [command]"C:\Program Files\Git\bin\git.exe" submodule foreach --recursive "git config --local --show-origin --name-only --get-regexp remote.origin.url"
2026-04-27T03:30:44.2189023Z Removing credentials config 'D:\a\_temp\git-credentials-02bc7934-57a5-4c0b-9056-014874f94253.config'
2026-04-27T03:30:44.2414153Z Cleaning up orphan processes
