2026-04-28T16:11:09.4325143Z Current runner version: '2.334.0'
2026-04-28T16:11:09.4350978Z ##[group]Runner Image Provisioner
2026-04-28T16:11:09.4351740Z Hosted Compute Agent
2026-04-28T16:11:09.4352214Z Version: 20260422.526
2026-04-28T16:11:09.4353227Z Commit: e1a9e573f4d0838b3a7c1b07401aeb29ed3635a9
2026-04-28T16:11:09.4353883Z Build Date: 2026-04-22T09:31:31Z
2026-04-28T16:11:09.4354526Z Worker ID: {e0e4c76f-8ef1-4a3c-964c-0478f2f7fae1}
2026-04-28T16:11:09.4355273Z Azure Region: centralus
2026-04-28T16:11:09.4355770Z ##[endgroup]
2026-04-28T16:11:09.4357215Z ##[group]Operating System
2026-04-28T16:11:09.4357855Z Ubuntu
2026-04-28T16:11:09.4358309Z 24.04.4
2026-04-28T16:11:09.4358760Z LTS
2026-04-28T16:11:09.4359249Z ##[endgroup]
2026-04-28T16:11:09.4359693Z ##[group]Runner Image
2026-04-28T16:11:09.4360244Z Image: ubuntu-24.04
2026-04-28T16:11:09.4360811Z Version: 20260426.100.1
2026-04-28T16:11:09.4361937Z Included Software: https://github.com/actions/runner-images/blob/ubuntu24/20260426.100/images/ubuntu/Ubuntu2404-Readme.md
2026-04-28T16:11:09.4363786Z Image Release: https://github.com/actions/runner-images/releases/tag/ubuntu24%2F20260426.100
2026-04-28T16:11:09.4364665Z ##[endgroup]
2026-04-28T16:11:09.4365676Z ##[group]GITHUB_TOKEN Permissions
2026-04-28T16:11:09.4367719Z Contents: read
2026-04-28T16:11:09.4368213Z Metadata: read
2026-04-28T16:11:09.4368778Z ##[endgroup]
2026-04-28T16:11:09.4371039Z Secret source: Actions
2026-04-28T16:11:09.4372033Z Prepare workflow directory
2026-04-28T16:11:09.4756374Z Prepare all required actions
2026-04-28T16:11:09.4794643Z Getting action download info
2026-04-28T16:11:09.8865617Z Download action repository 'actions/checkout@v6' (SHA:de0fac2e4500dabe0009e67214ff5f5447ce83dd)
2026-04-28T16:11:10.1264937Z Complete job name: cargo (ubuntu-latest)
2026-04-28T16:11:10.2076387Z ##[group]Run actions/checkout@v6
2026-04-28T16:11:10.2077269Z with:
2026-04-28T16:11:10.2077703Z   repository: google/comprehensive-rust
2026-04-28T16:11:10.2078423Z   token: ***
2026-04-28T16:11:10.2078822Z   ssh-strict: true
2026-04-28T16:11:10.2079246Z   ssh-user: git
2026-04-28T16:11:10.2079665Z   persist-credentials: true
2026-04-28T16:11:10.2080126Z   clean: true
2026-04-28T16:11:10.2080552Z   sparse-checkout-cone-mode: true
2026-04-28T16:11:10.2081046Z   fetch-depth: 1
2026-04-28T16:11:10.2081461Z   fetch-tags: false
2026-04-28T16:11:10.2081880Z   show-progress: true
2026-04-28T16:11:10.2082295Z   lfs: false
2026-04-28T16:11:10.2082922Z   submodules: false
2026-04-28T16:11:10.2083367Z   set-safe-directory: true
2026-04-28T16:11:10.2084099Z env:
2026-04-28T16:11:10.2084494Z   CARGO_TERM_COLOR: always
2026-04-28T16:11:10.2084964Z ##[endgroup]
2026-04-28T16:11:10.3047544Z Syncing repository: google/comprehensive-rust
2026-04-28T16:11:10.3049409Z ##[group]Getting Git version info
2026-04-28T16:11:10.3050253Z Working directory is '/home/runner/work/comprehensive-rust/comprehensive-rust'
2026-04-28T16:11:10.3051421Z [command]/usr/bin/git version
2026-04-28T16:11:10.3145795Z git version 2.54.0
2026-04-28T16:11:10.3201577Z ##[endgroup]
2026-04-28T16:11:10.3217002Z Temporarily overriding HOME='/home/runner/work/_temp/1ca4f3bd-af49-4de4-ab99-77efa18d73ae' before making global git config changes
2026-04-28T16:11:10.3221648Z Adding repository directory to the temporary git global config as a safe directory
2026-04-28T16:11:10.3223675Z [command]/usr/bin/git config --global --add safe.directory /home/runner/work/comprehensive-rust/comprehensive-rust
2026-04-28T16:11:10.3270168Z Deleting the contents of '/home/runner/work/comprehensive-rust/comprehensive-rust'
2026-04-28T16:11:10.3273936Z ##[group]Initializing the repository
2026-04-28T16:11:10.3278146Z [command]/usr/bin/git init /home/runner/work/comprehensive-rust/comprehensive-rust
2026-04-28T16:11:10.3403259Z hint: Using 'master' as the name for the initial branch. This default branch name
2026-04-28T16:11:10.3404967Z hint: will change to "main" in Git 3.0. To configure the initial branch name
2026-04-28T16:11:10.3406500Z hint: to use in all of your new repositories, which will suppress this warning,
2026-04-28T16:11:10.3407699Z hint: call:
2026-04-28T16:11:10.3408097Z hint:
2026-04-28T16:11:10.3408590Z hint: 	git config --global init.defaultBranch <name>
2026-04-28T16:11:10.3409205Z hint:
2026-04-28T16:11:10.3409774Z hint: Names commonly chosen instead of 'master' are 'main', 'trunk' and
2026-04-28T16:11:10.3410785Z hint: 'development'. The just-created branch can be renamed via this command:
2026-04-28T16:11:10.3411543Z hint:
2026-04-28T16:11:10.3411947Z hint: 	git branch -m <name>
2026-04-28T16:11:10.3412395Z hint:
2026-04-28T16:11:10.3413325Z hint: Disable this message with "git config set advice.defaultBranchName false"
2026-04-28T16:11:10.3430502Z Initialized empty Git repository in /home/runner/work/comprehensive-rust/comprehensive-rust/.git/
2026-04-28T16:11:10.3440664Z [command]/usr/bin/git remote add origin https://github.com/google/comprehensive-rust
2026-04-28T16:11:10.3486821Z ##[endgroup]
2026-04-28T16:11:10.3488188Z ##[group]Disabling automatic garbage collection
2026-04-28T16:11:10.3491179Z [command]/usr/bin/git config --local gc.auto 0
2026-04-28T16:11:10.3518919Z ##[endgroup]
2026-04-28T16:11:10.3520333Z ##[group]Setting up auth
2026-04-28T16:11:10.3521403Z Removing SSH command configuration
2026-04-28T16:11:10.3526777Z [command]/usr/bin/git config --local --name-only --get-regexp core\.sshCommand
2026-04-28T16:11:10.3561508Z [command]/usr/bin/git submodule foreach --recursive sh -c "git config --local --name-only --get-regexp 'core\.sshCommand' && git config --local --unset-all 'core.sshCommand' || :"
2026-04-28T16:11:10.3937390Z Removing HTTP extra header
2026-04-28T16:11:10.3941889Z [command]/usr/bin/git config --local --name-only --get-regexp http\.https\:\/\/github\.com\/\.extraheader
2026-04-28T16:11:10.3973959Z [command]/usr/bin/git submodule foreach --recursive sh -c "git config --local --name-only --get-regexp 'http\.https\:\/\/github\.com\/\.extraheader' && git config --local --unset-all 'http.https://github.com/.extraheader' || :"
2026-04-28T16:11:10.4193029Z Removing includeIf entries pointing to credentials config files
2026-04-28T16:11:10.4199249Z [command]/usr/bin/git config --local --name-only --get-regexp ^includeIf\.gitdir:
2026-04-28T16:11:10.4230815Z [command]/usr/bin/git submodule foreach --recursive git config --local --show-origin --name-only --get-regexp remote.origin.url
2026-04-28T16:11:10.4446747Z [command]/usr/bin/git config --file /home/runner/work/_temp/git-credentials-dc0756fd-dabc-41e2-8e5d-13d314d91cc7.config http.https://github.com/.extraheader AUTHORIZATION: basic ***
2026-04-28T16:11:10.4482127Z [command]/usr/bin/git config --local includeIf.gitdir:/home/runner/work/comprehensive-rust/comprehensive-rust/.git.path /home/runner/work/_temp/git-credentials-dc0756fd-dabc-41e2-8e5d-13d314d91cc7.config
2026-04-28T16:11:10.4511082Z [command]/usr/bin/git config --local includeIf.gitdir:/home/runner/work/comprehensive-rust/comprehensive-rust/.git/worktrees/*.path /home/runner/work/_temp/git-credentials-dc0756fd-dabc-41e2-8e5d-13d314d91cc7.config
2026-04-28T16:11:10.4568382Z [command]/usr/bin/git config --local includeIf.gitdir:/github/workspace/.git.path /github/runner_temp/git-credentials-dc0756fd-dabc-41e2-8e5d-13d314d91cc7.config
2026-04-28T16:11:10.4596806Z [command]/usr/bin/git config --local includeIf.gitdir:/github/workspace/.git/worktrees/*.path /github/runner_temp/git-credentials-dc0756fd-dabc-41e2-8e5d-13d314d91cc7.config
2026-04-28T16:11:10.4620697Z ##[endgroup]
2026-04-28T16:11:10.4621435Z ##[group]Fetching the repository
2026-04-28T16:11:10.4630886Z [command]/usr/bin/git -c protocol.version=2 fetch --no-tags --prune --no-recurse-submodules --depth=1 origin +0290c13aefe4a3abdb3febedcec80305a109dc2b:refs/remotes/origin/main
2026-04-28T16:11:12.5439163Z From https://github.com/google/comprehensive-rust
2026-04-28T16:11:12.5441636Z  * [new ref]         0290c13aefe4a3abdb3febedcec80305a109dc2b -> origin/main
2026-04-28T16:11:12.5482952Z [command]/usr/bin/git branch --list --remote origin/main
2026-04-28T16:11:12.5541310Z   origin/main
2026-04-28T16:11:12.5550861Z [command]/usr/bin/git rev-parse refs/remotes/origin/main
2026-04-28T16:11:12.5573058Z 0290c13aefe4a3abdb3febedcec80305a109dc2b
2026-04-28T16:11:12.5577556Z ##[endgroup]
2026-04-28T16:11:12.5578925Z ##[group]Determining the checkout info
2026-04-28T16:11:12.5580188Z ##[endgroup]
2026-04-28T16:11:12.5582767Z [command]/usr/bin/git sparse-checkout disable
2026-04-28T16:11:12.5628841Z [command]/usr/bin/git config --local --unset-all extensions.worktreeConfig
2026-04-28T16:11:12.5655848Z ##[group]Checking out the ref
2026-04-28T16:11:12.5658785Z [command]/usr/bin/git checkout --progress --force -B main refs/remotes/origin/main
2026-04-28T16:11:12.6618630Z Switched to a new branch 'main'
2026-04-28T16:11:12.6620765Z branch 'main' set up to track 'origin/main'.
2026-04-28T16:11:12.6633407Z ##[endgroup]
2026-04-28T16:11:12.6675091Z [command]/usr/bin/git log -1 --format=%H
2026-04-28T16:11:12.6697984Z 0290c13aefe4a3abdb3febedcec80305a109dc2b
2026-04-28T16:11:12.6933263Z ##[group]Run rustup update
2026-04-28T16:11:12.6934456Z [36;1mrustup update[0m
2026-04-28T16:11:12.7052896Z shell: /usr/bin/bash -e {0}
2026-04-28T16:11:12.7053961Z env:
2026-04-28T16:11:12.7054771Z   CARGO_TERM_COLOR: always
2026-04-28T16:11:12.7055780Z ##[endgroup]
2026-04-28T16:11:13.8509757Z info: syncing channel updates for stable-x86_64-unknown-linux-gnu
2026-04-28T16:11:14.1167572Z 
2026-04-28T16:11:14.1247985Z info: cleaning up downloads & tmp directories
2026-04-28T16:11:14.1248788Z   stable-x86_64-unknown-linux-gnu unchanged - rustc 1.95.0 (59807616e 2026-04-14)
2026-04-28T16:11:14.1249167Z 
2026-04-28T16:11:14.1436873Z Prepare all required actions
2026-04-28T16:11:14.1437308Z Getting action download info
2026-04-28T16:11:14.3366744Z Download action repository 'Swatinem/rust-cache@v2' (SHA:e18b497796c12c097a38f9edb9d0641fb99eee32)
2026-04-28T16:11:15.1586686Z ##[group]Run ./.github/workflows/setup-rust-cache
2026-04-28T16:11:15.1586992Z with:
2026-04-28T16:11:15.1587160Z env:
2026-04-28T16:11:15.1587325Z   CARGO_TERM_COLOR: always
2026-04-28T16:11:15.1587549Z ##[endgroup]
2026-04-28T16:11:15.1718494Z ##[group]Run Swatinem/rust-cache@v2
2026-04-28T16:11:15.1718772Z with:
2026-04-28T16:11:15.1718963Z   save-if: true
2026-04-28T16:11:15.1719178Z   prefix-key: v0-rust
2026-04-28T16:11:15.1719429Z   add-job-id-key: true
2026-04-28T16:11:15.1719663Z   add-rust-environment-hash-key: true
2026-04-28T16:11:15.1719923Z   cache-targets: true
2026-04-28T16:11:15.1720138Z   cache-all-crates: false
2026-04-28T16:11:15.1720359Z   cache-workspace-crates: false
2026-04-28T16:11:15.1720626Z   cache-provider: github
2026-04-28T16:11:15.1720832Z   cache-bin: true
2026-04-28T16:11:15.1721014Z   lookup-only: false
2026-04-28T16:11:15.1721196Z   cmd-format: {0}
2026-04-28T16:11:15.1721370Z env:
2026-04-28T16:11:15.1721534Z   CARGO_TERM_COLOR: always
2026-04-28T16:11:15.1721739Z ##[endgroup]
2026-04-28T16:11:15.4605477Z (node:2258) [DEP0040] DeprecationWarning: The `punycode` module is deprecated. Please use a userland alternative instead.
2026-04-28T16:11:15.4606303Z (Use `node --trace-deprecation ...` to show where the warning was created)
2026-04-28T16:11:20.0480279Z ##[group]Cache Configuration
2026-04-28T16:11:20.0480766Z Cache Provider:
2026-04-28T16:11:20.0481061Z     github
2026-04-28T16:11:20.0481356Z Workspaces:
2026-04-28T16:11:20.0481813Z     /home/runner/work/comprehensive-rust/comprehensive-rust
2026-04-28T16:11:20.0482332Z Cache Paths:
2026-04-28T16:11:20.0482917Z     /home/runner/.cargo/bin
2026-04-28T16:11:20.0483313Z     /home/runner/.cargo/.crates.toml
2026-04-28T16:11:20.0483825Z     /home/runner/.cargo/.crates2.json
2026-04-28T16:11:20.0484269Z     /home/runner/.cargo/registry
2026-04-28T16:11:20.0484697Z     /home/runner/.cargo/git
2026-04-28T16:11:20.0485218Z     /home/runner/work/comprehensive-rust/comprehensive-rust/target
2026-04-28T16:11:20.0485779Z Restore Key:
2026-04-28T16:11:20.0486101Z     v0-rust-cargo-Linux-x64-19aae218
2026-04-28T16:11:20.0486505Z Cache Key:
2026-04-28T16:11:20.0486842Z     v0-rust-cargo-Linux-x64-19aae218-baae9195
2026-04-28T16:11:20.0487628Z .. Prefix:
2026-04-28T16:11:20.0487934Z   - v0-rust-cargo-Linux-x64
2026-04-28T16:11:20.0488320Z .. Environment considered:
2026-04-28T16:11:20.0488680Z   - Rust Versions:
2026-04-28T16:11:20.0489177Z     - 1.95.0 x86_64-unknown-linux-gnu 59807616e1fa2540724bfbac14d7976d7e4a3860
2026-04-28T16:11:20.0489950Z     - 1.95.0 x86_64-unknown-linux-gnu 59807616e1fa2540724bfbac14d7976d7e4a3860
2026-04-28T16:11:20.0490538Z   - CARGO_INCREMENTAL
2026-04-28T16:11:20.0490870Z   - CARGO_TERM_COLOR
2026-04-28T16:11:20.0491198Z .. Lockfiles considered:
2026-04-28T16:11:20.0491786Z   - /home/runner/work/comprehensive-rust/comprehensive-rust/.cargo/config.toml
2026-04-28T16:11:20.0492836Z   - /home/runner/work/comprehensive-rust/comprehensive-rust/Cargo.lock
2026-04-28T16:11:20.0503636Z   - /home/runner/work/comprehensive-rust/comprehensive-rust/mdbook-course/Cargo.toml
2026-04-28T16:11:20.0513716Z   - /home/runner/work/comprehensive-rust/comprehensive-rust/mdbook-exerciser/Cargo.toml
2026-04-28T16:11:20.0514439Z   - /home/runner/work/comprehensive-rust/comprehensive-rust/src/android/testing/Cargo.toml
2026-04-28T16:11:20.0515167Z   - /home/runner/work/comprehensive-rust/comprehensive-rust/src/bare-metal/alloc-example/.cargo/config.toml
2026-04-28T16:11:20.0515954Z   - /home/runner/work/comprehensive-rust/comprehensive-rust/src/bare-metal/aps/examples/.cargo/config.toml
2026-04-28T16:11:20.0516774Z   - /home/runner/work/comprehensive-rust/comprehensive-rust/src/bare-metal/microcontrollers/examples/.cargo/config.toml
2026-04-28T16:11:20.0517873Z   - /home/runner/work/comprehensive-rust/comprehensive-rust/src/bare-metal/useful-crates/allocator-example/Cargo.toml
2026-04-28T16:11:20.0518739Z   - /home/runner/work/comprehensive-rust/comprehensive-rust/src/bare-metal/useful-crates/zerocopy-example/Cargo.toml
2026-04-28T16:11:20.0519480Z   - /home/runner/work/comprehensive-rust/comprehensive-rust/src/borrowing/Cargo.toml
2026-04-28T16:11:20.0520182Z   - /home/runner/work/comprehensive-rust/comprehensive-rust/src/concurrency/async-exercises/chat-async/Cargo.toml
2026-04-28T16:11:20.0520946Z   - /home/runner/work/comprehensive-rust/comprehensive-rust/src/concurrency/sync-exercises/Cargo.toml
2026-04-28T16:11:20.0521633Z   - /home/runner/work/comprehensive-rust/comprehensive-rust/src/control-flow-basics/Cargo.toml
2026-04-28T16:11:20.0522278Z   - /home/runner/work/comprehensive-rust/comprehensive-rust/src/error-handling/Cargo.toml
2026-04-28T16:11:20.0523263Z   - /home/runner/work/comprehensive-rust/comprehensive-rust/src/exercises/bare-metal/compass/.cargo/config.toml
2026-04-28T16:11:20.0524035Z   - /home/runner/work/comprehensive-rust/comprehensive-rust/src/exercises/bare-metal/rtc/.cargo/config.toml
2026-04-28T16:11:20.0524700Z   - /home/runner/work/comprehensive-rust/comprehensive-rust/src/generics/Cargo.toml
2026-04-28T16:11:20.0525296Z   - /home/runner/work/comprehensive-rust/comprehensive-rust/src/iterators/Cargo.toml
2026-04-28T16:11:20.0525880Z   - /home/runner/work/comprehensive-rust/comprehensive-rust/src/lifetimes/Cargo.toml
2026-04-28T16:11:20.0526493Z   - /home/runner/work/comprehensive-rust/comprehensive-rust/src/memory-management/Cargo.toml
2026-04-28T16:11:20.0527136Z   - /home/runner/work/comprehensive-rust/comprehensive-rust/src/methods-and-traits/Cargo.toml
2026-04-28T16:11:20.0527747Z   - /home/runner/work/comprehensive-rust/comprehensive-rust/src/modules/Cargo.toml
2026-04-28T16:11:20.0528380Z   - /home/runner/work/comprehensive-rust/comprehensive-rust/src/pattern-matching/Cargo.toml
2026-04-28T16:11:20.0528987Z   - /home/runner/work/comprehensive-rust/comprehensive-rust/src/references/Cargo.toml
2026-04-28T16:11:20.0529592Z   - /home/runner/work/comprehensive-rust/comprehensive-rust/src/smart-pointers/Cargo.toml
2026-04-28T16:11:20.0530192Z   - /home/runner/work/comprehensive-rust/comprehensive-rust/src/std-traits/Cargo.toml
2026-04-28T16:11:20.0530762Z   - /home/runner/work/comprehensive-rust/comprehensive-rust/src/std-types/Cargo.toml
2026-04-28T16:11:20.0531334Z   - /home/runner/work/comprehensive-rust/comprehensive-rust/src/testing/Cargo.toml
2026-04-28T16:11:20.0532131Z   - /home/runner/work/comprehensive-rust/comprehensive-rust/src/tuples-and-arrays/Cargo.toml
2026-04-28T16:11:20.0533102Z   - /home/runner/work/comprehensive-rust/comprehensive-rust/src/types-and-values/Cargo.toml
2026-04-28T16:11:20.0534156Z   - /home/runner/work/comprehensive-rust/comprehensive-rust/src/unsafe-rust/Cargo.toml
2026-04-28T16:11:20.0534934Z   - /home/runner/work/comprehensive-rust/comprehensive-rust/src/user-defined-types/Cargo.toml
2026-04-28T16:11:20.0535572Z   - /home/runner/work/comprehensive-rust/comprehensive-rust/third_party/cxx/blobstore/Cargo.toml
2026-04-28T16:11:20.0536142Z   - /home/runner/work/comprehensive-rust/comprehensive-rust/xtask/Cargo.toml
2026-04-28T16:11:20.0536699Z ##[endgroup]
2026-04-28T16:11:20.0536814Z 
2026-04-28T16:11:20.0536895Z ... Restoring cache ...
2026-04-28T16:11:20.2065171Z Cache hit for: v0-rust-cargo-Linux-x64-19aae218-baae9195
2026-04-28T16:11:21.3638188Z Received 54525952 of 430676696 (12.7%), 51.9 MBs/sec
2026-04-28T16:11:22.3645832Z Received 239075328 of 430676696 (55.5%), 113.8 MBs/sec
2026-04-28T16:11:23.3652072Z Received 306184192 of 430676696 (71.1%), 97.2 MBs/sec
2026-04-28T16:11:24.1302938Z Received 430676696 of 430676696 (100.0%), 109.0 MBs/sec
2026-04-28T16:11:24.1303916Z Cache Size: ~411 MB (430676696 B)
2026-04-28T16:11:24.1406967Z [command]/usr/bin/tar -xf /home/runner/work/_temp/602075c3-33ee-41a5-98c2-bd685f4b722d/cache.tzst -P -C /home/runner/work/comprehensive-rust/comprehensive-rust --use-compress-program unzstd
2026-04-28T16:11:26.8012750Z Cache restored successfully
2026-04-28T16:11:26.8189002Z Restored from cache key "v0-rust-cargo-Linux-x64-19aae218-baae9195" full match: true.
2026-04-28T16:11:26.8356828Z ##[group]Run cargo build
2026-04-28T16:11:26.8357115Z [36;1mcargo build[0m
2026-04-28T16:11:26.8418460Z shell: /usr/bin/bash -e {0}
2026-04-28T16:11:26.8418839Z env:
2026-04-28T16:11:26.8419146Z   CARGO_TERM_COLOR: always
2026-04-28T16:11:26.8419596Z   CACHE_ON_FAILURE: false
2026-04-28T16:11:26.8419960Z   CARGO_INCREMENTAL: 0
2026-04-28T16:11:26.8420292Z ##[endgroup]
2026-04-28T16:11:29.7333435Z [1m[92m    Updating[0m crates.io index
2026-04-28T16:11:32.3175749Z [1m[92m   Compiling[0m mdbook-course v0.1.0 (/home/runner/work/comprehensive-rust/comprehensive-rust/mdbook-course)
2026-04-28T16:11:32.3178783Z [1m[92m   Compiling[0m demo v0.0.0 (/home/runner/work/comprehensive-rust/comprehensive-rust/third_party/cxx/blobstore)
2026-04-28T16:11:32.3183740Z [1m[92m   Compiling[0m mdbook-exerciser v0.1.0 (/home/runner/work/comprehensive-rust/comprehensive-rust/mdbook-exerciser)
2026-04-28T16:11:32.3185067Z [1m[92m   Compiling[0m android-testing v0.1.0 (/home/runner/work/comprehensive-rust/comprehensive-rust/src/android/testing)
2026-04-28T16:11:41.2841047Z [1m[92m   Compiling[0m allocator-example v0.1.0 (/home/runner/work/comprehensive-rust/comprehensive-rust/src/bare-metal/useful-crates/allocator-example)
2026-04-28T16:11:48.4413718Z [1m[92m   Compiling[0m sync-exercises v0.1.0 (/home/runner/work/comprehensive-rust/comprehensive-rust/src/concurrency/sync-exercises)
2026-04-28T16:11:49.0788864Z [1m[92m   Compiling[0m chat-async v0.1.0 (/home/runner/work/comprehensive-rust/comprehensive-rust/src/concurrency/async-exercises/chat-async)
2026-04-28T16:11:49.8565444Z [1m[92m   Compiling[0m error-handling v0.1.0 (/home/runner/work/comprehensive-rust/comprehensive-rust/src/error-handling)
2026-04-28T16:11:49.9307913Z [1m[92m   Compiling[0m unsafe-rust v0.1.0 (/home/runner/work/comprehensive-rust/comprehensive-rust/src/unsafe-rust)
2026-04-28T16:11:50.0715476Z [1m[92m   Compiling[0m xtask v0.1.0 (/home/runner/work/comprehensive-rust/comprehensive-rust/xtask)
2026-04-28T16:11:50.6904994Z [1m[92m   Compiling[0m zerocopy-example v0.1.0 (/home/runner/work/comprehensive-rust/comprehensive-rust/src/bare-metal/useful-crates/zerocopy-example)
2026-04-28T16:11:50.7550297Z [1m[92m   Compiling[0m lifetimes v0.1.0 (/home/runner/work/comprehensive-rust/comprehensive-rust/src/lifetimes)
2026-04-28T16:11:50.9022062Z [1m[92m   Compiling[0m testing v0.1.0 (/home/runner/work/comprehensive-rust/comprehensive-rust/src/testing)
2026-04-28T16:11:50.9214230Z [1m[92m   Compiling[0m types-and-values v0.1.0 (/home/runner/work/comprehensive-rust/comprehensive-rust/src/types-and-values)
2026-04-28T16:11:50.9928609Z [1m[92m   Compiling[0m smart-pointers v0.1.0 (/home/runner/work/comprehensive-rust/comprehensive-rust/src/smart-pointers)
2026-04-28T16:11:51.0052970Z [1m[92m   Compiling[0m std-types v0.1.0 (/home/runner/work/comprehensive-rust/comprehensive-rust/src/std-types)
2026-04-28T16:11:51.0165476Z [1m[92m   Compiling[0m std-traits v0.1.0 (/home/runner/work/comprehensive-rust/comprehensive-rust/src/std-traits)
2026-04-28T16:11:51.0424533Z [1m[92m   Compiling[0m borrowing v0.1.0 (/home/runner/work/comprehensive-rust/comprehensive-rust/src/borrowing)
2026-04-28T16:11:51.0585043Z [1m[92m   Compiling[0m memory-management v0.1.0 (/home/runner/work/comprehensive-rust/comprehensive-rust/src/memory-management)
2026-04-28T16:11:51.1561380Z [1m[92m   Compiling[0m control-flow-basics v0.1.0 (/home/runner/work/comprehensive-rust/comprehensive-rust/src/control-flow-basics)
2026-04-28T16:11:51.1945973Z [1m[92m   Compiling[0m user-defined-types v0.1.0 (/home/runner/work/comprehensive-rust/comprehensive-rust/src/user-defined-types)
2026-04-28T16:11:51.2498058Z [1m[92m   Compiling[0m modules v0.1.0 (/home/runner/work/comprehensive-rust/comprehensive-rust/src/modules)
2026-04-28T16:11:51.2837692Z [1m[92m   Compiling[0m generics v0.1.0 (/home/runner/work/comprehensive-rust/comprehensive-rust/src/generics)
2026-04-28T16:11:51.2894348Z [1m[92m   Compiling[0m tuples-and-arrays v0.1.0 (/home/runner/work/comprehensive-rust/comprehensive-rust/src/tuples-and-arrays)
2026-04-28T16:11:51.3224561Z [1m[92m   Compiling[0m pattern-matching v0.1.0 (/home/runner/work/comprehensive-rust/comprehensive-rust/src/pattern-matching)
2026-04-28T16:11:51.3871361Z [1m[92m   Compiling[0m references v0.1.0 (/home/runner/work/comprehensive-rust/comprehensive-rust/src/references)
2026-04-28T16:11:51.4022843Z [1m[92m   Compiling[0m iterators v0.1.0 (/home/runner/work/comprehensive-rust/comprehensive-rust/src/iterators)
2026-04-28T16:11:51.4275668Z [1m[92m   Compiling[0m methods-and-traits v0.1.0 (/home/runner/work/comprehensive-rust/comprehensive-rust/src/methods-and-traits)
2026-04-28T16:12:21.7478110Z [1m[92m    Finished[0m `dev` profile [unoptimized + debuginfo] target(s) in 54.89s
2026-04-28T16:12:21.8034889Z ##[group]Run cargo test
2026-04-28T16:12:21.8035172Z [36;1mcargo test[0m
2026-04-28T16:12:21.8087611Z shell: /usr/bin/bash -e {0}
2026-04-28T16:12:21.8087852Z env:
2026-04-28T16:12:21.8088029Z   CARGO_TERM_COLOR: always
2026-04-28T16:12:21.8088260Z   CACHE_ON_FAILURE: false
2026-04-28T16:12:21.8088479Z   CARGO_INCREMENTAL: 0
2026-04-28T16:12:21.8088679Z ##[endgroup]
2026-04-28T16:12:22.0037120Z [1m[92m   Compiling[0m demo v0.0.0 (/home/runner/work/comprehensive-rust/comprehensive-rust/third_party/cxx/blobstore)
2026-04-28T16:12:22.0039237Z [1m[92m   Compiling[0m allocator-example v0.1.0 (/home/runner/work/comprehensive-rust/comprehensive-rust/src/bare-metal/useful-crates/allocator-example)
2026-04-28T16:12:22.0054994Z [1m[92m   Compiling[0m chat-async v0.1.0 (/home/runner/work/comprehensive-rust/comprehensive-rust/src/concurrency/async-exercises/chat-async)
2026-04-28T16:12:22.0057704Z [1m[92m   Compiling[0m sync-exercises v0.1.0 (/home/runner/work/comprehensive-rust/comprehensive-rust/src/concurrency/sync-exercises)
2026-04-28T16:12:23.1994797Z [1m[92m   Compiling[0m mdbook-exerciser v0.1.0 (/home/runner/work/comprehensive-rust/comprehensive-rust/mdbook-exerciser)
2026-04-28T16:12:23.2025215Z [1m[92m   Compiling[0m android-testing v0.1.0 (/home/runner/work/comprehensive-rust/comprehensive-rust/src/android/testing)
2026-04-28T16:12:23.3572122Z [1m[92m   Compiling[0m mdbook-course v0.1.0 (/home/runner/work/comprehensive-rust/comprehensive-rust/mdbook-course)
2026-04-28T16:12:23.6804727Z [1m[92m   Compiling[0m xtask v0.1.0 (/home/runner/work/comprehensive-rust/comprehensive-rust/xtask)
2026-04-28T16:12:23.7784316Z [1m[92m   Compiling[0m unsafe-rust v0.1.0 (/home/runner/work/comprehensive-rust/comprehensive-rust/src/unsafe-rust)
2026-04-28T16:12:23.8092408Z [1m[92m   Compiling[0m error-handling v0.1.0 (/home/runner/work/comprehensive-rust/comprehensive-rust/src/error-handling)
2026-04-28T16:12:23.8800841Z [1m[92m   Compiling[0m zerocopy-example v0.1.0 (/home/runner/work/comprehensive-rust/comprehensive-rust/src/bare-metal/useful-crates/zerocopy-example)
2026-04-28T16:12:23.9427407Z [1m[92m   Compiling[0m lifetimes v0.1.0 (/home/runner/work/comprehensive-rust/comprehensive-rust/src/lifetimes)
2026-04-28T16:12:24.0121798Z [1m[92m   Compiling[0m smart-pointers v0.1.0 (/home/runner/work/comprehensive-rust/comprehensive-rust/src/smart-pointers)
2026-04-28T16:12:24.1274599Z [1m[92m   Compiling[0m generics v0.1.0 (/home/runner/work/comprehensive-rust/comprehensive-rust/src/generics)
2026-04-28T16:12:24.1494375Z [1m[92m   Compiling[0m testing v0.1.0 (/home/runner/work/comprehensive-rust/comprehensive-rust/src/testing)
2026-04-28T16:12:24.2174530Z [1m[92m   Compiling[0m types-and-values v0.1.0 (/home/runner/work/comprehensive-rust/comprehensive-rust/src/types-and-values)
2026-04-28T16:12:24.2324883Z [1m[92m   Compiling[0m tuples-and-arrays v0.1.0 (/home/runner/work/comprehensive-rust/comprehensive-rust/src/tuples-and-arrays)
2026-04-28T16:12:24.2964665Z [1m[92m   Compiling[0m user-defined-types v0.1.0 (/home/runner/work/comprehensive-rust/comprehensive-rust/src/user-defined-types)
2026-04-28T16:12:24.2980963Z [1m[92m   Compiling[0m control-flow-basics v0.1.0 (/home/runner/work/comprehensive-rust/comprehensive-rust/src/control-flow-basics)
2026-04-28T16:12:24.3194763Z [1m[92m   Compiling[0m pattern-matching v0.1.0 (/home/runner/work/comprehensive-rust/comprehensive-rust/src/pattern-matching)
2026-04-28T16:12:24.3714916Z [1m[92m   Compiling[0m references v0.1.0 (/home/runner/work/comprehensive-rust/comprehensive-rust/src/references)
2026-04-28T16:12:24.4217205Z [1m[92m   Compiling[0m modules v0.1.0 (/home/runner/work/comprehensive-rust/comprehensive-rust/src/modules)
2026-04-28T16:12:24.4295266Z [1m[92m   Compiling[0m iterators v0.1.0 (/home/runner/work/comprehensive-rust/comprehensive-rust/src/iterators)
2026-04-28T16:12:24.4726925Z [1m[92m   Compiling[0m borrowing v0.1.0 (/home/runner/work/comprehensive-rust/comprehensive-rust/src/borrowing)
2026-04-28T16:12:24.4834582Z [1m[92m   Compiling[0m std-types v0.1.0 (/home/runner/work/comprehensive-rust/comprehensive-rust/src/std-types)
2026-04-28T16:12:24.5454385Z [1m[92m   Compiling[0m std-traits v0.1.0 (/home/runner/work/comprehensive-rust/comprehensive-rust/src/std-traits)
2026-04-28T16:12:24.5965022Z [1m[92m   Compiling[0m methods-and-traits v0.1.0 (/home/runner/work/comprehensive-rust/comprehensive-rust/src/methods-and-traits)
2026-04-28T16:12:24.6005659Z [1m[92m   Compiling[0m memory-management v0.1.0 (/home/runner/work/comprehensive-rust/comprehensive-rust/src/memory-management)
2026-04-28T16:12:24.7170877Z [1m[92m    Finished[0m `test` profile [unoptimized + debuginfo] target(s) in 2.89s
2026-04-28T16:12:24.7342675Z [1m[92m     Running[0m unittests src/main.rs (target/debug/deps/allocator_example-a98fb9702c53c40c)
2026-04-28T16:12:24.7355010Z 
2026-04-28T16:12:24.7355188Z running 0 tests
2026-04-28T16:12:24.7355506Z 
2026-04-28T16:12:24.7356107Z test result: ok. 0 passed; 0 failed; 0 ignored; 0 measured; 0 filtered out; finished in 0.00s
2026-04-28T16:12:24.7356473Z 
2026-04-28T16:12:24.7358369Z [1m[92m     Running[0m unittests src/lib.rs (target/debug/deps/android_testing-7adf78b280b5148a)
2026-04-28T16:12:24.7367112Z 
2026-04-28T16:12:24.7367244Z running 2 tests
2026-04-28T16:12:24.7375443Z test tests::long_string ... ok
2026-04-28T16:12:24.7375957Z test tests::short_string ... ok
2026-04-28T16:12:24.7376240Z 
2026-04-28T16:12:24.7376662Z test result: ok. 2 passed; 0 failed; 0 ignored; 0 measured; 0 filtered out; finished in 0.00s
2026-04-28T16:12:24.7377571Z 
2026-04-28T16:12:24.7379790Z [1m[92m     Running[0m unittests googletest.rs (target/debug/examples/googletest_example-d7a17ab3809684b3)
2026-04-28T16:12:24.7384235Z 
2026-04-28T16:12:24.7384369Z running 2 tests
2026-04-28T16:12:24.7386819Z test test_elements_are ... ok
2026-04-28T16:12:24.7390302Z test test_multiline_string_diff - should panic ... ok
2026-04-28T16:12:24.7390674Z 
2026-04-28T16:12:24.7390952Z test result: ok. 2 passed; 0 failed; 0 ignored; 0 measured; 0 filtered out; finished in 0.00s
2026-04-28T16:12:24.7391305Z 
2026-04-28T16:12:24.7393655Z [1m[92m     Running[0m unittests mockall.rs (target/debug/examples/mockall_example-5b220798d11702c5)
2026-04-28T16:12:24.7403024Z 
2026-04-28T16:12:24.7403195Z running 2 tests
2026-04-28T16:12:24.7405710Z test test_robot_cat ... ok
2026-04-28T16:12:24.7406083Z test test_robot_dog ... ok
2026-04-28T16:12:24.7406245Z 
2026-04-28T16:12:24.7406507Z test result: ok. 2 passed; 0 failed; 0 ignored; 0 measured; 0 filtered out; finished in 0.00s
2026-04-28T16:12:24.7406854Z 
2026-04-28T16:12:24.7408717Z [1m[92m     Running[0m unittests exercise.rs (target/debug/deps/borrowing-952fb228e6101f4d)
2026-04-28T16:12:24.7417322Z 
2026-04-28T16:12:24.7417485Z running 5 tests
2026-04-28T16:12:24.7421007Z test tests::test_add_spell ... ok
2026-04-28T16:12:24.7421488Z test tests::test_cast_spell ... ok
2026-04-28T16:12:24.7422028Z test tests::test_cast_spell_insufficient_mana ... ok
2026-04-28T16:12:24.7422848Z test tests::test_cast_spell_not_found ... ok
2026-04-28T16:12:24.7423360Z test tests::test_cast_spell_removal ... ok
2026-04-28T16:12:24.7423692Z 
2026-04-28T16:12:24.7424098Z test result: ok. 5 passed; 0 failed; 0 ignored; 0 measured; 0 filtered out; finished in 0.00s
2026-04-28T16:12:24.7424673Z 
2026-04-28T16:12:24.7425294Z [1m[92m     Running[0m unittests src/bin/client.rs (target/debug/deps/client-874c464136a9052e)
2026-04-28T16:12:24.7432460Z 
2026-04-28T16:12:24.7432975Z running 0 tests
2026-04-28T16:12:24.7434492Z 
2026-04-28T16:12:24.7434927Z test result: ok. 0 passed; 0 failed; 0 ignored; 0 measured; 0 filtered out; finished in 0.00s
2026-04-28T16:12:24.7435495Z 
2026-04-28T16:12:24.7436263Z [1m[92m     Running[0m unittests src/bin/server.rs (target/debug/deps/server-20e5304593a2d97e)
2026-04-28T16:12:24.7444111Z 
2026-04-28T16:12:24.7444276Z running 0 tests
2026-04-28T16:12:24.7445858Z 
2026-04-28T16:12:24.7446549Z test result: ok. 0 passed; 0 failed; 0 ignored; 0 measured; 0 filtered out; finished in 0.00s
2026-04-28T16:12:24.7447021Z 
2026-04-28T16:12:24.7447638Z [1m[92m     Running[0m unittests exercise.rs (target/debug/deps/collatz-0c5994046f068556)
2026-04-28T16:12:24.7455707Z 
2026-04-28T16:12:24.7455874Z running 1 test
2026-04-28T16:12:24.7457843Z test test_collatz_length ... ok
2026-04-28T16:12:24.7458137Z 
2026-04-28T16:12:24.7458391Z test result: ok. 1 passed; 0 failed; 0 ignored; 0 measured; 0 filtered out; finished in 0.00s
2026-04-28T16:12:24.7458748Z 
2026-04-28T16:12:24.7460287Z [1m[92m     Running[0m unittests src/main.rs (target/debug/deps/demo-5584b78ee20b4507)
2026-04-28T16:12:24.7475732Z 
2026-04-28T16:12:24.7475902Z running 0 tests
2026-04-28T16:12:24.7478210Z 
2026-04-28T16:12:24.7478647Z test result: ok. 0 passed; 0 failed; 0 ignored; 0 measured; 0 filtered out; finished in 0.00s
2026-04-28T16:12:24.7479239Z 
2026-04-28T16:12:24.7479875Z [1m[92m     Running[0m unittests exercise.rs (target/debug/deps/parser-29be442368982178)
2026-04-28T16:12:24.7488020Z 
2026-04-28T16:12:24.7488184Z running 2 tests
2026-04-28T16:12:24.7490478Z test test::test_error ... ok
2026-04-28T16:12:24.7490862Z test test::test_ok ... ok
2026-04-28T16:12:24.7491022Z 
2026-04-28T16:12:24.7491302Z test result: ok. 2 passed; 0 failed; 0 ignored; 0 measured; 0 filtered out; finished in 0.00s
2026-04-28T16:12:24.7491642Z 
2026-04-28T16:12:24.7493241Z [1m[92m     Running[0m unittests exercise.rs (target/debug/deps/generics-a0637378aa2465cb)
2026-04-28T16:12:24.7501872Z 
2026-04-28T16:12:24.7502029Z running 3 tests
2026-04-28T16:12:24.7504339Z test chars ... ok
2026-04-28T16:12:24.7504721Z test integers ... ok
2026-04-28T16:12:24.7505098Z test strings ... ok
2026-04-28T16:12:24.7505306Z 
2026-04-28T16:12:24.7505760Z test result: ok. 3 passed; 0 failed; 0 ignored; 0 measured; 0 filtered out; finished in 0.00s
2026-04-28T16:12:24.7506373Z 
2026-04-28T16:12:24.7507561Z [1m[92m     Running[0m unittests exercise.rs (target/debug/deps/offset_differences-2947481b356d11c1)
2026-04-28T16:12:24.7516584Z 
2026-04-28T16:12:24.7516751Z running 3 tests
2026-04-28T16:12:24.7519055Z test test_degenerate_cases ... ok
2026-04-28T16:12:24.7519532Z test test_larger_offsets ... ok
2026-04-28T16:12:24.7519955Z test test_offset_one ... ok
2026-04-28T16:12:24.7520215Z 
2026-04-28T16:12:24.7520681Z test result: ok. 3 passed; 0 failed; 0 ignored; 0 measured; 0 filtered out; finished in 0.00s
2026-04-28T16:12:24.7521212Z 
2026-04-28T16:12:24.7522078Z [1m[92m     Running[0m unittests exercise.rs (target/debug/deps/protobuf-66a34928d09577fb)
2026-04-28T16:12:24.7531108Z 
2026-04-28T16:12:24.7531345Z running 5 tests
2026-04-28T16:12:24.7535589Z test test_full_person ... ok
2026-04-28T16:12:24.7536026Z test test_id ... ok
2026-04-28T16:12:24.7536382Z test test_just_person ... ok
2026-04-28T16:12:24.7536920Z test test_name ... ok
2026-04-28T16:12:24.7537267Z test test_phone ... ok
2026-04-28T16:12:24.7537422Z 
2026-04-28T16:12:24.7537679Z test result: ok. 5 passed; 0 failed; 0 ignored; 0 measured; 0 filtered out; finished in 0.00s
2026-04-28T16:12:24.7538020Z 
2026-04-28T16:12:24.7539268Z [1m[92m     Running[0m unittests src/lib.rs (target/debug/deps/mdbook_course-c93c6697c083c13d)
2026-04-28T16:12:24.7548763Z 
2026-04-28T16:12:24.7549351Z running 14 tests
2026-04-28T16:12:24.7553202Z test markdown::test::duration_hour ... ok
2026-04-28T16:12:24.7553928Z test markdown::test::duration_hours ... ok
2026-04-28T16:12:24.7554503Z test markdown::test::duration_hour_mins ... ok
2026-04-28T16:12:24.7555038Z test markdown::test::duration_hours_mins ... ok
2026-04-28T16:12:24.7555404Z test markdown::test::duration_no_time ... ok
2026-04-28T16:12:24.7555720Z test markdown::test::duration_seven_minutes ... ok
2026-04-28T16:12:24.7556675Z test markdown::test::duration_single_minute ... ok
2026-04-28T16:12:24.7558796Z test markdown::test::relative_link_parent_dir ... ok
2026-04-28T16:12:24.7560928Z test markdown::test::duration_two_minutes ... ok
2026-04-28T16:12:24.7561786Z test markdown::test::relative_link_deep_parent_dir ... ok
2026-04-28T16:12:24.7562432Z test markdown::test::relative_link_peer_dir ... ok
2026-04-28T16:12:24.7563058Z test markdown::test::relative_link_same_dir ... ok
2026-04-28T16:12:24.7563493Z test markdown::test::relative_link_subdir ... ok
2026-04-28T16:12:24.7563884Z test markdown::test::table ... ok
2026-04-28T16:12:24.7564063Z 
2026-04-28T16:12:24.7564304Z test result: ok. 14 passed; 0 failed; 0 ignored; 0 measured; 0 filtered out; finished in 0.00s
2026-04-28T16:12:24.7564647Z 
2026-04-28T16:12:24.7565329Z [1m[92m     Running[0m unittests src/bin/course-content.rs (target/debug/deps/course_content-533adef124ea691e)
2026-04-28T16:12:24.7570510Z 
2026-04-28T16:12:24.7570679Z running 0 tests
2026-04-28T16:12:24.7572317Z 
2026-04-28T16:12:24.7573044Z test result: ok. 0 passed; 0 failed; 0 ignored; 0 measured; 0 filtered out; finished in 0.00s
2026-04-28T16:12:24.7573667Z 
2026-04-28T16:12:24.7574640Z [1m[92m     Running[0m unittests src/bin/course-schedule.rs (target/debug/deps/course_schedule-087112ef4a1cefbf)
2026-04-28T16:12:24.7582297Z 
2026-04-28T16:12:24.7582417Z running 0 tests
2026-04-28T16:12:24.7583066Z 
2026-04-28T16:12:24.7583683Z test result: ok. 0 passed; 0 failed; 0 ignored; 0 measured; 0 filtered out; finished in 0.00s
2026-04-28T16:12:24.7584301Z 
2026-04-28T16:12:24.7586004Z [1m[92m     Running[0m unittests src/bin/mdbook-course.rs (target/debug/deps/mdbook_course-cfd16e75158ff657)
2026-04-28T16:12:24.7594546Z 
2026-04-28T16:12:24.7594921Z running 0 tests
2026-04-28T16:12:24.7596279Z 
2026-04-28T16:12:24.7596715Z test result: ok. 0 passed; 0 failed; 0 ignored; 0 measured; 0 filtered out; finished in 0.00s
2026-04-28T16:12:24.7598048Z [1m[92m     Running[0m unittests src/lib.rs (target/debug/deps/mdbook_exerciser-74092d87f3d696a6)
2026-04-28T16:12:24.7598552Z 
2026-04-28T16:12:24.7606079Z 
2026-04-28T16:12:24.7606225Z running 0 tests
2026-04-28T16:12:24.7607851Z 
2026-04-28T16:12:24.7608286Z test result: ok. 0 passed; 0 failed; 0 ignored; 0 measured; 0 filtered out; finished in 0.00s
2026-04-28T16:12:24.7608806Z 
2026-04-28T16:12:24.7609520Z [1m[92m     Running[0m unittests src/main.rs (target/debug/deps/mdbook_exerciser-6b12afab7909c2bd)
2026-04-28T16:12:24.7617395Z 
2026-04-28T16:12:24.7617563Z running 0 tests
2026-04-28T16:12:24.7619138Z 
2026-04-28T16:12:24.7619565Z test result: ok. 0 passed; 0 failed; 0 ignored; 0 measured; 0 filtered out; finished in 0.00s
2026-04-28T16:12:24.7620108Z 
2026-04-28T16:12:24.7620901Z [1m[92m     Running[0m unittests exercise.rs (target/debug/deps/package_builder-fd684dd0659d2c63)
2026-04-28T16:12:24.7628752Z 
2026-04-28T16:12:24.7628917Z running 0 tests
2026-04-28T16:12:24.7630516Z 
2026-04-28T16:12:24.7630931Z test result: ok. 0 passed; 0 failed; 0 ignored; 0 measured; 0 filtered out; finished in 0.00s
2026-04-28T16:12:24.7631498Z 
2026-04-28T16:12:24.7632351Z [1m[92m     Running[0m unittests exercise.rs (target/debug/deps/methods_and_traits-b2249e0261e78827)
2026-04-28T16:12:24.7640002Z 
2026-04-28T16:12:24.7640155Z running 0 tests
2026-04-28T16:12:24.7641736Z 
2026-04-28T16:12:24.7642166Z test result: ok. 0 passed; 0 failed; 0 ignored; 0 measured; 0 filtered out; finished in 0.00s
2026-04-28T16:12:24.7643521Z [1m[92m     Running[0m unittests exercise.rs (target/debug/deps/modules-29b09cb9b9e1d41a)
2026-04-28T16:12:24.7644089Z 
2026-04-28T16:12:24.7651305Z 
2026-04-28T16:12:24.7651463Z running 0 tests
2026-04-28T16:12:24.7653260Z 
2026-04-28T16:12:24.7653724Z test result: ok. 0 passed; 0 failed; 0 ignored; 0 measured; 0 filtered out; finished in 0.00s
2026-04-28T16:12:24.7654118Z 
2026-04-28T16:12:24.7654582Z [1m[92m     Running[0m unittests exercise.rs (target/debug/deps/eval-bc4823ac70c3a7f2)
2026-04-28T16:12:24.7663279Z 
2026-04-28T16:12:24.7663411Z running 5 tests
2026-04-28T16:12:24.7667467Z test test_div ... ok
2026-04-28T16:12:24.7669531Z test test_sum ... ok
2026-04-28T16:12:24.7669904Z test test_recursion ... ok
2026-04-28T16:12:24.7670289Z test test_zeros ... ok
2026-04-28T16:12:24.7670888Z test test_value ... ok
2026-04-28T16:12:24.7671127Z 
2026-04-28T16:12:24.7671447Z test result: ok. 5 passed; 0 failed; 0 ignored; 0 measured; 0 filtered out; finished in 0.00s
2026-04-28T16:12:24.7671883Z 
2026-04-28T16:12:24.7672478Z [1m[92m     Running[0m unittests exercise.rs (target/debug/deps/references-36edda414059a3f4)
2026-04-28T16:12:24.7679254Z 
2026-04-28T16:12:24.7679402Z running 0 tests
2026-04-28T16:12:24.7680988Z 
2026-04-28T16:12:24.7681448Z test result: ok. 0 passed; 0 failed; 0 ignored; 0 measured; 0 filtered out; finished in 0.00s
2026-04-28T16:12:24.7682075Z 
2026-04-28T16:12:24.7682788Z [1m[92m     Running[0m unittests exercise.rs (target/debug/deps/binary_tree-60034782604b130b)
2026-04-28T16:12:24.7691071Z 
2026-04-28T16:12:24.7691241Z running 3 tests
2026-04-28T16:12:24.7694722Z test tests::has ... ok
2026-04-28T16:12:24.7695170Z test tests::len ... ok
2026-04-28T16:12:24.7697378Z test tests::unbalanced ... ok
2026-04-28T16:12:24.7698291Z [1m[92m     Running[0m unittests exercise.rs (target/debug/deps/std_traits-df996dfc36f653d8)
2026-04-28T16:12:24.7698814Z 
2026-04-28T16:12:24.7699069Z test result: ok. 3 passed; 0 failed; 0 ignored; 0 measured; 0 filtered out; finished in 0.00s
2026-04-28T16:12:24.7699418Z 
2026-04-28T16:12:24.7707111Z 
2026-04-28T16:12:24.7707280Z running 2 tests
2026-04-28T16:12:24.7709782Z test test::binary ... ok
2026-04-28T16:12:24.7710169Z test test::joke ... ok
2026-04-28T16:12:24.7710402Z 
2026-04-28T16:12:24.7710820Z test result: ok. 2 passed; 0 failed; 0 ignored; 0 measured; 0 filtered out; finished in 0.00s
2026-04-28T16:12:24.7711724Z 
2026-04-28T16:12:24.7712274Z [1m[92m     Running[0m unittests exercise.rs (target/debug/deps/hashset-fbd772d24f68a96c)
2026-04-28T16:12:24.7721411Z 
2026-04-28T16:12:24.7721699Z running 0 tests
2026-04-28T16:12:24.7721915Z 
2026-04-28T16:12:24.7722184Z test result: ok. 0 passed; 0 failed; 0 ignored; 0 measured; 0 filtered out; finished in 0.00s
2026-04-28T16:12:24.7722920Z 
2026-04-28T16:12:24.7724523Z [1m[92m     Running[0m unittests dining-philosophers.rs (target/debug/deps/dining_philosophers-ab4c049fb9c90dd6)
2026-04-28T16:12:24.7733143Z 
2026-04-28T16:12:24.7733312Z running 0 tests
2026-04-28T16:12:24.7735043Z 
2026-04-28T16:12:24.7735481Z test result: ok. 0 passed; 0 failed; 0 ignored; 0 measured; 0 filtered out; finished in 0.00s
2026-04-28T16:12:24.7736036Z 
2026-04-28T16:12:24.7736827Z [1m[92m     Running[0m unittests link-checker.rs (target/debug/deps/link_checker-e8993cbd637ac3cf)
2026-04-28T16:12:24.7744773Z 
2026-04-28T16:12:24.7744940Z running 0 tests
2026-04-28T16:12:24.7746615Z 
2026-04-28T16:12:24.7747044Z test result: ok. 0 passed; 0 failed; 0 ignored; 0 measured; 0 filtered out; finished in 0.00s
2026-04-28T16:12:24.7747601Z 
2026-04-28T16:12:24.7748257Z [1m[92m     Running[0m unittests exercise.rs (target/debug/deps/luhn-420a5f3ed0d17238)
2026-04-28T16:12:24.7756154Z 
2026-04-28T16:12:24.7756305Z running 6 tests
2026-04-28T16:12:24.7760152Z test test::test_empty_cc_number ... ok
2026-04-28T16:12:24.7761803Z test test::test_non_digit_cc_number ... ok
2026-04-28T16:12:24.7762289Z test test::test_invalid_cc_number ... ok
2026-04-28T16:12:24.7762974Z test test::test_single_digit_cc_number ... ok
2026-04-28T16:12:24.7763466Z test test::test_two_digit_cc_number ... ok
2026-04-28T16:12:24.7764301Z [1m[92m     Running[0m unittests exercise.rs (target/debug/deps/transpose-710661dca0e0f551)
2026-04-28T16:12:24.7764802Z test test::test_valid_cc_number ... ok
2026-04-28T16:12:24.7764982Z 
2026-04-28T16:12:24.7765235Z test result: ok. 6 passed; 0 failed; 0 ignored; 0 measured; 0 filtered out; finished in 0.00s
2026-04-28T16:12:24.7765566Z 
2026-04-28T16:12:24.7771708Z 
2026-04-28T16:12:24.7771852Z running 1 test
2026-04-28T16:12:24.7774247Z test test_transpose ... ok
2026-04-28T16:12:24.7774514Z 
2026-04-28T16:12:24.7774773Z test result: ok. 1 passed; 0 failed; 0 ignored; 0 measured; 0 filtered out; finished in 0.00s
2026-04-28T16:12:24.7775114Z 
2026-04-28T16:12:24.7776813Z [1m[92m     Running[0m unittests exercise.rs (target/debug/deps/fizzbuzz-fd7de8ff6db49cb6)
2026-04-28T16:12:24.7785539Z 
2026-04-28T16:12:24.7785709Z running 0 tests
2026-04-28T16:12:24.7787257Z 
2026-04-28T16:12:24.7787679Z test result: ok. 0 passed; 0 failed; 0 ignored; 0 measured; 0 filtered out; finished in 0.00s
2026-04-28T16:12:24.7788253Z 
2026-04-28T16:12:24.7789074Z [1m[92m     Running[0m unittests exercise.rs (target/debug/deps/listdir-66757c0c6d450aa4)
2026-04-28T16:12:24.7796950Z 
2026-04-28T16:12:24.7797097Z running 3 tests
2026-04-28T16:12:24.7800558Z test tests::test_nonexisting_directory ... ok
2026-04-28T16:12:24.7801272Z test tests::test_empty_directory ... ok
2026-04-28T16:12:24.7803291Z test tests::test_nonempty_directory ... ok
2026-04-28T16:12:24.7803582Z 
2026-04-28T16:12:24.7804178Z test result: ok. 3 passed; 0 failed; 0 ignored; 0 measured; 0 filtered out; finished in 0.00s
2026-04-28T16:12:24.7804759Z 
2026-04-28T16:12:24.7805372Z [1m[92m     Running[0m unittests exercise.rs (target/debug/deps/elevator-756bfa1857c6c685)
2026-04-28T16:12:24.7814303Z 
2026-04-28T16:12:24.7814465Z running 0 tests
2026-04-28T16:12:24.7816007Z 
2026-04-28T16:12:24.7816419Z test result: ok. 0 passed; 0 failed; 0 ignored; 0 measured; 0 filtered out; finished in 0.00s
2026-04-28T16:12:24.7816981Z 
2026-04-28T16:12:24.7817849Z [1m[92m     Running[0m unittests src/main.rs (target/debug/deps/xtask-cc181221ad38f85c)
2026-04-28T16:12:24.7825663Z 
2026-04-28T16:12:24.7825816Z running 0 tests
2026-04-28T16:12:24.7827466Z 
2026-04-28T16:12:24.7828207Z test result: ok. 0 passed; 0 failed; 0 ignored; 0 measured; 0 filtered out; finished in 0.00s
2026-04-28T16:12:24.7828700Z 
2026-04-28T16:12:24.7829391Z [1m[92m     Running[0m unittests src/main.rs (target/debug/deps/zerocopy_example-1d7820f832b87d63)
2026-04-28T16:12:24.7837264Z 
2026-04-28T16:12:24.7837418Z running 0 tests
2026-04-28T16:12:24.7838990Z 
2026-04-28T16:12:24.7839405Z test result: ok. 0 passed; 0 failed; 0 ignored; 0 measured; 0 filtered out; finished in 0.00s
2026-04-28T16:12:24.7839984Z 
2026-04-28T16:12:24.7840223Z [1m[92m   Doc-tests[0m android_testing
2026-04-28T16:12:26.5870831Z 
2026-04-28T16:12:26.5871335Z running 0 tests
2026-04-28T16:12:26.5873868Z 
2026-04-28T16:12:26.6204364Z test result: ok. 0 passed; 0 failed; 0 ignored; 0 measured; 0 filtered out; finished in 0.00s
2026-04-28T16:12:26.6205106Z 
2026-04-28T16:12:26.6422962Z [1m[92m   Doc-tests[0m parser
2026-04-28T16:12:26.6822194Z 
2026-04-28T16:12:26.6822895Z running 0 tests
2026-04-28T16:12:26.6823101Z 
2026-04-28T16:12:26.6823392Z test result: ok. 0 passed; 0 failed; 0 ignored; 0 measured; 0 filtered out; finished in 0.00s
2026-04-28T16:12:26.6823781Z 
2026-04-28T16:12:26.6847197Z [1m[92m   Doc-tests[0m generics
2026-04-28T16:12:26.7006134Z 
2026-04-28T16:12:26.7006471Z running 0 tests
2026-04-28T16:12:26.7006729Z 
2026-04-28T16:12:26.7007126Z test result: ok. 0 passed; 0 failed; 0 ignored; 0 measured; 0 filtered out; finished in 0.00s
2026-04-28T16:12:26.7007703Z 
2026-04-28T16:12:26.7029137Z [1m[92m   Doc-tests[0m offset_differences
2026-04-28T16:12:26.7178146Z 
2026-04-28T16:12:26.7178533Z running 0 tests
2026-04-28T16:12:26.7178803Z 
2026-04-28T16:12:26.7179110Z test result: ok. 0 passed; 0 failed; 0 ignored; 0 measured; 0 filtered out; finished in 0.00s
2026-04-28T16:12:26.7179461Z 
2026-04-28T16:12:26.7203712Z [1m[92m   Doc-tests[0m protobuf
2026-04-28T16:12:26.7594496Z 
2026-04-28T16:12:26.7594944Z running 0 tests
2026-04-28T16:12:26.7595135Z 
2026-04-28T16:12:26.7595426Z test result: ok. 0 passed; 0 failed; 0 ignored; 0 measured; 0 filtered out; finished in 0.00s
2026-04-28T16:12:26.7595853Z 
2026-04-28T16:12:26.7621219Z [1m[92m   Doc-tests[0m mdbook_course
2026-04-28T16:12:27.2542301Z 
2026-04-28T16:12:27.2542975Z running 1 test
2026-04-28T16:12:27.2728930Z test mdbook-course/src/course.rs - course (line 18) ... ignored
2026-04-28T16:12:27.2729414Z 
2026-04-28T16:12:27.2729850Z test result: ok. 0 passed; 0 failed; 1 ignored; 0 measured; 0 filtered out; finished in 0.02s
2026-04-28T16:12:27.2730936Z 
2026-04-28T16:12:27.2763751Z [1m[92m   Doc-tests[0m mdbook_exerciser
2026-04-28T16:12:27.2943730Z 
2026-04-28T16:12:27.2944055Z running 0 tests
2026-04-28T16:12:27.2944298Z 
2026-04-28T16:12:27.2944695Z test result: ok. 0 passed; 0 failed; 0 ignored; 0 measured; 0 filtered out; finished in 0.00s
2026-04-28T16:12:27.2945058Z 
2026-04-28T16:12:27.2967624Z [1m[92m   Doc-tests[0m eval
2026-04-28T16:12:27.3127143Z 
2026-04-28T16:12:27.3127482Z running 0 tests
2026-04-28T16:12:27.3127756Z 
2026-04-28T16:12:27.3128131Z test result: ok. 0 passed; 0 failed; 0 ignored; 0 measured; 0 filtered out; finished in 0.00s
2026-04-28T16:12:27.3128483Z 
2026-04-28T16:12:27.3151173Z [1m[92m   Doc-tests[0m binary_tree
2026-04-28T16:12:27.3314304Z 
2026-04-28T16:12:27.3314919Z running 0 tests
2026-04-28T16:12:27.3315187Z 
2026-04-28T16:12:27.3315732Z test result: ok. 0 passed; 0 failed; 0 ignored; 0 measured; 0 filtered out; finished in 0.00s
2026-04-28T16:12:27.3316366Z 
2026-04-28T16:12:27.3337066Z [1m[92m   Doc-tests[0m std_traits
2026-04-28T16:12:27.3494737Z 
2026-04-28T16:12:27.3495236Z running 0 tests
2026-04-28T16:12:27.3495488Z 
2026-04-28T16:12:27.3496011Z test result: ok. 0 passed; 0 failed; 0 ignored; 0 measured; 0 filtered out; finished in 0.00s
2026-04-28T16:12:27.3496686Z 
2026-04-28T16:12:27.3517794Z [1m[92m   Doc-tests[0m luhn
2026-04-28T16:12:27.3668982Z 
2026-04-28T16:12:27.3669467Z running 0 tests
2026-04-28T16:12:27.3669707Z 
2026-04-28T16:12:27.3670189Z test result: ok. 0 passed; 0 failed; 0 ignored; 0 measured; 0 filtered out; finished in 0.00s
2026-04-28T16:12:27.3762969Z 
2026-04-28T16:12:27.3810239Z Post job cleanup.
2026-04-28T16:12:27.3863196Z Post job cleanup.
2026-04-28T16:12:27.6594758Z Cache up-to-date.
2026-04-28T16:12:27.6597425Z (node:3541) [DEP0040] DeprecationWarning: The `punycode` module is deprecated. Please use a userland alternative instead.
2026-04-28T16:12:27.6598665Z (Use `node --trace-deprecation ...` to show where the warning was created)
2026-04-28T16:12:27.6824542Z Post job cleanup.
2026-04-28T16:12:27.7682879Z [command]/usr/bin/git version
2026-04-28T16:12:27.7751950Z git version 2.54.0
2026-04-28T16:12:27.7791483Z Temporarily overriding HOME='/home/runner/work/_temp/9f9214e9-0a50-443a-af61-426c65111505' before making global git config changes
2026-04-28T16:12:27.7792742Z Adding repository directory to the temporary git global config as a safe directory
2026-04-28T16:12:27.7797523Z [command]/usr/bin/git config --global --add safe.directory /home/runner/work/comprehensive-rust/comprehensive-rust
2026-04-28T16:12:27.7827371Z Removing SSH command configuration
2026-04-28T16:12:27.7834067Z [command]/usr/bin/git config --local --name-only --get-regexp core\.sshCommand
2026-04-28T16:12:27.7868101Z [command]/usr/bin/git submodule foreach --recursive sh -c "git config --local --name-only --get-regexp 'core\.sshCommand' && git config --local --unset-all 'core.sshCommand' || :"
2026-04-28T16:12:27.8082787Z Removing HTTP extra header
2026-04-28T16:12:27.8087323Z [command]/usr/bin/git config --local --name-only --get-regexp http\.https\:\/\/github\.com\/\.extraheader
2026-04-28T16:12:27.8119721Z [command]/usr/bin/git submodule foreach --recursive sh -c "git config --local --name-only --get-regexp 'http\.https\:\/\/github\.com\/\.extraheader' && git config --local --unset-all 'http.https://github.com/.extraheader' || :"
2026-04-28T16:12:27.8330475Z Removing includeIf entries pointing to credentials config files
2026-04-28T16:12:27.8336650Z [command]/usr/bin/git config --local --name-only --get-regexp ^includeIf\.gitdir:
2026-04-28T16:12:27.8363171Z includeif.gitdir:/home/runner/work/comprehensive-rust/comprehensive-rust/.git.path
2026-04-28T16:12:27.8364345Z includeif.gitdir:/home/runner/work/comprehensive-rust/comprehensive-rust/.git/worktrees/*.path
2026-04-28T16:12:27.8365302Z includeif.gitdir:/github/workspace/.git.path
2026-04-28T16:12:27.8365970Z includeif.gitdir:/github/workspace/.git/worktrees/*.path
2026-04-28T16:12:27.8373275Z [command]/usr/bin/git config --local --get-all includeif.gitdir:/home/runner/work/comprehensive-rust/comprehensive-rust/.git.path
2026-04-28T16:12:27.8393449Z /home/runner/work/_temp/git-credentials-dc0756fd-dabc-41e2-8e5d-13d314d91cc7.config
2026-04-28T16:12:27.8405883Z [command]/usr/bin/git config --local --unset includeif.gitdir:/home/runner/work/comprehensive-rust/comprehensive-rust/.git.path /home/runner/work/_temp/git-credentials-dc0756fd-dabc-41e2-8e5d-13d314d91cc7.config
2026-04-28T16:12:27.8439093Z [command]/usr/bin/git config --local --get-all includeif.gitdir:/home/runner/work/comprehensive-rust/comprehensive-rust/.git/worktrees/*.path
2026-04-28T16:12:27.8460263Z /home/runner/work/_temp/git-credentials-dc0756fd-dabc-41e2-8e5d-13d314d91cc7.config
2026-04-28T16:12:27.8470062Z [command]/usr/bin/git config --local --unset includeif.gitdir:/home/runner/work/comprehensive-rust/comprehensive-rust/.git/worktrees/*.path /home/runner/work/_temp/git-credentials-dc0756fd-dabc-41e2-8e5d-13d314d91cc7.config
2026-04-28T16:12:27.8500199Z [command]/usr/bin/git config --local --get-all includeif.gitdir:/github/workspace/.git.path
2026-04-28T16:12:27.8520799Z /github/runner_temp/git-credentials-dc0756fd-dabc-41e2-8e5d-13d314d91cc7.config
2026-04-28T16:12:27.8530534Z [command]/usr/bin/git config --local --unset includeif.gitdir:/github/workspace/.git.path /github/runner_temp/git-credentials-dc0756fd-dabc-41e2-8e5d-13d314d91cc7.config
2026-04-28T16:12:27.8561152Z [command]/usr/bin/git config --local --get-all includeif.gitdir:/github/workspace/.git/worktrees/*.path
2026-04-28T16:12:27.8581550Z /github/runner_temp/git-credentials-dc0756fd-dabc-41e2-8e5d-13d314d91cc7.config
2026-04-28T16:12:27.8592204Z [command]/usr/bin/git config --local --unset includeif.gitdir:/github/workspace/.git/worktrees/*.path /github/runner_temp/git-credentials-dc0756fd-dabc-41e2-8e5d-13d314d91cc7.config
2026-04-28T16:12:27.8623554Z [command]/usr/bin/git submodule foreach --recursive git config --local --show-origin --name-only --get-regexp remote.origin.url
2026-04-28T16:12:27.8831711Z Removing credentials config '/home/runner/work/_temp/git-credentials-dc0756fd-dabc-41e2-8e5d-13d314d91cc7.config'
2026-04-28T16:12:27.8961465Z Cleaning up orphan processes
