2026-03-05T21:04:13.1376217Z Current runner version: '2.332.0'
2026-03-05T21:04:13.1400861Z ##[group]Runner Image Provisioner
2026-03-05T21:04:13.1401589Z Hosted Compute Agent
2026-03-05T21:04:13.1402291Z Version: 20260213.493
2026-03-05T21:04:13.1402858Z Commit: 5c115507f6dd24b8de37d8bbe0bb4509d0cc0fa3
2026-03-05T21:04:13.1403534Z Build Date: 2026-02-13T00:28:41Z
2026-03-05T21:04:13.1404261Z Worker ID: {c0b610dd-e7f7-454f-bdc0-722941af202e}
2026-03-05T21:04:13.1404958Z Azure Region: eastus
2026-03-05T21:04:13.1405518Z ##[endgroup]
2026-03-05T21:04:13.1407426Z ##[group]Operating System
2026-03-05T21:04:13.1408229Z Ubuntu
2026-03-05T21:04:13.1408672Z 24.04.3
2026-03-05T21:04:13.1409271Z LTS
2026-03-05T21:04:13.1409700Z ##[endgroup]
2026-03-05T21:04:13.1410195Z ##[group]Runner Image
2026-03-05T21:04:13.1410731Z Image: ubuntu-24.04
2026-03-05T21:04:13.1411273Z Version: 20260302.42.1
2026-03-05T21:04:13.1412406Z Included Software: https://github.com/actions/runner-images/blob/ubuntu24/20260302.42/images/ubuntu/Ubuntu2404-Readme.md
2026-03-05T21:04:13.1414028Z Image Release: https://github.com/actions/runner-images/releases/tag/ubuntu24%2F20260302.42
2026-03-05T21:04:13.1414950Z ##[endgroup]
2026-03-05T21:04:13.1416003Z ##[group]GITHUB_TOKEN Permissions
2026-03-05T21:04:13.1418372Z Contents: read
2026-03-05T21:04:13.1419141Z Metadata: read
2026-03-05T21:04:13.1419618Z ##[endgroup]
2026-03-05T21:04:13.1421678Z Secret source: None
2026-03-05T21:04:13.1422634Z Prepare workflow directory
2026-03-05T21:04:13.1803303Z Prepare all required actions
2026-03-05T21:04:13.1841201Z Getting action download info
2026-03-05T21:04:13.5644610Z Download action repository 'actions/checkout@v6.0.2' (SHA:de0fac2e4500dabe0009e67214ff5f5447ce83dd)
2026-03-05T21:04:13.7135318Z Download action repository 'actions/setup-python@v6.2.0' (SHA:a309ff8b426b58ec0e2a45f0f869d46889d02405)
2026-03-05T21:04:13.7989112Z Download action repository 'actions/cache@v5.0.3' (SHA:cdf6c1fa76f9f475f3d7449005a359c84ca0f306)
2026-03-05T21:04:13.9042669Z Download action repository 'actions/upload-artifact@v7.0.0' (SHA:bbbca2ddaa5d8feaa63e36b76fdaad77386f024f)
2026-03-05T21:04:14.3297886Z Complete job name: run / 3.14 / ubuntu-latest
2026-03-05T21:04:14.4111389Z ##[group]Run actions/checkout@v6.0.2
2026-03-05T21:04:14.4112821Z with:
2026-03-05T21:04:14.4113681Z   repository: pylint-dev/pylint
2026-03-05T21:04:14.4114989Z   token: ***
2026-03-05T21:04:14.4115820Z   ssh-strict: true
2026-03-05T21:04:14.4116672Z   ssh-user: git
2026-03-05T21:04:14.4117539Z   persist-credentials: true
2026-03-05T21:04:14.4118692Z   clean: true
2026-03-05T21:04:14.4119559Z   sparse-checkout-cone-mode: true
2026-03-05T21:04:14.4120614Z   fetch-depth: 1
2026-03-05T21:04:14.4121465Z   fetch-tags: false
2026-03-05T21:04:14.4122352Z   show-progress: true
2026-03-05T21:04:14.4123231Z   lfs: false
2026-03-05T21:04:14.4124043Z   submodules: false
2026-03-05T21:04:14.4124941Z   set-safe-directory: true
2026-03-05T21:04:14.4126126Z env:
2026-03-05T21:04:14.4126920Z   CACHE_VERSION: 5
2026-03-05T21:04:14.4127909Z   KEY_PREFIX: venv
2026-03-05T21:04:14.4128784Z ##[endgroup]
2026-03-05T21:04:14.5088543Z Syncing repository: pylint-dev/pylint
2026-03-05T21:04:14.5091582Z ##[group]Getting Git version info
2026-03-05T21:04:14.5092865Z Working directory is '/home/runner/work/pylint/pylint'
2026-03-05T21:04:14.5094845Z [command]/usr/bin/git version
2026-03-05T21:04:14.5137205Z git version 2.53.0
2026-03-05T21:04:14.5161534Z ##[endgroup]
2026-03-05T21:04:14.5176640Z Temporarily overriding HOME='/home/runner/work/_temp/68177e96-9b4c-4b73-850f-b2b01248b6b1' before making global git config changes
2026-03-05T21:04:14.5180066Z Adding repository directory to the temporary git global config as a safe directory
2026-03-05T21:04:14.5182920Z [command]/usr/bin/git config --global --add safe.directory /home/runner/work/pylint/pylint
2026-03-05T21:04:14.5220833Z Deleting the contents of '/home/runner/work/pylint/pylint'
2026-03-05T21:04:14.5225241Z ##[group]Initializing the repository
2026-03-05T21:04:14.5229925Z [command]/usr/bin/git init /home/runner/work/pylint/pylint
2026-03-05T21:04:14.5325045Z hint: Using 'master' as the name for the initial branch. This default branch name
2026-03-05T21:04:14.5327333Z hint: will change to "main" in Git 3.0. To configure the initial branch name
2026-03-05T21:04:14.5330469Z hint: to use in all of your new repositories, which will suppress this warning,
2026-03-05T21:04:14.5333029Z hint: call:
2026-03-05T21:04:14.5334316Z hint:
2026-03-05T21:04:14.5335917Z hint: 	git config --global init.defaultBranch <name>
2026-03-05T21:04:14.5338104Z hint:
2026-03-05T21:04:14.5340020Z hint: Names commonly chosen instead of 'master' are 'main', 'trunk' and
2026-03-05T21:04:14.5343222Z hint: 'development'. The just-created branch can be renamed via this command:
2026-03-05T21:04:14.5345631Z hint:
2026-03-05T21:04:14.5346846Z hint: 	git branch -m <name>
2026-03-05T21:04:14.5348606Z hint:
2026-03-05T21:04:14.5349866Z hint: Disable this message with "git config set advice.defaultBranchName false"
2026-03-05T21:04:14.5351858Z Initialized empty Git repository in /home/runner/work/pylint/pylint/.git/
2026-03-05T21:04:14.5356135Z [command]/usr/bin/git remote add origin https://github.com/pylint-dev/pylint
2026-03-05T21:04:14.5379512Z ##[endgroup]
2026-03-05T21:04:14.5382083Z ##[group]Disabling automatic garbage collection
2026-03-05T21:04:14.5384281Z [command]/usr/bin/git config --local gc.auto 0
2026-03-05T21:04:14.5415106Z ##[endgroup]
2026-03-05T21:04:14.5417477Z ##[group]Setting up auth
2026-03-05T21:04:14.5419403Z Removing SSH command configuration
2026-03-05T21:04:14.5422812Z [command]/usr/bin/git config --local --name-only --get-regexp core\.sshCommand
2026-03-05T21:04:14.5458635Z [command]/usr/bin/git submodule foreach --recursive sh -c "git config --local --name-only --get-regexp 'core\.sshCommand' && git config --local --unset-all 'core.sshCommand' || :"
2026-03-05T21:04:14.5780039Z Removing HTTP extra header
2026-03-05T21:04:14.5786393Z [command]/usr/bin/git config --local --name-only --get-regexp http\.https\:\/\/github\.com\/\.extraheader
2026-03-05T21:04:14.5823752Z [command]/usr/bin/git submodule foreach --recursive sh -c "git config --local --name-only --get-regexp 'http\.https\:\/\/github\.com\/\.extraheader' && git config --local --unset-all 'http.https://github.com/.extraheader' || :"
2026-03-05T21:04:14.6048585Z Removing includeIf entries pointing to credentials config files
2026-03-05T21:04:14.6055013Z [command]/usr/bin/git config --local --name-only --get-regexp ^includeIf\.gitdir:
2026-03-05T21:04:14.6090297Z [command]/usr/bin/git submodule foreach --recursive git config --local --show-origin --name-only --get-regexp remote.origin.url
2026-03-05T21:04:14.6333036Z [command]/usr/bin/git config --file /home/runner/work/_temp/git-credentials-853efba0-f137-4bf3-9c1a-738d27fe6755.config http.https://github.com/.extraheader AUTHORIZATION: basic ***
2026-03-05T21:04:14.6372028Z [command]/usr/bin/git config --local includeIf.gitdir:/home/runner/work/pylint/pylint/.git.path /home/runner/work/_temp/git-credentials-853efba0-f137-4bf3-9c1a-738d27fe6755.config
2026-03-05T21:04:14.6405258Z [command]/usr/bin/git config --local includeIf.gitdir:/home/runner/work/pylint/pylint/.git/worktrees/*.path /home/runner/work/_temp/git-credentials-853efba0-f137-4bf3-9c1a-738d27fe6755.config
2026-03-05T21:04:14.6439777Z [command]/usr/bin/git config --local includeIf.gitdir:/github/workspace/.git.path /github/runner_temp/git-credentials-853efba0-f137-4bf3-9c1a-738d27fe6755.config
2026-03-05T21:04:14.6473367Z [command]/usr/bin/git config --local includeIf.gitdir:/github/workspace/.git/worktrees/*.path /github/runner_temp/git-credentials-853efba0-f137-4bf3-9c1a-738d27fe6755.config
2026-03-05T21:04:14.6509816Z ##[endgroup]
2026-03-05T21:04:14.6512236Z ##[group]Fetching the repository
2026-03-05T21:04:14.6520175Z [command]/usr/bin/git -c protocol.version=2 fetch --no-tags --prune --no-recurse-submodules --depth=1 origin +fba7ead2fff0ca297655021b24510892a3fe9cdd:refs/remotes/pull/10889/merge
2026-03-05T21:04:15.1632666Z From https://github.com/pylint-dev/pylint
2026-03-05T21:04:15.1636439Z  * [new ref]         fba7ead2fff0ca297655021b24510892a3fe9cdd -> pull/10889/merge
2026-03-05T21:04:15.1671242Z ##[endgroup]
2026-03-05T21:04:15.1673513Z ##[group]Determining the checkout info
2026-03-05T21:04:15.1675965Z ##[endgroup]
2026-03-05T21:04:15.1679240Z [command]/usr/bin/git sparse-checkout disable
2026-03-05T21:04:15.1733286Z [command]/usr/bin/git config --local --unset-all extensions.worktreeConfig
2026-03-05T21:04:15.1765065Z ##[group]Checking out the ref
2026-03-05T21:04:15.1768454Z [command]/usr/bin/git checkout --progress --force refs/remotes/pull/10889/merge
2026-03-05T21:04:15.3542706Z Note: switching to 'refs/remotes/pull/10889/merge'.
2026-03-05T21:04:15.3544055Z 
2026-03-05T21:04:15.3544967Z You are in 'detached HEAD' state. You can look around, make experimental
2026-03-05T21:04:15.3546755Z changes and commit them, and you can discard any commits you make in this
2026-03-05T21:04:15.3548870Z state without impacting any branches by switching back to a branch.
2026-03-05T21:04:15.3549992Z 
2026-03-05T21:04:15.3550901Z If you want to create a new branch to retain commits you create, you may
2026-03-05T21:04:15.3552578Z do so (now or later) by using -c with the switch command. Example:
2026-03-05T21:04:15.3553532Z 
2026-03-05T21:04:15.3553897Z   git switch -c <new-branch-name>
2026-03-05T21:04:15.3554567Z 
2026-03-05T21:04:15.3554919Z Or undo this operation with:
2026-03-05T21:04:15.3555720Z 
2026-03-05T21:04:15.3556123Z   git switch -
2026-03-05T21:04:15.3556807Z 
2026-03-05T21:04:15.3557961Z Turn off this advice by setting config variable advice.detachedHead to false
2026-03-05T21:04:15.3559076Z 
2026-03-05T21:04:15.3560309Z HEAD is now at fba7ead Merge 161ade01b5c55da689b52e0ed4ebbbb0f4b6d197 into 125cb0472a91042690ac6ed686bacb3fcf239cfb
2026-03-05T21:04:15.3563997Z ##[endgroup]
2026-03-05T21:04:15.3595379Z [command]/usr/bin/git log -1 --format=%H
2026-03-05T21:04:15.3621454Z fba7ead2fff0ca297655021b24510892a3fe9cdd
2026-03-05T21:04:15.3927544Z ##[group]Run actions/setup-python@v6.2.0
2026-03-05T21:04:15.3928883Z with:
2026-03-05T21:04:15.3929546Z   python-version: 3.14
2026-03-05T21:04:15.3930333Z   allow-prereleases: true
2026-03-05T21:04:15.3931145Z   check-latest: true
2026-03-05T21:04:15.3932132Z   token: ***
2026-03-05T21:04:15.3932874Z   update-environment: true
2026-03-05T21:04:15.3933695Z   freethreaded: false
2026-03-05T21:04:15.3934421Z env:
2026-03-05T21:04:15.3935047Z   CACHE_VERSION: 5
2026-03-05T21:04:15.3935740Z   KEY_PREFIX: venv
2026-03-05T21:04:15.3936436Z ##[endgroup]
2026-03-05T21:04:15.5283963Z ##[group]Installed versions
2026-03-05T21:04:15.9203491Z Resolved as '3.14.3'
2026-03-05T21:04:15.9234579Z Successfully set up CPython (3.14.3)
2026-03-05T21:04:15.9236199Z ##[endgroup]
2026-03-05T21:04:15.9980215Z ##[group]Run echo "key=venv-5--0108d17befae22114857a2cc8ef3042b3ba9ace9a893b90f9968ab4f8317b76e" >> $GITHUB_OUTPUT
2026-03-05T21:04:15.9981380Z [36;1mecho "key=venv-5--0108d17befae22114857a2cc8ef3042b3ba9ace9a893b90f9968ab4f8317b76e" >> $GITHUB_OUTPUT[0m
2026-03-05T21:04:16.0249602Z shell: /usr/bin/bash -e {0}
2026-03-05T21:04:16.0250041Z env:
2026-03-05T21:04:16.0250360Z   CACHE_VERSION: 5
2026-03-05T21:04:16.0250715Z   KEY_PREFIX: venv
2026-03-05T21:04:16.0251150Z   pythonLocation: /opt/hostedtoolcache/Python/3.14.3/x64
2026-03-05T21:04:16.0251783Z   PKG_CONFIG_PATH: /opt/hostedtoolcache/Python/3.14.3/x64/lib/pkgconfig
2026-03-05T21:04:16.0252404Z   Python_ROOT_DIR: /opt/hostedtoolcache/Python/3.14.3/x64
2026-03-05T21:04:16.0252961Z   Python2_ROOT_DIR: /opt/hostedtoolcache/Python/3.14.3/x64
2026-03-05T21:04:16.0253526Z   Python3_ROOT_DIR: /opt/hostedtoolcache/Python/3.14.3/x64
2026-03-05T21:04:16.0254083Z   LD_LIBRARY_PATH: /opt/hostedtoolcache/Python/3.14.3/x64/lib
2026-03-05T21:04:16.0254630Z ##[endgroup]
2026-03-05T21:04:16.1109675Z ##[group]Run actions/cache@v5.0.3
2026-03-05T21:04:16.1110136Z with:
2026-03-05T21:04:16.1110476Z   path: venv
2026-03-05T21:04:16.1111049Z   key: Linux-3.14.3-venv-5--0108d17befae22114857a2cc8ef3042b3ba9ace9a893b90f9968ab4f8317b76e
2026-03-05T21:04:16.1111905Z   enableCrossOsArchive: false
2026-03-05T21:04:16.1112348Z   fail-on-cache-miss: false
2026-03-05T21:04:16.1112746Z   lookup-only: false
2026-03-05T21:04:16.1113124Z   save-always: false
2026-03-05T21:04:16.1113481Z env:
2026-03-05T21:04:16.1113821Z   CACHE_VERSION: 5
2026-03-05T21:04:16.1114185Z   KEY_PREFIX: venv
2026-03-05T21:04:16.1114641Z   pythonLocation: /opt/hostedtoolcache/Python/3.14.3/x64
2026-03-05T21:04:16.1115288Z   PKG_CONFIG_PATH: /opt/hostedtoolcache/Python/3.14.3/x64/lib/pkgconfig
2026-03-05T21:04:16.1115927Z   Python_ROOT_DIR: /opt/hostedtoolcache/Python/3.14.3/x64
2026-03-05T21:04:16.1116512Z   Python2_ROOT_DIR: /opt/hostedtoolcache/Python/3.14.3/x64
2026-03-05T21:04:16.1117140Z   Python3_ROOT_DIR: /opt/hostedtoolcache/Python/3.14.3/x64
2026-03-05T21:04:16.1117856Z   LD_LIBRARY_PATH: /opt/hostedtoolcache/Python/3.14.3/x64/lib
2026-03-05T21:04:16.1118358Z ##[endgroup]
2026-03-05T21:04:16.3029872Z Cache hit for: Linux-3.14.3-venv-5--0108d17befae22114857a2cc8ef3042b3ba9ace9a893b90f9968ab4f8317b76e
2026-03-05T21:04:16.5520813Z Received 24949644 of 24949644 (100.0%), 116.1 MBs/sec
2026-03-05T21:04:16.5521767Z Cache Size: ~24 MB (24949644 B)
2026-03-05T21:04:16.5552820Z [command]/usr/bin/tar -xf /home/runner/work/_temp/42b741c5-9597-4294-92cb-350bf026aaca/cache.tzst -P -C /home/runner/work/pylint/pylint --use-compress-program unzstd
2026-03-05T21:04:16.8955719Z Cache restored successfully
2026-03-05T21:04:16.9080638Z Cache restored from key: Linux-3.14.3-venv-5--0108d17befae22114857a2cc8ef3042b3ba9ace9a893b90f9968ab4f8317b76e
2026-03-05T21:04:16.9225133Z ##[group]Run . venv/bin/activate
2026-03-05T21:04:16.9225499Z [36;1m. venv/bin/activate[0m
2026-03-05T21:04:16.9225786Z [36;1mpip install . --no-deps[0m
2026-03-05T21:04:16.9226135Z [36;1mpip list | grep 'astroid\|pylint'[0m
2026-03-05T21:04:16.9226624Z [36;1mpython -m pytest --durations=10 --benchmark-disable --cov --cov-report= tests/[0m
2026-03-05T21:04:16.9279178Z shell: /usr/bin/bash -e {0}
2026-03-05T21:04:16.9279478Z env:
2026-03-05T21:04:16.9279699Z   CACHE_VERSION: 5
2026-03-05T21:04:16.9279932Z   KEY_PREFIX: venv
2026-03-05T21:04:16.9280250Z   pythonLocation: /opt/hostedtoolcache/Python/3.14.3/x64
2026-03-05T21:04:16.9280729Z   PKG_CONFIG_PATH: /opt/hostedtoolcache/Python/3.14.3/x64/lib/pkgconfig
2026-03-05T21:04:16.9281192Z   Python_ROOT_DIR: /opt/hostedtoolcache/Python/3.14.3/x64
2026-03-05T21:04:16.9281608Z   Python2_ROOT_DIR: /opt/hostedtoolcache/Python/3.14.3/x64
2026-03-05T21:04:16.9282045Z   Python3_ROOT_DIR: /opt/hostedtoolcache/Python/3.14.3/x64
2026-03-05T21:04:16.9282493Z   LD_LIBRARY_PATH: /opt/hostedtoolcache/Python/3.14.3/x64/lib
2026-03-05T21:04:16.9282840Z ##[endgroup]
2026-03-05T21:04:21.5916545Z Processing ./.
2026-03-05T21:04:21.5943999Z   Installing build dependencies: started
2026-03-05T21:04:22.4312233Z   Installing build dependencies: finished with status 'done'
2026-03-05T21:04:22.4318430Z   Getting requirements to build wheel: started
2026-03-05T21:04:23.3172920Z   Getting requirements to build wheel: finished with status 'done'
2026-03-05T21:04:23.3183027Z   Preparing metadata (pyproject.toml): started
2026-03-05T21:04:23.6280966Z   Preparing metadata (pyproject.toml): finished with status 'done'
2026-03-05T21:04:23.6324225Z Building wheels for collected packages: pylint
2026-03-05T21:04:23.6332340Z   Building wheel for pylint (pyproject.toml): started
2026-03-05T21:04:24.1899020Z   Building wheel for pylint (pyproject.toml): finished with status 'done'
2026-03-05T21:04:24.1912871Z   Created wheel for pylint: filename=pylint-4.1.0.dev0-py3-none-any.whl size=538739 sha256=bbeb86df7bdd511c45f075f6d5398031d9cd4b04bfd94acce54ac0c28a29d308
2026-03-05T21:04:24.1915282Z   Stored in directory: /tmp/pip-ephem-wheel-cache-8_j6m093/wheels/60/f5/bf/7a8716dce7aab05014dd7d16157fe460fb4e8ab8eeefc6abf6
2026-03-05T21:04:24.1955683Z Successfully built pylint
2026-03-05T21:04:24.1958421Z Installing collected packages: pylint
2026-03-05T21:04:24.1960138Z   Attempting uninstall: pylint
2026-03-05T21:04:24.1994205Z     Found existing installation: pylint 4.1.0.dev0
2026-03-05T21:04:24.2159924Z     Uninstalling pylint-4.1.0.dev0:
2026-03-05T21:04:24.2188859Z       Successfully uninstalled pylint-4.1.0.dev0
2026-03-05T21:04:24.6869256Z Successfully installed pylint-4.1.0.dev0
2026-03-05T21:04:25.0945349Z astroid            4.1.1
2026-03-05T21:04:25.0945798Z pylint             4.1.0.dev0
2026-03-05T21:04:31.7794466Z ============================= test session starts ==============================
2026-03-05T21:04:31.7795298Z platform linux -- Python 3.14.3, pytest-9.0.2, pluggy-1.6.0
2026-03-05T21:04:31.7798990Z benchmark: 5.2.3 (defaults: timer=time.perf_counter disable_gc=False min_rounds=5 min_time=0.000005 max_time=1.0 calibration_precision=10 warmup=False warmup_iterations=100000)
2026-03-05T21:04:31.7800279Z rootdir: /home/runner/work/pylint/pylint
2026-03-05T21:04:31.7800765Z configfile: pyproject.toml
2026-03-05T21:04:31.7801590Z plugins: benchmark-5.2.3, cov-7.0.0, xdist-3.8.0, timeout-2.4.0
2026-03-05T21:04:31.7802388Z collected 2298 items
2026-03-05T21:04:31.7802769Z 
2026-03-05T21:04:32.8774444Z tests/benchmark/test_baseline_benchmarks.py ...........                  [  0%]
2026-03-05T21:04:32.8795173Z tests/checkers/base/unittest_base.py s                                   [  0%]
2026-03-05T21:04:32.8941778Z tests/checkers/base/unittest_multi_naming_style.py ....                  [  0%]
2026-03-05T21:04:32.8994427Z tests/checkers/base/unittest_name_preset.py ....                         [  0%]
2026-03-05T21:04:32.9143171Z tests/checkers/unittest_base_checker.py ....                             [  1%]
2026-03-05T21:04:32.9810202Z tests/checkers/unittest_deprecated.py ..........................         [  2%]
2026-03-05T21:04:32.9888274Z tests/checkers/unittest_design.py ...                                    [  2%]
2026-03-05T21:04:33.0180007Z tests/checkers/unittest_format.py ...........                            [  2%]
2026-03-05T21:04:33.7163086Z tests/checkers/unittest_imports.py ........                              [  3%]
2026-03-05T21:04:33.7414824Z tests/checkers/unittest_misc.py ...........                              [  3%]
2026-03-05T21:04:33.9221597Z tests/checkers/unittest_non_ascii_name.py ..........................x    [  4%]
2026-03-05T21:04:37.5838442Z tests/checkers/unittest_refactoring.py ..                                [  4%]
2026-03-05T21:04:38.3882384Z tests/checkers/unittest_spelling.py .................................... [  6%]
2026-03-05T21:04:38.7080165Z .......                                                                  [  6%]
2026-03-05T21:04:38.7108952Z tests/checkers/unittest_stdlib.py .                                      [  6%]
2026-03-05T21:04:38.7119262Z tests/checkers/unittest_strings.py .                                     [  6%]
2026-03-05T21:04:38.7557131Z tests/checkers/unittest_symilar.py .....................                 [  7%]
2026-03-05T21:04:39.2444214Z tests/checkers/unittest_typecheck.py .......                             [  8%]
2026-03-05T21:04:39.3919712Z tests/checkers/unittest_unicode/unittest_bad_chars.py .................. [  8%]
2026-03-05T21:04:39.4670786Z ..................................                                       [ 10%]
2026-03-05T21:04:39.5021386Z tests/checkers/unittest_unicode/unittest_bidirectional_unicode.py ...... [ 10%]
2026-03-05T21:04:39.5979689Z .............................................                            [ 12%]
2026-03-05T21:04:39.6140105Z tests/checkers/unittest_unicode/unittest_functions.py .................. [ 13%]
2026-03-05T21:04:39.6908906Z ........................................................................ [ 16%]
2026-03-05T21:04:39.6930972Z ..                                                                       [ 16%]
2026-03-05T21:04:39.8228145Z tests/checkers/unittest_unicode/unittest_invalid_encoding.py xx........x [ 17%]
2026-03-05T21:04:39.8463244Z ...........                                                              [ 17%]
2026-03-05T21:04:40.0115727Z tests/checkers/unittest_utils.py ....................................... [ 19%]
2026-03-05T21:04:40.1193894Z .......                                                                  [ 19%]
2026-03-05T21:04:40.1608798Z tests/checkers/unittest_variables.py ..........                          [ 19%]
2026-03-05T21:04:41.1748691Z tests/config/pylint_config/test_pylint_config_generate.py ....           [ 20%]
2026-03-05T21:04:41.3913926Z tests/config/pylint_config/test_pylint_config_help.py .                  [ 20%]
2026-03-05T21:04:41.3928981Z tests/config/pylint_config/test_pylint_config_utils.py .                 [ 20%]
2026-03-05T21:04:41.4374999Z tests/config/pylint_config/test_run_pylint_config.py .                   [ 20%]
2026-03-05T21:04:41.7793806Z tests/config/test_argparse_config.py ......                              [ 20%]
2026-03-05T21:04:44.6291591Z tests/config/test_config.py ....................                         [ 21%]
2026-03-05T21:04:44.7473576Z tests/config/test_find_default_config_files.py .................         [ 22%]
2026-03-05T21:04:47.0524706Z tests/config/test_functional_config_loading.py ......................... [ 23%]
2026-03-05T21:04:47.6110878Z .....                                                                    [ 23%]
2026-03-05T21:04:47.7164057Z tests/config/test_per_directory_config.py .                              [ 23%]
2026-03-05T21:04:47.7330041Z tests/extensions/test_check_docs_utils.py ...............                [ 24%]
2026-03-05T21:04:47.7461047Z tests/extensions/test_private_import.py .....                            [ 24%]
2026-03-05T21:04:47.7485530Z tests/functional/r/redundant_unittest_assert.py ss                       [ 24%]
2026-03-05T21:04:47.7599579Z tests/lint/test_caching.py .....ss....                                   [ 24%]
2026-03-05T21:04:48.0311461Z tests/lint/test_pylinter.py ....                                         [ 25%]
2026-03-05T21:04:48.1137606Z tests/lint/test_run_pylint.py ..                                         [ 25%]
2026-03-05T21:04:48.1641522Z tests/lint/test_utils.py ...                                             [ 25%]
2026-03-05T21:04:48.1916692Z tests/lint/unittest_expand_modules.py ...........                        [ 25%]
2026-03-05T21:04:49.5279323Z tests/lint/unittest_lint.py ............................................ [ 27%]
2026-03-05T21:04:52.1878997Z .......................                                                  [ 28%]
2026-03-05T21:04:52.2210847Z tests/message/test_no_removed_msgid_or_symbol_used.py .                  [ 28%]
2026-03-05T21:04:52.2237550Z tests/message/unittest_message.py .                                      [ 28%]
2026-03-05T21:04:52.2392414Z tests/message/unittest_message_definition.py .......                     [ 29%]
2026-03-05T21:04:52.2775213Z tests/message/unittest_message_definition_store.py .................     [ 29%]
2026-03-05T21:04:52.3371060Z tests/message/unittest_message_id_store.py ........                      [ 30%]
2026-03-05T21:04:52.3582949Z tests/primer/test_primer_stdlib.py sssssssssssssssssssssssssssssssssssss [ 31%]
2026-03-05T21:04:52.3989811Z ssssssssssssssssssssssssssssssssssssssssssssssssssssssssssssssssssssssss [ 34%]
2026-03-05T21:04:52.4394650Z ssssssssssssssssssssssssssssssssssssssssssssssssssssssssssssssssssssssss [ 38%]
2026-03-05T21:04:52.4455153Z ssssssssss                                                               [ 38%]
2026-03-05T21:04:52.8904678Z tests/pyreverse/test_diadefs.py ......................................   [ 40%]
2026-03-05T21:04:52.8975262Z tests/pyreverse/test_diagrams.py .                                       [ 40%]
2026-03-05T21:04:52.9312461Z tests/pyreverse/test_inspector.py ........                               [ 40%]
2026-03-05T21:04:52.9906483Z tests/pyreverse/test_main.py .............................               [ 41%]
2026-03-05T21:04:53.0007899Z tests/pyreverse/test_printer.py ..........                               [ 42%]
2026-03-05T21:04:53.0046366Z tests/pyreverse/test_printer_factory.py ....                             [ 42%]
2026-03-05T21:04:54.1004689Z tests/pyreverse/test_pyreverse_functional.py .....................       [ 43%]
2026-03-05T21:04:54.1265272Z tests/pyreverse/test_utils.py ......................                     [ 44%]
2026-03-05T21:04:54.2569675Z tests/pyreverse/test_writer.py ....................                      [ 45%]
2026-03-05T21:04:54.3622720Z tests/reporters/unittest_json_reporter.py .......                        [ 45%]
2026-03-05T21:04:54.6074196Z tests/reporters/unittest_reporting.py ..........                         [ 45%]
2026-03-05T21:05:09.6187380Z tests/test_check_parallel.py ..........................................  [ 47%]
2026-03-05T21:05:09.7490798Z tests/test_func.py ............                                          [ 48%]
2026-03-05T21:05:15.6730566Z tests/test_functional.py ..................s............................ [ 50%]
2026-03-05T21:05:23.8968651Z ........................................................................ [ 53%]
2026-03-05T21:05:30.8951520Z ...........s............................................................ [ 56%]
2026-03-05T21:05:37.9173421Z ........................................................................ [ 59%]
2026-03-05T21:05:44.9657422Z ...................................s..........s......................... [ 62%]
2026-03-05T21:05:51.9288778Z ........................................................................ [ 65%]
2026-03-05T21:05:58.3164555Z ........................................................................ [ 69%]
2026-03-05T21:06:04.6616712Z ........................................................................ [ 72%]
2026-03-05T21:06:10.9097652Z ...................................................s...............s.... [ 75%]
2026-03-05T21:06:16.9896836Z .................................................s..ss.................. [ 78%]
2026-03-05T21:06:23.6076566Z ................................s....................................... [ 81%]
2026-03-05T21:06:30.3144364Z ......s................................................................. [ 84%]
2026-03-05T21:06:35.7430416Z ................................................                         [ 86%]
2026-03-05T21:06:35.9155663Z tests/test_functional_directories.py .                                   [ 86%]
2026-03-05T21:06:36.1274754Z tests/test_import_graph.py ......                                        [ 87%]
2026-03-05T21:06:36.1382678Z tests/test_numversion.py ...........                                     [ 87%]
2026-03-05T21:06:36.1494453Z tests/test_pragma_parser.py .............                                [ 88%]
2026-03-05T21:06:39.6349430Z tests/test_pylint_runners.py .............................               [ 89%]
2026-03-05T21:06:40.5225997Z tests/test_regr.py ..................                                    [ 90%]
2026-03-05T21:06:44.8732632Z tests/test_self.py .............x....................................... [ 92%]
2026-03-05T21:06:54.0125454Z .................F...................................................... [ 95%]
2026-03-05T21:06:58.7041977Z ...........................                                              [ 96%]
2026-03-05T21:06:59.9686056Z tests/test_similar.py ..............                                     [ 97%]
2026-03-05T21:06:59.9709694Z tests/testutils/_primer/test_package_to_lint.py ..                       [ 97%]
2026-03-05T21:06:59.9798579Z tests/testutils/_primer/test_primer.py ..sssssss                         [ 97%]
2026-03-05T21:06:59.9818487Z tests/testutils/test_configuration_test.py .                             [ 97%]
2026-03-05T21:07:00.1071505Z tests/testutils/test_functional_testutils.py ................            [ 98%]
2026-03-05T21:07:00.8771361Z tests/testutils/test_lint_module_output_update.py ...........            [ 99%]
2026-03-05T21:07:00.8828761Z tests/testutils/test_output_line.py .....                                [ 99%]
2026-03-05T21:07:00.8853791Z tests/testutils/test_pyreverse_testutils.py ...                          [ 99%]
2026-03-05T21:07:00.8941394Z tests/testutils/test_testutils_utils.py ........                         [ 99%]
2026-03-05T21:07:00.8965226Z tests/utils/unittest_ast_walker.py ..                                    [ 99%]
2026-03-05T21:07:11.0425716Z tests/utils/unittest_utils.py ..                                         [100%]
2026-03-05T21:07:11.0428291Z 
2026-03-05T21:07:11.0428621Z =================================== FAILURES ===================================
2026-03-05T21:07:11.0429629Z ________ TestRunTC.test_do_not_import_files_from_local_directory[args1] ________
2026-03-05T21:07:11.0430330Z 
2026-03-05T21:07:11.0430660Z self = <test_self.TestRunTC object at 0x7f2117cbb9d0>
2026-03-05T21:07:11.0431663Z tmp_path = PosixPath('/tmp/pytest-of-runner/pytest-0/test_do_not_import_files_from_1')
2026-03-05T21:07:11.0432514Z args = ['-j2', '--disable=import-error,unused-import']
2026-03-05T21:07:11.0432904Z 
2026-03-05T21:07:11.0433069Z     @pytest.mark.parametrize(
2026-03-05T21:07:11.0433465Z         "args",
2026-03-05T21:07:11.0433759Z         [
2026-03-05T21:07:11.0434129Z             ["--disable=import-error,unused-import"],
2026-03-05T21:07:11.0434768Z             # Test with multiple jobs for 'hmac.py' for which we have a
2026-03-05T21:07:11.0435508Z             # CVE against: https://github.com/pylint-dev/pylint/issues/959
2026-03-05T21:07:11.0436176Z             ["-j2", "--disable=import-error,unused-import"],
2026-03-05T21:07:11.0436609Z         ],
2026-03-05T21:07:11.0436874Z     )
2026-03-05T21:07:11.0437217Z     def test_do_not_import_files_from_local_directory(
2026-03-05T21:07:11.0437907Z         self, tmp_path: Path, args: list[str]
2026-03-05T21:07:11.0438664Z     ) -> None:
2026-03-05T21:07:11.0439009Z         for path in ("astroid.py", "hmac.py"):
2026-03-05T21:07:11.0439434Z             file_path = tmp_path / path
2026-03-05T21:07:11.0439822Z             file_path.write_text("'Docstring'\nimport completely_unknown\n")
2026-03-05T21:07:11.0440289Z             pylint_call = [sys.executable, "-m", "pylint", *args, path]
2026-03-05T21:07:11.0440708Z             with _test_cwd(tmp_path):
2026-03-05T21:07:11.0441284Z >               subprocess.check_output(pylint_call, cwd=str(tmp_path))
2026-03-05T21:07:11.0441723Z 
2026-03-05T21:07:11.0441875Z tests/test_self.py:988: 
2026-03-05T21:07:11.0442382Z _ _ _ _ _ _ _ _ _ _ _ _ _ _ _ _ _ _ _ _ _ _ _ _ _ _ _ _ _ _ _ _ _ _ _ _ _ _ _ _ 
2026-03-05T21:07:11.0443229Z /opt/hostedtoolcache/Python/3.14.3/x64/lib/python3.14/subprocess.py:472: in check_output
2026-03-05T21:07:11.0444104Z     return run(*popenargs, stdout=PIPE, timeout=timeout, check=True,
2026-03-05T21:07:11.0444790Z _ _ _ _ _ _ _ _ _ _ _ _ _ _ _ _ _ _ _ _ _ _ _ _ _ _ _ _ _ _ _ _ _ _ _ _ _ _ _ _ 
2026-03-05T21:07:11.0445190Z 
2026-03-05T21:07:11.0445481Z input = None, capture_output = False, timeout = None, check = True
2026-03-05T21:07:11.0446625Z popenargs = (['/home/runner/work/pylint/pylint/venv/bin/python', '-m', 'pylint', '-j2', '--disable=import-error,unused-import', 'astroid.py'],)
2026-03-05T21:07:11.0448185Z kwargs = {'cwd': '/tmp/pytest-of-runner/pytest-0/test_do_not_import_files_from_1', 'stdout': -1}
2026-03-05T21:07:11.0449268Z process = <Popen: returncode: 1 args: ['/home/runner/work/pylint/pylint/venv/bin/pytho...>
2026-03-05T21:07:11.0450043Z stdout = b'', stderr = None, retcode = 1
2026-03-05T21:07:11.0450366Z 
2026-03-05T21:07:11.0450519Z     def run(*popenargs,
2026-03-05T21:07:11.0451090Z             input=None, capture_output=False, timeout=None, check=False, **kwargs):
2026-03-05T21:07:11.0451841Z         """Run command with arguments and return a CompletedProcess instance.
2026-03-05T21:07:11.0452192Z     
2026-03-05T21:07:11.0452485Z         The returned instance will have attributes args, returncode, stdout and
2026-03-05T21:07:11.0452983Z         stderr. By default, stdout and stderr are not captured, and those attributes
2026-03-05T21:07:11.0453485Z         will be None. Pass stdout=PIPE and/or stderr=PIPE in order to capture them,
2026-03-05T21:07:11.0453896Z         or pass capture_output=True to capture both.
2026-03-05T21:07:11.0454167Z     
2026-03-05T21:07:11.0454622Z         If check is True and the exit code was non-zero, it raises a
2026-03-05T21:07:11.0455080Z         CalledProcessError. The CalledProcessError object will have the return code
2026-03-05T21:07:11.0455584Z         in the returncode attribute, and output & stderr attributes if those streams
2026-03-05T21:07:11.0455963Z         were captured.
2026-03-05T21:07:11.0456161Z     
2026-03-05T21:07:11.0456409Z         If timeout (seconds) is given and the process takes too long,
2026-03-05T21:07:11.0456776Z          a TimeoutExpired exception will be raised.
2026-03-05T21:07:11.0457040Z     
2026-03-05T21:07:11.0457268Z         There is an optional argument "input", allowing you to
2026-03-05T21:07:11.0457903Z         pass bytes or a string to the subprocess's stdin.  If you use this argument
2026-03-05T21:07:11.0458378Z         you may not also use the Popen constructor's "stdin" argument, as
2026-03-05T21:07:11.0458731Z         it will be used internally.
2026-03-05T21:07:11.0458964Z     
2026-03-05T21:07:11.0459247Z         By default, all communication is in bytes, and therefore any "input" should
2026-03-05T21:07:11.0459714Z         be bytes, and the stdout and stderr will be bytes. If in text mode, any
2026-03-05T21:07:11.0460167Z         "input" should be a string, and stdout and stderr will be strings decoded
2026-03-05T21:07:11.0460627Z         according to locale encoding, or by "encoding" if set. Text mode is
2026-03-05T21:07:11.0461094Z         triggered by setting any of text, encoding, errors or universal_newlines.
2026-03-05T21:07:11.0461570Z     
2026-03-05T21:07:11.0461826Z         The other arguments are the same as for the Popen constructor.
2026-03-05T21:07:11.0462150Z         """
2026-03-05T21:07:11.0462368Z         if input is not None:
2026-03-05T21:07:11.0462677Z             if kwargs.get('stdin') is not None:
2026-03-05T21:07:11.0463071Z                 raise ValueError('stdin and input arguments may not both be used.')
2026-03-05T21:07:11.0463443Z             kwargs['stdin'] = PIPE
2026-03-05T21:07:11.0463676Z     
2026-03-05T21:07:11.0463848Z         if capture_output:
2026-03-05T21:07:11.0464172Z             if kwargs.get('stdout') is not None or kwargs.get('stderr') is not None:
2026-03-05T21:07:11.0464634Z                 raise ValueError('stdout and stderr arguments may not be used '
2026-03-05T21:07:11.0465013Z                                  'with capture_output.')
2026-03-05T21:07:11.0465290Z             kwargs['stdout'] = PIPE
2026-03-05T21:07:11.0465539Z             kwargs['stderr'] = PIPE
2026-03-05T21:07:11.0465760Z     
2026-03-05T21:07:11.0465974Z         with Popen(*popenargs, **kwargs) as process:
2026-03-05T21:07:11.0466257Z             try:
2026-03-05T21:07:11.0466538Z                 stdout, stderr = process.communicate(input, timeout=timeout)
2026-03-05T21:07:11.0466895Z             except TimeoutExpired as exc:
2026-03-05T21:07:11.0467463Z                 process.kill()
2026-03-05T21:07:11.0468038Z                 if _mswindows:
2026-03-05T21:07:11.0468588Z                     # Windows accumulates the output in a single blocking
2026-03-05T21:07:11.0469268Z                     # read() call run on child threads, with the timeout
2026-03-05T21:07:11.0469715Z                     # being done in a join() on those threads.  communicate()
2026-03-05T21:07:11.0470114Z                     # _after_ kill() is required to collect that and add it
2026-03-05T21:07:11.0470436Z                     # to the exception.
2026-03-05T21:07:11.0470744Z                     exc.stdout, exc.stderr = process.communicate()
2026-03-05T21:07:11.0471056Z                 else:
2026-03-05T21:07:11.0471324Z                     # POSIX _communicate already populated the output so
2026-03-05T21:07:11.0471675Z                     # far into the TimeoutExpired exception.
2026-03-05T21:07:11.0471972Z                     process.wait()
2026-03-05T21:07:11.0472204Z                 raise
2026-03-05T21:07:11.0472494Z             except:  # Including KeyboardInterrupt, communicate handled that.
2026-03-05T21:07:11.0473034Z                 process.kill()
2026-03-05T21:07:11.0473330Z                 # We don't call process.wait() as .__exit__ does that for us.
2026-03-05T21:07:11.0473640Z                 raise
2026-03-05T21:07:11.0473850Z             retcode = process.poll()
2026-03-05T21:07:11.0474101Z             if check and retcode:
2026-03-05T21:07:11.0474397Z >               raise CalledProcessError(retcode, process.args,
2026-03-05T21:07:11.0474742Z                                          output=stdout, stderr=stderr)
2026-03-05T21:07:11.0475617Z E               subprocess.CalledProcessError: Command '['/home/runner/work/pylint/pylint/venv/bin/python', '-m', 'pylint', '-j2', '--disable=import-error,unused-import', 'astroid.py']' returned non-zero exit status 1.
2026-03-05T21:07:11.0476355Z 
2026-03-05T21:07:11.0476615Z /opt/hostedtoolcache/Python/3.14.3/x64/lib/python3.14/subprocess.py:577: CalledProcessError
2026-03-05T21:07:11.0477139Z ----------------------------- Captured stderr call -----------------------------
2026-03-05T21:07:11.0477504Z Traceback (most recent call last):
2026-03-05T21:07:11.0483071Z   File "/opt/hostedtoolcache/Python/3.14.3/x64/lib/python3.14/multiprocessing/forkserver.py", line 344, in main
2026-03-05T21:07:11.0483665Z     code = _serve_one(child_r, fds,
2026-03-05T21:07:11.0483931Z                       unused_fds,
2026-03-05T21:07:11.0484163Z                       old_handlers)
2026-03-05T21:07:11.0484717Z   File "/opt/hostedtoolcache/Python/3.14.3/x64/lib/python3.14/multiprocessing/forkserver.py", line 384, in _serve_one
2026-03-05T21:07:11.0485451Z     code = spawn._main(child_r, parent_sentinel)
2026-03-05T21:07:11.0486007Z   File "/opt/hostedtoolcache/Python/3.14.3/x64/lib/python3.14/multiprocessing/spawn.py", line 132, in _main
2026-03-05T21:07:11.0486539Z     self = reduction.pickle.load(from_parent)
2026-03-05T21:07:11.0487115Z   File "/home/runner/work/pylint/pylint/venv/lib/python3.14/site-packages/pylint/lint/__init__.py", line 21, in <module>
2026-03-05T21:07:11.0487958Z     from pylint.lint.caching import load_results, save_results
2026-03-05T21:07:11.0488586Z   File "/home/runner/work/pylint/pylint/venv/lib/python3.14/site-packages/pylint/lint/caching.py", line 12, in <module>
2026-03-05T21:07:11.0489137Z     from pylint.constants import PYLINT_HOME
2026-03-05T21:07:11.0489683Z   File "/home/runner/work/pylint/pylint/venv/lib/python3.14/site-packages/pylint/constants.py", line 11, in <module>
2026-03-05T21:07:11.0490204Z     import astroid
2026-03-05T21:07:11.0490654Z   File "/tmp/pytest-of-runner/pytest-0/test_do_not_import_files_from_1/astroid.py", line 2, in <module>
2026-03-05T21:07:11.0491133Z     import completely_unknown
2026-03-05T21:07:11.0491430Z ModuleNotFoundError: No module named 'completely_unknown'
2026-03-05T21:07:11.0491763Z Traceback (most recent call last):
2026-03-05T21:07:11.0492104Z   File "<frozen runpy>", line 198, in _run_module_as_main
2026-03-05T21:07:11.0492486Z   File "<frozen runpy>", line 88, in _run_code
2026-03-05T21:07:11.0493046Z   File "/home/runner/work/pylint/pylint/venv/lib/python3.14/site-packages/pylint/__main__.py", line 10, in <module>
2026-03-05T21:07:11.0493550Z     pylint.run_pylint()
2026-03-05T21:07:11.0493750Z     ~~~~~~~~~~~~~~~~~^^
2026-03-05T21:07:11.0494219Z   File "/home/runner/work/pylint/pylint/venv/lib/python3.14/site-packages/pylint/__init__.py", line 34, in run_pylint
2026-03-05T21:07:11.0494736Z     PylintRun(argv or sys.argv[1:])
2026-03-05T21:07:11.0494974Z     ~~~~~~~~~^^^^^^^^^^^^^^^^^^^^^^
2026-03-05T21:07:11.0495475Z   File "/home/runner/work/pylint/pylint/venv/lib/python3.14/site-packages/pylint/lint/run.py", line 239, in __init__
2026-03-05T21:07:11.0495969Z     linter.check(args)
2026-03-05T21:07:11.0496167Z     ~~~~~~~~~~~~^^^^^^
2026-03-05T21:07:11.0496654Z   File "/home/runner/work/pylint/pylint/venv/lib/python3.14/site-packages/pylint/lint/pylinter.py", line 726, in check
2026-03-05T21:07:11.0497167Z     check_parallel(
2026-03-05T21:07:11.0497346Z     ~~~~~~~~~~~~~~^
2026-03-05T21:07:11.0497807Z         self,
2026-03-05T21:07:11.0498019Z         ^^^^^
2026-03-05T21:07:11.0498182Z     ...<2 lines>...
2026-03-05T21:07:11.0498377Z         extra_packages_paths,
2026-03-05T21:07:11.0498598Z         ^^^^^^^^^^^^^^^^^^^^^
2026-03-05T21:07:11.0498789Z     )
2026-03-05T21:07:11.0498944Z     ^
2026-03-05T21:07:11.0499455Z   File "/home/runner/work/pylint/pylint/venv/lib/python3.14/site-packages/pylint/lint/parallel.py", line 168, in check_parallel
2026-03-05T21:07:11.0500056Z     ) in executor.map(_worker_check_single_file, files):
2026-03-05T21:07:11.0500368Z          ~~~~~~~~~~~~^^^^^^^^^^^^^^^^^^^^^^^^^^^^^^^^^^
2026-03-05T21:07:11.0500891Z   File "/opt/hostedtoolcache/Python/3.14.3/x64/lib/python3.14/concurrent/futures/process.py", line 850, in map
2026-03-05T21:07:11.0501419Z     results = super().map(partial(_process_chunk, fn),
2026-03-05T21:07:11.0501768Z                           itertools.batched(zip(*iterables), chunksize),
2026-03-05T21:07:11.0502091Z                           timeout=timeout,
2026-03-05T21:07:11.0502362Z                           buffersize=buffersize)
2026-03-05T21:07:11.0502862Z   File "/opt/hostedtoolcache/Python/3.14.3/x64/lib/python3.14/concurrent/futures/_base.py", line 618, in map
2026-03-05T21:07:11.0503395Z     fs = [self.submit(fn, *args) for args in zipped_iterables]
2026-03-05T21:07:11.0503701Z           ~~~~~~~~~~~^^^^^^^^^^^
2026-03-05T21:07:11.0504181Z   File "/opt/hostedtoolcache/Python/3.14.3/x64/lib/python3.14/concurrent/futures/process.py", line 816, in submit
2026-03-05T21:07:11.0504816Z     self._adjust_process_count()
2026-03-05T21:07:11.0505047Z     ~~~~~~~~~~~~~~~~~~~~~~~~~~^^
2026-03-05T21:07:11.0505576Z   File "/opt/hostedtoolcache/Python/3.14.3/x64/lib/python3.14/concurrent/futures/process.py", line 775, in _adjust_process_count
2026-03-05T21:07:11.0506115Z     self._spawn_process()
2026-03-05T21:07:11.0506327Z     ~~~~~~~~~~~~~~~~~~~^^
2026-03-05T21:07:11.0506822Z   File "/opt/hostedtoolcache/Python/3.14.3/x64/lib/python3.14/concurrent/futures/process.py", line 793, in _spawn_process
2026-03-05T21:07:11.0507333Z     p.start()
2026-03-05T21:07:11.0507505Z     ~~~~~~~^^
2026-03-05T21:07:11.0508106Z   File "/opt/hostedtoolcache/Python/3.14.3/x64/lib/python3.14/multiprocessing/process.py", line 121, in start
2026-03-05T21:07:11.0508597Z     self._popen = self._Popen(self)
2026-03-05T21:07:11.0508840Z                   ~~~~~~~~~~~^^^^^^
2026-03-05T21:07:11.0509327Z   File "/opt/hostedtoolcache/Python/3.14.3/x64/lib/python3.14/multiprocessing/context.py", line 300, in _Popen
2026-03-05T21:07:11.0509830Z     return Popen(process_obj)
2026-03-05T21:07:11.0510345Z   File "/opt/hostedtoolcache/Python/3.14.3/x64/lib/python3.14/multiprocessing/popen_forkserver.py", line 35, in __init__
2026-03-05T21:07:11.0510860Z     super().__init__(process_obj)
2026-03-05T21:07:11.0511090Z     ~~~~~~~~~~~~~~~~^^^^^^^^^^^^^
2026-03-05T21:07:11.0511581Z   File "/opt/hostedtoolcache/Python/3.14.3/x64/lib/python3.14/multiprocessing/popen_fork.py", line 20, in __init__
2026-03-05T21:07:11.0512083Z     self._launch(process_obj)
2026-03-05T21:07:11.0512300Z     ~~~~~~~~~~~~^^^^^^^^^^^^^
2026-03-05T21:07:11.0512785Z   File "/opt/hostedtoolcache/Python/3.14.3/x64/lib/python3.14/multiprocessing/popen_forkserver.py", line 57, in _launch
2026-03-05T21:07:11.0513314Z     with open(w, 'wb', closefd=True) as f:
2026-03-05T21:07:11.0513572Z          ~~~~^^^^^^^^^^^^^^^^^^^^^^^
2026-03-05T21:07:11.0513818Z BrokenPipeError: [Errno 32] Broken pipe
2026-03-05T21:07:11.0514134Z ============================= slowest 10 durations =============================
2026-03-05T21:07:11.0514638Z 3.54s call     tests/checkers/unittest_refactoring.py::test_issue_5724
2026-03-05T21:07:11.0515153Z 2.14s call     tests/test_pylint_runners.py::test_pylint_run_dont_crash_with_cgroupv2[max 100000]
2026-03-05T21:07:11.0515752Z 1.73s call     tests/test_self.py::TestRunTC::test_do_not_import_files_from_local_directory[args0]
2026-03-05T21:07:11.0516321Z 1.50s call     tests/test_functional.py::test_functional[used_before_assignment_typing]
2026-03-05T21:07:11.0516994Z 1.49s call     tests/config/test_config.py::test_disable_before_enable_all_takes_effect
2026-03-05T21:07:11.0517490Z 1.49s call     tests/test_functional.py::test_functional[consider_using_with]
2026-03-05T21:07:11.0518185Z 1.05s call     tests/test_functional.py::test_functional[await_outside_async]
2026-03-05T21:07:11.0518715Z 0.92s call     tests/pyreverse/test_pyreverse_functional.py::test_class_diagrams[colorized]
2026-03-05T21:07:11.0519214Z 0.79s call     tests/test_self.py::TestRunTC::test_parallel_execution
2026-03-05T21:07:11.0519766Z 0.74s call     tests/test_check_parallel.py::TestCheckParallel::test_cyclic_import_parallel_disabled_locally
2026-03-05T21:07:11.0520295Z =========================== short test summary info ============================
2026-03-05T21:07:11.0521492Z FAILED tests/test_self.py::TestRunTC::test_do_not_import_files_from_local_directory[args1] - subprocess.CalledProcessError: Command '['/home/runner/work/pylint/pylint/venv/bin/python', '-m', 'pylint', '-j2', '--disable=import-error,unused-import', 'astroid.py']' returned non-zero exit status 1.
2026-03-05T21:07:11.0522792Z ====== 1 failed, 2078 passed, 214 skipped, 5 xfailed in 151.75s (0:02:31) ======
2026-03-05T21:07:20.8834357Z ##[error]Process completed with exit code 1.
2026-03-05T21:07:20.8958797Z Post job cleanup.
2026-03-05T21:07:20.9774337Z [command]/usr/bin/git version
2026-03-05T21:07:20.9811488Z git version 2.53.0
2026-03-05T21:07:20.9882242Z Temporarily overriding HOME='/home/runner/work/_temp/e1f0c554-bdaf-4d45-b179-8b770cbb9e43' before making global git config changes
2026-03-05T21:07:20.9883641Z Adding repository directory to the temporary git global config as a safe directory
2026-03-05T21:07:20.9887598Z [command]/usr/bin/git config --global --add safe.directory /home/runner/work/pylint/pylint
2026-03-05T21:07:20.9919907Z Removing SSH command configuration
2026-03-05T21:07:20.9926747Z [command]/usr/bin/git config --local --name-only --get-regexp core\.sshCommand
2026-03-05T21:07:20.9961112Z [command]/usr/bin/git submodule foreach --recursive sh -c "git config --local --name-only --get-regexp 'core\.sshCommand' && git config --local --unset-all 'core.sshCommand' || :"
2026-03-05T21:07:21.0209858Z Removing HTTP extra header
2026-03-05T21:07:21.0215188Z [command]/usr/bin/git config --local --name-only --get-regexp http\.https\:\/\/github\.com\/\.extraheader
2026-03-05T21:07:21.0251530Z [command]/usr/bin/git submodule foreach --recursive sh -c "git config --local --name-only --get-regexp 'http\.https\:\/\/github\.com\/\.extraheader' && git config --local --unset-all 'http.https://github.com/.extraheader' || :"
2026-03-05T21:07:21.0493089Z Removing includeIf entries pointing to credentials config files
2026-03-05T21:07:21.0500919Z [command]/usr/bin/git config --local --name-only --get-regexp ^includeIf\.gitdir:
2026-03-05T21:07:21.0524546Z includeif.gitdir:/home/runner/work/pylint/pylint/.git.path
2026-03-05T21:07:21.0525335Z includeif.gitdir:/home/runner/work/pylint/pylint/.git/worktrees/*.path
2026-03-05T21:07:21.0526080Z includeif.gitdir:/github/workspace/.git.path
2026-03-05T21:07:21.0526730Z includeif.gitdir:/github/workspace/.git/worktrees/*.path
2026-03-05T21:07:21.0536633Z [command]/usr/bin/git config --local --get-all includeif.gitdir:/home/runner/work/pylint/pylint/.git.path
2026-03-05T21:07:21.0560476Z /home/runner/work/_temp/git-credentials-853efba0-f137-4bf3-9c1a-738d27fe6755.config
2026-03-05T21:07:21.0571960Z [command]/usr/bin/git config --local --unset includeif.gitdir:/home/runner/work/pylint/pylint/.git.path /home/runner/work/_temp/git-credentials-853efba0-f137-4bf3-9c1a-738d27fe6755.config
2026-03-05T21:07:21.0606355Z [command]/usr/bin/git config --local --get-all includeif.gitdir:/home/runner/work/pylint/pylint/.git/worktrees/*.path
2026-03-05T21:07:21.0630204Z /home/runner/work/_temp/git-credentials-853efba0-f137-4bf3-9c1a-738d27fe6755.config
2026-03-05T21:07:21.0639292Z [command]/usr/bin/git config --local --unset includeif.gitdir:/home/runner/work/pylint/pylint/.git/worktrees/*.path /home/runner/work/_temp/git-credentials-853efba0-f137-4bf3-9c1a-738d27fe6755.config
2026-03-05T21:07:21.0673077Z [command]/usr/bin/git config --local --get-all includeif.gitdir:/github/workspace/.git.path
2026-03-05T21:07:21.0694829Z /github/runner_temp/git-credentials-853efba0-f137-4bf3-9c1a-738d27fe6755.config
2026-03-05T21:07:21.0703256Z [command]/usr/bin/git config --local --unset includeif.gitdir:/github/workspace/.git.path /github/runner_temp/git-credentials-853efba0-f137-4bf3-9c1a-738d27fe6755.config
2026-03-05T21:07:21.0736496Z [command]/usr/bin/git config --local --get-all includeif.gitdir:/github/workspace/.git/worktrees/*.path
2026-03-05T21:07:21.0758702Z /github/runner_temp/git-credentials-853efba0-f137-4bf3-9c1a-738d27fe6755.config
2026-03-05T21:07:21.0768412Z [command]/usr/bin/git config --local --unset includeif.gitdir:/github/workspace/.git/worktrees/*.path /github/runner_temp/git-credentials-853efba0-f137-4bf3-9c1a-738d27fe6755.config
2026-03-05T21:07:21.0800955Z [command]/usr/bin/git submodule foreach --recursive git config --local --show-origin --name-only --get-regexp remote.origin.url
2026-03-05T21:07:21.1036991Z Removing credentials config '/home/runner/work/_temp/git-credentials-853efba0-f137-4bf3-9c1a-738d27fe6755.config'
2026-03-05T21:07:21.1180754Z Evaluate and set job outputs
2026-03-05T21:07:21.1186144Z Set output 'python-key'
2026-03-05T21:07:21.1188693Z Cleaning up orphan processes
