2026-03-31T00:40:03.4155252Z Current runner version: '2.333.0'
2026-03-31T00:40:03.4179452Z ##[group]Runner Image Provisioner
2026-03-31T00:40:03.4180284Z Hosted Compute Agent
2026-03-31T00:40:03.4180903Z Version: 20260213.493
2026-03-31T00:40:03.4181705Z Commit: 5c115507f6dd24b8de37d8bbe0bb4509d0cc0fa3
2026-03-31T00:40:03.4182412Z Build Date: 2026-02-13T00:28:41Z
2026-03-31T00:40:03.4183017Z Worker ID: {74a1c3fe-2bab-47ba-a37c-0adbe0776b9f}
2026-03-31T00:40:03.4183821Z Azure Region: northcentralus
2026-03-31T00:40:03.4184389Z ##[endgroup]
2026-03-31T00:40:03.4185962Z ##[group]Operating System
2026-03-31T00:40:03.4186623Z Ubuntu
2026-03-31T00:40:03.4187094Z 24.04.4
2026-03-31T00:40:03.4187525Z LTS
2026-03-31T00:40:03.4188048Z ##[endgroup]
2026-03-31T00:40:03.4188541Z ##[group]Runner Image
2026-03-31T00:40:03.4189045Z Image: ubuntu-24.04
2026-03-31T00:40:03.4189634Z Version: 20260323.65.1
2026-03-31T00:40:03.4190802Z Included Software: https://github.com/actions/runner-images/blob/ubuntu24/20260323.65/images/ubuntu/Ubuntu2404-Readme.md
2026-03-31T00:40:03.4192676Z Image Release: https://github.com/actions/runner-images/releases/tag/ubuntu24%2F20260323.65
2026-03-31T00:40:03.4193542Z ##[endgroup]
2026-03-31T00:40:03.4194533Z ##[group]GITHUB_TOKEN Permissions
2026-03-31T00:40:03.4196548Z Contents: read
2026-03-31T00:40:03.4197065Z Metadata: read
2026-03-31T00:40:03.4197635Z ##[endgroup]
2026-03-31T00:40:03.4199635Z Secret source: Actions
2026-03-31T00:40:03.4200668Z Prepare workflow directory
2026-03-31T00:40:03.4533136Z Prepare all required actions
2026-03-31T00:40:03.4572234Z Getting action download info
2026-03-31T00:40:03.7994913Z Download action repository 'actions/checkout@de0fac2e4500dabe0009e67214ff5f5447ce83dd' (SHA:de0fac2e4500dabe0009e67214ff5f5447ce83dd)
2026-03-31T00:40:03.9542264Z Download action repository 'actions/setup-python@a309ff8b426b58ec0e2a45f0f869d46889d02405' (SHA:a309ff8b426b58ec0e2a45f0f869d46889d02405)
2026-03-31T00:40:04.1755528Z Complete job name: 3.12 Tests
2026-03-31T00:40:04.2395330Z ##[group]Run actions/checkout@de0fac2e4500dabe0009e67214ff5f5447ce83dd
2026-03-31T00:40:04.2396368Z with:
2026-03-31T00:40:04.2396768Z   repository: sympy/sympy
2026-03-31T00:40:04.2397401Z   token: ***
2026-03-31T00:40:04.2397795Z   ssh-strict: true
2026-03-31T00:40:04.2398181Z   ssh-user: git
2026-03-31T00:40:04.2398590Z   persist-credentials: true
2026-03-31T00:40:04.2399024Z   clean: true
2026-03-31T00:40:04.2399431Z   sparse-checkout-cone-mode: true
2026-03-31T00:40:04.2399895Z   fetch-depth: 1
2026-03-31T00:40:04.2400334Z   fetch-tags: false
2026-03-31T00:40:04.2400731Z   show-progress: true
2026-03-31T00:40:04.2401328Z   lfs: false
2026-03-31T00:40:04.2401710Z   submodules: false
2026-03-31T00:40:04.2402119Z   set-safe-directory: true
2026-03-31T00:40:04.2402816Z ##[endgroup]
2026-03-31T00:40:04.3345876Z Syncing repository: sympy/sympy
2026-03-31T00:40:04.3347566Z ##[group]Getting Git version info
2026-03-31T00:40:04.3348288Z Working directory is '/home/runner/work/sympy/sympy'
2026-03-31T00:40:04.3349184Z [command]/usr/bin/git version
2026-03-31T00:40:04.3383964Z git version 2.53.0
2026-03-31T00:40:04.3407452Z ##[endgroup]
2026-03-31T00:40:04.3420281Z Temporarily overriding HOME='/home/runner/work/_temp/00eb5644-a8ce-4d49-8e44-1605b3d80072' before making global git config changes
2026-03-31T00:40:04.3422375Z Adding repository directory to the temporary git global config as a safe directory
2026-03-31T00:40:04.3425205Z [command]/usr/bin/git config --global --add safe.directory /home/runner/work/sympy/sympy
2026-03-31T00:40:04.3460137Z Deleting the contents of '/home/runner/work/sympy/sympy'
2026-03-31T00:40:04.3464222Z ##[group]Initializing the repository
2026-03-31T00:40:04.3468400Z [command]/usr/bin/git init /home/runner/work/sympy/sympy
2026-03-31T00:40:04.3578199Z hint: Using 'master' as the name for the initial branch. This default branch name
2026-03-31T00:40:04.3579758Z hint: will change to "main" in Git 3.0. To configure the initial branch name
2026-03-31T00:40:04.3581722Z hint: to use in all of your new repositories, which will suppress this warning,
2026-03-31T00:40:04.3583385Z hint: call:
2026-03-31T00:40:04.3584212Z hint:
2026-03-31T00:40:04.3585076Z hint: 	git config --global init.defaultBranch <name>
2026-03-31T00:40:04.3586116Z hint:
2026-03-31T00:40:04.3587024Z hint: Names commonly chosen instead of 'master' are 'main', 'trunk' and
2026-03-31T00:40:04.3588559Z hint: 'development'. The just-created branch can be renamed via this command:
2026-03-31T00:40:04.3589844Z hint:
2026-03-31T00:40:04.3590635Z hint: 	git branch -m <name>
2026-03-31T00:40:04.3591668Z hint:
2026-03-31T00:40:04.3592703Z hint: Disable this message with "git config set advice.defaultBranchName false"
2026-03-31T00:40:04.3594292Z Initialized empty Git repository in /home/runner/work/sympy/sympy/.git/
2026-03-31T00:40:04.3596644Z [command]/usr/bin/git remote add origin https://github.com/sympy/sympy
2026-03-31T00:40:04.3655469Z ##[endgroup]
2026-03-31T00:40:04.3656675Z ##[group]Disabling automatic garbage collection
2026-03-31T00:40:04.3659805Z [command]/usr/bin/git config --local gc.auto 0
2026-03-31T00:40:04.3688833Z ##[endgroup]
2026-03-31T00:40:04.3690034Z ##[group]Setting up auth
2026-03-31T00:40:04.3690929Z Removing SSH command configuration
2026-03-31T00:40:04.3696807Z [command]/usr/bin/git config --local --name-only --get-regexp core\.sshCommand
2026-03-31T00:40:04.3727828Z [command]/usr/bin/git submodule foreach --recursive sh -c "git config --local --name-only --get-regexp 'core\.sshCommand' && git config --local --unset-all 'core.sshCommand' || :"
2026-03-31T00:40:04.4015847Z Removing HTTP extra header
2026-03-31T00:40:04.4020970Z [command]/usr/bin/git config --local --name-only --get-regexp http\.https\:\/\/github\.com\/\.extraheader
2026-03-31T00:40:04.4051577Z [command]/usr/bin/git submodule foreach --recursive sh -c "git config --local --name-only --get-regexp 'http\.https\:\/\/github\.com\/\.extraheader' && git config --local --unset-all 'http.https://github.com/.extraheader' || :"
2026-03-31T00:40:04.4272086Z Removing includeIf entries pointing to credentials config files
2026-03-31T00:40:04.4280331Z [command]/usr/bin/git config --local --name-only --get-regexp ^includeIf\.gitdir:
2026-03-31T00:40:04.4317073Z [command]/usr/bin/git submodule foreach --recursive git config --local --show-origin --name-only --get-regexp remote.origin.url
2026-03-31T00:40:04.4559965Z [command]/usr/bin/git config --file /home/runner/work/_temp/git-credentials-f675424d-fc93-4c6b-b697-8d162ba23a28.config http.https://github.com/.extraheader AUTHORIZATION: basic ***
2026-03-31T00:40:04.4602599Z [command]/usr/bin/git config --local includeIf.gitdir:/home/runner/work/sympy/sympy/.git.path /home/runner/work/_temp/git-credentials-f675424d-fc93-4c6b-b697-8d162ba23a28.config
2026-03-31T00:40:04.4635937Z [command]/usr/bin/git config --local includeIf.gitdir:/home/runner/work/sympy/sympy/.git/worktrees/*.path /home/runner/work/_temp/git-credentials-f675424d-fc93-4c6b-b697-8d162ba23a28.config
2026-03-31T00:40:04.4669397Z [command]/usr/bin/git config --local includeIf.gitdir:/github/workspace/.git.path /github/runner_temp/git-credentials-f675424d-fc93-4c6b-b697-8d162ba23a28.config
2026-03-31T00:40:04.4703707Z [command]/usr/bin/git config --local includeIf.gitdir:/github/workspace/.git/worktrees/*.path /github/runner_temp/git-credentials-f675424d-fc93-4c6b-b697-8d162ba23a28.config
2026-03-31T00:40:04.4731648Z ##[endgroup]
2026-03-31T00:40:04.4732344Z ##[group]Fetching the repository
2026-03-31T00:40:04.4745080Z [command]/usr/bin/git -c protocol.version=2 fetch --no-tags --prune --no-recurse-submodules --depth=1 origin +0f70d37e4efaa1fafe6c58a6778aacef8a148cd8:refs/remotes/origin/master
2026-03-31T00:40:05.7150466Z From https://github.com/sympy/sympy
2026-03-31T00:40:05.7151973Z  * [new ref]         0f70d37e4efaa1fafe6c58a6778aacef8a148cd8 -> origin/master
2026-03-31T00:40:05.7187525Z [command]/usr/bin/git branch --list --remote origin/master
2026-03-31T00:40:05.7220578Z   origin/master
2026-03-31T00:40:05.7231753Z [command]/usr/bin/git rev-parse refs/remotes/origin/master
2026-03-31T00:40:05.7255484Z 0f70d37e4efaa1fafe6c58a6778aacef8a148cd8
2026-03-31T00:40:05.7261986Z ##[endgroup]
2026-03-31T00:40:05.7263304Z ##[group]Determining the checkout info
2026-03-31T00:40:05.7264772Z ##[endgroup]
2026-03-31T00:40:05.7272140Z [command]/usr/bin/git sparse-checkout disable
2026-03-31T00:40:05.7312314Z [command]/usr/bin/git config --local --unset-all extensions.worktreeConfig
2026-03-31T00:40:05.7339972Z ##[group]Checking out the ref
2026-03-31T00:40:05.7344499Z [command]/usr/bin/git checkout --progress --force -B master refs/remotes/origin/master
2026-03-31T00:40:05.9214584Z Reset branch 'master'
2026-03-31T00:40:05.9215785Z branch 'master' set up to track 'origin/master'.
2026-03-31T00:40:05.9226115Z ##[endgroup]
2026-03-31T00:40:05.9276182Z [command]/usr/bin/git log -1 --format=%H
2026-03-31T00:40:05.9307934Z 0f70d37e4efaa1fafe6c58a6778aacef8a148cd8
2026-03-31T00:40:05.9616499Z ##[group]Run actions/setup-python@a309ff8b426b58ec0e2a45f0f869d46889d02405
2026-03-31T00:40:05.9617634Z with:
2026-03-31T00:40:05.9618061Z   python-version: 3.12
2026-03-31T00:40:05.9618609Z   allow-prereleases: true
2026-03-31T00:40:05.9619169Z   check-latest: false
2026-03-31T00:40:05.9619937Z   token: ***
2026-03-31T00:40:05.9620394Z   update-environment: true
2026-03-31T00:40:05.9620981Z   freethreaded: false
2026-03-31T00:40:05.9621710Z ##[endgroup]
2026-03-31T00:40:06.0867929Z ##[group]Installed versions
2026-03-31T00:40:06.1451857Z Successfully set up CPython (3.12.13)
2026-03-31T00:40:06.1452944Z ##[endgroup]
2026-03-31T00:40:06.1579584Z ##[group]Run python -m pip install --upgrade pip
2026-03-31T00:40:06.1580199Z [36;1mpython -m pip install --upgrade pip[0m
2026-03-31T00:40:06.1674735Z shell: /usr/bin/bash -e {0}
2026-03-31T00:40:06.1675143Z env:
2026-03-31T00:40:06.1675541Z   pythonLocation: /opt/hostedtoolcache/Python/3.12.13/x64
2026-03-31T00:40:06.1676165Z   PKG_CONFIG_PATH: /opt/hostedtoolcache/Python/3.12.13/x64/lib/pkgconfig
2026-03-31T00:40:06.1676758Z   Python_ROOT_DIR: /opt/hostedtoolcache/Python/3.12.13/x64
2026-03-31T00:40:06.1677330Z   Python2_ROOT_DIR: /opt/hostedtoolcache/Python/3.12.13/x64
2026-03-31T00:40:06.1677867Z   Python3_ROOT_DIR: /opt/hostedtoolcache/Python/3.12.13/x64
2026-03-31T00:40:06.1678422Z   LD_LIBRARY_PATH: /opt/hostedtoolcache/Python/3.12.13/x64/lib
2026-03-31T00:40:06.1678894Z ##[endgroup]
2026-03-31T00:40:09.1178756Z Requirement already satisfied: pip in /opt/hostedtoolcache/Python/3.12.13/x64/lib/python3.12/site-packages (26.0.1)
2026-03-31T00:40:09.3645628Z ##[group]Run if [[ "3.12" == pypy-* ]]; then
2026-03-31T00:40:09.3646001Z [36;1mif [[ "3.12" == pypy-* ]]; then[0m
2026-03-31T00:40:09.3646422Z [36;1m  # mypy's librt dependency isn't available on PyPy, so exclude it[0m
2026-03-31T00:40:09.3646906Z [36;1m  grep -vx 'mypy' requirements-dev.txt | pip install -r /dev/stdin[0m
2026-03-31T00:40:09.3647268Z [36;1melse[0m
2026-03-31T00:40:09.3647492Z [36;1m  pip install -r requirements-dev.txt[0m
2026-03-31T00:40:09.3647751Z [36;1mfi[0m
2026-03-31T00:40:09.3676506Z shell: /usr/bin/bash -e {0}
2026-03-31T00:40:09.3676771Z env:
2026-03-31T00:40:09.3677031Z   pythonLocation: /opt/hostedtoolcache/Python/3.12.13/x64
2026-03-31T00:40:09.3677472Z   PKG_CONFIG_PATH: /opt/hostedtoolcache/Python/3.12.13/x64/lib/pkgconfig
2026-03-31T00:40:09.3677920Z   Python_ROOT_DIR: /opt/hostedtoolcache/Python/3.12.13/x64
2026-03-31T00:40:09.3678294Z   Python2_ROOT_DIR: /opt/hostedtoolcache/Python/3.12.13/x64
2026-03-31T00:40:09.3678705Z   Python3_ROOT_DIR: /opt/hostedtoolcache/Python/3.12.13/x64
2026-03-31T00:40:09.3679117Z   LD_LIBRARY_PATH: /opt/hostedtoolcache/Python/3.12.13/x64/lib
2026-03-31T00:40:09.3679432Z ##[endgroup]
2026-03-31T00:40:10.2499350Z Collecting mpmath (from -r requirements-dev.txt (line 1))
2026-03-31T00:40:10.3082936Z   Downloading mpmath-1.4.1-py3-none-any.whl.metadata (9.1 kB)
2026-03-31T00:40:10.4424544Z Collecting mypy (from -r requirements-dev.txt (line 2))
2026-03-31T00:40:10.4456438Z   Downloading mypy-1.19.1-cp312-cp312-manylinux2014_x86_64.manylinux_2_17_x86_64.manylinux_2_28_x86_64.whl.metadata (2.2 kB)
2026-03-31T00:40:10.4628574Z Collecting sphinx-lint (from -r requirements-dev.txt (line 3))
2026-03-31T00:40:10.4659569Z   Downloading sphinx_lint-1.0.2-py3-none-any.whl.metadata (5.6 kB)
2026-03-31T00:40:10.5091618Z Collecting pytest (from -r requirements-dev.txt (line 4))
2026-03-31T00:40:10.5121745Z   Downloading pytest-9.0.2-py3-none-any.whl.metadata (7.6 kB)
2026-03-31T00:40:10.5317625Z Collecting pytest-xdist (from -r requirements-dev.txt (line 5))
2026-03-31T00:40:10.5346363Z   Downloading pytest_xdist-3.8.0-py3-none-any.whl.metadata (3.0 kB)
2026-03-31T00:40:10.5503919Z Collecting pytest-timeout (from -r requirements-dev.txt (line 6))
2026-03-31T00:40:10.5532639Z   Downloading pytest_timeout-2.4.0-py3-none-any.whl.metadata (20 kB)
2026-03-31T00:40:10.5671252Z Collecting pytest-split (from -r requirements-dev.txt (line 7))
2026-03-31T00:40:10.5709064Z   Downloading pytest_split-0.11.0-py3-none-any.whl.metadata (9.5 kB)
2026-03-31T00:40:10.5873136Z Collecting pytest-doctestplus (from -r requirements-dev.txt (line 8))
2026-03-31T00:40:10.5906816Z   Downloading pytest_doctestplus-1.7.1-py3-none-any.whl.metadata (17 kB)
2026-03-31T00:40:10.6116526Z Collecting pytest-run-parallel (from -r requirements-dev.txt (line 9))
2026-03-31T00:40:10.6145072Z   Downloading pytest_run_parallel-0.8.2-py3-none-any.whl.metadata (16 kB)
2026-03-31T00:40:10.8316482Z Collecting hypothesis (from -r requirements-dev.txt (line 10))
2026-03-31T00:40:10.8349700Z   Downloading hypothesis-6.151.10-py3-none-any.whl.metadata (5.6 kB)
2026-03-31T00:40:10.8622706Z Collecting flake8 (from -r requirements-dev.txt (line 11))
2026-03-31T00:40:10.8652759Z   Downloading flake8-7.3.0-py2.py3-none-any.whl.metadata (3.8 kB)
2026-03-31T00:40:10.8833870Z Collecting flake8-comprehensions (from -r requirements-dev.txt (line 12))
2026-03-31T00:40:10.8864146Z   Downloading flake8_comprehensions-3.17.0-py3-none-any.whl.metadata (12 kB)
2026-03-31T00:40:11.2185643Z Collecting ruff (from -r requirements-dev.txt (line 13))
2026-03-31T00:40:11.2218972Z   Downloading ruff-0.15.8-py3-none-manylinux_2_17_x86_64.manylinux2014_x86_64.whl.metadata (26 kB)
2026-03-31T00:40:11.2443222Z Collecting slotscheck (from -r requirements-dev.txt (line 14))
2026-03-31T00:40:11.2472563Z   Downloading slotscheck-0.19.1-py3-none-any.whl.metadata (5.1 kB)
2026-03-31T00:40:11.2857547Z Collecting typing_extensions>=4.6.0 (from mypy->-r requirements-dev.txt (line 2))
2026-03-31T00:40:11.2889986Z   Downloading typing_extensions-4.15.0-py3-none-any.whl.metadata (3.3 kB)
2026-03-31T00:40:11.3000106Z Collecting mypy_extensions>=1.0.0 (from mypy->-r requirements-dev.txt (line 2))
2026-03-31T00:40:11.3028715Z   Downloading mypy_extensions-1.1.0-py3-none-any.whl.metadata (1.1 kB)
2026-03-31T00:40:11.3168218Z Collecting pathspec>=0.9.0 (from mypy->-r requirements-dev.txt (line 2))
2026-03-31T00:40:11.3209589Z   Downloading pathspec-1.0.4-py3-none-any.whl.metadata (13 kB)
2026-03-31T00:40:11.4130866Z Collecting librt>=0.6.2 (from mypy->-r requirements-dev.txt (line 2))
2026-03-31T00:40:11.4163779Z   Downloading librt-0.8.1-cp312-cp312-manylinux2014_x86_64.manylinux_2_17_x86_64.manylinux_2_28_x86_64.whl.metadata (1.3 kB)
2026-03-31T00:40:11.4296319Z Collecting polib (from sphinx-lint->-r requirements-dev.txt (line 3))
2026-03-31T00:40:11.4326860Z   Downloading polib-1.2.0-py2.py3-none-any.whl.metadata (15 kB)
2026-03-31T00:40:11.7662484Z Collecting regex (from sphinx-lint->-r requirements-dev.txt (line 3))
2026-03-31T00:40:11.7695075Z   Downloading regex-2026.3.32-cp312-cp312-manylinux2014_x86_64.manylinux_2_17_x86_64.manylinux_2_28_x86_64.whl.metadata (40 kB)
2026-03-31T00:40:11.7838354Z Collecting iniconfig>=1.0.1 (from pytest->-r requirements-dev.txt (line 4))
2026-03-31T00:40:11.7867701Z   Downloading iniconfig-2.3.0-py3-none-any.whl.metadata (2.5 kB)
2026-03-31T00:40:11.8031694Z Collecting packaging>=22 (from pytest->-r requirements-dev.txt (line 4))
2026-03-31T00:40:11.8060299Z   Downloading packaging-26.0-py3-none-any.whl.metadata (3.3 kB)
2026-03-31T00:40:11.8198272Z Collecting pluggy<2,>=1.5 (from pytest->-r requirements-dev.txt (line 4))
2026-03-31T00:40:11.8227999Z   Downloading pluggy-1.6.0-py3-none-any.whl.metadata (4.8 kB)
2026-03-31T00:40:11.8420251Z Collecting pygments>=2.7.2 (from pytest->-r requirements-dev.txt (line 4))
2026-03-31T00:40:11.8449106Z   Downloading pygments-2.20.0-py3-none-any.whl.metadata (2.5 kB)
2026-03-31T00:40:11.8573374Z Collecting execnet>=2.1 (from pytest-xdist->-r requirements-dev.txt (line 5))
2026-03-31T00:40:11.8602120Z   Downloading execnet-2.1.2-py3-none-any.whl.metadata (2.9 kB)
2026-03-31T00:40:11.8879703Z Collecting sortedcontainers<3.0.0,>=2.1.0 (from hypothesis->-r requirements-dev.txt (line 10))
2026-03-31T00:40:11.8915097Z   Downloading sortedcontainers-2.4.0-py2.py3-none-any.whl.metadata (10 kB)
2026-03-31T00:40:11.9111391Z Collecting mccabe<0.8.0,>=0.7.0 (from flake8->-r requirements-dev.txt (line 11))
2026-03-31T00:40:11.9149312Z   Downloading mccabe-0.7.0-py2.py3-none-any.whl.metadata (5.0 kB)
2026-03-31T00:40:11.9420588Z Collecting pycodestyle<2.15.0,>=2.14.0 (from flake8->-r requirements-dev.txt (line 11))
2026-03-31T00:40:11.9451526Z   Downloading pycodestyle-2.14.0-py2.py3-none-any.whl.metadata (4.5 kB)
2026-03-31T00:40:11.9634054Z Collecting pyflakes<3.5.0,>=3.4.0 (from flake8->-r requirements-dev.txt (line 11))
2026-03-31T00:40:11.9666860Z   Downloading pyflakes-3.4.0-py2.py3-none-any.whl.metadata (3.5 kB)
2026-03-31T00:40:12.1768945Z Collecting click<9.0,>=8.0 (from slotscheck->-r requirements-dev.txt (line 14))
2026-03-31T00:40:12.1799497Z   Downloading click-8.3.1-py3-none-any.whl.metadata (2.6 kB)
2026-03-31T00:40:12.2232100Z Downloading mpmath-1.4.1-py3-none-any.whl (567 kB)
2026-03-31T00:40:12.2623092Z    ━━━━━━━━━━━━━━━━━━━━━━━━━━━━━━━━━━━━━━━━ 567.8/567.8 kB 9.1 MB/s  0:00:00
2026-03-31T00:40:12.2657237Z Downloading mypy-1.19.1-cp312-cp312-manylinux2014_x86_64.manylinux_2_17_x86_64.manylinux_2_28_x86_64.whl (13.6 MB)
2026-03-31T00:40:12.3732123Z    ━━━━━━━━━━━━━━━━━━━━━━━━━━━━━━━━━━━━━━━━ 13.6/13.6 MB 128.1 MB/s  0:00:00
2026-03-31T00:40:12.3769033Z Downloading sphinx_lint-1.0.2-py3-none-any.whl (20 kB)
2026-03-31T00:40:12.3835116Z Downloading pytest-9.0.2-py3-none-any.whl (374 kB)
2026-03-31T00:40:12.4094503Z Downloading pluggy-1.6.0-py3-none-any.whl (20 kB)
2026-03-31T00:40:12.4174167Z Downloading pytest_xdist-3.8.0-py3-none-any.whl (46 kB)
2026-03-31T00:40:12.4234492Z Downloading pytest_timeout-2.4.0-py3-none-any.whl (14 kB)
2026-03-31T00:40:12.4696679Z Downloading pytest_split-0.11.0-py3-none-any.whl (11 kB)
2026-03-31T00:40:13.1625107Z Downloading pytest_doctestplus-1.7.1-py3-none-any.whl (25 kB)
2026-03-31T00:40:13.5650925Z Downloading pytest_run_parallel-0.8.2-py3-none-any.whl (19 kB)
2026-03-31T00:40:13.5700667Z Downloading hypothesis-6.151.10-py3-none-any.whl (529 kB)
2026-03-31T00:40:13.5756988Z    ━━━━━━━━━━━━━━━━━━━━━━━━━━━━━━━━━━━━━━━━ 529.5/529.5 kB 77.9 MB/s  0:00:00
2026-03-31T00:40:13.5785895Z Downloading sortedcontainers-2.4.0-py2.py3-none-any.whl (29 kB)
2026-03-31T00:40:13.6111136Z Downloading flake8-7.3.0-py2.py3-none-any.whl (57 kB)
2026-03-31T00:40:13.6165312Z Downloading mccabe-0.7.0-py2.py3-none-any.whl (7.3 kB)
2026-03-31T00:40:13.6215326Z Downloading pycodestyle-2.14.0-py2.py3-none-any.whl (31 kB)
2026-03-31T00:40:13.6267831Z Downloading pyflakes-3.4.0-py2.py3-none-any.whl (63 kB)
2026-03-31T00:40:13.6321836Z Downloading flake8_comprehensions-3.17.0-py3-none-any.whl (8.2 kB)
2026-03-31T00:40:13.6375595Z Downloading ruff-0.15.8-py3-none-manylinux_2_17_x86_64.manylinux2014_x86_64.whl (11.3 MB)
2026-03-31T00:40:13.6779248Z    ━━━━━━━━━━━━━━━━━━━━━━━━━━━━━━━━━━━━━━━━ 11.3/11.3 MB 293.7 MB/s  0:00:00
2026-03-31T00:40:13.6809827Z Downloading slotscheck-0.19.1-py3-none-any.whl (16 kB)
2026-03-31T00:40:13.6866011Z Downloading click-8.3.1-py3-none-any.whl (108 kB)
2026-03-31T00:40:13.6921765Z Downloading execnet-2.1.2-py3-none-any.whl (40 kB)
2026-03-31T00:40:13.6970965Z Downloading iniconfig-2.3.0-py3-none-any.whl (7.5 kB)
2026-03-31T00:40:13.7022293Z Downloading librt-0.8.1-cp312-cp312-manylinux2014_x86_64.manylinux_2_17_x86_64.manylinux_2_28_x86_64.whl (224 kB)
2026-03-31T00:40:13.7077598Z Downloading mypy_extensions-1.1.0-py3-none-any.whl (5.0 kB)
2026-03-31T00:40:13.7124985Z Downloading packaging-26.0-py3-none-any.whl (74 kB)
2026-03-31T00:40:13.7177726Z Downloading pathspec-1.0.4-py3-none-any.whl (55 kB)
2026-03-31T00:40:13.7232003Z Downloading pygments-2.20.0-py3-none-any.whl (1.2 MB)
2026-03-31T00:40:13.7305287Z    ━━━━━━━━━━━━━━━━━━━━━━━━━━━━━━━━━━━━━━━━ 1.2/1.2 MB 199.6 MB/s  0:00:00
2026-03-31T00:40:13.7335641Z Downloading typing_extensions-4.15.0-py3-none-any.whl (44 kB)
2026-03-31T00:40:13.7387711Z Downloading polib-1.2.0-py2.py3-none-any.whl (20 kB)
2026-03-31T00:40:13.7445680Z Downloading regex-2026.3.32-cp312-cp312-manylinux2014_x86_64.manylinux_2_17_x86_64.manylinux_2_28_x86_64.whl (801 kB)
2026-03-31T00:40:13.7505788Z    ━━━━━━━━━━━━━━━━━━━━━━━━━━━━━━━━━━━━━━━━ 801.5/801.5 kB 135.9 MB/s  0:00:00
2026-03-31T00:40:13.8706634Z Installing collected packages: sortedcontainers, polib, typing_extensions, ruff, regex, pygments, pyflakes, pycodestyle, pluggy, pathspec, packaging, mypy_extensions, mpmath, mccabe, librt, iniconfig, hypothesis, execnet, click, sphinx-lint, slotscheck, pytest, mypy, flake8, pytest-xdist, pytest-timeout, pytest-split, pytest-run-parallel, pytest-doctestplus, flake8-comprehensions
2026-03-31T00:40:17.8346050Z 
2026-03-31T00:40:17.8378796Z Successfully installed click-8.3.1 execnet-2.1.2 flake8-7.3.0 flake8-comprehensions-3.17.0 hypothesis-6.151.10 iniconfig-2.3.0 librt-0.8.1 mccabe-0.7.0 mpmath-1.4.1 mypy-1.19.1 mypy_extensions-1.1.0 packaging-26.0 pathspec-1.0.4 pluggy-1.6.0 polib-1.2.0 pycodestyle-2.14.0 pyflakes-3.4.0 pygments-2.20.0 pytest-9.0.2 pytest-doctestplus-1.7.1 pytest-run-parallel-0.8.2 pytest-split-0.11.0 pytest-timeout-2.4.0 pytest-xdist-3.8.0 regex-2026.3.32 ruff-0.15.8 slotscheck-0.19.1 sortedcontainers-2.4.0 sphinx-lint-1.0.2 typing_extensions-4.15.0
2026-03-31T00:40:18.0242492Z ##[group]Run pytest -n auto
2026-03-31T00:40:18.0242778Z [36;1mpytest -n auto[0m
2026-03-31T00:40:18.0269783Z shell: /usr/bin/bash -e {0}
2026-03-31T00:40:18.0270006Z env:
2026-03-31T00:40:18.0270254Z   pythonLocation: /opt/hostedtoolcache/Python/3.12.13/x64
2026-03-31T00:40:18.0270674Z   PKG_CONFIG_PATH: /opt/hostedtoolcache/Python/3.12.13/x64/lib/pkgconfig
2026-03-31T00:40:18.0271233Z   Python_ROOT_DIR: /opt/hostedtoolcache/Python/3.12.13/x64
2026-03-31T00:40:18.0271604Z   Python2_ROOT_DIR: /opt/hostedtoolcache/Python/3.12.13/x64
2026-03-31T00:40:18.0271965Z   Python3_ROOT_DIR: /opt/hostedtoolcache/Python/3.12.13/x64
2026-03-31T00:40:18.0272347Z   LD_LIBRARY_PATH: /opt/hostedtoolcache/Python/3.12.13/x64/lib
2026-03-31T00:40:18.0272650Z ##[endgroup]
2026-03-31T00:43:53.6602429Z ============================= test session starts ==============================
2026-03-31T00:43:53.6603207Z platform linux -- Python 3.12.13, pytest-9.0.2, pluggy-1.6.0
2026-03-31T00:43:53.6603850Z architecture: 64-bit
2026-03-31T00:43:53.6604186Z cache:        yes
2026-03-31T00:43:53.6604511Z ground types: python 
2026-03-31T00:43:53.6604753Z 
2026-03-31T00:43:53.6604917Z rootdir: /home/runner/work/sympy/sympy
2026-03-31T00:43:53.6605380Z configfile: pyproject.toml
2026-03-31T00:43:53.6605764Z testpaths: sympy, doc/src
2026-03-31T00:43:53.6606546Z plugins: timeout-2.4.0, hypothesis-6.151.10, xdist-3.8.0, split-0.11.0, run-parallel-0.8.2, doctestplus-1.7.1
2026-03-31T00:43:53.6607445Z created: 4/4 workers
2026-03-31T00:43:53.6607768Z 4 workers [14034 items]
2026-03-31T00:43:53.6607962Z 
2026-03-31T00:43:53.7906670Z .........................ss......................ss...s.......s.s....... [  0%]
2026-03-31T00:43:53.9428298Z ......................ss................................................ [  1%]
2026-03-31T00:43:54.0807741Z ........................................................................ [  1%]
2026-03-31T00:43:54.2237289Z ..............x..................s...................................... [  2%]
2026-03-31T00:43:54.3866408Z ..................s......sss.....................s........s....ss.s..... [  2%]
2026-03-31T00:43:54.5094280Z ..............sss..........................................s.........s.. [  3%]
2026-03-31T00:43:54.6305557Z ..........x..............ss.....s..................s.........s.......... [  3%]
2026-03-31T00:43:54.7789380Z .............s....s..s......s.......s....s......s.s.......x......ss...ss [  4%]
2026-03-31T00:43:54.9192351Z .....s.......ss.........................................s....s.......... [  4%]
2026-03-31T00:43:55.0876312Z ........................................................................ [  5%]
2026-03-31T00:43:55.2248942Z ..........................................s............................. [  5%]
2026-03-31T00:43:55.5364511Z ......................s..s...s..................s....................... [  6%]
2026-03-31T00:43:56.2207883Z ..x.......................x.......................s.............s......s [  6%]
2026-03-31T00:43:56.7058707Z .s......s...........s...........................s.....................s. [  7%]
2026-03-31T00:43:56.9340008Z ..s................s...s...s..........s................s................ [  7%]
2026-03-31T00:43:57.1465734Z ........................................................................ [  8%]
2026-03-31T00:44:01.6097389Z ..............................x..x...................................... [  8%]
2026-03-31T00:44:06.2898586Z ........ssssssssssssssss..s.s......................................sssss [  9%]
2026-03-31T00:44:12.6360122Z ssssssssssssssssss.s...x......x.............x..........x................ [  9%]
2026-03-31T00:44:21.3660562Z .......................................................x.....x.......... [ 10%]
2026-03-31T00:44:28.2853512Z ...........x.x.......................................................x.. [ 10%]
2026-03-31T00:44:39.3567471Z .........x.............................................................. [ 11%]
2026-03-31T00:44:59.4638794Z x....................................................................... [ 11%]
2026-03-31T00:45:03.6557857Z ..............x..x....x..................................x.............. [ 12%]
2026-03-31T00:45:31.5908776Z ............................................xxx.................x....... [ 12%]
2026-03-31T00:45:39.8189499Z .......................s......ss.s........................s.........x... [ 13%]
2026-03-31T00:45:42.1421872Z ......................................................X...X......s..x.s. [ 13%]
2026-03-31T00:45:49.8288711Z .x...............x.....x...xs.........x....................x.........x.. [ 14%]
2026-03-31T00:46:06.9396232Z x.....x.......................................x......................... [ 14%]
2026-03-31T00:46:17.3246771Z ........................................................................ [ 15%]
2026-03-31T00:46:30.5687275Z ..........................................s...............s............. [ 15%]
2026-03-31T00:46:43.2416404Z ....x..........................................Xx................xxxxxx. [ 16%]
2026-03-31T00:46:58.4422932Z ..............s.....................x.....x...xx.................x...... [ 16%]
2026-03-31T00:47:14.9357325Z .x...................................x...................x.............. [ 17%]
2026-03-31T00:47:25.1940376Z ...............................x........................................ [ 17%]
2026-03-31T00:47:37.8746195Z .................................................x...................... [ 18%]
2026-03-31T00:47:50.4479669Z ........................................................................ [ 18%]
2026-03-31T00:47:58.1073513Z ..............................X................................x.....x.. [ 19%]
2026-03-31T00:47:59.0121429Z ......................x........x........................................ [ 20%]
2026-03-31T00:48:00.6422034Z .............................x.......................................... [ 20%]
2026-03-31T00:48:05.3547897Z ......................s..s..sss......................................... [ 21%]
2026-03-31T00:48:05.5375184Z ...........................................sss.............s............ [ 21%]
2026-03-31T00:48:05.8827322Z ....s........s.ss....s...............s......................ss.ss....... [ 22%]
2026-03-31T00:48:10.0037309Z .ssssss.ssssssssssssssssssssssss........................................ [ 22%]
2026-03-31T00:48:12.5552284Z ...........x...........x.x.............................................. [ 23%]
2026-03-31T00:48:13.2879700Z ........................................................................ [ 23%]
2026-03-31T00:48:13.5675535Z .........................ss.................................ss.......... [ 24%]
2026-03-31T00:48:13.8587068Z ..................ss..................................ss................ [ 24%]
2026-03-31T00:48:14.2684279Z ............................ss......................................ss.. [ 25%]
2026-03-31T00:48:14.5870503Z ................................................ss....ss.s.............. [ 25%]
2026-03-31T00:48:15.1524885Z ........................s..x.....x.......x.............................. [ 26%]
2026-03-31T00:48:17.7367161Z ........................................................................ [ 26%]
2026-03-31T00:48:21.4722578Z ....................................................................x... [ 27%]
2026-03-31T00:48:27.6548198Z ........................................................................ [ 27%]
2026-03-31T00:48:30.4973044Z ......................................................x................. [ 28%]
2026-03-31T00:48:34.3214873Z ..................x...........................xs.......x................ [ 28%]
2026-03-31T00:48:38.5915443Z .........................................................x.............. [ 29%]
2026-03-31T00:48:42.2800336Z ...........................................x............................ [ 29%]
2026-03-31T00:48:49.7255160Z ......x...............................................................x. [ 30%]
2026-03-31T00:48:50.9260012Z ........................................................................ [ 30%]
2026-03-31T00:48:51.6072638Z ...................x...........................................x........ [ 31%]
2026-03-31T00:48:52.5036048Z ..............................x....x.............xx..................... [ 31%]
2026-03-31T00:48:53.6471741Z ........................................................................ [ 32%]
2026-03-31T00:48:54.0143558Z ........................................................................ [ 32%]
2026-03-31T00:48:54.5344829Z .........................................s.............................. [ 33%]
2026-03-31T00:48:56.9103494Z ........................................................................ [ 33%]
2026-03-31T00:49:03.3613777Z ..........x..............................x.....x........................ [ 34%]
2026-03-31T00:49:10.5995214Z ........................................................................ [ 34%]
2026-03-31T00:49:17.2709634Z ........................................................................ [ 35%]
2026-03-31T00:49:19.2197507Z ..............................ssssssssssssssssssssssss.................s [ 35%]
2026-03-31T00:49:19.5769274Z sssssssssssssssssssssssssssssssssssss.ssssssssssss.ssssss.sssss.ssss.s.s [ 36%]
2026-03-31T00:49:22.0948159Z sssssss.ss.ssssss..sss.................................................. [ 36%]
2026-03-31T00:49:30.3712440Z ........................................................................ [ 37%]
2026-03-31T00:49:30.8234020Z ........................................................................ [ 37%]
2026-03-31T00:49:31.0849826Z ........................................................................ [ 38%]
2026-03-31T00:49:31.3666213Z ........................................................................ [ 38%]
2026-03-31T00:49:31.7038789Z ....ssssssssssssssssssss................................................ [ 39%]
2026-03-31T00:49:32.1998766Z ........................................................................ [ 40%]
2026-03-31T00:49:32.7557126Z ........................................................................ [ 40%]
2026-03-31T00:49:33.1804914Z ........................................................................ [ 41%]
2026-03-31T00:49:33.6209017Z ........................................................................ [ 41%]
2026-03-31T00:49:34.0388101Z ........................................................................ [ 42%]
2026-03-31T00:49:34.4768111Z ........................................................................ [ 42%]
2026-03-31T00:49:34.9518151Z ........................................................................ [ 43%]
2026-03-31T00:49:35.4946268Z ........................................................................ [ 43%]
2026-03-31T00:49:35.9286856Z ........................................................................ [ 44%]
2026-03-31T00:49:36.2450907Z ...................................................................s..s. [ 44%]
2026-03-31T00:49:36.4443699Z .s..s...s..s..s..s..s..s..s..s..s..s..s..s..s..s..s..s..s..s..s..s..s..s [ 45%]
2026-03-31T00:49:36.6565683Z ..s..s..s..s..s..s..s..s..s..s..s..s..s..s..s..s..s..s..s..s..s..s..s..s [ 45%]
2026-03-31T00:50:18.5562894Z ..s..s..s..s..s..s..s..s..s..s..s..s.................................... [ 46%]
2026-03-31T00:50:20.5518169Z ........................................................................ [ 46%]
2026-03-31T00:50:57.8118498Z ........................................................................ [ 47%]
2026-03-31T00:50:59.4324092Z ........................................................................ [ 47%]
2026-03-31T00:50:59.7365131Z ........................................................................ [ 48%]
2026-03-31T00:51:00.2523688Z ........................................................................ [ 48%]
2026-03-31T00:51:02.8685153Z ....................................x................................... [ 49%]
2026-03-31T00:51:04.9985446Z ......xs.............................ssss..........s....x............... [ 49%]
2026-03-31T00:51:18.8034360Z ........................................................................ [ 50%]
2026-03-31T00:51:28.3078448Z ........................................................................ [ 50%]
2026-03-31T00:51:36.4630911Z ...............................................................x........ [ 51%]
2026-03-31T00:51:36.9209938Z ........................................................................ [ 51%]
2026-03-31T00:51:58.8040184Z ............................................................X........... [ 52%]
2026-03-31T00:52:00.7819282Z ........................................................................ [ 52%]
2026-03-31T00:52:02.4292106Z ........................................................................ [ 53%]
2026-03-31T00:52:06.0038847Z ........................................................................ [ 53%]
2026-03-31T00:52:20.5667998Z ........................................................................ [ 54%]
2026-03-31T00:52:24.2310994Z ........................................................................ [ 54%]
2026-03-31T00:52:27.4063866Z ......................................................................x. [ 55%]
2026-03-31T00:52:27.9597253Z ....................x................................................... [ 55%]
2026-03-31T00:52:31.6754226Z ....................x................................................... [ 56%]
2026-03-31T00:52:39.6494467Z .........sss..............ss.............x.............................. [ 56%]
2026-03-31T00:52:42.9781983Z .................s..........................sss.ss...................... [ 57%]
2026-03-31T00:52:43.6376408Z ............x........................................................... [ 57%]
2026-03-31T00:52:46.7635433Z ........................ssss...s....................x................... [ 58%]
2026-03-31T00:52:52.6394811Z ........................................................................ [ 58%]
2026-03-31T00:52:53.7982323Z ........................................................................ [ 59%]
2026-03-31T00:52:54.2773650Z ................................................ssssssssssssssssssssssss [ 60%]
2026-03-31T00:52:56.5146602Z ss.sssssssss.sssss.................................................x.... [ 60%]
2026-03-31T00:52:57.4814656Z .............x..s....................................................... [ 61%]
2026-03-31T00:52:58.0027252Z .................................................x...ssssssssssssssssss. [ 61%]
2026-03-31T00:52:58.4046299Z .............................................x.......................... [ 62%]
2026-03-31T00:52:58.6958492Z ........................................................................ [ 62%]
2026-03-31T00:52:59.0973274Z ......x........................sssssssssssssssssss......s............... [ 63%]
2026-03-31T00:52:59.4529712Z ...x...............................................s.................... [ 63%]
2026-03-31T00:52:59.7998264Z ....x................................................................... [ 64%]
2026-03-31T00:53:00.2716315Z ........................................................................ [ 64%]
2026-03-31T00:53:01.5416325Z ........................................................................ [ 65%]
2026-03-31T00:53:01.8511397Z ..............................s.ssss..ssssssssssssssssssssssssssssssssss [ 65%]
2026-03-31T00:53:04.3578009Z sssssssss.ssss.ssssssssx................................................ [ 66%]
2026-03-31T00:53:07.9416167Z ........................................................................ [ 66%]
2026-03-31T00:53:10.2496207Z ...........................................................ss........... [ 67%]
2026-03-31T00:53:17.3924019Z ........................................................................ [ 67%]
2026-03-31T00:53:27.2541580Z ................................................x....................... [ 68%]
2026-03-31T00:53:28.4347810Z .....................x.................................................. [ 68%]
2026-03-31T00:53:32.0707101Z ...................x.................................................... [ 69%]
2026-03-31T00:53:37.8895681Z ..sss......x............................................................ [ 69%]
2026-03-31T00:53:45.7382396Z ....................................x............x...................... [ 70%]
2026-03-31T00:53:46.4004264Z ........................................................................ [ 70%]
2026-03-31T00:53:47.4354297Z .....x..........................................................x....... [ 71%]
2026-03-31T00:53:48.1052053Z ...............................................x.......................x [ 71%]
2026-03-31T00:53:50.6515399Z ........................................ssssssssssssssss................ [ 72%]
2026-03-31T00:53:52.6806940Z ...............................x......................................x. [ 72%]
2026-03-31T00:53:54.0436129Z ....................x.....................x.xx.x........................ [ 73%]
2026-03-31T00:53:56.2383193Z ..................x.................x.x.x............................... [ 73%]
2026-03-31T00:54:04.8477601Z ..................................................................x..... [ 74%]
2026-03-31T00:54:12.1694617Z ...................................................x...................x [ 74%]
2026-03-31T00:54:14.0043500Z .........................xx............................................. [ 75%]
2026-03-31T00:54:17.4815765Z ...............................................x.............x........x. [ 75%]
2026-03-31T00:54:39.3237793Z .x.....................x..................xxx........................... [ 76%]
2026-03-31T00:54:58.9240843Z ..............................s......................................... [ 76%]
2026-03-31T00:55:30.4875735Z .................x........................................xx............ [ 77%]
2026-03-31T00:55:48.4399994Z .......................................................................x [ 77%]
2026-03-31T00:56:19.6014144Z .................................................x........x............. [ 78%]
2026-03-31T00:56:42.5352479Z ...x...x................................................................ [ 79%]
2026-03-31T00:57:06.2255233Z ................................x..................x.................... [ 79%]
2026-03-31T00:57:28.1101474Z .............................................................x.......... [ 80%]
2026-03-31T00:57:57.5552783Z ........................................xx..x....................x...x.. [ 80%]
2026-03-31T00:58:17.3809753Z .................x.....x.......x...........................xx.x.......x. [ 81%]
2026-03-31T00:58:45.5734703Z ..................x..................x...x.....................s........ [ 81%]
2026-03-31T00:59:16.9405015Z ..............xx..................x..................................... [ 82%]
2026-03-31T00:59:43.1519454Z ............................................................x........... [ 82%]
2026-03-31T01:00:08.2550418Z ..............s...............................................x.x....... [ 83%]
2026-03-31T01:00:18.4305045Z ........................................................................ [ 83%]
2026-03-31T01:00:26.6814017Z ...x......................s....x...xx......x............................ [ 84%]
2026-03-31T01:00:31.8482381Z ..........xsss..X......ss...................................s.........ss [ 84%]
2026-03-31T01:00:46.4657730Z ........................................................................ [ 85%]
2026-03-31T01:00:48.4194829Z ........................................................s............... [ 85%]
2026-03-31T01:00:50.3781352Z ........................................................................ [ 86%]
2026-03-31T01:01:04.7654139Z ........x....sssssssssssssss............................................ [ 86%]
2026-03-31T01:01:15.8655107Z ........................................................................ [ 87%]
2026-03-31T01:01:16.7116933Z ........................................................................ [ 87%]
2026-03-31T01:01:17.0131687Z .........ss.sss.ss..........x...........................x............... [ 88%]
2026-03-31T01:01:18.1364526Z ........x.......x.........................x.......x..................... [ 88%]
2026-03-31T01:01:18.4476678Z .............................................................ssss....... [ 89%]
2026-03-31T01:01:19.3996257Z ........ss...............ssssssssss.ssssssssssssssss.................... [ 89%]
2026-03-31T01:01:19.8518222Z .................ss...s.....sss..................ssssss.ssssssss.sssssss [ 90%]
2026-03-31T01:01:22.9526960Z sssss....s.......s.sss..s.......................x....................... [ 90%]
2026-03-31T01:01:26.6307925Z ....xx..x........xx...............................x..x.x....xxxxxxxxx..x [ 91%]
2026-03-31T01:01:28.6343971Z xx.....x.x.........x.....x......................x...................sx.. [ 91%]
2026-03-31T01:01:33.1459383Z ....x.xx................................................................ [ 92%]
2026-03-31T01:01:36.8739077Z ..x.xxxx...x..............xx......x.......................x.........x... [ 92%]
2026-03-31T01:01:39.7810631Z ......x......x....x..............................x........x............. [ 93%]
2026-03-31T01:01:41.2683330Z x.........................x.....x.....xx....x.x..............s.......... [ 93%]
2026-03-31T01:01:42.7749249Z ...x...........x..............................x..x.......x...x...x...xx. [ 94%]
2026-03-31T01:01:48.2160182Z x......xx.....xx...........xxxx.xxxx.......x..x.x.x..xx...ss.s......xxxx [ 94%]
2026-03-31T01:01:54.1227920Z .....x.......xxxxxxx..x....s...................xx....x....x.....x....... [ 95%]
2026-03-31T01:01:55.6139338Z ...........................s.................x....................xx..x. [ 95%]
2026-03-31T01:02:05.8628507Z ...x........x...............x.....x.....xxxxxx......x..x.x.xx....x...... [ 96%]
2026-03-31T01:02:13.5559863Z .x..................x.xs.xxxx.x......................................... [ 96%]
2026-03-31T01:02:23.0877223Z .......x.........x...xxx..........................x...........xx...xx... [ 97%]
2026-03-31T01:02:29.6956852Z ........ss.s...............................................s............ [ 97%]
2026-03-31T01:02:33.2904077Z ........................................................................ [ 98%]
2026-03-31T01:02:35.4552758Z ........................................................................ [ 99%]
2026-03-31T01:02:38.0116857Z .................................................x.......x.............. [ 99%]
2026-03-31T01:03:03.9469684Z .............x...................xxx.x...............x..x.x....sss       [100%]
2026-03-31T01:03:03.9470575Z === 13018 passed, 681 skipped, 329 xfailed, 6 xpassed in 1361.59s (0:22:41) ====
2026-03-31T01:03:04.5562826Z Post job cleanup.
2026-03-31T01:03:04.6944522Z Post job cleanup.
2026-03-31T01:03:04.7753432Z [command]/usr/bin/git version
2026-03-31T01:03:04.7796271Z git version 2.53.0
2026-03-31T01:03:04.7873108Z Temporarily overriding HOME='/home/runner/work/_temp/906c0573-99b7-452a-af94-1cd443d1c53c' before making global git config changes
2026-03-31T01:03:04.7874428Z Adding repository directory to the temporary git global config as a safe directory
2026-03-31T01:03:04.7879382Z [command]/usr/bin/git config --global --add safe.directory /home/runner/work/sympy/sympy
2026-03-31T01:03:04.7915431Z Removing SSH command configuration
2026-03-31T01:03:04.7922584Z [command]/usr/bin/git config --local --name-only --get-regexp core\.sshCommand
2026-03-31T01:03:04.7962166Z [command]/usr/bin/git submodule foreach --recursive sh -c "git config --local --name-only --get-regexp 'core\.sshCommand' && git config --local --unset-all 'core.sshCommand' || :"
2026-03-31T01:03:04.8214349Z Removing HTTP extra header
2026-03-31T01:03:04.8221042Z [command]/usr/bin/git config --local --name-only --get-regexp http\.https\:\/\/github\.com\/\.extraheader
2026-03-31T01:03:04.8261588Z [command]/usr/bin/git submodule foreach --recursive sh -c "git config --local --name-only --get-regexp 'http\.https\:\/\/github\.com\/\.extraheader' && git config --local --unset-all 'http.https://github.com/.extraheader' || :"
2026-03-31T01:03:04.8524297Z Removing includeIf entries pointing to credentials config files
2026-03-31T01:03:04.8525119Z [command]/usr/bin/git config --local --name-only --get-regexp ^includeIf\.gitdir:
2026-03-31T01:03:04.8549461Z includeif.gitdir:/home/runner/work/sympy/sympy/.git.path
2026-03-31T01:03:04.8550700Z includeif.gitdir:/home/runner/work/sympy/sympy/.git/worktrees/*.path
2026-03-31T01:03:04.8551365Z includeif.gitdir:/github/workspace/.git.path
2026-03-31T01:03:04.8551795Z includeif.gitdir:/github/workspace/.git/worktrees/*.path
2026-03-31T01:03:04.8564455Z [command]/usr/bin/git config --local --get-all includeif.gitdir:/home/runner/work/sympy/sympy/.git.path
2026-03-31T01:03:04.8587905Z /home/runner/work/_temp/git-credentials-f675424d-fc93-4c6b-b697-8d162ba23a28.config
2026-03-31T01:03:04.8601583Z [command]/usr/bin/git config --local --unset includeif.gitdir:/home/runner/work/sympy/sympy/.git.path /home/runner/work/_temp/git-credentials-f675424d-fc93-4c6b-b697-8d162ba23a28.config
2026-03-31T01:03:04.8642550Z [command]/usr/bin/git config --local --get-all includeif.gitdir:/home/runner/work/sympy/sympy/.git/worktrees/*.path
2026-03-31T01:03:04.8665933Z /home/runner/work/_temp/git-credentials-f675424d-fc93-4c6b-b697-8d162ba23a28.config
2026-03-31T01:03:04.8679203Z [command]/usr/bin/git config --local --unset includeif.gitdir:/home/runner/work/sympy/sympy/.git/worktrees/*.path /home/runner/work/_temp/git-credentials-f675424d-fc93-4c6b-b697-8d162ba23a28.config
2026-03-31T01:03:04.8713852Z [command]/usr/bin/git config --local --get-all includeif.gitdir:/github/workspace/.git.path
2026-03-31T01:03:04.8736183Z /github/runner_temp/git-credentials-f675424d-fc93-4c6b-b697-8d162ba23a28.config
2026-03-31T01:03:04.8746004Z [command]/usr/bin/git config --local --unset includeif.gitdir:/github/workspace/.git.path /github/runner_temp/git-credentials-f675424d-fc93-4c6b-b697-8d162ba23a28.config
2026-03-31T01:03:04.8779351Z [command]/usr/bin/git config --local --get-all includeif.gitdir:/github/workspace/.git/worktrees/*.path
2026-03-31T01:03:04.8802388Z /github/runner_temp/git-credentials-f675424d-fc93-4c6b-b697-8d162ba23a28.config
2026-03-31T01:03:04.8812838Z [command]/usr/bin/git config --local --unset includeif.gitdir:/github/workspace/.git/worktrees/*.path /github/runner_temp/git-credentials-f675424d-fc93-4c6b-b697-8d162ba23a28.config
2026-03-31T01:03:04.8848376Z [command]/usr/bin/git submodule foreach --recursive git config --local --show-origin --name-only --get-regexp remote.origin.url
2026-03-31T01:03:04.9083232Z Removing credentials config '/home/runner/work/_temp/git-credentials-f675424d-fc93-4c6b-b697-8d162ba23a28.config'
2026-03-31T01:03:04.9232240Z Cleaning up orphan processes
