2026-05-31T04:59:08.3263321Z Current runner version: '2.334.0'
2026-05-31T04:59:08.3298969Z ##[group]Runner Image Provisioner
2026-05-31T04:59:08.3300209Z Hosted Compute Agent
2026-05-31T04:59:08.3301377Z Version: 20260520.533
2026-05-31T04:59:08.3302506Z Commit: 189110e25284a9812c124fd27b339e2fb4f2f9db
2026-05-31T04:59:08.3303642Z Build Date: 2026-05-20T17:44:04Z
2026-05-31T04:59:08.3304812Z Worker ID: {6bc87fab-3678-49f2-9fd9-048d3ca4188e}
2026-05-31T04:59:08.3305984Z Azure Region: eastus
2026-05-31T04:59:08.3306802Z ##[endgroup]
2026-05-31T04:59:08.3308975Z ##[group]Operating System
2026-05-31T04:59:08.3309942Z Ubuntu
2026-05-31T04:59:08.3311190Z 24.04.4
2026-05-31T04:59:08.3312025Z LTS
2026-05-31T04:59:08.3312789Z ##[endgroup]
2026-05-31T04:59:08.3313711Z ##[group]Runner Image
2026-05-31T04:59:08.3314627Z Image: ubuntu-24.04
2026-05-31T04:59:08.3315525Z Version: 20260525.161.1
2026-05-31T04:59:08.3317641Z Included Software: https://github.com/actions/runner-images/blob/ubuntu24/20260525.161/images/ubuntu/Ubuntu2404-Readme.md
2026-05-31T04:59:08.3320521Z Image Release: https://github.com/actions/runner-images/releases/tag/ubuntu24%2F20260525.161
2026-05-31T04:59:08.3322173Z ##[endgroup]
2026-05-31T04:59:08.3324264Z ##[group]GITHUB_TOKEN Permissions
2026-05-31T04:59:08.3327278Z Contents: read
2026-05-31T04:59:08.3328149Z Metadata: read
2026-05-31T04:59:08.3329143Z Packages: read
2026-05-31T04:59:08.3330046Z ##[endgroup]
2026-05-31T04:59:08.3333058Z Secret source: Actions
2026-05-31T04:59:08.3334539Z Prepare workflow directory
2026-05-31T04:59:08.3878871Z Prepare all required actions
2026-05-31T04:59:08.3931631Z Getting action download info
2026-05-31T04:59:08.6761931Z Download action repository 'actions/checkout@v4' (SHA:34e114876b0b11c390a56381ad16ebd13914f8d5)
2026-05-31T04:59:08.7708388Z Download action repository 'actions/setup-node@v4' (SHA:49933ea5288caeca8642d1e84afbd3f7d6820020)
2026-05-31T04:59:08.9571796Z Complete job name: sdk-tests
2026-05-31T04:59:09.0299520Z ##[group]Run actions/checkout@v4
2026-05-31T04:59:09.0300557Z with:
2026-05-31T04:59:09.0301029Z   repository: getpaseo/paseo
2026-05-31T04:59:09.0305633Z   token: ***
2026-05-31T04:59:09.0306064Z   ssh-strict: true
2026-05-31T04:59:09.0306502Z   ssh-user: git
2026-05-31T04:59:09.0306942Z   persist-credentials: true
2026-05-31T04:59:09.0307420Z   clean: true
2026-05-31T04:59:09.0307864Z   sparse-checkout-cone-mode: true
2026-05-31T04:59:09.0308390Z   fetch-depth: 1
2026-05-31T04:59:09.0308814Z   fetch-tags: false
2026-05-31T04:59:09.0309252Z   show-progress: true
2026-05-31T04:59:09.0309687Z   lfs: false
2026-05-31T04:59:09.0310091Z   submodules: false
2026-05-31T04:59:09.0310654Z   set-safe-directory: true
2026-05-31T04:59:09.0311321Z env:
2026-05-31T04:59:09.0311741Z   ONNXRUNTIME_NODE_INSTALL: skip
2026-05-31T04:59:09.0312247Z ##[endgroup]
2026-05-31T04:59:09.1488984Z Syncing repository: getpaseo/paseo
2026-05-31T04:59:09.1491912Z ##[group]Getting Git version info
2026-05-31T04:59:09.1493083Z Working directory is '/home/runner/work/paseo/paseo'
2026-05-31T04:59:09.1494646Z [command]/usr/bin/git version
2026-05-31T04:59:09.1534983Z git version 2.54.0
2026-05-31T04:59:09.1560936Z ##[endgroup]
2026-05-31T04:59:09.1577834Z Temporarily overriding HOME='/home/runner/work/_temp/5a5a1bb8-3b4f-4f26-8b1b-ba26a81f796b' before making global git config changes
2026-05-31T04:59:09.1580072Z Adding repository directory to the temporary git global config as a safe directory
2026-05-31T04:59:09.1584741Z [command]/usr/bin/git config --global --add safe.directory /home/runner/work/paseo/paseo
2026-05-31T04:59:09.1628870Z Deleting the contents of '/home/runner/work/paseo/paseo'
2026-05-31T04:59:09.1633380Z ##[group]Initializing the repository
2026-05-31T04:59:09.1637850Z [command]/usr/bin/git init /home/runner/work/paseo/paseo
2026-05-31T04:59:09.1711133Z hint: Using 'master' as the name for the initial branch. This default branch name
2026-05-31T04:59:09.1712785Z hint: will change to "main" in Git 3.0. To configure the initial branch name
2026-05-31T04:59:09.1714248Z hint: to use in all of your new repositories, which will suppress this warning,
2026-05-31T04:59:09.1715706Z hint: call:
2026-05-31T04:59:09.1716309Z hint:
2026-05-31T04:59:09.1716902Z hint: 	git config --global init.defaultBranch <name>
2026-05-31T04:59:09.1717519Z hint:
2026-05-31T04:59:09.1718097Z hint: Names commonly chosen instead of 'master' are 'main', 'trunk' and
2026-05-31T04:59:09.1719016Z hint: 'development'. The just-created branch can be renamed via this command:
2026-05-31T04:59:09.1719735Z hint:
2026-05-31T04:59:09.1720147Z hint: 	git branch -m <name>
2026-05-31T04:59:09.1720880Z hint:
2026-05-31T04:59:09.1721502Z hint: Disable this message with "git config set advice.defaultBranchName false"
2026-05-31T04:59:09.1722454Z Initialized empty Git repository in /home/runner/work/paseo/paseo/.git/
2026-05-31T04:59:09.1732175Z [command]/usr/bin/git remote add origin https://github.com/getpaseo/paseo
2026-05-31T04:59:09.1771116Z ##[endgroup]
2026-05-31T04:59:09.1772241Z ##[group]Disabling automatic garbage collection
2026-05-31T04:59:09.1775490Z [command]/usr/bin/git config --local gc.auto 0
2026-05-31T04:59:09.1806092Z ##[endgroup]
2026-05-31T04:59:09.1807136Z ##[group]Setting up auth
2026-05-31T04:59:09.1813076Z [command]/usr/bin/git config --local --name-only --get-regexp core\.sshCommand
2026-05-31T04:59:09.1845773Z [command]/usr/bin/git submodule foreach --recursive sh -c "git config --local --name-only --get-regexp 'core\.sshCommand' && git config --local --unset-all 'core.sshCommand' || :"
2026-05-31T04:59:09.2173748Z [command]/usr/bin/git config --local --name-only --get-regexp http\.https\:\/\/github\.com\/\.extraheader
2026-05-31T04:59:09.2205228Z [command]/usr/bin/git submodule foreach --recursive sh -c "git config --local --name-only --get-regexp 'http\.https\:\/\/github\.com\/\.extraheader' && git config --local --unset-all 'http.https://github.com/.extraheader' || :"
2026-05-31T04:59:09.2440133Z [command]/usr/bin/git config --local --name-only --get-regexp ^includeIf\.gitdir:
2026-05-31T04:59:09.2481600Z [command]/usr/bin/git submodule foreach --recursive git config --local --show-origin --name-only --get-regexp remote.origin.url
2026-05-31T04:59:09.2720647Z [command]/usr/bin/git config --local http.https://github.com/.extraheader AUTHORIZATION: basic ***
2026-05-31T04:59:09.2756854Z ##[endgroup]
2026-05-31T04:59:09.2757624Z ##[group]Fetching the repository
2026-05-31T04:59:09.2765754Z [command]/usr/bin/git -c protocol.version=2 fetch --no-tags --prune --no-recurse-submodules --depth=1 origin +bd36179d10ace85095cdd45995fedef9daf9925f:refs/remotes/pull/1247/merge
2026-05-31T04:59:10.3919354Z From https://github.com/getpaseo/paseo
2026-05-31T04:59:10.3921485Z  * [new ref]         bd36179d10ace85095cdd45995fedef9daf9925f -> pull/1247/merge
2026-05-31T04:59:10.3956370Z ##[endgroup]
2026-05-31T04:59:10.3957548Z ##[group]Determining the checkout info
2026-05-31T04:59:10.3958999Z ##[endgroup]
2026-05-31T04:59:10.3965408Z [command]/usr/bin/git sparse-checkout disable
2026-05-31T04:59:10.4011860Z [command]/usr/bin/git config --local --unset-all extensions.worktreeConfig
2026-05-31T04:59:10.4043411Z ##[group]Checking out the ref
2026-05-31T04:59:10.4046584Z [command]/usr/bin/git checkout --progress --force refs/remotes/pull/1247/merge
2026-05-31T04:59:10.6038153Z Note: switching to 'refs/remotes/pull/1247/merge'.
2026-05-31T04:59:10.6038964Z 
2026-05-31T04:59:10.6039529Z You are in 'detached HEAD' state. You can look around, make experimental
2026-05-31T04:59:10.6041106Z changes and commit them, and you can discard any commits you make in this
2026-05-31T04:59:10.6042416Z state without impacting any branches by switching back to a branch.
2026-05-31T04:59:10.6043165Z 
2026-05-31T04:59:10.6043703Z If you want to create a new branch to retain commits you create, you may
2026-05-31T04:59:10.6045013Z do so (now or later) by using -c with the switch command. Example:
2026-05-31T04:59:10.6045795Z 
2026-05-31T04:59:10.6046214Z   git switch -c <new-branch-name>
2026-05-31T04:59:10.6046780Z 
2026-05-31T04:59:10.6047118Z Or undo this operation with:
2026-05-31T04:59:10.6048269Z 
2026-05-31T04:59:10.6048712Z   git switch -
2026-05-31T04:59:10.6049334Z 
2026-05-31T04:59:10.6050510Z Turn off this advice by setting config variable advice.detachedHead to false
2026-05-31T04:59:10.6051994Z 
2026-05-31T04:59:10.6054892Z HEAD is now at bd36179 Merge 3b1a406b7a81ad5aaac85e2e35ccaceb179be34f into 0e3eb9cf75497a3093f8066740a85b637a1ab84e
2026-05-31T04:59:10.6059853Z ##[endgroup]
2026-05-31T04:59:10.6099994Z [command]/usr/bin/git log -1 --format=%H
2026-05-31T04:59:10.6124459Z bd36179d10ace85095cdd45995fedef9daf9925f
2026-05-31T04:59:10.6552192Z ##[group]Run actions/setup-node@v4
2026-05-31T04:59:10.6553503Z with:
2026-05-31T04:59:10.6554436Z   node-version: 22
2026-05-31T04:59:10.6555412Z   cache: npm
2026-05-31T04:59:10.6556320Z   always-auth: false
2026-05-31T04:59:10.6557296Z   check-latest: false
2026-05-31T04:59:10.6568941Z   token: ***
2026-05-31T04:59:10.6569872Z env:
2026-05-31T04:59:10.6570906Z   ONNXRUNTIME_NODE_INSTALL: skip
2026-05-31T04:59:10.6572077Z ##[endgroup]
2026-05-31T04:59:10.8431851Z Found in cache @ /opt/hostedtoolcache/node/22.22.3/x64
2026-05-31T04:59:10.8439002Z ##[group]Environment details
2026-05-31T04:59:11.1868599Z node: v22.22.3
2026-05-31T04:59:11.1869295Z npm: 10.9.8
2026-05-31T04:59:11.1869678Z yarn: 1.22.22
2026-05-31T04:59:11.1872102Z ##[endgroup]
2026-05-31T04:59:11.1889926Z [command]/opt/hostedtoolcache/node/22.22.3/x64/bin/npm config get cache
2026-05-31T04:59:11.2942869Z /home/runner/.npm
2026-05-31T04:59:11.3871000Z Cache hit for: node-cache-Linux-x64-npm-8e22cb901b0e129c017e996cfc7786b6d27b586ae5bd2a5891c10296ae6b8ab1
2026-05-31T04:59:12.2151841Z Received 208296484 of 208296484 (100.0%), 255.0 MBs/sec
2026-05-31T04:59:12.2152626Z Cache Size: ~199 MB (208296484 B)
2026-05-31T04:59:12.2190521Z [command]/usr/bin/tar -xf /home/runner/work/_temp/e8620934-ea44-4cae-ad41-6b1a1bb80158/cache.tzst -P -C /home/runner/work/paseo/paseo --use-compress-program unzstd
2026-05-31T04:59:12.9460246Z Cache restored successfully
2026-05-31T04:59:12.9566963Z Cache restored from key: node-cache-Linux-x64-npm-8e22cb901b0e129c017e996cfc7786b6d27b586ae5bd2a5891c10296ae6b8ab1
2026-05-31T04:59:12.9754179Z ##[group]Run npm ci
2026-05-31T04:59:12.9754526Z [36;1mnpm ci[0m
2026-05-31T04:59:12.9792520Z shell: /usr/bin/bash -e {0}
2026-05-31T04:59:12.9792837Z env:
2026-05-31T04:59:12.9793068Z   ONNXRUNTIME_NODE_INSTALL: skip
2026-05-31T04:59:12.9793345Z ##[endgroup]
2026-05-31T04:59:18.6522983Z npm warn deprecated abab@2.0.6: Use your platform's native atob() and btoa() methods instead
2026-05-31T04:59:18.7378155Z npm warn deprecated whatwg-encoding@2.0.0: Use @exodus/bytes instead for a more spec-conformant and faster implementation
2026-05-31T04:59:18.7391576Z npm warn deprecated whatwg-encoding@2.0.0: Use @exodus/bytes instead for a more spec-conformant and faster implementation
2026-05-31T04:59:19.1529577Z npm warn deprecated domexception@4.0.0: Use your platform's native DOMException instead
2026-05-31T04:59:19.2359192Z npm warn deprecated whatwg-encoding@3.1.1: Use @exodus/bytes instead for a more spec-conformant and faster implementation
2026-05-31T04:59:20.0529436Z npm warn deprecated rimraf@3.0.2: Rimraf versions prior to v4 are no longer supported
2026-05-31T04:59:21.4572550Z npm warn deprecated lodash.get@4.4.2: This package is deprecated. Use the optional chaining (?.) operator instead.
2026-05-31T04:59:21.4602066Z npm warn deprecated lodash.isequal@4.5.0: This package is deprecated. Use require('node:util').isDeepStrictEqual instead.
2026-05-31T04:59:21.9806291Z npm warn deprecated inflight@1.0.6: This module is not supported, and leaks memory. Do not use it. Check out lru-cache if you want a good and tested way to coalesce async requests by a key value, which is much more comprehensive and powerful.
2026-05-31T04:59:22.2798700Z npm warn deprecated tar@6.2.1: Old versions of tar are not supported, and contain widely publicized security vulnerabilities, which have been fixed in the current version. Please update. Support for old versions may be purchased (at exorbitant rates) by contacting i@izs.me
2026-05-31T04:59:23.9870217Z npm warn deprecated node-domexception@1.0.0: Use your platform's native DOMException instead
2026-05-31T04:59:24.5227020Z npm warn deprecated boolean@3.2.0: Package no longer supported. Contact Support at https://www.npmjs.com/support for more info.
2026-05-31T04:59:24.6768725Z npm warn deprecated @xmldom/xmldom@0.7.13: this version is no longer supported, please update to at least 0.8.*
2026-05-31T04:59:24.8831660Z npm warn deprecated @oclif/screen@3.0.8: Package no longer supported. Contact Support at https://www.npmjs.com/support for more info.
2026-05-31T04:59:26.5607256Z npm warn deprecated @babel/plugin-proposal-optional-chaining@7.21.0: This proposal has been merged to the ECMAScript standard and thus this plugin is no longer maintained. Please use @babel/plugin-transform-optional-chaining instead.
2026-05-31T04:59:26.5609534Z npm warn deprecated @babel/plugin-proposal-optional-catch-binding@7.18.6: This proposal has been merged to the ECMAScript standard and thus this plugin is no longer maintained. Please use @babel/plugin-transform-optional-catch-binding instead.
2026-05-31T04:59:26.5943841Z npm warn deprecated @babel/plugin-proposal-nullish-coalescing-operator@7.18.6: This proposal has been merged to the ECMAScript standard and thus this plugin is no longer maintained. Please use @babel/plugin-transform-nullish-coalescing-operator instead.
2026-05-31T04:59:26.5947318Z npm warn deprecated @babel/plugin-proposal-numeric-separator@7.18.6: This proposal has been merged to the ECMAScript standard and thus this plugin is no longer maintained. Please use @babel/plugin-transform-numeric-separator instead.
2026-05-31T04:59:26.5950137Z npm warn deprecated @babel/plugin-proposal-logical-assignment-operators@7.20.7: This proposal has been merged to the ECMAScript standard and thus this plugin is no longer maintained. Please use @babel/plugin-transform-logical-assignment-operators instead.
2026-05-31T04:59:26.5957632Z npm warn deprecated @babel/plugin-proposal-class-properties@7.18.6: This proposal has been merged to the ECMAScript standard and thus this plugin is no longer maintained. Please use @babel/plugin-transform-class-properties instead.
2026-05-31T04:59:26.7093319Z npm warn deprecated @babel/plugin-proposal-object-rest-spread@7.20.7: This proposal has been merged to the ECMAScript standard and thus this plugin is no longer maintained. Please use @babel/plugin-transform-object-rest-spread instead.
2026-05-31T04:59:26.8453375Z npm warn deprecated @babel/plugin-proposal-async-generator-functions@7.20.7: This proposal has been merged to the ECMAScript standard and thus this plugin is no longer maintained. Please use @babel/plugin-transform-async-generator-functions instead.
2026-05-31T04:59:27.5707347Z npm warn deprecated rimraf@2.6.3: Rimraf versions prior to v4 are no longer supported
2026-05-31T04:59:27.5714081Z npm warn deprecated glob@7.2.3: Old versions of glob are not supported, and contain widely publicized security vulnerabilities, which have been fixed in the current version. Please update. Support for old versions may be purchased (at exorbitant rates) by contacting i@izs.me
2026-05-31T04:59:27.7236066Z npm warn deprecated glob@7.2.3: Old versions of glob are not supported, and contain widely publicized security vulnerabilities, which have been fixed in the current version. Please update. Support for old versions may be purchased (at exorbitant rates) by contacting i@izs.me
2026-05-31T04:59:27.7246035Z npm warn deprecated glob@7.2.3: Old versions of glob are not supported, and contain widely publicized security vulnerabilities, which have been fixed in the current version. Please update. Support for old versions may be purchased (at exorbitant rates) by contacting i@izs.me
2026-05-31T04:59:27.8273173Z npm warn deprecated glob@7.2.3: Old versions of glob are not supported, and contain widely publicized security vulnerabilities, which have been fixed in the current version. Please update. Support for old versions may be purchased (at exorbitant rates) by contacting i@izs.me
2026-05-31T04:59:28.1305175Z npm warn deprecated rimraf@2.4.5: Rimraf versions prior to v4 are no longer supported
2026-05-31T04:59:28.1614341Z npm warn deprecated glob@6.0.4: Old versions of glob are not supported, and contain widely publicized security vulnerabilities, which have been fixed in the current version. Please update. Support for old versions may be purchased (at exorbitant rates) by contacting i@izs.me
2026-05-31T04:59:28.4573697Z npm warn deprecated glob@7.1.6: Old versions of glob are not supported, and contain widely publicized security vulnerabilities, which have been fixed in the current version. Please update. Support for old versions may be purchased (at exorbitant rates) by contacting i@izs.me
2026-05-31T04:59:28.9525615Z npm warn deprecated glob@7.2.3: Old versions of glob are not supported, and contain widely publicized security vulnerabilities, which have been fixed in the current version. Please update. Support for old versions may be purchased (at exorbitant rates) by contacting i@izs.me
2026-05-31T04:59:30.0617009Z npm warn deprecated glob@7.2.3: Old versions of glob are not supported, and contain widely publicized security vulnerabilities, which have been fixed in the current version. Please update. Support for old versions may be purchased (at exorbitant rates) by contacting i@izs.me
2026-05-31T04:59:30.9639894Z npm warn deprecated glob@7.2.3: Old versions of glob are not supported, and contain widely publicized security vulnerabilities, which have been fixed in the current version. Please update. Support for old versions may be purchased (at exorbitant rates) by contacting i@izs.me
2026-05-31T04:59:31.0602389Z npm warn deprecated glob@7.2.3: Old versions of glob are not supported, and contain widely publicized security vulnerabilities, which have been fixed in the current version. Please update. Support for old versions may be purchased (at exorbitant rates) by contacting i@izs.me
2026-05-31T04:59:32.6899025Z npm warn deprecated glob@10.5.0: Old versions of glob are not supported, and contain widely publicized security vulnerabilities, which have been fixed in the current version. Please update. Support for old versions may be purchased (at exorbitant rates) by contacting i@izs.me
2026-05-31T05:01:00.0451437Z 
2026-05-31T05:01:00.0452042Z > paseo@0.1.87 postinstall
2026-05-31T05:01:00.0452593Z > node scripts/postinstall-patches.mjs
2026-05-31T05:01:00.0452907Z 
2026-05-31T05:01:00.2261672Z patch-package 8.0.1
2026-05-31T05:01:00.2263132Z Applying patches...
2026-05-31T05:01:00.2305425Z react-native-draggable-flatlist@4.0.3 ✔
2026-05-31T05:01:00.2321077Z react-native-gesture-handler@2.28.0 ✔
2026-05-31T05:01:00.2412827Z 
2026-05-31T05:01:00.2413257Z > paseo@0.1.87 prepare
2026-05-31T05:01:00.2413593Z > lefthook install --force
2026-05-31T05:01:00.2413772Z 
2026-05-31T05:01:00.3011350Z sync hooks: ✔️ (pre-commit)
2026-05-31T05:01:00.3316868Z 
2026-05-31T05:01:00.3317646Z added 2589 packages, and audited 2600 packages in 2m
2026-05-31T05:01:00.3318116Z 
2026-05-31T05:01:00.3318366Z 477 packages are looking for funding
2026-05-31T05:01:00.3318861Z   run `npm fund` for details
2026-05-31T05:01:00.6913237Z 
2026-05-31T05:01:00.6914134Z 62 vulnerabilities (5 low, 39 moderate, 18 high)
2026-05-31T05:01:00.6914572Z 
2026-05-31T05:01:00.6914912Z To address issues that do not require attention, run:
2026-05-31T05:01:00.6915437Z   npm audit fix
2026-05-31T05:01:00.6915653Z 
2026-05-31T05:01:00.6916065Z To address all issues possible (including breaking changes), run:
2026-05-31T05:01:00.6916630Z   npm audit fix --force
2026-05-31T05:01:00.6916878Z 
2026-05-31T05:01:00.6917163Z Some issues need review, and may require choosing
2026-05-31T05:01:00.6917703Z a different dependency.
2026-05-31T05:01:00.6917933Z 
2026-05-31T05:01:00.6918118Z Run `npm audit` for details.
2026-05-31T05:01:00.8429200Z ##[group]Run npm run build:client
2026-05-31T05:01:00.8429534Z [36;1mnpm run build:client[0m
2026-05-31T05:01:00.8458387Z shell: /usr/bin/bash -e {0}
2026-05-31T05:01:00.8458866Z env:
2026-05-31T05:01:00.8459091Z   ONNXRUNTIME_NODE_INSTALL: skip
2026-05-31T05:01:00.8459365Z ##[endgroup]
2026-05-31T05:01:00.9447750Z 
2026-05-31T05:01:00.9448341Z > paseo@0.1.87 build:client
2026-05-31T05:01:00.9449038Z > npm run build:protocol && npm run build --workspace=@getpaseo/client
2026-05-31T05:01:00.9449351Z 
2026-05-31T05:01:01.0439824Z 
2026-05-31T05:01:01.0440608Z > paseo@0.1.87 build:protocol
2026-05-31T05:01:01.0441170Z > npm run build --workspace=@getpaseo/protocol
2026-05-31T05:01:01.0441408Z 
2026-05-31T05:01:01.1714522Z 
2026-05-31T05:01:01.1715386Z > @getpaseo/protocol@0.1.87 build
2026-05-31T05:01:01.1716621Z > node -e "require('node:fs').rmSync('dist',{ recursive: true, force: true })" && tsc -p tsconfig.json --incremental false
2026-05-31T05:01:01.1717362Z 
2026-05-31T05:01:08.8287132Z 
2026-05-31T05:01:08.8287850Z > @getpaseo/client@0.1.87 build
2026-05-31T05:01:08.8289234Z > node -e "require('node:fs').rmSync('dist',{ recursive: true, force: true })" && tsc -p tsconfig.json --incremental false
2026-05-31T05:01:08.8289999Z 
2026-05-31T05:01:12.3861182Z ##[group]Run npm run test --workspace=@getpaseo/protocol
2026-05-31T05:01:12.3861659Z [36;1mnpm run test --workspace=@getpaseo/protocol[0m
2026-05-31T05:01:12.3889245Z shell: /usr/bin/bash -e {0}
2026-05-31T05:01:12.3889509Z env:
2026-05-31T05:01:12.3889724Z   ONNXRUNTIME_NODE_INSTALL: skip
2026-05-31T05:01:12.3889986Z ##[endgroup]
2026-05-31T05:01:12.5118467Z 
2026-05-31T05:01:12.5119056Z > @getpaseo/protocol@0.1.87 test
2026-05-31T05:01:12.5119466Z > vitest run
2026-05-31T05:01:12.5119678Z 
2026-05-31T05:01:12.7968080Z 
2026-05-31T05:01:12.7970223Z [1m[30m[46m RUN [49m[39m[22m [36mv4.1.7 [39m[90m/home/runner/work/paseo/paseo/packages/protocol[39m
2026-05-31T05:01:12.7971188Z 
2026-05-31T05:01:13.3251238Z  [32m✓[39m src/messages.stream-parsing.test.ts [2m([22m[2m13 tests[22m[2m)[22m[32m 18[2mms[22m[39m
2026-05-31T05:01:13.3303790Z  [32m✓[39m src/messages.attachments.test.ts [2m([22m[2m8 tests[22m[2m)[22m[32m 13[2mms[22m[39m
2026-05-31T05:01:13.3391696Z  [32m✓[39m src/messages.workspaces.test.ts [2m([22m[2m26 tests[22m[2m)[22m[32m 24[2mms[22m[39m
2026-05-31T05:01:13.5618311Z  [32m✓[39m src/daemon-endpoints.test.ts [2m([22m[2m22 tests[22m[2m)[22m[32m 15[2mms[22m[39m
2026-05-31T05:01:13.5853193Z  [32m✓[39m src/messages.tool-call-schema.test.ts [2m([22m[2m6 tests[22m[2m)[22m[32m 14[2mms[22m[39m
2026-05-31T05:01:13.6323046Z  [32m✓[39m src/messages.pull-request-timeline.test.ts [2m([22m[2m11 tests[22m[2m)[22m[32m 19[2mms[22m[39m
2026-05-31T05:01:13.8432503Z  [32m✓[39m src/tool-call-display.test.ts [2m([22m[2m12 tests[22m[2m)[22m[32m 10[2mms[22m[39m
2026-05-31T05:01:13.8809241Z  [32m✓[39m src/messages.checkout-pr-schema.test.ts [2m([22m[2m14 tests[22m[2m)[22m[32m 12[2mms[22m[39m
2026-05-31T05:01:13.9358911Z  [32m✓[39m src/binary-frames/file-transfer.test.ts [2m([22m[2m6 tests[22m[2m)[22m[32m 15[2mms[22m[39m
2026-05-31T05:01:14.0947035Z  [32m✓[39m src/agent-feature-schemas.test.ts [2m([22m[2m7 tests[22m[2m)[22m[32m 9[2mms[22m[39m
2026-05-31T05:01:14.1571315Z  [32m✓[39m src/paseo-config-schema.test.ts [2m([22m[2m9 tests[22m[2m)[22m[32m 14[2mms[22m[39m
2026-05-31T05:01:14.1888889Z  [32m✓[39m src/messages.test.ts [2m([22m[2m4 tests[22m[2m)[22m[32m 13[2mms[22m[39m
2026-05-31T05:01:14.3592563Z  [32m✓[39m src/messages.rename-entities.test.ts [2m([22m[2m2 tests[22m[2m)[22m[32m 7[2mms[22m[39m
2026-05-31T05:01:14.4417890Z  [32m✓[39m src/messages.providers-snapshot.test.ts [2m([22m[2m6 tests[22m[2m)[22m[32m 9[2mms[22m[39m
2026-05-31T05:01:14.4699899Z  [32m✓[39m src/binary-frames/terminal.test.ts [2m([22m[2m8 tests[22m[2m)[22m[32m 14[2mms[22m[39m
2026-05-31T05:01:14.5495083Z  [32m✓[39m src/agent-attention-notification.test.ts [2m([22m[2m5 tests[22m[2m)[22m[32m 8[2mms[22m[39m
2026-05-31T05:01:14.6312427Z  [32m✓[39m src/agent-state-bucket.test.ts [2m([22m[2m8 tests[22m[2m)[22m[32m 8[2mms[22m[39m
2026-05-31T05:01:14.6705625Z  [32m✓[39m src/terminal-input-mode.test.ts [2m([22m[2m7 tests[22m[2m)[22m[32m 9[2mms[22m[39m
2026-05-31T05:01:14.7612603Z  [32m✓[39m src/connection-offer.test.ts [2m([22m[2m5 tests[22m[2m)[22m[32m 10[2mms[22m[39m
2026-05-31T05:01:14.8278819Z  [32m✓[39m src/terminal-key-input.test.ts [2m([22m[2m9 tests[22m[2m)[22m[32m 8[2mms[22m[39m
2026-05-31T05:01:14.9522904Z  [32m✓[39m src/branch-slug.test.ts [2m([22m[2m6 tests[22m[2m)[22m[32m 8[2mms[22m[39m
2026-05-31T05:01:14.9984023Z  [32m✓[39m src/messages.create-agent-client-message-id.test.ts [2m([22m[2m3 tests[22m[2m)[22m[32m 9[2mms[22m[39m
2026-05-31T05:01:15.0854583Z  [32m✓[39m src/messages.terminal-restore.test.ts [2m([22m[2m4 tests[22m[2m)[22m[32m 8[2mms[22m[39m
2026-05-31T05:01:15.2342925Z  [32m✓[39m src/messages.list-commands.test.ts [2m([22m[2m2 tests[22m[2m)[22m[32m 7[2mms[22m[39m
2026-05-31T05:01:15.2792245Z  [32m✓[39m src/messages.create-agent-worktree-autoarchive.test.ts [2m([22m[2m2 tests[22m[2m)[22m[32m 5[2mms[22m[39m
2026-05-31T05:01:15.3252620Z  [32m✓[39m src/terminal-stream-protocol.test.ts [2m([22m[2m1 test[22m[2m)[22m[32m 4[2mms[22m[39m
2026-05-31T05:01:15.3285937Z 
2026-05-31T05:01:15.3291874Z [2m Test Files [22m [1m[32m26 passed[39m[22m[90m (26)[39m
2026-05-31T05:01:15.3292883Z [2m      Tests [22m [1m[32m206 passed[39m[22m[90m (206)[39m
2026-05-31T05:01:15.3293696Z [2m   Start at [22m 05:01:12
2026-05-31T05:01:15.3299172Z [2m   Duration [22m 2.52s[2m (transform 980ms, setup 0ms, import 2.87s, tests 290ms, environment 3ms)[22m
2026-05-31T05:01:15.3299913Z 
2026-05-31T05:01:15.4211821Z ##[group]Run npm run test --workspace=@getpaseo/client
2026-05-31T05:01:15.4212249Z [36;1mnpm run test --workspace=@getpaseo/client[0m
2026-05-31T05:01:15.4239967Z shell: /usr/bin/bash -e {0}
2026-05-31T05:01:15.4240218Z env:
2026-05-31T05:01:15.4240560Z   ONNXRUNTIME_NODE_INSTALL: skip
2026-05-31T05:01:15.4240850Z ##[endgroup]
2026-05-31T05:01:15.5864996Z 
2026-05-31T05:01:15.5865874Z > @getpaseo/client@0.1.87 test
2026-05-31T05:01:15.5866241Z > vitest run
2026-05-31T05:01:15.5866383Z 
2026-05-31T05:01:15.8662889Z 
2026-05-31T05:01:15.8664321Z [1m[30m[46m RUN [49m[39m[22m [36mv4.1.7 [39m[90m/home/runner/work/paseo/paseo/packages/client[39m
2026-05-31T05:01:15.8665902Z 
2026-05-31T05:01:16.4250926Z  [32m✓[39m src/daemon-client-transport.test.ts [2m([22m[2m10 tests[22m[2m)[22m[32m 68[2mms[22m[39m
2026-05-31T05:01:16.7099966Z  [32m✓[39m src/terminal-stream-router.test.ts [2m([22m[2m1 test[22m[2m)[22m[32m 5[2mms[22m[39m
2026-05-31T05:01:16.7317574Z  [32m✓[39m src/index.test.ts [2m([22m[2m6 tests[22m[2m)[22m[32m 57[2mms[22m[39m
2026-05-31T05:01:16.7808875Z  [32m✓[39m src/daemon-client.test.ts [2m([22m[2m63 tests[22m[2m)[22m[32m 96[2mms[22m[39m
2026-05-31T05:01:16.7842830Z 
2026-05-31T05:01:16.7847065Z [2m Test Files [22m [1m[32m4 passed[39m[22m[90m (4)[39m
2026-05-31T05:01:16.7848048Z [2m      Tests [22m [1m[32m80 passed[39m[22m[90m (80)[39m
2026-05-31T05:01:16.7848741Z [2m   Start at [22m 05:01:15
2026-05-31T05:01:16.7850680Z [2m   Duration [22m 911ms[2m (transform 1.15s, setup 0ms, import 1.68s, tests 227ms, environment 1ms)[22m
2026-05-31T05:01:16.7852310Z 
2026-05-31T05:01:16.8175169Z ##[group]Run npm run typecheck:examples --workspace=@getpaseo/client
2026-05-31T05:01:16.8175685Z [36;1mnpm run typecheck:examples --workspace=@getpaseo/client[0m
2026-05-31T05:01:16.8203161Z shell: /usr/bin/bash -e {0}
2026-05-31T05:01:16.8203433Z env:
2026-05-31T05:01:16.8203651Z   ONNXRUNTIME_NODE_INSTALL: skip
2026-05-31T05:01:16.8203920Z ##[endgroup]
2026-05-31T05:01:16.9463902Z 
2026-05-31T05:01:16.9464343Z > @getpaseo/client@0.1.87 typecheck:examples
2026-05-31T05:01:16.9464976Z > tsgo -p tsconfig.examples.json --noEmit
2026-05-31T05:01:16.9465226Z 
2026-05-31T05:01:17.4954617Z Post job cleanup.
2026-05-31T05:01:17.6548305Z Cache hit occurred on the primary key node-cache-Linux-x64-npm-8e22cb901b0e129c017e996cfc7786b6d27b586ae5bd2a5891c10296ae6b8ab1, not saving cache.
2026-05-31T05:01:17.6688889Z Post job cleanup.
2026-05-31T05:01:17.7696816Z [command]/usr/bin/git version
2026-05-31T05:01:17.7736181Z git version 2.54.0
2026-05-31T05:01:17.7780592Z Temporarily overriding HOME='/home/runner/work/_temp/95786fbe-7560-46d7-b52f-db385e387907' before making global git config changes
2026-05-31T05:01:17.7782035Z Adding repository directory to the temporary git global config as a safe directory
2026-05-31T05:01:17.7795300Z [command]/usr/bin/git config --global --add safe.directory /home/runner/work/paseo/paseo
2026-05-31T05:01:17.7836458Z [command]/usr/bin/git config --local --name-only --get-regexp core\.sshCommand
2026-05-31T05:01:17.7871442Z [command]/usr/bin/git submodule foreach --recursive sh -c "git config --local --name-only --get-regexp 'core\.sshCommand' && git config --local --unset-all 'core.sshCommand' || :"
2026-05-31T05:01:17.8123099Z [command]/usr/bin/git config --local --name-only --get-regexp http\.https\:\/\/github\.com\/\.extraheader
2026-05-31T05:01:17.8153043Z http.https://github.com/.extraheader
2026-05-31T05:01:17.8164557Z [command]/usr/bin/git config --local --unset-all http.https://github.com/.extraheader
2026-05-31T05:01:17.8197054Z [command]/usr/bin/git submodule foreach --recursive sh -c "git config --local --name-only --get-regexp 'http\.https\:\/\/github\.com\/\.extraheader' && git config --local --unset-all 'http.https://github.com/.extraheader' || :"
2026-05-31T05:01:17.8444169Z [command]/usr/bin/git config --local --name-only --get-regexp ^includeIf\.gitdir:
2026-05-31T05:01:17.8480686Z [command]/usr/bin/git submodule foreach --recursive git config --local --show-origin --name-only --get-regexp remote.origin.url
2026-05-31T05:01:17.8843503Z Cleaning up orphan processes
2026-05-31T05:01:17.9167268Z ##[warning]Node.js 20 actions are deprecated. The following actions are running on Node.js 20 and may not work as expected: actions/checkout@v4, actions/setup-node@v4. Actions will be forced to run with Node.js 24 by default starting June 16th, 2026. Node.js 20 will be removed from the runner on September 16th, 2026. Please check if updated versions of these actions are available that support Node.js 24. To opt into Node.js 24 now, set the FORCE_JAVASCRIPT_ACTIONS_TO_NODE24=true environment variable on the runner or in your workflow file. Once Node.js 24 becomes the default, you can temporarily opt out by setting ACTIONS_ALLOW_USE_UNSECURE_NODE_VERSION=true. For more information see: https://github.blog/changelog/2025-09-19-deprecation-of-node-20-on-github-actions-runners/
