2026-03-02T17:33:02.7465689Z Current runner version: '2.331.0'
2026-03-02T17:33:02.7502320Z ##[group]Runner Image Provisioner
2026-03-02T17:33:02.7503574Z Hosted Compute Agent
2026-03-02T17:33:02.7504631Z Version: 20260213.493
2026-03-02T17:33:02.7505650Z Commit: 5c115507f6dd24b8de37d8bbe0bb4509d0cc0fa3
2026-03-02T17:33:02.7506759Z Build Date: 2026-02-13T00:28:41Z
2026-03-02T17:33:02.7507692Z Worker ID: {292175f1-17d7-4504-a1be-238030a03fb7}
2026-03-02T17:33:02.7509137Z Azure Region: eastus2
2026-03-02T17:33:02.7510041Z ##[endgroup]
2026-03-02T17:33:02.7513021Z ##[group]Operating System
2026-03-02T17:33:02.7514146Z Ubuntu
2026-03-02T17:33:02.7514849Z 24.04.3
2026-03-02T17:33:02.7515684Z LTS
2026-03-02T17:33:02.7516481Z ##[endgroup]
2026-03-02T17:33:02.7517357Z ##[group]Runner Image
2026-03-02T17:33:02.7518255Z Image: ubuntu-24.04
2026-03-02T17:33:02.7519545Z Version: 20260224.36.1
2026-03-02T17:33:02.7521566Z Included Software: https://github.com/actions/runner-images/blob/ubuntu24/20260224.36/images/ubuntu/Ubuntu2404-Readme.md
2026-03-02T17:33:02.7524221Z Image Release: https://github.com/actions/runner-images/releases/tag/ubuntu24%2F20260224.36
2026-03-02T17:33:02.7525803Z ##[endgroup]
2026-03-02T17:33:02.7527729Z ##[group]GITHUB_TOKEN Permissions
2026-03-02T17:33:02.7530797Z Contents: read
2026-03-02T17:33:02.7531583Z Metadata: read
2026-03-02T17:33:02.7532530Z ##[endgroup]
2026-03-02T17:33:02.7535474Z Secret source: Actions
2026-03-02T17:33:02.7536866Z Prepare workflow directory
2026-03-02T17:33:02.8011249Z Prepare all required actions
2026-03-02T17:33:02.8067886Z Getting action download info
2026-03-02T17:33:03.0924108Z Download action repository 'actions/checkout@de0fac2e4500dabe0009e67214ff5f5447ce83dd' (SHA:de0fac2e4500dabe0009e67214ff5f5447ce83dd)
2026-03-02T17:33:03.2363282Z Download action repository 'actions/setup-node@6044e13b5dc448c55e2357c09f80417699197238' (SHA:6044e13b5dc448c55e2357c09f80417699197238)
2026-03-02T17:33:03.4396155Z Complete job name: test:browserless - Node (22.x)
2026-03-02T17:33:03.5061460Z ##[group]Run actions/checkout@de0fac2e4500dabe0009e67214ff5f5447ce83dd
2026-03-02T17:33:03.5062536Z with:
2026-03-02T17:33:03.5062936Z   repository: jquery/jquery
2026-03-02T17:33:03.5063615Z   token: ***
2026-03-02T17:33:03.5063998Z   ssh-strict: true
2026-03-02T17:33:03.5064401Z   ssh-user: git
2026-03-02T17:33:03.5064814Z   persist-credentials: true
2026-03-02T17:33:03.5065264Z   clean: true
2026-03-02T17:33:03.5065668Z   sparse-checkout-cone-mode: true
2026-03-02T17:33:03.5066142Z   fetch-depth: 1
2026-03-02T17:33:03.5066557Z   fetch-tags: false
2026-03-02T17:33:03.5066963Z   show-progress: true
2026-03-02T17:33:03.5067376Z   lfs: false
2026-03-02T17:33:03.5067754Z   submodules: false
2026-03-02T17:33:03.5068170Z   set-safe-directory: true
2026-03-02T17:33:03.5068821Z ##[endgroup]
2026-03-02T17:33:03.6043507Z Syncing repository: jquery/jquery
2026-03-02T17:33:03.6045471Z ##[group]Getting Git version info
2026-03-02T17:33:03.6046234Z Working directory is '/home/runner/work/jquery/jquery'
2026-03-02T17:33:03.6047147Z [command]/usr/bin/git version
2026-03-02T17:33:03.6134781Z git version 2.53.0
2026-03-02T17:33:03.6160132Z ##[endgroup]
2026-03-02T17:33:03.6175953Z Temporarily overriding HOME='/home/runner/work/_temp/1e21da62-eda3-4f54-8477-3d73e638b5ab' before making global git config changes
2026-03-02T17:33:03.6178057Z Adding repository directory to the temporary git global config as a safe directory
2026-03-02T17:33:03.6181705Z [command]/usr/bin/git config --global --add safe.directory /home/runner/work/jquery/jquery
2026-03-02T17:33:03.6230091Z Deleting the contents of '/home/runner/work/jquery/jquery'
2026-03-02T17:33:03.6234375Z ##[group]Initializing the repository
2026-03-02T17:33:03.6239621Z [command]/usr/bin/git init /home/runner/work/jquery/jquery
2026-03-02T17:33:03.6369268Z hint: Using 'master' as the name for the initial branch. This default branch name
2026-03-02T17:33:03.6371082Z hint: will change to "main" in Git 3.0. To configure the initial branch name
2026-03-02T17:33:03.6372916Z hint: to use in all of your new repositories, which will suppress this warning,
2026-03-02T17:33:03.6374155Z hint: call:
2026-03-02T17:33:03.6374576Z hint:
2026-03-02T17:33:03.6375456Z hint: 	git config --global init.defaultBranch <name>
2026-03-02T17:33:03.6376160Z hint:
2026-03-02T17:33:03.6376811Z hint: Names commonly chosen instead of 'master' are 'main', 'trunk' and
2026-03-02T17:33:03.6377895Z hint: 'development'. The just-created branch can be renamed via this command:
2026-03-02T17:33:03.6378755Z hint:
2026-03-02T17:33:03.6379677Z hint: 	git branch -m <name>
2026-03-02T17:33:03.6380181Z hint:
2026-03-02T17:33:03.6380765Z hint: Disable this message with "git config set advice.defaultBranchName false"
2026-03-02T17:33:03.6381716Z Initialized empty Git repository in /home/runner/work/jquery/jquery/.git/
2026-03-02T17:33:03.6385980Z [command]/usr/bin/git remote add origin https://github.com/jquery/jquery
2026-03-02T17:33:03.6427893Z ##[endgroup]
2026-03-02T17:33:03.6429362Z ##[group]Disabling automatic garbage collection
2026-03-02T17:33:03.6433281Z [command]/usr/bin/git config --local gc.auto 0
2026-03-02T17:33:03.6464861Z ##[endgroup]
2026-03-02T17:33:03.6466064Z ##[group]Setting up auth
2026-03-02T17:33:03.6466969Z Removing SSH command configuration
2026-03-02T17:33:03.6473420Z [command]/usr/bin/git config --local --name-only --get-regexp core\.sshCommand
2026-03-02T17:33:03.6509707Z [command]/usr/bin/git submodule foreach --recursive sh -c "git config --local --name-only --get-regexp 'core\.sshCommand' && git config --local --unset-all 'core.sshCommand' || :"
2026-03-02T17:33:03.6881350Z Removing HTTP extra header
2026-03-02T17:33:03.6887121Z [command]/usr/bin/git config --local --name-only --get-regexp http\.https\:\/\/github\.com\/\.extraheader
2026-03-02T17:33:03.6921713Z [command]/usr/bin/git submodule foreach --recursive sh -c "git config --local --name-only --get-regexp 'http\.https\:\/\/github\.com\/\.extraheader' && git config --local --unset-all 'http.https://github.com/.extraheader' || :"
2026-03-02T17:33:03.7166366Z Removing includeIf entries pointing to credentials config files
2026-03-02T17:33:03.7172075Z [command]/usr/bin/git config --local --name-only --get-regexp ^includeIf\.gitdir:
2026-03-02T17:33:03.7212914Z [command]/usr/bin/git submodule foreach --recursive git config --local --show-origin --name-only --get-regexp remote.origin.url
2026-03-02T17:33:03.7472330Z [command]/usr/bin/git config --file /home/runner/work/_temp/git-credentials-c61059dd-9772-4873-a639-615916918c85.config http.https://github.com/.extraheader AUTHORIZATION: basic ***
2026-03-02T17:33:03.7518633Z [command]/usr/bin/git config --local includeIf.gitdir:/home/runner/work/jquery/jquery/.git.path /home/runner/work/_temp/git-credentials-c61059dd-9772-4873-a639-615916918c85.config
2026-03-02T17:33:03.7555865Z [command]/usr/bin/git config --local includeIf.gitdir:/home/runner/work/jquery/jquery/.git/worktrees/*.path /home/runner/work/_temp/git-credentials-c61059dd-9772-4873-a639-615916918c85.config
2026-03-02T17:33:03.7593724Z [command]/usr/bin/git config --local includeIf.gitdir:/github/workspace/.git.path /github/runner_temp/git-credentials-c61059dd-9772-4873-a639-615916918c85.config
2026-03-02T17:33:03.7630808Z [command]/usr/bin/git config --local includeIf.gitdir:/github/workspace/.git/worktrees/*.path /github/runner_temp/git-credentials-c61059dd-9772-4873-a639-615916918c85.config
2026-03-02T17:33:03.7663746Z ##[endgroup]
2026-03-02T17:33:03.7664451Z ##[group]Fetching the repository
2026-03-02T17:33:03.7678170Z [command]/usr/bin/git -c protocol.version=2 fetch --no-tags --prune --no-recurse-submodules --depth=1 origin +d1ff507a6ad9ec99e10f88f1e57cb2ebe49990ec:refs/remotes/origin/main
2026-03-02T17:33:04.0566027Z From https://github.com/jquery/jquery
2026-03-02T17:33:04.0566980Z  * [new ref]         d1ff507a6ad9ec99e10f88f1e57cb2ebe49990ec -> origin/main
2026-03-02T17:33:04.0608781Z [command]/usr/bin/git branch --list --remote origin/main
2026-03-02T17:33:04.0672207Z   origin/main
2026-03-02T17:33:04.0681580Z [command]/usr/bin/git rev-parse refs/remotes/origin/main
2026-03-02T17:33:04.0712365Z d1ff507a6ad9ec99e10f88f1e57cb2ebe49990ec
2026-03-02T17:33:04.0717287Z ##[endgroup]
2026-03-02T17:33:04.0718166Z ##[group]Determining the checkout info
2026-03-02T17:33:04.0719758Z ##[endgroup]
2026-03-02T17:33:04.0724098Z [command]/usr/bin/git sparse-checkout disable
2026-03-02T17:33:04.0767020Z [command]/usr/bin/git config --local --unset-all extensions.worktreeConfig
2026-03-02T17:33:04.0800401Z ##[group]Checking out the ref
2026-03-02T17:33:04.0806198Z [command]/usr/bin/git checkout --progress --force -B main refs/remotes/origin/main
2026-03-02T17:33:04.1073421Z Switched to a new branch 'main'
2026-03-02T17:33:04.1074661Z branch 'main' set up to track 'origin/main'.
2026-03-02T17:33:04.1082104Z ##[endgroup]
2026-03-02T17:33:04.1126631Z [command]/usr/bin/git log -1 --format=%H
2026-03-02T17:33:04.1154173Z d1ff507a6ad9ec99e10f88f1e57cb2ebe49990ec
2026-03-02T17:33:04.1419998Z ##[group]Run actions/setup-node@6044e13b5dc448c55e2357c09f80417699197238
2026-03-02T17:33:04.1420843Z with:
2026-03-02T17:33:04.1421218Z   node-version: 22.x
2026-03-02T17:33:04.1421640Z   cache: npm
2026-03-02T17:33:04.1422085Z   cache-dependency-path: **/package-lock.json
2026-03-02T17:33:04.1422619Z   check-latest: false
2026-03-02T17:33:04.1423198Z   token: ***
2026-03-02T17:33:04.1423615Z   package-manager-cache: true
2026-03-02T17:33:04.1424101Z ##[endgroup]
2026-03-02T17:33:04.2815613Z Found in cache @ /opt/hostedtoolcache/node/22.22.0/x64
2026-03-02T17:33:04.2819304Z ##[group]Environment details
2026-03-02T17:33:04.7074536Z node: v22.22.0
2026-03-02T17:33:04.7076189Z npm: 10.9.4
2026-03-02T17:33:04.7076795Z yarn: 1.22.22
2026-03-02T17:33:04.7078187Z ##[endgroup]
2026-03-02T17:33:04.7092430Z [command]/opt/hostedtoolcache/node/22.22.0/x64/bin/npm config get cache
2026-03-02T17:33:04.8261826Z /home/runner/.npm
2026-03-02T17:33:04.9996727Z Cache hit for: node-cache-Linux-x64-npm-08e30e59148e9ef7b4d39e993440f962dc35ccd3d9cc207fd3819594cef5c638
2026-03-02T17:33:05.4578540Z Received 68120804 of 68120804 (100.0%), 162.8 MBs/sec
2026-03-02T17:33:05.4579979Z Cache Size: ~65 MB (68120804 B)
2026-03-02T17:33:05.4611681Z [command]/usr/bin/tar -xf /home/runner/work/_temp/aa7b2b24-cc2b-4ae8-a15a-b927119aa47c/cache.tzst -P -C /home/runner/work/jquery/jquery --use-compress-program unzstd
2026-03-02T17:33:05.6986221Z Cache restored successfully
2026-03-02T17:33:05.7124838Z Cache restored from key: node-cache-Linux-x64-npm-08e30e59148e9ef7b4d39e993440f962dc35ccd3d9cc207fd3819594cef5c638
2026-03-02T17:33:05.7340522Z ##[group]Run npm ci
2026-03-02T17:33:05.7340851Z [36;1mnpm ci[0m
2026-03-02T17:33:05.7408388Z shell: /usr/bin/bash -e {0}
2026-03-02T17:33:05.7408732Z ##[endgroup]
2026-03-02T17:33:08.9238218Z npm warn deprecated inflight@1.0.6: This module is not supported, and leaks memory. Do not use it. Check out lru-cache if you want a good and tested way to coalesce async requests by a key value, which is much more comprehensive and powerful.
2026-03-02T17:33:08.9707680Z npm warn deprecated lodash.get@4.4.2: This package is deprecated. Use the optional chaining (?.) operator instead.
2026-03-02T17:33:09.0890064Z npm warn deprecated @humanwhocodes/config-array@0.11.14: Use @eslint/config-array instead
2026-03-02T17:33:09.1331122Z npm warn deprecated rimraf@3.0.2: Rimraf versions prior to v4 are no longer supported
2026-03-02T17:33:09.2217628Z npm warn deprecated glob@7.2.3: Glob versions prior to v9 are no longer supported
2026-03-02T17:33:09.2360128Z npm warn deprecated @humanwhocodes/object-schema@2.0.3: Use @eslint/object-schema instead
2026-03-02T17:33:10.2172251Z npm warn deprecated glob@10.5.0: Old versions of glob are not supported, and contain widely publicized security vulnerabilities, which have been fixed in the current version. Please update. Support for old versions may be purchased (at exorbitant rates) by contacting i@izs.me
2026-03-02T17:33:10.6415584Z npm warn deprecated sinon@9.2.4: 16.1.1
2026-03-02T17:33:11.0326199Z npm warn deprecated eslint@8.57.0: This version is no longer supported. Please see https://eslint.org/version-support for other options.
2026-03-02T17:33:12.1747132Z 
2026-03-02T17:33:12.1747889Z > jquery@4.0.0 prepare
2026-03-02T17:33:12.1748713Z > husky
2026-03-02T17:33:12.1749119Z 
2026-03-02T17:33:12.2418735Z 
2026-03-02T17:33:12.2419772Z added 799 packages, and audited 800 packages in 6s
2026-03-02T17:33:12.2423292Z 
2026-03-02T17:33:12.2423662Z 216 packages are looking for funding
2026-03-02T17:33:12.2424188Z   run `npm fund` for details
2026-03-02T17:33:12.2638303Z 
2026-03-02T17:33:12.2639259Z 10 vulnerabilities (2 low, 4 moderate, 4 high)
2026-03-02T17:33:12.2639803Z 
2026-03-02T17:33:12.2640142Z To address all issues (including breaking changes), run:
2026-03-02T17:33:12.2640594Z   npm audit fix --force
2026-03-02T17:33:12.2640790Z 
2026-03-02T17:33:12.2640946Z Run `npm audit` for details.
2026-03-02T17:33:12.3569715Z ##[group]Run npm run test:browserless
2026-03-02T17:33:12.3570419Z [36;1mnpm run test:browserless[0m
2026-03-02T17:33:12.3628465Z shell: /usr/bin/bash -e {0}
2026-03-02T17:33:12.3628819Z ##[endgroup]
2026-03-02T17:33:12.4700286Z 
2026-03-02T17:33:12.4702232Z > jquery@4.0.0 test:browserless
2026-03-02T17:33:12.4704288Z > npm run pretest && npm run build:all && node test/bundler_smoke_tests/run-jsdom-tests.js && node build/tasks/node_smoke_tests.js && node build/tasks/promises_aplus_tests.js && npm run test:unit -- -b jsdom -f module=basic
2026-03-02T17:33:12.4705685Z 
2026-03-02T17:33:12.5789679Z 
2026-03-02T17:33:12.5790239Z > jquery@4.0.0 pretest
2026-03-02T17:33:12.5791106Z > npm run qunit-fixture && npm run babel:tests && npm run npmcopy
2026-03-02T17:33:12.5791637Z 
2026-03-02T17:33:12.7309803Z 
2026-03-02T17:33:12.7310509Z > jquery@4.0.0 qunit-fixture
2026-03-02T17:33:12.7311119Z > node build/tasks/qunit-fixture.js
2026-03-02T17:33:12.7311456Z 
2026-03-02T17:33:12.7640501Z Updated ./test/data/qunit-fixture.js
2026-03-02T17:33:12.8728361Z 
2026-03-02T17:33:12.8729290Z > jquery@4.0.0 babel:tests
2026-03-02T17:33:12.8730579Z > babel test/data/core/jquery-iterability-transpiled-es6.js --out-file test/data/core/jquery-iterability-transpiled.js
2026-03-02T17:33:12.8731512Z 
2026-03-02T17:33:13.3238134Z 
2026-03-02T17:33:13.3239247Z > jquery@4.0.0 npmcopy
2026-03-02T17:33:13.3239792Z > node build/tasks/npmcopy.js
2026-03-02T17:33:13.3240079Z 
2026-03-02T17:33:13.3573013Z bootstrap/dist/css/bootstrap.css → bootstrap/bootstrap.css
2026-03-02T17:33:13.3582564Z bootstrap/dist/css/bootstrap.min.css → bootstrap/bootstrap.min.css
2026-03-02T17:33:13.3592439Z bootstrap/dist/css/bootstrap.min.css.map → bootstrap/bootstrap.min.css.map
2026-03-02T17:33:13.3600657Z core-js-bundle/minified.js → core-js-bundle/core-js-bundle.js
2026-03-02T17:33:13.3605759Z core-js-bundle/LICENSE → core-js-bundle/LICENSE
2026-03-02T17:33:13.3610670Z native-promise-only/lib/npo.src.js → npo/npo.js
2026-03-02T17:33:13.3617853Z qunit/qunit/qunit.js → qunit/qunit.js
2026-03-02T17:33:13.3623020Z qunit/qunit/qunit.css → qunit/qunit.css
2026-03-02T17:33:13.3627800Z qunit/LICENSE.txt → qunit/LICENSE.txt
2026-03-02T17:33:13.3636672Z requirejs/require.js → requirejs/require.js
2026-03-02T17:33:13.3662373Z sinon/pkg/sinon.js → sinon/sinon.js
2026-03-02T17:33:13.3666391Z sinon/LICENSE → sinon/LICENSE.txt
2026-03-02T17:33:13.4844082Z 
2026-03-02T17:33:13.4844640Z > jquery@4.0.0 build:all
2026-03-02T17:33:13.4845806Z > node --input-type=module -e "import { buildDefaultFiles } from './build/tasks/build.js'; buildDefaultFiles()"
2026-03-02T17:33:13.4846572Z 
2026-03-02T17:33:14.2853627Z [17:33:14] jquery.factory.slim.js v4.0.0+slim.d1ff507 created.
2026-03-02T17:33:15.2340785Z [17:33:15] jquery.factory.module.js v4.0.0+d1ff507 created.
2026-03-02T17:33:15.2341749Z [17:33:15] jquery.module.js v4.0.0+d1ff507 created.
2026-03-02T17:33:15.2346090Z [17:33:15] jquery.js v4.0.0+d1ff507 created.
2026-03-02T17:33:15.2366692Z [17:33:15] jquery.factory.js v4.0.0+d1ff507 created.
2026-03-02T17:33:15.4771172Z [17:33:15] jquery.module.min.js v4.0.0+d1ff507 with jquery.module.min.map created.
2026-03-02T17:33:15.4774197Z [17:33:15] jquery.min.js v4.0.0+d1ff507 with jquery.min.map created.
2026-03-02T17:33:15.4831344Z [17:33:15] jquery.slim.module.js v4.0.0+slim.d1ff507 created.
2026-03-02T17:33:15.6899719Z [17:33:15] jquery.slim.module.min.js v4.0.0+slim.d1ff507 with jquery.slim.module.min.map created.
2026-03-02T17:33:15.6904643Z [17:33:15] jquery.factory.slim.module.js v4.0.0+slim.d1ff507 created.
2026-03-02T17:33:15.6905586Z [17:33:15] jquery.slim.js v4.0.0+slim.d1ff507 created.
2026-03-02T17:33:15.7260510Z [17:33:15] jquery.slim.min.js v4.0.0+slim.d1ff507 with jquery.slim.min.map created.
2026-03-02T17:33:15.8974782Z 
2026-03-02T17:33:15.8975267Z Sizes
2026-03-02T17:33:15.8975843Z    raw     gz     br Filename
2026-03-02T17:33:15.8976218Z  78735  27620  25017 dist/jquery.min.js
2026-03-02T17:33:15.8977010Z  56045  19540  17748 dist/jquery.slim.min.js
2026-03-02T17:33:15.8977391Z  78638  27604  24943 dist-module/jquery.module.min.js
2026-03-02T17:33:15.8977784Z  55948  19524  17699 dist-module/jquery.slim.module.min.js
2026-03-02T17:33:15.8978035Z 
2026-03-02T17:33:15.9063553Z Saved cache for main.
2026-03-02T17:33:16.4430605Z Running Rollup, version: pure ESM
2026-03-02T17:33:16.4438331Z Running Rollup, version: ESM + CommonJS
2026-03-02T17:33:16.4441502Z Running Webpack
2026-03-02T17:33:19.3240927Z Build completed: Rollup, version: pure ESM
2026-03-02T17:33:20.0764661Z Build completed: Rollup, version: ESM + CommonJS
2026-03-02T17:33:21.4575270Z Build completed: Webpack
2026-03-02T17:33:21.4577936Z Running bundlers tests: Rollup with pure ESM setup
2026-03-02T17:33:21.4578770Z Running bundlers tests: Rollup with ESM + CommonJS
2026-03-02T17:33:21.4579862Z Running bundlers tests: Webpack
2026-03-02T17:33:21.5895971Z Bundlers tests passed for: Webpack
2026-03-02T17:33:21.8556452Z Bundlers tests passed for: Rollup with pure ESM setup
2026-03-02T17:33:22.0725657Z Bundlers tests passed for: Rollup with ESM + CommonJS
2026-03-02T17:33:27.9710366Z Node smoke tests passed for regular commonjs "jquery".
2026-03-02T17:33:28.2593798Z Node smoke tests passed for regular commonjs "./dist/jquery.slim.js".
2026-03-02T17:33:28.3188213Z Node smoke tests passed for regular commonjs "./dist/jquery.js".
2026-03-02T17:33:28.3280421Z Node smoke tests passed for regular module "./dist-module/jquery.slim.module.js".
2026-03-02T17:33:28.3837417Z Node smoke tests passed for regular commonjs "jquery/slim".
2026-03-02T17:33:28.4942971Z Node smoke tests passed for regular module "./dist-module/jquery.module.js".
2026-03-02T17:33:28.6990777Z Node smoke tests passed for regular module "jquery/slim".
2026-03-02T17:33:28.7007868Z Node smoke tests passed for factory commonjs "jquery/factory".
2026-03-02T17:33:28.7136564Z Node smoke tests passed for regular module "jquery".
2026-03-02T17:33:28.7328409Z Node smoke tests passed for factory commonjs "./dist/jquery.factory.slim.js".
2026-03-02T17:33:28.7455592Z Node smoke tests passed for factory commonjs "./dist/jquery.factory.js".
2026-03-02T17:33:28.7534977Z Node smoke tests passed for factory commonjs "jquery/factory-slim".
2026-03-02T17:33:28.8765256Z Node smoke tests passed for factory module "./dist-module/jquery.factory.slim.module.js".
2026-03-02T17:33:28.8818662Z Node smoke tests passed for factory module "./dist-module/jquery.factory.module.js".
2026-03-02T17:33:28.8892201Z Node smoke tests passed for factory module "jquery/factory-slim".
2026-03-02T17:33:28.9041116Z Node smoke tests passed for factory module "jquery/factory".
2026-03-02T17:33:28.9069374Z Node smoke tests passed for regular dual "jquery/slim".
2026-03-02T17:33:28.9121468Z Node smoke tests passed for factory dual "jquery/factory".
2026-03-02T17:33:28.9391420Z Node smoke tests passed for factory dual "jquery/factory-slim".
2026-03-02T17:33:28.9495348Z Node smoke tests passed for regular dual "jquery".
2026-03-02T17:33:29.6047725Z 
2026-03-02T17:33:29.6149574Z 
2026-03-02T17:33:29.7093183Z 
2026-03-02T17:33:29.7177105Z   .
2026-03-02T17:33:31.8528355Z   ...............................................................................................................
2026-03-02T17:33:31.8684734Z   ...
2026-03-02T17:33:32.7150024Z   ............................................................................................................
2026-03-02T17:33:32.7637540Z   ...
2026-03-02T17:33:33.8138806Z   ...........................................................................................................
2026-03-02T17:33:33.9101998Z   .........
2026-03-02T17:33:34.5750362Z jQuery.Deferred exception TypeError: Thenable self-resolution
2026-03-02T17:33:34.5751185Z     at mightThrow (/home/runner/work/jquery/jquery/dist/jquery.factory.js:3224:17)
2026-03-02T17:33:34.5752043Z     at Window.process (/home/runner/work/jquery/jquery/dist/jquery.factory.js:3287:12)
2026-03-02T17:33:34.5753568Z     at Timeout.task [as _onTimeout] (/home/runner/work/jquery/jquery/node_modules/jsdom/lib/jsdom/browser/Window.js:605:19)
2026-03-02T17:33:34.5754448Z     at listOnTimeout (node:internal/timers:588:17)
2026-03-02T17:33:34.5755036Z     at process.processTimers (node:internal/timers:523:7) undefined
2026-03-02T17:33:34.5778418Z jQuery.Deferred exception TypeError: Thenable self-resolution
2026-03-02T17:33:34.5779846Z     at mightThrow (/home/runner/work/jquery/jquery/dist/jquery.factory.js:3224:17)
2026-03-02T17:33:34.5780817Z     at Window.process (/home/runner/work/jquery/jquery/dist/jquery.factory.js:3287:12)
2026-03-02T17:33:34.5781921Z     at Timeout.task [as _onTimeout] (/home/runner/work/jquery/jquery/node_modules/jsdom/lib/jsdom/browser/Window.js:605:19)
2026-03-02T17:33:34.5782796Z     at listOnTimeout (node:internal/timers:588:17)
2026-03-02T17:33:34.5783387Z     at process.processTimers (node:internal/timers:523:7) undefined
2026-03-02T17:33:34.7014115Z jQuery.Deferred exception TypeError: Thenable self-resolution
2026-03-02T17:33:34.7014990Z     at mightThrow (/home/runner/work/jquery/jquery/dist/jquery.factory.js:3224:17)
2026-03-02T17:33:34.7015833Z     at Window.process (/home/runner/work/jquery/jquery/dist/jquery.factory.js:3287:12)
2026-03-02T17:33:34.7016878Z     at Timeout.task [as _onTimeout] (/home/runner/work/jquery/jquery/node_modules/jsdom/lib/jsdom/browser/Window.js:605:19)
2026-03-02T17:33:34.7017722Z     at listOnTimeout (node:internal/timers:588:17)
2026-03-02T17:33:34.7018297Z     at process.processTimers (node:internal/timers:523:7) undefined
2026-03-02T17:33:34.7041790Z jQuery.Deferred exception TypeError: Thenable self-resolution
2026-03-02T17:33:34.7042609Z     at mightThrow (/home/runner/work/jquery/jquery/dist/jquery.factory.js:3224:17)
2026-03-02T17:33:34.7043403Z     at Window.process (/home/runner/work/jquery/jquery/dist/jquery.factory.js:3287:12)
2026-03-02T17:33:34.7044405Z     at Timeout.task [as _onTimeout] (/home/runner/work/jquery/jquery/node_modules/jsdom/lib/jsdom/browser/Window.js:605:19)
2026-03-02T17:33:34.7045230Z     at listOnTimeout (node:internal/timers:588:17)
2026-03-02T17:33:34.7045769Z     at process.processTimers (node:internal/timers:523:7) undefined
2026-03-02T17:33:35.0325585Z   ....................................................................................................
2026-03-02T17:33:35.1608606Z   ....................................................
2026-03-02T17:33:35.1975530Z   ........................
2026-03-02T17:33:35.3265584Z   ...............................................................
2026-03-02T17:33:35.8122970Z   ....................................................................................
2026-03-02T17:33:35.9432874Z   ............................
2026-03-02T17:33:36.4182777Z   ....................................................................................
2026-03-02T17:33:36.5605725Z   ............................
2026-03-02T17:33:37.0681648Z   ....................................................................................
2026-03-02T17:33:37.2230089Z   ............................
2026-03-02T17:33:37.6770605Z   ....................................................................................
2026-03-02T17:33:37.8340684Z   ............................
2026-03-02T17:33:38.2785034Z   ....................................................................................
2026-03-02T17:33:38.4487709Z   ............................
2026-03-02T17:33:38.8869658Z   ....................................................................................
2026-03-02T17:33:39.0754533Z   ............................
2026-03-02T17:33:39.7945397Z   .......................................................................................
2026-03-02T17:33:40.0363085Z   .........
2026-03-02T17:33:42.6371113Z   .................................................................................................
2026-03-02T17:33:42.9612897Z   ...........................................................
2026-03-02T17:33:43.0131525Z   .......................
2026-03-02T17:33:43.3439805Z   ........................................................
2026-03-02T17:33:43.9160951Z   ..............................................................
2026-03-02T17:33:44.2758842Z   .....................................................
2026-03-02T17:33:44.5490229Z   ..........................
2026-03-02T17:33:44.5490591Z 
2026-03-02T17:33:44.5492565Z   872 passing (15s)
2026-03-02T17:33:44.5493670Z 
2026-03-02T17:33:44.9301004Z ...................
2026-03-02T17:33:44.9301578Z 
2026-03-02T17:33:44.9303890Z   872 passing (15s)
2026-03-02T17:33:44.9304886Z 
2026-03-02T17:33:45.0499205Z 
2026-03-02T17:33:45.0499817Z > jquery@4.0.0 test:unit
2026-03-02T17:33:45.0500468Z > jtr -m test/middleware-mockserver.cjs -b jsdom -f module=basic
2026-03-02T17:33:45.0500871Z 
2026-03-02T17:33:45.6419910Z Starting test run d5be942c2c...
2026-03-02T17:33:45.7877593Z Could not parse CSS stylesheet
2026-03-02T17:33:47.2593877Z .........
2026-03-02T17:33:47.2594144Z 
2026-03-02T17:33:47.2594309Z basic: offset
2026-03-02T17:33:47.2594812Z Test skipped on JSDOM (4a294a93d8).
2026-03-02T17:33:47.2627008Z ....
2026-03-02T17:33:47.2627241Z 
2026-03-02T17:33:47.2628100Z Tests finished in 793ms at http://localhost:35739/test/?module=basic&jsdom=true in JSDOM (4a294a93d8)...
2026-03-02T17:33:47.2629352Z 14 passed. 1 skipped.
2026-03-02T17:33:48.2489981Z 
2026-03-02T17:33:48.2490569Z All tests passed!
2026-03-02T17:33:48.2495096Z Cleaning up...
2026-03-02T17:33:48.2912438Z Post job cleanup.
2026-03-02T17:33:48.4125716Z Cache hit occurred on the primary key node-cache-Linux-x64-npm-08e30e59148e9ef7b4d39e993440f962dc35ccd3d9cc207fd3819594cef5c638, not saving cache.
2026-03-02T17:33:48.4266163Z Post job cleanup.
2026-03-02T17:33:48.5105956Z [command]/usr/bin/git version
2026-03-02T17:33:48.5146820Z git version 2.53.0
2026-03-02T17:33:48.5189713Z Temporarily overriding HOME='/home/runner/work/_temp/022416da-caf2-4aaf-b060-0a11dfc86aa2' before making global git config changes
2026-03-02T17:33:48.5191738Z Adding repository directory to the temporary git global config as a safe directory
2026-03-02T17:33:48.5195153Z [command]/usr/bin/git config --global --add safe.directory /home/runner/work/jquery/jquery
2026-03-02T17:33:48.5230367Z Removing SSH command configuration
2026-03-02T17:33:48.5237571Z [command]/usr/bin/git config --local --name-only --get-regexp core\.sshCommand
2026-03-02T17:33:48.5280685Z [command]/usr/bin/git submodule foreach --recursive sh -c "git config --local --name-only --get-regexp 'core\.sshCommand' && git config --local --unset-all 'core.sshCommand' || :"
2026-03-02T17:33:48.5536034Z Removing HTTP extra header
2026-03-02T17:33:48.5543247Z [command]/usr/bin/git config --local --name-only --get-regexp http\.https\:\/\/github\.com\/\.extraheader
2026-03-02T17:33:48.5582636Z [command]/usr/bin/git submodule foreach --recursive sh -c "git config --local --name-only --get-regexp 'http\.https\:\/\/github\.com\/\.extraheader' && git config --local --unset-all 'http.https://github.com/.extraheader' || :"
2026-03-02T17:33:48.5829969Z Removing includeIf entries pointing to credentials config files
2026-03-02T17:33:48.5837455Z [command]/usr/bin/git config --local --name-only --get-regexp ^includeIf\.gitdir:
2026-03-02T17:33:48.5864976Z includeif.gitdir:/home/runner/work/jquery/jquery/.git.path
2026-03-02T17:33:48.5866092Z includeif.gitdir:/home/runner/work/jquery/jquery/.git/worktrees/*.path
2026-03-02T17:33:48.5866985Z includeif.gitdir:/github/workspace/.git.path
2026-03-02T17:33:48.5867761Z includeif.gitdir:/github/workspace/.git/worktrees/*.path
2026-03-02T17:33:48.5876284Z [command]/usr/bin/git config --local --get-all includeif.gitdir:/home/runner/work/jquery/jquery/.git.path
2026-03-02T17:33:48.5900932Z /home/runner/work/_temp/git-credentials-c61059dd-9772-4873-a639-615916918c85.config
2026-03-02T17:33:48.5912579Z [command]/usr/bin/git config --local --unset includeif.gitdir:/home/runner/work/jquery/jquery/.git.path /home/runner/work/_temp/git-credentials-c61059dd-9772-4873-a639-615916918c85.config
2026-03-02T17:33:48.5948420Z [command]/usr/bin/git config --local --get-all includeif.gitdir:/home/runner/work/jquery/jquery/.git/worktrees/*.path
2026-03-02T17:33:48.5972947Z /home/runner/work/_temp/git-credentials-c61059dd-9772-4873-a639-615916918c85.config
2026-03-02T17:33:48.5982964Z [command]/usr/bin/git config --local --unset includeif.gitdir:/home/runner/work/jquery/jquery/.git/worktrees/*.path /home/runner/work/_temp/git-credentials-c61059dd-9772-4873-a639-615916918c85.config
2026-03-02T17:33:48.6015792Z [command]/usr/bin/git config --local --get-all includeif.gitdir:/github/workspace/.git.path
2026-03-02T17:33:48.6039901Z /github/runner_temp/git-credentials-c61059dd-9772-4873-a639-615916918c85.config
2026-03-02T17:33:48.6048091Z [command]/usr/bin/git config --local --unset includeif.gitdir:/github/workspace/.git.path /github/runner_temp/git-credentials-c61059dd-9772-4873-a639-615916918c85.config
2026-03-02T17:33:48.6081352Z [command]/usr/bin/git config --local --get-all includeif.gitdir:/github/workspace/.git/worktrees/*.path
2026-03-02T17:33:48.6103948Z /github/runner_temp/git-credentials-c61059dd-9772-4873-a639-615916918c85.config
2026-03-02T17:33:48.6113871Z [command]/usr/bin/git config --local --unset includeif.gitdir:/github/workspace/.git/worktrees/*.path /github/runner_temp/git-credentials-c61059dd-9772-4873-a639-615916918c85.config
2026-03-02T17:33:48.6147989Z [command]/usr/bin/git submodule foreach --recursive git config --local --show-origin --name-only --get-regexp remote.origin.url
2026-03-02T17:33:48.6396098Z Removing credentials config '/home/runner/work/_temp/git-credentials-c61059dd-9772-4873-a639-615916918c85.config'
2026-03-02T17:33:48.6525858Z Cleaning up orphan processes
