2026-01-12T19:06:27.8827002Z Current runner version: '2.330.0'
2026-01-12T19:06:27.8851932Z ##[group]Runner Image Provisioner
2026-01-12T19:06:27.8852722Z Hosted Compute Agent
2026-01-12T19:06:27.8853348Z Version: 20251211.462
2026-01-12T19:06:27.8853930Z Commit: 6cbad8c2bb55d58165063d031ccabf57e2d2db61
2026-01-12T19:06:27.8854637Z Build Date: 2025-12-11T16:28:49Z
2026-01-12T19:06:27.8855226Z Worker ID: {aa4258d9-9378-4a74-a067-40244d5fb8ef}
2026-01-12T19:06:27.8856209Z ##[endgroup]
2026-01-12T19:06:27.8856706Z ##[group]Operating System
2026-01-12T19:06:27.8857245Z Ubuntu
2026-01-12T19:06:27.8857816Z 24.04.3
2026-01-12T19:06:27.8858238Z LTS
2026-01-12T19:06:27.8858708Z ##[endgroup]
2026-01-12T19:06:27.8859277Z ##[group]Runner Image
2026-01-12T19:06:27.8859809Z Image: ubuntu-24.04
2026-01-12T19:06:27.8860278Z Version: 20260105.202.1
2026-01-12T19:06:27.8861327Z Included Software: https://github.com/actions/runner-images/blob/ubuntu24/20260105.202/images/ubuntu/Ubuntu2404-Readme.md
2026-01-12T19:06:27.8862824Z Image Release: https://github.com/actions/runner-images/releases/tag/ubuntu24%2F20260105.202
2026-01-12T19:06:27.8863922Z ##[endgroup]
2026-01-12T19:06:27.8866764Z ##[group]GITHUB_TOKEN Permissions
2026-01-12T19:06:27.8869258Z Actions: read
2026-01-12T19:06:27.8869783Z ArtifactMetadata: read
2026-01-12T19:06:27.8870368Z Attestations: read
2026-01-12T19:06:27.8870875Z Checks: read
2026-01-12T19:06:27.8871374Z Contents: read
2026-01-12T19:06:27.8871834Z Deployments: read
2026-01-12T19:06:27.8872403Z Discussions: read
2026-01-12T19:06:27.8872872Z Issues: read
2026-01-12T19:06:27.8873342Z Metadata: read
2026-01-12T19:06:27.8873864Z Models: read
2026-01-12T19:06:27.8874328Z Packages: read
2026-01-12T19:06:27.8874812Z Pages: read
2026-01-12T19:06:27.8875275Z PullRequests: read
2026-01-12T19:06:27.8876278Z RepositoryProjects: read
2026-01-12T19:06:27.8876811Z SecurityEvents: read
2026-01-12T19:06:27.8877319Z Statuses: read
2026-01-12T19:06:27.8877886Z ##[endgroup]
2026-01-12T19:06:27.8880554Z Secret source: None
2026-01-12T19:06:27.8881533Z Prepare workflow directory
2026-01-12T19:06:27.9218851Z Prepare all required actions
2026-01-12T19:06:27.9259084Z Getting action download info
2026-01-12T19:06:28.2796888Z Download action repository 'actions/checkout@v4' (SHA:34e114876b0b11c390a56381ad16ebd13914f8d5)
2026-01-12T19:06:28.3761508Z Download action repository 'actions/setup-node@v4' (SHA:49933ea5288caeca8642d1e84afbd3f7d6820020)
2026-01-12T19:06:28.4651099Z Download action repository 'pnpm/action-setup@v4' (SHA:41ff72655975bd51cab0327fa583b6e92b6d3061)
2026-01-12T19:06:29.1253245Z Complete job name: Test with TypeScript latest on Node lts/* (ubuntu-latest)
2026-01-12T19:06:29.1889166Z ##[group]Run actions/checkout@v4
2026-01-12T19:06:29.1890109Z with:
2026-01-12T19:06:29.1890503Z   repository: colinhacks/zod
2026-01-12T19:06:29.1891122Z   token: ***
2026-01-12T19:06:29.1891496Z   ssh-strict: true
2026-01-12T19:06:29.1891882Z   ssh-user: git
2026-01-12T19:06:29.1892274Z   persist-credentials: true
2026-01-12T19:06:29.1892703Z   clean: true
2026-01-12T19:06:29.1893121Z   sparse-checkout-cone-mode: true
2026-01-12T19:06:29.1893585Z   fetch-depth: 1
2026-01-12T19:06:29.1893965Z   fetch-tags: false
2026-01-12T19:06:29.1894363Z   show-progress: true
2026-01-12T19:06:29.1894754Z   lfs: false
2026-01-12T19:06:29.1895118Z   submodules: false
2026-01-12T19:06:29.1895511Z   set-safe-directory: true
2026-01-12T19:06:29.1896951Z ##[endgroup]
2026-01-12T19:06:29.3000844Z Syncing repository: colinhacks/zod
2026-01-12T19:06:29.3003515Z ##[group]Getting Git version info
2026-01-12T19:06:29.3004597Z Working directory is '/home/runner/work/zod/zod'
2026-01-12T19:06:29.3006430Z [command]/usr/bin/git version
2026-01-12T19:06:29.3075473Z git version 2.52.0
2026-01-12T19:06:29.3102744Z ##[endgroup]
2026-01-12T19:06:29.3118795Z Temporarily overriding HOME='/home/runner/work/_temp/ea5c6ed6-71c6-40a0-92cd-9cf5a02d1e44' before making global git config changes
2026-01-12T19:06:29.3121160Z Adding repository directory to the temporary git global config as a safe directory
2026-01-12T19:06:29.3125186Z [command]/usr/bin/git config --global --add safe.directory /home/runner/work/zod/zod
2026-01-12T19:06:29.3165010Z Deleting the contents of '/home/runner/work/zod/zod'
2026-01-12T19:06:29.3169114Z ##[group]Initializing the repository
2026-01-12T19:06:29.3173540Z [command]/usr/bin/git init /home/runner/work/zod/zod
2026-01-12T19:06:29.3270593Z hint: Using 'master' as the name for the initial branch. This default branch name
2026-01-12T19:06:29.3272060Z hint: will change to "main" in Git 3.0. To configure the initial branch name
2026-01-12T19:06:29.3272989Z hint: to use in all of your new repositories, which will suppress this warning,
2026-01-12T19:06:29.3273673Z hint: call:
2026-01-12T19:06:29.3274160Z hint:
2026-01-12T19:06:29.3275002Z hint: 	git config --global init.defaultBranch <name>
2026-01-12T19:06:29.3275995Z hint:
2026-01-12T19:06:29.3276731Z hint: Names commonly chosen instead of 'master' are 'main', 'trunk' and
2026-01-12T19:06:29.3278343Z hint: 'development'. The just-created branch can be renamed via this command:
2026-01-12T19:06:29.3279654Z hint:
2026-01-12T19:06:29.3280331Z hint: 	git branch -m <name>
2026-01-12T19:06:29.3281097Z hint:
2026-01-12T19:06:29.3282158Z hint: Disable this message with "git config set advice.defaultBranchName false"
2026-01-12T19:06:29.3283801Z Initialized empty Git repository in /home/runner/work/zod/zod/.git/
2026-01-12T19:06:29.3289644Z [command]/usr/bin/git remote add origin https://github.com/colinhacks/zod
2026-01-12T19:06:29.3324962Z ##[endgroup]
2026-01-12T19:06:29.3326368Z ##[group]Disabling automatic garbage collection
2026-01-12T19:06:29.3330095Z [command]/usr/bin/git config --local gc.auto 0
2026-01-12T19:06:29.3361079Z ##[endgroup]
2026-01-12T19:06:29.3362268Z ##[group]Setting up auth
2026-01-12T19:06:29.3368827Z [command]/usr/bin/git config --local --name-only --get-regexp core\.sshCommand
2026-01-12T19:06:29.3399892Z [command]/usr/bin/git submodule foreach --recursive sh -c "git config --local --name-only --get-regexp 'core\.sshCommand' && git config --local --unset-all 'core.sshCommand' || :"
2026-01-12T19:06:29.3757117Z [command]/usr/bin/git config --local --name-only --get-regexp http\.https\:\/\/github\.com\/\.extraheader
2026-01-12T19:06:29.3785783Z [command]/usr/bin/git submodule foreach --recursive sh -c "git config --local --name-only --get-regexp 'http\.https\:\/\/github\.com\/\.extraheader' && git config --local --unset-all 'http.https://github.com/.extraheader' || :"
2026-01-12T19:06:29.4001419Z [command]/usr/bin/git config --local --name-only --get-regexp ^includeIf\.gitdir:
2026-01-12T19:06:29.4038779Z [command]/usr/bin/git submodule foreach --recursive git config --local --show-origin --name-only --get-regexp remote.origin.url
2026-01-12T19:06:29.4262473Z [command]/usr/bin/git config --local http.https://github.com/.extraheader AUTHORIZATION: basic ***
2026-01-12T19:06:29.4299603Z ##[endgroup]
2026-01-12T19:06:29.4300861Z ##[group]Fetching the repository
2026-01-12T19:06:29.4309857Z [command]/usr/bin/git -c protocol.version=2 fetch --no-tags --prune --no-recurse-submodules --depth=1 origin +e204ee42cb8aff3386d4535bfe1c7ca62024a4e7:refs/remotes/pull/5626/merge
2026-01-12T19:06:30.0624381Z From https://github.com/colinhacks/zod
2026-01-12T19:06:30.0625106Z  * [new ref]         e204ee42cb8aff3386d4535bfe1c7ca62024a4e7 -> pull/5626/merge
2026-01-12T19:06:30.0656004Z ##[endgroup]
2026-01-12T19:06:30.0656499Z ##[group]Determining the checkout info
2026-01-12T19:06:30.0658843Z ##[endgroup]
2026-01-12T19:06:30.0663568Z [command]/usr/bin/git sparse-checkout disable
2026-01-12T19:06:30.0704649Z [command]/usr/bin/git config --local --unset-all extensions.worktreeConfig
2026-01-12T19:06:30.0729901Z ##[group]Checking out the ref
2026-01-12T19:06:30.0734276Z [command]/usr/bin/git checkout --progress --force refs/remotes/pull/5626/merge
2026-01-12T19:06:30.1523634Z Note: switching to 'refs/remotes/pull/5626/merge'.
2026-01-12T19:06:30.1524173Z 
2026-01-12T19:06:30.1524574Z You are in 'detached HEAD' state. You can look around, make experimental
2026-01-12T19:06:30.1526016Z changes and commit them, and you can discard any commits you make in this
2026-01-12T19:06:30.1526892Z state without impacting any branches by switching back to a branch.
2026-01-12T19:06:30.1527411Z 
2026-01-12T19:06:30.1527778Z If you want to create a new branch to retain commits you create, you may
2026-01-12T19:06:30.1528559Z do so (now or later) by using -c with the switch command. Example:
2026-01-12T19:06:30.1529021Z 
2026-01-12T19:06:30.1529207Z   git switch -c <new-branch-name>
2026-01-12T19:06:30.1529508Z 
2026-01-12T19:06:30.1529688Z Or undo this operation with:
2026-01-12T19:06:30.1530000Z 
2026-01-12T19:06:30.1530154Z   git switch -
2026-01-12T19:06:30.1530381Z 
2026-01-12T19:06:30.1530766Z Turn off this advice by setting config variable advice.detachedHead to false
2026-01-12T19:06:30.1531345Z 
2026-01-12T19:06:30.1531940Z HEAD is now at e204ee4 Merge 9a0757ac3d1e8075e7809f79da4567dc9311ded4 into 9977fb0868432461de265a773319e80a90ba3e37
2026-01-12T19:06:30.1537401Z ##[endgroup]
2026-01-12T19:06:30.1574857Z [command]/usr/bin/git log -1 --format=%H
2026-01-12T19:06:30.1597132Z e204ee42cb8aff3386d4535bfe1c7ca62024a4e7
2026-01-12T19:06:30.1841598Z ##[group]Run actions/setup-node@v4
2026-01-12T19:06:30.1841939Z with:
2026-01-12T19:06:30.1842177Z   node-version: lts/*
2026-01-12T19:06:30.1842438Z   always-auth: false
2026-01-12T19:06:30.1842677Z   check-latest: false
2026-01-12T19:06:30.1843084Z   token: ***
2026-01-12T19:06:30.1843298Z ##[endgroup]
2026-01-12T19:06:30.3509850Z Attempt to resolve LTS alias from manifest...
2026-01-12T19:06:30.9156445Z Found in cache @ /opt/hostedtoolcache/node/24.12.0/x64
2026-01-12T19:06:30.9162532Z ##[group]Environment details
2026-01-12T19:06:31.2880021Z node: v24.12.0
2026-01-12T19:06:31.2880530Z npm: 11.6.2
2026-01-12T19:06:31.2880877Z yarn: 1.22.22
2026-01-12T19:06:31.2881972Z ##[endgroup]
2026-01-12T19:06:31.3028116Z ##[group]Run pnpm/action-setup@v4
2026-01-12T19:06:31.3028421Z with:
2026-01-12T19:06:31.3028637Z   dest: ~/setup-pnpm
2026-01-12T19:06:31.3028879Z   run_install: null
2026-01-12T19:06:31.3029119Z   package_json_file: package.json
2026-01-12T19:06:31.3029381Z   standalone: false
2026-01-12T19:06:31.3029599Z ##[endgroup]
2026-01-12T19:06:31.3574204Z ##[group]Running self-installer...
2026-01-12T19:06:31.9520977Z Progress: resolved 1, reused 0, downloaded 0, added 0
2026-01-12T19:06:31.9600588Z Packages: +1
2026-01-12T19:06:31.9601966Z +
2026-01-12T19:06:32.4689359Z Progress: resolved 1, reused 0, downloaded 1, added 1, done
2026-01-12T19:06:32.4948003Z 
2026-01-12T19:06:32.4948524Z dependencies:
2026-01-12T19:06:32.4949054Z + pnpm 10.12.1 (10.28.0 is available)
2026-01-12T19:06:32.4949264Z 
2026-01-12T19:06:32.4975800Z Done in 966ms
2026-01-12T19:06:32.5147524Z ##[endgroup]
2026-01-12T19:06:32.5151022Z Installation Completed!
2026-01-12T19:06:32.5247400Z ##[group]Run pnpm install
2026-01-12T19:06:32.5247696Z [36;1mpnpm install[0m
2026-01-12T19:06:32.5290581Z shell: /usr/bin/bash -e {0}
2026-01-12T19:06:32.5290835Z env:
2026-01-12T19:06:32.5291127Z   PNPM_HOME: /home/runner/setup-pnpm/node_modules/.bin
2026-01-12T19:06:32.5291437Z ##[endgroup]
2026-01-12T19:06:33.5652617Z Scope: all 8 workspace projects
2026-01-12T19:06:33.9790795Z Lockfile is up to date, resolution step is skipped
2026-01-12T19:06:34.1077149Z Progress: resolved 1, reused 0, downloaded 0, added 0
2026-01-12T19:06:34.2171863Z Packages: +1061
2026-01-12T19:06:34.2172534Z ++++++++++++++++++++++++++++++++++++++++++++++++++++++++++++++++++++++++++++++++
2026-01-12T19:06:35.1087820Z Progress: resolved 1061, reused 0, downloaded 87, added 87
2026-01-12T19:06:36.1277537Z Progress: resolved 1061, reused 0, downloaded 290, added 279
2026-01-12T19:06:37.1259965Z Progress: resolved 1061, reused 0, downloaded 370, added 368
2026-01-12T19:06:38.1268377Z Progress: resolved 1061, reused 0, downloaded 427, added 418
2026-01-12T19:06:39.1270268Z Progress: resolved 1061, reused 0, downloaded 454, added 429
2026-01-12T19:06:40.1281353Z Progress: resolved 1061, reused 0, downloaded 662, added 661
2026-01-12T19:06:41.1282120Z Progress: resolved 1061, reused 0, downloaded 854, added 842
2026-01-12T19:06:42.1289490Z Progress: resolved 1061, reused 0, downloaded 1034, added 1034
2026-01-12T19:06:42.4668708Z Progress: resolved 1061, reused 0, downloaded 1061, added 1061, done
2026-01-12T19:06:42.9851771Z 
2026-01-12T19:06:42.9852289Z devDependencies:
2026-01-12T19:06:42.9852821Z + @arethetypeswrong/cli 0.17.4
2026-01-12T19:06:42.9853596Z + @biomejs/biome 1.9.4
2026-01-12T19:06:42.9854155Z + @seriousme/openapi-schema-validator 2.5.0
2026-01-12T19:06:42.9854728Z + @types/benchmark 2.1.5
2026-01-12T19:06:42.9855152Z + @types/semver 7.7.0
2026-01-12T19:06:42.9855550Z + @web-std/file 3.0.3
2026-01-12T19:06:42.9856179Z + arktype 2.1.19
2026-01-12T19:06:42.9856543Z + benchmark 2.1.4
2026-01-12T19:06:42.9856915Z + chalk 5.4.1
2026-01-12T19:06:42.9857416Z + console-table-printer 2.12.1
2026-01-12T19:06:42.9857845Z + esbuild 0.25.5
2026-01-12T19:06:42.9858178Z + execa 9.5.2
2026-01-12T19:06:42.9858487Z + globby 14.1.0
2026-01-12T19:06:42.9858812Z + husky 9.1.7
2026-01-12T19:06:42.9859080Z + jsr 0.12.4
2026-01-12T19:06:42.9859425Z + lint-staged 16.1.0
2026-01-12T19:06:42.9859765Z + madge 8.0.0
2026-01-12T19:06:42.9860077Z + mitata 0.1.14
2026-01-12T19:06:42.9860384Z + prettier 3.5.3
2026-01-12T19:06:42.9860724Z + recheck 4.5.0
2026-01-12T19:06:42.9861075Z + rolldown 1.0.0-beta.18
2026-01-12T19:06:42.9861448Z + rollup 4.39.0
2026-01-12T19:06:42.9861781Z + semver 7.7.2
2026-01-12T19:06:42.9862104Z + supershy 1.0.0
2026-01-12T19:06:42.9862483Z + tinybench 2.9.0
2026-01-12T19:06:42.9862832Z + ts-morph 14.0.0
2026-01-12T19:06:42.9863172Z + tsdown 0.12.8
2026-01-12T19:06:42.9863505Z + tslib 2.8.1
2026-01-12T19:06:42.9863811Z + tsx 4.19.3
2026-01-12T19:06:42.9864166Z + typescript 5.5.4
2026-01-12T19:06:42.9864540Z + vitest 4.0.10
2026-01-12T19:06:42.9864927Z + zod 4.3.5 <- packages/zod
2026-01-12T19:06:42.9865331Z + zod3 <- zod 3.24.3
2026-01-12T19:06:42.9865852Z + zshy 0.4.2
2026-01-12T19:06:42.9866043Z 
2026-01-12T19:06:42.9866962Z ╭ Warning ─────────────────────────────────────────────────────────────────────╮
2026-01-12T19:06:42.9867991Z │                                                                              │
2026-01-12T19:06:42.9869061Z │   Ignored build scripts: @biomejs/biome, esbuild, sharp.                     │
2026-01-12T19:06:42.9870302Z │   Run "pnpm approve-builds" to pick which dependencies should be allowed     │
2026-01-12T19:06:42.9871457Z │   to run scripts.                                                            │
2026-01-12T19:06:42.9872411Z │                                                                              │
2026-01-12T19:06:42.9873470Z ╰──────────────────────────────────────────────────────────────────────────────╯
2026-01-12T19:06:42.9873957Z 
2026-01-12T19:06:42.9928652Z packages/docs postinstall$ fumadocs-mdx
2026-01-12T19:06:43.3111391Z packages/docs postinstall: [MDX] types generated
2026-01-12T19:06:43.3187209Z packages/docs postinstall: Done
2026-01-12T19:06:43.3483586Z . prepare$ husky
2026-01-12T19:06:43.4048958Z . prepare: Done
2026-01-12T19:06:43.4181893Z Done in 10.8s using pnpm v10.12.1
2026-01-12T19:06:43.4952721Z ##[group]Run pnpm add typescript@latest -w
2026-01-12T19:06:43.4953079Z [36;1mpnpm add typescript@latest -w[0m
2026-01-12T19:06:43.4986553Z shell: /usr/bin/bash -e {0}
2026-01-12T19:06:43.4986774Z env:
2026-01-12T19:06:43.4987002Z   PNPM_HOME: /home/runner/setup-pnpm/node_modules/.bin
2026-01-12T19:06:43.4987287Z ##[endgroup]
2026-01-12T19:06:43.9269031Z  WARN  `node_modules` is present. Lockfile only installation will make it out-of-date
2026-01-12T19:06:44.1310359Z Progress: resolved 1, reused 0, downloaded 0, added 0
2026-01-12T19:06:45.2257538Z Progress: resolved 75, reused 0, downloaded 0, added 0
2026-01-12T19:06:46.2277177Z Progress: resolved 273, reused 0, downloaded 0, added 0
2026-01-12T19:06:47.2274684Z Progress: resolved 493, reused 0, downloaded 0, added 0
2026-01-12T19:06:48.2275034Z Progress: resolved 744, reused 0, downloaded 0, added 0
2026-01-12T19:06:49.2268673Z Progress: resolved 1061, reused 0, downloaded 0, added 0
2026-01-12T19:06:50.2279850Z Progress: resolved 1239, reused 0, downloaded 0, added 0
2026-01-12T19:06:50.6866827Z  WARN  10 deprecated subdependencies found: @npmcli/move-file@2.0.1, are-we-there-yet@3.0.1, gauge@4.0.4, glob@7.2.3, glob@8.1.0, inflight@1.0.6, node-domexception@1.0.0, npmlog@6.0.2, read-package-json@6.0.4, rimraf@3.0.2
2026-01-12T19:06:50.7710794Z Progress: resolved 1251, reused 0, downloaded 0, added 0, done
2026-01-12T19:06:50.7724669Z 
2026-01-12T19:06:50.9142085Z Packages: +16 -11
2026-01-12T19:06:50.9142690Z ++++++++++++++++-----------
2026-01-12T19:06:51.5141552Z . prepare$ husky
2026-01-12T19:06:51.5783987Z . prepare: Done
2026-01-12T19:06:51.5880415Z Done in 8s using pnpm v10.12.1
2026-01-12T19:06:51.6696222Z ##[group]Run pnpm build
2026-01-12T19:06:51.6696610Z [36;1mpnpm build[0m
2026-01-12T19:06:51.6734791Z shell: /usr/bin/bash -e {0}
2026-01-12T19:06:51.6735017Z env:
2026-01-12T19:06:51.6735250Z   PNPM_HOME: /home/runner/setup-pnpm/node_modules/.bin
2026-01-12T19:06:51.6735563Z ##[endgroup]
2026-01-12T19:06:51.9646113Z 
2026-01-12T19:06:51.9646687Z > @ build /home/runner/work/zod/zod
2026-01-12T19:06:51.9647341Z > pnpm run -r --filter zod build
2026-01-12T19:06:51.9647664Z 
2026-01-12T19:06:52.2794165Z 
2026-01-12T19:06:52.2794898Z > zod@4.3.5 build /home/runner/work/zod/zod/packages/zod
2026-01-12T19:06:52.2795808Z > zshy --project tsconfig.build.json
2026-01-12T19:06:52.2796139Z 
2026-01-12T19:06:52.5592713Z    ╔═══════════════════════════════════════════════╗
2026-01-12T19:06:52.5593876Z    ║ zshy » the bundler-free TypeScript build tool ║
2026-01-12T19:06:52.5594734Z    ╚═══════════════════════════════════════════════╝
2026-01-12T19:06:52.5595388Z »  Starting build...
2026-01-12T19:06:52.5598819Z »  Detected project root: /home/runner/work/zod/zod/packages/zod
2026-01-12T19:06:52.5599839Z »  Reading package.json from ./package.json
2026-01-12T19:06:52.5773968Z »  Reading tsconfig from ./tsconfig.build.json
2026-01-12T19:06:52.5775553Z »  You're building your code to the project root. This means your compiled files will be generated alongside your source files.
2026-01-12T19:06:52.5777928Z    Ensure that your "files" in package.json excludes TypeScript source files, or your users may experience .d.ts resolution issues in some environments:
2026-01-12T19:06:52.5779061Z      "files": ["**/*.js", "**/*.mjs", "**/*.cjs", "**/*.d.ts", "**/*.d.mts", "**/*.d.cts"]
2026-01-12T19:06:52.5779601Z »  Determining entrypoints...
2026-01-12T19:06:52.5993505Z    ╔════════════════════╤═════════════════════════════════╗
2026-01-12T19:06:52.5994123Z    ║ Subpath            │ Entrypoint                      ║
2026-01-12T19:06:52.5995082Z    ╟────────────────────┼─────────────────────────────────╢
2026-01-12T19:06:52.5996078Z    ║ "zod"              │ ./src/index.ts                  ║
2026-01-12T19:06:52.5996599Z    ║ "zod/mini"         │ ./src/mini/index.ts             ║
2026-01-12T19:06:52.5997137Z    ║ "zod/locales"      │ ./src/locales/index.ts          ║
2026-01-12T19:06:52.5997678Z    ║ "zod/v3"           │ ./src/v3/index.ts               ║
2026-01-12T19:06:52.5998165Z    ║ "zod/v4"           │ ./src/v4/index.ts               ║
2026-01-12T19:06:52.5998670Z    ║ "zod/v4-mini"      │ ./src/v4-mini/index.ts          ║
2026-01-12T19:06:52.5999175Z    ║ "zod/v4/mini"      │ ./src/v4/mini/index.ts          ║
2026-01-12T19:06:52.5999835Z    ║ "zod/v4/core"      │ ./src/v4/core/index.ts          ║
2026-01-12T19:06:52.6000772Z    ║ "zod/v4/locales"   │ ./src/v4/locales/index.ts       ║
2026-01-12T19:06:52.6001648Z    ║ "zod/v4/locales/*" │ ./src/v4/locales/* (50 matches) ║
2026-01-12T19:06:52.6002422Z    ╚════════════════════╧═════════════════════════════════╝
2026-01-12T19:06:52.6002820Z »  Resolved build paths:
2026-01-12T19:06:52.6003106Z    ╔══════════╤═══════════════╗
2026-01-12T19:06:52.6003376Z    ║ Location │ Resolved path ║
2026-01-12T19:06:52.6003650Z    ╟──────────┼───────────────╢
2026-01-12T19:06:52.6003895Z    ║ rootDir  │ ./src         ║
2026-01-12T19:06:52.6004548Z    ║ outDir   │ .             ║
2026-01-12T19:06:52.6004819Z    ╚══════════╧═══════════════╝
2026-01-12T19:06:52.6005226Z »  Package is an ES module (package.json#/type is "module")
2026-01-12T19:06:52.6006061Z »  Skipping cleanup of outDir as it contains source files
2026-01-12T19:06:52.6006593Z »  Skipping cleanup of declarationDir as it contains source files
2026-01-12T19:06:52.6007064Z »  Building CJS... (rewriting .ts -> .cjs/.d.cts)
2026-01-12T19:06:57.5683515Z »  Building ESM...
2026-01-12T19:07:01.8716249Z »  Updating package.json...
2026-01-12T19:07:01.8721980Z »  Build complete! ✅
2026-01-12T19:07:01.9709539Z 
2026-01-12T19:07:01.9710396Z > zod@4.3.5 postbuild /home/runner/work/zod/zod/packages/zod
2026-01-12T19:07:01.9711557Z > tsx ../../scripts/write-stub-package-jsons.ts && pnpm biome check --write .
2026-01-12T19:07:01.9711904Z 
2026-01-12T19:07:02.2080756Z ✅ Created locales/package.json
2026-01-12T19:07:02.2083123Z ✅ Created mini/package.json
2026-01-12T19:07:02.2083762Z ✅ Created v3/package.json
2026-01-12T19:07:02.2084777Z ✅ Created v4/classic/package.json
2026-01-12T19:07:02.2085812Z ✅ Created v4/core/package.json
2026-01-12T19:07:02.2086675Z ✅ Created v4/package.json
2026-01-12T19:07:02.2087659Z ✅ Created v4/locales/package.json
2026-01-12T19:07:02.2088528Z ✅ Created v4/mini/package.json
2026-01-12T19:07:02.2096490Z ✅ Created v4-mini/package.json
2026-01-12T19:07:02.2096850Z 
2026-01-12T19:07:02.2097400Z ✨ Done! All stub package.json files have been created.
2026-01-12T19:07:03.5410625Z Checked 275 files in 997ms. No fixes applied.
2026-01-12T19:07:03.5640306Z 
2026-01-12T19:07:03.5640779Z > @ postbuild /home/runner/work/zod/zod
2026-01-12T19:07:03.5641343Z > biome format --write .
2026-01-12T19:07:03.5641593Z 
2026-01-12T19:07:03.8759908Z Formatted 342 files in 275ms. No fixes applied.
2026-01-12T19:07:03.8934442Z ##[group]Run pnpm test
2026-01-12T19:07:03.8934689Z [36;1mpnpm test[0m
2026-01-12T19:07:03.8968612Z shell: /usr/bin/bash -e {0}
2026-01-12T19:07:03.8968861Z env:
2026-01-12T19:07:03.8969083Z   PNPM_HOME: /home/runner/setup-pnpm/node_modules/.bin
2026-01-12T19:07:03.8969373Z ##[endgroup]
2026-01-12T19:07:04.1851222Z 
2026-01-12T19:07:04.1851728Z > @ test /home/runner/work/zod/zod
2026-01-12T19:07:04.1852084Z > vitest run
2026-01-12T19:07:04.1852213Z 
2026-01-12T19:07:04.4374059Z [33mTesting types with tsc and vue-tsc is an experimental feature.
2026-01-12T19:07:04.4375490Z Breaking changes might not follow SemVer, please pin Vitest's version when using it.[39m
2026-01-12T19:07:04.7201261Z [33mTesting types with tsc and vue-tsc is an experimental feature.
2026-01-12T19:07:04.7202651Z Breaking changes might not follow SemVer, please pin Vitest's version when using it.[39m
2026-01-12T19:07:04.7226470Z 
2026-01-12T19:07:04.7227879Z [1m[46m RUN [49m[22m [36mv4.0.10 [39m[90m/home/runner/work/zod/zod[39m
2026-01-12T19:07:04.7228419Z 
2026-01-12T19:07:06.0588127Z  [32m✓[39m [30m[43m zod [49m[39m src/v4/classic/tests/string.test.ts [2m([22m[2m46 tests[22m[2m)[22m[32m 268[2mms[22m[39m
2026-01-12T19:07:06.1939213Z  [32m✓[39m [30m[43m zod [49m[39m src/v4/classic/tests/to-json-schema.test.ts [2m([22m[2m71 tests[22m[2m)[22m[33m 388[2mms[22m[39m
2026-01-12T19:07:06.5084911Z  [32m✓[39m [30m[43m zod [49m[39m src/v3/tests/string.test.ts [2m([22m[2m76 tests[22m[2m)[22m[32m 52[2mms[22m[39m
2026-01-12T19:07:06.6843237Z  [32m✓[39m [30m[43m zod [49m[39m src/v4/classic/tests/template-literal.test.ts [2m([22m[2m8 tests[22m[2m)[22m[32m 95[2mms[22m[39m
2026-01-12T19:07:07.0010061Z  [32m✓[39m [30m[43m zod [49m[39m src/v4/mini/tests/index.test.ts [2m([22m[2m60 tests[22m[2m)[22m[32m 78[2mms[22m[39m
2026-01-12T19:07:07.1269038Z  [32m✓[39m [30m[43m zod [49m[39m src/v4/classic/tests/index.test.ts [2m([22m[2m60 tests[22m[2m)[22m[32m 93[2mms[22m[39m
2026-01-12T19:07:07.4121099Z  [32m✓[39m [30m[43m zod [49m[39m src/v4/classic/tests/from-json-schema.test.ts [2m([22m[2m55 tests[22m[2m)[22m[32m 66[2mms[22m[39m
2026-01-12T19:07:07.5774772Z  [32m✓[39m [30m[43m zod [49m[39m src/v4/classic/tests/error.test.ts [2m([22m[2m27 tests[22m[2m)[22m[32m 61[2mms[22m[39m
2026-01-12T19:07:07.7878228Z  [32m✓[39m [30m[43m zod [49m[39m src/v4/classic/tests/codec-examples.test.ts [2m([22m[2m19 tests[22m[2m)[22m[32m 43[2mms[22m[39m
2026-01-12T19:07:07.9728926Z  [32m✓[39m [30m[43m zod [49m[39m src/v4/classic/tests/codec.test.ts [2m([22m[2m14 tests[22m[2m)[22m[32m 53[2mms[22m[39m
2026-01-12T19:07:08.1519983Z  [32m✓[39m [30m[43m zod [49m[39m src/v4/classic/tests/object.test.ts [2m([22m[2m51 tests[22m[2m)[22m[32m 46[2mms[22m[39m
2026-01-12T19:07:08.3288823Z  [32m✓[39m [30m[43m zod [49m[39m src/v4/mini/tests/codec.test.ts [2m([22m[2m13 tests[22m[2m)[22m[32m 45[2mms[22m[39m
2026-01-12T19:07:08.5363601Z  [32m✓[39m [30m[43m zod [49m[39m src/v4/classic/tests/discriminated-unions.test.ts [2m([22m[2m22 tests[22m[2m)[22m[32m 68[2mms[22m[39m
2026-01-12T19:07:08.6007597Z  [32m✓[39m [30m[43m zod [49m[39m src/v3/tests/error.test.ts [2m([22m[2m29 tests[22m[2m)[22m[32m 29[2mms[22m[39m
2026-01-12T19:07:08.9471715Z  [32m✓[39m [30m[43m zod [49m[39m src/v4/classic/tests/record.test.ts [2m([22m[2m19 tests[22m[2m)[22m[32m 66[2mms[22m[39m
2026-01-12T19:07:08.9774801Z  [32m✓[39m [30m[43m zod [49m[39m src/v4/classic/tests/refine.test.ts [2m([22m[2m18 tests[22m[2m)[22m[32m 51[2mms[22m[39m
2026-01-12T19:07:09.3326711Z  [32m✓[39m [30m[43m zod [49m[39m src/v4/core/tests/locales/he.test.ts [2m([22m[2m36 tests[22m[2m)[22m[32m 44[2mms[22m[39m
2026-01-12T19:07:09.3603278Z  [32m✓[39m [30m[43m zod [49m[39m src/v4/classic/tests/error-utils.test.ts [2m([22m[2m13 tests[22m[2m)[22m[32m 45[2mms[22m[39m
2026-01-12T19:07:09.7271804Z  [32m✓[39m [30m[43m zod [49m[39m src/v4/mini/tests/string.test.ts [2m([22m[2m27 tests[22m[2m)[22m[32m 47[2mms[22m[39m
2026-01-12T19:07:09.7699998Z  [32m✓[39m [30m[43m zod [49m[39m src/v4/classic/tests/partial.test.ts [2m([22m[2m16 tests[22m[2m)[22m[32m 45[2mms[22m[39m
2026-01-12T19:07:10.0577064Z  [32m✓[39m [30m[43m zod [49m[39m src/v3/tests/async-parsing.test.ts [2m([22m[2m24 tests[22m[2m)[22m[32m 23[2mms[22m[39m
2026-01-12T19:07:10.1558062Z  [32m✓[39m [30m[43m zod [49m[39m src/v4/classic/tests/recursive-types.test.ts [2m([22m[2m13 tests[22m[2m)[22m[32m 39[2mms[22m[39m
2026-01-12T19:07:10.4547340Z  [32m✓[39m [30m[43m zod [49m[39m src/v3/tests/primitive.test.ts [2m([22m[2m71 tests[22m[2m)[22m[32m 33[2mms[22m[39m
2026-01-12T19:07:10.5204332Z  [32m✓[39m [30m[46m @zod/resolution [49m[39m attw.test.ts [2m([22m[2m1 test[22m[2m)[22m[33m 5299[2mms[22m[39m
2026-01-12T19:07:10.5207946Z      [33m[2m✓[22m[39m should run attw --pack node_modules/zod and check output [33m 5297[2mms[22m[39m
2026-01-12T19:07:10.7917231Z  [32m✓[39m [30m[43m zod [49m[39m src/v4/classic/tests/readonly.test.ts [2m([22m[2m7 tests[22m[2m)[22m[32m 23[2mms[22m[39m
2026-01-12T19:07:10.9787850Z  [32m✓[39m [30m[43m zod [49m[39m src/v3/tests/object.test.ts [2m([22m[2m37 tests[22m[2m)[22m[32m 17[2mms[22m[39m
2026-01-12T19:07:10.9853684Z  [32m✓[39m [30m[43m zod [49m[39m src/v4/classic/tests/async-parsing.test.ts [2m([22m[2m23 tests[22m[2m)[22m[33m 525[2mms[22m[39m
2026-01-12T19:07:10.9864613Z    [33m[2m✓[22m[39m async validation multiple errors 2 [33m 505[2mms[22m[39m
2026-01-12T19:07:11.3053650Z  [32m✓[39m [30m[43m zod [49m[39m src/v4/classic/tests/default.test.ts [2m([22m[2m16 tests[22m[2m)[22m[32m 37[2mms[22m[39m
2026-01-12T19:07:11.4066988Z  [32m✓[39m [30m[43m zod [49m[39m src/v4/classic/tests/to-json-schema-methods.test.ts [2m([22m[2m89 tests[22m[2m)[22m[32m 76[2mms[22m[39m
2026-01-12T19:07:11.6354586Z  [32m✓[39m [30m[43m zod [49m[39m src/v3/tests/discriminated-unions.test.ts [2m([22m[2m14 tests[22m[2m)[22m[32m 19[2mms[22m[39m
2026-01-12T19:07:11.6708085Z  [32m✓[39m [30m[43m zod [49m[39m src/v4/classic/tests/number.test.ts [2m([22m[2m26 tests[22m[2m)[22m[32m 41[2mms[22m[39m
2026-01-12T19:07:11.9444901Z  [32m✓[39m [30m[43m zod [49m[39m src/v4/classic/tests/enum.test.ts [2m([22m[2m19 tests[22m[2m)[22m[32m 25[2mms[22m[39m
2026-01-12T19:07:12.0516685Z  [32m✓[39m [30m[43m zod [49m[39m src/v4/classic/tests/function.test.ts [2m([22m[2m18 tests[22m[2m)[22m[32m 35[2mms[22m[39m
2026-01-12T19:07:12.1190264Z  [32m✓[39m [30m[43m zod [49m[39m src/v3/tests/language-server.test.ts [2m([22m[2m1 test[22m[2m)[22m[32m 3[2mms[22m[39m
2026-01-12T19:07:12.3407058Z  [32m✓[39m [30m[43m zod [49m[39m src/v3/tests/refine.test.ts [2m([22m[2m14 tests[22m[2m)[22m[32m 17[2mms[22m[39m
2026-01-12T19:07:12.4270467Z  [32m✓[39m [30m[43m zod [49m[39m src/v4/classic/tests/transform.test.ts [2m([22m[2m18 tests[22m[2m)[22m[32m 43[2mms[22m[39m
2026-01-12T19:07:12.6894792Z  [32m✓[39m [30m[43m zod [49m[39m src/v4/classic/tests/continuability.test.ts [2m([22m[2m1 test[22m[2m)[22m[32m 37[2mms[22m[39m
2026-01-12T19:07:12.7508820Z  [32m✓[39m [30m[43m zod [49m[39m src/v4/classic/tests/catch.test.ts [2m([22m[2m17 tests[22m[2m)[22m[32m 36[2mms[22m[39m
2026-01-12T19:07:13.0113252Z  [32m✓[39m [30m[43m zod [49m[39m src/v4/classic/tests/coerce.test.ts [2m([22m[2m6 tests[22m[2m)[22m[32m 20[2mms[22m[39m
2026-01-12T19:07:13.1053045Z  [32m✓[39m [30m[43m zod [49m[39m src/v4/classic/tests/primitive.test.ts [2m([22m[2m14 tests[22m[2m)[22m[32m 32[2mms[22m[39m
2026-01-12T19:07:13.2756285Z  [32m✓[39m [30m[43m zod [49m[39m src/v4/classic/tests/datetime.test.ts [2m([22m[2m14 tests[22m[2m)[22m[33m 2462[2mms[22m[39m
2026-01-12T19:07:13.2758888Z    [33m[2m✓[22m[39m redos checker [33m 2432[2mms[22m[39m
2026-01-12T19:07:13.3648803Z  [32m✓[39m [30m[43m zod [49m[39m src/v4/classic/tests/map.test.ts [2m([22m[2m12 tests[22m[2m)[22m[32m 36[2mms[22m[39m
2026-01-12T19:07:13.4538923Z  [32m✓[39m [30m[43m zod [49m[39m src/v4/classic/tests/registries.test.ts [2m([22m[2m20 tests[22m[2m)[22m[32m 22[2mms[22m[39m
2026-01-12T19:07:13.5162918Z  [32m✓[39m [30m[43m zod [49m[39m src/v3/tests/readonly.test.ts [2m([22m[2m3 tests[22m[2m)[22m[32m 10[2mms[22m[39m
2026-01-12T19:07:13.7051554Z  [32m✓[39m [30m[43m zod [49m[39m src/v4/classic/tests/optional.test.ts [2m([22m[2m13 tests[22m[2m)[22m[32m 27[2mms[22m[39m
2026-01-12T19:07:13.7591765Z  [32m✓[39m [30m[43m zod [49m[39m src/v3/tests/partials.test.ts [2m([22m[2m15 tests[22m[2m)[22m[32m 15[2mms[22m[39m
2026-01-12T19:07:13.8219112Z  [32m✓[39m [30m[43m zod [49m[39m src/v4/classic/tests/array.test.ts [2m([22m[2m9 tests[22m[2m)[22m[32m 33[2mms[22m[39m
2026-01-12T19:07:14.0357644Z  [32m✓[39m [30m[43m zod [49m[39m src/v4/core/tests/locales/es.test.ts [2m([22m[2m5 tests[22m[2m)[22m[32m 19[2mms[22m[39m
2026-01-12T19:07:14.1450430Z  [32m✓[39m [30m[43m zod [49m[39m src/v4/classic/tests/pickomit.test.ts [2m([22m[2m16 tests[22m[2m)[22m[32m 26[2mms[22m[39m
2026-01-12T19:07:14.1637209Z  [32m✓[39m [30m[43m zod [49m[39m src/v4/mini/tests/object.test.ts [2m([22m[2m13 tests[22m[2m)[22m[32m 20[2mms[22m[39m
2026-01-12T19:07:14.3580854Z  [32m✓[39m [30m[43m zod [49m[39m src/v4/classic/tests/assignability.test.ts [2m([22m[2m5 tests[22m[2m)[22m[32m 20[2mms[22m[39m
2026-01-12T19:07:14.4098182Z  [32m✓[39m [30m[43m zod [49m[39m src/v3/tests/function.test.ts [2m([22m[2m18 tests[22m[2m)[22m[32m 18[2mms[22m[39m
2026-01-12T19:07:14.5142395Z  [32m✓[39m [30m[43m zod [49m[39m src/v4/classic/tests/validations.test.ts [2m([22m[2m13 tests[22m[2m)[22m[32m 32[2mms[22m[39m
2026-01-12T19:07:14.5811780Z  [32m✓[39m [30m[43m zod [49m[39m src/v3/tests/coerce.test.ts [2m([22m[2m5 tests[22m[2m)[22m[32m 19[2mms[22m[39m
2026-01-12T19:07:14.6437797Z  [32m✓[39m [30m[43m zod [49m[39m src/v3/tests/catch.test.ts [2m([22m[2m17 tests[22m[2m)[22m[32m 18[2mms[22m[39m
2026-01-12T19:07:14.8146550Z  [32m✓[39m [30m[43m zod [49m[39m src/v3/tests/number.test.ts [2m([22m[2m6 tests[22m[2m)[22m[32m 15[2mms[22m[39m
2026-01-12T19:07:14.8820551Z  [32m✓[39m [30m[43m zod [49m[39m src/v4/classic/tests/preprocess.test.ts [2m([22m[2m11 tests[22m[2m)[22m[32m 41[2mms[22m[39m
2026-01-12T19:07:14.9967047Z  [32m✓[39m [30m[43m zod [49m[39m src/v4/classic/tests/union.test.ts [2m([22m[2m15 tests[22m[2m)[22m[32m 29[2mms[22m[39m
2026-01-12T19:07:15.0425237Z  [32m✓[39m [30m[43m zod [49m[39m src/v3/tests/transformer.test.ts [2m([22m[2m16 tests[22m[2m)[22m[32m 12[2mms[22m[39m
2026-01-12T19:07:15.2227494Z  [32m✓[39m [30m[43m zod [49m[39m src/v4/mini/tests/recursive-types.test.ts [2m([22m[2m6 tests[22m[2m)[22m[32m 12[2mms[22m[39m
2026-01-12T19:07:15.3755010Z  [32m✓[39m [30m[43m zod [49m[39m src/v4/classic/tests/set.test.ts [2m([22m[2m12 tests[22m[2m)[22m[32m 23[2mms[22m[39m
2026-01-12T19:07:15.4279986Z  [32m✓[39m [30m[43m zod [49m[39m src/v4/classic/tests/intersection.test.ts [2m([22m[2m11 tests[22m[2m)[22m[32m 36[2mms[22m[39m
2026-01-12T19:07:15.5747118Z  [32m✓[39m [30m[43m zod [49m[39m src/v4/classic/tests/tuple.test.ts [2m([22m[2m7 tests[22m[2m)[22m[32m 33[2mms[22m[39m
2026-01-12T19:07:15.5934425Z  [32m✓[39m [30m[43m zod [49m[39m src/v3/tests/deepmasking.test.ts [2m([22m[2m1 test[22m[2m)[22m[32m 3[2mms[22m[39m
2026-01-12T19:07:15.6361293Z  [32m✓[39m [30m[43m zod [49m[39m src/v3/tests/set.test.ts [2m([22m[2m11 tests[22m[2m)[22m[32m 10[2mms[22m[39m
2026-01-12T19:07:15.8061399Z  [32m✓[39m [30m[43m zod [49m[39m src/v3/tests/all-errors.test.ts [2m([22m[2m6 tests[22m[2m)[22m[32m 8[2mms[22m[39m
2026-01-12T19:07:15.9336283Z  [32m✓[39m [30m[43m zod [49m[39m src/v4/classic/tests/lazy.test.ts [2m([22m[2m9 tests[22m[2m)[22m[32m 18[2mms[22m[39m
2026-01-12T19:07:16.0142516Z  [32m✓[39m [30m[43m zod [49m[39m src/v4/core/tests/locales/uz.test.ts [2m([22m[2m1 test[22m[2m)[22m[32m 19[2mms[22m[39m
2026-01-12T19:07:16.0366848Z  [32m✓[39m [30m[43m zod [49m[39m src/v3/tests/preprocess.test.ts [2m([22m[2m10 tests[22m[2m)[22m[32m 26[2mms[22m[39m
2026-01-12T19:07:16.2278942Z  [32m✓[39m [30m[43m zod [49m[39m src/v3/tests/recursive.test.ts [2m([22m[2m4 tests[22m[2m)[22m[32m 7[2mms[22m[39m
2026-01-12T19:07:16.2643632Z  [32m✓[39m [30m[43m zod [49m[39m src/v3/tests/validations.test.ts [2m([22m[2m14 tests[22m[2m)[22m[32m 13[2mms[22m[39m
2026-01-12T19:07:16.2719898Z  [32m✓[39m [30m[43m zod [49m[39m src/v4/mini/tests/checks.test.ts [2m([22m[2m17 tests[22m[2m)[22m[32m 16[2mms[22m[39m
2026-01-12T19:07:16.4200454Z  [32m✓[39m [30m[43m zod [49m[39m src/v4/core/tests/locales/be.test.ts [2m([22m[2m38 tests[22m[2m)[22m[32m 7[2mms[22m[39m
2026-01-12T19:07:16.4784303Z  [32m✓[39m [30m[43m zod [49m[39m src/v4/core/tests/locales/ru.test.ts [2m([22m[2m38 tests[22m[2m)[22m[32m 9[2mms[22m[39m
2026-01-12T19:07:16.6288430Z  [32m✓[39m [30m[43m zod [49m[39m src/v4/classic/tests/standard-schema.test.ts [2m([22m[2m7 tests[22m[2m)[22m[32m 29[2mms[22m[39m
2026-01-12T19:07:16.6368575Z  [32m✓[39m [30m[43m zod [49m[39m src/v3/tests/record.test.ts [2m([22m[2m10 tests[22m[2m)[22m[32m 13[2mms[22m[39m
2026-01-12T19:07:16.8188068Z  [32m✓[39m [30m[43m zod [49m[39m src/v4/classic/tests/string-formats.test.ts [2m([22m[2m3 tests[22m[2m)[22m[32m 22[2mms[22m[39m
2026-01-12T19:07:16.9618408Z  [32m✓[39m [30m[43m zod [49m[39m src/v4/mini/tests/number.test.ts [2m([22m[2m9 tests[22m[2m)[22m[32m 20[2mms[22m[39m
2026-01-12T19:07:16.9992559Z  [32m✓[39m [30m[43m zod [49m[39m src/v4/classic/tests/nested-refine.test.ts [2m([22m[2m1 test[22m[2m)[22m[32m 17[2mms[22m[39m
2026-01-12T19:07:17.0229180Z  [32m✓[39m [30m[43m zod [49m[39m src/v3/tests/pickomit.test.ts [2m([22m[2m10 tests[22m[2m)[22m[32m 10[2mms[22m[39m
2026-01-12T19:07:17.2361227Z  [32m✓[39m [30m[43m zod [49m[39m src/v3/tests/map.test.ts [2m([22m[2m7 tests[22m[2m)[22m[32m 10[2mms[22m[39m
2026-01-12T19:07:17.3048318Z  [32m✓[39m [30m[43m zod [49m[39m src/v4/classic/tests/brand.test.ts [2m([22m[2m7 tests[22m[2m)[22m[32m 11[2mms[22m[39m
2026-01-12T19:07:17.3496884Z  [32m✓[39m [30m[43m zod [49m[39m src/v4/classic/tests/stringbool.test.ts [2m([22m[2m7 tests[22m[2m)[22m[32m 13[2mms[22m[39m
2026-01-12T19:07:17.4761552Z  [32m✓[39m [30m[43m zod [49m[39m src/v3/tests/default.test.ts [2m([22m[2m11 tests[22m[2m)[22m[32m 12[2mms[22m[39m
2026-01-12T19:07:17.4928094Z  [32m✓[39m [30m[43m zod [49m[39m src/v4/classic/tests/json.test.ts [2m([22m[2m1 test[22m[2m)[22m[32m 4[2mms[22m[39m
2026-01-12T19:07:17.6924427Z  [32m✓[39m [30m[43m zod [49m[39m src/v4/core/tests/locales/tr.test.ts [2m([22m[2m2 tests[22m[2m)[22m[32m 17[2mms[22m[39m
2026-01-12T19:07:17.7903398Z  [32m✓[39m [30m[43m zod [49m[39m src/v4/mini/tests/assignability.test.ts [2m([22m[2m2 tests[22m[2m)[22m[32m 14[2mms[22m[39m
2026-01-12T19:07:17.8245317Z  [32m✓[39m [30m[43m zod [49m[39m src/v4/mini/tests/brand.test.ts [2m([22m[2m5 tests[22m[2m)[22m[32m 7[2mms[22m[39m
2026-01-12T19:07:18.0536114Z  [32m✓[39m [30m[43m zod [49m[39m src/v3/tests/intersection.test.ts [2m([22m[2m5 tests[22m[2m)[22m[32m 16[2mms[22m[39m
2026-01-12T19:07:18.0610856Z  [32m✓[39m [30m[43m zod [49m[39m src/v4/classic/tests/hash.test.ts [2m([22m[2m1 test[22m[2m)[22m[32m 20[2mms[22m[39m
2026-01-12T19:07:18.1642843Z  [32m✓[39m [30m[43m zod [49m[39m src/v4/classic/tests/literal.test.ts [2m([22m[2m10 tests[22m[2m)[22m[32m 22[2mms[22m[39m
2026-01-12T19:07:18.3696781Z  [32m✓[39m [30m[43m zod [49m[39m src/v3/tests/enum.test.ts [2m([22m[2m8 tests[22m[2m)[22m[32m 8[2mms[22m[39m
2026-01-12T19:07:18.3916627Z  [32m✓[39m [30m[43m zod [49m[39m src/v4/classic/tests/firstparty.test.ts [2m([22m[2m2 tests[22m[2m)[22m[32m 4[2mms[22m[39m
2026-01-12T19:07:18.4030510Z  [32m✓[39m [30m[43m zod [49m[39m src/v4/classic/tests/nonoptional.test.ts [2m([22m[2m4 tests[22m[2m)[22m[32m 18[2mms[22m[39m
2026-01-12T19:07:18.6222501Z  [32m✓[39m [30m[43m zod [49m[39m src/v3/tests/tuple.test.ts [2m([22m[2m8 tests[22m[2m)[22m[32m 12[2mms[22m[39m
2026-01-12T19:07:18.7316930Z  [32m✓[39m [30m[43m zod [49m[39m src/v4/core/tests/record-constructor.test.ts [2m([22m[2m4 tests[22m[2m)[22m[32m 13[2mms[22m[39m
2026-01-12T19:07:18.7863629Z  [32m✓[39m [30m[43m zod [49m[39m src/v4/classic/tests/file.test.ts [2m([22m[2m3 tests[22m[2m)[22m[32m 19[2mms[22m[39m
2026-01-12T19:07:18.8314271Z  [32m✓[39m [30m[43m zod [49m[39m src/v3/tests/standard-schema.test.ts [2m([22m[2m6 tests[22m[2m)[22m[32m 9[2mms[22m[39m
2026-01-12T19:07:18.9509439Z  [32m✓[39m [30m[43m zod [49m[39m src/v3/tests/complex.test.ts [2m([22m[2m1 test[22m[2m)[22m[32m 7[2mms[22m[39m
2026-01-12T19:07:19.0193787Z  [32m✓[39m [30m[43m zod [49m[39m src/v3/tests/promise.test.ts [2m([22m[2m10 tests[22m[2m)[22m[32m 13[2mms[22m[39m
2026-01-12T19:07:19.0627475Z  [32m✓[39m [30m[43m zod [49m[39m src/v3/tests/firstparty.test.ts [2m([22m[2m1 test[22m[2m)[22m[32m 3[2mms[22m[39m
2026-01-12T19:07:19.1430566Z  [32m✓[39m [30m[43m zod [49m[39m src/v3/tests/nativeEnum.test.ts [2m([22m[2m5 tests[22m[2m)[22m[32m 10[2mms[22m[39m
2026-01-12T19:07:19.3790889Z  [32m✓[39m [30m[43m zod [49m[39m src/v4/classic/tests/pipe.test.ts [2m([22m[2m7 tests[22m[2m)[22m[32m 21[2mms[22m[39m
2026-01-12T19:07:19.4067014Z  [32m✓[39m [30m[43m zod [49m[39m src/v4/classic/tests/promise.test.ts [2m([22m[2m10 tests[22m[2m)[22m[32m 16[2mms[22m[39m
2026-01-12T19:07:19.4749269Z  [32m✓[39m [30m[43m zod [49m[39m src/v4/classic/tests/generics.test.ts [2m([22m[2m4 tests[22m[2m)[22m[32m 12[2mms[22m[39m
2026-01-12T19:07:19.6245479Z  [32m✓[39m [30m[43m zod [49m[39m src/v3/tests/bigint.test.ts [2m([22m[2m3 tests[22m[2m)[22m[32m 8[2mms[22m[39m
2026-01-12T19:07:19.7184478Z  [32m✓[39m [30m[43m zod [49m[39m src/v4/classic/tests/prefault.test.ts [2m([22m[2m4 tests[22m[2m)[22m[32m 22[2mms[22m[39m
2026-01-12T19:07:19.8228036Z  [32m✓[39m [30m[43m zod [49m[39m src/v4/classic/tests/bigint.test.ts [2m([22m[2m3 tests[22m[2m)[22m[32m 10[2mms[22m[39m
2026-01-12T19:07:19.8420388Z  [32m✓[39m [30m[43m zod [49m[39m src/v3/tests/array.test.ts [2m([22m[2m6 tests[22m[2m)[22m[32m 11[2mms[22m[39m
2026-01-12T19:07:20.0334977Z  [32m✓[39m [30m[43m zod [49m[39m src/v3/tests/branded.test.ts [2m([22m[2m1 test[22m[2m)[22m[32m 3[2mms[22m[39m
2026-01-12T19:07:20.0422490Z  [32m✓[39m [30m[43m zod [49m[39m src/v4/classic/tests/async-refinements.test.ts [2m([22m[2m4 tests[22m[2m)[22m[32m 20[2mms[22m[39m
2026-01-12T19:07:20.1878705Z  [32m✓[39m [30m[43m zod [49m[39m src/v4/classic/tests/date.test.ts [2m([22m[2m4 tests[22m[2m)[22m[32m 16[2mms[22m[39m
2026-01-12T19:07:20.2611450Z  [32m✓[39m [30m[43m zod [49m[39m src/v3/tests/async-refinements.test.ts [2m([22m[2m4 tests[22m[2m)[22m[32m 10[2mms[22m[39m
2026-01-12T19:07:20.3587577Z  [32m✓[39m [30m[43m zod [49m[39m src/v4/classic/tests/instanceof.test.ts [2m([22m[2m3 tests[22m[2m)[22m[32m 11[2mms[22m[39m
2026-01-12T19:07:20.4165136Z  [32m✓[39m [30m[43m zod [49m[39m src/v3/tests/unions.test.ts [2m([22m[2m6 tests[22m[2m)[22m[32m 11[2mms[22m[39m
2026-01-12T19:07:20.4493624Z  [32m✓[39m [30m[43m zod [49m[39m src/v3/tests/generics.test.ts [2m([22m[2m2 tests[22m[2m)[22m[32m 9[2mms[22m[39m
2026-01-12T19:07:20.7059772Z  [32m✓[39m [30m[43m zod [49m[39m src/v4/classic/tests/apply.test.ts [2m([22m[2m3 tests[22m[2m)[22m[32m 20[2mms[22m[39m
2026-01-12T19:07:20.7758653Z  [32m✓[39m [30m[43m zod [49m[39m src/v4/core/tests/recursive-tuples.test.ts [2m([22m[2m5 tests[22m[2m)[22m[32m 12[2mms[22m[39m
2026-01-12T19:07:20.7883010Z  [32m✓[39m [30m[43m zod [49m[39m src/v4/core/tests/extend.test.ts [2m([22m[2m2 tests[22m[2m)[22m[32m 17[2mms[22m[39m
2026-01-12T19:07:20.9767787Z  [32m✓[39m [30m[43m zod [49m[39m src/v3/tests/description.test.ts [2m([22m[2m4 tests[22m[2m)[22m[32m 6[2mms[22m[39m
2026-01-12T19:07:21.0291721Z  [32m✓[39m [30m[43m zod [49m[39m src/v4/mini/tests/standard-schema.test.ts [2m([22m[2m2 tests[22m[2m)[22m[32m 9[2mms[22m[39m
2026-01-12T19:07:21.1205326Z  [32m✓[39m [30m[43m zod [49m[39m src/v4/classic/tests/description.test.ts [2m([22m[2m2 tests[22m[2m)[22m[32m 5[2mms[22m[39m
2026-01-12T19:07:21.1841352Z  [32m✓[39m [30m[43m zod [49m[39m src/v3/tests/optional.test.ts [2m([22m[2m2 tests[22m[2m)[22m[32m 8[2mms[22m[39m
2026-01-12T19:07:21.3540385Z  [32m✓[39m [30m[43m zod [49m[39m src/v4/core/tests/index.test.ts [2m([22m[2m3 tests[22m[2m)[22m[32m 16[2mms[22m[39m
2026-01-12T19:07:21.3878658Z  [32m✓[39m [30m[43m zod [49m[39m src/v4/classic/tests/custom.test.ts [2m([22m[2m4 tests[22m[2m)[22m[32m 17[2mms[22m[39m
2026-01-12T19:07:21.4079099Z  [32m✓[39m [30m[43m zod [49m[39m src/v3/tests/nullable.test.ts [2m([22m[2m2 tests[22m[2m)[22m[32m 11[2mms[22m[39m
2026-01-12T19:07:21.5754810Z  [32m✓[39m [30m[43m zod [49m[39m src/v3/tests/instanceof.test.ts [2m([22m[2m2 tests[22m[2m)[22m[32m 8[2mms[22m[39m
2026-01-12T19:07:21.6423232Z  [32m✓[39m [30m[43m zod [49m[39m src/v3/tests/parser.test.ts [2m([22m[2m8 tests[22m[2m)[22m[32m 9[2mms[22m[39m
2026-01-12T19:07:21.6859501Z  [32m✓[39m [30m[43m zod [49m[39m src/v4/mini/tests/computed.test.ts [2m([22m[2m5 tests[22m[2m)[22m[32m 7[2mms[22m[39m
2026-01-12T19:07:21.7980481Z  [32m✓[39m [30m[43m zod [49m[39m src/v3/tests/literal.test.ts [2m([22m[2m3 tests[22m[2m)[22m[32m 9[2mms[22m[39m
2026-01-12T19:07:21.8377168Z  [32m✓[39m [30m[43m zod [49m[39m src/v4/core/tests/locales/nl.test.ts [2m([22m[2m1 test[22m[2m)[22m[32m 4[2mms[22m[39m
2026-01-12T19:07:21.8946585Z  [32m✓[39m [30m[43m zod [49m[39m src/v3/tests/date.test.ts [2m([22m[2m3 tests[22m[2m)[22m[32m 7[2mms[22m[39m
2026-01-12T19:07:22.0561447Z  [32m✓[39m [30m[43m zod [49m[39m src/v3/tests/custom.test.ts [2m([22m[2m3 tests[22m[2m)[22m[32m 6[2mms[22m[39m
2026-01-12T19:07:22.0951821Z  [32m✓[39m [30m[43m zod [49m[39m src/v3/tests/parseUtil.test.ts [2m([22m[2m1 test[22m[2m)[22m[32m 4[2mms[22m[39m
2026-01-12T19:07:22.1293059Z  [32m✓[39m [30m[43m zod [49m[39m src/v4/classic/tests/describe-meta-checks.test.ts [2m([22m[2m3 tests[22m[2m)[22m[32m 8[2mms[22m[39m
2026-01-12T19:07:22.3311032Z  [32m✓[39m [30m[43m zod [49m[39m src/v4/core/tests/locales/en.test.ts [2m([22m[2m1 test[22m[2m)[22m[32m 5[2mms[22m[39m
2026-01-12T19:07:22.3472214Z  [32m✓[39m [30m[43m zod [49m[39m src/v4/mini/tests/prototypes.test.ts [2m([22m[2m2 tests[22m[2m)[22m[32m 4[2mms[22m[39m
2026-01-12T19:07:22.4093148Z  [32m✓[39m [30m[43m zod [49m[39m src/v4/mini/tests/apply.test.ts [2m([22m[2m2 tests[22m[2m)[22m[32m 6[2mms[22m[39m
2026-01-12T19:07:22.5229325Z  [32m✓[39m [30m[43m zod [49m[39m src/v3/tests/firstpartyschematypes.test.ts [2m([22m[2m1 test[22m[2m)[22m[32m 2[2mms[22m[39m
2026-01-12T19:07:22.5463390Z  [32m✓[39m [30m[43m zod [49m[39m src/v3/tests/pipeline.test.ts [2m([22m[2m3 tests[22m[2m)[22m[32m 8[2mms[22m[39m
2026-01-12T19:07:22.6274792Z  [32m✓[39m [30m[43m zod [49m[39m src/v3/tests/base.test.ts [2m([22m[2m2 tests[22m[2m)[22m[32m 6[2mms[22m[39m
2026-01-12T19:07:22.7273099Z  [32m✓[39m [30m[43m zod [49m[39m src/v3/tests/object-in-es5-env.test.ts [2m([22m[2m3 tests[22m[2m)[22m[32m 6[2mms[22m[39m
2026-01-12T19:07:22.8134087Z  [32m✓[39m [30m[43m zod [49m[39m src/v4/classic/tests/coalesce.test.ts [2m([22m[2m1 test[22m[2m)[22m[32m 4[2mms[22m[39m
2026-01-12T19:07:22.8574500Z  [32m✓[39m [30m[43m zod [49m[39m src/v4/classic/tests/fix-json-issue.test.ts [2m([22m[2m1 test[22m[2m)[22m[32m 3[2mms[22m[39m
2026-01-12T19:07:22.9435355Z  [32m✓[39m [30m[43m zod [49m[39m src/v3/tests/nan.test.ts [2m([22m[2m2 tests[22m[2m)[22m[32m 7[2mms[22m[39m
2026-01-12T19:07:23.0359623Z  [32m✓[39m [30m[43m zod [49m[39m src/v3/tests/anyunknown.test.ts [2m([22m[2m3 tests[22m[2m)[22m[32m 6[2mms[22m[39m
2026-01-12T19:07:23.1728964Z  [32m✓[39m [30m[43m zod [49m[39m src/v4/classic/tests/nan.test.ts [2m([22m[2m2 tests[22m[2m)[22m[32m 7[2mms[22m[39m
2026-01-12T19:07:23.2602987Z  [32m✓[39m [30m[43m zod [49m[39m src/v4/mini/tests/error.test.ts [2m([22m[2m2 tests[22m[2m)[22m[32m 10[2mms[22m[39m
2026-01-12T19:07:23.3622180Z  [32m✓[39m [30m[43m zod [49m[39m src/v4/classic/tests/anyunknown.test.ts [2m([22m[2m3 tests[22m[2m)[22m[32m 8[2mms[22m[39m
2026-01-12T19:07:23.3777856Z  [32m✓[39m [30m[43m zod [49m[39m src/v3/tests/safeparse.test.ts [2m([22m[2m3 tests[22m[2m)[22m[32m 7[2mms[22m[39m
2026-01-12T19:07:23.5840094Z  [32m✓[39m [30m[43m zod [49m[39m src/v4/classic/tests/nullable.test.ts [2m([22m[2m3 tests[22m[2m)[22m[32m 9[2mms[22m[39m
2026-01-12T19:07:23.5917530Z  [32m✓[39m [30m[43m zod [49m[39m src/v3/tests/object-augmentation.test.ts [2m([22m[2m1 test[22m[2m)[22m[32m 6[2mms[22m[39m
2026-01-12T19:07:23.6885948Z  [32m✓[39m [30m[43m zod [49m[39m src/v4/classic/tests/prototypes.test.ts [2m([22m[2m1 test[22m[2m)[22m[32m 3[2mms[22m[39m
2026-01-12T19:07:23.7803516Z  [32m✓[39m [30m[43m zod [49m[39m src/v3/tests/mocker.test.ts [2m([22m[2m1 test[22m[2m)[22m[32m 2[2mms[22m[39m
2026-01-12T19:07:23.8936086Z  [32m✓[39m [30m[43m zod [49m[39m src/v3/tests/void.test.ts [2m([22m[2m1 test[22m[2m)[22m[32m 5[2mms[22m[39m
2026-01-12T19:07:23.9191144Z  [32m✓[39m [30m[43m zod [49m[39m src/v4/classic/tests/url.test.ts [2m([22m[2m2 tests[22m[2m)[22m[32m 7[2mms[22m[39m
2026-01-12T19:07:24.0909976Z  [32m✓[39m [30m[43m zod [49m[39m src/v4/classic/tests/void.test.ts [2m([22m[2m1 test[22m[2m)[22m[32m 6[2mms[22m[39m
2026-01-12T19:07:24.1303027Z  [32m✓[39m [30m[43m zod [49m[39m src/v4/mini/tests/functions.test.ts [2m([22m[2m1 test[22m[2m)[22m[32m 4[2mms[22m[39m
2026-01-12T19:07:24.2118305Z  [32m✓[39m [30m[43m zod [49m[39m src/v4/classic/tests/base.test.ts [2m([22m[2m1 test[22m[2m)[22m[32m 4[2mms[22m[39m
2026-01-12T19:07:24.2389889Z  [32m✓[39m [30m[43m zod [49m[39m src/v3/tests/masking.test.ts [2m([22m[2m1 test[22m[2m)[22m[32m 2[2mms[22m[39m
2026-01-12T19:07:33.7232284Z  [32m✓[39m [30m[43m zod [49m[39m [44m[1m TS [22m[49m src/v4/classic/tests/to-json-schema.test.ts [2m([22m[2m71 tests[22m[2m)[22m
2026-01-12T19:07:33.7233817Z  [32m✓[39m [30m[43m zod [49m[39m [44m[1m TS [22m[49m src/v4/classic/tests/string.test.ts [2m([22m[2m46 tests[22m[2m)[22m
2026-01-12T19:07:33.7236883Z  [32m✓[39m [30m[43m zod [49m[39m [44m[1m TS [22m[49m src/v3/tests/string.test.ts [2m([22m[2m34 tests[22m[2m)[22m
2026-01-12T19:07:33.7238809Z  [32m✓[39m [30m[43m zod [49m[39m [44m[1m TS [22m[49m src/v4/classic/tests/template-literal.test.ts [2m([22m[2m8 tests[22m[2m)[22m
2026-01-12T19:07:33.7241994Z  [32m✓[39m [30m[43m zod [49m[39m [44m[1m TS [22m[49m src/v4/mini/tests/index.test.ts [2m([22m[2m60 tests[22m[2m)[22m
2026-01-12T19:07:33.7246672Z  [32m✓[39m [30m[43m zod [49m[39m [44m[1m TS [22m[49m src/v4/classic/tests/index.test.ts [2m([22m[2m60 tests[22m[2m)[22m
2026-01-12T19:07:33.7250558Z  [32m✓[39m [30m[43m zod [49m[39m [44m[1m TS [22m[49m src/v4/classic/tests/from-json-schema.test.ts [2m([22m[2m55 tests[22m[2m)[22m
2026-01-12T19:07:33.7252498Z  [32m✓[39m [30m[43m zod [49m[39m [44m[1m TS [22m[49m src/v4/classic/tests/error.test.ts [2m([22m[2m27 tests[22m[2m)[22m
2026-01-12T19:07:33.7254212Z  [32m✓[39m [30m[43m zod [49m[39m [44m[1m TS [22m[49m src/v4/classic/tests/codec-examples.test.ts [2m([22m[2m19 tests[22m[2m)[22m
2026-01-12T19:07:33.7255391Z  [32m✓[39m [30m[43m zod [49m[39m [44m[1m TS [22m[49m src/v4/classic/tests/codec.test.ts [2m([22m[2m14 tests[22m[2m)[22m
2026-01-12T19:07:33.7260246Z  [32m✓[39m [30m[43m zod [49m[39m [44m[1m TS [22m[49m src/v4/classic/tests/object.test.ts [2m([22m[2m51 tests[22m[2m)[22m
2026-01-12T19:07:33.7261884Z  [32m✓[39m [30m[43m zod [49m[39m [44m[1m TS [22m[49m src/v4/mini/tests/codec.test.ts [2m([22m[2m13 tests[22m[2m)[22m
2026-01-12T19:07:33.7263170Z  [32m✓[39m [30m[43m zod [49m[39m [44m[1m TS [22m[49m src/v4/classic/tests/discriminated-unions.test.ts [2m([22m[2m22 tests[22m[2m)[22m
2026-01-12T19:07:33.7269471Z  [32m✓[39m [30m[43m zod [49m[39m [44m[1m TS [22m[49m src/v3/tests/error.test.ts [2m([22m[2m29 tests[22m[2m)[22m
2026-01-12T19:07:33.7271136Z  [32m✓[39m [30m[43m zod [49m[39m [44m[1m TS [22m[49m src/v4/classic/tests/record.test.ts [2m([22m[2m19 tests[22m[2m)[22m
2026-01-12T19:07:33.7272892Z  [32m✓[39m [30m[43m zod [49m[39m [44m[1m TS [22m[49m src/v4/classic/tests/refine.test.ts [2m([22m[2m18 tests[22m[2m)[22m
2026-01-12T19:07:33.7274672Z  [32m✓[39m [30m[43m zod [49m[39m [44m[1m TS [22m[49m src/v4/core/tests/locales/he.test.ts [2m([22m[2m36 tests[22m[2m)[22m
2026-01-12T19:07:33.7276630Z  [31m❯[39m [30m[43m zod [49m[39m [44m[1m TS [22m[49m src/v4/classic/tests/error-utils.test.ts [2m([22m[2m13 tests[22m[2m)[22m
2026-01-12T19:07:33.7277695Z    [32m✓[39m regular error
2026-01-12T19:07:33.7278147Z    [32m✓[39m .flatten()
2026-01-12T19:07:33.7278636Z    [32m✓[39m custom .flatten()
2026-01-12T19:07:33.7279094Z    [32m✓[39m .format()
2026-01-12T19:07:33.7279593Z    [32m✓[39m custom .format()
2026-01-12T19:07:33.7280030Z    [32m✓[39m all errors
2026-01-12T19:07:33.7280451Z    [32m✓[39m z.treeifyError
2026-01-12T19:07:33.7280942Z    [32m✓[39m z.treeifyError 2
2026-01-12T19:07:33.7281450Z    [32m✓[39m z.prettifyError
2026-01-12T19:07:33.7281908Z    [32m✓[39m z.toDotPath
2026-01-12T19:07:33.7282324Z    [32m✓[39m inheritance
2026-01-12T19:07:33.7282836Z    [32m✓[39m disc union treeify/format
2026-01-12T19:07:33.7283467Z    [32m✓[39m update message after adding issues
2026-01-12T19:07:33.7284687Z  [32m✓[39m [30m[43m zod [49m[39m [44m[1m TS [22m[49m src/v4/mini/tests/string.test.ts [2m([22m[2m27 tests[22m[2m)[22m
2026-01-12T19:07:33.7286531Z  [32m✓[39m [30m[43m zod [49m[39m [44m[1m TS [22m[49m src/v4/classic/tests/partial.test.ts [2m([22m[2m16 tests[22m[2m)[22m
2026-01-12T19:07:33.7288324Z  [32m✓[39m [30m[43m zod [49m[39m [44m[1m TS [22m[49m src/v4/classic/tests/recursive-types.test.ts [2m([22m[2m13 tests[22m[2m)[22m
2026-01-12T19:07:33.7290101Z  [32m✓[39m [30m[43m zod [49m[39m [44m[1m TS [22m[49m src/v3/tests/async-parsing.test.ts [2m([22m[2m24 tests[22m[2m)[22m
2026-01-12T19:07:33.7291808Z  [32m✓[39m [30m[43m zod [49m[39m [44m[1m TS [22m[49m src/v4/classic/tests/async-parsing.test.ts [2m([22m[2m23 tests[22m[2m)[22m
2026-01-12T19:07:33.7293480Z  [32m✓[39m [30m[43m zod [49m[39m [44m[1m TS [22m[49m src/v3/tests/primitive.test.ts [2m([22m[2m71 tests[22m[2m)[22m
2026-01-12T19:07:33.7295118Z  [32m✓[39m [30m[43m zod [49m[39m [44m[1m TS [22m[49m src/v4/classic/tests/datetime.test.ts [2m([22m[2m14 tests[22m[2m)[22m
2026-01-12T19:07:33.7297239Z  [32m✓[39m [30m[43m zod [49m[39m [44m[1m TS [22m[49m src/v4/classic/tests/readonly.test.ts [2m([22m[2m7 tests[22m[2m)[22m
2026-01-12T19:07:33.7298913Z  [32m✓[39m [30m[43m zod [49m[39m [44m[1m TS [22m[49m src/v3/tests/object.test.ts [2m([22m[2m37 tests[22m[2m)[22m
2026-01-12T19:07:33.7300681Z  [32m✓[39m [30m[43m zod [49m[39m [44m[1m TS [22m[49m src/v4/classic/tests/to-json-schema-methods.test.ts [2m([22m[2m89 tests[22m[2m)[22m
2026-01-12T19:07:33.7302489Z  [32m✓[39m [30m[43m zod [49m[39m [44m[1m TS [22m[49m src/v4/classic/tests/default.test.ts [2m([22m[2m16 tests[22m[2m)[22m
2026-01-12T19:07:33.7304184Z  [32m✓[39m [30m[43m zod [49m[39m [44m[1m TS [22m[49m src/v4/classic/tests/number.test.ts [2m([22m[2m26 tests[22m[2m)[22m
2026-01-12T19:07:33.7306121Z  [32m✓[39m [30m[43m zod [49m[39m [44m[1m TS [22m[49m src/v3/tests/discriminated-unions.test.ts [2m([22m[2m14 tests[22m[2m)[22m
2026-01-12T19:07:33.7307884Z  [32m✓[39m [30m[43m zod [49m[39m [44m[1m TS [22m[49m src/v4/classic/tests/enum.test.ts [2m([22m[2m19 tests[22m[2m)[22m
2026-01-12T19:07:33.7309568Z  [32m✓[39m [30m[43m zod [49m[39m [44m[1m TS [22m[49m src/v4/classic/tests/function.test.ts [2m([22m[2m18 tests[22m[2m)[22m
2026-01-12T19:07:33.7311574Z  [32m✓[39m [30m[43m zod [49m[39m [44m[1m TS [22m[49m src/v3/tests/language-server.test.ts [2m([22m[2m1 test[22m[2m)[22m
2026-01-12T19:07:33.7313267Z  [32m✓[39m [30m[43m zod [49m[39m [44m[1m TS [22m[49m src/v4/classic/tests/transform.test.ts [2m([22m[2m18 tests[22m[2m)[22m
2026-01-12T19:07:33.7314902Z  [32m✓[39m [30m[43m zod [49m[39m [44m[1m TS [22m[49m src/v3/tests/refine.test.ts [2m([22m[2m14 tests[22m[2m)[22m
2026-01-12T19:07:33.7316794Z  [32m✓[39m [30m[43m zod [49m[39m [44m[1m TS [22m[49m src/v4/classic/tests/continuability.test.ts [2m([22m[2m1 test[22m[2m)[22m
2026-01-12T19:07:33.7318525Z  [32m✓[39m [30m[43m zod [49m[39m [44m[1m TS [22m[49m src/v4/classic/tests/catch.test.ts [2m([22m[2m17 tests[22m[2m)[22m
2026-01-12T19:07:33.7320152Z  [32m✓[39m [30m[43m zod [49m[39m [44m[1m TS [22m[49m src/v4/classic/tests/coerce.test.ts [2m([22m[2m6 tests[22m[2m)[22m
2026-01-12T19:07:33.7321855Z  [32m✓[39m [30m[43m zod [49m[39m [44m[1m TS [22m[49m src/v4/classic/tests/primitive.test.ts [2m([22m[2m14 tests[22m[2m)[22m
2026-01-12T19:07:33.7323527Z  [32m✓[39m [30m[43m zod [49m[39m [44m[1m TS [22m[49m src/v4/classic/tests/map.test.ts [2m([22m[2m12 tests[22m[2m)[22m
2026-01-12T19:07:33.7325199Z  [32m✓[39m [30m[43m zod [49m[39m [44m[1m TS [22m[49m src/v4/classic/tests/registries.test.ts [2m([22m[2m20 tests[22m[2m)[22m
2026-01-12T19:07:33.7327033Z  [32m✓[39m [30m[43m zod [49m[39m [44m[1m TS [22m[49m src/v3/tests/readonly.test.ts [2m([22m[2m3 tests[22m[2m)[22m
2026-01-12T19:07:33.7328679Z  [32m✓[39m [30m[43m zod [49m[39m [44m[1m TS [22m[49m src/v4/classic/tests/optional.test.ts [2m([22m[2m13 tests[22m[2m)[22m
2026-01-12T19:07:33.7330417Z  [32m✓[39m [30m[43m zod [49m[39m [44m[1m TS [22m[49m src/v4/classic/tests/array.test.ts [2m([22m[2m9 tests[22m[2m)[22m
2026-01-12T19:07:33.7332023Z  [32m✓[39m [30m[43m zod [49m[39m [44m[1m TS [22m[49m src/v3/tests/partials.test.ts [2m([22m[2m15 tests[22m[2m)[22m
2026-01-12T19:07:33.7333634Z  [32m✓[39m [30m[43m zod [49m[39m [44m[1m TS [22m[49m src/v4/core/tests/locales/es.test.ts [2m([22m[2m5 tests[22m[2m)[22m
2026-01-12T19:07:33.7335341Z  [32m✓[39m [30m[43m zod [49m[39m [44m[1m TS [22m[49m src/v4/classic/tests/pickomit.test.ts [2m([22m[2m16 tests[22m[2m)[22m
2026-01-12T19:07:33.7337147Z  [32m✓[39m [30m[43m zod [49m[39m [44m[1m TS [22m[49m src/v4/mini/tests/object.test.ts [2m([22m[2m13 tests[22m[2m)[22m
2026-01-12T19:07:33.7338826Z  [32m✓[39m [30m[43m zod [49m[39m [44m[1m TS [22m[49m src/v4/classic/tests/assignability.test.ts [2m([22m[2m5 tests[22m[2m)[22m
2026-01-12T19:07:33.7340810Z  [32m✓[39m [30m[43m zod [49m[39m [44m[1m TS [22m[49m src/v4/classic/tests/validations.test.ts [2m([22m[2m13 tests[22m[2m)[22m
2026-01-12T19:07:33.7342566Z  [32m✓[39m [30m[43m zod [49m[39m [44m[1m TS [22m[49m src/v3/tests/function.test.ts [2m([22m[2m18 tests[22m[2m)[22m
2026-01-12T19:07:33.7344179Z  [32m✓[39m [30m[43m zod [49m[39m [44m[1m TS [22m[49m src/v3/tests/coerce.test.ts [2m([22m[2m5 tests[22m[2m)[22m
2026-01-12T19:07:33.7345977Z  [32m✓[39m [30m[43m zod [49m[39m [44m[1m TS [22m[49m src/v3/tests/catch.test.ts [2m([22m[2m17 tests[22m[2m)[22m
2026-01-12T19:07:33.7347602Z  [32m✓[39m [30m[43m zod [49m[39m [44m[1m TS [22m[49m src/v4/classic/tests/preprocess.test.ts [2m([22m[2m11 tests[22m[2m)[22m
2026-01-12T19:07:33.7349220Z  [32m✓[39m [30m[43m zod [49m[39m [44m[1m TS [22m[49m src/v3/tests/number.test.ts [2m([22m[2m6 tests[22m[2m)[22m
2026-01-12T19:07:33.7350827Z  [32m✓[39m [30m[43m zod [49m[39m [44m[1m TS [22m[49m src/v4/classic/tests/union.test.ts [2m([22m[2m15 tests[22m[2m)[22m
2026-01-12T19:07:33.7352449Z  [32m✓[39m [30m[43m zod [49m[39m [44m[1m TS [22m[49m src/v3/tests/transformer.test.ts [2m([22m[2m16 tests[22m[2m)[22m
2026-01-12T19:07:33.7354425Z  [32m✓[39m [30m[43m zod [49m[39m [44m[1m TS [22m[49m src/v4/mini/tests/recursive-types.test.ts [2m([22m[2m6 tests[22m[2m)[22m
2026-01-12T19:07:33.7356270Z  [32m✓[39m [30m[43m zod [49m[39m [44m[1m TS [22m[49m src/v4/classic/tests/set.test.ts [2m([22m[2m12 tests[22m[2m)[22m
2026-01-12T19:07:33.7357994Z  [32m✓[39m [30m[43m zod [49m[39m [44m[1m TS [22m[49m src/v4/classic/tests/intersection.test.ts [2m([22m[2m11 tests[22m[2m)[22m
2026-01-12T19:07:33.7359679Z  [32m✓[39m [30m[43m zod [49m[39m [44m[1m TS [22m[49m src/v4/classic/tests/tuple.test.ts [2m([22m[2m7 tests[22m[2m)[22m
2026-01-12T19:07:33.7361307Z  [32m✓[39m [30m[43m zod [49m[39m [44m[1m TS [22m[49m src/v3/tests/deepmasking.test.ts [2m([22m[2m1 test[22m[2m)[22m
2026-01-12T19:07:33.7362863Z  [32m✓[39m [30m[43m zod [49m[39m [44m[1m TS [22m[49m src/v3/tests/set.test.ts [2m([22m[2m11 tests[22m[2m)[22m
2026-01-12T19:07:33.7364430Z  [32m✓[39m [30m[43m zod [49m[39m [44m[1m TS [22m[49m src/v4/classic/tests/lazy.test.ts [2m([22m[2m9 tests[22m[2m)[22m
2026-01-12T19:07:33.7366202Z  [32m✓[39m [30m[43m zod [49m[39m [44m[1m TS [22m[49m src/v3/tests/all-errors.test.ts [2m([22m[2m6 tests[22m[2m)[22m
2026-01-12T19:07:33.7367828Z  [32m✓[39m [30m[43m zod [49m[39m [44m[1m TS [22m[49m src/v4/core/tests/locales/uz.test.ts [2m([22m[2m1 test[22m[2m)[22m
2026-01-12T19:07:33.7369611Z  [32m✓[39m [30m[43m zod [49m[39m [44m[1m TS [22m[49m src/v3/tests/preprocess.test.ts [2m([22m[2m10 tests[22m[2m)[22m
2026-01-12T19:07:33.7371214Z  [32m✓[39m [30m[43m zod [49m[39m [44m[1m TS [22m[49m src/v4/mini/tests/checks.test.ts [2m([22m[2m17 tests[22m[2m)[22m
2026-01-12T19:07:33.7372852Z  [32m✓[39m [30m[43m zod [49m[39m [44m[1m TS [22m[49m src/v3/tests/recursive.test.ts [2m([22m[2m4 tests[22m[2m)[22m
2026-01-12T19:07:33.7374431Z  [32m✓[39m [30m[43m zod [49m[39m [44m[1m TS [22m[49m src/v3/tests/validations.test.ts [2m([22m[2m14 tests[22m[2m)[22m
2026-01-12T19:07:33.7376326Z  [32m✓[39m [30m[43m zod [49m[39m [44m[1m TS [22m[49m src/v4/core/tests/locales/be.test.ts [2m([22m[2m4 tests[22m[2m)[22m
2026-01-12T19:07:33.7378135Z  [32m✓[39m [30m[43m zod [49m[39m [44m[1m TS [22m[49m src/v4/classic/tests/standard-schema.test.ts [2m([22m[2m7 tests[22m[2m)[22m
2026-01-12T19:07:33.7379778Z  [32m✓[39m [30m[43m zod [49m[39m [44m[1m TS [22m[49m src/v4/core/tests/locales/ru.test.ts [2m([22m[2m4 tests[22m[2m)[22m
2026-01-12T19:07:33.7381375Z  [32m✓[39m [30m[43m zod [49m[39m [44m[1m TS [22m[49m src/v3/tests/record.test.ts [2m([22m[2m10 tests[22m[2m)[22m
2026-01-12T19:07:33.7383352Z  [32m✓[39m [30m[43m zod [49m[39m [44m[1m TS [22m[49m src/v4/classic/tests/string-formats.test.ts [2m([22m[2m3 tests[22m[2m)[22m
2026-01-12T19:07:33.7385087Z  [32m✓[39m [30m[43m zod [49m[39m [44m[1m TS [22m[49m src/v4/mini/tests/number.test.ts [2m([22m[2m9 tests[22m[2m)[22m
2026-01-12T19:07:33.7386991Z  [32m✓[39m [30m[43m zod [49m[39m [44m[1m TS [22m[49m src/v4/classic/tests/nested-refine.test.ts [2m([22m[2m1 test[22m[2m)[22m
2026-01-12T19:07:33.7388639Z  [32m✓[39m [30m[43m zod [49m[39m [44m[1m TS [22m[49m src/v3/tests/pickomit.test.ts [2m([22m[2m10 tests[22m[2m)[22m
2026-01-12T19:07:33.7390240Z  [32m✓[39m [30m[43m zod [49m[39m [44m[1m TS [22m[49m src/v4/classic/tests/brand.test.ts [2m([22m[2m7 tests[22m[2m)[22m
2026-01-12T19:07:33.7391753Z  [32m✓[39m [30m[43m zod [49m[39m [44m[1m TS [22m[49m src/v3/tests/map.test.ts [2m([22m[2m7 tests[22m[2m)[22m
2026-01-12T19:07:33.7393367Z  [32m✓[39m [30m[43m zod [49m[39m [44m[1m TS [22m[49m src/v4/classic/tests/stringbool.test.ts [2m([22m[2m7 tests[22m[2m)[22m
2026-01-12T19:07:33.7394996Z  [32m✓[39m [30m[43m zod [49m[39m [44m[1m TS [22m[49m src/v3/tests/default.test.ts [2m([22m[2m11 tests[22m[2m)[22m
2026-01-12T19:07:33.7396955Z  [32m✓[39m [30m[43m zod [49m[39m [44m[1m TS [22m[49m src/v4/classic/tests/json.test.ts [2m([22m[2m1 test[22m[2m)[22m
2026-01-12T19:07:33.7398561Z  [32m✓[39m [30m[43m zod [49m[39m [44m[1m TS [22m[49m src/v4/core/tests/locales/tr.test.ts [2m([22m[2m2 tests[22m[2m)[22m
2026-01-12T19:07:33.7400212Z  [32m✓[39m [30m[43m zod [49m[39m [44m[1m TS [22m[49m src/v4/mini/tests/assignability.test.ts [2m([22m[2m2 tests[22m[2m)[22m
2026-01-12T19:07:33.7401801Z  [32m✓[39m [30m[43m zod [49m[39m [44m[1m TS [22m[49m src/v4/mini/tests/brand.test.ts [2m([22m[2m5 tests[22m[2m)[22m
2026-01-12T19:07:33.7403352Z  [32m✓[39m [30m[43m zod [49m[39m [44m[1m TS [22m[49m src/v4/classic/tests/hash.test.ts [2m([22m[2m1 test[22m[2m)[22m
2026-01-12T19:07:33.7404971Z  [32m✓[39m [30m[43m zod [49m[39m [44m[1m TS [22m[49m src/v4/classic/tests/literal.test.ts [2m([22m[2m10 tests[22m[2m)[22m
2026-01-12T19:07:33.7406810Z  [32m✓[39m [30m[43m zod [49m[39m [44m[1m TS [22m[49m src/v3/tests/intersection.test.ts [2m([22m[2m5 tests[22m[2m)[22m
2026-01-12T19:07:33.7408484Z  [32m✓[39m [30m[43m zod [49m[39m [44m[1m TS [22m[49m src/v4/classic/tests/firstparty.test.ts [2m([22m[2m2 tests[22m[2m)[22m
2026-01-12T19:07:33.7410196Z  [32m✓[39m [30m[43m zod [49m[39m [44m[1m TS [22m[49m src/v4/classic/tests/nonoptional.test.ts [2m([22m[2m4 tests[22m[2m)[22m
2026-01-12T19:07:33.7411778Z  [32m✓[39m [30m[43m zod [49m[39m [44m[1m TS [22m[49m src/v3/tests/enum.test.ts [2m([22m[2m8 tests[22m[2m)[22m
2026-01-12T19:07:33.7413397Z  [32m✓[39m [30m[43m zod [49m[39m [44m[1m TS [22m[49m src/v4/core/tests/record-constructor.test.ts [2m([22m[2m4 tests[22m[2m)[22m
2026-01-12T19:07:33.7414574Z  [32m✓[39m [30m[43m zod [49m[39m [44m[1m TS [22m[49m src/v3/tests/tuple.test.ts [2m([22m[2m8 tests[22m[2m)[22m
2026-01-12T19:07:33.7415968Z  [32m✓[39m [30m[43m zod [49m[39m [44m[1m TS [22m[49m src/v4/classic/tests/file.test.ts [2m([22m[2m3 tests[22m[2m)[22m
2026-01-12T19:07:33.7417462Z  [32m✓[39m [30m[43m zod [49m[39m [44m[1m TS [22m[49m src/v3/tests/standard-schema.test.ts [2m([22m[2m6 tests[22m[2m)[22m
2026-01-12T19:07:33.7418959Z  [32m✓[39m [30m[43m zod [49m[39m [44m[1m TS [22m[49m src/v3/tests/complex.test.ts [2m([22m[2m1 test[22m[2m)[22m
2026-01-12T19:07:33.7420476Z  [32m✓[39m [30m[43m zod [49m[39m [44m[1m TS [22m[49m src/v3/tests/promise.test.ts [2m([22m[2m10 tests[22m[2m)[22m
2026-01-12T19:07:33.7422067Z  [32m✓[39m [30m[43m zod [49m[39m [44m[1m TS [22m[49m src/v3/tests/firstparty.test.ts [2m([22m[2m1 test[22m[2m)[22m
2026-01-12T19:07:33.7423816Z  [32m✓[39m [30m[43m zod [49m[39m [44m[1m TS [22m[49m src/v3/tests/nativeEnum.test.ts [2m([22m[2m5 tests[22m[2m)[22m
2026-01-12T19:07:33.7425474Z  [32m✓[39m [30m[43m zod [49m[39m [44m[1m TS [22m[49m src/v4/classic/tests/pipe.test.ts [2m([22m[2m7 tests[22m[2m)[22m
2026-01-12T19:07:33.7427343Z  [32m✓[39m [30m[43m zod [49m[39m [44m[1m TS [22m[49m src/v4/classic/tests/promise.test.ts [2m([22m[2m10 tests[22m[2m)[22m
2026-01-12T19:07:33.7428964Z  [32m✓[39m [30m[43m zod [49m[39m [44m[1m TS [22m[49m src/v4/classic/tests/generics.test.ts [2m([22m[2m4 tests[22m[2m)[22m
2026-01-12T19:07:33.7430607Z  [32m✓[39m [30m[43m zod [49m[39m [44m[1m TS [22m[49m src/v4/classic/tests/prefault.test.ts [2m([22m[2m4 tests[22m[2m)[22m
2026-01-12T19:07:33.7432280Z  [32m✓[39m [30m[43m zod [49m[39m [44m[1m TS [22m[49m src/v3/tests/bigint.test.ts [2m([22m[2m3 tests[22m[2m)[22m
2026-01-12T19:07:33.7433836Z  [32m✓[39m [30m[43m zod [49m[39m [44m[1m TS [22m[49m src/v4/classic/tests/bigint.test.ts [2m([22m[2m3 tests[22m[2m)[22m
2026-01-12T19:07:33.7435258Z  [32m✓[39m [30m[43m zod [49m[39m [44m[1m TS [22m[49m src/v3/tests/array.test.ts [2m([22m[2m6 tests[22m[2m)[22m
2026-01-12T19:07:33.7437402Z  [32m✓[39m [30m[43m zod [49m[39m [44m[1m TS [22m[49m src/v4/classic/tests/async-refinements.test.ts [2m([22m[2m4 tests[22m[2m)[22m
2026-01-12T19:07:33.7439020Z  [32m✓[39m [30m[43m zod [49m[39m [44m[1m TS [22m[49m src/v3/tests/branded.test.ts [2m([22m[2m1 test[22m[2m)[22m
2026-01-12T19:07:33.7440652Z  [32m✓[39m [30m[43m zod [49m[39m [44m[1m TS [22m[49m src/v4/classic/tests/date.test.ts [2m([22m[2m4 tests[22m[2m)[22m
2026-01-12T19:07:33.7442411Z  [32m✓[39m [30m[43m zod [49m[39m [44m[1m TS [22m[49m src/v4/classic/tests/instanceof.test.ts [2m([22m[2m3 tests[22m[2m)[22m
2026-01-12T19:07:33.7444161Z  [32m✓[39m [30m[43m zod [49m[39m [44m[1m TS [22m[49m src/v3/tests/async-refinements.test.ts [2m([22m[2m4 tests[22m[2m)[22m
2026-01-12T19:07:33.7445926Z  [32m✓[39m [30m[43m zod [49m[39m [44m[1m TS [22m[49m src/v3/tests/unions.test.ts [2m([22m[2m6 tests[22m[2m)[22m
2026-01-12T19:07:33.7447481Z  [32m✓[39m [30m[43m zod [49m[39m [44m[1m TS [22m[49m src/v3/tests/generics.test.ts [2m([22m[2m2 tests[22m[2m)[22m
2026-01-12T19:07:33.7449046Z  [32m✓[39m [30m[43m zod [49m[39m [44m[1m TS [22m[49m src/v4/classic/tests/apply.test.ts [2m([22m[2m3 tests[22m[2m)[22m
2026-01-12T19:07:33.7450673Z  [32m✓[39m [30m[43m zod [49m[39m [44m[1m TS [22m[49m src/v4/core/tests/recursive-tuples.test.ts [2m([22m[2m5 tests[22m[2m)[22m
2026-01-12T19:07:33.7452180Z  [32m✓[39m [30m[43m zod [49m[39m [44m[1m TS [22m[49m src/v4/core/tests/extend.test.ts [2m([22m[2m2 tests[22m[2m)[22m
2026-01-12T19:07:33.7453811Z  [32m✓[39m [30m[43m zod [49m[39m [44m[1m TS [22m[49m src/v4/mini/tests/standard-schema.test.ts [2m([22m[2m2 tests[22m[2m)[22m
2026-01-12T19:07:33.7455570Z  [32m✓[39m [30m[43m zod [49m[39m [44m[1m TS [22m[49m src/v3/tests/description.test.ts [2m([22m[2m4 tests[22m[2m)[22m
2026-01-12T19:07:33.7457515Z  [32m✓[39m [30m[43m zod [49m[39m [44m[1m TS [22m[49m src/v4/classic/tests/description.test.ts [2m([22m[2m2 tests[22m[2m)[22m
2026-01-12T19:07:33.7459242Z  [32m✓[39m [30m[43m zod [49m[39m [44m[1m TS [22m[49m src/v3/tests/optional.test.ts [2m([22m[2m2 tests[22m[2m)[22m
2026-01-12T19:07:33.7460938Z  [32m✓[39m [30m[43m zod [49m[39m [44m[1m TS [22m[49m src/v4/classic/tests/custom.test.ts [2m([22m[2m4 tests[22m[2m)[22m
2026-01-12T19:07:33.7462656Z  [32m✓[39m [30m[43m zod [49m[39m [44m[1m TS [22m[49m src/v4/core/tests/index.test.ts [2m([22m[2m3 tests[22m[2m)[22m
2026-01-12T19:07:33.7464239Z  [32m✓[39m [30m[43m zod [49m[39m [44m[1m TS [22m[49m src/v3/tests/nullable.test.ts [2m([22m[2m2 tests[22m[2m)[22m
2026-01-12T19:07:33.7466324Z  [32m✓[39m [30m[43m zod [49m[39m [44m[1m TS [22m[49m src/v4/mini/tests/computed.test.ts [2m([22m[2m5 tests[22m[2m)[22m
2026-01-12T19:07:33.7468041Z  [32m✓[39m [30m[43m zod [49m[39m [44m[1m TS [22m[49m src/v3/tests/instanceof.test.ts [2m([22m[2m2 tests[22m[2m)[22m
2026-01-12T19:07:33.7469719Z  [32m✓[39m [30m[43m zod [49m[39m [44m[1m TS [22m[49m src/v3/tests/parser.test.ts [2m([22m[2m8 tests[22m[2m)[22m
2026-01-12T19:07:33.7471356Z  [32m✓[39m [30m[43m zod [49m[39m [44m[1m TS [22m[49m src/v3/tests/literal.test.ts [2m([22m[2m3 tests[22m[2m)[22m
2026-01-12T19:07:33.7473000Z  [32m✓[39m [30m[43m zod [49m[39m [44m[1m TS [22m[49m src/v4/core/tests/locales/nl.test.ts [2m([22m[2m1 test[22m[2m)[22m
2026-01-12T19:07:33.7474609Z  [32m✓[39m [30m[43m zod [49m[39m [44m[1m TS [22m[49m src/v3/tests/date.test.ts [2m([22m[2m3 tests[22m[2m)[22m
2026-01-12T19:07:33.7476630Z  [32m✓[39m [30m[43m zod [49m[39m [44m[1m TS [22m[49m src/v4/classic/tests/describe-meta-checks.test.ts [2m([22m[2m3 tests[22m[2m)[22m
2026-01-12T19:07:33.7478327Z  [32m✓[39m [30m[43m zod [49m[39m [44m[1m TS [22m[49m src/v3/tests/custom.test.ts [2m([22m[2m3 tests[22m[2m)[22m
2026-01-12T19:07:33.7480170Z  [32m✓[39m [30m[43m zod [49m[39m [44m[1m TS [22m[49m src/v3/tests/parseUtil.test.ts [2m([22m[2m1 test[22m[2m)[22m
2026-01-12T19:07:33.7481830Z  [32m✓[39m [30m[43m zod [49m[39m [44m[1m TS [22m[49m src/v4/mini/tests/prototypes.test.ts [2m([22m[2m2 tests[22m[2m)[22m
2026-01-12T19:07:33.7483460Z  [32m✓[39m [30m[43m zod [49m[39m [44m[1m TS [22m[49m src/v4/mini/tests/apply.test.ts [2m([22m[2m2 tests[22m[2m)[22m
2026-01-12T19:07:33.7485058Z  [32m✓[39m [30m[43m zod [49m[39m [44m[1m TS [22m[49m src/v4/core/tests/locales/en.test.ts [2m([22m[2m1 test[22m[2m)[22m
2026-01-12T19:07:33.7486973Z  [32m✓[39m [30m[43m zod [49m[39m [44m[1m TS [22m[49m src/v3/tests/pipeline.test.ts [2m([22m[2m3 tests[22m[2m)[22m
2026-01-12T19:07:33.7488763Z  [32m✓[39m [30m[43m zod [49m[39m [44m[1m TS [22m[49m src/v3/tests/firstpartyschematypes.test.ts [2m([22m[2m1 test[22m[2m)[22m
2026-01-12T19:07:33.7490485Z  [32m✓[39m [30m[43m zod [49m[39m [44m[1m TS [22m[49m src/v3/tests/base.test.ts [2m([22m[2m2 tests[22m[2m)[22m
2026-01-12T19:07:33.7492229Z  [32m✓[39m [30m[43m zod [49m[39m [44m[1m TS [22m[49m src/v3/tests/object-in-es5-env.test.ts [2m([22m[2m3 tests[22m[2m)[22m
2026-01-12T19:07:33.7494097Z  [32m✓[39m [30m[43m zod [49m[39m [44m[1m TS [22m[49m src/v4/classic/tests/fix-json-issue.test.ts [2m([22m[2m1 test[22m[2m)[22m
2026-01-12T19:07:33.7496151Z  [32m✓[39m [30m[43m zod [49m[39m [44m[1m TS [22m[49m src/v4/classic/tests/coalesce.test.ts [2m([22m[2m1 test[22m[2m)[22m
2026-01-12T19:07:33.7497779Z  [32m✓[39m [30m[43m zod [49m[39m [44m[1m TS [22m[49m src/v3/tests/nan.test.ts [2m([22m[2m2 tests[22m[2m)[22m
2026-01-12T19:07:33.7499375Z  [32m✓[39m [30m[43m zod [49m[39m [44m[1m TS [22m[49m src/v3/tests/anyunknown.test.ts [2m([22m[2m3 tests[22m[2m)[22m
2026-01-12T19:07:33.7501057Z  [32m✓[39m [30m[43m zod [49m[39m [44m[1m TS [22m[49m src/v4/classic/tests/nan.test.ts [2m([22m[2m2 tests[22m[2m)[22m
2026-01-12T19:07:33.7502662Z  [32m✓[39m [30m[43m zod [49m[39m [44m[1m TS [22m[49m src/v4/mini/tests/error.test.ts [2m([22m[2m2 tests[22m[2m)[22m
2026-01-12T19:07:33.7504314Z  [32m✓[39m [30m[43m zod [49m[39m [44m[1m TS [22m[49m src/v4/classic/tests/anyunknown.test.ts [2m([22m[2m3 tests[22m[2m)[22m
2026-01-12T19:07:33.7506201Z  [32m✓[39m [30m[43m zod [49m[39m [44m[1m TS [22m[49m src/v3/tests/safeparse.test.ts [2m([22m[2m3 tests[22m[2m)[22m
2026-01-12T19:07:33.7507887Z  [32m✓[39m [30m[43m zod [49m[39m [44m[1m TS [22m[49m src/v4/classic/tests/nullable.test.ts [2m([22m[2m3 tests[22m[2m)[22m
2026-01-12T19:07:33.7509962Z  [32m✓[39m [30m[43m zod [49m[39m [44m[1m TS [22m[49m src/v3/tests/object-augmentation.test.ts [2m([22m[2m1 test[22m[2m)[22m
2026-01-12T19:07:33.7511775Z  [32m✓[39m [30m[43m zod [49m[39m [44m[1m TS [22m[49m src/v4/classic/tests/prototypes.test.ts [2m([22m[2m1 test[22m[2m)[22m
2026-01-12T19:07:33.7513471Z  [32m✓[39m [30m[43m zod [49m[39m [44m[1m TS [22m[49m src/v4/classic/tests/url.test.ts [2m([22m[2m2 tests[22m[2m)[22m
2026-01-12T19:07:33.7515000Z  [32m✓[39m [30m[43m zod [49m[39m [44m[1m TS [22m[49m src/v3/tests/mocker.test.ts [2m([22m[2m1 test[22m[2m)[22m
2026-01-12T19:07:33.7516632Z  [32m✓[39m [30m[43m zod [49m[39m [44m[1m TS [22m[49m src/v3/tests/void.test.ts [2m([22m[2m1 test[22m[2m)[22m
2026-01-12T19:07:33.7518141Z  [32m✓[39m [30m[43m zod [49m[39m [44m[1m TS [22m[49m src/v4/classic/tests/void.test.ts [2m([22m[2m1 test[22m[2m)[22m
2026-01-12T19:07:33.7519714Z  [32m✓[39m [30m[43m zod [49m[39m [44m[1m TS [22m[49m src/v4/classic/tests/base.test.ts [2m([22m[2m1 test[22m[2m)[22m
2026-01-12T19:07:33.7521292Z  [32m✓[39m [30m[43m zod [49m[39m [44m[1m TS [22m[49m src/v4/mini/tests/functions.test.ts [2m([22m[2m1 test[22m[2m)[22m
2026-01-12T19:07:33.7523186Z  [32m✓[39m [30m[43m zod [49m[39m [44m[1m TS [22m[49m src/v3/tests/masking.test.ts [2m([22m[2m1 test[22m[2m)[22m
2026-01-12T19:07:33.7523942Z 
2026-01-12T19:07:33.7524504Z [31m⎯⎯⎯⎯⎯⎯[39m[1m[41m Failed Suites 1 [49m[22m[31m⎯⎯⎯⎯⎯⎯⎯[39m
2026-01-12T19:07:33.7524940Z 
2026-01-12T19:07:33.7526387Z [41m[1m FAIL [22m[49m [30m[43m zod [49m[39m src/v4/classic/tests/error-utils.test.ts[2m [ packages/zod/src/v4/classic/tests/error-utils.test.ts ][22m
2026-01-12T19:07:33.7530576Z [31m[1mTypeCheckError[22m: Type '{ errors string[]; properties? { username? { errors string[]; }; favoriteNumbers? { errors string[]; items? { errors string[]; }[]; }; nesting? { errors string[]; properties? { a? { errors string[]; }; }; }; }; }' does not satisfy the constraint '{ errors string[]; properties "Expected undefined, Actual ..." | "Expected ..., Actual ..."; }'.
2026-01-12T19:07:33.7533055Z   Types of property 'properties' are incompatible.
2026-01-12T19:07:33.7535539Z     Type '{ username? { errors string[]; }; favoriteNumbers? { errors string[]; items? { errors string[]; }[]; }; nesting? { errors string[]; properties? { a? { errors string[]; }; }; }; }' is not assignable to type '"Expected undefined, Actual ..." | "Expected ..., Actual ..."'.[39m
2026-01-12T19:07:33.7538083Z [36m [2m❯[22m src/v4/classic/tests/error-utils.test.ts:[2m341:34[22m[39m
2026-01-12T19:07:33.7544344Z     [90m339| [39m[35mconst[39m tree [33m=[39m z[33m.[39m[34mtreeifyError[39m(result[33m.[39merror[33m![39m)[33m;[39m
2026-01-12T19:07:33.7545399Z     [90m340| [39m
2026-01-12T19:07:33.7546382Z     [90m341| [39m[34mexpectTypeOf[39m(tree)[33m.[39mtoEqualTypeOf[33m<[39m{
2026-01-12T19:07:33.7547291Z     [90m   | [39m                                 [31m^[39m
2026-01-12T19:07:33.7548040Z     [90m342| [39m  errors[33m:[39m string[][33m;[39m
2026-01-12T19:07:33.7548680Z     [90m343| [39m  properties[33m?[39m[33m:[39m {
2026-01-12T19:07:33.7549019Z 
2026-01-12T19:07:33.7549408Z [31m[2m⎯⎯⎯⎯⎯⎯⎯⎯⎯⎯⎯⎯⎯⎯⎯⎯⎯⎯⎯⎯⎯⎯⎯⎯[1/1]⎯[22m[39m
2026-01-12T19:07:33.7549728Z 
2026-01-12T19:07:33.7549748Z 
2026-01-12T19:07:33.7557659Z [2m Test Files [22m [1m[31m1 failed[39m[22m[2m | [22m[1m[32m318 passed[39m[22m[90m (319)[39m
2026-01-12T19:07:33.7573541Z [2m      Tests [22m [1m[32m3555 passed[39m[22m[90m (3555)[39m
2026-01-12T19:07:33.7576521Z [2mType Errors [22m [2mno errors[22m
2026-01-12T19:07:33.7577178Z [2m   Start at [22m 19:07:04
2026-01-12T19:07:33.7582559Z [2m   Duration [22m 28.99s[2m (transform 3.12s, setup 1.78s, collect 18.58s, tests 12.05s, environment 28ms, prepare 1.02s, typecheck 9.37s)[22m
2026-01-12T19:07:33.7583427Z 
2026-01-12T19:07:33.7614086Z 
2026-01-12T19:07:33.7647610Z ##[error]TypeCheckError: Type '{ errors string[]; properties? { username? { errors string[]; }; favoriteNumbers? { errors string[]; items? { errors string[]; }[]; }; nesting? { errors string[]; properties? { a? { errors string[]; }; }; }; }; }' does not satisfy the constraint '{ errors string[]; properties "Expected undefined, Actual ..." | "Expected ..., Actual ..."; }'.
  Types of property 'properties' are incompatible.
    Type '{ username? { errors string[]; }; favoriteNumbers? { errors string[]; items? { errors string[]; }[]; }; nesting? { errors string[]; properties? { a? { errors string[]; }; }; }; }' is not assignable to type '"Expected undefined, Actual ..." | "Expected ..., Actual ..."'.
 ❯ src/v4/classic/tests/error-utils.test.ts:341:34


2026-01-12T19:07:33.8288563Z  ELIFECYCLE  Test failed. See above for more details.
2026-01-12T19:07:33.8512025Z ##[error]Process completed with exit code 1.
2026-01-12T19:07:33.8574389Z Post job cleanup.
2026-01-12T19:07:33.9120517Z Pruning is unnecessary.
2026-01-12T19:07:33.9225348Z Post job cleanup.
2026-01-12T19:07:34.0154442Z [command]/usr/bin/git version
2026-01-12T19:07:34.0189859Z git version 2.52.0
2026-01-12T19:07:34.0241266Z Temporarily overriding HOME='/home/runner/work/_temp/b94fedf9-fb5c-49aa-a342-86e1dc89e2ec' before making global git config changes
2026-01-12T19:07:34.0243160Z Adding repository directory to the temporary git global config as a safe directory
2026-01-12T19:07:34.0247481Z [command]/usr/bin/git config --global --add safe.directory /home/runner/work/zod/zod
2026-01-12T19:07:34.0282116Z [command]/usr/bin/git config --local --name-only --get-regexp core\.sshCommand
2026-01-12T19:07:34.0315061Z [command]/usr/bin/git submodule foreach --recursive sh -c "git config --local --name-only --get-regexp 'core\.sshCommand' && git config --local --unset-all 'core.sshCommand' || :"
2026-01-12T19:07:34.0545117Z [command]/usr/bin/git config --local --name-only --get-regexp http\.https\:\/\/github\.com\/\.extraheader
2026-01-12T19:07:34.0565005Z http.https://github.com/.extraheader
2026-01-12T19:07:34.0578526Z [command]/usr/bin/git config --local --unset-all http.https://github.com/.extraheader
2026-01-12T19:07:34.0610040Z [command]/usr/bin/git submodule foreach --recursive sh -c "git config --local --name-only --get-regexp 'http\.https\:\/\/github\.com\/\.extraheader' && git config --local --unset-all 'http.https://github.com/.extraheader' || :"
2026-01-12T19:07:34.0844883Z [command]/usr/bin/git config --local --name-only --get-regexp ^includeIf\.gitdir:
2026-01-12T19:07:34.0880399Z [command]/usr/bin/git submodule foreach --recursive git config --local --show-origin --name-only --get-regexp remote.origin.url
2026-01-12T19:07:34.1205558Z Cleaning up orphan processes
