2026-03-10T15:12:20.2370620Z Current runner version: '2.332.0'
2026-03-10T15:12:20.2387020Z ##[group]Runner Image Provisioner
2026-03-10T15:12:20.2387580Z Hosted Compute Agent
2026-03-10T15:12:20.2387940Z Version: 20260213.493
2026-03-10T15:12:20.2388330Z Commit: 5c115507f6dd24b8de37d8bbe0bb4509d0cc0fa3
2026-03-10T15:12:20.2390500Z Build Date: 2026-02-13T00:28:41Z
2026-03-10T15:12:20.2391050Z Worker ID: {639985ea-42ef-457d-b1fb-100d864ee185}
2026-03-10T15:12:20.2391580Z Azure Region: westus
2026-03-10T15:12:20.2392010Z ##[endgroup]
2026-03-10T15:12:20.2393270Z ##[group]Operating System
2026-03-10T15:12:20.2393750Z macOS
2026-03-10T15:12:20.2394060Z 15.7.4
2026-03-10T15:12:20.2394360Z 24G517
2026-03-10T15:12:20.2394660Z ##[endgroup]
2026-03-10T15:12:20.2394990Z ##[group]Runner Image
2026-03-10T15:12:20.2395340Z Image: macos-15-arm64
2026-03-10T15:12:20.2395680Z Version: 20260303.0188.2
2026-03-10T15:12:20.2396570Z Included Software: https://github.com/actions/runner-images/blob/macos-15-arm64/20260303.0188/images/macos/macos-15-arm64-Readme.md
2026-03-10T15:12:20.2397580Z Image Release: https://github.com/actions/runner-images/releases/tag/macos-15-arm64%2F20260303.0188
2026-03-10T15:12:20.2398200Z ##[endgroup]
2026-03-10T15:12:20.2400020Z ##[group]GITHUB_TOKEN Permissions
2026-03-10T15:12:20.2401700Z Actions: read
2026-03-10T15:12:20.2402020Z ArtifactMetadata: read
2026-03-10T15:12:20.2402440Z Attestations: read
2026-03-10T15:12:20.2402790Z Checks: read
2026-03-10T15:12:20.2403090Z Contents: read
2026-03-10T15:12:20.2403420Z Deployments: read
2026-03-10T15:12:20.2403770Z Discussions: read
2026-03-10T15:12:20.2404080Z Issues: read
2026-03-10T15:12:20.2404450Z Metadata: read
2026-03-10T15:12:20.2404750Z Models: read
2026-03-10T15:12:20.2405060Z Packages: read
2026-03-10T15:12:20.2405430Z Pages: read
2026-03-10T15:12:20.2405880Z PullRequests: read
2026-03-10T15:12:20.2406230Z RepositoryProjects: read
2026-03-10T15:12:20.2406590Z SecurityEvents: read
2026-03-10T15:12:20.2406980Z Statuses: read
2026-03-10T15:12:20.2407380Z ##[endgroup]
2026-03-10T15:12:20.2409070Z Secret source: None
2026-03-10T15:12:20.2409490Z Prepare workflow directory
2026-03-10T15:12:20.2684230Z Prepare all required actions
2026-03-10T15:12:20.2713420Z Getting action download info
2026-03-10T15:12:20.7949270Z Download action repository 'actions/checkout@v4' (SHA:34e114876b0b11c390a56381ad16ebd13914f8d5)
2026-03-10T15:12:21.1247430Z Download action repository 'dtolnay/rust-toolchain@stable' (SHA:631a55b12751854ce901bb631d5902ceb48146f7)
2026-03-10T15:12:21.8806770Z Download action repository 'Swatinem/rust-cache@v2' (SHA:779680da715d629ac1d338a641029a2f4372abb5)
2026-03-10T15:12:23.0395870Z Download action repository 'actions/upload-artifact@v4' (SHA:ea165f8d65b6e75b540449e92b4886f43607fa02)
2026-03-10T15:12:23.3665280Z Complete job name: Run tests
2026-03-10T15:12:23.4152340Z ##[group]Run actions/checkout@v4
2026-03-10T15:12:23.4153160Z with:
2026-03-10T15:12:23.4153620Z   lfs: true
2026-03-10T15:12:23.4154080Z   repository: emilk/egui
2026-03-10T15:12:23.4154860Z   token: ***
2026-03-10T15:12:23.4155350Z   ssh-strict: true
2026-03-10T15:12:23.4155830Z   ssh-user: git
2026-03-10T15:12:23.4156330Z   persist-credentials: true
2026-03-10T15:12:23.4156870Z   clean: true
2026-03-10T15:12:23.4157380Z   sparse-checkout-cone-mode: true
2026-03-10T15:12:23.4157970Z   fetch-depth: 1
2026-03-10T15:12:23.4158460Z   fetch-tags: false
2026-03-10T15:12:23.4158960Z   show-progress: true
2026-03-10T15:12:23.4159480Z   submodules: false
2026-03-10T15:12:23.4159980Z   set-safe-directory: true
2026-03-10T15:12:23.4160620Z env:
2026-03-10T15:12:23.4161100Z   RUSTFLAGS: -D warnings
2026-03-10T15:12:23.4161670Z   RUSTDOCFLAGS: -D warnings
2026-03-10T15:12:23.4162270Z   NIGHTLY_VERSION: nightly-2025-09-16
2026-03-10T15:12:23.4162910Z ##[endgroup]
2026-03-10T15:12:23.7356850Z Syncing repository: emilk/egui
2026-03-10T15:12:23.7358810Z ##[group]Getting Git version info
2026-03-10T15:12:23.7359690Z Working directory is '/Users/runner/work/egui/egui'
2026-03-10T15:12:23.7361310Z [command]/opt/homebrew/bin/git version
2026-03-10T15:12:23.7686850Z git version 2.53.0
2026-03-10T15:12:23.7874010Z [command]/opt/homebrew/bin/git lfs version
2026-03-10T15:12:23.8898430Z git-lfs/3.7.1 (GitHub; darwin arm64; go 1.25.3)
2026-03-10T15:12:23.8907760Z ##[endgroup]
2026-03-10T15:12:23.8914260Z Copying '/Users/runner/.gitconfig' to '/Users/runner/work/_temp/43b6bb15-9a8a-4e23-8060-887810426059/.gitconfig'
2026-03-10T15:12:23.8921920Z Temporarily overriding HOME='/Users/runner/work/_temp/43b6bb15-9a8a-4e23-8060-887810426059' before making global git config changes
2026-03-10T15:12:23.8923580Z Adding repository directory to the temporary git global config as a safe directory
2026-03-10T15:12:23.8924940Z [command]/opt/homebrew/bin/git config --global --add safe.directory /Users/runner/work/egui/egui
2026-03-10T15:12:23.8999150Z Deleting the contents of '/Users/runner/work/egui/egui'
2026-03-10T15:12:23.9001710Z ##[group]Initializing the repository
2026-03-10T15:12:23.9004280Z [command]/opt/homebrew/bin/git init /Users/runner/work/egui/egui
2026-03-10T15:12:23.9167870Z hint: Using 'master' as the name for the initial branch. This default branch name
2026-03-10T15:12:23.9169180Z hint: will change to "main" in Git 3.0. To configure the initial branch name
2026-03-10T15:12:23.9170310Z hint: to use in all of your new repositories, which will suppress this warning,
2026-03-10T15:12:23.9171210Z hint: call:
2026-03-10T15:12:23.9171680Z hint:
2026-03-10T15:12:23.9172300Z hint: 	git config --global init.defaultBranch <name>
2026-03-10T15:12:23.9173030Z hint:
2026-03-10T15:12:23.9173720Z hint: Names commonly chosen instead of 'master' are 'main', 'trunk' and
2026-03-10T15:12:23.9174910Z hint: 'development'. The just-created branch can be renamed via this command:
2026-03-10T15:12:23.9175910Z hint:
2026-03-10T15:12:23.9176480Z hint: 	git branch -m <name>
2026-03-10T15:12:23.9177060Z hint:
2026-03-10T15:12:23.9177790Z hint: Disable this message with "git config set advice.defaultBranchName false"
2026-03-10T15:12:23.9178960Z Initialized empty Git repository in /Users/runner/work/egui/egui/.git/
2026-03-10T15:12:23.9181160Z [command]/opt/homebrew/bin/git remote add origin https://github.com/emilk/egui
2026-03-10T15:12:23.9254400Z ##[endgroup]
2026-03-10T15:12:23.9256840Z ##[group]Disabling automatic garbage collection
2026-03-10T15:12:23.9259190Z [command]/opt/homebrew/bin/git config --local gc.auto 0
2026-03-10T15:12:23.9316120Z ##[endgroup]
2026-03-10T15:12:23.9317010Z ##[group]Setting up auth
2026-03-10T15:12:23.9321460Z [command]/opt/homebrew/bin/git config --local --name-only --get-regexp core\.sshCommand
2026-03-10T15:12:23.9385980Z [command]/opt/homebrew/bin/git submodule foreach --recursive sh -c "git config --local --name-only --get-regexp 'core\.sshCommand' && git config --local --unset-all 'core.sshCommand' || :"
2026-03-10T15:12:24.0185390Z [command]/opt/homebrew/bin/git config --local --name-only --get-regexp http\.https\:\/\/github\.com\/\.extraheader
2026-03-10T15:12:24.0246220Z [command]/opt/homebrew/bin/git submodule foreach --recursive sh -c "git config --local --name-only --get-regexp 'http\.https\:\/\/github\.com\/\.extraheader' && git config --local --unset-all 'http.https://github.com/.extraheader' || :"
2026-03-10T15:12:24.1050100Z [command]/opt/homebrew/bin/git config --local --name-only --get-regexp ^includeIf\.gitdir:
2026-03-10T15:12:24.1141890Z [command]/opt/homebrew/bin/git submodule foreach --recursive git config --local --show-origin --name-only --get-regexp remote.origin.url
2026-03-10T15:12:24.1937720Z [command]/opt/homebrew/bin/git config --local http.https://github.com/.extraheader AUTHORIZATION: basic ***
2026-03-10T15:12:24.1987070Z ##[endgroup]
2026-03-10T15:12:24.1988140Z [command]/opt/homebrew/bin/git lfs install --local
2026-03-10T15:12:24.3628630Z Updated Git hooks.
2026-03-10T15:12:24.3628910Z Git LFS initialized.
2026-03-10T15:12:24.3662280Z ##[group]Fetching the repository
2026-03-10T15:12:24.3664730Z [command]/opt/homebrew/bin/git -c protocol.version=2 fetch --no-tags --prune --no-recurse-submodules --depth=1 origin +3034af54bc1182b73f544ae56643116cbb2b561c:refs/remotes/pull/7831/merge
2026-03-10T15:12:25.2943070Z From https://github.com/emilk/egui
2026-03-10T15:12:25.2945010Z  * [new ref]         3034af54bc1182b73f544ae56643116cbb2b561c -> pull/7831/merge
2026-03-10T15:12:25.3075950Z ##[endgroup]
2026-03-10T15:12:25.3088330Z ##[group]Determining the checkout info
2026-03-10T15:12:25.3127900Z ##[endgroup]
2026-03-10T15:12:25.3195370Z ##[group]Fetching LFS objects
2026-03-10T15:12:25.3208000Z [command]/opt/homebrew/bin/git lfs fetch origin refs/remotes/pull/7831/merge
2026-03-10T15:12:25.4341100Z Fetching reference refs/remotes/pull/7831/merge
2026-03-10T15:12:28.6906810Z ##[endgroup]
2026-03-10T15:12:28.6907500Z [command]/opt/homebrew/bin/git sparse-checkout disable
2026-03-10T15:12:28.6980360Z [command]/opt/homebrew/bin/git config --local --unset-all extensions.worktreeConfig
2026-03-10T15:12:28.7037760Z ##[group]Checking out the ref
2026-03-10T15:12:28.7043990Z [command]/opt/homebrew/bin/git checkout --progress --force refs/remotes/pull/7831/merge
2026-03-10T15:12:29.0878870Z HEAD is now at 3034af5 Merge 44da76c40061232c30f34eb09182f1710831626d into 8b90dc60c66bd59ba808b8c094453ab2088a94c0
2026-03-10T15:12:29.1983670Z ##[endgroup]
2026-03-10T15:12:29.1985600Z [command]/opt/homebrew/bin/git log -1 --format=%H
2026-03-10T15:12:29.2037520Z 3034af54bc1182b73f544ae56643116cbb2b561c
2026-03-10T15:12:29.2283850Z ##[group]Run dtolnay/rust-toolchain@stable
2026-03-10T15:12:29.2284050Z with:
2026-03-10T15:12:29.2284150Z   toolchain: 1.92.0
2026-03-10T15:12:29.2284270Z env:
2026-03-10T15:12:29.2284380Z   RUSTFLAGS: -D warnings
2026-03-10T15:12:29.2284520Z   RUSTDOCFLAGS: -D warnings
2026-03-10T15:12:29.2284700Z   NIGHTLY_VERSION: nightly-2025-09-16
2026-03-10T15:12:29.2284860Z ##[endgroup]
2026-03-10T15:12:29.2365390Z ##[group]Run : parse toolchain version
2026-03-10T15:12:29.2365630Z [36;1m: parse toolchain version[0m
2026-03-10T15:12:29.2365810Z [36;1mif [[ -z $toolchain ]]; then[0m
2026-03-10T15:12:29.2366190Z [36;1m  # GitHub does not enforce `required: true` inputs itself. https://github.com/actions/runner/issues/1070[0m
2026-03-10T15:12:29.2366590Z [36;1m  echo "'toolchain' is a required input" >&2[0m
2026-03-10T15:12:29.2366770Z [36;1m  exit 1[0m
2026-03-10T15:12:29.2367040Z [36;1melif [[ $toolchain =~ ^stable' '[0-9]+' '(year|month|week|day)s?' 'ago$ ]]; then[0m
2026-03-10T15:12:29.2367350Z [36;1m  if [[ macOS == macOS ]]; then[0m
2026-03-10T15:12:29.2367730Z [36;1m    echo "toolchain=1.$((($(date -v-$(sed 's/stable \([0-9]*\) \(.\).*/\1\2/' <<< $toolchain) +%s)/60/60/24-16569)/7/6))" >> $GITHUB_OUTPUT[0m
2026-03-10T15:12:29.2368090Z [36;1m  else[0m
2026-03-10T15:12:29.2368420Z [36;1m    echo "toolchain=1.$((($(date --date "${toolchain#stable }" +%s)/60/60/24-16569)/7/6))" >> $GITHUB_OUTPUT[0m
2026-03-10T15:12:29.2368740Z [36;1m  fi[0m
2026-03-10T15:12:29.2368940Z [36;1melif [[ $toolchain =~ ^stable' 'minus' '[0-9]+' 'releases?$ ]]; then[0m
2026-03-10T15:12:29.2369330Z [36;1m  echo "toolchain=1.$((($(date +%s)/60/60/24-16569)/7/6-${toolchain//[^0-9]/}))" >> $GITHUB_OUTPUT[0m
2026-03-10T15:12:29.2369660Z [36;1melif [[ $toolchain =~ ^1\.[0-9]+$ ]]; then[0m
2026-03-10T15:12:29.2370080Z [36;1m  echo "toolchain=1.$((i=${toolchain#1.}, c=($(date +%s)/60/60/24-16569)/7/6, i+9*i*(10*i<=c)+90*i*(100*i<=c)))" >> $GITHUB_OUTPUT[0m
2026-03-10T15:12:29.2370430Z [36;1melse[0m
2026-03-10T15:12:29.2370590Z [36;1m  echo "toolchain=$toolchain" >> $GITHUB_OUTPUT[0m
2026-03-10T15:12:29.2370780Z [36;1mfi[0m
2026-03-10T15:12:29.2411010Z shell: /bin/bash --noprofile --norc -e -o pipefail {0}
2026-03-10T15:12:29.2411230Z env:
2026-03-10T15:12:29.2411340Z   RUSTFLAGS: -D warnings
2026-03-10T15:12:29.2411500Z   RUSTDOCFLAGS: -D warnings
2026-03-10T15:12:29.2411660Z   NIGHTLY_VERSION: nightly-2025-09-16
2026-03-10T15:12:29.2411830Z   toolchain: 1.92.0
2026-03-10T15:12:29.2411940Z ##[endgroup]
2026-03-10T15:12:29.2830680Z ##[group]Run : construct rustup command line
2026-03-10T15:12:29.2830980Z [36;1m: construct rustup command line[0m
2026-03-10T15:12:29.2833550Z [36;1mecho "targets=$(for t in ${targets//,/ }; do echo -n ' --target' $t; done)" >> $GITHUB_OUTPUT[0m
2026-03-10T15:12:29.2834030Z [36;1mecho "components=$(for c in ${components//,/ }; do echo -n ' --component' $c; done)" >> $GITHUB_OUTPUT[0m
2026-03-10T15:12:29.2834400Z [36;1mecho "downgrade=" >> $GITHUB_OUTPUT[0m
2026-03-10T15:12:29.2867760Z shell: /bin/bash --noprofile --norc -e -o pipefail {0}
2026-03-10T15:12:29.2868000Z env:
2026-03-10T15:12:29.2868130Z   RUSTFLAGS: -D warnings
2026-03-10T15:12:29.2868280Z   RUSTDOCFLAGS: -D warnings
2026-03-10T15:12:29.2868450Z   NIGHTLY_VERSION: nightly-2025-09-16
2026-03-10T15:12:29.2868620Z   targets: 
2026-03-10T15:12:29.2868730Z   components: 
2026-03-10T15:12:29.2868840Z ##[endgroup]
2026-03-10T15:12:29.3191410Z ##[group]Run : set $CARGO_HOME
2026-03-10T15:12:29.3191650Z [36;1m: set $CARGO_HOME[0m
2026-03-10T15:12:29.3191900Z [36;1mecho CARGO_HOME=${CARGO_HOME:-"$HOME/.cargo"} >> $GITHUB_ENV[0m
2026-03-10T15:12:29.3223140Z shell: /bin/bash --noprofile --norc -e -o pipefail {0}
2026-03-10T15:12:29.3223410Z env:
2026-03-10T15:12:29.3223550Z   RUSTFLAGS: -D warnings
2026-03-10T15:12:29.3223720Z   RUSTDOCFLAGS: -D warnings
2026-03-10T15:12:29.3223890Z   NIGHTLY_VERSION: nightly-2025-09-16
2026-03-10T15:12:29.3224090Z ##[endgroup]
2026-03-10T15:12:29.3501040Z ##[group]Run : install rustup if needed
2026-03-10T15:12:29.3501310Z [36;1m: install rustup if needed[0m
2026-03-10T15:12:29.3501520Z [36;1mif ! command -v rustup &>/dev/null; then[0m
2026-03-10T15:12:29.3502100Z [36;1m  curl --proto '=https' --tlsv1.2 --retry 10 --retry-connrefused --location --silent --show-error --fail https://sh.rustup.rs | sh -s -- --default-toolchain none -y[0m
2026-03-10T15:12:29.3502630Z [36;1m  echo "$CARGO_HOME/bin" >> $GITHUB_PATH[0m
2026-03-10T15:12:29.3502860Z [36;1mfi[0m
2026-03-10T15:12:29.3531440Z shell: /bin/bash --noprofile --norc -e -o pipefail {0}
2026-03-10T15:12:29.3531660Z env:
2026-03-10T15:12:29.3531810Z   RUSTFLAGS: -D warnings
2026-03-10T15:12:29.3531990Z   RUSTDOCFLAGS: -D warnings
2026-03-10T15:12:29.3532160Z   NIGHTLY_VERSION: nightly-2025-09-16
2026-03-10T15:12:29.3532350Z   CARGO_HOME: /Users/runner/.cargo
2026-03-10T15:12:29.3532530Z ##[endgroup]
2026-03-10T15:12:29.3866150Z ##[group]Run rustup toolchain install 1.92.0 --profile minimal --no-self-update
2026-03-10T15:12:29.3866740Z [36;1mrustup toolchain install 1.92.0 --profile minimal --no-self-update[0m
2026-03-10T15:12:29.3902820Z shell: /bin/bash --noprofile --norc -e -o pipefail {0}
2026-03-10T15:12:29.3903140Z env:
2026-03-10T15:12:29.3903300Z   RUSTFLAGS: -D warnings
2026-03-10T15:12:29.3903490Z   RUSTDOCFLAGS: -D warnings
2026-03-10T15:12:29.3903680Z   NIGHTLY_VERSION: nightly-2025-09-16
2026-03-10T15:12:29.3903920Z   CARGO_HOME: /Users/runner/.cargo
2026-03-10T15:12:29.3904130Z   RUSTUP_PERMIT_COPY_RENAME: 1
2026-03-10T15:12:29.3904320Z ##[endgroup]
2026-03-10T15:12:29.4612460Z info: syncing channel updates for '1.92.0-aarch64-apple-darwin'
2026-03-10T15:12:29.6717620Z info: latest update on 2025-12-11, rust version 1.92.0 (ded5c06cf 2025-12-08)
2026-03-10T15:12:29.6718050Z info: downloading component 'cargo'
2026-03-10T15:12:29.8676010Z info: downloading component 'rust-std'
2026-03-10T15:12:30.3477020Z info: downloading component 'rustc'
2026-03-10T15:12:31.1363520Z info: installing component 'cargo'
2026-03-10T15:12:31.6687900Z info: installing component 'rust-std'
2026-03-10T15:12:33.4695320Z info: installing component 'rustc'
2026-03-10T15:12:37.0622150Z 
2026-03-10T15:12:37.2423220Z   1.92.0-aarch64-apple-darwin installed - rustc 1.92.0 (ded5c06cf 2025-12-08)
2026-03-10T15:12:37.2424500Z 
2026-03-10T15:12:37.2428710Z info: self-update is disabled for this build of rustup
2026-03-10T15:12:37.2429340Z info: any updates to rustup will need to be fetched with your system package manager
2026-03-10T15:12:37.2595680Z ##[group]Run rustup default 1.92.0
2026-03-10T15:12:37.2596050Z [36;1mrustup default 1.92.0[0m
2026-03-10T15:12:37.2644640Z shell: /bin/bash --noprofile --norc -e -o pipefail {0}
2026-03-10T15:12:37.2650470Z env:
2026-03-10T15:12:37.2650650Z   RUSTFLAGS: -D warnings
2026-03-10T15:12:37.2650880Z   RUSTDOCFLAGS: -D warnings
2026-03-10T15:12:37.2651140Z   NIGHTLY_VERSION: nightly-2025-09-16
2026-03-10T15:12:37.2651350Z   CARGO_HOME: /Users/runner/.cargo
2026-03-10T15:12:37.2651630Z ##[endgroup]
2026-03-10T15:12:37.3446100Z info: using existing install for '1.92.0-aarch64-apple-darwin'
2026-03-10T15:12:37.3699260Z info: default toolchain set to '1.92.0-aarch64-apple-darwin'
2026-03-10T15:12:37.3699480Z 
2026-03-10T15:12:37.3777160Z   1.92.0-aarch64-apple-darwin unchanged - rustc 1.92.0 (ded5c06cf 2025-12-08)
2026-03-10T15:12:37.3777530Z 
2026-03-10T15:12:37.3779150Z info: note that the toolchain '1.92.0-aarch64-apple-darwin' is currently in use (overridden by '/Users/runner/work/egui/egui/rust-toolchain')
2026-03-10T15:12:37.3810250Z ##[group]Run : create cachekey
2026-03-10T15:12:37.3810530Z [36;1m: create cachekey[0m
2026-03-10T15:12:37.3811210Z [36;1mDATE=$(rustc +1.92.0 --version --verbose | sed -ne 's/^commit-date: \(20[0-9][0-9]\)-\([01][0-9]\)-\([0-3][0-9]\)$/\1\2\3/p')[0m
2026-03-10T15:12:37.3811690Z [36;1mHASH=$(rustc +1.92.0 --version --verbose | sed -ne 's/^commit-hash: //p')[0m
2026-03-10T15:12:37.3812100Z [36;1mecho "cachekey=$(echo $DATE$HASH | head -c12)" >> $GITHUB_OUTPUT[0m
2026-03-10T15:12:37.3843530Z shell: /bin/bash --noprofile --norc -e -o pipefail {0}
2026-03-10T15:12:37.3843950Z env:
2026-03-10T15:12:37.3844140Z   RUSTFLAGS: -D warnings
2026-03-10T15:12:37.3844350Z   RUSTDOCFLAGS: -D warnings
2026-03-10T15:12:37.3844520Z   NIGHTLY_VERSION: nightly-2025-09-16
2026-03-10T15:12:37.3844880Z   CARGO_HOME: /Users/runner/.cargo
2026-03-10T15:12:37.3845120Z ##[endgroup]
2026-03-10T15:12:37.4640420Z ##[group]Run : disable incremental compilation
2026-03-10T15:12:37.4640770Z [36;1m: disable incremental compilation[0m
2026-03-10T15:12:37.4641050Z [36;1mif [ -z "${CARGO_INCREMENTAL+set}" ]; then[0m
2026-03-10T15:12:37.4641380Z [36;1m  echo CARGO_INCREMENTAL=0 >> $GITHUB_ENV[0m
2026-03-10T15:12:37.4641630Z [36;1mfi[0m
2026-03-10T15:12:37.4672690Z shell: /bin/bash --noprofile --norc -e -o pipefail {0}
2026-03-10T15:12:37.4673010Z env:
2026-03-10T15:12:37.4673270Z   RUSTFLAGS: -D warnings
2026-03-10T15:12:37.4673480Z   RUSTDOCFLAGS: -D warnings
2026-03-10T15:12:37.4673760Z   NIGHTLY_VERSION: nightly-2025-09-16
2026-03-10T15:12:37.4674010Z   CARGO_HOME: /Users/runner/.cargo
2026-03-10T15:12:37.4674260Z ##[endgroup]
2026-03-10T15:12:37.4983180Z ##[group]Run : enable colors in Cargo output
2026-03-10T15:12:37.4983580Z [36;1m: enable colors in Cargo output[0m
2026-03-10T15:12:37.4983850Z [36;1mif [ -z "${CARGO_TERM_COLOR+set}" ]; then[0m
2026-03-10T15:12:37.4984220Z [36;1m  echo CARGO_TERM_COLOR=always >> $GITHUB_ENV[0m
2026-03-10T15:12:37.4984480Z [36;1mfi[0m
2026-03-10T15:12:37.5014370Z shell: /bin/bash --noprofile --norc -e -o pipefail {0}
2026-03-10T15:12:37.5014670Z env:
2026-03-10T15:12:37.5014920Z   RUSTFLAGS: -D warnings
2026-03-10T15:12:37.5015160Z   RUSTDOCFLAGS: -D warnings
2026-03-10T15:12:37.5015390Z   NIGHTLY_VERSION: nightly-2025-09-16
2026-03-10T15:12:37.5015740Z   CARGO_HOME: /Users/runner/.cargo
2026-03-10T15:12:37.5015910Z   CARGO_INCREMENTAL: 0
2026-03-10T15:12:37.5016110Z ##[endgroup]
2026-03-10T15:12:37.5398420Z ##[group]Run : enable Cargo sparse registry
2026-03-10T15:12:37.5399330Z [36;1m: enable Cargo sparse registry[0m
2026-03-10T15:12:37.5400100Z [36;1m# implemented in 1.66, stabilized in 1.68, made default in 1.70[0m
2026-03-10T15:12:37.5401630Z [36;1mif [ -z "${CARGO_REGISTRIES_CRATES_IO_PROTOCOL+set}" -o -f "/Users/runner/work/_temp"/.implicit_cargo_registries_crates_io_protocol ]; then[0m
2026-03-10T15:12:37.5403380Z [36;1m  if rustc +1.92.0 --version --verbose | grep -q '^release: 1\.6[89]\.'; then[0m
2026-03-10T15:12:37.5404600Z [36;1m    touch "/Users/runner/work/_temp"/.implicit_cargo_registries_crates_io_protocol || true[0m
2026-03-10T15:12:37.5405790Z [36;1m    echo CARGO_REGISTRIES_CRATES_IO_PROTOCOL=sparse >> $GITHUB_ENV[0m
2026-03-10T15:12:37.5407690Z [36;1m  elif rustc +1.92.0 --version --verbose | grep -q '^release: 1\.6[67]\.'; then[0m
2026-03-10T15:12:37.5408900Z [36;1m    touch "/Users/runner/work/_temp"/.implicit_cargo_registries_crates_io_protocol || true[0m
2026-03-10T15:12:37.5410020Z [36;1m    echo CARGO_REGISTRIES_CRATES_IO_PROTOCOL=git >> $GITHUB_ENV[0m
2026-03-10T15:12:37.5410720Z [36;1m  fi[0m
2026-03-10T15:12:37.5411120Z [36;1mfi[0m
2026-03-10T15:12:37.5463930Z shell: /bin/bash --noprofile --norc -e -o pipefail {0}
2026-03-10T15:12:37.5464190Z env:
2026-03-10T15:12:37.5464330Z   RUSTFLAGS: -D warnings
2026-03-10T15:12:37.5464510Z   RUSTDOCFLAGS: -D warnings
2026-03-10T15:12:37.5464720Z   NIGHTLY_VERSION: nightly-2025-09-16
2026-03-10T15:12:37.5464930Z   CARGO_HOME: /Users/runner/.cargo
2026-03-10T15:12:37.5465120Z   CARGO_INCREMENTAL: 0
2026-03-10T15:12:37.5465330Z   CARGO_TERM_COLOR: always
2026-03-10T15:12:37.5465490Z ##[endgroup]
2026-03-10T15:12:37.6248600Z ##[group]Run : work around spurious network errors in curl 8.0
2026-03-10T15:12:37.6249060Z [36;1m: work around spurious network errors in curl 8.0[0m
2026-03-10T15:12:37.6249480Z [36;1m# https://rust-lang.zulipchat.com/#narrow/stream/246057-t-cargo/topic/timeout.20investigation[0m
2026-03-10T15:12:37.6250180Z [36;1mif rustc +1.92.0 --version --verbose | grep -q '^release: 1\.7[01]\.'; then[0m
2026-03-10T15:12:37.6250530Z [36;1m  echo CARGO_HTTP_MULTIPLEXING=false >> $GITHUB_ENV[0m
2026-03-10T15:12:37.6250750Z [36;1mfi[0m
2026-03-10T15:12:37.6281990Z shell: /bin/bash --noprofile --norc -e -o pipefail {0}
2026-03-10T15:12:37.6282260Z env:
2026-03-10T15:12:37.6282430Z   RUSTFLAGS: -D warnings
2026-03-10T15:12:37.6282610Z   RUSTDOCFLAGS: -D warnings
2026-03-10T15:12:37.6282790Z   NIGHTLY_VERSION: nightly-2025-09-16
2026-03-10T15:12:37.6283010Z   CARGO_HOME: /Users/runner/.cargo
2026-03-10T15:12:37.6283250Z   CARGO_INCREMENTAL: 0
2026-03-10T15:12:37.6283410Z   CARGO_TERM_COLOR: always
2026-03-10T15:12:37.6283780Z ##[endgroup]
2026-03-10T15:12:37.6740010Z ##[group]Run rustc +1.92.0 --version --verbose
2026-03-10T15:12:37.6740310Z [36;1mrustc +1.92.0 --version --verbose[0m
2026-03-10T15:12:37.6771140Z shell: /bin/bash --noprofile --norc -e -o pipefail {0}
2026-03-10T15:12:37.6771380Z env:
2026-03-10T15:12:37.6771500Z   RUSTFLAGS: -D warnings
2026-03-10T15:12:37.6771720Z   RUSTDOCFLAGS: -D warnings
2026-03-10T15:12:37.6771900Z   NIGHTLY_VERSION: nightly-2025-09-16
2026-03-10T15:12:37.6772120Z   CARGO_HOME: /Users/runner/.cargo
2026-03-10T15:12:37.6772290Z   CARGO_INCREMENTAL: 0
2026-03-10T15:12:37.6772450Z   CARGO_TERM_COLOR: always
2026-03-10T15:12:37.6772610Z ##[endgroup]
2026-03-10T15:12:37.7186520Z rustc 1.92.0 (ded5c06cf 2025-12-08)
2026-03-10T15:12:37.7186860Z binary: rustc
2026-03-10T15:12:37.7187060Z commit-hash: ded5c06cf21d2b93bffd5d884aa6e96934ee4234
2026-03-10T15:12:37.7187310Z commit-date: 2025-12-08
2026-03-10T15:12:37.7187480Z host: aarch64-apple-darwin
2026-03-10T15:12:37.7187640Z release: 1.92.0
2026-03-10T15:12:37.7189710Z LLVM version: 21.1.3
2026-03-10T15:12:37.7288290Z ##[group]Run Swatinem/rust-cache@v2
2026-03-10T15:12:37.7288510Z with:
2026-03-10T15:12:37.7288620Z   prefix-key: v0-rust
2026-03-10T15:12:37.7288770Z   add-job-id-key: true
2026-03-10T15:12:37.7288930Z   add-rust-environment-hash-key: true
2026-03-10T15:12:37.7289120Z   cache-targets: true
2026-03-10T15:12:37.7289260Z   cache-all-crates: false
2026-03-10T15:12:37.7289410Z   cache-workspace-crates: false
2026-03-10T15:12:37.7289570Z   save-if: true
2026-03-10T15:12:37.7289700Z   cache-provider: github
2026-03-10T15:12:37.7289850Z   cache-bin: true
2026-03-10T15:12:37.7289990Z   lookup-only: false
2026-03-10T15:12:37.7290120Z env:
2026-03-10T15:12:37.7290250Z   RUSTFLAGS: -D warnings
2026-03-10T15:12:37.7290400Z   RUSTDOCFLAGS: -D warnings
2026-03-10T15:12:37.7290570Z   NIGHTLY_VERSION: nightly-2025-09-16
2026-03-10T15:12:37.7290760Z   CARGO_HOME: /Users/runner/.cargo
2026-03-10T15:12:37.7290940Z   CARGO_INCREMENTAL: 0
2026-03-10T15:12:37.7291310Z   CARGO_TERM_COLOR: always
2026-03-10T15:12:37.7291500Z ##[endgroup]
2026-03-10T15:12:41.6811260Z ##[group]Cache Configuration
2026-03-10T15:12:41.6820920Z Cache Provider:
2026-03-10T15:12:41.6838940Z     github
2026-03-10T15:12:41.6839340Z Workspaces:
2026-03-10T15:12:41.6839590Z     /Users/runner/work/egui/egui
2026-03-10T15:12:41.6839970Z Cache Paths:
2026-03-10T15:12:41.6840160Z     /Users/runner/.cargo/bin
2026-03-10T15:12:41.6840380Z     /Users/runner/.cargo/.crates.toml
2026-03-10T15:12:41.6840620Z     /Users/runner/.cargo/.crates2.json
2026-03-10T15:12:41.6840930Z     /Users/runner/.cargo/registry
2026-03-10T15:12:41.6841180Z     /Users/runner/.cargo/git
2026-03-10T15:12:41.6841380Z     /Users/runner/work/egui/egui/target
2026-03-10T15:12:41.6841570Z Restore Key:
2026-03-10T15:12:41.6841730Z     v0-rust-tests-Darwin-arm64-87f90bc7
2026-03-10T15:12:41.6841950Z Cache Key:
2026-03-10T15:12:41.6842150Z     v0-rust-tests-Darwin-arm64-87f90bc7-12155bbe
2026-03-10T15:12:41.6842610Z .. Prefix:
2026-03-10T15:12:41.6842840Z   - v0-rust-tests-Darwin-arm64
2026-03-10T15:12:41.6843540Z .. Environment considered:
2026-03-10T15:12:41.6843860Z   - Rust Version: 1.92.0 aarch64-apple-darwin (ded5c06cf21d2b93bffd5d884aa6e96934ee4234)
2026-03-10T15:12:41.6844200Z   - CARGO_HOME
2026-03-10T15:12:41.6844390Z   - CARGO_INCREMENTAL
2026-03-10T15:12:41.6844590Z   - CARGO_TERM_COLOR
2026-03-10T15:12:41.6844820Z   - RUSTDOCFLAGS
2026-03-10T15:12:41.6845000Z   - RUSTFLAGS
2026-03-10T15:12:41.6845160Z .. Lockfiles considered:
2026-03-10T15:12:41.6845410Z   - /Users/runner/work/egui/egui/.cargo/config.toml
2026-03-10T15:12:41.6845780Z   - /Users/runner/work/egui/egui/Cargo.lock
2026-03-10T15:12:41.6846040Z   - /Users/runner/work/egui/egui/crates/ecolor/Cargo.toml
2026-03-10T15:12:41.6846320Z   - /Users/runner/work/egui/egui/crates/eframe/Cargo.toml
2026-03-10T15:12:41.6846640Z   - /Users/runner/work/egui/egui/crates/egui_demo_app/Cargo.toml
2026-03-10T15:12:41.6846950Z   - /Users/runner/work/egui/egui/crates/egui_demo_lib/Cargo.toml
2026-03-10T15:12:41.6847340Z   - /Users/runner/work/egui/egui/crates/egui_extras/Cargo.toml
2026-03-10T15:12:41.6847660Z   - /Users/runner/work/egui/egui/crates/egui_glow/Cargo.toml
2026-03-10T15:12:41.6847960Z   - /Users/runner/work/egui/egui/crates/egui_kittest/Cargo.toml
2026-03-10T15:12:41.6848400Z   - /Users/runner/work/egui/egui/crates/egui-wgpu/Cargo.toml
2026-03-10T15:12:41.6848710Z   - /Users/runner/work/egui/egui/crates/egui-winit/Cargo.toml
2026-03-10T15:12:41.6849000Z   - /Users/runner/work/egui/egui/crates/egui/Cargo.toml
2026-03-10T15:12:41.6849260Z   - /Users/runner/work/egui/egui/crates/emath/Cargo.toml
2026-03-10T15:12:41.6849610Z   - /Users/runner/work/egui/egui/crates/epaint_default_fonts/Cargo.toml
2026-03-10T15:12:41.6849930Z   - /Users/runner/work/egui/egui/crates/epaint/Cargo.toml
2026-03-10T15:12:41.6850260Z   - /Users/runner/work/egui/egui/examples/confirm_exit/Cargo.toml
2026-03-10T15:12:41.6850570Z   - /Users/runner/work/egui/egui/examples/custom_3d_glow/Cargo.toml
2026-03-10T15:12:41.6851750Z   - /Users/runner/work/egui/egui/examples/custom_font_style/Cargo.toml
2026-03-10T15:12:41.6852160Z   - /Users/runner/work/egui/egui/examples/custom_font/Cargo.toml
2026-03-10T15:12:41.6852480Z   - /Users/runner/work/egui/egui/examples/custom_keypad/Cargo.toml
2026-03-10T15:12:41.6852830Z   - /Users/runner/work/egui/egui/examples/custom_style/Cargo.toml
2026-03-10T15:12:41.6853160Z   - /Users/runner/work/egui/egui/examples/custom_window_frame/Cargo.toml
2026-03-10T15:12:41.6853530Z   - /Users/runner/work/egui/egui/examples/external_eventloop_async/Cargo.toml
2026-03-10T15:12:41.6853900Z   - /Users/runner/work/egui/egui/examples/external_eventloop/Cargo.toml
2026-03-10T15:12:41.6854240Z   - /Users/runner/work/egui/egui/examples/file_dialog/Cargo.toml
2026-03-10T15:12:41.6854620Z   - /Users/runner/work/egui/egui/examples/hello_android/Cargo.toml
2026-03-10T15:12:41.6855000Z   - /Users/runner/work/egui/egui/examples/hello_world_par/Cargo.toml
2026-03-10T15:12:41.6855360Z   - /Users/runner/work/egui/egui/examples/hello_world_simple/Cargo.toml
2026-03-10T15:12:41.6855940Z   - /Users/runner/work/egui/egui/examples/hello_world/Cargo.toml
2026-03-10T15:12:41.6856320Z   - /Users/runner/work/egui/egui/examples/images/Cargo.toml
2026-03-10T15:12:41.6856650Z   - /Users/runner/work/egui/egui/examples/keyboard_events/Cargo.toml
2026-03-10T15:12:41.6857020Z   - /Users/runner/work/egui/egui/examples/multiple_viewports/Cargo.toml
2026-03-10T15:12:41.6857440Z   - /Users/runner/work/egui/egui/examples/popups/Cargo.toml
2026-03-10T15:12:41.6857750Z   - /Users/runner/work/egui/egui/examples/puffin_profiler/Cargo.toml
2026-03-10T15:12:41.6858070Z   - /Users/runner/work/egui/egui/examples/screenshot/Cargo.toml
2026-03-10T15:12:41.6858380Z   - /Users/runner/work/egui/egui/examples/serial_windows/Cargo.toml
2026-03-10T15:12:41.6858790Z   - /Users/runner/work/egui/egui/examples/user_attention/Cargo.toml
2026-03-10T15:12:41.6859070Z   - /Users/runner/work/egui/egui/rust-toolchain
2026-03-10T15:12:41.6859340Z   - /Users/runner/work/egui/egui/tests/egui_tests/Cargo.toml
2026-03-10T15:12:41.6859740Z   - /Users/runner/work/egui/egui/tests/test_background_logic/Cargo.toml
2026-03-10T15:12:41.6860100Z   - /Users/runner/work/egui/egui/tests/test_egui_extras_compilation/Cargo.toml
2026-03-10T15:12:41.6860470Z   - /Users/runner/work/egui/egui/tests/test_inline_glow_paint/Cargo.toml
2026-03-10T15:12:41.6860840Z   - /Users/runner/work/egui/egui/tests/test_size_pass/Cargo.toml
2026-03-10T15:12:41.6861170Z   - /Users/runner/work/egui/egui/tests/test_ui_stack/Cargo.toml
2026-03-10T15:12:41.6861470Z   - /Users/runner/work/egui/egui/tests/test_viewports/Cargo.toml
2026-03-10T15:12:41.6861740Z   - /Users/runner/work/egui/egui/xtask/Cargo.toml
2026-03-10T15:12:41.6862220Z ##[endgroup]
2026-03-10T15:12:41.6862350Z 
2026-03-10T15:12:41.6862410Z ... Restoring cache ...
2026-03-10T15:12:41.8964610Z Cache hit for: v0-rust-tests-Darwin-arm64-87f90bc7-12155bbe
2026-03-10T15:12:43.1002420Z Received 33554432 of 730040334 (4.6%), 31.9 MBs/sec
2026-03-10T15:12:44.0982610Z Received 134217728 of 730040334 (18.4%), 63.8 MBs/sec
2026-03-10T15:12:45.0986580Z Received 209715200 of 730040334 (28.7%), 66.5 MBs/sec
2026-03-10T15:12:46.0994650Z Received 276824064 of 730040334 (37.9%), 65.9 MBs/sec
2026-03-10T15:12:47.1002380Z Received 369098752 of 730040334 (50.6%), 70.3 MBs/sec
2026-03-10T15:12:48.1004120Z Received 423624704 of 730040334 (58.0%), 67.2 MBs/sec
2026-03-10T15:12:49.1026110Z Received 499122176 of 730040334 (68.4%), 67.9 MBs/sec
2026-03-10T15:12:50.1031940Z Received 549453824 of 730040334 (75.3%), 65.4 MBs/sec
2026-03-10T15:12:51.1046300Z Received 633339904 of 730040334 (86.8%), 67.0 MBs/sec
2026-03-10T15:12:52.1058040Z Received 696254464 of 730040334 (95.4%), 66.3 MBs/sec
2026-03-10T15:12:52.5224620Z Received 730040334 of 730040334 (100.0%), 66.7 MBs/sec
2026-03-10T15:12:52.5230300Z Cache Size: ~696 MB (730040334 B)
2026-03-10T15:12:52.5356760Z [command]/opt/homebrew/bin/gtar -xf /Users/runner/work/_temp/04ce9723-5b84-4032-89d8-0bd80b8a45df/cache.tzst -P -C /Users/runner/work/egui/egui --delay-directory-restore --use-compress-program unzstd
2026-03-10T15:13:01.1655080Z Cache restored successfully
2026-03-10T15:13:01.1940520Z Restored from cache key "v0-rust-tests-Darwin-arm64-87f90bc7-12155bbe" full match: true.
2026-03-10T15:13:01.2317800Z ##[group]Run cargo test --all-features
2026-03-10T15:13:01.2318150Z [36;1mcargo test --all-features[0m
2026-03-10T15:13:01.2387560Z shell: /bin/bash -e {0}
2026-03-10T15:13:01.2387750Z env:
2026-03-10T15:13:01.2387990Z   RUSTFLAGS: -D warnings
2026-03-10T15:13:01.2388230Z   RUSTDOCFLAGS: -D warnings
2026-03-10T15:13:01.2388560Z   NIGHTLY_VERSION: nightly-2025-09-16
2026-03-10T15:13:01.2388840Z   CARGO_HOME: /Users/runner/.cargo
2026-03-10T15:13:01.2389080Z   CARGO_INCREMENTAL: 0
2026-03-10T15:13:01.2389360Z   CARGO_TERM_COLOR: always
2026-03-10T15:13:01.2389660Z   CACHE_ON_FAILURE: false
2026-03-10T15:13:01.2389870Z ##[endgroup]
2026-03-10T15:13:02.4620740Z [1m[92m    Updating[0m crates.io index
2026-03-10T15:13:07.0855400Z [1m[92m   Compiling[0m emath v0.33.3 (/Users/runner/work/egui/egui/crates/emath)
2026-03-10T15:13:07.0924040Z [1m[92m   Compiling[0m epaint_default_fonts v0.33.3 (/Users/runner/work/egui/egui/crates/epaint_default_fonts)
2026-03-10T15:13:08.1372670Z [1m[92m   Compiling[0m ecolor v0.33.3 (/Users/runner/work/egui/egui/crates/ecolor)
2026-03-10T15:13:08.6314040Z [1m[92m   Compiling[0m epaint v0.33.3 (/Users/runner/work/egui/egui/crates/epaint)
2026-03-10T15:13:11.5301600Z [1m[92m   Compiling[0m egui v0.33.3 (/Users/runner/work/egui/egui/crates/egui)
2026-03-10T15:13:17.8282820Z [1m[92m   Compiling[0m xtask v0.33.3 (/Users/runner/work/egui/egui/xtask)
2026-03-10T15:13:18.0278010Z [1m[92m   Compiling[0m egui-winit v0.33.3 (/Users/runner/work/egui/egui/crates/egui-winit)
2026-03-10T15:13:19.6744610Z [1m[92m   Compiling[0m egui_glow v0.33.3 (/Users/runner/work/egui/egui/crates/egui_glow)
2026-03-10T15:13:20.3576600Z [1m[92m   Compiling[0m egui-wgpu v0.33.3 (/Users/runner/work/egui/egui/crates/egui-wgpu)
2026-03-10T15:13:22.5511250Z [1m[92m   Compiling[0m eframe v0.33.3 (/Users/runner/work/egui/egui/crates/eframe)
2026-03-10T15:13:22.8671580Z [1m[92m   Compiling[0m egui_extras v0.33.3 (/Users/runner/work/egui/egui/crates/egui_extras)
2026-03-10T15:13:25.5381780Z [1m[92m   Compiling[0m egui_kittest v0.33.3 (/Users/runner/work/egui/egui/crates/egui_kittest)
2026-03-10T15:13:26.7106410Z [1m[92m   Compiling[0m egui_demo_lib v0.33.3 (/Users/runner/work/egui/egui/crates/egui_demo_lib)
2026-03-10T15:13:28.2903240Z [1m[92m   Compiling[0m keyboard_events v0.1.0 (/Users/runner/work/egui/egui/examples/keyboard_events)
2026-03-10T15:13:29.7052310Z [1m[92m   Compiling[0m egui_tests v0.33.3 (/Users/runner/work/egui/egui/tests/egui_tests)
2026-03-10T15:13:31.4886160Z [1m[92m   Compiling[0m egui_demo_app v0.33.3 (/Users/runner/work/egui/egui/crates/egui_demo_app)
2026-03-10T15:13:31.7832560Z [1m[92m   Compiling[0m hello_android v0.1.0 (/Users/runner/work/egui/egui/examples/hello_android)
2026-03-10T15:13:32.8597170Z [1m[92m   Compiling[0m custom_style v0.1.0 (/Users/runner/work/egui/egui/examples/custom_style)
2026-03-10T15:13:41.1869050Z [1m[92m   Compiling[0m hello_world v0.1.0 (/Users/runner/work/egui/egui/examples/hello_world)
2026-03-10T15:13:41.7383260Z [1m[92m   Compiling[0m test_viewports v0.1.0 (/Users/runner/work/egui/egui/tests/test_viewports)
2026-03-10T15:13:41.7732350Z [1m[92m   Compiling[0m test_background_logic v0.1.0 (/Users/runner/work/egui/egui/tests/test_background_logic)
2026-03-10T15:13:42.3426110Z [1m[92m   Compiling[0m multiple_viewports v0.1.0 (/Users/runner/work/egui/egui/examples/multiple_viewports)
2026-03-10T15:13:42.4200960Z [1m[92m   Compiling[0m external_eventloop v0.1.0 (/Users/runner/work/egui/egui/examples/external_eventloop)
2026-03-10T15:13:42.8678250Z [1m[92m   Compiling[0m user_attention v0.1.0 (/Users/runner/work/egui/egui/examples/user_attention)
2026-03-10T15:13:43.0609810Z [1m[92m   Compiling[0m file_dialog v0.1.0 (/Users/runner/work/egui/egui/examples/file_dialog)
2026-03-10T15:13:43.5538860Z [1m[92m   Compiling[0m custom_keypad v0.1.0 (/Users/runner/work/egui/egui/examples/custom_keypad)
2026-03-10T15:13:43.6248900Z [1m[92m   Compiling[0m serial_windows v0.1.0 (/Users/runner/work/egui/egui/examples/serial_windows)
2026-03-10T15:13:43.7152410Z [1m[92m   Compiling[0m custom_window_frame v0.1.0 (/Users/runner/work/egui/egui/examples/custom_window_frame)
2026-03-10T15:13:44.2401500Z [1m[92m   Compiling[0m test_egui_extras_compilation v0.1.0 (/Users/runner/work/egui/egui/tests/test_egui_extras_compilation)
2026-03-10T15:13:44.2502300Z [1m[92m   Compiling[0m screenshot v0.1.0 (/Users/runner/work/egui/egui/examples/screenshot)
2026-03-10T15:13:44.4191150Z [1m[92m   Compiling[0m popups v0.33.3 (/Users/runner/work/egui/egui/examples/popups)
2026-03-10T15:13:44.7838720Z [1m[92m   Compiling[0m test_ui_stack v0.1.0 (/Users/runner/work/egui/egui/tests/test_ui_stack)
2026-03-10T15:13:44.9369110Z [1m[92m   Compiling[0m external_eventloop_async v0.1.0 (/Users/runner/work/egui/egui/examples/external_eventloop_async)
2026-03-10T15:13:45.0786710Z [1m[92m   Compiling[0m custom_font v0.1.0 (/Users/runner/work/egui/egui/examples/custom_font)
2026-03-10T15:13:45.4137890Z [1m[92m   Compiling[0m test_inline_glow_paint v0.1.0 (/Users/runner/work/egui/egui/tests/test_inline_glow_paint)
2026-03-10T15:13:45.5039360Z [1m[92m   Compiling[0m hello_world_par v0.1.0 (/Users/runner/work/egui/egui/examples/hello_world_par)
2026-03-10T15:13:45.9680050Z [1m[92m   Compiling[0m hello_world_simple v0.1.0 (/Users/runner/work/egui/egui/examples/hello_world_simple)
2026-03-10T15:13:46.1431550Z [1m[92m   Compiling[0m confirm_exit v0.1.0 (/Users/runner/work/egui/egui/examples/confirm_exit)
2026-03-10T15:13:46.1552920Z [1m[92m   Compiling[0m custom_font_style v0.1.0 (/Users/runner/work/egui/egui/examples/custom_font_style)
2026-03-10T15:13:46.6408030Z [1m[92m   Compiling[0m test_size_pass v0.1.0 (/Users/runner/work/egui/egui/tests/test_size_pass)
2026-03-10T15:13:46.7568090Z [1m[92m   Compiling[0m custom_3d_glow v0.1.0 (/Users/runner/work/egui/egui/examples/custom_3d_glow)
2026-03-10T15:13:46.7711100Z [1m[92m   Compiling[0m puffin_profiler v0.1.0 (/Users/runner/work/egui/egui/examples/puffin_profiler)
2026-03-10T15:13:47.3612590Z [1m[92m   Compiling[0m images v0.1.0 (/Users/runner/work/egui/egui/examples/images)
2026-03-10T15:13:50.1497480Z [1m[92m    Finished[0m `test` profile [unoptimized + debuginfo] target(s) in 48.62s
2026-03-10T15:13:50.2232130Z [1m[92m     Running[0m unittests src/main.rs (target/debug/deps/confirm_exit-53f8cb042743fce9)
2026-03-10T15:13:50.2299070Z 
2026-03-10T15:13:50.2299620Z running 0 tests
2026-03-10T15:13:50.2300160Z 
2026-03-10T15:13:50.2300770Z test result: ok. 0 passed; 0 failed; 0 ignored; 0 measured; 0 filtered out; finished in 0.00s
2026-03-10T15:13:50.2301490Z 
2026-03-10T15:13:50.2302550Z [1m[92m     Running[0m unittests src/main.rs (target/debug/deps/custom_3d_glow-8594ce95b5c6f4ab)
2026-03-10T15:13:50.2353420Z 
2026-03-10T15:13:50.2354910Z running 0 tests
2026-03-10T15:13:50.2356250Z [1m[92m     Running[0m unittests src/main.rs (target/debug/deps/custom_font-f50c276441241ae1)
2026-03-10T15:13:50.2357090Z 
2026-03-10T15:13:50.2357620Z test result: ok. 0 passed; 0 failed; 0 ignored; 0 measured; 0 filtered out; finished in 0.00s
2026-03-10T15:13:50.2358430Z 
2026-03-10T15:13:50.2410050Z 
2026-03-10T15:13:50.2411060Z running 0 tests
2026-03-10T15:13:50.2411220Z 
2026-03-10T15:13:50.2411500Z test result: ok. 0 passed; 0 failed; 0 ignored; 0 measured; 0 filtered out; finished in 0.00s
2026-03-10T15:13:50.2411870Z 
2026-03-10T15:13:50.2412520Z [1m[92m     Running[0m unittests src/main.rs (target/debug/deps/custom_font_style-0eaa5fd8b33e7dd1)
2026-03-10T15:13:50.2462910Z 
2026-03-10T15:13:50.2463660Z running 0 tests
2026-03-10T15:13:50.2464100Z 
2026-03-10T15:13:50.2464600Z test result: ok. 0 passed; 0 failed; 0 ignored; 0 measured; 0 filtered out; finished in 0.00s
2026-03-10T15:13:50.2465650Z 
2026-03-10T15:13:50.2467160Z [1m[92m     Running[0m unittests src/main.rs (target/debug/deps/custom_keypad-105258fddaeaa53b)
2026-03-10T15:13:50.2505750Z 
2026-03-10T15:13:50.2506150Z running 0 tests
2026-03-10T15:13:50.2506620Z 
2026-03-10T15:13:50.2509240Z test result: ok. 0 passed; 0 failed; 0 ignored; 0 measured; 0 filtered out; finished in 0.00s
2026-03-10T15:13:50.2511250Z [1m[92m     Running[0m unittests src/main.rs (target/debug/deps/custom_style-35f95ac1d093b6fd)
2026-03-10T15:13:50.2512250Z 
2026-03-10T15:13:50.2634650Z 
2026-03-10T15:13:50.2635340Z running 0 tests
2026-03-10T15:13:50.2635630Z 
2026-03-10T15:13:50.2636450Z test result: ok. 0 passed; 0 failed; 0 ignored; 0 measured; 0 filtered out; finished in 0.00s
2026-03-10T15:13:50.2637450Z 
2026-03-10T15:13:50.2638470Z [1m[92m     Running[0m unittests src/main.rs (target/debug/deps/custom_window_frame-0ed6baf9b2b2566f)
2026-03-10T15:13:50.2681790Z 
2026-03-10T15:13:50.2682570Z running 0 tests
2026-03-10T15:13:50.2684060Z 
2026-03-10T15:13:50.2684660Z test result: ok. 0 passed; 0 failed; 0 ignored; 0 measured; 0 filtered out; finished in 0.00s
2026-03-10T15:13:50.2686450Z 
2026-03-10T15:13:50.2687020Z [1m[92m     Running[0m unittests src/lib.rs (target/debug/deps/ecolor-9315cc264a2b98ad)
2026-03-10T15:13:50.2784690Z 
2026-03-10T15:13:50.2785720Z running 13 tests
2026-03-10T15:13:50.2791900Z test color32::test::test_color32_additive ... ok
2026-03-10T15:13:50.2796440Z test color32::test::test_color32_blend_vs_gamma_blend ... ok
2026-03-10T15:13:50.2797780Z test color32::test::color32_unmultiplied_round_trip ... ok
2026-03-10T15:13:50.2798130Z test color32::test::from_black_white_alpha ... ok
2026-03-10T15:13:50.2798430Z test color32::test::to_from_rgba ... ok
2026-03-10T15:13:50.2801380Z test hex_color_macro::test_from_rgb_hex ... ok
2026-03-10T15:13:50.2802440Z test hex_color_macro::test_from_rgba_hex ... ok
2026-03-10T15:13:50.2803510Z test hsva::test_hsv_roundtrip ... ignored, too expensive
2026-03-10T15:13:50.2804190Z test hex_color_runtime::tests::hex_string_round_trip ... ok
2026-03-10T15:13:50.2804670Z test hex_color_runtime::tests::hex_string_formats ... ok
2026-03-10T15:13:50.2804970Z test rgba::test::test_rgba_blend ... ok
2026-03-10T15:13:50.2805280Z test rgba::test::test_rgba_roundtrip ... ok
2026-03-10T15:13:50.2805630Z test test_srgba_conversion ... ok
2026-03-10T15:13:50.2805760Z 
2026-03-10T15:13:50.2806010Z test result: ok. 12 passed; 0 failed; 1 ignored; 0 measured; 0 filtered out; finished in 0.00s
2026-03-10T15:13:50.2806340Z 
2026-03-10T15:13:50.2809020Z [1m[92m     Running[0m unittests src/lib.rs (target/debug/deps/eframe-5039b52019328cac)
2026-03-10T15:13:50.2853920Z 
2026-03-10T15:13:50.2854260Z running 1 test
2026-03-10T15:13:50.2856530Z test native::file_storage::tests::storage_path_matches_directories ... ok
2026-03-10T15:13:50.2857530Z 
2026-03-10T15:13:50.2858740Z test result: ok. 1 passed; 0 failed; 0 ignored; 0 measured; 0 filtered out; finished in 0.00s
2026-03-10T15:13:50.2860350Z [1m[92m     Running[0m unittests src/lib.rs (target/debug/deps/egui-d81e8eb608827235)
2026-03-10T15:13:50.2861000Z 
2026-03-10T15:13:50.2991210Z 
2026-03-10T15:13:50.2992210Z running 28 tests
2026-03-10T15:13:50.3024300Z test callstack::test_shorten_path ... ok
2026-03-10T15:13:50.3028840Z test containers::frame::frame_size ... ok
2026-03-10T15:13:50.3029280Z test context::context_impl_send_sync ... ok
2026-03-10T15:13:50.3029610Z test atomics::atoms::tests::collect_atoms ... ok
2026-03-10T15:13:50.3032620Z test callstack::test_clean_symbol_name ... ok
2026-03-10T15:13:50.3143960Z test context::test::test_dual_pass ... ok
2026-03-10T15:13:50.3146510Z test context::test::test_single_pass ... ok
2026-03-10T15:13:50.3147600Z test context::test::test_multi_pass ... ok
2026-03-10T15:13:50.3148470Z test data::input::format_kb_shortcut ... ok
2026-03-10T15:13:50.3149350Z test data::key::test_key_from_name ... ok
2026-03-10T15:13:50.3150400Z test hit_test::tests::buttons_on_window ... ok
2026-03-10T15:13:50.3151150Z test id::id_size ... ok
2026-03-10T15:13:50.3151930Z test memory::memory_impl_send_sync ... ok
2026-03-10T15:13:50.3153600Z test hit_test::tests::thin_resize_handle_next_to_label ... ok
2026-03-10T15:13:50.3153980Z test style::style_impl_send_sync ... ok
2026-03-10T15:13:50.3154900Z test memory::order_map_total_ordering ... ok
2026-03-10T15:13:50.3155380Z test text_selection::text_cursor_state::test::test_next_word_boundary_char_index ... ok
2026-03-10T15:13:50.3155810Z test ui::ui_impl_send_sync ... ok
2026-03-10T15:13:50.3156050Z test util::id_type_map::test_mix ... ok
2026-03-10T15:13:50.3156470Z test util::id_type_map::test_one_id_two_types ... ok
2026-03-10T15:13:50.3160630Z test util::id_type_map::test_mix_serialize ... ok
2026-03-10T15:13:50.3161310Z test util::id_type_map::test_two_id_two_type ... ok
2026-03-10T15:13:50.3161650Z test util::id_type_map::test_serialize_generations ... ok
2026-03-10T15:13:50.3162060Z test util::id_type_map::test_two_id_x_two_types ... ok
2026-03-10T15:13:50.3162750Z test widgets::drag_value::tests::test_default_parser ... ok
2026-03-10T15:13:50.3163090Z test widget_text::tests::ensure_small_widget_text ... ok
2026-03-10T15:13:50.3163460Z test widgets::drag_value::tests::test_total_cmp_clamp_value_to_range ... ok
2026-03-10T15:13:50.3218800Z test util::id_type_map::test_serialize_gc ... ok
2026-03-10T15:13:50.3219250Z 
2026-03-10T15:13:50.3220010Z test result: ok. 28 passed; 0 failed; 0 ignored; 0 measured; 0 filtered out; finished in 0.02s
2026-03-10T15:13:50.3220930Z 
2026-03-10T15:13:50.3222280Z [1m[92m     Running[0m unittests src/lib.rs (target/debug/deps/egui_wgpu-51d7fbdefba24fa8)
2026-03-10T15:13:50.3265010Z 
2026-03-10T15:13:50.3265590Z running 2 tests
2026-03-10T15:13:50.3266550Z test wgpu_config_impl_send_sync ... ok
2026-03-10T15:13:50.3267450Z test renderer::renderer_impl_send_sync ... ok
2026-03-10T15:13:50.3267860Z 
2026-03-10T15:13:50.3268450Z test result: ok. 2 passed; 0 failed; 0 ignored; 0 measured; 0 filtered out; finished in 0.00s
2026-03-10T15:13:50.3269300Z 
2026-03-10T15:13:50.3270020Z [1m[92m     Running[0m unittests src/lib.rs (target/debug/deps/egui_winit-b646d88826896cc6)
2026-03-10T15:13:50.3311720Z 
2026-03-10T15:13:50.3312100Z running 0 tests
2026-03-10T15:13:50.3312470Z 
2026-03-10T15:13:50.3313100Z test result: ok. 0 passed; 0 failed; 0 ignored; 0 measured; 0 filtered out; finished in 0.00s
2026-03-10T15:13:50.3313880Z 
2026-03-10T15:13:50.3314900Z [1m[92m     Running[0m unittests src/lib.rs (target/debug/deps/egui_demo_app-3d08e1e97134cdfb)
2026-03-10T15:13:50.3454930Z [1m[92m     Running[0m unittests src/main.rs (target/debug/deps/egui_demo_app-473bbebd16b4ce44)
2026-03-10T15:13:50.3455740Z 
2026-03-10T15:13:50.3455970Z running 0 tests
2026-03-10T15:13:50.3456560Z 
2026-03-10T15:13:50.3457190Z test result: ok. 0 passed; 0 failed; 0 ignored; 0 measured; 0 filtered out; finished in 0.00s
2026-03-10T15:13:50.3457560Z 
2026-03-10T15:13:50.3483140Z 
2026-03-10T15:13:50.3483570Z running 0 tests
2026-03-10T15:13:50.3484160Z 
2026-03-10T15:13:50.3484860Z test result: ok. 0 passed; 0 failed; 0 ignored; 0 measured; 0 filtered out; finished in 0.00s
2026-03-10T15:13:50.3485560Z 
2026-03-10T15:13:50.3487050Z [1m[92m     Running[0m tests/test_demo_app.rs (target/debug/deps/test_demo_app-ea61c5dec5b84454)
2026-03-10T15:13:50.3619920Z 
2026-03-10T15:13:50.3621010Z running 1 test
2026-03-10T15:13:54.5159210Z test test_demo_app ... ok
2026-03-10T15:13:54.5159700Z 
2026-03-10T15:13:54.5160200Z test result: ok. 1 passed; 0 failed; 0 ignored; 0 measured; 0 filtered out; finished in 4.15s
2026-03-10T15:13:54.5161190Z 
2026-03-10T15:13:54.5227070Z [1m[92m     Running[0m unittests src/lib.rs (target/debug/deps/egui_demo_lib-0fe36ec85d3ff470)
2026-03-10T15:13:54.5620760Z 
2026-03-10T15:13:54.5621590Z running 12 tests
2026-03-10T15:13:54.6209710Z test demo::modals::tests::clicking_escape_when_popup_open_should_not_close_modal ... ok
2026-03-10T15:13:54.6313150Z test demo::modals::tests::escape_should_close_top_modal ... ok
2026-03-10T15:13:54.7917580Z test demo::modals::tests::backdrop_should_prevent_focusing_lower_area ... ok
2026-03-10T15:13:54.9712960Z test demo::modals::tests::should_match_snapshot ... ok
2026-03-10T15:13:54.9793690Z test demo::text_edit::tests::should_type ... ok
2026-03-10T15:13:55.3910600Z test demo::tests::tessellation_test::tests::snapshot_tessellation_test ... ok
2026-03-10T15:13:55.3912490Z test easy_mark::easy_mark_parser::test_easy_mark_parser ... ok
2026-03-10T15:13:57.8620430Z test demo::widget_gallery::tests::should_match_screenshot ... ok
2026-03-10T15:13:57.9871130Z test test_egui_e2e ... ok
2026-03-10T15:13:58.0299220Z test test_egui_zero_window_size ... ok
2026-03-10T15:13:59.5073810Z test rendering_test::tests::rendering_test ... ok
2026-03-10T15:14:07.4347590Z test demo::demo_app_windows::tests::demos_should_match_snapshot ... ok
2026-03-10T15:14:07.4355340Z 
2026-03-10T15:14:07.4355800Z test result: ok. 12 passed; 0 failed; 0 ignored; 0 measured; 0 filtered out; finished in 12.87s
2026-03-10T15:14:07.4383990Z 
2026-03-10T15:14:07.4462590Z [1m[92m     Running[0m tests/image_blending.rs (target/debug/deps/image_blending-482560ac49c81faf)
2026-03-10T15:14:07.4861260Z 
2026-03-10T15:14:07.4862650Z running 1 test
2026-03-10T15:14:08.4501530Z test test_image_blending ... ok
2026-03-10T15:14:08.4601020Z [1m[92m     Running[0m tests/misc.rs (target/debug/deps/misc-8d73905a7c1b5470)
2026-03-10T15:14:08.4601350Z 
2026-03-10T15:14:08.4705390Z test result: ok. 1 passed; 0 failed; 0 ignored; 0 measured; 0 filtered out; finished in 0.96s
2026-03-10T15:14:08.4784940Z 
2026-03-10T15:14:08.4938700Z 
2026-03-10T15:14:08.4939070Z running 3 tests
2026-03-10T15:14:08.6828970Z test test_text_selection ... ok
2026-03-10T15:14:08.7777970Z test test_kerning ... ok
2026-03-10T15:14:08.8109390Z test test_italics ... ok
2026-03-10T15:14:08.8110350Z 
2026-03-10T15:14:08.8111500Z test result: ok. 3 passed; 0 failed; 0 ignored; 0 measured; 0 filtered out; finished in 0.32s
2026-03-10T15:14:08.8111930Z 
2026-03-10T15:14:08.8135790Z [1m[92m     Running[0m unittests src/lib.rs (target/debug/deps/egui_extras-d5232cea5e440bb9)
2026-03-10T15:14:08.8517940Z 
2026-03-10T15:14:08.8519210Z running 3 tests
2026-03-10T15:14:08.8520490Z test loaders::svg_loader::tests::check_support ... ok
2026-03-10T15:14:08.8521420Z test loaders::image_loader::tests::check_support ... ok
2026-03-10T15:14:08.8522500Z test sizing::test_sizing ... ok
2026-03-10T15:14:08.8522820Z 
2026-03-10T15:14:08.8523350Z test result: ok. 3 passed; 0 failed; 0 ignored; 0 measured; 0 filtered out; finished in 0.00s
2026-03-10T15:14:08.8524230Z 
2026-03-10T15:14:08.8526220Z [1m[92m     Running[0m unittests src/lib.rs (target/debug/deps/egui_glow-ca9ed242e08000fa)
2026-03-10T15:14:08.8637870Z 
2026-03-10T15:14:08.8638160Z running 1 test
2026-03-10T15:14:08.8644760Z test shader_version::test_shader_version ... ok
2026-03-10T15:14:08.8645120Z 
2026-03-10T15:14:08.8645320Z test result: ok. 1 passed; 0 failed; 0 ignored; 0 measured; 0 filtered out; finished in 0.00s
2026-03-10T15:14:08.8645710Z 
2026-03-10T15:14:08.8649460Z [1m[92m     Running[0m unittests src/lib.rs (target/debug/deps/egui_kittest-c4f51f5df4fd94f9)
2026-03-10T15:14:08.8792070Z 
2026-03-10T15:14:08.8792600Z running 0 tests
2026-03-10T15:14:08.8793260Z 
2026-03-10T15:14:08.8793980Z test result: ok. 0 passed; 0 failed; 0 ignored; 0 measured; 0 filtered out; finished in 0.00s
2026-03-10T15:14:08.8794820Z 
2026-03-10T15:14:08.8796180Z [1m[92m     Running[0m tests/accesskit.rs (target/debug/deps/accesskit-d05f37cc7fc864ac)
2026-03-10T15:14:08.8909150Z 
2026-03-10T15:14:08.8910130Z running 6 tests
2026-03-10T15:14:08.9060590Z test empty_ui_should_return_tree_with_only_root_window ... ok
2026-03-10T15:14:08.9083800Z test button_node ... ok
2026-03-10T15:14:08.9085080Z test multiple_disabled_widgets ... ok
2026-03-10T15:14:08.9085890Z test disabled_button_node ... ok
2026-03-10T15:14:08.9088950Z test toggle_button_node ... ok
2026-03-10T15:14:08.9100870Z test window_children ... ok
2026-03-10T15:14:08.9101470Z 
2026-03-10T15:14:08.9102450Z test result: ok. 6 passed; 0 failed; 0 ignored; 0 measured; 0 filtered out; finished in 0.02s
2026-03-10T15:14:08.9103370Z 
2026-03-10T15:14:08.9104550Z [1m[92m     Running[0m tests/menu.rs (target/debug/deps/menu-9e48649b95ce94ee)
2026-03-10T15:14:08.9298170Z 
2026-03-10T15:14:08.9301240Z running 4 tests
2026-03-10T15:14:09.8402180Z test clicking_submenu_button_should_never_close_menu ... ok
2026-03-10T15:14:09.8580610Z test menu_close_on_click_outside ... ok
2026-03-10T15:14:09.8925360Z test menu_close_on_click ... ok
2026-03-10T15:14:10.7867020Z test menu_snapshots ... ok
2026-03-10T15:14:10.7976010Z 
2026-03-10T15:14:10.8084590Z [1m[92m     Running[0m tests/popup.rs (target/debug/deps/popup-33f9543902d104aa)
2026-03-10T15:14:10.8085270Z test result: ok. 4 passed; 0 failed; 0 ignored; 0 measured; 0 filtered out; finished in 1.86s
2026-03-10T15:14:10.8193990Z 
2026-03-10T15:14:10.9062990Z 
2026-03-10T15:14:10.9160440Z running 1 test
2026-03-10T15:14:10.9898320Z test test_interactive_tooltip ... ok
2026-03-10T15:14:10.9900120Z [1m[92m     Running[0m tests/regression_tests.rs (target/debug/deps/regression_tests-ab7036e59b85c4fa)
2026-03-10T15:14:10.9901800Z 
2026-03-10T15:14:10.9902360Z test result: ok. 1 passed; 0 failed; 0 ignored; 0 measured; 0 filtered out; finished in 0.09s
2026-03-10T15:14:10.9902810Z 
2026-03-10T15:14:11.0662000Z 
2026-03-10T15:14:11.0671420Z running 7 tests
2026-03-10T15:14:11.1250420Z test focus_should_skip_over_disabled_drag_values ... ok
2026-03-10T15:14:11.1272340Z test focus_should_skip_over_disabled_buttons ... ok
2026-03-10T15:14:11.1577140Z test menus_should_close_even_if_submenu_disappears ... ok
2026-03-10T15:14:11.1582860Z test slider_should_move_with_fixed_decimals ... ok
2026-03-10T15:14:11.3806530Z test image_failed ... ok
2026-03-10T15:14:11.4326540Z test test_combobox ... ok
2026-03-10T15:14:11.4382650Z [1m[92m     Running[0m tests/tests.rs (target/debug/deps/tests-6b4b5b85bf31b277)
2026-03-10T15:14:11.4383180Z test override_text_color_affects_interactive_widgets ... ok
2026-03-10T15:14:11.4384850Z 
2026-03-10T15:14:11.4385250Z test result: ok. 7 passed; 0 failed; 0 ignored; 0 measured; 0 filtered out; finished in 0.37s
2026-03-10T15:14:11.4385780Z 
2026-03-10T15:14:11.4770930Z 
2026-03-10T15:14:11.4772030Z running 8 tests
2026-03-10T15:14:11.5163050Z test test_modifiers ... ok
2026-03-10T15:14:11.6447270Z test test_masking ... ok
2026-03-10T15:14:11.6559340Z test test_scroll_down ... ok
2026-03-10T15:14:11.6674110Z test test_remove_cursor ... ok
2026-03-10T15:14:11.7169560Z test test_shrink ... ok
2026-03-10T15:14:11.7374900Z test test_scroll_to_me ... ok
2026-03-10T15:14:11.7644790Z test test_tooltip ... ok
2026-03-10T15:14:12.5481430Z test should_wait_for_images ... ok
2026-03-10T15:14:12.5482830Z [1m[92m     Running[0m tests/regression_tests.rs (target/debug/deps/regression_tests-b36b02ae0120722e)
2026-03-10T15:14:12.5543040Z 
2026-03-10T15:14:12.5557300Z test result: ok. 8 passed; 0 failed; 0 ignored; 0 measured; 0 filtered out; finished in 1.06s
2026-03-10T15:14:12.5557770Z 
2026-03-10T15:14:12.5947390Z 
2026-03-10T15:14:12.5948010Z running 6 tests
2026-03-10T15:14:12.6370690Z test image_button_should_have_alt_text ... ok
2026-03-10T15:14:12.6378660Z test combobox_should_have_value ... ok
2026-03-10T15:14:12.6504170Z test interact_on_ui_response_should_be_stable ... ok
2026-03-10T15:14:12.7306630Z test hovering_should_preserve_text_format ... ok
2026-03-10T15:14:12.7421550Z test text_edit_halign ... FAILED
2026-03-10T15:14:12.7790140Z test text_edit_rtl ... ok
2026-03-10T15:14:12.7793580Z 
2026-03-10T15:14:12.7793760Z failures:
2026-03-10T15:14:12.7793840Z 
2026-03-10T15:14:12.7794050Z ---- text_edit_halign stdout ----
2026-03-10T15:14:12.7794240Z 
2026-03-10T15:14:12.7794700Z thread 'text_edit_halign' (44455) panicked at /rustc/ded5c06cf21d2b93bffd5d884aa6e96934ee4234/library/core/src/ptr/mod.rs:805:1:
2026-03-10T15:14:12.7795260Z Snapshot errors:
2026-03-10T15:14:12.7796570Z   Missing snapshot: /Users/runner/work/egui/egui/tests/egui_tests/tests/snapshots/text_edit_halign.png. Run `UPDATE_SNAPSHOTS=1 cargo test --all-features` to update the snapshots.
2026-03-10T15:14:12.7798160Z 
2026-03-10T15:14:12.7798440Z note: run with `RUST_BACKTRACE=1` environment variable to display a backtrace
2026-03-10T15:14:12.7798700Z 
2026-03-10T15:14:12.7799670Z 
2026-03-10T15:14:12.7799830Z failures:
2026-03-10T15:14:12.7800080Z     text_edit_halign
2026-03-10T15:14:12.7800230Z 
2026-03-10T15:14:12.7800500Z test result: FAILED. 5 passed; 1 failed; 0 ignored; 0 measured; 0 filtered out; finished in 0.18s
2026-03-10T15:14:12.7800780Z 
2026-03-10T15:14:12.7808220Z [1m[91merror[0m: test failed, to rerun pass `-p egui_tests --test regression_tests`
2026-03-10T15:14:12.8140620Z ##[error]Process completed with exit code 101.
2026-03-10T15:14:12.8265460Z ##[group]Run actions/upload-artifact@v4
2026-03-10T15:14:12.8265780Z with:
2026-03-10T15:14:12.8266000Z   name: test-results
2026-03-10T15:14:12.8266210Z   path: **/tests/snapshots
2026-03-10T15:14:12.8266410Z   if-no-files-found: warn
2026-03-10T15:14:12.8267040Z   compression-level: 6
2026-03-10T15:14:12.8267270Z   overwrite: false
2026-03-10T15:14:12.8267500Z   include-hidden-files: false
2026-03-10T15:14:12.8267750Z env:
2026-03-10T15:14:12.8267900Z   RUSTFLAGS: -D warnings
2026-03-10T15:14:12.8268160Z   RUSTDOCFLAGS: -D warnings
2026-03-10T15:14:12.8268360Z   NIGHTLY_VERSION: nightly-2025-09-16
2026-03-10T15:14:12.8268650Z   CARGO_HOME: /Users/runner/.cargo
2026-03-10T15:14:12.8268880Z   CARGO_INCREMENTAL: 0
2026-03-10T15:14:12.8269070Z   CARGO_TERM_COLOR: always
2026-03-10T15:14:12.8269320Z   CACHE_ON_FAILURE: false
2026-03-10T15:14:12.8269500Z ##[endgroup]
2026-03-10T15:14:13.4178050Z With the provided path, there will be 163 files uploaded
2026-03-10T15:14:13.4178480Z Artifact name is valid!
2026-03-10T15:14:13.4178720Z Root directory input is valid!
2026-03-10T15:14:13.6302130Z Beginning upload of artifact content to blob storage
2026-03-10T15:14:14.9561630Z Uploaded bytes 8388608
2026-03-10T15:14:15.0590060Z Uploaded bytes 9365058
2026-03-10T15:14:15.1190960Z Finished uploading artifact content to blob storage!
2026-03-10T15:14:15.1207600Z SHA256 digest of uploaded artifact zip is e44231c45e4c0cf6cc40282f90e258ae14b980dc4c7c2cf5309b4b6248fb4dd0
2026-03-10T15:14:15.1213000Z Finalizing artifact upload
2026-03-10T15:14:15.4011470Z Artifact test-results.zip successfully finalized. Artifact ID 5852162293
2026-03-10T15:14:15.4012230Z Artifact test-results has been successfully uploaded! Final size is 9365058 bytes. Artifact ID is 5852162293
2026-03-10T15:14:15.4013320Z Artifact download URL: https://github.com/emilk/egui/actions/runs/22909509493/artifacts/5852162293
2026-03-10T15:14:15.4134720Z Post job cleanup.
2026-03-10T15:14:15.5840870Z [command]/opt/homebrew/bin/git version
2026-03-10T15:14:15.6219200Z git version 2.53.0
2026-03-10T15:14:15.6264950Z Copying '/Users/runner/.gitconfig' to '/Users/runner/work/_temp/c1b9356e-c8a6-46bf-90dd-1284bd14553a/.gitconfig'
2026-03-10T15:14:15.6283770Z Temporarily overriding HOME='/Users/runner/work/_temp/c1b9356e-c8a6-46bf-90dd-1284bd14553a' before making global git config changes
2026-03-10T15:14:15.6284690Z Adding repository directory to the temporary git global config as a safe directory
2026-03-10T15:14:15.6287320Z [command]/opt/homebrew/bin/git config --global --add safe.directory /Users/runner/work/egui/egui
2026-03-10T15:14:15.6407470Z [command]/opt/homebrew/bin/git config --local --name-only --get-regexp core\.sshCommand
2026-03-10T15:14:15.6485960Z [command]/opt/homebrew/bin/git submodule foreach --recursive sh -c "git config --local --name-only --get-regexp 'core\.sshCommand' && git config --local --unset-all 'core.sshCommand' || :"
2026-03-10T15:14:15.7974300Z [command]/opt/homebrew/bin/git config --local --name-only --get-regexp http\.https\:\/\/github\.com\/\.extraheader
2026-03-10T15:14:15.8040020Z http.https://github.com/.extraheader
2026-03-10T15:14:15.8051090Z [command]/opt/homebrew/bin/git config --local --unset-all http.https://github.com/.extraheader
2026-03-10T15:14:15.8147450Z [command]/opt/homebrew/bin/git submodule foreach --recursive sh -c "git config --local --name-only --get-regexp 'http\.https\:\/\/github\.com\/\.extraheader' && git config --local --unset-all 'http.https://github.com/.extraheader' || :"
2026-03-10T15:14:15.9919030Z [command]/opt/homebrew/bin/git config --local --name-only --get-regexp ^includeIf\.gitdir:
2026-03-10T15:14:16.0222690Z [command]/opt/homebrew/bin/git submodule foreach --recursive git config --local --show-origin --name-only --get-regexp remote.origin.url
2026-03-10T15:14:16.2273390Z Cleaning up orphan processes
