2026-03-12T13:41:21.2673208Z Current runner version: '2.332.0'
2026-03-12T13:41:21.2704708Z ##[group]Runner Image Provisioner
2026-03-12T13:41:21.2705940Z Hosted Compute Agent
2026-03-12T13:41:21.2707119Z Version: 20260213.493
2026-03-12T13:41:21.2708250Z Commit: 5c115507f6dd24b8de37d8bbe0bb4509d0cc0fa3
2026-03-12T13:41:21.2709430Z Build Date: 2026-02-13T00:28:41Z
2026-03-12T13:41:21.2710626Z Worker ID: {5c61ef39-213d-4276-a37c-53b47960e678}
2026-03-12T13:41:21.2711835Z Azure Region: eastus2
2026-03-12T13:41:21.2712774Z ##[endgroup]
2026-03-12T13:41:21.2715303Z ##[group]Operating System
2026-03-12T13:41:21.2716636Z Ubuntu
2026-03-12T13:41:21.2717462Z 24.04.3
2026-03-12T13:41:21.2718319Z LTS
2026-03-12T13:41:21.2719153Z ##[endgroup]
2026-03-12T13:41:21.2720070Z ##[group]Runner Image
2026-03-12T13:41:21.2721046Z Image: ubuntu-24.04
2026-03-12T13:41:21.2721957Z Version: 20260309.50.1
2026-03-12T13:41:21.2723947Z Included Software: https://github.com/actions/runner-images/blob/ubuntu24/20260309.50/images/ubuntu/Ubuntu2404-Readme.md
2026-03-12T13:41:21.2726885Z Image Release: https://github.com/actions/runner-images/releases/tag/ubuntu24%2F20260309.50
2026-03-12T13:41:21.2728455Z ##[endgroup]
2026-03-12T13:41:21.2733030Z ##[group]GITHUB_TOKEN Permissions
2026-03-12T13:41:21.2736619Z Actions: write
2026-03-12T13:41:21.2737615Z ArtifactMetadata: write
2026-03-12T13:41:21.2738698Z Attestations: write
2026-03-12T13:41:21.2739547Z Checks: write
2026-03-12T13:41:21.2740440Z Contents: write
2026-03-12T13:41:21.2741263Z Deployments: write
2026-03-12T13:41:21.2742315Z Discussions: write
2026-03-12T13:41:21.2743231Z Issues: write
2026-03-12T13:41:21.2744031Z Metadata: read
2026-03-12T13:41:21.2745033Z Models: read
2026-03-12T13:41:21.2745928Z Packages: write
2026-03-12T13:41:21.2747065Z Pages: write
2026-03-12T13:41:21.2748127Z PullRequests: write
2026-03-12T13:41:21.2749099Z RepositoryProjects: write
2026-03-12T13:41:21.2750019Z SecurityEvents: write
2026-03-12T13:41:21.2751128Z Statuses: write
2026-03-12T13:41:21.2751939Z ##[endgroup]
2026-03-12T13:41:21.2754638Z Secret source: Actions
2026-03-12T13:41:21.2756248Z Prepare workflow directory
2026-03-12T13:41:21.3210894Z Prepare all required actions
2026-03-12T13:41:21.3265351Z Getting action download info
2026-03-12T13:41:21.6933032Z Download action repository 'actions/checkout@v4' (SHA:34e114876b0b11c390a56381ad16ebd13914f8d5)
2026-03-12T13:41:21.8210711Z Download action repository 'actions/setup-go@v5' (SHA:40f1582b2485089dde7abd97c1529aa768e1baff)
2026-03-12T13:41:22.0958141Z Download action repository 'actions/cache@v4' (SHA:0057852bfaa89a56745cba8c7296529d2fc39830)
2026-03-12T13:41:22.2904562Z Complete job name: unit (1.23)
2026-03-12T13:41:22.3653210Z ##[group]Run actions/checkout@v4
2026-03-12T13:41:22.3654111Z with:
2026-03-12T13:41:22.3654542Z   repository: ent/ent
2026-03-12T13:41:22.3655172Z   token: ***
2026-03-12T13:41:22.3655585Z   ssh-strict: true
2026-03-12T13:41:22.3656015Z   ssh-user: git
2026-03-12T13:41:22.3656708Z   persist-credentials: true
2026-03-12T13:41:22.3657202Z   clean: true
2026-03-12T13:41:22.3657663Z   sparse-checkout-cone-mode: true
2026-03-12T13:41:22.3658183Z   fetch-depth: 1
2026-03-12T13:41:22.3658598Z   fetch-tags: false
2026-03-12T13:41:22.3659055Z   show-progress: true
2026-03-12T13:41:22.3659486Z   lfs: false
2026-03-12T13:41:22.3659883Z   submodules: false
2026-03-12T13:41:22.3660316Z   set-safe-directory: true
2026-03-12T13:41:22.3661065Z ##[endgroup]
2026-03-12T13:41:22.4755665Z Syncing repository: ent/ent
2026-03-12T13:41:22.4757723Z ##[group]Getting Git version info
2026-03-12T13:41:22.4758405Z Working directory is '/home/runner/work/ent/ent'
2026-03-12T13:41:22.4759438Z [command]/usr/bin/git version
2026-03-12T13:41:22.4848604Z git version 2.53.0
2026-03-12T13:41:22.4874448Z ##[endgroup]
2026-03-12T13:41:22.4888898Z Temporarily overriding HOME='/home/runner/work/_temp/19ae0a97-db77-438e-981f-0854875b4003' before making global git config changes
2026-03-12T13:41:22.4890350Z Adding repository directory to the temporary git global config as a safe directory
2026-03-12T13:41:22.4893918Z [command]/usr/bin/git config --global --add safe.directory /home/runner/work/ent/ent
2026-03-12T13:41:22.4934125Z Deleting the contents of '/home/runner/work/ent/ent'
2026-03-12T13:41:22.4937945Z ##[group]Initializing the repository
2026-03-12T13:41:22.4941952Z [command]/usr/bin/git init /home/runner/work/ent/ent
2026-03-12T13:41:22.5059562Z hint: Using 'master' as the name for the initial branch. This default branch name
2026-03-12T13:41:22.5060830Z hint: will change to "main" in Git 3.0. To configure the initial branch name
2026-03-12T13:41:22.5061787Z hint: to use in all of your new repositories, which will suppress this warning,
2026-03-12T13:41:22.5062645Z hint: call:
2026-03-12T13:41:22.5063407Z hint:
2026-03-12T13:41:22.5064281Z hint: 	git config --global init.defaultBranch <name>
2026-03-12T13:41:22.5065173Z hint:
2026-03-12T13:41:22.5066492Z hint: Names commonly chosen instead of 'master' are 'main', 'trunk' and
2026-03-12T13:41:22.5068399Z hint: 'development'. The just-created branch can be renamed via this command:
2026-03-12T13:41:22.5069917Z hint:
2026-03-12T13:41:22.5070734Z hint: 	git branch -m <name>
2026-03-12T13:41:22.5071665Z hint:
2026-03-12T13:41:22.5072784Z hint: Disable this message with "git config set advice.defaultBranchName false"
2026-03-12T13:41:22.5074609Z Initialized empty Git repository in /home/runner/work/ent/ent/.git/
2026-03-12T13:41:22.5078306Z [command]/usr/bin/git remote add origin https://github.com/ent/ent
2026-03-12T13:41:22.5113967Z ##[endgroup]
2026-03-12T13:41:22.5115293Z ##[group]Disabling automatic garbage collection
2026-03-12T13:41:22.5119338Z [command]/usr/bin/git config --local gc.auto 0
2026-03-12T13:41:22.5149373Z ##[endgroup]
2026-03-12T13:41:22.5150770Z ##[group]Setting up auth
2026-03-12T13:41:22.5157225Z [command]/usr/bin/git config --local --name-only --get-regexp core\.sshCommand
2026-03-12T13:41:22.5190311Z [command]/usr/bin/git submodule foreach --recursive sh -c "git config --local --name-only --get-regexp 'core\.sshCommand' && git config --local --unset-all 'core.sshCommand' || :"
2026-03-12T13:41:22.5556199Z [command]/usr/bin/git config --local --name-only --get-regexp http\.https\:\/\/github\.com\/\.extraheader
2026-03-12T13:41:22.5586711Z [command]/usr/bin/git submodule foreach --recursive sh -c "git config --local --name-only --get-regexp 'http\.https\:\/\/github\.com\/\.extraheader' && git config --local --unset-all 'http.https://github.com/.extraheader' || :"
2026-03-12T13:41:22.5816059Z [command]/usr/bin/git config --local --name-only --get-regexp ^includeIf\.gitdir:
2026-03-12T13:41:22.5856990Z [command]/usr/bin/git submodule foreach --recursive git config --local --show-origin --name-only --get-regexp remote.origin.url
2026-03-12T13:41:22.6092174Z [command]/usr/bin/git config --local http.https://github.com/.extraheader AUTHORIZATION: basic ***
2026-03-12T13:41:22.6127010Z ##[endgroup]
2026-03-12T13:41:22.6128487Z ##[group]Fetching the repository
2026-03-12T13:41:22.6137109Z [command]/usr/bin/git -c protocol.version=2 fetch --no-tags --prune --no-recurse-submodules --depth=1 origin +c1bd3c58283b90d092de5133be892ebeb2f8baee:refs/remotes/pull/4490/merge
2026-03-12T13:41:23.5622076Z From https://github.com/ent/ent
2026-03-12T13:41:23.5624150Z  * [new ref]         c1bd3c58283b90d092de5133be892ebeb2f8baee -> pull/4490/merge
2026-03-12T13:41:23.5663380Z ##[endgroup]
2026-03-12T13:41:23.5665434Z ##[group]Determining the checkout info
2026-03-12T13:41:23.5667844Z ##[endgroup]
2026-03-12T13:41:23.5672287Z [command]/usr/bin/git sparse-checkout disable
2026-03-12T13:41:23.5719234Z [command]/usr/bin/git config --local --unset-all extensions.worktreeConfig
2026-03-12T13:41:23.5750230Z ##[group]Checking out the ref
2026-03-12T13:41:23.5754954Z [command]/usr/bin/git checkout --progress --force refs/remotes/pull/4490/merge
2026-03-12T13:41:23.7426789Z Note: switching to 'refs/remotes/pull/4490/merge'.
2026-03-12T13:41:23.7427962Z 
2026-03-12T13:41:23.7428726Z You are in 'detached HEAD' state. You can look around, make experimental
2026-03-12T13:41:23.7431119Z changes and commit them, and you can discard any commits you make in this
2026-03-12T13:41:23.7433223Z state without impacting any branches by switching back to a branch.
2026-03-12T13:41:23.7434474Z 
2026-03-12T13:41:23.7435304Z If you want to create a new branch to retain commits you create, you may
2026-03-12T13:41:23.7437635Z do so (now or later) by using -c with the switch command. Example:
2026-03-12T13:41:23.7438835Z 
2026-03-12T13:41:23.7439287Z   git switch -c <new-branch-name>
2026-03-12T13:41:23.7440068Z 
2026-03-12T13:41:23.7440658Z Or undo this operation with:
2026-03-12T13:41:23.7441474Z 
2026-03-12T13:41:23.7441905Z   git switch -
2026-03-12T13:41:23.7442488Z 
2026-03-12T13:41:23.7443485Z Turn off this advice by setting config variable advice.detachedHead to false
2026-03-12T13:41:23.7444901Z 
2026-03-12T13:41:23.7447009Z HEAD is now at c1bd3c5 Merge 74084263ef557e19d9bbf93e74061868a9ec3bac into ab0540611e1595fd5df5f6eb864a3a8ae4acfd58
2026-03-12T13:41:23.7451613Z ##[endgroup]
2026-03-12T13:41:23.7485049Z [command]/usr/bin/git log -1 --format=%H
2026-03-12T13:41:23.7510349Z c1bd3c58283b90d092de5133be892ebeb2f8baee
2026-03-12T13:41:23.7819487Z ##[group]Run actions/setup-go@v5
2026-03-12T13:41:23.7820531Z with:
2026-03-12T13:41:23.7821305Z   go-version: 1.23
2026-03-12T13:41:23.7822174Z   check-latest: false
2026-03-12T13:41:23.7823358Z   token: ***
2026-03-12T13:41:23.7824135Z   cache: true
2026-03-12T13:41:23.7824922Z ##[endgroup]
2026-03-12T13:41:23.9453785Z Setup go version spec 1.23
2026-03-12T13:41:23.9548530Z Found in cache @ /opt/hostedtoolcache/go/1.23.12/x64
2026-03-12T13:41:23.9549819Z Added go to the path
2026-03-12T13:41:23.9550724Z Successfully set up Go version 1.23
2026-03-12T13:41:29.2693825Z go: downloading go1.24.0 (linux/amd64)
2026-03-12T13:41:29.2858213Z [command]/opt/hostedtoolcache/go/1.23.12/x64/bin/go env GOMODCACHE
2026-03-12T13:41:29.2891069Z [command]/opt/hostedtoolcache/go/1.23.12/x64/bin/go env GOCACHE
2026-03-12T13:41:29.2948999Z /home/runner/go/pkg/mod
2026-03-12T13:41:29.2984139Z /home/runner/.cache/go-build
2026-03-12T13:41:29.4041854Z Cache is not found
2026-03-12T13:41:29.4064422Z go version go1.24.0 linux/amd64
2026-03-12T13:41:29.4064638Z 
2026-03-12T13:41:29.4064947Z ##[group]go env
2026-03-12T13:41:29.5455184Z AR='ar'
2026-03-12T13:41:29.5455568Z CC='gcc'
2026-03-12T13:41:29.5455848Z CGO_CFLAGS='-O2 -g'
2026-03-12T13:41:29.5456081Z CGO_CPPFLAGS=''
2026-03-12T13:41:29.5456546Z CGO_CXXFLAGS='-O2 -g'
2026-03-12T13:41:29.5456827Z CGO_ENABLED='1'
2026-03-12T13:41:29.5457041Z CGO_FFLAGS='-O2 -g'
2026-03-12T13:41:29.5457251Z CGO_LDFLAGS='-O2 -g'
2026-03-12T13:41:29.5457446Z CXX='g++'
2026-03-12T13:41:29.5457628Z GCCGO='gccgo'
2026-03-12T13:41:29.5457808Z GO111MODULE=''
2026-03-12T13:41:29.5457991Z GOAMD64='v1'
2026-03-12T13:41:29.5458169Z GOARCH='amd64'
2026-03-12T13:41:29.5458348Z GOAUTH='netrc'
2026-03-12T13:41:29.5458538Z GOBIN=''
2026-03-12T13:41:29.5458744Z GOCACHE='/home/runner/.cache/go-build'
2026-03-12T13:41:29.5459018Z GOCACHEPROG=''
2026-03-12T13:41:29.5459233Z GODEBUG=''
2026-03-12T13:41:29.5459432Z GOENV='/home/runner/.config/go/env'
2026-03-12T13:41:29.5459661Z GOEXE=''
2026-03-12T13:41:29.5459878Z GOEXPERIMENT=''
2026-03-12T13:41:29.5460078Z GOFIPS140='off'
2026-03-12T13:41:29.5460312Z GOFLAGS=''
2026-03-12T13:41:29.5460959Z GOGCCFLAGS='-fPIC -m64 -pthread -Wl,--no-gc-sections -fmessage-length=0 -ffile-prefix-map=/tmp/go-build1330846981=/tmp/go-build -gno-record-gcc-switches'
2026-03-12T13:41:29.5461611Z GOHOSTARCH='amd64'
2026-03-12T13:41:29.5461808Z GOHOSTOS='linux'
2026-03-12T13:41:29.5461992Z GOINSECURE=''
2026-03-12T13:41:29.5462210Z GOMOD='/home/runner/work/ent/ent/go.mod'
2026-03-12T13:41:29.5462487Z GOMODCACHE='/home/runner/go/pkg/mod'
2026-03-12T13:41:29.5462736Z GONOPROXY=''
2026-03-12T13:41:29.5462911Z GONOSUMDB=''
2026-03-12T13:41:29.5463087Z GOOS='linux'
2026-03-12T13:41:29.5463344Z GOPATH='/home/runner/go'
2026-03-12T13:41:29.5463553Z GOPRIVATE=''
2026-03-12T13:41:29.5463810Z GOPROXY='https://proxy.golang.org,direct'
2026-03-12T13:41:29.5464501Z GOROOT='/home/runner/go/pkg/mod/golang.org/toolchain@v0.0.1-go1.24.0.linux-amd64'
2026-03-12T13:41:29.5465032Z GOSUMDB='sum.golang.org'
2026-03-12T13:41:29.5465351Z GOTELEMETRY='local'
2026-03-12T13:41:29.5465688Z GOTELEMETRYDIR='/home/runner/.config/go/telemetry'
2026-03-12T13:41:29.5466061Z GOTMPDIR=''
2026-03-12T13:41:29.5466533Z GOTOOLCHAIN='auto'
2026-03-12T13:41:29.5467209Z GOTOOLDIR='/home/runner/go/pkg/mod/golang.org/toolchain@v0.0.1-go1.24.0.linux-amd64/pkg/tool/linux_amd64'
2026-03-12T13:41:29.5467716Z GOVCS=''
2026-03-12T13:41:29.5467929Z GOVERSION='go1.24.0'
2026-03-12T13:41:29.5468124Z GOWORK=''
2026-03-12T13:41:29.5468338Z PKG_CONFIG='pkg-config'
2026-03-12T13:41:29.5468480Z 
2026-03-12T13:41:29.5468889Z ##[endgroup]
2026-03-12T13:41:29.8820126Z ##[group]Run actions/cache@v4
2026-03-12T13:41:29.8820393Z with:
2026-03-12T13:41:29.8820576Z   path: ~/go/pkg/mod
2026-03-12T13:41:29.8820940Z   key: Linux-go-8f017940c51eb7eca0816dc4c2af07eb0d6e9eb83718edb29b2a6972454fb23f
2026-03-12T13:41:29.8821379Z   restore-keys: Linux-go-

2026-03-12T13:41:29.8821610Z   enableCrossOsArchive: false
2026-03-12T13:41:29.8821846Z   fail-on-cache-miss: false
2026-03-12T13:41:29.8822063Z   lookup-only: false
2026-03-12T13:41:29.8822263Z   save-always: false
2026-03-12T13:41:29.8822452Z ##[endgroup]
2026-03-12T13:41:30.1047619Z Cache not found for input keys: Linux-go-8f017940c51eb7eca0816dc4c2af07eb0d6e9eb83718edb29b2a6972454fb23f, Linux-go-
2026-03-12T13:41:30.1128728Z ##[group]Run go test -race ./...
2026-03-12T13:41:30.1129064Z [36;1mgo test -race ./...[0m
2026-03-12T13:41:30.1183041Z shell: /usr/bin/bash -e {0}
2026-03-12T13:41:30.1183303Z ##[endgroup]
2026-03-12T13:41:30.1378294Z go: downloading github.com/olekukonko/tablewriter v1.1.3
2026-03-12T13:41:30.1398515Z go: downloading github.com/stretchr/testify v1.8.4
2026-03-12T13:41:30.1423422Z go: downloading github.com/spf13/cobra v1.7.0
2026-03-12T13:41:30.2276696Z go: downloading golang.org/x/tools v0.30.0
2026-03-12T13:41:30.2547653Z go: downloading ariga.io/atlas v0.36.2-0.20250730182955-2c6300d0a3e1
2026-03-12T13:41:30.2611845Z go: downloading github.com/go-openapi/inflect v0.19.0
2026-03-12T13:41:30.2820869Z go: downloading golang.org/x/sync v0.11.0
2026-03-12T13:41:30.5803449Z go: downloading github.com/davecgh/go-spew v1.1.1
2026-03-12T13:41:30.5807121Z go: downloading github.com/pmezard/go-difflib v1.0.0
2026-03-12T13:41:30.5900688Z go: downloading gopkg.in/yaml.v3 v3.0.1
2026-03-12T13:41:30.8123282Z go: downloading github.com/spf13/pflag v1.0.5
2026-03-12T13:41:30.8127304Z go: downloading github.com/mattn/go-runewidth v0.0.19
2026-03-12T13:41:30.8132705Z go: downloading github.com/olekukonko/errors v1.1.0
2026-03-12T13:41:30.8133497Z go: downloading github.com/olekukonko/ll v0.1.4-0.20260115111900-9e59c2286df0
2026-03-12T13:41:30.8494536Z go: downloading github.com/google/uuid v1.3.0
2026-03-12T13:41:30.8652626Z go: downloading github.com/hashicorp/hcl/v2 v2.18.1
2026-03-12T13:41:30.8663072Z go: downloading github.com/zclconf/go-cty v1.14.4
2026-03-12T13:41:30.8716136Z go: downloading github.com/clipperhouse/uax29/v2 v2.3.0
2026-03-12T13:41:30.8782750Z go: downloading github.com/clipperhouse/displaywidth v0.6.2
2026-03-12T13:41:30.9068066Z go: downloading github.com/fatih/color v1.18.0
2026-03-12T13:41:30.9361076Z go: downloading github.com/olekukonko/cat v0.0.0-20250911104152-50322a0618f6
2026-03-12T13:41:30.9411032Z go: downloading golang.org/x/mod v0.24.0
2026-03-12T13:41:30.9912060Z go: downloading github.com/bmatcuk/doublestar v1.3.4
2026-03-12T13:41:30.9917069Z go: downloading github.com/zclconf/go-cty-yaml v1.1.0
2026-03-12T13:41:30.9970360Z go: downloading github.com/clipperhouse/stringish v0.1.1
2026-03-12T13:41:30.9990982Z go: downloading github.com/mattn/go-colorable v0.1.14
2026-03-12T13:41:31.0137063Z go: downloading github.com/mattn/go-isatty v0.0.20
2026-03-12T13:41:31.0254593Z go: downloading github.com/agext/levenshtein v1.2.3
2026-03-12T13:41:31.0266826Z go: downloading github.com/apparentlymart/go-textseg/v15 v15.0.0
2026-03-12T13:41:31.0360362Z go: downloading github.com/mitchellh/go-wordwrap v1.0.1
2026-03-12T13:41:31.0435890Z go: downloading github.com/google/go-cmp v0.6.0
2026-03-12T13:41:31.0556717Z go: downloading golang.org/x/text v0.21.0
2026-03-12T13:41:31.0605022Z go: downloading golang.org/x/sys v0.30.0
2026-03-12T13:42:37.6430778Z ok  	entgo.io/ent/cmd/ent	37.403s
2026-03-12T13:42:37.6431113Z ok  	entgo.io/ent/cmd/entc	37.328s
2026-03-12T13:42:37.6431614Z ok  	entgo.io/ent/cmd/internal/base	7.587s
2026-03-12T13:42:37.6432133Z --- FAIL: TestPrinter_Print (0.03s)
2026-03-12T13:42:37.6432880Z     printer_test.go:175: 
2026-03-12T13:42:37.6433996Z         	Error Trace:	/home/runner/work/ent/ent/cmd/internal/printer/printer_test.go:175
2026-03-12T13:42:37.6434837Z         	Error:      	Not equal: 
2026-03-12T13:42:37.6448283Z         	            	expected: "\nUser:\n\t+------------+-----------+--------+----------+----------+---------+---------------+-----------+-----------+------------+---------+\n\t|   Field    |   Type    | Unique | Optional | Nillable | Default | UpdateDefault | Immutable | StructTag | Validators | Comment |\n\t+------------+-----------+--------+----------+----------+---------+---------------+-----------+-----------+------------+---------+\n\t| id         | int       | false  | false    | false    | false   | false         | false     |           |          0 |         |\n\t| name       | string    | false  | false    | false    | false   | false         | false     |           |          1 |         |\n\t| age        | int       | false  | false    | true     | false   | false         | false     |           |          0 |         |\n\t| created_at | time.Time | false  | false    | true     | false   | false         | true      |           |          0 |         |\n\t+------------+-----------+--------+----------+----------+---------+---------------+-----------+-----------+------------+---------+\n\t\n"
2026-03-12T13:42:37.6459848Z         	            	actual  : "\nUser:\n\t+------------+-----------+--------+----------+----------+---------+---------------+-----------+-----------+------------+---------+\n\t| Field      | Type      | Unique | Optional | Nillable | Default | UpdateDefault | Immutable | StructTag | Validators | Comment |\n\t+------------+-----------+--------+----------+----------+---------+---------------+-----------+-----------+------------+---------+\n\t| id         | int       | false  | false    | false    | false   | false         | false     |           |          0 |         |\n\t| name       | string    | false  | false    | false    | false   | false         | false     |           |          1 |         |\n\t| age        | int       | false  | false    | true     | false   | false         | false     |           |          0 |         |\n\t| created_at | time.Time | false  | false    | true     | false   | false         | true      |           |          0 |         |\n\t+------------+-----------+--------+----------+----------+---------+---------------+-----------+-----------+------------+---------+\n\t\n"
2026-03-12T13:42:37.6462622Z         	            	
2026-03-12T13:42:37.6462914Z         	            	Diff:
2026-03-12T13:42:37.6463251Z         	            	--- Expected
2026-03-12T13:42:37.6463590Z         	            	+++ Actual
2026-03-12T13:42:37.6463934Z         	            	@@ -3,3 +3,3 @@
2026-03-12T13:42:37.6465096Z         	            	 	+------------+-----------+--------+----------+----------+---------+---------------+-----------+-----------+------------+---------+
2026-03-12T13:42:37.6466711Z         	            	-	|   Field    |   Type    | Unique | Optional | Nillable | Default | UpdateDefault | Immutable | StructTag | Validators | Comment |
2026-03-12T13:42:37.6468202Z         	            	+	| Field      | Type      | Unique | Optional | Nillable | Default | UpdateDefault | Immutable | StructTag | Validators | Comment |
2026-03-12T13:42:37.6469644Z         	            	 	+------------+-----------+--------+----------+----------+---------+---------------+-----------+-----------+------------+---------+
2026-03-12T13:42:37.6470372Z         	Test:       	TestPrinter_Print
2026-03-12T13:42:37.6470682Z     printer_test.go:175: 
2026-03-12T13:42:37.6471258Z         	Error Trace:	/home/runner/work/ent/ent/cmd/internal/printer/printer_test.go:175
2026-03-12T13:42:37.6471731Z         	Error:      	Not equal: 
2026-03-12T13:42:37.6480170Z         	            	expected: "\nUser:\n\t+-------+------+--------+----------+----------+---------+---------------+-----------+-----------+------------+---------+\n\t| Field | Type | Unique | Optional | Nillable | Default | UpdateDefault | Immutable | StructTag | Validators | Comment |\n\t+-------+------+--------+----------+----------+---------+---------------+-----------+-----------+------------+---------+\n\t| id    | int  | false  | false    | false    | false   | false         | false     |           |          0 |         |\n\t+-------+------+--------+----------+----------+---------+---------------+-----------+-----------+------------+---------+\n\t+--------+-------+---------+---------+----------+--------+----------+---------+\n\t|  Edge  | Type  | Inverse | BackRef | Relation | Unique | Optional | Comment |\n\t+--------+-------+---------+---------+----------+--------+----------+---------+\n\t| groups | Group | false   |         | M2M      | false  | true     |         |\n\t| spouse | User  | false   |         | O2O      | true   | false    |         |\n\t+--------+-------+---------+---------+----------+--------+----------+---------+\n\t\n"
2026-03-12T13:42:37.6491209Z         	            	actual  : "\nUser:\n\t+-------+------+--------+----------+----------+---------+---------------+-----------+-----------+------------+---------+\n\t| Field | Type | Unique | Optional | Nillable | Default | UpdateDefault | Immutable | StructTag | Validators | Comment |\n\t+-------+------+--------+----------+----------+---------+---------------+-----------+-----------+------------+---------+\n\t| id    | int  | false  | false    | false    | false   | false         | false     |           |          0 |         |\n\t+-------+------+--------+----------+----------+---------+---------------+-----------+-----------+------------+---------+\n\t+--------+-------+---------+---------+----------+--------+----------+---------+\n\t| Edge   | Type  | Inverse | BackRef | Relation | Unique | Optional | Comment |\n\t+--------+-------+---------+---------+----------+--------+----------+---------+\n\t| groups | Group | false   |         | M2M      | false  | true     |         |\n\t| spouse | User  | false   |         | O2O      | true   | false    |         |\n\t+--------+-------+---------+---------+----------+--------+----------+---------+\n\t\n"
2026-03-12T13:42:37.6494246Z         	            	
2026-03-12T13:42:37.6494525Z         	            	Diff:
2026-03-12T13:42:37.6494855Z         	            	--- Expected
2026-03-12T13:42:37.6495185Z         	            	+++ Actual
2026-03-12T13:42:37.6495533Z         	            	@@ -8,3 +8,3 @@
2026-03-12T13:42:37.6496515Z         	            	 	+--------+-------+---------+---------+----------+--------+----------+---------+
2026-03-12T13:42:37.6497463Z         	            	-	|  Edge  | Type  | Inverse | BackRef | Relation | Unique | Optional | Comment |
2026-03-12T13:42:37.6498404Z         	            	+	| Edge   | Type  | Inverse | BackRef | Relation | Unique | Optional | Comment |
2026-03-12T13:42:37.6499342Z         	            	 	+--------+-------+---------+---------+----------+--------+----------+---------+
2026-03-12T13:42:37.6499780Z         	Test:       	TestPrinter_Print
2026-03-12T13:42:37.6500080Z     printer_test.go:175: 
2026-03-12T13:42:37.6500639Z         	Error Trace:	/home/runner/work/ent/ent/cmd/internal/printer/printer_test.go:175
2026-03-12T13:42:37.6501139Z         	Error:      	Not equal: 
2026-03-12T13:42:37.6511145Z         	            	expected: "\nUser:\n\t+-------+--------+--------+----------+----------+---------+---------------+-----------+-----------+------------+---------+\n\t| Field |  Type  | Unique | Optional | Nillable | Default | UpdateDefault | Immutable | StructTag | Validators | Comment |\n\t+-------+--------+--------+----------+----------+---------+---------------+-----------+-----------+------------+---------+\n\t| id    | int    | false  | false    | false    | false   | false         | false     |           |          0 |         |\n\t| name  | string | false  | false    | false    | false   | false         | false     |           |          1 |         |\n\t| age   | int    | false  | false    | true     | false   | false         | false     |           |          0 |         |\n\t+-------+--------+--------+----------+----------+---------+---------------+-----------+-----------+------------+---------+\n\t+--------+-------+---------+---------+----------+--------+----------+---------+\n\t|  Edge  | Type  | Inverse | BackRef | Relation | Unique | Optional | Comment |\n\t+--------+-------+---------+---------+----------+--------+----------+---------+\n\t| groups | Group | false   |         | M2M      | false  | true     |         |\n\t| spouse | User  | false   |         | O2O      | true   | false    |         |\n\t+--------+-------+---------+---------+----------+--------+----------+---------+\n\t\n"
2026-03-12T13:42:37.6524647Z         	            	actual  : "\nUser:\n\t+-------+--------+--------+----------+----------+---------+---------------+-----------+-----------+------------+---------+\n\t| Field | Type   | Unique | Optional | Nillable | Default | UpdateDefault | Immutable | StructTag | Validators | Comment |\n\t+-------+--------+--------+----------+----------+---------+---------------+-----------+-----------+------------+---------+\n\t| id    | int    | false  | false    | false    | false   | false         | false     |           |          0 |         |\n\t| name  | string | false  | false    | false    | false   | false         | false     |           |          1 |         |\n\t| age   | int    | false  | false    | true     | false   | false         | false     |           |          0 |         |\n\t+-------+--------+--------+----------+----------+---------+---------------+-----------+-----------+------------+---------+\n\t+--------+-------+---------+---------+----------+--------+----------+---------+\n\t| Edge   | Type  | Inverse | BackRef | Relation | Unique | Optional | Comment |\n\t+--------+-------+---------+---------+----------+--------+----------+---------+\n\t| groups | Group | false   |         | M2M      | false  | true     |         |\n\t| spouse | User  | false   |         | O2O      | true   | false    |         |\n\t+--------+-------+---------+---------+----------+--------+----------+---------+\n\t\n"
2026-03-12T13:42:37.6528360Z         	            	
2026-03-12T13:42:37.6528637Z         	            	Diff:
2026-03-12T13:42:37.6528981Z         	            	--- Expected
2026-03-12T13:42:37.6529313Z         	            	+++ Actual
2026-03-12T13:42:37.6529659Z         	            	@@ -3,3 +3,3 @@
2026-03-12T13:42:37.6530758Z         	            	 	+-------+--------+--------+----------+----------+---------+---------------+-----------+-----------+------------+---------+
2026-03-12T13:42:37.6532163Z         	            	-	| Field |  Type  | Unique | Optional | Nillable | Default | UpdateDefault | Immutable | StructTag | Validators | Comment |
2026-03-12T13:42:37.6533595Z         	            	+	| Field | Type   | Unique | Optional | Nillable | Default | UpdateDefault | Immutable | StructTag | Validators | Comment |
2026-03-12T13:42:37.6534969Z         	            	 	+-------+--------+--------+----------+----------+---------+---------------+-----------+-----------+------------+---------+
2026-03-12T13:42:37.6535544Z         	            	@@ -10,3 +10,3 @@
2026-03-12T13:42:37.6536520Z         	            	 	+--------+-------+---------+---------+----------+--------+----------+---------+
2026-03-12T13:42:37.6537472Z         	            	-	|  Edge  | Type  | Inverse | BackRef | Relation | Unique | Optional | Comment |
2026-03-12T13:42:37.6538412Z         	            	+	| Edge   | Type  | Inverse | BackRef | Relation | Unique | Optional | Comment |
2026-03-12T13:42:37.6539474Z         	            	 	+--------+-------+---------+---------+----------+--------+----------+---------+
2026-03-12T13:42:37.6539903Z         	Test:       	TestPrinter_Print
2026-03-12T13:42:37.6540192Z     printer_test.go:175: 
2026-03-12T13:42:37.6540748Z         	Error Trace:	/home/runner/work/ent/ent/cmd/internal/printer/printer_test.go:175
2026-03-12T13:42:37.6541213Z         	Error:      	Not equal: 
2026-03-12T13:42:37.6559493Z         	            	expected: "\nUser:\n\t+-------+--------+--------+----------+----------+---------+---------------+-----------+-----------+------------+---------+\n\t| Field |  Type  | Unique | Optional | Nillable | Default | UpdateDefault | Immutable | StructTag | Validators | Comment |\n\t+-------+--------+--------+----------+----------+---------+---------------+-----------+-----------+------------+---------+\n\t| id    | int    | false  | false    | false    | false   | false         | false     |           |          0 |         |\n\t| name  | string | false  | false    | false    | false   | false         | false     |           |          1 |         |\n\t| age   | int    | false  | false    | true     | false   | false         | false     |           |          0 |         |\n\t+-------+--------+--------+----------+----------+---------+---------------+-----------+-----------+------------+---------+\n\t+--------+-------+---------+---------+----------+--------+----------+---------+\n\t|  Edge  | Type  | Inverse | BackRef | Relation | Unique | Optional | Comment |\n\t+--------+-------+---------+---------+----------+--------+----------+---------+\n\t| groups | Group | false   |         | M2M      | false  | true     |         |\n\t| spouse | User  | false   |         | O2O      | true   | false    |         |\n\t+--------+-------+---------+---------+----------+--------+----------+---------+\n\t\nGroup:\n\t+-------+--------+--------+----------+----------+---------+---------------+-----------+-----------+------------+---------+\n\t| Field |  Type  | Unique | Optional | Nillable | Default | UpdateDefault | Immutable | StructTag | Validators | Comment |\n\t+-------+--------+--------+----------+----------+---------+---------------+-----------+-----------+------------+---------+\n\t| id    | int    | false  | false    | false    | false   | false         | false     |           |          0 |         |\n\t| name  | string | false  | false    | false    | false   | false         | false     |           |          0 |         |\n\t+-------+--------+--------+----------+----------+---------+---------------+-----------+-----------+------------+---------+\n\t+-------+------+---------+---------+----------+--------+----------+---------+\n\t| Edge  | Type | Inverse | BackRef | Relation | Unique | Optional | Comment |\n\t+-------+------+---------+---------+----------+--------+----------+---------+\n\t| users | User | false   |         | M2M      | false  | true     |         |\n\t+-------+------+---------+---------+----------+--------+----------+---------+\n\t\n"
2026-03-12T13:42:37.6583696Z         	            	actual  : "\nUser:\n\t+-------+--------+--------+----------+----------+---------+---------------+-----------+-----------+------------+---------+\n\t| Field | Type   | Unique | Optional | Nillable | Default | UpdateDefault | Immutable | StructTag | Validators | Comment |\n\t+-------+--------+--------+----------+----------+---------+---------------+-----------+-----------+------------+---------+\n\t| id    | int    | false  | false    | false    | false   | false         | false     |           |          0 |         |\n\t| name  | string | false  | false    | false    | false   | false         | false     |           |          1 |         |\n\t| age   | int    | false  | false    | true     | false   | false         | false     |           |          0 |         |\n\t+-------+--------+--------+----------+----------+---------+---------------+-----------+-----------+------------+---------+\n\t+--------+-------+---------+---------+----------+--------+----------+---------+\n\t| Edge   | Type  | Inverse | BackRef | Relation | Unique | Optional | Comment |\n\t+--------+-------+---------+---------+----------+--------+----------+---------+\n\t| groups | Group | false   |         | M2M      | false  | true     |         |\n\t| spouse | User  | false   |         | O2O      | true   | false    |         |\n\t+--------+-------+---------+---------+----------+--------+----------+---------+\n\t\nGroup:\n\t+-------+--------+--------+----------+----------+---------+---------------+-----------+-----------+------------+---------+\n\t| Field | Type   | Unique | Optional | Nillable | Default | UpdateDefault | Immutable | StructTag | Validators | Comment |\n\t+-------+--------+--------+----------+----------+---------+---------------+-----------+-----------+------------+---------+\n\t| id    | int    | false  | false    | false    | false   | false         | false     |           |          0 |         |\n\t| name  | string | false  | false    | false    | false   | false         | false     |           |          0 |         |\n\t+-------+--------+--------+----------+----------+---------+---------------+-----------+-----------+------------+---------+\n\t+-------+------+---------+---------+----------+--------+----------+---------+\n\t| Edge  | Type | Inverse | BackRef | Relation | Unique | Optional | Comment |\n\t+-------+------+---------+---------+----------+--------+----------+---------+\n\t| users | User | false   |         | M2M      | false  | true     |         |\n\t+-------+------+---------+---------+----------+--------+----------+---------+\n\t\n"
2026-03-12T13:42:37.6590144Z         	            	
2026-03-12T13:42:37.6590427Z         	            	Diff:
2026-03-12T13:42:37.6590755Z         	            	--- Expected
2026-03-12T13:42:37.6591087Z         	            	+++ Actual
2026-03-12T13:42:37.6591431Z         	            	@@ -3,3 +3,3 @@
2026-03-12T13:42:37.6592522Z         	            	 	+-------+--------+--------+----------+----------+---------+---------------+-----------+-----------+------------+---------+
2026-03-12T13:42:37.6593946Z         	            	-	| Field |  Type  | Unique | Optional | Nillable | Default | UpdateDefault | Immutable | StructTag | Validators | Comment |
2026-03-12T13:42:37.6595412Z         	            	+	| Field | Type   | Unique | Optional | Nillable | Default | UpdateDefault | Immutable | StructTag | Validators | Comment |
2026-03-12T13:42:37.6596967Z         	            	 	+-------+--------+--------+----------+----------+---------+---------------+-----------+-----------+------------+---------+
2026-03-12T13:42:37.6597542Z         	            	@@ -10,3 +10,3 @@
2026-03-12T13:42:37.6598327Z         	            	 	+--------+-------+---------+---------+----------+--------+----------+---------+
2026-03-12T13:42:37.6599252Z         	            	-	|  Edge  | Type  | Inverse | BackRef | Relation | Unique | Optional | Comment |
2026-03-12T13:42:37.6600191Z         	            	+	| Edge   | Type  | Inverse | BackRef | Relation | Unique | Optional | Comment |
2026-03-12T13:42:37.6601113Z         	            	 	+--------+-------+---------+---------+----------+--------+----------+---------+
2026-03-12T13:42:37.6601591Z         	            	@@ -18,3 +18,3 @@
2026-03-12T13:42:37.6602673Z         	            	 	+-------+--------+--------+----------+----------+---------+---------------+-----------+-----------+------------+---------+
2026-03-12T13:42:37.6604015Z         	            	-	| Field |  Type  | Unique | Optional | Nillable | Default | UpdateDefault | Immutable | StructTag | Validators | Comment |
2026-03-12T13:42:37.6605436Z         	            	+	| Field | Type   | Unique | Optional | Nillable | Default | UpdateDefault | Immutable | StructTag | Validators | Comment |
2026-03-12T13:42:37.6606999Z         	            	 	+-------+--------+--------+----------+----------+---------+---------------+-----------+-----------+------------+---------+
2026-03-12T13:42:37.6607520Z         	Test:       	TestPrinter_Print
2026-03-12T13:42:37.6607880Z FAIL
2026-03-12T13:42:37.6608108Z FAIL	entgo.io/ent/cmd/internal/printer	0.136s
2026-03-12T13:42:37.6608371Z FAIL
2026-03-12T13:42:37.7382129Z ##[error]Process completed with exit code 1.
2026-03-12T13:42:37.7485961Z Post job cleanup.
2026-03-12T13:42:37.8441335Z [command]/usr/bin/git version
2026-03-12T13:42:37.8477869Z git version 2.53.0
2026-03-12T13:42:37.8520755Z Temporarily overriding HOME='/home/runner/work/_temp/6aaaed6f-6b0d-479a-b71f-18bc6681a6d0' before making global git config changes
2026-03-12T13:42:37.8522068Z Adding repository directory to the temporary git global config as a safe directory
2026-03-12T13:42:37.8533540Z [command]/usr/bin/git config --global --add safe.directory /home/runner/work/ent/ent
2026-03-12T13:42:37.8569361Z [command]/usr/bin/git config --local --name-only --get-regexp core\.sshCommand
2026-03-12T13:42:37.8603881Z [command]/usr/bin/git submodule foreach --recursive sh -c "git config --local --name-only --get-regexp 'core\.sshCommand' && git config --local --unset-all 'core.sshCommand' || :"
2026-03-12T13:42:37.8847878Z [command]/usr/bin/git config --local --name-only --get-regexp http\.https\:\/\/github\.com\/\.extraheader
2026-03-12T13:42:37.8868970Z http.https://github.com/.extraheader
2026-03-12T13:42:37.8881240Z [command]/usr/bin/git config --local --unset-all http.https://github.com/.extraheader
2026-03-12T13:42:37.8911569Z [command]/usr/bin/git submodule foreach --recursive sh -c "git config --local --name-only --get-regexp 'http\.https\:\/\/github\.com\/\.extraheader' && git config --local --unset-all 'http.https://github.com/.extraheader' || :"
2026-03-12T13:42:37.9144311Z [command]/usr/bin/git config --local --name-only --get-regexp ^includeIf\.gitdir:
2026-03-12T13:42:37.9175944Z [command]/usr/bin/git submodule foreach --recursive git config --local --show-origin --name-only --get-regexp remote.origin.url
2026-03-12T13:42:37.9523931Z Cleaning up orphan processes
2026-03-12T13:42:37.9801804Z ##[warning]Node.js 20 actions are deprecated. The following actions are running on Node.js 20 and may not work as expected: actions/cache@v4, actions/checkout@v4, actions/setup-go@v5. Actions will be forced to run with Node.js 24 by default starting June 2nd, 2026. Please check if updated versions of these actions are available that support Node.js 24. To opt into Node.js 24 now, set the FORCE_JAVASCRIPT_ACTIONS_TO_NODE24=true environment variable on the runner or in your workflow file. Once Node.js 24 becomes the default, you can temporarily opt out by setting ACTIONS_ALLOW_USE_UNSECURE_NODE_VERSION=true. For more information see: https://github.blog/changelog/2025-09-19-deprecation-of-node-20-on-github-actions-runners/
