2026-05-15T12:40:06.2894845Z Current runner version: '2.334.0'
2026-05-15T12:40:06.2922980Z ##[group]Runner Image Provisioner
2026-05-15T12:40:06.2923746Z Hosted Compute Agent
2026-05-15T12:40:06.2924237Z Version: 20260213.493
2026-05-15T12:40:06.2924740Z Commit: 5c115507f6dd24b8de37d8bbe0bb4509d0cc0fa3
2026-05-15T12:40:06.2925420Z Build Date: 2026-02-13T00:28:41Z
2026-05-15T12:40:06.2925995Z Worker ID: {5ff8e76a-5985-442c-ac0c-b5e38d47f113}
2026-05-15T12:40:06.2926613Z Azure Region: centralus
2026-05-15T12:40:06.2927111Z ##[endgroup]
2026-05-15T12:40:06.2928808Z ##[group]Operating System
2026-05-15T12:40:06.2929353Z Ubuntu
2026-05-15T12:40:06.2929752Z 24.04.4
2026-05-15T12:40:06.2930221Z LTS
2026-05-15T12:40:06.2930600Z ##[endgroup]
2026-05-15T12:40:06.2931231Z ##[group]Runner Image
2026-05-15T12:40:06.2931778Z Image: ubuntu-24.04
2026-05-15T12:40:06.2932230Z Version: 20260513.135.3
2026-05-15T12:40:06.2933343Z Included Software: https://github.com/actions/runner-images/blob/ubuntu24/20260513.135/images/ubuntu/Ubuntu2404-Readme.md
2026-05-15T12:40:06.2934591Z Image Release: https://github.com/actions/runner-images/releases/tag/ubuntu24%2F20260513.135
2026-05-15T12:40:06.2935355Z ##[endgroup]
2026-05-15T12:40:06.2936375Z ##[group]GITHUB_TOKEN Permissions
2026-05-15T12:40:06.2938477Z Contents: read
2026-05-15T12:40:06.2938997Z Metadata: read
2026-05-15T12:40:06.2939411Z Packages: read
2026-05-15T12:40:06.2939850Z ##[endgroup]
2026-05-15T12:40:06.2942265Z Secret source: Actions
2026-05-15T12:40:06.2943097Z Prepare workflow directory
2026-05-15T12:40:06.3307480Z Prepare all required actions
2026-05-15T12:40:06.3347831Z Getting action download info
2026-05-15T12:40:06.6908541Z Download action repository 'actions/checkout@de0fac2e4500dabe0009e67214ff5f5447ce83dd' (SHA:de0fac2e4500dabe0009e67214ff5f5447ce83dd)
2026-05-15T12:40:06.8536726Z Download action repository 'actions/setup-node@a0853c24544627f65ddf259abe73b1d18a591444' (SHA:a0853c24544627f65ddf259abe73b1d18a591444)
2026-05-15T12:40:06.9796716Z Download action repository 'actions/cache@27d5ce7f107fe9357f9df03efb73ab90386fccae' (SHA:27d5ce7f107fe9357f9df03efb73ab90386fccae)
2026-05-15T12:40:07.2384373Z Complete job name: ubuntu-latest w/ Node.js 22.x
2026-05-15T12:40:07.3115747Z ##[group]Run actions/checkout@de0fac2e4500dabe0009e67214ff5f5447ce83dd
2026-05-15T12:40:07.3116788Z with:
2026-05-15T12:40:07.3117230Z   repository: nodejs/corepack
2026-05-15T12:40:07.3117977Z   token: ***
2026-05-15T12:40:07.3118380Z   ssh-strict: true
2026-05-15T12:40:07.3118801Z   ssh-user: git
2026-05-15T12:40:07.3119237Z   persist-credentials: true
2026-05-15T12:40:07.3119709Z   clean: true
2026-05-15T12:40:07.3120149Z   sparse-checkout-cone-mode: true
2026-05-15T12:40:07.3120663Z   fetch-depth: 1
2026-05-15T12:40:07.3121283Z   fetch-tags: false
2026-05-15T12:40:07.3121742Z   show-progress: true
2026-05-15T12:40:07.3122166Z   lfs: false
2026-05-15T12:40:07.3122569Z   submodules: false
2026-05-15T12:40:07.3123020Z   set-safe-directory: true
2026-05-15T12:40:07.3123737Z env:
2026-05-15T12:40:07.3124152Z   YARN_ENABLE_GLOBAL_CACHE: false
2026-05-15T12:40:07.3124675Z ##[endgroup]
2026-05-15T12:40:07.4072968Z Syncing repository: nodejs/corepack
2026-05-15T12:40:07.4075274Z ##[group]Getting Git version info
2026-05-15T12:40:07.4076036Z Working directory is '/home/runner/work/corepack/corepack'
2026-05-15T12:40:07.4077065Z [command]/usr/bin/git version
2026-05-15T12:40:07.4143527Z git version 2.54.0
2026-05-15T12:40:07.4164054Z ##[endgroup]
2026-05-15T12:40:07.4177786Z Temporarily overriding HOME='/home/runner/work/_temp/a1ca9064-6eb6-44b8-8b8e-883eb4c5e52a' before making global git config changes
2026-05-15T12:40:07.4180092Z Adding repository directory to the temporary git global config as a safe directory
2026-05-15T12:40:07.4182279Z [command]/usr/bin/git config --global --add safe.directory /home/runner/work/corepack/corepack
2026-05-15T12:40:07.4227370Z Deleting the contents of '/home/runner/work/corepack/corepack'
2026-05-15T12:40:07.4230456Z ##[group]Initializing the repository
2026-05-15T12:40:07.4235358Z [command]/usr/bin/git init /home/runner/work/corepack/corepack
2026-05-15T12:40:07.4326346Z hint: Using 'master' as the name for the initial branch. This default branch name
2026-05-15T12:40:07.4327705Z hint: will change to "main" in Git 3.0. To configure the initial branch name
2026-05-15T12:40:07.4328845Z hint: to use in all of your new repositories, which will suppress this warning,
2026-05-15T12:40:07.4330644Z hint: call:
2026-05-15T12:40:07.4331836Z hint:
2026-05-15T12:40:07.4332807Z hint: 	git config --global init.defaultBranch <name>
2026-05-15T12:40:07.4333842Z hint:
2026-05-15T12:40:07.4334817Z hint: Names commonly chosen instead of 'master' are 'main', 'trunk' and
2026-05-15T12:40:07.4336353Z hint: 'development'. The just-created branch can be renamed via this command:
2026-05-15T12:40:07.4337674Z hint:
2026-05-15T12:40:07.4338413Z hint: 	git branch -m <name>
2026-05-15T12:40:07.4339250Z hint:
2026-05-15T12:40:07.4340276Z hint: Disable this message with "git config set advice.defaultBranchName false"
2026-05-15T12:40:07.4342296Z Initialized empty Git repository in /home/runner/work/corepack/corepack/.git/
2026-05-15T12:40:07.4345388Z [command]/usr/bin/git remote add origin https://github.com/nodejs/corepack
2026-05-15T12:40:07.4383313Z ##[endgroup]
2026-05-15T12:40:07.4384227Z ##[group]Disabling automatic garbage collection
2026-05-15T12:40:07.4388005Z [command]/usr/bin/git config --local gc.auto 0
2026-05-15T12:40:07.4415289Z ##[endgroup]
2026-05-15T12:40:07.4416548Z ##[group]Setting up auth
2026-05-15T12:40:07.4417497Z Removing SSH command configuration
2026-05-15T12:40:07.4423502Z [command]/usr/bin/git config --local --name-only --get-regexp core\.sshCommand
2026-05-15T12:40:07.4454256Z [command]/usr/bin/git submodule foreach --recursive sh -c "git config --local --name-only --get-regexp 'core\.sshCommand' && git config --local --unset-all 'core.sshCommand' || :"
2026-05-15T12:40:07.4753229Z Removing HTTP extra header
2026-05-15T12:40:07.4759533Z [command]/usr/bin/git config --local --name-only --get-regexp http\.https\:\/\/github\.com\/\.extraheader
2026-05-15T12:40:07.4786156Z [command]/usr/bin/git submodule foreach --recursive sh -c "git config --local --name-only --get-regexp 'http\.https\:\/\/github\.com\/\.extraheader' && git config --local --unset-all 'http.https://github.com/.extraheader' || :"
2026-05-15T12:40:07.4952454Z Removing includeIf entries pointing to credentials config files
2026-05-15T12:40:07.4958060Z [command]/usr/bin/git config --local --name-only --get-regexp ^includeIf\.gitdir:
2026-05-15T12:40:07.4984443Z [command]/usr/bin/git submodule foreach --recursive git config --local --show-origin --name-only --get-regexp remote.origin.url
2026-05-15T12:40:07.5161986Z [command]/usr/bin/git config --file /home/runner/work/_temp/git-credentials-461389ad-dd21-4d55-b437-1dd21b81158e.config http.https://github.com/.extraheader AUTHORIZATION: basic ***
2026-05-15T12:40:07.5194164Z [command]/usr/bin/git config --local includeIf.gitdir:/home/runner/work/corepack/corepack/.git.path /home/runner/work/_temp/git-credentials-461389ad-dd21-4d55-b437-1dd21b81158e.config
2026-05-15T12:40:07.5221562Z [command]/usr/bin/git config --local includeIf.gitdir:/home/runner/work/corepack/corepack/.git/worktrees/*.path /home/runner/work/_temp/git-credentials-461389ad-dd21-4d55-b437-1dd21b81158e.config
2026-05-15T12:40:07.5248286Z [command]/usr/bin/git config --local includeIf.gitdir:/github/workspace/.git.path /github/runner_temp/git-credentials-461389ad-dd21-4d55-b437-1dd21b81158e.config
2026-05-15T12:40:07.5272141Z [command]/usr/bin/git config --local includeIf.gitdir:/github/workspace/.git/worktrees/*.path /github/runner_temp/git-credentials-461389ad-dd21-4d55-b437-1dd21b81158e.config
2026-05-15T12:40:07.5294038Z ##[endgroup]
2026-05-15T12:40:07.5295570Z ##[group]Fetching the repository
2026-05-15T12:40:07.5303864Z [command]/usr/bin/git -c protocol.version=2 fetch --no-tags --prune --no-recurse-submodules --depth=1 origin +6682b43b9499a6668f779c8564f989e278602635:refs/remotes/pull/820/merge
2026-05-15T12:40:12.1251592Z From https://github.com/nodejs/corepack
2026-05-15T12:40:12.1252912Z  * [new ref]         6682b43b9499a6668f779c8564f989e278602635 -> pull/820/merge
2026-05-15T12:40:12.1282942Z ##[endgroup]
2026-05-15T12:40:12.1283623Z ##[group]Determining the checkout info
2026-05-15T12:40:12.1284255Z ##[endgroup]
2026-05-15T12:40:12.1288701Z [command]/usr/bin/git sparse-checkout disable
2026-05-15T12:40:12.1329503Z [command]/usr/bin/git config --local --unset-all extensions.worktreeConfig
2026-05-15T12:40:12.1352702Z ##[group]Checking out the ref
2026-05-15T12:40:12.1356868Z [command]/usr/bin/git checkout --progress --force refs/remotes/pull/820/merge
2026-05-15T12:40:12.2664174Z Note: switching to 'refs/remotes/pull/820/merge'.
2026-05-15T12:40:12.2664732Z 
2026-05-15T12:40:12.2664986Z You are in 'detached HEAD' state. You can look around, make experimental
2026-05-15T12:40:12.2665500Z changes and commit them, and you can discard any commits you make in this
2026-05-15T12:40:12.2666043Z state without impacting any branches by switching back to a branch.
2026-05-15T12:40:12.2666379Z 
2026-05-15T12:40:12.2666642Z If you want to create a new branch to retain commits you create, you may
2026-05-15T12:40:12.2667122Z do so (now or later) by using -c with the switch command. Example:
2026-05-15T12:40:12.2667471Z 
2026-05-15T12:40:12.2667653Z   git switch -c <new-branch-name>
2026-05-15T12:40:12.2667977Z 
2026-05-15T12:40:12.2668167Z Or undo this operation with:
2026-05-15T12:40:12.2668446Z 
2026-05-15T12:40:12.2668592Z   git switch -
2026-05-15T12:40:12.2668738Z 
2026-05-15T12:40:12.2668969Z Turn off this advice by setting config variable advice.detachedHead to false
2026-05-15T12:40:12.2669263Z 
2026-05-15T12:40:12.2669629Z HEAD is now at 6682b43 Merge 717783f0d17c64a34131afda5a93b0a238988fc1 into 05bc5f3df188f135e0924207f378dfa89afc55bf
2026-05-15T12:40:12.2670923Z ##[endgroup]
2026-05-15T12:40:12.2704240Z [command]/usr/bin/git log -1 --format=%H
2026-05-15T12:40:12.2724311Z 6682b43b9499a6668f779c8564f989e278602635
2026-05-15T12:40:12.2955856Z ##[group]Run actions/setup-node@a0853c24544627f65ddf259abe73b1d18a591444
2026-05-15T12:40:12.2956288Z with:
2026-05-15T12:40:12.2956527Z   node-version: 22.x
2026-05-15T12:40:12.2956764Z   always-auth: false
2026-05-15T12:40:12.2957015Z   check-latest: false
2026-05-15T12:40:12.2957417Z   token: ***
2026-05-15T12:40:12.2957665Z   package-manager-cache: true
2026-05-15T12:40:12.2957952Z env:
2026-05-15T12:40:12.2958169Z   YARN_ENABLE_GLOBAL_CACHE: false
2026-05-15T12:40:12.2958445Z   SKIP_YARN_COREPACK_CHECK: 1
2026-05-15T12:40:12.2958695Z ##[endgroup]
2026-05-15T12:40:12.4397240Z Found in cache @ /opt/hostedtoolcache/node/22.22.2/x64
2026-05-15T12:40:12.4402168Z (node:2264) [DEP0040] DeprecationWarning: The `punycode` module is deprecated. Please use a userland alternative instead.
2026-05-15T12:40:12.4403570Z (Use `node --trace-deprecation ...` to show where the warning was created)
2026-05-15T12:40:12.4405743Z ##[group]Environment details
2026-05-15T12:40:15.9918372Z node: v22.22.2
2026-05-15T12:40:15.9918870Z npm: 10.9.7
2026-05-15T12:40:15.9919136Z yarn: 1.22.22
2026-05-15T12:40:15.9920339Z ##[endgroup]
2026-05-15T12:40:15.9939152Z [command]/usr/local/bin/yarn --version
2026-05-15T12:40:16.1265260Z 1.22.22
2026-05-15T12:40:16.1336796Z [command]/usr/local/bin/yarn cache dir
2026-05-15T12:40:16.3454726Z /home/runner/.cache/yarn/v6
2026-05-15T12:40:16.3638207Z [command]/usr/local/bin/yarn config get enableGlobalCache
2026-05-15T12:40:16.5214056Z undefined
2026-05-15T12:40:16.6480512Z Cache hit for: node-cache-Linux-x64-yarn-e1b28268b3d275d301cb979bfaf0ae0de5ba54a3c894716b02f22774ffcf0d45
2026-05-15T12:40:16.6586192Z (node:2264) [DEP0169] DeprecationWarning: `url.parse()` behavior is not standardized and prone to errors that have security implications. Use the WHATWG URL API instead. CVEs are not issued for `url.parse()` vulnerabilities.
2026-05-15T12:40:16.8251287Z Received 246 of 246 (100.0%), 0.0 MBs/sec
2026-05-15T12:40:16.8251792Z Cache Size: ~0 MB (246 B)
2026-05-15T12:40:16.8275854Z [command]/usr/bin/tar -xf /home/runner/work/_temp/9701f4a0-371c-4ea2-99f1-8958f61171aa/cache.tzst -P -C /home/runner/work/corepack/corepack --use-compress-program unzstd
2026-05-15T12:40:16.8327915Z Cache restored successfully
2026-05-15T12:40:16.8331540Z Cache restored from key: node-cache-Linux-x64-yarn-e1b28268b3d275d301cb979bfaf0ae0de5ba54a3c894716b02f22774ffcf0d45
2026-05-15T12:40:16.8435007Z ##[group]Run echo "dir=$(corepack yarn config get cacheFolder)" >> "$GITHUB_OUTPUT"
2026-05-15T12:40:16.8435704Z [36;1mecho "dir=$(corepack yarn config get cacheFolder)" >> "$GITHUB_OUTPUT"[0m
2026-05-15T12:40:16.8517633Z shell: /usr/bin/bash --noprofile --norc -e -o pipefail {0}
2026-05-15T12:40:16.8517965Z env:
2026-05-15T12:40:16.8518167Z   YARN_ENABLE_GLOBAL_CACHE: false
2026-05-15T12:40:16.8518402Z ##[endgroup]
2026-05-15T12:40:17.9790399Z ##[group]Run actions/cache@27d5ce7f107fe9357f9df03efb73ab90386fccae
2026-05-15T12:40:17.9790753Z with:
2026-05-15T12:40:17.9790990Z   path: /home/runner/work/corepack/corepack/.yarn/cache
2026-05-15T12:40:17.9792017Z   key: Linux-yarn-e1b28268b3d275d301cb979bfaf0ae0de5ba54a3c894716b02f22774ffcf0d45
2026-05-15T12:40:17.9792443Z   restore-keys: Linux-yarn-

2026-05-15T12:40:17.9792688Z   enableCrossOsArchive: false
2026-05-15T12:40:17.9792926Z   fail-on-cache-miss: false
2026-05-15T12:40:17.9793152Z   lookup-only: false
2026-05-15T12:40:17.9793342Z   save-always: false
2026-05-15T12:40:17.9793538Z env:
2026-05-15T12:40:17.9793725Z   YARN_ENABLE_GLOBAL_CACHE: false
2026-05-15T12:40:17.9793950Z ##[endgroup]
2026-05-15T12:40:18.2374660Z Cache hit for: Linux-yarn-e1b28268b3d275d301cb979bfaf0ae0de5ba54a3c894716b02f22774ffcf0d45
2026-05-15T12:40:19.0655777Z Received 33751615 of 33751615 (100.0%), 48.0 MBs/sec
2026-05-15T12:40:19.0656423Z Cache Size: ~32 MB (33751615 B)
2026-05-15T12:40:19.0714073Z [command]/usr/bin/tar -xf /home/runner/work/_temp/9caa17b6-73ec-4a9e-970c-ddd94d536940/cache.tzst -P -C /home/runner/work/corepack/corepack --use-compress-program unzstd
2026-05-15T12:40:19.2495478Z Cache restored successfully
2026-05-15T12:40:19.2583366Z Cache restored from key: Linux-yarn-e1b28268b3d275d301cb979bfaf0ae0de5ba54a3c894716b02f22774ffcf0d45
2026-05-15T12:40:19.2656454Z ##[group]Run corepack yarn install --immutable
2026-05-15T12:40:19.2656831Z [36;1mcorepack yarn install --immutable[0m
2026-05-15T12:40:19.2677256Z shell: /usr/bin/bash -e {0}
2026-05-15T12:40:19.2677504Z env:
2026-05-15T12:40:19.2677709Z   YARN_ENABLE_GLOBAL_CACHE: false
2026-05-15T12:40:19.2677955Z ##[endgroup]
2026-05-15T12:40:19.5003439Z [93m➤[39m YN0000: Yarn detected that the current workflow is executed from a public pull request. For safety the hardened mode has been enabled.
2026-05-15T12:40:19.5005631Z [93m➤[39m YN0000: It will prevent malicious lockfile manipulations, in exchange for a slower install time. You can opt-out if necessary; check our documentation for more details.
2026-05-15T12:40:19.5006451Z 
2026-05-15T12:40:19.5006741Z [94m➤[39m YN0000: · Yarn 4.14.1
2026-05-15T12:40:19.5126860Z [94m➤[39m [90mYN0000[39m: ┌ Resolution step
2026-05-15T12:40:19.5127875Z ##[group]Resolution step
2026-05-15T12:40:23.0110299Z ##[endgroup]
2026-05-15T12:40:23.0114980Z [94m➤[39m [90mYN0000[39m: └ Completed in 3s 498ms
2026-05-15T12:40:23.0354781Z [94m➤[39m [90mYN0000[39m: ┌ Fetch step
2026-05-15T12:40:23.0355568Z ##[group]Fetch step
2026-05-15T12:40:23.2864675Z ##[endgroup]
2026-05-15T12:40:23.2866276Z [94m➤[39m [90mYN0000[39m: └ Completed in 0s 251ms
2026-05-15T12:40:23.2979649Z [94m➤[39m [90mYN0000[39m: ┌ Link step
2026-05-15T12:40:23.2981279Z ##[group]Link step
2026-05-15T12:40:23.7129791Z [93m➤[39m YN0092: │ ESM support for PnP uses the experimental loader API and is therefore experimental
2026-05-15T12:40:23.7402848Z [94m➤[39m YN0007: │ [38;5;173mesbuild[39m[38;5;111m@[39m[38;5;111mnpm:0.28.0[39m must be built because it never has been before or the last one failed
2026-05-15T12:40:24.1087233Z ##[endgroup]
2026-05-15T12:40:24.1088017Z [94m➤[39m [90mYN0000[39m: └ Completed in 0s 811ms
2026-05-15T12:40:24.1339463Z [93m➤[39m YN0000: · Done with warnings in 4s 633ms
2026-05-15T12:40:24.1698942Z ##[group]Run corepack yarn build
2026-05-15T12:40:24.1699419Z [36;1mcorepack yarn build[0m
2026-05-15T12:40:24.1731438Z shell: /usr/bin/bash -e {0}
2026-05-15T12:40:24.1731846Z env:
2026-05-15T12:40:24.1732183Z   YARN_ENABLE_GLOBAL_CACHE: false
2026-05-15T12:40:24.1732612Z ##[endgroup]
2026-05-15T12:40:26.4079740Z 
2026-05-15T12:40:26.4080780Z   dist/lib/corepack.cjs  496.8kb
2026-05-15T12:40:26.4081275Z 
2026-05-15T12:40:26.4081683Z ⚡ Done in 44ms
2026-05-15T12:40:27.6198048Z All shims have been generated.
2026-05-15T12:40:27.6517888Z ##[group]Run corepack yarn test
2026-05-15T12:40:27.6518359Z [36;1mcorepack yarn test[0m
2026-05-15T12:40:27.6549076Z shell: /usr/bin/bash -e {0}
2026-05-15T12:40:27.6549467Z env:
2026-05-15T12:40:27.6549765Z   YARN_ENABLE_GLOBAL_CACHE: false
2026-05-15T12:40:27.6550154Z   NOCK_ENV: replay
2026-05-15T12:40:27.6550463Z ##[endgroup]
2026-05-15T12:40:29.1415835Z [33mBoth esbuild and oxc options were set. oxc options will be used and esbuild options will be ignored.[39m The following esbuild options were set: `{ target: 'node22.22.2' }`
2026-05-15T12:40:29.1601534Z 
2026-05-15T12:40:29.1604081Z [1m[30m[46m RUN [49m[39m[22m [36mv4.1.6 [39m[90m/home/runner/work/corepack/corepack[39m
2026-05-15T12:40:29.1604700Z 
2026-05-15T12:40:32.0220718Z  [32m✓[39m tests/Enable.test.ts [2m([22m[2m7 tests[22m[2m)[22m[33m 1918[2mms[22m[39m
2026-05-15T12:40:32.0243025Z      [33m[2m✓[22m[39m should not re-link if binaries are already correct [33m 505[2mms[22m[39m
2026-05-15T12:40:37.7087293Z  [32m✓[39m tests/Up.test.ts [2m([22m[2m4 tests[22m[2m)[22m[33m 5187[2mms[22m[39m
2026-05-15T12:40:37.7089262Z        [33m[2m✓[22m[39m to the same major if no devEngines range [33m 1233[2mms[22m[39m
2026-05-15T12:40:37.7090701Z        [33m[2m✓[22m[39m to whichever range devEngines defines [33m 1342[2mms[22m[39m
2026-05-15T12:40:37.7123217Z        [33m[2m✓[22m[39m to whichever range devEngines defines even if onFail is set to ignore [33m 1341[2mms[22m[39m
2026-05-15T12:40:37.7126706Z        [33m[2m✓[22m[39m should succeed even if no 'packageManager' field [33m 1267[2mms[22m[39m
2026-05-15T12:40:39.3805774Z  [32m✓[39m tests/Disable.test.ts [2m([22m[2m4 tests[22m[2m)[22m[33m 955[2mms[22m[39m
2026-05-15T12:40:40.0293204Z  [32m✓[39m tests/npmRegistryUtils.test.ts [2m([22m[2m7 tests[22m[2m)[22m[32m 12[2mms[22m[39m
2026-05-15T12:40:40.6949775Z  [32m✓[39m tests/corepackUtils.test.ts [2m([22m[2m4 tests[22m[2m)[22m[32m 7[2mms[22m[39m
2026-05-15T12:40:40.7317976Z  [32m✓[39m tests/Use.test.ts [2m([22m[2m8 tests[22m[2m)[22m[33m 10952[2mms[22m[39m
2026-05-15T12:40:40.7319500Z        [33m[2m✓[22m[39m With an existing 'packageManager' field [33m 991[2mms[22m[39m
2026-05-15T12:40:40.7320910Z        [33m[2m✓[22m[39m with 'devEngines.packageManager' field [33m 1480[2mms[22m[39m
2026-05-15T12:40:40.7322690Z        [33m[2m✓[22m[39m with 'devEngines.packageManager' and 'packageManager' fields [33m 1939[2mms[22m[39m
2026-05-15T12:40:40.7324204Z      [33m[2m✓[22m[39m should create a package.json if absent [33m 2335[2mms[22m[39m
2026-05-15T12:40:40.7325419Z        [33m[2m✓[22m[39m when a version range is given [33m 1081[2mms[22m[39m
2026-05-15T12:40:40.7326586Z        [33m[2m✓[22m[39m when only the pm name is given [33m 1051[2mms[22m[39m
2026-05-15T12:40:40.7327733Z        [33m[2m✓[22m[39m when the version is missing [33m 1021[2mms[22m[39m
2026-05-15T12:40:40.7328964Z        [33m[2m✓[22m[39m when the field is not a string [33m 1049[2mms[22m[39m
2026-05-15T12:40:41.3536625Z  [32m✓[39m tests/config.test.ts [2m([22m[2m1 test[22m[2m)[22m[32m 164[2mms[22m[39m
2026-05-15T12:42:19.3786071Z  [31m❯[39m tests/main.test.ts [2m([22m[2m114 tests[22m[2m | [22m[31m4 failed[39m[2m)[22m[33m 109535[2mms[22m[39m
2026-05-15T12:42:19.3787588Z      [33m[2m✓[22m[39m the one defined in "devEngines.packageManager" field [33m 360[2mms[22m[39m
2026-05-15T12:42:19.3789243Z      [33m[2m✓[22m[39m the one defined in "packageManager" field [33m 317[2mms[22m[39m
2026-05-15T12:42:19.3790448Z    [33m[2m✓[22m[39m should refuse to download a known package manager from a URL [33m 628[2mms[22m[39m
2026-05-15T12:42:19.3791739Z    [33m[2m✓[22m[39m should refuse to download a known package manager from a URL in package.json [33m 1405[2mms[22m[39m[33m (retry x2)[39m
2026-05-15T12:42:19.3792753Z    [33m[2m✓[22m[39m should require a version to be specified [33m 630[2mms[22m[39m
2026-05-15T12:42:19.3793520Z    [33m[2m✓[22m[39m should use the right package manager version for a given project (yarn@1.22.4) [33m 1366[2mms[22m[39m
2026-05-15T12:42:19.3794601Z    [33m[2m✓[22m[39m should use the right package manager version for a given project (yarn@1.22.4+sha1.01c1197ca5b27f21edc8bc472cd4c8ce0e5a470e) [33m 1322[2mms[22m[39m
2026-05-15T12:42:19.3796533Z    [33m[2m✓[22m[39m should use the right package manager version for a given project (yarn@1.22.4+sha224.0d6eecaf4d82ec12566fdd97143794d0f0c317e0d652bd4d1b305430) [33m 1396[2mms[22m[39m
2026-05-15T12:42:19.3798850Z    [33m[2m✓[22m[39m should use the right package manager version for a given project (yarn@https://registry.npmjs.com/yarn/-/yarn-1.22.21.tgz) [33m 1266[2mms[22m[39m
2026-05-15T12:42:19.3801720Z    [33m[2m✓[22m[39m should use the right package manager version for a given project (yarn@https://registry.npmjs.com/yarn/-/yarn-1.22.21.tgz#sha1.1959a18351b811cdeedbd484a8f86c3cc3bbaf72) [33m 1156[2mms[22m[39m
2026-05-15T12:42:19.3803825Z    [33m[2m✓[22m[39m should use the right package manager version for a given project (yarn@2.0.0-rc.30) [33m 1494[2mms[22m[39m
2026-05-15T12:42:19.3805816Z    [33m[2m✓[22m[39m should use the right package manager version for a given project (yarn@2.0.0-rc.30+sha1.4f0423b01bcb57f8e390b4e0f1990831f92dd1da) [33m 1062[2mms[22m[39m
2026-05-15T12:42:19.3807640Z    [33m[2m✓[22m[39m should use the right package manager version for a given project (yarn@2.0.0-rc.30+sha224.0e7a64468c358596db21c401ffeb11b6534fce7367afd3ae640eadf1) [33m 1061[2mms[22m[39m
2026-05-15T12:42:19.3809430Z    [33m[2m✓[22m[39m should use the right package manager version for a given project (yarn@3.0.0-rc.2) [33m 1047[2mms[22m[39m
2026-05-15T12:42:19.3811421Z    [33m[2m✓[22m[39m should use the right package manager version for a given project (yarn@3.0.0-rc.2+sha1.694bdad81703169e203febd57f9dc97d3be867bd) [33m 1071[2mms[22m[39m
2026-05-15T12:42:19.3814088Z    [33m[2m✓[22m[39m should use the right package manager version for a given project (yarn@3.0.0-rc.2+sha224.f83f6d1cbfac10ba6b516a62ccd2a72ccd857aa6c514d1cd7185ec60) [33m 1059[2mms[22m[39m
2026-05-15T12:42:19.3816140Z    [33m[2m✓[22m[39m should use the right package manager version for a given project (pnpm@4.11.6) [33m 4397[2mms[22m[39m
2026-05-15T12:42:19.3818152Z    [33m[2m✓[22m[39m should use the right package manager version for a given project (pnpm@4.11.6+sha1.7cffc04295f4db4740225c6c37cc345eb923c06a) [33m 4281[2mms[22m[39m
2026-05-15T12:42:19.3820542Z    [33m[2m✓[22m[39m should use the right package manager version for a given project (pnpm@4.11.6+sha224.7783c4b01916b7a69e6ff05d328df6f83cb7f127e9c96be88739386d) [33m 4312[2mms[22m[39m
2026-05-15T12:42:19.3922644Z    [33m[2m✓[22m[39m should use the right package manager version for a given project (pnpm@6.6.2) [33m 1085[2mms[22m[39m
2026-05-15T12:42:19.3925602Z    [33m[2m✓[22m[39m should use the right package manager version for a given project (pnpm@6.6.2+sha1.7b4d6b176c1b93b5670ed94c24babb7d80c13854) [33m 1091[2mms[22m[39m
2026-05-15T12:42:19.3928170Z    [33m[2m✓[22m[39m should use the right package manager version for a given project (pnpm@6.6.2+sha224.eb5c0acad3b0f40ecdaa2db9aa5a73134ad256e17e22d1419a2ab073) [33m 1100[2mms[22m[39m
2026-05-15T12:42:19.3930087Z    [33m[2m✓[22m[39m should use the right package manager version for a given project (pnpm@11.0.0-dev.1005) [33m 2082[2mms[22m[39m
2026-05-15T12:42:19.3932807Z    [33m[2m✓[22m[39m should use the right package manager version for a given project (pnpm@11.0.0-dev.1005+sha1.17cdd7ae1baf19f24440422f946130fccbb4257a) [33m 2070[2mms[22m[39m
2026-05-15T12:42:19.3934624Z    [33m[2m✓[22m[39m should use the right package manager version for a given project (npm@6.14.2) [33m 2720[2mms[22m[39m
2026-05-15T12:42:19.3935352Z 
2026-05-15T12:42:19.3936027Z [31m⎯⎯⎯⎯⎯⎯⎯[39m[1m[41m Failed Tests 4 [49m[22m[31m⎯⎯⎯⎯⎯⎯⎯[39m
2026-05-15T12:42:19.3936404Z 
2026-05-15T12:42:19.3937275Z [41m[1m FAIL [22m[49m tests/main.test.ts[2m > [22mshould use the pinned version when local projects don't list any spec (npm)
2026-05-15T12:42:19.3939037Z [41m[1m FAIL [22m[49m tests/main.test.ts[2m > [22mshould use the pinned version when local projects don't list any spec (npm)
2026-05-15T12:42:19.3940737Z [41m[1m FAIL [22m[49m tests/main.test.ts[2m > [22mshould use the pinned version when local projects don't list any spec (npm)
2026-05-15T12:42:19.3942677Z [31m[1mAssertionError[22m: expected { exitCode: 1, stdout: '', …(1) } to match object { stdout: '11.14.1\n', exitCode: +0 }
2026-05-15T12:42:19.3943719Z (1 matching property omitted from actual)[39m
2026-05-15T12:42:19.3944051Z 
2026-05-15T12:42:19.3944295Z [32m- Expected[39m
2026-05-15T12:42:19.3944717Z [31m+ Received[39m
2026-05-15T12:42:19.3944900Z 
2026-05-15T12:42:19.3945078Z [2m  {[22m
2026-05-15T12:42:19.3945527Z [32m-   "exitCode": 0,[39m
2026-05-15T12:42:19.3946071Z [32m-   "stdout": "11.14.1[39m
2026-05-15T12:42:19.3946491Z [32m- ",[39m
2026-05-15T12:42:19.3946917Z [31m+   "exitCode": 1,[39m
2026-05-15T12:42:19.3947380Z [31m+   "stdout": "",[39m
2026-05-15T12:42:19.3947912Z [2m  }[22m
2026-05-15T12:42:19.3948101Z 
2026-05-15T12:42:19.3948519Z [36m [2m❯[22m tests/main.test.ts:[2m646:52[22m[39m
2026-05-15T12:42:19.3950173Z    [33m[2m✓[22m[39m should use the right package manager version for a given project (npm@6.14.2+sha1.f057d35cd4792c4c511bb1fa332edb43143d07b0) [33m 2724[2mms[22m[39m
2026-05-15T12:42:19.3952714Z    [33m[2m✓[22m[39m should use the right package manager version for a given project (npm@6.14.2+sha224.50512c1eb404900ee78586faa6d756b8d867ff46a328e6fb4cdf3a87) [33m 2721[2mms[22m[39m
2026-05-15T12:42:19.3954974Z    [33m[2m✓[22m[39m should update the Known Good Release only when the major matches [33m 1365[2mms[22m[39m
2026-05-15T12:42:19.3956925Z    [33m[2m✓[22m[39m should ignore the packageManager field when found within a node_modules vendor [33m 686[2mms[22m[39m
2026-05-15T12:42:19.3958259Z      [32m✓[39m throw on missing version[32m 155[2mms[22m[39m
2026-05-15T12:42:19.3959181Z      [32m✓[39m throw on invalid version[32m 158[2mms[22m[39m
2026-05-15T12:42:19.3960114Z      [33m[2m✓[22m[39m warn on array values [33m 403[2mms[22m[39m
2026-05-15T12:42:19.3961280Z      [33m[2m✓[22m[39m warn on string values [33m 403[2mms[22m[39m
2026-05-15T12:42:19.3962105Z      [33m[2m✓[22m[39m warn on number values [33m 423[2mms[22m[39m
2026-05-15T12:42:19.3963258Z    [32m✓[39m should use hash from "packageManager" even when "devEngines" defines a different one[32m 191[2mms[22m[39m
2026-05-15T12:42:19.3964772Z      [33m[2m✓[22m[39m either in package.json#packageManager field [33m 1078[2mms[22m[39m
2026-05-15T12:42:19.3966321Z      [33m[2m✓[22m[39m should ignore if devEngines.packageManager.onFail is set to "ignore" [33m 720[2mms[22m[39m
2026-05-15T12:42:19.3968021Z      [33m[2m✓[22m[39m should warn if devEngines.packageManager.onFail is set to "warn" [33m 711[2mms[22m[39m
2026-05-15T12:42:19.3969685Z      [32m✓[39m should throw if devEngines.packageManager.onFail is set to "error"[32m 156[2mms[22m[39m
2026-05-15T12:42:19.3970896Z      [32m✓[39m should throw by default[32m 160[2mms[22m[39m
2026-05-15T12:42:19.3972124Z      [33m[2m✓[22m[39m unless onFail is set to "ignore" [33m 707[2mms[22m[39m
2026-05-15T12:42:19.3973511Z      [33m[2m✓[22m[39m unless onFail is set to "warn" [33m 714[2mms[22m[39m
2026-05-15T12:42:19.3974602Z      [32m✓[39m in package.json#packageManager field[32m 158[2mms[22m[39m
2026-05-15T12:42:19.3975742Z    [33m[2m✓[22m[39m should use the closest matching packageManager field [33m 2237[2mms[22m[39m
2026-05-15T12:42:19.3977093Z    [33m[2m✓[22m[39m should expose its root to spawned processes [33m 2297[2mms[22m[39m
2026-05-15T12:42:19.3978681Z    [32m✓[39m shouldn't allow using regular Yarn commands on npm-configured projects[32m 156[2mms[22m[39m
2026-05-15T12:42:19.3980320Z    [33m[2m✓[22m[39m should allow using transparent commands on npm-configured projects [33m 489[2mms[22m[39m
2026-05-15T12:42:19.3982374Z    [33m[2m✓[22m[39m should transparently use the preconfigured version when there is no local project [33m 407[2mms[22m[39m
2026-05-15T12:42:19.3984497Z [31m   [31m×[31m should use the pinned version when local projects don't list any spec (npm)[39m[33m 496[2mms[22m[39m[33m (retry x2)[39m
2026-05-15T12:42:19.3986347Z [31m   [31m×[31m should use the pinned version when local projects don't list any spec (pnpm)[39m[33m 493[2mms[22m[39m[33m (retry x2)[39m
2026-05-15T12:42:19.3988200Z    [33m[2m✓[22m[39m should use the pinned version when local projects don't list any spec (yarn) [33m 404[2mms[22m[39m
2026-05-15T12:42:19.3989658Z      [33m[2m✓[22m[39m should not modify package.json by default [33m 439[2mms[22m[39m
2026-05-15T12:42:19.3990979Z      [33m[2m✓[22m[39m should modify package.json if enabled by env [33m 472[2mms[22m[39m
2026-05-15T12:42:19.3992347Z      [33m[2m✓[22m[39m should modify package.json if enabled by .corepack.env [33m 449[2mms[22m[39m
2026-05-15T12:42:19.3993559Z      [33m[2m✓[22m[39m should not modify package.json if .corepack.env is disabled [33m 448[2mms[22m[39m
2026-05-15T12:42:19.3995129Z    [33m[2m✓[22m[39m should allow updating the pinned version using the "corepack install -g" command [33m 528[2mms[22m[39m
2026-05-15T12:42:19.3996572Z    [33m[2m✓[22m[39m should allow to call "corepack install -g" with a tag [33m 1765[2mms[22m[39m
2026-05-15T12:42:19.3997858Z    [33m[2m✓[22m[39m should allow to call "corepack install -g" without any range [33m 663[2mms[22m[39m
2026-05-15T12:42:19.3999357Z    [33m[2m✓[22m[39m should allow to call "corepack install" without arguments within a configured project [33m 530[2mms[22m[39m
2026-05-15T12:42:19.4001404Z [31m   [31m×[31m should refuse to run a different package manager within a configured project[39m[33m 2043[2mms[22m[39m[33m (retry x2)[39m
2026-05-15T12:42:19.4003258Z [31m   [31m×[31m should always use fallback version when project spec env is disabled[39m[33m 1727[2mms[22m[39m[33m (retry x2)[39m
2026-05-15T12:42:19.4004752Z    [32m✓[39m should support disabling the network accesses from the environment[32m 161[2mms[22m[39m
2026-05-15T12:42:19.4005917Z      [33m[2m✓[22m[39m should support running in project scope [33m 604[2mms[22m[39m
2026-05-15T12:42:19.4006983Z      [33m[2m✓[22m[39m should support running globally [33m 762[2mms[22m[39m
2026-05-15T12:42:19.4008352Z    [33m[2m✓[22m[39m should support hydrating package managers from cached archives [33m 828[2mms[22m[39m
2026-05-15T12:42:19.4009969Z    [33m[2m✓[22m[39m should support hydrating package managers if cache folder was removed [33m 868[2mms[22m[39m
2026-05-15T12:42:19.4011743Z    [33m[2m✓[22m[39m should support hydrating multiple package managers from cached archives [33m 12853[2mms[22m[39m
2026-05-15T12:42:19.4013330Z    [33m[2m✓[22m[39m should support running package managers with bin array [33m 747[2mms[22m[39m
2026-05-15T12:42:19.4014722Z    [33m[2m✓[22m[39m should handle parallel installs [33m 643[2mms[22m[39m
2026-05-15T12:42:19.4015944Z    [32m✓[39m should not override the package manager exit code[32m 162[2mms[22m[39m
2026-05-15T12:42:19.4017713Z    [32m✓[39m should not preserve the process.exitCode when a package manager throws[32m 165[2mms[22m[39m
2026-05-15T12:42:19.4019277Z    [32m✓[39m should not set the exit code after successfully launching the package manager[32m 169[2mms[22m[39m
2026-05-15T12:42:19.4020672Z    [32m✓[39m should support package managers in ESM format[32m 178[2mms[22m[39m
2026-05-15T12:42:19.4021781Z      [33m[2m✓[22m[39m when enabled by the environment [33m 411[2mms[22m[39m
2026-05-15T12:42:19.4022992Z      [33m[2m✓[22m[39m should ignore setting in .corepack.env [33m 411[2mms[22m[39m
2026-05-15T12:42:19.4024124Z    [33m[2m✓[22m[39m should be able to show the latest version [33m 758[2mms[22m[39m
2026-05-15T12:42:19.4025322Z    [33m[2m✓[22m[39m should download yarn classic from custom registry [33m 676[2mms[22m[39m
2026-05-15T12:42:19.4026499Z    [33m[2m✓[22m[39m should download yarn berry from custom registry [33m 747[2mms[22m[39m
2026-05-15T12:42:19.4027705Z    [33m[2m✓[22m[39m should download latest pnpm from custom registry [33m 416[2mms[22m[39m
2026-05-15T12:42:19.4028621Z      [33m[2m✓[22m[39m from env variable [33m 450[2mms[22m[39m
2026-05-15T12:42:19.4029388Z      [33m[2m✓[22m[39m from .corepack.env file [33m 456[2mms[22m[39m
2026-05-15T12:42:19.4030318Z      [33m[2m✓[22m[39m from env file defined by COREPACK_ENV_FILE [33m 448[2mms[22m[39m
2026-05-15T12:42:19.4031618Z      [33m[2m✓[22m[39m from env even if there's a .corepack.env file [33m 458[2mms[22m[39m
2026-05-15T12:42:19.4032972Z      [33m[2m✓[22m[39m should ignore .corepack.env file if COREPACK_ENV_FILE is set to 0 [33m 448[2mms[22m[39m
2026-05-15T12:42:19.4034131Z      [33m[2m✓[22m[39m from env file defined by COREPACK_ENV_FILE [33m 437[2mms[22m[39m
2026-05-15T12:42:19.4034989Z      [32m✓[39m should download yarn classic[32m 245[2mms[22m[39m
2026-05-15T12:42:19.4035911Z      [32m✓[39m should download yarn berry[32m 236[2mms[22m[39m
2026-05-15T12:42:19.4036787Z      [32m✓[39m should download pnpm[32m 279[2mms[22m[39m
2026-05-15T12:42:19.4037785Z      [32m✓[39m should download custom package manager[32m 232[2mms[22m[39m
2026-05-15T12:42:19.4038813Z      [32m✓[39m should download yarn classic[32m 244[2mms[22m[39m
2026-05-15T12:42:19.4039759Z      [32m✓[39m should download yarn berry[32m 233[2mms[22m[39m
2026-05-15T12:42:19.4040635Z      [32m✓[39m should download pnpm[32m 277[2mms[22m[39m
2026-05-15T12:42:19.4041781Z      [32m✓[39m should download custom package manager[32m 233[2mms[22m[39m
2026-05-15T12:42:19.4042816Z      [32m✓[39m should download yarn classic[32m 244[2mms[22m[39m
2026-05-15T12:42:19.4043748Z      [32m✓[39m should download yarn berry[32m 235[2mms[22m[39m
2026-05-15T12:42:19.4044646Z      [32m✓[39m should download pnpm[32m 285[2mms[22m[39m
2026-05-15T12:42:19.4045633Z      [32m✓[39m should download custom package manager[32m 234[2mms[22m[39m
2026-05-15T12:42:19.4046680Z      [32m✓[39m should download yarn classic[32m 292[2mms[22m[39m
2026-05-15T12:42:19.4047627Z      [32m✓[39m should download yarn berry[32m 288[2mms[22m[39m
2026-05-15T12:42:19.4048547Z      [33m[2m✓[22m[39m should download pnpm [33m 309[2mms[22m[39m
2026-05-15T12:42:19.4049579Z      [32m✓[39m should download custom package manager[32m 257[2mms[22m[39m
2026-05-15T12:42:19.4050839Z        [33m[2m✓[22m[39m should return no error when calling 'corepack use' [33m 378[2mms[22m[39m
2026-05-15T12:42:19.4052344Z        [33m[2m✓[22m[39m should return no error when fetching latest version [33m 355[2mms[22m[39m
2026-05-15T12:42:19.4053777Z      [32m✓[39m should return an error when signature does not match with a range[32m 267[2mms[22m[39m
2026-05-15T12:42:19.4055255Z      [32m✓[39m should return an error when signature does not match with a tag[32m 229[2mms[22m[39m
2026-05-15T12:42:19.4056832Z      [33m[2m✓[22m[39m should return an error when hash does not match without a tag [33m 956[2mms[22m[39m
2026-05-15T12:42:19.4058235Z      [33m[2m✓[22m[39m should return an error when signature does not match without a tag [33m 908[2mms[22m[39m
2026-05-15T12:42:19.4059777Z      [33m[2m✓[22m[39m should return an error when signature does not match when version is provided [33m 464[2mms[22m[39m
2026-05-15T12:42:19.4061242Z      [33m[2m✓[22m[39m should return an error when hash does not match [33m 455[2mms[22m[39m
2026-05-15T12:42:19.4062902Z      [33m[2m✓[22m[39m should return no error when signature does not match when hash is provided [33m 465[2mms[22m[39m
2026-05-15T12:42:19.4064155Z      [33m[2m✓[22m[39m should work with npm [33m 2273[2mms[22m[39m
2026-05-15T12:42:19.4064954Z      [33m[2m✓[22m[39m should work with yarn [33m 413[2mms[22m[39m
2026-05-15T12:42:19.4065801Z      [33m[2m✓[22m[39m should work with pnpm [33m 4357[2mms[22m[39m
2026-05-15T12:42:19.4067391Z    [32m✓[39m should still validate devEngines.packageManager.version format when no user version specified[32m 160[2mms[22m[39m
2026-05-15T12:42:19.4401330Z     [90m644|[39m       })[33m;[39m
2026-05-15T12:42:19.4401871Z     [90m645|[39m
2026-05-15T12:42:19.4402366Z     [90m646|[39m       await expect(runCli(cwd, [name, `--version`])).resolves.toMatchO…
2026-05-15T12:42:19.4402918Z     [90m   |[39m                                                    [31m^[39m
2026-05-15T12:42:19.4403518Z     [90m647|[39m         stdout: `${config.definitions[name].default.split(`+`, 1)[0]}\…
2026-05-15T12:42:19.4404276Z     [90m648|[39m         exitCode[33m:[39m [34m0[39m[33m,[39m
2026-05-15T12:42:19.4405243Z [90m [2m❯[22m NodeFS.mktempPromise .yarn/cache/@yarnpkg-fslib-npm-3.1.5-7ab761fefd-e360209a31.zip/node_modules/@yarnpkg/fslib/lib/xfs.js:[2m86:24[22m[39m
2026-05-15T12:42:19.4406248Z [90m [2m❯[22m tests/main.test.ts:[2m641:5[22m[39m
2026-05-15T12:42:19.4406489Z 
2026-05-15T12:42:19.4406726Z [31m[2m⎯⎯⎯⎯⎯⎯⎯⎯⎯⎯⎯⎯⎯⎯⎯⎯⎯⎯⎯⎯⎯⎯⎯[1/12]⎯[22m[39m
2026-05-15T12:42:19.4406926Z 
2026-05-15T12:42:19.4407471Z [41m[1m FAIL [22m[49m tests/main.test.ts[2m > [22mshould use the pinned version when local projects don't list any spec (pnpm)
2026-05-15T12:42:19.4408396Z [41m[1m FAIL [22m[49m tests/main.test.ts[2m > [22mshould use the pinned version when local projects don't list any spec (pnpm)
2026-05-15T12:42:19.4409317Z [41m[1m FAIL [22m[49m tests/main.test.ts[2m > [22mshould use the pinned version when local projects don't list any spec (pnpm)
2026-05-15T12:42:19.4410253Z [31m[1mAssertionError[22m: expected { exitCode: 1, stdout: '', …(1) } to match object { stdout: '11.1.2\n', exitCode: +0 }
2026-05-15T12:42:19.4410852Z (1 matching property omitted from actual)[39m
2026-05-15T12:42:19.4411220Z 
2026-05-15T12:42:19.4411360Z [32m- Expected[39m
2026-05-15T12:42:19.4411613Z [31m+ Received[39m
2026-05-15T12:42:19.4411740Z 
2026-05-15T12:42:19.4411852Z [2m  {[22m
2026-05-15T12:42:19.4412097Z [32m-   "exitCode": 0,[39m
2026-05-15T12:42:19.4412402Z [32m-   "stdout": "11.1.2[39m
2026-05-15T12:42:19.4412662Z [32m- ",[39m
2026-05-15T12:42:19.4412907Z [31m+   "exitCode": 1,[39m
2026-05-15T12:42:19.4413189Z [31m+   "stdout": "",[39m
2026-05-15T12:42:19.4413420Z [2m  }[22m
2026-05-15T12:42:19.4413536Z 
2026-05-15T12:42:19.4413771Z [36m [2m❯[22m tests/main.test.ts:[2m646:52[22m[39m
2026-05-15T12:42:19.4665364Z     [90m644|[39m       })[33m;[39m
2026-05-15T12:42:19.4665729Z     [90m645|[39m
2026-05-15T12:42:19.4666551Z     [90m646|[39m       await expect(runCli(cwd, [name, `--version`])).resolves.toMatchO…
2026-05-15T12:42:19.4667225Z     [90m   |[39m                                                    [31m^[39m
2026-05-15T12:42:19.4667766Z     [90m647|[39m         stdout: `${config.definitions[name].default.split(`+`, 1)[0]}\…
2026-05-15T12:42:19.4668294Z     [90m648|[39m         exitCode[33m:[39m [34m0[39m[33m,[39m
2026-05-15T12:42:19.4669633Z [90m [2m❯[22m NodeFS.mktempPromise .yarn/cache/@yarnpkg-fslib-npm-3.1.5-7ab761fefd-e360209a31.zip/node_modules/@yarnpkg/fslib/lib/xfs.js:[2m86:24[22m[39m
2026-05-15T12:42:19.4670421Z [90m [2m❯[22m tests/main.test.ts:[2m641:5[22m[39m
2026-05-15T12:42:19.4670638Z 
2026-05-15T12:42:19.4670886Z [31m[2m⎯⎯⎯⎯⎯⎯⎯⎯⎯⎯⎯⎯⎯⎯⎯⎯⎯⎯⎯⎯⎯⎯⎯[2/12]⎯[22m[39m
2026-05-15T12:42:19.4671310Z 
2026-05-15T12:42:19.4671898Z [41m[1m FAIL [22m[49m tests/main.test.ts[2m > [22mshould refuse to run a different package manager within a configured project
2026-05-15T12:42:19.4672944Z [41m[1m FAIL [22m[49m tests/main.test.ts[2m > [22mshould refuse to run a different package manager within a configured project
2026-05-15T12:42:19.4673860Z [41m[1m FAIL [22m[49m tests/main.test.ts[2m > [22mshould refuse to run a different package manager within a configured project
2026-05-15T12:42:19.4674826Z [31m[1mAssertionError[22m: expected { exitCode: 1, stdout: '', …(1) } to match object { Object (stdout, stderr, ...) }[39m
2026-05-15T12:42:19.4675241Z 
2026-05-15T12:42:19.4675380Z [32m- Expected[39m
2026-05-15T12:42:19.4675634Z [31m+ Received[39m
2026-05-15T12:42:19.4675759Z 
2026-05-15T12:42:19.4675868Z [2m  {[22m
2026-05-15T12:42:19.4676118Z [32m-   "exitCode": 0,[39m
2026-05-15T12:42:19.4676397Z [32m-   "stderr": "",[39m
2026-05-15T12:42:19.4676696Z [32m-   "stdout": "11.1.2[39m
2026-05-15T12:42:19.4676995Z [31m+   "exitCode": 1,[39m
2026-05-15T12:42:19.4677516Z [31m+   "stderr": "/home/runner/work/corepack/corepack/dist/lib/corepack.cjs:12626[39m
2026-05-15T12:42:19.4677986Z [31m+     throw new Error([39m
2026-05-15T12:42:19.4678261Z [31m+           ^[39m
2026-05-15T12:42:19.4678495Z [31m+[39m
2026-05-15T12:42:19.4679423Z [31m+ Error: Error when performing the request to https://registry.npmjs.org/pnpm/-/pnpm-11.1.2.tgz; for troubleshooting help, see https://github.com/nodejs/corepack#troubleshooting[39m
2026-05-15T12:42:19.4680430Z [31m+     at fetch (/home/runner/work/corepack/corepack/dist/lib/corepack.cjs:12626:11)[39m
2026-05-15T12:42:19.4681306Z [31m+     at async fetchUrlStream (/home/runner/work/corepack/corepack/dist/lib/corepack.cjs:12656:20)[39m
2026-05-15T12:42:19.4682098Z [31m+     at async download (/home/runner/work/corepack/corepack/dist/lib/corepack.cjs:12808:18)[39m
2026-05-15T12:42:19.4682884Z [31m+     at async installVersion (/home/runner/work/corepack/corepack/dist/lib/corepack.cjs:12904:55)[39m
2026-05-15T12:42:19.4683783Z [31m+     at async Engine.ensurePackageManager (/home/runner/work/corepack/corepack/dist/lib/corepack.cjs:13418:32)[39m
2026-05-15T12:42:19.4684769Z [31m+     at async Engine.executePackageManagerRequest (/home/runner/work/corepack/corepack/dist/lib/corepack.cjs:13529:25)[39m
2026-05-15T12:42:19.4685663Z [31m+     at async Object.runMain (/home/runner/work/corepack/corepack/dist/lib/corepack.cjs:14229:7) {[39m
2026-05-15T12:42:19.4686644Z [31m+   [cause]: Error: No mock found for https://registry.npmjs.org/pnpm/-/pnpm-11.1.2.tgz; run the tests with NOCK_ENV=record to generate one[39m
2026-05-15T12:42:19.4687555Z [31m+       at globalThis.fetch (/home/runner/work/corepack/corepack/tests/recordRequests.js:79:22)[39m
2026-05-15T12:42:19.4688292Z [31m+       at fetch (/home/runner/work/corepack/corepack/dist/lib/corepack.cjs:12621:33)[39m
2026-05-15T12:42:19.4689042Z [31m+       at fetchUrlStream (/home/runner/work/corepack/corepack/dist/lib/corepack.cjs:12656:26)[39m
2026-05-15T12:42:19.4689779Z [31m+       at download (/home/runner/work/corepack/corepack/dist/lib/corepack.cjs:12808:24)[39m
2026-05-15T12:42:19.4690520Z [31m+       at installVersion (/home/runner/work/corepack/corepack/dist/lib/corepack.cjs:12904:61)[39m
2026-05-15T12:42:19.4691456Z [31m+       at async Engine.ensurePackageManager (/home/runner/work/corepack/corepack/dist/lib/corepack.cjs:13418:32)[39m
2026-05-15T12:42:19.4692431Z [31m+       at async Engine.executePackageManagerRequest (/home/runner/work/corepack/corepack/dist/lib/corepack.cjs:13529:25)[39m
2026-05-15T12:42:19.4693481Z [31m+       at async Object.runMain (/home/runner/work/corepack/corepack/dist/lib/corepack.cjs:14229:7)[39m
2026-05-15T12:42:19.4693949Z [31m+ }[39m
2026-05-15T12:42:19.4694163Z [31m+[39m
2026-05-15T12:42:19.4694412Z [31m+ Node.js v22.22.2[39m
2026-05-15T12:42:19.4694664Z [2m  ",[22m
2026-05-15T12:42:19.4694906Z [31m+   "stdout": "",[39m
2026-05-15T12:42:19.4695154Z [2m  }[22m
2026-05-15T12:42:19.4695264Z 
2026-05-15T12:42:19.4695503Z [36m [2m❯[22m tests/main.test.ts:[2m823:52[22m[39m
2026-05-15T12:42:19.4929962Z     [90m821|[39m       exitCode[33m:[39m [34m0[39m[33m,[39m
2026-05-15T12:42:19.4930769Z     [90m822|[39m     })[33m;[39m
2026-05-15T12:42:19.4931526Z     [90m823|[39m     await expect(runCli(cwd, [`pnpm`, `--version`])).resolves.toMatchO…
2026-05-15T12:42:19.4932084Z     [90m   |[39m                                                    [31m^[39m
2026-05-15T12:42:19.4933192Z     [90m824|[39m       stdout[33m:[39m [32m`[39m[36m${[39mconfig[33m.[39mdefinitions[33m.[39mpnpm[33m.[39m[35mdefault[39m[33m.[39m[34msplit[39m([32m`+`[39m[33m,[39m [34m1[39m)[[34m0[39m][36m}[39m[32m\n`[39m[33m,[39m
2026-05-15T12:42:19.4934106Z     [90m825|[39m       stderr[33m:[39m [32m``[39m[33m,[39m
2026-05-15T12:42:19.4935074Z [90m [2m❯[22m NodeFS.mktempPromise .yarn/cache/@yarnpkg-fslib-npm-3.1.5-7ab761fefd-e360209a31.zip/node_modules/@yarnpkg/fslib/lib/xfs.js:[2m86:24[22m[39m
2026-05-15T12:42:19.4935863Z [90m [2m❯[22m tests/main.test.ts:[2m799:3[22m[39m
2026-05-15T12:42:19.4936081Z 
2026-05-15T12:42:19.4936322Z [31m[2m⎯⎯⎯⎯⎯⎯⎯⎯⎯⎯⎯⎯⎯⎯⎯⎯⎯⎯⎯⎯⎯⎯⎯[3/12]⎯[22m[39m
2026-05-15T12:42:19.4936518Z 
2026-05-15T12:42:19.4937027Z [41m[1m FAIL [22m[49m tests/main.test.ts[2m > [22mshould always use fallback version when project spec env is disabled
2026-05-15T12:42:19.4937975Z [41m[1m FAIL [22m[49m tests/main.test.ts[2m > [22mshould always use fallback version when project spec env is disabled
2026-05-15T12:42:19.4938849Z [41m[1m FAIL [22m[49m tests/main.test.ts[2m > [22mshould always use fallback version when project spec env is disabled
2026-05-15T12:42:19.4939757Z [31m[1mAssertionError[22m: expected { exitCode: 1, stdout: '', …(1) } to match object { Object (stdout, stderr, ...) }[39m
2026-05-15T12:42:19.4940149Z 
2026-05-15T12:42:19.4940280Z [32m- Expected[39m
2026-05-15T12:42:19.4940532Z [31m+ Received[39m
2026-05-15T12:42:19.4940654Z 
2026-05-15T12:42:19.4940764Z [2m  {[22m
2026-05-15T12:42:19.4941084Z [32m-   "exitCode": 0,[39m
2026-05-15T12:42:19.4941374Z [32m-   "stderr": "",[39m
2026-05-15T12:42:19.4941672Z [32m-   "stdout": "11.1.2[39m
2026-05-15T12:42:19.4941951Z [31m+   "exitCode": 1,[39m
2026-05-15T12:42:19.4942465Z [31m+   "stderr": "/home/runner/work/corepack/corepack/dist/lib/corepack.cjs:12626[39m
2026-05-15T12:42:19.4942928Z [31m+     throw new Error([39m
2026-05-15T12:42:19.4943199Z [31m+           ^[39m
2026-05-15T12:42:19.4943424Z [31m+[39m
2026-05-15T12:42:19.4944409Z [31m+ Error: Error when performing the request to https://registry.npmjs.org/pnpm/-/pnpm-11.1.2.tgz; for troubleshooting help, see https://github.com/nodejs/corepack#troubleshooting[39m
2026-05-15T12:42:19.4945408Z [31m+     at fetch (/home/runner/work/corepack/corepack/dist/lib/corepack.cjs:12626:11)[39m
2026-05-15T12:42:19.4946187Z [31m+     at async fetchUrlStream (/home/runner/work/corepack/corepack/dist/lib/corepack.cjs:12656:20)[39m
2026-05-15T12:42:19.4946961Z [31m+     at async download (/home/runner/work/corepack/corepack/dist/lib/corepack.cjs:12808:18)[39m
2026-05-15T12:42:19.4947745Z [31m+     at async installVersion (/home/runner/work/corepack/corepack/dist/lib/corepack.cjs:12904:55)[39m
2026-05-15T12:42:19.4948623Z [31m+     at async Engine.ensurePackageManager (/home/runner/work/corepack/corepack/dist/lib/corepack.cjs:13418:32)[39m
2026-05-15T12:42:19.4949587Z [31m+     at async Engine.executePackageManagerRequest (/home/runner/work/corepack/corepack/dist/lib/corepack.cjs:13529:25)[39m
2026-05-15T12:42:19.4950691Z [31m+     at async Object.runMain (/home/runner/work/corepack/corepack/dist/lib/corepack.cjs:14229:7) {[39m
2026-05-15T12:42:19.4951749Z [31m+   [cause]: Error: No mock found for https://registry.npmjs.org/pnpm/-/pnpm-11.1.2.tgz; run the tests with NOCK_ENV=record to generate one[39m
2026-05-15T12:42:19.4952662Z [31m+       at globalThis.fetch (/home/runner/work/corepack/corepack/tests/recordRequests.js:79:22)[39m
2026-05-15T12:42:19.4953418Z [31m+       at fetch (/home/runner/work/corepack/corepack/dist/lib/corepack.cjs:12621:33)[39m
2026-05-15T12:42:19.4954242Z [31m+       at fetchUrlStream (/home/runner/work/corepack/corepack/dist/lib/corepack.cjs:12656:26)[39m
2026-05-15T12:42:19.4954997Z [31m+       at download (/home/runner/work/corepack/corepack/dist/lib/corepack.cjs:12808:24)[39m
2026-05-15T12:42:19.4955748Z [31m+       at installVersion (/home/runner/work/corepack/corepack/dist/lib/corepack.cjs:12904:61)[39m
2026-05-15T12:42:19.4956620Z [31m+       at async Engine.ensurePackageManager (/home/runner/work/corepack/corepack/dist/lib/corepack.cjs:13418:32)[39m
2026-05-15T12:42:19.4957611Z [31m+       at async Engine.executePackageManagerRequest (/home/runner/work/corepack/corepack/dist/lib/corepack.cjs:13529:25)[39m
2026-05-15T12:42:19.4958500Z [31m+       at async Object.runMain (/home/runner/work/corepack/corepack/dist/lib/corepack.cjs:14229:7)[39m
2026-05-15T12:42:19.4958966Z [31m+ }[39m
2026-05-15T12:42:19.4959179Z [31m+[39m
2026-05-15T12:42:19.4959424Z [31m+ Node.js v22.22.2[39m
2026-05-15T12:42:19.4959668Z [2m  ",[22m
2026-05-15T12:42:19.4959913Z [31m+   "stdout": "",[39m
2026-05-15T12:42:19.4960154Z [2m  }[22m
2026-05-15T12:42:19.4960268Z 
2026-05-15T12:42:19.4960512Z [36m [2m❯[22m tests/main.test.ts:[2m845:52[22m[39m
2026-05-15T12:42:19.5191523Z     [90m843|[39m       exitCode[33m:[39m [34m0[39m[33m,[39m
2026-05-15T12:42:19.5192046Z     [90m844|[39m     })[33m;[39m
2026-05-15T12:42:19.5192575Z     [90m845|[39m     await expect(runCli(cwd, [`pnpm`, `--version`])).resolves.toMatchO…
2026-05-15T12:42:19.5193167Z     [90m   |[39m                                                    [31m^[39m
2026-05-15T12:42:19.5194244Z     [90m846|[39m       stdout[33m:[39m [32m`[39m[36m${[39mconfig[33m.[39mdefinitions[33m.[39mpnpm[33m.[39m[35mdefault[39m[33m.[39m[34msplit[39m([32m`+`[39m[33m,[39m [34m1[39m)[[34m0[39m][36m}[39m[32m\n`[39m[33m,[39m
2026-05-15T12:42:19.5195151Z     [90m847|[39m       stderr[33m:[39m [32m``[39m[33m,[39m
2026-05-15T12:42:19.5196263Z [90m [2m❯[22m NodeFS.mktempPromise .yarn/cache/@yarnpkg-fslib-npm-3.1.5-7ab761fefd-e360209a31.zip/node_modules/@yarnpkg/fslib/lib/xfs.js:[2m86:24[22m[39m
2026-05-15T12:42:19.5197044Z [90m [2m❯[22m tests/main.test.ts:[2m833:3[22m[39m
2026-05-15T12:42:19.5197261Z 
2026-05-15T12:42:19.5197493Z [31m[2m⎯⎯⎯⎯⎯⎯⎯⎯⎯⎯⎯⎯⎯⎯⎯⎯⎯⎯⎯⎯⎯⎯⎯[4/12]⎯[22m[39m
2026-05-15T12:42:19.5197684Z 
2026-05-15T12:42:19.5197708Z 
2026-05-15T12:42:19.5200338Z [2m Test Files [22m [1m[31m1 failed[39m[22m[2m | [22m[1m[32m7 passed[39m[22m[90m (8)[39m
2026-05-15T12:42:19.5201941Z [2m      Tests [22m [1m[31m4 failed[39m[22m[2m | [22m[1m[32m144 passed[39m[22m[2m | [22m[36m1 expected fail[39m[90m (149)[39m
2026-05-15T12:42:19.5202516Z [2m   Start at [22m 12:40:29
2026-05-15T12:42:19.5203757Z [2m   Duration [22m 110.21s[2m (transform 415ms, setup 173ms, import 1.77s, tests 128.73s, environment 1ms)[22m
2026-05-15T12:42:19.5205348Z 
2026-05-15T12:42:19.5219147Z 
2026-05-15T12:42:19.5243706Z ##[error]AssertionError: expected { exitCode: 1, stdout: '', …(1) } to match object { stdout: '11.14.1\n', exitCode: +0 }
(1 matching property omitted from actual)

- Expected
+ Received

  {
-   "exitCode": 0,
-   "stdout": "11.14.1
- ",
+   "exitCode": 1,
+   "stdout": "",
  }

 ❯ tests/main.test.ts:646:52
 ❯ NodeFS.mktempPromise .yarn/cache/@yarnpkg-fslib-npm-3.1.5-7ab761fefd-e360209a31.zip/node_modules/@yarnpkg/fslib/lib/xfs.js:86:24
 ❯ tests/main.test.ts:641:5


2026-05-15T12:42:19.5252883Z 
2026-05-15T12:42:19.5257024Z ##[error]AssertionError: expected { exitCode: 1, stdout: '', …(1) } to match object { stdout: '11.14.1\n', exitCode: +0 }
(1 matching property omitted from actual)

- Expected
+ Received

  {
-   "exitCode": 0,
-   "stdout": "11.14.1
- ",
+   "exitCode": 1,
+   "stdout": "",
  }

 ❯ tests/main.test.ts:646:52
 ❯ NodeFS.mktempPromise .yarn/cache/@yarnpkg-fslib-npm-3.1.5-7ab761fefd-e360209a31.zip/node_modules/@yarnpkg/fslib/lib/xfs.js:86:24
 ❯ tests/main.test.ts:641:5


2026-05-15T12:42:19.5259008Z 
2026-05-15T12:42:19.5262665Z ##[error]AssertionError: expected { exitCode: 1, stdout: '', …(1) } to match object { stdout: '11.14.1\n', exitCode: +0 }
(1 matching property omitted from actual)

- Expected
+ Received

  {
-   "exitCode": 0,
-   "stdout": "11.14.1
- ",
+   "exitCode": 1,
+   "stdout": "",
  }

 ❯ tests/main.test.ts:646:52
 ❯ NodeFS.mktempPromise .yarn/cache/@yarnpkg-fslib-npm-3.1.5-7ab761fefd-e360209a31.zip/node_modules/@yarnpkg/fslib/lib/xfs.js:86:24
 ❯ tests/main.test.ts:641:5


2026-05-15T12:42:19.5264409Z 
2026-05-15T12:42:19.5267438Z ##[error]AssertionError: expected { exitCode: 1, stdout: '', …(1) } to match object { stdout: '11.1.2\n', exitCode: +0 }
(1 matching property omitted from actual)

- Expected
+ Received

  {
-   "exitCode": 0,
-   "stdout": "11.1.2
- ",
+   "exitCode": 1,
+   "stdout": "",
  }

 ❯ tests/main.test.ts:646:52
 ❯ NodeFS.mktempPromise .yarn/cache/@yarnpkg-fslib-npm-3.1.5-7ab761fefd-e360209a31.zip/node_modules/@yarnpkg/fslib/lib/xfs.js:86:24
 ❯ tests/main.test.ts:641:5


2026-05-15T12:42:19.5269104Z 
2026-05-15T12:42:19.5272304Z ##[error]AssertionError: expected { exitCode: 1, stdout: '', …(1) } to match object { stdout: '11.1.2\n', exitCode: +0 }
(1 matching property omitted from actual)

- Expected
+ Received

  {
-   "exitCode": 0,
-   "stdout": "11.1.2
- ",
+   "exitCode": 1,
+   "stdout": "",
  }

 ❯ tests/main.test.ts:646:52
 ❯ NodeFS.mktempPromise .yarn/cache/@yarnpkg-fslib-npm-3.1.5-7ab761fefd-e360209a31.zip/node_modules/@yarnpkg/fslib/lib/xfs.js:86:24
 ❯ tests/main.test.ts:641:5


2026-05-15T12:42:19.5273995Z 
2026-05-15T12:42:19.5276980Z ##[error]AssertionError: expected { exitCode: 1, stdout: '', …(1) } to match object { stdout: '11.1.2\n', exitCode: +0 }
(1 matching property omitted from actual)

- Expected
+ Received

  {
-   "exitCode": 0,
-   "stdout": "11.1.2
- ",
+   "exitCode": 1,
+   "stdout": "",
  }

 ❯ tests/main.test.ts:646:52
 ❯ NodeFS.mktempPromise .yarn/cache/@yarnpkg-fslib-npm-3.1.5-7ab761fefd-e360209a31.zip/node_modules/@yarnpkg/fslib/lib/xfs.js:86:24
 ❯ tests/main.test.ts:641:5


2026-05-15T12:42:19.5278717Z 
2026-05-15T12:42:19.5294027Z ##[error]AssertionError: expected { exitCode: 1, stdout: '', …(1) } to match object { Object (stdout, stderr, ...) }

- Expected
+ Received

  {
-   "exitCode": 0,
-   "stderr": "",
-   "stdout": "11.1.2
+   "exitCode": 1,
+   "stderr": "/home/runner/work/corepack/corepack/dist/lib/corepack.cjs:12626
+     throw new Error(
+           ^
+
+ Error: Error when performing the request to https://registry.npmjs.org/pnpm/-/pnpm-11.1.2.tgz; for troubleshooting help, see https://github.com/nodejs/corepack#troubleshooting
+     at fetch (/home/runner/work/corepack/corepack/dist/lib/corepack.cjs:12626:11)
+     at async fetchUrlStream (/home/runner/work/corepack/corepack/dist/lib/corepack.cjs:12656:20)
+     at async download (/home/runner/work/corepack/corepack/dist/lib/corepack.cjs:12808:18)
+     at async installVersion (/home/runner/work/corepack/corepack/dist/lib/corepack.cjs:12904:55)
+     at async Engine.ensurePackageManager (/home/runner/work/corepack/corepack/dist/lib/corepack.cjs:13418:32)
+     at async Engine.executePackageManagerRequest (/home/runner/work/corepack/corepack/dist/lib/corepack.cjs:13529:25)
+     at async Object.runMain (/home/runner/work/corepack/corepack/dist/lib/corepack.cjs:14229:7) {
+   [cause]: Error: No mock found for https://registry.npmjs.org/pnpm/-/pnpm-11.1.2.tgz; run the tests with NOCK_ENV=record to generate one
+       at globalThis.fetch (/home/runner/work/corepack/corepack/tests/recordRequests.js:79:22)
+       at fetch (/home/runner/work/corepack/corepack/dist/lib/corepack.cjs:12621:33)
+       at fetchUrlStream (/home/runner/work/corepack/corepack/dist/lib/corepack.cjs:12656:26)
+       at download (/home/runner/work/corepack/corepack/dist/lib/corepack.cjs:12808:24)
+       at installVersion (/home/runner/work/corepack/corepack/dist/lib/corepack.cjs:12904:61)
+       at async Engine.ensurePackageManager (/home/runner/work/corepack/corepack/dist/lib/corepack.cjs:13418:32)
+       at async Engine.executePackageManagerRequest (/home/runner/work/corepack/corepack/dist/lib/corepack.cjs:13529:25)
+       at async Object.runMain (/home/runner/work/corepack/corepack/dist/lib/corepack.cjs:14229:7)
+ }
+
+ Node.js v22.22.2
  ",
+   "stdout": "",
  }

 ❯ tests/main.test.ts:823:52
 ❯ NodeFS.mktempPromise .yarn/cache/@yarnpkg-fslib-npm-3.1.5-7ab761fefd-e360209a31.zip/node_modules/@yarnpkg/fslib/lib/xfs.js:86:24
 ❯ tests/main.test.ts:799:3


2026-05-15T12:42:19.5302153Z 
2026-05-15T12:42:19.5320437Z ##[error]AssertionError: expected { exitCode: 1, stdout: '', …(1) } to match object { Object (stdout, stderr, ...) }

- Expected
+ Received

  {
-   "exitCode": 0,
-   "stderr": "",
-   "stdout": "11.1.2
+   "exitCode": 1,
+   "stderr": "/home/runner/work/corepack/corepack/dist/lib/corepack.cjs:12626
+     throw new Error(
+           ^
+
+ Error: Error when performing the request to https://registry.npmjs.org/pnpm/-/pnpm-11.1.2.tgz; for troubleshooting help, see https://github.com/nodejs/corepack#troubleshooting
+     at fetch (/home/runner/work/corepack/corepack/dist/lib/corepack.cjs:12626:11)
+     at async fetchUrlStream (/home/runner/work/corepack/corepack/dist/lib/corepack.cjs:12656:20)
+     at async download (/home/runner/work/corepack/corepack/dist/lib/corepack.cjs:12808:18)
+     at async installVersion (/home/runner/work/corepack/corepack/dist/lib/corepack.cjs:12904:55)
+     at async Engine.ensurePackageManager (/home/runner/work/corepack/corepack/dist/lib/corepack.cjs:13418:32)
+     at async Engine.executePackageManagerRequest (/home/runner/work/corepack/corepack/dist/lib/corepack.cjs:13529:25)
+     at async Object.runMain (/home/runner/work/corepack/corepack/dist/lib/corepack.cjs:14229:7) {
+   [cause]: Error: No mock found for https://registry.npmjs.org/pnpm/-/pnpm-11.1.2.tgz; run the tests with NOCK_ENV=record to generate one
+       at globalThis.fetch (/home/runner/work/corepack/corepack/tests/recordRequests.js:79:22)
+       at fetch (/home/runner/work/corepack/corepack/dist/lib/corepack.cjs:12621:33)
+       at fetchUrlStream (/home/runner/work/corepack/corepack/dist/lib/corepack.cjs:12656:26)
+       at download (/home/runner/work/corepack/corepack/dist/lib/corepack.cjs:12808:24)
+       at installVersion (/home/runner/work/corepack/corepack/dist/lib/corepack.cjs:12904:61)
+       at async Engine.ensurePackageManager (/home/runner/work/corepack/corepack/dist/lib/corepack.cjs:13418:32)
+       at async Engine.executePackageManagerRequest (/home/runner/work/corepack/corepack/dist/lib/corepack.cjs:13529:25)
+       at async Object.runMain (/home/runner/work/corepack/corepack/dist/lib/corepack.cjs:14229:7)
+ }
+
+ Node.js v22.22.2
  ",
+   "stdout": "",
  }

 ❯ tests/main.test.ts:823:52
 ❯ NodeFS.mktempPromise .yarn/cache/@yarnpkg-fslib-npm-3.1.5-7ab761fefd-e360209a31.zip/node_modules/@yarnpkg/fslib/lib/xfs.js:86:24
 ❯ tests/main.test.ts:799:3


2026-05-15T12:42:19.5328951Z 
2026-05-15T12:42:19.5346056Z ##[error]AssertionError: expected { exitCode: 1, stdout: '', …(1) } to match object { Object (stdout, stderr, ...) }

- Expected
+ Received

  {
-   "exitCode": 0,
-   "stderr": "",
-   "stdout": "11.1.2
+   "exitCode": 1,
+   "stderr": "/home/runner/work/corepack/corepack/dist/lib/corepack.cjs:12626
+     throw new Error(
+           ^
+
+ Error: Error when performing the request to https://registry.npmjs.org/pnpm/-/pnpm-11.1.2.tgz; for troubleshooting help, see https://github.com/nodejs/corepack#troubleshooting
+     at fetch (/home/runner/work/corepack/corepack/dist/lib/corepack.cjs:12626:11)
+     at async fetchUrlStream (/home/runner/work/corepack/corepack/dist/lib/corepack.cjs:12656:20)
+     at async download (/home/runner/work/corepack/corepack/dist/lib/corepack.cjs:12808:18)
+     at async installVersion (/home/runner/work/corepack/corepack/dist/lib/corepack.cjs:12904:55)
+     at async Engine.ensurePackageManager (/home/runner/work/corepack/corepack/dist/lib/corepack.cjs:13418:32)
+     at async Engine.executePackageManagerRequest (/home/runner/work/corepack/corepack/dist/lib/corepack.cjs:13529:25)
+     at async Object.runMain (/home/runner/work/corepack/corepack/dist/lib/corepack.cjs:14229:7) {
+   [cause]: Error: No mock found for https://registry.npmjs.org/pnpm/-/pnpm-11.1.2.tgz; run the tests with NOCK_ENV=record to generate one
+       at globalThis.fetch (/home/runner/work/corepack/corepack/tests/recordRequests.js:79:22)
+       at fetch (/home/runner/work/corepack/corepack/dist/lib/corepack.cjs:12621:33)
+       at fetchUrlStream (/home/runner/work/corepack/corepack/dist/lib/corepack.cjs:12656:26)
+       at download (/home/runner/work/corepack/corepack/dist/lib/corepack.cjs:12808:24)
+       at installVersion (/home/runner/work/corepack/corepack/dist/lib/corepack.cjs:12904:61)
+       at async Engine.ensurePackageManager (/home/runner/work/corepack/corepack/dist/lib/corepack.cjs:13418:32)
+       at async Engine.executePackageManagerRequest (/home/runner/work/corepack/corepack/dist/lib/corepack.cjs:13529:25)
+       at async Object.runMain (/home/runner/work/corepack/corepack/dist/lib/corepack.cjs:14229:7)
+ }
+
+ Node.js v22.22.2
  ",
+   "stdout": "",
  }

 ❯ tests/main.test.ts:823:52
 ❯ NodeFS.mktempPromise .yarn/cache/@yarnpkg-fslib-npm-3.1.5-7ab761fefd-e360209a31.zip/node_modules/@yarnpkg/fslib/lib/xfs.js:86:24
 ❯ tests/main.test.ts:799:3


2026-05-15T12:42:19.5354235Z 
2026-05-15T12:42:19.5370255Z ##[error]AssertionError: expected { exitCode: 1, stdout: '', …(1) } to match object { Object (stdout, stderr, ...) }

- Expected
+ Received

  {
-   "exitCode": 0,
-   "stderr": "",
-   "stdout": "11.1.2
+   "exitCode": 1,
+   "stderr": "/home/runner/work/corepack/corepack/dist/lib/corepack.cjs:12626
+     throw new Error(
+           ^
+
+ Error: Error when performing the request to https://registry.npmjs.org/pnpm/-/pnpm-11.1.2.tgz; for troubleshooting help, see https://github.com/nodejs/corepack#troubleshooting
+     at fetch (/home/runner/work/corepack/corepack/dist/lib/corepack.cjs:12626:11)
+     at async fetchUrlStream (/home/runner/work/corepack/corepack/dist/lib/corepack.cjs:12656:20)
+     at async download (/home/runner/work/corepack/corepack/dist/lib/corepack.cjs:12808:18)
+     at async installVersion (/home/runner/work/corepack/corepack/dist/lib/corepack.cjs:12904:55)
+     at async Engine.ensurePackageManager (/home/runner/work/corepack/corepack/dist/lib/corepack.cjs:13418:32)
+     at async Engine.executePackageManagerRequest (/home/runner/work/corepack/corepack/dist/lib/corepack.cjs:13529:25)
+     at async Object.runMain (/home/runner/work/corepack/corepack/dist/lib/corepack.cjs:14229:7) {
+   [cause]: Error: No mock found for https://registry.npmjs.org/pnpm/-/pnpm-11.1.2.tgz; run the tests with NOCK_ENV=record to generate one
+       at globalThis.fetch (/home/runner/work/corepack/corepack/tests/recordRequests.js:79:22)
+       at fetch (/home/runner/work/corepack/corepack/dist/lib/corepack.cjs:12621:33)
+       at fetchUrlStream (/home/runner/work/corepack/corepack/dist/lib/corepack.cjs:12656:26)
+       at download (/home/runner/work/corepack/corepack/dist/lib/corepack.cjs:12808:24)
+       at installVersion (/home/runner/work/corepack/corepack/dist/lib/corepack.cjs:12904:61)
+       at async Engine.ensurePackageManager (/home/runner/work/corepack/corepack/dist/lib/corepack.cjs:13418:32)
+       at async Engine.executePackageManagerRequest (/home/runner/work/corepack/corepack/dist/lib/corepack.cjs:13529:25)
+       at async Object.runMain (/home/runner/work/corepack/corepack/dist/lib/corepack.cjs:14229:7)
+ }
+
+ Node.js v22.22.2
  ",
+   "stdout": "",
  }

 ❯ tests/main.test.ts:845:52
 ❯ NodeFS.mktempPromise .yarn/cache/@yarnpkg-fslib-npm-3.1.5-7ab761fefd-e360209a31.zip/node_modules/@yarnpkg/fslib/lib/xfs.js:86:24
 ❯ tests/main.test.ts:833:3


2026-05-15T12:42:19.5378720Z 
2026-05-15T12:42:19.5396024Z ##[error]AssertionError: expected { exitCode: 1, stdout: '', …(1) } to match object { Object (stdout, stderr, ...) }

- Expected
+ Received

  {
-   "exitCode": 0,
-   "stderr": "",
-   "stdout": "11.1.2
+   "exitCode": 1,
+   "stderr": "/home/runner/work/corepack/corepack/dist/lib/corepack.cjs:12626
+     throw new Error(
+           ^
+
+ Error: Error when performing the request to https://registry.npmjs.org/pnpm/-/pnpm-11.1.2.tgz; for troubleshooting help, see https://github.com/nodejs/corepack#troubleshooting
+     at fetch (/home/runner/work/corepack/corepack/dist/lib/corepack.cjs:12626:11)
+     at async fetchUrlStream (/home/runner/work/corepack/corepack/dist/lib/corepack.cjs:12656:20)
+     at async download (/home/runner/work/corepack/corepack/dist/lib/corepack.cjs:12808:18)
+     at async installVersion (/home/runner/work/corepack/corepack/dist/lib/corepack.cjs:12904:55)
+     at async Engine.ensurePackageManager (/home/runner/work/corepack/corepack/dist/lib/corepack.cjs:13418:32)
+     at async Engine.executePackageManagerRequest (/home/runner/work/corepack/corepack/dist/lib/corepack.cjs:13529:25)
+     at async Object.runMain (/home/runner/work/corepack/corepack/dist/lib/corepack.cjs:14229:7) {
+   [cause]: Error: No mock found for https://registry.npmjs.org/pnpm/-/pnpm-11.1.2.tgz; run the tests with NOCK_ENV=record to generate one
+       at globalThis.fetch (/home/runner/work/corepack/corepack/tests/recordRequests.js:79:22)
+       at fetch (/home/runner/work/corepack/corepack/dist/lib/corepack.cjs:12621:33)
+       at fetchUrlStream (/home/runner/work/corepack/corepack/dist/lib/corepack.cjs:12656:26)
+       at download (/home/runner/work/corepack/corepack/dist/lib/corepack.cjs:12808:24)
+       at installVersion (/home/runner/work/corepack/corepack/dist/lib/corepack.cjs:12904:61)
+       at async Engine.ensurePackageManager (/home/runner/work/corepack/corepack/dist/lib/corepack.cjs:13418:32)
+       at async Engine.executePackageManagerRequest (/home/runner/work/corepack/corepack/dist/lib/corepack.cjs:13529:25)
+       at async Object.runMain (/home/runner/work/corepack/corepack/dist/lib/corepack.cjs:14229:7)
+ }
+
+ Node.js v22.22.2
  ",
+   "stdout": "",
  }

 ❯ tests/main.test.ts:845:52
 ❯ NodeFS.mktempPromise .yarn/cache/@yarnpkg-fslib-npm-3.1.5-7ab761fefd-e360209a31.zip/node_modules/@yarnpkg/fslib/lib/xfs.js:86:24
 ❯ tests/main.test.ts:833:3


2026-05-15T12:42:19.5404454Z 
2026-05-15T12:42:19.5420285Z ##[error]AssertionError: expected { exitCode: 1, stdout: '', …(1) } to match object { Object (stdout, stderr, ...) }

- Expected
+ Received

  {
-   "exitCode": 0,
-   "stderr": "",
-   "stdout": "11.1.2
+   "exitCode": 1,
+   "stderr": "/home/runner/work/corepack/corepack/dist/lib/corepack.cjs:12626
+     throw new Error(
+           ^
+
+ Error: Error when performing the request to https://registry.npmjs.org/pnpm/-/pnpm-11.1.2.tgz; for troubleshooting help, see https://github.com/nodejs/corepack#troubleshooting
+     at fetch (/home/runner/work/corepack/corepack/dist/lib/corepack.cjs:12626:11)
+     at async fetchUrlStream (/home/runner/work/corepack/corepack/dist/lib/corepack.cjs:12656:20)
+     at async download (/home/runner/work/corepack/corepack/dist/lib/corepack.cjs:12808:18)
+     at async installVersion (/home/runner/work/corepack/corepack/dist/lib/corepack.cjs:12904:55)
+     at async Engine.ensurePackageManager (/home/runner/work/corepack/corepack/dist/lib/corepack.cjs:13418:32)
+     at async Engine.executePackageManagerRequest (/home/runner/work/corepack/corepack/dist/lib/corepack.cjs:13529:25)
+     at async Object.runMain (/home/runner/work/corepack/corepack/dist/lib/corepack.cjs:14229:7) {
+   [cause]: Error: No mock found for https://registry.npmjs.org/pnpm/-/pnpm-11.1.2.tgz; run the tests with NOCK_ENV=record to generate one
+       at globalThis.fetch (/home/runner/work/corepack/corepack/tests/recordRequests.js:79:22)
+       at fetch (/home/runner/work/corepack/corepack/dist/lib/corepack.cjs:12621:33)
+       at fetchUrlStream (/home/runner/work/corepack/corepack/dist/lib/corepack.cjs:12656:26)
+       at download (/home/runner/work/corepack/corepack/dist/lib/corepack.cjs:12808:24)
+       at installVersion (/home/runner/work/corepack/corepack/dist/lib/corepack.cjs:12904:61)
+       at async Engine.ensurePackageManager (/home/runner/work/corepack/corepack/dist/lib/corepack.cjs:13418:32)
+       at async Engine.executePackageManagerRequest (/home/runner/work/corepack/corepack/dist/lib/corepack.cjs:13529:25)
+       at async Object.runMain (/home/runner/work/corepack/corepack/dist/lib/corepack.cjs:14229:7)
+ }
+
+ Node.js v22.22.2
  ",
+   "stdout": "",
  }

 ❯ tests/main.test.ts:845:52
 ❯ NodeFS.mktempPromise .yarn/cache/@yarnpkg-fslib-npm-3.1.5-7ab761fefd-e360209a31.zip/node_modules/@yarnpkg/fslib/lib/xfs.js:86:24
 ❯ tests/main.test.ts:833:3


2026-05-15T12:42:19.5517699Z ##[error]Process completed with exit code 1.
2026-05-15T12:42:19.5614032Z Post job cleanup.
2026-05-15T12:42:19.6468873Z [command]/usr/bin/git version
2026-05-15T12:42:19.6502953Z git version 2.54.0
2026-05-15T12:42:19.6541378Z Temporarily overriding HOME='/home/runner/work/_temp/5fd8caf6-09b7-4668-ac1e-376f7bd0db8f' before making global git config changes
2026-05-15T12:42:19.6542910Z Adding repository directory to the temporary git global config as a safe directory
2026-05-15T12:42:19.6547621Z [command]/usr/bin/git config --global --add safe.directory /home/runner/work/corepack/corepack
2026-05-15T12:42:19.6577697Z Removing SSH command configuration
2026-05-15T12:42:19.6584674Z [command]/usr/bin/git config --local --name-only --get-regexp core\.sshCommand
2026-05-15T12:42:19.6616944Z [command]/usr/bin/git submodule foreach --recursive sh -c "git config --local --name-only --get-regexp 'core\.sshCommand' && git config --local --unset-all 'core.sshCommand' || :"
2026-05-15T12:42:19.6797241Z Removing HTTP extra header
2026-05-15T12:42:19.6802941Z [command]/usr/bin/git config --local --name-only --get-regexp http\.https\:\/\/github\.com\/\.extraheader
2026-05-15T12:42:19.6833156Z [command]/usr/bin/git submodule foreach --recursive sh -c "git config --local --name-only --get-regexp 'http\.https\:\/\/github\.com\/\.extraheader' && git config --local --unset-all 'http.https://github.com/.extraheader' || :"
2026-05-15T12:42:19.7019163Z Removing includeIf entries pointing to credentials config files
2026-05-15T12:42:19.7029081Z [command]/usr/bin/git config --local --name-only --get-regexp ^includeIf\.gitdir:
2026-05-15T12:42:19.7059066Z includeif.gitdir:/home/runner/work/corepack/corepack/.git.path
2026-05-15T12:42:19.7059871Z includeif.gitdir:/home/runner/work/corepack/corepack/.git/worktrees/*.path
2026-05-15T12:42:19.7060326Z includeif.gitdir:/github/workspace/.git.path
2026-05-15T12:42:19.7060731Z includeif.gitdir:/github/workspace/.git/worktrees/*.path
2026-05-15T12:42:19.7071169Z [command]/usr/bin/git config --local --get-all includeif.gitdir:/home/runner/work/corepack/corepack/.git.path
2026-05-15T12:42:19.7094873Z /home/runner/work/_temp/git-credentials-461389ad-dd21-4d55-b437-1dd21b81158e.config
2026-05-15T12:42:19.7109031Z [command]/usr/bin/git config --local --unset includeif.gitdir:/home/runner/work/corepack/corepack/.git.path /home/runner/work/_temp/git-credentials-461389ad-dd21-4d55-b437-1dd21b81158e.config
2026-05-15T12:42:19.7148471Z [command]/usr/bin/git config --local --get-all includeif.gitdir:/home/runner/work/corepack/corepack/.git/worktrees/*.path
2026-05-15T12:42:19.7171903Z /home/runner/work/_temp/git-credentials-461389ad-dd21-4d55-b437-1dd21b81158e.config
2026-05-15T12:42:19.7187147Z [command]/usr/bin/git config --local --unset includeif.gitdir:/home/runner/work/corepack/corepack/.git/worktrees/*.path /home/runner/work/_temp/git-credentials-461389ad-dd21-4d55-b437-1dd21b81158e.config
2026-05-15T12:42:19.7218663Z [command]/usr/bin/git config --local --get-all includeif.gitdir:/github/workspace/.git.path
2026-05-15T12:42:19.7237894Z /github/runner_temp/git-credentials-461389ad-dd21-4d55-b437-1dd21b81158e.config
2026-05-15T12:42:19.7244116Z [command]/usr/bin/git config --local --unset includeif.gitdir:/github/workspace/.git.path /github/runner_temp/git-credentials-461389ad-dd21-4d55-b437-1dd21b81158e.config
2026-05-15T12:42:19.7270475Z [command]/usr/bin/git config --local --get-all includeif.gitdir:/github/workspace/.git/worktrees/*.path
2026-05-15T12:42:19.7288455Z /github/runner_temp/git-credentials-461389ad-dd21-4d55-b437-1dd21b81158e.config
2026-05-15T12:42:19.7296422Z [command]/usr/bin/git config --local --unset includeif.gitdir:/github/workspace/.git/worktrees/*.path /github/runner_temp/git-credentials-461389ad-dd21-4d55-b437-1dd21b81158e.config
2026-05-15T12:42:19.7325822Z [command]/usr/bin/git submodule foreach --recursive git config --local --show-origin --name-only --get-regexp remote.origin.url
2026-05-15T12:42:19.7500433Z Removing credentials config '/home/runner/work/_temp/git-credentials-461389ad-dd21-4d55-b437-1dd21b81158e.config'
2026-05-15T12:42:19.7624652Z Cleaning up orphan processes
