2026-03-08T08:03:26.3207542Z Current runner version: '2.332.0'
2026-03-08T08:03:26.3234384Z ##[group]Runner Image Provisioner
2026-03-08T08:03:26.3235314Z Hosted Compute Agent
2026-03-08T08:03:26.3235879Z Version: 20260213.493
2026-03-08T08:03:26.3236497Z Commit: 5c115507f6dd24b8de37d8bbe0bb4509d0cc0fa3
2026-03-08T08:03:26.3237234Z Build Date: 2026-02-13T00:28:41Z
2026-03-08T08:03:26.3237888Z Worker ID: {7e504c30-d056-4252-9480-88da1da00511}
2026-03-08T08:03:26.3238541Z Azure Region: eastus
2026-03-08T08:03:26.3239191Z ##[endgroup]
2026-03-08T08:03:26.3241034Z ##[group]Operating System
2026-03-08T08:03:26.3241620Z Ubuntu
2026-03-08T08:03:26.3242244Z 24.04.3
2026-03-08T08:03:26.3242843Z LTS
2026-03-08T08:03:26.3243295Z ##[endgroup]
2026-03-08T08:03:26.3243845Z ##[group]Runner Image
2026-03-08T08:03:26.3244410Z Image: ubuntu-24.04
2026-03-08T08:03:26.3244882Z Version: 20260302.42.1
2026-03-08T08:03:26.3246142Z Included Software: https://github.com/actions/runner-images/blob/ubuntu24/20260302.42/images/ubuntu/Ubuntu2404-Readme.md
2026-03-08T08:03:26.3247632Z Image Release: https://github.com/actions/runner-images/releases/tag/ubuntu24%2F20260302.42
2026-03-08T08:03:26.3248609Z ##[endgroup]
2026-03-08T08:03:26.3249712Z ##[group]GITHUB_TOKEN Permissions
2026-03-08T08:03:26.3251973Z Attestations: read
2026-03-08T08:03:26.3252728Z Contents: read
2026-03-08T08:03:26.3253232Z Metadata: read
2026-03-08T08:03:26.3253802Z ##[endgroup]
2026-03-08T08:03:26.3256159Z Secret source: None
2026-03-08T08:03:26.3257162Z Prepare workflow directory
2026-03-08T08:03:26.3788862Z Prepare all required actions
2026-03-08T08:03:26.3828415Z Getting action download info
2026-03-08T08:03:26.7119615Z Download action repository 'actions/checkout@v6' (SHA:de0fac2e4500dabe0009e67214ff5f5447ce83dd)
2026-03-08T08:03:26.8526074Z Download action repository 'dtolnay/rust-toolchain@stable' (SHA:631a55b12751854ce901bb631d5902ceb48146f7)
2026-03-08T08:03:27.0524233Z Download action repository 'actions/upload-artifact@bbbca2ddaa5d8feaa63e36b76fdaad77386f024f' (SHA:bbbca2ddaa5d8feaa63e36b76fdaad77386f024f)
2026-03-08T08:03:27.2722063Z Download action repository 'actions/attest@59d89421af93a897026c735860bf21b6eb4f7b26' (SHA:59d89421af93a897026c735860bf21b6eb4f7b26)
2026-03-08T08:03:27.5313661Z Download action repository 'softprops/action-gh-release@a06a81a03ee405af7f2048a818ed3f03bbf83c7b' (SHA:a06a81a03ee405af7f2048a818ed3f03bbf83c7b)
2026-03-08T08:03:27.9112095Z Complete job name: x86_64-unknown-linux-musl (ubuntu-24.04)
2026-03-08T08:03:27.9959797Z ##[group]Run actions/checkout@v6
2026-03-08T08:03:27.9989750Z with:
2026-03-08T08:03:27.9990836Z   persist-credentials: false
2026-03-08T08:03:27.9991746Z   repository: sharkdp/fd
2026-03-08T08:03:27.9993062Z   token: ***
2026-03-08T08:03:27.9993770Z   ssh-strict: true
2026-03-08T08:03:27.9994481Z   ssh-user: git
2026-03-08T08:03:27.9995165Z   clean: true
2026-03-08T08:03:27.9995910Z   sparse-checkout-cone-mode: true
2026-03-08T08:03:27.9996802Z   fetch-depth: 1
2026-03-08T08:03:27.9997516Z   fetch-tags: false
2026-03-08T08:03:27.9998238Z   show-progress: true
2026-03-08T08:03:27.9998999Z   lfs: false
2026-03-08T08:03:27.9999655Z   submodules: false
2026-03-08T08:03:28.0000402Z   set-safe-directory: true
2026-03-08T08:03:28.0001605Z env:
2026-03-08T08:03:28.0002356Z   CICD_INTERMEDIATES_DIR: _cicd-intermediates
2026-03-08T08:03:28.0003645Z   MSRV_FEATURES: --all-features
2026-03-08T08:03:28.0004498Z   BUILD_CMD: cross
2026-03-08T08:03:28.0005273Z   target: x86_64-unknown-linux-musl
2026-03-08T08:03:28.0006122Z   name: fd
2026-03-08T08:03:28.0006765Z ##[endgroup]
2026-03-08T08:03:28.0977436Z Syncing repository: sharkdp/fd
2026-03-08T08:03:28.0979759Z ##[group]Getting Git version info
2026-03-08T08:03:28.0980854Z Working directory is '/home/runner/work/fd/fd'
2026-03-08T08:03:28.0982638Z [command]/usr/bin/git version
2026-03-08T08:03:28.1039098Z git version 2.53.0
2026-03-08T08:03:28.1063187Z ##[endgroup]
2026-03-08T08:03:28.1077897Z Temporarily overriding HOME='/home/runner/work/_temp/9c8f400e-c0f3-40f2-b211-afcf9c6396a9' before making global git config changes
2026-03-08T08:03:28.1080705Z Adding repository directory to the temporary git global config as a safe directory
2026-03-08T08:03:28.1083407Z [command]/usr/bin/git config --global --add safe.directory /home/runner/work/fd/fd
2026-03-08T08:03:28.1124109Z Deleting the contents of '/home/runner/work/fd/fd'
2026-03-08T08:03:28.1128841Z ##[group]Initializing the repository
2026-03-08T08:03:28.1133198Z [command]/usr/bin/git init /home/runner/work/fd/fd
2026-03-08T08:03:28.1245176Z hint: Using 'master' as the name for the initial branch. This default branch name
2026-03-08T08:03:28.1247642Z hint: will change to "main" in Git 3.0. To configure the initial branch name
2026-03-08T08:03:28.1250192Z hint: to use in all of your new repositories, which will suppress this warning,
2026-03-08T08:03:28.1252270Z hint: call:
2026-03-08T08:03:28.1253436Z hint:
2026-03-08T08:03:28.1254429Z hint: 	git config --global init.defaultBranch <name>
2026-03-08T08:03:28.1255789Z hint:
2026-03-08T08:03:28.1257122Z hint: Names commonly chosen instead of 'master' are 'main', 'trunk' and
2026-03-08T08:03:28.1259205Z hint: 'development'. The just-created branch can be renamed via this command:
2026-03-08T08:03:28.1261339Z hint:
2026-03-08T08:03:28.1262068Z hint: 	git branch -m <name>
2026-03-08T08:03:28.1263213Z hint:
2026-03-08T08:03:28.1264283Z hint: Disable this message with "git config set advice.defaultBranchName false"
2026-03-08T08:03:28.1266168Z Initialized empty Git repository in /home/runner/work/fd/fd/.git/
2026-03-08T08:03:28.1268699Z [command]/usr/bin/git remote add origin https://github.com/sharkdp/fd
2026-03-08T08:03:28.1298603Z ##[endgroup]
2026-03-08T08:03:28.1300166Z ##[group]Disabling automatic garbage collection
2026-03-08T08:03:28.1302060Z [command]/usr/bin/git config --local gc.auto 0
2026-03-08T08:03:28.1365643Z ##[endgroup]
2026-03-08T08:03:28.1367085Z ##[group]Setting up auth
2026-03-08T08:03:28.1368008Z Removing SSH command configuration
2026-03-08T08:03:28.1372922Z [command]/usr/bin/git config --local --name-only --get-regexp core\.sshCommand
2026-03-08T08:03:28.1406539Z [command]/usr/bin/git submodule foreach --recursive sh -c "git config --local --name-only --get-regexp 'core\.sshCommand' && git config --local --unset-all 'core.sshCommand' || :"
2026-03-08T08:03:28.1760466Z Removing HTTP extra header
2026-03-08T08:03:28.1766676Z [command]/usr/bin/git config --local --name-only --get-regexp http\.https\:\/\/github\.com\/\.extraheader
2026-03-08T08:03:28.1802336Z [command]/usr/bin/git submodule foreach --recursive sh -c "git config --local --name-only --get-regexp 'http\.https\:\/\/github\.com\/\.extraheader' && git config --local --unset-all 'http.https://github.com/.extraheader' || :"
2026-03-08T08:03:28.2046629Z Removing includeIf entries pointing to credentials config files
2026-03-08T08:03:28.2052321Z [command]/usr/bin/git config --local --name-only --get-regexp ^includeIf\.gitdir:
2026-03-08T08:03:28.2086541Z [command]/usr/bin/git submodule foreach --recursive git config --local --show-origin --name-only --get-regexp remote.origin.url
2026-03-08T08:03:28.2325564Z [command]/usr/bin/git config --file /home/runner/work/_temp/git-credentials-2d51122b-cdd1-44e4-9165-79b91bfff333.config http.https://github.com/.extraheader AUTHORIZATION: basic ***
2026-03-08T08:03:28.2363662Z [command]/usr/bin/git config --local includeIf.gitdir:/home/runner/work/fd/fd/.git.path /home/runner/work/_temp/git-credentials-2d51122b-cdd1-44e4-9165-79b91bfff333.config
2026-03-08T08:03:28.2396045Z [command]/usr/bin/git config --local includeIf.gitdir:/home/runner/work/fd/fd/.git/worktrees/*.path /home/runner/work/_temp/git-credentials-2d51122b-cdd1-44e4-9165-79b91bfff333.config
2026-03-08T08:03:28.2429315Z [command]/usr/bin/git config --local includeIf.gitdir:/github/workspace/.git.path /github/runner_temp/git-credentials-2d51122b-cdd1-44e4-9165-79b91bfff333.config
2026-03-08T08:03:28.2463087Z [command]/usr/bin/git config --local includeIf.gitdir:/github/workspace/.git/worktrees/*.path /github/runner_temp/git-credentials-2d51122b-cdd1-44e4-9165-79b91bfff333.config
2026-03-08T08:03:28.2491790Z ##[endgroup]
2026-03-08T08:03:28.2493470Z ##[group]Fetching the repository
2026-03-08T08:03:28.2500551Z [command]/usr/bin/git -c protocol.version=2 fetch --no-tags --prune --no-recurse-submodules --depth=1 origin +108b482e3d5290cbdbe95300122549578d5bd2e2:refs/remotes/pull/1906/merge
2026-03-08T08:03:28.4533844Z From https://github.com/sharkdp/fd
2026-03-08T08:03:28.4535350Z  * [new ref]         108b482e3d5290cbdbe95300122549578d5bd2e2 -> pull/1906/merge
2026-03-08T08:03:28.4571225Z ##[endgroup]
2026-03-08T08:03:28.4574696Z ##[group]Determining the checkout info
2026-03-08T08:03:28.4577017Z ##[endgroup]
2026-03-08T08:03:28.4578938Z [command]/usr/bin/git sparse-checkout disable
2026-03-08T08:03:28.4628899Z [command]/usr/bin/git config --local --unset-all extensions.worktreeConfig
2026-03-08T08:03:28.4659783Z ##[group]Checking out the ref
2026-03-08T08:03:28.4663280Z [command]/usr/bin/git checkout --progress --force refs/remotes/pull/1906/merge
2026-03-08T08:03:28.4756926Z Note: switching to 'refs/remotes/pull/1906/merge'.
2026-03-08T08:03:28.4758269Z 
2026-03-08T08:03:28.4759022Z You are in 'detached HEAD' state. You can look around, make experimental
2026-03-08T08:03:28.4760940Z changes and commit them, and you can discard any commits you make in this
2026-03-08T08:03:28.4764013Z state without impacting any branches by switching back to a branch.
2026-03-08T08:03:28.4765684Z 
2026-03-08T08:03:28.4766805Z If you want to create a new branch to retain commits you create, you may
2026-03-08T08:03:28.4769381Z do so (now or later) by using -c with the switch command. Example:
2026-03-08T08:03:28.4770948Z 
2026-03-08T08:03:28.4771569Z   git switch -c <new-branch-name>
2026-03-08T08:03:28.4772848Z 
2026-03-08T08:03:28.4773407Z Or undo this operation with:
2026-03-08T08:03:28.4774319Z 
2026-03-08T08:03:28.4774804Z   git switch -
2026-03-08T08:03:28.4775464Z 
2026-03-08T08:03:28.4776646Z Turn off this advice by setting config variable advice.detachedHead to false
2026-03-08T08:03:28.4778270Z 
2026-03-08T08:03:28.4779400Z HEAD is now at 108b482 Merge 1ea3719c89b29c4f125b627f8478e2b89ea480db into aa35ef4e458353b64664aa4a8b5e16c60bdd1b5b
2026-03-08T08:03:28.4782960Z ##[endgroup]
2026-03-08T08:03:28.4806555Z [command]/usr/bin/git log -1 --format=%H
2026-03-08T08:03:28.4832724Z 108b482e3d5290cbdbe95300122549578d5bd2e2
2026-03-08T08:03:28.4843468Z ##[group]Removing auth
2026-03-08T08:03:28.4844696Z Removing SSH command configuration
2026-03-08T08:03:28.4847199Z [command]/usr/bin/git config --local --name-only --get-regexp core\.sshCommand
2026-03-08T08:03:28.4880498Z [command]/usr/bin/git submodule foreach --recursive sh -c "git config --local --name-only --get-regexp 'core\.sshCommand' && git config --local --unset-all 'core.sshCommand' || :"
2026-03-08T08:03:28.5119484Z Removing HTTP extra header
2026-03-08T08:03:28.5124119Z [command]/usr/bin/git config --local --name-only --get-regexp http\.https\:\/\/github\.com\/\.extraheader
2026-03-08T08:03:28.5162184Z [command]/usr/bin/git submodule foreach --recursive sh -c "git config --local --name-only --get-regexp 'http\.https\:\/\/github\.com\/\.extraheader' && git config --local --unset-all 'http.https://github.com/.extraheader' || :"
2026-03-08T08:03:28.5400822Z Removing includeIf entries pointing to credentials config files
2026-03-08T08:03:28.5404241Z [command]/usr/bin/git config --local --name-only --get-regexp ^includeIf\.gitdir:
2026-03-08T08:03:28.5429212Z includeif.gitdir:/home/runner/work/fd/fd/.git.path
2026-03-08T08:03:28.5430786Z includeif.gitdir:/home/runner/work/fd/fd/.git/worktrees/*.path
2026-03-08T08:03:28.5432172Z includeif.gitdir:/github/workspace/.git.path
2026-03-08T08:03:28.5434281Z includeif.gitdir:/github/workspace/.git/worktrees/*.path
2026-03-08T08:03:28.5439994Z [command]/usr/bin/git config --local --get-all includeif.gitdir:/home/runner/work/fd/fd/.git.path
2026-03-08T08:03:28.5463055Z /home/runner/work/_temp/git-credentials-2d51122b-cdd1-44e4-9165-79b91bfff333.config
2026-03-08T08:03:28.5474751Z [command]/usr/bin/git config --local --unset includeif.gitdir:/home/runner/work/fd/fd/.git.path /home/runner/work/_temp/git-credentials-2d51122b-cdd1-44e4-9165-79b91bfff333.config
2026-03-08T08:03:28.5508272Z [command]/usr/bin/git config --local --get-all includeif.gitdir:/home/runner/work/fd/fd/.git/worktrees/*.path
2026-03-08T08:03:28.5532646Z /home/runner/work/_temp/git-credentials-2d51122b-cdd1-44e4-9165-79b91bfff333.config
2026-03-08T08:03:28.5542134Z [command]/usr/bin/git config --local --unset includeif.gitdir:/home/runner/work/fd/fd/.git/worktrees/*.path /home/runner/work/_temp/git-credentials-2d51122b-cdd1-44e4-9165-79b91bfff333.config
2026-03-08T08:03:28.5575059Z [command]/usr/bin/git config --local --get-all includeif.gitdir:/github/workspace/.git.path
2026-03-08T08:03:28.5598055Z /github/runner_temp/git-credentials-2d51122b-cdd1-44e4-9165-79b91bfff333.config
2026-03-08T08:03:28.5607488Z [command]/usr/bin/git config --local --unset includeif.gitdir:/github/workspace/.git.path /github/runner_temp/git-credentials-2d51122b-cdd1-44e4-9165-79b91bfff333.config
2026-03-08T08:03:28.5640963Z [command]/usr/bin/git config --local --get-all includeif.gitdir:/github/workspace/.git/worktrees/*.path
2026-03-08T08:03:28.5665963Z /github/runner_temp/git-credentials-2d51122b-cdd1-44e4-9165-79b91bfff333.config
2026-03-08T08:03:28.5679557Z [command]/usr/bin/git config --local --unset includeif.gitdir:/github/workspace/.git/worktrees/*.path /github/runner_temp/git-credentials-2d51122b-cdd1-44e4-9165-79b91bfff333.config
2026-03-08T08:03:28.5724504Z [command]/usr/bin/git submodule foreach --recursive git config --local --show-origin --name-only --get-regexp remote.origin.url
2026-03-08T08:03:28.5954845Z Removing credentials config '/home/runner/work/_temp/git-credentials-2d51122b-cdd1-44e4-9165-79b91bfff333.config'
2026-03-08T08:03:28.5962578Z ##[endgroup]
2026-03-08T08:03:28.6166428Z ##[group]Run case ${target} in
2026-03-08T08:03:28.6167416Z [36;1mcase ${target} in[0m
2026-03-08T08:03:28.6168932Z [36;1m  arm-unknown-linux-*) sudo apt-get -y update ; sudo apt-get -y install gcc-arm-linux-gnueabihf ;;[0m
2026-03-08T08:03:28.6171294Z [36;1m  aarch64-unknown-linux-gnu) sudo apt-get -y update ; sudo apt-get -y install gcc-aarch64-linux-gnu ;;[0m
2026-03-08T08:03:28.6173125Z [36;1mesac[0m
2026-03-08T08:03:28.6227564Z shell: /usr/bin/bash --noprofile --norc -e -o pipefail {0}
2026-03-08T08:03:28.6228677Z env:
2026-03-08T08:03:28.6229412Z   CICD_INTERMEDIATES_DIR: _cicd-intermediates
2026-03-08T08:03:28.6230415Z   MSRV_FEATURES: --all-features
2026-03-08T08:03:28.6231248Z   BUILD_CMD: cross
2026-03-08T08:03:28.6231989Z   target: x86_64-unknown-linux-musl
2026-03-08T08:03:28.6233010Z   name: fd
2026-03-08T08:03:28.6233655Z ##[endgroup]
2026-03-08T08:03:28.6696893Z ##[group]Run dtolnay/rust-toolchain@stable
2026-03-08T08:03:28.6697899Z with:
2026-03-08T08:03:28.6698587Z   targets: x86_64-unknown-linux-musl
2026-03-08T08:03:28.6699465Z   toolchain: stable
2026-03-08T08:03:28.6700143Z env:
2026-03-08T08:03:28.6700853Z   CICD_INTERMEDIATES_DIR: _cicd-intermediates
2026-03-08T08:03:28.6701864Z   MSRV_FEATURES: --all-features
2026-03-08T08:03:28.6702894Z   BUILD_CMD: cross
2026-03-08T08:03:28.6703644Z   target: x86_64-unknown-linux-musl
2026-03-08T08:03:28.6704486Z   name: fd
2026-03-08T08:03:28.6705116Z ##[endgroup]
2026-03-08T08:03:28.6841658Z ##[group]Run : parse toolchain version
2026-03-08T08:03:28.6842945Z [36;1m: parse toolchain version[0m
2026-03-08T08:03:28.6843878Z [36;1mif [[ -z $toolchain ]]; then[0m
2026-03-08T08:03:28.6845483Z [36;1m  # GitHub does not enforce `required: true` inputs itself. https://github.com/actions/runner/issues/1070[0m
2026-03-08T08:03:28.6847232Z [36;1m  echo "'toolchain' is a required input" >&2[0m
2026-03-08T08:03:28.6848285Z [36;1m  exit 1[0m
2026-03-08T08:03:28.6849357Z [36;1melif [[ $toolchain =~ ^stable' '[0-9]+' '(year|month|week|day)s?' 'ago$ ]]; then[0m
2026-03-08T08:03:28.6850689Z [36;1m  if [[ Linux == macOS ]]; then[0m
2026-03-08T08:03:28.6852339Z [36;1m    echo "toolchain=1.$((($(date -v-$(sed 's/stable \([0-9]*\) \(.\).*/\1\2/' <<< $toolchain) +%s)/60/60/24-16569)/7/6))" >> $GITHUB_OUTPUT[0m
2026-03-08T08:03:28.6854400Z [36;1m  else[0m
2026-03-08T08:03:28.6855707Z [36;1m    echo "toolchain=1.$((($(date --date "${toolchain#stable }" +%s)/60/60/24-16569)/7/6))" >> $GITHUB_OUTPUT[0m
2026-03-08T08:03:28.6857217Z [36;1m  fi[0m
2026-03-08T08:03:28.6858184Z [36;1melif [[ $toolchain =~ ^stable' 'minus' '[0-9]+' 'releases?$ ]]; then[0m
2026-03-08T08:03:28.6859882Z [36;1m  echo "toolchain=1.$((($(date +%s)/60/60/24-16569)/7/6-${toolchain//[^0-9]/}))" >> $GITHUB_OUTPUT[0m
2026-03-08T08:03:28.6861392Z [36;1melif [[ $toolchain =~ ^1\.[0-9]+$ ]]; then[0m
2026-03-08T08:03:28.6863271Z [36;1m  echo "toolchain=1.$((i=${toolchain#1.}, c=($(date +%s)/60/60/24-16569)/7/6, i+9*i*(10*i<=c)+90*i*(100*i<=c)))" >> $GITHUB_OUTPUT[0m
2026-03-08T08:03:28.6864904Z [36;1melse[0m
2026-03-08T08:03:28.6865716Z [36;1m  echo "toolchain=$toolchain" >> $GITHUB_OUTPUT[0m
2026-03-08T08:03:28.6866713Z [36;1mfi[0m
2026-03-08T08:03:28.6917022Z shell: /usr/bin/bash --noprofile --norc -e -o pipefail {0}
2026-03-08T08:03:28.6918099Z env:
2026-03-08T08:03:28.6918814Z   CICD_INTERMEDIATES_DIR: _cicd-intermediates
2026-03-08T08:03:28.6920041Z   MSRV_FEATURES: --all-features
2026-03-08T08:03:28.6920944Z   BUILD_CMD: cross
2026-03-08T08:03:28.6921674Z   target: x86_64-unknown-linux-musl
2026-03-08T08:03:28.6922731Z   name: fd
2026-03-08T08:03:28.6923392Z   toolchain: stable
2026-03-08T08:03:28.6924074Z ##[endgroup]
2026-03-08T08:03:28.7082208Z ##[group]Run : construct rustup command line
2026-03-08T08:03:28.7083550Z [36;1m: construct rustup command line[0m
2026-03-08T08:03:28.7085002Z [36;1mecho "targets=$(for t in ${targets//,/ }; do echo -n ' --target' $t; done)" >> $GITHUB_OUTPUT[0m
2026-03-08T08:03:28.7087017Z [36;1mecho "components=$(for c in ${components//,/ }; do echo -n ' --component' $c; done)" >> $GITHUB_OUTPUT[0m
2026-03-08T08:03:28.7088585Z [36;1mecho "downgrade=" >> $GITHUB_OUTPUT[0m
2026-03-08T08:03:28.7137023Z shell: /usr/bin/bash --noprofile --norc -e -o pipefail {0}
2026-03-08T08:03:28.7138091Z env:
2026-03-08T08:03:28.7138801Z   CICD_INTERMEDIATES_DIR: _cicd-intermediates
2026-03-08T08:03:28.7139785Z   MSRV_FEATURES: --all-features
2026-03-08T08:03:28.7140585Z   BUILD_CMD: cross
2026-03-08T08:03:28.7141306Z   target: x86_64-unknown-linux-musl
2026-03-08T08:03:28.7142135Z   name: fd
2026-03-08T08:03:28.7142991Z   targets: x86_64-unknown-linux-musl
2026-03-08T08:03:28.7143835Z   components: 
2026-03-08T08:03:28.7144490Z ##[endgroup]
2026-03-08T08:03:28.7277336Z ##[group]Run : set $CARGO_HOME
2026-03-08T08:03:28.7278201Z [36;1m: set $CARGO_HOME[0m
2026-03-08T08:03:28.7279464Z [36;1mecho CARGO_HOME=${CARGO_HOME:-"$HOME/.cargo"} >> $GITHUB_ENV[0m
2026-03-08T08:03:28.7326827Z shell: /usr/bin/bash --noprofile --norc -e -o pipefail {0}
2026-03-08T08:03:28.7327898Z env:
2026-03-08T08:03:28.7328606Z   CICD_INTERMEDIATES_DIR: _cicd-intermediates
2026-03-08T08:03:28.7329573Z   MSRV_FEATURES: --all-features
2026-03-08T08:03:28.7330376Z   BUILD_CMD: cross
2026-03-08T08:03:28.7331095Z   target: x86_64-unknown-linux-musl
2026-03-08T08:03:28.7331916Z   name: fd
2026-03-08T08:03:28.7332868Z ##[endgroup]
2026-03-08T08:03:28.7463792Z ##[group]Run : install rustup if needed
2026-03-08T08:03:28.7464766Z [36;1m: install rustup if needed[0m
2026-03-08T08:03:28.7465755Z [36;1mif ! command -v rustup &>/dev/null; then[0m
2026-03-08T08:03:28.7468085Z [36;1m  curl --proto '=https' --tlsv1.2 --retry 10 --retry-connrefused --location --silent --show-error --fail https://sh.rustup.rs | sh -s -- --default-toolchain none -y[0m
2026-03-08T08:03:28.7470389Z [36;1m  echo "$CARGO_HOME/bin" >> $GITHUB_PATH[0m
2026-03-08T08:03:28.7471346Z [36;1mfi[0m
2026-03-08T08:03:28.7517976Z shell: /usr/bin/bash --noprofile --norc -e -o pipefail {0}
2026-03-08T08:03:28.7519045Z env:
2026-03-08T08:03:28.7519749Z   CICD_INTERMEDIATES_DIR: _cicd-intermediates
2026-03-08T08:03:28.7520729Z   MSRV_FEATURES: --all-features
2026-03-08T08:03:28.7521702Z   BUILD_CMD: cross
2026-03-08T08:03:28.7522662Z   target: x86_64-unknown-linux-musl
2026-03-08T08:03:28.7523604Z   name: fd
2026-03-08T08:03:28.7524267Z   CARGO_HOME: /home/runner/.cargo
2026-03-08T08:03:28.7525074Z ##[endgroup]
2026-03-08T08:03:28.7690560Z ##[group]Run rustup toolchain install stable --target x86_64-unknown-linux-musl --profile minimal --no-self-update
2026-03-08T08:03:28.7693213Z [36;1mrustup toolchain install stable --target x86_64-unknown-linux-musl --profile minimal --no-self-update[0m
2026-03-08T08:03:28.7743792Z shell: /usr/bin/bash --noprofile --norc -e -o pipefail {0}
2026-03-08T08:03:28.7744845Z env:
2026-03-08T08:03:28.7745550Z   CICD_INTERMEDIATES_DIR: _cicd-intermediates
2026-03-08T08:03:28.7746539Z   MSRV_FEATURES: --all-features
2026-03-08T08:03:28.7747337Z   BUILD_CMD: cross
2026-03-08T08:03:28.7748057Z   target: x86_64-unknown-linux-musl
2026-03-08T08:03:28.7748878Z   name: fd
2026-03-08T08:03:28.7749542Z   CARGO_HOME: /home/runner/.cargo
2026-03-08T08:03:28.7750392Z   RUSTUP_PERMIT_COPY_RENAME: 1
2026-03-08T08:03:28.7751210Z ##[endgroup]
2026-03-08T08:03:29.0762652Z info: syncing channel updates for 'stable-x86_64-unknown-linux-gnu'
2026-03-08T08:03:29.4366404Z info: latest update on 2026-03-05, rust version 1.94.0 (4a4ef493e 2026-03-02)
2026-03-08T08:03:29.4696397Z info: downloading component 'rust-std' for 'x86_64-unknown-linux-musl'
2026-03-08T08:03:29.6141566Z info: downloading component 'clippy'
2026-03-08T08:03:29.6402716Z info: downloading component 'rustfmt'
2026-03-08T08:03:29.6588503Z info: downloading component 'cargo'
2026-03-08T08:03:29.6967782Z info: downloading component 'rust-std'
2026-03-08T08:03:29.7805548Z info: downloading component 'rustc'
2026-03-08T08:03:30.0125555Z info: removing previous version of component 'clippy'
2026-03-08T08:03:30.0187923Z info: removing previous version of component 'rustfmt'
2026-03-08T08:03:30.0200673Z info: removing previous version of component 'cargo'
2026-03-08T08:03:30.0292652Z info: removing previous version of component 'rust-std'
2026-03-08T08:03:30.0324685Z info: removing previous version of component 'rustc'
2026-03-08T08:03:30.0437167Z info: installing component 'rust-std' for 'x86_64-unknown-linux-musl'
2026-03-08T08:03:32.5260106Z info: installing component 'clippy'
2026-03-08T08:03:32.9065373Z info: installing component 'rustfmt'
2026-03-08T08:03:33.1377410Z info: installing component 'cargo'
2026-03-08T08:03:33.8469345Z info: installing component 'rust-std'
2026-03-08T08:03:35.7630371Z info: installing component 'rustc'
2026-03-08T08:03:40.4526001Z 
2026-03-08T08:03:40.4629825Z   stable-x86_64-unknown-linux-gnu updated - rustc 1.94.0 (4a4ef493e 2026-03-02) (from rustc 1.93.1 (01f6ddf75 2026-02-11))
2026-03-08T08:03:40.4631151Z 
2026-03-08T08:03:40.4693927Z ##[group]Run rustup default stable
2026-03-08T08:03:40.4694223Z [36;1mrustup default stable[0m
2026-03-08T08:03:40.4745733Z shell: /usr/bin/bash --noprofile --norc -e -o pipefail {0}
2026-03-08T08:03:40.4746053Z env:
2026-03-08T08:03:40.4746267Z   CICD_INTERMEDIATES_DIR: _cicd-intermediates
2026-03-08T08:03:40.4746560Z   MSRV_FEATURES: --all-features
2026-03-08T08:03:40.4746790Z   BUILD_CMD: cross
2026-03-08T08:03:40.4747017Z   target: x86_64-unknown-linux-musl
2026-03-08T08:03:40.4747243Z   name: fd
2026-03-08T08:03:40.4747424Z   CARGO_HOME: /home/runner/.cargo
2026-03-08T08:03:40.4747649Z ##[endgroup]
2026-03-08T08:03:40.4870217Z info: using existing install for 'stable-x86_64-unknown-linux-gnu'
2026-03-08T08:03:40.5167654Z info: default toolchain set to 'stable-x86_64-unknown-linux-gnu'
2026-03-08T08:03:40.5168478Z 
2026-03-08T08:03:40.5258334Z   stable-x86_64-unknown-linux-gnu unchanged - rustc 1.94.0 (4a4ef493e 2026-03-02)
2026-03-08T08:03:40.5258775Z 
2026-03-08T08:03:40.5309485Z ##[group]Run : create cachekey
2026-03-08T08:03:40.5309770Z [36;1m: create cachekey[0m
2026-03-08T08:03:40.5310253Z [36;1mDATE=$(rustc +stable --version --verbose | sed -ne 's/^commit-date: \(20[0-9][0-9]\)-\([01][0-9]\)-\([0-3][0-9]\)$/\1\2\3/p')[0m
2026-03-08T08:03:40.5310891Z [36;1mHASH=$(rustc +stable --version --verbose | sed -ne 's/^commit-hash: //p')[0m
2026-03-08T08:03:40.5311548Z [36;1mecho "cachekey=$(echo $DATE$HASH | head -c12)" >> $GITHUB_OUTPUT[0m
2026-03-08T08:03:40.5363575Z shell: /usr/bin/bash --noprofile --norc -e -o pipefail {0}
2026-03-08T08:03:40.5363912Z env:
2026-03-08T08:03:40.5364174Z   CICD_INTERMEDIATES_DIR: _cicd-intermediates
2026-03-08T08:03:40.5364486Z   MSRV_FEATURES: --all-features
2026-03-08T08:03:40.5364714Z   BUILD_CMD: cross
2026-03-08T08:03:40.5364964Z   target: x86_64-unknown-linux-musl
2026-03-08T08:03:40.5365189Z   name: fd
2026-03-08T08:03:40.5365374Z   CARGO_HOME: /home/runner/.cargo
2026-03-08T08:03:40.5365597Z ##[endgroup]
2026-03-08T08:03:40.5794021Z ##[group]Run : disable incremental compilation
2026-03-08T08:03:40.5794383Z [36;1m: disable incremental compilation[0m
2026-03-08T08:03:40.5794681Z [36;1mif [ -z "${CARGO_INCREMENTAL+set}" ]; then[0m
2026-03-08T08:03:40.5794992Z [36;1m  echo CARGO_INCREMENTAL=0 >> $GITHUB_ENV[0m
2026-03-08T08:03:40.5795262Z [36;1mfi[0m
2026-03-08T08:03:40.5848260Z shell: /usr/bin/bash --noprofile --norc -e -o pipefail {0}
2026-03-08T08:03:40.5848595Z env:
2026-03-08T08:03:40.5848809Z   CICD_INTERMEDIATES_DIR: _cicd-intermediates
2026-03-08T08:03:40.5849106Z   MSRV_FEATURES: --all-features
2026-03-08T08:03:40.5849328Z   BUILD_CMD: cross
2026-03-08T08:03:40.5849538Z   target: x86_64-unknown-linux-musl
2026-03-08T08:03:40.5849766Z   name: fd
2026-03-08T08:03:40.5849953Z   CARGO_HOME: /home/runner/.cargo
2026-03-08T08:03:40.5850189Z ##[endgroup]
2026-03-08T08:03:40.5948014Z ##[group]Run : enable colors in Cargo output
2026-03-08T08:03:40.5948336Z [36;1m: enable colors in Cargo output[0m
2026-03-08T08:03:40.5948659Z [36;1mif [ -z "${CARGO_TERM_COLOR+set}" ]; then[0m
2026-03-08T08:03:40.5948983Z [36;1m  echo CARGO_TERM_COLOR=always >> $GITHUB_ENV[0m
2026-03-08T08:03:40.5949256Z [36;1mfi[0m
2026-03-08T08:03:40.5997789Z shell: /usr/bin/bash --noprofile --norc -e -o pipefail {0}
2026-03-08T08:03:40.5998135Z env:
2026-03-08T08:03:40.5998347Z   CICD_INTERMEDIATES_DIR: _cicd-intermediates
2026-03-08T08:03:40.5998636Z   MSRV_FEATURES: --all-features
2026-03-08T08:03:40.5998871Z   BUILD_CMD: cross
2026-03-08T08:03:40.5999070Z   target: x86_64-unknown-linux-musl
2026-03-08T08:03:40.5999310Z   name: fd
2026-03-08T08:03:40.5999494Z   CARGO_HOME: /home/runner/.cargo
2026-03-08T08:03:40.5999734Z   CARGO_INCREMENTAL: 0
2026-03-08T08:03:40.5999929Z ##[endgroup]
2026-03-08T08:03:40.6100864Z ##[group]Run : enable Cargo sparse registry
2026-03-08T08:03:40.6101206Z [36;1m: enable Cargo sparse registry[0m
2026-03-08T08:03:40.6101562Z [36;1m# implemented in 1.66, stabilized in 1.68, made default in 1.70[0m
2026-03-08T08:03:40.6102776Z [36;1mif [ -z "${CARGO_REGISTRIES_CRATES_IO_PROTOCOL+set}" -o -f "/home/runner/work/_temp"/.implicit_cargo_registries_crates_io_protocol ]; then[0m
2026-03-08T08:03:40.6103602Z [36;1m  if rustc +stable --version --verbose | grep -q '^release: 1\.6[89]\.'; then[0m
2026-03-08T08:03:40.6104173Z [36;1m    touch "/home/runner/work/_temp"/.implicit_cargo_registries_crates_io_protocol || true[0m
2026-03-08T08:03:40.6104689Z [36;1m    echo CARGO_REGISTRIES_CRATES_IO_PROTOCOL=sparse >> $GITHUB_ENV[0m
2026-03-08T08:03:40.6105163Z [36;1m  elif rustc +stable --version --verbose | grep -q '^release: 1\.6[67]\.'; then[0m
2026-03-08T08:03:40.6105695Z [36;1m    touch "/home/runner/work/_temp"/.implicit_cargo_registries_crates_io_protocol || true[0m
2026-03-08T08:03:40.6106189Z [36;1m    echo CARGO_REGISTRIES_CRATES_IO_PROTOCOL=git >> $GITHUB_ENV[0m
2026-03-08T08:03:40.6106542Z [36;1m  fi[0m
2026-03-08T08:03:40.6106720Z [36;1mfi[0m
2026-03-08T08:03:40.6156470Z shell: /usr/bin/bash --noprofile --norc -e -o pipefail {0}
2026-03-08T08:03:40.6156798Z env:
2026-03-08T08:03:40.6157019Z   CICD_INTERMEDIATES_DIR: _cicd-intermediates
2026-03-08T08:03:40.6157300Z   MSRV_FEATURES: --all-features
2026-03-08T08:03:40.6157534Z   BUILD_CMD: cross
2026-03-08T08:03:40.6157733Z   target: x86_64-unknown-linux-musl
2026-03-08T08:03:40.6158157Z   name: fd
2026-03-08T08:03:40.6158352Z   CARGO_HOME: /home/runner/.cargo
2026-03-08T08:03:40.6158594Z   CARGO_INCREMENTAL: 0
2026-03-08T08:03:40.6158801Z   CARGO_TERM_COLOR: always
2026-03-08T08:03:40.6159006Z ##[endgroup]
2026-03-08T08:03:40.6560882Z ##[group]Run : work around spurious network errors in curl 8.0
2026-03-08T08:03:40.6561323Z [36;1m: work around spurious network errors in curl 8.0[0m
2026-03-08T08:03:40.6562039Z [36;1m# https://rust-lang.zulipchat.com/#narrow/stream/246057-t-cargo/topic/timeout.20investigation[0m
2026-03-08T08:03:40.6562990Z [36;1mif rustc +stable --version --verbose | grep -q '^release: 1\.7[01]\.'; then[0m
2026-03-08T08:03:40.6563453Z [36;1m  echo CARGO_HTTP_MULTIPLEXING=false >> $GITHUB_ENV[0m
2026-03-08T08:03:40.6563750Z [36;1mfi[0m
2026-03-08T08:03:40.6616852Z shell: /usr/bin/bash --noprofile --norc -e -o pipefail {0}
2026-03-08T08:03:40.6617185Z env:
2026-03-08T08:03:40.6617396Z   CICD_INTERMEDIATES_DIR: _cicd-intermediates
2026-03-08T08:03:40.6617695Z   MSRV_FEATURES: --all-features
2026-03-08T08:03:40.6617916Z   BUILD_CMD: cross
2026-03-08T08:03:40.6618121Z   target: x86_64-unknown-linux-musl
2026-03-08T08:03:40.6618343Z   name: fd
2026-03-08T08:03:40.6618525Z   CARGO_HOME: /home/runner/.cargo
2026-03-08T08:03:40.6618761Z   CARGO_INCREMENTAL: 0
2026-03-08T08:03:40.6618958Z   CARGO_TERM_COLOR: always
2026-03-08T08:03:40.6619171Z ##[endgroup]
2026-03-08T08:03:40.6871555Z ##[group]Run rustc +stable --version --verbose
2026-03-08T08:03:40.6871912Z [36;1mrustc +stable --version --verbose[0m
2026-03-08T08:03:40.6925694Z shell: /usr/bin/bash --noprofile --norc -e -o pipefail {0}
2026-03-08T08:03:40.6926020Z env:
2026-03-08T08:03:40.6926259Z   CICD_INTERMEDIATES_DIR: _cicd-intermediates
2026-03-08T08:03:40.6926546Z   MSRV_FEATURES: --all-features
2026-03-08T08:03:40.6926768Z   BUILD_CMD: cross
2026-03-08T08:03:40.6926973Z   target: x86_64-unknown-linux-musl
2026-03-08T08:03:40.6927197Z   name: fd
2026-03-08T08:03:40.6927380Z   CARGO_HOME: /home/runner/.cargo
2026-03-08T08:03:40.6927619Z   CARGO_INCREMENTAL: 0
2026-03-08T08:03:40.6927824Z   CARGO_TERM_COLOR: always
2026-03-08T08:03:40.6928028Z ##[endgroup]
2026-03-08T08:03:40.7128665Z rustc 1.94.0 (4a4ef493e 2026-03-02)
2026-03-08T08:03:40.7129414Z binary: rustc
2026-03-08T08:03:40.7129748Z commit-hash: 4a4ef493e3a1488c6e321570238084b38948f6db
2026-03-08T08:03:40.7130295Z commit-date: 2026-03-02
2026-03-08T08:03:40.7130692Z host: x86_64-unknown-linux-gnu
2026-03-08T08:03:40.7130973Z release: 1.94.0
2026-03-08T08:03:40.7131204Z LLVM version: 21.1.8
2026-03-08T08:03:40.7214715Z ##[group]Run dir="$HOME/.local/bin/"
2026-03-08T08:03:40.7215048Z [36;1mdir="$HOME/.local/bin/"[0m
2026-03-08T08:03:40.7215293Z [36;1mmkdir -p "$dir"[0m
2026-03-08T08:03:40.7215572Z [36;1mgh release download --repo cross-rs/cross  \[0m
2026-03-08T08:03:40.7215935Z [36;1m  --pattern "${package_name}" -O - "${cross_version}" \[0m
2026-03-08T08:03:40.7216257Z [36;1m  | tar -C "$dir" -xz[0m
2026-03-08T08:03:40.7216502Z [36;1mecho "$dir" >> $GITHUB_PATH[0m
2026-03-08T08:03:40.7216833Z [36;1mecho "Installed cross $cross_version" >> $GITHUB_STEP_SUMMARY[0m
2026-03-08T08:03:40.7269484Z shell: /usr/bin/bash -e {0}
2026-03-08T08:03:40.7269721Z env:
2026-03-08T08:03:40.7269936Z   CICD_INTERMEDIATES_DIR: _cicd-intermediates
2026-03-08T08:03:40.7270221Z   MSRV_FEATURES: --all-features
2026-03-08T08:03:40.7270455Z   BUILD_CMD: cross
2026-03-08T08:03:40.7270657Z   target: x86_64-unknown-linux-musl
2026-03-08T08:03:40.7270885Z   name: fd
2026-03-08T08:03:40.7271106Z   CARGO_HOME: /home/runner/.cargo
2026-03-08T08:03:40.7271334Z   CARGO_INCREMENTAL: 0
2026-03-08T08:03:40.7271536Z   CARGO_TERM_COLOR: always
2026-03-08T08:03:40.7271747Z   cross_version: v0.2.5
2026-03-08T08:03:40.7271995Z   package_name: cross-x86_64-unknown-linux-gnu.tar.gz
2026-03-08T08:03:40.7285076Z   GH_TOKEN: ***
2026-03-08T08:03:40.7285335Z ##[endgroup]
2026-03-08T08:03:41.2519109Z ##[group]Run gcc --version || true
2026-03-08T08:03:41.2519440Z [36;1mgcc --version || true[0m
2026-03-08T08:03:41.2519840Z [36;1mrustup -V[0m
2026-03-08T08:03:41.2520045Z [36;1mrustup toolchain list[0m
2026-03-08T08:03:41.2520260Z [36;1mrustup default[0m
2026-03-08T08:03:41.2520463Z [36;1mcargo -V[0m
2026-03-08T08:03:41.2520633Z [36;1mrustc -V[0m
2026-03-08T08:03:41.2571445Z shell: /usr/bin/bash --noprofile --norc -e -o pipefail {0}
2026-03-08T08:03:41.2571775Z env:
2026-03-08T08:03:41.2571992Z   CICD_INTERMEDIATES_DIR: _cicd-intermediates
2026-03-08T08:03:41.2572269Z   MSRV_FEATURES: --all-features
2026-03-08T08:03:41.2572741Z   BUILD_CMD: cross
2026-03-08T08:03:41.2572938Z   target: x86_64-unknown-linux-musl
2026-03-08T08:03:41.2573165Z   name: fd
2026-03-08T08:03:41.2573341Z   CARGO_HOME: /home/runner/.cargo
2026-03-08T08:03:41.2573568Z   CARGO_INCREMENTAL: 0
2026-03-08T08:03:41.2573762Z   CARGO_TERM_COLOR: always
2026-03-08T08:03:41.2573968Z ##[endgroup]
2026-03-08T08:03:41.2698686Z gcc (Ubuntu 13.3.0-6ubuntu2~24.04.1) 13.3.0
2026-03-08T08:03:41.2699281Z Copyright (C) 2023 Free Software Foundation, Inc.
2026-03-08T08:03:41.2700003Z This is free software; see the source for copying conditions.  There is NO
2026-03-08T08:03:41.2700693Z warranty; not even for MERCHANTABILITY or FITNESS FOR A PARTICULAR PURPOSE.
2026-03-08T08:03:41.2701037Z 
2026-03-08T08:03:41.2745736Z info: This is the version for the rustup toolchain manager, not the rustc compiler.
2026-03-08T08:03:41.2746452Z rustup 1.28.2 (e4f3ad6f8 2025-04-28)
2026-03-08T08:03:41.3139588Z info: The currently active `rustc` version is `rustc 1.94.0 (4a4ef493e 2026-03-02)`
2026-03-08T08:03:41.3503098Z stable-x86_64-unknown-linux-gnu (active, default)
2026-03-08T08:03:41.3576855Z stable-x86_64-unknown-linux-gnu (default)
2026-03-08T08:03:41.3990165Z cargo 1.94.0 (85eff7c80 2026-01-15)
2026-03-08T08:03:41.4438470Z rustc 1.94.0 (4a4ef493e 2026-03-02)
2026-03-08T08:03:41.4480676Z ##[group]Run $BUILD_CMD build --locked --release --target="${target}"
2026-03-08T08:03:41.4481139Z [36;1m$BUILD_CMD build --locked --release --target="${target}"[0m
2026-03-08T08:03:41.4530725Z shell: /usr/bin/bash --noprofile --norc -e -o pipefail {0}
2026-03-08T08:03:41.4531050Z env:
2026-03-08T08:03:41.4531267Z   CICD_INTERMEDIATES_DIR: _cicd-intermediates
2026-03-08T08:03:41.4531545Z   MSRV_FEATURES: --all-features
2026-03-08T08:03:41.4531772Z   BUILD_CMD: cross
2026-03-08T08:03:41.4531971Z   target: x86_64-unknown-linux-musl
2026-03-08T08:03:41.4532200Z   name: fd
2026-03-08T08:03:41.4532566Z   CARGO_HOME: /home/runner/.cargo
2026-03-08T08:03:41.4532816Z   CARGO_INCREMENTAL: 0
2026-03-08T08:03:41.4533009Z   CARGO_TERM_COLOR: always
2026-03-08T08:03:41.4533221Z ##[endgroup]
2026-03-08T08:03:42.6364749Z info: syncing channel updates for 'stable-x86_64-unknown-linux-gnu'
2026-03-08T08:03:42.6670508Z 
2026-03-08T08:03:42.6767471Z   stable-x86_64-unknown-linux-gnu unchanged - rustc 1.94.0 (4a4ef493e 2026-03-02)
2026-03-08T08:03:42.6768025Z 
2026-03-08T08:03:42.8886815Z info: downloading component 'rust-src'
2026-03-08T08:03:42.9725283Z info: installing component 'rust-src'
2026-03-08T08:03:46.5987956Z Unable to find image 'ghcr.io/cross-rs/x86_64-unknown-linux-musl:0.2.5' locally
2026-03-08T08:03:46.7980579Z 0.2.5: Pulling from cross-rs/x86_64-unknown-linux-musl
2026-03-08T08:03:46.8392845Z b549f31133a9: Pulling fs layer
2026-03-08T08:03:46.8393350Z c3c627bb838d: Pulling fs layer
2026-03-08T08:03:46.8393765Z 168f006715ce: Pulling fs layer
2026-03-08T08:03:46.8394166Z d9b4b549710c: Pulling fs layer
2026-03-08T08:03:46.8394413Z 4105193e76ef: Pulling fs layer
2026-03-08T08:03:46.8394782Z d429032782ed: Pulling fs layer
2026-03-08T08:03:46.8395041Z 91363d08c4f9: Pulling fs layer
2026-03-08T08:03:46.8395281Z 27b3f26a9944: Pulling fs layer
2026-03-08T08:03:46.8395542Z 8721398404e1: Pulling fs layer
2026-03-08T08:03:46.8395777Z ee0806ae7e37: Pulling fs layer
2026-03-08T08:03:46.8396046Z a54d397f471c: Pulling fs layer
2026-03-08T08:03:46.8396281Z 954c73add162: Pulling fs layer
2026-03-08T08:03:46.8396506Z 948db972fa4d: Pulling fs layer
2026-03-08T08:03:46.8396956Z 7691116cf0ca: Pulling fs layer
2026-03-08T08:03:46.8397258Z d9b4b549710c: Waiting
2026-03-08T08:03:46.8397596Z 4105193e76ef: Waiting
2026-03-08T08:03:46.8397778Z ee0806ae7e37: Waiting
2026-03-08T08:03:46.8398085Z a54d397f471c: Waiting
2026-03-08T08:03:46.8398419Z d429032782ed: Waiting
2026-03-08T08:03:46.8398799Z 91363d08c4f9: Waiting
2026-03-08T08:03:46.8399130Z 954c73add162: Waiting
2026-03-08T08:03:46.8399491Z 8721398404e1: Waiting
2026-03-08T08:03:46.8399821Z 27b3f26a9944: Waiting
2026-03-08T08:03:46.8400162Z 7691116cf0ca: Waiting
2026-03-08T08:03:46.8400487Z 948db972fa4d: Waiting
2026-03-08T08:03:46.8788120Z c3c627bb838d: Verifying Checksum
2026-03-08T08:03:46.8788745Z c3c627bb838d: Download complete
2026-03-08T08:03:46.9232887Z d9b4b549710c: Verifying Checksum
2026-03-08T08:03:46.9236154Z d9b4b549710c: Download complete
2026-03-08T08:03:46.9745291Z b549f31133a9: Verifying Checksum
2026-03-08T08:03:46.9749251Z b549f31133a9: Download complete
2026-03-08T08:03:47.0279180Z d429032782ed: Verifying Checksum
2026-03-08T08:03:47.0286594Z d429032782ed: Download complete
2026-03-08T08:03:47.1258582Z 4105193e76ef: Verifying Checksum
2026-03-08T08:03:47.1262582Z 4105193e76ef: Download complete
2026-03-08T08:03:47.1804870Z 27b3f26a9944: Verifying Checksum
2026-03-08T08:03:47.1812251Z 27b3f26a9944: Download complete
2026-03-08T08:03:47.2256138Z 91363d08c4f9: Verifying Checksum
2026-03-08T08:03:47.2267682Z 91363d08c4f9: Download complete
2026-03-08T08:03:47.2670032Z ee0806ae7e37: Verifying Checksum
2026-03-08T08:03:47.2670921Z ee0806ae7e37: Download complete
2026-03-08T08:03:47.3524368Z a54d397f471c: Verifying Checksum
2026-03-08T08:03:47.3527267Z a54d397f471c: Download complete
2026-03-08T08:03:47.3956838Z 954c73add162: Verifying Checksum
2026-03-08T08:03:47.3957350Z 954c73add162: Download complete
2026-03-08T08:03:47.4467231Z 948db972fa4d: Verifying Checksum
2026-03-08T08:03:47.4467816Z 948db972fa4d: Download complete
2026-03-08T08:03:47.4936150Z 7691116cf0ca: Verifying Checksum
2026-03-08T08:03:47.4937434Z 7691116cf0ca: Download complete
2026-03-08T08:03:47.6758237Z 168f006715ce: Verifying Checksum
2026-03-08T08:03:47.6759442Z 168f006715ce: Download complete
2026-03-08T08:03:48.3038795Z b549f31133a9: Pull complete
2026-03-08T08:03:48.4603083Z 8721398404e1: Verifying Checksum
2026-03-08T08:03:48.4603559Z 8721398404e1: Download complete
2026-03-08T08:03:51.9811009Z c3c627bb838d: Pull complete
2026-03-08T08:03:58.3277047Z 168f006715ce: Pull complete
2026-03-08T08:03:58.3374544Z d9b4b549710c: Pull complete
2026-03-08T08:04:00.6856418Z 4105193e76ef: Pull complete
2026-03-08T08:04:00.6959668Z d429032782ed: Pull complete
2026-03-08T08:04:01.1293116Z 91363d08c4f9: Pull complete
2026-03-08T08:04:01.1395806Z 27b3f26a9944: Pull complete
2026-03-08T08:04:08.8223854Z 8721398404e1: Pull complete
2026-03-08T08:04:08.8339743Z ee0806ae7e37: Pull complete
2026-03-08T08:04:08.9717131Z a54d397f471c: Pull complete
2026-03-08T08:04:08.9806543Z 954c73add162: Pull complete
2026-03-08T08:04:08.9929201Z 948db972fa4d: Pull complete
2026-03-08T08:04:09.0020364Z 7691116cf0ca: Pull complete
2026-03-08T08:04:09.0060666Z Digest: sha256:77db671d8356a64ae72a3e1415e63f547f26d374fbe3c4762c1cd36c7eac7b99
2026-03-08T08:04:09.0071636Z Status: Downloaded newer image for ghcr.io/cross-rs/x86_64-unknown-linux-musl:0.2.5
2026-03-08T08:04:09.2778929Z [1m[92m   Compiling[0m libc v0.2.180
2026-03-08T08:04:09.2779745Z [1m[92m   Compiling[0m bitflags v2.10.0
2026-03-08T08:04:09.2780549Z [1m[92m   Compiling[0m cfg_aliases v0.2.1
2026-03-08T08:04:09.2783393Z [1m[92m   Compiling[0m proc-macro2 v1.0.101
2026-03-08T08:04:09.3089429Z [1m[92m   Compiling[0m memchr v2.7.6
2026-03-08T08:04:09.5226306Z [1m[92m   Compiling[0m rustix v1.1.3
2026-03-08T08:04:09.5737051Z [1m[92m   Compiling[0m crossbeam-utils v0.8.21
2026-03-08T08:04:09.7206573Z [1m[92m   Compiling[0m unicode-ident v1.0.20
2026-03-08T08:04:09.7230776Z [1m[92m   Compiling[0m quote v1.0.41
2026-03-08T08:04:09.8691674Z [1m[92m   Compiling[0m aho-corasick v1.1.4
2026-03-08T08:04:10.2793929Z [1m[92m   Compiling[0m linux-raw-sys v0.11.0
2026-03-08T08:04:10.3706259Z [1m[92m   Compiling[0m shlex v1.3.0
2026-03-08T08:04:10.4917676Z [1m[92m   Compiling[0m cfg-if v1.0.4
2026-03-08T08:04:10.5206622Z [1m[92m   Compiling[0m utf8parse v0.2.2
2026-03-08T08:04:10.5671356Z [1m[92m   Compiling[0m find-msvc-tools v0.1.4
2026-03-08T08:04:10.7295727Z [1m[92m   Compiling[0m cc v1.2.41
2026-03-08T08:04:10.9940019Z [1m[92m   Compiling[0m anstyle-parse v0.2.7
2026-03-08T08:04:11.6652353Z [1m[92m   Compiling[0m nix v0.30.1
2026-03-08T08:04:11.7577387Z [1m[92m   Compiling[0m anstyle-query v1.1.4
2026-03-08T08:04:11.8015325Z [1m[92m   Compiling[0m regex-syntax v0.8.8
2026-03-08T08:04:11.9395256Z [1m[92m   Compiling[0m colorchoice v1.0.4
2026-03-08T08:04:11.9877925Z [1m[92m   Compiling[0m is_terminal_polyfill v1.70.1
2026-03-08T08:04:12.0265777Z [1m[92m   Compiling[0m anstyle v1.0.13
2026-03-08T08:04:12.0658827Z [1m[92m   Compiling[0m tikv-jemalloc-sys v0.6.1+5.3.0-1-ge13ca993e8ccb9ba9847cc330696e02839f328f7
2026-03-08T08:04:12.2201874Z [1m[92m   Compiling[0m anstream v0.6.21
2026-03-08T08:04:12.3240091Z [1m[92m   Compiling[0m syn v2.0.107
2026-03-08T08:04:12.5366564Z [1m[92m   Compiling[0m terminal_size v0.4.3
2026-03-08T08:04:12.6085224Z [1m[92m   Compiling[0m strsim v0.11.1
2026-03-08T08:04:13.1145819Z [1m[92m   Compiling[0m clap_lex v0.7.6
2026-03-08T08:04:13.2270664Z [1m[92m   Compiling[0m heck v0.5.0
2026-03-08T08:04:13.3153133Z [1m[92m   Compiling[0m clap_builder v4.5.54
2026-03-08T08:04:14.3305104Z [1m[92m   Compiling[0m regex-automata v0.4.13
2026-03-08T08:04:16.1465154Z [1m[92m   Compiling[0m clap_derive v4.5.49
2026-03-08T08:04:17.9019630Z [1m[92m   Compiling[0m crossbeam-epoch v0.9.18
2026-03-08T08:04:18.2338076Z [1m[92m   Compiling[0m bstr v1.12.0
2026-03-08T08:04:18.8348813Z [1m[92m   Compiling[0m nix v0.31.1
2026-03-08T08:04:19.1468934Z [1m[92m   Compiling[0m anyhow v1.0.100
2026-03-08T08:04:19.3354966Z [1m[92m   Compiling[0m log v0.4.28
2026-03-08T08:04:19.4955595Z [1m[92m   Compiling[0m same-file v1.0.6
2026-03-08T08:04:19.5881911Z [1m[92m   Compiling[0m walkdir v2.5.0
2026-03-08T08:04:20.0083985Z [1m[92m   Compiling[0m globset v0.4.18
2026-03-08T08:04:20.7464307Z [1m[92m   Compiling[0m crossbeam-deque v0.8.6
2026-03-08T08:04:20.9325712Z [1m[92m   Compiling[0m clap v4.5.54
2026-03-08T08:04:20.9725243Z [1m[92m   Compiling[0m nu-ansi-term v0.50.3
2026-03-08T08:04:21.0814316Z [1m[92m   Compiling[0m once_cell v1.21.3
2026-03-08T08:04:21.2475737Z [1m[92m   Compiling[0m bitflags v1.3.2
2026-03-08T08:04:21.2820334Z [1m[92m   Compiling[0m faccess v0.2.4
2026-03-08T08:04:21.3270543Z [1m[92m   Compiling[0m argmax v0.4.0
2026-03-08T08:04:21.3795733Z [1m[92m   Compiling[0m lscolors v0.21.0
2026-03-08T08:04:21.4441829Z [1m[92m   Compiling[0m clap_complete v4.5.62
2026-03-08T08:04:21.8083333Z [1m[92m   Compiling[0m ignore v0.4.25
2026-03-08T08:04:23.5034768Z [1m[92m   Compiling[0m regex v1.12.2
2026-03-08T08:04:23.8301195Z [1m[92m   Compiling[0m ctrlc v3.5.1
2026-03-08T08:04:23.9214360Z [1m[92m   Compiling[0m crossbeam-channel v0.5.15
2026-03-08T08:04:24.2827726Z [1m[92m   Compiling[0m etcetera v0.11.0
2026-03-08T08:04:24.4687670Z [1m[92m   Compiling[0m normpath v1.5.0
2026-03-08T08:04:24.5257475Z [1m[92m   Compiling[0m jiff v0.2.18
2026-03-08T08:04:56.1022758Z [1m[92m   Compiling[0m tikv-jemallocator v0.6.1
2026-03-08T08:04:56.1391550Z [1m[92m   Compiling[0m fd-find v10.4.0 (/project)
2026-03-08T08:05:20.3460202Z [1m[92m    Finished[0m `release` profile [optimized] target(s) in 1m 11s
2026-03-08T08:05:20.4635960Z ##[group]Run # Figure out suffix of binary
2026-03-08T08:05:20.4636304Z [36;1m# Figure out suffix of binary[0m
2026-03-08T08:05:20.4636545Z [36;1mEXE_suffix=""[0m
2026-03-08T08:05:20.4636755Z [36;1mcase ${target} in[0m
2026-03-08T08:05:20.4636993Z [36;1m  *-pc-windows-*) EXE_suffix=".exe" ;;[0m
2026-03-08T08:05:20.4637256Z [36;1mesac;[0m
2026-03-08T08:05:20.4637612Z [36;1m[0m
2026-03-08T08:05:20.4637777Z [36;1m# Setup paths[0m
2026-03-08T08:05:20.4638004Z [36;1mBIN_NAME="${name}${EXE_suffix}"[0m
2026-03-08T08:05:20.4638298Z [36;1mBIN_PATH="target/${target}/release/${BIN_NAME}"[0m
2026-03-08T08:05:20.4638579Z [36;1m[0m
2026-03-08T08:05:20.4638806Z [36;1m# Let subsequent steps know where to find the binary[0m
2026-03-08T08:05:20.4639150Z [36;1mecho "BIN_PATH=${BIN_PATH}" >> $GITHUB_OUTPUT[0m
2026-03-08T08:05:20.4639456Z [36;1mecho "BIN_NAME=${BIN_NAME}" >> $GITHUB_OUTPUT[0m
2026-03-08T08:05:20.4688243Z shell: /usr/bin/bash --noprofile --norc -e -o pipefail {0}
2026-03-08T08:05:20.4688556Z env:
2026-03-08T08:05:20.4688761Z   CICD_INTERMEDIATES_DIR: _cicd-intermediates
2026-03-08T08:05:20.4689034Z   MSRV_FEATURES: --all-features
2026-03-08T08:05:20.4689256Z   BUILD_CMD: cross
2026-03-08T08:05:20.4689454Z   target: x86_64-unknown-linux-musl
2026-03-08T08:05:20.4689669Z   name: fd
2026-03-08T08:05:20.4689843Z   CARGO_HOME: /home/runner/.cargo
2026-03-08T08:05:20.4690067Z   CARGO_INCREMENTAL: 0
2026-03-08T08:05:20.4690265Z   CARGO_TERM_COLOR: always
2026-03-08T08:05:20.4690462Z ##[endgroup]
2026-03-08T08:05:20.4782218Z ##[group]Run # test only library unit tests and binary for arm-type targets
2026-03-08T08:05:20.4782918Z [36;1m# test only library unit tests and binary for arm-type targets[0m
2026-03-08T08:05:20.4783267Z [36;1munset CARGO_TEST_OPTIONS[0m
2026-03-08T08:05:20.4783507Z [36;1mcase ${target} in[0m
2026-03-08T08:05:20.4783721Z [36;1marm-* | aarch64-*)[0m
2026-03-08T08:05:20.4783970Z [36;1m  CARGO_TEST_OPTIONS="--bin=${name}" ;;[0m
2026-03-08T08:05:20.4784224Z [36;1mesac[0m
2026-03-08T08:05:20.4784505Z [36;1mecho "CARGO_TEST_OPTIONS=${CARGO_TEST_OPTIONS}" >> $GITHUB_OUTPUT[0m
2026-03-08T08:05:20.4828214Z shell: /usr/bin/bash --noprofile --norc -e -o pipefail {0}
2026-03-08T08:05:20.4828529Z env:
2026-03-08T08:05:20.4828740Z   CICD_INTERMEDIATES_DIR: _cicd-intermediates
2026-03-08T08:05:20.4829010Z   MSRV_FEATURES: --all-features
2026-03-08T08:05:20.4829240Z   BUILD_CMD: cross
2026-03-08T08:05:20.4829427Z   target: x86_64-unknown-linux-musl
2026-03-08T08:05:20.4829678Z   name: fd
2026-03-08T08:05:20.4829854Z   CARGO_HOME: /home/runner/.cargo
2026-03-08T08:05:20.4830078Z   CARGO_INCREMENTAL: 0
2026-03-08T08:05:20.4830268Z   CARGO_TERM_COLOR: always
2026-03-08T08:05:20.4830466Z ##[endgroup]
2026-03-08T08:05:20.4917570Z ##[group]Run $BUILD_CMD test --locked --target="${target}" "${cargo_test_options}"
2026-03-08T08:05:20.4918086Z [36;1m$BUILD_CMD test --locked --target="${target}" "${cargo_test_options}"[0m
2026-03-08T08:05:20.4961144Z shell: /usr/bin/bash --noprofile --norc -e -o pipefail {0}
2026-03-08T08:05:20.4961450Z env:
2026-03-08T08:05:20.4961657Z   CICD_INTERMEDIATES_DIR: _cicd-intermediates
2026-03-08T08:05:20.4961932Z   MSRV_FEATURES: --all-features
2026-03-08T08:05:20.4962154Z   BUILD_CMD: cross
2026-03-08T08:05:20.4962344Z   target: x86_64-unknown-linux-musl
2026-03-08T08:05:20.4962764Z   name: fd
2026-03-08T08:05:20.4962933Z   CARGO_HOME: /home/runner/.cargo
2026-03-08T08:05:20.4963171Z   CARGO_INCREMENTAL: 0
2026-03-08T08:05:20.4963369Z   CARGO_TERM_COLOR: always
2026-03-08T08:05:20.4963571Z   cargo_test_options: 
2026-03-08T08:05:20.4963760Z ##[endgroup]
2026-03-08T08:05:20.8659538Z info: syncing channel updates for 'stable-x86_64-unknown-linux-gnu'
2026-03-08T08:05:20.8891615Z 
2026-03-08T08:05:20.8983853Z   stable-x86_64-unknown-linux-gnu unchanged - rustc 1.94.0 (4a4ef493e 2026-03-02)
2026-03-08T08:05:20.8984373Z 
2026-03-08T08:05:21.3068790Z [1m[92m   Compiling[0m libc v0.2.180
2026-03-08T08:05:21.3069724Z [1m[92m   Compiling[0m bitflags v2.10.0
2026-03-08T08:05:21.3070582Z [1m[92m   Compiling[0m proc-macro2 v1.0.101
2026-03-08T08:05:21.3071073Z [1m[92m   Compiling[0m quote v1.0.41
2026-03-08T08:05:21.4518096Z [1m[92m   Compiling[0m unicode-ident v1.0.20
2026-03-08T08:05:21.4871439Z [1m[92m   Compiling[0m cfg-if v1.0.4
2026-03-08T08:05:21.5159349Z [1m[92m   Compiling[0m cfg_aliases v0.2.1
2026-03-08T08:05:21.5265536Z [1m[92m   Compiling[0m memchr v2.7.6
2026-03-08T08:05:21.5580353Z [1m[92m   Compiling[0m rustix v1.1.3
2026-03-08T08:05:21.8638760Z [1m[92m   Compiling[0m crossbeam-utils v0.8.21
2026-03-08T08:05:22.1926603Z [1m[92m   Compiling[0m syn v2.0.107
2026-03-08T08:05:22.2220195Z [1m[92m   Compiling[0m linux-raw-sys v0.11.0
2026-03-08T08:05:22.2487372Z [1m[92m   Compiling[0m aho-corasick v1.1.4
2026-03-08T08:05:22.9673436Z [1m[92m   Compiling[0m utf8parse v0.2.2
2026-03-08T08:05:23.0163267Z [1m[92m   Compiling[0m find-msvc-tools v0.1.4
2026-03-08T08:05:23.1867301Z [1m[92m   Compiling[0m shlex v1.3.0
2026-03-08T08:05:23.3095705Z [1m[92m   Compiling[0m cc v1.2.41
2026-03-08T08:05:24.0767397Z [1m[92m   Compiling[0m anstyle-parse v0.2.7
2026-03-08T08:05:24.6298532Z [1m[92m   Compiling[0m nix v0.30.1
2026-03-08T08:05:24.6470841Z [1m[92m   Compiling[0m anstyle v1.0.13
2026-03-08T08:05:24.7013346Z [1m[92m   Compiling[0m anstyle-query v1.1.4
2026-03-08T08:05:24.7476604Z [1m[92m   Compiling[0m regex-syntax v0.8.8
2026-03-08T08:05:24.8098019Z [1m[92m   Compiling[0m colorchoice v1.0.4
2026-03-08T08:05:24.8569480Z [1m[92m   Compiling[0m is_terminal_polyfill v1.70.1
2026-03-08T08:05:24.8966511Z [1m[92m   Compiling[0m anstream v0.6.21
2026-03-08T08:05:24.9097849Z [1m[92m   Compiling[0m tikv-jemalloc-sys v0.6.1+5.3.0-1-ge13ca993e8ccb9ba9847cc330696e02839f328f7
2026-03-08T08:05:25.1323673Z [1m[92m   Compiling[0m terminal_size v0.4.3
2026-03-08T08:05:25.1681093Z [1m[92m   Compiling[0m strsim v0.11.1
2026-03-08T08:05:25.2036371Z [1m[92m   Compiling[0m clap_lex v0.7.6
2026-03-08T08:05:25.3450595Z [1m[92m   Compiling[0m heck v0.5.0
2026-03-08T08:05:25.4267594Z [1m[92m   Compiling[0m clap_builder v4.5.54
2026-03-08T08:05:26.9244721Z [1m[92m   Compiling[0m regex-automata v0.4.13
2026-03-08T08:05:27.2298429Z [1m[92m   Compiling[0m clap_derive v4.5.49
2026-03-08T08:05:29.0623765Z [1m[92m   Compiling[0m crossbeam-epoch v0.9.18
2026-03-08T08:05:29.3263901Z [1m[92m   Compiling[0m bstr v1.12.0
2026-03-08T08:05:29.3671326Z [1m[92m   Compiling[0m nix v0.31.1
2026-03-08T08:05:29.6321805Z [1m[92m   Compiling[0m log v0.4.28
2026-03-08T08:05:29.7518721Z [1m[92m   Compiling[0m anyhow v1.0.100
2026-03-08T08:05:29.7869278Z [1m[92m   Compiling[0m same-file v1.0.6
2026-03-08T08:05:29.8694183Z [1m[92m   Compiling[0m once_cell v1.21.3
2026-03-08T08:05:29.9329900Z [1m[92m   Compiling[0m getrandom v0.3.4
2026-03-08T08:05:30.0418659Z [1m[92m   Compiling[0m test-case-core v3.3.1
2026-03-08T08:05:30.1816225Z [1m[92m   Compiling[0m walkdir v2.5.0
2026-03-08T08:05:30.2315917Z [1m[92m   Compiling[0m globset v0.4.18
2026-03-08T08:05:30.4196254Z [1m[92m   Compiling[0m crossbeam-deque v0.8.6
2026-03-08T08:05:30.5605728Z [1m[92m   Compiling[0m clap v4.5.54
2026-03-08T08:05:30.5940986Z [1m[92m   Compiling[0m nu-ansi-term v0.50.3
2026-03-08T08:05:30.8330578Z [1m[92m   Compiling[0m bitflags v1.3.2
2026-03-08T08:05:30.8420686Z [1m[92m   Compiling[0m test-case-macros v3.3.1
2026-03-08T08:05:30.8628410Z [1m[92m   Compiling[0m faccess v0.2.4
2026-03-08T08:05:30.8695580Z [1m[92m   Compiling[0m lscolors v0.21.0
2026-03-08T08:05:30.9563548Z [1m[92m   Compiling[0m clap_complete v4.5.62
2026-03-08T08:05:31.1760632Z [1m[92m   Compiling[0m ignore v0.4.25
2026-03-08T08:05:31.9899418Z [1m[92m   Compiling[0m argmax v0.4.0
2026-03-08T08:05:32.0811692Z [1m[92m   Compiling[0m ctrlc v3.5.1
2026-03-08T08:05:32.1049844Z [1m[92m   Compiling[0m regex v1.12.2
2026-03-08T08:05:32.1624356Z [1m[92m   Compiling[0m crossbeam-channel v0.5.15
2026-03-08T08:05:32.3979475Z [1m[92m   Compiling[0m etcetera v0.11.0
2026-03-08T08:05:32.5142624Z [1m[92m   Compiling[0m normpath v1.5.0
2026-03-08T08:05:32.5895258Z [1m[92m   Compiling[0m jiff v0.2.18
2026-03-08T08:05:32.5943274Z [1m[92m   Compiling[0m fastrand v2.3.0
2026-03-08T08:05:32.6493425Z [1m[92m   Compiling[0m test-case v3.3.1
2026-03-08T08:05:32.6885318Z [1m[92m   Compiling[0m filetime v0.2.27
2026-03-08T08:05:32.7665528Z [1m[92m   Compiling[0m tempfile v3.24.0
2026-03-08T08:05:32.8020524Z [1m[92m   Compiling[0m diff v0.1.13
2026-03-08T08:06:04.5589799Z [1m[92m   Compiling[0m tikv-jemallocator v0.6.1
2026-03-08T08:06:04.5946456Z [1m[92m   Compiling[0m fd-find v10.4.0 (/project)
2026-03-08T08:06:07.3583374Z [1m[92m    Finished[0m `test` profile [unoptimized + debuginfo] target(s) in 46.15s
2026-03-08T08:06:07.3639868Z [1m[92m     Running[0m unittests src/main.rs (/target/x86_64-unknown-linux-musl/debug/deps/fd-60274a46adb0b8f1)
2026-03-08T08:06:07.3679381Z 
2026-03-08T08:06:07.3679556Z running 135 tests
2026-03-08T08:06:07.3700638Z test exec::tests::generate_custom_path_separator ... ok
2026-03-08T08:06:07.3701300Z test exec::tests::template_no_args ... ok
2026-03-08T08:06:07.3706322Z test exec::tests::command_set_no_args ... ok
2026-03-08T08:06:07.3709968Z test exec::tests::tokens_multiple ... ok
2026-03-08T08:06:07.3710664Z test exec::tests::tokens_multiple_batch ... ok
2026-03-08T08:06:07.3713884Z test exec::tests::tokens_single_batch ... ok
2026-03-08T08:06:07.3718926Z test exec::tests::tokens_with_basename ... ok
2026-03-08T08:06:07.3719568Z test exec::tests::tokens_with_basename_no_extension ... ok
2026-03-08T08:06:07.3722248Z test exec::tests::tokens_with_literal_braces ... ok
2026-03-08T08:06:07.3727733Z test exec::tests::tokens_with_literal_braces_and_placeholder ... ok
2026-03-08T08:06:07.3729254Z test exec::tests::tokens_with_no_extension ... ok
2026-03-08T08:06:07.3731488Z test exec::tests::tokens_with_parent ... ok
2026-03-08T08:06:07.3734288Z test exec::tests::tokens_with_placeholder ... ok
2026-03-08T08:06:07.3738748Z test exit_codes::tests::general_error_if_at_least_one_error ... ok
2026-03-08T08:06:07.3744862Z test exit_codes::tests::success_if_no_error ... ok
2026-03-08T08:06:07.3745804Z test exit_codes::tests::success_when_no_results ... ok
2026-03-08T08:06:07.3746642Z test filesystem::tests::strip_current_dir_basic ... ok
2026-03-08T08:06:07.3747643Z test filter::owner::owner_parsing::both_negate ... ok
2026-03-08T08:06:07.3750954Z test filter::owner::owner_parsing::colon_only ... ok
2026-03-08T08:06:07.3753897Z test filter::owner::owner_parsing::empty ... ok
2026-03-08T08:06:07.3758277Z test filter::owner::owner_parsing::gid_only ... ok
2026-03-08T08:06:07.3762625Z test filter::owner::owner_parsing::more_colons ... ok
2026-03-08T08:06:07.3764293Z test filter::owner::owner_parsing::only_colons ... ok
2026-03-08T08:06:07.3765345Z test filter::owner::owner_parsing::trailing ... ok
2026-03-08T08:06:07.3768865Z test filter::owner::owner_parsing::uid_gid ... ok
2026-03-08T08:06:07.3770723Z test filter::owner::owner_parsing::uid_negate ... ok
2026-03-08T08:06:07.3771716Z test filter::owner::owner_parsing::uid_not_gid ... ok
2026-03-08T08:06:07.3774452Z test filter::owner::owner_parsing::uid_only ... ok
2026-03-08T08:06:07.3807005Z test filter::size::tests::byte_minus ... ok
2026-03-08T08:06:07.3807816Z test filter::size::tests::ensure_bad_format_returns_none_1 ... ok
2026-03-08T08:06:07.3811021Z test filter::size::tests::byte_plus_multiplier ... ok
2026-03-08T08:06:07.3816292Z test filter::size::tests::byte_plus ... ok
2026-03-08T08:06:07.3817780Z test filter::size::tests::ensure_bad_format_returns_none_3 ... ok
2026-03-08T08:06:07.3825094Z test filter::size::tests::ensure_bad_format_returns_none_2 ... ok
2026-03-08T08:06:07.3828413Z test filter::size::tests::ensure_bb_format_returns_none ... ok
2026-03-08T08:06:07.3836888Z test filter::size::tests::ensure_invalid_unit_returns_none_1 ... ok
2026-03-08T08:06:07.3837819Z test filter::size::tests::ensure_bib_format_returns_none ... ok
2026-03-08T08:06:07.3838550Z test filter::size::tests::ensure_invalid_unit_returns_none_2 ... ok
2026-03-08T08:06:07.3839319Z test filter::size::tests::ensure_invalid_unit_returns_none_3 ... ok
2026-03-08T08:06:07.3843709Z test filter::size::tests::ensure_missing_number_returns_none ... ok
2026-03-08T08:06:07.3844476Z test filter::size::tests::ensure_missing_unit_returns_none ... ok
2026-03-08T08:06:07.3850254Z test filter::size::tests::gibi_minus ... ok
2026-03-08T08:06:07.3850908Z test filter::size::tests::gibi_minus_suffix ... ok
2026-03-08T08:06:07.3858814Z test filter::size::tests::gibi_minus_suffix_upper ... ok
2026-03-08T08:06:07.3860878Z test filter::size::tests::gibi_minus_upper ... ok
2026-03-08T08:06:07.3866471Z test filter::size::tests::gibi_plus ... ok
2026-03-08T08:06:07.3867037Z test filter::size::tests::gibi_plus_suffix ... ok
2026-03-08T08:06:07.3867702Z test filter::size::tests::gibi_plus_suffix_upper ... ok
2026-03-08T08:06:07.3871417Z test filter::size::tests::giga_minus_suffix ... ok
2026-03-08T08:06:07.3873159Z test filter::size::tests::giga_minus ... ok
2026-03-08T08:06:07.3878951Z test filter::size::tests::gibi_plus_upper ... ok
2026-03-08T08:06:07.3881865Z test filter::size::tests::giga_minus_suffix_upper ... ok
2026-03-08T08:06:07.3882804Z test filter::size::tests::giga_minus_upper ... ok
2026-03-08T08:06:07.3886275Z test filter::size::tests::giga_plus ... ok
2026-03-08T08:06:07.3886867Z test filter::size::tests::giga_plus_suffix ... ok
2026-03-08T08:06:07.3890966Z test filter::size::tests::giga_plus_suffix_upper ... ok
2026-03-08T08:06:07.3893433Z test filter::size::tests::giga_plus_upper ... ok
2026-03-08T08:06:07.3896251Z test filter::size::tests::is_within_greater_than ... ok
2026-03-08T08:06:07.3900806Z test filter::size::tests::is_within_greater_than_equal ... ok
2026-03-08T08:06:07.3904423Z test filter::size::tests::is_within_less_than ... ok
2026-03-08T08:06:07.3908385Z test filter::size::tests::is_within_less_than_equal ... ok
2026-03-08T08:06:07.3909002Z test filter::size::tests::kibi_minus ... ok
2026-03-08T08:06:07.3911634Z test filter::size::tests::kibi_minus_multiplier ... ok
2026-03-08T08:06:07.3919091Z test filter::size::tests::kibi_minus_suffix ... ok
2026-03-08T08:06:07.3921578Z test filter::size::tests::kibi_minus_suffix_upper ... ok
2026-03-08T08:06:07.3923599Z test filter::size::tests::kibi_minus_upper ... ok
2026-03-08T08:06:07.3925924Z test filter::size::tests::kibi_plus ... ok
2026-03-08T08:06:07.3927631Z test filter::size::tests::kibi_plus_multiplier ... ok
2026-03-08T08:06:07.3928292Z test filter::size::tests::kibi_plus_suffix_upper ... ok
2026-03-08T08:06:07.3931141Z test filter::size::tests::kibi_plus_suffix ... ok
2026-03-08T08:06:07.3935393Z test filter::size::tests::kilo_minus ... ok
2026-03-08T08:06:07.3938627Z test filter::size::tests::kibi_plus_upper ... ok
2026-03-08T08:06:07.3941392Z test filter::size::tests::kilo_minus_multiplier ... ok
2026-03-08T08:06:07.3943327Z test filter::size::tests::kilo_minus_suffix ... ok
2026-03-08T08:06:07.3946376Z test filter::size::tests::kilo_minus_suffix_upper ... ok
2026-03-08T08:06:07.3950405Z test filter::size::tests::kilo_minus_upper ... ok
2026-03-08T08:06:07.3952916Z test filter::size::tests::kilo_plus ... ok
2026-03-08T08:06:07.3955800Z test filter::size::tests::kilo_plus_suffix ... ok
2026-03-08T08:06:07.3958547Z test filter::size::tests::kilo_plus_suffix_upper ... ok
2026-03-08T08:06:07.3961059Z test filter::size::tests::kilo_plus_upper ... ok
2026-03-08T08:06:07.3964545Z test filter::size::tests::mebi_minus ... ok
2026-03-08T08:06:07.3966952Z test filter::size::tests::mebi_minus_suffix ... ok
2026-03-08T08:06:07.3967695Z test filter::size::tests::mebi_minus_suffix_upper ... ok
2026-03-08T08:06:07.3973738Z test filter::size::tests::mebi_minus_upper ... ok
2026-03-08T08:06:07.3975408Z test filter::size::tests::mebi_plus ... ok
2026-03-08T08:06:07.3976279Z test filter::size::tests::mebi_plus_suffix ... ok
2026-03-08T08:06:07.3977534Z test filter::size::tests::mebi_plus_suffix_upper ... ok
2026-03-08T08:06:07.3986194Z test filter::size::tests::mebi_plus_upper ... ok
2026-03-08T08:06:07.3986794Z test filter::size::tests::mega_minus ... ok
2026-03-08T08:06:07.3987304Z test filter::size::tests::mega_minus_suffix ... ok
2026-03-08T08:06:07.3988826Z test filter::size::tests::mega_minus_suffix_upper ... ok
2026-03-08T08:06:07.3994148Z test filter::size::tests::mega_minus_upper ... ok
2026-03-08T08:06:07.3997505Z test filter::size::tests::mega_plus_suffix ... ok
2026-03-08T08:06:07.4001666Z test filter::size::tests::mega_plus ... ok
2026-03-08T08:06:07.4002321Z test filter::size::tests::mega_plus_suffix_upper ... ok
2026-03-08T08:06:07.4003712Z test filter::size::tests::mega_plus_upper ... ok
2026-03-08T08:06:07.4008543Z test filter::size::tests::tebi_minus ... ok
2026-03-08T08:06:07.4011611Z test filter::size::tests::tebi_minus_suffix_upper ... ok
2026-03-08T08:06:07.4017121Z test filter::size::tests::tebi_minus_suffix ... ok
2026-03-08T08:06:07.4017824Z test filter::size::tests::tebi_minus_upper ... ok
2026-03-08T08:06:07.4019484Z test filter::size::tests::tebi_plus ... ok
2026-03-08T08:06:07.4023023Z test filter::size::tests::tebi_plus_suffix ... ok
2026-03-08T08:06:07.4029663Z test filter::size::tests::tebi_plus_suffix_upper ... ok
2026-03-08T08:06:07.4033240Z test filter::size::tests::tebi_plus_upper ... ok
2026-03-08T08:06:07.4033766Z test filter::size::tests::tera_minus ... ok
2026-03-08T08:06:07.4034206Z test filter::size::tests::tera_minus_suffix ... ok
2026-03-08T08:06:07.4035294Z test filter::size::tests::tera_minus_suffix_upper ... ok
2026-03-08T08:06:07.4038166Z test filter::size::tests::tera_minus_upper ... ok
2026-03-08T08:06:07.4041264Z test filter::size::tests::tera_plus ... ok
2026-03-08T08:06:07.4047847Z test filter::size::tests::tera_plus_suffix ... ok
2026-03-08T08:06:07.4050042Z test filter::size::tests::tera_plus_suffix_upper ... ok
2026-03-08T08:06:07.4053396Z test filter::size::tests::tera_plus_upper ... ok
2026-03-08T08:06:07.4053993Z test fmt::fmt_tests::all_placeholders ... ok
2026-03-08T08:06:07.4055642Z test fmt::fmt_tests::parse_no_placeholders ... ok
2026-03-08T08:06:07.4060216Z test fmt::fmt_tests::parse_only_brace_escapes ... ok
2026-03-08T08:06:07.4060878Z test fmt::input::path_tests::basename_dir ... ok
2026-03-08T08:06:07.4063592Z test fmt::input::path_tests::basename_empty ... ok
2026-03-08T08:06:07.4066452Z test filter::time::tests::is_time_filter_applicable ... ok
2026-03-08T08:06:07.4069296Z test fmt::input::path_tests::basename_simple ... ok
2026-03-08T08:06:07.4074053Z test fmt::input::path_tests::basename_utf8_0 ... ok
2026-03-08T08:06:07.4075699Z test fmt::input::path_tests::basename_utf8_1 ... ok
2026-03-08T08:06:07.4076450Z test fmt::input::path_tests::dirname_dir ... ok
2026-03-08T08:06:07.4081332Z test fmt::input::path_tests::dirname_root ... ok
2026-03-08T08:06:07.4084407Z test fmt::input::path_tests::dirname_simple ... ok
2026-03-08T08:06:07.4085732Z test fmt::input::path_tests::dirname_utf8_0 ... ok
2026-03-08T08:06:07.4088390Z test fmt::input::path_tests::dirname_utf8_1 ... ok
2026-03-08T08:06:07.4090597Z test fmt::input::path_tests::hidden ... ok
2026-03-08T08:06:07.4095217Z test fmt::input::path_tests::remove_ext_dir ... ok
2026-03-08T08:06:07.4095891Z test fmt::input::path_tests::remove_ext_empty ... ok
2026-03-08T08:06:07.4103391Z test fmt::input::path_tests::remove_ext_simple ... ok
2026-03-08T08:06:07.4107330Z test fmt::input::path_tests::remove_ext_utf8 ... ok
2026-03-08T08:06:07.4108408Z test hyperlink::test::test_unicode_encoding ... ok
2026-03-08T08:06:07.4110953Z test regex_helper::matches_strings_with_leading_dot_simple ... ok
2026-03-08T08:06:07.4111393Z test regex_helper::pattern_has_uppercase_char_advanced ... ok
2026-03-08T08:06:07.4111990Z test regex_helper::pattern_has_uppercase_char_simple ... ok
2026-03-08T08:06:07.4112229Z 
2026-03-08T08:06:07.4112900Z test result: ok. 135 passed; 0 failed; 0 ignored; 0 measured; 0 filtered out; finished in 0.04s
2026-03-08T08:06:07.4113250Z 
2026-03-08T08:06:07.4118162Z [1m[92m     Running[0m tests/tests.rs (/target/x86_64-unknown-linux-musl/debug/deps/tests-030662984607b000)
2026-03-08T08:06:07.4148605Z 
2026-03-08T08:06:07.4148775Z running 106 tests
2026-03-08T08:06:07.4480315Z test test_and_bad_pattern ... ok
2026-03-08T08:06:07.4486932Z test test_absolute_path ... ok
2026-03-08T08:06:07.4639392Z test test_and_empty_pattern ... ok
2026-03-08T08:06:07.4828645Z test test_and_plus_case_sensitive ... ok
2026-03-08T08:06:07.4898164Z test test_and_basic ... ok
2026-03-08T08:06:07.4924018Z test test_and_pattern_starts_with_dash ... ok
2026-03-08T08:06:07.4953531Z test format ... ok
2026-03-08T08:06:07.5110228Z test test_and_plus_glob ... ok
2026-03-08T08:06:07.5207223Z test test_and_plus_extension ... ok
2026-03-08T08:06:07.5280657Z test test_and_plus_ignore_case ... ok
2026-03-08T08:06:07.5283458Z test test_and_plus_full_path ... ok
2026-03-08T08:06:07.5345417Z test test_and_plus_fixed_strings ... ok
2026-03-08T08:06:07.5546641Z test test_and_plus_type ... ok
2026-03-08T08:06:07.5596694Z test test_case_insensitive ... ok
2026-03-08T08:06:07.5696416Z test test_case_sensitive_glob_searches ... ok
2026-03-08T08:06:07.5739176Z test test_custom_ignore_files ... ok
2026-03-08T08:06:07.5799432Z test test_case_sensitive ... ok
2026-03-08T08:06:07.5847916Z test test_base_directory ... ok
2026-03-08T08:06:07.5894136Z test test_custom_path_separator ... ok
2026-03-08T08:06:07.6038657Z test test_exact_depth ... ok
2026-03-08T08:06:07.6085346Z test test_custom_ignore_precedence ... ok
2026-03-08T08:06:07.6234977Z test test_empty_pattern ... ok
2026-03-08T08:06:07.6430906Z test test_error_if_hidden_not_set_and_pattern_starts_with_dot ... ok
2026-03-08T08:06:07.6804080Z test test_excludes ... ok
2026-03-08T08:06:07.6840533Z test test_exec_batch_multi ... ok
2026-03-08T08:06:07.6984667Z test test_exec_batch_with_limit ... ok
2026-03-08T08:06:07.7206167Z test test_exec_batch ... FAILED
2026-03-08T08:06:07.7443480Z test test_exec_nulls ... ok
2026-03-08T08:06:07.7692793Z test test_exec_invalid_utf8 ... ok
2026-03-08T08:06:07.7744623Z test test_exec ... ok
2026-03-08T08:06:07.7776393Z test test_exec_multi ... ok
2026-03-08T08:06:07.7790243Z test test_file_system_boundaries ... ok
2026-03-08T08:06:07.8256501Z test test_explicit_root_path ... ok
2026-03-08T08:06:07.8429764Z test test_follow ... ok
2026-03-08T08:06:07.8545555Z test test_fixed_strings ... ok
2026-03-08T08:06:07.8717418Z test test_full_path ... ok
2026-03-08T08:06:07.8932655Z test test_exec_with_separator ... ok
2026-03-08T08:06:07.9201749Z test test_full_path_glob_searches ... ok
2026-03-08T08:06:07.9294882Z test test_follow_broken_symlink ... ok
2026-03-08T08:06:07.9500258Z test test_extension ... ok
2026-03-08T08:06:07.9505988Z test test_git_dir ... ok
2026-03-08T08:06:07.9530870Z test test_gitignore_parent ... ok
2026-03-08T08:06:07.9637862Z test test_gitignore_and_fdignore ... ok
2026-03-08T08:06:07.9670424Z test test_glob_searches_with_extension ... ok
2026-03-08T08:06:07.9682171Z test test_global_ignore ... ok
2026-03-08T08:06:07.9783270Z test test_hidden ... ok
2026-03-08T08:06:07.9829823Z test test_hyperlink ... ok
2026-03-08T08:06:07.9873711Z test test_ignore_contain ... ok
2026-03-08T08:06:07.9923267Z test test_glob_searches ... ok
2026-03-08T08:06:07.9928266Z test test_ignore_contain_precedence_over_depth_check ... ok
2026-03-08T08:06:07.9968193Z test test_ignore_contain_precedence_over_root_check ... ok
2026-03-08T08:06:08.0027407Z test test_implicit_absolute_path ... ok
2026-03-08T08:06:08.0057056Z test test_invalid_cwd ... ok
2026-03-08T08:06:08.0147827Z test test_list_details ... ok
2026-03-08T08:06:08.0353829Z test test_invalid_utf8 ... ok
2026-03-08T08:06:08.0411029Z test test_max_depth ... ok
2026-03-08T08:06:08.0421097Z test test_min_depth ... ok
2026-03-08T08:06:08.0629911Z test test_modified_absolute ... ok
2026-03-08T08:06:08.0804173Z test test_modified_relative ... ok
2026-03-08T08:06:08.0813780Z test test_max_results ... ok
2026-03-08T08:06:08.0956896Z test test_multi_file ... ok
2026-03-08T08:06:08.0968901Z test test_no_global_ignore::no_global_ignore_file ... ok
2026-03-08T08:06:08.1096865Z test test_no_global_ignore::no_ignore ... ok
2026-03-08T08:06:08.1110790Z test test_no_global_ignore::unrestricted ... ok
2026-03-08T08:06:08.1111344Z test test_no_extension ... ok
2026-03-08T08:06:08.1264302Z test test_no_ignore_aliases ... ok
2026-03-08T08:06:08.1333067Z test test_multi_file_with_missing ... ok
2026-03-08T08:06:08.1361260Z test test_no_ignore ... ok
2026-03-08T08:06:08.1362085Z test test_no_ignore_parent ... ok
2026-03-08T08:06:08.1472566Z test test_no_ignore_vcs ... ok
2026-03-08T08:06:08.1485213Z test test_no_ignore_vcs_child_dir ... ok
2026-03-08T08:06:08.1499456Z test test_no_ignore_parent_inner_git ... ok
2026-03-08T08:06:08.1546307Z test test_normalized_absolute_path ... ok
2026-03-08T08:06:08.1753329Z test test_opposing::follow ... ok
2026-03-08T08:06:08.1775719Z test test_opposing::absolute_path ... ok
2026-03-08T08:06:08.1810958Z test test_opposing::hidden ... ok
2026-03-08T08:06:08.1962693Z test test_number_parsing_errors ... ok
2026-03-08T08:06:08.2036635Z test test_opposing::no_ignore ... ok
2026-03-08T08:06:08.2053409Z test test_opposing::no_ignore_vcs ... ok
2026-03-08T08:06:08.2090929Z test test_opposing::no_require_git ... ok
2026-03-08T08:06:08.2229271Z test test_opposing::u ... ok
2026-03-08T08:06:08.2246592Z test test_owner_current_user ... ok
2026-03-08T08:06:08.2252767Z test test_owner_current_group ... ok
2026-03-08T08:06:08.2314678Z test test_opposing::uu ... ok
2026-03-08T08:06:08.2413588Z test test_print0 ... ok
2026-03-08T08:06:08.2566042Z test test_owner_ignore_all ... ok
2026-03-08T08:06:08.2593867Z test test_prune ... ok
2026-03-08T08:06:08.2709051Z test test_regex_overrides_glob ... ok
2026-03-08T08:06:08.2892567Z test test_owner_root ... ok
2026-03-08T08:06:08.2900629Z test test_quiet ... ok
2026-03-08T08:06:08.2916582Z test test_regex_searches ... ok
2026-03-08T08:06:08.3224706Z test test_respect_ignore_files ... ok
2026-03-08T08:06:08.3252853Z test test_single_and_multithreaded_execution ... ok
2026-03-08T08:06:08.3457718Z test test_simple ... ok
2026-03-08T08:06:08.3543409Z test test_smart_case_glob_searches ... ok
2026-03-08T08:06:08.3620016Z test test_strip_cwd_prefix ... ok
2026-03-08T08:06:08.3687088Z test test_symlink_and_absolute_path ... ok
2026-03-08T08:06:08.3767710Z test test_symlink_and_full_path ... ok
2026-03-08T08:06:08.3885029Z test test_smart_case ... ok
2026-03-08T08:06:08.3895961Z test test_symlink_and_full_path_abs_path ... ok
2026-03-08T08:06:08.3929298Z test test_symlink_as_absolute_root ... ok
2026-03-08T08:06:08.4067009Z test test_symlink_as_root ... ok
2026-03-08T08:06:08.4350343Z test test_type_executable ... ok
2026-03-08T08:06:08.4416475Z test test_type_empty ... ok
2026-03-08T08:06:08.4494095Z test test_type ... ok
2026-03-08T08:06:08.5176898Z test test_size ... ok
2026-03-08T08:06:08.5177550Z 
2026-03-08T08:06:08.5177704Z failures:
2026-03-08T08:06:08.5177906Z 
2026-03-08T08:06:08.5178039Z ---- test_exec_batch stdout ----
2026-03-08T08:06:08.5178215Z 
2026-03-08T08:06:08.5178419Z thread 'test_exec_batch' (6309) panicked at tests/testenv/mod.rs:335:17:
2026-03-08T08:06:08.5178873Z `fd foo --exec-batch echo {} {}` did not produce the expected output.
2026-03-08T08:06:08.5179224Z Showing diff between expected and actual:
2026-03-08T08:06:08.5179537Z  error: Only one placeholder allowed for batch commands
2026-03-08T08:06:08.5179816Z  
2026-03-08T08:06:08.5179998Z -Usage: fd [OPTIONS] [pattern] [path]...
2026-03-08T08:06:08.5180406Z +Usage: /target/x86_64-unknown-linux-musl/debug/fd [OPTIONS] [pattern [path]...]
2026-03-08T08:06:08.5180796Z  
2026-03-08T08:06:08.5180968Z  For more information, try '--help'.
2026-03-08T08:06:08.5181189Z  
2026-03-08T08:06:08.5181269Z 
2026-03-08T08:06:08.5181466Z note: run with `RUST_BACKTRACE=1` environment variable to display a backtrace
2026-03-08T08:06:08.5181756Z 
2026-03-08T08:06:08.5181760Z 
2026-03-08T08:06:08.5181883Z failures:
2026-03-08T08:06:08.5182167Z     test_exec_batch
2026-03-08T08:06:08.5182369Z 
2026-03-08T08:06:08.5183020Z test result: FAILED. 105 passed; 1 failed; 0 ignored; 0 measured; 0 filtered out; finished in 1.10s
2026-03-08T08:06:08.5183666Z 
2026-03-08T08:06:08.5184278Z [1m[91merror[0m: test failed, to rerun pass `--test tests`
2026-03-08T08:06:08.9170418Z ##[error]Process completed with exit code 101.
2026-03-08T08:06:08.9296153Z Post job cleanup.
2026-03-08T08:06:09.0101085Z [command]/usr/bin/git version
2026-03-08T08:06:09.0138454Z git version 2.53.0
2026-03-08T08:06:09.0179488Z Temporarily overriding HOME='/home/runner/work/_temp/d990b114-2a41-4732-89c8-5634d392b1e3' before making global git config changes
2026-03-08T08:06:09.0180826Z Adding repository directory to the temporary git global config as a safe directory
2026-03-08T08:06:09.0186045Z [command]/usr/bin/git config --global --add safe.directory /home/runner/work/fd/fd
2026-03-08T08:06:09.0218002Z Removing SSH command configuration
2026-03-08T08:06:09.0224404Z [command]/usr/bin/git config --local --name-only --get-regexp core\.sshCommand
2026-03-08T08:06:09.0283409Z [command]/usr/bin/git submodule foreach --recursive sh -c "git config --local --name-only --get-regexp 'core\.sshCommand' && git config --local --unset-all 'core.sshCommand' || :"
2026-03-08T08:06:09.0515691Z Removing HTTP extra header
2026-03-08T08:06:09.0520717Z [command]/usr/bin/git config --local --name-only --get-regexp http\.https\:\/\/github\.com\/\.extraheader
2026-03-08T08:06:09.0555546Z [command]/usr/bin/git submodule foreach --recursive sh -c "git config --local --name-only --get-regexp 'http\.https\:\/\/github\.com\/\.extraheader' && git config --local --unset-all 'http.https://github.com/.extraheader' || :"
2026-03-08T08:06:09.0784955Z Removing includeIf entries pointing to credentials config files
2026-03-08T08:06:09.0791297Z [command]/usr/bin/git config --local --name-only --get-regexp ^includeIf\.gitdir:
2026-03-08T08:06:09.0823992Z [command]/usr/bin/git submodule foreach --recursive git config --local --show-origin --name-only --get-regexp remote.origin.url
2026-03-08T08:06:09.1182368Z Cleaning up orphan processes
