2026-05-05T23:04:13.1537630Z Current runner version: '2.334.0'
2026-05-05T23:04:13.1562191Z ##[group]Runner Image Provisioner
2026-05-05T23:04:13.1563008Z Hosted Compute Agent
2026-05-05T23:04:13.1563567Z Version: 20260213.493
2026-05-05T23:04:13.1564116Z Commit: 5c115507f6dd24b8de37d8bbe0bb4509d0cc0fa3
2026-05-05T23:04:13.1565306Z Build Date: 2026-02-13T00:28:41Z
2026-05-05T23:04:13.1565937Z Worker ID: {93aac6d1-9475-49ef-a932-3d1caf0446d3}
2026-05-05T23:04:13.1566601Z Azure Region: westus
2026-05-05T23:04:13.1567182Z ##[endgroup]
2026-05-05T23:04:13.1568626Z ##[group]Operating System
2026-05-05T23:04:13.1569210Z Ubuntu
2026-05-05T23:04:13.1569834Z 22.04.5
2026-05-05T23:04:13.1570297Z LTS
2026-05-05T23:04:13.1570719Z ##[endgroup]
2026-05-05T23:04:13.1571290Z ##[group]Runner Image
2026-05-05T23:04:13.1571801Z Image: ubuntu-22.04
2026-05-05T23:04:13.1572366Z Version: 20260413.88.1
2026-05-05T23:04:13.1573559Z Included Software: https://github.com/actions/runner-images/blob/ubuntu22/20260413.88/images/ubuntu/Ubuntu2204-Readme.md
2026-05-05T23:04:13.1575130Z Image Release: https://github.com/actions/runner-images/releases/tag/ubuntu22%2F20260413.88
2026-05-05T23:04:13.1576084Z ##[endgroup]
2026-05-05T23:04:13.1578962Z ##[group]GITHUB_TOKEN Permissions
2026-05-05T23:04:13.1580969Z Actions: write
2026-05-05T23:04:13.1581554Z ArtifactMetadata: write
2026-05-05T23:04:13.1582097Z Attestations: write
2026-05-05T23:04:13.1582640Z Checks: write
2026-05-05T23:04:13.1583107Z Contents: write
2026-05-05T23:04:13.1583630Z Deployments: write
2026-05-05T23:04:13.1584408Z Discussions: write
2026-05-05T23:04:13.1585012Z Issues: write
2026-05-05T23:04:13.1585516Z Metadata: read
2026-05-05T23:04:13.1585949Z Models: read
2026-05-05T23:04:13.1586514Z Packages: write
2026-05-05T23:04:13.1586998Z Pages: write
2026-05-05T23:04:13.1587580Z PullRequests: write
2026-05-05T23:04:13.1588182Z RepositoryProjects: write
2026-05-05T23:04:13.1588727Z SecurityEvents: write
2026-05-05T23:04:13.1589229Z Statuses: write
2026-05-05T23:04:13.1589777Z VulnerabilityAlerts: read
2026-05-05T23:04:13.1590344Z ##[endgroup]
2026-05-05T23:04:13.1592299Z Secret source: Actions
2026-05-05T23:04:13.1593099Z Prepare workflow directory
2026-05-05T23:04:13.1981853Z Prepare all required actions
2026-05-05T23:04:13.2021200Z Getting action download info
2026-05-05T23:04:13.6372918Z Download action repository 'actions/checkout@v6' (SHA:de0fac2e4500dabe0009e67214ff5f5447ce83dd)
2026-05-05T23:04:13.7828041Z Download action repository 'actions/setup-node@v6' (SHA:48b55a011bda9f5d6aeb4c2d9c7362e8dae4041e)
2026-05-05T23:04:14.2031758Z Download action repository 'actions/cache@v5' (SHA:27d5ce7f107fe9357f9df03efb73ab90386fccae)
2026-05-05T23:04:15.2770208Z Complete job name: test-others-replications
2026-05-05T23:04:15.3696577Z ##[group]Run actions/checkout@v6
2026-05-05T23:04:15.3698473Z with:
2026-05-05T23:04:15.3699595Z   repository: pubkey/rxdb
2026-05-05T23:04:15.3701325Z   token: ***
2026-05-05T23:04:15.3702466Z   ssh-strict: true
2026-05-05T23:04:15.3703644Z   ssh-user: git
2026-05-05T23:04:15.3705066Z   persist-credentials: true
2026-05-05T23:04:15.3705999Z   clean: true
2026-05-05T23:04:15.3706773Z   sparse-checkout-cone-mode: true
2026-05-05T23:04:15.3707707Z   fetch-depth: 1
2026-05-05T23:04:15.3708460Z   fetch-tags: false
2026-05-05T23:04:15.3709238Z   show-progress: true
2026-05-05T23:04:15.3710010Z   lfs: false
2026-05-05T23:04:15.3710719Z   submodules: false
2026-05-05T23:04:15.3711502Z   set-safe-directory: true
2026-05-05T23:04:15.3712679Z ##[endgroup]
2026-05-05T23:04:15.4693905Z Syncing repository: pubkey/rxdb
2026-05-05T23:04:15.4696746Z ##[group]Getting Git version info
2026-05-05T23:04:15.4697933Z Working directory is '/home/runner/work/rxdb/rxdb'
2026-05-05T23:04:15.4699888Z [command]/usr/bin/git version
2026-05-05T23:04:15.4792326Z git version 2.53.0
2026-05-05T23:04:15.4816067Z ##[endgroup]
2026-05-05T23:04:15.4830900Z Temporarily overriding HOME='/home/runner/work/_temp/f0fc9892-eb85-42b5-bc49-d1b7171ea355' before making global git config changes
2026-05-05T23:04:15.4834674Z Adding repository directory to the temporary git global config as a safe directory
2026-05-05T23:04:15.4838377Z [command]/usr/bin/git config --global --add safe.directory /home/runner/work/rxdb/rxdb
2026-05-05T23:04:15.4880044Z Deleting the contents of '/home/runner/work/rxdb/rxdb'
2026-05-05T23:04:15.4885438Z ##[group]Initializing the repository
2026-05-05T23:04:15.4889985Z [command]/usr/bin/git init /home/runner/work/rxdb/rxdb
2026-05-05T23:04:15.5041296Z hint: Using 'master' as the name for the initial branch. This default branch name
2026-05-05T23:04:15.5043568Z hint: will change to "main" in Git 3.0. To configure the initial branch name
2026-05-05T23:04:15.5046427Z hint: to use in all of your new repositories, which will suppress this warning,
2026-05-05T23:04:15.5047993Z hint: call:
2026-05-05T23:04:15.5048825Z hint:
2026-05-05T23:04:15.5050463Z hint: 	git config --global init.defaultBranch <name>
2026-05-05T23:04:15.5051911Z hint:
2026-05-05T23:04:15.5053115Z hint: Names commonly chosen instead of 'master' are 'main', 'trunk' and
2026-05-05T23:04:15.5055862Z hint: 'development'. The just-created branch can be renamed via this command:
2026-05-05T23:04:15.5057775Z hint:
2026-05-05T23:04:15.5058606Z hint: 	git branch -m <name>
2026-05-05T23:04:15.5059548Z hint:
2026-05-05T23:04:15.5060734Z hint: Disable this message with "git config set advice.defaultBranchName false"
2026-05-05T23:04:15.5062761Z Initialized empty Git repository in /home/runner/work/rxdb/rxdb/.git/
2026-05-05T23:04:15.5066047Z [command]/usr/bin/git remote add origin https://github.com/pubkey/rxdb
2026-05-05T23:04:15.5095674Z ##[endgroup]
2026-05-05T23:04:15.5097528Z ##[group]Disabling automatic garbage collection
2026-05-05T23:04:15.5099580Z [command]/usr/bin/git config --local gc.auto 0
2026-05-05T23:04:15.5130531Z ##[endgroup]
2026-05-05T23:04:15.5132866Z ##[group]Setting up auth
2026-05-05T23:04:15.5134975Z Removing SSH command configuration
2026-05-05T23:04:15.5137789Z [command]/usr/bin/git config --local --name-only --get-regexp core\.sshCommand
2026-05-05T23:04:15.5170993Z [command]/usr/bin/git submodule foreach --recursive sh -c "git config --local --name-only --get-regexp 'core\.sshCommand' && git config --local --unset-all 'core.sshCommand' || :"
2026-05-05T23:04:15.5578012Z Removing HTTP extra header
2026-05-05T23:04:15.5584880Z [command]/usr/bin/git config --local --name-only --get-regexp http\.https\:\/\/github\.com\/\.extraheader
2026-05-05T23:04:15.5616763Z [command]/usr/bin/git submodule foreach --recursive sh -c "git config --local --name-only --get-regexp 'http\.https\:\/\/github\.com\/\.extraheader' && git config --local --unset-all 'http.https://github.com/.extraheader' || :"
2026-05-05T23:04:15.5835451Z Removing includeIf entries pointing to credentials config files
2026-05-05T23:04:15.5839908Z [command]/usr/bin/git config --local --name-only --get-regexp ^includeIf\.gitdir:
2026-05-05T23:04:15.5871130Z [command]/usr/bin/git submodule foreach --recursive git config --local --show-origin --name-only --get-regexp remote.origin.url
2026-05-05T23:04:15.6116848Z [command]/usr/bin/git config --file /home/runner/work/_temp/git-credentials-048ccc06-6aad-4004-8242-221ab5743b8e.config http.https://github.com/.extraheader AUTHORIZATION: basic ***
2026-05-05T23:04:15.6155683Z [command]/usr/bin/git config --local includeIf.gitdir:/home/runner/work/rxdb/rxdb/.git.path /home/runner/work/_temp/git-credentials-048ccc06-6aad-4004-8242-221ab5743b8e.config
2026-05-05T23:04:15.6187850Z [command]/usr/bin/git config --local includeIf.gitdir:/home/runner/work/rxdb/rxdb/.git/worktrees/*.path /home/runner/work/_temp/git-credentials-048ccc06-6aad-4004-8242-221ab5743b8e.config
2026-05-05T23:04:15.6220100Z [command]/usr/bin/git config --local includeIf.gitdir:/github/workspace/.git.path /github/runner_temp/git-credentials-048ccc06-6aad-4004-8242-221ab5743b8e.config
2026-05-05T23:04:15.6261135Z [command]/usr/bin/git config --local includeIf.gitdir:/github/workspace/.git/worktrees/*.path /github/runner_temp/git-credentials-048ccc06-6aad-4004-8242-221ab5743b8e.config
2026-05-05T23:04:15.6287625Z ##[endgroup]
2026-05-05T23:04:15.6291566Z ##[group]Fetching the repository
2026-05-05T23:04:15.6301362Z [command]/usr/bin/git -c protocol.version=2 fetch --no-tags --prune --no-recurse-submodules --depth=1 origin +1bf00566dc217de17096ec96b83baf2cb4c0a42d:refs/remotes/pull/8477/merge
2026-05-05T23:04:16.5479882Z From https://github.com/pubkey/rxdb
2026-05-05T23:04:16.5480960Z  * [new ref]         1bf00566dc217de17096ec96b83baf2cb4c0a42d -> pull/8477/merge
2026-05-05T23:04:16.5525849Z ##[endgroup]
2026-05-05T23:04:16.5526764Z ##[group]Determining the checkout info
2026-05-05T23:04:16.5527533Z ##[endgroup]
2026-05-05T23:04:16.5533333Z [command]/usr/bin/git sparse-checkout disable
2026-05-05T23:04:16.5577880Z [command]/usr/bin/git config --local --unset-all extensions.worktreeConfig
2026-05-05T23:04:16.5606107Z ##[group]Checking out the ref
2026-05-05T23:04:16.5611437Z [command]/usr/bin/git checkout --progress --force refs/remotes/pull/8477/merge
2026-05-05T23:04:16.8782583Z Note: switching to 'refs/remotes/pull/8477/merge'.
2026-05-05T23:04:16.8783594Z 
2026-05-05T23:04:16.8784449Z You are in 'detached HEAD' state. You can look around, make experimental
2026-05-05T23:04:16.8786873Z changes and commit them, and you can discard any commits you make in this
2026-05-05T23:04:16.8787750Z state without impacting any branches by switching back to a branch.
2026-05-05T23:04:16.8788306Z 
2026-05-05T23:04:16.8788744Z If you want to create a new branch to retain commits you create, you may
2026-05-05T23:04:16.8789621Z do so (now or later) by using -c with the switch command. Example:
2026-05-05T23:04:16.8790080Z 
2026-05-05T23:04:16.8790281Z   git switch -c <new-branch-name>
2026-05-05T23:04:16.8790666Z 
2026-05-05T23:04:16.8790927Z Or undo this operation with:
2026-05-05T23:04:16.8791240Z 
2026-05-05T23:04:16.8791407Z   git switch -
2026-05-05T23:04:16.8791675Z 
2026-05-05T23:04:16.8792103Z Turn off this advice by setting config variable advice.detachedHead to false
2026-05-05T23:04:16.8792655Z 
2026-05-05T23:04:16.8794018Z HEAD is now at 1bf0056 Merge ba87bbe219f7f83ee51fc7a4ab351e7ea53111ce into 5da2023e88455dadd9c618f6e00c34e5ed779cba
2026-05-05T23:04:16.8807463Z ##[endgroup]
2026-05-05T23:04:16.8852840Z [command]/usr/bin/git log -1 --format=%H
2026-05-05T23:04:16.8877103Z 1bf00566dc217de17096ec96b83baf2cb4c0a42d
2026-05-05T23:04:16.9221094Z ##[group]Run actions/setup-node@v6
2026-05-05T23:04:16.9221383Z with:
2026-05-05T23:04:16.9221571Z   node-version-file: .nvmrc
2026-05-05T23:04:16.9221798Z   check-latest: false
2026-05-05T23:04:16.9222182Z   token: ***
2026-05-05T23:04:16.9222378Z   package-manager-cache: true
2026-05-05T23:04:16.9222617Z ##[endgroup]
2026-05-05T23:04:17.0728161Z Node version file is not JSON file
2026-05-05T23:04:17.0729723Z Resolved .nvmrc as 24.15.0
2026-05-05T23:04:17.0753107Z Attempting to download 24.15.0...
2026-05-05T23:04:17.8736281Z Acquiring 24.15.0 - x64 from https://github.com/actions/node-versions/releases/download/24.15.0-24511264946/node-24.15.0-linux-x64.tar.gz
2026-05-05T23:04:18.3288216Z Extracting ...
2026-05-05T23:04:18.3399164Z [command]/usr/bin/tar xz --strip 1 --warning=no-unknown-keyword --overwrite -C /home/runner/work/_temp/221f5ba5-d6ae-47eb-91c2-2736f62f62f2 -f /home/runner/work/_temp/2d5c9e6e-9fd2-41d0-aa87-f8dbf9142f24
2026-05-05T23:04:19.4820481Z Adding to the cache ...
2026-05-05T23:04:21.3879111Z ##[group]Environment details
2026-05-05T23:04:21.7559622Z node: v24.15.0
2026-05-05T23:04:21.7560064Z npm: 11.12.1
2026-05-05T23:04:21.7560378Z yarn: 1.22.22
2026-05-05T23:04:21.7561045Z ##[endgroup]
2026-05-05T23:04:22.0656669Z ##[group]Run actions/cache@v5
2026-05-05T23:04:22.0656979Z with:
2026-05-05T23:04:22.0657179Z   path: ~/.npm

2026-05-05T23:04:22.0657721Z   key: Linux-npm-others-replications-x4-2245318fbd341d4869cfb0a45577c9889e613673ffe73476d2a0d79f65d9c5ec
2026-05-05T23:04:22.0658410Z   restore-keys: Linux-npm-others-replications-x4-

2026-05-05T23:04:22.0658780Z   enableCrossOsArchive: false
2026-05-05T23:04:22.0659064Z   fail-on-cache-miss: false
2026-05-05T23:04:22.0659490Z   lookup-only: false
2026-05-05T23:04:22.0659712Z   save-always: false
2026-05-05T23:04:22.0659915Z env:
2026-05-05T23:04:22.0660114Z   cache-name: cache-node-modules
2026-05-05T23:04:22.0660376Z ##[endgroup]
2026-05-05T23:04:22.4176353Z Cache not found for input keys: Linux-npm-others-replications-x4-2245318fbd341d4869cfb0a45577c9889e613673ffe73476d2a0d79f65d9c5ec, Linux-npm-others-replications-x4-
2026-05-05T23:04:22.4256206Z ##[group]Run npm install || (sleep 15 && npm install) || (sleep 15 && npm install)
2026-05-05T23:04:22.4256815Z [36;1mnpm install || (sleep 15 && npm install) || (sleep 15 && npm install)[0m
2026-05-05T23:04:22.4257192Z [36;1mnpm run build[0m
2026-05-05T23:04:22.4326688Z shell: /usr/bin/bash -e {0}
2026-05-05T23:04:22.4326952Z ##[endgroup]
2026-05-05T23:05:29.4081489Z 
2026-05-05T23:05:29.4082137Z added 2107 packages in 1m
2026-05-05T23:05:29.5924052Z 
2026-05-05T23:05:29.5924840Z > rxdb@17.2.0 build
2026-05-05T23:05:29.5926282Z > npm run clear && npm run build:version && concurrently "npm run build:cjs" "npm run build:esm" "npm run build:types" "npm run build:plugins"
2026-05-05T23:05:29.5927280Z 
2026-05-05T23:05:29.6910300Z 
2026-05-05T23:05:29.6910921Z > rxdb@17.2.0 clear
2026-05-05T23:05:29.6911714Z > rimraf -rf test_tmp/ && rimraf -rf dist/ && rimraf .transpile_state.json
2026-05-05T23:05:29.6912164Z 
2026-05-05T23:05:29.9334306Z 
2026-05-05T23:05:29.9334942Z > rxdb@17.2.0 build:version
2026-05-05T23:05:29.9335542Z > node ./scripts/update-version-variable.mjs
2026-05-05T23:05:29.9335860Z 
2026-05-05T23:05:30.2777670Z [1] 
2026-05-05T23:05:30.2778644Z [1] > rxdb@17.2.0 build:esm
2026-05-05T23:05:30.2780993Z [1] > npm run build:version && rimraf -rf --max-retries=3 dist/esm && cross-env NODE_ENV=es6 babel src --out-dir dist/esm --source-maps --extensions ".ts,.tsx,.js" && cp ./scripts/module_package_no_side.json dist/esm/package.json
2026-05-05T23:05:30.2788266Z [1] 
2026-05-05T23:05:30.2850345Z [3] 
2026-05-05T23:05:30.2851062Z [3] > rxdb@17.2.0 build:plugins
2026-05-05T23:05:30.2851903Z [3] > node ./scripts/generate-plugins-package-json.mjs
2026-05-05T23:05:30.2852561Z [3] 
2026-05-05T23:05:30.2972557Z [2] 
2026-05-05T23:05:30.2976722Z [2] > rxdb@17.2.0 build:types
2026-05-05T23:05:30.2982292Z [2] > npm run build:version && rimraf -rf --max-retries=3 ./dist/types && tsc --project ./config/tsconfig.types.json && cp -r ./src/types ./dist/types/types && node ./scripts/fix-types.mjs
2026-05-05T23:05:30.2987498Z [2] 
2026-05-05T23:05:30.3063955Z [0] 
2026-05-05T23:05:30.3064938Z [0] > rxdb@17.2.0 build:cjs
2026-05-05T23:05:30.3066516Z [0] > npm run build:version && rimraf -rf --max-retries=3 dist/cjs && cross-env NODE_ENV=es5 babel src --out-dir dist/cjs --source-maps --extensions ".ts,.tsx,.js"
2026-05-05T23:05:30.3067752Z [0] 
2026-05-05T23:05:30.3574064Z [3] ./plugins/core
2026-05-05T23:05:30.3616056Z [3] ./plugins/utils
2026-05-05T23:05:30.3616520Z [3] ./plugins/backup
2026-05-05T23:05:30.3616892Z [3] ./plugins/cleanup
2026-05-05T23:05:30.3617247Z [3] ./plugins/crdt
2026-05-05T23:05:30.3617635Z [3] ./plugins/dev-mode
2026-05-05T23:05:30.3618073Z [3] ./plugins/storage-dexie
2026-05-05T23:05:30.3618482Z [3] ./plugins/storage-sqlite
2026-05-05T23:05:30.3621151Z [3] ./plugins/electron
2026-05-05T23:05:30.3631262Z [3] ./plugins/flutter
2026-05-05T23:05:30.3639857Z [3] ./plugins/storage-foundationdb
2026-05-05T23:05:30.3665800Z [3] ./plugins/local-documents
2026-05-05T23:05:30.3671036Z [3] ./plugins/storage-memory
2026-05-05T23:05:30.3671796Z [3] ./plugins/storage-mongodb
2026-05-05T23:05:30.3672480Z [3] ./plugins/storage-denokv
2026-05-05T23:05:30.3673284Z [3] ./plugins/storage-localstorage
2026-05-05T23:05:30.3674038Z [3] ./plugins/migration-schema
2026-05-05T23:05:30.3675802Z [3] ./plugins/migration-storage
2026-05-05T23:05:30.3680556Z [3] ./plugins/query-builder
2026-05-05T23:05:30.3746240Z [3] ./plugins/replication
2026-05-05T23:05:30.3750522Z [3] ./plugins/replication-firestore
2026-05-05T23:05:30.3751453Z [3] ./plugins/replication-google-drive
2026-05-05T23:05:30.3752772Z [3] ./plugins/replication-microsoft-onedrive
2026-05-05T23:05:30.3753697Z [3] ./plugins/replication-graphql
2026-05-05T23:05:30.3754675Z [3] ./plugins/replication-webrtc
2026-05-05T23:05:30.3805048Z [3] ./plugins/replication-appwrite
2026-05-05T23:05:30.3805927Z [3] ./plugins/replication-websocket
2026-05-05T23:05:30.3806472Z [3] ./plugins/replication-mongodb
2026-05-05T23:05:30.3807299Z [3] ./plugins/replication-supabase
2026-05-05T23:05:30.3807786Z [3] ./plugins/storage-remote
2026-05-05T23:05:30.3808262Z [3] ./plugins/storage-remote-websocket
2026-05-05T23:05:30.3808709Z [3] ./plugins/attachments
2026-05-05T23:05:30.3809070Z [3] ./plugins/webmcp
2026-05-05T23:05:30.3809489Z [3] ./plugins/attachments-compression
2026-05-05T23:05:30.3809987Z [3] ./plugins/encryption-crypto-js
2026-05-05T23:05:30.3810405Z [3] ./plugins/json-dump
2026-05-05T23:05:30.3810773Z [3] ./plugins/key-compression
2026-05-05T23:05:30.3811181Z [3] ./plugins/leader-election
2026-05-05T23:05:30.3818093Z [3] ./plugins/replication-couchdb
2026-05-05T23:05:30.3824035Z [3] ./plugins/replication-nats
2026-05-05T23:05:30.3835191Z [3] ./plugins/update
2026-05-05T23:05:30.3836096Z [3] ./plugins/state
2026-05-05T23:05:30.3841033Z [3] ./plugins/pipeline
2026-05-05T23:05:30.3846852Z [3] ./plugins/vector
2026-05-05T23:05:30.3852038Z [3] ./plugins/validate-ajv
2026-05-05T23:05:30.3857878Z [3] ./plugins/validate-is-my-json-valid
2026-05-05T23:05:30.3862523Z [3] ./plugins/validate-z-schema
2026-05-05T23:05:30.3869069Z [3] ./plugins/react
2026-05-05T23:05:30.3875226Z [3] ./plugins/reactivity-vue
2026-05-05T23:05:30.3906313Z [3] ./plugins/reactivity-angular
2026-05-05T23:05:30.3906898Z [3] ./plugins/reactivity-preact-signals
2026-05-05T23:05:30.3907406Z [3] ./plugins/test-utils
2026-05-05T23:05:30.4065075Z [3] npm run build:plugins exited with code 0
2026-05-05T23:05:30.4468818Z [2] 
2026-05-05T23:05:30.4474854Z [2] > rxdb@17.2.0 build:version
2026-05-05T23:05:30.4475903Z [2] > node ./scripts/update-version-variable.mjs
2026-05-05T23:05:30.4479226Z [2] 
2026-05-05T23:05:30.4511737Z [1] 
2026-05-05T23:05:30.4512264Z [1] > rxdb@17.2.0 build:version
2026-05-05T23:05:30.4514353Z [1] > node ./scripts/update-version-variable.mjs
2026-05-05T23:05:30.4523999Z [1] 
2026-05-05T23:05:30.4706767Z [0] 
2026-05-05T23:05:30.4707207Z [0] > rxdb@17.2.0 build:version
2026-05-05T23:05:30.4707790Z [0] > node ./scripts/update-version-variable.mjs
2026-05-05T23:05:30.4708245Z [0] 
2026-05-05T23:05:35.9438103Z [1] Successfully compiled 272 files with Babel (5161ms).
2026-05-05T23:05:36.0885527Z [1] npm run build:esm exited with code 0
2026-05-05T23:05:36.8657584Z [0] Successfully compiled 272 files with Babel (6114ms).
2026-05-05T23:05:36.9891507Z [0] npm run build:cjs exited with code 0
2026-05-05T23:05:38.2793550Z [2] npm run build:types exited with code 0
2026-05-05T23:05:38.2940269Z ##[group]Run npm run test:replication-google-drive
2026-05-05T23:05:38.2940664Z [36;1mnpm run test:replication-google-drive[0m
2026-05-05T23:05:38.2998021Z shell: /usr/bin/bash -e {0}
2026-05-05T23:05:38.2998286Z ##[endgroup]
2026-05-05T23:05:38.4049932Z 
2026-05-05T23:05:38.4050473Z > rxdb@17.2.0 test:replication-google-drive
2026-05-05T23:05:38.4051627Z > npm run transpile && cross-env DEFAULT_STORAGE=dexie tsx ./node_modules/mocha/bin/mocha --config ./config/.mocharc.cjs ./test/replication-google-drive.test.ts
2026-05-05T23:05:38.4052280Z 
2026-05-05T23:05:38.5065738Z 
2026-05-05T23:05:38.5066208Z > rxdb@17.2.0 transpile
2026-05-05T23:05:38.5067183Z > npm run build:version && node scripts/transpile.mjs && cp ./scripts/module_package.json test_tmp/package.json
2026-05-05T23:05:38.5067659Z 
2026-05-05T23:05:38.6118546Z 
2026-05-05T23:05:38.6119193Z > rxdb@17.2.0 build:version
2026-05-05T23:05:38.6119845Z > node ./scripts/update-version-variable.mjs
2026-05-05T23:05:38.6120269Z 
2026-05-05T23:05:38.7413813Z # transpiling.. (this takes some time on first run)
2026-05-05T23:05:38.7746799Z # Many files changed (630), running full build via npm scripts...
2026-05-05T23:05:39.0522717Z [2] 
2026-05-05T23:05:39.0523422Z [2] > rxdb@17.2.0 build:test
2026-05-05T23:05:39.0525444Z [2] > npm run build:version && rimraf -rf --max-retries=3 test_tmp && cross-env NODE_ENV=es6 babel test --out-dir test_tmp --source-maps --extensions ".ts,.tsx,.js" && cp ./scripts/module_package.json test_tmp/package.json
2026-05-05T23:05:39.0526809Z [2] 
2026-05-05T23:05:39.0553931Z [1] 
2026-05-05T23:05:39.0557604Z [1] > rxdb@17.2.0 build:esm
2026-05-05T23:05:39.0559331Z [1] > npm run build:version && rimraf -rf --max-retries=3 dist/esm && cross-env NODE_ENV=es6 babel src --out-dir dist/esm --source-maps --extensions ".ts,.tsx,.js" && cp ./scripts/module_package_no_side.json dist/esm/package.json
2026-05-05T23:05:39.0560713Z [1] 
2026-05-05T23:05:39.0588859Z [0] 
2026-05-05T23:05:39.0591058Z [0] > rxdb@17.2.0 build:cjs
2026-05-05T23:05:39.0596604Z [0] > npm run build:version && rimraf -rf --max-retries=3 dist/cjs && cross-env NODE_ENV=es5 babel src --out-dir dist/cjs --source-maps --extensions ".ts,.tsx,.js"
2026-05-05T23:05:39.0597685Z [0] 
2026-05-05T23:05:39.1809201Z [1] 
2026-05-05T23:05:39.1809890Z [1] > rxdb@17.2.0 build:version
2026-05-05T23:05:39.1810677Z [1] > node ./scripts/update-version-variable.mjs
2026-05-05T23:05:39.1811544Z [1] 
2026-05-05T23:05:39.1882028Z [2] 
2026-05-05T23:05:39.1885006Z [2] > rxdb@17.2.0 build:version
2026-05-05T23:05:39.1886835Z [2] > node ./scripts/update-version-variable.mjs
2026-05-05T23:05:39.1888418Z [2] 
2026-05-05T23:05:39.2015506Z [0] 
2026-05-05T23:05:39.2016578Z [0] > rxdb@17.2.0 build:version
2026-05-05T23:05:39.2021823Z [0] > node ./scripts/update-version-variable.mjs
2026-05-05T23:05:39.2022588Z [0] 
2026-05-05T23:05:43.8775661Z [2] Successfully compiled 86 files with Babel (4381ms).
2026-05-05T23:05:43.9354763Z [2] npm run build:test exited with code 0
2026-05-05T23:05:44.2549029Z [1] Successfully compiled 272 files with Babel (4761ms).
2026-05-05T23:05:44.3052722Z [1] npm run build:esm exited with code 0
2026-05-05T23:05:44.8758164Z [0] Successfully compiled 272 files with Babel (5387ms).
2026-05-05T23:05:44.9269901Z [0] npm run build:cjs exited with code 0
2026-05-05T23:05:44.9366661Z # transpiling DONE (4 CPUs)
2026-05-05T23:05:46.6020010Z DEFAULT_STORAGE: dexie
2026-05-05T23:05:46.6023071Z # use RxStorage: dexie
2026-05-05T23:05:46.7330968Z -------------- RxDB dev-mode warning -------------------------------
2026-05-05T23:05:46.7331759Z you are seeing this because you use the RxDB dev-mode plugin https://rxdb.info/dev-mode.html?console=dev-mode 
2026-05-05T23:05:46.7332454Z This is great in development mode, because it will run many checks to ensure
2026-05-05T23:05:46.7332972Z that you use RxDB correct. If you see this in production mode,
2026-05-05T23:05:46.7333506Z you did something wrong because the dev-mode plugin will decrease the performance.
2026-05-05T23:05:46.7334417Z 
2026-05-05T23:05:46.7335003Z 🤗 Hint: To get the most out of RxDB, check out the Premium Plugins
2026-05-05T23:05:46.7335705Z to get access to faster storages and more professional features: https://rxdb.info/premium/?console=dev-mode 
2026-05-05T23:05:46.7336150Z 
2026-05-05T23:05:46.7336466Z You can disable this warning by calling disableWarnings() from the dev-mode plugin.
2026-05-05T23:05:46.7336989Z ---------------------------------------------------------------------
2026-05-05T23:05:46.7523747Z 
2026-05-05T23:05:46.7523764Z 
2026-05-05T23:05:46.7660289Z   replication-google-drive.test.ts
2026-05-05T23:05:46.7827478Z     init
2026-05-05T23:05:46.7839537Z Server is running on http://localhost:37375
2026-05-05T23:05:46.8082945Z       ✔ import WebRTC polyfills on Node.js
2026-05-05T23:05:46.8090781Z     helpers
2026-05-05T23:05:46.8091136Z       ensureFolderExists()
2026-05-05T23:05:46.9544094Z         ✔ should create the folder (146ms)
2026-05-05T23:05:47.1373302Z         ✔ create the same folder on two different parents (183ms)
2026-05-05T23:05:47.2876223Z         ✔ should use the existing folder when called twice (150ms)
2026-05-05T23:05:47.3775523Z         ✔ when called in parallel, it should still use the same folder (90ms)
2026-05-05T23:05:47.3776660Z       createEmptyFile()
2026-05-05T23:05:47.5452601Z         ✔ should create the file (167ms)
2026-05-05T23:05:47.7602544Z         ✔ creating the same file twice should not create two files (series) (214ms)
2026-05-05T23:05:47.9419932Z         ✔ creating the same file twice should not create two files (parallel) (181ms)
2026-05-05T23:05:47.9420761Z       fillFileIfEtagMatches()
2026-05-05T23:05:48.1263663Z         ✔ should write data into the file (184ms)
2026-05-05T23:05:48.1264610Z       readFolder()
2026-05-05T23:05:48.3455369Z         ✔ should find the subfolders (219ms)
2026-05-05T23:05:48.3456200Z     init
2026-05-05T23:05:48.3468393Z       ✔ should throw if folderPath is missing or root
2026-05-05T23:05:48.5780783Z       ✔ must not throw (231ms)
2026-05-05T23:05:49.1397691Z       ✔ calling twice must result in same identifier (561ms)
2026-05-05T23:05:49.3954081Z       ✔ calling in parallel must result in same identifier (256ms)
2026-05-05T23:05:49.3955051Z     transaction
2026-05-05T23:05:49.7321643Z       ✔ must not throw to open and close a transaction (90ms)
2026-05-05T23:05:50.0600404Z       ✔ should not start transaction if already running (99ms)
2026-05-05T23:05:50.4017199Z       ✔ isTransactionTimedOut() should be false on new transaction (83ms)
2026-05-05T23:05:51.0268559Z       ✔ isTransactionTimedOut() should return true after some time (367ms)
2026-05-05T23:05:52.2729812Z       ✔ should close expired transaction from other instance (1008ms)
2026-05-05T23:05:52.9270181Z       ✔ on parallel calls each at one point should have the tx lock (406ms)
2026-05-05T23:05:55.7297499Z       ✔ closing timed out in parallel should work (2568ms)
2026-05-05T23:05:55.7298294Z     document handling
2026-05-05T23:05:56.0531592Z       ✔ insertDocumentFiles()
2026-05-05T23:05:56.3748853Z       ✔ getDocumentFiles() (50ms)
2026-05-05T23:05:56.6933111Z       ✔ fetchDocumentContents() (64ms)
2026-05-05T23:05:57.0255067Z       ✔ fetchDocumentContents() after updateDocumentFiles() (79ms)
2026-05-05T23:05:57.3251981Z       ✔ updateDocumentFiles() should throw GDR20 on stale etag
2026-05-05T23:05:57.3252511Z     downstream
2026-05-05T23:05:57.6130414Z       ✔ fetchChanges() should get one document (48ms)
2026-05-05T23:05:58.1773402Z       ✔ fetchChanges() should be able to iterate over the checkpoint (289ms)
2026-05-05T23:05:58.1774547Z     upstream
2026-05-05T23:05:58.1774794Z       fetchConflicts()
2026-05-05T23:05:58.4985035Z         ✔ should not have a conflict on inserts
2026-05-05T23:05:58.4985442Z       WAL file
2026-05-05T23:05:58.7988543Z         ✔ should write to the wal file
2026-05-05T23:05:59.1453882Z         ✔ should throw on conflict (39ms)
2026-05-05T23:05:59.5139783Z         ✔ should read the wal content (46ms)
2026-05-05T23:05:59.8107251Z         ✔ should not crash processing empty wal file
2026-05-05T23:06:00.3523319Z         ✔ process a non-empty wal file with inserts (267ms)
2026-05-05T23:06:00.9276904Z         ✔ process a non-empty wal file with updates (279ms)
2026-05-05T23:06:00.9277594Z       full push batch
2026-05-05T23:06:01.6281226Z         ✔ should process a full batch with conflict handling (427ms)
2026-05-05T23:06:01.6282067Z     non-live replication
2026-05-05T23:06:01.6674426Z -------------- RxDB Open Core RxStorage -------------------------------
2026-05-05T23:06:01.6675366Z You are using the free Dexie.js based RxStorage implementation from RxDB https://rxdb.info/rx-storage-dexie.html?console=dexie 
2026-05-05T23:06:01.6676339Z While this is a great option, we want to let you know that there are faster storage solutions available in our premium plugins.
2026-05-05T23:06:01.6677363Z For professional users and production environments, we highly recommend considering these premium options to enhance performance and reliability.
2026-05-05T23:06:01.6678067Z  https://rxdb.info/premium/?console=dexie 
2026-05-05T23:06:01.6678803Z If you already purchased premium access you can disable this log by calling the setPremiumFlag() function from rxdb-premium/plugins/shared.
2026-05-05T23:06:01.6679881Z ---------------------------------------------------------------------
2026-05-05T23:06:03.5838437Z       ✔ should keep the master state as default conflict handler (1955ms)
2026-05-05T23:06:03.5846938Z     WebRTC signaling
2026-05-05T23:06:03.8928275Z       ✔ should emit signaling data
2026-05-05T23:06:04.2956328Z       ✔ should not throw (73ms)
2026-05-05T23:06:04.7369684Z       ✔ two clients should now about each other (182ms)
2026-05-05T23:06:04.7371916Z     live replication
2026-05-05T23:06:06.0298527Z ensureCollectionsHaveEqualState(initial) states not equal (c1:humans, c2:humans):
2026-05-05T23:06:06.0299004Z {
2026-05-05T23:06:06.0299158Z     "c1": [
2026-05-05T23:06:06.0299323Z         {
2026-05-05T23:06:06.0299532Z             "id": "a-init",
2026-05-05T23:06:06.0299787Z             "name": "colA init",
2026-05-05T23:06:06.0300017Z             "age": 25,
2026-05-05T23:06:06.0300244Z             "updatedAt": 1778022365042
2026-05-05T23:06:06.0300471Z         }
2026-05-05T23:06:06.0300636Z     ],
2026-05-05T23:06:06.0300783Z     "c2": [
2026-05-05T23:06:06.0300936Z         {
2026-05-05T23:06:06.0301090Z             "id": "a-init",
2026-05-05T23:06:06.0301321Z             "name": "colA init",
2026-05-05T23:06:06.0301536Z             "age": 25,
2026-05-05T23:06:06.0301749Z             "updatedAt": 1778022365042
2026-05-05T23:06:06.0301969Z         },
2026-05-05T23:06:06.0302113Z         {
2026-05-05T23:06:06.0302271Z             "id": "b-init",
2026-05-05T23:06:06.0302490Z             "name": "colB init",
2026-05-05T23:06:06.0302690Z             "age": 59,
2026-05-05T23:06:06.0302901Z             "updatedAt": 1778022365046
2026-05-05T23:06:06.0303106Z         }
2026-05-05T23:06:06.0303258Z     ]
2026-05-05T23:06:06.0303403Z }
2026-05-05T23:06:06.0303548Z ----------
2026-05-05T23:06:06.0815910Z ensureCollectionsHaveEqualState(initial) states not equal (c1:humans, c2:humans):
2026-05-05T23:06:06.0816620Z {
2026-05-05T23:06:06.0816798Z     "c1": [
2026-05-05T23:06:06.0817013Z         {
2026-05-05T23:06:06.0817208Z             "id": "a-init",
2026-05-05T23:06:06.0817488Z             "name": "colA init",
2026-05-05T23:06:06.0817740Z             "age": 25,
2026-05-05T23:06:06.0817994Z             "updatedAt": 1778022365042
2026-05-05T23:06:06.0818258Z         }
2026-05-05T23:06:06.0818430Z     ],
2026-05-05T23:06:06.0818607Z     "c2": [
2026-05-05T23:06:06.0818786Z         {
2026-05-05T23:06:06.0818967Z             "id": "a-init",
2026-05-05T23:06:06.0819232Z             "name": "colA init",
2026-05-05T23:06:06.0819479Z             "age": 25,
2026-05-05T23:06:06.0819730Z             "updatedAt": 1778022365042
2026-05-05T23:06:06.0819988Z         },
2026-05-05T23:06:06.0820158Z         {
2026-05-05T23:06:06.0820342Z             "id": "b-init",
2026-05-05T23:06:06.0820995Z             "name": "colB init",
2026-05-05T23:06:06.0821246Z             "age": 59,
2026-05-05T23:06:06.0821509Z             "updatedAt": 1778022365046
2026-05-05T23:06:06.0821768Z         }
2026-05-05T23:06:06.0821949Z     ]
2026-05-05T23:06:06.0822121Z }
2026-05-05T23:06:06.0822293Z ----------
2026-05-05T23:06:06.1842524Z ensureCollectionsHaveEqualState(initial) states not equal (c1:humans, c2:humans):
2026-05-05T23:06:06.1843050Z {
2026-05-05T23:06:06.1843210Z     "c1": [
2026-05-05T23:06:06.1843375Z         {
2026-05-05T23:06:06.1843561Z             "id": "a-init",
2026-05-05T23:06:06.1843811Z             "name": "colA init",
2026-05-05T23:06:06.1844038Z             "age": 25,
2026-05-05T23:06:06.1844555Z             "updatedAt": 1778022365042
2026-05-05T23:06:06.1844793Z         }
2026-05-05T23:06:06.1865365Z     ],
2026-05-05T23:06:06.1865551Z     "c2": [
2026-05-05T23:06:06.1865719Z         {
2026-05-05T23:06:06.1865989Z             "id": "a-init",
2026-05-05T23:06:06.1866416Z             "name": "colA init",
2026-05-05T23:06:06.1866756Z             "age": 25,
2026-05-05T23:06:06.1867097Z             "updatedAt": 1778022365042
2026-05-05T23:06:06.1867462Z         },
2026-05-05T23:06:06.1867729Z         {
2026-05-05T23:06:06.1868497Z             "id": "b-init",
2026-05-05T23:06:06.1868876Z             "name": "colB init",
2026-05-05T23:06:06.1869219Z             "age": 59,
2026-05-05T23:06:06.1869579Z             "updatedAt": 1778022365046
2026-05-05T23:06:06.1869941Z         }
2026-05-05T23:06:06.1870179Z     ]
2026-05-05T23:06:06.1870420Z }
2026-05-05T23:06:06.1870646Z ----------
2026-05-05T23:06:06.3360819Z ensureCollectionsHaveEqualState(initial) states not equal (c1:humans, c2:humans):
2026-05-05T23:06:06.3361333Z {
2026-05-05T23:06:06.3361497Z     "c1": [
2026-05-05T23:06:06.3361673Z         {
2026-05-05T23:06:06.3361870Z             "id": "a-init",
2026-05-05T23:06:06.3362130Z             "name": "colA init",
2026-05-05T23:06:06.3362374Z             "age": 25,
2026-05-05T23:06:06.3362641Z             "updatedAt": 1778022365042
2026-05-05T23:06:06.3362892Z         }
2026-05-05T23:06:06.3363059Z     ],
2026-05-05T23:06:06.3363218Z     "c2": [
2026-05-05T23:06:06.3363386Z         {
2026-05-05T23:06:06.3363571Z             "id": "a-init",
2026-05-05T23:06:06.3363818Z             "name": "colA init",
2026-05-05T23:06:06.3364049Z             "age": 25,
2026-05-05T23:06:06.3364550Z             "updatedAt": 1778022365042
2026-05-05T23:06:06.3364801Z         },
2026-05-05T23:06:06.3364965Z         {
2026-05-05T23:06:06.3365132Z             "id": "b-init",
2026-05-05T23:06:06.3365380Z             "name": "colB init",
2026-05-05T23:06:06.3365602Z             "age": 59,
2026-05-05T23:06:06.3365835Z             "updatedAt": 1778022365046
2026-05-05T23:06:06.3366078Z         }
2026-05-05T23:06:06.3366236Z     ]
2026-05-05T23:06:06.3366398Z }
2026-05-05T23:06:06.3366553Z ----------
2026-05-05T23:06:06.5438024Z ensureCollectionsHaveEqualState(insert) states not equal (c1:humans, c2:humans):
2026-05-05T23:06:06.5438877Z {
2026-05-05T23:06:06.5439071Z     "c1": [
2026-05-05T23:06:06.5439270Z         {
2026-05-05T23:06:06.5439485Z             "id": "a-init",
2026-05-05T23:06:06.5439794Z             "name": "colA init",
2026-05-05T23:06:06.5440082Z             "age": 25,
2026-05-05T23:06:06.5440356Z             "updatedAt": 1778022365042
2026-05-05T23:06:06.5440642Z         },
2026-05-05T23:06:06.5440829Z         {
2026-05-05T23:06:06.5441020Z             "id": "b-init",
2026-05-05T23:06:06.5441297Z             "name": "colB init",
2026-05-05T23:06:06.5441555Z             "age": 59,
2026-05-05T23:06:06.5441811Z             "updatedAt": 1778022365046
2026-05-05T23:06:06.5442083Z         },
2026-05-05T23:06:06.5442256Z         {
2026-05-05T23:06:06.5442446Z             "id": "insert",
2026-05-05T23:06:06.5442717Z             "name": "InsertName",
2026-05-05T23:06:06.5442983Z             "age": 21,
2026-05-05T23:06:06.5443240Z             "updatedAt": 1778022366539
2026-05-05T23:06:06.5443496Z         }
2026-05-05T23:06:06.5444051Z     ],
2026-05-05T23:06:06.5444666Z     "c2": [
2026-05-05T23:06:06.5444850Z         {
2026-05-05T23:06:06.5445043Z             "id": "a-init",
2026-05-05T23:06:06.5445314Z             "name": "colA init",
2026-05-05T23:06:06.5445579Z             "age": 25,
2026-05-05T23:06:06.5445844Z             "updatedAt": 1778022365042
2026-05-05T23:06:06.5446109Z         },
2026-05-05T23:06:06.5446292Z         {
2026-05-05T23:06:06.5446480Z             "id": "b-init",
2026-05-05T23:06:06.5446739Z             "name": "colB init",
2026-05-05T23:06:06.5446992Z             "age": 59,
2026-05-05T23:06:06.5447238Z             "updatedAt": 1778022365046
2026-05-05T23:06:06.5447507Z         }
2026-05-05T23:06:06.5447682Z     ]
2026-05-05T23:06:06.5447851Z }
2026-05-05T23:06:06.5448021Z ----------
2026-05-05T23:06:06.5958720Z ensureCollectionsHaveEqualState(insert) states not equal (c1:humans, c2:humans):
2026-05-05T23:06:06.5959268Z {
2026-05-05T23:06:06.5959465Z     "c1": [
2026-05-05T23:06:06.5959682Z         {
2026-05-05T23:06:06.5959899Z             "id": "a-init",
2026-05-05T23:06:06.5960201Z             "name": "colA init",
2026-05-05T23:06:06.5960461Z             "age": 25,
2026-05-05T23:06:06.5960744Z             "updatedAt": 1778022365042
2026-05-05T23:06:06.5961433Z         },
2026-05-05T23:06:06.5961614Z         {
2026-05-05T23:06:06.5961810Z             "id": "b-init",
2026-05-05T23:06:06.5962082Z             "name": "colB init",
2026-05-05T23:06:06.5962338Z             "age": 59,
2026-05-05T23:06:06.5962609Z             "updatedAt": 1778022365046
2026-05-05T23:06:06.5962873Z         },
2026-05-05T23:06:06.5963053Z         {
2026-05-05T23:06:06.5963240Z             "id": "insert",
2026-05-05T23:06:06.5963513Z             "name": "InsertName",
2026-05-05T23:06:06.5963776Z             "age": 21,
2026-05-05T23:06:06.5964033Z             "updatedAt": 1778022366539
2026-05-05T23:06:06.5964647Z         }
2026-05-05T23:06:06.5964827Z     ],
2026-05-05T23:06:06.5965011Z     "c2": [
2026-05-05T23:06:06.5965204Z         {
2026-05-05T23:06:06.5965393Z             "id": "a-init",
2026-05-05T23:06:06.5965634Z             "name": "colA init",
2026-05-05T23:06:06.5965843Z             "age": 25,
2026-05-05T23:06:06.5966051Z             "updatedAt": 1778022365042
2026-05-05T23:06:06.5966275Z         },
2026-05-05T23:06:06.5966420Z         {
2026-05-05T23:06:06.5966577Z             "id": "b-init",
2026-05-05T23:06:06.5966796Z             "name": "colB init",
2026-05-05T23:06:06.5966999Z             "age": 59,
2026-05-05T23:06:06.5967213Z             "updatedAt": 1778022365046
2026-05-05T23:06:06.5967422Z         }
2026-05-05T23:06:06.5967570Z     ]
2026-05-05T23:06:06.5967715Z }
2026-05-05T23:06:06.5967855Z ----------
2026-05-05T23:06:06.6979968Z ensureCollectionsHaveEqualState(insert) states not equal (c1:humans, c2:humans):
2026-05-05T23:06:06.6980579Z {
2026-05-05T23:06:06.6980783Z     "c1": [
2026-05-05T23:06:06.6980998Z         {
2026-05-05T23:06:06.6981229Z             "id": "a-init",
2026-05-05T23:06:06.6981623Z             "name": "colA init",
2026-05-05T23:06:06.6981929Z             "age": 25,
2026-05-05T23:06:06.6982224Z             "updatedAt": 1778022365042
2026-05-05T23:06:06.6982534Z         },
2026-05-05T23:06:06.6982739Z         {
2026-05-05T23:06:06.6982964Z             "id": "b-init",
2026-05-05T23:06:06.6983275Z             "name": "colB init",
2026-05-05T23:06:06.6983556Z             "age": 59,
2026-05-05T23:06:06.6983845Z             "updatedAt": 1778022365046
2026-05-05T23:06:06.6984139Z         },
2026-05-05T23:06:06.6984656Z         {
2026-05-05T23:06:06.6984876Z             "id": "insert",
2026-05-05T23:06:06.6985183Z             "name": "InsertName",
2026-05-05T23:06:06.6985475Z             "age": 21,
2026-05-05T23:06:06.6985768Z             "updatedAt": 1778022366539
2026-05-05T23:06:06.6986059Z         }
2026-05-05T23:06:06.6986259Z     ],
2026-05-05T23:06:06.6986454Z     "c2": [
2026-05-05T23:06:06.6986664Z         {
2026-05-05T23:06:06.6986882Z             "id": "a-init",
2026-05-05T23:06:06.6987534Z             "name": "colA init",
2026-05-05T23:06:06.6987775Z             "age": 25,
2026-05-05T23:06:06.6987993Z             "updatedAt": 1778022365042
2026-05-05T23:06:06.6988205Z         },
2026-05-05T23:06:06.6988355Z         {
2026-05-05T23:06:06.6988524Z             "id": "b-init",
2026-05-05T23:06:06.6988743Z             "name": "colB init",
2026-05-05T23:06:06.6988943Z             "age": 59,
2026-05-05T23:06:06.6989154Z             "updatedAt": 1778022365046
2026-05-05T23:06:06.6989368Z         }
2026-05-05T23:06:06.6989507Z     ]
2026-05-05T23:06:06.6989655Z }
2026-05-05T23:06:06.6989793Z ----------
2026-05-05T23:06:06.8497328Z ensureCollectionsHaveEqualState(insert) states not equal (c1:humans, c2:humans):
2026-05-05T23:06:06.8498067Z {
2026-05-05T23:06:06.8498260Z     "c1": [
2026-05-05T23:06:06.8498467Z         {
2026-05-05T23:06:06.8498690Z             "id": "a-init",
2026-05-05T23:06:06.8499008Z             "name": "colA init",
2026-05-05T23:06:06.8499298Z             "age": 25,
2026-05-05T23:06:06.8499609Z             "updatedAt": 1778022365042
2026-05-05T23:06:06.8499925Z         },
2026-05-05T23:06:06.8500134Z         {
2026-05-05T23:06:06.8500326Z             "id": "b-init",
2026-05-05T23:06:06.8500577Z             "name": "colB init",
2026-05-05T23:06:06.8501187Z             "age": 59,
2026-05-05T23:06:06.8501429Z             "updatedAt": 1778022365046
2026-05-05T23:06:06.8501678Z         },
2026-05-05T23:06:06.8501884Z         {
2026-05-05T23:06:06.8502133Z             "id": "insert",
2026-05-05T23:06:06.8502380Z             "name": "InsertName",
2026-05-05T23:06:06.8502618Z             "age": 21,
2026-05-05T23:06:06.8502846Z             "updatedAt": 1778022366539
2026-05-05T23:06:06.8503088Z         }
2026-05-05T23:06:06.8503245Z     ],
2026-05-05T23:06:06.8503413Z     "c2": [
2026-05-05T23:06:06.8503578Z         {
2026-05-05T23:06:06.8503745Z             "id": "a-init",
2026-05-05T23:06:06.8503990Z             "name": "colA init",
2026-05-05T23:06:06.8504497Z             "age": 25,
2026-05-05T23:06:06.8504738Z             "updatedAt": 1778022365042
2026-05-05T23:06:06.8504989Z         },
2026-05-05T23:06:06.8505150Z         {
2026-05-05T23:06:06.8505329Z             "id": "b-init",
2026-05-05T23:06:06.8505574Z             "name": "colB init",
2026-05-05T23:06:06.8505796Z             "age": 59,
2026-05-05T23:06:06.8506026Z             "updatedAt": 1778022365046
2026-05-05T23:06:06.8506257Z         }
2026-05-05T23:06:06.8506418Z     ]
2026-05-05T23:06:06.8506577Z }
2026-05-05T23:06:06.8506729Z ----------
2026-05-05T23:06:07.0519960Z ensureCollectionsHaveEqualState(insert) states not equal (c1:humans, c2:humans):
2026-05-05T23:06:07.0520809Z {
2026-05-05T23:06:07.0521074Z     "c1": [
2026-05-05T23:06:07.0521337Z         {
2026-05-05T23:06:07.0521646Z             "id": "a-init",
2026-05-05T23:06:07.0522087Z             "name": "colA init",
2026-05-05T23:06:07.0522470Z             "age": 25,
2026-05-05T23:06:07.0522860Z             "updatedAt": 1778022365042
2026-05-05T23:06:07.0523253Z         },
2026-05-05T23:06:07.0523553Z         {
2026-05-05T23:06:07.0523836Z             "id": "b-init",
2026-05-05T23:06:07.0524460Z             "name": "colB init",
2026-05-05T23:06:07.0524845Z             "age": 59,
2026-05-05T23:06:07.0525254Z             "updatedAt": 1778022365046
2026-05-05T23:06:07.0525669Z         },
2026-05-05T23:06:07.0525932Z         {
2026-05-05T23:06:07.0526224Z             "id": "insert",
2026-05-05T23:06:07.0526633Z             "name": "InsertName",
2026-05-05T23:06:07.0527021Z             "age": 21,
2026-05-05T23:06:07.0527396Z             "updatedAt": 1778022366539
2026-05-05T23:06:07.0527771Z         }
2026-05-05T23:06:07.0528029Z     ],
2026-05-05T23:06:07.0528288Z     "c2": [
2026-05-05T23:06:07.0528543Z         {
2026-05-05T23:06:07.0528824Z             "id": "a-init",
2026-05-05T23:06:07.0529214Z             "name": "colA init",
2026-05-05T23:06:07.0529587Z             "age": 25,
2026-05-05T23:06:07.0529974Z             "updatedAt": 1778022365042
2026-05-05T23:06:07.0530997Z         },
2026-05-05T23:06:07.0531334Z         {
2026-05-05T23:06:07.0531617Z             "id": "b-init",
2026-05-05T23:06:07.0532004Z             "name": "colB init",
2026-05-05T23:06:07.0532390Z             "age": 59,
2026-05-05T23:06:07.0532793Z             "updatedAt": 1778022365046
2026-05-05T23:06:07.0533209Z         }
2026-05-05T23:06:07.0533473Z     ]
2026-05-05T23:06:07.0533726Z }
2026-05-05T23:06:07.0533986Z ----------
2026-05-05T23:06:07.3045467Z ensureCollectionsHaveEqualState(insert) states not equal (c1:humans, c2:humans):
2026-05-05T23:06:07.3046390Z {
2026-05-05T23:06:07.3046757Z     "c1": [
2026-05-05T23:06:07.3047104Z         {
2026-05-05T23:06:07.3047454Z             "id": "a-init",
2026-05-05T23:06:07.3047794Z             "name": "colA init",
2026-05-05T23:06:07.3048098Z             "age": 25,
2026-05-05T23:06:07.3048425Z             "updatedAt": 1778022365042
2026-05-05T23:06:07.3048759Z         },
2026-05-05T23:06:07.3048976Z         {
2026-05-05T23:06:07.3049170Z             "id": "b-init",
2026-05-05T23:06:07.3049473Z             "name": "colB init",
2026-05-05T23:06:07.3049728Z             "age": 59,
2026-05-05T23:06:07.3049989Z             "updatedAt": 1778022365046
2026-05-05T23:06:07.3050246Z         },
2026-05-05T23:06:07.3050813Z         {
2026-05-05T23:06:07.3050993Z             "id": "insert",
2026-05-05T23:06:07.3051258Z             "name": "InsertName",
2026-05-05T23:06:07.3051512Z             "age": 21,
2026-05-05T23:06:07.3051758Z             "updatedAt": 1778022366539
2026-05-05T23:06:07.3052015Z         }
2026-05-05T23:06:07.3052184Z     ],
2026-05-05T23:06:07.3052360Z     "c2": [
2026-05-05T23:06:07.3052543Z         {
2026-05-05T23:06:07.3052734Z             "id": "a-init",
2026-05-05T23:06:07.3052994Z             "name": "colA init",
2026-05-05T23:06:07.3053239Z             "age": 25,
2026-05-05T23:06:07.3053488Z             "updatedAt": 1778022365042
2026-05-05T23:06:07.3053751Z         },
2026-05-05T23:06:07.3053928Z         {
2026-05-05T23:06:07.3054123Z             "id": "b-init",
2026-05-05T23:06:07.3054662Z             "name": "colB init",
2026-05-05T23:06:07.3054913Z             "age": 59,
2026-05-05T23:06:07.3055169Z             "updatedAt": 1778022365046
2026-05-05T23:06:07.3055425Z         }
2026-05-05T23:06:07.3055617Z     ]
2026-05-05T23:06:07.3055792Z }
2026-05-05T23:06:07.3055959Z ----------
2026-05-05T23:06:07.6065557Z ensureCollectionsHaveEqualState(insert) states not equal (c1:humans, c2:humans):
2026-05-05T23:06:07.6066046Z {
2026-05-05T23:06:07.6066205Z     "c1": [
2026-05-05T23:06:07.6066360Z         {
2026-05-05T23:06:07.6066544Z             "id": "a-init",
2026-05-05T23:06:07.6066786Z             "name": "colA init",
2026-05-05T23:06:07.6067007Z             "age": 25,
2026-05-05T23:06:07.6067230Z             "updatedAt": 1778022365042
2026-05-05T23:06:07.6067451Z         },
2026-05-05T23:06:07.6067603Z         {
2026-05-05T23:06:07.6067757Z             "id": "b-init",
2026-05-05T23:06:07.6067979Z             "name": "colB init",
2026-05-05T23:06:07.6068209Z             "age": 59,
2026-05-05T23:06:07.6068417Z             "updatedAt": 1778022365046
2026-05-05T23:06:07.6068630Z         },
2026-05-05T23:06:07.6068781Z         {
2026-05-05T23:06:07.6068930Z             "id": "insert",
2026-05-05T23:06:07.6069166Z             "name": "InsertName",
2026-05-05T23:06:07.6069372Z             "age": 21,
2026-05-05T23:06:07.6069578Z             "updatedAt": 1778022366539
2026-05-05T23:06:07.6069790Z         }
2026-05-05T23:06:07.6069927Z     ],
2026-05-05T23:06:07.6070074Z     "c2": [
2026-05-05T23:06:07.6070216Z         {
2026-05-05T23:06:07.6070374Z             "id": "a-init",
2026-05-05T23:06:07.6070594Z             "name": "colA init",
2026-05-05T23:06:07.6070792Z             "age": 25,
2026-05-05T23:06:07.6071000Z             "updatedAt": 1778022365042
2026-05-05T23:06:07.6071204Z         },
2026-05-05T23:06:07.6071353Z         {
2026-05-05T23:06:07.6071507Z             "id": "b-init",
2026-05-05T23:06:07.6071716Z             "name": "colB init",
2026-05-05T23:06:07.6072310Z             "age": 59,
2026-05-05T23:06:07.6072525Z             "updatedAt": 1778022365046
2026-05-05T23:06:07.6072728Z         }
2026-05-05T23:06:07.6072872Z     ]
2026-05-05T23:06:07.6073014Z }
2026-05-05T23:06:07.6073162Z ----------
2026-05-05T23:06:07.9569437Z ensureCollectionsHaveEqualState(insert) states not equal (c1:humans, c2:humans):
2026-05-05T23:06:07.9570212Z {
2026-05-05T23:06:07.9570464Z     "c1": [
2026-05-05T23:06:07.9570733Z         {
2026-05-05T23:06:07.9571012Z             "id": "a-init",
2026-05-05T23:06:07.9571405Z             "name": "colA init",
2026-05-05T23:06:07.9571762Z             "age": 25,
2026-05-05T23:06:07.9572122Z             "updatedAt": 1778022365042
2026-05-05T23:06:07.9572462Z         },
2026-05-05T23:06:07.9572614Z         {
2026-05-05T23:06:07.9572786Z             "id": "b-init",
2026-05-05T23:06:07.9573026Z             "name": "colB init",
2026-05-05T23:06:07.9573264Z             "age": 59,
2026-05-05T23:06:07.9573488Z             "updatedAt": 1778022365046
2026-05-05T23:06:07.9573734Z         },
2026-05-05T23:06:07.9573888Z         {
2026-05-05T23:06:07.9574042Z             "id": "insert",
2026-05-05T23:06:07.9574461Z             "name": "InsertName",
2026-05-05T23:06:07.9575034Z             "age": 21,
2026-05-05T23:06:07.9575243Z             "updatedAt": 1778022366539
2026-05-05T23:06:07.9575465Z         }
2026-05-05T23:06:07.9575607Z     ],
2026-05-05T23:06:07.9575757Z     "c2": [
2026-05-05T23:06:07.9575906Z         {
2026-05-05T23:06:07.9576057Z             "id": "a-init",
2026-05-05T23:06:07.9576285Z             "name": "colA init",
2026-05-05T23:06:07.9576493Z             "age": 25,
2026-05-05T23:06:07.9576707Z             "updatedAt": 1778022365042
2026-05-05T23:06:07.9576931Z         },
2026-05-05T23:06:07.9577074Z         {
2026-05-05T23:06:07.9577229Z             "id": "b-init",
2026-05-05T23:06:07.9577445Z             "name": "colB init",
2026-05-05T23:06:07.9577644Z             "age": 59,
2026-05-05T23:06:07.9577856Z             "updatedAt": 1778022365046
2026-05-05T23:06:07.9578064Z         }
2026-05-05T23:06:07.9578210Z     ]
2026-05-05T23:06:07.9578355Z }
2026-05-05T23:06:07.9578494Z ----------
2026-05-05T23:06:08.3586521Z ensureCollectionsHaveEqualState(insert) states not equal (c1:humans, c2:humans):
2026-05-05T23:06:08.3587295Z {
2026-05-05T23:06:08.3587551Z     "c1": [
2026-05-05T23:06:08.3587811Z         {
2026-05-05T23:06:08.3588079Z             "id": "a-init",
2026-05-05T23:06:08.3588467Z             "name": "colA init",
2026-05-05T23:06:08.3588835Z             "age": 25,
2026-05-05T23:06:08.3589196Z             "updatedAt": 1778022365042
2026-05-05T23:06:08.3589568Z         },
2026-05-05T23:06:08.3589821Z         {
2026-05-05T23:06:08.3590080Z             "id": "b-init",
2026-05-05T23:06:08.3590469Z             "name": "colB init",
2026-05-05T23:06:08.3590814Z             "age": 59,
2026-05-05T23:06:08.3591175Z             "updatedAt": 1778022365046
2026-05-05T23:06:08.3591546Z         },
2026-05-05T23:06:08.3591826Z         {
2026-05-05T23:06:08.3592019Z             "id": "insert",
2026-05-05T23:06:08.3592253Z             "name": "InsertName",
2026-05-05T23:06:08.3592467Z             "age": 21,
2026-05-05T23:06:08.3592678Z             "updatedAt": 1778022366539
2026-05-05T23:06:08.3592891Z         }
2026-05-05T23:06:08.3593037Z     ],
2026-05-05T23:06:08.3593183Z     "c2": [
2026-05-05T23:06:08.3593327Z         {
2026-05-05T23:06:08.3593486Z             "id": "a-init",
2026-05-05T23:06:08.3593696Z             "name": "colA init",
2026-05-05T23:06:08.3593902Z             "age": 25,
2026-05-05T23:06:08.3594117Z             "updatedAt": 1778022365042
2026-05-05T23:06:08.3594789Z         },
2026-05-05T23:06:08.3594965Z         {
2026-05-05T23:06:08.3595125Z             "id": "b-init",
2026-05-05T23:06:08.3595344Z             "name": "colB init",
2026-05-05T23:06:08.3595551Z             "age": 59,
2026-05-05T23:06:08.3595767Z             "updatedAt": 1778022365046
2026-05-05T23:06:08.3596270Z         }
2026-05-05T23:06:08.3596474Z     ]
2026-05-05T23:06:08.3596942Z }
2026-05-05T23:06:08.3597106Z ----------
2026-05-05T23:06:08.8115765Z ensureCollectionsHaveEqualState(insert) states not equal (c1:humans, c2:humans):
2026-05-05T23:06:08.8116509Z {
2026-05-05T23:06:08.8116785Z     "c1": [
2026-05-05T23:06:08.8117057Z         {
2026-05-05T23:06:08.8117332Z             "id": "a-init",
2026-05-05T23:06:08.8117723Z             "name": "colA init",
2026-05-05T23:06:08.8118050Z             "age": 25,
2026-05-05T23:06:08.8118290Z             "updatedAt": 1778022365042
2026-05-05T23:06:08.8118526Z         },
2026-05-05T23:06:08.8118791Z         {
2026-05-05T23:06:08.8119030Z             "id": "b-init",
2026-05-05T23:06:08.8119264Z             "name": "colB init",
2026-05-05T23:06:08.8119471Z             "age": 59,
2026-05-05T23:06:08.8119688Z             "updatedAt": 1778022365046
2026-05-05T23:06:08.8119908Z         },
2026-05-05T23:06:08.8120052Z         {
2026-05-05T23:06:08.8120211Z             "id": "insert",
2026-05-05T23:06:08.8120447Z             "name": "InsertName",
2026-05-05T23:06:08.8120664Z             "age": 21,
2026-05-05T23:06:08.8120877Z             "updatedAt": 1778022366539
2026-05-05T23:06:08.8121086Z         }
2026-05-05T23:06:08.8121230Z     ],
2026-05-05T23:06:08.8121821Z     "c2": [
2026-05-05T23:06:08.8121973Z         {
2026-05-05T23:06:08.8122130Z             "id": "a-init",
2026-05-05T23:06:08.8122345Z             "name": "colA init",
2026-05-05T23:06:08.8122551Z             "age": 25,
2026-05-05T23:06:08.8122763Z             "updatedAt": 1778022365042
2026-05-05T23:06:08.8122974Z         },
2026-05-05T23:06:08.8123120Z         {
2026-05-05T23:06:08.8123268Z             "id": "b-init",
2026-05-05T23:06:08.8123484Z             "name": "colB init",
2026-05-05T23:06:08.8123685Z             "age": 59,
2026-05-05T23:06:08.8123890Z             "updatedAt": 1778022365046
2026-05-05T23:06:08.8124107Z         }
2026-05-05T23:06:08.8124420Z     ]
2026-05-05T23:06:08.8124722Z }
2026-05-05T23:06:08.8124988Z ----------
2026-05-05T23:06:09.3142888Z ensureCollectionsHaveEqualState(insert) states not equal (c1:humans, c2:humans):
2026-05-05T23:06:09.3143677Z {
2026-05-05T23:06:09.3143927Z     "c1": [
2026-05-05T23:06:09.3144392Z         {
2026-05-05T23:06:09.3144684Z             "id": "a-init",
2026-05-05T23:06:09.3145102Z             "name": "colA init",
2026-05-05T23:06:09.3145326Z             "age": 25,
2026-05-05T23:06:09.3145559Z             "updatedAt": 1778022365042
2026-05-05T23:06:09.3145802Z         },
2026-05-05T23:06:09.3145953Z         {
2026-05-05T23:06:09.3146124Z             "id": "b-init",
2026-05-05T23:06:09.3146353Z             "name": "colB init",
2026-05-05T23:06:09.3146573Z             "age": 59,
2026-05-05T23:06:09.3146793Z             "updatedAt": 1778022365046
2026-05-05T23:06:09.3147010Z         },
2026-05-05T23:06:09.3147169Z         {
2026-05-05T23:06:09.3147328Z             "id": "insert",
2026-05-05T23:06:09.3147568Z             "name": "InsertName",
2026-05-05T23:06:09.3147789Z             "age": 21,
2026-05-05T23:06:09.3148016Z             "updatedAt": 1778022366539
2026-05-05T23:06:09.3148240Z         }
2026-05-05T23:06:09.3148390Z     ],
2026-05-05T23:06:09.3148533Z     "c2": [
2026-05-05T23:06:09.3148685Z         {
2026-05-05T23:06:09.3148839Z             "id": "a-init",
2026-05-05T23:06:09.3149075Z             "name": "colA init",
2026-05-05T23:06:09.3149283Z             "age": 25,
2026-05-05T23:06:09.3149497Z             "updatedAt": 1778022365042
2026-05-05T23:06:09.3149723Z         },
2026-05-05T23:06:09.3149869Z         {
2026-05-05T23:06:09.3150027Z             "id": "b-init",
2026-05-05T23:06:09.3150250Z             "name": "colB init",
2026-05-05T23:06:09.3150454Z             "age": 59,
2026-05-05T23:06:09.3150668Z             "updatedAt": 1778022365046
2026-05-05T23:06:09.3150877Z         }
2026-05-05T23:06:09.3151022Z     ]
2026-05-05T23:06:09.3151170Z }
2026-05-05T23:06:09.3151309Z ----------
2026-05-05T23:06:09.8658496Z ensureCollectionsHaveEqualState(insert) states not equal (c1:humans, c2:humans):
2026-05-05T23:06:09.8659743Z {
2026-05-05T23:06:09.8660049Z     "c1": [
2026-05-05T23:06:09.8660288Z         {
2026-05-05T23:06:09.8660563Z             "id": "a-init",
2026-05-05T23:06:09.8660964Z             "name": "colA init",
2026-05-05T23:06:09.8661340Z             "age": 25,
2026-05-05T23:06:09.8662019Z             "updatedAt": 1778022365042
2026-05-05T23:06:09.8662379Z         },
2026-05-05T23:06:09.8662634Z         {
2026-05-05T23:06:09.8662922Z             "id": "b-init",
2026-05-05T23:06:09.8663199Z             "name": "colB init",
2026-05-05T23:06:09.8663412Z             "age": 59,
2026-05-05T23:06:09.8663675Z             "updatedAt": 1778022365046
2026-05-05T23:06:09.8663912Z         },
2026-05-05T23:06:09.8664067Z         {
2026-05-05T23:06:09.8664451Z             "id": "insert",
2026-05-05T23:06:09.8664690Z             "name": "InsertName",
2026-05-05T23:06:09.8664919Z             "age": 21,
2026-05-05T23:06:09.8665144Z             "updatedAt": 1778022366539
2026-05-05T23:06:09.8665372Z         }
2026-05-05T23:06:09.8665538Z     ],
2026-05-05T23:06:09.8665695Z     "c2": [
2026-05-05T23:06:09.8665847Z         {
2026-05-05T23:06:09.8666010Z             "id": "a-init",
2026-05-05T23:06:09.8666236Z             "name": "colA init",
2026-05-05T23:06:09.8666673Z             "age": 25,
2026-05-05T23:06:09.8666923Z             "updatedAt": 1778022365042
2026-05-05T23:06:09.8667147Z         },
2026-05-05T23:06:09.8667305Z         {
2026-05-05T23:06:09.8667461Z             "id": "b-init",
2026-05-05T23:06:09.8667685Z             "name": "colB init",
2026-05-05T23:06:09.8667891Z             "age": 59,
2026-05-05T23:06:09.8668090Z             "updatedAt": 1778022365046
2026-05-05T23:06:09.8668300Z         }
2026-05-05T23:06:09.8668439Z     ]
2026-05-05T23:06:09.8668584Z }
2026-05-05T23:06:09.8668725Z ----------
2026-05-05T23:06:10.4675071Z ensureCollectionsHaveEqualState(insert) states not equal (c1:humans, c2:humans):
2026-05-05T23:06:10.4675765Z {
2026-05-05T23:06:10.4675954Z     "c1": [
2026-05-05T23:06:10.4676133Z         {
2026-05-05T23:06:10.4676350Z             "id": "a-init",
2026-05-05T23:06:10.4676618Z             "name": "colA init",
2026-05-05T23:06:10.4676856Z             "age": 25,
2026-05-05T23:06:10.4677104Z             "updatedAt": 1778022365042
2026-05-05T23:06:10.4677371Z         },
2026-05-05T23:06:10.4677533Z         {
2026-05-05T23:06:10.4677709Z             "id": "b-init",
2026-05-05T23:06:10.4677957Z             "name": "colB init",
2026-05-05T23:06:10.4678184Z             "age": 59,
2026-05-05T23:06:10.4678418Z             "updatedAt": 1778022365046
2026-05-05T23:06:10.4678657Z         },
2026-05-05T23:06:10.4678822Z         {
2026-05-05T23:06:10.4678995Z             "id": "insert",
2026-05-05T23:06:10.4679221Z             "name": "InsertName",
2026-05-05T23:06:10.4679432Z             "age": 21,
2026-05-05T23:06:10.4679636Z             "updatedAt": 1778022366539
2026-05-05T23:06:10.4679857Z         }
2026-05-05T23:06:10.4680012Z     ],
2026-05-05T23:06:10.4680160Z     "c2": [
2026-05-05T23:06:10.4680320Z         {
2026-05-05T23:06:10.4680477Z             "id": "a-init",
2026-05-05T23:06:10.4680715Z             "name": "colA init",
2026-05-05T23:06:10.4680921Z             "age": 25,
2026-05-05T23:06:10.4681147Z             "updatedAt": 1778022365042
2026-05-05T23:06:10.4681364Z         },
2026-05-05T23:06:10.4681512Z         {
2026-05-05T23:06:10.4681664Z             "id": "b-init",
2026-05-05T23:06:10.4681876Z             "name": "colB init",
2026-05-05T23:06:10.4682075Z             "age": 59,
2026-05-05T23:06:10.4682283Z             "updatedAt": 1778022365046
2026-05-05T23:06:10.4682493Z         }
2026-05-05T23:06:10.4682630Z     ]
2026-05-05T23:06:10.4682774Z }
2026-05-05T23:06:10.4682912Z ----------
2026-05-05T23:06:11.1185074Z ensureCollectionsHaveEqualState(insert) states not equal (c1:humans, c2:humans):
2026-05-05T23:06:11.1185817Z {
2026-05-05T23:06:11.1186108Z     "c1": [
2026-05-05T23:06:11.1186287Z         {
2026-05-05T23:06:11.1186482Z             "id": "a-init",
2026-05-05T23:06:11.1192320Z             "name": "colA init",
2026-05-05T23:06:11.1192676Z             "age": 25,
2026-05-05T23:06:11.1192931Z             "updatedAt": 1778022365042
2026-05-05T23:06:11.1193165Z         },
2026-05-05T23:06:11.1193324Z         {
2026-05-05T23:06:11.1193507Z             "id": "b-init",
2026-05-05T23:06:11.1193765Z             "name": "colB init",
2026-05-05T23:06:11.1193980Z             "age": 59,
2026-05-05T23:06:11.1194531Z             "updatedAt": 1778022365046
2026-05-05T23:06:11.1194859Z         },
2026-05-05T23:06:11.1195013Z         {
2026-05-05T23:06:11.1195168Z             "id": "insert",
2026-05-05T23:06:11.1195393Z             "name": "InsertName",
2026-05-05T23:06:11.1195608Z             "age": 21,
2026-05-05T23:06:11.1195822Z             "updatedAt": 1778022366539
2026-05-05T23:06:11.1196048Z         }
2026-05-05T23:06:11.1196192Z     ],
2026-05-05T23:06:11.1196341Z     "c2": [
2026-05-05T23:06:11.1196489Z         {
2026-05-05T23:06:11.1196645Z             "id": "a-init",
2026-05-05T23:06:11.1196886Z             "name": "colA init",
2026-05-05T23:06:11.1197090Z             "age": 25,
2026-05-05T23:06:11.1197311Z             "updatedAt": 1778022365042
2026-05-05T23:06:11.1197537Z         },
2026-05-05T23:06:11.1197685Z         {
2026-05-05T23:06:11.1198042Z             "id": "b-init",
2026-05-05T23:06:11.1198263Z             "name": "colB init",
2026-05-05T23:06:11.1198473Z             "age": 59,
2026-05-05T23:06:11.1198685Z             "updatedAt": 1778022365046
2026-05-05T23:06:11.1198899Z         }
2026-05-05T23:06:11.1199045Z     ]
2026-05-05T23:06:11.1199191Z }
2026-05-05T23:06:11.1199334Z ----------
2026-05-05T23:06:11.8195488Z ensureCollectionsHaveEqualState(insert) states not equal (c1:humans, c2:humans):
2026-05-05T23:06:11.8196069Z {
2026-05-05T23:06:11.8196245Z     "c1": [
2026-05-05T23:06:11.8196417Z         {
2026-05-05T23:06:11.8196606Z             "id": "a-init",
2026-05-05T23:06:11.8196863Z             "name": "colA init",
2026-05-05T23:06:11.8197122Z             "age": 25,
2026-05-05T23:06:11.8197391Z             "updatedAt": 1778022365042
2026-05-05T23:06:11.8197636Z         },
2026-05-05T23:06:11.8197802Z         {
2026-05-05T23:06:11.8197973Z             "id": "b-init",
2026-05-05T23:06:11.8198219Z             "name": "colB init",
2026-05-05T23:06:11.8198461Z             "age": 59,
2026-05-05T23:06:11.8198688Z             "updatedAt": 1778022365046
2026-05-05T23:06:11.8198925Z         },
2026-05-05T23:06:11.8199087Z         {
2026-05-05T23:06:11.8199252Z             "id": "insert",
2026-05-05T23:06:11.8199495Z             "name": "InsertName",
2026-05-05T23:06:11.8199723Z             "age": 21,
2026-05-05T23:06:11.8199951Z             "updatedAt": 1778022366539
2026-05-05T23:06:11.8200186Z         }
2026-05-05T23:06:11.8200342Z     ],
2026-05-05T23:06:11.8200507Z     "c2": [
2026-05-05T23:06:11.8200668Z         {
2026-05-05T23:06:11.8200838Z             "id": "a-init",
2026-05-05T23:06:11.8201087Z             "name": "colA init",
2026-05-05T23:06:11.8201310Z             "age": 25,
2026-05-05T23:06:11.8201543Z             "updatedAt": 1778022365042
2026-05-05T23:06:11.8201778Z         },
2026-05-05T23:06:11.8201937Z         {
2026-05-05T23:06:11.8202108Z             "id": "b-init",
2026-05-05T23:06:11.8202338Z             "name": "colB init",
2026-05-05T23:06:11.8202568Z             "age": 59,
2026-05-05T23:06:11.8202799Z             "updatedAt": 1778022365046
2026-05-05T23:06:11.8203027Z         }
2026-05-05T23:06:11.8203188Z     ]
2026-05-05T23:06:11.8203343Z }
2026-05-05T23:06:11.8203502Z ----------
2026-05-05T23:06:12.5715257Z ensureCollectionsHaveEqualState(insert) states not equal (c1:humans, c2:humans):
2026-05-05T23:06:12.5716060Z {
2026-05-05T23:06:12.5716355Z     "c1": [
2026-05-05T23:06:12.5716628Z         {
2026-05-05T23:06:12.5716925Z             "id": "a-init",
2026-05-05T23:06:12.5717336Z             "name": "colA init",
2026-05-05T23:06:12.5717723Z             "age": 25,
2026-05-05T23:06:12.5717993Z             "updatedAt": 1778022365042
2026-05-05T23:06:12.5718261Z         },
2026-05-05T23:06:12.5718867Z         {
2026-05-05T23:06:12.5719041Z             "id": "b-init",
2026-05-05T23:06:12.5719281Z             "name": "colB init",
2026-05-05T23:06:12.5719491Z             "age": 59,
2026-05-05T23:06:12.5719723Z             "updatedAt": 1778022365046
2026-05-05T23:06:12.5719942Z         },
2026-05-05T23:06:12.5720094Z         {
2026-05-05T23:06:12.5720247Z             "id": "insert",
2026-05-05T23:06:12.5720485Z             "name": "InsertName",
2026-05-05T23:06:12.5720700Z             "age": 21,
2026-05-05T23:06:12.5720911Z             "updatedAt": 1778022366539
2026-05-05T23:06:12.5721132Z         }
2026-05-05T23:06:12.5721273Z     ],
2026-05-05T23:06:12.5721426Z     "c2": [
2026-05-05T23:06:12.5721575Z         {
2026-05-05T23:06:12.5721734Z             "id": "a-init",
2026-05-05T23:06:12.5721959Z             "name": "colA init",
2026-05-05T23:06:12.5722166Z             "age": 25,
2026-05-05T23:06:12.5722378Z             "updatedAt": 1778022365042
2026-05-05T23:06:12.5722597Z         },
2026-05-05T23:06:12.5722751Z         {
2026-05-05T23:06:12.5722911Z             "id": "b-init",
2026-05-05T23:06:12.5723128Z             "name": "colB init",
2026-05-05T23:06:12.5723333Z             "age": 59,
2026-05-05T23:06:12.5723688Z             "updatedAt": 1778022365046
2026-05-05T23:06:12.5723895Z         }
2026-05-05T23:06:12.5724130Z     ]
2026-05-05T23:06:12.5724605Z }
2026-05-05T23:06:12.5724775Z ----------
2026-05-05T23:06:13.3735276Z ensureCollectionsHaveEqualState(insert) states not equal (c1:humans, c2:humans):
2026-05-05T23:06:13.3735758Z {
2026-05-05T23:06:13.3735917Z     "c1": [
2026-05-05T23:06:13.3736093Z         {
2026-05-05T23:06:13.3736268Z             "id": "a-init",
2026-05-05T23:06:13.3736618Z             "name": "colA init",
2026-05-05T23:06:13.3737001Z             "age": 25,
2026-05-05T23:06:13.3737350Z             "updatedAt": 1778022365042
2026-05-05T23:06:13.3737698Z         },
2026-05-05T23:06:13.3737937Z         {
2026-05-05T23:06:13.3738213Z             "id": "b-init",
2026-05-05T23:06:13.3738625Z             "name": "colB init",
2026-05-05T23:06:13.3738971Z             "age": 59,
2026-05-05T23:06:13.3739197Z             "updatedAt": 1778022365046
2026-05-05T23:06:13.3739427Z         },
2026-05-05T23:06:13.3739589Z         {
2026-05-05T23:06:13.3739751Z             "id": "insert",
2026-05-05T23:06:13.3739977Z             "name": "InsertName",
2026-05-05T23:06:13.3740197Z             "age": 21,
2026-05-05T23:06:13.3740412Z             "updatedAt": 1778022366539
2026-05-05T23:06:13.3740628Z         }
2026-05-05T23:06:13.3740781Z     ],
2026-05-05T23:06:13.3740930Z     "c2": [
2026-05-05T23:06:13.3741086Z         {
2026-05-05T23:06:13.3741248Z             "id": "a-init",
2026-05-05T23:06:13.3741470Z             "name": "colA init",
2026-05-05T23:06:13.3741684Z             "age": 25,
2026-05-05T23:06:13.3741899Z             "updatedAt": 1778022365042
2026-05-05T23:06:13.3742123Z         },
2026-05-05T23:06:13.3742278Z         {
2026-05-05T23:06:13.3742435Z             "id": "b-init",
2026-05-05T23:06:13.3742670Z             "name": "colB init",
2026-05-05T23:06:13.3742881Z             "age": 59,
2026-05-05T23:06:13.3743091Z             "updatedAt": 1778022365046
2026-05-05T23:06:13.3743312Z         }
2026-05-05T23:06:13.3743461Z     ]
2026-05-05T23:06:13.3743608Z }
2026-05-05T23:06:13.3743759Z ----------
2026-05-05T23:06:14.2243353Z ensureCollectionsHaveEqualState(insert) states not equal (c1:humans, c2:humans):
2026-05-05T23:06:14.2243897Z {
2026-05-05T23:06:14.2244091Z     "c1": [
2026-05-05T23:06:14.2244490Z         {
2026-05-05T23:06:14.2244691Z             "id": "a-init",
2026-05-05T23:06:14.2244969Z             "name": "colA init",
2026-05-05T23:06:14.2245248Z             "age": 25,
2026-05-05T23:06:14.2245508Z             "updatedAt": 1778022365042
2026-05-05T23:06:14.2245786Z         },
2026-05-05T23:06:14.2245969Z         {
2026-05-05T23:06:14.2246156Z             "id": "b-init",
2026-05-05T23:06:14.2246427Z             "name": "colB init",
2026-05-05T23:06:14.2247099Z             "age": 59,
2026-05-05T23:06:14.2247368Z             "updatedAt": 1778022365046
2026-05-05T23:06:14.2247630Z         },
2026-05-05T23:06:14.2247804Z         {
2026-05-05T23:06:14.2247990Z             "id": "insert",
2026-05-05T23:06:14.2248272Z             "name": "InsertName",
2026-05-05T23:06:14.2248523Z             "age": 21,
2026-05-05T23:06:14.2248773Z             "updatedAt": 1778022366539
2026-05-05T23:06:14.2249029Z         }
2026-05-05T23:06:14.2249205Z     ],
2026-05-05T23:06:14.2249381Z     "c2": [
2026-05-05T23:06:14.2249556Z         {
2026-05-05T23:06:14.2249744Z             "id": "a-init",
2026-05-05T23:06:14.2250000Z             "name": "colA init",
2026-05-05T23:06:14.2250250Z             "age": 25,
2026-05-05T23:06:14.2250505Z             "updatedAt": 1778022365042
2026-05-05T23:06:14.2250762Z         },
2026-05-05T23:06:14.2250941Z         {
2026-05-05T23:06:14.2251119Z             "id": "b-init",
2026-05-05T23:06:14.2251376Z             "name": "colB init",
2026-05-05T23:06:14.2251635Z             "age": 59,
2026-05-05T23:06:14.2251879Z             "updatedAt": 1778022365046
2026-05-05T23:06:14.2252140Z         }
2026-05-05T23:06:14.2252315Z     ]
2026-05-05T23:06:14.2252481Z }
2026-05-05T23:06:14.2252650Z ----------
2026-05-05T23:06:15.1261519Z ensureCollectionsHaveEqualState(insert) states not equal (c1:humans, c2:humans):
2026-05-05T23:06:15.1262450Z {
2026-05-05T23:06:15.1262735Z     "c1": [
2026-05-05T23:06:15.1263007Z         {
2026-05-05T23:06:15.1263292Z             "id": "a-init",
2026-05-05T23:06:15.1263709Z             "name": "colA init",
2026-05-05T23:06:15.1264095Z             "age": 25,
2026-05-05T23:06:15.1264817Z             "updatedAt": 1778022365042
2026-05-05T23:06:15.1265233Z         },
2026-05-05T23:06:15.1265930Z         {
2026-05-05T23:06:15.1266508Z             "id": "b-init",
2026-05-05T23:06:15.1267042Z             "name": "colB init",
2026-05-05T23:06:15.1267716Z             "age": 59,
2026-05-05T23:06:15.1268275Z             "updatedAt": 1778022365046
2026-05-05T23:06:15.1268866Z         },
2026-05-05T23:06:15.1269431Z         {
2026-05-05T23:06:15.1269919Z             "id": "insert",
2026-05-05T23:06:15.1270498Z             "name": "InsertName",
2026-05-05T23:06:15.1271180Z             "age": 21,
2026-05-05T23:06:15.1271782Z             "updatedAt": 1778022366539
2026-05-05T23:06:15.1272445Z         }
2026-05-05T23:06:15.1272835Z     ],
2026-05-05T23:06:15.1273431Z     "c2": [
2026-05-05T23:06:15.1273857Z         {
2026-05-05T23:06:15.1335810Z             "id": "a-init",
2026-05-05T23:06:15.1336329Z             "name": "colA init",
2026-05-05T23:06:15.1336716Z             "age": 25,
2026-05-05T23:06:15.1337100Z             "updatedAt": 1778022365042
2026-05-05T23:06:15.1337478Z         },
2026-05-05T23:06:15.1337721Z         {
2026-05-05T23:06:15.1337966Z             "id": "b-init",
2026-05-05T23:06:15.1338317Z             "name": "colB init",
2026-05-05T23:06:15.1338642Z             "age": 59,
2026-05-05T23:06:15.1338973Z             "updatedAt": 1778022365046
2026-05-05T23:06:15.1339344Z         }
2026-05-05T23:06:15.1339593Z     ]
2026-05-05T23:06:15.1339845Z }
2026-05-05T23:06:15.1340079Z ----------
2026-05-05T23:06:15.1340439Z       1) should realtime sync on both sides
2026-05-05T23:06:15.1340760Z 
2026-05-05T23:06:15.1340769Z 
2026-05-05T23:06:15.1340892Z   40 passing (28s)
2026-05-05T23:06:15.1341178Z   1 failing
2026-05-05T23:06:15.1341319Z 
2026-05-05T23:06:15.1341499Z   1) replication-google-drive.test.ts
2026-05-05T23:06:15.1341901Z        live replication
2026-05-05T23:06:15.1342288Z          should realtime sync on both sides:
2026-05-05T23:06:15.1342581Z 
2026-05-05T23:06:15.1342992Z       AssertionError [ERR_ASSERTION]: Expected values to be strictly deep-equal:
2026-05-05T23:06:15.1343618Z + actual - expected
2026-05-05T23:06:15.1343945Z ... Skipped lines
2026-05-05T23:06:15.1344130Z 
2026-05-05T23:06:15.1344499Z   [
2026-05-05T23:06:15.1344753Z     {
2026-05-05T23:06:15.1344994Z       age: 25,
2026-05-05T23:06:15.1345271Z       id: 'a-init',
2026-05-05T23:06:15.1345947Z       name: 'colA init',
2026-05-05T23:06:15.1346273Z ...
2026-05-05T23:06:15.1346514Z     },
2026-05-05T23:06:15.1346755Z +   {
2026-05-05T23:06:15.1347002Z +     age: 21,
2026-05-05T23:06:15.1347312Z +     id: 'insert',
2026-05-05T23:06:15.1347648Z +     name: 'InsertName',
2026-05-05T23:06:15.1348065Z +     updatedAt: 1778022366539
2026-05-05T23:06:15.1348469Z +   }
2026-05-05T23:06:15.1348718Z   ]
2026-05-05T23:06:15.1348855Z 
2026-05-05T23:06:15.1348997Z       + expected - actual
2026-05-05T23:06:15.1349221Z 
2026-05-05T23:06:15.1349341Z            "id": "b-init"
2026-05-05T23:06:15.1349704Z            "name": "colB init"
2026-05-05T23:06:15.1350119Z            "updatedAt": 1778022365046
2026-05-05T23:06:15.1350493Z          }
2026-05-05T23:06:15.1350778Z       -  {
2026-05-05T23:06:15.1351023Z       -    "age": 21
2026-05-05T23:06:15.1351350Z       -    "id": "insert"
2026-05-05T23:06:15.1351736Z       -    "name": "InsertName"
2026-05-05T23:06:15.1352165Z       -    "updatedAt": 1778022366539
2026-05-05T23:06:15.1352567Z       -  }
2026-05-05T23:06:15.1352828Z        ]
2026-05-05T23:06:15.1353090Z       
2026-05-05T23:06:15.1353727Z       at ensureCollectionsHaveEqualState (dist/esm/plugins/test-utils/test-util.js:17:12)
2026-05-05T23:06:15.1355287Z       at async awaitCollectionsHaveEqualState (dist/esm/plugins/test-utils/test-util.js:38:7)
2026-05-05T23:06:15.1356163Z       at async Context.<anonymous> (test/replication-google-drive.test.ts:1053:13)
2026-05-05T23:06:15.1356578Z 
2026-05-05T23:06:15.1356588Z 
2026-05-05T23:06:15.1356607Z 
2026-05-05T23:06:15.1701393Z ##[error]Process completed with exit code 1.
2026-05-05T23:06:15.1811600Z Post job cleanup.
2026-05-05T23:06:15.2631211Z [command]/usr/bin/git version
2026-05-05T23:06:15.2667037Z git version 2.53.0
2026-05-05T23:06:15.2740105Z Temporarily overriding HOME='/home/runner/work/_temp/440579de-c8aa-46f6-9f9d-b122253467a7' before making global git config changes
2026-05-05T23:06:15.2741610Z Adding repository directory to the temporary git global config as a safe directory
2026-05-05T23:06:15.2746230Z [command]/usr/bin/git config --global --add safe.directory /home/runner/work/rxdb/rxdb
2026-05-05T23:06:15.2776721Z Removing SSH command configuration
2026-05-05T23:06:15.2782815Z [command]/usr/bin/git config --local --name-only --get-regexp core\.sshCommand
2026-05-05T23:06:15.2815736Z [command]/usr/bin/git submodule foreach --recursive sh -c "git config --local --name-only --get-regexp 'core\.sshCommand' && git config --local --unset-all 'core.sshCommand' || :"
2026-05-05T23:06:15.3048446Z Removing HTTP extra header
2026-05-05T23:06:15.3053211Z [command]/usr/bin/git config --local --name-only --get-regexp http\.https\:\/\/github\.com\/\.extraheader
2026-05-05T23:06:15.3086917Z [command]/usr/bin/git submodule foreach --recursive sh -c "git config --local --name-only --get-regexp 'http\.https\:\/\/github\.com\/\.extraheader' && git config --local --unset-all 'http.https://github.com/.extraheader' || :"
2026-05-05T23:06:15.3309932Z Removing includeIf entries pointing to credentials config files
2026-05-05T23:06:15.3317907Z [command]/usr/bin/git config --local --name-only --get-regexp ^includeIf\.gitdir:
2026-05-05T23:06:15.3340810Z includeif.gitdir:/home/runner/work/rxdb/rxdb/.git.path
2026-05-05T23:06:15.3341763Z includeif.gitdir:/home/runner/work/rxdb/rxdb/.git/worktrees/*.path
2026-05-05T23:06:15.3345566Z includeif.gitdir:/github/workspace/.git.path
2026-05-05T23:06:15.3347513Z includeif.gitdir:/github/workspace/.git/worktrees/*.path
2026-05-05T23:06:15.3353222Z [command]/usr/bin/git config --local --get-all includeif.gitdir:/home/runner/work/rxdb/rxdb/.git.path
2026-05-05T23:06:15.3375045Z /home/runner/work/_temp/git-credentials-048ccc06-6aad-4004-8242-221ab5743b8e.config
2026-05-05T23:06:15.3387187Z [command]/usr/bin/git config --local --unset includeif.gitdir:/home/runner/work/rxdb/rxdb/.git.path /home/runner/work/_temp/git-credentials-048ccc06-6aad-4004-8242-221ab5743b8e.config
2026-05-05T23:06:15.3422824Z [command]/usr/bin/git config --local --get-all includeif.gitdir:/home/runner/work/rxdb/rxdb/.git/worktrees/*.path
2026-05-05T23:06:15.3446685Z /home/runner/work/_temp/git-credentials-048ccc06-6aad-4004-8242-221ab5743b8e.config
2026-05-05T23:06:15.3460713Z [command]/usr/bin/git config --local --unset includeif.gitdir:/home/runner/work/rxdb/rxdb/.git/worktrees/*.path /home/runner/work/_temp/git-credentials-048ccc06-6aad-4004-8242-221ab5743b8e.config
2026-05-05T23:06:15.3495574Z [command]/usr/bin/git config --local --get-all includeif.gitdir:/github/workspace/.git.path
2026-05-05T23:06:15.3518394Z /github/runner_temp/git-credentials-048ccc06-6aad-4004-8242-221ab5743b8e.config
2026-05-05T23:06:15.3528670Z [command]/usr/bin/git config --local --unset includeif.gitdir:/github/workspace/.git.path /github/runner_temp/git-credentials-048ccc06-6aad-4004-8242-221ab5743b8e.config
2026-05-05T23:06:15.3561384Z [command]/usr/bin/git config --local --get-all includeif.gitdir:/github/workspace/.git/worktrees/*.path
2026-05-05T23:06:15.3583543Z /github/runner_temp/git-credentials-048ccc06-6aad-4004-8242-221ab5743b8e.config
2026-05-05T23:06:15.3593607Z [command]/usr/bin/git config --local --unset includeif.gitdir:/github/workspace/.git/worktrees/*.path /github/runner_temp/git-credentials-048ccc06-6aad-4004-8242-221ab5743b8e.config
2026-05-05T23:06:15.3626335Z [command]/usr/bin/git submodule foreach --recursive git config --local --show-origin --name-only --get-regexp remote.origin.url
2026-05-05T23:06:15.3866796Z Removing credentials config '/home/runner/work/_temp/git-credentials-048ccc06-6aad-4004-8242-221ab5743b8e.config'
2026-05-05T23:06:15.4004497Z Cleaning up orphan processes
