2026-02-09T05:35:34.6532803Z Current runner version: '2.331.0'
2026-02-09T05:35:34.6559224Z ##[group]Runner Image Provisioner
2026-02-09T05:35:34.6560525Z Hosted Compute Agent
2026-02-09T05:35:34.6561376Z Version: 20260123.484
2026-02-09T05:35:34.6562257Z Commit: 6bd6555ca37d84114959e1c76d2c01448ff61c5d
2026-02-09T05:35:34.6563283Z Build Date: 2026-01-23T19:41:17Z
2026-02-09T05:35:34.6564399Z Worker ID: {99a2ab7f-5ac7-436b-ac54-9dfaf7f4a231}
2026-02-09T05:35:34.6565437Z Azure Region: eastus2
2026-02-09T05:35:34.6566345Z ##[endgroup]
2026-02-09T05:35:34.6568939Z ##[group]Operating System
2026-02-09T05:35:34.6569793Z Ubuntu
2026-02-09T05:35:34.6570441Z 24.04.3
2026-02-09T05:35:34.6571160Z LTS
2026-02-09T05:35:34.6571876Z ##[endgroup]
2026-02-09T05:35:34.6572573Z ##[group]Runner Image
2026-02-09T05:35:34.6573604Z Image: ubuntu-24.04
2026-02-09T05:35:34.6574308Z Version: 20260201.15.1
2026-02-09T05:35:34.6576195Z Included Software: https://github.com/actions/runner-images/blob/ubuntu24/20260201.15/images/ubuntu/Ubuntu2404-Readme.md
2026-02-09T05:35:34.6578635Z Image Release: https://github.com/actions/runner-images/releases/tag/ubuntu24%2F20260201.15
2026-02-09T05:35:34.6579912Z ##[endgroup]
2026-02-09T05:35:34.6582701Z ##[group]GITHUB_TOKEN Permissions
2026-02-09T05:35:34.6585017Z Actions: write
2026-02-09T05:35:34.6585608Z ArtifactMetadata: write
2026-02-09T05:35:34.6586210Z Attestations: write
2026-02-09T05:35:34.6586704Z Checks: write
2026-02-09T05:35:34.6587252Z Contents: write
2026-02-09T05:35:34.6587754Z Deployments: write
2026-02-09T05:35:34.6588320Z Discussions: write
2026-02-09T05:35:34.6589236Z Issues: write
2026-02-09T05:35:34.6589719Z Metadata: read
2026-02-09T05:35:34.6590222Z Models: read
2026-02-09T05:35:34.6590658Z Packages: write
2026-02-09T05:35:34.6591243Z Pages: write
2026-02-09T05:35:34.6591837Z PullRequests: write
2026-02-09T05:35:34.6592378Z RepositoryProjects: write
2026-02-09T05:35:34.6593043Z SecurityEvents: write
2026-02-09T05:35:34.6593556Z Statuses: write
2026-02-09T05:35:34.6594084Z ##[endgroup]
2026-02-09T05:35:34.6596213Z Secret source: Actions
2026-02-09T05:35:34.6596945Z Prepare workflow directory
2026-02-09T05:35:34.7044206Z Prepare all required actions
2026-02-09T05:35:34.7097591Z Getting action download info
2026-02-09T05:35:34.9719636Z Download action repository 'actions/checkout@v6' (SHA:de0fac2e4500dabe0009e67214ff5f5447ce83dd)
2026-02-09T05:35:35.1381650Z Uses: facebook/metro/.github/workflows/test.yml@refs/heads/main (d15e0c6ed82082131b53299074bde3ad48173420)
2026-02-09T05:35:35.1386320Z ##[group] Inputs
2026-02-09T05:35:35.1387028Z   node-version: 20.19.4
2026-02-09T05:35:35.1387552Z   runs-on: ubuntu-latest
2026-02-09T05:35:35.1388171Z   no-lockfile: true
2026-02-09T05:35:35.1389112Z ##[endgroup]
2026-02-09T05:35:35.1390068Z Complete job name: test (ubuntu-latest, 20.19.4, true) / Tests [Node.js 20.19.4, ubuntu-latest, Ignoring yarn.lock]
2026-02-09T05:35:35.2145858Z ##[group]Run actions/checkout@v6
2026-02-09T05:35:35.2146618Z with:
2026-02-09T05:35:35.2146999Z   repository: facebook/metro
2026-02-09T05:35:35.2147650Z   token: ***
2026-02-09T05:35:35.2148036Z   ssh-strict: true
2026-02-09T05:35:35.2148597Z   ssh-user: git
2026-02-09T05:35:35.2149002Z   persist-credentials: true
2026-02-09T05:35:35.2149436Z   clean: true
2026-02-09T05:35:35.2149829Z   sparse-checkout-cone-mode: true
2026-02-09T05:35:35.2150281Z   fetch-depth: 1
2026-02-09T05:35:35.2150658Z   fetch-tags: false
2026-02-09T05:35:35.2151041Z   show-progress: true
2026-02-09T05:35:35.2151434Z   lfs: false
2026-02-09T05:35:35.2151785Z   submodules: false
2026-02-09T05:35:35.2152178Z   set-safe-directory: true
2026-02-09T05:35:35.2152814Z ##[endgroup]
2026-02-09T05:35:35.3090299Z Syncing repository: facebook/metro
2026-02-09T05:35:35.3092094Z ##[group]Getting Git version info
2026-02-09T05:35:35.3092729Z Working directory is '/home/runner/work/metro/metro'
2026-02-09T05:35:35.3093712Z [command]/usr/bin/git version
2026-02-09T05:35:35.3142369Z git version 2.52.0
2026-02-09T05:35:35.3164002Z ##[endgroup]
2026-02-09T05:35:35.3178290Z Temporarily overriding HOME='/home/runner/work/_temp/83a9742e-f297-478b-a584-9b5e843ac39f' before making global git config changes
2026-02-09T05:35:35.3180443Z Adding repository directory to the temporary git global config as a safe directory
2026-02-09T05:35:35.3183152Z [command]/usr/bin/git config --global --add safe.directory /home/runner/work/metro/metro
2026-02-09T05:35:35.3224229Z Deleting the contents of '/home/runner/work/metro/metro'
2026-02-09T05:35:35.3227813Z ##[group]Initializing the repository
2026-02-09T05:35:35.3232382Z [command]/usr/bin/git init /home/runner/work/metro/metro
2026-02-09T05:35:35.3331887Z hint: Using 'master' as the name for the initial branch. This default branch name
2026-02-09T05:35:35.3333051Z hint: will change to "main" in Git 3.0. To configure the initial branch name
2026-02-09T05:35:35.3333963Z hint: to use in all of your new repositories, which will suppress this warning,
2026-02-09T05:35:35.3335074Z hint: call:
2026-02-09T05:35:35.3335502Z hint:
2026-02-09T05:35:35.3335983Z hint: 	git config --global init.defaultBranch <name>
2026-02-09T05:35:35.3336759Z hint:
2026-02-09T05:35:35.3337616Z hint: Names commonly chosen instead of 'master' are 'main', 'trunk' and
2026-02-09T05:35:35.3339231Z hint: 'development'. The just-created branch can be renamed via this command:
2026-02-09T05:35:35.3340316Z hint:
2026-02-09T05:35:35.3340884Z hint: 	git branch -m <name>
2026-02-09T05:35:35.3341560Z hint:
2026-02-09T05:35:35.3342475Z hint: Disable this message with "git config set advice.defaultBranchName false"
2026-02-09T05:35:35.3343941Z Initialized empty Git repository in /home/runner/work/metro/metro/.git/
2026-02-09T05:35:35.3347353Z [command]/usr/bin/git remote add origin https://github.com/facebook/metro
2026-02-09T05:35:35.3382202Z ##[endgroup]
2026-02-09T05:35:35.3386856Z ##[group]Disabling automatic garbage collection
2026-02-09T05:35:35.3387883Z [command]/usr/bin/git config --local gc.auto 0
2026-02-09T05:35:35.3416154Z ##[endgroup]
2026-02-09T05:35:35.3417163Z ##[group]Setting up auth
2026-02-09T05:35:35.3417967Z Removing SSH command configuration
2026-02-09T05:35:35.3423600Z [command]/usr/bin/git config --local --name-only --get-regexp core\.sshCommand
2026-02-09T05:35:35.3456622Z [command]/usr/bin/git submodule foreach --recursive sh -c "git config --local --name-only --get-regexp 'core\.sshCommand' && git config --local --unset-all 'core.sshCommand' || :"
2026-02-09T05:35:35.3787791Z Removing HTTP extra header
2026-02-09T05:35:35.3793494Z [command]/usr/bin/git config --local --name-only --get-regexp http\.https\:\/\/github\.com\/\.extraheader
2026-02-09T05:35:35.3826223Z [command]/usr/bin/git submodule foreach --recursive sh -c "git config --local --name-only --get-regexp 'http\.https\:\/\/github\.com\/\.extraheader' && git config --local --unset-all 'http.https://github.com/.extraheader' || :"
2026-02-09T05:35:35.4053289Z Removing includeIf entries pointing to credentials config files
2026-02-09T05:35:35.4059442Z [command]/usr/bin/git config --local --name-only --get-regexp ^includeIf\.gitdir:
2026-02-09T05:35:35.4091707Z [command]/usr/bin/git submodule foreach --recursive git config --local --show-origin --name-only --get-regexp remote.origin.url
2026-02-09T05:35:35.4329816Z [command]/usr/bin/git config --file /home/runner/work/_temp/git-credentials-7f2c9929-08f8-42d8-8a6a-35894443f92c.config http.https://github.com/.extraheader AUTHORIZATION: basic ***
2026-02-09T05:35:35.4366814Z [command]/usr/bin/git config --local includeIf.gitdir:/home/runner/work/metro/metro/.git.path /home/runner/work/_temp/git-credentials-7f2c9929-08f8-42d8-8a6a-35894443f92c.config
2026-02-09T05:35:35.4396356Z [command]/usr/bin/git config --local includeIf.gitdir:/home/runner/work/metro/metro/.git/worktrees/*.path /home/runner/work/_temp/git-credentials-7f2c9929-08f8-42d8-8a6a-35894443f92c.config
2026-02-09T05:35:35.4427087Z [command]/usr/bin/git config --local includeIf.gitdir:/github/workspace/.git.path /github/runner_temp/git-credentials-7f2c9929-08f8-42d8-8a6a-35894443f92c.config
2026-02-09T05:35:35.4458038Z [command]/usr/bin/git config --local includeIf.gitdir:/github/workspace/.git/worktrees/*.path /github/runner_temp/git-credentials-7f2c9929-08f8-42d8-8a6a-35894443f92c.config
2026-02-09T05:35:35.4486034Z ##[endgroup]
2026-02-09T05:35:35.4487017Z ##[group]Fetching the repository
2026-02-09T05:35:35.4496188Z [command]/usr/bin/git -c protocol.version=2 fetch --no-tags --prune --no-recurse-submodules --depth=1 origin +d15e0c6ed82082131b53299074bde3ad48173420:refs/remotes/origin/main
2026-02-09T05:35:35.8729208Z From https://github.com/facebook/metro
2026-02-09T05:35:35.8730247Z  * [new ref]         d15e0c6ed82082131b53299074bde3ad48173420 -> origin/main
2026-02-09T05:35:35.8769590Z [command]/usr/bin/git branch --list --remote origin/main
2026-02-09T05:35:35.8803444Z   origin/main
2026-02-09T05:35:35.8812509Z [command]/usr/bin/git rev-parse refs/remotes/origin/main
2026-02-09T05:35:35.8835457Z d15e0c6ed82082131b53299074bde3ad48173420
2026-02-09T05:35:35.8839713Z ##[endgroup]
2026-02-09T05:35:35.8840433Z ##[group]Determining the checkout info
2026-02-09T05:35:35.8841624Z ##[endgroup]
2026-02-09T05:35:35.8846598Z [command]/usr/bin/git sparse-checkout disable
2026-02-09T05:35:35.8889306Z [command]/usr/bin/git config --local --unset-all extensions.worktreeConfig
2026-02-09T05:35:35.8917199Z ##[group]Checking out the ref
2026-02-09T05:35:35.8921619Z [command]/usr/bin/git checkout --progress --force -B main refs/remotes/origin/main
2026-02-09T05:35:35.9511512Z Switched to a new branch 'main'
2026-02-09T05:35:35.9512678Z branch 'main' set up to track 'origin/main'.
2026-02-09T05:35:35.9520542Z ##[endgroup]
2026-02-09T05:35:35.9563050Z [command]/usr/bin/git log -1 --format=%H
2026-02-09T05:35:35.9587910Z d15e0c6ed82082131b53299074bde3ad48173420
2026-02-09T05:35:35.9861471Z Prepare all required actions
2026-02-09T05:35:35.9862202Z Getting action download info
2026-02-09T05:35:36.1293779Z Download action repository 'actions/setup-node@v4' (SHA:49933ea5288caeca8642d1e84afbd3f7d6820020)
2026-02-09T05:35:36.2550058Z ##[group]Run ./.github/actions/yarn-install
2026-02-09T05:35:36.2551251Z with:
2026-02-09T05:35:36.2552044Z   node-version: 20.19.4
2026-02-09T05:35:36.2552972Z   no-lockfile: true
2026-02-09T05:35:36.2553816Z ##[endgroup]
2026-02-09T05:35:36.2739443Z ##[group]Run actions/setup-node@v4
2026-02-09T05:35:36.2740531Z with:
2026-02-09T05:35:36.2741314Z   node-version: 20.19.4
2026-02-09T05:35:36.2742218Z   check-latest: true
2026-02-09T05:35:36.2743111Z   always-auth: false
2026-02-09T05:35:36.2744254Z   token: ***
2026-02-09T05:35:36.2745038Z ##[endgroup]
2026-02-09T05:35:36.4450167Z Attempt to resolve the latest version from manifest...
2026-02-09T05:35:36.8822852Z Resolved as '20.19.4'
2026-02-09T05:35:36.8827231Z Attempting to download 20.19.4...
2026-02-09T05:35:37.2179818Z Acquiring 20.19.4 - x64 from https://github.com/actions/node-versions/releases/download/20.19.4-16309772647/node-20.19.4-linux-x64.tar.gz
2026-02-09T05:35:37.6839008Z Extracting ...
2026-02-09T05:35:37.6955406Z [command]/usr/bin/tar xz --strip 1 --warning=no-unknown-keyword --overwrite -C /home/runner/work/_temp/7e3cc229-6bb0-4478-aec6-44ae7ac2e624 -f /home/runner/work/_temp/4318c50c-fff3-4d82-9cee-ca3ccb23d6f2
2026-02-09T05:35:38.8128294Z Adding to the cache ...
2026-02-09T05:35:40.3399417Z ##[group]Environment details
2026-02-09T05:35:40.5717957Z node: v20.19.4
2026-02-09T05:35:40.5718697Z npm: 10.8.2
2026-02-09T05:35:40.5719000Z yarn: 1.22.22
2026-02-09T05:35:40.5719899Z ##[endgroup]
2026-02-09T05:35:40.5905481Z ##[group]Run yarn install --no-lockfile --non-interactive --ignore-scripts
2026-02-09T05:35:40.5906110Z [36;1myarn install --no-lockfile --non-interactive --ignore-scripts[0m
2026-02-09T05:35:40.5947999Z shell: /usr/bin/bash --noprofile --norc -e -o pipefail {0}
2026-02-09T05:35:40.5948552Z ##[endgroup]
2026-02-09T05:35:40.7336965Z yarn install v1.22.22
2026-02-09T05:35:40.7894712Z [1/5] Validating package.json...
2026-02-09T05:35:40.8020499Z [2/5] Resolving packages...
2026-02-09T05:35:42.6913850Z warning babel-jest > babel-plugin-istanbul > test-exclude > glob@7.2.3: Old versions of glob are not supported, and contain widely publicized security vulnerabilities, which have been fixed in the current version. Please update. Support for old versions may be purchased (at exorbitant rates) by contacting i@izs.me
2026-02-09T05:35:42.8400748Z warning babel-jest > babel-plugin-istanbul > test-exclude > glob > inflight@1.0.6: This module is not supported, and leaks memory. Do not use it. Check out lru-cache if you want a good and tested way to coalesce async requests by a key value, which is much more comprehensive and powerful.
2026-02-09T05:35:43.2264689Z warning eslint@8.57.1: This version is no longer supported. Please see https://eslint.org/version-support for other options.
2026-02-09T05:35:43.3733776Z warning eslint > @humanwhocodes/config-array@0.13.0: Use @eslint/config-array instead
2026-02-09T05:35:43.4763244Z warning eslint > @humanwhocodes/config-array > @humanwhocodes/object-schema@2.0.3: Use @eslint/object-schema instead
2026-02-09T05:35:43.4822683Z warning eslint > file-entry-cache > flat-cache > rimraf@3.0.2: Rimraf versions prior to v4 are no longer supported
2026-02-09T05:35:43.4827535Z warning eslint > file-entry-cache > flat-cache > rimraf > glob@7.2.3: Old versions of glob are not supported, and contain widely publicized security vulnerabilities, which have been fixed in the current version. Please update. Support for old versions may be purchased (at exorbitant rates) by contacting i@izs.me
2026-02-09T05:35:43.9098636Z warning Resolution field "json5@2.2.3" is incompatible with requested version "json5@^1.0.2"
2026-02-09T05:35:45.2632665Z warning istanbul-api@3.0.0: This module is unmaintained and deprecated, see https://www.npmjs.com/package/istanbul-api/ for migration options.
2026-02-09T05:35:45.2942226Z warning istanbul-api > istanbul-lib-source-maps > rimraf@2.7.1: Rimraf versions prior to v4 are no longer supported
2026-02-09T05:35:45.2948842Z warning istanbul-api > istanbul-lib-source-maps > rimraf > glob@7.2.3: Old versions of glob are not supported, and contain widely publicized security vulnerabilities, which have been fixed in the current version. Please update. Support for old versions may be purchased (at exorbitant rates) by contacting i@izs.me
2026-02-09T05:35:45.3059574Z warning istanbul-api > fileset > glob@7.2.3: Old versions of glob are not supported, and contain widely publicized security vulnerabilities, which have been fixed in the current version. Please update. Support for old versions may be purchased (at exorbitant rates) by contacting i@izs.me
2026-02-09T05:35:45.4785500Z warning jest > jest-cli > jest-config > glob@7.2.3: Old versions of glob are not supported, and contain widely publicized security vulnerabilities, which have been fixed in the current version. Please update. Support for old versions may be purchased (at exorbitant rates) by contacting i@izs.me
2026-02-09T05:35:45.5305916Z warning jest > @jest/core > jest-runtime > glob@7.2.3: Old versions of glob are not supported, and contain widely publicized security vulnerabilities, which have been fixed in the current version. Please update. Support for old versions may be purchased (at exorbitant rates) by contacting i@izs.me
2026-02-09T05:35:45.5611959Z warning jest > @jest/core > @jest/reporters > glob@7.2.3: Old versions of glob are not supported, and contain widely publicized security vulnerabilities, which have been fixed in the current version. Please update. Support for old versions may be purchased (at exorbitant rates) by contacting i@izs.me
2026-02-09T05:35:46.0374206Z warning metro-babel-register > @babel/plugin-proposal-export-namespace-from@7.18.9: This proposal has been merged to the ECMAScript standard and thus this plugin is no longer maintained. Please use @babel/plugin-transform-export-namespace-from instead.
2026-02-09T05:35:46.5679821Z warning workspace-aggregator-6897957b-a987-43ed-90ae-7b6c1c9ca6d5 > eslint@8.57.1: This version is no longer supported. Please see https://eslint.org/version-support for other options.
2026-02-09T05:35:46.5682420Z warning workspace-aggregator-6897957b-a987-43ed-90ae-7b6c1c9ca6d5 > istanbul-api@3.0.0: This module is unmaintained and deprecated, see https://www.npmjs.com/package/istanbul-api/ for migration options.
2026-02-09T05:35:47.2122352Z warning workspace-aggregator-6897957b-a987-43ed-90ae-7b6c1c9ca6d5 > metro > @react-native/babel-preset > @react-native/babel-plugin-codegen > @react-native/codegen > glob@7.2.3: Old versions of glob are not supported, and contain widely publicized security vulnerabilities, which have been fixed in the current version. Please update. Support for old versions may be purchased (at exorbitant rates) by contacting i@izs.me
2026-02-09T05:35:47.3532775Z [3/5] Fetching packages...
2026-02-09T05:35:56.2961446Z [4/5] Linking dependencies...
2026-02-09T05:35:56.2990177Z warning " > eslint-plugin-ft-flow@2.0.3" has unmet peer dependency "@babel/eslint-parser@^7.12.0".
2026-02-09T05:35:56.3001652Z warning "workspace-aggregator-6897957b-a987-43ed-90ae-7b6c1c9ca6d5 > metro-cache > memfs@4.56.10" has unmet peer dependency "tslib@2".
2026-02-09T05:35:56.3016430Z warning "workspace-aggregator-6897957b-a987-43ed-90ae-7b6c1c9ca6d5 > metro > @react-native/babel-preset > @react-native/babel-plugin-codegen > @react-native/codegen@0.78.0" has unmet peer dependency "@babel/preset-env@^7.1.6".
2026-02-09T05:36:00.1792955Z warning Ignored scripts due to flag.
2026-02-09T05:36:00.1793573Z [5/5] Building fresh packages...
2026-02-09T05:36:00.1973628Z Done in 19.47s.
2026-02-09T05:36:00.2726946Z ##[group]Run yarn jest --ci --maxWorkers 4 --reporters=default --reporters=jest-junit --rootdir='./'
2026-02-09T05:36:00.2727644Z [36;1myarn jest --ci --maxWorkers 4 --reporters=default --reporters=jest-junit --rootdir='./'[0m
2026-02-09T05:36:00.2762974Z shell: /usr/bin/bash -e {0}
2026-02-09T05:36:00.2763206Z env:
2026-02-09T05:36:00.2763399Z   NIGHTLY_TESTS_NO_LOCKFILE: true
2026-02-09T05:36:00.2763637Z ##[endgroup]
2026-02-09T05:36:00.4042142Z yarn run v1.22.22
2026-02-09T05:36:00.4281995Z $ /home/runner/work/metro/metro/node_modules/.bin/jest --ci --maxWorkers 4 --reporters=default --reporters=jest-junit --rootdir=./
2026-02-09T05:36:03.7378121Z PASS packages/metro/src/DeltaBundler/__tests__/Graph-test.js
2026-02-09T05:36:04.7502558Z PASS private/metro-memory-fs/src/__tests__/index-test.js
2026-02-09T05:36:05.1285612Z PASS packages/metro-runtime/src/polyfills/__tests__/require-test.js
2026-02-09T05:36:06.0615203Z PASS packages/metro-file-map/src/__tests__/index-test.js
2026-02-09T05:36:06.4549553Z PASS packages/metro/src/ModuleGraph/worker/__tests__/collectDependencies-test.js
2026-02-09T05:36:06.8940518Z PASS packages/metro-resolver/src/__tests__/package-exports-test.js
2026-02-09T05:36:07.6378862Z PASS packages/metro-file-map/src/lib/__tests__/TreeFS-test.js
2026-02-09T05:36:07.8265856Z FAIL packages/metro-source-map/src/__tests__/generateFunctionMap-test.js
2026-02-09T05:36:07.8276889Z   ● generateFunctionMap › @babel/traverse path cache workaround (babel#6437) › requires a workaround for traverse cache pollution
2026-02-09T05:36:07.8279315Z 
2026-02-09T05:36:07.8280785Z     expect(received).toThrow()
2026-02-09T05:36:07.8282894Z 
2026-02-09T05:36:07.8284441Z     Received function did not throw
2026-02-09T05:36:07.8286351Z 
2026-02-09T05:36:07.8287717Z     [0m [90m 1904 |[39m
2026-02-09T05:36:07.8290141Z      [90m 1905 |[39m       [90m// Expect that the path cache is polluted with entries lacking `hub`.[39m
2026-02-09T05:36:07.8313068Z     [31m[1m>[22m[39m[90m 1906 |[39m       expect(() [33m=>[39m expectTransformPathesToHaveHub(ast))[33m.[39mtoThrow()[33m;[39m
2026-02-09T05:36:07.8314377Z      [90m      |[39m                                                         [31m[1m^[22m[39m
2026-02-09T05:36:07.8315036Z      [90m 1907 |[39m     })[33m;[39m
2026-02-09T05:36:07.8315472Z      [90m 1908 |[39m
2026-02-09T05:36:07.8316485Z      [90m 1909 |[39m     test([32m'successfully works around traverse cache pollution'[39m[33m,[39m () [33m=>[39m {[0m
2026-02-09T05:36:07.8317162Z 
2026-02-09T05:36:07.8318508Z       at Object.toThrow (packages/metro-source-map/src/__tests__/generateFunctionMap-test.js:1906:57)
2026-02-09T05:36:07.8321150Z 
2026-02-09T05:36:07.9830621Z PASS packages/metro-symbolicate/src/__tests__/ChromeHeapSnapshotProcessor-test.js
2026-02-09T05:36:08.1735246Z PASS packages/metro-source-map/src/__tests__/Consumer-test.js
2026-02-09T05:36:08.4535656Z PASS packages/metro-resolver/src/__tests__/index-test.js
2026-02-09T05:36:08.4821450Z PASS packages/metro-transform-plugins/src/__tests__/inline-plugin-test.js
2026-02-09T05:36:08.7229025Z PASS packages/metro/src/DeltaBundler/__tests__/DeltaCalculator-test.js
2026-02-09T05:36:09.1600966Z PASS packages/metro/src/__tests__/HmrServer-test.js
2026-02-09T05:36:09.3359097Z PASS packages/metro-file-map/src/crawlers/__tests__/watchman-test.js
2026-02-09T05:36:09.5403882Z PASS packages/metro-source-map/src/__tests__/BundleBuilder-test.js
2026-02-09T05:36:09.7365679Z PASS packages/metro/src/DeltaBundler/Serializers/__tests__/baseJSBundle-test.js
2026-02-09T05:36:10.4030939Z PASS packages/metro-symbolicate/src/__tests__/symbolicate-test.js
2026-02-09T05:36:11.0166539Z PASS packages/metro-cache/src/stores/__tests__/HttpStore-test.js
2026-02-09T05:36:11.2991583Z PASS packages/metro/src/DeltaBundler/__tests__/resolver-test.js (10.215 s)
2026-02-09T05:36:11.3074574Z PASS packages/buck-worker-tool/src/__tests__/worker-test.js
2026-02-09T05:36:11.5299326Z PASS packages/metro-file-map/src/crawlers/__tests__/node-test.js
2026-02-09T05:36:11.6392740Z PASS packages/metro-file-map/src/lib/__tests__/FileProcessor-test.js
2026-02-09T05:36:11.6859414Z PASS packages/metro-transform-plugins/src/__tests__/import-export-plugin-test.js
2026-02-09T05:36:11.8407155Z PASS packages/metro/src/__tests__/Assets-test.js
2026-02-09T05:36:11.9256005Z PASS packages/metro/src/DeltaBundler/__tests__/DeltaCalculator-context-test.js
2026-02-09T05:36:12.1983720Z PASS packages/metro-source-map/src/__tests__/composeSourceMaps-test.js
2026-02-09T05:36:12.3636621Z PASS packages/metro-runtime/src/modules/__tests__/HMRClient-test.js
2026-02-09T05:36:12.4859636Z PASS packages/metro-transform-plugins/src/__tests__/inline-requires-plugin-test.js
2026-02-09T05:36:12.5835849Z PASS packages/metro-file-map/src/cache/__tests__/DiskCacheManager-test.js
2026-02-09T05:36:12.7374220Z PASS packages/metro/src/ModuleGraph/worker/__tests__/JsFileWrapping-test.js
2026-02-09T05:36:12.9000138Z PASS packages/metro-file-map/src/__tests__/worker-test.js
2026-02-09T05:36:13.2067158Z PASS packages/metro-transform-plugins/src/__tests__/constant-folding-plugin-test.js
2026-02-09T05:36:13.3605992Z PASS packages/metro-cache/src/__tests__/Cache-test.js
2026-02-09T05:36:13.4353891Z PASS packages/metro-file-map/src/watchers/__tests__/WatchmanWatcher-test.js
2026-02-09T05:36:15.9086767Z PASS packages/metro/src/Server/__tests__/Server-test.js (10.765 s)
2026-02-09T05:36:16.0551249Z PASS packages/metro-transform-worker/src/__tests__/index-test.js (7.327 s)
2026-02-09T05:36:16.1072662Z PASS packages/metro-config/src/__tests__/loadConfig-test.js
2026-02-09T05:36:16.1356198Z PASS packages/metro-file-map/src/lib/__tests__/dependencyExtractor-test.js
2026-02-09T05:36:16.1657846Z PASS packages/metro/src/lib/__tests__/getGraphId-test.js
2026-02-09T05:36:16.2436707Z PASS packages/metro-file-map/src/crawlers/watchman/__tests__/planQuery-test.js
2026-02-09T05:36:16.3223218Z PASS packages/metro-file-map/src/crawlers/watchman/__tests__/index-test.js
2026-02-09T05:36:16.3369452Z PASS scripts/__tests__/subpackages-test.js
2026-02-09T05:36:16.4394599Z PASS packages/metro-file-map/src/plugins/haste/__tests__/HastePlugin-test.js
2026-02-09T05:36:16.4863729Z PASS packages/metro/src/DeltaBundler/__tests__/buildSubgraph-test.js
2026-02-09T05:36:16.6039975Z PASS packages/metro/src/DeltaBundler/__tests__/Transformer-test.js
2026-02-09T05:36:16.7070741Z PASS packages/metro/src/DeltaBundler/Serializers/__tests__/getRamBundleInfo-test.js
2026-02-09T05:36:16.7581099Z PASS packages/metro/src/lib/__tests__/CountingSet-test.js
2026-02-09T05:36:16.7743692Z PASS packages/metro-file-map/src/watchers/__tests__/integration-test.js
2026-02-09T05:36:16.8066528Z PASS packages/metro/src/DeltaBundler/Serializers/helpers/__tests__/js-test.js
2026-02-09T05:36:16.8692037Z PASS packages/metro/src/Server/__tests__/MultipartResponse-test.js
2026-02-09T05:36:16.9085614Z PASS packages/metro/src/DeltaBundler/Serializers/__tests__/sourceMapString-test.js
2026-02-09T05:36:16.9814435Z PASS packages/metro-resolver/src/__tests__/package-imports-test.js
2026-02-09T05:36:17.0468669Z PASS packages/metro-source-map/src/__tests__/Generator-test.js
2026-02-09T05:36:17.0662406Z PASS packages/metro-file-map/src/lib/__tests__/RootPathUtils-test.js
2026-02-09T05:36:17.1229025Z PASS packages/metro/src/DeltaBundler/Serializers/__tests__/hmrJSBundle-test.js
2026-02-09T05:36:17.1255513Z PASS packages/metro-file-map/src/crawlers/__tests__/integration-test.js
2026-02-09T05:36:17.1894968Z PASS packages/metro/src/lib/__tests__/getPreludeCode-test.js
2026-02-09T05:36:17.2396736Z PASS packages/metro-source-map/src/__tests__/source-map-test.js
2026-02-09T05:36:17.2806427Z PASS packages/metro-file-map/src/plugins/mocks/__tests__/MockPlugin-test.js
2026-02-09T05:36:17.3361176Z PASS packages/metro-file-map/src/lib/__tests__/rootRelativeCacheKeys-test.js
2026-02-09T05:36:17.4249947Z PASS packages/metro/src/lib/__tests__/parseBundleOptionsFromBundleRequestUrl-test.js
2026-02-09T05:36:17.4440107Z PASS packages/metro-symbolicate/src/__tests__/symbolicate-heap-snapshot-test.js
2026-02-09T05:36:17.4913768Z PASS packages/metro-config/src/defaults/__tests__/exclusionList-test.js
2026-02-09T05:36:17.5395159Z PASS packages/metro/src/DeltaBundler/Serializers/__tests__/getAllFiles-test.js
2026-02-09T05:36:17.6547154Z PASS packages/metro/src/ModuleGraph/worker/__tests__/importLocationsPlugin-test.js
2026-02-09T05:36:17.7601505Z PASS packages/metro/src/DeltaBundler/__tests__/WorkerFarm-test.js
2026-02-09T05:36:17.8029871Z PASS packages/metro-core/src/__tests__/Terminal-test.js
2026-02-09T05:36:18.9950603Z PASS packages/metro-runtime/src/polyfills/__tests__/fast-refresh-integration-test.js
2026-02-09T05:36:19.0698997Z   ● Console
2026-02-09T05:36:19.0789360Z 
2026-02-09T05:36:19.0802032Z     console.error
2026-02-09T05:36:19.0802847Z       react-test-renderer is deprecated. See https://react.dev/warnings/react-test-renderer
2026-02-09T05:36:19.0803422Z 
2026-02-09T05:36:19.0803986Z     [0m [90m 39 |[39m     [36mlet[39m rendered[33m;[39m
2026-02-09T05:36:19.0804880Z      [90m 40 |[39m     [36mawait[39m renderer[33m.[39mact([36masync[39m () [33m=>[39m {
2026-02-09T05:36:19.0806363Z     [31m[1m>[22m[39m[90m 41 |[39m       rendered [33m=[39m renderer[33m.[39mcreate([33m<[39m[33mComponent[39m [33m/[39m[33m>[39m)[33m;[39m
2026-02-09T05:36:19.0807479Z      [90m    |[39m                           [31m[1m^[22m[39m
2026-02-09T05:36:19.0808034Z      [90m 42 |[39m     })[33m;[39m
2026-02-09T05:36:19.0809313Z      [90m 43 |[39m     expect(rendered[33m?[39m[33m.[39mtoJSON())[33m.[39mtoBe([32m'version1: initialState1'[39m)[33m;[39m
2026-02-09T05:36:19.0810183Z      [90m 44 |[39m[0m
2026-02-09T05:36:19.0810392Z 
2026-02-09T05:36:19.0811498Z       at Object.<anonymous>.process.env.NODE_ENV.exports.create (node_modules/react-test-renderer/cjs/react-test-renderer.development.js:17337:17)
2026-02-09T05:36:19.0813636Z       at create (packages/metro-runtime/src/polyfills/__tests__/fast-refresh-integration-test.js:41:27)
2026-02-09T05:36:19.0949116Z       at Object.<anonymous>.process.env.NODE_ENV.exports.act (node_modules/react/cjs/react.development.js:814:22)
2026-02-09T05:36:19.0950883Z       at Object.act (packages/metro-runtime/src/polyfills/__tests__/fast-refresh-integration-test.js:40:20)
2026-02-09T05:36:19.0951732Z 
2026-02-09T05:36:19.0952068Z     console.error
2026-02-09T05:36:19.0952620Z       The current testing environment is not configured to support act(...)
2026-02-09T05:36:19.0953069Z 
2026-02-09T05:36:19.0953645Z     [0m [90m 39 |[39m     [36mlet[39m rendered[33m;[39m
2026-02-09T05:36:19.0954961Z      [90m 40 |[39m     [36mawait[39m renderer[33m.[39mact([36masync[39m () [33m=>[39m {
2026-02-09T05:36:19.0956333Z     [31m[1m>[22m[39m[90m 41 |[39m       rendered [33m=[39m renderer[33m.[39mcreate([33m<[39m[33mComponent[39m [33m/[39m[33m>[39m)[33m;[39m
2026-02-09T05:36:19.0957339Z      [90m    |[39m                           [31m[1m^[22m[39m
2026-02-09T05:36:19.0957864Z      [90m 42 |[39m     })[33m;[39m
2026-02-09T05:36:19.0959112Z      [90m 43 |[39m     expect(rendered[33m?[39m[33m.[39mtoJSON())[33m.[39mtoBe([32m'version1: initialState1'[39m)[33m;[39m
2026-02-09T05:36:19.0959905Z      [90m 44 |[39m[0m
2026-02-09T05:36:19.0960108Z 
2026-02-09T05:36:19.0960786Z       at isConcurrentActEnvironment (node_modules/react-test-renderer/cjs/react-test-renderer.development.js:11999:17)
2026-02-09T05:36:19.0962183Z       at warnIfUpdatesNotWrappedWithActDEV (node_modules/react-test-renderer/cjs/react-test-renderer.development.js:14399:7)
2026-02-09T05:36:19.0963584Z       at scheduleUpdateOnFiber (node_modules/react-test-renderer/cjs/react-test-renderer.development.js:12086:9)
2026-02-09T05:36:19.0964811Z       at updateContainerImpl (node_modules/react-test-renderer/cjs/react-test-renderer.development.js:14984:9)
2026-02-09T05:36:19.0966007Z       at updateContainer (node_modules/react-test-renderer/cjs/react-test-renderer.development.js:14927:7)
2026-02-09T05:36:19.0967733Z       at Object.<anonymous>.process.env.NODE_ENV.exports.create (node_modules/react-test-renderer/cjs/react-test-renderer.development.js:17369:7)
2026-02-09T05:36:19.0969275Z       at create (packages/metro-runtime/src/polyfills/__tests__/fast-refresh-integration-test.js:41:27)
2026-02-09T05:36:19.0970459Z       at Object.<anonymous>.process.env.NODE_ENV.exports.act (node_modules/react/cjs/react.development.js:814:22)
2026-02-09T05:36:19.0971663Z       at Object.act (packages/metro-runtime/src/polyfills/__tests__/fast-refresh-integration-test.js:40:20)
2026-02-09T05:36:19.0972304Z 
2026-02-09T05:36:19.0972433Z     console.error
2026-02-09T05:36:19.0973068Z       react-test-renderer is deprecated. See https://react.dev/warnings/react-test-renderer
2026-02-09T05:36:19.0973607Z 
2026-02-09T05:36:19.0973962Z     [0m [90m  95 |[39m     [36mlet[39m rendered[33m;[39m
2026-02-09T05:36:19.0974801Z      [90m  96 |[39m     [36mawait[39m renderer[33m.[39mact([36masync[39m () [33m=>[39m {
2026-02-09T05:36:19.0976147Z     [31m[1m>[22m[39m[90m  97 |[39m       rendered [33m=[39m renderer[33m.[39mcreate([33m<[39m[33mComponent[39m [33m/[39m[33m>[39m)[33m;[39m
2026-02-09T05:36:19.0977197Z      [90m     |[39m                           [31m[1m^[22m[39m
2026-02-09T05:36:19.0977739Z      [90m  98 |[39m     })[33m;[39m
2026-02-09T05:36:19.0978886Z      [90m  99 |[39m     expect(rendered[33m?[39m[33m.[39mtoJSON())[33m.[39mtoBe([32m'version1: initialState1'[39m)[33m;[39m
2026-02-09T05:36:19.0979698Z      [90m 100 |[39m[0m
2026-02-09T05:36:19.0979897Z 
2026-02-09T05:36:19.0980742Z       at Object.<anonymous>.process.env.NODE_ENV.exports.create (node_modules/react-test-renderer/cjs/react-test-renderer.development.js:17337:17)
2026-02-09T05:36:19.0982114Z       at create (packages/metro-runtime/src/polyfills/__tests__/fast-refresh-integration-test.js:97:27)
2026-02-09T05:36:19.0983313Z       at Object.<anonymous>.process.env.NODE_ENV.exports.act (node_modules/react/cjs/react.development.js:814:22)
2026-02-09T05:36:19.0984546Z       at Object.act (packages/metro-runtime/src/polyfills/__tests__/fast-refresh-integration-test.js:96:20)
2026-02-09T05:36:19.0985161Z 
2026-02-09T05:36:19.0985283Z     console.error
2026-02-09T05:36:19.0985804Z       The current testing environment is not configured to support act(...)
2026-02-09T05:36:19.0986239Z 
2026-02-09T05:36:19.0986577Z     [0m [90m  95 |[39m     [36mlet[39m rendered[33m;[39m
2026-02-09T05:36:19.0987420Z      [90m  96 |[39m     [36mawait[39m renderer[33m.[39mact([36masync[39m () [33m=>[39m {
2026-02-09T05:36:19.0989158Z     [31m[1m>[22m[39m[90m  97 |[39m       rendered [33m=[39m renderer[33m.[39mcreate([33m<[39m[33mComponent[39m [33m/[39m[33m>[39m)[33m;[39m
2026-02-09T05:36:19.0990213Z      [90m     |[39m                           [31m[1m^[22m[39m
2026-02-09T05:36:19.0990756Z      [90m  98 |[39m     })[33m;[39m
2026-02-09T05:36:19.0991736Z      [90m  99 |[39m     expect(rendered[33m?[39m[33m.[39mtoJSON())[33m.[39mtoBe([32m'version1: initialState1'[39m)[33m;[39m
2026-02-09T05:36:19.0992557Z      [90m 100 |[39m[0m
2026-02-09T05:36:19.0992757Z 
2026-02-09T05:36:19.0993463Z       at isConcurrentActEnvironment (node_modules/react-test-renderer/cjs/react-test-renderer.development.js:11999:17)
2026-02-09T05:36:19.0995016Z       at warnIfUpdatesNotWrappedWithActDEV (node_modules/react-test-renderer/cjs/react-test-renderer.development.js:14399:7)
2026-02-09T05:36:19.0996384Z       at scheduleUpdateOnFiber (node_modules/react-test-renderer/cjs/react-test-renderer.development.js:12086:9)
2026-02-09T05:36:19.0997670Z       at updateContainerImpl (node_modules/react-test-renderer/cjs/react-test-renderer.development.js:14984:9)
2026-02-09T05:36:19.0999035Z       at updateContainer (node_modules/react-test-renderer/cjs/react-test-renderer.development.js:14927:7)
2026-02-09T05:36:19.1000655Z       at Object.<anonymous>.process.env.NODE_ENV.exports.create (node_modules/react-test-renderer/cjs/react-test-renderer.development.js:17369:7)
2026-02-09T05:36:19.1002026Z       at create (packages/metro-runtime/src/polyfills/__tests__/fast-refresh-integration-test.js:97:27)
2026-02-09T05:36:19.1003188Z       at Object.<anonymous>.process.env.NODE_ENV.exports.act (node_modules/react/cjs/react.development.js:814:22)
2026-02-09T05:36:19.1004357Z       at Object.act (packages/metro-runtime/src/polyfills/__tests__/fast-refresh-integration-test.js:96:20)
2026-02-09T05:36:19.1005013Z 
2026-02-09T05:36:19.4383045Z PASS packages/metro/src/integration_tests/__tests__/server-test.js (5.998 s)
2026-02-09T05:36:19.6123640Z PASS packages/metro/src/integration_tests/__tests__/build-errors-test.js
2026-02-09T05:36:19.6604187Z PASS packages/metro-symbolicate/src/__tests__/Symbolication-test.js
2026-02-09T05:36:19.7106061Z PASS packages/metro/src/DeltaBundler/__tests__/DeltaBundler-test.js
2026-02-09T05:36:19.7712318Z PASS packages/metro-source-map/src/__tests__/B64Builder-test.js
2026-02-09T05:36:19.8090398Z PASS packages/metro-minify-terser/src/__tests__/terser-issue-1341-test.js
2026-02-09T05:36:19.8419848Z PASS packages/metro-core/src/__tests__/canonicalize-test.js
2026-02-09T05:36:20.0052382Z PASS packages/metro/src/node-haste/lib/__tests__/AssetPaths-test.js
2026-02-09T05:36:20.1190178Z PASS packages/metro-minify-terser/src/__tests__/minify-test.js
2026-02-09T05:36:20.1333993Z PASS packages/metro-transform-plugins/src/__tests__/normalizePseudoGlobals-test.js
2026-02-09T05:36:20.2205615Z PASS packages/metro/src/lib/__tests__/bundleToString-test.js
2026-02-09T05:36:20.2211042Z PASS packages/metro/src/lib/__tests__/logToConsole-test.js
2026-02-09T05:36:20.2851893Z PASS packages/metro-resolver/src/__tests__/browser-spec-test.js
2026-02-09T05:36:20.3819230Z PASS packages/metro-cache/src/stores/__tests__/HttpGetStore-test.js
2026-02-09T05:36:20.4486282Z PASS packages/metro-resolver/src/__tests__/platform-extensions-test.js
2026-02-09T05:36:20.4891420Z PASS packages/metro-file-map/src/lib/__tests__/checkWatchmanCapabilities-test.js
2026-02-09T05:36:20.5223298Z PASS packages/metro-resolver/src/__tests__/assets-test.js
2026-02-09T05:36:20.9351638Z PASS packages/metro/src/integration_tests/__tests__/server-torn-down-test.js
2026-02-09T05:36:21.0899531Z PASS packages/metro-cache/src/stores/__tests__/FileStore-test.js
2026-02-09T05:36:21.1340993Z PASS scripts/eslint/rules/__tests__/strictly-null-test.js
2026-02-09T05:36:21.2593155Z PASS packages/metro-cache/src/stores/__tests__/AutoCleanFileStore-test.js
2026-02-09T05:36:21.3206205Z PASS packages/metro/src/lib/__tests__/contextModuleTemplates-test.js
2026-02-09T05:36:21.3850596Z PASS packages/metro/src/lib/__tests__/debounceAsyncQueue-test.js
2026-02-09T05:36:21.4374235Z PASS packages/metro/src/DeltaBundler/Serializers/__tests__/getAssets-test.js
2026-02-09T05:36:21.5345404Z PASS packages/metro/src/integration_tests/__tests__/sourcemap-test.js
2026-02-09T05:36:22.1881191Z PASS packages/metro/src/lib/__tests__/BatchProcessor-test.js
2026-02-09T05:36:22.3641171Z PASS packages/metro-symbolicate/src/__tests__/SourceMetadataMapConsumer-test.js
2026-02-09T05:36:23.9722787Z PASS packages/metro/src/integration_tests/__tests__/optional-dependencies-test.js
2026-02-09T05:36:24.0226513Z PASS packages/metro-core/src/__tests__/Logger-test.js
2026-02-09T05:36:24.0746156Z PASS packages/metro/src/lib/__tests__/contextModule-test.js
2026-02-09T05:36:24.1400858Z PASS packages/metro/src/cli/__tests__/parseKeyValueParamArray-test.js
2026-02-09T05:36:24.6081161Z PASS scripts/eslint/rules/__tests__/metro-deep-imports-test.js
2026-02-09T05:36:25.0033898Z PASS packages/metro/src/integration_tests/__tests__/require-resolveWeak-test.js
2026-02-09T05:36:25.0806116Z PASS packages/metro/src/DeltaBundler/Serializers/helpers/__tests__/getTransitiveDependencies-test.js
2026-02-09T05:36:25.1321318Z PASS packages/metro/src/lib/__tests__/JsonReporter-test.js
2026-02-09T05:36:25.2860612Z PASS packages/metro-symbolicate/src/__tests__/GoogleIgnoreListConsumer-test.js
2026-02-09T05:36:25.6256676Z PASS packages/metro/src/integration_tests/__tests__/buildGraph-test.js
2026-02-09T05:36:25.7696967Z PASS packages/metro-file-map/src/__tests__/includes_dotfiles-test.js
2026-02-09T05:36:25.8551496Z PASS packages/metro/src/DeltaBundler/__tests__/mergeDeltas-test.js
2026-02-09T05:36:25.9515156Z PASS packages/metro/src/integration_tests/__tests__/build-test.js (6.844 s)
2026-02-09T05:36:26.0090504Z PASS packages/metro/src/node-haste/lib/__tests__/parsePlatformFilePath-test.js
2026-02-09T05:36:26.0334372Z PASS packages/metro-resolver/src/__tests__/symlinks-test.js
2026-02-09T05:36:26.0892718Z PASS packages/metro-config/src/defaults/__tests__/getMaxWorkers-test.js
2026-02-09T05:36:26.1432258Z PASS packages/metro-cache-key/src/__tests__/index-test.js
2026-02-09T05:36:26.1988017Z PASS packages/metro-transform-plugins/src/__tests__/addParamsToDefineCall-test.js
2026-02-09T05:36:26.2421822Z PASS packages/metro/src/lib/__tests__/parseCustomTransformOptions-test.js
2026-02-09T05:36:26.2964780Z PASS packages/metro/src/lib/__tests__/parseCustomResolverOptions-test.js
2026-02-09T05:36:26.3253212Z PASS packages/metro-babel-transformer/src/__tests__/transform-test.js
2026-02-09T05:36:26.3431518Z PASS packages/ob1/src/__tests__/ob1-test.js
2026-02-09T05:36:26.4013000Z PASS packages/metro-file-map/src/plugins/haste/__tests__/getPlatformExtension-test.js
2026-02-09T05:36:26.4073531Z PASS packages/metro-file-map/src/lib/__tests__/normalizePathSeparatorsToSystem-test.js
2026-02-09T05:36:27.6744920Z PASS packages/metro/src/integration_tests/__tests__/rambundle-test.js
2026-02-09T05:36:27.7939306Z PASS packages/metro/src/Bundler/__tests__/util-test.js
2026-02-09T05:36:27.9294620Z PASS packages/metro/src/integration_tests/__tests__/require-context-test.js (6.382 s)
2026-02-09T05:36:27.9844910Z PASS packages/metro/src/lib/__tests__/formatBundlingError-test.js
2026-02-09T05:36:28.0392140Z PASS packages/metro-cache/src/__tests__/stableHash-test.js
2026-02-09T05:36:28.1130415Z PASS packages/metro-config/src/__tests__/mergeConfig-test.js
2026-02-09T05:36:28.1989828Z PASS packages/metro-file-map/src/plugins/mocks/__tests__/getMockName-test.js
2026-02-09T05:36:28.3060509Z PASS packages/metro-babel-register/src/__tests__/parses-without-transpilation-test.js
2026-02-09T05:36:28.3870366Z PASS packages/metro/src/shared/output/__tests__/meta-test.js
2026-02-09T05:36:28.4601303Z PASS packages/metro/src/integration_tests/__tests__/import-export-test.js
2026-02-09T05:36:28.5337759Z FAIL scripts/__tests__/babel-lib-defs-test.js
2026-02-09T05:36:28.5338986Z   ● Babel Flow library definitions should be up to date
2026-02-09T05:36:28.5339339Z 
2026-02-09T05:36:28.5339977Z     expect(received).toEqual(expected) // deep equality
2026-02-09T05:36:28.5340187Z 
2026-02-09T05:36:28.5340290Z     - Expected  - 6
2026-02-09T05:36:28.5340538Z     + Received  + 6
2026-02-09T05:36:28.5340653Z 
2026-02-09T05:36:28.5340747Z     @@ -784,12 +784,12 @@
2026-02-09T05:36:28.5340963Z         start: ?number;
2026-02-09T05:36:28.5341164Z         end: ?number;
2026-02-09T05:36:28.5341410Z         loc: ?BabelNodeSourceLocation,
2026-02-09T05:36:28.5341717Z         type: "ExportAllDeclaration";
2026-02-09T05:36:28.5342005Z         source: BabelNodeStringLiteral;
2026-02-09T05:36:28.5342329Z     +   assertions?: Array<BabelNodeImportAttribute>;
2026-02-09T05:36:28.5342672Z         attributes?: Array<BabelNodeImportAttribute>;
2026-02-09T05:36:28.5343009Z     -   assertions?: Array<BabelNodeImportAttribute>;
2026-02-09T05:36:28.5343329Z         exportKind?: "type" | "value";
2026-02-09T05:36:28.5343566Z       };
2026-02-09T05:36:28.5343662Z 
2026-02-09T05:36:28.5343841Z       declare type BabelNodeExportDefaultDeclaration = {
2026-02-09T05:36:28.5344199Z         leadingComments?: Array<BabelNodeComment>;
2026-02-09T05:36:28.5344474Z     @@ -812,12 +812,12 @@
2026-02-09T05:36:28.5344720Z         loc: ?BabelNodeSourceLocation,
2026-02-09T05:36:28.5345000Z         type: "ExportNamedDeclaration";
2026-02-09T05:36:28.5345299Z         declaration?: BabelNodeDeclaration;
2026-02-09T05:36:28.5346111Z         specifiers?: Array<BabelNodeExportSpecifier | BabelNodeExportDefaultSpecifier | BabelNodeExportNamespaceSpecifier>;
2026-02-09T05:36:28.5346707Z         source?: BabelNodeStringLiteral;
2026-02-09T05:36:28.5347037Z     -   attributes?: Array<BabelNodeImportAttribute>;
2026-02-09T05:36:28.5347380Z         assertions?: Array<BabelNodeImportAttribute>;
2026-02-09T05:36:28.5347699Z     +   attributes?: Array<BabelNodeImportAttribute>;
2026-02-09T05:36:28.5347994Z         exportKind?: "type" | "value";
2026-02-09T05:36:28.5348218Z       };
2026-02-09T05:36:28.5348316Z 
2026-02-09T05:36:28.5348699Z       declare type BabelNodeExportSpecifier = {
2026-02-09T05:36:28.5349044Z         leadingComments?: Array<BabelNodeComment>;
2026-02-09T05:36:28.5349308Z     @@ -854,12 +854,12 @@
2026-02-09T05:36:28.5349512Z         end: ?number;
2026-02-09T05:36:28.5349742Z         loc: ?BabelNodeSourceLocation,
2026-02-09T05:36:28.5350010Z         type: "ImportDeclaration";
2026-02-09T05:36:28.5350599Z         specifiers: Array<BabelNodeImportSpecifier | BabelNodeImportDefaultSpecifier | BabelNodeImportNamespaceSpecifier>;
2026-02-09T05:36:28.5351166Z         source: BabelNodeStringLiteral;
2026-02-09T05:36:28.5351489Z     -   attributes?: Array<BabelNodeImportAttribute>;
2026-02-09T05:36:28.5351834Z         assertions?: Array<BabelNodeImportAttribute>;
2026-02-09T05:36:28.5352153Z     +   attributes?: Array<BabelNodeImportAttribute>;
2026-02-09T05:36:28.5352476Z         importKind?: "type" | "typeof" | "value";
2026-02-09T05:36:28.5352744Z         module?: boolean;
2026-02-09T05:36:28.5352976Z         phase?: "source" | "defer";
2026-02-09T05:36:28.5353212Z       };
2026-02-09T05:36:28.5353305Z 
2026-02-09T05:36:28.5353392Z     @@ -3308,16 +3308,16 @@
2026-02-09T05:36:28.5353890Z         declare export function arrayPattern(elements: Array<null | BabelNodePatternLike>): BabelNodeArrayPattern;
2026-02-09T05:36:28.5355031Z         declare export function arrowFunctionExpression(params: Array<BabelNodeFunctionParameter>, body: BabelNodeBlockStatement | BabelNodeExpression, async?: boolean): BabelNodeArrowFunctionExpression;
2026-02-09T05:36:28.5356842Z         declare export function classBody(body: Array<BabelNodeClassMethod | BabelNodeClassPrivateMethod | BabelNodeClassProperty | BabelNodeClassPrivateProperty | BabelNodeClassAccessorProperty | BabelNodeTSDeclareMethod | BabelNodeTSIndexSignature | BabelNodeStaticBlock>): BabelNodeClassBody;
2026-02-09T05:36:28.5358831Z         declare export function classExpression(id?: BabelNodeIdentifier, superClass?: BabelNodeExpression, body: BabelNodeClassBody, decorators?: Array<BabelNodeDecorator>): BabelNodeClassExpression;
2026-02-09T05:36:28.5361167Z         declare export function classDeclaration(id?: BabelNodeIdentifier, superClass?: BabelNodeExpression, body: BabelNodeClassBody, decorators?: Array<BabelNodeDecorator>): BabelNodeClassDeclaration;
2026-02-09T05:36:28.5362956Z     -   declare export function exportAllDeclaration(source: BabelNodeStringLiteral, attributes?: Array<BabelNodeImportAttribute>): BabelNodeExportAllDeclaration;
2026-02-09T05:36:28.5363931Z     +   declare export function exportAllDeclaration(source: BabelNodeStringLiteral): BabelNodeExportAllDeclaration;
2026-02-09T05:36:28.5365149Z         declare export function exportDefaultDeclaration(declaration: BabelNodeTSDeclareFunction | BabelNodeFunctionDeclaration | BabelNodeClassDeclaration | BabelNodeExpression): BabelNodeExportDefaultDeclaration;
2026-02-09T05:36:28.5367135Z     -   declare export function exportNamedDeclaration(declaration?: BabelNodeDeclaration, specifiers?: Array<BabelNodeExportSpecifier | BabelNodeExportDefaultSpecifier | BabelNodeExportNamespaceSpecifier>, source?: BabelNodeStringLiteral, attributes?: Array<BabelNodeImportAttribute>): BabelNodeExportNamedDeclaration;
2026-02-09T05:36:28.5369916Z     +   declare export function exportNamedDeclaration(declaration?: BabelNodeDeclaration, specifiers?: Array<BabelNodeExportSpecifier | BabelNodeExportDefaultSpecifier | BabelNodeExportNamespaceSpecifier>, source?: BabelNodeStringLiteral): BabelNodeExportNamedDeclaration;
2026-02-09T05:36:28.5371469Z         declare export function exportSpecifier(local: BabelNodeIdentifier, exported: BabelNodeIdentifier | BabelNodeStringLiteral): BabelNodeExportSpecifier;
2026-02-09T05:36:28.5372716Z         declare export function forOfStatement(left: BabelNodeVariableDeclaration | BabelNodeLVal, right: BabelNodeExpression, body: BabelNodeStatement, _await?: boolean): BabelNodeForOfStatement;
2026-02-09T05:36:28.5374436Z     -   declare export function importDeclaration(specifiers: Array<BabelNodeImportSpecifier | BabelNodeImportDefaultSpecifier | BabelNodeImportNamespaceSpecifier>, source: BabelNodeStringLiteral, attributes?: Array<BabelNodeImportAttribute>): BabelNodeImportDeclaration;
2026-02-09T05:36:28.5376226Z     +   declare export function importDeclaration(specifiers: Array<BabelNodeImportSpecifier | BabelNodeImportDefaultSpecifier | BabelNodeImportNamespaceSpecifier>, source: BabelNodeStringLiteral): BabelNodeImportDeclaration;
2026-02-09T05:36:28.5377410Z         declare export function importDefaultSpecifier(local: BabelNodeIdentifier): BabelNodeImportDefaultSpecifier;
2026-02-09T05:36:28.5378224Z         declare export function importNamespaceSpecifier(local: BabelNodeIdentifier): BabelNodeImportNamespaceSpecifier;
2026-02-09T05:36:28.5379357Z         declare export function importSpecifier(local: BabelNodeIdentifier, imported: BabelNodeIdentifier | BabelNodeStringLiteral): BabelNodeImportSpecifier;
2026-02-09T05:36:28.5380360Z         declare export function importExpression(source: BabelNodeExpression, options?: BabelNodeExpression): BabelNodeImportExpression;
2026-02-09T05:36:28.5381247Z         declare export function metaProperty(meta: BabelNodeIdentifier, property: BabelNodeIdentifier): BabelNodeMetaProperty;
2026-02-09T05:36:28.5381691Z 
2026-02-09T05:36:28.5382159Z     [0m [90m 20 |[39m   expect(contentByFilePath[33m.[39msize)[33m.[39mtoBe([35m2[39m)[33m;[39m
2026-02-09T05:36:28.5382927Z      [90m 21 |[39m   [36mfor[39m ([36mconst[39m [filePath[33m,[39m content] [36mof[39m contentByFilePath) {
2026-02-09T05:36:28.5383992Z     [31m[1m>[22m[39m[90m 22 |[39m     expect([36mawait[39m fsPromises[33m.[39mreadFile(filePath[33m,[39m [32m'utf8'[39m))[33m.[39mtoEqual(content)[33m;[39m
2026-02-09T05:36:28.5384750Z      [90m    |[39m                                                         [31m[1m^[22m[39m
2026-02-09T05:36:28.5385088Z      [90m 23 |[39m   }
2026-02-09T05:36:28.5385356Z      [90m 24 |[39m })[33m;[39m
2026-02-09T05:36:28.5385600Z      [90m 25 |[39m[0m
2026-02-09T05:36:28.5385875Z 
2026-02-09T05:36:28.5386103Z       at Object.toEqual (scripts/__tests__/babel-lib-defs-test.js:22:57)
2026-02-09T05:36:28.5386373Z 
2026-02-09T05:36:36.6259869Z PASS scripts/__tests__/ts-defs-sync-test.js (10.217 s)
2026-02-09T05:36:36.8028715Z 
2026-02-09T05:36:36.8030833Z Summary of all failing tests
2026-02-09T05:36:36.8079377Z FAIL packages/metro-source-map/src/__tests__/generateFunctionMap-test.js
2026-02-09T05:36:36.8082490Z   ● generateFunctionMap › @babel/traverse path cache workaround (babel#6437) › requires a workaround for traverse cache pollution
2026-02-09T05:36:36.8083301Z 
2026-02-09T05:36:36.8083507Z     expect(received).toThrow()
2026-02-09T05:36:36.8083765Z 
2026-02-09T05:36:36.8083950Z     Received function did not throw
2026-02-09T05:36:36.8084232Z 
2026-02-09T05:36:36.8084443Z     [0m [90m 1904 |[39m
2026-02-09T05:36:36.8085329Z      [90m 1905 |[39m       [90m// Expect that the path cache is polluted with entries lacking `hub`.[39m
2026-02-09T05:36:36.8086772Z     [31m[1m>[22m[39m[90m 1906 |[39m       expect(() [33m=>[39m expectTransformPathesToHaveHub(ast))[33m.[39mtoThrow()[33m;[39m
2026-02-09T05:36:36.8087914Z      [90m      |[39m                                                         [31m[1m^[22m[39m
2026-02-09T05:36:36.8088782Z      [90m 1907 |[39m     })[33m;[39m
2026-02-09T05:36:36.8089194Z      [90m 1908 |[39m
2026-02-09T05:36:36.8090572Z      [90m 1909 |[39m     test([32m'successfully works around traverse cache pollution'[39m[33m,[39m () [33m=>[39m {[0m
2026-02-09T05:36:36.8091297Z 
2026-02-09T05:36:36.8091891Z       at Object.toThrow (packages/metro-source-map/src/__tests__/generateFunctionMap-test.js:1906:57)
2026-02-09T05:36:36.8092514Z 
2026-02-09T05:36:36.8092799Z FAIL scripts/__tests__/babel-lib-defs-test.js
2026-02-09T05:36:36.8093489Z   ● Babel Flow library definitions should be up to date
2026-02-09T05:36:36.8093852Z 
2026-02-09T05:36:36.8096572Z     expect(received).toEqual(expected) // deep equality
2026-02-09T05:36:36.8098735Z 
2026-02-09T05:36:36.8099558Z     - Expected  - 6
2026-02-09T05:36:36.8101142Z     + Received  + 6
2026-02-09T05:36:36.8102104Z 
2026-02-09T05:36:36.8102713Z     @@ -784,12 +784,12 @@
2026-02-09T05:36:36.8103950Z         start: ?number;
2026-02-09T05:36:36.8105221Z         end: ?number;
2026-02-09T05:36:36.8107414Z         loc: ?BabelNodeSourceLocation,
2026-02-09T05:36:36.8138958Z         type: "ExportAllDeclaration";
2026-02-09T05:36:36.8139596Z         source: BabelNodeStringLiteral;
2026-02-09T05:36:36.8140174Z     +   assertions?: Array<BabelNodeImportAttribute>;
2026-02-09T05:36:36.8140802Z         attributes?: Array<BabelNodeImportAttribute>;
2026-02-09T05:36:36.8141391Z     -   assertions?: Array<BabelNodeImportAttribute>;
2026-02-09T05:36:36.8141918Z         exportKind?: "type" | "value";
2026-02-09T05:36:36.8142310Z       };
2026-02-09T05:36:36.8142471Z 
2026-02-09T05:36:36.8142759Z       declare type BabelNodeExportDefaultDeclaration = {
2026-02-09T05:36:36.8143373Z         leadingComments?: Array<BabelNodeComment>;
2026-02-09T05:36:36.8143834Z     @@ -812,12 +812,12 @@
2026-02-09T05:36:36.8144235Z         loc: ?BabelNodeSourceLocation,
2026-02-09T05:36:36.8144714Z         type: "ExportNamedDeclaration";
2026-02-09T05:36:36.8145179Z         declaration?: BabelNodeDeclaration;
2026-02-09T05:36:36.8146309Z         specifiers?: Array<BabelNodeExportSpecifier | BabelNodeExportDefaultSpecifier | BabelNodeExportNamespaceSpecifier>;
2026-02-09T05:36:36.8147325Z         source?: BabelNodeStringLiteral;
2026-02-09T05:36:36.8147880Z     -   attributes?: Array<BabelNodeImportAttribute>;
2026-02-09T05:36:36.8148671Z         assertions?: Array<BabelNodeImportAttribute>;
2026-02-09T05:36:36.8149243Z     +   attributes?: Array<BabelNodeImportAttribute>;
2026-02-09T05:36:36.8149754Z         exportKind?: "type" | "value";
2026-02-09T05:36:36.8150134Z       };
2026-02-09T05:36:36.8150279Z 
2026-02-09T05:36:36.8150509Z       declare type BabelNodeExportSpecifier = {
2026-02-09T05:36:36.8151378Z         leadingComments?: Array<BabelNodeComment>;
2026-02-09T05:36:36.8152628Z     @@ -854,12 +854,12 @@
2026-02-09T05:36:36.8153128Z         end: ?number;
2026-02-09T05:36:36.8153672Z         loc: ?BabelNodeSourceLocation,
2026-02-09T05:36:36.8154413Z         type: "ImportDeclaration";
2026-02-09T05:36:36.8155666Z         specifiers: Array<BabelNodeImportSpecifier | BabelNodeImportDefaultSpecifier | BabelNodeImportNamespaceSpecifier>;
2026-02-09T05:36:36.8156877Z         source: BabelNodeStringLiteral;
2026-02-09T05:36:36.8157573Z     -   attributes?: Array<BabelNodeImportAttribute>;
2026-02-09T05:36:36.8158318Z         assertions?: Array<BabelNodeImportAttribute>;
2026-02-09T05:36:36.8159278Z     +   attributes?: Array<BabelNodeImportAttribute>;
2026-02-09T05:36:36.8159963Z         importKind?: "type" | "typeof" | "value";
2026-02-09T05:36:36.8160552Z         module?: boolean;
2026-02-09T05:36:36.8161088Z         phase?: "source" | "defer";
2026-02-09T05:36:36.8161600Z       };
2026-02-09T05:36:36.8161901Z 
2026-02-09T05:36:36.8162179Z     @@ -3308,16 +3308,16 @@
2026-02-09T05:36:36.8163220Z         declare export function arrayPattern(elements: Array<null | BabelNodePatternLike>): BabelNodeArrayPattern;
2026-02-09T05:36:36.8173958Z         declare export function arrowFunctionExpression(params: Array<BabelNodeFunctionParameter>, body: BabelNodeBlockStatement | BabelNodeExpression, async?: boolean): BabelNodeArrowFunctionExpression;
2026-02-09T05:36:36.8197092Z         declare export function classBody(body: Array<BabelNodeClassMethod | BabelNodeClassPrivateMethod | BabelNodeClassProperty | BabelNodeClassPrivateProperty | BabelNodeClassAccessorProperty | BabelNodeTSDeclareMethod | BabelNodeTSIndexSignature | BabelNodeStaticBlock>): BabelNodeClassBody;
2026-02-09T05:36:36.8200631Z         declare export function classExpression(id?: BabelNodeIdentifier, superClass?: BabelNodeExpression, body: BabelNodeClassBody, decorators?: Array<BabelNodeDecorator>): BabelNodeClassExpression;
2026-02-09T05:36:36.8203688Z         declare export function classDeclaration(id?: BabelNodeIdentifier, superClass?: BabelNodeExpression, body: BabelNodeClassBody, decorators?: Array<BabelNodeDecorator>): BabelNodeClassDeclaration;
2026-02-09T05:36:36.8206459Z     -   declare export function exportAllDeclaration(source: BabelNodeStringLiteral, attributes?: Array<BabelNodeImportAttribute>): BabelNodeExportAllDeclaration;
2026-02-09T05:36:36.8208864Z     +   declare export function exportAllDeclaration(source: BabelNodeStringLiteral): BabelNodeExportAllDeclaration;
2026-02-09T05:36:36.8213813Z         declare export function exportDefaultDeclaration(declaration: BabelNodeTSDeclareFunction | BabelNodeFunctionDeclaration | BabelNodeClassDeclaration | BabelNodeExpression): BabelNodeExportDefaultDeclaration;
2026-02-09T05:36:36.8222756Z     -   declare export function exportNamedDeclaration(declaration?: BabelNodeDeclaration, specifiers?: Array<BabelNodeExportSpecifier | BabelNodeExportDefaultSpecifier | BabelNodeExportNamespaceSpecifier>, source?: BabelNodeStringLiteral, attributes?: Array<BabelNodeImportAttribute>): BabelNodeExportNamedDeclaration;
2026-02-09T05:36:36.8230978Z     +   declare export function exportNamedDeclaration(declaration?: BabelNodeDeclaration, specifiers?: Array<BabelNodeExportSpecifier | BabelNodeExportDefaultSpecifier | BabelNodeExportNamespaceSpecifier>, source?: BabelNodeStringLiteral): BabelNodeExportNamedDeclaration;
2026-02-09T05:36:36.8234846Z         declare export function exportSpecifier(local: BabelNodeIdentifier, exported: BabelNodeIdentifier | BabelNodeStringLiteral): BabelNodeExportSpecifier;
2026-02-09T05:36:36.8239177Z         declare export function forOfStatement(left: BabelNodeVariableDeclaration | BabelNodeLVal, right: BabelNodeExpression, body: BabelNodeStatement, _await?: boolean): BabelNodeForOfStatement;
2026-02-09T05:36:36.8242463Z     -   declare export function importDeclaration(specifiers: Array<BabelNodeImportSpecifier | BabelNodeImportDefaultSpecifier | BabelNodeImportNamespaceSpecifier>, source: BabelNodeStringLiteral, attributes?: Array<BabelNodeImportAttribute>): BabelNodeImportDeclaration;
2026-02-09T05:36:36.8245022Z     +   declare export function importDeclaration(specifiers: Array<BabelNodeImportSpecifier | BabelNodeImportDefaultSpecifier | BabelNodeImportNamespaceSpecifier>, source: BabelNodeStringLiteral): BabelNodeImportDeclaration;
2026-02-09T05:36:36.8246672Z         declare export function importDefaultSpecifier(local: BabelNodeIdentifier): BabelNodeImportDefaultSpecifier;
2026-02-09T05:36:36.8248275Z         declare export function importNamespaceSpecifier(local: BabelNodeIdentifier): BabelNodeImportNamespaceSpecifier;
2026-02-09T05:36:36.8250133Z         declare export function importSpecifier(local: BabelNodeIdentifier, imported: BabelNodeIdentifier | BabelNodeStringLiteral): BabelNodeImportSpecifier;
2026-02-09T05:36:36.8251858Z         declare export function importExpression(source: BabelNodeExpression, options?: BabelNodeExpression): BabelNodeImportExpression;
2026-02-09T05:36:36.8253426Z         declare export function metaProperty(meta: BabelNodeIdentifier, property: BabelNodeIdentifier): BabelNodeMetaProperty;
2026-02-09T05:36:36.8254216Z 
2026-02-09T05:36:36.8255007Z     [0m [90m 20 |[39m   expect(contentByFilePath[33m.[39msize)[33m.[39mtoBe([35m2[39m)[33m;[39m
2026-02-09T05:36:36.8256242Z      [90m 21 |[39m   [36mfor[39m ([36mconst[39m [filePath[33m,[39m content] [36mof[39m contentByFilePath) {
2026-02-09T05:36:36.8258572Z     [31m[1m>[22m[39m[90m 22 |[39m     expect([36mawait[39m fsPromises[33m.[39mreadFile(filePath[33m,[39m [32m'utf8'[39m))[33m.[39mtoEqual(content)[33m;[39m
2026-02-09T05:36:36.8259869Z      [90m    |[39m                                                         [31m[1m^[22m[39m
2026-02-09T05:36:36.8260424Z      [90m 23 |[39m   }
2026-02-09T05:36:36.8260839Z      [90m 24 |[39m })[33m;[39m
2026-02-09T05:36:36.8261232Z      [90m 25 |[39m[0m
2026-02-09T05:36:36.8261420Z 
2026-02-09T05:36:36.8262251Z       at Object.toEqual (scripts/__tests__/babel-lib-defs-test.js:22:57)
2026-02-09T05:36:36.8262537Z 
2026-02-09T05:36:36.8262548Z 
2026-02-09T05:36:36.8265561Z Test Suites: 2 failed, 130 passed, 132 total
2026-02-09T05:36:36.8266179Z Tests:       2 failed, 22 skipped, 2331 passed, 2355 total
2026-02-09T05:36:36.8266714Z Snapshots:   513 passed, 513 total
2026-02-09T05:36:36.8267039Z Time:        35.926 s
2026-02-09T05:36:36.8267264Z Ran all test suites.
2026-02-09T05:36:36.8451024Z error Command failed with exit code 1.
2026-02-09T05:36:36.8451949Z info Visit https://yarnpkg.com/en/docs/cli/run for documentation about this command.
2026-02-09T05:36:36.8564023Z ##[error]Process completed with exit code 1.
2026-02-09T05:36:36.8637731Z Post job cleanup.
2026-02-09T05:36:36.8713981Z Post job cleanup.
2026-02-09T05:36:36.9537950Z [command]/usr/bin/git version
2026-02-09T05:36:36.9606003Z git version 2.52.0
2026-02-09T05:36:36.9643929Z Temporarily overriding HOME='/home/runner/work/_temp/ab03df4f-80c4-4fb5-a982-5c1958ae2955' before making global git config changes
2026-02-09T05:36:36.9644924Z Adding repository directory to the temporary git global config as a safe directory
2026-02-09T05:36:36.9649422Z [command]/usr/bin/git config --global --add safe.directory /home/runner/work/metro/metro
2026-02-09T05:36:36.9682530Z Removing SSH command configuration
2026-02-09T05:36:36.9688745Z [command]/usr/bin/git config --local --name-only --get-regexp core\.sshCommand
2026-02-09T05:36:36.9723206Z [command]/usr/bin/git submodule foreach --recursive sh -c "git config --local --name-only --get-regexp 'core\.sshCommand' && git config --local --unset-all 'core.sshCommand' || :"
2026-02-09T05:36:36.9966323Z Removing HTTP extra header
2026-02-09T05:36:36.9971903Z [command]/usr/bin/git config --local --name-only --get-regexp http\.https\:\/\/github\.com\/\.extraheader
2026-02-09T05:36:37.0006053Z [command]/usr/bin/git submodule foreach --recursive sh -c "git config --local --name-only --get-regexp 'http\.https\:\/\/github\.com\/\.extraheader' && git config --local --unset-all 'http.https://github.com/.extraheader' || :"
2026-02-09T05:36:37.0241609Z Removing includeIf entries pointing to credentials config files
2026-02-09T05:36:37.0250712Z [command]/usr/bin/git config --local --name-only --get-regexp ^includeIf\.gitdir:
2026-02-09T05:36:37.0276983Z includeif.gitdir:/home/runner/work/metro/metro/.git.path
2026-02-09T05:36:37.0277841Z includeif.gitdir:/home/runner/work/metro/metro/.git/worktrees/*.path
2026-02-09T05:36:37.0278642Z includeif.gitdir:/github/workspace/.git.path
2026-02-09T05:36:37.0279276Z includeif.gitdir:/github/workspace/.git/worktrees/*.path
2026-02-09T05:36:37.0289629Z [command]/usr/bin/git config --local --get-all includeif.gitdir:/home/runner/work/metro/metro/.git.path
2026-02-09T05:36:37.0313971Z /home/runner/work/_temp/git-credentials-7f2c9929-08f8-42d8-8a6a-35894443f92c.config
2026-02-09T05:36:37.0327871Z [command]/usr/bin/git config --local --unset includeif.gitdir:/home/runner/work/metro/metro/.git.path /home/runner/work/_temp/git-credentials-7f2c9929-08f8-42d8-8a6a-35894443f92c.config
2026-02-09T05:36:37.0365013Z [command]/usr/bin/git config --local --get-all includeif.gitdir:/home/runner/work/metro/metro/.git/worktrees/*.path
2026-02-09T05:36:37.0390028Z /home/runner/work/_temp/git-credentials-7f2c9929-08f8-42d8-8a6a-35894443f92c.config
2026-02-09T05:36:37.0402072Z [command]/usr/bin/git config --local --unset includeif.gitdir:/home/runner/work/metro/metro/.git/worktrees/*.path /home/runner/work/_temp/git-credentials-7f2c9929-08f8-42d8-8a6a-35894443f92c.config
2026-02-09T05:36:37.0438116Z [command]/usr/bin/git config --local --get-all includeif.gitdir:/github/workspace/.git.path
2026-02-09T05:36:37.0462651Z /github/runner_temp/git-credentials-7f2c9929-08f8-42d8-8a6a-35894443f92c.config
2026-02-09T05:36:37.0472722Z [command]/usr/bin/git config --local --unset includeif.gitdir:/github/workspace/.git.path /github/runner_temp/git-credentials-7f2c9929-08f8-42d8-8a6a-35894443f92c.config
2026-02-09T05:36:37.0508771Z [command]/usr/bin/git config --local --get-all includeif.gitdir:/github/workspace/.git/worktrees/*.path
2026-02-09T05:36:37.0532668Z /github/runner_temp/git-credentials-7f2c9929-08f8-42d8-8a6a-35894443f92c.config
2026-02-09T05:36:37.0543176Z [command]/usr/bin/git config --local --unset includeif.gitdir:/github/workspace/.git/worktrees/*.path /github/runner_temp/git-credentials-7f2c9929-08f8-42d8-8a6a-35894443f92c.config
2026-02-09T05:36:37.0578888Z [command]/usr/bin/git submodule foreach --recursive git config --local --show-origin --name-only --get-regexp remote.origin.url
2026-02-09T05:36:37.0831588Z Removing credentials config '/home/runner/work/_temp/git-credentials-7f2c9929-08f8-42d8-8a6a-35894443f92c.config'
2026-02-09T05:36:37.0962554Z Cleaning up orphan processes
