2026-03-02T15:10:37.0488800Z Current runner version: '2.331.0'
2026-03-02T15:10:37.0513692Z ##[group]Runner Image Provisioner
2026-03-02T15:10:37.0514531Z Hosted Compute Agent
2026-03-02T15:10:37.0515191Z Version: 20260213.493
2026-03-02T15:10:37.0515745Z Commit: 5c115507f6dd24b8de37d8bbe0bb4509d0cc0fa3
2026-03-02T15:10:37.0516445Z Build Date: 2026-02-13T00:28:41Z
2026-03-02T15:10:37.0517111Z Worker ID: {a5a50ed3-2864-433e-a2c5-6b78535ea49c}
2026-03-02T15:10:37.0518142Z Azure Region: westus
2026-03-02T15:10:37.0518706Z ##[endgroup]
2026-03-02T15:10:37.0520233Z ##[group]Operating System
2026-03-02T15:10:37.0520791Z Ubuntu
2026-03-02T15:10:37.0521264Z 22.04.5
2026-03-02T15:10:37.0521780Z LTS
2026-03-02T15:10:37.0522196Z ##[endgroup]
2026-03-02T15:10:37.0522704Z ##[group]Runner Image
2026-03-02T15:10:37.0523228Z Image: ubuntu-22.04
2026-03-02T15:10:37.0523769Z Version: 20260224.45.1
2026-03-02T15:10:37.0524886Z Included Software: https://github.com/actions/runner-images/blob/ubuntu22/20260224.45/images/ubuntu/Ubuntu2204-Readme.md
2026-03-02T15:10:37.0526391Z Image Release: https://github.com/actions/runner-images/releases/tag/ubuntu22%2F20260224.45
2026-03-02T15:10:37.0527296Z ##[endgroup]
2026-03-02T15:10:37.0530560Z ##[group]GITHUB_TOKEN Permissions
2026-03-02T15:10:37.0532621Z Actions: write
2026-03-02T15:10:37.0533251Z ArtifactMetadata: write
2026-03-02T15:10:37.0533801Z Attestations: write
2026-03-02T15:10:37.0534302Z Checks: write
2026-03-02T15:10:37.0534730Z Contents: write
2026-03-02T15:10:37.0535314Z Deployments: write
2026-03-02T15:10:37.0535778Z Discussions: write
2026-03-02T15:10:37.0536254Z Issues: write
2026-03-02T15:10:37.0536814Z Metadata: read
2026-03-02T15:10:37.0537258Z Models: read
2026-03-02T15:10:37.0537893Z Packages: write
2026-03-02T15:10:37.0538451Z Pages: write
2026-03-02T15:10:37.0539032Z PullRequests: write
2026-03-02T15:10:37.0539519Z RepositoryProjects: write
2026-03-02T15:10:37.0540138Z SecurityEvents: write
2026-03-02T15:10:37.0540651Z Statuses: write
2026-03-02T15:10:37.0541122Z ##[endgroup]
2026-03-02T15:10:37.0543494Z Secret source: Actions
2026-03-02T15:10:37.0544180Z Prepare workflow directory
2026-03-02T15:10:37.1133340Z Prepare all required actions
2026-03-02T15:10:37.1172499Z Getting action download info
2026-03-02T15:10:37.5438399Z Download action repository 'actions/checkout@v4' (SHA:34e114876b0b11c390a56381ad16ebd13914f8d5)
2026-03-02T15:10:37.7512539Z Complete job name: unit-test (linux)
2026-03-02T15:10:37.8298108Z ##[group]Run actions/checkout@v4
2026-03-02T15:10:37.8299000Z with:
2026-03-02T15:10:37.8299406Z   repository: godot-rust/gdext
2026-03-02T15:10:37.8300091Z   token: ***
2026-03-02T15:10:37.8300459Z   ssh-strict: true
2026-03-02T15:10:37.8300848Z   ssh-user: git
2026-03-02T15:10:37.8301241Z   persist-credentials: true
2026-03-02T15:10:37.8301680Z   clean: true
2026-03-02T15:10:37.8302064Z   sparse-checkout-cone-mode: true
2026-03-02T15:10:37.8302536Z   fetch-depth: 1
2026-03-02T15:10:37.8302911Z   fetch-tags: false
2026-03-02T15:10:37.8303297Z   show-progress: true
2026-03-02T15:10:37.8303704Z   lfs: false
2026-03-02T15:10:37.8304062Z   submodules: false
2026-03-02T15:10:37.8304457Z   set-safe-directory: true
2026-03-02T15:10:37.8305083Z env:
2026-03-02T15:10:37.8305763Z   CLIPPY_FEATURES: --features register-docs,godot/experimental-godot-api,godot/serde
2026-03-02T15:10:37.8306577Z   TEST_FEATURES: 
2026-03-02T15:10:37.8307177Z   RETRY: /home/runner/work/gdext/gdext/.github/other/retry.sh
2026-03-02T15:10:37.8307995Z   LSAN_OPTIONS: report_objects=1
2026-03-02T15:10:37.8308512Z   CARGO_DENY_VERSION: 0.18.9
2026-03-02T15:10:37.8308999Z   CARGO_MACHETE_VERSION: 0.9.1
2026-03-02T15:10:37.8309433Z ##[endgroup]
2026-03-02T15:10:37.9424426Z Syncing repository: godot-rust/gdext
2026-03-02T15:10:37.9426502Z ##[group]Getting Git version info
2026-03-02T15:10:37.9427165Z Working directory is '/home/runner/work/gdext/gdext'
2026-03-02T15:10:37.9428483Z [command]/usr/bin/git version
2026-03-02T15:10:37.9540630Z git version 2.53.0
2026-03-02T15:10:37.9567613Z ##[endgroup]
2026-03-02T15:10:37.9583025Z Temporarily overriding HOME='/home/runner/work/_temp/c874dd19-9fa5-485e-86be-5ae27ab0939a' before making global git config changes
2026-03-02T15:10:37.9585504Z Adding repository directory to the temporary git global config as a safe directory
2026-03-02T15:10:37.9596353Z [command]/usr/bin/git config --global --add safe.directory /home/runner/work/gdext/gdext
2026-03-02T15:10:37.9633666Z Deleting the contents of '/home/runner/work/gdext/gdext'
2026-03-02T15:10:37.9637289Z ##[group]Initializing the repository
2026-03-02T15:10:37.9641441Z [command]/usr/bin/git init /home/runner/work/gdext/gdext
2026-03-02T15:10:37.9784231Z hint: Using 'master' as the name for the initial branch. This default branch name
2026-03-02T15:10:37.9786032Z hint: will change to "main" in Git 3.0. To configure the initial branch name
2026-03-02T15:10:37.9787901Z hint: to use in all of your new repositories, which will suppress this warning,
2026-03-02T15:10:37.9789354Z hint: call:
2026-03-02T15:10:37.9790043Z hint:
2026-03-02T15:10:37.9790835Z hint: 	git config --global init.defaultBranch <name>
2026-03-02T15:10:37.9791586Z hint:
2026-03-02T15:10:37.9792183Z hint: Names commonly chosen instead of 'master' are 'main', 'trunk' and
2026-03-02T15:10:37.9793200Z hint: 'development'. The just-created branch can be renamed via this command:
2026-03-02T15:10:37.9793979Z hint:
2026-03-02T15:10:37.9794423Z hint: 	git branch -m <name>
2026-03-02T15:10:37.9794909Z hint:
2026-03-02T15:10:37.9795821Z hint: Disable this message with "git config set advice.defaultBranchName false"
2026-03-02T15:10:37.9797078Z Initialized empty Git repository in /home/runner/work/gdext/gdext/.git/
2026-03-02T15:10:37.9802150Z [command]/usr/bin/git remote add origin https://github.com/godot-rust/gdext
2026-03-02T15:10:37.9842332Z ##[endgroup]
2026-03-02T15:10:37.9843043Z ##[group]Disabling automatic garbage collection
2026-03-02T15:10:37.9846509Z [command]/usr/bin/git config --local gc.auto 0
2026-03-02T15:10:37.9875191Z ##[endgroup]
2026-03-02T15:10:37.9875853Z ##[group]Setting up auth
2026-03-02T15:10:37.9882569Z [command]/usr/bin/git config --local --name-only --get-regexp core\.sshCommand
2026-03-02T15:10:37.9913300Z [command]/usr/bin/git submodule foreach --recursive sh -c "git config --local --name-only --get-regexp 'core\.sshCommand' && git config --local --unset-all 'core.sshCommand' || :"
2026-03-02T15:10:38.0320063Z [command]/usr/bin/git config --local --name-only --get-regexp http\.https\:\/\/github\.com\/\.extraheader
2026-03-02T15:10:38.0350963Z [command]/usr/bin/git submodule foreach --recursive sh -c "git config --local --name-only --get-regexp 'http\.https\:\/\/github\.com\/\.extraheader' && git config --local --unset-all 'http.https://github.com/.extraheader' || :"
2026-03-02T15:10:38.0578895Z [command]/usr/bin/git config --local --name-only --get-regexp ^includeIf\.gitdir:
2026-03-02T15:10:38.0613296Z [command]/usr/bin/git submodule foreach --recursive git config --local --show-origin --name-only --get-regexp remote.origin.url
2026-03-02T15:10:38.0845749Z [command]/usr/bin/git config --local http.https://github.com/.extraheader AUTHORIZATION: basic ***
2026-03-02T15:10:38.0880892Z ##[endgroup]
2026-03-02T15:10:38.0881645Z ##[group]Fetching the repository
2026-03-02T15:10:38.0890136Z [command]/usr/bin/git -c protocol.version=2 fetch --no-tags --prune --no-recurse-submodules --depth=1 origin +c60c107992211f367d7fb564fb9892fdc1514bf5:refs/remotes/origin/gh-readonly-queue/master/pr-1514-89ec94c2371e8dac3993ad54a34b55af230981ef
2026-03-02T15:10:38.7959745Z From https://github.com/godot-rust/gdext
2026-03-02T15:10:38.7961897Z  * [new ref]         c60c107992211f367d7fb564fb9892fdc1514bf5 -> origin/gh-readonly-queue/master/pr-1514-89ec94c2371e8dac3993ad54a34b55af230981ef
2026-03-02T15:10:38.7997615Z ##[endgroup]
2026-03-02T15:10:38.7999318Z ##[group]Determining the checkout info
2026-03-02T15:10:38.8000983Z ##[endgroup]
2026-03-02T15:10:38.8006189Z [command]/usr/bin/git sparse-checkout disable
2026-03-02T15:10:38.8052944Z [command]/usr/bin/git config --local --unset-all extensions.worktreeConfig
2026-03-02T15:10:38.8080387Z ##[group]Checking out the ref
2026-03-02T15:10:38.8086438Z [command]/usr/bin/git checkout --progress --force -B gh-readonly-queue/master/pr-1514-89ec94c2371e8dac3993ad54a34b55af230981ef refs/remotes/origin/gh-readonly-queue/master/pr-1514-89ec94c2371e8dac3993ad54a34b55af230981ef
2026-03-02T15:10:38.8465949Z Switched to a new branch 'gh-readonly-queue/master/pr-1514-89ec94c2371e8dac3993ad54a34b55af230981ef'
2026-03-02T15:10:38.8468877Z branch 'gh-readonly-queue/master/pr-1514-89ec94c2371e8dac3993ad54a34b55af230981ef' set up to track 'origin/gh-readonly-queue/master/pr-1514-89ec94c2371e8dac3993ad54a34b55af230981ef'.
2026-03-02T15:10:38.8475792Z ##[endgroup]
2026-03-02T15:10:38.8515545Z [command]/usr/bin/git log -1 --format=%H
2026-03-02T15:10:38.8539794Z c60c107992211f367d7fb564fb9892fdc1514bf5
2026-03-02T15:10:38.8749238Z ##[group]Run .github/other/patch-prebuilt.sh nightly
2026-03-02T15:10:38.8750111Z [36;1m.github/other/patch-prebuilt.sh nightly[0m
2026-03-02T15:10:38.8817433Z shell: /usr/bin/bash --noprofile --norc -e -o pipefail {0}
2026-03-02T15:10:38.8818377Z env:
2026-03-02T15:10:38.8819039Z   CLIPPY_FEATURES: --features register-docs,godot/experimental-godot-api,godot/serde
2026-03-02T15:10:38.8819817Z   TEST_FEATURES: 
2026-03-02T15:10:38.8820337Z   RETRY: /home/runner/work/gdext/gdext/.github/other/retry.sh
2026-03-02T15:10:38.8820972Z   LSAN_OPTIONS: report_objects=1
2026-03-02T15:10:38.8821453Z   CARGO_DENY_VERSION: 0.18.9
2026-03-02T15:10:38.8821918Z   CARGO_MACHETE_VERSION: 0.9.1
2026-03-02T15:10:38.8822365Z ##[endgroup]
2026-03-02T15:10:38.8936323Z Patched Cargo.toml for version nightly:
2026-03-02T15:10:38.8948600Z godot = { path = "../../godot", default-features = false, features = ["__trace"] }
2026-03-02T15:10:38.9134869Z Prepare all required actions
2026-03-02T15:10:38.9135621Z Getting action download info
2026-03-02T15:10:39.1440551Z Download action repository 'Swatinem/rust-cache@v2' (SHA:779680da715d629ac1d338a641029a2f4372abb5)
2026-03-02T15:10:40.4116023Z ##[group]Run ./.github/composite/rust
2026-03-02T15:10:40.4116370Z with:
2026-03-02T15:10:40.4116574Z   rust: stable
2026-03-02T15:10:40.4116787Z env:
2026-03-02T15:10:40.4117174Z   CLIPPY_FEATURES: --features register-docs,godot/experimental-godot-api,godot/serde
2026-03-02T15:10:40.4117644Z   TEST_FEATURES: 
2026-03-02T15:10:40.4118139Z   RETRY: /home/runner/work/gdext/gdext/.github/other/retry.sh
2026-03-02T15:10:40.4118508Z   LSAN_OPTIONS: report_objects=1
2026-03-02T15:10:40.4118790Z   CARGO_DENY_VERSION: 0.18.9
2026-03-02T15:10:40.4119050Z   CARGO_MACHETE_VERSION: 0.9.1
2026-03-02T15:10:40.4119302Z ##[endgroup]
2026-03-02T15:10:40.4199735Z ##[group]Run echo "Rust cache shared-key: 'Linux-stable'"
2026-03-02T15:10:40.4200313Z [36;1mecho "Rust cache shared-key: 'Linux-stable'"[0m
2026-03-02T15:10:40.4200861Z [36;1mecho "components=$( for c in ${CS//,/ }; do echo -n ' --component' $c; done )" >> $GITHUB_OUTPUT[0m
2026-03-02T15:10:40.4240874Z shell: /usr/bin/bash --noprofile --norc -e -o pipefail {0}
2026-03-02T15:10:40.4241278Z env:
2026-03-02T15:10:40.4241659Z   CLIPPY_FEATURES: --features register-docs,godot/experimental-godot-api,godot/serde
2026-03-02T15:10:40.4242128Z   TEST_FEATURES: 
2026-03-02T15:10:40.4242423Z   RETRY: /home/runner/work/gdext/gdext/.github/other/retry.sh
2026-03-02T15:10:40.4242794Z   LSAN_OPTIONS: report_objects=1
2026-03-02T15:10:40.4243071Z   CARGO_DENY_VERSION: 0.18.9
2026-03-02T15:10:40.4243324Z   CARGO_MACHETE_VERSION: 0.9.1
2026-03-02T15:10:40.4243571Z   CS: 
2026-03-02T15:10:40.4243765Z ##[endgroup]
2026-03-02T15:10:40.4304055Z Rust cache shared-key: 'Linux-stable'
2026-03-02T15:10:40.4360112Z ##[group]Run $RETRY rustup toolchain install stable --profile minimal --no-self-update 
2026-03-02T15:10:40.4361026Z [36;1m$RETRY rustup toolchain install stable --profile minimal --no-self-update [0m
2026-03-02T15:10:40.4430312Z [36;1mrustup default stable[0m
2026-03-02T15:10:40.4471360Z shell: /usr/bin/bash --noprofile --norc -e -o pipefail {0}
2026-03-02T15:10:40.4471985Z env:
2026-03-02T15:10:40.4472428Z   CLIPPY_FEATURES: --features register-docs,godot/experimental-godot-api,godot/serde
2026-03-02T15:10:40.4472897Z   TEST_FEATURES: 
2026-03-02T15:10:40.4473208Z   RETRY: /home/runner/work/gdext/gdext/.github/other/retry.sh
2026-03-02T15:10:40.4473570Z   LSAN_OPTIONS: report_objects=1
2026-03-02T15:10:40.4473846Z   CARGO_DENY_VERSION: 0.18.9
2026-03-02T15:10:40.4474099Z   CARGO_MACHETE_VERSION: 0.9.1
2026-03-02T15:10:40.4474359Z ##[endgroup]
2026-03-02T15:10:40.6902623Z info: syncing channel updates for 'stable-x86_64-unknown-linux-gnu'
2026-03-02T15:10:40.7138253Z 
2026-03-02T15:10:40.7229756Z   stable-x86_64-unknown-linux-gnu unchanged - rustc 1.93.1 (01f6ddf75 2026-02-11)
2026-03-02T15:10:40.7230443Z 
2026-03-02T15:10:40.7246827Z Done.
2026-03-02T15:10:40.7305325Z info: using existing install for 'stable-x86_64-unknown-linux-gnu'
2026-03-02T15:10:40.7612675Z info: default toolchain set to 'stable-x86_64-unknown-linux-gnu'
2026-03-02T15:10:40.7613493Z 
2026-03-02T15:10:40.7704664Z   stable-x86_64-unknown-linux-gnu unchanged - rustc 1.93.1 (01f6ddf75 2026-02-11)
2026-03-02T15:10:40.7705395Z 
2026-03-02T15:10:40.7767552Z ##[group]Run version=$(rustc --version)
2026-03-02T15:10:40.7768364Z [36;1mversion=$(rustc --version)[0m
2026-03-02T15:10:40.7768969Z [36;1mif echo "$version" | grep -q "nightly"; then[0m
2026-03-02T15:10:40.7769985Z [36;1m  version=$(echo "$version" | sed -E 's/rustc ([0-9]+\.[0-9]+\.[0-9]+)-nightly \(([a-f0-9]+) .*/\1-nightly-\2/')[0m
2026-03-02T15:10:40.7770947Z [36;1melse[0m
2026-03-02T15:10:40.7771581Z [36;1m  version=$(echo "$version" | sed -E 's/rustc ([0-9]+\.[0-9]+\.[0-9]+) .*/\1-stable/')[0m
2026-03-02T15:10:40.7772324Z [36;1mfi[0m
2026-03-02T15:10:40.7773118Z [36;1mecho "INSTALLED_RUST_VERSION=$version" >> $GITHUB_ENV[0m
2026-03-02T15:10:40.7832934Z shell: /usr/bin/bash --noprofile --norc -e -o pipefail {0}
2026-03-02T15:10:40.7833589Z env:
2026-03-02T15:10:40.7834257Z   CLIPPY_FEATURES: --features register-docs,godot/experimental-godot-api,godot/serde
2026-03-02T15:10:40.7835109Z   TEST_FEATURES: 
2026-03-02T15:10:40.7835643Z   RETRY: /home/runner/work/gdext/gdext/.github/other/retry.sh
2026-03-02T15:10:40.7836295Z   LSAN_OPTIONS: report_objects=1
2026-03-02T15:10:40.7836790Z   CARGO_DENY_VERSION: 0.18.9
2026-03-02T15:10:40.7837254Z   CARGO_MACHETE_VERSION: 0.9.1
2026-03-02T15:10:40.7837978Z ##[endgroup]
2026-03-02T15:10:40.8500895Z ##[group]Run Swatinem/rust-cache@v2
2026-03-02T15:10:40.8501210Z with:
2026-03-02T15:10:40.8501424Z   shared-key: Linux-1.93.1-stable
2026-03-02T15:10:40.8501709Z   cache-on-failure: true
2026-03-02T15:10:40.8501955Z   prefix-key: v0-rust
2026-03-02T15:10:40.8502191Z   add-job-id-key: true
2026-03-02T15:10:40.8502481Z   add-rust-environment-hash-key: true
2026-03-02T15:10:40.8502768Z   cache-targets: true
2026-03-02T15:10:40.8503010Z   cache-all-crates: false
2026-03-02T15:10:40.8503264Z   cache-workspace-crates: false
2026-03-02T15:10:40.8503529Z   save-if: true
2026-03-02T15:10:40.8503748Z   cache-provider: github
2026-03-02T15:10:40.8503993Z   cache-bin: true
2026-03-02T15:10:40.8504210Z   lookup-only: false
2026-03-02T15:10:40.8504418Z env:
2026-03-02T15:10:40.8504783Z   CLIPPY_FEATURES: --features register-docs,godot/experimental-godot-api,godot/serde
2026-03-02T15:10:40.8505221Z   TEST_FEATURES: 
2026-03-02T15:10:40.8505515Z   RETRY: /home/runner/work/gdext/gdext/.github/other/retry.sh
2026-03-02T15:10:40.8505868Z   LSAN_OPTIONS: report_objects=1
2026-03-02T15:10:40.8506189Z   CARGO_DENY_VERSION: 0.18.9
2026-03-02T15:10:40.8506446Z   CARGO_MACHETE_VERSION: 0.9.1
2026-03-02T15:10:40.8506705Z   INSTALLED_RUST_VERSION: 1.93.1-stable
2026-03-02T15:10:40.8506977Z ##[endgroup]
2026-03-02T15:10:41.4090676Z ##[group]Cache Configuration
2026-03-02T15:10:41.4091243Z Cache Provider:
2026-03-02T15:10:41.4091570Z     github
2026-03-02T15:10:41.4091871Z Workspaces:
2026-03-02T15:10:41.4092184Z     /home/runner/work/gdext/gdext
2026-03-02T15:10:41.4092601Z Cache Paths:
2026-03-02T15:10:41.4092946Z     /home/runner/.cargo/bin
2026-03-02T15:10:41.4093777Z     /home/runner/.cargo/.crates.toml
2026-03-02T15:10:41.4094315Z     /home/runner/.cargo/.crates2.json
2026-03-02T15:10:41.4094786Z     /home/runner/.cargo/registry
2026-03-02T15:10:41.4095195Z     /home/runner/.cargo/git
2026-03-02T15:10:41.4095613Z     /home/runner/work/gdext/gdext/target
2026-03-02T15:10:41.4096082Z Restore Key:
2026-03-02T15:10:41.4096494Z     v0-rust-Linux-1.93.1-stable-Linux-x64-26142ad5
2026-03-02T15:10:41.4096999Z Cache Key:
2026-03-02T15:10:41.4097420Z     v0-rust-Linux-1.93.1-stable-Linux-x64-26142ad5-4d9a6a6e
2026-03-02T15:10:41.4098470Z .. Prefix:
2026-03-02T15:10:41.4098830Z   - v0-rust-Linux-1.93.1-stable-Linux-x64
2026-03-02T15:10:41.4099332Z .. Environment considered:
2026-03-02T15:10:41.4100018Z   - Rust Version: 1.93.1 x86_64-unknown-linux-gnu (01f6ddf7588f42ae2d7eb0a2f21d44e8e96674cf)
2026-03-02T15:10:41.4100793Z   - CARGO_DENY_VERSION
2026-03-02T15:10:41.4101158Z   - CARGO_INCREMENTAL
2026-03-02T15:10:41.4101519Z   - CARGO_MACHETE_VERSION
2026-03-02T15:10:41.4101927Z .. Lockfiles considered:
2026-03-02T15:10:41.4102426Z   - /home/runner/work/gdext/gdext/godot-bindings/Cargo.toml
2026-03-02T15:10:41.4103107Z   - /home/runner/work/gdext/gdext/godot-cell/Cargo.toml
2026-03-02T15:10:41.4103774Z   - /home/runner/work/gdext/gdext/godot-codegen/Cargo.toml
2026-03-02T15:10:41.4104449Z   - /home/runner/work/gdext/gdext/godot-core/Cargo.toml
2026-03-02T15:10:41.4105099Z   - /home/runner/work/gdext/gdext/godot-ffi/Cargo.toml
2026-03-02T15:10:41.4105775Z   - /home/runner/work/gdext/gdext/godot-macros/Cargo.toml
2026-03-02T15:10:41.4106385Z   - /home/runner/work/gdext/gdext/godot/Cargo.toml
2026-03-02T15:10:41.4107041Z   - /home/runner/work/gdext/gdext/itest/hot-reload/rust/Cargo.toml
2026-03-02T15:10:41.4108388Z   - /home/runner/work/gdext/gdext/itest/itest-dependency/Cargo.toml
2026-03-02T15:10:41.4109295Z   - /home/runner/work/gdext/gdext/itest/repo-tweak/Cargo.toml
2026-03-02T15:10:41.4109993Z   - /home/runner/work/gdext/gdext/itest/rust/Cargo.toml
2026-03-02T15:10:41.4110936Z ##[endgroup]
2026-03-02T15:10:41.4111156Z 
2026-03-02T15:10:41.4111307Z ... Restoring cache ...
2026-03-02T15:10:41.7084669Z No cache found.
2026-03-02T15:10:41.7184414Z ##[group]Run echo CARGO_TERM_COLOR=always >> $GITHUB_ENV
2026-03-02T15:10:41.7184775Z [36;1mecho CARGO_TERM_COLOR=always >> $GITHUB_ENV[0m
2026-03-02T15:10:41.7185083Z [36;1mecho CARGO_INCREMENTAL=0 >> $GITHUB_ENV[0m
2026-03-02T15:10:41.7185362Z [36;1mecho RUST_BACKTRACE=1 >> $GITHUB_ENV[0m
2026-03-02T15:10:41.7185609Z [36;1m[0m
2026-03-02T15:10:41.7185779Z [36;1mrustc --version --verbose[0m
2026-03-02T15:10:41.7223850Z shell: /usr/bin/bash --noprofile --norc -e -o pipefail {0}
2026-03-02T15:10:41.7224163Z env:
2026-03-02T15:10:41.7224510Z   CLIPPY_FEATURES: --features register-docs,godot/experimental-godot-api,godot/serde
2026-03-02T15:10:41.7224917Z   TEST_FEATURES: 
2026-03-02T15:10:41.7225168Z   RETRY: /home/runner/work/gdext/gdext/.github/other/retry.sh
2026-03-02T15:10:41.7225485Z   LSAN_OPTIONS: report_objects=1
2026-03-02T15:10:41.7225713Z   CARGO_DENY_VERSION: 0.18.9
2026-03-02T15:10:41.7225924Z   CARGO_MACHETE_VERSION: 0.9.1
2026-03-02T15:10:41.7226143Z   INSTALLED_RUST_VERSION: 1.93.1-stable
2026-03-02T15:10:41.7226383Z   CACHE_ON_FAILURE: true
2026-03-02T15:10:41.7226584Z   CARGO_INCREMENTAL: 0
2026-03-02T15:10:41.7226764Z ##[endgroup]
2026-03-02T15:10:41.7715825Z rustc 1.93.1 (01f6ddf75 2026-02-11)
2026-03-02T15:10:41.7716681Z binary: rustc
2026-03-02T15:10:41.7717275Z commit-hash: 01f6ddf7588f42ae2d7eb0a2f21d44e8e96674cf
2026-03-02T15:10:41.7718114Z commit-date: 2026-02-11
2026-03-02T15:10:41.7718484Z host: x86_64-unknown-linux-gnu
2026-03-02T15:10:41.7718816Z release: 1.93.1
2026-03-02T15:10:41.7719133Z LLVM version: 21.1.8
2026-03-02T15:10:41.7786721Z ##[group]Run cargo test $TEST_FEATURES --no-run 
2026-03-02T15:10:41.7787077Z [36;1mcargo test $TEST_FEATURES --no-run [0m
2026-03-02T15:10:41.7824227Z shell: /usr/bin/bash --noprofile --norc -e -o pipefail {0}
2026-03-02T15:10:41.7824541Z env:
2026-03-02T15:10:41.7825049Z   CLIPPY_FEATURES: --features register-docs,godot/experimental-godot-api,godot/serde
2026-03-02T15:10:41.7825453Z   TEST_FEATURES: 
2026-03-02T15:10:41.7825708Z   RETRY: /home/runner/work/gdext/gdext/.github/other/retry.sh
2026-03-02T15:10:41.7826036Z   LSAN_OPTIONS: report_objects=1
2026-03-02T15:10:41.7826262Z   CARGO_DENY_VERSION: 0.18.9
2026-03-02T15:10:41.7826478Z   CARGO_MACHETE_VERSION: 0.9.1
2026-03-02T15:10:41.7826702Z   INSTALLED_RUST_VERSION: 1.93.1-stable
2026-03-02T15:10:41.7826944Z   CACHE_ON_FAILURE: true
2026-03-02T15:10:41.7827145Z   CARGO_INCREMENTAL: 0
2026-03-02T15:10:41.7827340Z   CARGO_TERM_COLOR: always
2026-03-02T15:10:41.7827537Z   RUST_BACKTRACE: 1
2026-03-02T15:10:41.7827856Z ##[endgroup]
2026-03-02T15:10:41.9824904Z [1m[92m    Updating[0m crates.io index
2026-03-02T15:10:41.9827290Z [1m[92m    Updating[0m git repository `https://github.com/godot-rust/godot4-prebuilt`
2026-03-02T15:10:44.1322263Z [1m[92m     Locking[0m 93 packages to latest compatible versions
2026-03-02T15:10:44.1350003Z [1m[92m      Adding[0m glam v0.30.10 [1m[33m(available: v0.32.0)[0m
2026-03-02T15:10:44.1365455Z [1m[92m      Adding[0m markdown v1.0.0-alpha.23 [1m[33m(available: v1.0.0)[0m
2026-03-02T15:10:44.1469821Z [1m[92m      Adding[0m which v7.0.3 [1m[33m(available: v8.0.0)[0m
2026-03-02T15:10:44.1505400Z [1m[92m Downloading[0m crates ...
2026-03-02T15:10:44.1950993Z [1m[92m  Downloaded[0m nanoserde v0.2.1
2026-03-02T15:10:44.1985444Z [1m[92m  Downloaded[0m nanoserde-derive v0.2.1
2026-03-02T15:10:44.1998494Z [1m[92m  Downloaded[0m serde_core v1.0.228
2026-03-02T15:10:44.2030711Z [1m[92m  Downloaded[0m zmij v1.0.21
2026-03-02T15:10:44.2051024Z [1m[92m  Downloaded[0m venial v0.6.1
2026-03-02T15:10:44.2074067Z [1m[92m  Downloaded[0m regex v1.12.3
2026-03-02T15:10:44.2134430Z [1m[92m  Downloaded[0m proc-macro2 v1.0.106
2026-03-02T15:10:44.2164984Z [1m[92m  Downloaded[0m unicode-ident v1.0.24
2026-03-02T15:10:44.2194200Z [1m[92m  Downloaded[0m serde_json v1.0.149
2026-03-02T15:10:44.2267879Z [1m[92m  Downloaded[0m quote v1.0.44
2026-03-02T15:10:44.2295857Z [1m[92m  Downloaded[0m memchr v2.8.0
2026-03-02T15:10:44.2352103Z [1m[92m  Downloaded[0m pin-project-lite v0.2.17
2026-03-02T15:10:44.2412264Z [1m[92m  Downloaded[0m itoa v1.0.17
2026-03-02T15:10:44.2428379Z [1m[92m  Downloaded[0m aho-corasick v1.1.4
2026-03-02T15:10:44.2484746Z [1m[92m  Downloaded[0m heck v0.5.0
2026-03-02T15:10:44.2505623Z [1m[92m  Downloaded[0m regex-syntax v0.8.10
2026-03-02T15:10:44.2588863Z [1m[92m  Downloaded[0m regex-automata v0.4.14
2026-03-02T15:10:44.2735811Z [1m[92m  Downloaded[0m libc v0.2.182
2026-03-02T15:10:44.3128924Z [1m[92m  Downloaded[0m glam v0.30.10
2026-03-02T15:10:44.4073253Z [1m[92m   Compiling[0m godot-bindings v0.4.4 (/home/runner/work/gdext/gdext/godot-bindings)
2026-03-02T15:10:44.4074846Z [1m[92m   Compiling[0m gdextension-api v0.3.3 (https://github.com/godot-rust/godot4-prebuilt?branch=release-v0.3#87ac4b02)
2026-03-02T15:10:44.4076010Z [1m[92m   Compiling[0m proc-macro2 v1.0.106
2026-03-02T15:10:44.4076563Z [1m[92m   Compiling[0m quote v1.0.44
2026-03-02T15:10:44.9541953Z [1m[92m   Compiling[0m regex-syntax v0.8.10
2026-03-02T15:10:44.9591454Z [1m[92m   Compiling[0m unicode-ident v1.0.24
2026-03-02T15:10:45.0474017Z [1m[92m   Compiling[0m nanoserde-derive v0.2.1
2026-03-02T15:10:46.0526149Z [1m[92m   Compiling[0m nanoserde v0.2.1
2026-03-02T15:10:46.0968639Z [1m[92m   Compiling[0m heck v0.5.0
2026-03-02T15:10:46.2048526Z [1m[92m   Compiling[0m godot-codegen v0.4.4 (/home/runner/work/gdext/gdext/godot-codegen)
2026-03-02T15:10:46.2965520Z [1m[92m   Compiling[0m regex-automata v0.4.14
2026-03-02T15:10:46.3226353Z [1m[92m   Compiling[0m libc v0.2.182
2026-03-02T15:10:46.8495957Z [1m[92m   Compiling[0m godot-cell v0.4.4 (/home/runner/work/gdext/gdext/godot-cell)
2026-03-02T15:10:47.1190067Z [1m[92m   Compiling[0m godot-macros v0.4.4 (/home/runner/work/gdext/gdext/godot-macros)
2026-03-02T15:10:47.2135805Z [1m[92m   Compiling[0m glam v0.30.10
2026-03-02T15:10:47.5579417Z [1m[92m   Compiling[0m venial v0.6.1
2026-03-02T15:10:47.7032649Z [1m[92m   Compiling[0m serde_core v1.0.228
2026-03-02T15:10:47.8888850Z [1m[92m   Compiling[0m regex v1.12.3
2026-03-02T15:10:49.0981208Z [1m[92m   Compiling[0m repo-tweak v0.1.0 (/home/runner/work/gdext/gdext/itest/repo-tweak)
2026-03-02T15:10:49.3115161Z [1m[92m   Compiling[0m zmij v1.0.21
2026-03-02T15:10:49.5790068Z [1m[92m   Compiling[0m serde_json v1.0.149
2026-03-02T15:10:51.3342892Z [1m[92m   Compiling[0m itoa v1.0.17
2026-03-02T15:10:51.4648831Z [1m[92m   Compiling[0m memchr v2.8.0
2026-03-02T15:10:51.6661803Z [1m[92m   Compiling[0m godot-ffi v0.4.4 (/home/runner/work/gdext/gdext/godot-ffi)
2026-03-02T15:10:52.1381904Z [1m[92m   Compiling[0m godot-core v0.4.4 (/home/runner/work/gdext/gdext/godot-core)
2026-03-02T15:10:54.9675527Z [1m[92m   Compiling[0m itest v0.0.0 (/home/runner/work/gdext/gdext/itest/rust)
2026-03-02T15:10:57.6284383Z [1m[92m   Compiling[0m pin-project-lite v0.2.17
2026-03-02T15:11:28.7409571Z [1m[92m   Compiling[0m godot v0.4.4 (/home/runner/work/gdext/gdext/godot)
2026-03-02T15:11:28.7819844Z [1m[92m   Compiling[0m itest-dependency v0.0.0 (/home/runner/work/gdext/gdext/itest/itest-dependency)
2026-03-02T15:11:48.1233028Z [1m[92m   Compiling[0m hot-reload v0.1.0 (/home/runner/work/gdext/gdext/itest/hot-reload/rust)
2026-03-02T15:12:19.7004827Z [1m[92m    Finished[0m `test` profile [unoptimized + debuginfo] target(s) in 1m 37s
2026-03-02T15:12:19.7456737Z [1m[92m  Executable[0m unittests src/lib.rs (target/debug/deps/godot-a68822c3be446eb9)
2026-03-02T15:12:19.7458310Z [1m[92m  Executable[0m unittests src/lib.rs (target/debug/deps/godot_bindings-d5a0547c0d16ffaa)
2026-03-02T15:12:19.7459336Z [1m[92m  Executable[0m unittests src/lib.rs (target/debug/deps/godot_cell-be1a08082d38c522)
2026-03-02T15:12:19.7460096Z [1m[92m  Executable[0m tests/mock/main.rs (target/debug/deps/mock-4344c09d554c1c94)
2026-03-02T15:12:19.7460859Z [1m[92m  Executable[0m unittests src/lib.rs (target/debug/deps/godot_codegen-cffdf32b3fbd3439)
2026-03-02T15:12:19.7461629Z [1m[92m  Executable[0m unittests src/lib.rs (target/debug/deps/godot_core-80ab1b9b26bdb4c1)
2026-03-02T15:12:19.7462444Z [1m[92m  Executable[0m unittests src/lib.rs (target/debug/deps/godot_ffi-51a1db3c71cf49f1)
2026-03-02T15:12:19.7463266Z [1m[92m  Executable[0m unittests src/lib.rs (target/debug/deps/godot_macros-5d3eec6ab8b1f5b0)
2026-03-02T15:12:19.7464028Z [1m[92m  Executable[0m unittests src/lib.rs (target/debug/deps/hot_reload-0b95b25c3264242e)
2026-03-02T15:12:19.7464764Z [1m[92m  Executable[0m unittests src/lib.rs (target/debug/deps/itest-abb27a0d43c6c53e)
2026-03-02T15:12:19.7465531Z [1m[92m  Executable[0m unittests src/lib.rs (target/debug/deps/itest_dependency-d48faca4cc7a0550)
2026-03-02T15:12:19.7466317Z [1m[92m  Executable[0m unittests src/lib.rs (target/debug/deps/repo_tweak-54d94581cb32b070)
2026-03-02T15:12:19.7467078Z [1m[92m  Executable[0m unittests src/main.rs (target/debug/deps/repo_tweak-f89ec0c471c10abc)
2026-03-02T15:12:19.7569285Z ##[group]Run cargo test $TEST_FEATURES 
2026-03-02T15:12:19.7569612Z [36;1mcargo test $TEST_FEATURES [0m
2026-03-02T15:12:19.7606119Z shell: /usr/bin/bash --noprofile --norc -e -o pipefail {0}
2026-03-02T15:12:19.7606429Z env:
2026-03-02T15:12:19.7606774Z   CLIPPY_FEATURES: --features register-docs,godot/experimental-godot-api,godot/serde
2026-03-02T15:12:19.7607168Z   TEST_FEATURES: 
2026-03-02T15:12:19.7607421Z   RETRY: /home/runner/work/gdext/gdext/.github/other/retry.sh
2026-03-02T15:12:19.7607852Z   LSAN_OPTIONS: report_objects=1
2026-03-02T15:12:19.7608116Z   CARGO_DENY_VERSION: 0.18.9
2026-03-02T15:12:19.7608321Z   CARGO_MACHETE_VERSION: 0.9.1
2026-03-02T15:12:19.7608543Z   INSTALLED_RUST_VERSION: 1.93.1-stable
2026-03-02T15:12:19.7608774Z   CACHE_ON_FAILURE: true
2026-03-02T15:12:19.7608970Z   CARGO_INCREMENTAL: 0
2026-03-02T15:12:19.7609385Z   CARGO_TERM_COLOR: always
2026-03-02T15:12:19.7609574Z   RUST_BACKTRACE: 1
2026-03-02T15:12:19.7609750Z ##[endgroup]
2026-03-02T15:12:19.8637287Z [1m[92m    Finished[0m `test` profile [unoptimized + debuginfo] target(s) in 0.05s
2026-03-02T15:12:19.8850107Z [1m[92m     Running[0m unittests src/lib.rs (target/debug/deps/godot-a68822c3be446eb9)
2026-03-02T15:12:19.8862088Z 
2026-03-02T15:12:19.8862261Z running 0 tests
2026-03-02T15:12:19.8862602Z 
2026-03-02T15:12:19.8863008Z test result: ok. 0 passed; 0 failed; 0 ignored; 0 measured; 0 filtered out; finished in 0.00s
2026-03-02T15:12:19.8863612Z 
2026-03-02T15:12:19.8866756Z [1m[92m     Running[0m unittests src/lib.rs (target/debug/deps/godot_bindings-d5a0547c0d16ffaa)
2026-03-02T15:12:19.8877480Z 
2026-03-02T15:12:19.8877844Z running 1 test
2026-03-02T15:12:19.9157324Z test godot_version::test_godot_versions ... ok
2026-03-02T15:12:19.9158572Z [1m[92m     Running[0m unittests src/lib.rs (target/debug/deps/godot_cell-be1a08082d38c522)
2026-03-02T15:12:19.9158969Z 
2026-03-02T15:12:19.9159220Z test result: ok. 1 passed; 0 failed; 0 ignored; 0 measured; 0 filtered out; finished in 0.03s
2026-03-02T15:12:19.9159550Z 
2026-03-02T15:12:19.9169870Z 
2026-03-02T15:12:19.9170053Z running 7 tests
2026-03-02T15:12:19.9173794Z test borrow_state::test::poisoned_unset_shared_ref ... ok
2026-03-02T15:12:19.9174476Z test cell::test::allow_inaccessible_mut_mut ... ok
2026-03-02T15:12:19.9175045Z test cell::test::allow_shared_shared ... ok
2026-03-02T15:12:19.9175550Z test cell::test::prevent_mut_shared ... ok
2026-03-02T15:12:19.9176026Z test cell::test::different_inaccessible ... ok
2026-03-02T15:12:19.9176318Z test cell::test::prevent_mut_mut ... ok
2026-03-02T15:12:19.9176586Z test cell::test::prevent_shared_mut ... ok
2026-03-02T15:12:19.9176757Z 
2026-03-02T15:12:19.9176982Z test result: ok. 7 passed; 0 failed; 0 ignored; 0 measured; 0 filtered out; finished in 0.00s
2026-03-02T15:12:19.9177303Z 
2026-03-02T15:12:19.9179527Z [1m[92m     Running[0m tests/mock/main.rs (target/debug/deps/mock-4344c09d554c1c94)
2026-03-02T15:12:19.9190486Z 
2026-03-02T15:12:19.9190638Z running 7 tests
2026-03-02T15:12:19.9209310Z test blocking::calls_parallel ... ok
2026-03-02T15:12:19.9313150Z test blocking::calls_parallel_many_parallel ... ok
2026-03-02T15:12:19.9313751Z test blocking::calls_parallel_many_serial ... ok
2026-03-02T15:12:19.9314631Z test panicking::all_calls_work ... ok
2026-03-02T15:12:19.9315064Z test panicking::call_works ... ok
2026-03-02T15:12:19.9394434Z test blocking::non_blocking_reborrow ... ok
2026-03-02T15:12:20.0200713Z test blocking::no_mut_panic_on_main ... ok
2026-03-02T15:12:20.0201077Z 
2026-03-02T15:12:20.0201407Z test result: ok. 7 passed; 0 failed; 0 ignored; 0 measured; 0 filtered out; finished in 0.10s
2026-03-02T15:12:20.0201848Z 
2026-03-02T15:12:20.0212103Z [1m[92m     Running[0m unittests src/lib.rs (target/debug/deps/godot_codegen-cffdf32b3fbd3439)
2026-03-02T15:12:20.0226056Z 
2026-03-02T15:12:20.0226273Z running 5 tests
2026-03-02T15:12:20.0237226Z test tests::test_parse_native_structures_format ... ok
2026-03-02T15:12:20.0240990Z test tests::test_pascal_conversion ... ok
2026-03-02T15:12:20.0241660Z test conv::type_conversions::gdscript_to_rust_expr ... ok
2026-03-02T15:12:20.0242276Z test tests::test_snake_conversion ... ok
2026-03-02T15:12:20.0266395Z test generator::extension_interface::test_parse_function_pointers ... ok
2026-03-02T15:12:20.0266825Z 
2026-03-02T15:12:20.0267088Z test result: ok. 5 passed; 0 failed; 0 ignored; 0 measured; 0 filtered out; finished in 0.00s
2026-03-02T15:12:20.0267423Z 
2026-03-02T15:12:20.0270604Z [1m[92m     Running[0m unittests src/lib.rs (target/debug/deps/godot_core-80ab1b9b26bdb4c1)
2026-03-02T15:12:20.0283591Z 
2026-03-02T15:12:20.0283740Z running 101 tests
2026-03-02T15:12:20.0288537Z test builtin::aabb::test::test_aabb_intersects_segment ... ok
2026-03-02T15:12:20.0289189Z test builtin::aabb::test::test_axes_functions ... ok
2026-03-02T15:12:20.0289748Z test builtin::aabb::test::test_intersect_ray_2 ... ok
2026-03-02T15:12:20.0290603Z test builtin::aabb::test::test_intersect_aabb ... ok
2026-03-02T15:12:20.0291168Z test builtin::aabb::test::test_intersection ... ok
2026-03-02T15:12:20.0295061Z test builtin::aabb::test::test_intersects_plane ... ok
2026-03-02T15:12:20.0295744Z test builtin::aabb::test::test_intersects_plane_2 ... ok
2026-03-02T15:12:20.0296735Z test builtin::aabb::test::test_intersects ... ok
2026-03-02T15:12:20.0297326Z test builtin::aabb::test::test_intersects_ray ... ok
2026-03-02T15:12:20.0298852Z test builtin::aabb::test::test_intersects_segment_2 ... ok
2026-03-02T15:12:20.0299514Z test builtin::collections::array::correct_variant_t ... ok
2026-03-02T15:12:20.0300287Z test builtin::collections::extend_buffer::test_extend_buffer_drop ... ok
2026-03-02T15:12:20.0301163Z test builtin::math::float::test::angle_equal_approx_f32 ... ok
2026-03-02T15:12:20.0301836Z test builtin::math::float::test::angle_equal_approx_f64 ... ok
2026-03-02T15:12:20.0302493Z test builtin::math::float::test::lerp_angle_test_f32 ... ok
2026-03-02T15:12:20.0303133Z test builtin::math::float::test::lerp_angle_test_f64 ... ok
2026-03-02T15:12:20.0304064Z test builtin::math::test::equal_approx ... ok
2026-03-02T15:12:20.0305071Z test builtin::matrices::basis::test::basic_rotation_correct ... ok
2026-03-02T15:12:20.0318841Z test builtin::matrices::basis::test::basis_euler_conversions ... ok
2026-03-02T15:12:20.0319985Z test builtin::matrices::basis::test::basis_finite_number_test ... ok
2026-03-02T15:12:20.0321629Z test builtin::matrices::basis::test::consts_behavior_correct ... ok
2026-03-02T15:12:20.0322739Z test builtin::matrices::projection::test::test_diagonals ... ok
2026-03-02T15:12:20.0323770Z test builtin::matrices::projection::test::test_frustum ... ok
2026-03-02T15:12:20.0324561Z test builtin::matrices::projection::test::test_frustum_aspect ... ok
2026-03-02T15:12:20.0437854Z test builtin::aabb::test::test_intersect_ray_zero_dir_inside - should panic ... ok
2026-03-02T15:12:20.0442691Z test builtin::aabb::test::test_intersect_ray_zero_dir_outside - should panic ... ok
2026-03-02T15:12:20.0443517Z test builtin::matrices::projection::test::test_orthogonal ... ok
2026-03-02T15:12:20.0444201Z test builtin::matrices::projection::test::test_orthogonal_aspect ... ok
2026-03-02T15:12:20.0444886Z test builtin::matrices::projection::test::test_perspective ... ok
2026-03-02T15:12:20.0450285Z test builtin::matrices::transform2d::test::finite_number_checks ... ok
2026-03-02T15:12:20.0450999Z test builtin::matrices::transform2d::test::interpolation ... ok
2026-03-02T15:12:20.0451712Z test builtin::math::float::test::eq_approx_fail_with_message - should panic ... ok
2026-03-02T15:12:20.0452422Z test builtin::matrices::transform2d::test::rotation ... ok
2026-03-02T15:12:20.0452978Z test builtin::matrices::transform2d::test::scaling ... ok
2026-03-02T15:12:20.0453551Z test builtin::matrices::transform2d::test::translation ... ok
2026-03-02T15:12:20.0454258Z test builtin::matrices::transform2d::test::transform2d_constructors_correct ... ok
2026-03-02T15:12:20.0455029Z test builtin::matrices::transform3d::test::finite_number_checks ... ok
2026-03-02T15:12:20.0456094Z test builtin::matrices::transform3d::test::rotation ... ok
2026-03-02T15:12:20.0456657Z test builtin::matrices::transform3d::test::scaling ... ok
2026-03-02T15:12:20.0459163Z test builtin::plane::test::construction_succeeds ... ok
2026-03-02T15:12:20.0459782Z test builtin::matrices::transform3d::test::translation ... ok
2026-03-02T15:12:20.0460310Z test builtin::plane::test::test_equal ... ok
2026-03-02T15:12:20.0461326Z test builtin::plane::test::test_finite ... ok
2026-03-02T15:12:20.0463268Z test builtin::plane::test::test_normalization ... ok
2026-03-02T15:12:20.0464732Z test builtin::plane::test::test_projection ... ok
2026-03-02T15:12:20.0466338Z test builtin::plane::test::from_points_colinear_panics - should panic ... ok
2026-03-02T15:12:20.0467344Z test builtin::plane::test::new_unnormalized_panics - should panic ... ok
2026-03-02T15:12:20.0468498Z test builtin::plane::test::test_ray_intersections ... ok
2026-03-02T15:12:20.0470469Z test builtin::plane::test::test_segment_intersections ... ok
2026-03-02T15:12:20.0471694Z test builtin::plane::test::test_spatial_relations ... ok
2026-03-02T15:12:20.0472363Z test builtin::plane::test::test_three_planes_intersections ... ok
2026-03-02T15:12:20.0495119Z test builtin::rect2i::test::abs ... ok
2026-03-02T15:12:20.0495665Z test builtin::rect2i::test::area_and_has_area ... ok
2026-03-02T15:12:20.0496163Z test builtin::rect2i::test::center ... ok
2026-03-02T15:12:20.0496587Z test builtin::rect2i::test::encloses ... ok
2026-03-02T15:12:20.0497093Z test builtin::rect2i::test::construction_tests ... ok
2026-03-02T15:12:20.0498078Z test builtin::rect2i::test::contains_point_self_negative_panics - should panic ... ok
2026-03-02T15:12:20.0499025Z test builtin::rect2i::test::encloses_other_negative_panics - should panic ... ok
2026-03-02T15:12:20.0499698Z test builtin::rect2i::test::end ... ok
2026-03-02T15:12:20.0500217Z test builtin::rect2i::test::expand_and_contains_point ... ok
2026-03-02T15:12:20.0500961Z test builtin::rect2i::test::encloses_self_negative_panics - should panic ... ok
2026-03-02T15:12:20.0501782Z test builtin::rect2i::test::expand_self_negative_panics - should panic ... ok
2026-03-02T15:12:20.0502424Z test builtin::rect2i::test::grow ... ok
2026-03-02T15:12:20.0502942Z test builtin::rect2i::test::grow_individual_and_side ... ok
2026-03-02T15:12:20.0503568Z test builtin::rect2i::test::intersects_and_intersection ... ok
2026-03-02T15:12:20.0504123Z test builtin::rect2i::test::merge ... ok
2026-03-02T15:12:20.0504754Z test builtin::rect2i::test::intersects_other_negative_panics - should panic ... ok
2026-03-02T15:12:20.0505633Z test builtin::rect2i::test::intersects_self_negative_panics - should panic ... ok
2026-03-02T15:12:20.0506453Z test builtin::rect2i::test::merge_self_negative_panics - should panic ... ok
2026-03-02T15:12:20.0507258Z test builtin::rect2i::test::merge_other_negative_panics - should panic ... ok
2026-03-02T15:12:20.0508448Z test builtin::rect2i::test::set_end ... ok
2026-03-02T15:12:20.0508982Z test builtin::vectors::vector2::test::coord_min_max ... ok
2026-03-02T15:12:20.0509547Z test builtin::vectors::vector2::test::sign ... ok
2026-03-02T15:12:20.0510095Z test builtin::vectors::vector2i::test::axis_min_max ... ok
2026-03-02T15:12:20.0510698Z test builtin::vectors::vector2i::test::coord_min_max ... ok
2026-03-02T15:12:20.0511278Z test builtin::vectors::vector2i::test::distance ... ok
2026-03-02T15:12:20.0511884Z test builtin::vectors::vector2i::test::mini_maxi_clampi ... ok
2026-03-02T15:12:20.0512472Z test builtin::vectors::vector2i::test::sign ... ok
2026-03-02T15:12:20.0513006Z test builtin::vectors::vector2i::test::snappedi ... ok
2026-03-02T15:12:20.0513627Z test builtin::vectors::vector3::test::coord_min_max ... ok
2026-03-02T15:12:20.0514199Z test builtin::vectors::vector3::test::iter_sum ... ok
2026-03-02T15:12:20.0514744Z test builtin::vectors::vector3::test::rotation ... ok
2026-03-02T15:12:20.0515283Z test builtin::vectors::vector3::test::sign ... ok
2026-03-02T15:12:20.0516065Z test builtin::vectors::vector3::test::test_slerp ... ok
2026-03-02T15:12:20.0516657Z test builtin::vectors::vector3i::test::axis_min_max ... ok
2026-03-02T15:12:20.0517254Z test builtin::vectors::vector3i::test::coord_min_max ... ok
2026-03-02T15:12:20.0517989Z test builtin::vectors::vector3i::test::sign ... ok
2026-03-02T15:12:20.0518564Z test builtin::vectors::vector4::test::coord_min_max ... ok
2026-03-02T15:12:20.0519122Z test builtin::vectors::vector4::test::sign ... ok
2026-03-02T15:12:20.0519670Z test builtin::vectors::vector4i::test::axis_min_max ... ok
2026-03-02T15:12:20.0520274Z test builtin::vectors::vector4i::test::coord_min_max ... ok
2026-03-02T15:12:20.0520838Z test builtin::vectors::vector4i::test::sign ... ok
2026-03-02T15:12:20.0521471Z test builtin::vectors::vector4i::test::test_iter_elementwise_prod ... ok
2026-03-02T15:12:20.0522241Z test builtin::vectors::vector_swizzle::test::test_vector_swizzle ... ok
2026-03-02T15:12:20.0523125Z test meta::param_tuple::impls::test::count_idents_test ... ok
2026-03-02T15:12:20.0523773Z test meta::param_tuple::impls::test::format_args_test ... ok
2026-03-02T15:12:20.0524188Z test private::tests::test_call_errors ... ok
2026-03-02T15:12:20.0524520Z test task::futures::tests::future_resolver_cloned_hash ... ok
2026-03-02T15:12:20.0524874Z test task::futures::tests::thread_confined_extract ... ok
2026-03-02T15:12:20.0525248Z test task::futures::tests::thread_confined_leak_on_other_thread ... ok
2026-03-02T15:12:21.7728845Z test builtin::matrices::projection::test::test_is_orthogonal ... ok
2026-03-02T15:12:21.7729507Z 
2026-03-02T15:12:21.7730041Z test result: ok. 101 passed; 0 failed; 0 ignored; 0 measured; 0 filtered out; finished in 1.74s
2026-03-02T15:12:21.7730853Z 
2026-03-02T15:12:21.7740920Z [1m[92m     Running[0m unittests src/lib.rs (target/debug/deps/godot_ffi-51a1db3c71cf49f1)
2026-03-02T15:12:21.7753412Z 
2026-03-02T15:12:21.7753798Z running 10 tests
2026-03-02T15:12:21.7756606Z test conv::test::sys_bool ... ok
2026-03-02T15:12:21.7757263Z test conv::test::u32_into_usize_test ... ok
2026-03-02T15:12:21.7758315Z test global::tests::test_global_vec ... ok
2026-03-02T15:12:21.7760059Z test global::tests::test_global_map ... ok
2026-03-02T15:12:21.7760775Z test global::tests::test_global_would_block ... ok
2026-03-02T15:12:21.7762088Z test plugins::tests::plugin_registry ... ok
2026-03-02T15:12:21.7762761Z test toolbox::tests::test_short_type_name ... ok
2026-03-02T15:12:21.7763332Z test toolbox::tests::test_short_type_name_of_val ... ok
2026-03-02T15:12:21.7876886Z test global::tests::test_global_poison ... ok
2026-03-02T15:12:21.7877312Z test global::tests::test_global_init_failed ... ok
2026-03-02T15:12:21.7877525Z 
2026-03-02T15:12:21.7878126Z test result: ok. 10 passed; 0 failed; 0 ignored; 0 measured; 0 filtered out; finished in 0.01s
2026-03-02T15:12:21.7878655Z 
2026-03-02T15:12:21.7888656Z [1m[92m     Running[0m unittests src/lib.rs (target/debug/deps/godot_macros-5d3eec6ab8b1f5b0)
2026-03-02T15:12:21.8343310Z 
2026-03-02T15:12:21.8343672Z running 8 tests
2026-03-02T15:12:21.8350131Z test class::data_models::signal::tests::signal_visibility_order ... ok
2026-03-02T15:12:21.8351171Z test util::kv_parser::tests::test_parse_kv_first_last_alone ... ok
2026-03-02T15:12:21.8352247Z test class::data_models::signal::tests::parse_signal_visibility ... ok
2026-03-02T15:12:21.8353486Z test util::kv_parser::tests::test_parse_kv_exprs ... ok
2026-03-02T15:12:21.8354263Z test util::kv_parser::tests::test_parse_kv_first_last_expr ... ok
2026-03-02T15:12:21.8355073Z test util::kv_parser::tests::test_parse_kv_ident ... ok
2026-03-02T15:12:21.8355848Z test util::kv_parser::tests::test_parse_kv_trailing_comma ... ok
2026-03-02T15:12:21.8356329Z test util::kv_parser::tests::test_parse_kv_just_key ... ok
2026-03-02T15:12:21.8356580Z 
2026-03-02T15:12:21.8356830Z test result: ok. 8 passed; 0 failed; 0 ignored; 0 measured; 0 filtered out; finished in 0.00s
2026-03-02T15:12:21.8357335Z 
2026-03-02T15:12:21.8359409Z [1m[92m     Running[0m unittests src/lib.rs (target/debug/deps/hot_reload-0b95b25c3264242e)
2026-03-02T15:12:21.8371561Z 
2026-03-02T15:12:21.8371665Z running 0 tests
2026-03-02T15:12:21.8371910Z 
2026-03-02T15:12:21.8372187Z test result: ok. 0 passed; 0 failed; 0 ignored; 0 measured; 0 filtered out; finished in 0.00s
2026-03-02T15:12:21.8372759Z 
2026-03-02T15:12:21.8375155Z [1m[92m     Running[0m unittests src/lib.rs (target/debug/deps/itest-abb27a0d43c6c53e)
2026-03-02T15:12:21.8399336Z 
2026-03-02T15:12:21.8399501Z running 0 tests
2026-03-02T15:12:21.8399739Z 
2026-03-02T15:12:21.8400017Z test result: ok. 0 passed; 0 failed; 0 ignored; 0 measured; 0 filtered out; finished in 0.00s
2026-03-02T15:12:21.8400356Z 
2026-03-02T15:12:21.8404599Z [1m[92m     Running[0m unittests src/lib.rs (target/debug/deps/itest_dependency-d48faca4cc7a0550)
2026-03-02T15:12:21.8415189Z 
2026-03-02T15:12:21.8415311Z running 0 tests
2026-03-02T15:12:21.8415519Z 
2026-03-02T15:12:21.8416396Z test result: ok. 0 passed; 0 failed; 0 ignored; 0 measured; 0 filtered out; finished in 0.00s
2026-03-02T15:12:21.8416775Z 
2026-03-02T15:12:21.8418942Z [1m[92m     Running[0m unittests src/lib.rs (target/debug/deps/repo_tweak-54d94581cb32b070)
2026-03-02T15:12:21.8428678Z 
2026-03-02T15:12:21.8428950Z running 0 tests
2026-03-02T15:12:21.8429166Z 
2026-03-02T15:12:21.8429460Z test result: ok. 0 passed; 0 failed; 0 ignored; 0 measured; 0 filtered out; finished in 0.00s
2026-03-02T15:12:21.8429823Z 
2026-03-02T15:12:21.8431598Z [1m[92m     Running[0m unittests src/main.rs (target/debug/deps/repo_tweak-f89ec0c471c10abc)
2026-03-02T15:12:21.8441111Z 
2026-03-02T15:12:21.8441259Z running 0 tests
2026-03-02T15:12:21.8441475Z 
2026-03-02T15:12:21.8441858Z test result: ok. 0 passed; 0 failed; 0 ignored; 0 measured; 0 filtered out; finished in 0.00s
2026-03-02T15:12:21.8442395Z 
2026-03-02T15:12:21.8443450Z [1m[92m   Doc-tests[0m godot
2026-03-02T15:12:22.4161573Z 
2026-03-02T15:12:22.4162012Z running 0 tests
2026-03-02T15:12:22.4162390Z 
2026-03-02T15:12:22.4162943Z test result: ok. 0 passed; 0 failed; 0 ignored; 0 measured; 0 filtered out; finished in 0.00s
2026-03-02T15:12:22.4163683Z 
2026-03-02T15:12:22.4192367Z [1m[92m   Doc-tests[0m godot_bindings
2026-03-02T15:12:22.4445439Z 
2026-03-02T15:12:22.4445924Z running 0 tests
2026-03-02T15:12:22.4446180Z 
2026-03-02T15:12:22.4446588Z test result: ok. 0 passed; 0 failed; 0 ignored; 0 measured; 0 filtered out; finished in 0.00s
2026-03-02T15:12:22.4447186Z 
2026-03-02T15:12:22.4475086Z [1m[92m   Doc-tests[0m godot_cell
2026-03-02T15:12:22.4718604Z 
2026-03-02T15:12:22.4720475Z running 0 tests
2026-03-02T15:12:22.4720735Z 
2026-03-02T15:12:22.4721209Z test result: ok. 0 passed; 0 failed; 0 ignored; 0 measured; 0 filtered out; finished in 0.00s
2026-03-02T15:12:22.4721796Z 
2026-03-02T15:12:22.4747425Z [1m[92m   Doc-tests[0m godot_codegen
2026-03-02T15:12:22.9751641Z 
2026-03-02T15:12:22.9752116Z running 1 test
2026-03-02T15:12:22.9752986Z test godot-codegen/src/generator/enums.rs - generator::enums::make_enumerator_definition (line 564) ... ignored
2026-03-02T15:12:22.9753453Z 
2026-03-02T15:12:22.9753688Z test result: ok. 0 passed; 0 failed; 1 ignored; 0 measured; 0 filtered out; finished in 0.00s
2026-03-02T15:12:22.9754019Z 
2026-03-02T15:12:22.9768663Z 
2026-03-02T15:12:22.9768828Z running 1 test
2026-03-02T15:12:22.9770380Z test godot-codegen/src/generator/enums.rs - generator::enums::make_enumerator_definition (line 568) ... ignored
2026-03-02T15:12:22.9771126Z 
2026-03-02T15:12:22.9771521Z test result: ok. 0 passed; 0 failed; 1 ignored; 0 measured; 0 filtered out; finished in 0.00s
2026-03-02T15:12:22.9772079Z 
2026-03-02T15:12:22.9772356Z all doctests ran in 0.13s; merged doctests compilation took 0.13s
2026-03-02T15:12:22.9801485Z [1m[92m   Doc-tests[0m godot_core
2026-03-02T15:12:29.5868238Z 
2026-03-02T15:12:29.5868644Z running 156 tests
2026-03-02T15:12:29.6294572Z test godot-core/src/builtin/collections/array.rs - builtin::collections::array::Array (line 109) - compile ... ok
2026-03-02T15:12:29.6354038Z test godot-core/src/builtin/collections/array.rs - builtin::collections::array::Array (line 77) - compile ... ok
2026-03-02T15:12:29.6355440Z test godot-core/src/builtin/collections/array.rs - builtin::collections::array::Array (line 131) - compile ... ok
2026-03-02T15:12:29.6718553Z test godot-core/src/builtin/collections/array.rs - builtin::collections::array::Array<T>::fmt (line 1194) - compile ... ok
2026-03-02T15:12:29.7030794Z test godot-core/src/builtin/collections/array.rs - builtin::collections::array::__cannot_downcast_from_concrete (line 1722) - compile ... ok
2026-03-02T15:12:29.7332168Z test godot-core/src/builtin/collections/array.rs - builtin::collections::array::array (line 1514) - compile ... ok
2026-03-02T15:12:29.7624318Z test godot-core/src/builtin/collections/array.rs - builtin::collections::array::varray (line 1561) - compile ... ok
2026-03-02T15:12:29.7908264Z test godot-core/src/builtin/collections/array.rs - builtin::collections::array::vslice (line 1597) - compile ... ok
2026-03-02T15:12:29.8246690Z test godot-core/src/builtin/collections/array.rs - builtin::collections::array::vslice (line 1606) - compile ... ok
2026-03-02T15:12:29.8573418Z test godot-core/src/builtin/collections/array_functional_ops.rs - builtin::collections::array_functional_ops::ArrayFunctionalOps<'a,T>::all (line 127) - compile ... ok
2026-03-02T15:12:29.8942550Z test godot-core/src/builtin/collections/array_functional_ops.rs - builtin::collections::array_functional_ops::ArrayFunctionalOps<'a,T>::any (line 108) - compile ... ok
2026-03-02T15:12:29.9359549Z test godot-core/src/builtin/collections/array_functional_ops.rs - builtin::collections::array_functional_ops::ArrayFunctionalOps<'a,T>::filter (line 43) - compile ... ok
2026-03-02T15:12:30.0158567Z test godot-core/src/builtin/collections/array_functional_ops.rs - builtin::collections::array_functional_ops::ArrayFunctionalOps<'a,T>::find_custom (line 149) - compile ... ok
2026-03-02T15:12:30.0577352Z test godot-core/src/builtin/collections/array_functional_ops.rs - builtin::collections::array_functional_ops::ArrayFunctionalOps<'a,T>::map (line 64) - compile ... ok
2026-03-02T15:12:30.1047837Z test godot-core/src/builtin/collections/array_functional_ops.rs - builtin::collections::array_functional_ops::ArrayFunctionalOps<'a,T>::reduce (line 85) - compile ... ok
2026-03-02T15:12:30.1222333Z test godot-core/src/builtin/aabb.rs - builtin::aabb::Aabb::fmt (line 507) ... ok
2026-03-02T15:12:30.1377374Z test godot-core/src/builtin/collections/array_functional_ops.rs - builtin::collections::array_functional_ops::ArrayFunctionalOps<'a,T>::rfind_custom (line 176) - compile ... ok
2026-03-02T15:12:30.1659662Z test godot-core/src/builtin/collections/array.rs - builtin::collections::array::__cannot_downcast_from_concrete (line 1709) - compile fail ... ok
2026-03-02T15:12:30.1663385Z test godot-core/src/builtin/collections/dictionary.rs - builtin::collections::dictionary::Dictionary (line 33) - compile ... ok
2026-03-02T15:12:30.1670127Z test godot-core/src/builtin/collections/array.rs - builtin::collections::array::__cannot_downcast_from_concrete (line 1715) - compile fail ... ok
2026-03-02T15:12:30.1829905Z test godot-core/src/builtin/collections/dictionary.rs - builtin::collections::dictionary::Dictionary (line 74) - compile ... ok
2026-03-02T15:12:30.2011783Z test godot-core/src/builtin/collections/dictionary.rs - builtin::collections::dictionary::dict (line 1266) - compile ... ok
2026-03-02T15:12:30.2028586Z test godot-core/src/builtin/collections/packed_array.rs - builtin::collections::packed_array::PackedArray<T>::subarray (line 239) - compile ... ok
2026-03-02T15:12:30.2053980Z test godot-core/src/builtin/collections/dictionary.rs - builtin::collections::dictionary::vdict (line 1307) - compile ... ok
2026-03-02T15:12:31.2335630Z test godot-core/src/builtin/color_hsv.rs - builtin::color_hsv::ColorHsv (line 28) ... ok
2026-03-02T15:12:31.2714073Z test godot-core/src/builtin/color.rs - builtin::color::Color::fmt (line 562) ... ok
2026-03-02T15:12:31.3005484Z test godot-core/src/builtin/color_hsv.rs - builtin::color_hsv::ColorHsv (line 37) ... ok
2026-03-02T15:12:31.3576756Z test godot-core/src/builtin/color_hsv.rs - builtin::color_hsv::ColorHsv (line 42) ... ok
2026-03-02T15:12:32.2295790Z test godot-core/src/builtin/color_hsv.rs - builtin::color_hsv::ColorHsv (line 50) ... ok
2026-03-02T15:12:32.2661824Z test godot-core/src/builtin/color_hsv.rs - builtin::color_hsv::ColorHsv (line 67) ... ok
2026-03-02T15:12:32.3039913Z test godot-core/src/builtin/color_hsv.rs - builtin::color_hsv::ColorHsv::normalized_clamped_h (line 133) ... ok
2026-03-02T15:12:32.3457987Z test godot-core/src/builtin/color_hsv.rs - builtin::color_hsv::ColorHsv::normalized_wrapped_h (line 157) ... ok
2026-03-02T15:12:32.7722939Z test godot-core/src/builtin/real.rs - builtin::real_inner::real (line 182) - compile fail ... ok
2026-03-02T15:12:33.0389746Z test godot-core/src/builtin/plane.rs - builtin::plane::Plane::fmt (line 308) ... ok
2026-03-02T15:12:33.0782508Z test godot-core/src/builtin/matrices/projection.rs - builtin::matrices::projection::Projection::fmt (line 619) ... ok
2026-03-02T15:12:33.1987858Z test godot-core/src/builtin/real.rs - builtin::real_inner::real (line 189) ... ok
2026-03-02T15:12:33.7391447Z test godot-core/src/builtin/real.rs - builtin::real_inner::reals (line 207) ... ok
2026-03-02T15:12:33.8293619Z test godot-core/src/builtin/strings/node_path.rs - builtin::strings::node_path::NodePath::get_name (line 49) - compile ... ok
2026-03-02T15:12:33.9040157Z test godot-core/src/builtin/strings/node_path.rs - builtin::strings::node_path::NodePath::get_subname (line 77) - compile ... ok
2026-03-02T15:12:33.9541839Z test godot-core/src/builtin/strings/node_path.rs - builtin::strings::node_path::NodePath::subpath (line 132) - compile ... ok
2026-03-02T15:12:33.9847341Z test godot-core/src/builtin/strings/string_macros.rs - builtin::strings::gstring::GString::find_ex (line 58) - compile ... ok
2026-03-02T15:12:33.9959577Z test godot-core/src/builtin/rect2.rs - builtin::rect2::Rect2::fmt (line 301) ... ok
2026-03-02T15:12:34.0235577Z test godot-core/src/builtin/strings/string_macros.rs - builtin::strings::string_name::StringName::find_ex (line 58) - compile ... ok
2026-03-02T15:12:34.0324984Z test godot-core/src/builtin/strings/string_name.rs - builtin::strings::string_name::StringName::__cstr_with_static (line 290) - compile ... ok
2026-03-02T15:12:34.0444938Z test godot-core/src/builtin/rect2i.rs - builtin::rect2i::Rect2i::fmt (line 299) ... ok
2026-03-02T15:12:34.0530274Z test godot-core/src/builtin/vectors/vector2.rs - builtin::vectors::vector2::Vector2::from_angle (line 77) - compile ... ok
2026-03-02T15:12:34.0840115Z test godot-core/src/builtin/rid.rs - builtin::rid::Rid::fmt (line 107) ... ok
2026-03-02T15:12:34.1238752Z test godot-core/src/classes/match_class.rs - classes::match_class::match_class (line 22) - compile ... ok
2026-03-02T15:12:34.1596602Z test godot-core/src/global/print.rs - global::print::godot_print (line 106) - compile ... ok
2026-03-02T15:12:34.1958896Z test godot-core/src/global/print.rs - global::print::godot_str (line 152) - compile ... ok
2026-03-02T15:12:34.9845992Z test godot-core/src/builtin/vectors/vector_swizzle.rs - builtin::vectors::vector_swizzle::swizzle (line 20) ... ok
2026-03-02T15:12:34.9903708Z test godot-core/src/builtin/vectors/vector_swizzle.rs - builtin::vectors::vector_swizzle::swizzle (line 30) ... ok
2026-03-02T15:12:34.9910431Z test godot-core/src/init/mod.rs - init::ExtensionLibrary (line 352) ... ignored
2026-03-02T15:12:34.9915784Z test godot-core/src/init/mod.rs - init::ExtensionLibrary (line 368) ... ignored
2026-03-02T15:12:35.0031171Z test godot-core/src/builtin/vectors/vector_swizzle.rs - builtin::vectors::vector_swizzle::swizzle (line 39) ... ok
2026-03-02T15:12:35.0611756Z test godot-core/src/init/mod.rs - init::ExtensionLibrary (line 305) - compile ... ok
2026-03-02T15:12:35.0868982Z test godot-core/src/init/mod.rs - init::ExtensionLibrary::on_main_loop_frame (line 437) - compile ... ok
2026-03-02T15:12:35.0941655Z test godot-core/src/lib.rs - no_compile_tests::__required_param_must_not_take_option (line 97) - compile ... ok
2026-03-02T15:12:35.1202106Z test godot-core/src/meta/args/as_arg.rs - builtin::strings::gstring::GString::arg (line 514) - compile ... ok
2026-03-02T15:12:35.1278382Z test godot-core/src/meta/args/as_arg.rs - builtin::strings::node_path::NodePath::arg (line 514) - compile ... ok
2026-03-02T15:12:35.1466525Z test godot-core/src/meta/args/as_arg.rs - builtin::strings::string_name::StringName::arg (line 514) - compile ... ok
2026-03-02T15:12:35.1828866Z test godot-core/src/init/mod.rs - init::ExtensionLibrary (line 288) ... ok
2026-03-02T15:12:35.2058688Z test godot-core/src/meta/args/as_arg.rs - meta::args::as_arg::PhantomAsArgDoctests (line 790) - compile ... ok
2026-03-02T15:12:35.2338334Z test godot-core/src/meta/class_id.rs - meta::class_id::ClassId::new_dynamic (line 106) - compile ... ok
2026-03-02T15:12:35.3014702Z test godot-core/src/lib.rs - no_compile_tests::__required_param_must_not_take_option (line 85) - compile fail ... ok
2026-03-02T15:12:35.3315192Z test godot-core/src/meta/error/call_error.rs - meta::error::call_error::CallError (line 46) - compile ... ok
2026-03-02T15:12:35.4621711Z test godot-core/src/meta/godot_convert/impls.rs - meta::godot_convert::impls::__doctest_i32_ptr_to_variant (line 473) - compile fail ... ok
2026-03-02T15:12:35.6822745Z test godot-core/src/meta/godot_convert/impls.rs - meta::godot_convert::impls::__doctest_native_struct_pointer_param (line 491) - compile fail ... ok
2026-03-02T15:12:35.7909914Z test godot-core/src/meta/godot_convert/impls.rs - meta::godot_convert::impls::__doctest_native_struct_pointer_return (line 508) - compile fail ... ok
2026-03-02T15:12:35.8168401Z test godot-core/src/meta/godot_convert/impls.rs - meta::godot_convert::impls::__doctest_u64 (line 465) - compile fail ... ok
2026-03-02T15:12:35.9162005Z test godot-core/src/meta/args/as_arg.rs - meta::args::as_arg::owned_into_arg (line 408) ... ok
2026-03-02T15:12:35.9345543Z test godot-core/src/meta/args/as_arg.rs - meta::args::as_arg::ref_to_arg (line 442) ... ok
2026-03-02T15:12:35.9478457Z test godot-core/src/meta/godot_convert/impls.rs - meta::godot_convert::impls::__doctest_u64_return (line 527) - compile fail ... ok
2026-03-02T15:12:35.9515366Z test godot-core/src/meta/method_info.rs - meta::method_info::MethodInfo (line 25) - compile ... ok
2026-03-02T15:12:35.9567574Z test godot-core/src/meta/godot_convert/impls.rs - meta::godot_convert::impls::__doctest_void_ptr_from_variant (line 482) - compile fail ... ok
2026-03-02T15:12:35.9662366Z test godot-core/src/meta/property_info.rs - meta::property_info::PropertyInfo (line 32) - compile ... ok
2026-03-02T15:12:35.9793355Z test godot-core/src/meta/property_info.rs - meta::property_info::PropertyInfo::with_hint_info (line 149) - compile ... ok
2026-03-02T15:12:35.9829385Z test godot-core/src/meta/property_info.rs - meta::property_info::PropertyInfo::class_name (line 78) - compile ... ok
2026-03-02T15:12:35.9898769Z test godot-core/src/meta/raw_ptr.rs - meta::raw_ptr::RawPtr (line 22) - compile ... ok
2026-03-02T15:12:35.9997337Z test godot-core/src/meta/signed_range.rs - meta::signed_range::wrapped (line 22) - compile ... ok
2026-03-02T15:12:36.0277984Z test godot-core/src/obj/bounds.rs - obj::bounds::private::implement_godot_bounds (line 115) - compile ... ok
2026-03-02T15:12:36.0303230Z test godot-core/src/meta/uniform_object_deref.rs - meta::uniform_object_deref::UniformObjectDeref (line 35) - compile ... ok
2026-03-02T15:12:36.0583288Z test godot-core/src/obj/dyn_gd.rs - obj::dyn_gd::DynGd (line 105) - compile ... ok
2026-03-02T15:12:36.0726550Z test godot-core/src/obj/dyn_gd.rs - obj::dyn_gd::DynGd (line 139) - compile ... ok
2026-03-02T15:12:36.0818779Z test godot-core/src/obj/dyn_gd.rs - obj::dyn_gd::DynGd (line 214) - compile ... ok
2026-03-02T15:12:36.1192701Z test godot-core/src/obj/dyn_gd.rs - obj::dyn_gd::DynGd (line 249) - compile fail ... ok
2026-03-02T15:12:36.1228210Z test godot-core/src/obj/dyn_gd.rs - obj::dyn_gd::DynGd (line 44) - compile ... ok
2026-03-02T15:12:36.1285916Z test godot-core/src/obj/gd.rs - obj::gd::Gd<T>::from_init_fn (line 137) - compile ... ok
2026-03-02T15:12:36.1509381Z test godot-core/src/obj/gd.rs - obj::gd::Gd<T>::null_arg (line 877) - compile ... ok
2026-03-02T15:12:36.1539048Z test godot-core/src/obj/gd.rs - obj::gd::Gd<T>::try_to_unique (line 834) - compile ... ok
2026-03-02T15:12:36.1803549Z test godot-core/src/obj/gd.rs - obj::gd::Gd<T>::upcast (line 367) - compile ... ok
2026-03-02T15:12:36.1812305Z test godot-core/src/obj/gd.rs - obj::gd::Gd<T>::upcast_mut (line 450) - compile ... ok
2026-03-02T15:12:36.2122449Z test godot-core/src/obj/gd.rs - obj::gd::Gd<T>::upcast_ref (line 411) - compile ... ok
2026-03-02T15:12:36.2564063Z test godot-core/src/obj/gd_duplicate.rs - obj::gd_duplicate::Gd<T>::duplicate_node (line 28) - compile ... ok
2026-03-02T15:12:36.2861283Z test godot-core/src/obj/gd_duplicate.rs - obj::gd_duplicate::Gd<T>::duplicate_node_ex (line 66) - compile ... ok
2026-03-02T15:12:36.3226596Z test godot-core/src/obj/gd_duplicate.rs - obj::gd_duplicate::Gd<T>::duplicate_resource (line 153) - compile ... ok
2026-03-02T15:12:36.3406573Z test godot-core/src/obj/gd.rs - obj::gd::Gd<T>::upcast_mut (line 462) - compile fail ... ok
2026-03-02T15:12:36.3438456Z test godot-core/src/obj/gd.rs - obj::gd::Gd<T>::upcast_ref (line 423) - compile fail ... ok
2026-03-02T15:12:36.7291535Z test godot-core/src/obj/bounds.rs - obj::bounds (line 27) ... ok
2026-03-02T15:12:37.5177135Z test godot-core/src/obj/on_editor.rs - obj::on_editor::OnEditor (line 136) ... ok
2026-03-02T15:12:37.6315146Z test godot-core/src/obj/on_editor.rs - obj::on_editor::OnEditor (line 170) ... ok
2026-03-02T15:12:37.6602086Z test godot-core/src/obj/on_editor.rs - obj::on_editor::OnEditor (line 47) ... ok
2026-03-02T15:12:38.0445107Z test godot-core/src/obj/on_editor.rs - obj::on_editor::OnEditor (line 70) ... ok
2026-03-02T15:12:38.0974911Z test godot-core/src/obj/script.rs - obj::script::ScriptInstance (line 51) - compile ... ok
2026-03-02T15:12:38.1550533Z test godot-core/src/obj/script.rs - obj::script::SiMut<'a,T>::base (line 402) - compile ... ok
2026-03-02T15:12:38.2075499Z test godot-core/src/obj/script.rs - obj::script::SiMut<'a,T>::base_mut (line 460) - compile ... ok
2026-03-02T15:12:38.2509723Z test godot-core/src/obj/traits.rs - obj::traits::EngineBitfield::all_constants (line 275) - compile ... ok
2026-03-02T15:12:38.2861102Z test godot-core/src/obj/traits.rs - obj::traits::EngineEnum::all_constants (line 238) - compile ... ok
2026-03-02T15:12:38.3232363Z test godot-core/src/obj/traits.rs - obj::traits::EngineEnum::values (line 222) - compile ... ok
2026-03-02T15:12:38.3911003Z test godot-core/src/obj/traits.rs - obj::traits::Inherits (line 104) - compile ... ok
2026-03-02T15:12:38.4709463Z test godot-core/src/obj/traits.rs - obj::traits::Inherits (line 122) - compile ... ok
2026-03-02T15:12:38.6746150Z test godot-core/src/obj/on_editor.rs - obj::on_editor::OnEditor (line 94) ... ok
2026-03-02T15:12:38.7184153Z test godot-core/src/obj/traits.rs - obj::traits::UserSingleton (line 697) - compile ... ok
2026-03-02T15:12:38.7326891Z test godot-core/src/obj/traits.rs - obj::traits::WithBaseField (line 324) - compile ... ok
2026-03-02T15:12:38.7788708Z test godot-core/src/obj/on_ready.rs - obj::on_ready::OnReady (line 55) ... ok
2026-03-02T15:12:38.8279809Z test godot-core/src/obj/traits.rs - obj::traits::WithBaseField::base (line 364) - compile ... ok
2026-03-02T15:12:38.8309427Z test godot-core/src/obj/on_ready.rs - obj::on_ready::OnReady (line 88) ... ok
2026-03-02T15:12:38.8618747Z test godot-core/src/obj/traits.rs - obj::traits::WithBaseField::base_mut (line 427) - compile ... ok
2026-03-02T15:12:38.8622312Z test godot-core/src/obj/traits.rs - obj::traits::WithUserSignals::signals (line 609) ... ignored
2026-03-02T15:12:38.8625582Z test godot-core/src/obj/traits.rs - obj::traits::WithUserSignals::signals (line 614) ... ignored
2026-03-02T15:12:38.9543957Z test godot-core/src/obj/traits.rs - obj::traits::WithBaseField::base_mut (line 451) - compile ... ok
2026-03-02T15:12:38.9625488Z test godot-core/src/obj/traits.rs - obj::traits::WithBaseField::base_mut (line 474) - compile fail ... ok
2026-03-02T15:12:38.9749931Z test godot-core/src/registry/property/mod.rs - registry::property::__export_doctests (line 226) - compile ... ok
2026-03-02T15:12:39.0652509Z test godot-core/src/registry/property/mod.rs - registry::property::__export_doctests (line 240) - compile fail ... ok
2026-03-02T15:12:39.1249731Z test godot-core/src/registry/property/mod.rs - registry::property::__export_doctests (line 253) - compile fail ... ok
2026-03-02T15:12:39.1514639Z test godot-core/src/registry/property/mod.rs - registry::property::__var_doctests (line 175) - compile fail ... ok
2026-03-02T15:12:39.2098036Z test godot-core/src/registry/property/mod.rs - registry::property::__export_doctests (line 275) - compile fail ... ok
2026-03-02T15:12:39.3441397Z test godot-core/src/registry/property/mod.rs - registry::property::__var_doctests (line 188) - compile fail ... ok
2026-03-02T15:12:39.3659001Z test godot-core/src/registry/property/mod.rs - registry::property::export_info_functions::export_enum (line 481) - compile ... ok
2026-03-02T15:12:39.3874792Z test godot-core/src/registry/property/mod.rs - registry::property::export_info_functions::export_flags (line 514) - compile ... ok
2026-03-02T15:12:39.4693965Z test godot-core/src/registry/property/mod.rs - registry::property::__export_doctests (line 264) - compile fail ... ok
2026-03-02T15:12:39.6038891Z test godot-core/src/registry/property/mod.rs - registry::property::__var_doctests (line 206) - compile fail ... ok
2026-03-02T15:12:39.6568925Z test godot-core/src/registry/property/phantom_var.rs - registry::property::phantom_var::PhantomVarDoctests (line 161) - compile fail ... ok
2026-03-02T15:12:39.7561267Z test godot-core/src/registry/property/phantom_var.rs - registry::property::phantom_var::PhantomVarDoctests (line 172) - compile fail ... ok
2026-03-02T15:12:39.8821665Z test godot-core/src/registry/property/phantom_var.rs - registry::property::phantom_var::PhantomVarDoctests (line 184) - compile fail ... ok
2026-03-02T15:12:40.0020496Z test godot-core/src/obj/traits.rs - obj::traits::WithBaseField::base (line 385) - compile fail ... ok
2026-03-02T15:12:40.2901862Z test godot-core/src/registry/property/phantom_var.rs - registry::property::phantom_var::PhantomVarDoctests (line 222) - compile fail ... ok
2026-03-02T15:12:40.2903639Z test godot-core/src/registry/signal/connect_builder.rs - registry::signal::connect_builder::ConnectBuilder<'_,'_,C,Ps>::connect (line 146) ... ignored
2026-03-02T15:12:40.3602137Z test godot-core/src/registry/property/phantom_var.rs - registry::property::phantom_var::PhantomVarDoctests (line 203) - compile fail ... ok
2026-03-02T15:12:40.3603951Z test godot-core/src/registry/signal/signal_receiver.rs - registry::signal::signal_receiver::IndirectSignalReceiver (line 58) - compile ... ok
2026-03-02T15:12:40.3914480Z test godot-core/src/registry/signal/signal_receiver.rs - registry::signal::signal_receiver::IndirectSignalReceiver (line 86) - compile ... ok
2026-03-02T15:12:40.3920522Z test godot-core/src/registry/signal/typed_signal.rs - registry::signal::typed_signal::TypedSignal<'_,C,Ps>::connect (line 242) ... ignored
2026-03-02T15:12:40.4169152Z test godot-core/src/registry/property/mod.rs - registry::property::export_info_functions::export_range (line 380) ... ok
2026-03-02T15:12:40.4412102Z test godot-core/src/registry/property/phantom_var.rs - registry::property::phantom_var::PhantomVar (line 30) ... ok
2026-03-02T15:12:40.4531340Z test godot-core/src/task/async_runtime.rs - task::async_runtime::spawn (line 73) - compile ... ok
2026-03-02T15:12:40.4741001Z test godot-core/src/task/async_runtime.rs - task::async_runtime::spawn (line 46) - compile ... ok
2026-03-02T15:12:40.4914717Z test godot-core/src/registry/signal/typed_signal.rs - registry::signal::typed_signal::TypedSignal (line 65) - compile ... ok
2026-03-02T15:12:40.4959443Z test godot-core/src/tools/autoload.rs - tools::autoload::get_autoload_by_name (line 32) - compile ... ok
2026-03-02T15:12:40.5028301Z test godot-core/src/tools/autoload.rs - tools::autoload::try_get_autoload_by_name (line 69) - compile ... ok
2026-03-02T15:12:40.5140193Z test godot-core/src/tools/gfile.rs - tools::gfile::GFile (line 51) - compile ... ok
2026-03-02T15:12:40.5191264Z test godot-core/src/tools/save_load.rs - tools::save_load::load (line 21) - compile ... ok
2026-03-02T15:12:40.5210576Z test godot-core/src/tools/save_load.rs - tools::save_load::save (line 84) - compile ... ok
2026-03-02T15:12:40.5348680Z test godot-core/src/tools/save_load.rs - tools::save_load::try_load (line 58) - compile ... ok
2026-03-02T15:12:40.5541697Z test godot-core/src/tools/translate.rs - tools::translate::tr_n (line 65) - compile ... ok
2026-03-02T15:12:40.5565749Z test godot-core/src/tools/translate.rs - tools::translate::tr (line 19) - compile ... ok
2026-03-02T15:12:40.5956597Z test godot-core/src/tools/save_load.rs - tools::save_load::try_save (line 112) - compile ... ok
2026-03-02T15:12:40.5957376Z 
2026-03-02T15:12:40.5957850Z test result: ok. 150 passed; 0 failed; 6 ignored; 0 measured; 0 filtered out; finished in 11.01s
2026-03-02T15:12:40.5958448Z 
2026-03-02T15:12:40.5958749Z all doctests ran in 11.54s; merged doctests compilation took 0.50s
2026-03-02T15:12:40.5998054Z [1m[92m   Doc-tests[0m godot_ffi
2026-03-02T15:12:41.0437895Z 
2026-03-02T15:12:41.0438292Z running 3 tests
2026-03-02T15:12:41.0439424Z test godot-ffi/src/toolbox.rs - toolbox::unsafe_cast_fn_ptr (line 42) ... ignored
2026-03-02T15:12:41.0440797Z test godot-ffi/src/lib.rs - defer_startup_error (line 705) - compile ... ok
2026-03-02T15:12:41.0441628Z test godot-ffi/src/lib.rs - defer_startup_warn (line 678) - compile ... ok
2026-03-02T15:12:41.0442101Z 
2026-03-02T15:12:41.0442494Z test result: ok. 2 passed; 0 failed; 1 ignored; 0 measured; 0 filtered out; finished in 0.00s
2026-03-02T15:12:41.0443053Z 
2026-03-02T15:12:41.0460165Z all doctests ran in 0.12s; merged doctests compilation took 0.12s
2026-03-02T15:12:41.0488890Z [1m[92m   Doc-tests[0m godot_macros
2026-03-02T15:12:43.8516190Z 
2026-03-02T15:12:43.8516624Z running 41 tests
2026-03-02T15:12:43.8520170Z test godot-macros/src/lib.rs - derive_godot_class (line 107) - compile ... ok
2026-03-02T15:12:43.8521432Z test godot-macros/src/lib.rs - derive_godot_class (line 119) - compile ... ok
2026-03-02T15:12:43.8522332Z test godot-macros/src/lib.rs - derive_godot_class (line 144) - compile ... ok
2026-03-02T15:12:43.8523188Z test godot-macros/src/lib.rs - derive_godot_class (line 159) - compile ... ok
2026-03-02T15:12:43.8523998Z test godot-macros/src/lib.rs - derive_godot_class (line 177) - compile ... ok
2026-03-02T15:12:43.8524800Z test godot-macros/src/lib.rs - derive_godot_class (line 219) - compile ... ok
2026-03-02T15:12:43.8525602Z test godot-macros/src/lib.rs - derive_godot_class (line 241) - compile ... ok
2026-03-02T15:12:43.8526397Z test godot-macros/src/lib.rs - derive_godot_class (line 270) - compile ... ok
2026-03-02T15:12:43.8527259Z test godot-macros/src/lib.rs - derive_godot_class (line 317) - compile ... ok
2026-03-02T15:12:43.8528261Z test godot-macros/src/lib.rs - derive_godot_class (line 346) - compile ... ok
2026-03-02T15:12:43.8529066Z test godot-macros/src/lib.rs - derive_godot_class (line 399) - compile ... ok
2026-03-02T15:12:43.8529893Z test godot-macros/src/lib.rs - derive_godot_class (line 447) - compile ... ok
2026-03-02T15:12:43.8530725Z test godot-macros/src/lib.rs - derive_godot_class (line 45) - compile ... ok
2026-03-02T15:12:43.8531603Z test godot-macros/src/lib.rs - derive_godot_class (line 589) - compile ... ok
2026-03-02T15:12:43.8532599Z test godot-macros/src/lib.rs - derive_godot_class (line 57) - compile ... ok
2026-03-02T15:12:43.8535759Z test godot-macros/src/lib.rs - derive_godot_class (line 627) - compile ... ok
2026-03-02T15:12:43.8540817Z test godot-macros/src/lib.rs - derive_godot_class (line 673) - compile ... ok
2026-03-02T15:12:43.8544193Z test godot-macros/src/lib.rs - derive_godot_class (line 702) - compile ... ok
2026-03-02T15:12:43.8545446Z test godot-macros/src/lib.rs - derive_godot_class (line 73) - compile ... ok
2026-03-02T15:12:43.8546365Z test godot-macros/src/lib.rs - derive_godot_class (line 88) - compile ... ok
2026-03-02T15:12:43.8547205Z test godot-macros/src/lib.rs - derive_godot_class (line 510) ... ok
2026-03-02T15:12:43.8548737Z test godot-macros/src/lib.rs - derive_godot_class (line 613) ... ok
2026-03-02T15:12:43.8549588Z test godot-macros/src/lib.rs - derive_godot_convert (line 1281) - compile ... ok
2026-03-02T15:12:43.8550824Z test godot-macros/src/derive/data_models/newtype.rs - derive::data_models::newtype::NewtypeStruct::field_name (line 74) ... ok
2026-03-02T15:12:43.8552067Z test godot-macros/src/lib.rs - derive_godot_convert (line 1293) - compile ... ok
2026-03-02T15:12:43.8553007Z test godot-macros/src/lib.rs - derive_godot_convert (line 1346) - compile ... ok
2026-03-02T15:12:43.8553868Z test godot-macros/src/lib.rs - godot_api (line 1116) - compile ... ok
2026-03-02T15:12:43.8555115Z test godot-macros/src/lib.rs - derive_godot_convert (line 1378) - compile ... ok
2026-03-02T15:12:43.8555964Z test godot-macros/src/lib.rs - derive_godot_convert (line 1361) - compile ... ok
2026-03-02T15:12:43.8556572Z test godot-macros/src/lib.rs - godot_api (line 1063) - compile ... ok
2026-03-02T15:12:43.8557002Z test godot-macros/src/lib.rs - godot_api (line 1148) - compile ... ok
2026-03-02T15:12:43.8557418Z test godot-macros/src/lib.rs - godot_api (line 761) - compile ... ok
2026-03-02T15:12:43.8558123Z test godot-macros/src/lib.rs - godot_api (line 797) - compile ... ok
2026-03-02T15:12:43.8558551Z test godot-macros/src/lib.rs - godot_api (line 816) - compile ... ok
2026-03-02T15:12:43.8558950Z test godot-macros/src/lib.rs - godot_api (line 834) - compile ... ok
2026-03-02T15:12:43.8559345Z test godot-macros/src/lib.rs - godot_api (line 876) - compile ... ok
2026-03-02T15:12:43.8559730Z test godot-macros/src/lib.rs - godot_api (line 914) - compile ... ok
2026-03-02T15:12:43.8560136Z test godot-macros/src/lib.rs - godot_api (line 944) - compile ... ok
2026-03-02T15:12:43.8560573Z test godot-macros/src/lib.rs - godot_api (line 999) - compile ... ok
2026-03-02T15:12:43.8560976Z test godot-macros/src/lib.rs - godot_dyn (line 1228) - compile ... ok
2026-03-02T15:12:43.8561384Z test godot-macros/src/lib.rs - godot_dyn (line 1241) - compile ... ok
2026-03-02T15:12:43.8561633Z 
2026-03-02T15:12:43.8561861Z test result: ok. 41 passed; 0 failed; 0 ignored; 0 measured; 0 filtered out; finished in 0.00s
2026-03-02T15:12:43.8562192Z 
2026-03-02T15:12:43.8618846Z 
2026-03-02T15:12:43.8619092Z running 10 tests
2026-03-02T15:12:43.8900491Z test godot-macros/src/lib.rs - derive_godot_convert (line 1310) - compile fail ... ok
2026-03-02T15:12:43.8929523Z test godot-macros/src/lib.rs - derive_godot_class (line 650) - compile fail ... ok
2026-03-02T15:12:43.8930515Z test godot-macros/src/lib.rs - derive_godot_class (line 490) - compile fail ... ok
2026-03-02T15:12:43.8931500Z test godot-macros/src/lib.rs - derive_godot_class (line 478) - compile fail ... ok
2026-03-02T15:12:43.9168815Z test godot-macros/src/lib.rs - derive_godot_convert (line 1322) - compile fail ... ok
2026-03-02T15:12:43.9388919Z test godot-macros/src/lib.rs - godot_api (line 1096) - compile fail ... ok
2026-03-02T15:12:43.9389859Z test godot-macros/src/lib.rs - godot_api (line 1079) - compile fail ... ok
2026-03-02T15:12:43.9582647Z test godot-macros/src/lib.rs - godot_api (line 1171) - compile fail ... ok
2026-03-02T15:12:43.9779549Z test godot-macros/src/lib.rs - godot_api (line 1186) - compile fail ... ok
2026-03-02T15:12:44.0355468Z test godot-macros/src/lib.rs - godot_api (line 850) - compile fail ... ok
2026-03-02T15:12:44.0356035Z 
2026-03-02T15:12:44.0356535Z test result: ok. 10 passed; 0 failed; 0 ignored; 0 measured; 0 filtered out; finished in 0.17s
2026-03-02T15:12:44.0357131Z 
2026-03-02T15:12:44.0357407Z all doctests ran in 2.76s; merged doctests compilation took 2.57s
2026-03-02T15:12:44.0390769Z [1m[92m   Doc-tests[0m itest_dependency
2026-03-02T15:12:44.0655963Z 
2026-03-02T15:12:44.0656376Z running 0 tests
2026-03-02T15:12:44.0657199Z 
2026-03-02T15:12:44.0657911Z test result: ok. 0 passed; 0 failed; 0 ignored; 0 measured; 0 filtered out; finished in 0.00s
2026-03-02T15:12:44.0658595Z 
2026-03-02T15:12:44.0688180Z [1m[92m   Doc-tests[0m repo_tweak
2026-03-02T15:12:44.0862973Z 
2026-03-02T15:12:44.0863466Z running 0 tests
2026-03-02T15:12:44.0863664Z 
2026-03-02T15:12:44.0863938Z test result: ok. 0 passed; 0 failed; 0 ignored; 0 measured; 0 filtered out; finished in 0.00s
2026-03-02T15:12:44.0864288Z 
2026-03-02T15:12:44.0991169Z Post job cleanup.
2026-03-02T15:12:44.1033822Z Post job cleanup.
2026-03-02T15:12:44.3645137Z ##[group]Cache Configuration
2026-03-02T15:12:44.3645698Z Cache Provider:
2026-03-02T15:12:44.3646155Z     github
2026-03-02T15:12:44.3646749Z Workspaces:
2026-03-02T15:12:44.3647644Z     /home/runner/work/gdext/gdext
2026-03-02T15:12:44.3649525Z Cache Paths:
2026-03-02T15:12:44.3650489Z     /home/runner/.cargo/bin
2026-03-02T15:12:44.3650885Z     /home/runner/.cargo/.crates.toml
2026-03-02T15:12:44.3651308Z     /home/runner/.cargo/.crates2.json
2026-03-02T15:12:44.3651729Z     /home/runner/.cargo/registry
2026-03-02T15:12:44.3652130Z     /home/runner/.cargo/git
2026-03-02T15:12:44.3652535Z     /home/runner/work/gdext/gdext/target
2026-03-02T15:12:44.3652973Z Restore Key:
2026-03-02T15:12:44.3653372Z     v0-rust-Linux-1.93.1-stable-Linux-x64-26142ad5
2026-03-02T15:12:44.3653893Z Cache Key:
2026-03-02T15:12:44.3654305Z     v0-rust-Linux-1.93.1-stable-Linux-x64-26142ad5-4d9a6a6e
2026-03-02T15:12:44.3654968Z .. Prefix:
2026-03-02T15:12:44.3655334Z   - v0-rust-Linux-1.93.1-stable-Linux-x64
2026-03-02T15:12:44.3655808Z .. Environment considered:
2026-03-02T15:12:44.3658110Z   - Rust Version: 1.93.1 x86_64-unknown-linux-gnu (01f6ddf7588f42ae2d7eb0a2f21d44e8e96674cf)
2026-03-02T15:12:44.3659954Z   - CARGO_DENY_VERSION
2026-03-02T15:12:44.3660305Z   - CARGO_INCREMENTAL
2026-03-02T15:12:44.3660659Z   - CARGO_MACHETE_VERSION
2026-03-02T15:12:44.3661007Z .. Lockfiles considered:
2026-03-02T15:12:44.3661468Z   - /home/runner/work/gdext/gdext/godot-bindings/Cargo.toml
2026-03-02T15:12:44.3662078Z   - /home/runner/work/gdext/gdext/godot-cell/Cargo.toml
2026-03-02T15:12:44.3662668Z   - /home/runner/work/gdext/gdext/godot-codegen/Cargo.toml
2026-03-02T15:12:44.3663292Z   - /home/runner/work/gdext/gdext/godot-core/Cargo.toml
2026-03-02T15:12:44.3663877Z   - /home/runner/work/gdext/gdext/godot-ffi/Cargo.toml
2026-03-02T15:12:44.3664559Z   - /home/runner/work/gdext/gdext/godot-macros/Cargo.toml
2026-03-02T15:12:44.3665190Z   - /home/runner/work/gdext/gdext/godot/Cargo.toml
2026-03-02T15:12:44.3665850Z   - /home/runner/work/gdext/gdext/itest/hot-reload/rust/Cargo.toml
2026-03-02T15:12:44.3666636Z   - /home/runner/work/gdext/gdext/itest/itest-dependency/Cargo.toml
2026-03-02T15:12:44.3667371Z   - /home/runner/work/gdext/gdext/itest/repo-tweak/Cargo.toml
2026-03-02T15:12:44.3668224Z   - /home/runner/work/gdext/gdext/itest/rust/Cargo.toml
2026-03-02T15:12:44.3669034Z ##[endgroup]
2026-03-02T15:12:44.3669215Z 
2026-03-02T15:12:45.0480734Z ... Cleaning /home/runner/work/gdext/gdext/target ...
2026-03-02T15:12:45.4707551Z ... Cleaning cargo registry (cache-all-crates: false) ...
2026-03-02T15:12:45.7056633Z ... Cleaning cargo/bin ...
2026-03-02T15:12:45.7089166Z ... Cleaning cargo git cache ...
2026-03-02T15:12:45.7097105Z ... Saving cache ...
2026-03-02T15:12:45.7264348Z [command]/usr/bin/tar --posix -cf cache.tzst --exclude cache.tzst -P -C /home/runner/work/gdext/gdext --files-from manifest.txt --use-compress-program zstdmt
2026-03-02T15:12:46.7348946Z Failed to save: Unable to reserve cache with key v0-rust-Linux-1.93.1-stable-Linux-x64-26142ad5-4d9a6a6e, another job may be creating this cache.
2026-03-02T15:12:46.7681498Z Post job cleanup.
2026-03-02T15:12:46.8653549Z [command]/usr/bin/git version
2026-03-02T15:12:46.8694299Z git version 2.53.0
2026-03-02T15:12:46.8740934Z Temporarily overriding HOME='/home/runner/work/_temp/1a714270-4917-49ba-bd85-c9ac4ae462e3' before making global git config changes
2026-03-02T15:12:46.8742317Z Adding repository directory to the temporary git global config as a safe directory
2026-03-02T15:12:46.8747647Z [command]/usr/bin/git config --global --add safe.directory /home/runner/work/gdext/gdext
2026-03-02T15:12:46.8788847Z [command]/usr/bin/git config --local --name-only --get-regexp core\.sshCommand
2026-03-02T15:12:46.8825597Z [command]/usr/bin/git submodule foreach --recursive sh -c "git config --local --name-only --get-regexp 'core\.sshCommand' && git config --local --unset-all 'core.sshCommand' || :"
2026-03-02T15:12:46.9069732Z [command]/usr/bin/git config --local --name-only --get-regexp http\.https\:\/\/github\.com\/\.extraheader
2026-03-02T15:12:46.9091835Z http.https://github.com/.extraheader
2026-03-02T15:12:46.9104961Z [command]/usr/bin/git config --local --unset-all http.https://github.com/.extraheader
2026-03-02T15:12:46.9135494Z [command]/usr/bin/git submodule foreach --recursive sh -c "git config --local --name-only --get-regexp 'http\.https\:\/\/github\.com\/\.extraheader' && git config --local --unset-all 'http.https://github.com/.extraheader' || :"
2026-03-02T15:12:46.9360240Z [command]/usr/bin/git config --local --name-only --get-regexp ^includeIf\.gitdir:
2026-03-02T15:12:46.9392239Z [command]/usr/bin/git submodule foreach --recursive git config --local --show-origin --name-only --get-regexp remote.origin.url
2026-03-02T15:12:46.9722935Z Cleaning up orphan processes
