2026-02-17T22:49:39.1888119Z Current runner version: '2.331.0'
2026-02-17T22:49:39.1913359Z ##[group]Runner Image Provisioner
2026-02-17T22:49:39.1914208Z Hosted Compute Agent
2026-02-17T22:49:39.1914742Z Version: 20260123.484
2026-02-17T22:49:39.1915410Z Commit: 6bd6555ca37d84114959e1c76d2c01448ff61c5d
2026-02-17T22:49:39.1916143Z Build Date: 2026-01-23T19:41:17Z
2026-02-17T22:49:39.1916801Z Worker ID: {e8e4b743-8ed6-4793-b210-0d735a56dbcc}
2026-02-17T22:49:39.1917744Z Azure Region: eastus2
2026-02-17T22:49:39.1918301Z ##[endgroup]
2026-02-17T22:49:39.1919703Z ##[group]Operating System
2026-02-17T22:49:39.1920259Z Ubuntu
2026-02-17T22:49:39.1920852Z 24.04.3
2026-02-17T22:49:39.1921319Z LTS
2026-02-17T22:49:39.1921776Z ##[endgroup]
2026-02-17T22:49:39.1922355Z ##[group]Runner Image
2026-02-17T22:49:39.1922879Z Image: ubuntu-24.04
2026-02-17T22:49:39.1923394Z Version: 20260209.23.1
2026-02-17T22:49:39.1924762Z Included Software: https://github.com/actions/runner-images/blob/ubuntu24/20260209.23/images/ubuntu/Ubuntu2404-Readme.md
2026-02-17T22:49:39.1926308Z Image Release: https://github.com/actions/runner-images/releases/tag/ubuntu24%2F20260209.23
2026-02-17T22:49:39.1927492Z ##[endgroup]
2026-02-17T22:49:39.1928537Z ##[group]GITHUB_TOKEN Permissions
2026-02-17T22:49:39.1930618Z Contents: read
2026-02-17T22:49:39.1931178Z Metadata: read
2026-02-17T22:49:39.1931731Z ##[endgroup]
2026-02-17T22:49:39.1933682Z Secret source: None
2026-02-17T22:49:39.1934619Z Prepare workflow directory
2026-02-17T22:49:39.2320803Z Prepare all required actions
2026-02-17T22:49:39.2358416Z Getting action download info
2026-02-17T22:49:39.5149134Z Download action repository 'actions/checkout@de0fac2e4500dabe0009e67214ff5f5447ce83dd' (SHA:de0fac2e4500dabe0009e67214ff5f5447ce83dd)
2026-02-17T22:49:39.6773115Z Download action repository 'actions/setup-node@6044e13b5dc448c55e2357c09f80417699197238' (SHA:6044e13b5dc448c55e2357c09f80417699197238)
2026-02-17T22:49:39.9217970Z Complete job name: Test Node 14 on ubuntu-latest
2026-02-17T22:49:39.9860946Z ##[group]Run actions/checkout@de0fac2e4500dabe0009e67214ff5f5447ce83dd
2026-02-17T22:49:39.9861963Z with:
2026-02-17T22:49:39.9862369Z   repository: microsoft/TypeScript
2026-02-17T22:49:39.9863033Z   token: ***
2026-02-17T22:49:39.9863410Z   ssh-strict: true
2026-02-17T22:49:39.9863789Z   ssh-user: git
2026-02-17T22:49:39.9864188Z   persist-credentials: true
2026-02-17T22:49:39.9864636Z   clean: true
2026-02-17T22:49:39.9865028Z   sparse-checkout-cone-mode: true
2026-02-17T22:49:39.9865507Z   fetch-depth: 1
2026-02-17T22:49:39.9865887Z   fetch-tags: false
2026-02-17T22:49:39.9866289Z   show-progress: true
2026-02-17T22:49:39.9866677Z   lfs: false
2026-02-17T22:49:39.9867043Z   submodules: false
2026-02-17T22:49:39.9867648Z   set-safe-directory: true
2026-02-17T22:49:39.9868306Z ##[endgroup]
2026-02-17T22:49:40.0864352Z Syncing repository: microsoft/TypeScript
2026-02-17T22:49:40.0867293Z ##[group]Getting Git version info
2026-02-17T22:49:40.0868627Z Working directory is '/home/runner/work/TypeScript/TypeScript'
2026-02-17T22:49:40.0870464Z [command]/usr/bin/git version
2026-02-17T22:49:40.0871330Z git version 2.52.0
2026-02-17T22:49:40.0919969Z ##[endgroup]
2026-02-17T22:49:40.0936765Z Temporarily overriding HOME='/home/runner/work/_temp/d9e9a5a6-1975-47d4-ab85-04a66ef832c3' before making global git config changes
2026-02-17T22:49:40.0939672Z Adding repository directory to the temporary git global config as a safe directory
2026-02-17T22:49:40.0942918Z [command]/usr/bin/git config --global --add safe.directory /home/runner/work/TypeScript/TypeScript
2026-02-17T22:49:40.0993888Z Deleting the contents of '/home/runner/work/TypeScript/TypeScript'
2026-02-17T22:49:40.0998205Z ##[group]Initializing the repository
2026-02-17T22:49:40.1003768Z [command]/usr/bin/git init /home/runner/work/TypeScript/TypeScript
2026-02-17T22:49:40.1121101Z hint: Using 'master' as the name for the initial branch. This default branch name
2026-02-17T22:49:40.1123497Z hint: will change to "main" in Git 3.0. To configure the initial branch name
2026-02-17T22:49:40.1126024Z hint: to use in all of your new repositories, which will suppress this warning,
2026-02-17T22:49:40.1127469Z hint: call:
2026-02-17T22:49:40.1128430Z hint:
2026-02-17T22:49:40.1129903Z hint: 	git config --global init.defaultBranch <name>
2026-02-17T22:49:40.1131872Z hint:
2026-02-17T22:49:40.1133613Z hint: Names commonly chosen instead of 'master' are 'main', 'trunk' and
2026-02-17T22:49:40.1136385Z hint: 'development'. The just-created branch can be renamed via this command:
2026-02-17T22:49:40.1138583Z hint:
2026-02-17T22:49:40.1139530Z hint: 	git branch -m <name>
2026-02-17T22:49:40.1140521Z hint:
2026-02-17T22:49:40.1141900Z hint: Disable this message with "git config set advice.defaultBranchName false"
2026-02-17T22:49:40.1144592Z Initialized empty Git repository in /home/runner/work/TypeScript/TypeScript/.git/
2026-02-17T22:49:40.1147810Z [command]/usr/bin/git remote add origin https://github.com/microsoft/TypeScript
2026-02-17T22:49:40.1183240Z ##[endgroup]
2026-02-17T22:49:40.1184882Z ##[group]Disabling automatic garbage collection
2026-02-17T22:49:40.1188341Z [command]/usr/bin/git config --local gc.auto 0
2026-02-17T22:49:40.1222115Z ##[endgroup]
2026-02-17T22:49:40.1223390Z ##[group]Setting up auth
2026-02-17T22:49:40.1224330Z Removing SSH command configuration
2026-02-17T22:49:40.1230361Z [command]/usr/bin/git config --local --name-only --get-regexp core\.sshCommand
2026-02-17T22:49:40.1264429Z [command]/usr/bin/git submodule foreach --recursive sh -c "git config --local --name-only --get-regexp 'core\.sshCommand' && git config --local --unset-all 'core.sshCommand' || :"
2026-02-17T22:49:40.1634890Z Removing HTTP extra header
2026-02-17T22:49:40.1640080Z [command]/usr/bin/git config --local --name-only --get-regexp http\.https\:\/\/github\.com\/\.extraheader
2026-02-17T22:49:40.1675832Z [command]/usr/bin/git submodule foreach --recursive sh -c "git config --local --name-only --get-regexp 'http\.https\:\/\/github\.com\/\.extraheader' && git config --local --unset-all 'http.https://github.com/.extraheader' || :"
2026-02-17T22:49:40.1923646Z Removing includeIf entries pointing to credentials config files
2026-02-17T22:49:40.1929493Z [command]/usr/bin/git config --local --name-only --get-regexp ^includeIf\.gitdir:
2026-02-17T22:49:40.1963517Z [command]/usr/bin/git submodule foreach --recursive git config --local --show-origin --name-only --get-regexp remote.origin.url
2026-02-17T22:49:40.2230718Z [command]/usr/bin/git config --file /home/runner/work/_temp/git-credentials-ecd9b99d-0d0c-4ab6-a6e1-856f502410ff.config http.https://github.com/.extraheader AUTHORIZATION: basic ***
2026-02-17T22:49:40.2273077Z [command]/usr/bin/git config --local includeIf.gitdir:/home/runner/work/TypeScript/TypeScript/.git.path /home/runner/work/_temp/git-credentials-ecd9b99d-0d0c-4ab6-a6e1-856f502410ff.config
2026-02-17T22:49:40.2306824Z [command]/usr/bin/git config --local includeIf.gitdir:/home/runner/work/TypeScript/TypeScript/.git/worktrees/*.path /home/runner/work/_temp/git-credentials-ecd9b99d-0d0c-4ab6-a6e1-856f502410ff.config
2026-02-17T22:49:40.2340867Z [command]/usr/bin/git config --local includeIf.gitdir:/github/workspace/.git.path /github/runner_temp/git-credentials-ecd9b99d-0d0c-4ab6-a6e1-856f502410ff.config
2026-02-17T22:49:40.2376952Z [command]/usr/bin/git config --local includeIf.gitdir:/github/workspace/.git/worktrees/*.path /github/runner_temp/git-credentials-ecd9b99d-0d0c-4ab6-a6e1-856f502410ff.config
2026-02-17T22:49:40.2410695Z ##[endgroup]
2026-02-17T22:49:40.2411966Z ##[group]Fetching the repository
2026-02-17T22:49:40.2428919Z [command]/usr/bin/git -c protocol.version=2 fetch --no-tags --prune --no-recurse-submodules --depth=1 origin +81e0d9bdbf30b480f38d778f1e9251848e734118:refs/remotes/pull/59666/merge
2026-02-17T22:49:48.7163767Z From https://github.com/microsoft/TypeScript
2026-02-17T22:49:48.7164986Z  * [new ref]             81e0d9bdbf30b480f38d778f1e9251848e734118 -> pull/59666/merge
2026-02-17T22:49:48.7203975Z ##[endgroup]
2026-02-17T22:49:48.7205080Z ##[group]Determining the checkout info
2026-02-17T22:49:48.7206410Z ##[endgroup]
2026-02-17T22:49:48.7211274Z [command]/usr/bin/git sparse-checkout disable
2026-02-17T22:49:48.7258361Z [command]/usr/bin/git config --local --unset-all extensions.worktreeConfig
2026-02-17T22:49:48.7288124Z ##[group]Checking out the ref
2026-02-17T22:49:48.7292112Z [command]/usr/bin/git checkout --progress --force refs/remotes/pull/59666/merge
2026-02-17T22:49:49.7853488Z Updating files:  24% (20332/81368)
2026-02-17T22:49:49.8160478Z Updating files:  25% (20342/81368)
2026-02-17T22:49:49.8452106Z Updating files:  26% (21156/81368)
2026-02-17T22:49:49.8832923Z Updating files:  27% (21970/81368)
2026-02-17T22:49:49.9137926Z Updating files:  28% (22784/81368)
2026-02-17T22:49:49.9483360Z Updating files:  29% (23597/81368)
2026-02-17T22:49:50.0076656Z Updating files:  30% (24411/81368)
2026-02-17T22:49:50.0372060Z Updating files:  31% (25225/81368)
2026-02-17T22:49:50.0679117Z Updating files:  32% (26038/81368)
2026-02-17T22:49:50.1004251Z Updating files:  33% (26852/81368)
2026-02-17T22:49:50.1331000Z Updating files:  34% (27666/81368)
2026-02-17T22:49:50.1643000Z Updating files:  35% (28479/81368)
2026-02-17T22:49:50.1959860Z Updating files:  36% (29293/81368)
2026-02-17T22:49:50.2309944Z Updating files:  37% (30107/81368)
2026-02-17T22:49:50.2678950Z Updating files:  38% (30920/81368)
2026-02-17T22:49:50.3128700Z Updating files:  39% (31734/81368)
2026-02-17T22:49:50.3435391Z Updating files:  40% (32548/81368)
2026-02-17T22:49:50.3765450Z Updating files:  41% (33361/81368)
2026-02-17T22:49:50.4097723Z Updating files:  42% (34175/81368)
2026-02-17T22:49:50.4426134Z Updating files:  43% (34989/81368)
2026-02-17T22:49:50.4733790Z Updating files:  44% (35802/81368)
2026-02-17T22:49:50.5111110Z Updating files:  45% (36616/81368)
2026-02-17T22:49:50.5446623Z Updating files:  46% (37430/81368)
2026-02-17T22:49:50.5739949Z Updating files:  47% (38243/81368)
2026-02-17T22:49:50.6019575Z Updating files:  48% (39057/81368)
2026-02-17T22:49:50.6303462Z Updating files:  49% (39871/81368)
2026-02-17T22:49:50.6707374Z Updating files:  50% (40684/81368)
2026-02-17T22:49:50.7171703Z Updating files:  51% (41498/81368)
2026-02-17T22:49:50.7514053Z Updating files:  52% (42312/81368)
2026-02-17T22:49:50.7844924Z Updating files:  53% (43126/81368)
2026-02-17T22:49:50.7867711Z Updating files:  53% (43891/81368)
2026-02-17T22:49:50.8220620Z Updating files:  54% (43939/81368)
2026-02-17T22:49:50.8587493Z Updating files:  55% (44753/81368)
2026-02-17T22:49:50.8975335Z Updating files:  56% (45567/81368)
2026-02-17T22:49:50.9374050Z Updating files:  57% (46380/81368)
2026-02-17T22:49:50.9797328Z Updating files:  58% (47194/81368)
2026-02-17T22:49:51.0173567Z Updating files:  59% (48008/81368)
2026-02-17T22:49:51.0516243Z Updating files:  60% (48821/81368)
2026-02-17T22:49:51.0972536Z Updating files:  61% (49635/81368)
2026-02-17T22:49:51.1340275Z Updating files:  62% (50449/81368)
2026-02-17T22:49:51.1704999Z Updating files:  63% (51262/81368)
2026-02-17T22:49:51.2028459Z Updating files:  64% (52076/81368)
2026-02-17T22:49:51.2369498Z Updating files:  65% (52890/81368)
2026-02-17T22:49:51.2838496Z Updating files:  66% (53703/81368)
2026-02-17T22:49:51.3522606Z Updating files:  67% (54517/81368)
2026-02-17T22:49:51.4232849Z Updating files:  68% (55331/81368)
2026-02-17T22:49:51.4835439Z Updating files:  69% (56144/81368)
2026-02-17T22:49:51.5178875Z Updating files:  70% (56958/81368)
2026-02-17T22:49:51.5513246Z Updating files:  71% (57772/81368)
2026-02-17T22:49:51.5880843Z Updating files:  72% (58585/81368)
2026-02-17T22:49:51.6231086Z Updating files:  73% (59399/81368)
2026-02-17T22:49:51.6542274Z Updating files:  74% (60213/81368)
2026-02-17T22:49:51.6854356Z Updating files:  75% (61026/81368)
2026-02-17T22:49:51.7146704Z Updating files:  76% (61840/81368)
2026-02-17T22:49:51.7447321Z Updating files:  77% (62654/81368)
2026-02-17T22:49:51.7744443Z Updating files:  78% (63468/81368)
2026-02-17T22:49:51.7844675Z Updating files:  79% (64281/81368)
2026-02-17T22:49:51.8043717Z Updating files:  79% (64545/81368)
2026-02-17T22:49:51.8338593Z Updating files:  80% (65095/81368)
2026-02-17T22:49:51.8627713Z Updating files:  81% (65909/81368)
2026-02-17T22:49:51.8931583Z Updating files:  82% (66722/81368)
2026-02-17T22:49:51.9239575Z Updating files:  83% (67536/81368)
2026-02-17T22:49:51.9513964Z Updating files:  84% (68350/81368)
2026-02-17T22:49:51.9783402Z Updating files:  85% (69163/81368)
2026-02-17T22:49:52.0059641Z Updating files:  86% (69977/81368)
2026-02-17T22:49:52.0343997Z Updating files:  87% (70791/81368)
2026-02-17T22:49:52.0623207Z Updating files:  88% (71604/81368)
2026-02-17T22:49:52.0894751Z Updating files:  89% (72418/81368)
2026-02-17T22:49:52.1190662Z Updating files:  90% (73232/81368)
2026-02-17T22:49:52.1478988Z Updating files:  91% (74045/81368)
2026-02-17T22:49:52.1852934Z Updating files:  92% (74859/81368)
2026-02-17T22:49:52.2153220Z Updating files:  93% (75673/81368)
2026-02-17T22:49:52.2494430Z Updating files:  94% (76486/81368)
2026-02-17T22:49:52.2788834Z Updating files:  95% (77300/81368)
2026-02-17T22:49:52.3091894Z Updating files:  96% (78114/81368)
2026-02-17T22:49:52.3435666Z Updating files:  97% (78927/81368)
2026-02-17T22:49:52.3729208Z Updating files:  98% (79741/81368)
2026-02-17T22:49:52.4057037Z Updating files:  99% (80555/81368)
2026-02-17T22:49:52.4058078Z Updating files: 100% (81368/81368)
2026-02-17T22:49:52.4058712Z Updating files: 100% (81368/81368), done.
2026-02-17T22:49:52.4891439Z Note: switching to 'refs/remotes/pull/59666/merge'.
2026-02-17T22:49:52.4891967Z 
2026-02-17T22:49:52.4892385Z You are in 'detached HEAD' state. You can look around, make experimental
2026-02-17T22:49:52.4893397Z changes and commit them, and you can discard any commits you make in this
2026-02-17T22:49:52.4894387Z state without impacting any branches by switching back to a branch.
2026-02-17T22:49:52.4894970Z 
2026-02-17T22:49:52.4895352Z If you want to create a new branch to retain commits you create, you may
2026-02-17T22:49:52.4896623Z do so (now or later) by using -c with the switch command. Example:
2026-02-17T22:49:52.4897518Z 
2026-02-17T22:49:52.4897731Z   git switch -c <new-branch-name>
2026-02-17T22:49:52.4898084Z 
2026-02-17T22:49:52.4898267Z Or undo this operation with:
2026-02-17T22:49:52.4898612Z 
2026-02-17T22:49:52.4898795Z   git switch -
2026-02-17T22:49:52.4899039Z 
2026-02-17T22:49:52.4899442Z Turn off this advice by setting config variable advice.detachedHead to false
2026-02-17T22:49:52.4900062Z 
2026-02-17T22:49:52.4900789Z HEAD is now at 81e0d9bdb Merge 4dbba27ee63c395ab3e164f00a53be6776d954e6 into 0ed1ee5d7cc2b8fe2f6b44bcae62f2a38a50eb0f
2026-02-17T22:49:52.4988841Z ##[endgroup]
2026-02-17T22:49:52.5033554Z [command]/usr/bin/git log -1 --format=%H
2026-02-17T22:49:52.5059968Z 81e0d9bdbf30b480f38d778f1e9251848e734118
2026-02-17T22:49:52.5309662Z ##[group]Run actions/setup-node@6044e13b5dc448c55e2357c09f80417699197238
2026-02-17T22:49:52.5310103Z with:
2026-02-17T22:49:52.5310328Z   node-version: 14
2026-02-17T22:49:52.5310555Z   check-latest: true
2026-02-17T22:49:52.5310944Z   token: ***
2026-02-17T22:49:52.5311177Z   package-manager-cache: true
2026-02-17T22:49:52.5311453Z ##[endgroup]
2026-02-17T22:49:52.6640423Z Attempt to resolve the latest version from manifest...
2026-02-17T22:49:53.5190695Z Resolved as '14.21.3'
2026-02-17T22:49:53.5191414Z Attempting to download 14.21.3...
2026-02-17T22:49:53.8677863Z Acquiring 14.21.3 - x64 from https://github.com/actions/node-versions/releases/download/14.21.3-4202774076/node-14.21.3-linux-x64.tar.gz
2026-02-17T22:49:54.1368744Z Extracting ...
2026-02-17T22:49:54.1482050Z [command]/usr/bin/tar xz --strip 1 --warning=no-unknown-keyword --overwrite -C /home/runner/work/_temp/cecd1bdb-2be0-498a-8826-dfd75515fc57 -f /home/runner/work/_temp/d9059eb2-d223-435d-b9c0-7ee2ca9a365a
2026-02-17T22:49:54.8867058Z Adding to the cache ...
2026-02-17T22:49:56.7092400Z ##[group]Environment details
2026-02-17T22:49:56.9446456Z node: v14.21.3
2026-02-17T22:49:56.9446920Z npm: 6.14.18
2026-02-17T22:49:56.9447558Z yarn: 1.22.22
2026-02-17T22:49:56.9448739Z ##[endgroup]
2026-02-17T22:49:56.9455734Z Detected npm as the package manager from package.json's packageManager field. Auto caching has been enabled for npm. If you want to disable it, set package-manager-cache input to false
2026-02-17T22:49:56.9472745Z [command]/opt/hostedtoolcache/node/14.21.3/x64/bin/npm config get cache
2026-02-17T22:49:57.0949164Z /home/runner/.npm
2026-02-17T22:49:57.1887318Z Cache hit for: node-cache-Linux-x64-npm-8647fc78e96296937eac77b0b951ccc7580c2b895d3079523440d0d71790e05e
2026-02-17T22:49:57.4999922Z Received 44770695 of 44770695 (100.0%), 156.4 MBs/sec
2026-02-17T22:49:57.5001008Z Cache Size: ~43 MB (44770695 B)
2026-02-17T22:49:57.5074693Z [command]/usr/bin/tar -xf /home/runner/work/_temp/16b337dc-50db-499e-bb5d-39253ab87f24/cache.tzst -P -C /home/runner/work/TypeScript/TypeScript --use-compress-program unzstd
2026-02-17T22:49:57.6341223Z Cache restored successfully
2026-02-17T22:49:57.6454936Z Cache restored from key: node-cache-Linux-x64-npm-8647fc78e96296937eac77b0b951ccc7580c2b895d3079523440d0d71790e05e
2026-02-17T22:49:57.6683335Z ##[group]Run npm ci
2026-02-17T22:49:57.6683720Z [36;1mnpm ci[0m
2026-02-17T22:49:57.6743833Z shell: /usr/bin/bash --noprofile --norc -e -o pipefail {0}
2026-02-17T22:49:57.6744326Z ##[endgroup]
2026-02-17T22:50:06.5713978Z 
2026-02-17T22:50:06.5725427Z > esbuild@0.27.0 postinstall /home/runner/work/TypeScript/TypeScript/node_modules/esbuild
2026-02-17T22:50:06.5726722Z > node install.js
2026-02-17T22:50:06.5727021Z 
2026-02-17T22:50:06.6489362Z 
2026-02-17T22:50:06.6490973Z > dprint@0.49.1 postinstall /home/runner/work/TypeScript/TypeScript/node_modules/dprint
2026-02-17T22:50:06.6491998Z > node ./install.js
2026-02-17T22:50:06.6492235Z 
2026-02-17T22:50:06.7492310Z added 413 packages in 8.742s
2026-02-17T22:50:06.7763937Z ##[group]Run npm run test -- --no-lint --bundle=true
2026-02-17T22:50:06.7764437Z [36;1mnpm run test -- --no-lint --bundle=true[0m
2026-02-17T22:50:06.7823666Z shell: /usr/bin/bash --noprofile --norc -e -o pipefail {0}
2026-02-17T22:50:06.7824243Z ##[endgroup]
2026-02-17T22:50:06.9611124Z 
2026-02-17T22:50:06.9612077Z > typescript@6.0.0 test /home/runner/work/TypeScript/TypeScript
2026-02-17T22:50:06.9613564Z > hereby runtests-parallel --light=false "--no-lint" "--bundle=true"
2026-02-17T22:50:06.9614161Z 
2026-02-17T22:50:07.1092742Z Using [33m~/work/TypeScript/TypeScript/Herebyfile.mjs[39m to run [34mruntests-parallel[39m
2026-02-17T22:50:07.1096555Z Starting [34mlib[39m
2026-02-17T22:50:07.1098916Z Starting [34mgenerate-diagnostics[39m
2026-02-17T22:50:07.1102053Z > [32m/opt/hostedtoolcache/node/14.21.3/x64/bin/node[39m scripts/processDiagnosticMessages.mjs src/compiler/diagnosticMessages.json
2026-02-17T22:50:07.1147529Z Starting [34mgenerate-types-map[39m
2026-02-17T22:50:07.1223047Z Finished [32mgenerate-types-map[39m in 7ms
2026-02-17T22:50:07.1517650Z Reading diagnostics from src/compiler/diagnosticMessages.json
2026-02-17T22:50:07.1971805Z Finished [32mlib[39m in 87ms
2026-02-17T22:50:07.2209946Z Finished [32mgenerate-diagnostics[39m in 111ms
2026-02-17T22:50:07.2211044Z Starting [34mbundle-tests[39m
2026-02-17T22:50:07.2213833Z Starting [34mbuild-tests[39m
2026-02-17T22:50:07.2220217Z Starting [34mbuild-services[39m
2026-02-17T22:50:08.1462461Z Finished [32mbundle-tests[39m in 925ms
2026-02-17T22:50:37.6102925Z Finished [32mbuild-tests[39m in 30.3s
2026-02-17T22:50:37.6104093Z Finished [32mbuild-services[39m in 30.3s
2026-02-17T22:50:37.6105163Z Starting [34mdts-services[39m
2026-02-17T22:50:37.6110175Z > [32m/opt/hostedtoolcache/node/14.21.3/x64/bin/node[39m ./scripts/dtsBundler.mjs --entrypoint ./built/local/typescript/typescript.d.ts --output ./built/local/typescript.d.ts
2026-02-17T22:50:37.9271109Z Bundling ./built/local/typescript/typescript.d.ts to ./built/local/typescript.d.ts and ./built/local/typescript.internal.d.ts
2026-02-17T22:50:42.0276304Z Finished [32mdts-services[39m in 4.4s
2026-02-17T22:50:42.0277621Z Starting [34mdts-lssl[39m
2026-02-17T22:50:42.0286069Z Finished [32mdts-lssl[39m in 1ms
2026-02-17T22:50:42.0287490Z Starting [34mdo-runtests-parallel[39m
2026-02-17T22:50:42.0317640Z Running tests with config: {"light":false,"workerCount":4,"taskConfigsFolder":"/tmp/ts-tests1","noColor":false,"timeout":40000,"keepFailed":false}
2026-02-17T22:50:42.0320243Z > [32m/opt/hostedtoolcache/node/14.21.3/x64/bin/node[39m ./built/local/run.js
2026-02-17T22:50:42.4699018Z Discovered 327 unittest suites.
2026-02-17T22:50:42.4702560Z Discovering runner-based tests...
2026-02-17T22:50:42.6518929Z Discovered 19676 test files in 181ms.
2026-02-17T22:50:42.6520010Z Starting to run tests using 4 threads...
2026-02-17T22:50:42.6848439Z Batching initial test lists...
2026-02-17T22:50:43.4587759Z Batched into 4 groups with approximate total file sizes of 5113313 bytes in each group. (90.0% of total tests batched)
2026-02-17T22:50:43.4745688Z 
2026-02-17T23:01:59.3100516Z 
2026-02-17T23:02:00.8691489Z 
2026-02-17T23:02:00.8693793Z   106335 passing (11m)
2026-02-17T23:02:00.8696039Z   12 failing
2026-02-17T23:02:00.8696333Z 
2026-02-17T23:02:00.8699561Z   1) 
2026-02-17T23:02:00.8699917Z        
2026-02-17T23:02:00.8700267Z          conformance tests
2026-02-17T23:02:00.8701004Z            conformance tests for tests/cases/conformance/jsdoc/specializeTag5.ts
2026-02-17T23:02:00.8702019Z              Correct JS output for tests/cases/conformance/jsdoc/specializeTag5.ts:
2026-02-17T23:02:00.8702989Z      Error: New baseline created at tests/baselines/local/specializeTag5.js
2026-02-17T23:02:00.8703838Z       at writeComparison (src/harness/harnessIO.ts:1490:27)
2026-02-17T23:02:00.8704702Z       at Object.runBaseline2 [as runBaseline] (src/harness/harnessIO.ts:1509:9)
2026-02-17T23:02:00.8708530Z       at Object.doJsEmitBaseline (src/harness/harnessIO.ts:978:18)
2026-02-17T23:02:00.8709392Z       at _CompilerTest.verifyJavaScriptOutput (src/testRunner/compilerRunner.ts:298:22)
2026-02-17T23:02:00.8710215Z       at Context.<anonymous> (src/testRunner/compilerRunner.ts:102:82)
2026-02-17T23:02:00.8710830Z       at processImmediate (internal/timers.js:464:21)
2026-02-17T23:02:00.8711132Z 
2026-02-17T23:02:00.8711248Z   2) 
2026-02-17T23:02:00.8711478Z        
2026-02-17T23:02:00.8711730Z          conformance tests
2026-02-17T23:02:00.8712275Z            conformance tests for tests/cases/conformance/jsdoc/specializeTag5.ts
2026-02-17T23:02:00.8713114Z              Correct type/symbol baselines for tests/cases/conformance/jsdoc/specializeTag5.ts:
2026-02-17T23:02:00.8713941Z      Error: New baseline created at tests/baselines/local/specializeTag5.types
2026-02-17T23:02:00.8714713Z       at writeComparison (src/harness/harnessIO.ts:1490:27)
2026-02-17T23:02:00.8715518Z       at Object.runBaseline2 [as runBaseline] (src/harness/harnessIO.ts:1509:9)
2026-02-17T23:02:00.8716183Z       at checkBaseLines (src/harness/harnessIO.ts:732:26)
2026-02-17T23:02:00.8716853Z       at Object.doTypeAndSymbolBaseline (src/harness/harnessIO.ts:695:13)
2026-02-17T23:02:00.8717876Z       at _CompilerTest.verifyTypesAndSymbols (src/testRunner/compilerRunner.ts:327:18)
2026-02-17T23:02:00.8718671Z       at Context.<anonymous> (src/testRunner/compilerRunner.ts:104:80)
2026-02-17T23:02:00.8719282Z       at processImmediate (internal/timers.js:464:21)
2026-02-17T23:02:00.8719581Z 
2026-02-17T23:02:00.8719749Z   3) 
2026-02-17T23:02:00.8719979Z        
2026-02-17T23:02:00.8720228Z          conformance tests
2026-02-17T23:02:00.8720848Z            conformance tests for tests/cases/conformance/jsdoc/specializeTag2.ts
2026-02-17T23:02:00.8721610Z              Correct JS output for tests/cases/conformance/jsdoc/specializeTag2.ts:
2026-02-17T23:02:00.8722506Z      Error: New baseline created at tests/baselines/local/specializeTag2.js
2026-02-17T23:02:00.8723300Z       at writeComparison (src/harness/harnessIO.ts:1490:27)
2026-02-17T23:02:00.8724102Z       at Object.runBaseline2 [as runBaseline] (src/harness/harnessIO.ts:1509:9)
2026-02-17T23:02:00.8724938Z       at Object.doJsEmitBaseline (src/harness/harnessIO.ts:978:18)
2026-02-17T23:02:00.8726124Z       at _CompilerTest.verifyJavaScriptOutput (src/testRunner/compilerRunner.ts:298:22)
2026-02-17T23:02:00.8727075Z       at Context.<anonymous> (src/testRunner/compilerRunner.ts:102:82)
2026-02-17T23:02:00.8727980Z       at processImmediate (internal/timers.js:464:21)
2026-02-17T23:02:00.8728335Z 
2026-02-17T23:02:00.8728463Z   4) 
2026-02-17T23:02:00.8728724Z        
2026-02-17T23:02:00.8729002Z          conformance tests
2026-02-17T23:02:00.8729670Z            conformance tests for tests/cases/conformance/jsdoc/specializeTag3.ts
2026-02-17T23:02:00.8730575Z              Correct JS output for tests/cases/conformance/jsdoc/specializeTag3.ts:
2026-02-17T23:02:00.8731474Z      Error: New baseline created at tests/baselines/local/specializeTag3.js
2026-02-17T23:02:00.8732259Z       at writeComparison (src/harness/harnessIO.ts:1490:27)
2026-02-17T23:02:00.8733049Z       at Object.runBaseline2 [as runBaseline] (src/harness/harnessIO.ts:1509:9)
2026-02-17T23:02:00.8733876Z       at Object.doJsEmitBaseline (src/harness/harnessIO.ts:978:18)
2026-02-17T23:02:00.8734820Z       at _CompilerTest.verifyJavaScriptOutput (src/testRunner/compilerRunner.ts:298:22)
2026-02-17T23:02:00.8735761Z       at Context.<anonymous> (src/testRunner/compilerRunner.ts:102:82)
2026-02-17T23:02:00.8736449Z       at processImmediate (internal/timers.js:464:21)
2026-02-17T23:02:00.8736813Z 
2026-02-17T23:02:00.8736932Z   5) 
2026-02-17T23:02:00.8737472Z        
2026-02-17T23:02:00.8737765Z          conformance tests
2026-02-17T23:02:00.8738411Z            conformance tests for tests/cases/conformance/jsdoc/specializeTag3.ts
2026-02-17T23:02:00.8739403Z              Correct type/symbol baselines for tests/cases/conformance/jsdoc/specializeTag3.ts:
2026-02-17T23:02:00.8740620Z      Error: New baseline created at tests/baselines/local/specializeTag3.types
2026-02-17T23:02:00.8741463Z       at writeComparison (src/harness/harnessIO.ts:1490:27)
2026-02-17T23:02:00.8742248Z       at Object.runBaseline2 [as runBaseline] (src/harness/harnessIO.ts:1509:9)
2026-02-17T23:02:00.8743018Z       at checkBaseLines (src/harness/harnessIO.ts:732:26)
2026-02-17T23:02:00.8743761Z       at Object.doTypeAndSymbolBaseline (src/harness/harnessIO.ts:695:13)
2026-02-17T23:02:00.8744714Z       at _CompilerTest.verifyTypesAndSymbols (src/testRunner/compilerRunner.ts:327:18)
2026-02-17T23:02:00.8745609Z       at Context.<anonymous> (src/testRunner/compilerRunner.ts:104:80)
2026-02-17T23:02:00.8746305Z       at processImmediate (internal/timers.js:464:21)
2026-02-17T23:02:00.8746664Z 
2026-02-17T23:02:00.8746795Z   6) 
2026-02-17T23:02:00.8747271Z        
2026-02-17T23:02:00.8747664Z          conformance tests
2026-02-17T23:02:00.8748325Z            conformance tests for tests/cases/conformance/jsdoc/specializeTag4.ts
2026-02-17T23:02:00.8749250Z              Correct JS output for tests/cases/conformance/jsdoc/specializeTag4.ts:
2026-02-17T23:02:00.8750150Z      Error: New baseline created at tests/baselines/local/specializeTag4.js
2026-02-17T23:02:00.8750919Z       at writeComparison (src/harness/harnessIO.ts:1490:27)
2026-02-17T23:02:00.8751728Z       at Object.runBaseline2 [as runBaseline] (src/harness/harnessIO.ts:1509:9)
2026-02-17T23:02:00.8752570Z       at Object.doJsEmitBaseline (src/harness/harnessIO.ts:978:18)
2026-02-17T23:02:00.8753500Z       at _CompilerTest.verifyJavaScriptOutput (src/testRunner/compilerRunner.ts:298:22)
2026-02-17T23:02:00.8754442Z       at Context.<anonymous> (src/testRunner/compilerRunner.ts:102:82)
2026-02-17T23:02:00.8755143Z       at processImmediate (internal/timers.js:464:21)
2026-02-17T23:02:00.8755508Z 
2026-02-17T23:02:00.8755623Z   7) 
2026-02-17T23:02:00.8755880Z        
2026-02-17T23:02:00.8756169Z          conformance tests
2026-02-17T23:02:00.8756830Z            conformance tests for tests/cases/conformance/jsdoc/specializeTag6.ts
2026-02-17T23:02:00.8757905Z              Correct errors for tests/cases/conformance/jsdoc/specializeTag6.ts:
2026-02-17T23:02:00.8758849Z      Error: New baseline created at tests/baselines/local/specializeTag6.errors.txt
2026-02-17T23:02:00.8759872Z       at writeComparison (src/harness/harnessIO.ts:1490:27)
2026-02-17T23:02:00.8760680Z       at Object.runBaseline2 [as runBaseline] (src/harness/harnessIO.ts:1509:9)
2026-02-17T23:02:00.8761521Z       at Object.doErrorBaseline (src/harness/harnessIO.ts:660:18)
2026-02-17T23:02:00.8762397Z       at _CompilerTest.verifyDiagnostics (src/testRunner/compilerRunner.ts:271:18)
2026-02-17T23:02:00.8763291Z       at Context.<anonymous> (src/testRunner/compilerRunner.ts:99:65)
2026-02-17T23:02:00.8763996Z       at processImmediate (internal/timers.js:464:21)
2026-02-17T23:02:00.8764353Z 
2026-02-17T23:02:00.8764478Z   8) 
2026-02-17T23:02:00.8764732Z        
2026-02-17T23:02:00.8765027Z          conformance tests
2026-02-17T23:02:00.8794128Z            conformance tests for tests/cases/conformance/jsdoc/specializeTag6.ts
2026-02-17T23:02:00.8795192Z              Correct JS output for tests/cases/conformance/jsdoc/specializeTag6.ts:
2026-02-17T23:02:00.8796135Z      Error: New baseline created at tests/baselines/local/specializeTag6.js
2026-02-17T23:02:00.8796928Z       at writeComparison (src/harness/harnessIO.ts:1490:27)
2026-02-17T23:02:00.8797937Z       at Object.runBaseline2 [as runBaseline] (src/harness/harnessIO.ts:1509:9)
2026-02-17T23:02:00.8798793Z       at Object.doJsEmitBaseline (src/harness/harnessIO.ts:978:18)
2026-02-17T23:02:00.8799729Z       at _CompilerTest.verifyJavaScriptOutput (src/testRunner/compilerRunner.ts:298:22)
2026-02-17T23:02:00.8800692Z       at Context.<anonymous> (src/testRunner/compilerRunner.ts:102:82)
2026-02-17T23:02:00.8801448Z       at processImmediate (internal/timers.js:464:21)
2026-02-17T23:02:00.8801834Z 
2026-02-17T23:02:00.8801966Z   9) 
2026-02-17T23:02:00.8802486Z        
2026-02-17T23:02:00.8802809Z          conformance tests
2026-02-17T23:02:00.8803501Z            conformance tests for tests/cases/conformance/jsdoc/specializeTag6.ts
2026-02-17T23:02:00.8804573Z              Correct type/symbol baselines for tests/cases/conformance/jsdoc/specializeTag6.ts:
2026-02-17T23:02:00.8805628Z      Error: New baseline created at tests/baselines/local/specializeTag6.types
2026-02-17T23:02:00.8806406Z       at writeComparison (src/harness/harnessIO.ts:1490:27)
2026-02-17T23:02:00.8807392Z       at Object.runBaseline2 [as runBaseline] (src/harness/harnessIO.ts:1509:9)
2026-02-17T23:02:00.8808175Z       at checkBaseLines (src/harness/harnessIO.ts:732:26)
2026-02-17T23:02:00.8808939Z       at Object.doTypeAndSymbolBaseline (src/harness/harnessIO.ts:695:13)
2026-02-17T23:02:00.8809903Z       at _CompilerTest.verifyTypesAndSymbols (src/testRunner/compilerRunner.ts:327:18)
2026-02-17T23:02:00.8810822Z       at Context.<anonymous> (src/testRunner/compilerRunner.ts:104:80)
2026-02-17T23:02:00.8811533Z       at processImmediate (internal/timers.js:464:21)
2026-02-17T23:02:00.8811894Z 
2026-02-17T23:02:00.8812023Z   10) 
2026-02-17T23:02:00.8812313Z        
2026-02-17T23:02:00.8812608Z          conformance tests
2026-02-17T23:02:00.8813250Z            conformance tests for tests/cases/conformance/jsdoc/specializeTag1.ts
2026-02-17T23:02:00.8814159Z              Correct JS output for tests/cases/conformance/jsdoc/specializeTag1.ts:
2026-02-17T23:02:00.8815042Z      Error: New baseline created at tests/baselines/local/specializeTag1.js
2026-02-17T23:02:00.8815807Z       at writeComparison (src/harness/harnessIO.ts:1490:27)
2026-02-17T23:02:00.8816753Z       at Object.runBaseline2 [as runBaseline] (src/harness/harnessIO.ts:1509:9)
2026-02-17T23:02:00.8817728Z       at Object.doJsEmitBaseline (src/harness/harnessIO.ts:978:18)
2026-02-17T23:02:00.8818654Z       at _CompilerTest.verifyJavaScriptOutput (src/testRunner/compilerRunner.ts:298:22)
2026-02-17T23:02:00.8819598Z       at Context.<anonymous> (src/testRunner/compilerRunner.ts:102:82)
2026-02-17T23:02:00.8820303Z       at processImmediate (internal/timers.js:464:21)
2026-02-17T23:02:00.8820646Z 
2026-02-17T23:02:00.8820774Z   11) 
2026-02-17T23:02:00.8821030Z        
2026-02-17T23:02:00.8821312Z          conformance tests
2026-02-17T23:02:00.8822239Z            conformance tests for tests/cases/conformance/jsdoc/specializeTag1.ts
2026-02-17T23:02:00.8823242Z              Correct type/symbol baselines for tests/cases/conformance/jsdoc/specializeTag1.ts:
2026-02-17T23:02:00.8824235Z      Error: New baseline created at tests/baselines/local/specializeTag1.types
2026-02-17T23:02:00.8825036Z       at writeComparison (src/harness/harnessIO.ts:1490:27)
2026-02-17T23:02:00.8825829Z       at Object.runBaseline2 [as runBaseline] (src/harness/harnessIO.ts:1509:9)
2026-02-17T23:02:00.8826604Z       at checkBaseLines (src/harness/harnessIO.ts:732:26)
2026-02-17T23:02:00.8827509Z       at Object.doTypeAndSymbolBaseline (src/harness/harnessIO.ts:695:13)
2026-02-17T23:02:00.8828478Z       at _CompilerTest.verifyTypesAndSymbols (src/testRunner/compilerRunner.ts:327:18)
2026-02-17T23:02:00.8829412Z       at Context.<anonymous> (src/testRunner/compilerRunner.ts:104:80)
2026-02-17T23:02:00.8830126Z       at processImmediate (internal/timers.js:464:21)
2026-02-17T23:02:00.8830500Z 
2026-02-17T23:02:00.8830621Z   12) 
2026-02-17T23:02:00.8830890Z        
2026-02-17T23:02:00.8831177Z          fourslash tests
2026-02-17T23:02:00.8831756Z            tests/cases/fourslash/quickInfoJSDocSpecializeTagInJsx.ts
2026-02-17T23:02:00.8832618Z              fourslash test quickInfoJSDocSpecializeTagInJsx.ts runs correctly:
2026-02-17T23:02:00.8834462Z      AssertionError: At marker '1': quick info text: expected 'function Input<number>(props: {\n    …' to equal 'function Input<number>(props: {\n    …'
2026-02-17T23:02:00.8835822Z       at _TestState.verifyQuickInfoString (src/harness/fourslashImpl.ts:1901:16)
2026-02-17T23:02:00.8836948Z       at _TestState.verifyQuickInfoAt (src/harness/fourslashImpl.ts:1873:14)
2026-02-17T23:02:00.8838025Z       at _TestState.verifyQuickInfos (src/harness/fourslashImpl.ts:1886:26)
2026-02-17T23:02:00.8838911Z       at Verify.quickInfos (src/harness/fourslashInterfaceImpl.ts:307:20)
2026-02-17T23:02:00.8839704Z       at eval (quickInfoJSDocSpecializeTagInJsx.js:22:8)
2026-02-17T23:02:00.8840358Z       at runCode (src/harness/fourslashImpl.ts:4711:9)
2026-02-17T23:02:00.8841134Z       at runFourSlashTestContent (src/harness/fourslashImpl.ts:4682:5)
2026-02-17T23:02:00.8841931Z       at runFourSlashTest (src/harness/fourslashImpl.ts:4665:5)
2026-02-17T23:02:00.8842710Z       at Context.<anonymous> (src/testRunner/fourslashRunner.ts:59:39)
2026-02-17T23:02:00.8843421Z       at processImmediate (internal/timers.js:464:21)
2026-02-17T23:02:00.8843789Z 
2026-02-17T23:02:00.8843798Z 
2026-02-17T23:02:00.8843805Z 
2026-02-17T23:02:00.9589439Z Error in [31mdo-runtests-parallel[39m in 11m 18.9s
2026-02-17T23:02:00.9590277Z Error: Process exited with code: 12
2026-02-17T23:02:00.9591348Z Completed [34mruntests-parallel[39m[31m with errors[39m in 11m 53.8s
2026-02-17T23:02:00.9592191Z Failed tasks: [31mdo-runtests-parallel[39m
2026-02-17T23:02:00.9683561Z npm ERR! code ELIFECYCLE
2026-02-17T23:02:00.9685370Z npm ERR! errno 1
2026-02-17T23:02:00.9713970Z npm ERR! typescript@6.0.0 test: `hereby runtests-parallel --light=false "--no-lint" "--bundle=true"`
2026-02-17T23:02:00.9714887Z npm ERR! Exit status 1
2026-02-17T23:02:00.9715266Z npm ERR! 
2026-02-17T23:02:00.9715778Z npm ERR! Failed at the typescript@6.0.0 test script.
2026-02-17T23:02:00.9716846Z npm ERR! This is probably not a problem with npm. There is likely additional logging output above.
2026-02-17T23:02:00.9763467Z 
2026-02-17T23:02:00.9764011Z npm ERR! A complete log of this run can be found in:
2026-02-17T23:02:00.9764941Z npm ERR!     /home/runner/.npm/_logs/2026-02-17T23_02_00_971Z-debug.log
2026-02-17T23:02:00.9807675Z ##[error]Process completed with exit code 1.
2026-02-17T23:02:00.9861263Z ##[group]Run npx hereby baseline-accept
2026-02-17T23:02:00.9861594Z [36;1mnpx hereby baseline-accept[0m
2026-02-17T23:02:00.9861864Z [36;1mgit add tests/baselines/reference[0m
2026-02-17T23:02:00.9862145Z [36;1mgit diff --staged --exit-code[0m
2026-02-17T23:02:00.9913147Z shell: /usr/bin/bash --noprofile --norc -e -o pipefail {0}
2026-02-17T23:02:00.9913483Z ##[endgroup]
2026-02-17T23:02:01.1470665Z Using [33m~/work/TypeScript/TypeScript/Herebyfile.mjs[39m to run [34mbaseline-accept[39m
2026-02-17T23:02:01.1475591Z Starting [34mbaseline-accept[39m
2026-02-17T23:02:01.5155374Z Finished [32mbaseline-accept[39m in 368ms
2026-02-17T23:02:01.5156551Z Completed [34mbaseline-accept[39m in 368ms
2026-02-17T23:02:01.8844723Z diff --git a/tests/baselines/reference/specializeTag1.js b/tests/baselines/reference/specializeTag1.js
2026-02-17T23:02:01.8845600Z index 552200169..aecdede63 100644
2026-02-17T23:02:01.8846082Z --- a/tests/baselines/reference/specializeTag1.js
2026-02-17T23:02:01.8846787Z +++ b/tests/baselines/reference/specializeTag1.js
2026-02-17T23:02:01.8848351Z @@ -21,6 +21,7 @@ const isString = /** @specialize <string> */(createValidator({ type: 'string' })
2026-02-17T23:02:01.8849302Z  
2026-02-17T23:02:01.8849648Z  
2026-02-17T23:02:01.8849932Z  //// [specializeTag1.js]
2026-02-17T23:02:01.8850249Z +"use strict";
2026-02-17T23:02:01.8850569Z  /**
2026-02-17T23:02:01.8850961Z   * @template T
2026-02-17T23:02:01.8851449Z   * @param {object} _jsonSchema
2026-02-17T23:02:01.8852221Z @@ -31,11 +32,11 @@ function createValidator(_jsonSchema) {
2026-02-17T23:02:01.8852671Z       * @param {unknown} _x
2026-02-17T23:02:01.8852979Z       * @returns {_x is T}
2026-02-17T23:02:01.8853265Z       */
2026-02-17T23:02:01.8853596Z -    return function (_x) { return true; };
2026-02-17T23:02:01.8853994Z +    return (_x) => true;
2026-02-17T23:02:01.8854279Z  }
2026-02-17T23:02:01.8854521Z  /** @specialize <number> */
2026-02-17T23:02:01.8854993Z -var isNumber = createValidator({ type: 'number' });
2026-02-17T23:02:01.8855727Z -var isString = /** @specialize <string> */ (createValidator({ type: 'string' }));
2026-02-17T23:02:01.8856651Z +const isNumber = createValidator({ type: 'number' });
2026-02-17T23:02:01.8858142Z +const isString = /** @specialize <string> */ (createValidator({ type: 'string' }));
2026-02-17T23:02:01.8859094Z  
2026-02-17T23:02:01.8859373Z  
2026-02-17T23:02:01.8859655Z  //// [specializeTag1.d.ts]
2026-02-17T23:02:01.8860831Z diff --git a/tests/baselines/reference/specializeTag1.types b/tests/baselines/reference/specializeTag1.types
2026-02-17T23:02:01.8861653Z index 9a12ea335..8e02a23ba 100644
2026-02-17T23:02:01.8862027Z --- a/tests/baselines/reference/specializeTag1.types
2026-02-17T23:02:01.8862449Z +++ b/tests/baselines/reference/specializeTag1.types
2026-02-17T23:02:01.8862747Z @@ -9,7 +9,8 @@
2026-02-17T23:02:01.8862991Z  function createValidator(_jsonSchema) {
2026-02-17T23:02:01.8863406Z  >createValidator : <T>(_jsonSchema: object) => (x: unknown) => x is T
2026-02-17T23:02:01.8863825Z  >                : ^ ^^           ^^      ^^^^^                      
2026-02-17T23:02:01.8864118Z ->_jsonSchema : any
2026-02-17T23:02:01.8864334Z +>_jsonSchema : object
2026-02-17T23:02:01.8864537Z +>            : ^^^^^^
2026-02-17T23:02:01.8864721Z  
2026-02-17T23:02:01.8864887Z      /**
2026-02-17T23:02:01.8865067Z       * @param {unknown} _x
2026-02-17T23:02:01.8865631Z diff --git a/tests/baselines/reference/specializeTag2.js b/tests/baselines/reference/specializeTag2.js
2026-02-17T23:02:01.8866241Z index 5be65dab1..c586b9c4f 100644
2026-02-17T23:02:01.8866572Z --- a/tests/baselines/reference/specializeTag2.js
2026-02-17T23:02:01.8866950Z +++ b/tests/baselines/reference/specializeTag2.js
2026-02-17T23:02:01.8867596Z @@ -30,35 +30,28 @@ const query3 = parse`a=${"1"}b=${"2"}`;
2026-02-17T23:02:01.8867892Z  
2026-02-17T23:02:01.8868044Z  
2026-02-17T23:02:01.8868212Z  //// [specializeTag2.js]
2026-02-17T23:02:01.8868991Z -var __makeTemplateObject = (this && this.__makeTemplateObject) || function (cooked, raw) {
2026-02-17T23:02:01.8869813Z -    if (Object.defineProperty) { Object.defineProperty(cooked, "raw", { value: raw }); } else { cooked.raw = raw; }
2026-02-17T23:02:01.8870327Z -    return cooked;
2026-02-17T23:02:01.8870516Z -};
2026-02-17T23:02:01.8870965Z +"use strict";
2026-02-17T23:02:01.8871238Z  /**
2026-02-17T23:02:01.8871478Z   * @template T
2026-02-17T23:02:01.8871720Z   * @param {TemplateStringsArray} strings
2026-02-17T23:02:01.8872138Z   * @param  {...T} values
2026-02-17T23:02:01.8872498Z   * @returns {Record<string, T>}
2026-02-17T23:02:01.8872857Z   */
2026-02-17T23:02:01.8873177Z -function parse(strings) {
2026-02-17T23:02:01.8873536Z -    var values = [];
2026-02-17T23:02:01.8874027Z -    for (var _i = 1; _i < arguments.length; _i++) {
2026-02-17T23:02:01.8874592Z -        values[_i - 1] = arguments[_i];
2026-02-17T23:02:01.8874982Z -    }
2026-02-17T23:02:01.8875335Z +function parse(strings, ...values) {
2026-02-17T23:02:01.8875787Z      /** @type {Record<string, T>} */
2026-02-17T23:02:01.8876209Z -    var result = {};
2026-02-17T23:02:01.8876686Z -    strings.forEach(function (key, i) {
2026-02-17T23:02:01.8877389Z +    const result = {};
2026-02-17T23:02:01.8877863Z +    strings.forEach((key, i) => {
2026-02-17T23:02:01.8878357Z          if (i < values.length) {
2026-02-17T23:02:01.8878654Z              result[key] = values[i];
2026-02-17T23:02:01.8878902Z          }
2026-02-17T23:02:01.8879071Z      });
2026-02-17T23:02:01.8879239Z      return result;
2026-02-17T23:02:01.8879424Z  }
2026-02-17T23:02:01.8879948Z -var query1 = /** @specialize {string} */ (parse(__makeTemplateObject(["a=", "b=", ""], ["a=", "b=", ""]), 1, 2));
2026-02-17T23:02:01.8880590Z +const query1 = /** @specialize {string} */ (parse `a=${1}b=${2}`);
2026-02-17T23:02:01.8880928Z  /** @specialize {string} */
2026-02-17T23:02:01.8881420Z -var query2 = parse(__makeTemplateObject(["a=", "b=", ""], ["a=", "b=", ""]), 1, 2); // Type error
2026-02-17T23:02:01.8881928Z +const query2 = parse `a=${1}b=${2}`; // Type error
2026-02-17T23:02:01.8882236Z  /** @specialize <`${number}`> */
2026-02-17T23:02:01.8882692Z -var query3 = parse(__makeTemplateObject(["a=", "b=", ""], ["a=", "b=", ""]), "1", "2");
2026-02-17T23:02:01.8883137Z +const query3 = parse `a=${"1"}b=${"2"}`;
2026-02-17T23:02:01.8883389Z  
2026-02-17T23:02:01.8883540Z  
2026-02-17T23:02:01.8883709Z  //// [specializeTag2.d.ts]
2026-02-17T23:02:01.8884283Z diff --git a/tests/baselines/reference/specializeTag3.js b/tests/baselines/reference/specializeTag3.js
2026-02-17T23:02:01.8884812Z index a4fad934e..40d511fc3 100644
2026-02-17T23:02:01.8885142Z --- a/tests/baselines/reference/specializeTag3.js
2026-02-17T23:02:01.8885516Z +++ b/tests/baselines/reference/specializeTag3.js
2026-02-17T23:02:01.8885939Z @@ -34,14 +34,15 @@ const arrayOfNumbers = new JsonSchemaValidator({
2026-02-17T23:02:01.8886255Z  
2026-02-17T23:02:01.8886405Z  
2026-02-17T23:02:01.8886568Z  //// [specializeTag3.js]
2026-02-17T23:02:01.8886779Z +"use strict";
2026-02-17T23:02:01.8886956Z  /**
2026-02-17T23:02:01.8887312Z   * @template T
2026-02-17T23:02:01.8887498Z   */
2026-02-17T23:02:01.8887784Z -var JsonSchemaValidator = /** @class */ (function () {
2026-02-17T23:02:01.8888119Z +class JsonSchemaValidator {
2026-02-17T23:02:01.8888339Z      /**
2026-02-17T23:02:01.8888541Z       * @param {object} jsonSchema
2026-02-17T23:02:01.8888766Z       */
2026-02-17T23:02:01.8889016Z -    function JsonSchemaValidator(jsonSchema) {
2026-02-17T23:02:01.8889333Z +    constructor(jsonSchema) {
2026-02-17T23:02:01.8889573Z          /** @type {object} */
2026-02-17T23:02:01.8889831Z          this.jsonSchema = jsonSchema;
2026-02-17T23:02:01.8890071Z      }
2026-02-17T23:02:01.8890399Z @@ -49,14 +50,13 @@ var JsonSchemaValidator = /** @class */ (function () {
2026-02-17T23:02:01.8890756Z       * @param {unknown} _value
2026-02-17T23:02:01.8890998Z       * @returns {_value is T}
2026-02-17T23:02:01.8891206Z       */
2026-02-17T23:02:01.8891820Z -    JsonSchemaValidator.prototype.isValid = function (_value) {
2026-02-17T23:02:01.8892191Z +    isValid(_value) {
2026-02-17T23:02:01.8892390Z          return true;
2026-02-17T23:02:01.8892579Z -    };
2026-02-17T23:02:01.8892797Z -    return JsonSchemaValidator;
2026-02-17T23:02:01.8893023Z -}());
2026-02-17T23:02:01.8893417Z -var number = /** @specialize {number} */ (new JsonSchemaValidator({ type: 'number' }));
2026-02-17T23:02:01.8894416Z +    }
2026-02-17T23:02:01.8894715Z +}
2026-02-17T23:02:01.8895397Z +const number = /** @specialize {number} */ (new JsonSchemaValidator({ type: 'number' }));
2026-02-17T23:02:01.8895854Z  /** @specialize {number[]} */
2026-02-17T23:02:01.8896187Z -var arrayOfNumbers = new JsonSchemaValidator({
2026-02-17T23:02:01.8896574Z +const arrayOfNumbers = new JsonSchemaValidator({
2026-02-17T23:02:01.8896863Z      type: 'array',
2026-02-17T23:02:01.8897247Z      items: { type: 'number' },
2026-02-17T23:02:01.8897498Z  });
2026-02-17T23:02:01.8898051Z diff --git a/tests/baselines/reference/specializeTag3.types b/tests/baselines/reference/specializeTag3.types
2026-02-17T23:02:01.8898606Z index 6e4ccc317..6abe34a93 100644
2026-02-17T23:02:01.8898942Z --- a/tests/baselines/reference/specializeTag3.types
2026-02-17T23:02:01.8899335Z +++ b/tests/baselines/reference/specializeTag3.types
2026-02-17T23:02:01.8899701Z @@ -12,17 +12,21 @@ class JsonSchemaValidator {
2026-02-17T23:02:01.8900016Z       * @param {object} jsonSchema
2026-02-17T23:02:01.8900243Z       */
2026-02-17T23:02:01.8900447Z      constructor(jsonSchema) {
2026-02-17T23:02:01.8900683Z ->jsonSchema : any
2026-02-17T23:02:01.8900889Z +>jsonSchema : object
2026-02-17T23:02:01.8901087Z +>           : ^^^^^^
2026-02-17T23:02:01.8901264Z  
2026-02-17T23:02:01.8901447Z          /** @type {object} */
2026-02-17T23:02:01.8901708Z          this.jsonSchema = jsonSchema;
2026-02-17T23:02:01.8902004Z ->this.jsonSchema = jsonSchema : any
2026-02-17T23:02:01.8902273Z ->this.jsonSchema : any
2026-02-17T23:02:01.8902542Z +>this.jsonSchema = jsonSchema : object
2026-02-17T23:02:01.8902838Z +>                             : ^^^^^^
2026-02-17T23:02:01.8903085Z +>this.jsonSchema : object
2026-02-17T23:02:01.8903309Z +>                : ^^^^^^
2026-02-17T23:02:01.8903509Z  >this : this
2026-02-17T23:02:01.8903679Z  >     : ^^^^
2026-02-17T23:02:01.8903858Z ->jsonSchema : any
2026-02-17T23:02:01.8904057Z ->           : ^^^
2026-02-17T23:02:01.8904243Z ->jsonSchema : any
2026-02-17T23:02:01.8904439Z +>jsonSchema : object
2026-02-17T23:02:01.8904632Z +>           : ^^^^^^
2026-02-17T23:02:01.8904830Z +>jsonSchema : object
2026-02-17T23:02:01.8905029Z +>           : ^^^^^^
2026-02-17T23:02:01.8905204Z      }
2026-02-17T23:02:01.8905388Z  
2026-02-17T23:02:01.8905541Z      /**
2026-02-17T23:02:01.8906052Z diff --git a/tests/baselines/reference/specializeTag4.js b/tests/baselines/reference/specializeTag4.js
2026-02-17T23:02:01.8906583Z index cbc86badc..8eb045bf0 100644
2026-02-17T23:02:01.8906903Z --- a/tests/baselines/reference/specializeTag4.js
2026-02-17T23:02:01.8907485Z +++ b/tests/baselines/reference/specializeTag4.js
2026-02-17T23:02:01.8907886Z @@ -36,14 +36,15 @@ const numbers = new Collection('numbers');
2026-02-17T23:02:01.8908175Z  
2026-02-17T23:02:01.8908316Z  
2026-02-17T23:02:01.8908486Z  //// [specializeTag4.js]
2026-02-17T23:02:01.8908699Z +"use strict";
2026-02-17T23:02:01.8908886Z  /**
2026-02-17T23:02:01.8909074Z   * @template {{ id: string }} T
2026-02-17T23:02:01.8909296Z   */
2026-02-17T23:02:01.8909535Z -var Collection = /** @class */ (function () {
2026-02-17T23:02:01.8909818Z +class Collection {
2026-02-17T23:02:01.8909994Z      /**
2026-02-17T23:02:01.8910169Z       * @param {string} name
2026-02-17T23:02:01.8910379Z       */
2026-02-17T23:02:01.8910596Z -    function Collection(name) {
2026-02-17T23:02:01.8910850Z +    constructor(name) {
2026-02-17T23:02:01.8911083Z          /** @type {string} */
2026-02-17T23:02:01.8911307Z          this.name = name;
2026-02-17T23:02:01.8911526Z      }
2026-02-17T23:02:01.8912236Z @@ -51,20 +52,19 @@ var Collection = /** @class */ (function () {
2026-02-17T23:02:01.8912623Z       * @param {string} id
2026-02-17T23:02:01.8912838Z       * @returns {T}
2026-02-17T23:02:01.8913027Z       */
2026-02-17T23:02:01.8913311Z -    Collection.prototype.getById = function (id) {
2026-02-17T23:02:01.8913683Z -        return /** @type {T} */ ({ id: id });
2026-02-17T23:02:01.8914059Z -    };
2026-02-17T23:02:01.8914250Z -    return Collection;
2026-02-17T23:02:01.8914451Z -}());
2026-02-17T23:02:01.8914626Z +    getById(id) {
2026-02-17T23:02:01.8914865Z +        return /** @type {T} */ ({ id });
2026-02-17T23:02:01.8915100Z +    }
2026-02-17T23:02:01.8915256Z +}
2026-02-17T23:02:01.8915412Z  /**
2026-02-17T23:02:01.8915599Z   * @typedef {object} UserData
2026-02-17T23:02:01.8915833Z   * @property {string} id
2026-02-17T23:02:01.8916053Z   * @property {string} name
2026-02-17T23:02:01.8916259Z   */
2026-02-17T23:02:01.8916441Z  /** @specialize <UserData> */
2026-02-17T23:02:01.8916719Z -var users = new Collection('users');
2026-02-17T23:02:01.8917026Z +const users = new Collection('users');
2026-02-17T23:02:01.8917466Z  /** @specialize <number> */
2026-02-17T23:02:01.8917749Z -var numbers = new Collection('numbers');
2026-02-17T23:02:01.8918071Z +const numbers = new Collection('numbers');
2026-02-17T23:02:01.8918321Z  
2026-02-17T23:02:01.8918471Z  
2026-02-17T23:02:01.8918644Z  //// [specializeTag4.d.ts]
2026-02-17T23:02:01.8919216Z diff --git a/tests/baselines/reference/specializeTag5.js b/tests/baselines/reference/specializeTag5.js
2026-02-17T23:02:01.8919752Z index 2d07ac784..39a5fcd20 100644
2026-02-17T23:02:01.8920079Z --- a/tests/baselines/reference/specializeTag5.js
2026-02-17T23:02:01.8920447Z +++ b/tests/baselines/reference/specializeTag5.js
2026-02-17T23:02:01.8920769Z @@ -11,14 +11,15 @@ const fileInput2 =
2026-02-17T23:02:01.8920998Z  
2026-02-17T23:02:01.8921149Z  
2026-02-17T23:02:01.8921309Z  //// [specializeTag5.js]
2026-02-17T23:02:01.8921534Z -var fileInput1 = 
2026-02-17T23:02:01.8921724Z +"use strict";
2026-02-17T23:02:01.8921913Z +const fileInput1 = 
2026-02-17T23:02:01.8922153Z  /** @specialize {HTMLInputElement} */
2026-02-17T23:02:01.8922469Z  (document.querySelector("input[type=file]"));
2026-02-17T23:02:01.8922787Z  /** @specialize {HTMLInputElement} */
2026-02-17T23:02:01.8923180Z -var fileInput2 = document.querySelector("input[type=file]");
2026-02-17T23:02:01.8923655Z +const fileInput2 = document.querySelector("input[type=file]");
2026-02-17T23:02:01.8923978Z  
2026-02-17T23:02:01.8924127Z  
2026-02-17T23:02:01.8924293Z  //// [specializeTag5.d.ts]
2026-02-17T23:02:01.8924597Z -declare const fileInput1: HTMLInputElement;
2026-02-17T23:02:01.8924967Z +declare const fileInput1: HTMLInputElement | null;
2026-02-17T23:02:01.8925294Z  /** @specialize {HTMLInputElement} */
2026-02-17T23:02:01.8925613Z -declare const fileInput2: HTMLInputElement;
2026-02-17T23:02:01.8925988Z +declare const fileInput2: HTMLInputElement | null;
2026-02-17T23:02:01.8926650Z diff --git a/tests/baselines/reference/specializeTag5.types b/tests/baselines/reference/specializeTag5.types
2026-02-17T23:02:01.8927365Z index 76c3e0604..8dec69619 100644
2026-02-17T23:02:01.8927708Z --- a/tests/baselines/reference/specializeTag5.types
2026-02-17T23:02:01.8928101Z +++ b/tests/baselines/reference/specializeTag5.types
2026-02-17T23:02:01.8928398Z @@ -2,15 +2,15 @@
2026-02-17T23:02:01.8928579Z  
2026-02-17T23:02:01.8928759Z  === specializeTag5.js ===
2026-02-17T23:02:01.8928978Z  const fileInput1 =
2026-02-17T23:02:01.8929218Z ->fileInput1 : HTMLInputElement
2026-02-17T23:02:01.8929482Z ->           : ^^^^^^^^^^^^^^^^
2026-02-17T23:02:01.8929754Z +>fileInput1 : HTMLInputElement | null
2026-02-17T23:02:01.8930041Z +>           : ^^^^^^^^^^^^^^^^^^^^^^^
2026-02-17T23:02:01.8930259Z  
2026-02-17T23:02:01.8930470Z      /** @specialize {HTMLInputElement} */
2026-02-17T23:02:01.8930794Z      (document.querySelector("input[type=file]"))
2026-02-17T23:02:01.8931223Z ->(document.querySelector("input[type=file]")) : HTMLInputElement
2026-02-17T23:02:01.8931775Z ->                                             : ^^^^^^^^^^^^^^^^
2026-02-17T23:02:01.8932199Z ->document.querySelector("input[type=file]") : HTMLInputElement
2026-02-17T23:02:01.8932609Z ->                                           : ^^^^^^^^^^^^^^^^
2026-02-17T23:02:01.8933060Z +>(document.querySelector("input[type=file]")) : HTMLInputElement | null
2026-02-17T23:02:01.8933633Z +>                                             : ^^^^^^^^^^^^^^^^^^^^^^^
2026-02-17T23:02:01.8934099Z +>document.querySelector("input[type=file]") : HTMLInputElement | null
2026-02-17T23:02:01.8934551Z +>                                           : ^^^^^^^^^^^^^^^^^^^^^^^
2026-02-17T23:02:01.8936528Z  >document.querySelector : { <K extends keyof HTMLElementTagNameMap>(selectors: K): HTMLElementTagNameMap[K] | null; <K extends keyof SVGElementTagNameMap>(selectors: K): SVGElementTagNameMap[K] | null; <K extends keyof MathMLElementTagNameMap>(selectors: K): MathMLElementTagNameMap[K] | null; <K extends keyof HTMLElementDeprecatedTagNameMap>(selectors: K): HTMLElementDeprecatedTagNameMap[K] | null; <E extends Element = Element>(selectors: string): E | null; }
2026-02-17T23:02:01.8939167Z  >                       : ^^^ ^^^^^^^^^                           ^^         ^^ ^^^                               ^^^ ^^^^^^^^^                          ^^         ^^ ^^^                              ^^^ ^^^^^^^^^                             ^^         ^^ ^^^                                 ^^^ ^^^^^^^^^                                     ^^         ^^ ^^^                                         ^^^ ^^^^^^^^^       ^^^^^^^^^^^^         ^^      ^^^        ^^^
2026-02-17T23:02:01.8939929Z  >document : Document
2026-02-17T23:02:01.8940188Z @@ -22,12 +22,12 @@ const fileInput1 =
2026-02-17T23:02:01.8940425Z  
2026-02-17T23:02:01.8940634Z  /** @specialize {HTMLInputElement} */
2026-02-17T23:02:01.8940893Z  const fileInput2 =
2026-02-17T23:02:01.8941139Z ->fileInput2 : HTMLInputElement
2026-02-17T23:02:01.8941397Z ->           : ^^^^^^^^^^^^^^^^
2026-02-17T23:02:01.8941677Z +>fileInput2 : HTMLInputElement | null
2026-02-17T23:02:01.8941964Z +>           : ^^^^^^^^^^^^^^^^^^^^^^^
2026-02-17T23:02:01.8942180Z  
2026-02-17T23:02:01.8942400Z      document.querySelector("input[type=file]")
2026-02-17T23:02:01.8942822Z ->document.querySelector("input[type=file]") : HTMLInputElement
2026-02-17T23:02:01.8943244Z ->                                           : ^^^^^^^^^^^^^^^^
2026-02-17T23:02:01.8943690Z +>document.querySelector("input[type=file]") : HTMLInputElement | null
2026-02-17T23:02:01.8944135Z +>                                           : ^^^^^^^^^^^^^^^^^^^^^^^
2026-02-17T23:02:01.8946095Z  >document.querySelector : { <K extends keyof HTMLElementTagNameMap>(selectors: K): HTMLElementTagNameMap[K] | null; <K extends keyof SVGElementTagNameMap>(selectors: K): SVGElementTagNameMap[K] | null; <K extends keyof MathMLElementTagNameMap>(selectors: K): MathMLElementTagNameMap[K] | null; <K extends keyof HTMLElementDeprecatedTagNameMap>(selectors: K): HTMLElementDeprecatedTagNameMap[K] | null; <E extends Element = Element>(selectors: string): E | null; }
2026-02-17T23:02:01.8948761Z  >                       : ^^^ ^^^^^^^^^                           ^^         ^^ ^^^                               ^^^ ^^^^^^^^^                          ^^         ^^ ^^^                              ^^^ ^^^^^^^^^                             ^^         ^^ ^^^                                 ^^^ ^^^^^^^^^                                     ^^         ^^ ^^^                                         ^^^ ^^^^^^^^^       ^^^^^^^^^^^^         ^^      ^^^        ^^^
2026-02-17T23:02:01.8949525Z  >document : Document
2026-02-17T23:02:01.8950134Z diff --git a/tests/baselines/reference/specializeTag6.errors.txt b/tests/baselines/reference/specializeTag6.errors.txt
2026-02-17T23:02:01.8950725Z index 92aebc1f2..4590559ae 100644
2026-02-17T23:02:01.8951083Z --- a/tests/baselines/reference/specializeTag6.errors.txt
2026-02-17T23:02:01.8951511Z +++ b/tests/baselines/reference/specializeTag6.errors.txt
2026-02-17T23:02:01.8951802Z @@ -1,8 +1,10 @@
2026-02-17T23:02:01.8961387Z ##[error]+specializeTag6.jsx(8,14): error TS2314: Generic type 'ReactElement<P>' requires 1 type argument(s).
2026-02-17T23:02:01.8963178Z ##[error]+specializeTag6.jsx(11,5): error TS2322: Type 'null' is not assignable to type 'ReactElement<any>'.
2026-02-17T23:02:01.8964404Z  specializeTag6.jsx(20,20): error TS2322: Type 'string' is not assignable to type 'number'.
2026-02-17T23:02:01.8965052Z  specializeTag6.jsx(22,48): error TS2322: Type 'string' is not assignable to type 'number'.
2026-02-17T23:02:01.8965462Z  
2026-02-17T23:02:01.8965617Z  
2026-02-17T23:02:01.8965847Z -==== specializeTag6.jsx (2 errors) ====
2026-02-17T23:02:01.8966185Z +==== specializeTag6.jsx (4 errors) ====
2026-02-17T23:02:01.8966510Z      /// <reference path="/.lib/react16.d.ts" />
2026-02-17T23:02:01.8966815Z      import React from 'react'
2026-02-17T23:02:01.8967035Z      
2026-02-17T23:02:01.8967998Z ##[error]@@ -11,9 +13,13 @@ specializeTag6.jsx(22,48): error TS2322: Type 'string' is not assignable to type
2026-02-17T23:02:01.8968866Z       * @param {object} props
2026-02-17T23:02:01.8969132Z       * @param {T} props.value
2026-02-17T23:02:01.8969397Z       * @returns {React.ReactElement}
2026-02-17T23:02:01.8969685Z +                 ~~~~~~~~~~~~~~~~~~
2026-02-17T23:02:01.8970118Z +!!! error TS2314: Generic type 'ReactElement<P>' requires 1 type argument(s).
2026-02-17T23:02:01.8970484Z       */
2026-02-17T23:02:01.8970669Z      function Input(props) {
2026-02-17T23:02:01.8970898Z          return null;
2026-02-17T23:02:01.8971090Z +        ~~~~~~
2026-02-17T23:02:01.8971462Z +!!! error TS2322: Type 'null' is not assignable to type 'ReactElement<any>'.
2026-02-17T23:02:01.8971823Z      }
2026-02-17T23:02:01.8971983Z      
2026-02-17T23:02:01.8972173Z      /** @specialize {number} */
2026-02-17T23:02:01.8972759Z diff --git a/tests/baselines/reference/specializeTag6.js b/tests/baselines/reference/specializeTag6.js
2026-02-17T23:02:01.8973290Z index 9051f5756..dccba5d2b 100644
2026-02-17T23:02:01.8973622Z --- a/tests/baselines/reference/specializeTag6.js
2026-02-17T23:02:01.8973990Z +++ b/tests/baselines/reference/specializeTag6.js
2026-02-17T23:02:01.8974510Z @@ -26,13 +26,8 @@ const el4 = /** @specialize {number} */(<Input value="abc" />); // Type error
2026-02-17T23:02:01.8974894Z  
2026-02-17T23:02:01.8975048Z  
2026-02-17T23:02:01.8975215Z  //// [specializeTag6.js]
2026-02-17T23:02:01.8975431Z -"use strict";
2026-02-17T23:02:01.8975813Z -var __importDefault = (this && this.__importDefault) || function (mod) {
2026-02-17T23:02:01.8976306Z -    return (mod && mod.__esModule) ? mod : { "default": mod };
2026-02-17T23:02:01.8976609Z -};
2026-02-17T23:02:01.8976932Z -Object.defineProperty(exports, "__esModule", { value: true });
2026-02-17T23:02:01.8977572Z -/// <reference path="react16.d.ts" />
2026-02-17T23:02:01.8977927Z -var react_1 = __importDefault(require("react"));
2026-02-17T23:02:01.8978274Z +/// <reference path="/.lib/react16.d.ts" />
2026-02-17T23:02:01.8978568Z +import React from 'react';
2026-02-17T23:02:01.8978796Z  /**
2026-02-17T23:02:01.8978964Z   * @template T
2026-02-17T23:02:01.8979159Z   * @param {object} props
2026-02-17T23:02:01.8979437Z @@ -43,11 +38,11 @@ function Input(props) {
2026-02-17T23:02:01.8979697Z      return null;
2026-02-17T23:02:01.8979875Z  }
2026-02-17T23:02:01.8980051Z  /** @specialize {number} */
2026-02-17T23:02:01.8980413Z -var el1 = react_1.default.createElement(Input, { value: 1 });
2026-02-17T23:02:01.8980977Z -var el2 = /** @specialize {number} */ (react_1.default.createElement(Input, { value: 2 }));
2026-02-17T23:02:01.8981490Z +const el1 = React.createElement(Input, { value: 1 });
2026-02-17T23:02:01.8981990Z +const el2 = /** @specialize {number} */ (React.createElement(Input, { value: 2 }));
2026-02-17T23:02:01.8982371Z  /** @specialize {number} */
2026-02-17T23:02:01.8982796Z -var el3 = react_1.default.createElement(Input, { value: "abc" }); // Type error
2026-02-17T23:02:01.8983639Z -var el4 = /** @specialize {number} */ (react_1.default.createElement(Input, { value: "abc" })); // Type error
2026-02-17T23:02:01.8984293Z +const el3 = React.createElement(Input, { value: "abc" }); // Type error
2026-02-17T23:02:01.8984915Z +const el4 = /** @specialize {number} */ (React.createElement(Input, { value: "abc" })); // Type error
2026-02-17T23:02:01.8985445Z  
2026-02-17T23:02:01.8985598Z  
2026-02-17T23:02:01.8985774Z  //// [specializeTag6.d.ts]
2026-02-17T23:02:01.8986359Z diff --git a/tests/baselines/reference/specializeTag6.types b/tests/baselines/reference/specializeTag6.types
2026-02-17T23:02:01.8986905Z index 21495de7d..62d28a171 100644
2026-02-17T23:02:01.8987451Z --- a/tests/baselines/reference/specializeTag6.types
2026-02-17T23:02:01.8987859Z +++ b/tests/baselines/reference/specializeTag6.types
2026-02-17T23:02:01.8988141Z @@ -2,9 +2,9 @@
2026-02-17T23:02:01.8988318Z  
2026-02-17T23:02:01.8988495Z  === Performance Stats ===
2026-02-17T23:02:01.8988731Z  Assignability cache: 2,500
2026-02-17T23:02:01.8988957Z -Type Count: 5,000
2026-02-17T23:02:01.8989181Z -Instantiation count: 50,000
2026-02-17T23:02:01.8989418Z -Symbol count: 50,000
2026-02-17T23:02:01.8989630Z +Type Count: 10,000
2026-02-17T23:02:01.8989843Z +Instantiation count: 100,000
2026-02-17T23:02:01.8990077Z +Symbol count: 100,000
2026-02-17T23:02:01.8990266Z  
2026-02-17T23:02:01.8990438Z  === specializeTag6.jsx ===
2026-02-17T23:02:01.8990697Z  /// <reference path="react16.d.ts" />
2026-02-17T23:02:01.8991736Z ##[error]Process completed with exit code 1.
2026-02-17T23:02:01.9096799Z Post job cleanup.
2026-02-17T23:02:01.9874153Z [command]/usr/bin/git version
2026-02-17T23:02:01.9911295Z git version 2.52.0
2026-02-17T23:02:01.9952278Z Temporarily overriding HOME='/home/runner/work/_temp/9f86687c-df88-40d9-a832-ad8789e19d83' before making global git config changes
2026-02-17T23:02:01.9953795Z Adding repository directory to the temporary git global config as a safe directory
2026-02-17T23:02:01.9958337Z [command]/usr/bin/git config --global --add safe.directory /home/runner/work/TypeScript/TypeScript
2026-02-17T23:02:01.9989595Z Removing SSH command configuration
2026-02-17T23:02:01.9996632Z [command]/usr/bin/git config --local --name-only --get-regexp core\.sshCommand
2026-02-17T23:02:02.0031574Z [command]/usr/bin/git submodule foreach --recursive sh -c "git config --local --name-only --get-regexp 'core\.sshCommand' && git config --local --unset-all 'core.sshCommand' || :"
2026-02-17T23:02:02.0332103Z Removing HTTP extra header
2026-02-17T23:02:02.0338092Z [command]/usr/bin/git config --local --name-only --get-regexp http\.https\:\/\/github\.com\/\.extraheader
2026-02-17T23:02:02.0374132Z [command]/usr/bin/git submodule foreach --recursive sh -c "git config --local --name-only --get-regexp 'http\.https\:\/\/github\.com\/\.extraheader' && git config --local --unset-all 'http.https://github.com/.extraheader' || :"
2026-02-17T23:02:02.0666864Z Removing includeIf entries pointing to credentials config files
2026-02-17T23:02:02.0674257Z [command]/usr/bin/git config --local --name-only --get-regexp ^includeIf\.gitdir:
2026-02-17T23:02:02.0700685Z includeif.gitdir:/home/runner/work/TypeScript/TypeScript/.git.path
2026-02-17T23:02:02.0701766Z includeif.gitdir:/home/runner/work/TypeScript/TypeScript/.git/worktrees/*.path
2026-02-17T23:02:02.0702296Z includeif.gitdir:/github/workspace/.git.path
2026-02-17T23:02:02.0702756Z includeif.gitdir:/github/workspace/.git/worktrees/*.path
2026-02-17T23:02:02.0712318Z [command]/usr/bin/git config --local --get-all includeif.gitdir:/home/runner/work/TypeScript/TypeScript/.git.path
2026-02-17T23:02:02.0734857Z /home/runner/work/_temp/git-credentials-ecd9b99d-0d0c-4ab6-a6e1-856f502410ff.config
2026-02-17T23:02:02.0746946Z [command]/usr/bin/git config --local --unset includeif.gitdir:/home/runner/work/TypeScript/TypeScript/.git.path /home/runner/work/_temp/git-credentials-ecd9b99d-0d0c-4ab6-a6e1-856f502410ff.config
2026-02-17T23:02:02.0782863Z [command]/usr/bin/git config --local --get-all includeif.gitdir:/home/runner/work/TypeScript/TypeScript/.git/worktrees/*.path
2026-02-17T23:02:02.0805664Z /home/runner/work/_temp/git-credentials-ecd9b99d-0d0c-4ab6-a6e1-856f502410ff.config
2026-02-17T23:02:02.0815285Z [command]/usr/bin/git config --local --unset includeif.gitdir:/home/runner/work/TypeScript/TypeScript/.git/worktrees/*.path /home/runner/work/_temp/git-credentials-ecd9b99d-0d0c-4ab6-a6e1-856f502410ff.config
2026-02-17T23:02:02.0848226Z [command]/usr/bin/git config --local --get-all includeif.gitdir:/github/workspace/.git.path
2026-02-17T23:02:02.0870290Z /github/runner_temp/git-credentials-ecd9b99d-0d0c-4ab6-a6e1-856f502410ff.config
2026-02-17T23:02:02.0878966Z [command]/usr/bin/git config --local --unset includeif.gitdir:/github/workspace/.git.path /github/runner_temp/git-credentials-ecd9b99d-0d0c-4ab6-a6e1-856f502410ff.config
2026-02-17T23:02:02.0910713Z [command]/usr/bin/git config --local --get-all includeif.gitdir:/github/workspace/.git/worktrees/*.path
2026-02-17T23:02:02.0934793Z /github/runner_temp/git-credentials-ecd9b99d-0d0c-4ab6-a6e1-856f502410ff.config
2026-02-17T23:02:02.0944572Z [command]/usr/bin/git config --local --unset includeif.gitdir:/github/workspace/.git/worktrees/*.path /github/runner_temp/git-credentials-ecd9b99d-0d0c-4ab6-a6e1-856f502410ff.config
2026-02-17T23:02:02.0979016Z [command]/usr/bin/git submodule foreach --recursive git config --local --show-origin --name-only --get-regexp remote.origin.url
2026-02-17T23:02:02.1298188Z Removing credentials config '/home/runner/work/_temp/git-credentials-ecd9b99d-0d0c-4ab6-a6e1-856f502410ff.config'
2026-02-17T23:02:02.1443257Z Cleaning up orphan processes
