2026-05-07T13:13:21.6630425Z Current runner version: '2.334.0'
2026-05-07T13:13:21.6666921Z ##[group]Runner Image Provisioner
2026-05-07T13:13:21.6668595Z Hosted Compute Agent
2026-05-07T13:13:21.6669511Z Version: 20260213.493
2026-05-07T13:13:21.6670557Z Commit: 5c115507f6dd24b8de37d8bbe0bb4509d0cc0fa3
2026-05-07T13:13:21.6671906Z Build Date: 2026-02-13T00:28:41Z
2026-05-07T13:13:21.6673005Z Worker ID: {a2338da7-ba12-45f5-8e4b-81ce396315be}
2026-05-07T13:13:21.6674174Z Azure Region: northcentralus
2026-05-07T13:13:21.6675388Z ##[endgroup]
2026-05-07T13:13:21.6678774Z ##[group]Operating System
2026-05-07T13:13:21.6679717Z Ubuntu
2026-05-07T13:13:21.6680594Z 24.04.4
2026-05-07T13:13:21.6681396Z LTS
2026-05-07T13:13:21.6682261Z ##[endgroup]
2026-05-07T13:13:21.6683349Z ##[group]Runner Image
2026-05-07T13:13:21.6684280Z Image: ubuntu-24.04
2026-05-07T13:13:21.6685190Z Version: 20260413.86.1
2026-05-07T13:13:21.6687304Z Included Software: https://github.com/actions/runner-images/blob/ubuntu24/20260413.86/images/ubuntu/Ubuntu2404-Readme.md
2026-05-07T13:13:21.6690234Z Image Release: https://github.com/actions/runner-images/releases/tag/ubuntu24%2F20260413.86
2026-05-07T13:13:21.6691959Z ##[endgroup]
2026-05-07T13:13:21.6696721Z ##[group]GITHUB_TOKEN Permissions
2026-05-07T13:13:21.6700154Z Actions: read
2026-05-07T13:13:21.6700887Z ArtifactMetadata: read
2026-05-07T13:13:21.6701424Z Attestations: read
2026-05-07T13:13:21.6701983Z Checks: read
2026-05-07T13:13:21.6702468Z Contents: read
2026-05-07T13:13:21.6702979Z Deployments: read
2026-05-07T13:13:21.6703438Z Discussions: read
2026-05-07T13:13:21.6704047Z Issues: read
2026-05-07T13:13:21.6704510Z Metadata: read
2026-05-07T13:13:21.6704991Z Models: read
2026-05-07T13:13:21.6705545Z Packages: read
2026-05-07T13:13:21.6706005Z Pages: read
2026-05-07T13:13:21.6706582Z PullRequests: read
2026-05-07T13:13:21.6707200Z RepositoryProjects: read
2026-05-07T13:13:21.6708116Z SecurityEvents: read
2026-05-07T13:13:21.6708637Z Statuses: read
2026-05-07T13:13:21.6709249Z VulnerabilityAlerts: read
2026-05-07T13:13:21.6709828Z ##[endgroup]
2026-05-07T13:13:21.6711924Z Secret source: None
2026-05-07T13:13:21.6713036Z Prepare workflow directory
2026-05-07T13:13:21.7153927Z Prepare all required actions
2026-05-07T13:13:21.7210388Z Getting action download info
2026-05-07T13:13:22.1974824Z Download action repository 'actions/checkout@v4' (SHA:34e114876b0b11c390a56381ad16ebd13914f8d5)
2026-05-07T13:13:22.3125109Z Download action repository 'actions/setup-go@v5' (SHA:40f1582b2485089dde7abd97c1529aa768e1baff)
2026-05-07T13:13:22.8935643Z Download action repository 'shogo82148/actions-goveralls@v1' (SHA:9606dbc5ac5cf888a0e9ef901515c3cd516a2790)
2026-05-07T13:13:24.0011163Z Complete job name: test (1.24.x)
2026-05-07T13:13:24.0728138Z ##[group]Run actions/checkout@v4
2026-05-07T13:13:24.0728877Z with:
2026-05-07T13:13:24.0729133Z   repository: golang-migrate/migrate
2026-05-07T13:13:24.0729660Z   token: ***
2026-05-07T13:13:24.0729888Z   ssh-strict: true
2026-05-07T13:13:24.0730120Z   ssh-user: git
2026-05-07T13:13:24.0730385Z   persist-credentials: true
2026-05-07T13:13:24.0730639Z   clean: true
2026-05-07T13:13:24.0730894Z   sparse-checkout-cone-mode: true
2026-05-07T13:13:24.0731179Z   fetch-depth: 1
2026-05-07T13:13:24.0731413Z   fetch-tags: false
2026-05-07T13:13:24.0731653Z   show-progress: true
2026-05-07T13:13:24.0731884Z   lfs: false
2026-05-07T13:13:24.0732091Z   submodules: false
2026-05-07T13:13:24.0732334Z   set-safe-directory: true
2026-05-07T13:13:24.0732823Z ##[endgroup]
2026-05-07T13:13:24.1889149Z Syncing repository: golang-migrate/migrate
2026-05-07T13:13:24.1890774Z ##[group]Getting Git version info
2026-05-07T13:13:24.1891223Z Working directory is '/home/runner/work/migrate/migrate'
2026-05-07T13:13:24.1892003Z [command]/usr/bin/git version
2026-05-07T13:13:24.1940786Z git version 2.53.0
2026-05-07T13:13:24.1969767Z ##[endgroup]
2026-05-07T13:13:24.1985148Z Temporarily overriding HOME='/home/runner/work/_temp/284f8f15-e6d6-4c88-bfce-af9c3dcdb62e' before making global git config changes
2026-05-07T13:13:24.1986502Z Adding repository directory to the temporary git global config as a safe directory
2026-05-07T13:13:24.1991401Z [command]/usr/bin/git config --global --add safe.directory /home/runner/work/migrate/migrate
2026-05-07T13:13:24.2025406Z Deleting the contents of '/home/runner/work/migrate/migrate'
2026-05-07T13:13:24.2029433Z ##[group]Initializing the repository
2026-05-07T13:13:24.2033565Z [command]/usr/bin/git init /home/runner/work/migrate/migrate
2026-05-07T13:13:24.2125321Z hint: Using 'master' as the name for the initial branch. This default branch name
2026-05-07T13:13:24.2126537Z hint: will change to "main" in Git 3.0. To configure the initial branch name
2026-05-07T13:13:24.2127814Z hint: to use in all of your new repositories, which will suppress this warning,
2026-05-07T13:13:24.2128432Z hint: call:
2026-05-07T13:13:24.2128681Z hint:
2026-05-07T13:13:24.2129065Z hint: 	git config --global init.defaultBranch <name>
2026-05-07T13:13:24.2129475Z hint:
2026-05-07T13:13:24.2129871Z hint: Names commonly chosen instead of 'master' are 'main', 'trunk' and
2026-05-07T13:13:24.2130547Z hint: 'development'. The just-created branch can be renamed via this command:
2026-05-07T13:13:24.2131047Z hint:
2026-05-07T13:13:24.2131308Z hint: 	git branch -m <name>
2026-05-07T13:13:24.2131619Z hint:
2026-05-07T13:13:24.2132205Z hint: Disable this message with "git config set advice.defaultBranchName false"
2026-05-07T13:13:24.2133247Z Initialized empty Git repository in /home/runner/work/migrate/migrate/.git/
2026-05-07T13:13:24.2138977Z [command]/usr/bin/git remote add origin https://github.com/golang-migrate/migrate
2026-05-07T13:13:24.2170147Z ##[endgroup]
2026-05-07T13:13:24.2170665Z ##[group]Disabling automatic garbage collection
2026-05-07T13:13:24.2174837Z [command]/usr/bin/git config --local gc.auto 0
2026-05-07T13:13:24.2203415Z ##[endgroup]
2026-05-07T13:13:24.2203842Z ##[group]Setting up auth
2026-05-07T13:13:24.2211478Z [command]/usr/bin/git config --local --name-only --get-regexp core\.sshCommand
2026-05-07T13:13:24.2242310Z [command]/usr/bin/git submodule foreach --recursive sh -c "git config --local --name-only --get-regexp 'core\.sshCommand' && git config --local --unset-all 'core.sshCommand' || :"
2026-05-07T13:13:24.2623939Z [command]/usr/bin/git config --local --name-only --get-regexp http\.https\:\/\/github\.com\/\.extraheader
2026-05-07T13:13:24.2653049Z [command]/usr/bin/git submodule foreach --recursive sh -c "git config --local --name-only --get-regexp 'http\.https\:\/\/github\.com\/\.extraheader' && git config --local --unset-all 'http.https://github.com/.extraheader' || :"
2026-05-07T13:13:24.2871087Z [command]/usr/bin/git config --local --name-only --get-regexp ^includeIf\.gitdir:
2026-05-07T13:13:24.2901629Z [command]/usr/bin/git submodule foreach --recursive git config --local --show-origin --name-only --get-regexp remote.origin.url
2026-05-07T13:13:24.3125270Z [command]/usr/bin/git config --local http.https://github.com/.extraheader AUTHORIZATION: basic ***
2026-05-07T13:13:24.3160922Z ##[endgroup]
2026-05-07T13:13:24.3161469Z ##[group]Fetching the repository
2026-05-07T13:13:24.3169423Z [command]/usr/bin/git -c protocol.version=2 fetch --no-tags --prune --no-recurse-submodules --depth=1 origin +13cc5bd73673b745ce87ba771dd8c450fe067c8f:refs/remotes/pull/1395/merge
2026-05-07T13:13:24.7164745Z From https://github.com/golang-migrate/migrate
2026-05-07T13:13:24.7166201Z  * [new ref]         13cc5bd73673b745ce87ba771dd8c450fe067c8f -> pull/1395/merge
2026-05-07T13:13:24.7196239Z ##[endgroup]
2026-05-07T13:13:24.7197116Z ##[group]Determining the checkout info
2026-05-07T13:13:24.7198303Z ##[endgroup]
2026-05-07T13:13:24.7203716Z [command]/usr/bin/git sparse-checkout disable
2026-05-07T13:13:24.7242434Z [command]/usr/bin/git config --local --unset-all extensions.worktreeConfig
2026-05-07T13:13:24.7269860Z ##[group]Checking out the ref
2026-05-07T13:13:24.7274192Z [command]/usr/bin/git checkout --progress --force refs/remotes/pull/1395/merge
2026-05-07T13:13:24.7505434Z Note: switching to 'refs/remotes/pull/1395/merge'.
2026-05-07T13:13:24.7506766Z 
2026-05-07T13:13:24.7507691Z You are in 'detached HEAD' state. You can look around, make experimental
2026-05-07T13:13:24.7508657Z changes and commit them, and you can discard any commits you make in this
2026-05-07T13:13:24.7509544Z state without impacting any branches by switching back to a branch.
2026-05-07T13:13:24.7510054Z 
2026-05-07T13:13:24.7510431Z If you want to create a new branch to retain commits you create, you may
2026-05-07T13:13:24.7511299Z do so (now or later) by using -c with the switch command. Example:
2026-05-07T13:13:24.7511844Z 
2026-05-07T13:13:24.7512071Z   git switch -c <new-branch-name>
2026-05-07T13:13:24.7512429Z 
2026-05-07T13:13:24.7512657Z Or undo this operation with:
2026-05-07T13:13:24.7512988Z 
2026-05-07T13:13:24.7513154Z   git switch -
2026-05-07T13:13:24.7513409Z 
2026-05-07T13:13:24.7513809Z Turn off this advice by setting config variable advice.detachedHead to false
2026-05-07T13:13:24.7514388Z 
2026-05-07T13:13:24.7515056Z HEAD is now at 13cc5bd Merge 4ba7b209873f50edd3cdbbef904f73351f877969 into 2bd822b3aad4e86f3028324a5b754fc6b4ea54a1
2026-05-07T13:13:24.7517063Z ##[endgroup]
2026-05-07T13:13:24.7555425Z [command]/usr/bin/git log -1 --format=%H
2026-05-07T13:13:24.7578863Z 13cc5bd73673b745ce87ba771dd8c450fe067c8f
2026-05-07T13:13:24.7851667Z ##[group]Run actions/setup-go@v5
2026-05-07T13:13:24.7851981Z with:
2026-05-07T13:13:24.7852201Z   go-version: 1.24.x
2026-05-07T13:13:24.7852436Z   check-latest: false
2026-05-07T13:13:24.7852807Z   token: ***
2026-05-07T13:13:24.7853020Z   cache: true
2026-05-07T13:13:24.7853225Z ##[endgroup]
2026-05-07T13:13:24.9575649Z Setup go version spec 1.24.x
2026-05-07T13:13:24.9647375Z Found in cache @ /opt/hostedtoolcache/go/1.24.13/x64
2026-05-07T13:13:24.9651432Z Added go to the path
2026-05-07T13:13:24.9655514Z Successfully set up Go version 1.24.x
2026-05-07T13:13:28.6027997Z go: downloading go1.25.0 (linux/amd64)
2026-05-07T13:13:28.6184630Z [command]/opt/hostedtoolcache/go/1.24.13/x64/bin/go env GOMODCACHE
2026-05-07T13:13:28.6216799Z [command]/opt/hostedtoolcache/go/1.24.13/x64/bin/go env GOCACHE
2026-05-07T13:13:28.6268609Z /home/runner/go/pkg/mod
2026-05-07T13:13:28.6298284Z /home/runner/.cache/go-build
2026-05-07T13:13:28.7548721Z Cache is not found
2026-05-07T13:13:28.7572221Z go version go1.25.0 linux/amd64
2026-05-07T13:13:28.7572442Z 
2026-05-07T13:13:28.7572747Z ##[group]go env
2026-05-07T13:13:28.8781221Z AR='ar'
2026-05-07T13:13:28.8781659Z CC='gcc'
2026-05-07T13:13:28.8782073Z CGO_CFLAGS='-O2 -g'
2026-05-07T13:13:28.8782451Z CGO_CPPFLAGS=''
2026-05-07T13:13:28.8782713Z CGO_CXXFLAGS='-O2 -g'
2026-05-07T13:13:28.8783005Z CGO_ENABLED='1'
2026-05-07T13:13:28.8783270Z CGO_FFLAGS='-O2 -g'
2026-05-07T13:13:28.8783534Z CGO_LDFLAGS='-O2 -g'
2026-05-07T13:13:28.8783787Z CXX='g++'
2026-05-07T13:13:28.8784005Z GCCGO='gccgo'
2026-05-07T13:13:28.8784241Z GO111MODULE=''
2026-05-07T13:13:28.8784476Z GOAMD64='v1'
2026-05-07T13:13:28.8784709Z GOARCH='amd64'
2026-05-07T13:13:28.8784936Z GOAUTH='netrc'
2026-05-07T13:13:28.8785186Z GOBIN=''
2026-05-07T13:13:28.8785445Z GOCACHE='/home/runner/.cache/go-build'
2026-05-07T13:13:28.8785797Z GOCACHEPROG=''
2026-05-07T13:13:28.8786024Z GODEBUG=''
2026-05-07T13:13:28.8786277Z GOENV='/home/runner/.config/go/env'
2026-05-07T13:13:28.8786578Z GOEXE=''
2026-05-07T13:13:28.8786890Z GOEXPERIMENT=''
2026-05-07T13:13:28.8787176Z GOFIPS140='off'
2026-05-07T13:13:28.8787728Z GOFLAGS=''
2026-05-07T13:13:28.8788698Z GOGCCFLAGS='-fPIC -m64 -pthread -Wl,--no-gc-sections -fmessage-length=0 -ffile-prefix-map=/tmp/go-build3974104541=/tmp/go-build -gno-record-gcc-switches'
2026-05-07T13:13:28.8789637Z GOHOSTARCH='amd64'
2026-05-07T13:13:28.8789893Z GOHOSTOS='linux'
2026-05-07T13:13:28.8790132Z GOINSECURE=''
2026-05-07T13:13:28.8790442Z GOMOD='/home/runner/work/migrate/migrate/go.mod'
2026-05-07T13:13:28.8790888Z GOMODCACHE='/home/runner/go/pkg/mod'
2026-05-07T13:13:28.8791240Z GONOPROXY=''
2026-05-07T13:13:28.8791489Z GONOSUMDB=''
2026-05-07T13:13:28.8791704Z GOOS='linux'
2026-05-07T13:13:28.8792216Z GOPATH='/home/runner/go'
2026-05-07T13:13:28.8792488Z GOPRIVATE=''
2026-05-07T13:13:28.8792774Z GOPROXY='https://proxy.golang.org,direct'
2026-05-07T13:13:28.8793295Z GOROOT='/home/runner/go/pkg/mod/golang.org/toolchain@v0.0.1-go1.25.0.linux-amd64'
2026-05-07T13:13:28.8793788Z GOSUMDB='sum.golang.org'
2026-05-07T13:13:28.8794042Z GOTELEMETRY='local'
2026-05-07T13:13:28.8794339Z GOTELEMETRYDIR='/home/runner/.config/go/telemetry'
2026-05-07T13:13:28.8794702Z GOTMPDIR=''
2026-05-07T13:13:28.8794895Z GOTOOLCHAIN='auto'
2026-05-07T13:13:28.8795421Z GOTOOLDIR='/home/runner/go/pkg/mod/golang.org/toolchain@v0.0.1-go1.25.0.linux-amd64/pkg/tool/linux_amd64'
2026-05-07T13:13:28.8795976Z GOVCS=''
2026-05-07T13:13:28.8796196Z GOVERSION='go1.25.0'
2026-05-07T13:13:28.8796418Z GOWORK=''
2026-05-07T13:13:28.8796634Z PKG_CONFIG='pkg-config'
2026-05-07T13:13:28.8796782Z 
2026-05-07T13:13:28.8797232Z ##[endgroup]
2026-05-07T13:13:28.8895295Z ##[group]Run make test COVERAGE_DIR=/tmp/coverage
2026-05-07T13:13:28.8896004Z [36;1mmake test COVERAGE_DIR=/tmp/coverage[0m
2026-05-07T13:13:28.8922303Z shell: /usr/bin/bash -e {0}
2026-05-07T13:13:28.8922565Z ##[endgroup]
2026-05-07T13:13:28.9160320Z rm: cannot remove '/tmp/coverage': No such file or directory
2026-05-07T13:13:28.9161402Z make: [Makefile:37: test] Error 1 (ignored)
2026-05-07T13:13:28.9173318Z make test-with-flags TEST_FLAGS='-v -race -covermode atomic -coverprofile $(COVERAGE_DIR)/combined.txt -bench=. -benchmem -timeout 20m'
2026-05-07T13:13:28.9185256Z make[1]: Entering directory '/home/runner/work/migrate/migrate'
2026-05-07T13:13:28.9199799Z SOURCE: file go_bindata github github_ee bitbucket aws_s3 google_cloud_storage godoc_vfs gitlab
2026-05-07T13:13:28.9208298Z DATABASE_TEST: postgres mysql redshift cassandra spanner cockroachdb yugabytedb clickhouse mongodb sqlserver firebird neo4j pgx pgx5 rqlite sqlite sqlite3 sqlcipher
2026-05-07T13:13:28.9635027Z go: downloading github.com/gocql/gocql v0.0.0-20210515062232-b7ef815b4556
2026-05-07T13:13:28.9638218Z go: downloading github.com/dhui/dktest v0.4.6
2026-05-07T13:13:28.9640266Z go: downloading github.com/ClickHouse/clickhouse-go v1.4.3
2026-05-07T13:13:28.9641434Z go: downloading github.com/nakagami/firebirdsql v0.0.0-20190310045651-3c02a58cfed8
2026-05-07T13:13:29.0105075Z go: downloading github.com/cockroachdb/cockroach-go/v2 v2.1.1
2026-05-07T13:13:29.0188466Z go: downloading github.com/lib/pq v1.10.9
2026-05-07T13:13:29.0300791Z go: downloading github.com/stretchr/testify v1.11.1
2026-05-07T13:13:29.0533032Z go: downloading github.com/cenkalti/backoff/v4 v4.1.2
2026-05-07T13:13:29.0628602Z go: downloading go.mongodb.org/mongo-driver v1.7.5
2026-05-07T13:13:29.3856809Z go: downloading github.com/neo4j/neo4j-go-driver v1.8.1-0.20200803113522-b626aa943eba
2026-05-07T13:13:29.3858079Z go: downloading github.com/go-sql-driver/mysql v1.5.0
2026-05-07T13:13:29.3887838Z go: downloading github.com/jackc/pgconn v1.14.3
2026-05-07T13:13:29.3889296Z go: downloading github.com/jackc/pgerrcode v0.0.0-20220416144525-469b46aa5efa
2026-05-07T13:13:29.4041060Z go: downloading github.com/jackc/pgx/v4 v4.18.2
2026-05-07T13:13:29.4198398Z go: downloading github.com/jackc/pgx/v5 v5.9.2
2026-05-07T13:13:29.4414998Z go: downloading modernc.org/ql v1.0.0
2026-05-07T13:13:29.4444040Z go: downloading github.com/rqlite/gorqlite v0.0.0-20230708021416-2acd02b70b79
2026-05-07T13:13:29.4664466Z go: downloading github.com/snowflakedb/gosnowflake v1.6.19
2026-05-07T13:13:29.5126596Z go: downloading cloud.google.com/go/spanner v1.85.0
2026-05-07T13:13:29.6055792Z go: downloading cloud.google.com/go v0.121.6
2026-05-07T13:13:29.6398583Z go: downloading google.golang.org/api v0.247.0
2026-05-07T13:13:29.6402820Z go: downloading github.com/mutecomm/go-sqlcipher/v4 v4.4.0
2026-05-07T13:13:29.6403446Z go: downloading modernc.org/sqlite v1.18.1
2026-05-07T13:13:29.6403882Z go: downloading github.com/mattn/go-sqlite3 v1.14.22
2026-05-07T13:13:29.8146634Z go: downloading github.com/Azure/go-autorest/autorest/adal v0.9.16
2026-05-07T13:13:29.8313341Z go: downloading github.com/Azure/go-autorest v14.2.0+incompatible
2026-05-07T13:13:29.8453453Z go: downloading github.com/microsoft/go-mssqldb v1.0.0
2026-05-07T13:13:29.8614841Z go: downloading github.com/docker/docker v28.3.3+incompatible
2026-05-07T13:13:30.6107180Z go: downloading github.com/aws/aws-sdk-go v1.49.6
2026-05-07T13:13:33.5270365Z go: downloading github.com/ktrysmt/go-bitbucket v0.6.4
2026-05-07T13:13:34.1773742Z go: downloading github.com/google/go-github/v39 v39.2.0
2026-05-07T13:13:34.1777241Z go: downloading golang.org/x/oauth2 v0.30.0
2026-05-07T13:13:34.1938822Z go: downloading github.com/xanzy/go-gitlab v0.15.0
2026-05-07T13:13:34.2259227Z go: downloading golang.org/x/tools/godoc v0.1.0-deprecated
2026-05-07T13:13:34.2538328Z go: downloading cloud.google.com/go/storage v1.56.0
2026-05-07T13:13:34.2945151Z go: downloading golang.org/x/tools v0.38.0
2026-05-07T13:13:34.3329355Z go: downloading github.com/fsouza/fake-gcs-server v1.17.0
2026-05-07T13:13:34.6439310Z go: downloading github.com/markbates/pkger v0.15.1
2026-05-07T13:13:34.6447117Z go: downloading github.com/gobuffalo/here v0.6.0
2026-05-07T13:13:34.6769133Z go: downloading github.com/docker/go-connections v0.5.0
2026-05-07T13:13:34.6776983Z go: downloading github.com/cznic/mathutil v0.0.0-20180504122225-ca4c9f2c1369
2026-05-07T13:13:34.6782421Z go: downloading github.com/kardianos/osext v0.0.0-20190222173326-2bc1f35cddc0
2026-05-07T13:13:34.6876354Z go: downloading github.com/shopspring/decimal v1.2.0
2026-05-07T13:13:34.6903743Z go: downloading gitlab.com/nyarla/go-crypt v0.0.0-20160106005555-d9a5dc2b789b
2026-05-07T13:13:34.7030584Z go: downloading github.com/golang/snappy v0.0.4
2026-05-07T13:13:34.7038534Z go: downloading github.com/hailocab/go-hostpool v0.0.0-20160125115350-e80d13ce29ed
2026-05-07T13:13:34.7105164Z go: downloading gopkg.in/inf.v0 v0.9.1
2026-05-07T13:13:34.7148679Z go: downloading github.com/davecgh/go-spew v1.1.2-0.20180830191138-d8f796af33cc
2026-05-07T13:13:34.7210077Z go: downloading github.com/pmezard/go-difflib v1.0.1-0.20181226105442-5d4384ee4fb2
2026-05-07T13:13:34.7211198Z go: downloading github.com/pkg/errors v0.9.1
2026-05-07T13:13:34.7298266Z go: downloading github.com/youmark/pkcs8 v0.0.0-20181117223130-1be2e3e5546d
2026-05-07T13:13:34.7420023Z go: downloading github.com/jackc/chunkreader/v2 v2.0.1
2026-05-07T13:13:34.7433149Z go: downloading github.com/jackc/pgio v1.0.0
2026-05-07T13:13:34.7456032Z go: downloading github.com/jackc/pgpassfile v1.0.0
2026-05-07T13:13:34.7515801Z go: downloading github.com/jackc/pgproto3/v2 v2.3.3
2026-05-07T13:13:34.7532735Z go: downloading github.com/jackc/pgservicefile v0.0.0-20240606120523-5a60cdf6a761
2026-05-07T13:13:34.7595494Z go: downloading golang.org/x/crypto v0.45.0
2026-05-07T13:13:34.7675265Z go: downloading golang.org/x/text v0.31.0
2026-05-07T13:13:34.7790126Z go: downloading github.com/jackc/pgtype v1.14.0
2026-05-07T13:13:34.8800229Z go: downloading github.com/99designs/keyring v1.2.1
2026-05-07T13:13:34.9137897Z go: downloading github.com/Azure/azure-sdk-for-go/sdk/azcore v1.4.0
2026-05-07T13:13:34.9656311Z go: downloading github.com/Azure/azure-sdk-for-go/sdk/storage/azblob v1.0.0
2026-05-07T13:13:35.0359532Z go: downloading github.com/apache/arrow/go/v10 v10.0.1
2026-05-07T13:13:35.2705239Z go: downloading github.com/aws/aws-sdk-go-v2 v1.16.16
2026-05-07T13:13:35.2725974Z go: downloading github.com/aws/aws-sdk-go-v2/credentials v1.12.20
2026-05-07T13:13:35.3794974Z go: downloading github.com/aws/aws-sdk-go-v2/feature/s3/manager v1.11.33
2026-05-07T13:13:35.3796267Z go: downloading github.com/aws/aws-sdk-go-v2/service/s3 v1.27.11
2026-05-07T13:13:35.3994345Z go: downloading github.com/aws/smithy-go v1.13.3
2026-05-07T13:13:35.5406816Z go: downloading github.com/form3tech-oss/jwt-go v3.2.5+incompatible
2026-05-07T13:13:35.5414813Z go: downloading github.com/gabriel-vasile/mimetype v1.4.1
2026-05-07T13:13:35.5566079Z go: downloading github.com/pkg/browser v0.0.0-20210911075715-681adbf594b8
2026-05-07T13:13:35.5658808Z go: downloading github.com/sirupsen/logrus v1.9.3
2026-05-07T13:13:35.5892680Z go: downloading cloud.google.com/go/monitoring v1.24.2
2026-05-07T13:13:35.6420340Z go: downloading github.com/GoogleCloudPlatform/grpc-gcp-go/grpcgcp v1.5.3
2026-05-07T13:13:35.6561227Z go: downloading github.com/google/uuid v1.6.0
2026-05-07T13:13:35.6563655Z go: downloading github.com/googleapis/gax-go/v2 v2.15.0
2026-05-07T13:13:35.6771675Z go: downloading go.opencensus.io v0.24.0
2026-05-07T13:13:35.7481557Z go: downloading go.opentelemetry.io/contrib/detectors/gcp v1.36.0
2026-05-07T13:13:35.7482843Z go: downloading go.opentelemetry.io/otel v1.40.0
2026-05-07T13:13:36.0224796Z go: downloading go.opentelemetry.io/otel/metric v1.40.0
2026-05-07T13:13:36.0357222Z go: downloading go.opentelemetry.io/otel/sdk/metric v1.40.0
2026-05-07T13:13:36.0438021Z go: downloading go.opentelemetry.io/otel/trace v1.40.0
2026-05-07T13:13:36.0605683Z go: downloading go.opentelemetry.io/otel/sdk v1.40.0
2026-05-07T13:13:36.0650888Z go: downloading google.golang.org/genproto/googleapis/api v0.0.0-20250818200422-3122310a409c
2026-05-07T13:13:36.0905050Z go: downloading google.golang.org/genproto v0.0.0-20250603155806-513f23925822
2026-05-07T13:13:36.7189009Z go: downloading google.golang.org/genproto/googleapis/rpc v0.0.0-20250818200422-3122310a409c
2026-05-07T13:13:36.7190287Z go: downloading google.golang.org/grpc v1.74.2
2026-05-07T13:13:36.9809348Z go: downloading google.golang.org/protobuf v1.36.7
2026-05-07T13:13:37.1835127Z go: downloading cloud.google.com/go/iam v1.5.2
2026-05-07T13:13:37.1836745Z go: downloading cloud.google.com/go/longrunning v0.6.7
2026-05-07T13:13:37.1972757Z go: downloading golang.org/x/net v0.47.0
2026-05-07T13:13:37.1977377Z go: downloading github.com/Azure/go-autorest/autorest/date v0.3.0
2026-05-07T13:13:37.1988070Z go: downloading github.com/Azure/go-autorest/logger v0.2.1
2026-05-07T13:13:37.2144602Z go: downloading github.com/Azure/go-autorest/tracing v0.6.0
2026-05-07T13:13:37.2161147Z go: downloading github.com/golang-jwt/jwt/v4 v4.5.2
2026-05-07T13:13:37.2283655Z go: downloading github.com/golang-sql/civil v0.0.0-20190719163853-cb61b32ac6fe
2026-05-07T13:13:37.2284450Z go: downloading github.com/golang-sql/sqlexp v0.1.0
2026-05-07T13:13:37.2349824Z go: downloading github.com/moby/docker-image-spec v1.3.1
2026-05-07T13:13:37.2380273Z go: downloading github.com/opencontainers/go-digest v1.0.0
2026-05-07T13:13:37.2395463Z go: downloading github.com/opencontainers/image-spec v1.1.0
2026-05-07T13:13:37.2451785Z go: downloading github.com/containerd/errdefs v1.0.0
2026-05-07T13:13:37.2518340Z go: downloading github.com/containerd/errdefs/pkg v0.3.0
2026-05-07T13:13:37.2568221Z go: downloading github.com/distribution/reference v0.6.0
2026-05-07T13:13:37.2697414Z go: downloading go.opentelemetry.io/contrib/instrumentation/net/http/otelhttp v0.61.0
2026-05-07T13:13:37.2721650Z go: downloading github.com/k0kubun/pp v2.3.0+incompatible
2026-05-07T13:13:37.2768596Z go: downloading github.com/mitchellh/mapstructure v1.1.2
2026-05-07T13:13:37.2879469Z go: downloading github.com/google/go-querystring v1.1.0
2026-05-07T13:13:37.3052562Z go: downloading cloud.google.com/go/auth v0.16.4
2026-05-07T13:13:37.3053711Z go: downloading cloud.google.com/go/compute/metadata v0.8.0
2026-05-07T13:13:37.3180580Z go: downloading github.com/GoogleCloudPlatform/opentelemetry-operations-go/exporter/metric v0.53.0
2026-05-07T13:13:37.3572520Z go: downloading github.com/gorilla/handlers v1.4.2
2026-05-07T13:13:37.3573182Z go: downloading github.com/gorilla/mux v1.7.4
2026-05-07T13:13:37.3592925Z go: downloading github.com/docker/go-units v0.5.0
2026-05-07T13:13:37.3814566Z go: downloading github.com/moby/term v0.5.0
2026-05-07T13:13:37.3864220Z go: downloading github.com/morikuni/aec v1.0.0
2026-05-07T13:13:37.3970429Z go: downloading gopkg.in/yaml.v3 v3.0.1
2026-05-07T13:13:37.4044051Z go: downloading github.com/go-stack/stack v1.8.0
2026-05-07T13:13:37.4050671Z go: downloading github.com/klauspost/compress v1.15.11
2026-05-07T13:13:37.4119229Z go: downloading github.com/xdg-go/scram v1.1.1
2026-05-07T13:13:37.4173160Z go: downloading github.com/xdg-go/stringprep v1.0.3
2026-05-07T13:13:37.4198102Z go: downloading golang.org/x/sync v0.18.0
2026-05-07T13:13:37.4378205Z go: downloading modernc.org/b v1.0.0
2026-05-07T13:13:37.4379005Z go: downloading modernc.org/db v1.0.0
2026-05-07T13:13:37.4380075Z go: downloading modernc.org/file v1.0.0
2026-05-07T13:13:37.4577632Z go: downloading modernc.org/golex v1.0.0
2026-05-07T13:13:37.4583022Z go: downloading modernc.org/internal v1.0.0
2026-05-07T13:13:37.4583884Z go: downloading modernc.org/lldb v1.0.0
2026-05-07T13:13:37.4686126Z go: downloading modernc.org/mathutil v1.5.0
2026-05-07T13:13:37.4732713Z go: downloading modernc.org/strutil v1.1.3
2026-05-07T13:13:37.4812559Z go: downloading github.com/dvsekhvalnov/jose2go v1.7.0
2026-05-07T13:13:37.4843594Z go: downloading github.com/godbus/dbus v0.0.0-20190726142602-4481cbc300e2
2026-05-07T13:13:37.4905224Z go: downloading github.com/gsterjov/go-libsecret v0.0.0-20161001094733-a6f4afe4910c
2026-05-07T13:13:37.4975563Z go: downloading github.com/mtibben/percent v0.2.1
2026-05-07T13:13:37.5012911Z go: downloading golang.org/x/sys v0.40.0
2026-05-07T13:13:37.5060198Z go: downloading golang.org/x/term v0.37.0
2026-05-07T13:13:37.5082861Z go: downloading golang.org/x/xerrors v0.0.0-20231012003039-104605ab7028
2026-05-07T13:13:37.5194413Z go: downloading github.com/google/flatbuffers v2.0.8+incompatible
2026-05-07T13:13:37.5212216Z go: downloading github.com/pierrec/lz4/v4 v4.1.16
2026-05-07T13:13:37.7176893Z go: downloading github.com/goccy/go-json v0.9.11
2026-05-07T13:13:37.7723703Z go: downloading github.com/aws/aws-sdk-go-v2/aws/protocol/eventstream v1.4.8
2026-05-07T13:13:37.7854801Z go: downloading github.com/aws/aws-sdk-go-v2/internal/configsources v1.1.23
2026-05-07T13:13:37.7945175Z go: downloading github.com/aws/aws-sdk-go-v2/internal/v4a v1.0.14
2026-05-07T13:13:37.8154489Z go: downloading github.com/aws/aws-sdk-go-v2/service/internal/accept-encoding v1.9.9
2026-05-07T13:13:37.8263166Z go: downloading github.com/aws/aws-sdk-go-v2/service/internal/checksum v1.1.18
2026-05-07T13:13:37.8392192Z go: downloading github.com/aws/aws-sdk-go-v2/service/internal/presigned-url v1.9.17
2026-05-07T13:13:37.8480641Z go: downloading github.com/aws/aws-sdk-go-v2/service/internal/s3shared v1.13.17
2026-05-07T13:13:37.8601708Z go: downloading github.com/jackc/puddle/v2 v2.2.2
2026-05-07T13:13:37.8679712Z go: downloading github.com/golang/groupcache v0.0.0-20210331224755-41bb18bfe9da
2026-05-07T13:13:37.8746014Z go: downloading github.com/GoogleCloudPlatform/opentelemetry-operations-go/detectors/gcp v1.27.0
2026-05-07T13:13:37.8806762Z go: downloading github.com/go-logr/logr v1.4.3
2026-05-07T13:13:37.8858264Z go: downloading modernc.org/libc v1.17.1
2026-05-07T13:13:38.3651665Z go: downloading cloud.google.com/go/auth/oauth2adapt v0.2.8
2026-05-07T13:13:38.3727021Z go: downloading go.opentelemetry.io/contrib/instrumentation/google.golang.org/grpc/otelgrpc v0.61.0
2026-05-07T13:13:38.3834797Z go: downloading golang.org/x/time v0.12.0
2026-05-07T13:13:38.4021154Z go: downloading github.com/mattn/go-colorable v0.1.6
2026-05-07T13:13:38.4187222Z go: downloading github.com/jmespath/go-jmespath v0.4.0
2026-05-07T13:13:38.5118594Z go: downloading github.com/felixge/httpsnoop v1.0.4
2026-05-07T13:13:38.5228699Z go: downloading github.com/GoogleCloudPlatform/opentelemetry-operations-go/internal/resourcemapping v0.53.0
2026-05-07T13:13:38.5351946Z go: downloading github.com/xdg-go/pbkdf2 v1.0.0
2026-05-07T13:13:38.5463266Z go: downloading modernc.org/fileutil v1.0.0
2026-05-07T13:13:38.5627349Z go: downloading modernc.org/sortutil v1.1.0
2026-05-07T13:13:38.5711450Z go: downloading modernc.org/zappy v1.0.0
2026-05-07T13:13:38.5795705Z go: downloading github.com/remyoudompheng/bigfft v0.0.0-20200410134404-eec4a21b6bb0
2026-05-07T13:13:38.5894247Z go: downloading github.com/Azure/azure-sdk-for-go/sdk/internal v1.1.2
2026-05-07T13:13:38.6146783Z go: downloading github.com/zeebo/xxh3 v1.0.2
2026-05-07T13:13:38.6460138Z go: downloading github.com/aws/aws-sdk-go-v2/internal/endpoints/v2 v2.4.17
2026-05-07T13:13:38.6538765Z go: downloading github.com/go-logr/stdr v1.2.2
2026-05-07T13:13:38.6645802Z go: downloading go.opentelemetry.io/auto/sdk v1.2.1
2026-05-07T13:13:38.6792992Z go: downloading github.com/cespare/xxhash/v2 v2.3.0
2026-05-07T13:13:38.6896449Z go: downloading github.com/google/s2a-go v0.1.9
2026-05-07T13:13:38.7230705Z go: downloading github.com/envoyproxy/go-control-plane/envoy v1.32.4
2026-05-07T13:13:38.7501850Z go: downloading github.com/googleapis/enterprise-certificate-proxy v0.3.6
2026-05-07T13:13:38.7701808Z go: downloading github.com/gogo/protobuf v1.3.2
2026-05-07T13:13:39.1311350Z go: downloading github.com/mattn/go-isatty v0.0.16
2026-05-07T13:13:39.4372049Z go: downloading github.com/edsrzf/mmap-go v0.0.0-20170320065105-0bce6a688712
2026-05-07T13:13:39.4373034Z go: downloading github.com/klauspost/cpuid/v2 v2.0.9
2026-05-07T13:13:39.4373945Z go: downloading modernc.org/memory v1.2.1
2026-05-07T13:13:39.4393003Z go: downloading github.com/spiffe/go-spiffe/v2 v2.5.0
2026-05-07T13:13:39.4704266Z go: downloading github.com/cncf/xds/go v0.0.0-20250501225837-2ac532fd4443
2026-05-07T13:13:39.5036194Z go: downloading github.com/envoyproxy/protoc-gen-validate v1.2.1
2026-05-07T13:13:39.5040380Z go: downloading github.com/andybalholm/brotli v1.0.4
2026-05-07T13:13:39.5043032Z go: downloading github.com/apache/thrift v0.16.0
2026-05-07T13:13:39.5048999Z go: downloading github.com/go-jose/go-jose/v4 v4.0.5
2026-05-07T13:13:39.5588665Z go: downloading github.com/zeebo/errs v1.4.0
2026-05-07T13:13:39.5698336Z go: downloading cel.dev/expr v0.24.0
2026-05-07T13:15:32.0749549Z # github.com/mutecomm/go-sqlcipher/v4
2026-05-07T13:15:32.0780712Z sqlite3.c: In function ‘sqlite3SelectNew’:
2026-05-07T13:15:32.0798856Z sqlite3.c:132475:10: warning: function may return address of local variable [-Wreturn-local-addr]
2026-05-07T13:15:32.0799792Z 132475 |   return pNew;
2026-05-07T13:15:32.0800536Z        |          ^~~~
2026-05-07T13:15:32.0800991Z sqlite3.c:132435:10: note: declared here
2026-05-07T13:15:32.0801465Z 132435 |   Select standin;
2026-05-07T13:15:32.0801913Z        |          ^~~~~~~
2026-05-07T13:15:46.6135730Z === RUN   TestNew
2026-05-07T13:15:46.6137228Z --- PASS: TestNew (0.00s)
2026-05-07T13:15:46.6138342Z === RUN   TestNewWithDatabaseInstance
2026-05-07T13:15:46.6139204Z --- PASS: TestNewWithDatabaseInstance (0.00s)
2026-05-07T13:15:46.6140073Z === RUN   TestNewWithSourceInstance
2026-05-07T13:15:46.6140899Z --- PASS: TestNewWithSourceInstance (0.00s)
2026-05-07T13:15:46.6141672Z === RUN   TestNewWithInstance
2026-05-07T13:15:46.6142448Z --- PASS: TestNewWithInstance (0.00s)
2026-05-07T13:15:46.6143177Z === RUN   TestClose
2026-05-07T13:15:46.6143763Z --- PASS: TestClose (0.00s)
2026-05-07T13:15:46.6144371Z === RUN   TestMigrate
2026-05-07T13:15:46.6156074Z --- PASS: TestMigrate (0.01s)
2026-05-07T13:15:46.6157092Z === RUN   TestMigrateDirty
2026-05-07T13:15:46.6158061Z --- PASS: TestMigrateDirty (0.00s)
2026-05-07T13:15:46.6158756Z === RUN   TestSteps
2026-05-07T13:15:46.6200274Z --- PASS: TestSteps (0.00s)
2026-05-07T13:15:46.6231058Z === RUN   TestStepsDirty
2026-05-07T13:15:46.6258227Z --- PASS: TestStepsDirty (0.00s)
2026-05-07T13:15:46.6278848Z === RUN   TestUpAndDown
2026-05-07T13:15:46.6318521Z --- PASS: TestUpAndDown (0.00s)
2026-05-07T13:15:46.6368741Z === RUN   TestUpDirty
2026-05-07T13:15:46.6369664Z --- PASS: TestUpDirty (0.00s)
2026-05-07T13:15:46.6370301Z === RUN   TestDownDirty
2026-05-07T13:15:46.6371063Z --- PASS: TestDownDirty (0.00s)
2026-05-07T13:15:46.6371845Z === RUN   TestDrop
2026-05-07T13:15:46.6372390Z --- PASS: TestDrop (0.00s)
2026-05-07T13:15:46.6373150Z === RUN   TestVersion
2026-05-07T13:15:46.6373886Z --- PASS: TestVersion (0.00s)
2026-05-07T13:15:46.6374481Z === RUN   TestRun
2026-05-07T13:15:46.6375178Z --- PASS: TestRun (0.00s)
2026-05-07T13:15:46.6375909Z === RUN   TestRunDirty
2026-05-07T13:15:46.6376508Z --- PASS: TestRunDirty (0.00s)
2026-05-07T13:15:46.6377261Z === RUN   TestForce
2026-05-07T13:15:46.6378530Z --- PASS: TestForce (0.00s)
2026-05-07T13:15:46.6379139Z === RUN   TestForceDirty
2026-05-07T13:15:46.6380132Z --- PASS: TestForceDirty (0.00s)
2026-05-07T13:15:46.6380737Z === RUN   TestRead
2026-05-07T13:15:46.6489338Z --- PASS: TestRead (0.02s)
2026-05-07T13:15:46.6490159Z === RUN   TestReadUp
2026-05-07T13:15:46.6552953Z --- PASS: TestReadUp (0.01s)
2026-05-07T13:15:46.6565932Z === RUN   TestReadDown
2026-05-07T13:15:46.6617983Z --- PASS: TestReadDown (0.01s)
2026-05-07T13:15:46.6618774Z === RUN   TestLock
2026-05-07T13:15:46.6619615Z --- PASS: TestLock (0.00s)
2026-05-07T13:15:46.6624620Z === RUN   TestSuintPanicsWithNegativeInput
2026-05-07T13:15:46.6628824Z --- PASS: TestSuintPanicsWithNegativeInput (0.00s)
2026-05-07T13:15:46.6629565Z === RUN   TestSuint
2026-05-07T13:15:46.6631840Z --- PASS: TestSuint (0.00s)
2026-05-07T13:15:46.6632583Z === RUN   TestFilterCustomQuery
2026-05-07T13:15:46.6633648Z --- PASS: TestFilterCustomQuery (0.00s)
2026-05-07T13:15:46.6634308Z === RUN   ExampleNewMigration
2026-05-07T13:15:46.6634950Z --- PASS: ExampleNewMigration (0.00s)
2026-05-07T13:15:46.6635591Z === RUN   ExampleNewMigration_nilMigration
2026-05-07T13:15:46.6636305Z --- PASS: ExampleNewMigration_nilMigration (0.00s)
2026-05-07T13:15:46.6637003Z === RUN   ExampleNewMigration_nilVersion
2026-05-07T13:15:46.6637991Z --- PASS: ExampleNewMigration_nilVersion (0.00s)
2026-05-07T13:15:46.6638618Z PASS
2026-05-07T13:15:46.6678786Z coverage: 76.2% of statements
2026-05-07T13:15:47.6899312Z ok  	github.com/golang-migrate/migrate/v4	1.087s
2026-05-07T13:15:47.7038993Z FAIL	github.com/golang-migrate/migrate/v4/cmd/migrate [build failed]
2026-05-07T13:15:47.7040334Z # github.com/golang-migrate/migrate/v4/cli
2026-05-07T13:15:47.7057281Z go: no such tool "covdata"
2026-05-07T13:15:47.7057932Z FAIL	github.com/golang-migrate/migrate/v4/database [build failed]
2026-05-07T13:15:47.7059669Z FAIL	github.com/golang-migrate/migrate/v4/database/cassandra [build failed]
2026-05-07T13:15:47.7075118Z FAIL	github.com/golang-migrate/migrate/v4/database/clickhouse [build failed]
2026-05-07T13:15:47.7134923Z FAIL	github.com/golang-migrate/migrate/v4/database/cockroachdb [build failed]
2026-05-07T13:15:47.7159375Z FAIL	github.com/golang-migrate/migrate/v4/database/firebird [build failed]
2026-05-07T13:15:47.7210052Z FAIL	github.com/golang-migrate/migrate/v4/database/mongodb [build failed]
2026-05-07T13:15:47.7248530Z FAIL	github.com/golang-migrate/migrate/v4/database/multistmt [build failed]
2026-05-07T13:15:47.7265670Z FAIL	github.com/golang-migrate/migrate/v4/database/mysql [build failed]
2026-05-07T13:15:47.7348452Z FAIL	github.com/golang-migrate/migrate/v4/database/neo4j [build failed]
2026-05-07T13:15:47.7363731Z FAIL	github.com/golang-migrate/migrate/v4/database/pgx [build failed]
2026-05-07T13:15:47.7410844Z FAIL	github.com/golang-migrate/migrate/v4/database/pgx/v5 [build failed]
2026-05-07T13:15:47.7477923Z FAIL	github.com/golang-migrate/migrate/v4/database/postgres [build failed]
2026-05-07T13:15:47.7516236Z FAIL	github.com/golang-migrate/migrate/v4/database/ql [build failed]
2026-05-07T13:15:47.7538937Z FAIL	github.com/golang-migrate/migrate/v4/database/redshift [build failed]
2026-05-07T13:15:47.7567269Z FAIL	github.com/golang-migrate/migrate/v4/database/rqlite [build failed]
2026-05-07T13:15:47.7607793Z FAIL	github.com/golang-migrate/migrate/v4/database/snowflake [build failed]
2026-05-07T13:15:47.8139143Z FAIL	github.com/golang-migrate/migrate/v4/database/spanner [build failed]
2026-05-07T13:15:47.8211659Z FAIL	github.com/golang-migrate/migrate/v4/database/sqlcipher [build failed]
2026-05-07T13:15:50.4263556Z FAIL	github.com/golang-migrate/migrate/v4/database/sqlite [build failed]
2026-05-07T13:15:50.4288282Z FAIL	github.com/golang-migrate/migrate/v4/database/sqlite3 [build failed]
2026-05-07T13:15:50.4296381Z FAIL	github.com/golang-migrate/migrate/v4/database/sqlserver [build failed]
2026-05-07T13:15:50.4320668Z FAIL	github.com/golang-migrate/migrate/v4/database/stub [build failed]
2026-05-07T13:15:50.4331605Z FAIL	github.com/golang-migrate/migrate/v4/database/testing [build failed]
2026-05-07T13:15:50.4332539Z FAIL	github.com/golang-migrate/migrate/v4/database/yugabytedb [build failed]
2026-05-07T13:15:50.4354088Z FAIL	github.com/golang-migrate/migrate/v4/dktesting [build failed]
2026-05-07T13:15:50.4373127Z FAIL	github.com/golang-migrate/migrate/v4/internal/cli [build failed]
2026-05-07T13:15:50.4394505Z FAIL	github.com/golang-migrate/migrate/v4/internal/url [build failed]
2026-05-07T13:15:50.4405376Z FAIL	github.com/golang-migrate/migrate/v4/source [build failed]
2026-05-07T13:15:50.4415923Z FAIL	github.com/golang-migrate/migrate/v4/source/aws_s3 [build failed]
2026-05-07T13:15:50.4443131Z FAIL	github.com/golang-migrate/migrate/v4/source/bitbucket [build failed]
2026-05-07T13:15:50.4461927Z FAIL	github.com/golang-migrate/migrate/v4/source/file [build failed]
2026-05-07T13:15:50.4473469Z FAIL	github.com/golang-migrate/migrate/v4/source/github [build failed]
2026-05-07T13:15:50.4494759Z FAIL	github.com/golang-migrate/migrate/v4/source/github_ee [build failed]
2026-05-07T13:15:50.4518981Z FAIL	github.com/golang-migrate/migrate/v4/source/gitlab [build failed]
2026-05-07T13:15:50.4540381Z FAIL	github.com/golang-migrate/migrate/v4/source/go_bindata [build failed]
2026-05-07T13:15:50.4553354Z FAIL	github.com/golang-migrate/migrate/v4/source/go_bindata/examples/migrations [build failed]
2026-05-07T13:15:50.4554280Z FAIL	github.com/golang-migrate/migrate/v4/source/godoc_vfs [build failed]
2026-05-07T13:15:50.4570738Z FAIL	github.com/golang-migrate/migrate/v4/source/google_cloud_storage [build failed]
2026-05-07T13:15:50.4630584Z FAIL	github.com/golang-migrate/migrate/v4/source/httpfs [build failed]
2026-05-07T13:15:50.4646188Z FAIL	github.com/golang-migrate/migrate/v4/source/iofs [build failed]
2026-05-07T13:15:50.4660256Z FAIL	github.com/golang-migrate/migrate/v4/source/pkger [build failed]
2026-05-07T13:15:50.4676677Z FAIL	github.com/golang-migrate/migrate/v4/source/stub [build failed]
2026-05-07T13:15:50.4688418Z FAIL	github.com/golang-migrate/migrate/v4/source/testing [build failed]
2026-05-07T13:15:50.4689378Z FAIL	github.com/golang-migrate/migrate/v4/testing [build failed]
2026-05-07T13:15:50.8170054Z make[1]: Leaving directory '/home/runner/work/migrate/migrate'
2026-05-07T13:15:50.8170859Z make[1]: *** [Makefile:45: test-with-flags] Error 1
2026-05-07T13:15:50.8171556Z make: *** [Makefile:39: test] Error 2
2026-05-07T13:15:50.8191026Z ##[error]Process completed with exit code 2.
2026-05-07T13:15:50.8301871Z Post job cleanup.
2026-05-07T13:15:50.9267667Z [command]/usr/bin/git version
2026-05-07T13:15:50.9303910Z git version 2.53.0
2026-05-07T13:15:50.9354772Z Temporarily overriding HOME='/home/runner/work/_temp/8f273c55-28a9-4cbd-a1fa-7c5dc8fb0a24' before making global git config changes
2026-05-07T13:15:50.9356186Z Adding repository directory to the temporary git global config as a safe directory
2026-05-07T13:15:50.9361192Z [command]/usr/bin/git config --global --add safe.directory /home/runner/work/migrate/migrate
2026-05-07T13:15:50.9395563Z [command]/usr/bin/git config --local --name-only --get-regexp core\.sshCommand
2026-05-07T13:15:50.9428693Z [command]/usr/bin/git submodule foreach --recursive sh -c "git config --local --name-only --get-regexp 'core\.sshCommand' && git config --local --unset-all 'core.sshCommand' || :"
2026-05-07T13:15:50.9648010Z [command]/usr/bin/git config --local --name-only --get-regexp http\.https\:\/\/github\.com\/\.extraheader
2026-05-07T13:15:50.9667558Z http.https://github.com/.extraheader
2026-05-07T13:15:50.9680140Z [command]/usr/bin/git config --local --unset-all http.https://github.com/.extraheader
2026-05-07T13:15:50.9709809Z [command]/usr/bin/git submodule foreach --recursive sh -c "git config --local --name-only --get-regexp 'http\.https\:\/\/github\.com\/\.extraheader' && git config --local --unset-all 'http.https://github.com/.extraheader' || :"
2026-05-07T13:15:50.9921262Z [command]/usr/bin/git config --local --name-only --get-regexp ^includeIf\.gitdir:
2026-05-07T13:15:50.9950230Z [command]/usr/bin/git submodule foreach --recursive git config --local --show-origin --name-only --get-regexp remote.origin.url
2026-05-07T13:15:51.0274621Z Cleaning up orphan processes
2026-05-07T13:15:51.0668710Z ##[warning]Node.js 20 actions are deprecated. The following actions are running on Node.js 20 and may not work as expected: actions/checkout@v4, actions/setup-go@v5. Actions will be forced to run with Node.js 24 by default starting June 2nd, 2026. Node.js 20 will be removed from the runner on September 16th, 2026. Please check if updated versions of these actions are available that support Node.js 24. To opt into Node.js 24 now, set the FORCE_JAVASCRIPT_ACTIONS_TO_NODE24=true environment variable on the runner or in your workflow file. Once Node.js 24 becomes the default, you can temporarily opt out by setting ACTIONS_ALLOW_USE_UNSECURE_NODE_VERSION=true. For more information see: https://github.blog/changelog/2025-09-19-deprecation-of-node-20-on-github-actions-runners/
