2026-03-17T07:05:16.2518936Z Current runner version: '2.332.0'
2026-03-17T07:05:16.2541979Z ##[group]Runner Image Provisioner
2026-03-17T07:05:16.2542853Z Hosted Compute Agent
2026-03-17T07:05:16.2543435Z Version: 20260213.493
2026-03-17T07:05:16.2544060Z Commit: 5c115507f6dd24b8de37d8bbe0bb4509d0cc0fa3
2026-03-17T07:05:16.2544764Z Build Date: 2026-02-13T00:28:41Z
2026-03-17T07:05:16.2545447Z Worker ID: {6b02fcb5-6a62-4ceb-8c6d-33f6cedb27be}
2026-03-17T07:05:16.2546170Z Azure Region: northcentralus
2026-03-17T07:05:16.2546829Z ##[endgroup]
2026-03-17T07:05:16.2548212Z ##[group]Operating System
2026-03-17T07:05:16.2548831Z Ubuntu
2026-03-17T07:05:16.2549362Z 22.04.5
2026-03-17T07:05:16.2549817Z LTS
2026-03-17T07:05:16.2550317Z ##[endgroup]
2026-03-17T07:05:16.2551037Z ##[group]Runner Image
2026-03-17T07:05:16.2551725Z Image: ubuntu-22.04
2026-03-17T07:05:16.2552220Z Version: 20260309.57.1
2026-03-17T07:05:16.2553449Z Included Software: https://github.com/actions/runner-images/blob/ubuntu22/20260309.57/images/ubuntu/Ubuntu2204-Readme.md
2026-03-17T07:05:16.2554914Z Image Release: https://github.com/actions/runner-images/releases/tag/ubuntu22%2F20260309.57
2026-03-17T07:05:16.2555869Z ##[endgroup]
2026-03-17T07:05:16.2556838Z ##[group]GITHUB_TOKEN Permissions
2026-03-17T07:05:16.2558974Z Contents: read
2026-03-17T07:05:16.2559619Z Metadata: read
2026-03-17T07:05:16.2560091Z ##[endgroup]
2026-03-17T07:05:16.2562224Z Secret source: Actions
2026-03-17T07:05:16.2563255Z Prepare workflow directory
2026-03-17T07:05:16.2950695Z Prepare all required actions
2026-03-17T07:05:16.3005217Z Getting action download info
2026-03-17T07:05:16.6178503Z Download action repository 'actions/checkout@v4' (SHA:34e114876b0b11c390a56381ad16ebd13914f8d5)
2026-03-17T07:05:16.7460183Z Download action repository 'astral-sh/setup-uv@v7' (SHA:37802adc94f370d6bfd71619e3f0bf239e1f3b78)
2026-03-17T07:05:17.1825552Z Download action repository 'actions/upload-artifact@v4' (SHA:ea165f8d65b6e75b540449e92b4886f43607fa02)
2026-03-17T07:05:17.3964113Z Complete job name: build-linux-x86_64-extension
2026-03-17T07:05:17.4640041Z ##[group]Run actions/checkout@v4
2026-03-17T07:05:17.4641005Z with:
2026-03-17T07:05:17.4641422Z   repository: asg017/sqlite-vec
2026-03-17T07:05:17.4642039Z   token: ***
2026-03-17T07:05:17.4642414Z   ssh-strict: true
2026-03-17T07:05:17.4642801Z   ssh-user: git
2026-03-17T07:05:17.4643191Z   persist-credentials: true
2026-03-17T07:05:17.4643628Z   clean: true
2026-03-17T07:05:17.4644028Z   sparse-checkout-cone-mode: true
2026-03-17T07:05:17.4644504Z   fetch-depth: 1
2026-03-17T07:05:17.4644887Z   fetch-tags: false
2026-03-17T07:05:17.4645284Z   show-progress: true
2026-03-17T07:05:17.4645692Z   lfs: false
2026-03-17T07:05:17.4646068Z   submodules: false
2026-03-17T07:05:17.4646469Z   set-safe-directory: true
2026-03-17T07:05:17.4647125Z ##[endgroup]
2026-03-17T07:05:17.5704088Z Syncing repository: asg017/sqlite-vec
2026-03-17T07:05:17.5705871Z ##[group]Getting Git version info
2026-03-17T07:05:17.5706589Z Working directory is '/home/runner/work/sqlite-vec/sqlite-vec'
2026-03-17T07:05:17.5707624Z [command]/usr/bin/git version
2026-03-17T07:05:17.5779870Z git version 2.53.0
2026-03-17T07:05:17.5805981Z ##[endgroup]
2026-03-17T07:05:17.5819914Z Temporarily overriding HOME='/home/runner/work/_temp/5cd9fb77-50db-4b07-b632-a8acb71126ef' before making global git config changes
2026-03-17T07:05:17.5821557Z Adding repository directory to the temporary git global config as a safe directory
2026-03-17T07:05:17.5833372Z [command]/usr/bin/git config --global --add safe.directory /home/runner/work/sqlite-vec/sqlite-vec
2026-03-17T07:05:17.5866293Z Deleting the contents of '/home/runner/work/sqlite-vec/sqlite-vec'
2026-03-17T07:05:17.5869799Z ##[group]Initializing the repository
2026-03-17T07:05:17.5873851Z [command]/usr/bin/git init /home/runner/work/sqlite-vec/sqlite-vec
2026-03-17T07:05:17.5975807Z hint: Using 'master' as the name for the initial branch. This default branch name
2026-03-17T07:05:17.5977114Z hint: will change to "main" in Git 3.0. To configure the initial branch name
2026-03-17T07:05:17.5978297Z hint: to use in all of your new repositories, which will suppress this warning,
2026-03-17T07:05:17.5979082Z hint: call:
2026-03-17T07:05:17.5979656Z hint:
2026-03-17T07:05:17.5980386Z hint: 	git config --global init.defaultBranch <name>
2026-03-17T07:05:17.5981436Z hint:
2026-03-17T07:05:17.5982288Z hint: Names commonly chosen instead of 'master' are 'main', 'trunk' and
2026-03-17T07:05:17.5983402Z hint: 'development'. The just-created branch can be renamed via this command:
2026-03-17T07:05:17.5984105Z hint:
2026-03-17T07:05:17.5984471Z hint: 	git branch -m <name>
2026-03-17T07:05:17.5985190Z hint:
2026-03-17T07:05:17.5986051Z hint: Disable this message with "git config set advice.defaultBranchName false"
2026-03-17T07:05:17.5987066Z Initialized empty Git repository in /home/runner/work/sqlite-vec/sqlite-vec/.git/
2026-03-17T07:05:17.5990544Z [command]/usr/bin/git remote add origin https://github.com/asg017/sqlite-vec
2026-03-17T07:05:17.6022243Z ##[endgroup]
2026-03-17T07:05:17.6022980Z ##[group]Disabling automatic garbage collection
2026-03-17T07:05:17.6027617Z [command]/usr/bin/git config --local gc.auto 0
2026-03-17T07:05:17.6055751Z ##[endgroup]
2026-03-17T07:05:17.6056917Z ##[group]Setting up auth
2026-03-17T07:05:17.6063529Z [command]/usr/bin/git config --local --name-only --get-regexp core\.sshCommand
2026-03-17T07:05:17.6093929Z [command]/usr/bin/git submodule foreach --recursive sh -c "git config --local --name-only --get-regexp 'core\.sshCommand' && git config --local --unset-all 'core.sshCommand' || :"
2026-03-17T07:05:17.6419341Z [command]/usr/bin/git config --local --name-only --get-regexp http\.https\:\/\/github\.com\/\.extraheader
2026-03-17T07:05:17.6448943Z [command]/usr/bin/git submodule foreach --recursive sh -c "git config --local --name-only --get-regexp 'http\.https\:\/\/github\.com\/\.extraheader' && git config --local --unset-all 'http.https://github.com/.extraheader' || :"
2026-03-17T07:05:17.6664834Z [command]/usr/bin/git config --local --name-only --get-regexp ^includeIf\.gitdir:
2026-03-17T07:05:17.6695665Z [command]/usr/bin/git submodule foreach --recursive git config --local --show-origin --name-only --get-regexp remote.origin.url
2026-03-17T07:05:17.6916912Z [command]/usr/bin/git config --local http.https://github.com/.extraheader AUTHORIZATION: basic ***
2026-03-17T07:05:17.6950924Z ##[endgroup]
2026-03-17T07:05:17.6952159Z ##[group]Fetching the repository
2026-03-17T07:05:17.6960537Z [command]/usr/bin/git -c protocol.version=2 fetch --no-tags --prune --no-recurse-submodules --depth=1 origin +41cecbadc3aec1f38c13f818488107be2856aa98:refs/remotes/origin/main
2026-03-17T07:05:18.0373572Z From https://github.com/asg017/sqlite-vec
2026-03-17T07:05:18.0375061Z  * [new ref]         41cecbadc3aec1f38c13f818488107be2856aa98 -> origin/main
2026-03-17T07:05:18.0408061Z ##[endgroup]
2026-03-17T07:05:18.0409329Z ##[group]Determining the checkout info
2026-03-17T07:05:18.0411786Z ##[endgroup]
2026-03-17T07:05:18.0416763Z [command]/usr/bin/git sparse-checkout disable
2026-03-17T07:05:18.0459143Z [command]/usr/bin/git config --local --unset-all extensions.worktreeConfig
2026-03-17T07:05:18.0485990Z ##[group]Checking out the ref
2026-03-17T07:05:18.0490324Z [command]/usr/bin/git checkout --progress --force -B main refs/remotes/origin/main
2026-03-17T07:05:18.0693972Z Switched to a new branch 'main'
2026-03-17T07:05:18.0696300Z branch 'main' set up to track 'origin/main'.
2026-03-17T07:05:18.0734977Z ##[endgroup]
2026-03-17T07:05:18.0738671Z [command]/usr/bin/git log -1 --format=%H
2026-03-17T07:05:18.0760950Z 41cecbadc3aec1f38c13f818488107be2856aa98
2026-03-17T07:05:18.1123082Z ##[group]Run astral-sh/setup-uv@v7
2026-03-17T07:05:18.1124132Z with:
2026-03-17T07:05:18.1124879Z   activate-environment: false
2026-03-17T07:05:18.1126131Z   working-directory: /home/runner/work/sqlite-vec/sqlite-vec
2026-03-17T07:05:18.1127815Z   github-token: ***
2026-03-17T07:05:18.1128625Z   enable-cache: auto
2026-03-17T07:05:18.1131089Z   cache-dependency-glob: **/*requirements*.txt
**/*requirements*.in
**/*constraints*.txt
**/*constraints*.in
**/pyproject.toml
**/uv.lock
**/*.py.lock

2026-03-17T07:05:18.1133910Z   restore-cache: true
2026-03-17T07:05:18.1134727Z   save-cache: true
2026-03-17T07:05:18.1135504Z   prune-cache: true
2026-03-17T07:05:18.1136300Z   cache-python: false
2026-03-17T07:05:18.1137189Z   ignore-nothing-to-cache: false
2026-03-17T07:05:18.1138204Z   ignore-empty-workdir: false
2026-03-17T07:05:18.1139184Z   add-problem-matchers: true
2026-03-17T07:05:18.1140151Z   resolution-strategy: highest
2026-03-17T07:05:18.1141204Z ##[endgroup]
2026-03-17T07:05:18.2901724Z Trying to find version for uv in: /home/runner/work/sqlite-vec/sqlite-vec/uv.toml
2026-03-17T07:05:18.2905141Z Could not find file: /home/runner/work/sqlite-vec/sqlite-vec/uv.toml
2026-03-17T07:05:18.2908461Z Trying to find version for uv in: /home/runner/work/sqlite-vec/sqlite-vec/pyproject.toml
2026-03-17T07:05:18.2912256Z Could not find file: /home/runner/work/sqlite-vec/sqlite-vec/pyproject.toml
2026-03-17T07:05:18.2915855Z Could not determine uv version from uv.toml or pyproject.toml. Falling back to latest.
2026-03-17T07:05:18.2921411Z Fetching version data from https://raw.githubusercontent.com/astral-sh/versions/main/v1/uv.ndjson ...
2026-03-17T07:05:18.3446460Z Downloading uv from "https://releases.astral.sh/github/uv/releases/download/0.10.11/uv-x86_64-unknown-linux-gnu.tar.gz" ...
2026-03-17T07:05:18.4969796Z [command]/usr/bin/tar xz --warning=no-unknown-keyword --overwrite -C /home/runner/work/_temp/2b9a27b5-9328-4abd-88e7-7b44af313a70 -f /home/runner/work/_temp/21436dd3-a5cd-4686-8a63-f12275a59390
2026-03-17T07:05:18.9630689Z Added /home/runner/.local/bin to the path
2026-03-17T07:05:18.9633059Z Added /opt/hostedtoolcache/uv/0.10.11/x86_64 to the path
2026-03-17T07:05:18.9634910Z Set UV_PYTHON_INSTALL_DIR to /home/runner/work/_temp/uv-python-dir
2026-03-17T07:05:18.9636187Z Added /home/runner/work/_temp/uv-python-dir to the path
2026-03-17T07:05:18.9657043Z Set UV_CACHE_DIR to /home/runner/work/_temp/setup-uv-cache
2026-03-17T07:05:18.9657904Z Successfully installed uv version 0.10.11
2026-03-17T07:05:19.0597399Z Searching files using cache dependency glob: /home/runner/work/sqlite-vec/sqlite-vec/**/*requirements*.txt,/home/runner/work/sqlite-vec/sqlite-vec/**/*requirements*.in,/home/runner/work/sqlite-vec/sqlite-vec/**/*constraints*.txt,/home/runner/work/sqlite-vec/sqlite-vec/**/*constraints*.in,/home/runner/work/sqlite-vec/sqlite-vec/**/pyproject.toml,/home/runner/work/sqlite-vec/sqlite-vec/**/uv.lock,/home/runner/work/sqlite-vec/sqlite-vec/**/*.py.lock
2026-03-17T07:05:19.0759888Z /home/runner/work/sqlite-vec/sqlite-vec/benchmarks/exhaustive-memory/requirements.txt
2026-03-17T07:05:19.0877389Z /home/runner/work/sqlite-vec/sqlite-vec/examples/simple-python/requirements.txt
2026-03-17T07:05:19.1079649Z /home/runner/work/sqlite-vec/sqlite-vec/tests/pyproject.toml
2026-03-17T07:05:19.1096094Z /home/runner/work/sqlite-vec/sqlite-vec/tests/uv.lock
2026-03-17T07:05:19.1102831Z Found 4 files to hash.
2026-03-17T07:05:19.1163010Z Trying to restore cache from GitHub Actions cache with key: setup-uv-2-x86_64-unknown-linux-gnu-ubuntu-22.04-3.10.12-pruned-b4e3d98a86f8f85e9f8f6f01a79ef62a22e14e0f7fe60eaab7ca87f9d84b065e
2026-03-17T07:05:19.1952913Z Cache hit for: setup-uv-2-x86_64-unknown-linux-gnu-ubuntu-22.04-3.10.12-pruned-b4e3d98a86f8f85e9f8f6f01a79ef62a22e14e0f7fe60eaab7ca87f9d84b065e
2026-03-17T07:05:19.4465576Z Received 1619 of 1619 (100.0%), 0.0 MBs/sec
2026-03-17T07:05:19.4466374Z Cache Size: ~0 MB (1619 B)
2026-03-17T07:05:19.4494098Z [command]/usr/bin/tar -xf /home/runner/work/_temp/9305b6c2-dc3b-4162-b638-5847971cda90/cache.tzst -P -C /home/runner/work/sqlite-vec/sqlite-vec --use-compress-program unzstd
2026-03-17T07:05:19.4555151Z Cache restored successfully
2026-03-17T07:05:19.4558940Z cache restored from GitHub Actions cache with key: setup-uv-2-x86_64-unknown-linux-gnu-ubuntu-22.04-3.10.12-pruned-b4e3d98a86f8f85e9f8f6f01a79ef62a22e14e0f7fe60eaab7ca87f9d84b065e
2026-03-17T07:05:19.5287318Z ##[group]Run ./scripts/vendor.sh
2026-03-17T07:05:19.5287843Z [36;1m./scripts/vendor.sh[0m
2026-03-17T07:05:19.5349514Z shell: /usr/bin/bash -e {0}
2026-03-17T07:05:19.5349792Z env:
2026-03-17T07:05:19.5350066Z   UV_PYTHON_INSTALL_DIR: /home/runner/work/_temp/uv-python-dir
2026-03-17T07:05:19.5350466Z   UV_CACHE_DIR: /home/runner/work/_temp/setup-uv-cache
2026-03-17T07:05:19.5350954Z ##[endgroup]
2026-03-17T07:05:19.5503472Z   % Total    % Received % Xferd  Average Speed   Time    Time     Time  Current
2026-03-17T07:05:19.5504254Z                                  Dload  Upload   Total   Spent    Left  Speed
2026-03-17T07:05:19.5504648Z 
2026-03-17T07:05:19.6952689Z   0     0    0     0    0     0      0      0 --:--:-- --:--:-- --:--:--     0
2026-03-17T07:05:19.8787895Z   0     0    0     0    0     0      0      0 --:--:-- --:--:-- --:--:--     0
2026-03-17T07:05:19.8788751Z 100 2669k  100 2669k    0     0  8126k      0 --:--:-- --:--:-- --:--:-- 8115k
2026-03-17T07:05:19.8986878Z error:  must specify directory to which to extract with -d option
2026-03-17T07:05:19.9000583Z Archive:  sqlite-amalgamation.zip
2026-03-17T07:05:19.9001561Z    creating: sqlite-amalgamation-3450300/
2026-03-17T07:05:19.9576483Z   inflating: sqlite-amalgamation-3450300/sqlite3.c  
2026-03-17T07:05:19.9636970Z   inflating: sqlite-amalgamation-3450300/shell.c  
2026-03-17T07:05:19.9678640Z   inflating: sqlite-amalgamation-3450300/sqlite3.h  
2026-03-17T07:05:19.9681714Z   inflating: sqlite-amalgamation-3450300/sqlite3ext.h  
2026-03-17T07:05:19.9777824Z ##[group]Run make loadable static
2026-03-17T07:05:19.9778121Z [36;1mmake loadable static[0m
2026-03-17T07:05:19.9815812Z shell: /usr/bin/bash -e {0}
2026-03-17T07:05:19.9816047Z env:
2026-03-17T07:05:19.9816345Z   UV_PYTHON_INSTALL_DIR: /home/runner/work/_temp/uv-python-dir
2026-03-17T07:05:19.9816731Z   UV_CACHE_DIR: /home/runner/work/_temp/setup-uv-cache
2026-03-17T07:05:19.9817048Z ##[endgroup]
2026-03-17T07:05:20.0231248Z VERSION=0.1.7-alpha.11 \
2026-03-17T07:05:20.0231534Z DATE=2026-03-17T07:05:18Z+0000 \
2026-03-17T07:05:20.0231856Z SOURCE=41cecbadc3aec1f38c13f818488107be2856aa98 \
2026-03-17T07:05:20.0232193Z VERSION_MAJOR=$(echo $VERSION | cut -d. -f1) \
2026-03-17T07:05:20.0232704Z VERSION_MINOR=$(echo $VERSION | cut -d. -f2) \
2026-03-17T07:05:20.0233059Z VERSION_PATCH=$(echo $VERSION | cut -d. -f3 | cut -d- -f1) \
2026-03-17T07:05:20.0233407Z envsubst < sqlite-vec.h.tmpl > sqlite-vec.h
2026-03-17T07:05:20.0285648Z mkdir -p dist
2026-03-17T07:05:20.0296471Z cc \
2026-03-17T07:05:20.0296858Z 	-fPIC -shared \
2026-03-17T07:05:20.0297244Z 	-Wall -Wextra \
2026-03-17T07:05:20.0297469Z 	-Ivendor/ \
2026-03-17T07:05:20.0297758Z 	-O3 \
2026-03-17T07:05:20.0298022Z 	-lm \
2026-03-17T07:05:20.0298354Z 	sqlite-vec.c -o dist/vec0.so
2026-03-17T07:05:20.6614608Z sqlite-vec.c:1095: warning: ignoring ‘#pragma region scalar’ [-Wunknown-pragmas]
2026-03-17T07:05:20.6615231Z  1095 | #pragma region scalar functions
2026-03-17T07:05:20.6615580Z       | 
2026-03-17T07:05:20.6803272Z sqlite-vec.c:1817: warning: ignoring ‘#pragma endregion ’ [-Wunknown-pragmas]
2026-03-17T07:05:20.6804259Z  1817 | #pragma endregion
2026-03-17T07:05:20.6804893Z       | 
2026-03-17T07:05:20.6821729Z sqlite-vec.c:2469: warning: ignoring ‘#pragma region vec_each’ [-Wunknown-pragmas]
2026-03-17T07:05:20.6822610Z  2469 | #pragma region vec_each table function
2026-03-17T07:05:20.6823076Z       | 
2026-03-17T07:05:20.6828604Z sqlite-vec.c:2661: warning: ignoring ‘#pragma endregion ’ [-Wunknown-pragmas]
2026-03-17T07:05:20.6829424Z  2661 | #pragma endregion
2026-03-17T07:05:20.6829895Z       | 
2026-03-17T07:05:20.6830678Z sqlite-vec.c:2663: warning: ignoring ‘#pragma region vec_npy_each’ [-Wunknown-pragmas]
2026-03-17T07:05:20.6831769Z  2663 | #pragma region vec_npy_each table function
2026-03-17T07:05:20.6832288Z       | 
2026-03-17T07:05:20.6951940Z sqlite-vec.c:3414: warning: ignoring ‘#pragma endregion ’ [-Wunknown-pragmas]
2026-03-17T07:05:20.6952699Z  3414 | #pragma endregion
2026-03-17T07:05:20.6953084Z       | 
2026-03-17T07:05:20.6954207Z sqlite-vec.c:3416: warning: ignoring ‘#pragma region vec0’ [-Wunknown-pragmas]
2026-03-17T07:05:20.6955011Z  3416 | #pragma region vec0 virtual table
2026-03-17T07:05:20.6955468Z       | 
2026-03-17T07:05:20.7111691Z In file included from sqlite-vec.c:3:
2026-03-17T07:05:20.7112421Z sqlite-vec.c: In function ‘vec0_metadata_filter_text’:
2026-03-17T07:05:20.7117681Z sqlite-vec.c:6156:57: warning: comparison of integer expressions of different signedness: ‘long unsigned int’ and ‘int’ [-Wsign-compare]
2026-03-17T07:05:20.7119011Z  6156 |   assert((sqlite3_blob_bytes(rowidsBlob) / sizeof(i64)) == size);
2026-03-17T07:05:20.7119670Z       |                                                         ^~
2026-03-17T07:05:20.7130283Z sqlite-vec.c:6384:24: warning: comparison of unsigned expression in ‘< 0’ is always false [-Wtype-limits]
2026-03-17T07:05:20.7131413Z  6384 |       if(metadataInIdx < 0) {
2026-03-17T07:05:20.7131874Z       |                        ^
2026-03-17T07:05:20.7132909Z sqlite-vec.c: In function ‘vec0_set_metadata_filter_bitmap’:
2026-03-17T07:05:20.7138161Z sqlite-vec.c:6485:26: warning: comparison of integer expressions of different signedness: ‘int’ and ‘long unsigned int’ [-Wsign-compare]
2026-03-17T07:05:20.7139308Z  6485 |       szMatch = blobSize == size * sizeof(i64);
2026-03-17T07:05:20.7139794Z       |                          ^~
2026-03-17T07:05:20.7143858Z sqlite-vec.c:6489:26: warning: comparison of integer expressions of different signedness: ‘int’ and ‘long unsigned int’ [-Wsign-compare]
2026-03-17T07:05:20.7145087Z  6489 |       szMatch = blobSize == size * sizeof(double);
2026-03-17T07:05:20.7145644Z       |                          ^~
2026-03-17T07:05:20.7154028Z sqlite-vec.c: In function ‘vec0Filter_knn_chunks_iter’:
2026-03-17T07:05:20.7160239Z sqlite-vec.c:6778:20: warning: comparison of integer expressions of different signedness: ‘i64’ {aka ‘long long int’} and ‘long unsigned int’ [-Wsign-compare]
2026-03-17T07:05:20.7161652Z  6778 |     if (rowidsSize != p->chunk_size * sizeof(i64)) {
2026-03-17T07:05:20.7162192Z       |                    ^~
2026-03-17T07:05:20.7167101Z In file included from sqlite-vec.c:3:
2026-03-17T07:05:20.7167651Z sqlite-vec.c: In function ‘vec0Filter_knn’:
2026-03-17T07:05:20.7172680Z sqlite-vec.c:7031:15: warning: comparison of integer expressions of different signedness: ‘int’ and ‘size_t’ {aka ‘long unsigned int’} [-Wsign-compare]
2026-03-17T07:05:20.7173401Z  7031 |   assert(argc == (strlen(idxStr)-1) / 4);
2026-03-17T07:05:20.7173698Z       |               ^~
2026-03-17T07:05:20.7268273Z sqlite-vec.c: At top level:
2026-03-17T07:05:20.7270420Z sqlite-vec.c:9389: warning: ignoring ‘#pragma endregion ’ [-Wunknown-pragmas]
2026-03-17T07:05:20.7271209Z  9389 | #pragma endregion
2026-03-17T07:05:20.7271485Z       | 
2026-03-17T07:05:20.7273650Z sqlite-vec.c:9416: warning: ignoring ‘#pragma region vec_static_blobs’ [-Wunknown-pragmas]
2026-03-17T07:05:20.7274320Z  9416 | #pragma region vec_static_blobs() table function
2026-03-17T07:05:20.7274708Z       | 
2026-03-17T07:05:20.7291022Z sqlite-vec.c:9633: warning: ignoring ‘#pragma endregion ’ [-Wunknown-pragmas]
2026-03-17T07:05:20.7291453Z  9633 | #pragma endregion
2026-03-17T07:05:20.7291672Z       | 
2026-03-17T07:05:20.7292594Z sqlite-vec.c:9635: warning: ignoring ‘#pragma region vec_static_blob_entries’ [-Wunknown-pragmas]
2026-03-17T07:05:20.7293170Z  9635 | #pragma region vec_static_blob_entries() table function
2026-03-17T07:05:20.7293513Z       | 
2026-03-17T07:05:20.7317607Z sqlite-vec.c:10036: warning: ignoring ‘#pragma endregion ’ [-Wunknown-pragmas]
2026-03-17T07:05:20.7318085Z 10036 | #pragma endregion
2026-03-17T07:05:20.7318332Z       | 
2026-03-17T07:05:21.9932274Z In file included from sqlite-vec.h:5,
2026-03-17T07:05:21.9932811Z                  from sqlite-vec.c:1:
2026-03-17T07:05:21.9933732Z sqlite-vec.c: In function ‘vec0_init.constprop’:
2026-03-17T07:05:21.9935110Z vendor/sqlite3ext.h:645:40: warning: ‘pkColumnNameLength’ may be used uninitialized in this function [-Wmaybe-uninitialized]
2026-03-17T07:05:21.9936639Z   645 | #define sqlite3_str_appendf            sqlite3_api->str_appendf
2026-03-17T07:05:21.9937290Z       |                                        ^~~~~~~~~~~
2026-03-17T07:05:21.9938085Z sqlite-vec.c:4745:7: note: ‘pkColumnNameLength’ was declared here
2026-03-17T07:05:21.9938723Z  4745 |   int pkColumnNameLength;
2026-03-17T07:05:21.9939139Z       |       ^~~~~~~~~~~~~~~~~~
2026-03-17T07:05:22.4089980Z sqlite-vec.c: In function ‘vec0Filter_knn_chunks_iter’:
2026-03-17T07:05:22.4095912Z sqlite-vec.c:6928:26: warning: ‘result’ may be used uninitialized in this function [-Wmaybe-uninitialized]
2026-03-17T07:05:22.4096834Z  6928 |       chunk_distances[i] = result;
2026-03-17T07:05:22.4097291Z       |       ~~~~~~~~~~~~~~~~~~~^~~~~~~~
2026-03-17T07:05:22.5686276Z In file included from sqlite-vec.h:5,
2026-03-17T07:05:22.5686756Z                  from sqlite-vec.c:1:
2026-03-17T07:05:22.5687713Z sqlite-vec.c: In function ‘vec0Update_InsertWriteFinalStep’:
2026-03-17T07:05:22.5688933Z vendor/sqlite3ext.h:529:40: warning: ‘offset’ may be used uninitialized in this function [-Wmaybe-uninitialized]
2026-03-17T07:05:22.5689969Z   529 | #define sqlite3_blob_write             sqlite3_api->blob_write
2026-03-17T07:05:22.5690578Z       |                                        ^~~~~~~~~~~
2026-03-17T07:05:22.5694835Z sqlite-vec.c:8030:7: note: ‘offset’ was declared here
2026-03-17T07:05:22.5695358Z  8030 |   int offset;
2026-03-17T07:05:22.5695939Z       |       ^~~~~~
2026-03-17T07:05:22.5696303Z In file included from sqlite-vec.h:5,
2026-03-17T07:05:22.5696741Z                  from sqlite-vec.c:1:
2026-03-17T07:05:22.5697696Z vendor/sqlite3ext.h:529:40: warning: ‘n’ may be used uninitialized in this function [-Wmaybe-uninitialized]
2026-03-17T07:05:22.5698678Z   529 | #define sqlite3_blob_write             sqlite3_api->blob_write
2026-03-17T07:05:22.5699281Z       |                                        ^~~~~~~~~~~
2026-03-17T07:05:22.5703840Z sqlite-vec.c:8029:7: note: ‘n’ was declared here
2026-03-17T07:05:22.5704370Z  8029 |   int n;
2026-03-17T07:05:22.5704680Z       |       ^
2026-03-17T07:05:22.6991254Z In file included from sqlite-vec.h:5,
2026-03-17T07:05:22.6991782Z                  from sqlite-vec.c:1:
2026-03-17T07:05:22.6992604Z sqlite-vec.c: In function ‘vec0Update_UpdateVectorColumn’:
2026-03-17T07:05:22.6993804Z vendor/sqlite3ext.h:529:40: warning: ‘offset’ may be used uninitialized in this function [-Wmaybe-uninitialized]
2026-03-17T07:05:22.6994890Z   529 | #define sqlite3_blob_write             sqlite3_api->blob_write
2026-03-17T07:05:22.6995493Z       |                                        ^~~~~~~~~~~
2026-03-17T07:05:22.6998687Z sqlite-vec.c:8030:7: note: ‘offset’ was declared here
2026-03-17T07:05:22.6999196Z  8030 |   int offset;
2026-03-17T07:05:22.6999511Z       |       ^~~~~~
2026-03-17T07:05:22.6999876Z In file included from sqlite-vec.h:5,
2026-03-17T07:05:22.7000310Z                  from sqlite-vec.c:1:
2026-03-17T07:05:22.7001437Z vendor/sqlite3ext.h:529:40: warning: ‘n’ may be used uninitialized in this function [-Wmaybe-uninitialized]
2026-03-17T07:05:22.7002446Z   529 | #define sqlite3_blob_write             sqlite3_api->blob_write
2026-03-17T07:05:22.7003057Z       |                                        ^~~~~~~~~~~
2026-03-17T07:05:22.7007170Z sqlite-vec.c:8029:7: note: ‘n’ was declared here
2026-03-17T07:05:22.7007658Z  8029 |   int n;
2026-03-17T07:05:22.7007955Z       |       ^
2026-03-17T07:05:23.0041924Z mkdir -p dist/.objs
2026-03-17T07:05:23.0053873Z cc -Ivendor/ -lm -DSQLITE_CORE -DSQLITE_VEC_STATIC \
2026-03-17T07:05:23.0054428Z -O3 -c  sqlite-vec.c -o dist/.objs/vec.o
2026-03-17T07:05:24.6253113Z ar rcs dist/libsqlite_vec0.a dist/.objs/vec.o
2026-03-17T07:05:32.6494490Z ##[group]Run uv sync --directory tests
2026-03-17T07:05:32.6494834Z [36;1muv sync --directory tests[0m
2026-03-17T07:05:32.6533876Z shell: /usr/bin/bash -e {0}
2026-03-17T07:05:32.6534113Z env:
2026-03-17T07:05:32.6534384Z   UV_PYTHON_INSTALL_DIR: /home/runner/work/_temp/uv-python-dir
2026-03-17T07:05:32.6534949Z   UV_CACHE_DIR: /home/runner/work/_temp/setup-uv-cache
2026-03-17T07:05:32.6535250Z ##[endgroup]
2026-03-17T07:05:32.7214715Z Downloading cpython-3.12.13-linux-x86_64-gnu (download) (32.3MiB)
2026-03-17T07:05:33.5562825Z  Downloaded cpython-3.12.13-linux-x86_64-gnu (download)
2026-03-17T07:05:33.6942000Z Using CPython 3.12.13
2026-03-17T07:05:33.6942604Z Creating virtual environment at: .venv
2026-03-17T07:05:33.6961282Z Resolved 8 packages in 0.55ms
2026-03-17T07:05:33.7143516Z Downloading numpy (15.3MiB)
2026-03-17T07:05:33.9434567Z  Downloaded numpy
2026-03-17T07:05:33.9436817Z Prepared 6 packages in 247ms
2026-03-17T07:05:33.9623967Z Installed 6 packages in 18ms
2026-03-17T07:05:33.9624506Z  + iniconfig==2.0.0
2026-03-17T07:05:33.9624838Z  + numpy==2.1.3
2026-03-17T07:05:33.9625146Z  + packaging==24.2
2026-03-17T07:05:33.9625449Z  + pluggy==1.5.0
2026-03-17T07:05:33.9625750Z  + pytest==8.3.3
2026-03-17T07:05:33.9625942Z  + syrupy==4.7.2
2026-03-17T07:05:33.9691371Z ##[group]Run make test-loadable
2026-03-17T07:05:33.9691679Z [36;1mmake test-loadable[0m
2026-03-17T07:05:33.9730083Z shell: /usr/bin/bash -e {0}
2026-03-17T07:05:33.9730315Z env:
2026-03-17T07:05:33.9730568Z   UV_PYTHON_INSTALL_DIR: /home/runner/work/_temp/uv-python-dir
2026-03-17T07:05:33.9731447Z   UV_CACHE_DIR: /home/runner/work/_temp/setup-uv-cache
2026-03-17T07:05:33.9731803Z ##[endgroup]
2026-03-17T07:05:33.9829333Z cc \
2026-03-17T07:05:33.9829616Z 	-fPIC -shared \
2026-03-17T07:05:33.9829936Z 	-Wall -Wextra \
2026-03-17T07:05:33.9830253Z 	-Ivendor/ \
2026-03-17T07:05:33.9830538Z 	-O3 \
2026-03-17T07:05:33.9830956Z 	-lm \
2026-03-17T07:05:33.9831279Z 	sqlite-vec.c -o dist/vec0.so
2026-03-17T07:05:34.0105014Z sqlite-vec.c:1095: warning: ignoring ‘#pragma region scalar’ [-Wunknown-pragmas]
2026-03-17T07:05:34.0105836Z  1095 | #pragma region scalar functions
2026-03-17T07:05:34.0106294Z       | 
2026-03-17T07:05:34.0128290Z sqlite-vec.c:1817: warning: ignoring ‘#pragma endregion ’ [-Wunknown-pragmas]
2026-03-17T07:05:34.0128995Z  1817 | #pragma endregion
2026-03-17T07:05:34.0129351Z       | 
2026-03-17T07:05:34.0145964Z sqlite-vec.c:2469: warning: ignoring ‘#pragma region vec_each’ [-Wunknown-pragmas]
2026-03-17T07:05:34.0146788Z  2469 | #pragma region vec_each table function
2026-03-17T07:05:34.0147259Z       | 
2026-03-17T07:05:34.0152996Z sqlite-vec.c:2661: warning: ignoring ‘#pragma endregion ’ [-Wunknown-pragmas]
2026-03-17T07:05:34.0153746Z  2661 | #pragma endregion
2026-03-17T07:05:34.0154314Z       | 
2026-03-17T07:05:34.0155115Z sqlite-vec.c:2663: warning: ignoring ‘#pragma region vec_npy_each’ [-Wunknown-pragmas]
2026-03-17T07:05:34.0155979Z  2663 | #pragma region vec_npy_each table function
2026-03-17T07:05:34.0156485Z       | 
2026-03-17T07:05:34.0173401Z sqlite-vec.c:3414: warning: ignoring ‘#pragma endregion ’ [-Wunknown-pragmas]
2026-03-17T07:05:34.0174147Z  3414 | #pragma endregion
2026-03-17T07:05:34.0174526Z       | 
2026-03-17T07:05:34.0175256Z sqlite-vec.c:3416: warning: ignoring ‘#pragma region vec0’ [-Wunknown-pragmas]
2026-03-17T07:05:34.0176030Z  3416 | #pragma region vec0 virtual table
2026-03-17T07:05:34.0176481Z       | 
2026-03-17T07:05:34.0243461Z In file included from sqlite-vec.c:3:
2026-03-17T07:05:34.0244160Z sqlite-vec.c: In function ‘vec0_metadata_filter_text’:
2026-03-17T07:05:34.0248987Z sqlite-vec.c:6156:57: warning: comparison of integer expressions of different signedness: ‘long unsigned int’ and ‘int’ [-Wsign-compare]
2026-03-17T07:05:34.0250296Z  6156 |   assert((sqlite3_blob_bytes(rowidsBlob) / sizeof(i64)) == size);
2026-03-17T07:05:34.0251189Z       |                                                         ^~
2026-03-17T07:05:34.0261791Z sqlite-vec.c:6384:24: warning: comparison of unsigned expression in ‘< 0’ is always false [-Wtype-limits]
2026-03-17T07:05:34.0262695Z  6384 |       if(metadataInIdx < 0) {
2026-03-17T07:05:34.0263143Z       |                        ^
2026-03-17T07:05:34.0264215Z sqlite-vec.c: In function ‘vec0_set_metadata_filter_bitmap’:
2026-03-17T07:05:34.0269629Z sqlite-vec.c:6485:26: warning: comparison of integer expressions of different signedness: ‘int’ and ‘long unsigned int’ [-Wsign-compare]
2026-03-17T07:05:34.0270951Z  6485 |       szMatch = blobSize == size * sizeof(i64);
2026-03-17T07:05:34.0271447Z       |                          ^~
2026-03-17T07:05:34.0275254Z sqlite-vec.c:6489:26: warning: comparison of integer expressions of different signedness: ‘int’ and ‘long unsigned int’ [-Wsign-compare]
2026-03-17T07:05:34.0276468Z  6489 |       szMatch = blobSize == size * sizeof(double);
2026-03-17T07:05:34.0277015Z       |                          ^~
2026-03-17T07:05:34.0285612Z sqlite-vec.c: In function ‘vec0Filter_knn_chunks_iter’:
2026-03-17T07:05:34.0291458Z sqlite-vec.c:6778:20: warning: comparison of integer expressions of different signedness: ‘i64’ {aka ‘long long int’} and ‘long unsigned int’ [-Wsign-compare]
2026-03-17T07:05:34.0292807Z  6778 |     if (rowidsSize != p->chunk_size * sizeof(i64)) {
2026-03-17T07:05:34.0293704Z       |                    ^~
2026-03-17T07:05:34.0298910Z In file included from sqlite-vec.c:3:
2026-03-17T07:05:34.0299543Z sqlite-vec.c: In function ‘vec0Filter_knn’:
2026-03-17T07:05:34.0305441Z sqlite-vec.c:7031:15: warning: comparison of integer expressions of different signedness: ‘int’ and ‘size_t’ {aka ‘long unsigned int’} [-Wsign-compare]
2026-03-17T07:05:34.0306718Z  7031 |   assert(argc == (strlen(idxStr)-1) / 4);
2026-03-17T07:05:34.0307234Z       |               ^~
2026-03-17T07:05:34.0405677Z sqlite-vec.c: At top level:
2026-03-17T07:05:34.0407928Z sqlite-vec.c:9389: warning: ignoring ‘#pragma endregion ’ [-Wunknown-pragmas]
2026-03-17T07:05:34.0408684Z  9389 | #pragma endregion
2026-03-17T07:05:34.0409036Z       | 
2026-03-17T07:05:34.0411697Z sqlite-vec.c:9416: warning: ignoring ‘#pragma region vec_static_blobs’ [-Wunknown-pragmas]
2026-03-17T07:05:34.0412582Z  9416 | #pragma region vec_static_blobs() table function
2026-03-17T07:05:34.0413075Z       | 
2026-03-17T07:05:34.0430185Z sqlite-vec.c:9633: warning: ignoring ‘#pragma endregion ’ [-Wunknown-pragmas]
2026-03-17T07:05:34.0431109Z  9633 | #pragma endregion
2026-03-17T07:05:34.0431474Z       | 
2026-03-17T07:05:34.0432273Z sqlite-vec.c:9635: warning: ignoring ‘#pragma region vec_static_blob_entries’ [-Wunknown-pragmas]
2026-03-17T07:05:34.0433208Z  9635 | #pragma region vec_static_blob_entries() table function
2026-03-17T07:05:34.0433729Z       | 
2026-03-17T07:05:34.0458217Z sqlite-vec.c:10036: warning: ignoring ‘#pragma endregion ’ [-Wunknown-pragmas]
2026-03-17T07:05:34.0458970Z 10036 | #pragma endregion
2026-03-17T07:05:34.0459342Z       | 
2026-03-17T07:05:34.7116643Z In file included from sqlite-vec.h:5,
2026-03-17T07:05:34.7117166Z                  from sqlite-vec.c:1:
2026-03-17T07:05:34.7117956Z sqlite-vec.c: In function ‘vec0_init.constprop’:
2026-03-17T07:05:34.7119186Z vendor/sqlite3ext.h:645:40: warning: ‘pkColumnNameLength’ may be used uninitialized in this function [-Wmaybe-uninitialized]
2026-03-17T07:05:34.7120381Z   645 | #define sqlite3_str_appendf            sqlite3_api->str_appendf
2026-03-17T07:05:34.7121263Z       |                                        ^~~~~~~~~~~
2026-03-17T07:05:34.7122047Z sqlite-vec.c:4745:7: note: ‘pkColumnNameLength’ was declared here
2026-03-17T07:05:34.7122778Z  4745 |   int pkColumnNameLength;
2026-03-17T07:05:34.7123201Z       |       ^~~~~~~~~~~~~~~~~~
2026-03-17T07:05:35.1365659Z sqlite-vec.c: In function ‘vec0Filter_knn_chunks_iter’:
2026-03-17T07:05:35.1371107Z sqlite-vec.c:6928:26: warning: ‘result’ may be used uninitialized in this function [-Wmaybe-uninitialized]
2026-03-17T07:05:35.1371959Z  6928 |       chunk_distances[i] = result;
2026-03-17T07:05:35.1372367Z       |       ~~~~~~~~~~~~~~~~~~~^~~~~~~~
2026-03-17T07:05:35.2956891Z In file included from sqlite-vec.h:5,
2026-03-17T07:05:35.2957399Z                  from sqlite-vec.c:1:
2026-03-17T07:05:35.2958122Z sqlite-vec.c: In function ‘vec0Update_InsertWriteFinalStep’:
2026-03-17T07:05:35.2959148Z vendor/sqlite3ext.h:529:40: warning: ‘offset’ may be used uninitialized in this function [-Wmaybe-uninitialized]
2026-03-17T07:05:35.2960202Z   529 | #define sqlite3_blob_write             sqlite3_api->blob_write
2026-03-17T07:05:35.2960632Z       |                                        ^~~~~~~~~~~
2026-03-17T07:05:35.2963613Z sqlite-vec.c:8030:7: note: ‘offset’ was declared here
2026-03-17T07:05:35.2963997Z  8030 |   int offset;
2026-03-17T07:05:35.2964222Z       |       ^~~~~~
2026-03-17T07:05:35.2964466Z In file included from sqlite-vec.h:5,
2026-03-17T07:05:35.2964772Z                  from sqlite-vec.c:1:
2026-03-17T07:05:35.2965417Z vendor/sqlite3ext.h:529:40: warning: ‘n’ may be used uninitialized in this function [-Wmaybe-uninitialized]
2026-03-17T07:05:35.2966087Z   529 | #define sqlite3_blob_write             sqlite3_api->blob_write
2026-03-17T07:05:35.2966506Z       |                                        ^~~~~~~~~~~
2026-03-17T07:05:35.2971324Z sqlite-vec.c:8029:7: note: ‘n’ was declared here
2026-03-17T07:05:35.2971915Z  8029 |   int n;
2026-03-17T07:05:35.2972137Z       |       ^
2026-03-17T07:05:35.4254405Z In file included from sqlite-vec.h:5,
2026-03-17T07:05:35.4254958Z                  from sqlite-vec.c:1:
2026-03-17T07:05:35.4255612Z sqlite-vec.c: In function ‘vec0Update_UpdateVectorColumn’:
2026-03-17T07:05:35.4256603Z vendor/sqlite3ext.h:529:40: warning: ‘offset’ may be used uninitialized in this function [-Wmaybe-uninitialized]
2026-03-17T07:05:35.4257494Z   529 | #define sqlite3_blob_write             sqlite3_api->blob_write
2026-03-17T07:05:35.4258018Z       |                                        ^~~~~~~~~~~
2026-03-17T07:05:35.4260342Z sqlite-vec.c:8030:7: note: ‘offset’ was declared here
2026-03-17T07:05:35.4261036Z  8030 |   int offset;
2026-03-17T07:05:35.4261319Z       |       ^~~~~~
2026-03-17T07:05:35.4261627Z In file included from sqlite-vec.h:5,
2026-03-17T07:05:35.4262006Z                  from sqlite-vec.c:1:
2026-03-17T07:05:35.4262728Z vendor/sqlite3ext.h:529:40: warning: ‘n’ may be used uninitialized in this function [-Wmaybe-uninitialized]
2026-03-17T07:05:35.4263419Z   529 | #define sqlite3_blob_write             sqlite3_api->blob_write
2026-03-17T07:05:35.4263835Z       |                                        ^~~~~~~~~~~
2026-03-17T07:05:35.4267089Z sqlite-vec.c:8029:7: note: ‘n’ was declared here
2026-03-17T07:05:35.4267450Z  8029 |   int n;
2026-03-17T07:05:35.4267651Z       |       ^
2026-03-17T07:05:35.5076794Z uv run --managed-python --project tests pytest -vv -s -x . tests/test-*.py
2026-03-17T07:05:36.2937674Z ============================= test session starts ==============================
2026-03-17T07:05:36.2938659Z platform linux -- Python 3.12.13, pytest-8.3.3, pluggy-1.5.0 -- /home/runner/work/sqlite-vec/sqlite-vec/tests/.venv/bin/python
2026-03-17T07:05:36.2939457Z cachedir: .pytest_cache
2026-03-17T07:05:36.2939850Z rootdir: /home/runner/work/sqlite-vec/sqlite-vec/tests
2026-03-17T07:05:36.2940306Z configfile: pyproject.toml
2026-03-17T07:05:36.2940655Z plugins: syrupy-4.7.2
2026-03-17T07:05:36.7904242Z collecting ... collected 188 items
2026-03-17T07:05:36.7904619Z 
2026-03-17T07:05:36.7948284Z tests/test-auxiliary.py::test_constructor_limit PASSED
2026-03-17T07:05:36.7975991Z tests/test-auxiliary.py::test_normal PASSED
2026-03-17T07:05:36.8002544Z tests/test-auxiliary.py::test_types PASSED
2026-03-17T07:05:36.8030613Z tests/test-auxiliary.py::test_updates PASSED
2026-03-17T07:05:36.8058017Z tests/test-auxiliary.py::test_deletes PASSED
2026-03-17T07:05:36.8077420Z tests/test-auxiliary.py::test_knn PASSED
2026-03-17T07:05:36.8133143Z tests/test-general.py::test_shadow PASSED
2026-03-17T07:05:36.8146650Z tests/test-general.py::test_info PASSED
2026-03-17T07:05:36.8188343Z tests/test-insert-delete.py::test_insert_creates_chunks_and_vectors PASSED
2026-03-17T07:05:36.8199867Z tests/test-insert-delete.py::test_insert_auto_rowid PASSED
2026-03-17T07:05:36.8214500Z tests/test-insert-delete.py::test_insert_text_primary_key PASSED
2026-03-17T07:05:36.8226364Z tests/test-insert-delete.py::test_delete_clears_validity PASSED
2026-03-17T07:05:36.8238265Z tests/test-insert-delete.py::test_insert_delete_reinsert PASSED
2026-03-17T07:05:36.8248692Z tests/test-insert-delete.py::test_insert_validates_dimensions PASSED
2026-03-17T07:05:36.8258871Z tests/test-insert-delete.py::test_insert_validates_type PASSED
2026-03-17T07:05:36.8873225Z tests/test-insert-delete.py::test_info_table_contents FAILED
2026-03-17T07:05:36.8873696Z 
2026-03-17T07:05:36.8873899Z =================================== FAILURES ===================================
2026-03-17T07:05:36.8874519Z ___________________________ test_info_table_contents ___________________________
2026-03-17T07:05:36.8874964Z 
2026-03-17T07:05:36.8875163Z db = <sqlite3.Connection object at 0x7fa89b9756c0>
2026-03-17T07:05:36.8875618Z snapshot = OrderedDict({
2026-03-17T07:05:36.8876012Z   'sql': 'select key, value from v_info order by key',
2026-03-17T07:05:36.8876425Z   'rows': list([
2026-03-17T07:05:36.8876693Z     OrderedDict({
2026-03-17T07:05:36.8877225Z       'key': '...R',
2026-03-17T07:05:36.8877532Z       'value': 1,
2026-03-17T07:05:36.8877776Z     }),
2026-03-17T07:05:36.8878012Z     OrderedDict({
2026-03-17T07:05:36.8878301Z       'key': 'CREATE_VERSION_PATCH',
2026-03-17T07:05:36.8878655Z       'value': 7,
2026-03-17T07:05:36.8878900Z     }),
2026-03-17T07:05:36.8879117Z   ]),
2026-03-17T07:05:36.8879339Z })
2026-03-17T07:05:36.8879480Z 
2026-03-17T07:05:36.8879648Z     def test_info_table_contents(db, snapshot):
2026-03-17T07:05:36.8880271Z         db.execute("create virtual table v using vec0(emb float[4], chunk_size=8)")
2026-03-17T07:05:36.8881255Z >       assert exec(db, "select key, value from v_info order by key") == snapshot()
2026-03-17T07:05:36.8881908Z E       AssertionError: assert [+ received] == [- snapshot]
2026-03-17T07:05:36.8882370Z E           OrderedDict({
2026-03-17T07:05:36.8882665Z E              ...
2026-03-17T07:05:36.8882942Z E                 'key': 'CREATE_VERSION',
2026-03-17T07:05:36.8883353Z E         -       'value': 'v0.1.7-alpha.10',
2026-03-17T07:05:36.8883756Z E         +       'value': 'v0.1.7-alpha.11',
2026-03-17T07:05:36.8884103Z E               }),
2026-03-17T07:05:36.8884367Z E             ...
2026-03-17T07:05:36.8884623Z E           })
2026-03-17T07:05:36.8884774Z 
2026-03-17T07:05:36.8884941Z tests/test-insert-delete.py:149: AssertionError
2026-03-17T07:05:36.8885474Z =============================== warnings summary ===============================
2026-03-17T07:05:36.8885968Z tests/test-loadable.py:1502
2026-03-17T07:05:36.8886707Z   /home/runner/work/sqlite-vec/sqlite-vec/tests/test-loadable.py:1502: SyntaxWarning: invalid escape sequence '\['
2026-03-17T07:05:36.8887573Z     ("SCAN (TABLE )?t VIRTUAL TABLE INDEX 0:3{___}___\[___"),
2026-03-17T07:05:36.8887913Z 
2026-03-17T07:05:36.8888215Z -- Docs: https://docs.pytest.org/en/stable/how-to/capture-warnings.html
2026-03-17T07:05:36.8888929Z --------------------------- snapshot report summary ----------------------------
2026-03-17T07:05:36.8889626Z 1 snapshot failed. 34 snapshots passed. 159 snapshots unused.
2026-03-17T07:05:36.8890090Z 
2026-03-17T07:05:36.8890355Z Re-run pytest with --snapshot-update to delete unused snapshots.
2026-03-17T07:05:36.8891135Z =========================== short test summary info ============================
2026-03-17T07:05:36.8892032Z FAILED tests/test-insert-delete.py::test_info_table_contents - AssertionError: assert [+ received] == [- snapshot]
2026-03-17T07:05:36.8892789Z     OrderedDict({
2026-03-17T07:05:36.8893060Z        ...
2026-03-17T07:05:36.8893325Z           'key': 'CREATE_VERSION',
2026-03-17T07:05:36.8893688Z   -       'value': 'v0.1.7-alpha.10',
2026-03-17T07:05:36.8894062Z   +       'value': 'v0.1.7-alpha.11',
2026-03-17T07:05:36.8894399Z         }),
2026-03-17T07:05:36.8894632Z       ...
2026-03-17T07:05:36.8894849Z     })
2026-03-17T07:05:36.8895206Z !!!!!!!!!!!!!!!!!!!!!!!!!! stopping after 1 failures !!!!!!!!!!!!!!!!!!!!!!!!!!!
2026-03-17T07:05:36.8895824Z =================== 1 failed, 15 passed, 1 warning in 0.60s ====================
2026-03-17T07:05:36.9192514Z make: *** [Makefile:184: test-loadable] Error 1
2026-03-17T07:05:36.9208126Z ##[error]Process completed with exit code 2.
2026-03-17T07:05:36.9334615Z Post job cleanup.
2026-03-17T07:05:37.0273898Z [command]/usr/bin/git version
2026-03-17T07:05:37.0308362Z git version 2.53.0
2026-03-17T07:05:37.0351532Z Temporarily overriding HOME='/home/runner/work/_temp/cbb0c7cd-fd68-4f16-b76b-3357a43385cb' before making global git config changes
2026-03-17T07:05:37.0352937Z Adding repository directory to the temporary git global config as a safe directory
2026-03-17T07:05:37.0358000Z [command]/usr/bin/git config --global --add safe.directory /home/runner/work/sqlite-vec/sqlite-vec
2026-03-17T07:05:37.0397853Z [command]/usr/bin/git config --local --name-only --get-regexp core\.sshCommand
2026-03-17T07:05:37.0430276Z [command]/usr/bin/git submodule foreach --recursive sh -c "git config --local --name-only --get-regexp 'core\.sshCommand' && git config --local --unset-all 'core.sshCommand' || :"
2026-03-17T07:05:37.0659207Z [command]/usr/bin/git config --local --name-only --get-regexp http\.https\:\/\/github\.com\/\.extraheader
2026-03-17T07:05:37.0679602Z http.https://github.com/.extraheader
2026-03-17T07:05:37.0693404Z [command]/usr/bin/git config --local --unset-all http.https://github.com/.extraheader
2026-03-17T07:05:37.0726668Z [command]/usr/bin/git submodule foreach --recursive sh -c "git config --local --name-only --get-regexp 'http\.https\:\/\/github\.com\/\.extraheader' && git config --local --unset-all 'http.https://github.com/.extraheader' || :"
2026-03-17T07:05:37.0950183Z [command]/usr/bin/git config --local --name-only --get-regexp ^includeIf\.gitdir:
2026-03-17T07:05:37.0979783Z [command]/usr/bin/git submodule foreach --recursive git config --local --show-origin --name-only --get-regexp remote.origin.url
2026-03-17T07:05:37.1301599Z Cleaning up orphan processes
2026-03-17T07:05:37.1558152Z ##[warning]Node.js 20 actions are deprecated. The following actions are running on Node.js 20 and may not work as expected: actions/checkout@v4. Actions will be forced to run with Node.js 24 by default starting June 2nd, 2026. Please check if updated versions of these actions are available that support Node.js 24. To opt into Node.js 24 now, set the FORCE_JAVASCRIPT_ACTIONS_TO_NODE24=true environment variable on the runner or in your workflow file. Once Node.js 24 becomes the default, you can temporarily opt out by setting ACTIONS_ALLOW_USE_UNSECURE_NODE_VERSION=true. For more information see: https://github.blog/changelog/2025-09-19-deprecation-of-node-20-on-github-actions-runners/
