2026-03-17T06:17:35.8973150Z Current runner version: '2.332.0'
2026-03-17T06:17:35.8998589Z ##[group]Runner Image Provisioner
2026-03-17T06:17:35.8999371Z Hosted Compute Agent
2026-03-17T06:17:35.8999978Z Version: 20260213.493
2026-03-17T06:17:35.9000912Z Commit: 5c115507f6dd24b8de37d8bbe0bb4509d0cc0fa3
2026-03-17T06:17:35.9001648Z Build Date: 2026-02-13T00:28:41Z
2026-03-17T06:17:35.9002301Z Worker ID: {754df8c6-8567-441b-be7f-4600441d3eca}
2026-03-17T06:17:35.9003035Z Azure Region: westus
2026-03-17T06:17:35.9003591Z ##[endgroup]
2026-03-17T06:17:35.9004940Z ##[group]Operating System
2026-03-17T06:17:35.9005687Z Ubuntu
2026-03-17T06:17:35.9006201Z 24.04.3
2026-03-17T06:17:35.9006698Z LTS
2026-03-17T06:17:35.9007244Z ##[endgroup]
2026-03-17T06:17:35.9007723Z ##[group]Runner Image
2026-03-17T06:17:35.9008279Z Image: ubuntu-24.04
2026-03-17T06:17:35.9008797Z Version: 20260309.50.1
2026-03-17T06:17:35.9010047Z Included Software: https://github.com/actions/runner-images/blob/ubuntu24/20260309.50/images/ubuntu/Ubuntu2404-Readme.md
2026-03-17T06:17:35.9011889Z Image Release: https://github.com/actions/runner-images/releases/tag/ubuntu24%2F20260309.50
2026-03-17T06:17:35.9012863Z ##[endgroup]
2026-03-17T06:17:35.9013930Z ##[group]GITHUB_TOKEN Permissions
2026-03-17T06:17:35.9015865Z Attestations: write
2026-03-17T06:17:35.9016461Z Contents: write
2026-03-17T06:17:35.9016937Z Metadata: read
2026-03-17T06:17:35.9017563Z ##[endgroup]
2026-03-17T06:17:35.9019500Z Secret source: Actions
2026-03-17T06:17:35.9020202Z Prepare workflow directory
2026-03-17T06:17:35.9553621Z Prepare all required actions
2026-03-17T06:17:35.9591746Z Getting action download info
2026-03-17T06:17:36.4471573Z Download action repository 'actions/checkout@v6' (SHA:de0fac2e4500dabe0009e67214ff5f5447ce83dd)
2026-03-17T06:17:36.5851476Z Download action repository 'dtolnay/rust-toolchain@stable' (SHA:631a55b12751854ce901bb631d5902ceb48146f7)
2026-03-17T06:17:37.0108854Z Download action repository 'actions/upload-artifact@bbbca2ddaa5d8feaa63e36b76fdaad77386f024f' (SHA:bbbca2ddaa5d8feaa63e36b76fdaad77386f024f)
2026-03-17T06:17:37.5808790Z Download action repository 'actions/attest@59d89421af93a897026c735860bf21b6eb4f7b26' (SHA:59d89421af93a897026c735860bf21b6eb4f7b26)
2026-03-17T06:17:38.1331750Z Download action repository 'softprops/action-gh-release@a06a81a03ee405af7f2048a818ed3f03bbf83c7b' (SHA:a06a81a03ee405af7f2048a818ed3f03bbf83c7b)
2026-03-17T06:17:38.7677051Z Complete job name: i686-unknown-linux-gnu (ubuntu-24.04)
2026-03-17T06:17:38.8365488Z ##[group]Run actions/checkout@v6
2026-03-17T06:17:38.8366275Z with:
2026-03-17T06:17:38.8366590Z   persist-credentials: false
2026-03-17T06:17:38.8367123Z   repository: sharkdp/fd
2026-03-17T06:17:38.8367696Z   token: ***
2026-03-17T06:17:38.8367996Z   ssh-strict: true
2026-03-17T06:17:38.8368426Z   ssh-user: git
2026-03-17T06:17:38.8368718Z   clean: true
2026-03-17T06:17:38.8369066Z   sparse-checkout-cone-mode: true
2026-03-17T06:17:38.8369510Z   fetch-depth: 1
2026-03-17T06:17:38.8369892Z   fetch-tags: false
2026-03-17T06:17:38.8370227Z   show-progress: true
2026-03-17T06:17:38.8370797Z   lfs: false
2026-03-17T06:17:38.8371145Z   submodules: false
2026-03-17T06:17:38.8371460Z   set-safe-directory: true
2026-03-17T06:17:38.8372312Z env:
2026-03-17T06:17:38.8372692Z   CICD_INTERMEDIATES_DIR: _cicd-intermediates
2026-03-17T06:17:38.8373143Z   MSRV_FEATURES: --all-features
2026-03-17T06:17:38.8373521Z   BUILD_CMD: cross
2026-03-17T06:17:38.8373903Z   target: i686-unknown-linux-gnu
2026-03-17T06:17:38.8374332Z   name: fd
2026-03-17T06:17:38.8374721Z ##[endgroup]
2026-03-17T06:17:38.9427353Z Syncing repository: sharkdp/fd
2026-03-17T06:17:38.9428775Z ##[group]Getting Git version info
2026-03-17T06:17:38.9429289Z Working directory is '/home/runner/work/fd/fd'
2026-03-17T06:17:38.9429897Z [command]/usr/bin/git version
2026-03-17T06:17:38.9488782Z git version 2.53.0
2026-03-17T06:17:38.9546000Z ##[endgroup]
2026-03-17T06:17:38.9562844Z Temporarily overriding HOME='/home/runner/work/_temp/7758dd55-3c4a-4043-ac45-7c4dcf403f18' before making global git config changes
2026-03-17T06:17:38.9564803Z Adding repository directory to the temporary git global config as a safe directory
2026-03-17T06:17:38.9566395Z [command]/usr/bin/git config --global --add safe.directory /home/runner/work/fd/fd
2026-03-17T06:17:38.9613295Z Deleting the contents of '/home/runner/work/fd/fd'
2026-03-17T06:17:38.9617818Z ##[group]Initializing the repository
2026-03-17T06:17:38.9622498Z [command]/usr/bin/git init /home/runner/work/fd/fd
2026-03-17T06:17:38.9734560Z hint: Using 'master' as the name for the initial branch. This default branch name
2026-03-17T06:17:38.9735682Z hint: will change to "main" in Git 3.0. To configure the initial branch name
2026-03-17T06:17:38.9736726Z hint: to use in all of your new repositories, which will suppress this warning,
2026-03-17T06:17:38.9737508Z hint: call:
2026-03-17T06:17:38.9737906Z hint:
2026-03-17T06:17:38.9738418Z hint: 	git config --global init.defaultBranch <name>
2026-03-17T06:17:38.9739037Z hint:
2026-03-17T06:17:38.9739663Z hint: Names commonly chosen instead of 'master' are 'main', 'trunk' and
2026-03-17T06:17:38.9740915Z hint: 'development'. The just-created branch can be renamed via this command:
2026-03-17T06:17:38.9741728Z hint:
2026-03-17T06:17:38.9742170Z hint: 	git branch -m <name>
2026-03-17T06:17:38.9742621Z hint:
2026-03-17T06:17:38.9743243Z hint: Disable this message with "git config set advice.defaultBranchName false"
2026-03-17T06:17:38.9744244Z Initialized empty Git repository in /home/runner/work/fd/fd/.git/
2026-03-17T06:17:38.9760167Z [command]/usr/bin/git remote add origin https://github.com/sharkdp/fd
2026-03-17T06:17:38.9801251Z ##[endgroup]
2026-03-17T06:17:38.9802035Z ##[group]Disabling automatic garbage collection
2026-03-17T06:17:38.9807311Z [command]/usr/bin/git config --local gc.auto 0
2026-03-17T06:17:38.9843106Z ##[endgroup]
2026-03-17T06:17:38.9843819Z ##[group]Setting up auth
2026-03-17T06:17:38.9846478Z Removing SSH command configuration
2026-03-17T06:17:38.9852547Z [command]/usr/bin/git config --local --name-only --get-regexp core\.sshCommand
2026-03-17T06:17:38.9891845Z [command]/usr/bin/git submodule foreach --recursive sh -c "git config --local --name-only --get-regexp 'core\.sshCommand' && git config --local --unset-all 'core.sshCommand' || :"
2026-03-17T06:17:39.0395548Z Removing HTTP extra header
2026-03-17T06:17:39.0401364Z [command]/usr/bin/git config --local --name-only --get-regexp http\.https\:\/\/github\.com\/\.extraheader
2026-03-17T06:17:39.0433447Z [command]/usr/bin/git submodule foreach --recursive sh -c "git config --local --name-only --get-regexp 'http\.https\:\/\/github\.com\/\.extraheader' && git config --local --unset-all 'http.https://github.com/.extraheader' || :"
2026-03-17T06:17:39.0662032Z Removing includeIf entries pointing to credentials config files
2026-03-17T06:17:39.0668879Z [command]/usr/bin/git config --local --name-only --get-regexp ^includeIf\.gitdir:
2026-03-17T06:17:39.0701373Z [command]/usr/bin/git submodule foreach --recursive git config --local --show-origin --name-only --get-regexp remote.origin.url
2026-03-17T06:17:39.0941746Z [command]/usr/bin/git config --file /home/runner/work/_temp/git-credentials-46c00a6b-a4c7-4a66-91f9-8e2bcbd64dd1.config http.https://github.com/.extraheader AUTHORIZATION: basic ***
2026-03-17T06:17:39.0978852Z [command]/usr/bin/git config --local includeIf.gitdir:/home/runner/work/fd/fd/.git.path /home/runner/work/_temp/git-credentials-46c00a6b-a4c7-4a66-91f9-8e2bcbd64dd1.config
2026-03-17T06:17:39.1010458Z [command]/usr/bin/git config --local includeIf.gitdir:/home/runner/work/fd/fd/.git/worktrees/*.path /home/runner/work/_temp/git-credentials-46c00a6b-a4c7-4a66-91f9-8e2bcbd64dd1.config
2026-03-17T06:17:39.1043679Z [command]/usr/bin/git config --local includeIf.gitdir:/github/workspace/.git.path /github/runner_temp/git-credentials-46c00a6b-a4c7-4a66-91f9-8e2bcbd64dd1.config
2026-03-17T06:17:39.1076805Z [command]/usr/bin/git config --local includeIf.gitdir:/github/workspace/.git/worktrees/*.path /github/runner_temp/git-credentials-46c00a6b-a4c7-4a66-91f9-8e2bcbd64dd1.config
2026-03-17T06:17:39.1111382Z ##[endgroup]
2026-03-17T06:17:39.1112184Z ##[group]Fetching the repository
2026-03-17T06:17:39.1121091Z [command]/usr/bin/git -c protocol.version=2 fetch --no-tags --prune --no-recurse-submodules --depth=1 origin +fcd846651bd2652f7d867f15e7159d085c2e7abc:refs/remotes/origin/master
2026-03-17T06:17:39.5737128Z From https://github.com/sharkdp/fd
2026-03-17T06:17:39.5738603Z  * [new ref]         fcd846651bd2652f7d867f15e7159d085c2e7abc -> origin/master
2026-03-17T06:17:39.5791971Z [command]/usr/bin/git branch --list --remote origin/master
2026-03-17T06:17:39.5820536Z   origin/master
2026-03-17T06:17:39.5834395Z [command]/usr/bin/git rev-parse refs/remotes/origin/master
2026-03-17T06:17:39.5867419Z fcd846651bd2652f7d867f15e7159d085c2e7abc
2026-03-17T06:17:39.5873546Z ##[endgroup]
2026-03-17T06:17:39.5874431Z ##[group]Determining the checkout info
2026-03-17T06:17:39.5875352Z ##[endgroup]
2026-03-17T06:17:39.5879937Z [command]/usr/bin/git sparse-checkout disable
2026-03-17T06:17:39.5922488Z [command]/usr/bin/git config --local --unset-all extensions.worktreeConfig
2026-03-17T06:17:39.5952145Z ##[group]Checking out the ref
2026-03-17T06:17:39.5956745Z [command]/usr/bin/git checkout --progress --force -B master refs/remotes/origin/master
2026-03-17T06:17:39.6061105Z Reset branch 'master'
2026-03-17T06:17:39.6064421Z branch 'master' set up to track 'origin/master'.
2026-03-17T06:17:39.6069987Z ##[endgroup]
2026-03-17T06:17:39.6110245Z [command]/usr/bin/git log -1 --format=%H
2026-03-17T06:17:39.6136217Z fcd846651bd2652f7d867f15e7159d085c2e7abc
2026-03-17T06:17:39.6146688Z ##[group]Removing auth
2026-03-17T06:17:39.6147391Z Removing SSH command configuration
2026-03-17T06:17:39.6151954Z [command]/usr/bin/git config --local --name-only --get-regexp core\.sshCommand
2026-03-17T06:17:39.6189315Z [command]/usr/bin/git submodule foreach --recursive sh -c "git config --local --name-only --get-regexp 'core\.sshCommand' && git config --local --unset-all 'core.sshCommand' || :"
2026-03-17T06:17:39.6451686Z Removing HTTP extra header
2026-03-17T06:17:39.6457086Z [command]/usr/bin/git config --local --name-only --get-regexp http\.https\:\/\/github\.com\/\.extraheader
2026-03-17T06:17:39.6496143Z [command]/usr/bin/git submodule foreach --recursive sh -c "git config --local --name-only --get-regexp 'http\.https\:\/\/github\.com\/\.extraheader' && git config --local --unset-all 'http.https://github.com/.extraheader' || :"
2026-03-17T06:17:39.6748825Z Removing includeIf entries pointing to credentials config files
2026-03-17T06:17:39.6754014Z [command]/usr/bin/git config --local --name-only --get-regexp ^includeIf\.gitdir:
2026-03-17T06:17:39.6780282Z includeif.gitdir:/home/runner/work/fd/fd/.git.path
2026-03-17T06:17:39.6781397Z includeif.gitdir:/home/runner/work/fd/fd/.git/worktrees/*.path
2026-03-17T06:17:39.6782275Z includeif.gitdir:/github/workspace/.git.path
2026-03-17T06:17:39.6783090Z includeif.gitdir:/github/workspace/.git/worktrees/*.path
2026-03-17T06:17:39.6790232Z [command]/usr/bin/git config --local --get-all includeif.gitdir:/home/runner/work/fd/fd/.git.path
2026-03-17T06:17:39.6813665Z /home/runner/work/_temp/git-credentials-46c00a6b-a4c7-4a66-91f9-8e2bcbd64dd1.config
2026-03-17T06:17:39.6823584Z [command]/usr/bin/git config --local --unset includeif.gitdir:/home/runner/work/fd/fd/.git.path /home/runner/work/_temp/git-credentials-46c00a6b-a4c7-4a66-91f9-8e2bcbd64dd1.config
2026-03-17T06:17:39.6856709Z [command]/usr/bin/git config --local --get-all includeif.gitdir:/home/runner/work/fd/fd/.git/worktrees/*.path
2026-03-17T06:17:39.6883023Z /home/runner/work/_temp/git-credentials-46c00a6b-a4c7-4a66-91f9-8e2bcbd64dd1.config
2026-03-17T06:17:39.6892035Z [command]/usr/bin/git config --local --unset includeif.gitdir:/home/runner/work/fd/fd/.git/worktrees/*.path /home/runner/work/_temp/git-credentials-46c00a6b-a4c7-4a66-91f9-8e2bcbd64dd1.config
2026-03-17T06:17:39.6930282Z [command]/usr/bin/git config --local --get-all includeif.gitdir:/github/workspace/.git.path
2026-03-17T06:17:39.6954485Z /github/runner_temp/git-credentials-46c00a6b-a4c7-4a66-91f9-8e2bcbd64dd1.config
2026-03-17T06:17:39.6964209Z [command]/usr/bin/git config --local --unset includeif.gitdir:/github/workspace/.git.path /github/runner_temp/git-credentials-46c00a6b-a4c7-4a66-91f9-8e2bcbd64dd1.config
2026-03-17T06:17:39.6995624Z [command]/usr/bin/git config --local --get-all includeif.gitdir:/github/workspace/.git/worktrees/*.path
2026-03-17T06:17:39.7017392Z /github/runner_temp/git-credentials-46c00a6b-a4c7-4a66-91f9-8e2bcbd64dd1.config
2026-03-17T06:17:39.7025076Z [command]/usr/bin/git config --local --unset includeif.gitdir:/github/workspace/.git/worktrees/*.path /github/runner_temp/git-credentials-46c00a6b-a4c7-4a66-91f9-8e2bcbd64dd1.config
2026-03-17T06:17:39.7058868Z [command]/usr/bin/git submodule foreach --recursive git config --local --show-origin --name-only --get-regexp remote.origin.url
2026-03-17T06:17:39.7287166Z Removing credentials config '/home/runner/work/_temp/git-credentials-46c00a6b-a4c7-4a66-91f9-8e2bcbd64dd1.config'
2026-03-17T06:17:39.7295369Z ##[endgroup]
2026-03-17T06:17:39.7467402Z ##[group]Run case ${target} in
2026-03-17T06:17:39.7467810Z [36;1mcase ${target} in[0m
2026-03-17T06:17:39.7468373Z [36;1m  arm-unknown-linux-*) sudo apt-get -y update ; sudo apt-get -y install gcc-arm-linux-gnueabihf ;;[0m
2026-03-17T06:17:39.7469195Z [36;1m  aarch64-unknown-linux-gnu) sudo apt-get -y update ; sudo apt-get -y install gcc-aarch64-linux-gnu ;;[0m
2026-03-17T06:17:39.7469748Z [36;1mesac[0m
2026-03-17T06:17:39.7522846Z shell: /usr/bin/bash --noprofile --norc -e -o pipefail {0}
2026-03-17T06:17:39.7523255Z env:
2026-03-17T06:17:39.7523523Z   CICD_INTERMEDIATES_DIR: _cicd-intermediates
2026-03-17T06:17:39.7523873Z   MSRV_FEATURES: --all-features
2026-03-17T06:17:39.7524163Z   BUILD_CMD: cross
2026-03-17T06:17:39.7524428Z   target: i686-unknown-linux-gnu
2026-03-17T06:17:39.7524700Z   name: fd
2026-03-17T06:17:39.7524917Z ##[endgroup]
2026-03-17T06:17:39.7777032Z ##[group]Run dtolnay/rust-toolchain@stable
2026-03-17T06:17:39.7777402Z with:
2026-03-17T06:17:39.7777633Z   targets: i686-unknown-linux-gnu
2026-03-17T06:17:39.7777917Z   toolchain: stable
2026-03-17T06:17:39.7778143Z env:
2026-03-17T06:17:39.7778385Z   CICD_INTERMEDIATES_DIR: _cicd-intermediates
2026-03-17T06:17:39.7778708Z   MSRV_FEATURES: --all-features
2026-03-17T06:17:39.7778976Z   BUILD_CMD: cross
2026-03-17T06:17:39.7779220Z   target: i686-unknown-linux-gnu
2026-03-17T06:17:39.7779483Z   name: fd
2026-03-17T06:17:39.7779682Z ##[endgroup]
2026-03-17T06:17:39.7878340Z ##[group]Run : parse toolchain version
2026-03-17T06:17:39.7878712Z [36;1m: parse toolchain version[0m
2026-03-17T06:17:39.7879034Z [36;1mif [[ -z $toolchain ]]; then[0m
2026-03-17T06:17:39.7879589Z [36;1m  # GitHub does not enforce `required: true` inputs itself. https://github.com/actions/runner/issues/1070[0m
2026-03-17T06:17:39.7880171Z [36;1m  echo "'toolchain' is a required input" >&2[0m
2026-03-17T06:17:39.7880540Z [36;1m  exit 1[0m
2026-03-17T06:17:39.7881060Z [36;1melif [[ $toolchain =~ ^stable' '[0-9]+' '(year|month|week|day)s?' 'ago$ ]]; then[0m
2026-03-17T06:17:39.7881513Z [36;1m  if [[ Linux == macOS ]]; then[0m
2026-03-17T06:17:39.7882072Z [36;1m    echo "toolchain=1.$((($(date -v-$(sed 's/stable \([0-9]*\) \(.\).*/\1\2/' <<< $toolchain) +%s)/60/60/24-16569)/7/6))" >> $GITHUB_OUTPUT[0m
2026-03-17T06:17:39.7882619Z [36;1m  else[0m
2026-03-17T06:17:39.7883045Z [36;1m    echo "toolchain=1.$((($(date --date "${toolchain#stable }" +%s)/60/60/24-16569)/7/6))" >> $GITHUB_OUTPUT[0m
2026-03-17T06:17:39.7883529Z [36;1m  fi[0m
2026-03-17T06:17:39.7883847Z [36;1melif [[ $toolchain =~ ^stable' 'minus' '[0-9]+' 'releases?$ ]]; then[0m
2026-03-17T06:17:39.7884398Z [36;1m  echo "toolchain=1.$((($(date +%s)/60/60/24-16569)/7/6-${toolchain//[^0-9]/}))" >> $GITHUB_OUTPUT[0m
2026-03-17T06:17:39.7884883Z [36;1melif [[ $toolchain =~ ^1\.[0-9]+$ ]]; then[0m
2026-03-17T06:17:39.7885437Z [36;1m  echo "toolchain=1.$((i=${toolchain#1.}, c=($(date +%s)/60/60/24-16569)/7/6, i+9*i*(10*i<=c)+90*i*(100*i<=c)))" >> $GITHUB_OUTPUT[0m
2026-03-17T06:17:39.7886126Z [36;1melse[0m
2026-03-17T06:17:39.7886396Z [36;1m  echo "toolchain=$toolchain" >> $GITHUB_OUTPUT[0m
2026-03-17T06:17:39.7886707Z [36;1mfi[0m
2026-03-17T06:17:39.7932199Z shell: /usr/bin/bash --noprofile --norc -e -o pipefail {0}
2026-03-17T06:17:39.7932568Z env:
2026-03-17T06:17:39.7932811Z   CICD_INTERMEDIATES_DIR: _cicd-intermediates
2026-03-17T06:17:39.7933133Z   MSRV_FEATURES: --all-features
2026-03-17T06:17:39.7933392Z   BUILD_CMD: cross
2026-03-17T06:17:39.7933633Z   target: i686-unknown-linux-gnu
2026-03-17T06:17:39.7933889Z   name: fd
2026-03-17T06:17:39.7934095Z   toolchain: stable
2026-03-17T06:17:39.7934309Z ##[endgroup]
2026-03-17T06:17:39.8055195Z ##[group]Run : construct rustup command line
2026-03-17T06:17:39.8055575Z [36;1m: construct rustup command line[0m
2026-03-17T06:17:39.8056079Z [36;1mecho "targets=$(for t in ${targets//,/ }; do echo -n ' --target' $t; done)" >> $GITHUB_OUTPUT[0m
2026-03-17T06:17:39.8056771Z [36;1mecho "components=$(for c in ${components//,/ }; do echo -n ' --component' $c; done)" >> $GITHUB_OUTPUT[0m
2026-03-17T06:17:39.8057305Z [36;1mecho "downgrade=" >> $GITHUB_OUTPUT[0m
2026-03-17T06:17:39.8102404Z shell: /usr/bin/bash --noprofile --norc -e -o pipefail {0}
2026-03-17T06:17:39.8102788Z env:
2026-03-17T06:17:39.8103059Z   CICD_INTERMEDIATES_DIR: _cicd-intermediates
2026-03-17T06:17:39.8103406Z   MSRV_FEATURES: --all-features
2026-03-17T06:17:39.8103692Z   BUILD_CMD: cross
2026-03-17T06:17:39.8103949Z   target: i686-unknown-linux-gnu
2026-03-17T06:17:39.8104218Z   name: fd
2026-03-17T06:17:39.8104453Z   targets: i686-unknown-linux-gnu
2026-03-17T06:17:39.8104729Z   components: 
2026-03-17T06:17:39.8104956Z ##[endgroup]
2026-03-17T06:17:39.8203029Z ##[group]Run : set $CARGO_HOME
2026-03-17T06:17:39.8203336Z [36;1m: set $CARGO_HOME[0m
2026-03-17T06:17:39.8203868Z [36;1mecho CARGO_HOME=${CARGO_HOME:-"$HOME/.cargo"} >> $GITHUB_ENV[0m
2026-03-17T06:17:39.8248493Z shell: /usr/bin/bash --noprofile --norc -e -o pipefail {0}
2026-03-17T06:17:39.8248887Z env:
2026-03-17T06:17:39.8249138Z   CICD_INTERMEDIATES_DIR: _cicd-intermediates
2026-03-17T06:17:39.8249471Z   MSRV_FEATURES: --all-features
2026-03-17T06:17:39.8249748Z   BUILD_CMD: cross
2026-03-17T06:17:39.8249992Z   target: i686-unknown-linux-gnu
2026-03-17T06:17:39.8250248Z   name: fd
2026-03-17T06:17:39.8250453Z ##[endgroup]
2026-03-17T06:17:39.8344979Z ##[group]Run : install rustup if needed
2026-03-17T06:17:39.8345341Z [36;1m: install rustup if needed[0m
2026-03-17T06:17:39.8345677Z [36;1mif ! command -v rustup &>/dev/null; then[0m
2026-03-17T06:17:39.8346495Z [36;1m  curl --proto '=https' --tlsv1.2 --retry 10 --retry-connrefused --location --silent --show-error --fail https://sh.rustup.rs | sh -s -- --default-toolchain none -y[0m
2026-03-17T06:17:39.8347336Z [36;1m  echo "$CARGO_HOME/bin" >> $GITHUB_PATH[0m
2026-03-17T06:17:39.8347670Z [36;1mfi[0m
2026-03-17T06:17:39.8392124Z shell: /usr/bin/bash --noprofile --norc -e -o pipefail {0}
2026-03-17T06:17:39.8392528Z env:
2026-03-17T06:17:39.8392787Z   CICD_INTERMEDIATES_DIR: _cicd-intermediates
2026-03-17T06:17:39.8393141Z   MSRV_FEATURES: --all-features
2026-03-17T06:17:39.8393425Z   BUILD_CMD: cross
2026-03-17T06:17:39.8393684Z   target: i686-unknown-linux-gnu
2026-03-17T06:17:39.8393955Z   name: fd
2026-03-17T06:17:39.8394191Z   CARGO_HOME: /home/runner/.cargo
2026-03-17T06:17:39.8394468Z ##[endgroup]
2026-03-17T06:17:39.8489033Z ##[group]Run rustup toolchain install stable --target i686-unknown-linux-gnu --profile minimal --no-self-update
2026-03-17T06:17:39.8489879Z [36;1mrustup toolchain install stable --target i686-unknown-linux-gnu --profile minimal --no-self-update[0m
2026-03-17T06:17:39.8534859Z shell: /usr/bin/bash --noprofile --norc -e -o pipefail {0}
2026-03-17T06:17:39.8535240Z env:
2026-03-17T06:17:39.8535501Z   CICD_INTERMEDIATES_DIR: _cicd-intermediates
2026-03-17T06:17:39.8535840Z   MSRV_FEATURES: --all-features
2026-03-17T06:17:39.8536120Z   BUILD_CMD: cross
2026-03-17T06:17:39.8536533Z   target: i686-unknown-linux-gnu
2026-03-17T06:17:39.8536806Z   name: fd
2026-03-17T06:17:39.8537040Z   CARGO_HOME: /home/runner/.cargo
2026-03-17T06:17:39.8537406Z   RUSTUP_PERMIT_COPY_RENAME: 1
2026-03-17T06:17:39.8564371Z ##[endgroup]
2026-03-17T06:17:40.8072181Z info: syncing channel updates for 'stable-x86_64-unknown-linux-gnu'
2026-03-17T06:17:40.9211325Z info: latest update on 2026-03-05, rust version 1.94.0 (4a4ef493e 2026-03-02)
2026-03-17T06:17:40.9512184Z info: downloading component 'rust-std' for 'i686-unknown-linux-gnu'
2026-03-17T06:17:41.4559029Z info: installing component 'rust-std' for 'i686-unknown-linux-gnu'
2026-03-17T06:17:43.6822041Z 
2026-03-17T06:17:43.6940894Z   stable-x86_64-unknown-linux-gnu updated - rustc 1.94.0 (4a4ef493e 2026-03-02) (from rustc 1.94.0 (4a4ef493e 2026-03-02))
2026-03-17T06:17:43.6942533Z 
2026-03-17T06:17:43.7008084Z ##[group]Run rustup default stable
2026-03-17T06:17:43.7008389Z [36;1mrustup default stable[0m
2026-03-17T06:17:43.7056721Z shell: /usr/bin/bash --noprofile --norc -e -o pipefail {0}
2026-03-17T06:17:43.7057063Z env:
2026-03-17T06:17:43.7057270Z   CICD_INTERMEDIATES_DIR: _cicd-intermediates
2026-03-17T06:17:43.7057554Z   MSRV_FEATURES: --all-features
2026-03-17T06:17:43.7057773Z   BUILD_CMD: cross
2026-03-17T06:17:43.7057991Z   target: i686-unknown-linux-gnu
2026-03-17T06:17:43.7058218Z   name: fd
2026-03-17T06:17:43.7058396Z   CARGO_HOME: /home/runner/.cargo
2026-03-17T06:17:43.7058615Z ##[endgroup]
2026-03-17T06:17:43.7364265Z info: using existing install for 'stable-x86_64-unknown-linux-gnu'
2026-03-17T06:17:43.7766851Z info: default toolchain set to 'stable-x86_64-unknown-linux-gnu'
2026-03-17T06:17:43.7767398Z 
2026-03-17T06:17:43.7868394Z   stable-x86_64-unknown-linux-gnu unchanged - rustc 1.94.0 (4a4ef493e 2026-03-02)
2026-03-17T06:17:43.7869005Z 
2026-03-17T06:17:43.7920211Z ##[group]Run : create cachekey
2026-03-17T06:17:43.7921243Z [36;1m: create cachekey[0m
2026-03-17T06:17:43.7922109Z [36;1mDATE=$(rustc +stable --version --verbose | sed -ne 's/^commit-date: \(20[0-9][0-9]\)-\([01][0-9]\)-\([0-3][0-9]\)$/\1\2\3/p')[0m
2026-03-17T06:17:43.7923234Z [36;1mHASH=$(rustc +stable --version --verbose | sed -ne 's/^commit-hash: //p')[0m
2026-03-17T06:17:43.7924063Z [36;1mecho "cachekey=$(echo $DATE$HASH | head -c12)" >> $GITHUB_OUTPUT[0m
2026-03-17T06:17:43.7973191Z shell: /usr/bin/bash --noprofile --norc -e -o pipefail {0}
2026-03-17T06:17:43.7973578Z env:
2026-03-17T06:17:43.7973799Z   CICD_INTERMEDIATES_DIR: _cicd-intermediates
2026-03-17T06:17:43.7974079Z   MSRV_FEATURES: --all-features
2026-03-17T06:17:43.7974302Z   BUILD_CMD: cross
2026-03-17T06:17:43.7974504Z   target: i686-unknown-linux-gnu
2026-03-17T06:17:43.7974753Z   name: fd
2026-03-17T06:17:43.7974936Z   CARGO_HOME: /home/runner/.cargo
2026-03-17T06:17:43.7975154Z ##[endgroup]
2026-03-17T06:17:44.0774395Z ##[group]Run : disable incremental compilation
2026-03-17T06:17:44.0774763Z [36;1m: disable incremental compilation[0m
2026-03-17T06:17:44.0775073Z [36;1mif [ -z "${CARGO_INCREMENTAL+set}" ]; then[0m
2026-03-17T06:17:44.0775382Z [36;1m  echo CARGO_INCREMENTAL=0 >> $GITHUB_ENV[0m
2026-03-17T06:17:44.0775643Z [36;1mfi[0m
2026-03-17T06:17:44.0828083Z shell: /usr/bin/bash --noprofile --norc -e -o pipefail {0}
2026-03-17T06:17:44.0828400Z env:
2026-03-17T06:17:44.0828597Z   CICD_INTERMEDIATES_DIR: _cicd-intermediates
2026-03-17T06:17:44.0828874Z   MSRV_FEATURES: --all-features
2026-03-17T06:17:44.0829099Z   BUILD_CMD: cross
2026-03-17T06:17:44.0829292Z   target: i686-unknown-linux-gnu
2026-03-17T06:17:44.0829503Z   name: fd
2026-03-17T06:17:44.0829669Z   CARGO_HOME: /home/runner/.cargo
2026-03-17T06:17:44.0829892Z ##[endgroup]
2026-03-17T06:17:44.1267508Z ##[group]Run : enable colors in Cargo output
2026-03-17T06:17:44.1267814Z [36;1m: enable colors in Cargo output[0m
2026-03-17T06:17:44.1268093Z [36;1mif [ -z "${CARGO_TERM_COLOR+set}" ]; then[0m
2026-03-17T06:17:44.1268431Z [36;1m  echo CARGO_TERM_COLOR=always >> $GITHUB_ENV[0m
2026-03-17T06:17:44.1268863Z [36;1mfi[0m
2026-03-17T06:17:44.1312667Z shell: /usr/bin/bash --noprofile --norc -e -o pipefail {0}
2026-03-17T06:17:44.1312983Z env:
2026-03-17T06:17:44.1313185Z   CICD_INTERMEDIATES_DIR: _cicd-intermediates
2026-03-17T06:17:44.1313467Z   MSRV_FEATURES: --all-features
2026-03-17T06:17:44.1313687Z   BUILD_CMD: cross
2026-03-17T06:17:44.1313879Z   target: i686-unknown-linux-gnu
2026-03-17T06:17:44.1314108Z   name: fd
2026-03-17T06:17:44.1314276Z   CARGO_HOME: /home/runner/.cargo
2026-03-17T06:17:44.1314502Z   CARGO_INCREMENTAL: 0
2026-03-17T06:17:44.1314686Z ##[endgroup]
2026-03-17T06:17:44.1612003Z ##[group]Run : enable Cargo sparse registry
2026-03-17T06:17:44.1612313Z [36;1m: enable Cargo sparse registry[0m
2026-03-17T06:17:44.1612654Z [36;1m# implemented in 1.66, stabilized in 1.68, made default in 1.70[0m
2026-03-17T06:17:44.1613390Z [36;1mif [ -z "${CARGO_REGISTRIES_CRATES_IO_PROTOCOL+set}" -o -f "/home/runner/work/_temp"/.implicit_cargo_registries_crates_io_protocol ]; then[0m
2026-03-17T06:17:44.1614102Z [36;1m  if rustc +stable --version --verbose | grep -q '^release: 1\.6[89]\.'; then[0m
2026-03-17T06:17:44.1614648Z [36;1m    touch "/home/runner/work/_temp"/.implicit_cargo_registries_crates_io_protocol || true[0m
2026-03-17T06:17:44.1615165Z [36;1m    echo CARGO_REGISTRIES_CRATES_IO_PROTOCOL=sparse >> $GITHUB_ENV[0m
2026-03-17T06:17:44.1615631Z [36;1m  elif rustc +stable --version --verbose | grep -q '^release: 1\.6[67]\.'; then[0m
2026-03-17T06:17:44.1616171Z [36;1m    touch "/home/runner/work/_temp"/.implicit_cargo_registries_crates_io_protocol || true[0m
2026-03-17T06:17:44.1616665Z [36;1m    echo CARGO_REGISTRIES_CRATES_IO_PROTOCOL=git >> $GITHUB_ENV[0m
2026-03-17T06:17:44.1616990Z [36;1m  fi[0m
2026-03-17T06:17:44.1617157Z [36;1mfi[0m
2026-03-17T06:17:44.1659675Z shell: /usr/bin/bash --noprofile --norc -e -o pipefail {0}
2026-03-17T06:17:44.1659991Z env:
2026-03-17T06:17:44.1660354Z   CICD_INTERMEDIATES_DIR: _cicd-intermediates
2026-03-17T06:17:44.1660849Z   MSRV_FEATURES: --all-features
2026-03-17T06:17:44.1661080Z   BUILD_CMD: cross
2026-03-17T06:17:44.1661265Z   target: i686-unknown-linux-gnu
2026-03-17T06:17:44.1661474Z   name: fd
2026-03-17T06:17:44.1661638Z   CARGO_HOME: /home/runner/.cargo
2026-03-17T06:17:44.1661861Z   CARGO_INCREMENTAL: 0
2026-03-17T06:17:44.1662050Z   CARGO_TERM_COLOR: always
2026-03-17T06:17:44.1662245Z ##[endgroup]
2026-03-17T06:17:44.2094937Z ##[group]Run : work around spurious network errors in curl 8.0
2026-03-17T06:17:44.2095376Z [36;1m: work around spurious network errors in curl 8.0[0m
2026-03-17T06:17:44.2095907Z [36;1m# https://rust-lang.zulipchat.com/#narrow/stream/246057-t-cargo/topic/timeout.20investigation[0m
2026-03-17T06:17:44.2096495Z [36;1mif rustc +stable --version --verbose | grep -q '^release: 1\.7[01]\.'; then[0m
2026-03-17T06:17:44.2096930Z [36;1m  echo CARGO_HTTP_MULTIPLEXING=false >> $GITHUB_ENV[0m
2026-03-17T06:17:44.2097225Z [36;1mfi[0m
2026-03-17T06:17:44.2144489Z shell: /usr/bin/bash --noprofile --norc -e -o pipefail {0}
2026-03-17T06:17:44.2144829Z env:
2026-03-17T06:17:44.2145035Z   CICD_INTERMEDIATES_DIR: _cicd-intermediates
2026-03-17T06:17:44.2145328Z   MSRV_FEATURES: --all-features
2026-03-17T06:17:44.2145544Z   BUILD_CMD: cross
2026-03-17T06:17:44.2145739Z   target: i686-unknown-linux-gnu
2026-03-17T06:17:44.2145950Z   name: fd
2026-03-17T06:17:44.2146125Z   CARGO_HOME: /home/runner/.cargo
2026-03-17T06:17:44.2146351Z   CARGO_INCREMENTAL: 0
2026-03-17T06:17:44.2146541Z   CARGO_TERM_COLOR: always
2026-03-17T06:17:44.2146746Z ##[endgroup]
2026-03-17T06:17:44.2844102Z ##[group]Run rustc +stable --version --verbose
2026-03-17T06:17:44.2844427Z [36;1mrustc +stable --version --verbose[0m
2026-03-17T06:17:44.2892844Z shell: /usr/bin/bash --noprofile --norc -e -o pipefail {0}
2026-03-17T06:17:44.2893160Z env:
2026-03-17T06:17:44.2893368Z   CICD_INTERMEDIATES_DIR: _cicd-intermediates
2026-03-17T06:17:44.2893668Z   MSRV_FEATURES: --all-features
2026-03-17T06:17:44.2893891Z   BUILD_CMD: cross
2026-03-17T06:17:44.2894268Z   target: i686-unknown-linux-gnu
2026-03-17T06:17:44.2894484Z   name: fd
2026-03-17T06:17:44.2894661Z   CARGO_HOME: /home/runner/.cargo
2026-03-17T06:17:44.2894889Z   CARGO_INCREMENTAL: 0
2026-03-17T06:17:44.2895094Z   CARGO_TERM_COLOR: always
2026-03-17T06:17:44.2895295Z ##[endgroup]
2026-03-17T06:17:44.3431162Z rustc 1.94.0 (4a4ef493e 2026-03-02)
2026-03-17T06:17:44.3431778Z binary: rustc
2026-03-17T06:17:44.3432164Z commit-hash: 4a4ef493e3a1488c6e321570238084b38948f6db
2026-03-17T06:17:44.3432780Z commit-date: 2026-03-02
2026-03-17T06:17:44.3434077Z host: x86_64-unknown-linux-gnu
2026-03-17T06:17:44.3434529Z release: 1.94.0
2026-03-17T06:17:44.3435110Z LLVM version: 21.1.8
2026-03-17T06:17:44.3514265Z ##[group]Run dir="$HOME/.local/bin/"
2026-03-17T06:17:44.3514595Z [36;1mdir="$HOME/.local/bin/"[0m
2026-03-17T06:17:44.3514828Z [36;1mmkdir -p "$dir"[0m
2026-03-17T06:17:44.3515091Z [36;1mgh release download --repo cross-rs/cross  \[0m
2026-03-17T06:17:44.3515462Z [36;1m  --pattern "${package_name}" -O - "${cross_version}" \[0m
2026-03-17T06:17:44.3515806Z [36;1m  | tar -C "$dir" -xz[0m
2026-03-17T06:17:44.3516030Z [36;1mecho "$dir" >> $GITHUB_PATH[0m
2026-03-17T06:17:44.3516381Z [36;1mecho "Installed cross $cross_version" >> $GITHUB_STEP_SUMMARY[0m
2026-03-17T06:17:44.3564168Z shell: /usr/bin/bash -e {0}
2026-03-17T06:17:44.3564388Z env:
2026-03-17T06:17:44.3564594Z   CICD_INTERMEDIATES_DIR: _cicd-intermediates
2026-03-17T06:17:44.3564877Z   MSRV_FEATURES: --all-features
2026-03-17T06:17:44.3565104Z   BUILD_CMD: cross
2026-03-17T06:17:44.3565308Z   target: i686-unknown-linux-gnu
2026-03-17T06:17:44.3565523Z   name: fd
2026-03-17T06:17:44.3565735Z   CARGO_HOME: /home/runner/.cargo
2026-03-17T06:17:44.3565954Z   CARGO_INCREMENTAL: 0
2026-03-17T06:17:44.3566154Z   CARGO_TERM_COLOR: always
2026-03-17T06:17:44.3566363Z   cross_version: v0.2.5
2026-03-17T06:17:44.3566609Z   package_name: cross-x86_64-unknown-linux-gnu.tar.gz
2026-03-17T06:17:44.3567256Z   GH_TOKEN: ***
2026-03-17T06:17:44.3567446Z ##[endgroup]
2026-03-17T06:17:47.0934208Z ##[group]Run gcc --version || true
2026-03-17T06:17:47.0934535Z [36;1mgcc --version || true[0m
2026-03-17T06:17:47.0934763Z [36;1mrustup -V[0m
2026-03-17T06:17:47.0934971Z [36;1mrustup toolchain list[0m
2026-03-17T06:17:47.0935182Z [36;1mrustup default[0m
2026-03-17T06:17:47.0935384Z [36;1mcargo -V[0m
2026-03-17T06:17:47.0935558Z [36;1mrustc -V[0m
2026-03-17T06:17:47.0985411Z shell: /usr/bin/bash --noprofile --norc -e -o pipefail {0}
2026-03-17T06:17:47.0985734Z env:
2026-03-17T06:17:47.0985934Z   CICD_INTERMEDIATES_DIR: _cicd-intermediates
2026-03-17T06:17:47.0986219Z   MSRV_FEATURES: --all-features
2026-03-17T06:17:47.0986441Z   BUILD_CMD: cross
2026-03-17T06:17:47.0986627Z   target: i686-unknown-linux-gnu
2026-03-17T06:17:47.0986845Z   name: fd
2026-03-17T06:17:47.0987010Z   CARGO_HOME: /home/runner/.cargo
2026-03-17T06:17:47.0987239Z   CARGO_INCREMENTAL: 0
2026-03-17T06:17:47.0987431Z   CARGO_TERM_COLOR: always
2026-03-17T06:17:47.0987640Z ##[endgroup]
2026-03-17T06:17:47.1116221Z gcc (Ubuntu 13.3.0-6ubuntu2~24.04.1) 13.3.0
2026-03-17T06:17:47.1116799Z Copyright (C) 2023 Free Software Foundation, Inc.
2026-03-17T06:17:47.1117390Z This is free software; see the source for copying conditions.  There is NO
2026-03-17T06:17:47.1117945Z warranty; not even for MERCHANTABILITY or FITNESS FOR A PARTICULAR PURPOSE.
2026-03-17T06:17:47.1118287Z 
2026-03-17T06:17:47.1164081Z info: This is the version for the rustup toolchain manager, not the rustc compiler.
2026-03-17T06:17:47.1164800Z rustup 1.28.2 (e4f3ad6f8 2025-04-28)
2026-03-17T06:17:47.1550487Z info: The currently active `rustc` version is `rustc 1.94.0 (4a4ef493e 2026-03-02)`
2026-03-17T06:17:47.1908659Z stable-x86_64-unknown-linux-gnu (active, default)
2026-03-17T06:17:47.1980016Z stable-x86_64-unknown-linux-gnu (default)
2026-03-17T06:17:47.8364919Z cargo 1.94.0 (85eff7c80 2026-01-15)
2026-03-17T06:17:47.8850141Z rustc 1.94.0 (4a4ef493e 2026-03-02)
2026-03-17T06:17:47.8917293Z ##[group]Run $BUILD_CMD build --locked --release --target="${target}"
2026-03-17T06:17:47.8917954Z [36;1m$BUILD_CMD build --locked --release --target="${target}"[0m
2026-03-17T06:17:47.8965720Z shell: /usr/bin/bash --noprofile --norc -e -o pipefail {0}
2026-03-17T06:17:47.8966036Z env:
2026-03-17T06:17:47.8966240Z   CICD_INTERMEDIATES_DIR: _cicd-intermediates
2026-03-17T06:17:47.8966517Z   MSRV_FEATURES: --all-features
2026-03-17T06:17:47.8966744Z   BUILD_CMD: cross
2026-03-17T06:17:47.8966943Z   target: i686-unknown-linux-gnu
2026-03-17T06:17:47.8967150Z   name: fd
2026-03-17T06:17:47.8967324Z   CARGO_HOME: /home/runner/.cargo
2026-03-17T06:17:47.8967545Z   CARGO_INCREMENTAL: 0
2026-03-17T06:17:47.8967739Z   CARGO_TERM_COLOR: always
2026-03-17T06:17:47.8967931Z ##[endgroup]
2026-03-17T06:17:49.9227252Z info: syncing channel updates for 'stable-x86_64-unknown-linux-gnu'
2026-03-17T06:17:49.9352896Z 
2026-03-17T06:17:49.9444946Z   stable-x86_64-unknown-linux-gnu unchanged - rustc 1.94.0 (4a4ef493e 2026-03-02)
2026-03-17T06:17:49.9445479Z 
2026-03-17T06:17:50.1545367Z info: downloading component 'rust-src'
2026-03-17T06:17:50.1868477Z info: installing component 'rust-src'
2026-03-17T06:17:55.4918851Z Unable to find image 'ghcr.io/cross-rs/i686-unknown-linux-gnu:0.2.5' locally
2026-03-17T06:17:56.1758611Z 0.2.5: Pulling from cross-rs/i686-unknown-linux-gnu
2026-03-17T06:17:56.3417605Z 58690f9b18fc: Pulling fs layer
2026-03-17T06:17:56.3418143Z b51569e7c507: Pulling fs layer
2026-03-17T06:17:56.3418565Z da8ef40b9eca: Pulling fs layer
2026-03-17T06:17:56.3418952Z fb15d46c38dc: Pulling fs layer
2026-03-17T06:17:56.3419216Z 46d2a70b51ed: Pulling fs layer
2026-03-17T06:17:56.3419474Z 7812f9249327: Pulling fs layer
2026-03-17T06:17:56.3419739Z d53f7e279586: Pulling fs layer
2026-03-17T06:17:56.3420110Z f193ec48d2fd: Pulling fs layer
2026-03-17T06:17:56.3420518Z fe5526b6ebaa: Pulling fs layer
2026-03-17T06:17:56.3421053Z 769f1f794aea: Pulling fs layer
2026-03-17T06:17:56.3421452Z a0bd99ae6296: Pulling fs layer
2026-03-17T06:17:56.3421754Z e0e7ed8e6d4d: Pulling fs layer
2026-03-17T06:17:56.3421997Z 3737a30db1dd: Pulling fs layer
2026-03-17T06:17:56.3422225Z 5401647a58d6: Pulling fs layer
2026-03-17T06:17:56.3422458Z 783b83cb5580: Pulling fs layer
2026-03-17T06:17:56.3422685Z cf88728a2784: Pulling fs layer
2026-03-17T06:17:56.3422919Z acb669b56422: Pulling fs layer
2026-03-17T06:17:56.3423154Z bc14e3cfc292: Pulling fs layer
2026-03-17T06:17:56.3423379Z fb15d46c38dc: Waiting
2026-03-17T06:17:56.3423585Z 46d2a70b51ed: Waiting
2026-03-17T06:17:56.3423774Z 7812f9249327: Waiting
2026-03-17T06:17:56.3423967Z d53f7e279586: Waiting
2026-03-17T06:17:56.3424158Z f193ec48d2fd: Waiting
2026-03-17T06:17:56.3424355Z fe5526b6ebaa: Waiting
2026-03-17T06:17:56.3424543Z 769f1f794aea: Waiting
2026-03-17T06:17:56.3424732Z cf88728a2784: Waiting
2026-03-17T06:17:56.3424918Z bc14e3cfc292: Waiting
2026-03-17T06:17:56.3425112Z a0bd99ae6296: Waiting
2026-03-17T06:17:56.3425313Z e0e7ed8e6d4d: Waiting
2026-03-17T06:17:56.3425511Z 5401647a58d6: Waiting
2026-03-17T06:17:56.3425705Z 783b83cb5580: Waiting
2026-03-17T06:17:56.3425892Z 3737a30db1dd: Waiting
2026-03-17T06:17:56.3426090Z acb669b56422: Waiting
2026-03-17T06:17:56.5977110Z b51569e7c507: Download complete
2026-03-17T06:17:56.6023827Z da8ef40b9eca: Verifying Checksum
2026-03-17T06:17:56.6024296Z da8ef40b9eca: Download complete
2026-03-17T06:17:56.8312247Z fb15d46c38dc: Verifying Checksum
2026-03-17T06:17:56.8312661Z fb15d46c38dc: Download complete
2026-03-17T06:17:56.8334834Z 46d2a70b51ed: Verifying Checksum
2026-03-17T06:17:56.8335387Z 46d2a70b51ed: Download complete
2026-03-17T06:17:57.0762037Z d53f7e279586: Verifying Checksum
2026-03-17T06:17:57.0763391Z d53f7e279586: Download complete
2026-03-17T06:17:57.3657324Z 58690f9b18fc: Verifying Checksum
2026-03-17T06:17:57.3658099Z 58690f9b18fc: Download complete
2026-03-17T06:17:57.6173139Z fe5526b6ebaa: Verifying Checksum
2026-03-17T06:17:57.6174465Z fe5526b6ebaa: Download complete
2026-03-17T06:17:58.1918864Z f193ec48d2fd: Verifying Checksum
2026-03-17T06:17:58.1919360Z f193ec48d2fd: Download complete
2026-03-17T06:17:58.7367194Z 769f1f794aea: Download complete
2026-03-17T06:17:58.9653825Z a0bd99ae6296: Verifying Checksum
2026-03-17T06:17:58.9656779Z a0bd99ae6296: Download complete
2026-03-17T06:17:58.9820398Z e0e7ed8e6d4d: Verifying Checksum
2026-03-17T06:17:58.9821213Z e0e7ed8e6d4d: Download complete
2026-03-17T06:17:59.2097115Z 58690f9b18fc: Pull complete
2026-03-17T06:17:59.2406326Z 5401647a58d6: Verifying Checksum
2026-03-17T06:17:59.2406824Z 5401647a58d6: Download complete
2026-03-17T06:17:59.4833589Z 783b83cb5580: Verifying Checksum
2026-03-17T06:17:59.4834111Z 783b83cb5580: Download complete
2026-03-17T06:17:59.4992434Z 7812f9249327: Verifying Checksum
2026-03-17T06:17:59.4992942Z 7812f9249327: Download complete
2026-03-17T06:17:59.7306063Z cf88728a2784: Verifying Checksum
2026-03-17T06:17:59.7306878Z cf88728a2784: Download complete
2026-03-17T06:17:59.7955429Z 3737a30db1dd: Verifying Checksum
2026-03-17T06:17:59.7956040Z 3737a30db1dd: Download complete
2026-03-17T06:17:59.9410214Z acb669b56422: Verifying Checksum
2026-03-17T06:17:59.9410553Z acb669b56422: Download complete
2026-03-17T06:17:59.9764048Z bc14e3cfc292: Verifying Checksum
2026-03-17T06:17:59.9764515Z bc14e3cfc292: Download complete
2026-03-17T06:18:00.9352461Z b51569e7c507: Pull complete
2026-03-17T06:18:00.9502354Z da8ef40b9eca: Pull complete
2026-03-17T06:18:00.9632620Z fb15d46c38dc: Pull complete
2026-03-17T06:18:00.9731395Z 46d2a70b51ed: Pull complete
2026-03-17T06:18:06.0797015Z 7812f9249327: Pull complete
2026-03-17T06:18:06.0903672Z d53f7e279586: Pull complete
2026-03-17T06:18:08.4444114Z f193ec48d2fd: Pull complete
2026-03-17T06:18:08.4576411Z fe5526b6ebaa: Pull complete
2026-03-17T06:18:08.9024835Z 769f1f794aea: Pull complete
2026-03-17T06:18:09.5102609Z a0bd99ae6296: Pull complete
2026-03-17T06:18:09.5384919Z e0e7ed8e6d4d: Pull complete
2026-03-17T06:18:11.0338374Z 3737a30db1dd: Pull complete
2026-03-17T06:18:11.0451785Z 5401647a58d6: Pull complete
2026-03-17T06:18:11.0669262Z 783b83cb5580: Pull complete
2026-03-17T06:18:11.0768485Z cf88728a2784: Pull complete
2026-03-17T06:18:11.1549394Z acb669b56422: Pull complete
2026-03-17T06:18:11.1658667Z bc14e3cfc292: Pull complete
2026-03-17T06:18:11.1702481Z Digest: sha256:2647400f884dd399a3ce6f6d918fec0776d43e73f471f52e310cbe664ac1671f
2026-03-17T06:18:11.1716696Z Status: Downloaded newer image for ghcr.io/cross-rs/i686-unknown-linux-gnu:0.2.5
2026-03-17T06:18:11.9586269Z [1m[92m   Compiling[0m libc v0.2.183
2026-03-17T06:18:11.9587559Z [1m[92m   Compiling[0m bitflags v2.11.0
2026-03-17T06:18:11.9588529Z [1m[92m   Compiling[0m cfg_aliases v0.2.1
2026-03-17T06:18:11.9589320Z [1m[92m   Compiling[0m memchr v2.8.0
2026-03-17T06:18:13.5132064Z [1m[92m   Compiling[0m proc-macro2 v1.0.106
2026-03-17T06:18:14.0609582Z [1m[92m   Compiling[0m quote v1.0.45
2026-03-17T06:18:14.0622460Z [1m[92m   Compiling[0m crossbeam-utils v0.8.21
2026-03-17T06:18:15.6413403Z [1m[92m   Compiling[0m rustix v1.1.4
2026-03-17T06:18:15.6414086Z [1m[92m   Compiling[0m unicode-ident v1.0.24
2026-03-17T06:18:15.7637986Z [1m[92m   Compiling[0m aho-corasick v1.1.4
2026-03-17T06:18:16.0472728Z [1m[92m   Compiling[0m cfg-if v1.0.4
2026-03-17T06:18:16.0744985Z [1m[92m   Compiling[0m linux-raw-sys v0.12.1
2026-03-17T06:18:16.4127364Z [1m[92m   Compiling[0m find-msvc-tools v0.1.9
2026-03-17T06:18:16.5562407Z [1m[92m   Compiling[0m shlex v1.3.0
2026-03-17T06:18:16.6918817Z [1m[92m   Compiling[0m utf8parse v0.2.2
2026-03-17T06:18:16.7392732Z [1m[92m   Compiling[0m anstyle-parse v0.2.7
2026-03-17T06:18:16.8978130Z [1m[92m   Compiling[0m cc v1.2.56
2026-03-17T06:18:17.6954444Z [1m[92m   Compiling[0m anstyle v1.0.13
2026-03-17T06:18:17.8726273Z [1m[92m   Compiling[0m anstyle-query v1.1.5
2026-03-17T06:18:17.9093574Z [1m[92m   Compiling[0m colorchoice v1.0.4
2026-03-17T06:18:17.9189794Z [1m[92m   Compiling[0m regex-syntax v0.8.10
2026-03-17T06:18:17.9645633Z [1m[92m   Compiling[0m is_terminal_polyfill v1.70.2
2026-03-17T06:18:18.0014504Z [1m[92m   Compiling[0m anstream v0.6.21
2026-03-17T06:18:18.3322965Z [1m[92m   Compiling[0m syn v2.0.117
2026-03-17T06:18:18.3673484Z [1m[92m   Compiling[0m tikv-jemalloc-sys v0.6.1+5.3.0-1-ge13ca993e8ccb9ba9847cc330696e02839f328f7
2026-03-17T06:18:18.7909472Z [1m[92m   Compiling[0m nix v0.30.1
2026-03-17T06:18:19.1546508Z [1m[92m   Compiling[0m nix v0.31.2
2026-03-17T06:18:19.4748653Z [1m[92m   Compiling[0m terminal_size v0.4.3
2026-03-17T06:18:19.5513026Z [1m[92m   Compiling[0m strsim v0.11.1
2026-03-17T06:18:20.0318181Z [1m[92m   Compiling[0m regex-automata v0.4.14
2026-03-17T06:18:20.2029400Z [1m[92m   Compiling[0m heck v0.5.0
2026-03-17T06:18:20.3577915Z [1m[92m   Compiling[0m clap_lex v1.0.0
2026-03-17T06:18:20.5643134Z [1m[92m   Compiling[0m clap_builder v4.5.60
2026-03-17T06:18:22.0122768Z [1m[92m   Compiling[0m clap_derive v4.5.55
2026-03-17T06:18:24.2742384Z [1m[92m   Compiling[0m crossbeam-epoch v0.9.18
2026-03-17T06:18:24.5673343Z [1m[92m   Compiling[0m bstr v1.12.1
2026-03-17T06:18:25.1038954Z [1m[92m   Compiling[0m anyhow v1.0.102
2026-03-17T06:18:25.3682992Z [1m[92m   Compiling[0m log v0.4.29
2026-03-17T06:18:25.4920498Z [1m[92m   Compiling[0m same-file v1.0.6
2026-03-17T06:18:25.5760150Z [1m[92m   Compiling[0m walkdir v2.5.0
2026-03-17T06:18:25.9571377Z [1m[92m   Compiling[0m globset v0.4.18
2026-03-17T06:18:27.1561881Z [1m[92m   Compiling[0m crossbeam-deque v0.8.6
2026-03-17T06:18:27.3246889Z [1m[92m   Compiling[0m clap v4.5.60
2026-03-17T06:18:27.7226465Z [1m[92m   Compiling[0m once_cell v1.21.3
2026-03-17T06:18:27.7525643Z [1m[92m   Compiling[0m nu-ansi-term v0.50.3
2026-03-17T06:18:27.8953868Z [1m[92m   Compiling[0m bitflags v1.3.2
2026-03-17T06:18:27.9320862Z [1m[92m   Compiling[0m faccess v0.2.4
2026-03-17T06:18:28.0340268Z [1m[92m   Compiling[0m lscolors v0.21.0
2026-03-17T06:18:28.0817552Z [1m[92m   Compiling[0m argmax v0.4.0
2026-03-17T06:18:28.1969537Z [1m[92m   Compiling[0m clap_complete v4.5.66
2026-03-17T06:18:28.8219362Z [1m[92m   Compiling[0m ctrlc v3.5.2
2026-03-17T06:18:28.9198262Z [1m[92m   Compiling[0m ignore v0.4.25
2026-03-17T06:18:29.3868621Z [1m[92m   Compiling[0m regex v1.12.3
2026-03-17T06:18:30.0661937Z [1m[92m   Compiling[0m crossbeam-channel v0.5.15
2026-03-17T06:18:30.2007106Z [1m[92m   Compiling[0m etcetera v0.11.0
2026-03-17T06:18:30.4285583Z [1m[92m   Compiling[0m jiff v0.2.23
2026-03-17T06:18:30.6291739Z [1m[92m   Compiling[0m normpath v1.5.0
2026-03-17T06:18:55.5343324Z [1m[92m   Compiling[0m tikv-jemallocator v0.6.1
2026-03-17T06:18:55.5844602Z [1m[92m   Compiling[0m fd-find v10.4.2 (/project)
2026-03-17T06:19:21.8228586Z [1m[92m    Finished[0m `release` profile [optimized] target(s) in 1m 10s
2026-03-17T06:19:21.9599268Z ##[group]Run # Figure out suffix of binary
2026-03-17T06:19:21.9599626Z [36;1m# Figure out suffix of binary[0m
2026-03-17T06:19:21.9599871Z [36;1mEXE_suffix=""[0m
2026-03-17T06:19:21.9600076Z [36;1mcase ${target} in[0m
2026-03-17T06:19:21.9600331Z [36;1m  *-pc-windows-*) EXE_suffix=".exe" ;;[0m
2026-03-17T06:19:21.9600802Z [36;1mesac;[0m
2026-03-17T06:19:21.9601091Z [36;1m[0m
2026-03-17T06:19:21.9601254Z [36;1m# Setup paths[0m
2026-03-17T06:19:21.9601468Z [36;1mBIN_NAME="${name}${EXE_suffix}"[0m
2026-03-17T06:19:21.9601758Z [36;1mBIN_PATH="target/${target}/release/${BIN_NAME}"[0m
2026-03-17T06:19:21.9602036Z [36;1m[0m
2026-03-17T06:19:21.9602260Z [36;1m# Let subsequent steps know where to find the binary[0m
2026-03-17T06:19:21.9602604Z [36;1mecho "BIN_PATH=${BIN_PATH}" >> $GITHUB_OUTPUT[0m
2026-03-17T06:19:21.9602914Z [36;1mecho "BIN_NAME=${BIN_NAME}" >> $GITHUB_OUTPUT[0m
2026-03-17T06:19:21.9651275Z shell: /usr/bin/bash --noprofile --norc -e -o pipefail {0}
2026-03-17T06:19:21.9651607Z env:
2026-03-17T06:19:21.9651812Z   CICD_INTERMEDIATES_DIR: _cicd-intermediates
2026-03-17T06:19:21.9652089Z   MSRV_FEATURES: --all-features
2026-03-17T06:19:21.9652313Z   BUILD_CMD: cross
2026-03-17T06:19:21.9652523Z   target: i686-unknown-linux-gnu
2026-03-17T06:19:21.9652917Z   name: fd
2026-03-17T06:19:21.9653088Z   CARGO_HOME: /home/runner/.cargo
2026-03-17T06:19:21.9653304Z   CARGO_INCREMENTAL: 0
2026-03-17T06:19:21.9653494Z   CARGO_TERM_COLOR: always
2026-03-17T06:19:21.9653687Z ##[endgroup]
2026-03-17T06:19:21.9745841Z ##[group]Run # test only library unit tests and binary for arm-type targets
2026-03-17T06:19:21.9746348Z [36;1m# test only library unit tests and binary for arm-type targets[0m
2026-03-17T06:19:21.9746697Z [36;1munset CARGO_TEST_OPTIONS[0m
2026-03-17T06:19:21.9746936Z [36;1mcase ${target} in[0m
2026-03-17T06:19:21.9747144Z [36;1marm-* | aarch64-*)[0m
2026-03-17T06:19:21.9747391Z [36;1m  CARGO_TEST_OPTIONS="--bin=${name}" ;;[0m
2026-03-17T06:19:21.9747651Z [36;1mesac[0m
2026-03-17T06:19:21.9747924Z [36;1mecho "CARGO_TEST_OPTIONS=${CARGO_TEST_OPTIONS}" >> $GITHUB_OUTPUT[0m
2026-03-17T06:19:21.9790821Z shell: /usr/bin/bash --noprofile --norc -e -o pipefail {0}
2026-03-17T06:19:21.9791135Z env:
2026-03-17T06:19:21.9791346Z   CICD_INTERMEDIATES_DIR: _cicd-intermediates
2026-03-17T06:19:21.9791611Z   MSRV_FEATURES: --all-features
2026-03-17T06:19:21.9791830Z   BUILD_CMD: cross
2026-03-17T06:19:21.9792019Z   target: i686-unknown-linux-gnu
2026-03-17T06:19:21.9792286Z   name: fd
2026-03-17T06:19:21.9792455Z   CARGO_HOME: /home/runner/.cargo
2026-03-17T06:19:21.9792676Z   CARGO_INCREMENTAL: 0
2026-03-17T06:19:21.9792863Z   CARGO_TERM_COLOR: always
2026-03-17T06:19:21.9793060Z ##[endgroup]
2026-03-17T06:19:21.9877272Z ##[group]Run $BUILD_CMD test --locked --target="${target}" "${cargo_test_options}"
2026-03-17T06:19:21.9877811Z [36;1m$BUILD_CMD test --locked --target="${target}" "${cargo_test_options}"[0m
2026-03-17T06:19:21.9920217Z shell: /usr/bin/bash --noprofile --norc -e -o pipefail {0}
2026-03-17T06:19:21.9920516Z env:
2026-03-17T06:19:21.9920855Z   CICD_INTERMEDIATES_DIR: _cicd-intermediates
2026-03-17T06:19:21.9921124Z   MSRV_FEATURES: --all-features
2026-03-17T06:19:21.9921343Z   BUILD_CMD: cross
2026-03-17T06:19:21.9921533Z   target: i686-unknown-linux-gnu
2026-03-17T06:19:21.9921742Z   name: fd
2026-03-17T06:19:21.9921906Z   CARGO_HOME: /home/runner/.cargo
2026-03-17T06:19:21.9922125Z   CARGO_INCREMENTAL: 0
2026-03-17T06:19:21.9922318Z   CARGO_TERM_COLOR: always
2026-03-17T06:19:21.9922510Z   cargo_test_options: 
2026-03-17T06:19:21.9922694Z ##[endgroup]
2026-03-17T06:19:22.3652063Z info: syncing channel updates for 'stable-x86_64-unknown-linux-gnu'
2026-03-17T06:19:22.3829784Z 
2026-03-17T06:19:22.3936308Z   stable-x86_64-unknown-linux-gnu unchanged - rustc 1.94.0 (4a4ef493e 2026-03-02)
2026-03-17T06:19:22.3936904Z 
2026-03-17T06:19:22.8094761Z [1m[92m   Compiling[0m libc v0.2.183
2026-03-17T06:19:22.8095543Z [1m[92m   Compiling[0m proc-macro2 v1.0.106
2026-03-17T06:19:22.8096241Z [1m[92m   Compiling[0m bitflags v2.11.0
2026-03-17T06:19:22.8103682Z [1m[92m   Compiling[0m quote v1.0.45
2026-03-17T06:19:22.9785197Z [1m[92m   Compiling[0m unicode-ident v1.0.24
2026-03-17T06:19:23.0332391Z [1m[92m   Compiling[0m cfg-if v1.0.4
2026-03-17T06:19:23.0609549Z [1m[92m   Compiling[0m cfg_aliases v0.2.1
2026-03-17T06:19:23.0637487Z [1m[92m   Compiling[0m memchr v2.8.0
2026-03-17T06:19:23.0945722Z [1m[92m   Compiling[0m rustix v1.1.4
2026-03-17T06:19:23.4181991Z [1m[92m   Compiling[0m crossbeam-utils v0.8.21
2026-03-17T06:19:23.4951995Z [1m[92m   Compiling[0m linux-raw-sys v0.12.1
2026-03-17T06:19:23.7536517Z [1m[92m   Compiling[0m aho-corasick v1.1.4
2026-03-17T06:19:23.8463613Z [1m[92m   Compiling[0m syn v2.0.117
2026-03-17T06:19:24.6180131Z [1m[92m   Compiling[0m shlex v1.3.0
2026-03-17T06:19:24.7393551Z [1m[92m   Compiling[0m find-msvc-tools v0.1.9
2026-03-17T06:19:24.9097536Z [1m[92m   Compiling[0m utf8parse v0.2.2
2026-03-17T06:19:24.9596942Z [1m[92m   Compiling[0m anstyle-parse v0.2.7
2026-03-17T06:19:25.0747524Z [1m[92m   Compiling[0m cc v1.2.56
2026-03-17T06:19:25.5664859Z [1m[92m   Compiling[0m colorchoice v1.0.4
2026-03-17T06:19:25.6111176Z [1m[92m   Compiling[0m is_terminal_polyfill v1.70.2
2026-03-17T06:19:25.6475606Z [1m[92m   Compiling[0m regex-syntax v0.8.10
2026-03-17T06:19:26.2146481Z [1m[92m   Compiling[0m anstyle-query v1.1.5
2026-03-17T06:19:26.2629609Z [1m[92m   Compiling[0m anstyle v1.0.13
2026-03-17T06:19:26.4166253Z [1m[92m   Compiling[0m anstream v0.6.21
2026-03-17T06:19:26.4209847Z [1m[92m   Compiling[0m tikv-jemalloc-sys v0.6.1+5.3.0-1-ge13ca993e8ccb9ba9847cc330696e02839f328f7
2026-03-17T06:19:26.6466588Z [1m[92m   Compiling[0m terminal_size v0.4.3
2026-03-17T06:19:26.7139995Z [1m[92m   Compiling[0m nix v0.31.2
2026-03-17T06:19:26.8702318Z [1m[92m   Compiling[0m nix v0.30.1
2026-03-17T06:19:27.0682078Z [1m[92m   Compiling[0m strsim v0.11.1
2026-03-17T06:19:27.2343414Z [1m[92m   Compiling[0m clap_lex v1.0.0
2026-03-17T06:19:27.3471478Z [1m[92m   Compiling[0m regex-automata v0.4.14
2026-03-17T06:19:27.3814513Z [1m[92m   Compiling[0m heck v0.5.0
2026-03-17T06:19:27.5397552Z [1m[92m   Compiling[0m clap_builder v4.5.60
2026-03-17T06:19:28.3789860Z [1m[92m   Compiling[0m clap_derive v4.5.55
2026-03-17T06:19:30.5278529Z [1m[92m   Compiling[0m crossbeam-epoch v0.9.18
2026-03-17T06:19:30.7408667Z [1m[92m   Compiling[0m bstr v1.12.1
2026-03-17T06:19:30.7928572Z [1m[92m   Compiling[0m getrandom v0.4.2
2026-03-17T06:19:31.0033131Z [1m[92m   Compiling[0m log v0.4.29
2026-03-17T06:19:31.0250347Z [1m[92m   Compiling[0m once_cell v1.21.3
2026-03-17T06:19:31.1167761Z [1m[92m   Compiling[0m same-file v1.0.6
2026-03-17T06:19:31.1756371Z [1m[92m   Compiling[0m anyhow v1.0.102
2026-03-17T06:19:31.1776106Z [1m[92m   Compiling[0m walkdir v2.5.0
2026-03-17T06:19:31.2005736Z [1m[92m   Compiling[0m globset v0.4.18
2026-03-17T06:19:31.4266482Z [1m[92m   Compiling[0m test-case-core v3.3.1
2026-03-17T06:19:31.5063159Z [1m[92m   Compiling[0m crossbeam-deque v0.8.6
2026-03-17T06:19:31.6393519Z [1m[92m   Compiling[0m clap v4.5.60
2026-03-17T06:19:32.1731040Z [1m[92m   Compiling[0m bitflags v1.3.2
2026-03-17T06:19:32.2071997Z [1m[92m   Compiling[0m nu-ansi-term v0.50.3
2026-03-17T06:19:32.2309322Z [1m[92m   Compiling[0m test-case-macros v3.3.1
2026-03-17T06:19:32.4681834Z [1m[92m   Compiling[0m lscolors v0.21.0
2026-03-17T06:19:32.5492761Z [1m[92m   Compiling[0m ctrlc v3.5.2
2026-03-17T06:19:32.6301697Z [1m[92m   Compiling[0m faccess v0.2.4
2026-03-17T06:19:32.7196748Z [1m[92m   Compiling[0m argmax v0.4.0
2026-03-17T06:19:32.8169483Z [1m[92m   Compiling[0m clap_complete v4.5.66
2026-03-17T06:19:32.8951243Z [1m[92m   Compiling[0m ignore v0.4.25
2026-03-17T06:19:33.3684542Z [1m[92m   Compiling[0m regex v1.12.3
2026-03-17T06:19:33.4964504Z [1m[92m   Compiling[0m crossbeam-channel v0.5.15
2026-03-17T06:19:33.7720078Z [1m[92m   Compiling[0m etcetera v0.11.0
2026-03-17T06:19:33.9263582Z [1m[92m   Compiling[0m normpath v1.5.0
2026-03-17T06:19:33.9639166Z [1m[92m   Compiling[0m fastrand v2.3.0
2026-03-17T06:19:34.0575364Z [1m[92m   Compiling[0m jiff v0.2.23
2026-03-17T06:19:34.1433538Z [1m[92m   Compiling[0m tempfile v3.26.0
2026-03-17T06:19:34.2386731Z [1m[92m   Compiling[0m test-case v3.3.1
2026-03-17T06:19:34.2684410Z [1m[92m   Compiling[0m filetime v0.2.27
2026-03-17T06:19:34.3889668Z [1m[92m   Compiling[0m diff v0.1.13
2026-03-17T06:20:02.6304208Z [1m[92m   Compiling[0m tikv-jemallocator v0.6.1
2026-03-17T06:20:02.6656420Z [1m[92m   Compiling[0m fd-find v10.4.2 (/project)
2026-03-17T06:20:05.6933553Z [1m[92m    Finished[0m `test` profile [unoptimized + debuginfo] target(s) in 42.99s
2026-03-17T06:20:05.6980165Z [1m[92m     Running[0m unittests src/main.rs (/target/i686-unknown-linux-gnu/debug/deps/fd-aa6896894903dfc9)
2026-03-17T06:20:05.7039648Z 
2026-03-17T06:20:05.7039858Z running 138 tests
2026-03-17T06:20:05.7059070Z test exec::tests::generate_custom_path_separator ... ok
2026-03-17T06:20:05.7059701Z test exec::tests::template_no_args ... ok
2026-03-17T06:20:05.7067108Z test exec::tests::command_set_no_args ... ok
2026-03-17T06:20:05.7067800Z test exec::tests::tokens_multiple_batch ... ok
2026-03-17T06:20:05.7072990Z test exec::tests::tokens_multiple ... ok
2026-03-17T06:20:05.7074713Z test exec::tests::tokens_single_batch ... ok
2026-03-17T06:20:05.7075289Z test exec::tests::tokens_with_basename ... ok
2026-03-17T06:20:05.7079540Z test exec::tests::tokens_with_basename_no_extension ... ok
2026-03-17T06:20:05.7083452Z test exec::tests::tokens_with_literal_braces ... ok
2026-03-17T06:20:05.7084360Z test exec::tests::tokens_with_literal_braces_and_placeholder ... ok
2026-03-17T06:20:05.7085395Z test exec::tests::tokens_with_no_extension ... ok
2026-03-17T06:20:05.7087856Z test exec::tests::tokens_with_placeholder ... ok
2026-03-17T06:20:05.7088857Z test exit_codes::tests::general_error_if_at_least_one_error ... ok
2026-03-17T06:20:05.7089753Z test exec::tests::tokens_with_parent ... ok
2026-03-17T06:20:05.7092029Z test exit_codes::tests::success_if_no_error ... ok
2026-03-17T06:20:05.7095830Z test exit_codes::tests::success_when_no_results ... ok
2026-03-17T06:20:05.7097362Z test filesystem::tests::make_absolute_with_relative_path ... ok
2026-03-17T06:20:05.7099584Z test filesystem::tests::make_absolute_with_absolute_path ... ok
2026-03-17T06:20:05.7100282Z test filesystem::tests::make_absolute_strips_dot_prefix ... ok
2026-03-17T06:20:05.7103913Z test filter::owner::owner_parsing::both_negate ... ok
2026-03-17T06:20:05.7106380Z test filter::owner::owner_parsing::colon_only ... ok
2026-03-17T06:20:05.7107379Z test filesystem::tests::strip_current_dir_basic ... ok
2026-03-17T06:20:05.7109287Z test filter::owner::owner_parsing::more_colons ... ok
2026-03-17T06:20:05.7110127Z test filter::owner::owner_parsing::gid_only ... ok
2026-03-17T06:20:05.7112588Z test filter::owner::owner_parsing::empty ... ok
2026-03-17T06:20:05.7116296Z test filter::owner::owner_parsing::only_colons ... ok
2026-03-17T06:20:05.7120435Z test filter::owner::owner_parsing::trailing ... ok
2026-03-17T06:20:05.7122639Z test filter::owner::owner_parsing::uid_not_gid ... ok
2026-03-17T06:20:05.7125999Z test filter::owner::owner_parsing::uid_negate ... ok
2026-03-17T06:20:05.7126463Z test filter::owner::owner_parsing::uid_gid ... ok
2026-03-17T06:20:05.7126814Z test filter::owner::owner_parsing::uid_only ... ok
2026-03-17T06:20:05.7163983Z test filter::size::tests::byte_minus ... ok
2026-03-17T06:20:05.7164682Z test filter::size::tests::ensure_bad_format_returns_none_1 ... ok
2026-03-17T06:20:05.7173599Z test filter::size::tests::byte_plus ... ok
2026-03-17T06:20:05.7174724Z test filter::size::tests::byte_plus_multiplier ... ok
2026-03-17T06:20:05.7176315Z test filter::size::tests::ensure_bad_format_returns_none_2 ... ok
2026-03-17T06:20:05.7184368Z test filter::size::tests::ensure_bad_format_returns_none_3 ... ok
2026-03-17T06:20:05.7190097Z test filter::size::tests::ensure_invalid_unit_returns_none_1 ... ok
2026-03-17T06:20:05.7191168Z test filter::size::tests::ensure_invalid_unit_returns_none_2 ... ok
2026-03-17T06:20:05.7200026Z test filter::size::tests::ensure_bib_format_returns_none ... ok
2026-03-17T06:20:05.7201070Z test filter::size::tests::ensure_bb_format_returns_none ... ok
2026-03-17T06:20:05.7201818Z test filter::size::tests::ensure_missing_number_returns_none ... ok
2026-03-17T06:20:05.7207404Z test filter::size::tests::ensure_invalid_unit_returns_none_3 ... ok
2026-03-17T06:20:05.7207883Z test filter::size::tests::ensure_missing_unit_returns_none ... ok
2026-03-17T06:20:05.7214923Z test filter::size::tests::gibi_minus ... ok
2026-03-17T06:20:05.7223186Z test filter::size::tests::gibi_minus_suffix_upper ... ok
2026-03-17T06:20:05.7226054Z test filter::size::tests::gibi_minus_suffix ... ok
2026-03-17T06:20:05.7226678Z test filter::size::tests::gibi_minus_upper ... ok
2026-03-17T06:20:05.7228187Z test filter::size::tests::gibi_plus ... ok
2026-03-17T06:20:05.7238306Z test filter::size::tests::giga_minus ... ok
2026-03-17T06:20:05.7238911Z test filter::size::tests::gibi_plus_suffix ... ok
2026-03-17T06:20:05.7239748Z test filter::size::tests::gibi_plus_suffix_upper ... ok
2026-03-17T06:20:05.7240809Z test filter::size::tests::gibi_plus_upper ... ok
2026-03-17T06:20:05.7247243Z test filter::size::tests::giga_minus_suffix ... ok
2026-03-17T06:20:05.7248067Z test filter::size::tests::giga_minus_upper ... ok
2026-03-17T06:20:05.7248673Z test filter::size::tests::giga_plus ... ok
2026-03-17T06:20:05.7249282Z test filter::size::tests::giga_minus_suffix_upper ... ok
2026-03-17T06:20:05.7254107Z test filter::size::tests::giga_plus_suffix ... ok
2026-03-17T06:20:05.7256340Z test filter::size::tests::giga_plus_suffix_upper ... ok
2026-03-17T06:20:05.7257056Z test filter::size::tests::giga_plus_upper ... ok
2026-03-17T06:20:05.7260524Z test filter::size::tests::is_within_greater_than ... ok
2026-03-17T06:20:05.7263574Z test filter::size::tests::is_within_greater_than_equal ... ok
2026-03-17T06:20:05.7264234Z test filter::size::tests::is_within_less_than ... ok
2026-03-17T06:20:05.7264988Z test filter::size::tests::is_within_less_than_equal ... ok
2026-03-17T06:20:05.7269832Z test filter::size::tests::kibi_minus_multiplier ... ok
2026-03-17T06:20:05.7271076Z test filter::size::tests::kibi_minus ... ok
2026-03-17T06:20:05.7271734Z test filter::size::tests::kibi_minus_suffix_upper ... ok
2026-03-17T06:20:05.7272404Z test filter::size::tests::kibi_minus_suffix ... ok
2026-03-17T06:20:05.7276933Z test filter::size::tests::kibi_plus ... ok
2026-03-17T06:20:05.7277934Z test filter::size::tests::kibi_minus_upper ... ok
2026-03-17T06:20:05.7281246Z test filter::size::tests::kibi_plus_suffix ... ok
2026-03-17T06:20:05.7283925Z test filter::size::tests::kibi_plus_multiplier ... ok
2026-03-17T06:20:05.7284618Z test filter::size::tests::kibi_plus_upper ... ok
2026-03-17T06:20:05.7287456Z test filter::size::tests::kibi_plus_suffix_upper ... ok
2026-03-17T06:20:05.7295590Z test filter::size::tests::kilo_minus ... ok
2026-03-17T06:20:05.7303786Z test filter::size::tests::kilo_minus_multiplier ... ok
2026-03-17T06:20:05.7307796Z test filter::size::tests::kilo_minus_suffix ... ok
2026-03-17T06:20:05.7308665Z test filter::size::tests::kilo_minus_suffix_upper ... ok
2026-03-17T06:20:05.7311134Z test filter::size::tests::kilo_plus ... ok
2026-03-17T06:20:05.7312957Z test filter::size::tests::kilo_plus_suffix ... ok
2026-03-17T06:20:05.7313858Z test filter::size::tests::kilo_plus_suffix_upper ... ok
2026-03-17T06:20:05.7314492Z test filter::size::tests::kilo_minus_upper ... ok
2026-03-17T06:20:05.7315093Z test filter::size::tests::kilo_plus_upper ... ok
2026-03-17T06:20:05.7315729Z test filter::size::tests::mebi_minus_suffix ... ok
2026-03-17T06:20:05.7316287Z test filter::size::tests::mebi_plus ... ok
2026-03-17T06:20:05.7316988Z test filter::size::tests::mebi_minus_upper ... ok
2026-03-17T06:20:05.7317797Z test filter::size::tests::mebi_minus_suffix_upper ... ok
2026-03-17T06:20:05.7318597Z test filter::size::tests::mebi_minus ... ok
2026-03-17T06:20:05.7320282Z test filter::size::tests::mebi_plus_suffix_upper ... ok
2026-03-17T06:20:05.7324656Z test filter::size::tests::mebi_plus_suffix ... ok
2026-03-17T06:20:05.7326264Z test filter::size::tests::mebi_plus_upper ... ok
2026-03-17T06:20:05.7331376Z test filter::size::tests::mega_minus_suffix ... ok
2026-03-17T06:20:05.7332915Z test filter::size::tests::mega_minus ... ok
2026-03-17T06:20:05.7333538Z test filter::size::tests::mega_minus_suffix_upper ... ok
2026-03-17T06:20:05.7334325Z test filter::size::tests::mega_minus_upper ... ok
2026-03-17T06:20:05.7339175Z test filter::size::tests::mega_plus_suffix ... ok
2026-03-17T06:20:05.7341950Z test filter::size::tests::mega_plus ... ok
2026-03-17T06:20:05.7343502Z test filter::size::tests::mega_plus_suffix_upper ... ok
2026-03-17T06:20:05.7345089Z test filter::size::tests::mega_plus_upper ... ok
2026-03-17T06:20:05.7349121Z test filter::size::tests::tebi_minus ... ok
2026-03-17T06:20:05.7374351Z test filter::size::tests::tebi_minus_suffix_upper ... ok
2026-03-17T06:20:05.7375311Z test filter::size::tests::tebi_minus_suffix ... ok
2026-03-17T06:20:05.7377897Z test filter::size::tests::tebi_minus_upper ... ok
2026-03-17T06:20:05.7378813Z test filter::size::tests::tebi_plus_suffix ... ok
2026-03-17T06:20:05.7379355Z test filter::size::tests::tebi_plus ... ok
2026-03-17T06:20:05.7379931Z test filter::size::tests::tebi_plus_suffix_upper ... ok
2026-03-17T06:20:05.7380532Z test filter::size::tests::tebi_plus_upper ... ok
2026-03-17T06:20:05.7381609Z test filter::size::tests::tera_minus ... ok
2026-03-17T06:20:05.7382160Z test filter::size::tests::tera_minus_suffix ... ok
2026-03-17T06:20:05.7382818Z test filter::size::tests::tera_minus_suffix_upper ... ok
2026-03-17T06:20:05.7383482Z test filter::size::tests::tera_minus_upper ... ok
2026-03-17T06:20:05.7384093Z test filter::size::tests::tera_plus ... ok
2026-03-17T06:20:05.7384699Z test filter::size::tests::tera_plus_suffix_upper ... ok
2026-03-17T06:20:05.7385273Z test filter::size::tests::tera_plus_suffix ... ok
2026-03-17T06:20:05.7385822Z test filter::size::tests::tera_plus_upper ... ok
2026-03-17T06:20:05.7386371Z test fmt::fmt_tests::parse_no_placeholders ... ok
2026-03-17T06:20:05.7387644Z test fmt::fmt_tests::parse_only_brace_escapes ... ok
2026-03-17T06:20:05.7391712Z test fmt::fmt_tests::all_placeholders ... ok
2026-03-17T06:20:05.7396461Z test fmt::input::path_tests::basename_empty ... ok
2026-03-17T06:20:05.7398597Z test fmt::input::path_tests::basename_dir ... ok
2026-03-17T06:20:05.7400853Z test fmt::input::path_tests::basename_simple ... ok
2026-03-17T06:20:05.7403926Z test fmt::input::path_tests::basename_utf8_0 ... ok
2026-03-17T06:20:05.7406251Z test filter::time::tests::is_time_filter_applicable ... ok
2026-03-17T06:20:05.7410072Z test fmt::input::path_tests::basename_utf8_1 ... ok
2026-03-17T06:20:05.7412969Z test fmt::input::path_tests::dirname_dir ... ok
2026-03-17T06:20:05.7415748Z test fmt::input::path_tests::dirname_root ... ok
2026-03-17T06:20:05.7416519Z test fmt::input::path_tests::dirname_simple ... ok
2026-03-17T06:20:05.7417145Z test fmt::input::path_tests::dirname_utf8_0 ... ok
2026-03-17T06:20:05.7419077Z test fmt::input::path_tests::dirname_utf8_1 ... ok
2026-03-17T06:20:05.7425496Z test fmt::input::path_tests::remove_ext_empty ... ok
2026-03-17T06:20:05.7429866Z test fmt::input::path_tests::hidden ... ok
2026-03-17T06:20:05.7430413Z test fmt::input::path_tests::remove_ext_dir ... ok
2026-03-17T06:20:05.7431185Z test fmt::input::path_tests::remove_ext_simple ... ok
2026-03-17T06:20:05.7435147Z test fmt::input::path_tests::remove_ext_utf8 ... ok
2026-03-17T06:20:05.7441745Z test hyperlink::test::test_unicode_encoding ... ok
2026-03-17T06:20:05.7442843Z test regex_helper::matches_strings_with_leading_dot_simple ... ok
2026-03-17T06:20:05.7443553Z test regex_helper::pattern_has_uppercase_char_advanced ... ok
2026-03-17T06:20:05.7444045Z test regex_helper::pattern_has_uppercase_char_simple ... ok
2026-03-17T06:20:05.7444286Z 
2026-03-17T06:20:05.7444527Z test result: ok. 138 passed; 0 failed; 0 ignored; 0 measured; 0 filtered out; finished in 0.04s
2026-03-17T06:20:05.7444879Z 
2026-03-17T06:20:05.7450489Z [1m[92m     Running[0m tests/tests.rs (/target/i686-unknown-linux-gnu/debug/deps/tests-c0057d95ca12d8da)
2026-03-17T06:20:05.7497890Z 
2026-03-17T06:20:05.7498075Z running 106 tests
2026-03-17T06:20:05.7957438Z test test_absolute_path ... ok
2026-03-17T06:20:05.7993680Z test test_and_bad_pattern ... ok
2026-03-17T06:20:05.8160316Z test test_and_empty_pattern ... ok
2026-03-17T06:20:05.8327739Z test test_and_plus_case_sensitive ... ok
2026-03-17T06:20:05.8411900Z test format ... ok
2026-03-17T06:20:05.8449428Z test test_and_basic ... ok
2026-03-17T06:20:05.8450009Z test test_and_pattern_starts_with_dash ... ok
2026-03-17T06:20:05.8630137Z test test_and_plus_glob ... ok
2026-03-17T06:20:05.8658211Z test test_and_plus_extension ... ok
2026-03-17T06:20:05.8813079Z test test_and_plus_ignore_case ... ok
2026-03-17T06:20:05.8910186Z test test_and_plus_fixed_strings ... ok
2026-03-17T06:20:05.8939391Z test test_and_plus_full_path ... ok
2026-03-17T06:20:05.8949621Z test test_and_plus_type ... ok
2026-03-17T06:20:05.9146249Z test test_case_sensitive_glob_searches ... ok
2026-03-17T06:20:05.9314020Z test test_case_insensitive ... ok
2026-03-17T06:20:05.9323771Z test test_custom_ignore_files ... ok
2026-03-17T06:20:05.9438789Z test test_base_directory ... ok
2026-03-17T06:20:05.9454407Z test test_case_sensitive ... ok
2026-03-17T06:20:05.9489856Z test test_custom_path_separator ... ok
2026-03-17T06:20:05.9636485Z test test_exact_depth ... ok
2026-03-17T06:20:05.9735415Z test test_custom_ignore_precedence ... ok
2026-03-17T06:20:05.9894779Z test test_empty_pattern ... ok
2026-03-17T06:20:06.0126230Z test test_error_if_hidden_not_set_and_pattern_starts_with_dot ... ok
2026-03-17T06:20:06.0428280Z test test_excludes ... ok
2026-03-17T06:20:06.0674640Z test test_exec_batch_multi ... ok
2026-03-17T06:20:06.0709451Z test test_exec_batch_with_limit ... ok
2026-03-17T06:20:06.1687884Z test test_exec_batch ... ok
2026-03-17T06:20:06.1864684Z test test_exec_invalid_utf8 ... ok
2026-03-17T06:20:06.2002211Z test test_exec_multi ... ok
2026-03-17T06:20:06.2037820Z test test_exec_nulls ... ok
2026-03-17T06:20:06.2209502Z test test_exec ... ok
2026-03-17T06:20:06.2216192Z test test_file_system_boundaries ... ok
2026-03-17T06:20:06.2657993Z test test_explicit_root_path ... ok
2026-03-17T06:20:06.2883113Z test test_follow ... ok
2026-03-17T06:20:06.3115431Z test test_fixed_strings ... ok
2026-03-17T06:20:06.3348700Z test test_full_path ... ok
2026-03-17T06:20:06.3845595Z test test_full_path_glob_searches ... ok
2026-03-17T06:20:06.3850795Z test test_exec_with_separator ... ok
2026-03-17T06:20:06.4004414Z test test_follow_broken_symlink ... ok
2026-03-17T06:20:06.4200783Z test test_extension ... ok
2026-03-17T06:20:06.4271274Z test test_gitignore_parent ... ok
2026-03-17T06:20:06.4366097Z test test_gitignore_and_fdignore ... ok
2026-03-17T06:20:06.4403408Z test test_git_dir ... ok
2026-03-17T06:20:06.4480783Z test test_glob_searches_with_extension ... ok
2026-03-17T06:20:06.4531784Z test test_global_ignore ... ok
2026-03-17T06:20:06.4563253Z test test_hidden ... ok
2026-03-17T06:20:06.4655497Z test test_glob_searches ... ok
2026-03-17T06:20:06.4672287Z test test_hyperlink ... ok
2026-03-17T06:20:06.4704967Z test test_ignore_contain ... ok
2026-03-17T06:20:06.4741007Z test test_ignore_contain_precedence_over_depth_check ... ok
2026-03-17T06:20:06.4827199Z test test_ignore_contain_precedence_over_root_check ... ok
2026-03-17T06:20:06.4844288Z test test_implicit_absolute_path ... ok
2026-03-17T06:20:06.4878884Z test test_invalid_cwd ... ok
2026-03-17T06:20:06.5038203Z test test_list_details ... ok
2026-03-17T06:20:06.5213042Z test test_invalid_utf8 ... ok
2026-03-17T06:20:06.5255552Z test test_max_depth ... ok
2026-03-17T06:20:06.5348988Z test test_min_depth ... ok
2026-03-17T06:20:06.5501964Z test test_modified_absolute ... ok
2026-03-17T06:20:06.5695108Z test test_modified_relative ... ok
2026-03-17T06:20:06.5798408Z test test_max_results ... ok
2026-03-17T06:20:06.5977736Z test test_multi_file ... ok
2026-03-17T06:20:06.5982863Z test test_no_global_ignore::no_global_ignore_file ... ok
2026-03-17T06:20:06.6018305Z test test_no_extension ... ok
2026-03-17T06:20:06.6144046Z test test_no_global_ignore::no_ignore ... ok
2026-03-17T06:20:06.6148859Z test test_no_global_ignore::unrestricted ... ok
2026-03-17T06:20:06.6277951Z test test_no_ignore ... ok
2026-03-17T06:20:06.6286504Z test test_no_ignore_aliases ... ok
2026-03-17T06:20:06.6322913Z test test_multi_file_with_missing ... ok
2026-03-17T06:20:06.6428430Z test test_no_ignore_parent ... ok
2026-03-17T06:20:06.6447408Z test test_no_ignore_vcs ... ok
2026-03-17T06:20:06.6504668Z test test_no_ignore_vcs_child_dir ... ok
2026-03-17T06:20:06.6574037Z test test_no_ignore_parent_inner_git ... ok
2026-03-17T06:20:06.6587535Z test test_normalized_absolute_path ... ok
2026-03-17T06:20:06.6805053Z test test_opposing::absolute_path ... ok
2026-03-17T06:20:06.6854760Z test test_opposing::follow ... ok
2026-03-17T06:20:06.6898894Z test test_opposing::hidden ... ok
2026-03-17T06:20:06.7102385Z test test_opposing::no_ignore ... ok
2026-03-17T06:20:06.7117308Z test test_number_parsing_errors ... ok
2026-03-17T06:20:06.7152474Z test test_opposing::no_ignore_vcs ... ok
2026-03-17T06:20:06.7194105Z test test_opposing::no_require_git ... ok
2026-03-17T06:20:06.7361471Z test test_owner_current_group ... ok
2026-03-17T06:20:06.7378286Z test test_owner_current_user ... ok
2026-03-17T06:20:06.7413215Z test test_opposing::uu ... ok
2026-03-17T06:20:06.7417647Z test test_opposing::u ... ok
2026-03-17T06:20:06.7588960Z test test_print0 ... ok
2026-03-17T06:20:06.7717563Z test test_prune ... ok
2026-03-17T06:20:06.7728555Z test test_owner_ignore_all ... ok
2026-03-17T06:20:06.7896218Z test test_regex_overrides_glob ... ok
2026-03-17T06:20:06.8085344Z test test_owner_root ... ok
2026-03-17T06:20:06.8089815Z test test_regex_searches ... ok
2026-03-17T06:20:06.8102017Z test test_quiet ... ok
2026-03-17T06:20:06.8422736Z test test_single_and_multithreaded_execution ... ok
2026-03-17T06:20:06.8518499Z test test_respect_ignore_files ... ok
2026-03-17T06:20:06.8716382Z test test_simple ... ok
2026-03-17T06:20:06.8845382Z test test_smart_case_glob_searches ... ok
2026-03-17T06:20:06.8904636Z test test_strip_cwd_prefix ... ok
2026-03-17T06:20:06.8992861Z test test_symlink_and_absolute_path ... ok
2026-03-17T06:20:06.9083284Z test test_symlink_and_full_path ... ok
2026-03-17T06:20:06.9160347Z test test_smart_case ... ok
2026-03-17T06:20:06.9194339Z test test_symlink_and_full_path_abs_path ... ok
2026-03-17T06:20:06.9245599Z test test_symlink_as_absolute_root ... ok
2026-03-17T06:20:06.9328498Z test test_symlink_as_root ... ok
2026-03-17T06:20:06.9629559Z test test_type_executable ... ok
2026-03-17T06:20:06.9791677Z test test_type_empty ... ok
2026-03-17T06:20:06.9874705Z test test_type ... ok
2026-03-17T06:20:07.0623611Z test test_size ... ok
2026-03-17T06:20:07.0623886Z 
2026-03-17T06:20:07.0624319Z test result: ok. 106 passed; 0 failed; 0 ignored; 0 measured; 0 filtered out; finished in 1.31s
2026-03-17T06:20:07.0624760Z 
2026-03-17T06:20:07.3897843Z ##[group]Run make completions
2026-03-17T06:20:07.3898329Z [36;1mmake completions[0m
2026-03-17T06:20:07.3968315Z shell: /usr/bin/bash --noprofile --norc -e -o pipefail {0}
2026-03-17T06:20:07.3968850Z env:
2026-03-17T06:20:07.3969184Z   CICD_INTERMEDIATES_DIR: _cicd-intermediates
2026-03-17T06:20:07.3969660Z   MSRV_FEATURES: --all-features
2026-03-17T06:20:07.3970054Z   BUILD_CMD: cross
2026-03-17T06:20:07.3970386Z   target: i686-unknown-linux-gnu
2026-03-17T06:20:07.3971000Z   name: fd
2026-03-17T06:20:07.3971298Z   CARGO_HOME: /home/runner/.cargo
2026-03-17T06:20:07.3971708Z   CARGO_INCREMENTAL: 0
2026-03-17T06:20:07.3972037Z   CARGO_TERM_COLOR: always
2026-03-17T06:20:07.3972373Z ##[endgroup]
2026-03-17T06:20:07.4080038Z cargo build --profile release --locked
2026-03-17T06:20:07.5331205Z [1m[92m   Compiling[0m bitflags v2.11.0
2026-03-17T06:20:07.5332137Z [1m[92m   Compiling[0m libc v0.2.183
2026-03-17T06:20:07.5334984Z [1m[92m   Compiling[0m cfg_aliases v0.2.1
2026-03-17T06:20:07.5335748Z [1m[92m   Compiling[0m memchr v2.8.0
2026-03-17T06:20:07.5628384Z [1m[92m   Compiling[0m proc-macro2 v1.0.106
2026-03-17T06:20:07.7725661Z [1m[92m   Compiling[0m crossbeam-utils v0.8.21
2026-03-17T06:20:08.1934071Z [1m[92m   Compiling[0m rustix v1.1.4
2026-03-17T06:20:08.8863401Z [1m[92m   Compiling[0m unicode-ident v1.0.24
2026-03-17T06:20:08.8941828Z [1m[92m   Compiling[0m quote v1.0.45
2026-03-17T06:20:09.0344490Z [1m[92m   Compiling[0m aho-corasick v1.1.4
2026-03-17T06:20:09.0522624Z [1m[92m   Compiling[0m cfg-if v1.0.4
2026-03-17T06:20:09.0822463Z [1m[92m   Compiling[0m find-msvc-tools v0.1.9
2026-03-17T06:20:09.2338751Z [1m[92m   Compiling[0m linux-raw-sys v0.12.1
2026-03-17T06:20:09.5382566Z [1m[92m   Compiling[0m utf8parse v0.2.2
2026-03-17T06:20:09.5661691Z [1m[92m   Compiling[0m shlex v1.3.0
2026-03-17T06:20:09.5827157Z [1m[92m   Compiling[0m anstyle-parse v0.2.7
2026-03-17T06:20:09.6850055Z [1m[92m   Compiling[0m cc v1.2.56
2026-03-17T06:20:10.6143505Z [1m[92m   Compiling[0m regex-syntax v0.8.10
2026-03-17T06:20:11.0027061Z [1m[92m   Compiling[0m colorchoice v1.0.4
2026-03-17T06:20:11.0472684Z [1m[92m   Compiling[0m anstyle v1.0.13
2026-03-17T06:20:11.1264252Z [1m[92m   Compiling[0m is_terminal_polyfill v1.70.2
2026-03-17T06:20:11.1644490Z [1m[92m   Compiling[0m anstyle-query v1.1.5
2026-03-17T06:20:11.2114432Z [1m[92m   Compiling[0m anstream v0.6.21
2026-03-17T06:20:11.2333753Z [1m[92m   Compiling[0m tikv-jemalloc-sys v0.6.1+5.3.0-1-ge13ca993e8ccb9ba9847cc330696e02839f328f7
2026-03-17T06:20:11.4853370Z [1m[92m   Compiling[0m syn v2.0.117
2026-03-17T06:20:11.5103697Z [1m[92m   Compiling[0m terminal_size v0.4.3
2026-03-17T06:20:11.5852646Z [1m[92m   Compiling[0m nix v0.31.2
2026-03-17T06:20:11.8404086Z [1m[92m   Compiling[0m nix v0.30.1
2026-03-17T06:20:12.1025558Z [1m[92m   Compiling[0m strsim v0.11.1
2026-03-17T06:20:12.5252416Z [1m[92m   Compiling[0m regex-automata v0.4.14
2026-03-17T06:20:12.6201366Z [1m[92m   Compiling[0m heck v0.5.0
2026-03-17T06:20:12.7672589Z [1m[92m   Compiling[0m clap_lex v1.0.0
2026-03-17T06:20:12.9794415Z [1m[92m   Compiling[0m clap_builder v4.5.60
2026-03-17T06:20:15.1992503Z [1m[92m   Compiling[0m clap_derive v4.5.55
2026-03-17T06:20:16.9443318Z [1m[92m   Compiling[0m crossbeam-epoch v0.9.18
2026-03-17T06:20:17.2387446Z [1m[92m   Compiling[0m bstr v1.12.1
2026-03-17T06:20:17.7814863Z [1m[92m   Compiling[0m same-file v1.0.6
2026-03-17T06:20:17.8609480Z [1m[92m   Compiling[0m log v0.4.29
2026-03-17T06:20:17.9884450Z [1m[92m   Compiling[0m anyhow v1.0.102
2026-03-17T06:20:18.2152184Z [1m[92m   Compiling[0m globset v0.4.18
2026-03-17T06:20:19.0778059Z [1m[92m   Compiling[0m walkdir v2.5.0
2026-03-17T06:20:19.4572710Z [1m[92m   Compiling[0m crossbeam-deque v0.8.6
2026-03-17T06:20:19.6269204Z [1m[92m   Compiling[0m clap v4.5.60
2026-03-17T06:20:20.0749216Z [1m[92m   Compiling[0m once_cell v1.21.3
2026-03-17T06:20:20.1692725Z [1m[92m   Compiling[0m bitflags v1.3.2
2026-03-17T06:20:20.2005768Z [1m[92m   Compiling[0m nu-ansi-term v0.50.3
2026-03-17T06:20:20.2282443Z [1m[92m   Compiling[0m argmax v0.4.0
2026-03-17T06:20:20.3333019Z [1m[92m   Compiling[0m faccess v0.2.4
2026-03-17T06:20:20.4262864Z [1m[92m   Compiling[0m lscolors v0.21.0
2026-03-17T06:20:20.5260384Z [1m[92m   Compiling[0m ctrlc v3.5.2
2026-03-17T06:20:20.6088574Z [1m[92m   Compiling[0m clap_complete v4.5.66
2026-03-17T06:20:20.7521354Z [1m[92m   Compiling[0m ignore v0.4.25
2026-03-17T06:20:21.7464973Z [1m[92m   Compiling[0m regex v1.12.3
2026-03-17T06:20:22.4823912Z [1m[92m   Compiling[0m crossbeam-channel v0.5.15
2026-03-17T06:20:22.5319259Z [1m[92m   Compiling[0m etcetera v0.11.0
2026-03-17T06:20:22.7687929Z [1m[92m   Compiling[0m normpath v1.5.0
2026-03-17T06:20:22.9097185Z [1m[92m   Compiling[0m jiff v0.2.23
2026-03-17T06:20:54.4488402Z [1m[92m   Compiling[0m tikv-jemallocator v0.6.1
2026-03-17T06:20:54.4869010Z [1m[92m   Compiling[0m fd-find v10.4.2 (/home/runner/work/fd/fd)
2026-03-17T06:21:20.2627680Z [1m[92m    Finished[0m `release` profile [optimized] target(s) in 1m 12s
2026-03-17T06:21:20.2744650Z target/release/fd --gen-completions bash > autocomplete/fd.bash
2026-03-17T06:21:20.2781735Z target/release/fd --gen-completions fish > autocomplete/fd.fish
2026-03-17T06:21:20.2815402Z target/release/fd --gen-completions powershell > autocomplete/_fd.ps1
2026-03-17T06:21:20.2852428Z cp contrib/completion/_fd autocomplete/_fd
2026-03-17T06:21:20.2896243Z ##[group]Run PKG_suffix=".tar.gz"
2026-03-17T06:21:20.2896555Z [36;1mPKG_suffix=".tar.gz"[0m
2026-03-17T06:21:20.2896787Z [36;1mcase ${target} in[0m
2026-03-17T06:21:20.2897051Z [36;1m*-pc-windows-*) PKG_suffix=".zip" ;;[0m
2026-03-17T06:21:20.2897324Z [36;1mesac[0m
2026-03-17T06:21:20.2897544Z [36;1mPKG_BASENAME=${name}-v${version}-${target}[0m
2026-03-17T06:21:20.2897860Z [36;1mPKG_NAME=${PKG_BASENAME}${PKG_suffix}[0m
2026-03-17T06:21:20.2898163Z [36;1mecho "PKG_NAME=${PKG_NAME}" >> $GITHUB_OUTPUT[0m
2026-03-17T06:21:20.2898439Z [36;1m[0m
2026-03-17T06:21:20.2898850Z [36;1mPKG_STAGING="${CICD_INTERMEDIATES_DIR}/package"[0m
2026-03-17T06:21:20.2899210Z [36;1mARCHIVE_DIR="${PKG_STAGING}/${PKG_BASENAME}/"[0m
2026-03-17T06:21:20.2899517Z [36;1mmkdir -p "${ARCHIVE_DIR}"[0m
2026-03-17T06:21:20.2899740Z [36;1m[0m
2026-03-17T06:21:20.2899896Z [36;1m# Binary[0m
2026-03-17T06:21:20.2900082Z [36;1mcp "${BIN_PATH}" "$ARCHIVE_DIR"[0m
2026-03-17T06:21:20.2900340Z [36;1m[0m
2026-03-17T06:21:20.2900523Z [36;1m# README, LICENSE and CHANGELOG files[0m
2026-03-17T06:21:20.2901187Z [36;1mcp "README.md" "LICENSE-MIT" "LICENSE-APACHE" "CHANGELOG.md" "$ARCHIVE_DIR"[0m
2026-03-17T06:21:20.2901557Z [36;1m[0m
2026-03-17T06:21:20.2901714Z [36;1m# Man page[0m
2026-03-17T06:21:20.2901912Z [36;1mcp "doc/${name}.1" "$ARCHIVE_DIR"[0m
2026-03-17T06:21:20.2902146Z [36;1m[0m
2026-03-17T06:21:20.2902310Z [36;1m# Autocompletion files[0m
2026-03-17T06:21:20.2902578Z [36;1mcp -r autocomplete "${ARCHIVE_DIR}"[0m
2026-03-17T06:21:20.2902822Z [36;1m[0m
2026-03-17T06:21:20.2902994Z [36;1m# base compressed package[0m
2026-03-17T06:21:20.2903252Z [36;1mpushd "${PKG_STAGING}/" >/dev/null[0m
2026-03-17T06:21:20.2903494Z [36;1mcase ${target} in[0m
2026-03-17T06:21:20.2903820Z [36;1m  *-pc-windows-*) 7z -y a "${PKG_NAME}" "${PKG_BASENAME}"/* | tail -2 ;;[0m
2026-03-17T06:21:20.2904228Z [36;1m  *) tar czf "${PKG_NAME}" "${PKG_BASENAME}"/* ;;[0m
2026-03-17T06:21:20.2904501Z [36;1mesac;[0m
2026-03-17T06:21:20.2904675Z [36;1mpopd >/dev/null[0m
2026-03-17T06:21:20.2904861Z [36;1m[0m
2026-03-17T06:21:20.2905128Z [36;1m# Let subsequent steps know where to find the compressed package[0m
2026-03-17T06:21:20.2905557Z [36;1mecho "PKG_PATH=${PKG_STAGING}/${PKG_NAME}" >> $GITHUB_OUTPUT[0m
2026-03-17T06:21:20.2954818Z shell: /usr/bin/bash --noprofile --norc -e -o pipefail {0}
2026-03-17T06:21:20.2955143Z env:
2026-03-17T06:21:20.2955345Z   CICD_INTERMEDIATES_DIR: _cicd-intermediates
2026-03-17T06:21:20.2955633Z   MSRV_FEATURES: --all-features
2026-03-17T06:21:20.2955852Z   BUILD_CMD: cross
2026-03-17T06:21:20.2956058Z   target: i686-unknown-linux-gnu
2026-03-17T06:21:20.2956268Z   name: fd
2026-03-17T06:21:20.2956433Z   CARGO_HOME: /home/runner/.cargo
2026-03-17T06:21:20.2956655Z   CARGO_INCREMENTAL: 0
2026-03-17T06:21:20.2956841Z   CARGO_TERM_COLOR: always
2026-03-17T06:21:20.2957089Z   BIN_PATH: target/i686-unknown-linux-gnu/release/fd
2026-03-17T06:21:20.2957360Z   version: 10.4.2
2026-03-17T06:21:20.2957537Z ##[endgroup]
2026-03-17T06:21:20.5461156Z ##[group]Run bash scripts/create-deb.sh
2026-03-17T06:21:20.5461487Z [36;1mbash scripts/create-deb.sh[0m
2026-03-17T06:21:20.5509042Z shell: /usr/bin/bash --noprofile --norc -e -o pipefail {0}
2026-03-17T06:21:20.5509364Z env:
2026-03-17T06:21:20.5509568Z   CICD_INTERMEDIATES_DIR: _cicd-intermediates
2026-03-17T06:21:20.5509843Z   MSRV_FEATURES: --all-features
2026-03-17T06:21:20.5510063Z   BUILD_CMD: cross
2026-03-17T06:21:20.5510257Z   target: i686-unknown-linux-gnu
2026-03-17T06:21:20.5510477Z   name: fd
2026-03-17T06:21:20.5510875Z   CARGO_HOME: /home/runner/.cargo
2026-03-17T06:21:20.5511107Z   CARGO_INCREMENTAL: 0
2026-03-17T06:21:20.5511295Z   CARGO_TERM_COLOR: always
2026-03-17T06:21:20.5511504Z   TARGET: i686-unknown-linux-gnu
2026-03-17T06:21:20.5511716Z   DPKG_VERSION: 
2026-03-17T06:21:20.5511936Z   BIN_PATH: target/i686-unknown-linux-gnu/release/fd
2026-03-17T06:21:20.5512211Z ##[endgroup]
2026-03-17T06:21:20.6955718Z dpkg-deb: building package 'fd' in '_cicd-intermediates/debian-package/fd_10.4.2_i686.deb'.
2026-03-17T06:21:21.7233115Z ##[group]Run actions/upload-artifact@bbbca2ddaa5d8feaa63e36b76fdaad77386f024f
2026-03-17T06:21:21.7233527Z with:
2026-03-17T06:21:21.7233733Z   name: fd-v10.4.2-i686-unknown-linux-gnu.tar.gz
2026-03-17T06:21:21.7234135Z   path: _cicd-intermediates/package/fd-v10.4.2-i686-unknown-linux-gnu.tar.gz
2026-03-17T06:21:21.7234508Z   if-no-files-found: warn
2026-03-17T06:21:21.7234720Z   compression-level: 6
2026-03-17T06:21:21.7234910Z   overwrite: false
2026-03-17T06:21:21.7235103Z   include-hidden-files: false
2026-03-17T06:21:21.7235489Z   archive: true
2026-03-17T06:21:21.7235650Z env:
2026-03-17T06:21:21.7235836Z   CICD_INTERMEDIATES_DIR: _cicd-intermediates
2026-03-17T06:21:21.7236096Z   MSRV_FEATURES: --all-features
2026-03-17T06:21:21.7236309Z   BUILD_CMD: cross
2026-03-17T06:21:21.7236490Z   target: i686-unknown-linux-gnu
2026-03-17T06:21:21.7236701Z   name: fd
2026-03-17T06:21:21.7236869Z   CARGO_HOME: /home/runner/.cargo
2026-03-17T06:21:21.7237091Z   CARGO_INCREMENTAL: 0
2026-03-17T06:21:21.7237301Z   CARGO_TERM_COLOR: always
2026-03-17T06:21:21.7237494Z ##[endgroup]
2026-03-17T06:21:21.8667833Z With the provided path, there will be 1 file uploaded
2026-03-17T06:21:21.8673894Z Artifact name is valid!
2026-03-17T06:21:21.8674455Z Root directory input is valid!
2026-03-17T06:21:22.0955365Z Uploading artifact: fd-v10.4.2-i686-unknown-linux-gnu.tar.gz.zip
2026-03-17T06:21:22.0999787Z Beginning upload of artifact content to blob storage
2026-03-17T06:21:22.8487382Z Uploaded bytes 1752849
2026-03-17T06:21:22.9192602Z Finished uploading artifact content to blob storage!
2026-03-17T06:21:22.9193776Z SHA256 digest of uploaded artifact is abaf66dc4042fd5a4602c86bad321335c174fcd86fd09595867634592f66c180
2026-03-17T06:21:22.9194836Z Finalizing artifact upload
2026-03-17T06:21:23.1965930Z Artifact fd-v10.4.2-i686-unknown-linux-gnu.tar.gz successfully finalized. Artifact ID 5958900430
2026-03-17T06:21:23.1967529Z Artifact fd-v10.4.2-i686-unknown-linux-gnu.tar.gz has been successfully uploaded! Final size is 1752849 bytes. Artifact ID is 5958900430
2026-03-17T06:21:23.1970187Z Artifact download URL: https://github.com/sharkdp/fd/actions/runs/23181214379/artifacts/5958900430
2026-03-17T06:21:23.2113035Z ##[group]Run actions/upload-artifact@bbbca2ddaa5d8feaa63e36b76fdaad77386f024f
2026-03-17T06:21:23.2113437Z with:
2026-03-17T06:21:23.2113616Z   name: fd_10.4.2_i686.deb
2026-03-17T06:21:23.2113902Z   path: _cicd-intermediates/debian-package/fd_10.4.2_i686.deb
2026-03-17T06:21:23.2114217Z   if-no-files-found: warn
2026-03-17T06:21:23.2114445Z   compression-level: 6
2026-03-17T06:21:23.2114642Z   overwrite: false
2026-03-17T06:21:23.2114829Z   include-hidden-files: false
2026-03-17T06:21:23.2115045Z   archive: true
2026-03-17T06:21:23.2115216Z env:
2026-03-17T06:21:23.2115401Z   CICD_INTERMEDIATES_DIR: _cicd-intermediates
2026-03-17T06:21:23.2115683Z   MSRV_FEATURES: --all-features
2026-03-17T06:21:23.2115907Z   BUILD_CMD: cross
2026-03-17T06:21:23.2116094Z   target: i686-unknown-linux-gnu
2026-03-17T06:21:23.2116313Z   name: fd
2026-03-17T06:21:23.2116488Z   CARGO_HOME: /home/runner/.cargo
2026-03-17T06:21:23.2116715Z   CARGO_INCREMENTAL: 0
2026-03-17T06:21:23.2116933Z   CARGO_TERM_COLOR: always
2026-03-17T06:21:23.2117133Z ##[endgroup]
2026-03-17T06:21:23.3539373Z With the provided path, there will be 1 file uploaded
2026-03-17T06:21:23.3545193Z Artifact name is valid!
2026-03-17T06:21:23.3545928Z Root directory input is valid!
2026-03-17T06:21:23.6003695Z Uploading artifact: fd_10.4.2_i686.deb.zip
2026-03-17T06:21:23.6046990Z Beginning upload of artifact content to blob storage
2026-03-17T06:21:24.4146812Z Uploaded bytes 1468382
2026-03-17T06:21:24.4934771Z Finished uploading artifact content to blob storage!
2026-03-17T06:21:24.4936069Z SHA256 digest of uploaded artifact is ea155bbbb1adb36a57e9362fe19b97f3ba7dac4428cae63bc67958e18d3b2530
2026-03-17T06:21:24.4937174Z Finalizing artifact upload
2026-03-17T06:21:24.7747351Z Artifact fd_10.4.2_i686.deb successfully finalized. Artifact ID 5958900649
2026-03-17T06:21:24.7748746Z Artifact fd_10.4.2_i686.deb has been successfully uploaded! Final size is 1468382 bytes. Artifact ID is 5958900649
2026-03-17T06:21:24.7751798Z Artifact download URL: https://github.com/sharkdp/fd/actions/runs/23181214379/artifacts/5958900649
2026-03-17T06:21:24.7846432Z ##[group]Run unset IS_RELEASE ; if [[ $GITHUB_REF =~ ^refs/tags/v[0-9].* ]]; then IS_RELEASE='true' ; fi
2026-03-17T06:21:24.7847104Z [36;1munset IS_RELEASE ; if [[ $GITHUB_REF =~ ^refs/tags/v[0-9].* ]]; then IS_RELEASE='true' ; fi[0m
2026-03-17T06:21:24.7847767Z [36;1mecho "IS_RELEASE=${IS_RELEASE}" >> $GITHUB_OUTPUT[0m
2026-03-17T06:21:24.7896179Z shell: /usr/bin/bash --noprofile --norc -e -o pipefail {0}
2026-03-17T06:21:24.7896505Z env:
2026-03-17T06:21:24.7896708Z   CICD_INTERMEDIATES_DIR: _cicd-intermediates
2026-03-17T06:21:24.7896997Z   MSRV_FEATURES: --all-features
2026-03-17T06:21:24.7897229Z   BUILD_CMD: cross
2026-03-17T06:21:24.7897438Z   target: i686-unknown-linux-gnu
2026-03-17T06:21:24.7897664Z   name: fd
2026-03-17T06:21:24.7897843Z   CARGO_HOME: /home/runner/.cargo
2026-03-17T06:21:24.7898073Z   CARGO_INCREMENTAL: 0
2026-03-17T06:21:24.7898273Z   CARGO_TERM_COLOR: always
2026-03-17T06:21:24.7898481Z ##[endgroup]
2026-03-17T06:21:24.8038877Z Post job cleanup.
2026-03-17T06:21:24.8846183Z [command]/usr/bin/git version
2026-03-17T06:21:24.8915228Z git version 2.53.0
2026-03-17T06:21:24.8956190Z Temporarily overriding HOME='/home/runner/work/_temp/6d07c99c-acf5-4abe-a191-8b62bb159453' before making global git config changes
2026-03-17T06:21:24.8957591Z Adding repository directory to the temporary git global config as a safe directory
2026-03-17T06:21:24.8962397Z [command]/usr/bin/git config --global --add safe.directory /home/runner/work/fd/fd
2026-03-17T06:21:24.8994549Z Removing SSH command configuration
2026-03-17T06:21:24.9001384Z [command]/usr/bin/git config --local --name-only --get-regexp core\.sshCommand
2026-03-17T06:21:24.9035197Z [command]/usr/bin/git submodule foreach --recursive sh -c "git config --local --name-only --get-regexp 'core\.sshCommand' && git config --local --unset-all 'core.sshCommand' || :"
2026-03-17T06:21:24.9267389Z Removing HTTP extra header
2026-03-17T06:21:24.9272672Z [command]/usr/bin/git config --local --name-only --get-regexp http\.https\:\/\/github\.com\/\.extraheader
2026-03-17T06:21:24.9306772Z [command]/usr/bin/git submodule foreach --recursive sh -c "git config --local --name-only --get-regexp 'http\.https\:\/\/github\.com\/\.extraheader' && git config --local --unset-all 'http.https://github.com/.extraheader' || :"
2026-03-17T06:21:24.9534703Z Removing includeIf entries pointing to credentials config files
2026-03-17T06:21:24.9541109Z [command]/usr/bin/git config --local --name-only --get-regexp ^includeIf\.gitdir:
2026-03-17T06:21:24.9573403Z [command]/usr/bin/git submodule foreach --recursive git config --local --show-origin --name-only --get-regexp remote.origin.url
2026-03-17T06:21:24.9930102Z Cleaning up orphan processes
