2026-03-10T01:10:04.1913788Z Current runner version: '2.332.0'
2026-03-10T01:10:04.1938345Z ##[group]Runner Image Provisioner
2026-03-10T01:10:04.1939285Z Hosted Compute Agent
2026-03-10T01:10:04.1939855Z Version: 20260213.493
2026-03-10T01:10:04.1940427Z Commit: 5c115507f6dd24b8de37d8bbe0bb4509d0cc0fa3
2026-03-10T01:10:04.1941246Z Build Date: 2026-02-13T00:28:41Z
2026-03-10T01:10:04.1941860Z Worker ID: {0c571cf0-15ff-4379-99c6-9a71c75cb4a6}
2026-03-10T01:10:04.1942561Z Azure Region: centralus
2026-03-10T01:10:04.1943108Z ##[endgroup]
2026-03-10T01:10:04.1945532Z ##[group]Operating System
2026-03-10T01:10:04.1946167Z Ubuntu
2026-03-10T01:10:04.1946658Z 24.04.3
2026-03-10T01:10:04.1947138Z LTS
2026-03-10T01:10:04.1947564Z ##[endgroup]
2026-03-10T01:10:04.1948134Z ##[group]Runner Image
2026-03-10T01:10:04.1948722Z Image: ubuntu-24.04
2026-03-10T01:10:04.1949240Z Version: 20260302.42.1
2026-03-10T01:10:04.1950438Z Included Software: https://github.com/actions/runner-images/blob/ubuntu24/20260302.42/images/ubuntu/Ubuntu2404-Readme.md
2026-03-10T01:10:04.1951910Z Image Release: https://github.com/actions/runner-images/releases/tag/ubuntu24%2F20260302.42
2026-03-10T01:10:04.1952889Z ##[endgroup]
2026-03-10T01:10:04.1956209Z ##[group]GITHUB_TOKEN Permissions
2026-03-10T01:10:04.1958906Z Actions: write
2026-03-10T01:10:04.1959586Z ArtifactMetadata: write
2026-03-10T01:10:04.1960097Z Attestations: write
2026-03-10T01:10:04.1960625Z Checks: write
2026-03-10T01:10:04.1961142Z Contents: write
2026-03-10T01:10:04.1961649Z Deployments: write
2026-03-10T01:10:04.1962150Z Discussions: write
2026-03-10T01:10:04.1962675Z Issues: write
2026-03-10T01:10:04.1963195Z Metadata: read
2026-03-10T01:10:04.1963637Z Models: read
2026-03-10T01:10:04.1964177Z Packages: write
2026-03-10T01:10:04.1964936Z Pages: write
2026-03-10T01:10:04.1965615Z PullRequests: write
2026-03-10T01:10:04.1966294Z RepositoryProjects: write
2026-03-10T01:10:04.1966834Z SecurityEvents: write
2026-03-10T01:10:04.1967398Z Statuses: write
2026-03-10T01:10:04.1967916Z ##[endgroup]
2026-03-10T01:10:04.1970647Z Secret source: Actions
2026-03-10T01:10:04.1971704Z Prepare workflow directory
2026-03-10T01:10:04.2507761Z Prepare all required actions
2026-03-10T01:10:04.2545947Z Getting action download info
2026-03-10T01:10:04.6062479Z Download action repository 'actions/checkout@v4' (SHA:34e114876b0b11c390a56381ad16ebd13914f8d5)
2026-03-10T01:10:04.7418870Z Download action repository 'ilammy/msvc-dev-cmd@v1' (SHA:0b201ec74fa43914dc39ae48a89fd1d8cb592756)
2026-03-10T01:10:05.0718889Z Download action repository 'seanmiddleditch/gha-setup-ninja@v4' (SHA:8b297075da4cd2a5f1fd21fe011b499edf06e9d2)
2026-03-10T01:10:05.8065515Z Download action repository 'jwlawson/actions-setup-cmake@v2' (SHA:3a6cbe35ba64df7ca70c51365c4aff65db9a9037)
2026-03-10T01:10:06.3788201Z Complete job name: ubuntu-latest, Latest CMake
2026-03-10T01:10:06.4453405Z ##[group]Run actions/checkout@v4
2026-03-10T01:10:06.4453995Z with:
2026-03-10T01:10:06.4454199Z   repository: leethomason/tinyxml2
2026-03-10T01:10:06.4454809Z   token: ***
2026-03-10T01:10:06.4455020Z   ssh-strict: true
2026-03-10T01:10:06.4455222Z   ssh-user: git
2026-03-10T01:10:06.4455417Z   persist-credentials: true
2026-03-10T01:10:06.4455650Z   clean: true
2026-03-10T01:10:06.4455837Z   sparse-checkout-cone-mode: true
2026-03-10T01:10:06.4456081Z   fetch-depth: 1
2026-03-10T01:10:06.4456266Z   fetch-tags: false
2026-03-10T01:10:06.4456456Z   show-progress: true
2026-03-10T01:10:06.4456651Z   lfs: false
2026-03-10T01:10:06.4456815Z   submodules: false
2026-03-10T01:10:06.4457002Z   set-safe-directory: true
2026-03-10T01:10:06.4457431Z env:
2026-03-10T01:10:06.4457600Z   CXX: 
2026-03-10T01:10:06.4457749Z   CC: 
2026-03-10T01:10:06.4457912Z ##[endgroup]
2026-03-10T01:10:06.5566403Z Syncing repository: leethomason/tinyxml2
2026-03-10T01:10:06.5568547Z ##[group]Getting Git version info
2026-03-10T01:10:06.5569246Z Working directory is '/home/runner/work/tinyxml2/tinyxml2'
2026-03-10T01:10:06.5570240Z [command]/usr/bin/git version
2026-03-10T01:10:06.5620435Z git version 2.53.0
2026-03-10T01:10:06.5647308Z ##[endgroup]
2026-03-10T01:10:06.5663217Z Temporarily overriding HOME='/home/runner/work/_temp/5066844f-2f75-491c-b871-cec61366e13d' before making global git config changes
2026-03-10T01:10:06.5664980Z Adding repository directory to the temporary git global config as a safe directory
2026-03-10T01:10:06.5677056Z [command]/usr/bin/git config --global --add safe.directory /home/runner/work/tinyxml2/tinyxml2
2026-03-10T01:10:06.5716723Z Deleting the contents of '/home/runner/work/tinyxml2/tinyxml2'
2026-03-10T01:10:06.5720468Z ##[group]Initializing the repository
2026-03-10T01:10:06.5725301Z [command]/usr/bin/git init /home/runner/work/tinyxml2/tinyxml2
2026-03-10T01:10:06.5846114Z hint: Using 'master' as the name for the initial branch. This default branch name
2026-03-10T01:10:06.5847164Z hint: will change to "main" in Git 3.0. To configure the initial branch name
2026-03-10T01:10:06.5848115Z hint: to use in all of your new repositories, which will suppress this warning,
2026-03-10T01:10:06.5848784Z hint: call:
2026-03-10T01:10:06.5849077Z hint:
2026-03-10T01:10:06.5849527Z hint: 	git config --global init.defaultBranch <name>
2026-03-10T01:10:06.5850046Z hint:
2026-03-10T01:10:06.5850516Z hint: Names commonly chosen instead of 'master' are 'main', 'trunk' and
2026-03-10T01:10:06.5851378Z hint: 'development'. The just-created branch can be renamed via this command:
2026-03-10T01:10:06.5851917Z hint:
2026-03-10T01:10:06.5852104Z hint: 	git branch -m <name>
2026-03-10T01:10:06.5852329Z hint:
2026-03-10T01:10:06.5852641Z hint: Disable this message with "git config set advice.defaultBranchName false"
2026-03-10T01:10:06.5853517Z Initialized empty Git repository in /home/runner/work/tinyxml2/tinyxml2/.git/
2026-03-10T01:10:06.5865160Z [command]/usr/bin/git remote add origin https://github.com/leethomason/tinyxml2
2026-03-10T01:10:06.5899897Z ##[endgroup]
2026-03-10T01:10:06.5900524Z ##[group]Disabling automatic garbage collection
2026-03-10T01:10:06.5905236Z [command]/usr/bin/git config --local gc.auto 0
2026-03-10T01:10:06.5934205Z ##[endgroup]
2026-03-10T01:10:06.5935079Z ##[group]Setting up auth
2026-03-10T01:10:06.5941849Z [command]/usr/bin/git config --local --name-only --get-regexp core\.sshCommand
2026-03-10T01:10:06.5973304Z [command]/usr/bin/git submodule foreach --recursive sh -c "git config --local --name-only --get-regexp 'core\.sshCommand' && git config --local --unset-all 'core.sshCommand' || :"
2026-03-10T01:10:06.6310756Z [command]/usr/bin/git config --local --name-only --get-regexp http\.https\:\/\/github\.com\/\.extraheader
2026-03-10T01:10:06.6341897Z [command]/usr/bin/git submodule foreach --recursive sh -c "git config --local --name-only --get-regexp 'http\.https\:\/\/github\.com\/\.extraheader' && git config --local --unset-all 'http.https://github.com/.extraheader' || :"
2026-03-10T01:10:06.6574783Z [command]/usr/bin/git config --local --name-only --get-regexp ^includeIf\.gitdir:
2026-03-10T01:10:06.6606500Z [command]/usr/bin/git submodule foreach --recursive git config --local --show-origin --name-only --get-regexp remote.origin.url
2026-03-10T01:10:06.6851537Z [command]/usr/bin/git config --local http.https://github.com/.extraheader AUTHORIZATION: basic ***
2026-03-10T01:10:06.6886244Z ##[endgroup]
2026-03-10T01:10:06.6886967Z ##[group]Fetching the repository
2026-03-10T01:10:06.6895545Z [command]/usr/bin/git -c protocol.version=2 fetch --no-tags --prune --no-recurse-submodules --depth=1 origin +3dcad8e3c38e7091ae3771bf63020027f91715ce:refs/remotes/origin/master
2026-03-10T01:10:07.1127243Z From https://github.com/leethomason/tinyxml2
2026-03-10T01:10:07.1128399Z  * [new ref]         3dcad8e3c38e7091ae3771bf63020027f91715ce -> origin/master
2026-03-10T01:10:07.1166808Z ##[endgroup]
2026-03-10T01:10:07.1167451Z ##[group]Determining the checkout info
2026-03-10T01:10:07.1171992Z ##[endgroup]
2026-03-10T01:10:07.1175540Z [command]/usr/bin/git sparse-checkout disable
2026-03-10T01:10:07.1221290Z [command]/usr/bin/git config --local --unset-all extensions.worktreeConfig
2026-03-10T01:10:07.1250670Z ##[group]Checking out the ref
2026-03-10T01:10:07.1255439Z [command]/usr/bin/git checkout --progress --force -B master refs/remotes/origin/master
2026-03-10T01:10:07.1471726Z Reset branch 'master'
2026-03-10T01:10:07.1474032Z branch 'master' set up to track 'origin/master'.
2026-03-10T01:10:07.1481826Z ##[endgroup]
2026-03-10T01:10:07.1521460Z [command]/usr/bin/git log -1 --format=%H
2026-03-10T01:10:07.1545724Z 3dcad8e3c38e7091ae3771bf63020027f91715ce
2026-03-10T01:10:07.1727946Z ##[group]Run ilammy/msvc-dev-cmd@v1
2026-03-10T01:10:07.1728232Z with:
2026-03-10T01:10:07.1728390Z   arch: x64
2026-03-10T01:10:07.1728546Z env:
2026-03-10T01:10:07.1728688Z   CXX: 
2026-03-10T01:10:07.1728839Z   CC: 
2026-03-10T01:10:07.1728985Z ##[endgroup]
2026-03-10T01:10:07.2155504Z This is not a Windows virtual environment, bye!
2026-03-10T01:10:07.2309021Z ##[group]Run seanmiddleditch/gha-setup-ninja@v4
2026-03-10T01:10:07.2309380Z with:
2026-03-10T01:10:07.2309543Z   version: 1.11.1
2026-03-10T01:10:07.2309748Z   destination: ninja-build
2026-03-10T01:10:07.2309947Z env:
2026-03-10T01:10:07.2310098Z   CXX: 
2026-03-10T01:10:07.2310242Z   CC: 
2026-03-10T01:10:07.2310399Z ##[endgroup]
2026-03-10T01:10:07.2673581Z downloading https://github.com/ninja-build/ninja/releases/download/v1.11.1/ninja-linux.zip
2026-03-10T01:10:07.5331281Z extracted 'ninja' to '/home/runner/work/tinyxml2/tinyxml2/ninja-build/ninja'
2026-03-10T01:10:07.5334702Z added '/home/runner/work/tinyxml2/tinyxml2/ninja-build' to PATH
2026-03-10T01:10:07.5374992Z $ ninja --version
2026-03-10T01:10:07.5375248Z 1.11.1
2026-03-10T01:10:07.5478443Z ##[group]Run jwlawson/actions-setup-cmake@v2
2026-03-10T01:10:07.5478743Z with:
2026-03-10T01:10:07.5478910Z   cmake-version: 3.x
2026-03-10T01:10:07.5479271Z   github-api-token: ***
2026-03-10T01:10:07.5479482Z   use-32bit: false
2026-03-10T01:10:07.5479649Z env:
2026-03-10T01:10:07.5479802Z   CXX: 
2026-03-10T01:10:07.5479946Z   CC: 
2026-03-10T01:10:07.5480102Z ##[endgroup]
2026-03-10T01:10:12.2271897Z Using cmake version 3.31.11
2026-03-10T01:10:12.9938082Z [command]/usr/bin/tar xz --warning=no-unknown-keyword --overwrite -C /home/runner/work/_temp/2ab181d0-a4bd-4f6f-8b1b-182b27c60b45 -f /home/runner/work/_temp/01efec72-2be6-4c61-992c-461ed5f1753b
2026-03-10T01:10:16.7832431Z ##[group]Run cmake -G Ninja -S . -B build-static-dbg -DCMAKE_BUILD_TYPE=Debug "-DCMAKE_DEBUG_POSTFIX=d"
2026-03-10T01:10:16.7833226Z [36;1mcmake -G Ninja -S . -B build-static-dbg -DCMAKE_BUILD_TYPE=Debug "-DCMAKE_DEBUG_POSTFIX=d"[0m
2026-03-10T01:10:16.7884975Z shell: /usr/bin/bash -e {0}
2026-03-10T01:10:16.7885231Z env:
2026-03-10T01:10:16.7885389Z   CXX: 
2026-03-10T01:10:16.7885542Z   CC: 
2026-03-10T01:10:16.7885700Z ##[endgroup]
2026-03-10T01:10:16.9051729Z -- The C compiler identification is GNU 13.3.0
2026-03-10T01:10:17.6489762Z -- The CXX compiler identification is GNU 13.3.0
2026-03-10T01:10:17.6579651Z -- Detecting C compiler ABI info
2026-03-10T01:10:17.7054952Z -- Detecting C compiler ABI info - done
2026-03-10T01:10:17.7220216Z -- Check for working C compiler: /usr/bin/cc - skipped
2026-03-10T01:10:17.7224544Z -- Detecting C compile features
2026-03-10T01:10:17.7230649Z -- Detecting C compile features - done
2026-03-10T01:10:17.7374291Z -- Detecting CXX compiler ABI info
2026-03-10T01:10:17.8126654Z -- Detecting CXX compiler ABI info - done
2026-03-10T01:10:17.8302569Z -- Check for working CXX compiler: /usr/bin/c++ - skipped
2026-03-10T01:10:17.8306809Z -- Detecting CXX compile features
2026-03-10T01:10:17.8315952Z -- Detecting CXX compile features - done
2026-03-10T01:10:17.8468813Z -- Configuring done (1.0s)
2026-03-10T01:10:17.8561464Z -- Generating done (0.0s)
2026-03-10T01:10:17.8566614Z -- Build files have been written to: /home/runner/work/tinyxml2/tinyxml2/build-static-dbg
2026-03-10T01:10:17.8633117Z ##[group]Run cmake --build build-static-dbg
2026-03-10T01:10:17.8633499Z [36;1mcmake --build build-static-dbg[0m
2026-03-10T01:10:17.8681899Z shell: /usr/bin/bash -e {0}
2026-03-10T01:10:17.8682136Z env:
2026-03-10T01:10:17.8682456Z   CXX: 
2026-03-10T01:10:17.8682629Z   CC: 
2026-03-10T01:10:17.8682830Z ##[endgroup]
2026-03-10T01:10:18.3317528Z [1/4] Building CXX object CMakeFiles/xmltest.dir/xmltest.cpp.o
2026-03-10T01:10:18.3486264Z [2/4] Building CXX object CMakeFiles/tinyxml2.dir/tinyxml2.cpp.o
2026-03-10T01:10:18.9029403Z [3/4] Linking CXX static library libtinyxml2d.a
2026-03-10T01:10:18.9537677Z [4/4] Linking CXX executable xmltest
2026-03-10T01:10:18.9577296Z ##[group]Run ctest --output-on-failure
2026-03-10T01:10:18.9577613Z [36;1mctest --output-on-failure[0m
2026-03-10T01:10:18.9626293Z shell: /usr/bin/bash -e {0}
2026-03-10T01:10:18.9626516Z env:
2026-03-10T01:10:18.9626675Z   CXX: 
2026-03-10T01:10:18.9626816Z   CC: 
2026-03-10T01:10:18.9626980Z ##[endgroup]
2026-03-10T01:10:18.9712170Z Test project /home/runner/work/tinyxml2/tinyxml2/build-static-dbg
2026-03-10T01:10:18.9716380Z     Start 1: xmltest
2026-03-10T01:10:19.0427513Z 1/1 Test #1: xmltest ..........................   Passed    0.07 sec
2026-03-10T01:10:19.0431530Z 
2026-03-10T01:10:19.0431742Z 100% tests passed, 0 tests failed out of 1
2026-03-10T01:10:19.0432157Z 
2026-03-10T01:10:19.0432284Z Total Test time (real) =   0.07 sec
2026-03-10T01:10:19.0463968Z ##[group]Run cmake -G Ninja -S . -B build-shared-dbg -DCMAKE_BUILD_TYPE=Debug -DCMAKE_DEBUG_POSTFIX=d -DBUILD_SHARED_LIBS=ON
2026-03-10T01:10:19.0465038Z [36;1mcmake -G Ninja -S . -B build-shared-dbg -DCMAKE_BUILD_TYPE=Debug -DCMAKE_DEBUG_POSTFIX=d -DBUILD_SHARED_LIBS=ON[0m
2026-03-10T01:10:19.0512928Z shell: /usr/bin/bash -e {0}
2026-03-10T01:10:19.0513154Z env:
2026-03-10T01:10:19.0513311Z   CXX: 
2026-03-10T01:10:19.0513454Z   CC: 
2026-03-10T01:10:19.0513608Z ##[endgroup]
2026-03-10T01:10:19.1061424Z -- The C compiler identification is GNU 13.3.0
2026-03-10T01:10:19.1678365Z -- The CXX compiler identification is GNU 13.3.0
2026-03-10T01:10:19.1762460Z -- Detecting C compiler ABI info
2026-03-10T01:10:19.2228185Z -- Detecting C compiler ABI info - done
2026-03-10T01:10:19.2399637Z -- Check for working C compiler: /usr/bin/cc - skipped
2026-03-10T01:10:19.2403180Z -- Detecting C compile features
2026-03-10T01:10:19.2407862Z -- Detecting C compile features - done
2026-03-10T01:10:19.2542173Z -- Detecting CXX compiler ABI info
2026-03-10T01:10:19.3121994Z -- Detecting CXX compiler ABI info - done
2026-03-10T01:10:19.3292913Z -- Check for working CXX compiler: /usr/bin/c++ - skipped
2026-03-10T01:10:19.3297114Z -- Detecting CXX compile features
2026-03-10T01:10:19.3305571Z -- Detecting CXX compile features - done
2026-03-10T01:10:19.3449697Z -- Configuring done (0.3s)
2026-03-10T01:10:19.3535648Z -- Generating done (0.0s)
2026-03-10T01:10:19.3539518Z -- Build files have been written to: /home/runner/work/tinyxml2/tinyxml2/build-shared-dbg
2026-03-10T01:10:19.3600445Z ##[group]Run cmake --build build-shared-dbg
2026-03-10T01:10:19.3600793Z [36;1mcmake --build build-shared-dbg[0m
2026-03-10T01:10:19.3648677Z shell: /usr/bin/bash -e {0}
2026-03-10T01:10:19.3648916Z env:
2026-03-10T01:10:19.3649068Z   CXX: 
2026-03-10T01:10:19.3649235Z   CC: 
2026-03-10T01:10:19.3649396Z ##[endgroup]
2026-03-10T01:10:19.6512272Z [1/5] Building CXX object CMakeFiles/xmltest.dir/xmltest.cpp.o
2026-03-10T01:10:19.7600710Z [2/5] Building CXX object CMakeFiles/tinyxml2.dir/tinyxml2.cpp.o
2026-03-10T01:10:19.8073057Z [3/5] Linking CXX shared library libtinyxml2d.so.11.0.0
2026-03-10T01:10:19.8097365Z [4/5] Creating library symlink libtinyxml2d.so.11 libtinyxml2d.so
2026-03-10T01:10:19.8552803Z [5/5] Linking CXX executable xmltest
2026-03-10T01:10:19.8591230Z ##[group]Run ctest --output-on-failure
2026-03-10T01:10:19.8591561Z [36;1mctest --output-on-failure[0m
2026-03-10T01:10:19.8641942Z shell: /usr/bin/bash -e {0}
2026-03-10T01:10:19.8642216Z env:
2026-03-10T01:10:19.8642395Z   CXX: 
2026-03-10T01:10:19.8642565Z   CC: 
2026-03-10T01:10:19.8642723Z ##[endgroup]
2026-03-10T01:10:19.8728932Z Test project /home/runner/work/tinyxml2/tinyxml2/build-shared-dbg
2026-03-10T01:10:19.8732498Z     Start 1: xmltest
2026-03-10T01:10:19.9444263Z 1/1 Test #1: xmltest ..........................   Passed    0.07 sec
2026-03-10T01:10:19.9448724Z 
2026-03-10T01:10:19.9449045Z 100% tests passed, 0 tests failed out of 1
2026-03-10T01:10:19.9449389Z 
2026-03-10T01:10:19.9449540Z Total Test time (real) =   0.07 sec
2026-03-10T01:10:19.9493650Z ##[group]Run cmake -G Ninja -S . -B build-static-rel -DCMAKE_BUILD_TYPE=Release "-DCMAKE_RELEASE_POSTFIX="
2026-03-10T01:10:19.9495178Z [36;1mcmake -G Ninja -S . -B build-static-rel -DCMAKE_BUILD_TYPE=Release "-DCMAKE_RELEASE_POSTFIX="[0m
2026-03-10T01:10:19.9565366Z shell: /usr/bin/bash -e {0}
2026-03-10T01:10:19.9585625Z env:
2026-03-10T01:10:19.9585952Z   CXX: 
2026-03-10T01:10:19.9586232Z   CC: 
2026-03-10T01:10:19.9586484Z ##[endgroup]
2026-03-10T01:10:20.0131041Z -- The C compiler identification is GNU 13.3.0
2026-03-10T01:10:20.0753681Z -- The CXX compiler identification is GNU 13.3.0
2026-03-10T01:10:20.0838628Z -- Detecting C compiler ABI info
2026-03-10T01:10:20.1307107Z -- Detecting C compiler ABI info - done
2026-03-10T01:10:20.1476094Z -- Check for working C compiler: /usr/bin/cc - skipped
2026-03-10T01:10:20.1479452Z -- Detecting C compile features
2026-03-10T01:10:20.1483985Z -- Detecting C compile features - done
2026-03-10T01:10:20.1620581Z -- Detecting CXX compiler ABI info
2026-03-10T01:10:20.2190959Z -- Detecting CXX compiler ABI info - done
2026-03-10T01:10:20.2362133Z -- Check for working CXX compiler: /usr/bin/c++ - skipped
2026-03-10T01:10:20.2366133Z -- Detecting CXX compile features
2026-03-10T01:10:20.2374781Z -- Detecting CXX compile features - done
2026-03-10T01:10:20.2517793Z -- Configuring done (0.3s)
2026-03-10T01:10:20.2601942Z -- Generating done (0.0s)
2026-03-10T01:10:20.2607638Z -- Build files have been written to: /home/runner/work/tinyxml2/tinyxml2/build-static-rel
2026-03-10T01:10:20.2694131Z ##[group]Run cmake --build build-static-rel
2026-03-10T01:10:20.2694982Z [36;1mcmake --build build-static-rel[0m
2026-03-10T01:10:20.2766209Z shell: /usr/bin/bash -e {0}
2026-03-10T01:10:20.2766609Z env:
2026-03-10T01:10:20.2766901Z   CXX: 
2026-03-10T01:10:20.2767168Z   CC: 
2026-03-10T01:10:20.2767442Z ##[endgroup]
2026-03-10T01:10:21.3868922Z [1/4] Building CXX object CMakeFiles/xmltest.dir/xmltest.cpp.o
2026-03-10T01:10:21.3870209Z /home/runner/work/tinyxml2/tinyxml2/xmltest.cpp: In function ‘int main(int, const char**)’:
2026-03-10T01:10:21.3871964Z /home/runner/work/tinyxml2/tinyxml2/xmltest.cpp:711:38: warning: ignoring return value of ‘char* fgets(char*, int, FILE*)’ declared with attribute ‘warn_unused_result’ [-Wunused-result]
2026-03-10T01:10:21.3872777Z   711 |                                 fgets( savedBuf, 256, saved );
2026-03-10T01:10:21.3873094Z       |                                 ~~~~~^~~~~~~~~~~~~~~~~~~~~~~~
2026-03-10T01:10:21.3874063Z /home/runner/work/tinyxml2/tinyxml2/xmltest.cpp:1195:30: warning: ignoring return value of ‘char* fgets(char*, int, FILE*)’ declared with attribute ‘warn_unused_result’ [-Wunused-result]
2026-03-10T01:10:21.3875099Z  1195 |                         fgets( buf, 1024, textfile );
2026-03-10T01:10:21.3875417Z       |                         ~~~~~^~~~~~~~~~~~~~~~~~~~~~~
2026-03-10T01:10:21.8822492Z [2/4] Building CXX object CMakeFiles/tinyxml2.dir/tinyxml2.cpp.o
2026-03-10T01:10:21.9654792Z [3/4] Linking CXX static library libtinyxml2.a
2026-03-10T01:10:22.0137881Z [4/4] Linking CXX executable xmltest
2026-03-10T01:10:22.0175705Z ##[group]Run ctest --output-on-failure
2026-03-10T01:10:22.0176073Z [36;1mctest --output-on-failure[0m
2026-03-10T01:10:22.0223823Z shell: /usr/bin/bash -e {0}
2026-03-10T01:10:22.0224053Z env:
2026-03-10T01:10:22.0224211Z   CXX: 
2026-03-10T01:10:22.0224355Z   CC: 
2026-03-10T01:10:22.0224650Z ##[endgroup]
2026-03-10T01:10:22.0316177Z Test project /home/runner/work/tinyxml2/tinyxml2/build-static-rel
2026-03-10T01:10:22.0320008Z     Start 1: xmltest
2026-03-10T01:10:22.0566929Z 1/1 Test #1: xmltest ..........................   Passed    0.02 sec
2026-03-10T01:10:22.0570581Z 
2026-03-10T01:10:22.0570955Z 100% tests passed, 0 tests failed out of 1
2026-03-10T01:10:22.0571594Z 
2026-03-10T01:10:22.0571735Z Total Test time (real) =   0.03 sec
2026-03-10T01:10:22.0603941Z ##[group]Run cmake -G Ninja -S . -B build-shared-rel -DCMAKE_BUILD_TYPE=Release -DBUILD_SHARED_LIBS=ON
2026-03-10T01:10:22.0604984Z [36;1mcmake -G Ninja -S . -B build-shared-rel -DCMAKE_BUILD_TYPE=Release -DBUILD_SHARED_LIBS=ON[0m
2026-03-10T01:10:22.0653358Z shell: /usr/bin/bash -e {0}
2026-03-10T01:10:22.0653585Z env:
2026-03-10T01:10:22.0653743Z   CXX: 
2026-03-10T01:10:22.0653889Z   CC: 
2026-03-10T01:10:22.0654047Z ##[endgroup]
2026-03-10T01:10:22.1199290Z -- The C compiler identification is GNU 13.3.0
2026-03-10T01:10:22.1887254Z -- The CXX compiler identification is GNU 13.3.0
2026-03-10T01:10:22.1973898Z -- Detecting C compiler ABI info
2026-03-10T01:10:22.2476001Z -- Detecting C compiler ABI info - done
2026-03-10T01:10:22.2644552Z -- Check for working C compiler: /usr/bin/cc - skipped
2026-03-10T01:10:22.2647959Z -- Detecting C compile features
2026-03-10T01:10:22.2652592Z -- Detecting C compile features - done
2026-03-10T01:10:22.2789949Z -- Detecting CXX compiler ABI info
2026-03-10T01:10:22.3372427Z -- Detecting CXX compiler ABI info - done
2026-03-10T01:10:22.3547055Z -- Check for working CXX compiler: /usr/bin/c++ - skipped
2026-03-10T01:10:22.3551375Z -- Detecting CXX compile features
2026-03-10T01:10:22.3560517Z -- Detecting CXX compile features - done
2026-03-10T01:10:22.3706768Z -- Configuring done (0.3s)
2026-03-10T01:10:22.3796230Z -- Generating done (0.0s)
2026-03-10T01:10:22.3800685Z -- Build files have been written to: /home/runner/work/tinyxml2/tinyxml2/build-shared-rel
2026-03-10T01:10:22.3876573Z ##[group]Run cmake --build build-shared-rel
2026-03-10T01:10:22.3877143Z [36;1mcmake --build build-shared-rel[0m
2026-03-10T01:10:22.3932554Z shell: /usr/bin/bash -e {0}
2026-03-10T01:10:22.3932794Z env:
2026-03-10T01:10:22.3932949Z   CXX: 
2026-03-10T01:10:22.3933102Z   CC: 
2026-03-10T01:10:22.3933264Z ##[endgroup]
2026-03-10T01:10:23.3878199Z [1/5] Building CXX object CMakeFiles/xmltest.dir/xmltest.cpp.o
2026-03-10T01:10:23.3879949Z /home/runner/work/tinyxml2/tinyxml2/xmltest.cpp: In function ‘int main(int, const char**)’:
2026-03-10T01:10:23.3882221Z /home/runner/work/tinyxml2/tinyxml2/xmltest.cpp:711:38: warning: ignoring return value of ‘char* fgets(char*, int, FILE*)’ declared with attribute ‘warn_unused_result’ [-Wunused-result]
2026-03-10T01:10:23.3883752Z   711 |                                 fgets( savedBuf, 256, saved );
2026-03-10T01:10:23.3884301Z       |                                 ~~~~~^~~~~~~~~~~~~~~~~~~~~~~~
2026-03-10T01:10:23.3885866Z /home/runner/work/tinyxml2/tinyxml2/xmltest.cpp:1195:30: warning: ignoring return value of ‘char* fgets(char*, int, FILE*)’ declared with attribute ‘warn_unused_result’ [-Wunused-result]
2026-03-10T01:10:23.3886667Z  1195 |                         fgets( buf, 1024, textfile );
2026-03-10T01:10:23.3886966Z       |                         ~~~~~^~~~~~~~~~~~~~~~~~~~~~~
2026-03-10T01:10:23.4400645Z [2/5] Building CXX object CMakeFiles/tinyxml2.dir/tinyxml2.cpp.o
2026-03-10T01:10:23.4823596Z [3/5] Linking CXX shared library libtinyxml2.so.11.0.0
2026-03-10T01:10:23.4848110Z [4/5] Creating library symlink libtinyxml2.so.11 libtinyxml2.so
2026-03-10T01:10:23.5310232Z [5/5] Linking CXX executable xmltest
2026-03-10T01:10:23.5357797Z ##[group]Run ctest --output-on-failure
2026-03-10T01:10:23.5358315Z [36;1mctest --output-on-failure[0m
2026-03-10T01:10:23.5426575Z shell: /usr/bin/bash -e {0}
2026-03-10T01:10:23.5426822Z env:
2026-03-10T01:10:23.5426988Z   CXX: 
2026-03-10T01:10:23.5427135Z   CC: 
2026-03-10T01:10:23.5427291Z ##[endgroup]
2026-03-10T01:10:23.5519767Z Test project /home/runner/work/tinyxml2/tinyxml2/build-shared-rel
2026-03-10T01:10:23.5523934Z     Start 1: xmltest
2026-03-10T01:10:23.5826091Z 1/1 Test #1: xmltest ..........................   Passed    0.03 sec
2026-03-10T01:10:23.5829962Z 
2026-03-10T01:10:23.5830203Z 100% tests passed, 0 tests failed out of 1
2026-03-10T01:10:23.5830877Z 
2026-03-10T01:10:23.5830990Z Total Test time (real) =   0.03 sec
2026-03-10T01:10:23.5876135Z ##[group]Run cmake --install build-shared-dbg --prefix install
2026-03-10T01:10:23.5876894Z [36;1mcmake --install build-shared-dbg --prefix install[0m
2026-03-10T01:10:23.5877564Z [36;1mcmake --install build-static-dbg --prefix install[0m
2026-03-10T01:10:23.5878238Z [36;1mcmake --install build-shared-rel --prefix install[0m
2026-03-10T01:10:23.5878862Z [36;1mcmake --install build-static-rel --prefix install[0m
2026-03-10T01:10:23.5933731Z shell: /usr/bin/bash -e {0}
2026-03-10T01:10:23.5933975Z env:
2026-03-10T01:10:23.5934128Z   CXX: 
2026-03-10T01:10:23.5934278Z   CC: 
2026-03-10T01:10:23.5934638Z ##[endgroup]
2026-03-10T01:10:23.6031153Z -- Install configuration: "Debug"
2026-03-10T01:10:23.6033740Z -- Installing: /home/runner/work/tinyxml2/tinyxml2/install/lib/libtinyxml2d.so.11.0.0
2026-03-10T01:10:23.6039146Z -- Installing: /home/runner/work/tinyxml2/tinyxml2/install/lib/libtinyxml2d.so.11
2026-03-10T01:10:23.6040346Z -- Installing: /home/runner/work/tinyxml2/tinyxml2/install/lib/libtinyxml2d.so
2026-03-10T01:10:23.6042198Z -- Installing: /home/runner/work/tinyxml2/tinyxml2/install/lib/cmake/tinyxml2/tinyxml2-shared-targets.cmake
2026-03-10T01:10:23.6044268Z -- Installing: /home/runner/work/tinyxml2/tinyxml2/install/lib/cmake/tinyxml2/tinyxml2-shared-targets-debug.cmake
2026-03-10T01:10:23.6046329Z -- Installing: /home/runner/work/tinyxml2/tinyxml2/install/lib/cmake/tinyxml2/tinyxml2-config.cmake
2026-03-10T01:10:23.6048033Z -- Installing: /home/runner/work/tinyxml2/tinyxml2/install/lib/cmake/tinyxml2/tinyxml2-config-version.cmake
2026-03-10T01:10:23.6050259Z -- Installing: /home/runner/work/tinyxml2/tinyxml2/install/include/tinyxml2.h
2026-03-10T01:10:23.6053464Z -- Installing: /home/runner/work/tinyxml2/tinyxml2/install/lib/pkgconfig/tinyxml2.pc
2026-03-10T01:10:23.6080609Z -- Install configuration: "Debug"
2026-03-10T01:10:23.6081663Z -- Installing: /home/runner/work/tinyxml2/tinyxml2/install/lib/libtinyxml2d.a
2026-03-10T01:10:23.6089715Z -- Installing: /home/runner/work/tinyxml2/tinyxml2/install/lib/cmake/tinyxml2/tinyxml2-static-targets.cmake
2026-03-10T01:10:23.6091668Z -- Installing: /home/runner/work/tinyxml2/tinyxml2/install/lib/cmake/tinyxml2/tinyxml2-static-targets-debug.cmake
2026-03-10T01:10:23.6093404Z -- Up-to-date: /home/runner/work/tinyxml2/tinyxml2/install/lib/cmake/tinyxml2/tinyxml2-config.cmake
2026-03-10T01:10:23.6094710Z -- Installing: /home/runner/work/tinyxml2/tinyxml2/install/lib/cmake/tinyxml2/tinyxml2-config-version.cmake
2026-03-10T01:10:23.6095932Z -- Up-to-date: /home/runner/work/tinyxml2/tinyxml2/install/include/tinyxml2.h
2026-03-10T01:10:23.6096803Z -- Installing: /home/runner/work/tinyxml2/tinyxml2/install/lib/pkgconfig/tinyxml2.pc
2026-03-10T01:10:23.6123256Z -- Install configuration: "Release"
2026-03-10T01:10:23.6124971Z -- Installing: /home/runner/work/tinyxml2/tinyxml2/install/lib/libtinyxml2.so.11.0.0
2026-03-10T01:10:23.6128376Z -- Installing: /home/runner/work/tinyxml2/tinyxml2/install/lib/libtinyxml2.so.11
2026-03-10T01:10:23.6129578Z -- Installing: /home/runner/work/tinyxml2/tinyxml2/install/lib/libtinyxml2.so
2026-03-10T01:10:23.6131282Z -- Installing: /home/runner/work/tinyxml2/tinyxml2/install/lib/cmake/tinyxml2/tinyxml2-shared-targets.cmake
2026-03-10T01:10:23.6133637Z -- Installing: /home/runner/work/tinyxml2/tinyxml2/install/lib/cmake/tinyxml2/tinyxml2-shared-targets-release.cmake
2026-03-10T01:10:23.6135503Z -- Up-to-date: /home/runner/work/tinyxml2/tinyxml2/install/lib/cmake/tinyxml2/tinyxml2-config.cmake
2026-03-10T01:10:23.6136626Z -- Installing: /home/runner/work/tinyxml2/tinyxml2/install/lib/cmake/tinyxml2/tinyxml2-config-version.cmake
2026-03-10T01:10:23.6137748Z -- Up-to-date: /home/runner/work/tinyxml2/tinyxml2/install/include/tinyxml2.h
2026-03-10T01:10:23.6138642Z -- Installing: /home/runner/work/tinyxml2/tinyxml2/install/lib/pkgconfig/tinyxml2.pc
2026-03-10T01:10:23.6164182Z -- Install configuration: "Release"
2026-03-10T01:10:23.6165421Z -- Installing: /home/runner/work/tinyxml2/tinyxml2/install/lib/libtinyxml2.a
2026-03-10T01:10:23.6171025Z -- Installing: /home/runner/work/tinyxml2/tinyxml2/install/lib/cmake/tinyxml2/tinyxml2-static-targets.cmake
2026-03-10T01:10:23.6172910Z -- Installing: /home/runner/work/tinyxml2/tinyxml2/install/lib/cmake/tinyxml2/tinyxml2-static-targets-release.cmake
2026-03-10T01:10:23.6174810Z -- Up-to-date: /home/runner/work/tinyxml2/tinyxml2/install/lib/cmake/tinyxml2/tinyxml2-config.cmake
2026-03-10T01:10:23.6175896Z -- Installing: /home/runner/work/tinyxml2/tinyxml2/install/lib/cmake/tinyxml2/tinyxml2-config-version.cmake
2026-03-10T01:10:23.6177024Z -- Up-to-date: /home/runner/work/tinyxml2/tinyxml2/install/include/tinyxml2.h
2026-03-10T01:10:23.6177911Z -- Installing: /home/runner/work/tinyxml2/tinyxml2/install/lib/pkgconfig/tinyxml2.pc
2026-03-10T01:10:23.6224885Z ##[group]Run tree install
2026-03-10T01:10:23.6225335Z [36;1mtree install[0m
2026-03-10T01:10:23.6292897Z shell: /usr/bin/bash -e {0}
2026-03-10T01:10:23.6293155Z env:
2026-03-10T01:10:23.6293387Z   CXX: 
2026-03-10T01:10:23.6293571Z   CC: 
2026-03-10T01:10:23.6293723Z ##[endgroup]
2026-03-10T01:10:23.6460159Z install
2026-03-10T01:10:23.6460698Z ├── include
2026-03-10T01:10:23.6460967Z │   └── tinyxml2.h
2026-03-10T01:10:23.6461197Z └── lib
2026-03-10T01:10:23.6461385Z     ├── cmake
2026-03-10T01:10:23.6461584Z     │   └── tinyxml2
2026-03-10T01:10:23.6461859Z     │       ├── tinyxml2-config-version.cmake
2026-03-10T01:10:23.6462181Z     │       ├── tinyxml2-config.cmake
2026-03-10T01:10:23.6462511Z     │       ├── tinyxml2-shared-targets-debug.cmake
2026-03-10T01:10:23.6462880Z     │       ├── tinyxml2-shared-targets-release.cmake
2026-03-10T01:10:23.6463657Z     │       ├── tinyxml2-shared-targets.cmake
2026-03-10T01:10:23.6464296Z     │       ├── tinyxml2-static-targets-debug.cmake
2026-03-10T01:10:23.6465092Z     │       ├── tinyxml2-static-targets-release.cmake
2026-03-10T01:10:23.6465551Z     │       └── tinyxml2-static-targets.cmake
2026-03-10T01:10:23.6465842Z     ├── libtinyxml2.a
2026-03-10T01:10:23.6466093Z     ├── libtinyxml2.so -> libtinyxml2.so.11
2026-03-10T01:10:23.6466428Z     ├── libtinyxml2.so.11 -> libtinyxml2.so.11.0.0
2026-03-10T01:10:23.6466736Z     ├── libtinyxml2.so.11.0.0
2026-03-10T01:10:23.6466978Z     ├── libtinyxml2d.a
2026-03-10T01:10:23.6467224Z     ├── libtinyxml2d.so -> libtinyxml2d.so.11
2026-03-10T01:10:23.6467562Z     ├── libtinyxml2d.so.11 -> libtinyxml2d.so.11.0.0
2026-03-10T01:10:23.6467870Z     ├── libtinyxml2d.so.11.0.0
2026-03-10T01:10:23.6468109Z     └── pkgconfig
2026-03-10T01:10:23.6468318Z         └── tinyxml2.pc
2026-03-10T01:10:23.6468448Z 
2026-03-10T01:10:23.6468520Z 6 directories, 18 files
2026-03-10T01:10:23.6490301Z ##[group]Run ctest --build-and-test test test-static-dbg --build-generator Ninja --build-options -DCMAKE_BUILD_TYPE=Debug -Dtinyxml2_SHARED_LIBS=NO -DCMAKE_PREFIX_PATH=/home/runner/work/tinyxml2/tinyxml2/install --test-command ctest --output-on-failure
2026-03-10T01:10:23.6492102Z [36;1mctest --build-and-test test test-static-dbg --build-generator Ninja --build-options -DCMAKE_BUILD_TYPE=Debug -Dtinyxml2_SHARED_LIBS=NO -DCMAKE_PREFIX_PATH=/home/runner/work/tinyxml2/tinyxml2/install --test-command ctest --output-on-failure[0m
2026-03-10T01:10:23.6538338Z shell: /usr/bin/bash -e {0}
2026-03-10T01:10:23.6538581Z env:
2026-03-10T01:10:23.6538740Z   CXX: 
2026-03-10T01:10:23.6538886Z   CC: 
2026-03-10T01:10:23.6539044Z ##[endgroup]
2026-03-10T01:10:24.3538002Z Internal cmake changing into directory: /home/runner/work/tinyxml2/tinyxml2/test-static-dbg
2026-03-10T01:10:24.3538888Z ======== CMake output     ======
2026-03-10T01:10:24.3539464Z The C compiler identification is GNU 13.3.0
2026-03-10T01:10:24.3540387Z The CXX compiler identification is GNU 13.3.0
2026-03-10T01:10:24.3540915Z Detecting C compiler ABI info
2026-03-10T01:10:24.3541514Z Detecting C compiler ABI info - done
2026-03-10T01:10:24.3541966Z Check for working C compiler: /usr/bin/cc - skipped
2026-03-10T01:10:24.3542339Z Detecting C compile features
2026-03-10T01:10:24.3543052Z Detecting C compile features - done
2026-03-10T01:10:24.3543447Z Detecting CXX compiler ABI info
2026-03-10T01:10:24.3543808Z Detecting CXX compiler ABI info - done
2026-03-10T01:10:24.3544154Z Check for working CXX compiler: /usr/bin/c++ - skipped
2026-03-10T01:10:24.3555866Z Detecting CXX compile features
2026-03-10T01:10:24.3556349Z Detecting CXX compile features - done
2026-03-10T01:10:24.3556782Z Configuring done (0.3s)
2026-03-10T01:10:24.3557044Z Generating done (0.0s)
2026-03-10T01:10:24.3557572Z Build files have been written to: /home/runner/work/tinyxml2/tinyxml2/test-static-dbg
2026-03-10T01:10:24.3558283Z ======== End CMake output ======
2026-03-10T01:10:24.3558834Z Change Dir: '/home/runner/work/tinyxml2/tinyxml2/test-static-dbg'
2026-03-10T01:10:24.3559273Z 
2026-03-10T01:10:24.3559637Z Run Clean Command: /home/runner/work/tinyxml2/tinyxml2/ninja-build/ninja clean
2026-03-10T01:10:24.3560327Z [1/1] Cleaning all built files...
2026-03-10T01:10:24.3560691Z Cleaning... 0 files.
2026-03-10T01:10:24.3560900Z 
2026-03-10T01:10:24.3561219Z Run Build Command(s): /home/runner/work/tinyxml2/tinyxml2/ninja-build/ninja
2026-03-10T01:10:24.3562181Z [1/2] Building CXX object CMakeFiles/xmltest.dir/home/runner/work/tinyxml2/tinyxml2/xmltest.cpp.o
2026-03-10T01:10:24.3562952Z [2/2] Linking CXX executable xmltest
2026-03-10T01:10:24.3563255Z 
2026-03-10T01:10:24.3563871Z Running test command: "/opt/hostedtoolcache/cmake/3.31.11/x64/cmake-3.31.11-linux-x86_64/bin/ctest" "--output-on-failure"
2026-03-10T01:10:24.3565151Z Test project /home/runner/work/tinyxml2/tinyxml2/test-static-dbg
2026-03-10T01:10:24.3565727Z     Start 1: xmltest
2026-03-10T01:10:24.3566204Z 1/1 Test #1: xmltest ..........................   Passed    0.07 sec
2026-03-10T01:10:24.3566614Z 
2026-03-10T01:10:24.3566777Z 100% tests passed, 0 tests failed out of 1
2026-03-10T01:10:24.3567103Z 
2026-03-10T01:10:24.3567240Z Total Test time (real) =   0.07 sec
2026-03-10T01:10:24.3567522Z 
2026-03-10T01:10:24.3603205Z ##[group]Run ctest --build-and-test test test-static-rel --build-generator Ninja --build-options -DCMAKE_BUILD_TYPE=Release -Dtinyxml2_SHARED_LIBS=NO -DCMAKE_PREFIX_PATH=/home/runner/work/tinyxml2/tinyxml2/install --test-command ctest --output-on-failure
2026-03-10T01:10:24.3606671Z [36;1mctest --build-and-test test test-static-rel --build-generator Ninja --build-options -DCMAKE_BUILD_TYPE=Release -Dtinyxml2_SHARED_LIBS=NO -DCMAKE_PREFIX_PATH=/home/runner/work/tinyxml2/tinyxml2/install --test-command ctest --output-on-failure[0m
2026-03-10T01:10:24.3666579Z shell: /usr/bin/bash -e {0}
2026-03-10T01:10:24.3666822Z env:
2026-03-10T01:10:24.3666990Z   CXX: 
2026-03-10T01:10:24.3667135Z   CC: 
2026-03-10T01:10:24.3667295Z ##[endgroup]
2026-03-10T01:10:25.6846733Z Internal cmake changing into directory: /home/runner/work/tinyxml2/tinyxml2/test-static-rel
2026-03-10T01:10:25.6847563Z ======== CMake output     ======
2026-03-10T01:10:25.6848071Z The C compiler identification is GNU 13.3.0
2026-03-10T01:10:25.6848571Z The CXX compiler identification is GNU 13.3.0
2026-03-10T01:10:25.6849032Z Detecting C compiler ABI info
2026-03-10T01:10:25.6849444Z Detecting C compiler ABI info - done
2026-03-10T01:10:25.6849933Z Check for working C compiler: /usr/bin/cc - skipped
2026-03-10T01:10:25.6850425Z Detecting C compile features
2026-03-10T01:10:25.6850674Z Detecting C compile features - done
2026-03-10T01:10:25.6850939Z Detecting CXX compiler ABI info
2026-03-10T01:10:25.6851192Z Detecting CXX compiler ABI info - done
2026-03-10T01:10:25.6851509Z Check for working CXX compiler: /usr/bin/c++ - skipped
2026-03-10T01:10:25.6851849Z Detecting CXX compile features
2026-03-10T01:10:25.6852097Z Detecting CXX compile features - done
2026-03-10T01:10:25.6852346Z Configuring done (0.3s)
2026-03-10T01:10:25.6852553Z Generating done (0.0s)
2026-03-10T01:10:25.6852893Z Build files have been written to: /home/runner/work/tinyxml2/tinyxml2/test-static-rel
2026-03-10T01:10:25.6853301Z ======== End CMake output ======
2026-03-10T01:10:25.6853850Z Change Dir: '/home/runner/work/tinyxml2/tinyxml2/test-static-rel'
2026-03-10T01:10:25.6854108Z 
2026-03-10T01:10:25.6854315Z Run Clean Command: /home/runner/work/tinyxml2/tinyxml2/ninja-build/ninja clean
2026-03-10T01:10:25.6855011Z [1/1] Cleaning all built files...
2026-03-10T01:10:25.6855242Z Cleaning... 0 files.
2026-03-10T01:10:25.6855371Z 
2026-03-10T01:10:25.6855559Z Run Build Command(s): /home/runner/work/tinyxml2/tinyxml2/ninja-build/ninja
2026-03-10T01:10:25.6856137Z [1/2] Building CXX object CMakeFiles/xmltest.dir/home/runner/work/tinyxml2/tinyxml2/xmltest.cpp.o
2026-03-10T01:10:25.6857168Z /home/runner/work/tinyxml2/tinyxml2/xmltest.cpp: In function ‘int main(int, const char**)’:
2026-03-10T01:10:25.6859186Z /home/runner/work/tinyxml2/tinyxml2/xmltest.cpp:711:38: warning: ignoring return value of ‘char* fgets(char*, int, FILE*)’ declared with attribute ‘warn_unused_result’ [-Wunused-result]
2026-03-10T01:10:25.6860178Z   711 |                                 fgets( savedBuf, 256, saved );
2026-03-10T01:10:25.6860509Z       |                                 ~~~~~^~~~~~~~~~~~~~~~~~~~~~~~
2026-03-10T01:10:25.6861503Z /home/runner/work/tinyxml2/tinyxml2/xmltest.cpp:1195:30: warning: ignoring return value of ‘char* fgets(char*, int, FILE*)’ declared with attribute ‘warn_unused_result’ [-Wunused-result]
2026-03-10T01:10:25.6862273Z  1195 |                         fgets( buf, 1024, textfile );
2026-03-10T01:10:25.6862578Z       |                         ~~~~~^~~~~~~~~~~~~~~~~~~~~~~
2026-03-10T01:10:25.6862840Z [2/2] Linking CXX executable xmltest
2026-03-10T01:10:25.6863010Z 
2026-03-10T01:10:25.6863359Z Running test command: "/opt/hostedtoolcache/cmake/3.31.11/x64/cmake-3.31.11-linux-x86_64/bin/ctest" "--output-on-failure"
2026-03-10T01:10:25.6863969Z Test project /home/runner/work/tinyxml2/tinyxml2/test-static-rel
2026-03-10T01:10:25.6864287Z     Start 1: xmltest
2026-03-10T01:10:25.6864750Z 1/1 Test #1: xmltest ..........................   Passed    0.02 sec
2026-03-10T01:10:25.6865299Z 
2026-03-10T01:10:25.6865414Z 100% tests passed, 0 tests failed out of 1
2026-03-10T01:10:25.6865603Z 
2026-03-10T01:10:25.6865686Z Total Test time (real) =   0.02 sec
2026-03-10T01:10:25.6865843Z 
2026-03-10T01:10:25.6889534Z ##[group]Run ctest --build-and-test test test-shared-dbg --build-generator Ninja --build-options -DCMAKE_BUILD_TYPE=Debug -Dtinyxml2_SHARED_LIBS=YES -DCMAKE_PREFIX_PATH=/home/runner/work/tinyxml2/tinyxml2/install --test-command ctest --output-on-failure
2026-03-10T01:10:25.6891356Z [36;1mctest --build-and-test test test-shared-dbg --build-generator Ninja --build-options -DCMAKE_BUILD_TYPE=Debug -Dtinyxml2_SHARED_LIBS=YES -DCMAKE_PREFIX_PATH=/home/runner/work/tinyxml2/tinyxml2/install --test-command ctest --output-on-failure[0m
2026-03-10T01:10:25.6939903Z shell: /usr/bin/bash -e {0}
2026-03-10T01:10:25.6940133Z env:
2026-03-10T01:10:25.6940295Z   CXX: 
2026-03-10T01:10:25.6940440Z   CC: 
2026-03-10T01:10:25.6940600Z ##[endgroup]
2026-03-10T01:10:26.3908521Z Internal cmake changing into directory: /home/runner/work/tinyxml2/tinyxml2/test-shared-dbg
2026-03-10T01:10:26.3909352Z ======== CMake output     ======
2026-03-10T01:10:26.3909823Z The C compiler identification is GNU 13.3.0
2026-03-10T01:10:26.3910300Z The CXX compiler identification is GNU 13.3.0
2026-03-10T01:10:26.3910752Z Detecting C compiler ABI info
2026-03-10T01:10:26.3911140Z Detecting C compiler ABI info - done
2026-03-10T01:10:26.3911614Z Check for working C compiler: /usr/bin/cc - skipped
2026-03-10T01:10:26.3912091Z Detecting C compile features
2026-03-10T01:10:26.3912460Z Detecting C compile features - done
2026-03-10T01:10:26.3912861Z Detecting CXX compiler ABI info
2026-03-10T01:10:26.3913253Z Detecting CXX compiler ABI info - done
2026-03-10T01:10:26.3913760Z Check for working CXX compiler: /usr/bin/c++ - skipped
2026-03-10T01:10:26.3914249Z Detecting CXX compile features
2026-03-10T01:10:26.3914834Z Detecting CXX compile features - done
2026-03-10T01:10:26.3915239Z Configuring done (0.3s)
2026-03-10T01:10:26.3915570Z Generating done (0.0s)
2026-03-10T01:10:26.3916473Z Build files have been written to: /home/runner/work/tinyxml2/tinyxml2/test-shared-dbg
2026-03-10T01:10:26.3917163Z ======== End CMake output ======
2026-03-10T01:10:26.3917678Z Change Dir: '/home/runner/work/tinyxml2/tinyxml2/test-shared-dbg'
2026-03-10T01:10:26.3918106Z 
2026-03-10T01:10:26.3918444Z Run Clean Command: /home/runner/work/tinyxml2/tinyxml2/ninja-build/ninja clean
2026-03-10T01:10:26.3919076Z [1/1] Cleaning all built files...
2026-03-10T01:10:26.3919366Z Cleaning... 0 files.
2026-03-10T01:10:26.3919508Z 
2026-03-10T01:10:26.3919706Z Run Build Command(s): /home/runner/work/tinyxml2/tinyxml2/ninja-build/ninja
2026-03-10T01:10:26.3920268Z [1/2] Building CXX object CMakeFiles/xmltest.dir/home/runner/work/tinyxml2/tinyxml2/xmltest.cpp.o
2026-03-10T01:10:26.3920725Z [2/2] Linking CXX executable xmltest
2026-03-10T01:10:26.3920887Z 
2026-03-10T01:10:26.3921242Z Running test command: "/opt/hostedtoolcache/cmake/3.31.11/x64/cmake-3.31.11-linux-x86_64/bin/ctest" "--output-on-failure"
2026-03-10T01:10:26.3921958Z Test project /home/runner/work/tinyxml2/tinyxml2/test-shared-dbg
2026-03-10T01:10:26.3922514Z     Start 1: xmltest
2026-03-10T01:10:26.3922956Z 1/1 Test #1: xmltest ..........................   Passed    0.07 sec
2026-03-10T01:10:26.3923371Z 
2026-03-10T01:10:26.3923528Z 100% tests passed, 0 tests failed out of 1
2026-03-10T01:10:26.3923829Z 
2026-03-10T01:10:26.3923969Z Total Test time (real) =   0.07 sec
2026-03-10T01:10:26.3924232Z 
2026-03-10T01:10:26.3948137Z ##[group]Run ctest --build-and-test test test-shared-rel --build-generator Ninja --build-options -DCMAKE_BUILD_TYPE=Release -Dtinyxml2_SHARED_LIBS=YES -DCMAKE_PREFIX_PATH=/home/runner/work/tinyxml2/tinyxml2/install --test-command ctest --output-on-failure
2026-03-10T01:10:26.3949981Z [36;1mctest --build-and-test test test-shared-rel --build-generator Ninja --build-options -DCMAKE_BUILD_TYPE=Release -Dtinyxml2_SHARED_LIBS=YES -DCMAKE_PREFIX_PATH=/home/runner/work/tinyxml2/tinyxml2/install --test-command ctest --output-on-failure[0m
2026-03-10T01:10:26.3998600Z shell: /usr/bin/bash -e {0}
2026-03-10T01:10:26.3998825Z env:
2026-03-10T01:10:26.3998985Z   CXX: 
2026-03-10T01:10:26.3999127Z   CC: 
2026-03-10T01:10:26.3999290Z ##[endgroup]
2026-03-10T01:10:27.7019132Z Internal cmake changing into directory: /home/runner/work/tinyxml2/tinyxml2/test-shared-rel
2026-03-10T01:10:27.7019965Z ======== CMake output     ======
2026-03-10T01:10:27.7020458Z The C compiler identification is GNU 13.3.0
2026-03-10T01:10:27.7020955Z The CXX compiler identification is GNU 13.3.0
2026-03-10T01:10:27.7021419Z Detecting C compiler ABI info
2026-03-10T01:10:27.7021821Z Detecting C compiler ABI info - done
2026-03-10T01:10:27.7022305Z Check for working C compiler: /usr/bin/cc - skipped
2026-03-10T01:10:27.7022809Z Detecting C compile features
2026-03-10T01:10:27.7023068Z Detecting C compile features - done
2026-03-10T01:10:27.7023331Z Detecting CXX compiler ABI info
2026-03-10T01:10:27.7023567Z Detecting CXX compiler ABI info - done
2026-03-10T01:10:27.7023879Z Check for working CXX compiler: /usr/bin/c++ - skipped
2026-03-10T01:10:27.7024185Z Detecting CXX compile features
2026-03-10T01:10:27.7024680Z Detecting CXX compile features - done
2026-03-10T01:10:27.7024934Z Configuring done (0.3s)
2026-03-10T01:10:27.7025137Z Generating done (0.0s)
2026-03-10T01:10:27.7025469Z Build files have been written to: /home/runner/work/tinyxml2/tinyxml2/test-shared-rel
2026-03-10T01:10:27.7025895Z ======== End CMake output ======
2026-03-10T01:10:27.7026202Z Change Dir: '/home/runner/work/tinyxml2/tinyxml2/test-shared-rel'
2026-03-10T01:10:27.7026455Z 
2026-03-10T01:10:27.7026655Z Run Clean Command: /home/runner/work/tinyxml2/tinyxml2/ninja-build/ninja clean
2026-03-10T01:10:27.7027097Z [1/1] Cleaning all built files...
2026-03-10T01:10:27.7027455Z Cleaning... 0 files.
2026-03-10T01:10:27.7027651Z 
2026-03-10T01:10:27.7027949Z Run Build Command(s): /home/runner/work/tinyxml2/tinyxml2/ninja-build/ninja
2026-03-10T01:10:27.7028853Z [1/2] Building CXX object CMakeFiles/xmltest.dir/home/runner/work/tinyxml2/tinyxml2/xmltest.cpp.o
2026-03-10T01:10:27.7030500Z /home/runner/work/tinyxml2/tinyxml2/xmltest.cpp: In function ‘int main(int, const char**)’:
2026-03-10T01:10:27.7032102Z /home/runner/work/tinyxml2/tinyxml2/xmltest.cpp:711:38: warning: ignoring return value of ‘char* fgets(char*, int, FILE*)’ declared with attribute ‘warn_unused_result’ [-Wunused-result]
2026-03-10T01:10:27.7032917Z   711 |                                 fgets( savedBuf, 256, saved );
2026-03-10T01:10:27.7033236Z       |                                 ~~~~~^~~~~~~~~~~~~~~~~~~~~~~~
2026-03-10T01:10:27.7034127Z /home/runner/work/tinyxml2/tinyxml2/xmltest.cpp:1195:30: warning: ignoring return value of ‘char* fgets(char*, int, FILE*)’ declared with attribute ‘warn_unused_result’ [-Wunused-result]
2026-03-10T01:10:27.7035103Z  1195 |                         fgets( buf, 1024, textfile );
2026-03-10T01:10:27.7035400Z       |                         ~~~~~^~~~~~~~~~~~~~~~~~~~~~~
2026-03-10T01:10:27.7035674Z [2/2] Linking CXX executable xmltest
2026-03-10T01:10:27.7035854Z 
2026-03-10T01:10:27.7036204Z Running test command: "/opt/hostedtoolcache/cmake/3.31.11/x64/cmake-3.31.11-linux-x86_64/bin/ctest" "--output-on-failure"
2026-03-10T01:10:27.7036824Z Test project /home/runner/work/tinyxml2/tinyxml2/test-shared-rel
2026-03-10T01:10:27.7037138Z     Start 1: xmltest
2026-03-10T01:10:27.7037392Z 1/1 Test #1: xmltest ..........................   Passed    0.03 sec
2026-03-10T01:10:27.7037856Z 
2026-03-10T01:10:27.7037965Z 100% tests passed, 0 tests failed out of 1
2026-03-10T01:10:27.7038154Z 
2026-03-10T01:10:27.7038236Z Total Test time (real) =   0.03 sec
2026-03-10T01:10:27.7038390Z 
2026-03-10T01:10:27.7116898Z Post job cleanup.
2026-03-10T01:10:27.8049893Z [command]/usr/bin/git version
2026-03-10T01:10:27.8087626Z git version 2.53.0
2026-03-10T01:10:27.8131675Z Temporarily overriding HOME='/home/runner/work/_temp/b10a0738-49a0-4bb3-8cd4-53ccfb7c69f5' before making global git config changes
2026-03-10T01:10:27.8132980Z Adding repository directory to the temporary git global config as a safe directory
2026-03-10T01:10:27.8137618Z [command]/usr/bin/git config --global --add safe.directory /home/runner/work/tinyxml2/tinyxml2
2026-03-10T01:10:27.8176132Z [command]/usr/bin/git config --local --name-only --get-regexp core\.sshCommand
2026-03-10T01:10:27.8210082Z [command]/usr/bin/git submodule foreach --recursive sh -c "git config --local --name-only --get-regexp 'core\.sshCommand' && git config --local --unset-all 'core.sshCommand' || :"
2026-03-10T01:10:27.8452516Z [command]/usr/bin/git config --local --name-only --get-regexp http\.https\:\/\/github\.com\/\.extraheader
2026-03-10T01:10:27.8474621Z http.https://github.com/.extraheader
2026-03-10T01:10:27.8488145Z [command]/usr/bin/git config --local --unset-all http.https://github.com/.extraheader
2026-03-10T01:10:27.8520865Z [command]/usr/bin/git submodule foreach --recursive sh -c "git config --local --name-only --get-regexp 'http\.https\:\/\/github\.com\/\.extraheader' && git config --local --unset-all 'http.https://github.com/.extraheader' || :"
2026-03-10T01:10:27.8754656Z [command]/usr/bin/git config --local --name-only --get-regexp ^includeIf\.gitdir:
2026-03-10T01:10:27.8787505Z [command]/usr/bin/git submodule foreach --recursive git config --local --show-origin --name-only --get-regexp remote.origin.url
2026-03-10T01:10:27.9126646Z Cleaning up orphan processes
