2026-04-05T18:40:28.5914137Z Current runner version: '2.333.1'
2026-04-05T18:40:28.5936830Z ##[group]Runner Image Provisioner
2026-04-05T18:40:28.5937888Z Hosted Compute Agent
2026-04-05T18:40:28.5938471Z Version: 20260213.493
2026-04-05T18:40:28.5939032Z Commit: 5c115507f6dd24b8de37d8bbe0bb4509d0cc0fa3
2026-04-05T18:40:28.5939781Z Build Date: 2026-02-13T00:28:41Z
2026-04-05T18:40:28.5940401Z Worker ID: {ef6a5a9b-800d-43b4-a755-6a62e8400c85}
2026-04-05T18:40:28.5941433Z Azure Region: westus3
2026-04-05T18:40:28.5942067Z ##[endgroup]
2026-04-05T18:40:28.5943529Z ##[group]Operating System
2026-04-05T18:40:28.5944103Z Ubuntu
2026-04-05T18:40:28.5944695Z 24.04.4
2026-04-05T18:40:28.5945129Z LTS
2026-04-05T18:40:28.5945612Z ##[endgroup]
2026-04-05T18:40:28.5946129Z ##[group]Runner Image
2026-04-05T18:40:28.5946643Z Image: ubuntu-24.04
2026-04-05T18:40:28.5947143Z Version: 20260329.72.1
2026-04-05T18:40:28.5948364Z Included Software: https://github.com/actions/runner-images/blob/ubuntu24/20260329.72/images/ubuntu/Ubuntu2404-Readme.md
2026-04-05T18:40:28.5949837Z Image Release: https://github.com/actions/runner-images/releases/tag/ubuntu24%2F20260329.72
2026-04-05T18:40:28.5950978Z ##[endgroup]
2026-04-05T18:40:28.5953887Z ##[group]GITHUB_TOKEN Permissions
2026-04-05T18:40:28.5955923Z Actions: write
2026-04-05T18:40:28.5956590Z ArtifactMetadata: write
2026-04-05T18:40:28.5957143Z Attestations: write
2026-04-05T18:40:28.5957715Z Checks: write
2026-04-05T18:40:28.5958235Z Contents: write
2026-04-05T18:40:28.5958731Z Deployments: write
2026-04-05T18:40:28.5959221Z Discussions: write
2026-04-05T18:40:28.5959764Z Issues: write
2026-04-05T18:40:28.5960242Z Metadata: read
2026-04-05T18:40:28.5960723Z Models: read
2026-04-05T18:40:28.5961461Z Packages: write
2026-04-05T18:40:28.5961927Z Pages: write
2026-04-05T18:40:28.5962505Z PullRequests: write
2026-04-05T18:40:28.5963038Z RepositoryProjects: write
2026-04-05T18:40:28.5963650Z SecurityEvents: write
2026-04-05T18:40:28.5964131Z Statuses: write
2026-04-05T18:40:28.5964668Z ##[endgroup]
2026-04-05T18:40:28.5966653Z Secret source: Actions
2026-04-05T18:40:28.5967313Z Prepare workflow directory
2026-04-05T18:40:28.6317017Z Prepare all required actions
2026-04-05T18:40:28.6374842Z Getting action download info
2026-04-05T18:40:29.0484741Z Download action repository 'actions/checkout@v4' (SHA:34e114876b0b11c390a56381ad16ebd13914f8d5)
2026-04-05T18:40:29.1978035Z Download action repository 'actions/setup-python@v5' (SHA:a26af69be951a213d495a4c3e4e4022e16d87065)
2026-04-05T18:40:29.3859977Z Complete job name: main (ubuntu-latest, 3.12, py)
2026-04-05T18:40:29.4498891Z ##[group]Run actions/checkout@v4
2026-04-05T18:40:29.4499712Z with:
2026-04-05T18:40:29.4500104Z   repository: PyCQA/flake8
2026-04-05T18:40:29.4500707Z   token: ***
2026-04-05T18:40:29.4501305Z   ssh-strict: true
2026-04-05T18:40:29.4501690Z   ssh-user: git
2026-04-05T18:40:29.4502077Z   persist-credentials: true
2026-04-05T18:40:29.4502515Z   clean: true
2026-04-05T18:40:29.4502901Z   sparse-checkout-cone-mode: true
2026-04-05T18:40:29.4503361Z   fetch-depth: 1
2026-04-05T18:40:29.4503753Z   fetch-tags: false
2026-04-05T18:40:29.4504141Z   show-progress: true
2026-04-05T18:40:29.4504527Z   lfs: false
2026-04-05T18:40:29.4504885Z   submodules: false
2026-04-05T18:40:29.4505272Z   set-safe-directory: true
2026-04-05T18:40:29.4505968Z ##[endgroup]
2026-04-05T18:40:29.5606905Z Syncing repository: PyCQA/flake8
2026-04-05T18:40:29.5608545Z ##[group]Getting Git version info
2026-04-05T18:40:29.5609199Z Working directory is '/home/runner/work/flake8/flake8'
2026-04-05T18:40:29.5610164Z [command]/usr/bin/git version
2026-04-05T18:40:29.5656868Z git version 2.53.0
2026-04-05T18:40:29.5697236Z ##[endgroup]
2026-04-05T18:40:29.5714885Z Temporarily overriding HOME='/home/runner/work/_temp/6dcf12c6-2cab-48be-85ea-b1af57dea7ca' before making global git config changes
2026-04-05T18:40:29.5716296Z Adding repository directory to the temporary git global config as a safe directory
2026-04-05T18:40:29.5722852Z [command]/usr/bin/git config --global --add safe.directory /home/runner/work/flake8/flake8
2026-04-05T18:40:29.5759077Z Deleting the contents of '/home/runner/work/flake8/flake8'
2026-04-05T18:40:29.5764479Z ##[group]Initializing the repository
2026-04-05T18:40:29.5770099Z [command]/usr/bin/git init /home/runner/work/flake8/flake8
2026-04-05T18:40:29.5904908Z hint: Using 'master' as the name for the initial branch. This default branch name
2026-04-05T18:40:29.5906635Z hint: will change to "main" in Git 3.0. To configure the initial branch name
2026-04-05T18:40:29.5908302Z hint: to use in all of your new repositories, which will suppress this warning,
2026-04-05T18:40:29.5909609Z hint: call:
2026-04-05T18:40:29.5910270Z hint:
2026-04-05T18:40:29.5911360Z hint: 	git config --global init.defaultBranch <name>
2026-04-05T18:40:29.5912427Z hint:
2026-04-05T18:40:29.5913415Z hint: Names commonly chosen instead of 'master' are 'main', 'trunk' and
2026-04-05T18:40:29.5914953Z hint: 'development'. The just-created branch can be renamed via this command:
2026-04-05T18:40:29.5916156Z hint:
2026-04-05T18:40:29.5916882Z hint: 	git branch -m <name>
2026-04-05T18:40:29.5917679Z hint:
2026-04-05T18:40:29.5918733Z hint: Disable this message with "git config set advice.defaultBranchName false"
2026-04-05T18:40:29.5920478Z Initialized empty Git repository in /home/runner/work/flake8/flake8/.git/
2026-04-05T18:40:29.5923273Z [command]/usr/bin/git remote add origin https://github.com/PyCQA/flake8
2026-04-05T18:40:29.5949772Z ##[endgroup]
2026-04-05T18:40:29.5951283Z ##[group]Disabling automatic garbage collection
2026-04-05T18:40:29.5954923Z [command]/usr/bin/git config --local gc.auto 0
2026-04-05T18:40:29.5982720Z ##[endgroup]
2026-04-05T18:40:29.5983997Z ##[group]Setting up auth
2026-04-05T18:40:29.5990254Z [command]/usr/bin/git config --local --name-only --get-regexp core\.sshCommand
2026-04-05T18:40:29.6020164Z [command]/usr/bin/git submodule foreach --recursive sh -c "git config --local --name-only --get-regexp 'core\.sshCommand' && git config --local --unset-all 'core.sshCommand' || :"
2026-04-05T18:40:29.6343532Z [command]/usr/bin/git config --local --name-only --get-regexp http\.https\:\/\/github\.com\/\.extraheader
2026-04-05T18:40:29.6376145Z [command]/usr/bin/git submodule foreach --recursive sh -c "git config --local --name-only --get-regexp 'http\.https\:\/\/github\.com\/\.extraheader' && git config --local --unset-all 'http.https://github.com/.extraheader' || :"
2026-04-05T18:40:29.6612301Z [command]/usr/bin/git config --local --name-only --get-regexp ^includeIf\.gitdir:
2026-04-05T18:40:29.6653895Z [command]/usr/bin/git submodule foreach --recursive git config --local --show-origin --name-only --get-regexp remote.origin.url
2026-04-05T18:40:29.6893222Z [command]/usr/bin/git config --local http.https://github.com/.extraheader AUTHORIZATION: basic ***
2026-04-05T18:40:29.6941876Z ##[endgroup]
2026-04-05T18:40:29.6943711Z ##[group]Fetching the repository
2026-04-05T18:40:29.6946377Z [command]/usr/bin/git -c protocol.version=2 fetch --no-tags --prune --no-recurse-submodules --depth=1 origin +18a9d95a1976b83b4f19b202d28629d84597fc2b:refs/remotes/pull/2016/merge
2026-04-05T18:40:30.1922636Z From https://github.com/PyCQA/flake8
2026-04-05T18:40:30.1924468Z  * [new ref]         18a9d95a1976b83b4f19b202d28629d84597fc2b -> pull/2016/merge
2026-04-05T18:40:30.1953352Z ##[endgroup]
2026-04-05T18:40:30.1954186Z ##[group]Determining the checkout info
2026-04-05T18:40:30.1972839Z ##[endgroup]
2026-04-05T18:40:30.1976196Z [command]/usr/bin/git sparse-checkout disable
2026-04-05T18:40:30.2004833Z [command]/usr/bin/git config --local --unset-all extensions.worktreeConfig
2026-04-05T18:40:30.2035527Z ##[group]Checking out the ref
2026-04-05T18:40:30.2036955Z [command]/usr/bin/git checkout --progress --force refs/remotes/pull/2016/merge
2026-04-05T18:40:30.2167819Z Note: switching to 'refs/remotes/pull/2016/merge'.
2026-04-05T18:40:30.2169034Z 
2026-04-05T18:40:30.2169754Z You are in 'detached HEAD' state. You can look around, make experimental
2026-04-05T18:40:30.2172090Z changes and commit them, and you can discard any commits you make in this
2026-04-05T18:40:30.2174614Z state without impacting any branches by switching back to a branch.
2026-04-05T18:40:30.2175937Z 
2026-04-05T18:40:30.2176837Z If you want to create a new branch to retain commits you create, you may
2026-04-05T18:40:30.2178792Z do so (now or later) by using -c with the switch command. Example:
2026-04-05T18:40:30.2180019Z 
2026-04-05T18:40:30.2180546Z   git switch -c <new-branch-name>
2026-04-05T18:40:30.2181768Z 
2026-04-05T18:40:30.2182264Z Or undo this operation with:
2026-04-05T18:40:30.2183095Z 
2026-04-05T18:40:30.2183498Z   git switch -
2026-04-05T18:40:30.2184105Z 
2026-04-05T18:40:30.2185109Z Turn off this advice by setting config variable advice.detachedHead to false
2026-04-05T18:40:30.2186598Z 
2026-04-05T18:40:30.2188426Z HEAD is now at 18a9d95 Merge 3113fc3ed63e4f19b6dbba687c310e9fabb6741a into 9d75094913570f2c676cf19e5cb1d58838246500
2026-04-05T18:40:30.2192236Z ##[endgroup]
2026-04-05T18:40:30.2214078Z [command]/usr/bin/git log -1 --format=%H
2026-04-05T18:40:30.2235165Z 18a9d95a1976b83b4f19b202d28629d84597fc2b
2026-04-05T18:40:30.2549061Z ##[group]Run actions/setup-python@v5
2026-04-05T18:40:30.2550116Z with:
2026-04-05T18:40:30.2551007Z   python-version: 3.12
2026-04-05T18:40:30.2551855Z   check-latest: false
2026-04-05T18:40:30.2552916Z   token: ***
2026-04-05T18:40:30.2553660Z   update-environment: true
2026-04-05T18:40:30.2554569Z   allow-prereleases: false
2026-04-05T18:40:30.2555484Z   freethreaded: false
2026-04-05T18:40:30.2556276Z ##[endgroup]
2026-04-05T18:40:30.4245404Z ##[group]Installed versions
2026-04-05T18:40:30.4368379Z Successfully set up CPython (3.12.13)
2026-04-05T18:40:30.4370582Z ##[endgroup]
2026-04-05T18:40:30.4515386Z ##[group]Run python -mpip install --upgrade setuptools pip tox virtualenv
2026-04-05T18:40:30.4517450Z [36;1mpython -mpip install --upgrade setuptools pip tox virtualenv[0m
2026-04-05T18:40:30.4565397Z shell: /usr/bin/bash -e {0}
2026-04-05T18:40:30.4566304Z env:
2026-04-05T18:40:30.4567225Z   pythonLocation: /opt/hostedtoolcache/Python/3.12.13/x64
2026-04-05T18:40:30.4568950Z   PKG_CONFIG_PATH: /opt/hostedtoolcache/Python/3.12.13/x64/lib/pkgconfig
2026-04-05T18:40:30.4570643Z   Python_ROOT_DIR: /opt/hostedtoolcache/Python/3.12.13/x64
2026-04-05T18:40:30.4572342Z   Python2_ROOT_DIR: /opt/hostedtoolcache/Python/3.12.13/x64
2026-04-05T18:40:30.4573888Z   Python3_ROOT_DIR: /opt/hostedtoolcache/Python/3.12.13/x64
2026-04-05T18:40:30.4575458Z   LD_LIBRARY_PATH: /opt/hostedtoolcache/Python/3.12.13/x64/lib
2026-04-05T18:40:30.4576734Z ##[endgroup]
2026-04-05T18:40:31.5211157Z Collecting setuptools
2026-04-05T18:40:31.6119462Z   Downloading setuptools-82.0.1-py3-none-any.whl.metadata (6.5 kB)
2026-04-05T18:40:31.6224562Z Requirement already satisfied: pip in /opt/hostedtoolcache/Python/3.12.13/x64/lib/python3.12/site-packages (26.0.1)
2026-04-05T18:40:31.7258418Z Collecting tox
2026-04-05T18:40:31.7380611Z   Downloading tox-4.52.0-py3-none-any.whl.metadata (3.6 kB)
2026-04-05T18:40:31.7946432Z Collecting virtualenv
2026-04-05T18:40:31.8053274Z   Downloading virtualenv-21.2.0-py3-none-any.whl.metadata (3.5 kB)
2026-04-05T18:40:31.8377408Z Collecting cachetools>=7.0.3 (from tox)
2026-04-05T18:40:31.8481585Z   Downloading cachetools-7.0.5-py3-none-any.whl.metadata (5.6 kB)
2026-04-05T18:40:31.8726200Z Collecting colorama>=0.4.6 (from tox)
2026-04-05T18:40:31.8829986Z   Downloading colorama-0.4.6-py2.py3-none-any.whl.metadata (17 kB)
2026-04-05T18:40:31.9150518Z Collecting filelock>=3.25 (from tox)
2026-04-05T18:40:31.9254132Z   Downloading filelock-3.25.2-py3-none-any.whl.metadata (2.0 kB)
2026-04-05T18:40:31.9476340Z Collecting packaging>=26 (from tox)
2026-04-05T18:40:31.9575660Z   Downloading packaging-26.0-py3-none-any.whl.metadata (3.3 kB)
2026-04-05T18:40:31.9820905Z Collecting platformdirs>=4.9.4 (from tox)
2026-04-05T18:40:31.9925493Z   Downloading platformdirs-4.9.4-py3-none-any.whl.metadata (4.7 kB)
2026-04-05T18:40:32.0118558Z Collecting pluggy>=1.6 (from tox)
2026-04-05T18:40:32.0221314Z   Downloading pluggy-1.6.0-py3-none-any.whl.metadata (4.8 kB)
2026-04-05T18:40:32.0433228Z Collecting pyproject-api>=1.10 (from tox)
2026-04-05T18:40:32.0538714Z   Downloading pyproject_api-1.10.0-py3-none-any.whl.metadata (2.7 kB)
2026-04-05T18:40:32.0731561Z Collecting python-discovery>=1.2.1 (from tox)
2026-04-05T18:40:32.0832271Z   Downloading python_discovery-1.2.1-py3-none-any.whl.metadata (5.4 kB)
2026-04-05T18:40:32.1032856Z Collecting tomli-w>=1.2 (from tox)
2026-04-05T18:40:32.1135342Z   Downloading tomli_w-1.2.0-py3-none-any.whl.metadata (5.7 kB)
2026-04-05T18:40:32.1351814Z Collecting distlib<1,>=0.3.7 (from virtualenv)
2026-04-05T18:40:32.1523589Z   Downloading distlib-0.4.0-py2.py3-none-any.whl.metadata (5.2 kB)
2026-04-05T18:40:32.1751875Z Downloading setuptools-82.0.1-py3-none-any.whl (1.0 MB)
2026-04-05T18:40:32.2400427Z    ━━━━━━━━━━━━━━━━━━━━━━━━━━━━━━━━━━━━━━━━ 1.0/1.0 MB 22.2 MB/s  0:00:00
2026-04-05T18:40:32.2506255Z Downloading tox-4.52.0-py3-none-any.whl (211 kB)
2026-04-05T18:40:32.2650390Z Downloading virtualenv-21.2.0-py3-none-any.whl (5.8 MB)
2026-04-05T18:40:32.3231364Z    ━━━━━━━━━━━━━━━━━━━━━━━━━━━━━━━━━━━━━━━━ 5.8/5.8 MB 101.5 MB/s  0:00:00
2026-04-05T18:40:32.3334871Z Downloading distlib-0.4.0-py2.py3-none-any.whl (469 kB)
2026-04-05T18:40:32.3479879Z Downloading filelock-3.25.2-py3-none-any.whl (26 kB)
2026-04-05T18:40:32.3607046Z Downloading platformdirs-4.9.4-py3-none-any.whl (21 kB)
2026-04-05T18:40:32.3767838Z Downloading cachetools-7.0.5-py3-none-any.whl (13 kB)
2026-04-05T18:40:32.3904551Z Downloading colorama-0.4.6-py2.py3-none-any.whl (25 kB)
2026-04-05T18:40:32.4036931Z Downloading packaging-26.0-py3-none-any.whl (74 kB)
2026-04-05T18:40:32.4168463Z Downloading pluggy-1.6.0-py3-none-any.whl (20 kB)
2026-04-05T18:40:32.4301572Z Downloading pyproject_api-1.10.0-py3-none-any.whl (13 kB)
2026-04-05T18:40:32.4428479Z Downloading python_discovery-1.2.1-py3-none-any.whl (31 kB)
2026-04-05T18:40:32.4552155Z Downloading tomli_w-1.2.0-py3-none-any.whl (6.7 kB)
2026-04-05T18:40:32.5004519Z Installing collected packages: distlib, tomli-w, setuptools, pluggy, platformdirs, packaging, filelock, colorama, cachetools, python-discovery, pyproject-api, virtualenv, tox
2026-04-05T18:40:33.7336447Z 
2026-04-05T18:40:33.7355578Z Successfully installed cachetools-7.0.5 colorama-0.4.6 distlib-0.4.0 filelock-3.25.2 packaging-26.0 platformdirs-4.9.4 pluggy-1.6.0 pyproject-api-1.10.0 python-discovery-1.2.1 setuptools-82.0.1 tomli-w-1.2.0 tox-4.52.0 virtualenv-21.2.0
2026-04-05T18:40:34.0661507Z ##[group]Run tox -e py
2026-04-05T18:40:34.0661776Z [36;1mtox -e py[0m
2026-04-05T18:40:34.0689903Z shell: /usr/bin/bash -e {0}
2026-04-05T18:40:34.0690127Z env:
2026-04-05T18:40:34.0690364Z   pythonLocation: /opt/hostedtoolcache/Python/3.12.13/x64
2026-04-05T18:40:34.0690998Z   PKG_CONFIG_PATH: /opt/hostedtoolcache/Python/3.12.13/x64/lib/pkgconfig
2026-04-05T18:40:34.0691413Z   Python_ROOT_DIR: /opt/hostedtoolcache/Python/3.12.13/x64
2026-04-05T18:40:34.0691774Z   Python2_ROOT_DIR: /opt/hostedtoolcache/Python/3.12.13/x64
2026-04-05T18:40:34.0692155Z   Python3_ROOT_DIR: /opt/hostedtoolcache/Python/3.12.13/x64
2026-04-05T18:40:34.0692501Z   LD_LIBRARY_PATH: /opt/hostedtoolcache/Python/3.12.13/x64/lib
2026-04-05T18:40:34.0692796Z ##[endgroup]
2026-04-05T18:40:34.9565178Z py: install_deps> python -I -m pip install covdefaults 'coverage>=6' 'pytest!=3.0.5,!=5.2.3'
2026-04-05T18:40:38.1676445Z .pkg: install_requires> python -I -m pip install 'setuptools>=40.8.0'
2026-04-05T18:40:40.9960446Z .pkg: _optional_hooks> python /opt/hostedtoolcache/Python/3.12.13/x64/lib/python3.12/site-packages/pyproject_api/_backend.py True setuptools.build_meta __legacy__
2026-04-05T18:40:41.2731494Z .pkg: get_requires_for_build_sdist> python /opt/hostedtoolcache/Python/3.12.13/x64/lib/python3.12/site-packages/pyproject_api/_backend.py True setuptools.build_meta __legacy__
2026-04-05T18:40:41.5401572Z .pkg: get_requires_for_build_wheel> python /opt/hostedtoolcache/Python/3.12.13/x64/lib/python3.12/site-packages/pyproject_api/_backend.py True setuptools.build_meta __legacy__
2026-04-05T18:40:41.8113043Z .pkg: freeze> python -m pip freeze --all
2026-04-05T18:40:42.0374268Z .pkg: pip==26.0.1,setuptools==82.0.1
2026-04-05T18:40:42.0378949Z .pkg: prepare_metadata_for_build_wheel> python /opt/hostedtoolcache/Python/3.12.13/x64/lib/python3.12/site-packages/pyproject_api/_backend.py True setuptools.build_meta __legacy__
2026-04-05T18:40:42.3221002Z .pkg: build_sdist> python /opt/hostedtoolcache/Python/3.12.13/x64/lib/python3.12/site-packages/pyproject_api/_backend.py True setuptools.build_meta __legacy__
2026-04-05T18:40:42.6175486Z py: install_package_deps> python -I -m pip install 'mccabe<0.8.0,>=0.7.0' 'pycodestyle<2.15.0,>=2.14.0' 'pyflakes<3.5.0,>=3.4.0'
2026-04-05T18:40:43.3522413Z py: install_package> python -I -m pip install --force-reinstall --no-deps /home/runner/work/flake8/flake8/.tox/.tmp/package/1/flake8-7.3.0.tar.gz
2026-04-05T18:40:45.1981146Z py: freeze> python -m pip freeze --all
2026-04-05T18:40:45.4309787Z py: covdefaults==2.3.0,coverage==7.13.5,flake8 @ file:///home/runner/work/flake8/flake8/.tox/.tmp/package/1/flake8-7.3.0.tar.gz#sha256=d167f098a07d470633f8fbc81f9c897da6606d8a4d25d4d1a52ff5bbea824faf,iniconfig==2.3.0,mccabe==0.7.0,packaging==26.0,pip==26.0.1,pluggy==1.6.0,pycodestyle==2.14.0,pyflakes==3.4.0,Pygments==2.20.0,pytest==9.0.2
2026-04-05T18:40:45.4314343Z py: commands[0]> coverage run -m pytest
2026-04-05T18:40:47.0146340Z ============================= test session starts ==============================
2026-04-05T18:40:47.0147468Z platform linux -- Python 3.12.13, pytest-9.0.2, pluggy-1.6.0
2026-04-05T18:40:47.0148052Z cachedir: .tox/py/.pytest_cache
2026-04-05T18:40:47.0148352Z rootdir: /home/runner/work/flake8/flake8
2026-04-05T18:40:47.0148651Z configfile: pytest.ini
2026-04-05T18:40:47.0148892Z collected 466 items
2026-04-05T18:40:47.0149024Z 
2026-04-05T18:40:47.0381398Z tests/integration/test_aggregator.py ..                                  [  0%]
2026-04-05T18:40:47.0691322Z tests/integration/test_api_legacy.py .                                   [  0%]
2026-04-05T18:40:47.1659503Z tests/integration/test_checker.py ......................                 [  5%]
2026-04-05T18:40:47.6542195Z tests/integration/test_main.py .......................                   [ 10%]
2026-04-05T18:40:47.8513658Z tests/integration/test_plugins.py ........x                              [ 12%]
2026-04-05T18:40:47.9202200Z tests/unit/plugins/finder_test.py .............................          [ 18%]
2026-04-05T18:40:47.9274514Z tests/unit/plugins/pycodestyle_test.py .                                 [ 18%]
2026-04-05T18:40:47.9368101Z tests/unit/plugins/reporter_test.py ......                               [ 19%]
2026-04-05T18:40:47.9493352Z tests/unit/test_application.py .......                                   [ 21%]
2026-04-05T18:40:47.9812640Z tests/unit/test_base_formatter.py ...................                    [ 25%]
2026-04-05T18:40:47.9987312Z tests/unit/test_checker_manager.py .....                                 [ 26%]
2026-04-05T18:40:48.0007123Z tests/unit/test_debug.py .                                               [ 26%]
2026-04-05T18:40:48.0609309Z tests/unit/test_decision_engine.py ..................................... [ 34%]
2026-04-05T18:40:48.0962986Z ..................                                                       [ 38%]
2026-04-05T18:40:48.1139197Z tests/unit/test_defaults.py .............                                [ 41%]
2026-04-05T18:40:48.1476143Z tests/unit/test_discover_files.py .............                          [ 44%]
2026-04-05T18:40:48.1530499Z tests/unit/test_exceptions.py ...                                        [ 44%]
2026-04-05T18:40:48.1599090Z tests/unit/test_file_checker.py ...                                      [ 45%]
2026-04-05T18:40:48.2351602Z tests/unit/test_file_processor.py ...................................... [ 53%]
2026-04-05T18:40:48.2794188Z ..............................                                           [ 60%]
2026-04-05T18:40:48.2837440Z tests/unit/test_filenameonly_formatter.py ...                            [ 60%]
2026-04-05T18:40:48.3169107Z tests/unit/test_legacy_api.py ..........                                 [ 62%]
2026-04-05T18:40:48.3212983Z tests/unit/test_main_options.py ..                                       [ 63%]
2026-04-05T18:40:48.3244391Z tests/unit/test_nothing_formatter.py ..                                  [ 63%]
2026-04-05T18:40:48.3308927Z tests/unit/test_option.py .....                                          [ 64%]
2026-04-05T18:40:48.3661070Z tests/unit/test_option_manager.py ..................                     [ 68%]
2026-04-05T18:40:48.4641509Z tests/unit/test_options_config.py ...........................            [ 74%]
2026-04-05T18:40:48.4683969Z tests/unit/test_pyflakes_codes.py ..                                     [ 74%]
2026-04-05T18:40:48.4976507Z tests/unit/test_statistics.py ...................                        [ 78%]
2026-04-05T18:40:48.7738720Z tests/unit/test_style_guide.py ....................                      [ 83%]
2026-04-05T18:40:48.8407498Z tests/unit/test_utils.py ............................................... [ 93%]
2026-04-05T18:40:48.8564280Z ..........                                                               [ 95%]
2026-04-05T18:40:48.9487517Z tests/unit/test_violation.py .....................                       [100%]
2026-04-05T18:40:48.9489524Z 
2026-04-05T18:40:48.9490172Z ======================== 465 passed, 1 xfailed in 2.87s ========================
2026-04-05T18:40:49.0383435Z py: commands[1]> coverage report
2026-04-05T18:40:49.5835530Z Name                                                                 Stmts   Miss Branch BrPart  Cover   Missing
2026-04-05T18:40:49.5836392Z ----------------------------------------------------------------------------------------------------------------
2026-04-05T18:40:49.5837381Z .tox/py/lib/python3.12/site-packages/flake8/__init__.py                 24      2      4      1    89%   58-59
2026-04-05T18:40:49.5838378Z .tox/py/lib/python3.12/site-packages/flake8/api/legacy.py               71      2      6      0    97%   211-212
2026-04-05T18:40:49.5839645Z .tox/py/lib/python3.12/site-packages/flake8/checker.py                 282     23     80      6    91%   68-73, 77-79, 209-210, 238-239, 337-338, 364-373, 403, 479-480, 511, 528
2026-04-05T18:40:49.5841142Z .tox/py/lib/python3.12/site-packages/flake8/formatting/base.py          63      0     20      1    99%   193->195
2026-04-05T18:40:49.5842633Z .tox/py/lib/python3.12/site-packages/flake8/main/application.py        129      7     14      1    94%   104-107, 210-211, 215
2026-04-05T18:40:49.5843735Z .tox/py/lib/python3.12/site-packages/flake8/options/aggregator.py       22      3      4      1    85%   42-44
2026-04-05T18:40:49.5844777Z .tox/py/lib/python3.12/site-packages/flake8/options/manager.py         120      1     36      1    99%   198
2026-04-05T18:40:49.5845815Z .tox/py/lib/python3.12/site-packages/flake8/plugins/pycodestyle.py      75      2     10      2    95%   100, 106
2026-04-05T18:40:49.5846852Z .tox/py/lib/python3.12/site-packages/flake8/plugins/pyflakes.py         27      1      4      1    94%   99
2026-04-05T18:40:49.5847877Z .tox/py/lib/python3.12/site-packages/flake8/processor.py               230      0     66      2    99%   226->232, 275->exit
2026-04-05T18:40:49.5848809Z ----------------------------------------------------------------------------------------------------------------
2026-04-05T18:40:49.5849512Z TOTAL                                                                 3739     41    486     16    99%
2026-04-05T18:40:49.5849883Z 
2026-04-05T18:40:49.5850051Z 60 files skipped due to complete coverage.
2026-04-05T18:40:49.6396641Z py: commands[2]> coverage report --fail-under 100 --include 'tests/*'
2026-04-05T18:40:49.9705276Z Name    Stmts   Miss Branch BrPart  Cover   Missing
2026-04-05T18:40:49.9705836Z ---------------------------------------------------
2026-04-05T18:40:49.9706267Z TOTAL    1877      0     30      0   100%
2026-04-05T18:40:49.9706532Z 
2026-04-05T18:40:49.9707116Z 38 files skipped due to complete coverage.
2026-04-05T18:40:50.0086993Z   py: OK (15.25=setup[10.67]+cmd[3.61,0.60,0.37] seconds)
2026-04-05T18:40:50.0087516Z   congratulations :) (15.28 seconds)
2026-04-05T18:40:50.0462729Z Post job cleanup.
2026-04-05T18:40:50.2126749Z Post job cleanup.
2026-04-05T18:40:50.3070977Z [command]/usr/bin/git version
2026-04-05T18:40:50.3108739Z git version 2.53.0
2026-04-05T18:40:50.3159077Z Temporarily overriding HOME='/home/runner/work/_temp/91d5201b-1020-455b-9b40-947edf27c1ee' before making global git config changes
2026-04-05T18:40:50.3160223Z Adding repository directory to the temporary git global config as a safe directory
2026-04-05T18:40:50.3164474Z [command]/usr/bin/git config --global --add safe.directory /home/runner/work/flake8/flake8
2026-04-05T18:40:50.3198620Z [command]/usr/bin/git config --local --name-only --get-regexp core\.sshCommand
2026-04-05T18:40:50.3230150Z [command]/usr/bin/git submodule foreach --recursive sh -c "git config --local --name-only --get-regexp 'core\.sshCommand' && git config --local --unset-all 'core.sshCommand' || :"
2026-04-05T18:40:50.3455044Z [command]/usr/bin/git config --local --name-only --get-regexp http\.https\:\/\/github\.com\/\.extraheader
2026-04-05T18:40:50.3475018Z http.https://github.com/.extraheader
2026-04-05T18:40:50.3486993Z [command]/usr/bin/git config --local --unset-all http.https://github.com/.extraheader
2026-04-05T18:40:50.3517317Z [command]/usr/bin/git submodule foreach --recursive sh -c "git config --local --name-only --get-regexp 'http\.https\:\/\/github\.com\/\.extraheader' && git config --local --unset-all 'http.https://github.com/.extraheader' || :"
2026-04-05T18:40:50.3731903Z [command]/usr/bin/git config --local --name-only --get-regexp ^includeIf\.gitdir:
2026-04-05T18:40:50.3760532Z [command]/usr/bin/git submodule foreach --recursive git config --local --show-origin --name-only --get-regexp remote.origin.url
2026-04-05T18:40:50.4092249Z Cleaning up orphan processes
2026-04-05T18:40:50.4553581Z ##[warning]Node.js 20 actions are deprecated. The following actions are running on Node.js 20 and may not work as expected: actions/checkout@v4, actions/setup-python@v5. Actions will be forced to run with Node.js 24 by default starting June 2nd, 2026. Node.js 20 will be removed from the runner on September 16th, 2026. Please check if updated versions of these actions are available that support Node.js 24. To opt into Node.js 24 now, set the FORCE_JAVASCRIPT_ACTIONS_TO_NODE24=true environment variable on the runner or in your workflow file. Once Node.js 24 becomes the default, you can temporarily opt out by setting ACTIONS_ALLOW_USE_UNSECURE_NODE_VERSION=true. For more information see: https://github.blog/changelog/2025-09-19-deprecation-of-node-20-on-github-actions-runners/
