2026-05-20T07:53:47.6109038Z Current runner version: '2.334.0'
2026-05-20T07:53:47.6143465Z ##[group]Runner Image Provisioner
2026-05-20T07:53:47.6144797Z Hosted Compute Agent
2026-05-20T07:53:47.6145901Z Version: 20260213.493
2026-05-20T07:53:47.6146939Z Commit: 5c115507f6dd24b8de37d8bbe0bb4509d0cc0fa3
2026-05-20T07:53:47.6148243Z Build Date: 2026-02-13T00:28:41Z
2026-05-20T07:53:47.6149267Z Worker ID: {a3239dbe-9e3d-49a6-8f94-35597b3dfbd0}
2026-05-20T07:53:47.6150575Z Azure Region: northcentralus
2026-05-20T07:53:47.6151874Z ##[endgroup]
2026-05-20T07:53:47.6154158Z ##[group]Operating System
2026-05-20T07:53:47.6155283Z Ubuntu
2026-05-20T07:53:47.6156021Z 24.04.4
2026-05-20T07:53:47.6156787Z LTS
2026-05-20T07:53:47.6157534Z ##[endgroup]
2026-05-20T07:53:47.6158438Z ##[group]Runner Image
2026-05-20T07:53:47.6159565Z Image: ubuntu-24.04
2026-05-20T07:53:47.6160448Z Version: 20260518.149.1
2026-05-20T07:53:47.6162792Z Included Software: https://github.com/actions/runner-images/blob/ubuntu24/20260518.149/images/ubuntu/Ubuntu2404-Readme.md
2026-05-20T07:53:47.6165530Z Image Release: https://github.com/actions/runner-images/releases/tag/ubuntu24%2F20260518.149
2026-05-20T07:53:47.6167308Z ##[endgroup]
2026-05-20T07:53:47.6173011Z ##[group]GITHUB_TOKEN Permissions
2026-05-20T07:53:47.6176187Z Actions: write
2026-05-20T07:53:47.6177187Z ArtifactMetadata: write
2026-05-20T07:53:47.6178232Z Attestations: write
2026-05-20T07:53:47.6179057Z Checks: write
2026-05-20T07:53:47.6180232Z CodeQuality: write
2026-05-20T07:53:47.6181383Z Contents: write
2026-05-20T07:53:47.6182267Z Deployments: write
2026-05-20T07:53:47.6183055Z Discussions: write
2026-05-20T07:53:47.6184050Z Issues: write
2026-05-20T07:53:47.6184913Z Metadata: read
2026-05-20T07:53:47.6185883Z Models: read
2026-05-20T07:53:47.6186948Z Packages: write
2026-05-20T07:53:47.6187930Z Pages: write
2026-05-20T07:53:47.6188814Z PullRequests: write
2026-05-20T07:53:47.6189854Z RepositoryProjects: write
2026-05-20T07:53:47.6191160Z SecurityEvents: write
2026-05-20T07:53:47.6192173Z Statuses: write
2026-05-20T07:53:47.6193256Z VulnerabilityAlerts: read
2026-05-20T07:53:47.6194263Z ##[endgroup]
2026-05-20T07:53:47.6197653Z Secret source: Actions
2026-05-20T07:53:47.6199704Z Prepare workflow directory
2026-05-20T07:53:47.6542020Z Prepare all required actions
2026-05-20T07:53:47.6581098Z Getting action download info
2026-05-20T07:53:47.9830716Z Download action repository 'actions/checkout@v4' (SHA:34e114876b0b11c390a56381ad16ebd13914f8d5)
2026-05-20T07:53:48.2209714Z Complete job name: linux (g++, g++, 14)
2026-05-20T07:53:48.3020090Z ##[group]Run actions/checkout@v4
2026-05-20T07:53:48.3021378Z with:
2026-05-20T07:53:48.3021821Z   repository: skypjack/entt
2026-05-20T07:53:48.3022462Z   token: ***
2026-05-20T07:53:48.3022852Z   ssh-strict: true
2026-05-20T07:53:48.3023245Z   ssh-user: git
2026-05-20T07:53:48.3023650Z   persist-credentials: true
2026-05-20T07:53:48.3024112Z   clean: true
2026-05-20T07:53:48.3024516Z   sparse-checkout-cone-mode: true
2026-05-20T07:53:48.3025000Z   fetch-depth: 1
2026-05-20T07:53:48.3025404Z   fetch-tags: false
2026-05-20T07:53:48.3025807Z   show-progress: true
2026-05-20T07:53:48.3026201Z   lfs: false
2026-05-20T07:53:48.3026570Z   submodules: false
2026-05-20T07:53:48.3026987Z   set-safe-directory: true
2026-05-20T07:53:48.3027781Z ##[endgroup]
2026-05-20T07:53:48.4145464Z Syncing repository: skypjack/entt
2026-05-20T07:53:48.4147195Z ##[group]Getting Git version info
2026-05-20T07:53:48.4147843Z Working directory is '/home/runner/work/entt/entt'
2026-05-20T07:53:48.4148811Z [command]/usr/bin/git version
2026-05-20T07:53:48.4230151Z git version 2.54.0
2026-05-20T07:53:48.4257607Z ##[endgroup]
2026-05-20T07:53:48.4272175Z Temporarily overriding HOME='/home/runner/work/_temp/36b47223-035d-47cc-9372-93f626ab9615' before making global git config changes
2026-05-20T07:53:48.4273527Z Adding repository directory to the temporary git global config as a safe directory
2026-05-20T07:53:48.4286793Z [command]/usr/bin/git config --global --add safe.directory /home/runner/work/entt/entt
2026-05-20T07:53:48.4331988Z Deleting the contents of '/home/runner/work/entt/entt'
2026-05-20T07:53:48.4336116Z ##[group]Initializing the repository
2026-05-20T07:53:48.4341184Z [command]/usr/bin/git init /home/runner/work/entt/entt
2026-05-20T07:53:48.4424812Z hint: Using 'master' as the name for the initial branch. This default branch name
2026-05-20T07:53:48.4426277Z hint: will change to "main" in Git 3.0. To configure the initial branch name
2026-05-20T07:53:48.4427202Z hint: to use in all of your new repositories, which will suppress this warning,
2026-05-20T07:53:48.4428058Z hint: call:
2026-05-20T07:53:48.4428425Z hint:
2026-05-20T07:53:48.4428916Z hint: 	git config --global init.defaultBranch <name>
2026-05-20T07:53:48.4429810Z hint:
2026-05-20T07:53:48.4430739Z hint: Names commonly chosen instead of 'master' are 'main', 'trunk' and
2026-05-20T07:53:48.4432306Z hint: 'development'. The just-created branch can be renamed via this command:
2026-05-20T07:53:48.4433609Z hint:
2026-05-20T07:53:48.4434329Z hint: 	git branch -m <name>
2026-05-20T07:53:48.4435213Z hint:
2026-05-20T07:53:48.4436285Z hint: Disable this message with "git config set advice.defaultBranchName false"
2026-05-20T07:53:48.4438037Z Initialized empty Git repository in /home/runner/work/entt/entt/.git/
2026-05-20T07:53:48.4444824Z [command]/usr/bin/git remote add origin https://github.com/skypjack/entt
2026-05-20T07:53:48.4485001Z ##[endgroup]
2026-05-20T07:53:48.4486226Z ##[group]Disabling automatic garbage collection
2026-05-20T07:53:48.4490177Z [command]/usr/bin/git config --local gc.auto 0
2026-05-20T07:53:48.4518692Z ##[endgroup]
2026-05-20T07:53:48.4519928Z ##[group]Setting up auth
2026-05-20T07:53:48.4526318Z [command]/usr/bin/git config --local --name-only --get-regexp core\.sshCommand
2026-05-20T07:53:48.4559095Z [command]/usr/bin/git submodule foreach --recursive sh -c "git config --local --name-only --get-regexp 'core\.sshCommand' && git config --local --unset-all 'core.sshCommand' || :"
2026-05-20T07:53:48.4884372Z [command]/usr/bin/git config --local --name-only --get-regexp http\.https\:\/\/github\.com\/\.extraheader
2026-05-20T07:53:48.4914395Z [command]/usr/bin/git submodule foreach --recursive sh -c "git config --local --name-only --get-regexp 'http\.https\:\/\/github\.com\/\.extraheader' && git config --local --unset-all 'http.https://github.com/.extraheader' || :"
2026-05-20T07:53:48.5128373Z [command]/usr/bin/git config --local --name-only --get-regexp ^includeIf\.gitdir:
2026-05-20T07:53:48.5158778Z [command]/usr/bin/git submodule foreach --recursive git config --local --show-origin --name-only --get-regexp remote.origin.url
2026-05-20T07:53:48.5386306Z [command]/usr/bin/git config --local http.https://github.com/.extraheader AUTHORIZATION: basic ***
2026-05-20T07:53:48.5420070Z ##[endgroup]
2026-05-20T07:53:48.5421573Z ##[group]Fetching the repository
2026-05-20T07:53:48.5429992Z [command]/usr/bin/git -c protocol.version=2 fetch --no-tags --prune --no-recurse-submodules --depth=1 origin +f32d3f18acb31f4c3f02c3de62d5e8b8b8445678:refs/remotes/origin/wip
2026-05-20T07:53:49.1418225Z From https://github.com/skypjack/entt
2026-05-20T07:53:49.1419226Z  * [new ref]         f32d3f18acb31f4c3f02c3de62d5e8b8b8445678 -> origin/wip
2026-05-20T07:53:49.1451898Z ##[endgroup]
2026-05-20T07:53:49.1453052Z ##[group]Determining the checkout info
2026-05-20T07:53:49.1454360Z ##[endgroup]
2026-05-20T07:53:49.1459166Z [command]/usr/bin/git sparse-checkout disable
2026-05-20T07:53:49.1501228Z [command]/usr/bin/git config --local --unset-all extensions.worktreeConfig
2026-05-20T07:53:49.1526941Z ##[group]Checking out the ref
2026-05-20T07:53:49.1531546Z [command]/usr/bin/git checkout --progress --force -B wip refs/remotes/origin/wip
2026-05-20T07:53:49.1882246Z Switched to a new branch 'wip'
2026-05-20T07:53:49.1883400Z branch 'wip' set up to track 'origin/wip'.
2026-05-20T07:53:49.1891459Z ##[endgroup]
2026-05-20T07:53:49.1936933Z [command]/usr/bin/git log -1 --format=%H
2026-05-20T07:53:49.1960183Z f32d3f18acb31f4c3f02c3de62d5e8b8b8445678
2026-05-20T07:53:49.2193571Z ##[group]Run sudo apt update
2026-05-20T07:53:49.2194332Z [36;1msudo apt update[0m
2026-05-20T07:53:49.2194937Z [36;1msudo apt install -y g++-14[0m
2026-05-20T07:53:49.2233309Z shell: /usr/bin/bash -e {0}
2026-05-20T07:53:49.2234002Z ##[endgroup]
2026-05-20T07:53:49.2486936Z 
2026-05-20T07:53:49.2488220Z WARNING: apt does not have a stable CLI interface. Use with caution in scripts.
2026-05-20T07:53:49.2489042Z 
2026-05-20T07:53:49.3258984Z Get:1 file:/etc/apt/apt-mirrors.txt Mirrorlist [144 B]
2026-05-20T07:53:49.3572844Z Hit:2 http://azure.archive.ubuntu.com/ubuntu noble InRelease
2026-05-20T07:53:49.3575471Z Hit:6 https://packages.microsoft.com/repos/azure-cli noble InRelease
2026-05-20T07:53:49.3578172Z Get:7 https://packages.microsoft.com/ubuntu/24.04/prod noble InRelease [3600 B]
2026-05-20T07:53:49.3590303Z Get:3 http://azure.archive.ubuntu.com/ubuntu noble-updates InRelease [126 kB]
2026-05-20T07:53:49.3643718Z Get:4 http://azure.archive.ubuntu.com/ubuntu noble-backports InRelease [126 kB]
2026-05-20T07:53:49.3683761Z Get:5 http://azure.archive.ubuntu.com/ubuntu noble-security InRelease [126 kB]
2026-05-20T07:53:49.4282136Z Get:8 https://dl.google.com/linux/chrome-stable/deb stable InRelease [1825 B]
2026-05-20T07:53:49.5309642Z Get:9 https://packages.microsoft.com/ubuntu/24.04/prod noble/main amd64 Packages [148 kB]
2026-05-20T07:53:49.5811030Z Get:10 http://azure.archive.ubuntu.com/ubuntu noble-updates/main amd64 Components [177 kB]
2026-05-20T07:53:49.5837866Z Get:11 http://azure.archive.ubuntu.com/ubuntu noble-updates/universe amd64 Components [386 kB]
2026-05-20T07:53:49.5868939Z Get:12 http://azure.archive.ubuntu.com/ubuntu noble-updates/restricted amd64 Packages [3193 kB]
2026-05-20T07:53:49.6043829Z Get:13 http://azure.archive.ubuntu.com/ubuntu noble-updates/restricted Translation-en [739 kB]
2026-05-20T07:53:49.6089578Z Get:14 http://azure.archive.ubuntu.com/ubuntu noble-updates/multiverse amd64 Packages [44.7 kB]
2026-05-20T07:53:49.6103740Z Get:15 http://azure.archive.ubuntu.com/ubuntu noble-updates/multiverse Translation-en [10.7 kB]
2026-05-20T07:53:49.6115573Z Get:16 http://azure.archive.ubuntu.com/ubuntu noble-updates/multiverse amd64 Components [940 B]
2026-05-20T07:53:49.6361536Z Get:17 http://azure.archive.ubuntu.com/ubuntu noble-backports/main amd64 Components [5776 B]
2026-05-20T07:53:49.6373586Z Get:18 http://azure.archive.ubuntu.com/ubuntu noble-backports/universe amd64 Components [10.5 kB]
2026-05-20T07:53:49.6865564Z Get:19 http://azure.archive.ubuntu.com/ubuntu noble-security/main amd64 Packages [1696 kB]
2026-05-20T07:53:49.7397655Z Get:20 http://azure.archive.ubuntu.com/ubuntu noble-security/main Translation-en [266 kB]
2026-05-20T07:53:49.7423054Z Get:21 http://azure.archive.ubuntu.com/ubuntu noble-security/main amd64 Components [22.0 kB]
2026-05-20T07:53:49.7437979Z Get:22 http://azure.archive.ubuntu.com/ubuntu noble-security/universe amd64 Components [74.2 kB]
2026-05-20T07:53:49.7454683Z Get:23 http://azure.archive.ubuntu.com/ubuntu noble-security/restricted amd64 Packages [2995 kB]
2026-05-20T07:53:49.7515025Z Get:25 https://dl.google.com/linux/chrome-stable/deb stable/main amd64 Packages [1211 B]
2026-05-20T07:53:49.7615860Z Get:24 http://azure.archive.ubuntu.com/ubuntu noble-security/restricted Translation-en [696 kB]
2026-05-20T07:53:53.7594706Z Fetched 10.8 MB in 1s (8095 kB/s)
2026-05-20T07:53:54.5835678Z Reading package lists...
2026-05-20T07:53:54.7862127Z Building dependency tree...
2026-05-20T07:53:54.7868515Z Reading state information...
2026-05-20T07:53:54.8031303Z 3 packages can be upgraded. Run 'apt list --upgradable' to see them.
2026-05-20T07:53:54.8144453Z 
2026-05-20T07:53:54.8145102Z WARNING: apt does not have a stable CLI interface. Use with caution in scripts.
2026-05-20T07:53:54.8145526Z 
2026-05-20T07:53:54.8256767Z Reading package lists...
2026-05-20T07:53:55.0287229Z Building dependency tree...
2026-05-20T07:53:55.0294855Z Reading state information...
2026-05-20T07:53:55.1918373Z g++-14 is already the newest version (14.2.0-4ubuntu2~24.04.1).
2026-05-20T07:53:55.2949728Z 0 upgraded, 0 newly installed, 0 to remove and 3 not upgraded.
2026-05-20T07:53:55.3844880Z ##[group]Run cmake -DENTT_BUILD_TESTING=ON -DENTT_BUILD_LIB=ON -DENTT_BUILD_EXAMPLE=ON ..
2026-05-20T07:53:55.3845566Z [36;1mcmake -DENTT_BUILD_TESTING=ON -DENTT_BUILD_LIB=ON -DENTT_BUILD_EXAMPLE=ON ..[0m
2026-05-20T07:53:55.3846021Z [36;1mmake -j4[0m
2026-05-20T07:53:55.3882372Z shell: /usr/bin/bash -e {0}
2026-05-20T07:53:55.3882617Z env:
2026-05-20T07:53:55.3882785Z   CXX: g++-14
2026-05-20T07:53:55.3882967Z ##[endgroup]
2026-05-20T07:53:55.8468259Z -- The C compiler identification is GNU 13.3.0
2026-05-20T07:53:59.8315269Z -- The CXX compiler identification is GNU 14.2.0
2026-05-20T07:53:59.9213727Z -- Detecting C compiler ABI info
2026-05-20T07:54:00.1142145Z -- Detecting C compiler ABI info - done
2026-05-20T07:54:00.1321252Z -- Check for working C compiler: /usr/bin/cc - skipped
2026-05-20T07:54:00.1372633Z -- Detecting C compile features
2026-05-20T07:54:00.1438484Z -- Detecting C compile features - done
2026-05-20T07:54:00.1818680Z -- Detecting CXX compiler ABI info
2026-05-20T07:54:00.5225742Z -- Detecting CXX compiler ABI info - done
2026-05-20T07:54:00.5403524Z -- Check for working CXX compiler: /usr/bin/g++-14 - skipped
2026-05-20T07:54:00.5407631Z -- Detecting CXX compile features
2026-05-20T07:54:00.5416173Z -- Detecting CXX compile features - done
2026-05-20T07:54:00.6390249Z -- Performing Test CMAKE_HAVE_LIBC_PTHREAD
2026-05-20T07:54:00.7139023Z -- Performing Test CMAKE_HAVE_LIBC_PTHREAD - Success
2026-05-20T07:54:00.7246224Z -- Found Threads: TRUE
2026-05-20T07:54:02.5453956Z -- Configuring done (7.0s)
2026-05-20T07:54:02.6667247Z -- Generating done (0.1s)
2026-05-20T07:54:02.6672037Z -- Build files have been written to: /home/runner/work/entt/entt/build
2026-05-20T07:54:02.6888605Z [  1%] Building CXX object test/CMakeFiles/odr.dir/odr.cpp.o
2026-05-20T07:54:02.6913008Z [  1%] Building CXX object _deps/googletest-build/googletest/CMakeFiles/gtest.dir/src/gtest-all.cc.o
2026-05-20T07:54:05.2067658Z [  1%] Built target odr
2026-05-20T07:54:05.2172052Z [  1%] Building CXX object test/CMakeFiles/_dispatcher_shared.dir/lib/dispatcher/shared/lib.cpp.o
2026-05-20T07:54:05.2211755Z [  2%] Building CXX object test/CMakeFiles/_emitter_shared.dir/lib/emitter/shared/lib.cpp.o
2026-05-20T07:54:05.2222164Z [  2%] Building CXX object test/CMakeFiles/_dispatcher_plugin.dir/lib/dispatcher/plugin/plugin.cpp.o
2026-05-20T07:54:06.5511971Z [  2%] Linking CXX shared library lib_emitter_shared.so
2026-05-20T07:54:06.6291827Z [  2%] Built target _emitter_shared
2026-05-20T07:54:06.6411654Z [  2%] Building CXX object test/CMakeFiles/_emitter_plugin.dir/lib/emitter/plugin/plugin.cpp.o
2026-05-20T07:54:06.6871925Z [  4%] Linking CXX shared library lib_dispatcher_shared.so
2026-05-20T07:54:06.6901565Z [  4%] Linking CXX shared module lib_dispatcher_plugin.so
2026-05-20T07:54:06.7680683Z [  4%] Built target _dispatcher_shared
2026-05-20T07:54:06.7701524Z [  4%] Built target _dispatcher_plugin
2026-05-20T07:54:06.7748263Z [  5%] Building CXX object test/CMakeFiles/_locator_shared.dir/lib/locator/shared/lib.cpp.o
2026-05-20T07:54:06.7787856Z [  6%] Building CXX object test/CMakeFiles/_locator_plugin.dir/lib/locator/plugin/plugin.cpp.o
2026-05-20T07:54:07.3931790Z [  6%] Linking CXX shared library lib_locator_shared.so
2026-05-20T07:54:07.3959445Z [  6%] Linking CXX shared module lib_locator_plugin.so
2026-05-20T07:54:07.4424775Z [  6%] Built target _locator_plugin
2026-05-20T07:54:07.4451539Z [  6%] Built target _locator_shared
2026-05-20T07:54:07.4511776Z [  6%] Building CXX object test/CMakeFiles/_meta_shared.dir/lib/meta/shared/lib.cpp.o
2026-05-20T07:54:07.4531959Z [  7%] Building CXX object test/CMakeFiles/_meta_plugin.dir/lib/meta/plugin/plugin.cpp.o
2026-05-20T07:54:07.7731969Z [  8%] Linking CXX shared module lib_emitter_plugin.so
2026-05-20T07:54:07.8441745Z [  8%] Built target _emitter_plugin
2026-05-20T07:54:07.8551797Z [  8%] Building CXX object test/CMakeFiles/_meta_plugin_std.dir/lib/meta/plugin_std/plugin.cpp.o
2026-05-20T07:54:09.6512292Z [  9%] Linking CXX shared library lib_meta_shared.so
2026-05-20T07:54:09.7481789Z [  9%] Built target _meta_shared
2026-05-20T07:54:09.7611835Z [ 10%] Building CXX object test/CMakeFiles/_registry_shared.dir/lib/registry/shared/lib.cpp.o
2026-05-20T07:54:09.8641950Z [ 11%] Linking CXX shared module lib_meta_plugin.so
2026-05-20T07:54:09.9508679Z [ 11%] Built target _meta_plugin
2026-05-20T07:54:09.9611888Z [ 11%] Building CXX object test/CMakeFiles/_registry_plugin.dir/lib/registry/plugin/plugin.cpp.o
2026-05-20T07:54:10.1095494Z [ 12%] Linking CXX shared module lib_meta_plugin_std.so
2026-05-20T07:54:10.2031984Z [ 12%] Built target _meta_plugin_std
2026-05-20T07:54:10.2121718Z [ 13%] Building CXX object test/CMakeFiles/_view_shared.dir/lib/view/shared/lib.cpp.o
2026-05-20T07:54:11.6541218Z [ 13%] Linking CXX shared library lib_view_shared.so
2026-05-20T07:54:11.7318921Z [ 13%] Built target _view_shared
2026-05-20T07:54:11.7427686Z [ 14%] Building CXX object test/CMakeFiles/_view_plugin.dir/lib/view/plugin/plugin.cpp.o
2026-05-20T07:54:11.8562174Z [ 15%] Linking CXX static library ../../../lib/libgtest.a
2026-05-20T07:54:12.5746514Z [ 16%] Linking CXX shared module lib_registry_plugin.so
2026-05-20T07:54:12.6636705Z [ 16%] Built target _registry_plugin
2026-05-20T07:54:12.6758056Z [ 16%] Built target gtest
2026-05-20T07:54:12.6854984Z [ 17%] Building CXX object _deps/googletest-build/googlemock/CMakeFiles/gmock.dir/src/gmock-all.cc.o
2026-05-20T07:54:12.6867959Z [ 18%] Building CXX object _deps/googletest-build/googletest/CMakeFiles/gtest_main.dir/src/gtest_main.cc.o
2026-05-20T07:54:12.6944766Z [ 18%] Linking CXX shared module lib_view_plugin.so
2026-05-20T07:54:12.7191759Z [ 18%] Linking CXX shared library lib_registry_shared.so
2026-05-20T07:54:12.7421215Z [ 18%] Built target _view_plugin
2026-05-20T07:54:12.7981383Z [ 18%] Built target _registry_shared
2026-05-20T07:54:13.7725888Z [ 18%] Linking CXX static library ../../../lib/libgtest_main.a
2026-05-20T07:54:13.8578942Z [ 18%] Built target gtest_main
2026-05-20T07:54:13.8702168Z [ 20%] Building CXX object test/CMakeFiles/lib_dispatcher_shared.dir/lib/dispatcher/shared/main.cpp.o
2026-05-20T07:54:13.8703294Z [ 20%] Building CXX object test/CMakeFiles/example.dir/example/custom_identifier.cpp.o
2026-05-20T07:54:13.8712388Z [ 21%] Building CXX object test/CMakeFiles/lib_dispatcher_plugin.dir/lib/dispatcher/plugin/main.cpp.o
2026-05-20T07:54:15.7332018Z [ 21%] Linking CXX static library ../../../lib/libgmock.a
2026-05-20T07:54:15.8761876Z [ 21%] Built target gmock
2026-05-20T07:54:15.8821840Z [ 21%] Building CXX object test/CMakeFiles/example.dir/example/entity_copy.cpp.o
2026-05-20T07:54:16.2599880Z [ 21%] Linking CXX executable lib_dispatcher_shared
2026-05-20T07:54:16.4447366Z [ 21%] Built target lib_dispatcher_shared
2026-05-20T07:54:16.4569538Z [ 21%] Building CXX object test/CMakeFiles/lib_emitter_shared.dir/lib/emitter/shared/main.cpp.o
2026-05-20T07:54:17.5175388Z [ 21%] Linking CXX executable lib_dispatcher_plugin
2026-05-20T07:54:17.7101828Z [ 21%] Built target lib_dispatcher_plugin
2026-05-20T07:54:17.7220161Z [ 22%] Building CXX object test/CMakeFiles/lib_emitter_plugin.dir/lib/emitter/plugin/main.cpp.o
2026-05-20T07:54:17.8742040Z [ 23%] Building CXX object test/CMakeFiles/example.dir/example/reserved_bits.cpp.o
2026-05-20T07:54:18.6532070Z [ 24%] Linking CXX executable lib_emitter_shared
2026-05-20T07:54:18.8501943Z [ 24%] Built target lib_emitter_shared
2026-05-20T07:54:18.8521887Z [ 25%] Building CXX object test/CMakeFiles/example.dir/example/signal_less.cpp.o
2026-05-20T07:54:21.0361980Z [ 26%] Linking CXX executable lib_emitter_plugin
2026-05-20T07:54:21.2309865Z [ 26%] Built target lib_emitter_plugin
2026-05-20T07:54:21.2412469Z [ 26%] Building CXX object test/CMakeFiles/lib_locator_shared.dir/lib/locator/shared/main.cpp.o
2026-05-20T07:54:21.8272452Z [ 26%] Building CXX object test/CMakeFiles/lib_locator_plugin.dir/lib/locator/plugin/main.cpp.o
2026-05-20T07:54:22.7872425Z [ 27%] Building CXX object test/CMakeFiles/lib_meta_shared.dir/lib/meta/shared/main.cpp.o
2026-05-20T07:54:23.0662492Z [ 28%] Linking CXX executable lib_locator_shared
2026-05-20T07:54:23.2772018Z [ 28%] Built target lib_locator_shared
2026-05-20T07:54:23.2866957Z [ 29%] Building CXX object test/CMakeFiles/lib_meta_plugin.dir/lib/meta/plugin/main.cpp.o
2026-05-20T07:54:24.3242023Z [ 29%] Linking CXX executable example
2026-05-20T07:54:24.7005790Z [ 29%] Built target example
2026-05-20T07:54:24.7142314Z [ 30%] Building CXX object test/CMakeFiles/lib_meta_plugin_std.dir/lib/meta/plugin_std/main.cpp.o
2026-05-20T07:54:24.8041892Z [ 31%] Linking CXX executable lib_locator_plugin
2026-05-20T07:54:25.0110379Z [ 31%] Built target lib_locator_plugin
2026-05-20T07:54:25.0242316Z [ 31%] Building CXX object test/CMakeFiles/lib_registry_shared.dir/lib/registry/shared/main.cpp.o
2026-05-20T07:54:25.7225029Z [ 31%] Linking CXX executable lib_meta_shared
2026-05-20T07:54:25.9357613Z [ 31%] Built target lib_meta_shared
2026-05-20T07:54:25.9492356Z [ 32%] Building CXX object test/CMakeFiles/lib_registry_plugin.dir/lib/registry/plugin/main.cpp.o
2026-05-20T07:54:27.3401754Z [ 32%] Linking CXX executable lib_meta_plugin
2026-05-20T07:54:27.5104893Z [ 32%] Built target lib_meta_plugin
2026-05-20T07:54:27.5209431Z [ 32%] Building CXX object test/CMakeFiles/lib_view_shared.dir/lib/view/shared/main.cpp.o
2026-05-20T07:54:28.7971973Z [ 32%] Linking CXX executable lib_meta_plugin_std
2026-05-20T07:54:28.9481846Z [ 33%] Linking CXX executable lib_registry_shared
2026-05-20T07:54:28.9721835Z [ 33%] Built target lib_meta_plugin_std
2026-05-20T07:54:28.9812047Z [ 33%] Building CXX object test/CMakeFiles/lib_view_plugin.dir/lib/view/plugin/main.cpp.o
2026-05-20T07:54:29.1440106Z [ 33%] Built target lib_registry_shared
2026-05-20T07:54:29.1561544Z [ 34%] Building CXX object test/CMakeFiles/config.dir/entt/config/version.cpp.o
2026-05-20T07:54:29.7525675Z [ 35%] Linking CXX executable lib_view_shared
2026-05-20T07:54:29.9347148Z [ 35%] Built target lib_view_shared
2026-05-20T07:54:29.9459366Z [ 35%] Building CXX object test/CMakeFiles/config_ext.dir/entt/config_ext/config.cpp.o
2026-05-20T07:54:30.8888949Z [ 36%] Linking CXX executable lib_registry_plugin
2026-05-20T07:54:31.1171991Z [ 36%] Built target lib_registry_plugin
2026-05-20T07:54:31.1271874Z [ 36%] Building CXX object test/CMakeFiles/container.dir/entt/container/dense_map.cpp.o
2026-05-20T07:54:31.6692076Z [ 37%] Linking CXX executable config_ext
2026-05-20T07:54:31.8641946Z [ 37%] Built target config_ext
2026-05-20T07:54:31.8662333Z [ 38%] Building CXX object test/CMakeFiles/container.dir/entt/container/dense_set.cpp.o
2026-05-20T07:54:32.1431941Z [ 39%] Linking CXX executable lib_view_plugin
2026-05-20T07:54:32.3237333Z [ 39%] Built target lib_view_plugin
2026-05-20T07:54:32.3352201Z [ 40%] Building CXX object test/CMakeFiles/core.dir/entt/core/algorithm.cpp.o
2026-05-20T07:54:33.7351949Z [ 41%] Linking CXX executable config
2026-05-20T07:54:33.9562018Z [ 41%] Built target config
2026-05-20T07:54:33.9611836Z [ 41%] Building CXX object test/CMakeFiles/core.dir/entt/core/any.cpp.o
2026-05-20T07:54:34.6094101Z [ 41%] Building CXX object test/CMakeFiles/container.dir/entt/container/table.cpp.o
2026-05-20T07:54:35.3059332Z /home/runner/work/entt/entt/test/entt/core/any.cpp: In member function ‘virtual void Any_SBOSelfMoveAssignment_Test::TestBody()’:
2026-05-20T07:54:35.3062119Z /home/runner/work/entt/entt/test/entt/core/any.cpp:325:9: warning: moving ‘any’ of type ‘entt::any’ {aka ‘entt::basic_any<>’} to itself [-Wself-move]
2026-05-20T07:54:35.3091412Z   325 |     any = std::move(*&any);
2026-05-20T07:54:35.3121290Z       |     ~~~~^~~~~~~~~~~~~~~~~~
2026-05-20T07:54:35.3152005Z /home/runner/work/entt/entt/test/entt/core/any.cpp:325:9: note: remove ‘std::move’ call
2026-05-20T07:54:35.3692781Z /home/runner/work/entt/entt/test/entt/core/any.cpp: In member function ‘virtual void Any_NoSBOSelfMoveAssignment_Test::TestBody()’:
2026-05-20T07:54:35.3722323Z /home/runner/work/entt/entt/test/entt/core/any.cpp:651:9: warning: moving ‘any’ of type ‘entt::any’ {aka ‘entt::basic_any<>’} to itself [-Wself-move]
2026-05-20T07:54:35.3751551Z   651 |     any = std::move(*&any);
2026-05-20T07:54:35.3781195Z       |     ~~~~^~~~~~~~~~~~~~~~~~
2026-05-20T07:54:35.3811790Z /home/runner/work/entt/entt/test/entt/core/any.cpp:651:9: note: remove ‘std::move’ call
2026-05-20T07:54:35.4113176Z /home/runner/work/entt/entt/test/entt/core/any.cpp: In member function ‘virtual void Any_VoidSelfMoveAssignment_Test::TestBody()’:
2026-05-20T07:54:35.4172760Z /home/runner/work/entt/entt/test/entt/core/any.cpp:864:9: warning: moving ‘any’ of type ‘entt::any’ {aka ‘entt::basic_any<>’} to itself [-Wself-move]
2026-05-20T07:54:35.4173971Z   864 |     any = std::move(*&any);
2026-05-20T07:54:35.4174402Z       |     ~~~~^~~~~~~~~~~~~~~~~~
2026-05-20T07:54:35.4232087Z /home/runner/work/entt/entt/test/entt/core/any.cpp:864:9: note: remove ‘std::move’ call
2026-05-20T07:54:38.1943087Z [ 41%] Building CXX object test/CMakeFiles/entity.dir/entt/entity/component.cpp.o
2026-05-20T07:54:39.3051861Z [ 42%] Building CXX object test/CMakeFiles/core.dir/entt/core/bit.cpp.o
2026-05-20T07:54:39.4841812Z [ 43%] Linking CXX executable container
2026-05-20T07:54:39.8519043Z [ 43%] Built target container
2026-05-20T07:54:39.8557519Z [ 43%] Building CXX object test/CMakeFiles/core.dir/entt/core/compressed_pair.cpp.o
2026-05-20T07:54:40.4802089Z [ 44%] Building CXX object test/CMakeFiles/entity.dir/entt/entity/entity.cpp.o
2026-05-20T07:54:40.5804836Z [ 45%] Building CXX object test/CMakeFiles/core.dir/entt/core/concepts.cpp.o
2026-05-20T07:54:41.1432386Z [ 46%] Building CXX object test/CMakeFiles/entity_no_mixin.dir/entt/entity_no_mixin/storage_utility.cpp.o
2026-05-20T07:54:42.0421405Z [ 47%] Building CXX object test/CMakeFiles/entity.dir/entt/entity/group.cpp.o
2026-05-20T07:54:42.3212131Z [ 47%] Building CXX object test/CMakeFiles/core.dir/entt/core/enum.cpp.o
2026-05-20T07:54:43.0269582Z [ 48%] Building CXX object test/CMakeFiles/graph.dir/entt/graph/adjacency_matrix.cpp.o
2026-05-20T07:54:43.2871481Z [ 48%] Linking CXX executable entity_no_mixin
2026-05-20T07:54:43.4862057Z [ 48%] Built target entity_no_mixin
2026-05-20T07:54:43.4872095Z [ 49%] Building CXX object test/CMakeFiles/graph.dir/entt/graph/dot.cpp.o
2026-05-20T07:54:44.3161915Z [ 50%] Building CXX object test/CMakeFiles/core.dir/entt/core/family.cpp.o
2026-05-20T07:54:45.3952252Z [ 51%] Building CXX object test/CMakeFiles/core.dir/entt/core/hashed_string.cpp.o
2026-05-20T07:54:46.0932053Z [ 51%] Building CXX object test/CMakeFiles/entity.dir/entt/entity/handle.cpp.o
2026-05-20T07:54:46.3532035Z [ 51%] Building CXX object test/CMakeFiles/graph.dir/entt/graph/flow.cpp.o
2026-05-20T07:54:47.6112046Z [ 51%] Building CXX object test/CMakeFiles/core.dir/entt/core/ident.cpp.o
2026-05-20T07:54:49.3881891Z [ 52%] Building CXX object test/CMakeFiles/core.dir/entt/core/iterator.cpp.o
2026-05-20T07:54:50.9771947Z [ 53%] Linking CXX executable graph
2026-05-20T07:54:51.2108892Z [ 53%] Built target graph
2026-05-20T07:54:51.2161659Z [ 53%] Building CXX object test/CMakeFiles/core.dir/entt/core/memory.cpp.o
2026-05-20T07:54:51.3691981Z [ 54%] Building CXX object test/CMakeFiles/entity.dir/entt/entity/helper.cpp.o
2026-05-20T07:54:53.5112153Z [ 55%] Building CXX object test/CMakeFiles/locator.dir/entt/locator/locator.cpp.o
2026-05-20T07:54:54.7282114Z [ 56%] Building CXX object test/CMakeFiles/core.dir/entt/core/monostate.cpp.o
2026-05-20T07:54:55.6901868Z [ 56%] Linking CXX executable locator
2026-05-20T07:54:55.8593073Z [ 56%] Built target locator
2026-05-20T07:54:55.8629227Z [ 57%] Building CXX object test/CMakeFiles/core.dir/entt/core/tuple.cpp.o
2026-05-20T07:54:56.4502156Z [ 58%] Building CXX object test/CMakeFiles/meta.dir/entt/meta/meta_any.cpp.o
2026-05-20T07:54:57.7432109Z [ 58%] Building CXX object test/CMakeFiles/core.dir/entt/core/type_info.cpp.o
2026-05-20T07:54:57.9242248Z [ 58%] Building CXX object test/CMakeFiles/meta.dir/entt/meta/meta_base.cpp.o
2026-05-20T07:54:58.1705846Z /home/runner/work/entt/entt/test/entt/meta/meta_any.cpp: In member function ‘virtual void MetaAny_SBOSelfMoveAssignment_Test::TestBody()’:
2026-05-20T07:54:58.1723146Z /home/runner/work/entt/entt/test/entt/meta/meta_any.cpp:389:9: warning: moving ‘any’ of type ‘entt::meta_any’ to itself [-Wself-move]
2026-05-20T07:54:58.1751466Z   389 |     any = std::move(*&any);
2026-05-20T07:54:58.1781501Z       |     ~~~~^~~~~~~~~~~~~~~~~~
2026-05-20T07:54:58.1792059Z /home/runner/work/entt/entt/test/entt/meta/meta_any.cpp:389:9: note: remove ‘std::move’ call
2026-05-20T07:54:58.2383052Z /home/runner/work/entt/entt/test/entt/meta/meta_any.cpp: In member function ‘virtual void MetaAny_NoSBOSelfMoveAssignment_Test::TestBody()’:
2026-05-20T07:54:58.2402755Z /home/runner/work/entt/entt/test/entt/meta/meta_any.cpp:726:9: warning: moving ‘any’ of type ‘entt::meta_any’ to itself [-Wself-move]
2026-05-20T07:54:58.2491568Z   726 |     any = std::move(*&any);
2026-05-20T07:54:58.2493305Z       |     ~~~~^~~~~~~~~~~~~~~~~~
2026-05-20T07:54:58.2522195Z /home/runner/work/entt/entt/test/entt/meta/meta_any.cpp:726:9: note: remove ‘std::move’ call
2026-05-20T07:54:58.2872925Z /home/runner/work/entt/entt/test/entt/meta/meta_any.cpp: In member function ‘virtual void MetaAny_VoidSelfMoveAssignment_Test::TestBody()’:
2026-05-20T07:54:58.2874799Z /home/runner/work/entt/entt/test/entt/meta/meta_any.cpp:983:9: warning: moving ‘any’ of type ‘entt::meta_any’ to itself [-Wself-move]
2026-05-20T07:54:58.2911410Z   983 |     any = std::move(*&any);
2026-05-20T07:54:58.2931447Z       |     ~~~~^~~~~~~~~~~~~~~~~~
2026-05-20T07:54:58.2941998Z /home/runner/work/entt/entt/test/entt/meta/meta_any.cpp:983:9: note: remove ‘std::move’ call
2026-05-20T07:54:59.7427309Z [ 59%] Building CXX object test/CMakeFiles/core.dir/entt/core/type_traits.cpp.o
2026-05-20T07:55:01.6558252Z [ 59%] Building CXX object test/CMakeFiles/poly.dir/entt/poly/poly.cpp.o
2026-05-20T07:55:01.9271993Z [ 59%] Building CXX object test/CMakeFiles/core.dir/entt/core/utility.cpp.o
2026-05-20T07:55:02.2612153Z [ 59%] Building CXX object test/CMakeFiles/entity.dir/entt/entity/organizer.cpp.o
2026-05-20T07:55:03.8673197Z [ 60%] Linking CXX executable core
2026-05-20T07:55:04.0152133Z [ 61%] Building CXX object test/CMakeFiles/meta.dir/entt/meta/meta_container.cpp.o
2026-05-20T07:55:04.2291694Z [ 61%] Built target core
2026-05-20T07:55:04.2412003Z [ 61%] Building CXX object test/CMakeFiles/process.dir/entt/process/process.cpp.o
2026-05-20T07:55:05.6257617Z [ 62%] Linking CXX executable poly
2026-05-20T07:55:05.8391622Z [ 62%] Built target poly
2026-05-20T07:55:05.8428323Z [ 63%] Building CXX object test/CMakeFiles/process.dir/entt/process/scheduler.cpp.o
2026-05-20T07:55:06.6662145Z [ 63%] Building CXX object test/CMakeFiles/meta.dir/entt/meta/meta_context.cpp.o
2026-05-20T07:55:08.5621926Z [ 63%] Linking CXX executable process
2026-05-20T07:55:08.7591821Z [ 63%] Built target process
2026-05-20T07:55:08.7621637Z [ 64%] Building CXX object test/CMakeFiles/meta.dir/entt/meta/meta_conv.cpp.o
2026-05-20T07:55:10.6377491Z [ 65%] Building CXX object test/CMakeFiles/entity.dir/entt/entity/reactive_mixin.cpp.o
2026-05-20T07:55:11.9362167Z [ 66%] Building CXX object test/CMakeFiles/resource.dir/entt/resource/resource.cpp.o
2026-05-20T07:55:12.1519231Z [ 66%] Building CXX object test/CMakeFiles/entity.dir/entt/entity/registry.cpp.o
2026-05-20T07:55:12.8122215Z [ 67%] Building CXX object test/CMakeFiles/meta.dir/entt/meta/meta_ctor.cpp.o
2026-05-20T07:55:14.2502876Z [ 68%] Building CXX object test/CMakeFiles/resource.dir/entt/resource/resource_cache.cpp.o
2026-05-20T07:55:18.5082073Z [ 68%] Building CXX object test/CMakeFiles/meta.dir/entt/meta/meta_custom.cpp.o
2026-05-20T07:55:18.9062354Z [ 68%] Building CXX object test/CMakeFiles/resource.dir/entt/resource/resource_loader.cpp.o
2026-05-20T07:55:20.6781775Z [ 69%] Linking CXX executable resource
2026-05-20T07:55:20.9091856Z [ 69%] Built target resource
2026-05-20T07:55:20.9141744Z [ 70%] Building CXX object test/CMakeFiles/entity.dir/entt/entity/runtime_view.cpp.o
2026-05-20T07:55:21.7750227Z [ 71%] Building CXX object test/CMakeFiles/entity.dir/entt/entity/sigh_mixin.cpp.o
2026-05-20T07:55:22.1847432Z [ 72%] Building CXX object test/CMakeFiles/meta.dir/entt/meta/meta_data.cpp.o
2026-05-20T07:55:27.0221901Z [ 72%] Building CXX object test/CMakeFiles/entity.dir/entt/entity/snapshot.cpp.o
2026-05-20T07:55:27.6442008Z [ 72%] Building CXX object test/CMakeFiles/meta.dir/entt/meta/meta_dereference.cpp.o
2026-05-20T07:55:32.0362120Z [ 73%] Building CXX object test/CMakeFiles/entity.dir/entt/entity/sparse_set.cpp.o
2026-05-20T07:55:32.8035440Z [ 73%] Building CXX object test/CMakeFiles/signal.dir/entt/signal/delegate.cpp.o
2026-05-20T07:55:32.9998270Z [ 74%] Building CXX object test/CMakeFiles/meta.dir/entt/meta/meta_factory.cpp.o
2026-05-20T07:55:33.8312078Z [ 75%] Building CXX object test/CMakeFiles/signal.dir/entt/signal/dispatcher.cpp.o
2026-05-20T07:55:35.7095754Z [ 75%] Building CXX object test/CMakeFiles/meta.dir/entt/meta/meta_func.cpp.o
2026-05-20T07:55:37.2079864Z [ 75%] Building CXX object test/CMakeFiles/signal.dir/entt/signal/emitter.cpp.o
2026-05-20T07:55:38.3872160Z [ 75%] Building CXX object test/CMakeFiles/stl.dir/entt/stl/functional.cpp.o
2026-05-20T07:55:39.9887971Z [ 76%] Building CXX object test/CMakeFiles/stl.dir/entt/stl/iterator.cpp.o
2026-05-20T07:55:40.0801971Z [ 77%] Building CXX object test/CMakeFiles/signal.dir/entt/signal/sigh.cpp.o
2026-05-20T07:55:41.7842147Z [ 77%] Building CXX object test/CMakeFiles/stl.dir/entt/stl/memory.cpp.o
2026-05-20T07:55:42.7912058Z [ 78%] Building CXX object test/CMakeFiles/meta.dir/entt/meta/meta_handle.cpp.o
2026-05-20T07:55:43.4701793Z [ 79%] Linking CXX executable stl
2026-05-20T07:55:43.4791953Z [ 79%] Building CXX object test/CMakeFiles/entity.dir/entt/entity/storage.cpp.o
2026-05-20T07:55:43.5991717Z [ 80%] Linking CXX executable signal
2026-05-20T07:55:43.6321594Z [ 80%] Built target stl
2026-05-20T07:55:43.6451775Z [ 80%] Building CXX object test/CMakeFiles/stl_ext.dir/entt/stl_ext/algorithm.cpp.o
2026-05-20T07:55:43.8591712Z [ 80%] Built target signal
2026-05-20T07:55:43.8647650Z [ 81%] Building CXX object test/CMakeFiles/entity.dir/entt/entity/storage_entity.cpp.o
2026-05-20T07:55:45.3596870Z [ 82%] Building CXX object test/CMakeFiles/stl_ext.dir/entt/stl_ext/array.cpp.o
2026-05-20T07:55:45.9797626Z [ 83%] Building CXX object test/CMakeFiles/meta.dir/entt/meta/meta_range.cpp.o
2026-05-20T07:55:46.9921913Z [ 84%] Building CXX object test/CMakeFiles/stl_ext.dir/entt/stl_ext/atomic.cpp.o
2026-05-20T07:55:47.9002154Z [ 84%] Building CXX object test/CMakeFiles/stl_ext.dir/entt/stl_ext/bit.cpp.o
2026-05-20T07:55:48.6605823Z [ 85%] Building CXX object _deps/googletest-build/googlemock/CMakeFiles/gmock_main.dir/src/gmock_main.cc.o
2026-05-20T07:55:49.1491925Z [ 85%] Building CXX object test/CMakeFiles/meta.dir/entt/meta/meta_template.cpp.o
2026-05-20T07:55:49.5145501Z [ 86%] Building CXX object test/CMakeFiles/stl_ext.dir/entt/stl_ext/cmath.cpp.o
2026-05-20T07:55:50.7631965Z [ 86%] Linking CXX static library ../../../lib/libgmock_main.a
2026-05-20T07:55:50.8832220Z [ 86%] Built target gmock_main
2026-05-20T07:55:50.8853982Z [ 87%] Building CXX object test/CMakeFiles/meta.dir/entt/meta/meta_type.cpp.o
2026-05-20T07:55:51.2772873Z [ 87%] Building CXX object test/CMakeFiles/stl_ext.dir/entt/stl_ext/concepts.cpp.o
2026-05-20T07:55:51.8792573Z [ 88%] Building CXX object test/CMakeFiles/stl_ext.dir/entt/stl_ext/cstddef.cpp.o
2026-05-20T07:55:53.0449200Z [ 88%] Building CXX object test/CMakeFiles/stl_ext.dir/entt/stl_ext/cstdint.cpp.o
2026-05-20T07:55:53.5362063Z [ 88%] Building CXX object test/CMakeFiles/entity.dir/entt/entity/storage_no_instance.cpp.o
2026-05-20T07:55:54.6209209Z [ 89%] Building CXX object test/CMakeFiles/stl_ext.dir/entt/stl_ext/functional.cpp.o
2026-05-20T07:55:56.2367318Z [ 90%] Building CXX object test/CMakeFiles/stl_ext.dir/entt/stl_ext/ios.cpp.o
2026-05-20T07:55:57.8961987Z [ 90%] Building CXX object test/CMakeFiles/stl_ext.dir/entt/stl_ext/iterator.cpp.o
2026-05-20T07:55:58.9616985Z [ 90%] Building CXX object test/CMakeFiles/meta.dir/entt/meta/meta_utility.cpp.o
2026-05-20T07:55:59.2902406Z [ 91%] Building CXX object test/CMakeFiles/stl_ext.dir/entt/stl_ext/limits.cpp.o
2026-05-20T07:55:59.4442139Z [ 92%] Building CXX object test/CMakeFiles/entity.dir/entt/entity/storage_utility.cpp.o
2026-05-20T07:56:00.9021874Z [ 92%] Building CXX object test/CMakeFiles/stl_ext.dir/entt/stl_ext/memory.cpp.o
2026-05-20T07:56:01.7776425Z [ 93%] Building CXX object test/CMakeFiles/entity.dir/entt/entity/view.cpp.o
2026-05-20T07:56:02.5275118Z [ 94%] Linking CXX executable meta
2026-05-20T07:56:02.5451932Z [ 95%] Building CXX object test/CMakeFiles/stl_ext.dir/entt/stl_ext/ostream.cpp.o
2026-05-20T07:56:03.3584347Z [ 95%] Built target meta
2026-05-20T07:56:03.3631810Z [ 95%] Building CXX object test/CMakeFiles/stl_ext.dir/entt/stl_ext/sstream.cpp.o
2026-05-20T07:56:04.1862162Z [ 96%] Building CXX object test/CMakeFiles/stl_ext.dir/entt/stl_ext/string.cpp.o
2026-05-20T07:56:05.0120388Z [ 97%] Building CXX object test/CMakeFiles/stl_ext.dir/entt/stl_ext/string_view.cpp.o
2026-05-20T07:56:05.8162194Z [ 97%] Building CXX object test/CMakeFiles/stl_ext.dir/entt/stl_ext/tuple.cpp.o
2026-05-20T07:56:06.6801898Z [ 98%] Building CXX object test/CMakeFiles/stl_ext.dir/entt/stl_ext/type_traits.cpp.o
2026-05-20T07:56:07.3414354Z [ 98%] Building CXX object test/CMakeFiles/stl_ext.dir/entt/stl_ext/utility.cpp.o
2026-05-20T07:56:08.3311945Z [ 99%] Building CXX object test/CMakeFiles/stl_ext.dir/entt/stl_ext/vector.cpp.o
2026-05-20T07:56:09.9281703Z [100%] Linking CXX executable stl_ext
2026-05-20T07:56:10.1151335Z [100%] Built target stl_ext
2026-05-20T07:56:11.3661660Z [100%] Linking CXX executable entity
2026-05-20T07:56:12.5850701Z [100%] Built target entity
2026-05-20T07:56:12.5933918Z ##[group]Run ctest -C Debug -j4
2026-05-20T07:56:12.5934208Z [36;1mctest -C Debug -j4[0m
2026-05-20T07:56:12.5967472Z shell: /usr/bin/bash -e {0}
2026-05-20T07:56:12.5967695Z env:
2026-05-20T07:56:12.5967863Z   CTEST_OUTPUT_ON_FAILURE: 1
2026-05-20T07:56:12.5968082Z ##[endgroup]
2026-05-20T07:56:14.3351139Z Test project /home/runner/work/entt/entt/build
2026-05-20T07:56:14.5016560Z       Start  1: example
2026-05-20T07:56:14.5383619Z       Start  2: lib_dispatcher_shared
2026-05-20T07:56:14.5391965Z       Start  3: lib_dispatcher_plugin
2026-05-20T07:56:14.5400096Z       Start  4: lib_emitter_shared
2026-05-20T07:56:14.5412152Z  1/29 Test  #1: example ..........................   Passed    0.00 sec
2026-05-20T07:56:14.5839223Z  2/29 Test  #2: lib_dispatcher_shared ............   Passed    0.05 sec
2026-05-20T07:56:14.5840080Z       Start  5: lib_emitter_plugin
2026-05-20T07:56:14.5847292Z       Start  6: lib_locator_shared
2026-05-20T07:56:14.5856480Z  3/29 Test  #3: lib_dispatcher_plugin ............   Passed    0.05 sec
2026-05-20T07:56:14.5858397Z  4/29 Test  #4: lib_emitter_shared ...............   Passed    0.05 sec
2026-05-20T07:56:14.5860382Z       Start  7: lib_locator_plugin
2026-05-20T07:56:14.5869634Z       Start  8: lib_meta_shared
2026-05-20T07:56:14.5879197Z  5/29 Test  #5: lib_emitter_plugin ...............   Passed    0.00 sec
2026-05-20T07:56:14.5881597Z  6/29 Test  #6: lib_locator_shared ...............   Passed    0.00 sec
2026-05-20T07:56:14.5883463Z       Start  9: lib_meta_plugin
2026-05-20T07:56:14.5891530Z       Start 10: lib_meta_plugin_std
2026-05-20T07:56:14.5899824Z  7/29 Test  #7: lib_locator_plugin ...............   Passed    0.00 sec
2026-05-20T07:56:14.5902534Z  8/29 Test  #8: lib_meta_shared ..................   Passed    0.00 sec
2026-05-20T07:56:14.5904692Z       Start 11: lib_registry_shared
2026-05-20T07:56:14.5913127Z       Start 12: lib_registry_plugin
2026-05-20T07:56:14.5922000Z  9/29 Test  #9: lib_meta_plugin ..................   Passed    0.00 sec
2026-05-20T07:56:14.5924237Z 10/29 Test #10: lib_meta_plugin_std ..............   Passed    0.00 sec
2026-05-20T07:56:14.5926277Z       Start 13: lib_view_shared
2026-05-20T07:56:14.5935144Z       Start 14: lib_view_plugin
2026-05-20T07:56:14.5943357Z 11/29 Test #11: lib_registry_shared ..............   Passed    0.00 sec
2026-05-20T07:56:14.5945155Z       Start 15: config
2026-05-20T07:56:14.5957002Z 12/29 Test #12: lib_registry_plugin ..............   Passed    0.00 sec
2026-05-20T07:56:14.5958823Z 13/29 Test #13: lib_view_shared ..................   Passed    0.00 sec
2026-05-20T07:56:14.5961122Z       Start 16: config_ext
2026-05-20T07:56:14.5969974Z       Start 17: container
2026-05-20T07:56:14.5979252Z 14/29 Test #14: lib_view_plugin ..................   Passed    0.00 sec
2026-05-20T07:56:14.5982175Z 15/29 Test #15: config ...........................   Passed    0.00 sec
2026-05-20T07:56:14.5983553Z       Start 18: core
2026-05-20T07:56:14.5992292Z       Start 19: entity
2026-05-20T07:56:14.6001909Z 16/29 Test #16: config_ext .......................   Passed    0.00 sec
2026-05-20T07:56:14.6003848Z       Start 20: entity_no_mixin
2026-05-20T07:56:14.6030424Z 17/29 Test #20: entity_no_mixin ..................   Passed    0.00 sec
2026-05-20T07:56:14.6038879Z       Start 21: graph
2026-05-20T07:56:14.9773601Z 18/29 Test #21: graph ............................   Passed    0.37 sec
2026-05-20T07:56:14.9780169Z       Start 22: locator
2026-05-20T07:56:15.3199879Z 19/29 Test #22: locator ..........................   Passed    0.34 sec
2026-05-20T07:56:15.3209678Z       Start 23: meta
2026-05-20T07:56:15.8593945Z 20/29 Test #18: core .............................   Passed    1.26 sec
2026-05-20T07:56:15.8595692Z       Start 24: poly
2026-05-20T07:56:16.5559087Z 21/29 Test #24: poly .............................   Passed    0.70 sec
2026-05-20T07:56:16.5566997Z       Start 25: process
2026-05-20T07:56:16.5602614Z 22/29 Test #25: process ..........................   Passed    0.00 sec
2026-05-20T07:56:16.5608888Z       Start 26: resource
2026-05-20T07:56:16.5639547Z 23/29 Test #26: resource .........................   Passed    0.00 sec
2026-05-20T07:56:16.5645546Z       Start 27: signal
2026-05-20T07:56:18.8091344Z 24/29 Test #17: container ........................   Passed    4.21 sec
2026-05-20T07:56:18.8098922Z       Start 28: stl
2026-05-20T07:56:18.8148280Z 25/29 Test #28: stl ..............................   Passed    0.01 sec
2026-05-20T07:56:18.8154246Z       Start 29: stl_ext
2026-05-20T07:56:18.8207557Z 26/29 Test #29: stl_ext ..........................   Passed    0.01 sec
2026-05-20T07:56:19.0094627Z 27/29 Test #27: signal ...........................   Passed    2.44 sec
2026-05-20T07:56:23.3284078Z 28/29 Test #23: meta .............................   Passed    8.01 sec
2026-05-20T07:56:38.9898861Z 29/29 Test #19: entity ...........................   Passed   24.39 sec
2026-05-20T07:56:38.9904062Z 
2026-05-20T07:56:38.9904375Z 100% tests passed, 0 tests failed out of 29
2026-05-20T07:56:38.9906688Z 
2026-05-20T07:56:38.9906869Z Total Test time (real) =  24.66 sec
2026-05-20T07:56:39.1568530Z Post job cleanup.
2026-05-20T07:56:39.2572776Z [command]/usr/bin/git version
2026-05-20T07:56:39.2610895Z git version 2.54.0
2026-05-20T07:56:39.2657480Z Temporarily overriding HOME='/home/runner/work/_temp/7ea76599-a22a-4437-a5b1-3d5873e9b906' before making global git config changes
2026-05-20T07:56:39.2658805Z Adding repository directory to the temporary git global config as a safe directory
2026-05-20T07:56:39.2664279Z [command]/usr/bin/git config --global --add safe.directory /home/runner/work/entt/entt
2026-05-20T07:56:39.2699996Z [command]/usr/bin/git config --local --name-only --get-regexp core\.sshCommand
2026-05-20T07:56:39.2732560Z [command]/usr/bin/git submodule foreach --recursive sh -c "git config --local --name-only --get-regexp 'core\.sshCommand' && git config --local --unset-all 'core.sshCommand' || :"
2026-05-20T07:56:39.2951646Z [command]/usr/bin/git config --local --name-only --get-regexp http\.https\:\/\/github\.com\/\.extraheader
2026-05-20T07:56:39.2973715Z http.https://github.com/.extraheader
2026-05-20T07:56:39.2986434Z [command]/usr/bin/git config --local --unset-all http.https://github.com/.extraheader
2026-05-20T07:56:39.3016412Z [command]/usr/bin/git submodule foreach --recursive sh -c "git config --local --name-only --get-regexp 'http\.https\:\/\/github\.com\/\.extraheader' && git config --local --unset-all 'http.https://github.com/.extraheader' || :"
2026-05-20T07:56:39.3230112Z [command]/usr/bin/git config --local --name-only --get-regexp ^includeIf\.gitdir:
2026-05-20T07:56:39.3260127Z [command]/usr/bin/git submodule foreach --recursive git config --local --show-origin --name-only --get-regexp remote.origin.url
2026-05-20T07:56:39.3590725Z Cleaning up orphan processes
2026-05-20T07:56:39.3937234Z ##[warning]Node.js 20 actions are deprecated. The following actions are running on Node.js 20 and may not work as expected: actions/checkout@v4. Actions will be forced to run with Node.js 24 by default starting June 2nd, 2026. Node.js 20 will be removed from the runner on September 16th, 2026. Please check if updated versions of these actions are available that support Node.js 24. To opt into Node.js 24 now, set the FORCE_JAVASCRIPT_ACTIONS_TO_NODE24=true environment variable on the runner or in your workflow file. Once Node.js 24 becomes the default, you can temporarily opt out by setting ACTIONS_ALLOW_USE_UNSECURE_NODE_VERSION=true. For more information see: https://github.blog/changelog/2025-09-19-deprecation-of-node-20-on-github-actions-runners/
