2026-03-04T19:48:29.3964767Z Current runner version: '2.331.0'
2026-03-04T19:48:29.3988619Z ##[group]Runner Image Provisioner
2026-03-04T19:48:29.3989406Z Hosted Compute Agent
2026-03-04T19:48:29.3990118Z Version: 20260213.493
2026-03-04T19:48:29.3990983Z Commit: 5c115507f6dd24b8de37d8bbe0bb4509d0cc0fa3
2026-03-04T19:48:29.3991712Z Build Date: 2026-02-13T00:28:41Z
2026-03-04T19:48:29.3992417Z Worker ID: {eb623538-b2c1-4ee4-9a08-1c1d656583cd}
2026-03-04T19:48:29.3993165Z Azure Region: westus3
2026-03-04T19:48:29.3993737Z ##[endgroup]
2026-03-04T19:48:29.3995559Z ##[group]Operating System
2026-03-04T19:48:29.3996275Z Ubuntu
2026-03-04T19:48:29.3996736Z 24.04.3
2026-03-04T19:48:29.3997246Z LTS
2026-03-04T19:48:29.3997714Z ##[endgroup]
2026-03-04T19:48:29.3998261Z ##[group]Runner Image
2026-03-04T19:48:29.3998824Z Image: ubuntu-24.04
2026-03-04T19:48:29.3999354Z Version: 20260302.42.1
2026-03-04T19:48:29.4000825Z Included Software: https://github.com/actions/runner-images/blob/ubuntu24/20260302.42/images/ubuntu/Ubuntu2404-Readme.md
2026-03-04T19:48:29.4002435Z Image Release: https://github.com/actions/runner-images/releases/tag/ubuntu24%2F20260302.42
2026-03-04T19:48:29.4003335Z ##[endgroup]
2026-03-04T19:48:29.4005945Z ##[group]GITHUB_TOKEN Permissions
2026-03-04T19:48:29.4007955Z Actions: read
2026-03-04T19:48:29.4008592Z ArtifactMetadata: read
2026-03-04T19:48:29.4009287Z Attestations: read
2026-03-04T19:48:29.4009845Z Checks: read
2026-03-04T19:48:29.4010618Z Contents: read
2026-03-04T19:48:29.4011089Z Deployments: read
2026-03-04T19:48:29.4011690Z Discussions: read
2026-03-04T19:48:29.4012200Z Issues: read
2026-03-04T19:48:29.4012651Z Metadata: read
2026-03-04T19:48:29.4013618Z Models: read
2026-03-04T19:48:29.4014157Z Packages: read
2026-03-04T19:48:29.4014696Z Pages: read
2026-03-04T19:48:29.4015347Z PullRequests: read
2026-03-04T19:48:29.4015941Z RepositoryProjects: read
2026-03-04T19:48:29.4016475Z SecurityEvents: read
2026-03-04T19:48:29.4017065Z Statuses: read
2026-03-04T19:48:29.4017522Z ##[endgroup]
2026-03-04T19:48:29.4019680Z Secret source: Dependabot
2026-03-04T19:48:29.4020699Z Prepare workflow directory
2026-03-04T19:48:29.4409846Z Prepare all required actions
2026-03-04T19:48:29.4448075Z Getting action download info
2026-03-04T19:48:29.9638211Z Download action repository 'actions/checkout@v4' (SHA:34e114876b0b11c390a56381ad16ebd13914f8d5)
2026-03-04T19:48:30.1107172Z Download action repository 'actions/setup-node@v4' (SHA:49933ea5288caeca8642d1e84afbd3f7d6820020)
2026-03-04T19:48:30.2028913Z Download action repository 'google/wireit@setup-github-actions-caching/v2' (SHA:f21db1f3a6a4db31f42787a958cf2a18308effed)
2026-03-04T19:48:30.7149785Z Download action repository 'actions/cache@v4' (SHA:0057852bfaa89a56745cba8c7296529d2fc39830)
2026-03-04T19:48:30.8186741Z Download action repository 'salesforcecli/github-workflows@main' (SHA:1744ef19945a0949a035b40d2ea1586d63b55513)
2026-03-04T19:48:31.7614826Z Getting action download info
2026-03-04T19:48:31.9600272Z Getting action download info
2026-03-04T19:48:32.1623599Z Download action repository 'nick-fields/retry@3f757583fb1b1f940bc8ef4bf4734c8dc02a5847' (SHA:3f757583fb1b1f940bc8ef4bf4734c8dc02a5847)
2026-03-04T19:48:32.9026817Z Getting action download info
2026-03-04T19:48:33.0827304Z Uses: salesforcecli/github-workflows/.github/workflows/unitTestsLinux.yml@refs/heads/main (1744ef19945a0949a035b40d2ea1586d63b55513)
2026-03-04T19:48:33.0831328Z ##[group] Inputs
2026-03-04T19:48:33.0831944Z   skipTsDepCheck: false
2026-03-04T19:48:33.0832189Z ##[endgroup]
2026-03-04T19:48:33.0832467Z Complete job name: linux-unit-tests / linux-unit-tests (24.14.0)
2026-03-04T19:48:33.1516855Z ##[group]Run actions/checkout@v4
2026-03-04T19:48:33.1517494Z with:
2026-03-04T19:48:33.1517847Z   repository: oclif/oclif
2026-03-04T19:48:33.1518313Z   token: ***
2026-03-04T19:48:33.1518511Z   ssh-strict: true
2026-03-04T19:48:33.1518698Z   ssh-user: git
2026-03-04T19:48:33.1518897Z   persist-credentials: true
2026-03-04T19:48:33.1519112Z   clean: true
2026-03-04T19:48:33.1519296Z   sparse-checkout-cone-mode: true
2026-03-04T19:48:33.1519777Z   fetch-depth: 1
2026-03-04T19:48:33.1520107Z   fetch-tags: false
2026-03-04T19:48:33.1520307Z   show-progress: true
2026-03-04T19:48:33.1520500Z   lfs: false
2026-03-04T19:48:33.1520675Z   submodules: false
2026-03-04T19:48:33.1520870Z   set-safe-directory: true
2026-03-04T19:48:33.1521742Z ##[endgroup]
2026-03-04T19:48:33.2663288Z Syncing repository: oclif/oclif
2026-03-04T19:48:33.2665222Z ##[group]Getting Git version info
2026-03-04T19:48:33.2665908Z Working directory is '/home/runner/work/oclif/oclif'
2026-03-04T19:48:33.2666992Z [command]/usr/bin/git version
2026-03-04T19:48:33.2762591Z git version 2.53.0
2026-03-04T19:48:33.2790421Z ##[endgroup]
2026-03-04T19:48:33.2813660Z Temporarily overriding HOME='/home/runner/work/_temp/0a3c062c-0c73-41ef-83b3-c8e02113242c' before making global git config changes
2026-03-04T19:48:33.2815099Z Adding repository directory to the temporary git global config as a safe directory
2026-03-04T19:48:33.2820212Z [command]/usr/bin/git config --global --add safe.directory /home/runner/work/oclif/oclif
2026-03-04T19:48:33.2862858Z Deleting the contents of '/home/runner/work/oclif/oclif'
2026-03-04T19:48:33.2866616Z ##[group]Initializing the repository
2026-03-04T19:48:33.2871560Z [command]/usr/bin/git init /home/runner/work/oclif/oclif
2026-03-04T19:48:33.3000549Z hint: Using 'master' as the name for the initial branch. This default branch name
2026-03-04T19:48:33.3001642Z hint: will change to "main" in Git 3.0. To configure the initial branch name
2026-03-04T19:48:33.3002374Z hint: to use in all of your new repositories, which will suppress this warning,
2026-03-04T19:48:33.3068495Z hint: call:
2026-03-04T19:48:33.3068901Z hint:
2026-03-04T19:48:33.3069375Z hint: 	git config --global init.defaultBranch <name>
2026-03-04T19:48:33.3070092Z hint:
2026-03-04T19:48:33.3070691Z hint: Names commonly chosen instead of 'master' are 'main', 'trunk' and
2026-03-04T19:48:33.3071632Z hint: 'development'. The just-created branch can be renamed via this command:
2026-03-04T19:48:33.3072257Z hint:
2026-03-04T19:48:33.3072618Z hint: 	git branch -m <name>
2026-03-04T19:48:33.3072998Z hint:
2026-03-04T19:48:33.3073591Z hint: Disable this message with "git config set advice.defaultBranchName false"
2026-03-04T19:48:33.3074246Z Initialized empty Git repository in /home/runner/work/oclif/oclif/.git/
2026-03-04T19:48:33.3075280Z [command]/usr/bin/git remote add origin https://github.com/oclif/oclif
2026-03-04T19:48:33.3076057Z ##[endgroup]
2026-03-04T19:48:33.3076427Z ##[group]Disabling automatic garbage collection
2026-03-04T19:48:33.3076796Z [command]/usr/bin/git config --local gc.auto 0
2026-03-04T19:48:33.3091734Z ##[endgroup]
2026-03-04T19:48:33.3092095Z ##[group]Setting up auth
2026-03-04T19:48:33.3100615Z [command]/usr/bin/git config --local --name-only --get-regexp core\.sshCommand
2026-03-04T19:48:33.3133450Z [command]/usr/bin/git submodule foreach --recursive sh -c "git config --local --name-only --get-regexp 'core\.sshCommand' && git config --local --unset-all 'core.sshCommand' || :"
2026-03-04T19:48:33.3547061Z [command]/usr/bin/git config --local --name-only --get-regexp http\.https\:\/\/github\.com\/\.extraheader
2026-03-04T19:48:33.3579724Z [command]/usr/bin/git submodule foreach --recursive sh -c "git config --local --name-only --get-regexp 'http\.https\:\/\/github\.com\/\.extraheader' && git config --local --unset-all 'http.https://github.com/.extraheader' || :"
2026-03-04T19:48:33.3822661Z [command]/usr/bin/git config --local --name-only --get-regexp ^includeIf\.gitdir:
2026-03-04T19:48:33.3857919Z [command]/usr/bin/git submodule foreach --recursive git config --local --show-origin --name-only --get-regexp remote.origin.url
2026-03-04T19:48:33.4096636Z [command]/usr/bin/git config --local http.https://github.com/.extraheader AUTHORIZATION: basic ***
2026-03-04T19:48:33.4133041Z ##[endgroup]
2026-03-04T19:48:33.4133709Z ##[group]Fetching the repository
2026-03-04T19:48:33.4142462Z [command]/usr/bin/git -c protocol.version=2 fetch --no-tags --prune --no-recurse-submodules --depth=1 origin +f4cac85098ca5d7f0bb299ecb49ac3f546e41d41:refs/remotes/origin/dependabot-npm_and_yarn-eslint-config-oclif-6.0.144
2026-03-04T19:48:34.0129354Z From https://github.com/oclif/oclif
2026-03-04T19:48:34.0131619Z  * [new ref]         f4cac85098ca5d7f0bb299ecb49ac3f546e41d41 -> origin/dependabot-npm_and_yarn-eslint-config-oclif-6.0.144
2026-03-04T19:48:34.0170229Z ##[endgroup]
2026-03-04T19:48:34.0170962Z ##[group]Determining the checkout info
2026-03-04T19:48:34.0171802Z ##[endgroup]
2026-03-04T19:48:34.0178445Z [command]/usr/bin/git sparse-checkout disable
2026-03-04T19:48:34.0222173Z [command]/usr/bin/git config --local --unset-all extensions.worktreeConfig
2026-03-04T19:48:34.0251149Z ##[group]Checking out the ref
2026-03-04T19:48:34.0256487Z [command]/usr/bin/git checkout --progress --force -B dependabot-npm_and_yarn-eslint-config-oclif-6.0.144 refs/remotes/origin/dependabot-npm_and_yarn-eslint-config-oclif-6.0.144
2026-03-04T19:48:34.0406534Z Switched to a new branch 'dependabot-npm_and_yarn-eslint-config-oclif-6.0.144'
2026-03-04T19:48:34.0409855Z branch 'dependabot-npm_and_yarn-eslint-config-oclif-6.0.144' set up to track 'origin/dependabot-npm_and_yarn-eslint-config-oclif-6.0.144'.
2026-03-04T19:48:34.0416734Z ##[endgroup]
2026-03-04T19:48:34.0454470Z [command]/usr/bin/git log -1 --format=%H
2026-03-04T19:48:34.0477889Z f4cac85098ca5d7f0bb299ecb49ac3f546e41d41
2026-03-04T19:48:34.0703917Z ##[group]Run actions/setup-node@v4
2026-03-04T19:48:34.0704184Z with:
2026-03-04T19:48:34.0704367Z   node-version: 24.14.0
2026-03-04T19:48:34.0704563Z   cache: yarn
2026-03-04T19:48:34.0704743Z   always-auth: false
2026-03-04T19:48:34.0704934Z   check-latest: false
2026-03-04T19:48:34.0705255Z   token: ***
2026-03-04T19:48:34.0705438Z ##[endgroup]
2026-03-04T19:48:34.2499385Z Found in cache @ /opt/hostedtoolcache/node/24.14.0/x64
2026-03-04T19:48:34.2507443Z ##[group]Environment details
2026-03-04T19:48:34.6863939Z node: v24.14.0
2026-03-04T19:48:34.6864402Z npm: 11.9.0
2026-03-04T19:48:34.6864700Z yarn: 1.22.22
2026-03-04T19:48:34.6865522Z ##[endgroup]
2026-03-04T19:48:34.6893359Z [command]/usr/local/bin/yarn --version
2026-03-04T19:48:34.8102369Z 1.22.22
2026-03-04T19:48:34.8221315Z [command]/usr/local/bin/yarn cache dir
2026-03-04T19:48:34.9829746Z /home/runner/.cache/yarn/v6
2026-03-04T19:48:35.0072145Z [command]/usr/local/bin/yarn config get enableGlobalCache
2026-03-04T19:48:35.1748181Z undefined
2026-03-04T19:48:35.4220528Z Cache hit for: node-cache-Linux-x64-yarn-362cbc62e456df8721cc2b0a40c67da03e5e4a2cbfdb907d49ba6923be5fd733
2026-03-04T19:48:36.6589422Z Received 46137344 of 102740083 (44.9%), 44.0 MBs/sec
2026-03-04T19:48:37.0941405Z Received 102740083 of 102740083 (100.0%), 68.2 MBs/sec
2026-03-04T19:48:37.0942670Z Cache Size: ~98 MB (102740083 B)
2026-03-04T19:48:37.1093440Z [command]/usr/bin/tar -xf /home/runner/work/_temp/c8310354-727b-4fdd-8859-a867673b26be/cache.tzst -P -C /home/runner/work/oclif/oclif --use-compress-program unzstd
2026-03-04T19:48:38.6921815Z Cache restored successfully
2026-03-04T19:48:38.7134695Z Cache restored from key: node-cache-Linux-x64-yarn-362cbc62e456df8721cc2b0a40c67da03e5e4a2cbfdb907d49ba6923be5fd733
2026-03-04T19:48:38.7276010Z ##[group]Run google/wireit@setup-github-actions-caching/v2
2026-03-04T19:48:38.7276352Z ##[endgroup]
2026-03-04T19:48:38.7575552Z [main] Launching background custodian service
2026-03-04T19:48:38.7577689Z [main] Writing logs to /tmp/wireit_custodian_logs_fqAvsm
2026-03-04T19:48:38.8611906Z 
2026-03-04T19:48:38.8614391Z [custodian] Trying port 51856
2026-03-04T19:48:38.8615282Z [custodian] Listening on port 51856
2026-03-04T19:48:38.8615881Z 
2026-03-04T19:48:38.8616225Z [main] Custodian server ready
2026-03-04T19:48:38.9539022Z ##[group]Run actions/cache@v4
2026-03-04T19:48:38.9539300Z with:
2026-03-04T19:48:38.9539481Z   path: **/node_modules
2026-03-04T19:48:38.9540453Z   key: Linux-build-cache-node-modules-362cbc62e456df8721cc2b0a40c67da03e5e4a2cbfdb907d49ba6923be5fd733
2026-03-04T19:48:38.9541066Z   enableCrossOsArchive: false
2026-03-04T19:48:38.9541504Z   fail-on-cache-miss: false
2026-03-04T19:48:38.9541722Z   lookup-only: false
2026-03-04T19:48:38.9541920Z   save-always: false
2026-03-04T19:48:38.9542126Z env:
2026-03-04T19:48:38.9542294Z   WIREIT_CACHE: github
2026-03-04T19:48:38.9542524Z   WIREIT_CACHE_GITHUB_CUSTODIAN_PORT: 51856
2026-03-04T19:48:38.9542846Z   cache-name: cache-node-modules
2026-03-04T19:48:38.9543077Z ##[endgroup]
2026-03-04T19:48:39.3673587Z Cache hit for: Linux-build-cache-node-modules-362cbc62e456df8721cc2b0a40c67da03e5e4a2cbfdb907d49ba6923be5fd733
2026-03-04T19:48:40.4619119Z Received 35910626 of 35910626 (100.0%), 38.8 MBs/sec
2026-03-04T19:48:40.4622199Z Cache Size: ~34 MB (35910626 B)
2026-03-04T19:48:40.4650255Z [command]/usr/bin/tar -xf /home/runner/work/_temp/8b15715a-60eb-4bf4-80f8-5c0e626c367e/cache.tzst -P -C /home/runner/work/oclif/oclif --use-compress-program unzstd
2026-03-04T19:48:42.0221355Z Cache restored successfully
2026-03-04T19:48:42.0372875Z Cache restored from key: Linux-build-cache-node-modules-362cbc62e456df8721cc2b0a40c67da03e5e4a2cbfdb907d49ba6923be5fd733
2026-03-04T19:48:42.0515244Z ##[group]Run yarn add wireit@^0.14.12
2026-03-04T19:48:42.0515588Z [36;1myarn add wireit@^0.14.12[0m
2026-03-04T19:48:42.0575703Z shell: /usr/bin/bash -e {0}
2026-03-04T19:48:42.0575948Z env:
2026-03-04T19:48:42.0576164Z   WIREIT_CACHE: github
2026-03-04T19:48:42.0576421Z   WIREIT_CACHE_GITHUB_CUSTODIAN_PORT: 51856
2026-03-04T19:48:42.0576703Z ##[endgroup]
2026-03-04T19:48:42.1886198Z yarn add v1.22.22
2026-03-04T19:48:42.2552291Z [1/5] Validating package.json...
2026-03-04T19:48:42.2577106Z [2/5] Resolving packages...
2026-03-04T19:48:42.5272793Z (node:2354) [DEP0169] DeprecationWarning: `url.parse()` behavior is not standardized and prone to errors that have security implications. Use the WHATWG URL API instead. CVEs are not issued for `url.parse()` vulnerabilities.
2026-03-04T19:48:42.5274121Z (Use `node --trace-deprecation ...` to show where the warning was created)
2026-03-04T19:48:42.8532258Z [3/5] Fetching packages...
2026-03-04T19:48:43.3861796Z [4/5] Linking dependencies...
2026-03-04T19:48:43.3881852Z warning " > @oclif/plugin-legacy@2.0.28" has unmet peer dependency "@heroku-cli/command@*".
2026-03-04T19:48:43.4009452Z warning Workspaces can only be enabled in private projects.
2026-03-04T19:48:45.5081620Z [5/5] Building fresh packages...
2026-03-04T19:48:45.5546714Z success Saved lockfile.
2026-03-04T19:48:45.5671221Z warning Workspaces can only be enabled in private projects.
2026-03-04T19:48:45.6124574Z success Saved 8 new dependencies.
2026-03-04T19:48:45.6126425Z info Direct dependencies
2026-03-04T19:48:45.6130674Z └─ wireit@0.14.12
2026-03-04T19:48:45.6131090Z info All dependencies
2026-03-04T19:48:45.6131550Z ├─ anymatch@3.1.3
2026-03-04T19:48:45.6132015Z ├─ binary-extensions@2.3.0
2026-03-04T19:48:45.6132533Z ├─ chokidar@3.6.0
2026-03-04T19:48:45.6132964Z ├─ is-binary-path@2.1.0
2026-03-04T19:48:45.6133427Z ├─ jsonc-parser@3.3.1
2026-03-04T19:48:45.6133880Z ├─ normalize-path@3.0.0
2026-03-04T19:48:45.6134382Z ├─ proper-lockfile@4.1.2
2026-03-04T19:48:45.6134960Z └─ wireit@0.14.12
2026-03-04T19:48:45.6223075Z $ husky
2026-03-04T19:48:45.6704833Z Done in 3.48s.
2026-03-04T19:48:45.7135655Z ##[group]Run yarn build
2026-03-04T19:48:45.7135959Z [36;1myarn build[0m
2026-03-04T19:48:45.7184754Z shell: /usr/bin/bash -e {0}
2026-03-04T19:48:45.7185041Z env:
2026-03-04T19:48:45.7185251Z   WIREIT_CACHE: github
2026-03-04T19:48:45.7185531Z   WIREIT_CACHE_GITHUB_CUSTODIAN_PORT: 51856
2026-03-04T19:48:45.7185852Z ##[endgroup]
2026-03-04T19:48:45.8469337Z yarn run v1.22.22
2026-03-04T19:48:45.8837894Z $ shx rm -rf lib && tsc
2026-03-04T19:48:48.5316636Z Done in 2.69s.
2026-03-04T19:48:48.5520399Z ##[group]Run salesforcecli/github-workflows/.github/actions/retry@main
2026-03-04T19:48:48.5520817Z with:
2026-03-04T19:48:48.5521019Z   command: yarn test
2026-03-04T19:48:48.5521221Z   max_attempts: 3
2026-03-04T19:48:48.5521421Z   retry_wait_seconds: 60
2026-03-04T19:48:48.5521632Z   timeout_minutes: 60
2026-03-04T19:48:48.5522036Z   retry_on: any
2026-03-04T19:48:48.5522223Z env:
2026-03-04T19:48:48.5522388Z   WIREIT_CACHE: github
2026-03-04T19:48:48.5522618Z   WIREIT_CACHE_GITHUB_CUSTODIAN_PORT: 51856
2026-03-04T19:48:48.5522891Z   SF_DISABLE_TELEMETRY: true
2026-03-04T19:48:48.5523105Z ##[endgroup]
2026-03-04T19:48:48.5608160Z ##[group]Run nick-fields/retry@3f757583fb1b1f940bc8ef4bf4734c8dc02a5847
2026-03-04T19:48:48.5608508Z with:
2026-03-04T19:48:48.5608690Z   max_attempts: 3
2026-03-04T19:48:48.5608890Z   retry_wait_seconds: 60
2026-03-04T19:48:48.5609103Z   command: yarn test
2026-03-04T19:48:48.5609295Z   timeout_minutes: 60
2026-03-04T19:48:48.5609487Z   retry_on: any
2026-03-04T19:48:48.5609718Z   polling_interval_seconds: 1
2026-03-04T19:48:48.5610088Z   warning_on_retry: true
2026-03-04T19:48:48.5610305Z   continue_on_error: false
2026-03-04T19:48:48.5610514Z env:
2026-03-04T19:48:48.5610687Z   WIREIT_CACHE: github
2026-03-04T19:48:48.5610912Z   WIREIT_CACHE_GITHUB_CUSTODIAN_PORT: 51856
2026-03-04T19:48:48.5611188Z   SF_DISABLE_TELEMETRY: true
2026-03-04T19:48:48.5611407Z ##[endgroup]
2026-03-04T19:48:48.7649902Z yarn run v1.22.22
2026-03-04T19:48:48.8038237Z $ nyc mocha --forbid-only "test/unit/*.test.ts"
2026-03-04T19:48:49.7577048Z 
2026-03-04T19:48:49.7580813Z 
2026-03-04T19:48:49.7586391Z   aws S3 checksum configuration logic
2026-03-04T19:48:49.7599879Z     ✔ should determine S3-compatible endpoints correctly
2026-03-04T19:48:49.7606630Z     ✔ should set correct checksum config based on endpoint and environment
2026-03-04T19:48:49.7608761Z 
2026-03-04T19:48:49.7611279Z   manifest
2026-03-04T19:48:50.5349373Z     ✔ should generate manifest (772ms)
2026-03-04T19:48:51.6615955Z Generating JIT plugin manifests...    ✔ should generate jit plugins (1126ms)
2026-03-04T19:48:51.6617035Z 
2026-03-04T19:48:51.6618761Z   ReadmeGenerator
2026-03-04T19:48:51.6620303Z     commands
2026-03-04T19:48:51.6959797Z       ✔ should render commands
2026-03-04T19:48:51.7026139Z       ✔ should render command with custom usage
2026-03-04T19:48:51.7082697Z       ✔ should ignore hidden args in header
2026-03-04T19:48:51.7136419Z       ✔ should render command with templated usage
2026-03-04T19:48:51.7187640Z       ✔ should render commands with templated descriptions
2026-03-04T19:48:51.7189375Z     multiCommands
2026-03-04T19:48:51.7262215Z       ✔ should render multiCommands
2026-03-04T19:48:51.7263238Z     tableOfContents
2026-03-04T19:48:51.7322985Z       ✔ should render table of contents from headers with single #
2026-03-04T19:48:51.7324403Z     usage
2026-03-04T19:48:51.7362057Z       ✔ should render usage based on Config
2026-03-04T19:48:51.7401174Z       ✔ should render usage with multiple version flags
2026-03-04T19:48:51.7402422Z 
2026-03-04T19:48:51.7403704Z   readme
2026-03-04T19:48:51.9039140Z     ✔ runs readme (163ms)
2026-03-04T19:48:51.9070404Z     multi
2026-03-04T19:48:51.9717531Z       ✔ runs readme --multi (65ms)
2026-03-04T19:48:52.0084623Z       ✔ writes only subtopics to their own files
2026-03-04T19:48:52.0499386Z       ✔ writes only subtopics to their own files with " " topic separator (41ms)
2026-03-04T19:48:52.0500433Z     with command that has an alias
2026-03-04T19:48:52.0830341Z       ✔ --aliases flag (default)
2026-03-04T19:48:52.0960209Z       ✔ --no-aliases flag
2026-03-04T19:48:52.0961574Z     with custom help that implements formatCommand
2026-03-04T19:48:52.1402942Z       ✔ writes custom help to the readme (44ms)
2026-03-04T19:48:52.1403900Z     with custom help that implements command
2026-03-04T19:48:52.1707277Z       ✔ writes custom help to the readme
2026-03-04T19:48:52.1707788Z     with custom help that does not implement formatCommand
2026-03-04T19:48:52.1974377Z       ✔ prints a helpful error message
2026-03-04T19:48:52.1977172Z 
2026-03-04T19:48:52.1977395Z   templateShortKey
2026-03-04T19:48:52.1978253Z     ✔ should render a deb template
2026-03-04T19:48:52.1982579Z     ✔ should render a macos template
2026-03-04T19:48:52.1989528Z     ✔ should render a win32 template
2026-03-04T19:48:52.1990581Z     ✔ should render a manifest template
2026-03-04T19:48:52.1993217Z     ✔ should render a unversioned template
2026-03-04T19:48:52.1996528Z     ✔ should render a versioned template
2026-03-04T19:48:52.1999520Z     ✔ should render a baseDir template
2026-03-04T19:48:52.2000126Z 
2026-03-04T19:48:52.2001103Z   validateBin
2026-03-04T19:48:52.2005777Z     ✔ should return true for valid bins
2026-03-04T19:48:52.2008247Z     ✔ should return false for invalid bins
2026-03-04T19:48:52.2008903Z 
2026-03-04T19:48:52.2011021Z 
2026-03-04T19:48:52.2012828Z   31 passing (2s)
2026-03-04T19:48:52.2013453Z 
2026-03-04T19:48:52.5805789Z ------------------------|---------|----------|---------|---------|----------------------------------
2026-03-04T19:48:52.5808333Z File                    | % Stmts | % Branch | % Funcs | % Lines | Uncovered Line #s                
2026-03-04T19:48:52.5812654Z ------------------------|---------|----------|---------|---------|----------------------------------
2026-03-04T19:48:52.5813717Z All files               |   44.74 |    40.83 |   34.87 |   45.06 |                                  
2026-03-04T19:48:52.5815705Z  src                    |   49.28 |    37.03 |   45.07 |      50 |                                  
2026-03-04T19:48:52.5816745Z   aws.ts                |   13.63 |        0 |       0 |   13.63 | 14-52,58-142                     
2026-03-04T19:48:52.5822944Z   generator.ts          |   21.97 |     9.37 |   16.66 |   21.11 | 21-47,56-179                     
2026-03-04T19:48:52.5825640Z   help-compatibility.ts |     100 |      100 |     100 |     100 |                                  
2026-03-04T19:48:52.5829018Z   log.ts                |      70 |        0 |   33.33 |      75 | 10-11                            
2026-03-04T19:48:52.5830191Z   readme-generator.ts   |   89.61 |    69.47 |     100 |   92.19 | 279,282-291,333                  
2026-03-04T19:48:52.5831192Z   upload-util.ts        |   34.48 |     4.54 |      20 |   43.47 | 8-10,14-16,36,54-58,62           
2026-03-04T19:48:52.5832077Z   util.ts               |   46.87 |       25 |      40 |   49.31 | ...,85,88-95,100-105,110,118,122 
2026-03-04T19:48:52.5832969Z   version-indexes.ts    |   43.02 |    48.43 |      40 |   42.46 | 10-11,16,21-23,47-71,75-117      
2026-03-04T19:48:52.5833954Z  src/commands           |   47.74 |    37.97 |   31.37 |   48.67 |                                  
2026-03-04T19:48:52.5834821Z   generate.ts           |      23 |        8 |    4.54 |   23.71 | 18-50,55-89,136-244,250-269      
2026-03-04T19:48:52.5835662Z   init.ts               |   24.61 |        0 |       0 |   24.61 | 12-15,20-35,70-162               
2026-03-04T19:48:52.5836563Z   lock.ts               |   64.15 |    58.97 |   45.45 |   66.66 | 10-11,16,21-23,39-54             
2026-03-04T19:48:52.5839050Z   manifest.ts           |   82.56 |    69.69 |   83.33 |   84.53 | ...47,82,104,107-110,113,135,144 
2026-03-04T19:48:52.5842652Z   promote.ts            |   18.75 |    31.81 |    9.67 |   21.27 | 3-11,14-16,20-25,29-32,69-298    
2026-03-04T19:48:52.5843597Z   readme.ts             |   84.28 |     67.3 |   72.72 |   88.13 | 10-11,16,21-23,109               
2026-03-04T19:48:52.5844539Z  src/commands/generate  |      50 |    41.37 |   41.66 |      50 |                                  
2026-03-04T19:48:52.5845480Z   command.ts            |   38.46 |        0 |       0 |   38.46 | 18-40                            
2026-03-04T19:48:52.5846347Z   hook.ts               |   54.54 |    51.06 |   45.45 |   55.55 | 10-11,16,21-23,58-84             
2026-03-04T19:48:52.5847289Z  src/commands/pack      |   36.07 |    38.58 |   22.97 |   36.87 |                                  
2026-03-04T19:48:52.5848502Z   deb.ts                |    42.3 |    53.44 |   28.57 |   40.65 | ...6,21-23,52-81,112-185,190-193 
2026-03-04T19:48:52.5849016Z   macos.ts              |   42.71 |    48.52 |   26.08 |   41.57 | 10-11,16,21-23,56-120,196-270    
2026-03-04T19:48:52.5849514Z   tarballs.ts           |   29.78 |    34.14 |      20 |   36.11 | 3-11,14-16,20-25,29-32,60-69     
2026-03-04T19:48:52.5850676Z   win.ts                |   25.51 |    22.98 |      15 |   28.23 | ...,29-32,51-239,290-364,370-397 
2026-03-04T19:48:52.5851661Z  src/commands/upload    |      53 |    64.56 |   39.34 |   52.81 |                                  
2026-03-04T19:48:52.5852608Z   deb.ts                |   52.05 |    62.96 |   35.29 |   51.66 | 10-11,16,21-23,57-110            
2026-03-04T19:48:52.5853477Z   macos.ts              |   57.57 |    68.75 |      40 |   59.61 | 10-11,16,21-23,61-89             
2026-03-04T19:48:52.5854422Z   tarballs.ts           |   48.68 |    61.11 |      40 |   46.87 | 10-11,16,21-23,58-132            
2026-03-04T19:48:52.5855429Z   win.ts                |   54.41 |       66 |   42.85 |   54.54 | 10-11,16,21-23,57-94             
2026-03-04T19:48:52.5856423Z  src/tarballs           |   34.94 |    32.96 |    25.8 |   34.26 |                                  
2026-03-04T19:48:52.5857300Z   bin.ts                |   61.11 |    66.66 |   42.85 |   62.79 | 10-11,16,21-23,46-122            
2026-03-04T19:48:52.5858161Z   build.ts              |   17.96 |     6.89 |    4.76 |   18.86 | ...9-171,175-176,179-187,194-249 
2026-03-04T19:48:52.5859030Z   config.ts             |   45.05 |    32.95 |   35.29 |   43.75 | 10-11,16,21-23,63-128            
2026-03-04T19:48:52.5860108Z   index.ts              |      80 |    66.66 |      50 |   86.66 | 10-11                            
2026-03-04T19:48:52.5860674Z   node.ts               |   28.33 |    26.08 |   16.66 |   28.81 | 20-76                            
2026-03-04T19:48:52.5861230Z ------------------------|---------|----------|---------|---------|----------------------------------
2026-03-04T19:48:52.5937633Z $ yarn run lint
2026-03-04T19:48:52.7964627Z $ eslint
2026-03-04T19:48:59.7671079Z 
2026-03-04T19:48:59.7672454Z /home/runner/work/oclif/oclif/src/upload-util.ts
2026-03-04T19:48:59.7710966Z ##[warning]  30:1  warning  Unexpected 'todo' comment: 'TODO: refactor this key name lookup...'  no-warning-comments
2026-03-04T19:48:59.7711843Z 
2026-03-04T19:48:59.7712268Z /home/runner/work/oclif/oclif/test/integration/cli.test.ts
2026-03-04T19:48:59.7714505Z ##[warning]  104:7  warning  Unexpected 'todo' comment: 'TODO: fix this test on Windows'  no-warning-comments
2026-03-04T19:48:59.7715210Z 
2026-03-04T19:48:59.7715740Z ✖ 2 problems (0 errors, 2 warnings)
2026-03-04T19:48:59.7716054Z 
2026-03-04T19:49:00.0894429Z Done in 11.33s.
2026-03-04T19:49:00.6486023Z Command completed after 1 attempt(s).
2026-03-04T19:49:03.3922207Z Post job cleanup.
2026-03-04T19:49:03.5234892Z Cache hit occurred on the primary key Linux-build-cache-node-modules-362cbc62e456df8721cc2b0a40c67da03e5e4a2cbfdb907d49ba6923be5fd733, not saving cache.
2026-03-04T19:49:03.5327396Z Post job cleanup.
2026-03-04T19:49:03.6884045Z Cache hit occurred on the primary key node-cache-Linux-x64-yarn-362cbc62e456df8721cc2b0a40c67da03e5e4a2cbfdb907d49ba6923be5fd733, not saving cache.
2026-03-04T19:49:03.6994442Z Post job cleanup.
2026-03-04T19:49:03.7957940Z [command]/usr/bin/git version
2026-03-04T19:49:03.7996636Z git version 2.53.0
2026-03-04T19:49:03.8041408Z Temporarily overriding HOME='/home/runner/work/_temp/b7447e87-a4cf-4c74-a9a0-bb844bd5e55f' before making global git config changes
2026-03-04T19:49:03.8042944Z Adding repository directory to the temporary git global config as a safe directory
2026-03-04T19:49:03.8048348Z [command]/usr/bin/git config --global --add safe.directory /home/runner/work/oclif/oclif
2026-03-04T19:49:03.8086589Z [command]/usr/bin/git config --local --name-only --get-regexp core\.sshCommand
2026-03-04T19:49:03.8121168Z [command]/usr/bin/git submodule foreach --recursive sh -c "git config --local --name-only --get-regexp 'core\.sshCommand' && git config --local --unset-all 'core.sshCommand' || :"
2026-03-04T19:49:03.8362976Z [command]/usr/bin/git config --local --name-only --get-regexp http\.https\:\/\/github\.com\/\.extraheader
2026-03-04T19:49:03.8385669Z http.https://github.com/.extraheader
2026-03-04T19:49:03.8400507Z [command]/usr/bin/git config --local --unset-all http.https://github.com/.extraheader
2026-03-04T19:49:03.8433788Z [command]/usr/bin/git submodule foreach --recursive sh -c "git config --local --name-only --get-regexp 'http\.https\:\/\/github\.com\/\.extraheader' && git config --local --unset-all 'http.https://github.com/.extraheader' || :"
2026-03-04T19:49:03.8669042Z [command]/usr/bin/git config --local --name-only --get-regexp ^includeIf\.gitdir:
2026-03-04T19:49:03.8701903Z [command]/usr/bin/git submodule foreach --recursive git config --local --show-origin --name-only --get-regexp remote.origin.url
2026-03-04T19:49:03.9048587Z Cleaning up orphan processes
2026-03-04T19:49:03.9405165Z Terminate orphan process: pid (2313) (MainThread)
