2026-04-16T04:56:53.4848971Z Current runner version: '2.333.1'
2026-04-16T04:56:53.4884186Z ##[group]Runner Image Provisioner
2026-04-16T04:56:53.4885309Z Hosted Compute Agent
2026-04-16T04:56:53.4886186Z Version: 20260213.493
2026-04-16T04:56:53.4887152Z Commit: 5c115507f6dd24b8de37d8bbe0bb4509d0cc0fa3
2026-04-16T04:56:53.4888180Z Build Date: 2026-02-13T00:28:41Z
2026-04-16T04:56:53.4889302Z Worker ID: {1c7874ec-fefb-43cc-85e9-19eecb82eff0}
2026-04-16T04:56:53.4890587Z Azure Region: eastus
2026-04-16T04:56:53.4891336Z ##[endgroup]
2026-04-16T04:56:53.4893470Z ##[group]Operating System
2026-04-16T04:56:53.4894391Z Ubuntu
2026-04-16T04:56:53.4895186Z 24.04.4
2026-04-16T04:56:53.4895898Z LTS
2026-04-16T04:56:53.4896630Z ##[endgroup]
2026-04-16T04:56:53.4897339Z ##[group]Runner Image
2026-04-16T04:56:53.4898249Z Image: ubuntu-24.04
2026-04-16T04:56:53.4899163Z Version: 20260406.80.1
2026-04-16T04:56:53.4901157Z Included Software: https://github.com/actions/runner-images/blob/ubuntu24/20260406.80/images/ubuntu/Ubuntu2404-Readme.md
2026-04-16T04:56:53.4903837Z Image Release: https://github.com/actions/runner-images/releases/tag/ubuntu24%2F20260406.80
2026-04-16T04:56:53.4905373Z ##[endgroup]
2026-04-16T04:56:53.4909626Z ##[group]GITHUB_TOKEN Permissions
2026-04-16T04:56:53.4913000Z Actions: read
2026-04-16T04:56:53.4913766Z ArtifactMetadata: read
2026-04-16T04:56:53.4914777Z Attestations: read
2026-04-16T04:56:53.4915507Z Checks: read
2026-04-16T04:56:53.4916299Z Contents: read
2026-04-16T04:56:53.4917260Z Deployments: read
2026-04-16T04:56:53.4917966Z Discussions: read
2026-04-16T04:56:53.4918759Z Issues: read
2026-04-16T04:56:53.4919524Z Metadata: read
2026-04-16T04:56:53.4920541Z Models: read
2026-04-16T04:56:53.4921241Z Packages: read
2026-04-16T04:56:53.4922046Z Pages: read
2026-04-16T04:56:53.4922827Z PullRequests: read
2026-04-16T04:56:53.4923579Z RepositoryProjects: read
2026-04-16T04:56:53.4924445Z SecurityEvents: read
2026-04-16T04:56:53.4925178Z Statuses: read
2026-04-16T04:56:53.4926003Z ##[endgroup]
2026-04-16T04:56:53.4928737Z Secret source: None
2026-04-16T04:56:53.4930647Z Prepare workflow directory
2026-04-16T04:56:53.5687433Z Prepare all required actions
2026-04-16T04:56:53.5741993Z Getting action download info
2026-04-16T04:56:53.8682562Z Download action repository 'actions/checkout@v2' (SHA:ee0669bd1cc54295c223e0bb666b733df41de1c5)
2026-04-16T04:56:54.1090948Z Download action repository 'ljharb/actions@main' (SHA:b29bdbce89e3833f2e44eb182aac6cb8b543df38)
2026-04-16T04:56:56.3306673Z Download action repository 'codecov/codecov-action@v2' (SHA:f32b3a3741e1053eb607407145bc9619351dc93b)
2026-04-16T04:56:56.6209021Z Complete job name: base config (25, 7, eslint-config-airbnb-base)
2026-04-16T04:56:56.6824868Z ##[group]Run actions/checkout@v2
2026-04-16T04:56:56.6825450Z with:
2026-04-16T04:56:56.6825713Z   repository: airbnb/javascript
2026-04-16T04:56:56.6826281Z   token: ***
2026-04-16T04:56:56.6826512Z   ssh-strict: true
2026-04-16T04:56:56.6826776Z   persist-credentials: true
2026-04-16T04:56:56.6827042Z   clean: true
2026-04-16T04:56:56.6827294Z   fetch-depth: 1
2026-04-16T04:56:56.6827532Z   lfs: false
2026-04-16T04:56:56.6827755Z   submodules: false
2026-04-16T04:56:56.6828000Z   set-safe-directory: true
2026-04-16T04:56:56.6828467Z ##[endgroup]
2026-04-16T04:56:56.7931526Z Syncing repository: airbnb/javascript
2026-04-16T04:56:56.7933242Z ##[group]Getting Git version info
2026-04-16T04:56:56.7933818Z Working directory is '/home/runner/work/javascript/javascript'
2026-04-16T04:56:56.7934432Z [command]/usr/bin/git version
2026-04-16T04:56:56.7952837Z git version 2.53.0
2026-04-16T04:56:56.7977338Z ##[endgroup]
2026-04-16T04:56:56.7993643Z Temporarily overriding HOME='/home/runner/work/_temp/7c2633b5-c797-4f23-a0b3-4332ba124243' before making global git config changes
2026-04-16T04:56:56.7994789Z Adding repository directory to the temporary git global config as a safe directory
2026-04-16T04:56:56.7997817Z [command]/usr/bin/git config --global --add safe.directory /home/runner/work/javascript/javascript
2026-04-16T04:56:56.8043155Z Deleting the contents of '/home/runner/work/javascript/javascript'
2026-04-16T04:56:56.8047238Z ##[group]Initializing the repository
2026-04-16T04:56:56.8050635Z [command]/usr/bin/git init /home/runner/work/javascript/javascript
2026-04-16T04:56:56.8120620Z hint: Using 'master' as the name for the initial branch. This default branch name
2026-04-16T04:56:56.8121385Z hint: will change to "main" in Git 3.0. To configure the initial branch name
2026-04-16T04:56:56.8121957Z hint: to use in all of your new repositories, which will suppress this warning,
2026-04-16T04:56:56.8122375Z hint: call:
2026-04-16T04:56:56.8122588Z hint:
2026-04-16T04:56:56.8123039Z hint: 	git config --global init.defaultBranch <name>
2026-04-16T04:56:56.8123572Z hint:
2026-04-16T04:56:56.8123991Z hint: Names commonly chosen instead of 'master' are 'main', 'trunk' and
2026-04-16T04:56:56.8124506Z hint: 'development'. The just-created branch can be renamed via this command:
2026-04-16T04:56:56.8124901Z hint:
2026-04-16T04:56:56.8125127Z hint: 	git branch -m <name>
2026-04-16T04:56:56.8125421Z hint:
2026-04-16T04:56:56.8125768Z hint: Disable this message with "git config set advice.defaultBranchName false"
2026-04-16T04:56:56.8126340Z Initialized empty Git repository in /home/runner/work/javascript/javascript/.git/
2026-04-16T04:56:56.8131850Z [command]/usr/bin/git remote add origin https://github.com/airbnb/javascript
2026-04-16T04:56:56.8168343Z ##[endgroup]
2026-04-16T04:56:56.8168906Z ##[group]Disabling automatic garbage collection
2026-04-16T04:56:56.8172177Z [command]/usr/bin/git config --local gc.auto 0
2026-04-16T04:56:56.8205975Z ##[endgroup]
2026-04-16T04:56:56.8206578Z ##[group]Setting up auth
2026-04-16T04:56:56.8212885Z [command]/usr/bin/git config --local --name-only --get-regexp core\.sshCommand
2026-04-16T04:56:56.8246354Z [command]/usr/bin/git submodule foreach --recursive sh -c "git config --local --name-only --get-regexp 'core\.sshCommand' && git config --local --unset-all 'core.sshCommand' || :"
2026-04-16T04:56:56.8542169Z [command]/usr/bin/git config --local --name-only --get-regexp http\.https\:\/\/github\.com\/\.extraheader
2026-04-16T04:56:56.8574114Z [command]/usr/bin/git submodule foreach --recursive sh -c "git config --local --name-only --get-regexp 'http\.https\:\/\/github\.com\/\.extraheader' && git config --local --unset-all 'http.https://github.com/.extraheader' || :"
2026-04-16T04:56:56.8817069Z [command]/usr/bin/git config --local http.https://github.com/.extraheader AUTHORIZATION: basic ***
2026-04-16T04:56:56.8861385Z ##[endgroup]
2026-04-16T04:56:56.8861929Z ##[group]Fetching the repository
2026-04-16T04:56:56.8868512Z [command]/usr/bin/git -c protocol.version=2 fetch --no-tags --prune --progress --no-recurse-submodules --depth=1 origin +a0453c2658efce97a0ff0b5892afdbbeb4fe420b:refs/remotes/pull/3200/merge
2026-04-16T04:56:57.0408513Z remote: Enumerating objects: 71, done.        
2026-04-16T04:56:57.0409228Z remote: Counting objects:   1% (1/71)        
2026-04-16T04:56:57.0409749Z remote: Counting objects:   2% (2/71)        
2026-04-16T04:56:57.0410530Z remote: Counting objects:   4% (3/71)        
2026-04-16T04:56:57.0410908Z remote: Counting objects:   5% (4/71)        
2026-04-16T04:56:57.0411240Z remote: Counting objects:   7% (5/71)        
2026-04-16T04:56:57.0411571Z remote: Counting objects:   8% (6/71)        
2026-04-16T04:56:57.0411895Z remote: Counting objects:   9% (7/71)        
2026-04-16T04:56:57.0412207Z remote: Counting objects:  11% (8/71)        
2026-04-16T04:56:57.0412525Z remote: Counting objects:  12% (9/71)        
2026-04-16T04:56:57.0412841Z remote: Counting objects:  14% (10/71)        
2026-04-16T04:56:57.0413183Z remote: Counting objects:  15% (11/71)        
2026-04-16T04:56:57.0413496Z remote: Counting objects:  16% (12/71)        
2026-04-16T04:56:57.0413812Z remote: Counting objects:  18% (13/71)        
2026-04-16T04:56:57.0414126Z remote: Counting objects:  19% (14/71)        
2026-04-16T04:56:57.0414429Z remote: Counting objects:  21% (15/71)        
2026-04-16T04:56:57.0414750Z remote: Counting objects:  22% (16/71)        
2026-04-16T04:56:57.0415440Z remote: Counting objects:  23% (17/71)        
2026-04-16T04:56:57.0415757Z remote: Counting objects:  25% (18/71)        
2026-04-16T04:56:57.0416066Z remote: Counting objects:  26% (19/71)        
2026-04-16T04:56:57.0416376Z remote: Counting objects:  28% (20/71)        
2026-04-16T04:56:57.0416676Z remote: Counting objects:  29% (21/71)        
2026-04-16T04:56:57.0416985Z remote: Counting objects:  30% (22/71)        
2026-04-16T04:56:57.0417308Z remote: Counting objects:  32% (23/71)        
2026-04-16T04:56:57.0417614Z remote: Counting objects:  33% (24/71)        
2026-04-16T04:56:57.0417932Z remote: Counting objects:  35% (25/71)        
2026-04-16T04:56:57.0418240Z remote: Counting objects:  36% (26/71)        
2026-04-16T04:56:57.0418563Z remote: Counting objects:  38% (27/71)        
2026-04-16T04:56:57.0418930Z remote: Counting objects:  39% (28/71)        
2026-04-16T04:56:57.0419335Z remote: Counting objects:  40% (29/71)        
2026-04-16T04:56:57.0419667Z remote: Counting objects:  42% (30/71)        
2026-04-16T04:56:57.0419977Z remote: Counting objects:  43% (31/71)        
2026-04-16T04:56:57.0420646Z remote: Counting objects:  45% (32/71)        
2026-04-16T04:56:57.0420965Z remote: Counting objects:  46% (33/71)        
2026-04-16T04:56:57.0421391Z remote: Counting objects:  47% (34/71)        
2026-04-16T04:56:57.0421904Z remote: Counting objects:  49% (35/71)        
2026-04-16T04:56:57.0422383Z remote: Counting objects:  50% (36/71)        
2026-04-16T04:56:57.0422867Z remote: Counting objects:  52% (37/71)        
2026-04-16T04:56:57.0423368Z remote: Counting objects:  53% (38/71)        
2026-04-16T04:56:57.0423868Z remote: Counting objects:  54% (39/71)        
2026-04-16T04:56:57.0424238Z remote: Counting objects:  56% (40/71)        
2026-04-16T04:56:57.0424555Z remote: Counting objects:  57% (41/71)        
2026-04-16T04:56:57.0424860Z remote: Counting objects:  59% (42/71)        
2026-04-16T04:56:57.0425180Z remote: Counting objects:  60% (43/71)        
2026-04-16T04:56:57.0425565Z remote: Counting objects:  61% (44/71)        
2026-04-16T04:56:57.0425922Z remote: Counting objects:  63% (45/71)        
2026-04-16T04:56:57.0426351Z remote: Counting objects:  64% (46/71)        
2026-04-16T04:56:57.0426663Z remote: Counting objects:  66% (47/71)        
2026-04-16T04:56:57.0427042Z remote: Counting objects:  67% (48/71)        
2026-04-16T04:56:57.0427535Z remote: Counting objects:  69% (49/71)        
2026-04-16T04:56:57.0428027Z remote: Counting objects:  70% (50/71)        
2026-04-16T04:56:57.0428339Z remote: Counting objects:  71% (51/71)        
2026-04-16T04:56:57.0428863Z remote: Counting objects:  73% (52/71)        
2026-04-16T04:56:57.0429176Z remote: Counting objects:  74% (53/71)        
2026-04-16T04:56:57.0429484Z remote: Counting objects:  76% (54/71)        
2026-04-16T04:56:57.0429792Z remote: Counting objects:  77% (55/71)        
2026-04-16T04:56:57.0430096Z remote: Counting objects:  78% (56/71)        
2026-04-16T04:56:57.0430617Z remote: Counting objects:  80% (57/71)        
2026-04-16T04:56:57.0430925Z remote: Counting objects:  81% (58/71)        
2026-04-16T04:56:57.0431238Z remote: Counting objects:  83% (59/71)        
2026-04-16T04:56:57.0431551Z remote: Counting objects:  84% (60/71)        
2026-04-16T04:56:57.0431858Z remote: Counting objects:  85% (61/71)        
2026-04-16T04:56:57.0432168Z remote: Counting objects:  87% (62/71)        
2026-04-16T04:56:57.0432502Z remote: Counting objects:  88% (63/71)        
2026-04-16T04:56:57.0432917Z remote: Counting objects:  90% (64/71)        
2026-04-16T04:56:57.0433497Z remote: Counting objects:  91% (65/71)        
2026-04-16T04:56:57.0433998Z remote: Counting objects:  92% (66/71)        
2026-04-16T04:56:57.0434499Z remote: Counting objects:  94% (67/71)        
2026-04-16T04:56:57.0434990Z remote: Counting objects:  95% (68/71)        
2026-04-16T04:56:57.0435487Z remote: Counting objects:  97% (69/71)        
2026-04-16T04:56:57.0436048Z remote: Counting objects:  98% (70/71)        
2026-04-16T04:56:57.0436518Z remote: Counting objects: 100% (71/71)        
2026-04-16T04:56:57.0436974Z remote: Counting objects: 100% (71/71), done.        
2026-04-16T04:56:57.0437442Z remote: Compressing objects:   1% (1/61)        
2026-04-16T04:56:57.0437895Z remote: Compressing objects:   3% (2/61)        
2026-04-16T04:56:57.0438255Z remote: Compressing objects:   4% (3/61)        
2026-04-16T04:56:57.0438581Z remote: Compressing objects:   6% (4/61)        
2026-04-16T04:56:57.0438902Z remote: Compressing objects:   8% (5/61)        
2026-04-16T04:56:57.0439234Z remote: Compressing objects:   9% (6/61)        
2026-04-16T04:56:57.0439560Z remote: Compressing objects:  11% (7/61)        
2026-04-16T04:56:57.0439880Z remote: Compressing objects:  13% (8/61)        
2026-04-16T04:56:57.0440534Z remote: Compressing objects:  14% (9/61)        
2026-04-16T04:56:57.0440990Z remote: Compressing objects:  16% (10/61)        
2026-04-16T04:56:57.0441536Z remote: Compressing objects:  18% (11/61)        
2026-04-16T04:56:57.0441912Z remote: Compressing objects:  19% (12/61)        
2026-04-16T04:56:57.0442396Z remote: Compressing objects:  21% (13/61)        
2026-04-16T04:56:57.0442900Z remote: Compressing objects:  22% (14/61)        
2026-04-16T04:56:57.0443436Z remote: Compressing objects:  24% (15/61)        
2026-04-16T04:56:57.0443967Z remote: Compressing objects:  26% (16/61)        
2026-04-16T04:56:57.0444438Z remote: Compressing objects:  27% (17/61)        
2026-04-16T04:56:57.0444842Z remote: Compressing objects:  29% (18/61)        
2026-04-16T04:56:57.0445207Z remote: Compressing objects:  31% (19/61)        
2026-04-16T04:56:57.0445536Z remote: Compressing objects:  32% (20/61)        
2026-04-16T04:56:57.0445880Z remote: Compressing objects:  34% (21/61)        
2026-04-16T04:56:57.0446209Z remote: Compressing objects:  36% (22/61)        
2026-04-16T04:56:57.0446536Z remote: Compressing objects:  37% (23/61)        
2026-04-16T04:56:57.0446940Z remote: Compressing objects:  39% (24/61)        
2026-04-16T04:56:57.0447432Z remote: Compressing objects:  40% (25/61)        
2026-04-16T04:56:57.0447830Z remote: Compressing objects:  42% (26/61)        
2026-04-16T04:56:57.0448367Z remote: Compressing objects:  44% (27/61)        
2026-04-16T04:56:57.0448952Z remote: Compressing objects:  45% (28/61)        
2026-04-16T04:56:57.0449485Z remote: Compressing objects:  47% (29/61)        
2026-04-16T04:56:57.0450017Z remote: Compressing objects:  49% (30/61)        
2026-04-16T04:56:57.0450771Z remote: Compressing objects:  50% (31/61)        
2026-04-16T04:56:57.0451458Z remote: Compressing objects:  52% (32/61)        
2026-04-16T04:56:57.0451800Z remote: Compressing objects:  54% (33/61)        
2026-04-16T04:56:57.0452119Z remote: Compressing objects:  55% (34/61)        
2026-04-16T04:56:57.0452448Z remote: Compressing objects:  57% (35/61)        
2026-04-16T04:56:57.0452764Z remote: Compressing objects:  59% (36/61)        
2026-04-16T04:56:57.0453095Z remote: Compressing objects:  60% (37/61)        
2026-04-16T04:56:57.0453418Z remote: Compressing objects:  62% (38/61)        
2026-04-16T04:56:57.0453735Z remote: Compressing objects:  63% (39/61)        
2026-04-16T04:56:57.0454063Z remote: Compressing objects:  65% (40/61)        
2026-04-16T04:56:57.0454512Z remote: Compressing objects:  67% (41/61)        
2026-04-16T04:56:57.0454907Z remote: Compressing objects:  68% (42/61)        
2026-04-16T04:56:57.0455347Z remote: Compressing objects:  70% (43/61)        
2026-04-16T04:56:57.0455846Z remote: Compressing objects:  72% (44/61)        
2026-04-16T04:56:57.0456185Z remote: Compressing objects:  73% (45/61)        
2026-04-16T04:56:57.0456510Z remote: Compressing objects:  75% (46/61)        
2026-04-16T04:56:57.0458412Z remote: Compressing objects:  77% (47/61)        
2026-04-16T04:56:57.0459509Z remote: Compressing objects:  78% (48/61)        
2026-04-16T04:56:57.0459844Z remote: Compressing objects:  80% (49/61)        
2026-04-16T04:56:57.0462182Z remote: Compressing objects:  81% (50/61)        
2026-04-16T04:56:57.0462590Z remote: Compressing objects:  83% (51/61)        
2026-04-16T04:56:57.0462924Z remote: Compressing objects:  85% (52/61)        
2026-04-16T04:56:57.0463247Z remote: Compressing objects:  86% (53/61)        
2026-04-16T04:56:57.0463574Z remote: Compressing objects:  88% (54/61)        
2026-04-16T04:56:57.0463890Z remote: Compressing objects:  90% (55/61)        
2026-04-16T04:56:57.0464216Z remote: Compressing objects:  91% (56/61)        
2026-04-16T04:56:57.0464532Z remote: Compressing objects:  93% (57/61)        
2026-04-16T04:56:57.0464866Z remote: Compressing objects:  95% (58/61)        
2026-04-16T04:56:57.0465212Z remote: Compressing objects:  96% (59/61)        
2026-04-16T04:56:57.0465528Z remote: Compressing objects:  98% (60/61)        
2026-04-16T04:56:57.0465849Z remote: Compressing objects: 100% (61/61)        
2026-04-16T04:56:57.0466201Z remote: Compressing objects: 100% (61/61), done.        
2026-04-16T04:56:57.0569562Z remote: Total 71 (delta 6), reused 38 (delta 3), pack-reused 0 (from 0)        
2026-04-16T04:56:57.0760940Z From https://github.com/airbnb/javascript
2026-04-16T04:56:57.0761512Z  * [new ref]         a0453c2658efce97a0ff0b5892afdbbeb4fe420b -> pull/3200/merge
2026-04-16T04:56:57.0791338Z ##[endgroup]
2026-04-16T04:56:57.0791915Z ##[group]Determining the checkout info
2026-04-16T04:56:57.0792904Z ##[endgroup]
2026-04-16T04:56:57.0793509Z ##[group]Checking out the ref
2026-04-16T04:56:57.0797359Z [command]/usr/bin/git checkout --progress --force refs/remotes/pull/3200/merge
2026-04-16T04:56:57.0885031Z Note: switching to 'refs/remotes/pull/3200/merge'.
2026-04-16T04:56:57.0885553Z 
2026-04-16T04:56:57.0885899Z You are in 'detached HEAD' state. You can look around, make experimental
2026-04-16T04:56:57.0886654Z changes and commit them, and you can discard any commits you make in this
2026-04-16T04:56:57.0887459Z state without impacting any branches by switching back to a branch.
2026-04-16T04:56:57.0887952Z 
2026-04-16T04:56:57.0888270Z If you want to create a new branch to retain commits you create, you may
2026-04-16T04:56:57.0889003Z do so (now or later) by using -c with the switch command. Example:
2026-04-16T04:56:57.0889412Z 
2026-04-16T04:56:57.0889594Z   git switch -c <new-branch-name>
2026-04-16T04:56:57.0889787Z 
2026-04-16T04:56:57.0889908Z Or undo this operation with:
2026-04-16T04:56:57.0890093Z 
2026-04-16T04:56:57.0890444Z   git switch -
2026-04-16T04:56:57.0890623Z 
2026-04-16T04:56:57.0890862Z Turn off this advice by setting config variable advice.detachedHead to false
2026-04-16T04:56:57.0891179Z 
2026-04-16T04:56:57.0891784Z HEAD is now at a0453c2 Merge 57ac2eafa2c373612f2e271f195f1ca7fd17f502 into 05aabc4f8fca0921efcc2e93174b1fd31929caaa
2026-04-16T04:56:57.0894665Z ##[endgroup]
2026-04-16T04:56:57.0935339Z [command]/usr/bin/git log -1 --format='%H'
2026-04-16T04:56:57.0960900Z 'a0453c2658efce97a0ff0b5892afdbbeb4fe420b'
2026-04-16T04:56:57.1189496Z ##[group]Run ljharb/actions/node/install@main
2026-04-16T04:56:57.1189860Z with:
2026-04-16T04:56:57.1190341Z   before_install: cd "packages/eslint-config-airbnb-base"
2026-04-16T04:56:57.1190692Z   node-version: 25
2026-04-16T04:56:57.1190978Z   after_install: npm install --no-save "eslint@7"

2026-04-16T04:56:57.1191302Z   skip-install: false
2026-04-16T04:56:57.1191553Z   skip-ls-check: false
2026-04-16T04:56:57.1191799Z   skip-latest-npm: false
2026-04-16T04:56:57.1192053Z   use-npm-ci: false
2026-04-16T04:56:57.1192280Z ##[endgroup]
2026-04-16T04:56:57.5541703Z **** debug ****
2026-04-16T04:56:57.5581337Z * nvm: 0.40.4
2026-04-16T04:56:57.5667705Z * node: /usr/local/bin/node (v20.20.2)
2026-04-16T04:56:57.7068582Z * npm: /usr/local/bin/npm (10.8.2)
2026-04-16T04:56:57.8144564Z * npm root -g: /usr/local/lib/node_modules
2026-04-16T04:56:57.8145152Z * NVM_DIR: /home/runner/.nvm
2026-04-16T04:56:57.8146789Z * PATH: /snap/bin:/home/runner/.local/bin:/opt/pipx_bin:/home/runner/.cargo/bin:/home/runner/.config/composer/vendor/bin:/usr/local/.ghcup/bin:/home/runner/.dotnet/tools:/usr/local/sbin:/usr/local/bin:/usr/sbin:/usr/bin:/sbin:/bin:/usr/games:/usr/local/games:/snap/bin
2026-04-16T04:56:57.8148750Z * VERSION: 25
2026-04-16T04:56:57.8149176Z * BEFORE_INSTALL: cd "packages/eslint-config-airbnb-base"
2026-04-16T04:56:57.8149651Z * CACHE_HIT: 
2026-04-16T04:56:57.8150026Z * AFTER_INSTALL: npm install --no-save "eslint@7"
2026-04-16T04:56:57.8150603Z * SKIP_LS_CHECK: false
2026-04-16T04:56:57.8150821Z * SKIP_INSTALL: false
2026-04-16T04:56:57.8151042Z * INSTALL_COMMAND: install
2026-04-16T04:56:57.8151286Z **** end debug ****
2026-04-16T04:56:57.8192083Z 
2026-04-16T04:56:57.8192110Z 
2026-04-16T04:56:57.8192748Z ******> nvm install --latest-npm 25
2026-04-16T04:56:58.3265137Z Downloading and installing node v25.9.0...
2026-04-16T04:56:58.4717722Z Downloading https://nodejs.org/dist/v25.9.0/node-v25.9.0-linux-x64.tar.xz...
2026-04-16T04:56:58.6081448Z 
2026-04-16T04:56:58.7078240Z ###################                                                       27.6%
2026-04-16T04:56:58.7345184Z ###############################################################           87.8%
2026-04-16T04:56:58.7346009Z ######################################################################## 100.0%
2026-04-16T04:56:58.7544302Z Computing checksum with sha256sum
2026-04-16T04:56:58.7885374Z Checksums matched!
2026-04-16T04:57:01.2853769Z Now using node v25.9.0 (npm v11.12.1)
2026-04-16T04:57:01.3260365Z Attempting to upgrade to the latest working version of npm...
2026-04-16T04:57:01.5144421Z * Installing latest `npm`; if this does not work on your node version, please report a bug!
2026-04-16T04:57:04.1343182Z 
2026-04-16T04:57:04.1344082Z changed 10 packages in 3s
2026-04-16T04:57:04.1352886Z 
2026-04-16T04:57:04.1353239Z 15 packages are looking for funding
2026-04-16T04:57:04.1353747Z   run `npm fund` for details
2026-04-16T04:57:04.2715113Z * npm upgraded to: v11.12.1
2026-04-16T04:57:04.2775423Z **** debug ****
2026-04-16T04:57:04.2841793Z * node: /home/runner/.nvm/versions/node/v25.9.0/bin/node (v25.9.0)
2026-04-16T04:57:04.3668795Z * npm: /home/runner/.nvm/versions/node/v25.9.0/bin/npm (11.12.1)
2026-04-16T04:57:04.4710930Z * npm root -g: /home/runner/.nvm/versions/node/v25.9.0/lib/node_modules
2026-04-16T04:57:04.4722727Z * PATH: /home/runner/.nvm/versions/node/v25.9.0/bin:/snap/bin:/home/runner/.local/bin:/opt/pipx_bin:/home/runner/.cargo/bin:/home/runner/.config/composer/vendor/bin:/usr/local/.ghcup/bin:/home/runner/.dotnet/tools:/usr/local/sbin:/usr/local/bin:/usr/sbin:/usr/bin:/sbin:/bin:/usr/games:/usr/local/games:/snap/bin
2026-04-16T04:57:04.4724904Z **** end debug ****
2026-04-16T04:57:04.4725516Z 
2026-04-16T04:57:04.4725737Z 
2026-04-16T04:57:04.4726166Z ******> cd "packages/eslint-config-airbnb-base"
2026-04-16T04:57:04.4726724Z 
2026-04-16T04:57:04.4726915Z 
2026-04-16T04:57:04.4727217Z ******> npm install
2026-04-16T04:57:16.1742933Z npm warn deprecated date-format@0.0.2: 0.x is no longer supported. Please upgrade to 4.x or higher.
2026-04-16T04:57:16.2564784Z npm warn deprecated lodash.get@4.4.2: This package is deprecated. Use the optional chaining (?.) operator instead.
2026-04-16T04:57:16.3208777Z npm warn deprecated inflight@1.0.6: This module is not supported, and leaks memory. Do not use it. Check out lru-cache if you want a good and tested way to coalesce async requests by a key value, which is much more comprehensive and powerful.
2026-04-16T04:57:16.3814178Z npm warn deprecated rimraf@3.0.2: Rimraf versions prior to v4 are no longer supported
2026-04-16T04:57:16.7889448Z npm warn deprecated @humanwhocodes/object-schema@2.0.3: Use @eslint/object-schema instead
2026-04-16T04:57:16.8496856Z npm warn deprecated @humanwhocodes/config-array@0.13.0: Use @eslint/config-array instead
2026-04-16T04:57:16.9009770Z npm warn deprecated glob@6.0.4: Old versions of glob are not supported, and contain widely publicized security vulnerabilities, which have been fixed in the current version. Please update. Support for old versions may be purchased (at exorbitant rates) by contacting i@izs.me
2026-04-16T04:57:17.2090617Z npm warn deprecated @babel/plugin-proposal-optional-catch-binding@7.18.6: This proposal has been merged to the ECMAScript standard and thus this plugin is no longer maintained. Please use @babel/plugin-transform-optional-catch-binding instead.
2026-04-16T04:57:17.2180805Z npm warn deprecated @babel/plugin-proposal-numeric-separator@7.18.6: This proposal has been merged to the ECMAScript standard and thus this plugin is no longer maintained. Please use @babel/plugin-transform-numeric-separator instead.
2026-04-16T04:57:17.2284028Z npm warn deprecated @babel/plugin-proposal-optional-chaining@7.21.0: This proposal has been merged to the ECMAScript standard and thus this plugin is no longer maintained. Please use @babel/plugin-transform-optional-chaining instead.
2026-04-16T04:57:17.2481553Z npm warn deprecated @babel/plugin-proposal-nullish-coalescing-operator@7.18.6: This proposal has been merged to the ECMAScript standard and thus this plugin is no longer maintained. Please use @babel/plugin-transform-nullish-coalescing-operator instead.
2026-04-16T04:57:17.2708755Z npm warn deprecated @babel/plugin-proposal-object-rest-spread@7.20.7: This proposal has been merged to the ECMAScript standard and thus this plugin is no longer maintained. Please use @babel/plugin-transform-object-rest-spread instead.
2026-04-16T04:57:17.3065134Z npm warn deprecated @babel/polyfill@7.12.1: 🚨 This package has been deprecated in favor of separate inclusion of a polyfill and regenerator-runtime (when needed). See the @babel/polyfill docs (https://babeljs.io/docs/en/babel-polyfill) for more information.
2026-04-16T04:57:17.4035497Z npm warn deprecated glob@7.2.3: Old versions of glob are not supported, and contain widely publicized security vulnerabilities, which have been fixed in the current version. Please update. Support for old versions may be purchased (at exorbitant rates) by contacting i@izs.me
2026-04-16T04:57:17.4637036Z npm warn deprecated glob@7.2.3: Old versions of glob are not supported, and contain widely publicized security vulnerabilities, which have been fixed in the current version. Please update. Support for old versions may be purchased (at exorbitant rates) by contacting i@izs.me
2026-04-16T04:57:17.5218589Z npm warn deprecated glob@7.2.3: Old versions of glob are not supported, and contain widely publicized security vulnerabilities, which have been fixed in the current version. Please update. Support for old versions may be purchased (at exorbitant rates) by contacting i@izs.me
2026-04-16T04:57:17.6181636Z npm warn deprecated glob@7.2.3: Old versions of glob are not supported, and contain widely publicized security vulnerabilities, which have been fixed in the current version. Please update. Support for old versions may be purchased (at exorbitant rates) by contacting i@izs.me
2026-04-16T04:57:17.6314027Z npm warn deprecated glob@7.2.3: Old versions of glob are not supported, and contain widely publicized security vulnerabilities, which have been fixed in the current version. Please update. Support for old versions may be purchased (at exorbitant rates) by contacting i@izs.me
2026-04-16T04:57:17.7676611Z npm warn deprecated axios@0.18.1: Critical security vulnerability fixed in v0.21.1. For more information, see https://github.com/axios/axios/pull/3410
2026-04-16T04:57:18.4677519Z npm warn deprecated highlight.js@9.12.0: Version no longer supported. Upgrade to @latest
2026-04-16T04:57:18.6921620Z npm warn deprecated eslint@8.57.1: This version is no longer supported. Please see https://eslint.org/version-support for other options.
2026-04-16T04:57:19.1501584Z npm warn deprecated core-js@2.6.12: core-js@<3.23.3 is no longer maintained and not recommended for usage due to the number of issues. Because of the V8 engine whims, feature detection in old core-js versions could cause a slowdown up to 100x even if nothing is polyfilled. Some versions have web compatibility issues. Please, upgrade your dependencies to the actual version of core-js.
2026-04-16T04:57:19.3362864Z 
2026-04-16T04:57:19.3363902Z > eslint-config-airbnb-base@15.0.0 prepublish
2026-04-16T04:57:19.3367262Z > not-in-publish || npm run prepublishOnly
2026-04-16T04:57:19.3367497Z 
2026-04-16T04:57:19.3834893Z 
2026-04-16T04:57:19.3835486Z added 661 packages, and audited 662 packages in 15s
2026-04-16T04:57:19.3835840Z 
2026-04-16T04:57:19.3836786Z 125 packages are looking for funding
2026-04-16T04:57:19.3837859Z   run `npm fund` for details
2026-04-16T04:57:19.3912779Z 
2026-04-16T04:57:19.3913720Z 15 vulnerabilities (8 moderate, 6 high, 1 critical)
2026-04-16T04:57:19.3914013Z 
2026-04-16T04:57:19.3914166Z To address issues that do not require attention, run:
2026-04-16T04:57:19.3914564Z   npm audit fix
2026-04-16T04:57:19.3914731Z 
2026-04-16T04:57:19.3914925Z To address all issues (including breaking changes), run:
2026-04-16T04:57:19.3915354Z   npm audit fix --force
2026-04-16T04:57:19.3915572Z 
2026-04-16T04:57:19.3915699Z Run `npm audit` for details.
2026-04-16T04:57:19.4264036Z 
2026-04-16T04:57:19.4264063Z 
2026-04-16T04:57:19.4264578Z ******> npm install --no-save "eslint@7"
2026-04-16T04:57:20.8248360Z npm warn deprecated @humanwhocodes/config-array@0.5.0: Use @eslint/config-array instead
2026-04-16T04:57:20.8514109Z npm warn deprecated @humanwhocodes/object-schema@1.2.1: Use @eslint/object-schema instead
2026-04-16T04:57:21.1498047Z npm warn deprecated eslint@7.32.0: This version is no longer supported. Please see https://eslint.org/version-support for other options.
2026-04-16T04:57:21.2978239Z 
2026-04-16T04:57:21.2978977Z added 29 packages, removed 22 packages, changed 12 packages, and audited 669 packages in 2s
2026-04-16T04:57:21.2979576Z 
2026-04-16T04:57:21.2979992Z 117 packages are looking for funding
2026-04-16T04:57:21.2980966Z   run `npm fund` for details
2026-04-16T04:57:21.3099350Z 
2026-04-16T04:57:21.3099916Z 15 vulnerabilities (8 moderate, 6 high, 1 critical)
2026-04-16T04:57:21.3100439Z 
2026-04-16T04:57:21.3100687Z To address issues that do not require attention, run:
2026-04-16T04:57:21.3101045Z   npm audit fix
2026-04-16T04:57:21.3101167Z 
2026-04-16T04:57:21.3101315Z To address all issues (including breaking changes), run:
2026-04-16T04:57:21.3101620Z   npm audit fix --force
2026-04-16T04:57:21.3101763Z 
2026-04-16T04:57:21.3101862Z Run `npm audit` for details.
2026-04-16T04:57:21.3282729Z 
2026-04-16T04:57:21.3282741Z 
2026-04-16T04:57:21.3283106Z ******> npm ls >/dev/null
2026-04-16T04:57:21.6945402Z eslint-config-airbnb-base@15.0.0 /home/runner/work/javascript/javascript/packages/eslint-config-airbnb-base
2026-04-16T04:57:21.6946492Z ├── @babel/runtime@7.29.2
2026-04-16T04:57:21.6946955Z ├── babel-preset-airbnb@4.5.0
2026-04-16T04:57:21.6947348Z ├── babel-tape-runner@3.0.0
2026-04-16T04:57:21.6947765Z ├── confusing-browser-globals@1.0.11
2026-04-16T04:57:21.6948182Z ├── eclint@2.8.1
2026-04-16T04:57:21.6948523Z ├── eslint-find-rules@4.2.0
2026-04-16T04:57:21.6948932Z ├── eslint-plugin-import@2.32.0
2026-04-16T04:57:21.6949839Z ├── eslint@7.32.0
2026-04-16T04:57:21.6950453Z ├── in-publish@2.0.1
2026-04-16T04:57:21.6950857Z ├── safe-publish-latest@2.0.0
2026-04-16T04:57:21.6951242Z └── tape@5.9.0
2026-04-16T04:57:21.6951392Z 
2026-04-16T04:57:21.7063270Z got status code 0
2026-04-16T04:57:27.3689264Z ##[group]Run node -pe "require('eslint/package.json').version"
2026-04-16T04:57:27.3689764Z [36;1mnode -pe "require('eslint/package.json').version"[0m
2026-04-16T04:57:27.3717228Z shell: /usr/bin/bash -e {0}
2026-04-16T04:57:27.3717476Z ##[endgroup]
2026-04-16T04:57:27.4033563Z 7.32.0
2026-04-16T04:57:27.4112162Z ##[group]Run npm run travis
2026-04-16T04:57:27.4112483Z [36;1mnpm run travis[0m
2026-04-16T04:57:27.4134743Z shell: /usr/bin/bash -e {0}
2026-04-16T04:57:27.4134983Z ##[endgroup]
2026-04-16T04:57:27.5139333Z 
2026-04-16T04:57:27.5139844Z > eslint-config-airbnb-base@15.0.0 pretravis
2026-04-16T04:57:27.5140376Z > :
2026-04-16T04:57:27.5140471Z 
2026-04-16T04:57:27.5187165Z 
2026-04-16T04:57:27.5187395Z > eslint-config-airbnb-base@15.0.0 travis
2026-04-16T04:57:27.5187881Z > npm run --silent tests-only
2026-04-16T04:57:27.5188502Z 
2026-04-16T04:57:27.6972800Z TAP version 13
2026-04-16T04:57:27.6978058Z # all entry points parse
2026-04-16T04:57:27.6988492Z ok 1 index does not throw
2026-04-16T04:57:27.6992422Z ok 2 legacy does not throw
2026-04-16T04:57:28.0943579Z not ok 3 whitespace does not throw
2026-04-16T04:57:28.0944100Z   ---
2026-04-16T04:57:28.0944402Z     operator: throws
2026-04-16T04:57:28.0944718Z     expected: |-
2026-04-16T04:57:28.0944989Z       undefined
2026-04-16T04:57:28.0945357Z     actual: |-
2026-04-16T04:57:28.0946458Z       [Error: BaseConfig » /home/runner/work/javascript/javascript/packages/eslint-config-airbnb-base/rules/imports.js:
2026-04-16T04:57:28.0947401Z 	Configuration for rule "import/enforce-node-protocol-usage" is invalid:
2026-04-16T04:57:28.0948190Z 	Severity should be one of the following: 0 = off, 1 = warn, 2 = error (you passed '"never"').
2026-04-16T04:57:28.0948785Z ]
2026-04-16T04:57:28.0949501Z     at: Test.<anonymous> (/home/runner/work/javascript/javascript/packages/eslint-config-airbnb-base/test/requires.js:10:5)
2026-04-16T04:57:28.0950604Z     stack: |-
2026-04-16T04:57:28.0951490Z       Error: BaseConfig » /home/runner/work/javascript/javascript/packages/eslint-config-airbnb-base/rules/imports.js:
2026-04-16T04:57:28.0952531Z       	Configuration for rule "import/enforce-node-protocol-usage" is invalid:
2026-04-16T04:57:28.0953082Z       	Severity should be one of the following: 0 = off, 1 = warn, 2 = error (you passed '"never"').
2026-04-16T04:57:28.0953483Z       
2026-04-16T04:57:28.0954198Z           at ConfigValidator.validateRuleOptions (/home/runner/work/javascript/javascript/packages/eslint-config-airbnb-base/node_modules/@eslint/eslintrc/lib/shared/config-validator.js:144:23)
2026-04-16T04:57:28.0956005Z           at /home/runner/work/javascript/javascript/packages/eslint-config-airbnb-base/node_modules/@eslint/eslintrc/lib/shared/config-validator.js:199:18
2026-04-16T04:57:28.0957056Z           at Array.forEach (<anonymous>)
2026-04-16T04:57:28.0958145Z           at ConfigValidator.validateRules (/home/runner/work/javascript/javascript/packages/eslint-config-airbnb-base/node_modules/@eslint/eslintrc/lib/shared/config-validator.js:196:34)
2026-04-16T04:57:28.0959887Z           at ConfigValidator.validateConfigArray (/home/runner/work/javascript/javascript/packages/eslint-config-airbnb-base/node_modules/@eslint/eslintrc/lib/shared/config-validator.js:322:18)
2026-04-16T04:57:28.0961899Z           at CascadingConfigArrayFactory._finalizeConfigArray (/home/runner/work/javascript/javascript/packages/eslint-config-airbnb-base/node_modules/@eslint/eslintrc/lib/cascading-config-array-factory.js:493:23)
2026-04-16T04:57:28.0963433Z           at CascadingConfigArrayFactory.getConfigArrayForFile (/home/runner/work/javascript/javascript/packages/eslint-config-airbnb-base/node_modules/@eslint/eslintrc/lib/cascading-config-array-factory.js:299:21)
2026-04-16T04:57:28.0964698Z           at CLIEngine.getConfigForFile (/home/runner/work/javascript/javascript/packages/eslint-config-airbnb-base/node_modules/eslint/lib/cli-engine/cli-engine.js:953:14)
2026-04-16T04:57:28.0965644Z           at onlyErrorOnRules (/home/runner/work/javascript/javascript/packages/eslint-config-airbnb-base/whitespace.js:28:27)
2026-04-16T04:57:28.0966444Z           at Object.<anonymous> (/home/runner/work/javascript/javascript/packages/eslint-config-airbnb-base/whitespace.js:49:20)
2026-04-16T04:57:28.0966951Z   ...
2026-04-16T04:57:28.0967064Z 
2026-04-16T04:57:28.0967590Z 1..3
2026-04-16T04:57:28.0967756Z # tests 3
2026-04-16T04:57:28.0967915Z # pass  2
2026-04-16T04:57:28.0968073Z # fail  1
2026-04-16T04:57:28.0968159Z 
2026-04-16T04:57:28.1193867Z ##[error]Process completed with exit code 1.
2026-04-16T04:57:28.1279825Z Post job cleanup.
2026-04-16T04:57:28.2227887Z + AFTER_SUCCESS=
2026-04-16T04:57:28.2228228Z **** debug ****
2026-04-16T04:57:28.2228508Z * AFTER_SUCCESS: 
2026-04-16T04:57:28.2228778Z **** end debug ****
2026-04-16T04:57:28.2229051Z + echo '**** debug ****'
2026-04-16T04:57:28.2229674Z + echo '* AFTER_SUCCESS: '
2026-04-16T04:57:28.2229891Z + echo '**** end debug ****'
2026-04-16T04:57:28.2230336Z + '[' -n '' ']'
2026-04-16T04:57:28.2356779Z Post job cleanup.
2026-04-16T04:57:28.3341364Z [command]/usr/bin/git version
2026-04-16T04:57:28.3382880Z git version 2.53.0
2026-04-16T04:57:28.3429305Z Temporarily overriding HOME='/home/runner/work/_temp/4799c3be-8419-423a-a1b6-904bc07974e1' before making global git config changes
2026-04-16T04:57:28.3430731Z Adding repository directory to the temporary git global config as a safe directory
2026-04-16T04:57:28.3434604Z [command]/usr/bin/git config --global --add safe.directory /home/runner/work/javascript/javascript
2026-04-16T04:57:28.3478166Z [command]/usr/bin/git config --local --name-only --get-regexp core\.sshCommand
2026-04-16T04:57:28.3516937Z [command]/usr/bin/git submodule foreach --recursive sh -c "git config --local --name-only --get-regexp 'core\.sshCommand' && git config --local --unset-all 'core.sshCommand' || :"
2026-04-16T04:57:28.3781829Z [command]/usr/bin/git config --local --name-only --get-regexp http\.https\:\/\/github\.com\/\.extraheader
2026-04-16T04:57:28.3810543Z http.https://github.com/.extraheader
2026-04-16T04:57:28.3822566Z [command]/usr/bin/git config --local --unset-all http.https://github.com/.extraheader
2026-04-16T04:57:28.3862879Z [command]/usr/bin/git submodule foreach --recursive sh -c "git config --local --name-only --get-regexp 'http\.https\:\/\/github\.com\/\.extraheader' && git config --local --unset-all 'http.https://github.com/.extraheader' || :"
2026-04-16T04:57:28.4278755Z Cleaning up orphan processes
2026-04-16T04:57:28.4605073Z ##[warning]Node.js 20 actions are deprecated. The following actions are running on Node.js 20 and may not work as expected: actions/checkout@v2, ljharb/actions/node/install@main. Actions will be forced to run with Node.js 24 by default starting June 2nd, 2026. Node.js 20 will be removed from the runner on September 16th, 2026. Please check if updated versions of these actions are available that support Node.js 24. To opt into Node.js 24 now, set the FORCE_JAVASCRIPT_ACTIONS_TO_NODE24=true environment variable on the runner or in your workflow file. Once Node.js 24 becomes the default, you can temporarily opt out by setting ACTIONS_ALLOW_USE_UNSECURE_NODE_VERSION=true. For more information see: https://github.blog/changelog/2025-09-19-deprecation-of-node-20-on-github-actions-runners/
