2026-01-29T17:01:44.0520763Z Current runner version: '2.331.0'
2026-01-29T17:01:44.0545566Z ##[group]Runner Image Provisioner
2026-01-29T17:01:44.0546485Z Hosted Compute Agent
2026-01-29T17:01:44.0547054Z Version: 20260123.484
2026-01-29T17:01:44.0547600Z Commit: 6bd6555ca37d84114959e1c76d2c01448ff61c5d
2026-01-29T17:01:44.0548349Z Build Date: 2026-01-23T19:41:17Z
2026-01-29T17:01:44.0548982Z Worker ID: {e5134a79-03a7-426f-aa2e-098f3745961d}
2026-01-29T17:01:44.0549656Z Azure Region: westus
2026-01-29T17:01:44.0550124Z ##[endgroup]
2026-01-29T17:01:44.0551590Z ##[group]Operating System
2026-01-29T17:01:44.0552154Z Ubuntu
2026-01-29T17:01:44.0552682Z 24.04.3
2026-01-29T17:01:44.0553187Z LTS
2026-01-29T17:01:44.0553636Z ##[endgroup]
2026-01-29T17:01:44.0554277Z ##[group]Runner Image
2026-01-29T17:01:44.0554867Z Image: ubuntu-24.04
2026-01-29T17:01:44.0555366Z Version: 20260126.10.1
2026-01-29T17:01:44.0556606Z Included Software: https://github.com/actions/runner-images/blob/ubuntu24/20260126.10/images/ubuntu/Ubuntu2404-Readme.md
2026-01-29T17:01:44.0558040Z Image Release: https://github.com/actions/runner-images/releases/tag/ubuntu24%2F20260126.10
2026-01-29T17:01:44.0558917Z ##[endgroup]
2026-01-29T17:01:44.0559872Z ##[group]GITHUB_TOKEN Permissions
2026-01-29T17:01:44.0561785Z Metadata: read
2026-01-29T17:01:44.0562365Z ##[endgroup]
2026-01-29T17:01:44.0564772Z Secret source: None
2026-01-29T17:01:44.0565426Z Prepare workflow directory
2026-01-29T17:01:44.0973068Z Prepare all required actions
2026-01-29T17:01:44.1012901Z Getting action download info
2026-01-29T17:01:44.5974608Z Download action repository 'actions/checkout@v6' (SHA:8e8c483db84b4bee98b60c0593521ed34d9990e8)
2026-01-29T17:01:44.7015189Z Download action repository 'pnpm/action-setup@v4' (SHA:41ff72655975bd51cab0327fa583b6e92b6d3061)
2026-01-29T17:01:45.3850185Z Download action repository 'actions/setup-node@v6' (SHA:6044e13b5dc448c55e2357c09f80417699197238)
2026-01-29T17:01:45.6567364Z Complete job name: Tests (20, ubuntu-latest)
2026-01-29T17:01:45.7422117Z ##[group]Run actions/checkout@v6
2026-01-29T17:01:45.7423453Z with:
2026-01-29T17:01:45.7424353Z   repository: sveltejs/svelte
2026-01-29T17:01:45.7425628Z   token: ***
2026-01-29T17:01:45.7426363Z   ssh-strict: true
2026-01-29T17:01:45.7427088Z   ssh-user: git
2026-01-29T17:01:45.7427837Z   persist-credentials: true
2026-01-29T17:01:45.7428691Z   clean: true
2026-01-29T17:01:45.7429447Z   sparse-checkout-cone-mode: true
2026-01-29T17:01:45.7430369Z   fetch-depth: 1
2026-01-29T17:01:45.7431091Z   fetch-tags: false
2026-01-29T17:01:45.7431834Z   show-progress: true
2026-01-29T17:01:45.7432610Z   lfs: false
2026-01-29T17:01:45.7433304Z   submodules: false
2026-01-29T17:01:45.7434250Z   set-safe-directory: true
2026-01-29T17:01:45.7435500Z env:
2026-01-29T17:01:45.7436218Z   PLAYWRIGHT_SKIP_BROWSER_DOWNLOAD: 1
2026-01-29T17:01:45.7437167Z ##[endgroup]
2026-01-29T17:01:45.8407644Z Syncing repository: sveltejs/svelte
2026-01-29T17:01:45.8410367Z ##[group]Getting Git version info
2026-01-29T17:01:45.8411924Z Working directory is '/home/runner/work/svelte/svelte'
2026-01-29T17:01:45.8413801Z [command]/usr/bin/git version
2026-01-29T17:01:45.8462041Z git version 2.52.0
2026-01-29T17:01:45.8484890Z ##[endgroup]
2026-01-29T17:01:45.8500375Z Temporarily overriding HOME='/home/runner/work/_temp/08d59a64-8255-4ca9-ac88-fd281864561a' before making global git config changes
2026-01-29T17:01:45.8503038Z Adding repository directory to the temporary git global config as a safe directory
2026-01-29T17:01:45.8506609Z [command]/usr/bin/git config --global --add safe.directory /home/runner/work/svelte/svelte
2026-01-29T17:01:45.8550313Z Deleting the contents of '/home/runner/work/svelte/svelte'
2026-01-29T17:01:45.8554375Z ##[group]Initializing the repository
2026-01-29T17:01:45.8559216Z [command]/usr/bin/git init /home/runner/work/svelte/svelte
2026-01-29T17:01:45.8666168Z hint: Using 'master' as the name for the initial branch. This default branch name
2026-01-29T17:01:45.8669494Z hint: will change to "main" in Git 3.0. To configure the initial branch name
2026-01-29T17:01:45.8672901Z hint: to use in all of your new repositories, which will suppress this warning,
2026-01-29T17:01:45.8674726Z hint: call:
2026-01-29T17:01:45.8675407Z hint:
2026-01-29T17:01:45.8676568Z hint: 	git config --global init.defaultBranch <name>
2026-01-29T17:01:45.8677850Z hint:
2026-01-29T17:01:45.8678885Z hint: Names commonly chosen instead of 'master' are 'main', 'trunk' and
2026-01-29T17:01:45.8680991Z hint: 'development'. The just-created branch can be renamed via this command:
2026-01-29T17:01:45.8682867Z hint:
2026-01-29T17:01:45.8683574Z hint: 	git branch -m <name>
2026-01-29T17:01:45.8684609Z hint:
2026-01-29T17:01:45.8685736Z hint: Disable this message with "git config set advice.defaultBranchName false"
2026-01-29T17:01:45.8687633Z Initialized empty Git repository in /home/runner/work/svelte/svelte/.git/
2026-01-29T17:01:45.8690680Z [command]/usr/bin/git remote add origin https://github.com/sveltejs/svelte
2026-01-29T17:01:45.8721561Z ##[endgroup]
2026-01-29T17:01:45.8722898Z ##[group]Disabling automatic garbage collection
2026-01-29T17:01:45.8725088Z [command]/usr/bin/git config --local gc.auto 0
2026-01-29T17:01:45.8757607Z ##[endgroup]
2026-01-29T17:01:45.8759711Z ##[group]Setting up auth
2026-01-29T17:01:45.8761224Z Removing SSH command configuration
2026-01-29T17:01:45.8765943Z [command]/usr/bin/git config --local --name-only --get-regexp core\.sshCommand
2026-01-29T17:01:45.8801351Z [command]/usr/bin/git submodule foreach --recursive sh -c "git config --local --name-only --get-regexp 'core\.sshCommand' && git config --local --unset-all 'core.sshCommand' || :"
2026-01-29T17:01:45.9147110Z Removing HTTP extra header
2026-01-29T17:01:45.9154345Z [command]/usr/bin/git config --local --name-only --get-regexp http\.https\:\/\/github\.com\/\.extraheader
2026-01-29T17:01:45.9191689Z [command]/usr/bin/git submodule foreach --recursive sh -c "git config --local --name-only --get-regexp 'http\.https\:\/\/github\.com\/\.extraheader' && git config --local --unset-all 'http.https://github.com/.extraheader' || :"
2026-01-29T17:01:45.9416565Z Removing includeIf entries pointing to credentials config files
2026-01-29T17:01:45.9423098Z [command]/usr/bin/git config --local --name-only --get-regexp ^includeIf\.gitdir:
2026-01-29T17:01:45.9458464Z [command]/usr/bin/git submodule foreach --recursive git config --local --show-origin --name-only --get-regexp remote.origin.url
2026-01-29T17:01:45.9690012Z [command]/usr/bin/git config --file /home/runner/work/_temp/git-credentials-48f41399-1cc9-4db7-8263-07460557f87a.config http.https://github.com/.extraheader AUTHORIZATION: basic ***
2026-01-29T17:01:45.9731049Z [command]/usr/bin/git config --local includeIf.gitdir:/home/runner/work/svelte/svelte/.git.path /home/runner/work/_temp/git-credentials-48f41399-1cc9-4db7-8263-07460557f87a.config
2026-01-29T17:01:45.9764838Z [command]/usr/bin/git config --local includeIf.gitdir:/home/runner/work/svelte/svelte/.git/worktrees/*.path /home/runner/work/_temp/git-credentials-48f41399-1cc9-4db7-8263-07460557f87a.config
2026-01-29T17:01:45.9797876Z [command]/usr/bin/git config --local includeIf.gitdir:/github/workspace/.git.path /github/runner_temp/git-credentials-48f41399-1cc9-4db7-8263-07460557f87a.config
2026-01-29T17:01:45.9832330Z [command]/usr/bin/git config --local includeIf.gitdir:/github/workspace/.git/worktrees/*.path /github/runner_temp/git-credentials-48f41399-1cc9-4db7-8263-07460557f87a.config
2026-01-29T17:01:45.9859748Z ##[endgroup]
2026-01-29T17:01:45.9861907Z ##[group]Fetching the repository
2026-01-29T17:01:45.9871458Z [command]/usr/bin/git -c protocol.version=2 fetch --no-tags --prune --no-recurse-submodules --depth=1 origin +2c59c29f22906be2015d65f8a6bb98e1555579d9:refs/remotes/pull/16607/merge
2026-01-29T17:01:46.5515721Z From https://github.com/sveltejs/svelte
2026-01-29T17:01:46.5517838Z  * [new ref]         2c59c29f22906be2015d65f8a6bb98e1555579d9 -> pull/16607/merge
2026-01-29T17:01:46.5554271Z ##[endgroup]
2026-01-29T17:01:46.5556343Z ##[group]Determining the checkout info
2026-01-29T17:01:46.5558944Z ##[endgroup]
2026-01-29T17:01:46.5562617Z [command]/usr/bin/git sparse-checkout disable
2026-01-29T17:01:46.5605988Z [command]/usr/bin/git config --local --unset-all extensions.worktreeConfig
2026-01-29T17:01:46.5635003Z ##[group]Checking out the ref
2026-01-29T17:01:46.5638191Z [command]/usr/bin/git checkout --progress --force refs/remotes/pull/16607/merge
2026-01-29T17:01:47.0029202Z Note: switching to 'refs/remotes/pull/16607/merge'.
2026-01-29T17:01:47.0031926Z 
2026-01-29T17:01:47.0032531Z You are in 'detached HEAD' state. You can look around, make experimental
2026-01-29T17:01:47.0033549Z changes and commit them, and you can discard any commits you make in this
2026-01-29T17:01:47.0034788Z state without impacting any branches by switching back to a branch.
2026-01-29T17:01:47.0035146Z 
2026-01-29T17:01:47.0035392Z If you want to create a new branch to retain commits you create, you may
2026-01-29T17:01:47.0036019Z do so (now or later) by using -c with the switch command. Example:
2026-01-29T17:01:47.0036338Z 
2026-01-29T17:01:47.0036487Z   git switch -c <new-branch-name>
2026-01-29T17:01:47.0036700Z 
2026-01-29T17:01:47.0036858Z Or undo this operation with:
2026-01-29T17:01:47.0037051Z 
2026-01-29T17:01:47.0037172Z   git switch -
2026-01-29T17:01:47.0037345Z 
2026-01-29T17:01:47.0037660Z Turn off this advice by setting config variable advice.detachedHead to false
2026-01-29T17:01:47.0038044Z 
2026-01-29T17:01:47.0038668Z HEAD is now at 2c59c29 Merge 31d525b60495a09775017d3597aeea6e96e3055d into 26b09ec420bca70d4a718f61dd83393cc2af7b72
2026-01-29T17:01:47.0040825Z ##[endgroup]
2026-01-29T17:01:47.0083335Z [command]/usr/bin/git log -1 --format=%H
2026-01-29T17:01:47.0111991Z 2c59c29f22906be2015d65f8a6bb98e1555579d9
2026-01-29T17:01:47.0333152Z ##[group]Run pnpm/action-setup@v4
2026-01-29T17:01:47.0333577Z with:
2026-01-29T17:01:47.0333828Z   dest: ~/setup-pnpm
2026-01-29T17:01:47.0334296Z   run_install: null
2026-01-29T17:01:47.0334585Z   package_json_file: package.json
2026-01-29T17:01:47.0334934Z   standalone: false
2026-01-29T17:01:47.0335187Z env:
2026-01-29T17:01:47.0335453Z   PLAYWRIGHT_SKIP_BROWSER_DOWNLOAD: 1
2026-01-29T17:01:47.0335784Z ##[endgroup]
2026-01-29T17:01:47.0896612Z ##[group]Running self-installer...
2026-01-29T17:01:47.6295052Z Progress: resolved 1, reused 0, downloaded 0, added 0
2026-01-29T17:01:47.6383468Z Packages: +1
2026-01-29T17:01:47.6384413Z +
2026-01-29T17:01:48.0896041Z Progress: resolved 1, reused 0, downloaded 1, added 1, done
2026-01-29T17:01:48.1262002Z 
2026-01-29T17:01:48.1262485Z dependencies:
2026-01-29T17:01:48.1262947Z + pnpm 10.4.0 (10.28.2 is available)
2026-01-29T17:01:48.1263282Z 
2026-01-29T17:01:48.1300970Z Done in 869ms
2026-01-29T17:01:48.1471539Z ##[endgroup]
2026-01-29T17:01:48.1476827Z Installation Completed!
2026-01-29T17:01:48.1626672Z ##[group]Run actions/setup-node@v6
2026-01-29T17:01:48.1626977Z with:
2026-01-29T17:01:48.1627154Z   node-version: 20
2026-01-29T17:01:48.1627358Z   cache: pnpm
2026-01-29T17:01:48.1627563Z   check-latest: false
2026-01-29T17:01:48.1627927Z   token: ***
2026-01-29T17:01:48.1628126Z   package-manager-cache: true
2026-01-29T17:01:48.1628363Z env:
2026-01-29T17:01:48.1628559Z   PLAYWRIGHT_SKIP_BROWSER_DOWNLOAD: 1
2026-01-29T17:01:48.1628880Z   PNPM_HOME: /home/runner/setup-pnpm/node_modules/.bin
2026-01-29T17:01:48.1629180Z ##[endgroup]
2026-01-29T17:01:48.3193066Z Found in cache @ /opt/hostedtoolcache/node/20.20.0/x64
2026-01-29T17:01:48.3197767Z ##[group]Environment details
2026-01-29T17:01:51.7451493Z node: v20.20.0
2026-01-29T17:01:51.7460452Z npm: 10.8.2
2026-01-29T17:01:51.7460950Z yarn: 1.22.22
2026-01-29T17:01:51.7462206Z ##[endgroup]
2026-01-29T17:01:51.7477603Z [command]/home/runner/setup-pnpm/node_modules/.bin/pnpm store path --silent
2026-01-29T17:01:52.3621484Z /home/runner/setup-pnpm/node_modules/.bin/store/v10
2026-01-29T17:01:52.6476834Z Cache hit for: node-cache-Linux-x64-pnpm-ae8ee48a1a18b7683f382edfccbc9073b904d9ba2c21e7ba274a53683fa972e9
2026-01-29T17:01:53.9378269Z Received 0 of 56287642 (0.0%), 0.0 MBs/sec
2026-01-29T17:01:54.4429542Z Received 56287642 of 56287642 (100.0%), 35.6 MBs/sec
2026-01-29T17:01:54.4431504Z Cache Size: ~54 MB (56287642 B)
2026-01-29T17:01:54.4501573Z [command]/usr/bin/tar -xf /home/runner/work/_temp/60b70a34-81ee-420e-95e7-9d47a64972d2/cache.tzst -P -C /home/runner/work/svelte/svelte --use-compress-program unzstd
2026-01-29T17:01:55.0262002Z Cache restored successfully
2026-01-29T17:01:55.0381089Z Cache restored from key: node-cache-Linux-x64-pnpm-ae8ee48a1a18b7683f382edfccbc9073b904d9ba2c21e7ba274a53683fa972e9
2026-01-29T17:01:55.0522192Z ##[group]Run pnpm install --frozen-lockfile
2026-01-29T17:01:55.0522588Z [36;1mpnpm install --frozen-lockfile[0m
2026-01-29T17:01:55.0565387Z shell: /usr/bin/bash -e {0}
2026-01-29T17:01:55.0565642Z env:
2026-01-29T17:01:55.0565850Z   PLAYWRIGHT_SKIP_BROWSER_DOWNLOAD: 1
2026-01-29T17:01:55.0566176Z   PNPM_HOME: /home/runner/setup-pnpm/node_modules/.bin
2026-01-29T17:01:55.0566469Z ##[endgroup]
2026-01-29T17:01:55.4932864Z Scope: all 3 workspace projects
2026-01-29T17:01:55.5558355Z Lockfile is up to date, resolution step is skipped
2026-01-29T17:01:55.6108788Z Progress: resolved 1, reused 0, downloaded 0, added 0
2026-01-29T17:01:55.7052679Z Packages: +443
2026-01-29T17:01:55.7057577Z ++++++++++++++++++++++++++++++++++++++++++++++++++++++++++++++++++++++++++++++++
2026-01-29T17:01:56.2078073Z Progress: resolved 443, reused 443, downloaded 0, added 443, done
2026-01-29T17:01:56.5235789Z 
2026-01-29T17:01:56.5236705Z devDependencies:
2026-01-29T17:01:56.5237267Z + @changesets/cli 2.29.8
2026-01-29T17:01:56.5237809Z + @sveltejs/eslint-config 8.3.3
2026-01-29T17:01:56.5238472Z + @svitejs/changesets-changelog-github-compact 1.1.0
2026-01-29T17:01:56.5239056Z + @types/node 20.19.17
2026-01-29T17:01:56.5239450Z + @types/picomatch 4.0.2
2026-01-29T17:01:56.5239877Z + @vitest/coverage-v8 2.1.9
2026-01-29T17:01:56.5240267Z + eslint 9.9.1
2026-01-29T17:01:56.5240631Z + eslint-plugin-lube 0.4.3
2026-01-29T17:01:56.5241043Z + eslint-plugin-svelte 3.11.0
2026-01-29T17:01:56.5241474Z + jsdom 25.0.1
2026-01-29T17:01:56.5241817Z + playwright 1.58.0
2026-01-29T17:01:56.5242150Z + prettier 3.2.4
2026-01-29T17:01:56.5242556Z + prettier-plugin-svelte 3.4.0
2026-01-29T17:01:56.5243088Z + svelte 5.49.0 <- packages/svelte
2026-01-29T17:01:56.5243510Z + typescript 5.5.4
2026-01-29T17:01:56.5243875Z + typescript-eslint 8.48.1
2026-01-29T17:01:56.5244521Z + v8-natives 1.2.5
2026-01-29T17:01:56.5244833Z + vitest 2.1.9
2026-01-29T17:01:56.5245019Z 
2026-01-29T17:01:56.5249229Z ╭ Warning ─────────────────────────────────────────────────────────────────────╮│                                                                              ││   Ignored build scripts: esbuild.                                            ││   Run "pnpm approve-builds" to pick which dependencies should be allowed     ││   to run scripts.                                                            ││                                                                              │╰──────────────────────────────────────────────────────────────────────────────╯
2026-01-29T17:01:56.5251484Z 
2026-01-29T17:01:56.5422884Z playgrounds/sandbox prepare$ node scripts/create-app-svelte.js
2026-01-29T17:01:56.5781046Z playgrounds/sandbox prepare: Done
2026-01-29T17:01:56.5805167Z Done in 1.4s
2026-01-29T17:01:56.6084719Z ##[group]Run pnpm playwright install chromium
2026-01-29T17:01:56.6085106Z [36;1mpnpm playwright install chromium[0m
2026-01-29T17:01:56.6116983Z shell: /usr/bin/bash -e {0}
2026-01-29T17:01:56.6117221Z env:
2026-01-29T17:01:56.6117417Z   PLAYWRIGHT_SKIP_BROWSER_DOWNLOAD: 1
2026-01-29T17:01:56.6117724Z   PNPM_HOME: /home/runner/setup-pnpm/node_modules/.bin
2026-01-29T17:01:56.6118025Z ##[endgroup]
2026-01-29T17:01:57.7918533Z Downloading Chrome for Testing 145.0.7632.6 (playwright chromium v1208) from https://cdn.playwright.dev/chrome-for-testing-public/145.0.7632.6/linux64/chrome-linux64.zip
2026-01-29T17:01:58.0792180Z |                                                                                |   0% of 167.3 MiB
2026-01-29T17:01:58.3826061Z |■■■■■■■■                                                                        |  10% of 167.3 MiB
2026-01-29T17:01:58.6408306Z |■■■■■■■■■■■■■■■■                                                                |  20% of 167.3 MiB
2026-01-29T17:01:58.8865256Z |■■■■■■■■■■■■■■■■■■■■■■■■                                                        |  30% of 167.3 MiB
2026-01-29T17:01:59.1238371Z |■■■■■■■■■■■■■■■■■■■■■■■■■■■■■■■■                                                |  40% of 167.3 MiB
2026-01-29T17:01:59.3522585Z |■■■■■■■■■■■■■■■■■■■■■■■■■■■■■■■■■■■■■■■■                                        |  50% of 167.3 MiB
2026-01-29T17:01:59.7916398Z |■■■■■■■■■■■■■■■■■■■■■■■■■■■■■■■■■■■■■■■■■■■■■■■■                                |  60% of 167.3 MiB
2026-01-29T17:02:00.0216030Z |■■■■■■■■■■■■■■■■■■■■■■■■■■■■■■■■■■■■■■■■■■■■■■■■■■■■■■■■                        |  70% of 167.3 MiB
2026-01-29T17:02:00.2465502Z |■■■■■■■■■■■■■■■■■■■■■■■■■■■■■■■■■■■■■■■■■■■■■■■■■■■■■■■■■■■■■■■■                |  80% of 167.3 MiB
2026-01-29T17:02:00.4594863Z |■■■■■■■■■■■■■■■■■■■■■■■■■■■■■■■■■■■■■■■■■■■■■■■■■■■■■■■■■■■■■■■■■■■■■■■■        |  90% of 167.3 MiB
2026-01-29T17:02:00.6615756Z |■■■■■■■■■■■■■■■■■■■■■■■■■■■■■■■■■■■■■■■■■■■■■■■■■■■■■■■■■■■■■■■■■■■■■■■■■■■■■■■■| 100% of 167.3 MiB
2026-01-29T17:02:03.7215932Z Chrome for Testing 145.0.7632.6 (playwright chromium v1208) downloaded to /home/runner/.cache/ms-playwright/chromium-1208
2026-01-29T17:02:03.7220612Z Downloading FFmpeg (playwright ffmpeg v1011) from https://cdn.playwright.dev/dbazure/download/playwright/builds/ffmpeg/1011/ffmpeg-linux.zip
2026-01-29T17:02:03.8982413Z |                                                                                |   0% of 2.3 MiB
2026-01-29T17:02:03.9034600Z |■■■■■■■■                                                                        |  10% of 2.3 MiB
2026-01-29T17:02:03.9062052Z |■■■■■■■■■■■■■■■■                                                                |  20% of 2.3 MiB
2026-01-29T17:02:03.9086226Z |■■■■■■■■■■■■■■■■■■■■■■■■                                                        |  30% of 2.3 MiB
2026-01-29T17:02:03.9135305Z |■■■■■■■■■■■■■■■■■■■■■■■■■■■■■■■■                                                |  40% of 2.3 MiB
2026-01-29T17:02:03.9298053Z |■■■■■■■■■■■■■■■■■■■■■■■■■■■■■■■■■■■■■■■■                                        |  50% of 2.3 MiB
2026-01-29T17:02:03.9409984Z |■■■■■■■■■■■■■■■■■■■■■■■■■■■■■■■■■■■■■■■■■■■■■■■■                                |  60% of 2.3 MiB
2026-01-29T17:02:03.9437627Z |■■■■■■■■■■■■■■■■■■■■■■■■■■■■■■■■■■■■■■■■■■■■■■■■■■■■■■■■                        |  70% of 2.3 MiB
2026-01-29T17:02:03.9464254Z |■■■■■■■■■■■■■■■■■■■■■■■■■■■■■■■■■■■■■■■■■■■■■■■■■■■■■■■■■■■■■■■■                |  80% of 2.3 MiB
2026-01-29T17:02:03.9491316Z |■■■■■■■■■■■■■■■■■■■■■■■■■■■■■■■■■■■■■■■■■■■■■■■■■■■■■■■■■■■■■■■■■■■■■■■■        |  90% of 2.3 MiB
2026-01-29T17:02:03.9513959Z |■■■■■■■■■■■■■■■■■■■■■■■■■■■■■■■■■■■■■■■■■■■■■■■■■■■■■■■■■■■■■■■■■■■■■■■■■■■■■■■■| 100% of 2.3 MiB
2026-01-29T17:02:04.0182554Z FFmpeg (playwright ffmpeg v1011) downloaded to /home/runner/.cache/ms-playwright/ffmpeg-1011
2026-01-29T17:02:04.0187531Z Downloading Chrome Headless Shell 145.0.7632.6 (playwright chromium-headless-shell v1208) from https://cdn.playwright.dev/chrome-for-testing-public/145.0.7632.6/linux64/chrome-headless-shell-linux64.zip
2026-01-29T17:02:04.2517146Z |                                                                                |   0% of 110.9 MiB
2026-01-29T17:02:04.4723228Z |■■■■■■■■                                                                        |  10% of 110.9 MiB
2026-01-29T17:02:04.6921111Z |■■■■■■■■■■■■■■■■                                                                |  20% of 110.9 MiB
2026-01-29T17:02:04.9773869Z |■■■■■■■■■■■■■■■■■■■■■■■■                                                        |  30% of 110.9 MiB
2026-01-29T17:02:05.1830933Z |■■■■■■■■■■■■■■■■■■■■■■■■■■■■■■■■                                                |  40% of 110.9 MiB
2026-01-29T17:02:05.4610562Z |■■■■■■■■■■■■■■■■■■■■■■■■■■■■■■■■■■■■■■■■                                        |  50% of 110.9 MiB
2026-01-29T17:02:05.9458052Z |■■■■■■■■■■■■■■■■■■■■■■■■■■■■■■■■■■■■■■■■■■■■■■■■                                |  60% of 110.9 MiB
2026-01-29T17:02:06.1274460Z |■■■■■■■■■■■■■■■■■■■■■■■■■■■■■■■■■■■■■■■■■■■■■■■■■■■■■■■■                        |  70% of 110.9 MiB
2026-01-29T17:02:06.3705890Z |■■■■■■■■■■■■■■■■■■■■■■■■■■■■■■■■■■■■■■■■■■■■■■■■■■■■■■■■■■■■■■■■                |  80% of 110.9 MiB
2026-01-29T17:02:06.6766918Z |■■■■■■■■■■■■■■■■■■■■■■■■■■■■■■■■■■■■■■■■■■■■■■■■■■■■■■■■■■■■■■■■■■■■■■■■        |  90% of 110.9 MiB
2026-01-29T17:02:06.9638857Z |■■■■■■■■■■■■■■■■■■■■■■■■■■■■■■■■■■■■■■■■■■■■■■■■■■■■■■■■■■■■■■■■■■■■■■■■■■■■■■■■| 100% of 110.9 MiB
2026-01-29T17:02:09.1871672Z Chrome Headless Shell 145.0.7632.6 (playwright chromium-headless-shell v1208) downloaded to /home/runner/.cache/ms-playwright/chromium_headless_shell-1208
2026-01-29T17:02:09.2171474Z ##[group]Run pnpm test
2026-01-29T17:02:09.2171740Z [36;1mpnpm test[0m
2026-01-29T17:02:09.2203226Z shell: /usr/bin/bash -e {0}
2026-01-29T17:02:09.2203466Z env:
2026-01-29T17:02:09.2203671Z   PLAYWRIGHT_SKIP_BROWSER_DOWNLOAD: 1
2026-01-29T17:02:09.2203985Z   PNPM_HOME: /home/runner/setup-pnpm/node_modules/.bin
2026-01-29T17:02:09.2204567Z   CI: true
2026-01-29T17:02:09.2204731Z ##[endgroup]
2026-01-29T17:02:09.6230532Z 
2026-01-29T17:02:09.6231363Z > svelte-monorepo@0.0.1 test /home/runner/work/svelte/svelte
2026-01-29T17:02:09.6231991Z > vitest run
2026-01-29T17:02:09.6232139Z 
2026-01-29T17:02:10.0395334Z 
2026-01-29T17:02:10.0397654Z [1m[7m[36m RUN [39m[27m[22m [36mv2.1.9 [39m[90m/home/runner/work/svelte/svelte[39m
2026-01-29T17:02:10.0398305Z 
2026-01-29T17:02:11.0177000Z  [32m✓[39m packages/svelte/tests/store/test.ts [2m([22m[2m33 tests[22m[2m)[22m[90m 123[2mms[22m[39m
2026-01-29T17:02:11.4079538Z  [32m✓[39m packages/svelte/src/reactivity/date.test.ts [2m([22m[2m17 tests[22m[2m)[22m[33m 501[2mms[22m[39m
2026-01-29T17:02:11.4080963Z    [33m[2m✓[22m[39m Date fine grained tests [33m484[2mms[22m[39m
2026-01-29T17:02:11.4836473Z  [32m✓[39m packages/svelte/src/internal/server/renderer.test.ts [2m([22m[2m20 tests[22m[2m)[22m[90m 31[2mms[22m[39m
2026-01-29T17:02:12.2811021Z  [32m✓[39m packages/svelte/tests/signals/test.ts [2m([22m[2m98 tests[22m[2m | [22m[33m2 skipped[39m[2m)[22m[33m 1372[2mms[22m[39m
2026-01-29T17:02:12.2813607Z    [33m[2m✓[22m[39m signals[2m > [22mschedules rerun when writing to signal before reading it (runes mode) [33m645[2mms[22m[39m
2026-01-29T17:02:12.2816254Z    [33m[2m✓[22m[39m signals[2m > [22mschedules rerun when updating deeply nested value (runes mode) [33m668[2mms[22m[39m
2026-01-29T17:02:13.1680232Z  [32m✓[39m packages/svelte/tests/css-parse.test.ts [2m([22m[2m16 tests[22m[2m)[22m[90m 12[2mms[22m[39m
2026-01-29T17:02:13.5626888Z  [32m✓[39m packages/svelte/src/internal/shared/clone.test.ts [2m([22m[2m11 tests[22m[2m)[22m[90m 12[2mms[22m[39m
2026-01-29T17:02:14.0325308Z  [32m✓[39m packages/svelte/src/reactivity/url-search-params.test.ts [2m([22m[2m8 tests[22m[2m)[22m[90m 15[2mms[22m[39m
2026-01-29T17:02:14.6665408Z  [32m✓[39m packages/svelte/src/reactivity/map.test.ts [2m([22m[2m8 tests[22m[2m)[22m[90m 14[2mms[22m[39m
2026-01-29T17:02:14.7636608Z  [32m✓[39m packages/svelte/tests/sourcemaps/test.ts [2m([22m[2m28 tests[22m[2m | [22m[33m2 skipped[39m[2m)[22m[33m 507[2mms[22m[39m
2026-01-29T17:02:16.7331603Z  [32m✓[39m packages/svelte/tests/parser-modern/test.ts [2m([22m[2m23 tests[22m[2m)[22m[33m 415[2mms[22m[39m
2026-01-29T17:02:17.3972755Z  [32m✓[39m packages/svelte/src/internal/client/proxy.test.ts [2m([22m[2m8 tests[22m[2m)[22m[90m 17[2mms[22m[39m
2026-01-29T17:02:17.9718459Z  [32m✓[39m packages/svelte/tests/validator/test.ts [2m([22m[2m329 tests[22m[2m | [22m[33m4 skipped[39m[2m)[22m[33m 1666[2mms[22m[39m
2026-01-29T17:02:18.5611864Z  [32m✓[39m packages/svelte/src/reactivity/set.test.ts [2m([22m[2m6 tests[22m[2m)[22m[90m 37[2mms[22m[39m
2026-01-29T17:02:18.9937602Z  [32m✓[39m packages/svelte/src/reactivity/url.test.ts [2m([22m[2m4 tests[22m[2m)[22m[90m 14[2mms[22m[39m
2026-01-29T17:02:21.5724600Z  [32m✓[39m packages/svelte/tests/snapshot/test.ts [2m([22m[2m30 tests[22m[2m)[22m[33m 721[2mms[22m[39m
2026-01-29T17:02:21.7545465Z  [32m✓[39m packages/svelte/tests/compiler-errors/test.ts [2m([22m[2m145 tests[22m[2m)[22m[33m 668[2mms[22m[39m
2026-01-29T17:02:23.7836782Z  [32m✓[39m packages/svelte/tests/preprocess/test.ts [2m([22m[2m19 tests[22m[2m)[22m[90m 47[2mms[22m[39m
2026-01-29T17:02:24.5236208Z  [32m✓[39m packages/svelte/tests/migrate/test.ts [2m([22m[2m76 tests[22m[2m)[22m[33m 808[2mms[22m[39m
2026-01-29T17:02:25.2882718Z  [32m✓[39m packages/svelte/tests/runtime-browser/test.ts [2m([22m[2m87 tests[22m[2m)[22m[33m 11632[2mms[22m[39m
2026-01-29T17:02:25.2884507Z    [33m[2m✓[22m[39m runtime-browser[2m > [22mbind-muted (dom) [33m987[2mms[22m[39m
2026-01-29T17:02:25.2885746Z    [33m[2m✓[22m[39m runtime-browser[2m > [22mbind-playbackrate (dom) [33m911[2mms[22m[39m
2026-01-29T17:02:25.2886987Z    [33m[2m✓[22m[39m runtime-browser[2m > [22mbind-volume (dom) [33m956[2mms[22m[39m
2026-01-29T17:02:25.2888226Z    [33m[2m✓[22m[39m runtime-browser[2m > [22mbinding-files (dom) [33m799[2mms[22m[39m
2026-01-29T17:02:25.2897542Z    [33m[2m✓[22m[39m runtime-browser[2m > [22mbinding-files (hydrate) [33m1047[2mms[22m[39m
2026-01-29T17:02:25.2902906Z    [33m[2m✓[22m[39m runtime-browser[2m > [22mbinding-width-height-initialize (dom) [33m388[2mms[22m[39m
2026-01-29T17:02:25.2907616Z    [33m[2m✓[22m[39m runtime-browser[2m > [22mbinding-width-height-initialize (hydrate) [33m1469[2mms[22m[39m
2026-01-29T17:02:25.2910434Z    [33m[2m✓[22m[39m runtime-browser[2m > [22mbinding-width-height-this-timing (dom) [33m397[2mms[22m[39m
2026-01-29T17:02:25.2914028Z    [33m[2m✓[22m[39m runtime-browser[2m > [22mbinding-width-height-this-timing (hydrate) [33m1271[2mms[22m[39m
2026-01-29T17:02:25.2916417Z    [33m[2m✓[22m[39m runtime-browser[2m > [22mbrowser-events-ending-with-capture (dom) [33m397[2mms[22m[39m
2026-01-29T17:02:25.2918096Z    [33m[2m✓[22m[39m runtime-browser[2m > [22mbrowser-events-ending-with-capture (hydrate) [33m1116[2mms[22m[39m
2026-01-29T17:02:25.2919720Z    [33m[2m✓[22m[39m runtime-browser[2m > [22mcomponent-css-custom-properties (dom) [33m431[2mms[22m[39m
2026-01-29T17:02:25.2921371Z    [33m[2m✓[22m[39m runtime-browser[2m > [22mcomponent-css-custom-properties (hydrate) [33m893[2mms[22m[39m
2026-01-29T17:02:25.2923132Z    [33m[2m✓[22m[39m runtime-browser[2m > [22mcomponent-css-custom-properties-dynamic (dom) [33m434[2mms[22m[39m
2026-01-29T17:02:25.2925243Z    [33m[2m✓[22m[39m runtime-browser[2m > [22mcomponent-css-custom-properties-dynamic (hydrate) [33m1336[2mms[22m[39m
2026-01-29T17:02:25.2927098Z    [33m[2m✓[22m[39m runtime-browser[2m > [22mcomponent-css-custom-properties-dynamic-svg (dom) [33m384[2mms[22m[39m
2026-01-29T17:02:25.2928928Z    [33m[2m✓[22m[39m runtime-browser[2m > [22mcomponent-css-custom-properties-dynamic-svg (hydrate) [33m1494[2mms[22m[39m
2026-01-29T17:02:25.2930772Z    [33m[2m✓[22m[39m runtime-browser[2m > [22mcomponent-event-handler-contenteditable-false (dom) [33m430[2mms[22m[39m
2026-01-29T17:02:25.2932652Z    [33m[2m✓[22m[39m runtime-browser[2m > [22mcomponent-event-handler-contenteditable-false (hydrate) [33m1362[2mms[22m[39m
2026-01-29T17:02:25.2935814Z    [33m[2m✓[22m[39m runtime-browser[2m > [22mcomponent-slot-binding-dimensions (dom) [33m480[2mms[22m[39m
2026-01-29T17:02:25.2936893Z    [33m[2m✓[22m[39m runtime-browser[2m > [22mcomponent-slot-binding-dimensions (hydrate) [33m1290[2mms[22m[39m
2026-01-29T17:02:25.2937755Z    [33m[2m✓[22m[39m runtime-browser[2m > [22mcss-props-dynamic-component (dom) [33m429[2mms[22m[39m
2026-01-29T17:02:25.2938592Z    [33m[2m✓[22m[39m runtime-browser[2m > [22mcss-props-dynamic-component (hydrate) [33m1034[2mms[22m[39m
2026-01-29T17:02:25.2939415Z    [33m[2m✓[22m[39m runtime-browser[2m > [22mdynamic-element-custom-element (dom) [33m494[2mms[22m[39m
2026-01-29T17:02:25.2940235Z    [33m[2m✓[22m[39m runtime-browser[2m > [22mfine-grained-hydration-clean-attr (dom) [33m442[2mms[22m[39m
2026-01-29T17:02:25.2941088Z    [33m[2m✓[22m[39m runtime-browser[2m > [22mfine-grained-hydration-clean-attr (hydrate) [33m952[2mms[22m[39m
2026-01-29T17:02:25.2941833Z    [33m[2m✓[22m[39m runtime-browser[2m > [22mhead-script (dom) [33m458[2mms[22m[39m
2026-01-29T17:02:25.2942490Z    [33m[2m✓[22m[39m runtime-browser[2m > [22mhead-script (hydrate) [33m1035[2mms[22m[39m
2026-01-29T17:02:25.2943505Z    [33m[2m✓[22m[39m runtime-browser[2m > [22mhead-scripts (dom) [33m497[2mms[22m[39m
2026-01-29T17:02:25.2945027Z    [33m[2m✓[22m[39m runtime-browser[2m > [22mhtml-tag-script (dom) [33m392[2mms[22m[39m
2026-01-29T17:02:25.2946434Z    [33m[2m✓[22m[39m runtime-browser[2m > [22mhtml-tag-script-2 (dom) [33m420[2mms[22m[39m
2026-01-29T17:02:25.2947982Z    [33m[2m✓[22m[39m runtime-browser[2m > [22minline-style-directive-important (dom) [33m382[2mms[22m[39m
2026-01-29T17:02:25.2949698Z    [33m[2m✓[22m[39m runtime-browser[2m > [22minline-style-directive-important (hydrate) [33m1338[2mms[22m[39m
2026-01-29T17:02:25.2951425Z    [33m[2m✓[22m[39m runtime-browser[2m > [22minline-style-directive-precedence (dom) [33m332[2mms[22m[39m
2026-01-29T17:02:25.2953174Z    [33m[2m✓[22m[39m runtime-browser[2m > [22minline-style-directive-precedence (hydrate) [33m1249[2mms[22m[39m
2026-01-29T17:02:25.2955240Z    [33m[2m✓[22m[39m runtime-browser[2m > [22minline-style-directive-update-with-spread (dom) [33m439[2mms[22m[39m
2026-01-29T17:02:25.2957174Z    [33m[2m✓[22m[39m runtime-browser[2m > [22minline-style-directive-update-with-spread (hydrate) [33m1218[2mms[22m[39m
2026-01-29T17:02:25.2959122Z    [33m[2m✓[22m[39m runtime-browser[2m > [22mmount-in-iframe (dom) [33m391[2mms[22m[39m
2026-01-29T17:02:25.2960545Z    [33m[2m✓[22m[39m runtime-browser[2m > [22mmount-in-iframe (hydrate) [33m1013[2mms[22m[39m
2026-01-29T17:02:25.2961964Z    [33m[2m✓[22m[39m runtime-browser[2m > [22msole-script-tag (dom) [33m396[2mms[22m[39m
2026-01-29T17:02:25.2963570Z    [33m[2m✓[22m[39m runtime-browser[2m > [22msvelte-component-css-custom-properties (dom) [33m416[2mms[22m[39m
2026-01-29T17:02:25.2965673Z    [33m[2m✓[22m[39m runtime-browser[2m > [22msvelte-component-css-custom-properties (hydrate) [33m1259[2mms[22m[39m
2026-01-29T17:02:25.2967609Z    [33m[2m✓[22m[39m runtime-browser[2m > [22msvelte-component-css-custom-properties-dynamic (dom) [33m413[2mms[22m[39m
2026-01-29T17:02:25.2969528Z    [33m[2m✓[22m[39m runtime-browser[2m > [22msvelte-component-css-custom-properties-dynamic (hydrate) [33m1394[2mms[22m[39m
2026-01-29T17:02:25.2971455Z    [33m[2m✓[22m[39m runtime-browser[2m > [22msvelte-component-css-custom-properties2 (dom) [33m374[2mms[22m[39m
2026-01-29T17:02:25.2973298Z    [33m[2m✓[22m[39m runtime-browser[2m > [22msvelte-component-css-custom-properties2 (hydrate) [33m1226[2mms[22m[39m
2026-01-29T17:02:25.2975477Z    [33m[2m✓[22m[39m runtime-browser[2m > [22msvelte-self-css-custom-properties (hydrate) [33m1035[2mms[22m[39m
2026-01-29T17:02:25.2977259Z    [33m[2m✓[22m[39m runtime-browser[2m > [22msvelte-self-css-custom-properties-dynamic (dom) [33m454[2mms[22m[39m
2026-01-29T17:02:25.2979090Z    [33m[2m✓[22m[39m runtime-browser[2m > [22msvelte-self-css-custom-properties-dynamic (hydrate) [33m1067[2mms[22m[39m
2026-01-29T17:02:25.2980874Z    [33m[2m✓[22m[39m runtime-browser[2m > [22msvelte-self-css-custom-properties2 (dom) [33m596[2mms[22m[39m
2026-01-29T17:02:25.2982627Z    [33m[2m✓[22m[39m runtime-browser[2m > [22msvelte-self-css-custom-properties2 (hydrate) [33m1413[2mms[22m[39m
2026-01-29T17:02:25.2984364Z    [33m[2m✓[22m[39m custom-elements[2m > [22m$$props [33m449[2mms[22m[39m
2026-01-29T17:02:25.2985518Z    [33m[2m✓[22m[39m custom-elements[2m > [22m$$slot [33m353[2mms[22m[39m
2026-01-29T17:02:25.2986644Z    [33m[2m✓[22m[39m custom-elements[2m > [22m$$slot-dynamic-content [33m348[2mms[22m[39m
2026-01-29T17:02:25.2987826Z    [33m[2m✓[22m[39m custom-elements[2m > [22maction [33m509[2mms[22m[39m
2026-01-29T17:02:25.2988929Z    [33m[2m✓[22m[39m custom-elements[2m > [22mcamel-case-attribute [33m428[2mms[22m[39m
2026-01-29T17:02:25.2990223Z    [33m[2m✓[22m[39m custom-elements[2m > [22mce-options-valid [33m420[2mms[22m[39m
2026-01-29T17:02:25.2991804Z    [33m[2m✓[22m[39m custom-elements[2m > [22mclosed-shadow-dom [33m481[2mms[22m[39m
2026-01-29T17:02:25.2993097Z    [33m[2m✓[22m[39m custom-elements[2m > [22mcustom-class [33m366[2mms[22m[39m
2026-01-29T17:02:25.2995012Z    [33m[2m✓[22m[39m custom-elements[2m > [22mcustom-method [33m482[2mms[22m[39m
2026-01-29T17:02:25.2996154Z    [33m[2m✓[22m[39m custom-elements[2m > [22meffect-sequence [33m461[2mms[22m[39m
2026-01-29T17:02:25.2997415Z    [33m[2m✓[22m[39m custom-elements[2m > [22melement-effect-context [33m446[2mms[22m[39m
2026-01-29T17:02:25.2998652Z    [33m[2m✓[22m[39m custom-elements[2m > [22mescaped-css [33m340[2mms[22m[39m
2026-01-29T17:02:25.2999719Z    [33m[2m✓[22m[39m custom-elements[2m > [22mevents [33m423[2mms[22m[39m
2026-01-29T17:02:25.3000906Z    [33m[2m✓[22m[39m custom-elements[2m > [22mevents-slotted [33m450[2mms[22m[39m
2026-01-29T17:02:25.3002155Z    [33m[2m✓[22m[39m custom-elements[2m > [22mextend-with-ts [33m555[2mms[22m[39m
2026-01-29T17:02:25.3003380Z    [33m[2m✓[22m[39m custom-elements[2m > [22mextended-builtin [33m453[2mms[22m[39m
2026-01-29T17:02:25.3004755Z    [33m[2m✓[22m[39m custom-elements[2m > [22mhost-rune [33m439[2mms[22m[39m
2026-01-29T17:02:25.3005945Z    [33m[2m✓[22m[39m custom-elements[2m > [22mhost-rune-access-injected-css [33m435[2mms[22m[39m
2026-01-29T17:02:25.3007136Z    [33m[2m✓[22m[39m custom-elements[2m > [22mhtml [33m373[2mms[22m[39m
2026-01-29T17:02:25.3008274Z    [33m[2m✓[22m[39m custom-elements[2m > [22mhtml-slots [33m439[2mms[22m[39m
2026-01-29T17:02:25.3009508Z    [33m[2m✓[22m[39m custom-elements[2m > [22mlate-ce-mount [33m496[2mms[22m[39m
2026-01-29T17:02:25.3010720Z    [33m[2m✓[22m[39m custom-elements[2m > [22mnested [33m539[2mms[22m[39m
2026-01-29T17:02:25.3011903Z    [33m[2m✓[22m[39m custom-elements[2m > [22mnew-styled [33m465[2mms[22m[39m
2026-01-29T17:02:25.3013121Z    [33m[2m✓[22m[39m custom-elements[2m > [22mno-shadow-dom [33m522[2mms[22m[39m
2026-01-29T17:02:25.3014472Z    [33m[2m✓[22m[39m custom-elements[2m > [22mno-tag [33m416[2mms[22m[39m
2026-01-29T17:02:25.3015610Z    [33m[2m✓[22m[39m custom-elements[2m > [22mno-tag-ce-options [33m545[2mms[22m[39m
2026-01-29T17:02:25.3016782Z    [33m[2m✓[22m[39m custom-elements[2m > [22moncreate [33m538[2mms[22m[39m
2026-01-29T17:02:25.3017784Z    [33m[2m✓[22m[39m custom-elements[2m > [22mondestroy [33m576[2mms[22m[39m
2026-01-29T17:02:25.3019194Z    [33m[2m✓[22m[39m custom-elements[2m > [22mpropagate-prop-changes [33m585[2mms[22m[39m
2026-01-29T17:02:25.3020416Z    [33m[2m✓[22m[39m custom-elements[2m > [22mprops [33m428[2mms[22m[39m
2026-01-29T17:02:25.3021670Z    [33m[2m✓[22m[39m custom-elements[2m > [22mprops-rune-attributes [33m378[2mms[22m[39m
2026-01-29T17:02:25.3023016Z    [33m[2m✓[22m[39m custom-elements[2m > [22mreflect-attributes [33m366[2mms[22m[39m
2026-01-29T17:02:25.3024660Z    [33m[2m✓[22m[39m custom-elements[2m > [22mreflect-attributes-add-remove [33m319[2mms[22m[39m
2026-01-29T17:02:25.3859624Z  [32m✓[39m packages/svelte/tests/print/test.ts [2m([22m[2m39 tests[22m[2m)[22m[90m 105[2mms[22m[39m
2026-01-29T17:02:25.5700571Z  [32m✓[39m packages/svelte/src/internal/server/crypto.test.ts [2m([22m[2m5 tests[22m[2m)[22m[90m 6[2mms[22m[39m
2026-01-29T17:02:25.8298231Z  [32m✓[39m packages/svelte/tests/parser-legacy/test.ts [2m([22m[2m83 tests[22m[2m | [22m[33m1 skipped[39m[2m)[22m[90m 140[2mms[22m[39m
2026-01-29T17:02:29.3842226Z  [32m✓[39m packages/svelte/tests/server-side-rendering/test.ts [2m([22m[2m187 tests[22m[2m | [22m[33m3 skipped[39m[2m)[22m[33m 1662[2mms[22m[39m
2026-01-29T17:02:30.0196229Z  [32m✓[39m packages/svelte/tests/hydration/test.ts [2m([22m[2m79 tests[22m[2m)[22m[33m 2142[2mms[22m[39m
2026-01-29T17:02:30.9622911Z  [32m✓[39m packages/svelte/tests/motion/test.ts [2m([22m[2m8 tests[22m[2m)[22m[90m 9[2mms[22m[39m
2026-01-29T17:02:31.2886225Z  [32m✓[39m packages/svelte/tests/css/test.ts [2m([22m[2m178 tests[22m[2m)[22m[33m 3344[2mms[22m[39m
2026-01-29T17:02:32.2520113Z  [32m✓[39m packages/svelte/tests/runtime-browser/test-ssr.ts [2m([22m[2m30 tests[22m[2m)[22m[33m 663[2mms[22m[39m
2026-01-29T17:02:38.4692682Z [90mstderr[2m | packages/svelte/tests/runtime-runes/test.ts[2m > [22m[2masync-if-after-await-in-script (hydrate)
2026-01-29T17:02:38.4695349Z [22m[39m[svelte] hydration_mismatch
2026-01-29T17:02:38.4695923Z Hydration failed because the initial UI does not match what was rendered on the server
2026-01-29T17:02:38.4696454Z https://svelte.dev/e/hydration_mismatch
2026-01-29T17:02:38.4696673Z 
2026-01-29T17:03:05.6252698Z  [32m✓[39m packages/svelte/tests/runtime-legacy/test.ts [2m([22m[2m3296 tests[22m[2m | [22m[33m10 skipped[39m[2m)[22m[33m 30487[2mms[22m[39m
2026-01-29T17:03:05.6255628Z    [33m[2m✓[22m[39m await-then-no-context (dom) [33m306[2mms[22m[39m
2026-01-29T17:03:26.8867263Z  [32m✓[39m packages/svelte/tests/runtime-runes/test.ts [2m([22m[2m2349 tests[22m[2m | [22m[33m36 skipped[39m[2m)[22m[33m 52290[2mms[22m[39m
2026-01-29T17:03:26.8869479Z    [33m[2m✓[22m[39m async-key (hydrate) [33m319[2mms[22m[39m
2026-01-29T17:03:26.8870256Z    [33m[2m✓[22m[39m effect-loop-3 (dom) [33m478[2mms[22m[39m
2026-01-29T17:03:26.8871062Z    [33m[2m✓[22m[39m effect-loop-3 (hydrate) [33m363[2mms[22m[39m
2026-01-29T17:03:26.8871843Z    [33m[2m✓[22m[39m effect-loop-infinite (dom) [33m678[2mms[22m[39m
2026-01-29T17:03:26.8872403Z    [33m[2m✓[22m[39m effect-loop-infinite (hydrate) [33m634[2mms[22m[39m
2026-01-29T17:03:26.8872949Z    [33m[2m✓[22m[39m error-boundary-20 (dom) [33m790[2mms[22m[39m
2026-01-29T17:03:26.8873487Z    [33m[2m✓[22m[39m error-boundary-20 (hydrate) [33m801[2mms[22m[39m
2026-01-29T17:03:26.8874022Z    [33m[2m✓[22m[39m mount-unmount-anchor (dom) [33m11840[2mms[22m[39m
2026-01-29T17:03:26.8874828Z    [33m[2m✓[22m[39m mount-unmount-anchor (hydrate) [33m9613[2mms[22m[39m
2026-01-29T17:03:26.9626665Z 
2026-01-29T17:03:26.9683237Z [2m Test Files [22m [1m[32m29 passed[39m[22m[90m (29)[39m
2026-01-29T17:03:26.9714461Z [2m      Tests [22m [1m[32m7162 passed[39m[22m[2m | [22m[33m58 skipped[39m[90m (7220)[39m
2026-01-29T17:03:26.9717593Z [2m   Start at [22m 17:02:10
2026-01-29T17:03:26.9749009Z [2m   Duration [22m 76.92s[2m (transform 15.79s, setup 0ms, collect 31.41s, tests 109.46s, environment 3.56s, prepare 3.75s)[22m
2026-01-29T17:03:26.9749777Z 
2026-01-29T17:03:27.2108995Z Post job cleanup.
2026-01-29T17:03:27.3239286Z Cache hit occurred on the primary key node-cache-Linux-x64-pnpm-ae8ee48a1a18b7683f382edfccbc9073b904d9ba2c21e7ba274a53683fa972e9, not saving cache.
2026-01-29T17:03:27.3333757Z Post job cleanup.
2026-01-29T17:03:27.3898661Z Pruning is unnecessary.
2026-01-29T17:03:27.4000418Z Post job cleanup.
2026-01-29T17:03:27.4822515Z [command]/usr/bin/git version
2026-01-29T17:03:27.4860546Z git version 2.52.0
2026-01-29T17:03:27.4900049Z Temporarily overriding HOME='/home/runner/work/_temp/f17e9ca3-5919-4107-bda6-38accfaafd64' before making global git config changes
2026-01-29T17:03:27.4901603Z Adding repository directory to the temporary git global config as a safe directory
2026-01-29T17:03:27.4906764Z [command]/usr/bin/git config --global --add safe.directory /home/runner/work/svelte/svelte
2026-01-29T17:03:27.4941317Z Removing SSH command configuration
2026-01-29T17:03:27.4948388Z [command]/usr/bin/git config --local --name-only --get-regexp core\.sshCommand
2026-01-29T17:03:27.4985814Z [command]/usr/bin/git submodule foreach --recursive sh -c "git config --local --name-only --get-regexp 'core\.sshCommand' && git config --local --unset-all 'core.sshCommand' || :"
2026-01-29T17:03:27.5243467Z Removing HTTP extra header
2026-01-29T17:03:27.5249737Z [command]/usr/bin/git config --local --name-only --get-regexp http\.https\:\/\/github\.com\/\.extraheader
2026-01-29T17:03:27.5287464Z [command]/usr/bin/git submodule foreach --recursive sh -c "git config --local --name-only --get-regexp 'http\.https\:\/\/github\.com\/\.extraheader' && git config --local --unset-all 'http.https://github.com/.extraheader' || :"
2026-01-29T17:03:27.5561583Z Removing includeIf entries pointing to credentials config files
2026-01-29T17:03:27.5570032Z [command]/usr/bin/git config --local --name-only --get-regexp ^includeIf\.gitdir:
2026-01-29T17:03:27.5598431Z includeif.gitdir:/home/runner/work/svelte/svelte/.git.path
2026-01-29T17:03:27.5599800Z includeif.gitdir:/home/runner/work/svelte/svelte/.git/worktrees/*.path
2026-01-29T17:03:27.5604816Z includeif.gitdir:/github/workspace/.git.path
2026-01-29T17:03:27.5605672Z includeif.gitdir:/github/workspace/.git/worktrees/*.path
2026-01-29T17:03:27.5608514Z [command]/usr/bin/git config --local --get-all includeif.gitdir:/home/runner/work/svelte/svelte/.git.path
2026-01-29T17:03:27.5632558Z /home/runner/work/_temp/git-credentials-48f41399-1cc9-4db7-8263-07460557f87a.config
2026-01-29T17:03:27.5645008Z [command]/usr/bin/git config --local --unset includeif.gitdir:/home/runner/work/svelte/svelte/.git.path /home/runner/work/_temp/git-credentials-48f41399-1cc9-4db7-8263-07460557f87a.config
2026-01-29T17:03:27.5683427Z [command]/usr/bin/git config --local --get-all includeif.gitdir:/home/runner/work/svelte/svelte/.git/worktrees/*.path
2026-01-29T17:03:27.5709434Z /home/runner/work/_temp/git-credentials-48f41399-1cc9-4db7-8263-07460557f87a.config
2026-01-29T17:03:27.5721106Z [command]/usr/bin/git config --local --unset includeif.gitdir:/home/runner/work/svelte/svelte/.git/worktrees/*.path /home/runner/work/_temp/git-credentials-48f41399-1cc9-4db7-8263-07460557f87a.config
2026-01-29T17:03:27.5757816Z [command]/usr/bin/git config --local --get-all includeif.gitdir:/github/workspace/.git.path
2026-01-29T17:03:27.5783155Z /github/runner_temp/git-credentials-48f41399-1cc9-4db7-8263-07460557f87a.config
2026-01-29T17:03:27.5795162Z [command]/usr/bin/git config --local --unset includeif.gitdir:/github/workspace/.git.path /github/runner_temp/git-credentials-48f41399-1cc9-4db7-8263-07460557f87a.config
2026-01-29T17:03:27.5833652Z [command]/usr/bin/git config --local --get-all includeif.gitdir:/github/workspace/.git/worktrees/*.path
2026-01-29T17:03:27.5858881Z /github/runner_temp/git-credentials-48f41399-1cc9-4db7-8263-07460557f87a.config
2026-01-29T17:03:27.5871949Z [command]/usr/bin/git config --local --unset includeif.gitdir:/github/workspace/.git/worktrees/*.path /github/runner_temp/git-credentials-48f41399-1cc9-4db7-8263-07460557f87a.config
2026-01-29T17:03:27.5911138Z [command]/usr/bin/git submodule foreach --recursive git config --local --show-origin --name-only --get-regexp remote.origin.url
2026-01-29T17:03:27.6175843Z Removing credentials config '/home/runner/work/_temp/git-credentials-48f41399-1cc9-4db7-8263-07460557f87a.config'
2026-01-29T17:03:27.6312190Z Cleaning up orphan processes
