2026-04-26T19:02:05.7021673Z Current runner version: '2.334.0'
2026-04-26T19:02:05.7057338Z ##[group]Runner Image Provisioner
2026-04-26T19:02:05.7058675Z Hosted Compute Agent
2026-04-26T19:02:05.7059641Z Version: 20260213.493
2026-04-26T19:02:05.7060538Z Commit: 5c115507f6dd24b8de37d8bbe0bb4509d0cc0fa3
2026-04-26T19:02:05.7061539Z Build Date: 2026-02-13T00:28:41Z
2026-04-26T19:02:05.7062710Z Worker ID: {4bd37aac-7410-433a-a3bc-cf360de66dbc}
2026-04-26T19:02:05.7063694Z Azure Region: eastus2
2026-04-26T19:02:05.7064485Z ##[endgroup]
2026-04-26T19:02:05.7066736Z ##[group]Operating System
2026-04-26T19:02:05.7067710Z Ubuntu
2026-04-26T19:02:05.7068583Z 24.04.4
2026-04-26T19:02:05.7069455Z LTS
2026-04-26T19:02:05.7070165Z ##[endgroup]
2026-04-26T19:02:05.7070866Z ##[group]Runner Image
2026-04-26T19:02:05.7071822Z Image: ubuntu-24.04
2026-04-26T19:02:05.7072556Z Version: 20260413.86.1
2026-04-26T19:02:05.7074605Z Included Software: https://github.com/actions/runner-images/blob/ubuntu24/20260413.86/images/ubuntu/Ubuntu2404-Readme.md
2026-04-26T19:02:05.7077022Z Image Release: https://github.com/actions/runner-images/releases/tag/ubuntu24%2F20260413.86
2026-04-26T19:02:05.7078686Z ##[endgroup]
2026-04-26T19:02:05.7080325Z ##[group]GITHUB_TOKEN Permissions
2026-04-26T19:02:05.7083222Z Contents: read
2026-04-26T19:02:05.7084170Z Metadata: read
2026-04-26T19:02:05.7084899Z ##[endgroup]
2026-04-26T19:02:05.7087684Z Secret source: Actions
2026-04-26T19:02:05.7089200Z Prepare workflow directory
2026-04-26T19:02:05.7460770Z Prepare all required actions
2026-04-26T19:02:05.7500199Z Getting action download info
2026-04-26T19:02:06.0249189Z Download action repository 'actions/checkout@v6' (SHA:de0fac2e4500dabe0009e67214ff5f5447ce83dd)
2026-04-26T19:02:06.1642953Z Download action repository 'actions/setup-node@v6' (SHA:48b55a011bda9f5d6aeb4c2d9c7362e8dae4041e)
2026-04-26T19:02:06.4859799Z Download action repository 'actions/download-artifact@v8' (SHA:3e5f45b2cfb9172054b4087a40e8e0b5a5461e7c)
2026-04-26T19:02:06.8973978Z Complete job name: Test on Node.js 24
2026-04-26T19:02:06.9683589Z ##[group]Run actions/checkout@v6
2026-04-26T19:02:06.9684449Z with:
2026-04-26T19:02:06.9684865Z   repository: babel/babel
2026-04-26T19:02:06.9685626Z   token: ***
2026-04-26T19:02:06.9686042Z   ssh-strict: true
2026-04-26T19:02:06.9686450Z   ssh-user: git
2026-04-26T19:02:06.9686878Z   persist-credentials: true
2026-04-26T19:02:06.9687352Z   clean: true
2026-04-26T19:02:06.9687780Z   sparse-checkout-cone-mode: true
2026-04-26T19:02:06.9688491Z   fetch-depth: 1
2026-04-26T19:02:06.9688911Z   fetch-tags: false
2026-04-26T19:02:06.9689327Z   show-progress: true
2026-04-26T19:02:06.9689759Z   lfs: false
2026-04-26T19:02:06.9690153Z   submodules: false
2026-04-26T19:02:06.9690593Z   set-safe-directory: true
2026-04-26T19:02:06.9691257Z ##[endgroup]
2026-04-26T19:02:07.0705979Z Syncing repository: babel/babel
2026-04-26T19:02:07.0708116Z ##[group]Getting Git version info
2026-04-26T19:02:07.0709271Z Working directory is '/home/runner/work/babel/babel'
2026-04-26T19:02:07.0710538Z [command]/usr/bin/git version
2026-04-26T19:02:07.0729044Z git version 2.53.0
2026-04-26T19:02:07.0786025Z ##[endgroup]
2026-04-26T19:02:07.0802374Z Temporarily overriding HOME='/home/runner/work/_temp/7f1cf877-4d40-4a60-92c3-bda1a82dd93f' before making global git config changes
2026-04-26T19:02:07.0803864Z Adding repository directory to the temporary git global config as a safe directory
2026-04-26T19:02:07.0808829Z [command]/usr/bin/git config --global --add safe.directory /home/runner/work/babel/babel
2026-04-26T19:02:07.0849734Z Deleting the contents of '/home/runner/work/babel/babel'
2026-04-26T19:02:07.0854456Z ##[group]Initializing the repository
2026-04-26T19:02:07.0859353Z [command]/usr/bin/git init /home/runner/work/babel/babel
2026-04-26T19:02:07.0927602Z hint: Using 'master' as the name for the initial branch. This default branch name
2026-04-26T19:02:07.0929049Z hint: will change to "main" in Git 3.0. To configure the initial branch name
2026-04-26T19:02:07.0930059Z hint: to use in all of your new repositories, which will suppress this warning,
2026-04-26T19:02:07.0931121Z hint: call:
2026-04-26T19:02:07.0931496Z hint:
2026-04-26T19:02:07.0932387Z hint: 	git config --global init.defaultBranch <name>
2026-04-26T19:02:07.0932993Z hint:
2026-04-26T19:02:07.0933556Z hint: Names commonly chosen instead of 'master' are 'main', 'trunk' and
2026-04-26T19:02:07.0934481Z hint: 'development'. The just-created branch can be renamed via this command:
2026-04-26T19:02:07.0935232Z hint:
2026-04-26T19:02:07.0935642Z hint: 	git branch -m <name>
2026-04-26T19:02:07.0936108Z hint:
2026-04-26T19:02:07.0936726Z hint: Disable this message with "git config set advice.defaultBranchName false"
2026-04-26T19:02:07.0938197Z Initialized empty Git repository in /home/runner/work/babel/babel/.git/
2026-04-26T19:02:07.0940434Z [command]/usr/bin/git remote add origin https://github.com/babel/babel
2026-04-26T19:02:07.0981211Z ##[endgroup]
2026-04-26T19:02:07.0982021Z ##[group]Disabling automatic garbage collection
2026-04-26T19:02:07.0982806Z [command]/usr/bin/git config --local gc.auto 0
2026-04-26T19:02:07.1014490Z ##[endgroup]
2026-04-26T19:02:07.1015317Z ##[group]Setting up auth
2026-04-26T19:02:07.1016061Z Removing SSH command configuration
2026-04-26T19:02:07.1023155Z [command]/usr/bin/git config --local --name-only --get-regexp core\.sshCommand
2026-04-26T19:02:07.1061281Z [command]/usr/bin/git submodule foreach --recursive sh -c "git config --local --name-only --get-regexp 'core\.sshCommand' && git config --local --unset-all 'core.sshCommand' || :"
2026-04-26T19:02:07.1350979Z Removing HTTP extra header
2026-04-26T19:02:07.1357019Z [command]/usr/bin/git config --local --name-only --get-regexp http\.https\:\/\/github\.com\/\.extraheader
2026-04-26T19:02:07.1392560Z [command]/usr/bin/git submodule foreach --recursive sh -c "git config --local --name-only --get-regexp 'http\.https\:\/\/github\.com\/\.extraheader' && git config --local --unset-all 'http.https://github.com/.extraheader' || :"
2026-04-26T19:02:07.1640921Z Removing includeIf entries pointing to credentials config files
2026-04-26T19:02:07.1642091Z [command]/usr/bin/git config --local --name-only --get-regexp ^includeIf\.gitdir:
2026-04-26T19:02:07.1676981Z [command]/usr/bin/git submodule foreach --recursive git config --local --show-origin --name-only --get-regexp remote.origin.url
2026-04-26T19:02:07.1927563Z [command]/usr/bin/git config --file /home/runner/work/_temp/git-credentials-d5321549-3dc2-4a52-a94a-3012e2bd941b.config http.https://github.com/.extraheader AUTHORIZATION: basic ***
2026-04-26T19:02:07.1970700Z [command]/usr/bin/git config --local includeIf.gitdir:/home/runner/work/babel/babel/.git.path /home/runner/work/_temp/git-credentials-d5321549-3dc2-4a52-a94a-3012e2bd941b.config
2026-04-26T19:02:07.2006079Z [command]/usr/bin/git config --local includeIf.gitdir:/home/runner/work/babel/babel/.git/worktrees/*.path /home/runner/work/_temp/git-credentials-d5321549-3dc2-4a52-a94a-3012e2bd941b.config
2026-04-26T19:02:07.2039934Z [command]/usr/bin/git config --local includeIf.gitdir:/github/workspace/.git.path /github/runner_temp/git-credentials-d5321549-3dc2-4a52-a94a-3012e2bd941b.config
2026-04-26T19:02:07.2076249Z [command]/usr/bin/git config --local includeIf.gitdir:/github/workspace/.git/worktrees/*.path /github/runner_temp/git-credentials-d5321549-3dc2-4a52-a94a-3012e2bd941b.config
2026-04-26T19:02:07.2105586Z ##[endgroup]
2026-04-26T19:02:07.2106781Z ##[group]Fetching the repository
2026-04-26T19:02:07.2116795Z [command]/usr/bin/git -c protocol.version=2 fetch --no-tags --prune --no-recurse-submodules --depth=1 origin +7cfd69f13d6bcd2006c10e0e76f78f8ee1eaef43:refs/remotes/origin/main
2026-04-26T19:02:08.6701762Z From https://github.com/babel/babel
2026-04-26T19:02:08.6703654Z  * [new ref]           7cfd69f13d6bcd2006c10e0e76f78f8ee1eaef43 -> origin/main
2026-04-26T19:02:08.6740594Z [command]/usr/bin/git branch --list --remote origin/main
2026-04-26T19:02:08.6767440Z   origin/main
2026-04-26T19:02:08.6776432Z [command]/usr/bin/git rev-parse refs/remotes/origin/main
2026-04-26T19:02:08.6802760Z 7cfd69f13d6bcd2006c10e0e76f78f8ee1eaef43
2026-04-26T19:02:08.6807481Z ##[endgroup]
2026-04-26T19:02:08.6808539Z ##[group]Determining the checkout info
2026-04-26T19:02:08.6810844Z ##[endgroup]
2026-04-26T19:02:08.6814285Z [command]/usr/bin/git sparse-checkout disable
2026-04-26T19:02:08.6856812Z [command]/usr/bin/git config --local --unset-all extensions.worktreeConfig
2026-04-26T19:02:08.6887804Z ##[group]Checking out the ref
2026-04-26T19:02:08.6893555Z [command]/usr/bin/git checkout --progress --force -B main refs/remotes/origin/main
2026-04-26T19:02:09.7687133Z Updating files:  65% (18382/27973)
2026-04-26T19:02:09.7811965Z Updating files:  66% (18463/27973)
2026-04-26T19:02:09.7936075Z Updating files:  67% (18742/27973)
2026-04-26T19:02:09.8060569Z Updating files:  68% (19022/27973)
2026-04-26T19:02:09.8186689Z Updating files:  69% (19302/27973)
2026-04-26T19:02:09.8310902Z Updating files:  70% (19582/27973)
2026-04-26T19:02:09.8441084Z Updating files:  71% (19861/27973)
2026-04-26T19:02:09.8604090Z Updating files:  72% (20141/27973)
2026-04-26T19:02:09.8734057Z Updating files:  73% (20421/27973)
2026-04-26T19:02:09.8857150Z Updating files:  74% (20701/27973)
2026-04-26T19:02:09.8988575Z Updating files:  75% (20980/27973)
2026-04-26T19:02:09.9115889Z Updating files:  76% (21260/27973)
2026-04-26T19:02:09.9284222Z Updating files:  77% (21540/27973)
2026-04-26T19:02:09.9419054Z Updating files:  78% (21819/27973)
2026-04-26T19:02:09.9545923Z Updating files:  79% (22099/27973)
2026-04-26T19:02:09.9673442Z Updating files:  80% (22379/27973)
2026-04-26T19:02:09.9796612Z Updating files:  81% (22659/27973)
2026-04-26T19:02:09.9926628Z Updating files:  82% (22938/27973)
2026-04-26T19:02:10.0054052Z Updating files:  83% (23218/27973)
2026-04-26T19:02:10.0186628Z Updating files:  84% (23498/27973)
2026-04-26T19:02:10.0308509Z Updating files:  85% (23778/27973)
2026-04-26T19:02:10.0433891Z Updating files:  86% (24057/27973)
2026-04-26T19:02:10.0563608Z Updating files:  87% (24337/27973)
2026-04-26T19:02:10.0691901Z Updating files:  88% (24617/27973)
2026-04-26T19:02:10.0822517Z Updating files:  89% (24896/27973)
2026-04-26T19:02:10.0960517Z Updating files:  90% (25176/27973)
2026-04-26T19:02:10.2370876Z Updating files:  91% (25456/27973)
2026-04-26T19:02:10.2494062Z Updating files:  92% (25736/27973)
2026-04-26T19:02:10.2623583Z Updating files:  93% (26015/27973)
2026-04-26T19:02:10.2739020Z Updating files:  94% (26295/27973)
2026-04-26T19:02:10.2858873Z Updating files:  95% (26575/27973)
2026-04-26T19:02:10.2970612Z Updating files:  96% (26855/27973)
2026-04-26T19:02:10.3087561Z Updating files:  97% (27134/27973)
2026-04-26T19:02:10.3216199Z Updating files:  98% (27414/27973)
2026-04-26T19:02:10.3391644Z Updating files:  99% (27694/27973)
2026-04-26T19:02:10.3392318Z Updating files: 100% (27973/27973)
2026-04-26T19:02:10.3392843Z Updating files: 100% (27973/27973), done.
2026-04-26T19:02:10.3886675Z Switched to a new branch 'main'
2026-04-26T19:02:10.3887587Z branch 'main' set up to track 'origin/main'.
2026-04-26T19:02:10.3912059Z ##[endgroup]
2026-04-26T19:02:10.3957838Z [command]/usr/bin/git log -1 --format=%H
2026-04-26T19:02:10.3986545Z 7cfd69f13d6bcd2006c10e0e76f78f8ee1eaef43
2026-04-26T19:02:10.4264480Z ##[group]Run actions/setup-node@v6
2026-04-26T19:02:10.4264826Z with:
2026-04-26T19:02:10.4265208Z   node-version: 25.6.1
2026-04-26T19:02:10.4265491Z   check-latest: true
2026-04-26T19:02:10.4265846Z   cache: yarn
2026-04-26T19:02:10.4266284Z   token: ***
2026-04-26T19:02:10.4266630Z   package-manager-cache: true
2026-04-26T19:02:10.4266991Z ##[endgroup]
2026-04-26T19:02:10.5898571Z Attempt to resolve the latest version from manifest...
2026-04-26T19:02:10.9578716Z Failed to resolve version 25.6.1 from manifest
2026-04-26T19:02:10.9590342Z Attempting to download 25.6.1...
2026-04-26T19:02:11.2844100Z Not found in manifest. Falling back to download directly from Node
2026-04-26T19:02:11.4065394Z Acquiring 25.6.1 - x64 from https://nodejs.org/dist/v25.6.1/node-v25.6.1-linux-x64.tar.gz
2026-04-26T19:02:11.8871421Z Extracting ...
2026-04-26T19:02:11.9000655Z [command]/usr/bin/tar xz --strip 1 --warning=no-unknown-keyword --overwrite -C /home/runner/work/_temp/8b7aa27f-bd27-412e-9629-9b4fea1cab04 -f /home/runner/work/_temp/d0c045fc-3299-464b-9ef8-a1ac5381d005
2026-04-26T19:02:13.3255589Z Adding to the cache ...
2026-04-26T19:02:14.9691778Z Done
2026-04-26T19:02:14.9693191Z ##[group]Environment details
2026-04-26T19:02:15.4868121Z node: v25.6.1
2026-04-26T19:02:15.4868740Z npm: 11.9.0
2026-04-26T19:02:15.4869130Z yarn: 4.10.3
2026-04-26T19:02:15.4869787Z ##[endgroup]
2026-04-26T19:02:15.4888613Z [command]/usr/local/bin/yarn --version
2026-04-26T19:02:15.8941774Z 4.10.3
2026-04-26T19:02:15.9127097Z [command]/usr/local/bin/yarn config get cacheFolder
2026-04-26T19:02:16.3204668Z /home/runner/.yarn/berry/cache
2026-04-26T19:02:16.3576992Z [command]/usr/local/bin/yarn config get enableGlobalCache
2026-04-26T19:02:16.7943111Z [33mtrue[39m
2026-04-26T19:02:16.9193373Z Cache hit for: node-cache-Linux-x64-yarn-a9d05682e6fe02709348adff578940cf3bf1979d6c1d2a3bd50deaf962444abe
2026-04-26T19:02:17.3568825Z Received 63807587 of 63807587 (100.0%), 161.8 MBs/sec
2026-04-26T19:02:17.3569372Z Cache Size: ~61 MB (63807587 B)
2026-04-26T19:02:17.3593427Z [command]/usr/bin/tar -xf /home/runner/work/_temp/156e7582-f85e-4f1d-a2cd-60524cc88717/cache.tzst -P -C /home/runner/work/babel/babel --use-compress-program unzstd
2026-04-26T19:02:17.5078629Z Cache restored successfully
2026-04-26T19:02:17.5115610Z Cache restored from key: node-cache-Linux-x64-yarn-a9d05682e6fe02709348adff578940cf3bf1979d6c1d2a3bd50deaf962444abe
2026-04-26T19:02:17.5367583Z ##[group]Run yarn install
2026-04-26T19:02:17.5367907Z [36;1myarn install[0m
2026-04-26T19:02:17.5398186Z shell: /usr/bin/bash -e {0}
2026-04-26T19:02:17.5398741Z ##[endgroup]
2026-04-26T19:02:18.2337120Z [94m➤[39m YN0000: · Yarn 4.10.3
2026-04-26T19:02:18.2455032Z [94m➤[39m [90mYN0000[39m: ┌ Resolution step
2026-04-26T19:02:18.2455685Z ##[group]Resolution step
2026-04-26T19:02:18.6319526Z ##[endgroup]
2026-04-26T19:02:18.6321355Z [94m➤[39m [90mYN0000[39m: └ Completed in 0s 386ms
2026-04-26T19:02:18.6353752Z [94m➤[39m [90mYN0000[39m: ┌ Post-resolution validation
2026-04-26T19:02:18.6354754Z ##[group]Post-resolution validation
2026-04-26T19:02:18.6357552Z [93m➤[39m YN0060: │ [38;5;166m@babel/[39m[38;5;173mcore[39m is listed by your project with version [38;5;111m8.0.0-rc.3[39m ([38;5;111mp07b993[39m), which doesn't satisfy what [38;5;166m@babel/[39m[38;5;173mcli[39m and other dependencies request ([91mbut they have non-overlapping ranges![39m).
2026-04-26T19:02:18.6362192Z [93m➤[39m YN0060: │ [38;5;166m@babel/[39m[38;5;173mcore[39m is listed by your project with version [38;5;111m8.0.0-rc.3[39m ([38;5;111mp0879f2[39m), which doesn't satisfy what [38;5;166m@babel/[39m[38;5;173mhelper-plugin-utils[39m and other dependencies request ([91mbut they have non-overlapping ranges![39m).
2026-04-26T19:02:18.6366812Z [93m➤[39m YN0060: │ [38;5;166m@babel/[39m[38;5;173mcore[39m is listed by your project with version [38;5;111m8.0.0-rc.3[39m ([38;5;111mp08b8eb[39m), which doesn't satisfy what [38;5;166m@babel/[39m[38;5;173mplugin-syntax-flow[39m and other dependencies request ([91mbut they have non-overlapping ranges![39m).
2026-04-26T19:02:18.6373960Z [93m➤[39m YN0060: │ [38;5;166m@babel/[39m[38;5;173mcore[39m is listed by your project with version [38;5;111m8.0.0-rc.3[39m ([38;5;111mp0eed45[39m), which doesn't satisfy what [38;5;166m@babel/[39m[38;5;173mpreset-env[39m and other dependencies request ([91mbut they have non-overlapping ranges![39m).
2026-04-26T19:02:18.6378279Z [93m➤[39m YN0060: │ [38;5;166m@babel/[39m[38;5;173mcore[39m is listed by your project with version [38;5;111m8.0.0-rc.3[39m ([38;5;111mp27650f[39m), which doesn't satisfy what [38;5;166m@babel/[39m[38;5;173mhelper-plugin-utils[39m and other dependencies request ([91mbut they have non-overlapping ranges![39m).
2026-04-26T19:02:18.6382555Z [93m➤[39m YN0060: │ [38;5;166m@babel/[39m[38;5;173mcore[39m is listed by your project with version [38;5;111m8.0.0-rc.3[39m ([38;5;111mp33ae7d[39m), which doesn't satisfy what [38;5;166m@babel/[39m[38;5;173mhelper-plugin-utils[39m and other dependencies request ([38;5;37m^7.12.0[39m).
2026-04-26T19:02:18.6387320Z [93m➤[39m YN0060: │ [38;5;166m@babel/[39m[38;5;173mcore[39m is listed by your project with version [38;5;111m8.0.0-rc.3[39m ([38;5;111mp3a6c04[39m), which doesn't satisfy what [38;5;166m@babel/[39m[38;5;173meslint-parser[39m and other dependencies request ([91mbut they have non-overlapping ranges![39m).
2026-04-26T19:02:18.6391996Z [93m➤[39m YN0060: │ [38;5;166m@babel/[39m[38;5;173mcore[39m is listed by your project with version [38;5;111m8.0.0-rc.3[39m ([38;5;111mp3ea464[39m), which doesn't satisfy what [38;5;166m@babel/[39m[38;5;173mhelper-create-class-features-plugin[39m and other dependencies request ([91mbut they have non-overlapping ranges![39m).
2026-04-26T19:02:18.6396631Z [93m➤[39m YN0060: │ [38;5;166m@babel/[39m[38;5;173mcore[39m is listed by your project with version [38;5;111m8.0.0-rc.3[39m ([38;5;111mp3fa71a[39m), which doesn't satisfy what [38;5;166m@babel/[39m[38;5;173mhelper-create-class-features-plugin[39m and other dependencies request ([91mbut they have non-overlapping ranges![39m).
2026-04-26T19:02:18.6401969Z [93m➤[39m YN0060: │ [38;5;166m@babel/[39m[38;5;173mcore[39m is listed by your project with version [38;5;111m8.0.0-rc.3[39m ([38;5;111mp4912d0[39m), which doesn't satisfy what [38;5;166m@babel/[39m[38;5;173mhelper-create-class-features-plugin[39m and other dependencies request ([91mbut they have non-overlapping ranges![39m).
2026-04-26T19:02:18.6406562Z [93m➤[39m YN0060: │ [38;5;166m@babel/[39m[38;5;173mcore[39m is listed by your project with version [38;5;111m8.0.0-rc.3[39m ([38;5;111mp492773[39m), which doesn't satisfy what [38;5;166m@babel/[39m[38;5;173mplugin-syntax-flow[39m and other dependencies request ([91mbut they have non-overlapping ranges![39m).
2026-04-26T19:02:18.6411310Z [93m➤[39m YN0060: │ [38;5;166m@babel/[39m[38;5;173mcore[39m is listed by your project with version [38;5;111m8.0.0-rc.3[39m ([38;5;111mp494bca[39m), which doesn't satisfy what [38;5;166m@babel/[39m[38;5;173mplugin-syntax-flow[39m and other dependencies request ([91mbut they have non-overlapping ranges![39m).
2026-04-26T19:02:18.6416334Z [93m➤[39m YN0060: │ [38;5;166m@babel/[39m[38;5;173mcore[39m is listed by your project with version [38;5;111m8.0.0-rc.3[39m ([38;5;111mp4f3335[39m), which doesn't satisfy what [38;5;166m@babel/[39m[38;5;173mplugin-syntax-flow[39m and other dependencies request ([91mbut they have non-overlapping ranges![39m).
2026-04-26T19:02:18.6420994Z [93m➤[39m YN0060: │ [38;5;166m@babel/[39m[38;5;173mcore[39m is listed by your project with version [38;5;111m8.0.0-rc.3[39m ([38;5;111mp5a4c65[39m), which doesn't satisfy what [38;5;166m@babel/[39m[38;5;173mhelper-plugin-utils[39m and other dependencies request ([91mbut they have non-overlapping ranges![39m).
2026-04-26T19:02:18.6425377Z [93m➤[39m YN0060: │ [38;5;166m@babel/[39m[38;5;173mcore[39m is listed by your project with version [38;5;111m8.0.0-rc.3[39m ([38;5;111mp5ce8c0[39m), which doesn't satisfy what [38;5;166m@babel/[39m[38;5;173mhelper-plugin-utils[39m and other dependencies request ([91mbut they have non-overlapping ranges![39m).
2026-04-26T19:02:18.6429661Z [93m➤[39m YN0060: │ [38;5;166m@babel/[39m[38;5;173mcore[39m is listed by your project with version [38;5;111m8.0.0-rc.3[39m ([38;5;111mp5fada6[39m), which doesn't satisfy what [38;5;166m@babel/[39m[38;5;173meslint-parser[39m and other dependencies request ([91mbut they have non-overlapping ranges![39m).
2026-04-26T19:02:18.6434253Z [93m➤[39m YN0060: │ [38;5;166m@babel/[39m[38;5;173mcore[39m is listed by your project with version [38;5;111m8.0.0-rc.3[39m ([38;5;111mp79e6e6[39m), which doesn't satisfy what [38;5;166m@babel/[39m[38;5;173mhelper-create-class-features-plugin[39m and other dependencies request ([91mbut they have non-overlapping ranges![39m).
2026-04-26T19:02:18.6442476Z [93m➤[39m YN0060: │ [38;5;166m@babel/[39m[38;5;173mcore[39m is listed by your project with version [38;5;111m8.0.0-rc.3[39m ([38;5;111mp7b5860[39m), which doesn't satisfy what [38;5;166m@babel/[39m[38;5;173mplugin-syntax-flow[39m and other dependencies request ([91mbut they have non-overlapping ranges![39m).
2026-04-26T19:02:18.6448943Z [93m➤[39m YN0060: │ [38;5;166m@babel/[39m[38;5;173mcore[39m is listed by your project with version [38;5;111m8.0.0-rc.3[39m ([38;5;111mp7fb75e[39m), which doesn't satisfy what [38;5;166m@babel/[39m[38;5;173mplugin-external-helpers[39m and other dependencies request ([91mbut they have non-overlapping ranges![39m).
2026-04-26T19:02:18.6453072Z [93m➤[39m YN0060: │ [38;5;166m@babel/[39m[38;5;173mcore[39m is listed by your project with version [38;5;111m8.0.0-rc.3[39m ([38;5;111mpaa2333[39m), which doesn't satisfy what [38;5;166m@babel/[39m[38;5;173mplugin-syntax-flow[39m and other dependencies request ([91mbut they have non-overlapping ranges![39m).
2026-04-26T19:02:18.6457316Z [93m➤[39m YN0060: │ [38;5;166m@babel/[39m[38;5;173mcore[39m is listed by your project with version [38;5;111m8.0.0-rc.3[39m ([38;5;111mpaf6c3c[39m), which doesn't satisfy what [38;5;166m@babel/[39m[38;5;173mhelper-replace-supers[39m and other dependencies request ([91mbut they have non-overlapping ranges![39m).
2026-04-26T19:02:18.6461810Z [93m➤[39m YN0060: │ [38;5;166m@babel/[39m[38;5;173mcore[39m is listed by your project with version [38;5;111m8.0.0-rc.3[39m ([38;5;111mpb30a2a[39m), which doesn't satisfy what [38;5;166m@babel/[39m[38;5;173mplugin-syntax-flow[39m and other dependencies request ([91mbut they have non-overlapping ranges![39m).
2026-04-26T19:02:18.6466002Z [93m➤[39m YN0060: │ [38;5;166m@babel/[39m[38;5;173mcore[39m is listed by your project with version [38;5;111m8.0.0-rc.3[39m ([38;5;111mpb7fe3f[39m), which doesn't satisfy what [38;5;166m@babel/[39m[38;5;173mplugin-syntax-flow[39m and other dependencies request ([91mbut they have non-overlapping ranges![39m).
2026-04-26T19:02:18.6470239Z [93m➤[39m YN0060: │ [38;5;166m@babel/[39m[38;5;173mcore[39m is listed by your project with version [38;5;111m8.0.0-rc.3[39m ([38;5;111mpbf2d3e[39m), which doesn't satisfy what [38;5;166m@babel/[39m[38;5;173mhelper-plugin-utils[39m and other dependencies request ([91mbut they have non-overlapping ranges![39m).
2026-04-26T19:02:18.6474110Z [93m➤[39m YN0060: │ [38;5;166m@babel/[39m[38;5;173mcore[39m is listed by your project with version [38;5;111m8.0.0-rc.3[39m ([38;5;111mpdeb19d[39m), which doesn't satisfy what [38;5;166m@babel/[39m[38;5;173mplugin-syntax-flow[39m and other dependencies request ([91mbut they have non-overlapping ranges![39m).
2026-04-26T19:02:18.6478023Z [93m➤[39m YN0060: │ [38;5;166m@babel/[39m[38;5;173mcore[39m is listed by your project with version [38;5;111m8.0.0-rc.3[39m ([38;5;111mpebec54[39m), which doesn't satisfy what [38;5;166m@babel/[39m[38;5;173mhelper-plugin-utils[39m and other dependencies request ([91mbut they have non-overlapping ranges![39m).
2026-04-26T19:02:18.6482344Z [93m➤[39m YN0060: │ [38;5;166m@babel/[39m[38;5;173mcore[39m is listed by your project with version [38;5;111m8.0.0-rc.3[39m ([38;5;111mpee0459[39m), which doesn't satisfy what [38;5;166m@babel/[39m[38;5;173mhelper-create-class-features-plugin[39m and other dependencies request ([91mbut they have non-overlapping ranges![39m).
2026-04-26T19:02:18.6486951Z [93m➤[39m YN0060: │ [38;5;166m@babel/[39m[38;5;173mcore[39m is listed by your project with version [38;5;111m8.0.0-rc.3[39m ([38;5;111mpf57c9c[39m), which doesn't satisfy what [38;5;166m@babel/[39m[38;5;173mhelper-create-class-features-plugin[39m and other dependencies request ([91mbut they have non-overlapping ranges![39m).
2026-04-26T19:02:18.6491459Z [93m➤[39m YN0060: │ [38;5;166m@babel/[39m[38;5;173mcore[39m is listed by your project with version [38;5;111m8.0.0-rc.3[39m ([38;5;111mpf9b5cf[39m), which doesn't satisfy what [38;5;166m@babel/[39m[38;5;173mhelper-fixtures[39m and other dependencies request ([91mbut they have non-overlapping ranges![39m).
2026-04-26T19:02:18.6495133Z [93m➤[39m YN0060: │ [38;5;173meslint[39m is listed by your project with version [38;5;111m10.0.0[39m ([38;5;111mp10c3b6[39m), which doesn't satisfy what [38;5;173meslint-plugin-import[39m and other dependencies request ([91mbut they have non-overlapping ranges![39m).
2026-04-26T19:02:18.6498923Z [93m➤[39m YN0060: │ [38;5;173meslint[39m is listed by your project with version [38;5;111m10.0.0[39m ([38;5;111mp92cce6[39m), which doesn't satisfy what [38;5;173meslint-plugin-import[39m and other dependencies request ([38;5;37m^9.0.0[39m).
2026-04-26T19:02:18.6502054Z [93m➤[39m YN0060: │ [38;5;173mtypescript[39m is listed by your project with version [38;5;111m6.0.2[39m ([38;5;111mpa9c555[39m), which doesn't satisfy what [38;5;173meslint-plugin-jest[39m and other dependencies request ([38;5;37m^5.4.0[39m).
2026-04-26T19:02:18.6505107Z [93m➤[39m YN0002: │ [38;5;166m@babel/[39m[38;5;173mcore[39m[38;5;111m@[39m[38;5;111mworkspace:packages/babel-core [2cec4][39m doesn't provide [38;5;166m@types/[39m[38;5;173mnode[39m ([38;5;111mp688b9a[39m), requested by [38;5;173mts-node[39m.
2026-04-26T19:02:18.6508507Z [93m➤[39m YN0002: │ [38;5;166m@babel/[39m[38;5;173mcore[39m[38;5;111m@[39m[38;5;111mworkspace:packages/babel-core [2cec4][39m doesn't provide [38;5;173mtypescript[39m ([38;5;111mpf28f82[39m), requested by [38;5;173mts-node[39m.
2026-04-26T19:02:18.6511617Z [93m➤[39m YN0002: │ [38;5;166m@babel/[39m[38;5;173mcore[39m[38;5;111m@[39m[38;5;111mworkspace:packages/babel-core [84939][39m doesn't provide [38;5;166m@types/[39m[38;5;173mnode[39m ([38;5;111mp20ef6f[39m), requested by [38;5;173mts-node[39m.
2026-04-26T19:02:18.6514584Z [93m➤[39m YN0002: │ [38;5;166m@babel/[39m[38;5;173mcore[39m[38;5;111m@[39m[38;5;111mworkspace:packages/babel-core [84939][39m doesn't provide [38;5;173mtypescript[39m ([38;5;111mpfc0eee[39m), requested by [38;5;173mts-node[39m.
2026-04-26T19:02:18.6517458Z [93m➤[39m YN0002: │ [38;5;166m@babel/[39m[38;5;173mcore[39m[38;5;111m@[39m[38;5;111mworkspace:packages/babel-core [865c1][39m doesn't provide [38;5;166m@types/[39m[38;5;173mnode[39m ([38;5;111mpd06366[39m), requested by [38;5;173mts-node[39m.
2026-04-26T19:02:18.6520632Z [93m➤[39m YN0002: │ [38;5;166m@babel/[39m[38;5;173mcore[39m[38;5;111m@[39m[38;5;111mworkspace:packages/babel-core [865c1][39m doesn't provide [38;5;173mtypescript[39m ([38;5;111mpafe91c[39m), requested by [38;5;173mts-node[39m.
2026-04-26T19:02:18.6523643Z [93m➤[39m YN0002: │ [38;5;166m@babel/[39m[38;5;173mcore[39m[38;5;111m@[39m[38;5;111mworkspace:packages/babel-core [92681][39m doesn't provide [38;5;166m@types/[39m[38;5;173mnode[39m ([38;5;111mpafaea1[39m), requested by [38;5;173mts-node[39m.
2026-04-26T19:02:18.6526543Z [93m➤[39m YN0002: │ [38;5;166m@babel/[39m[38;5;173mcore[39m[38;5;111m@[39m[38;5;111mworkspace:packages/babel-core [92681][39m doesn't provide [38;5;173mtypescript[39m ([38;5;111mpca6ba3[39m), requested by [38;5;173mts-node[39m.
2026-04-26T19:02:18.6529605Z [93m➤[39m YN0002: │ [38;5;166m@babel/[39m[38;5;173mcore[39m[38;5;111m@[39m[38;5;111mworkspace:packages/babel-core [b2106][39m doesn't provide [38;5;166m@types/[39m[38;5;173mnode[39m ([38;5;111mp42a9e1[39m), requested by [38;5;173mts-node[39m.
2026-04-26T19:02:18.6532488Z [93m➤[39m YN0002: │ [38;5;166m@babel/[39m[38;5;173mcore[39m[38;5;111m@[39m[38;5;111mworkspace:packages/babel-core [b2106][39m doesn't provide [38;5;173mtypescript[39m ([38;5;111mp505baf[39m), requested by [38;5;173mts-node[39m.
2026-04-26T19:02:18.6535342Z [93m➤[39m YN0002: │ [38;5;166m@babel/[39m[38;5;173mcore[39m[38;5;111m@[39m[38;5;111mworkspace:packages/babel-core [dda17][39m doesn't provide [38;5;166m@types/[39m[38;5;173mnode[39m ([38;5;111mp441a59[39m), requested by [38;5;173mts-node[39m.
2026-04-26T19:02:18.6538763Z [93m➤[39m YN0002: │ [38;5;166m@babel/[39m[38;5;173mcore[39m[38;5;111m@[39m[38;5;111mworkspace:packages/babel-core [dda17][39m doesn't provide [38;5;173mtypescript[39m ([38;5;111mp0850e7[39m), requested by [38;5;173mts-node[39m.
2026-04-26T19:02:18.6542317Z [93m➤[39m YN0002: │ [38;5;166m@babel/[39m[38;5;173mcore[39m[38;5;111m@[39m[38;5;111mworkspace:packages/babel-core [e07cc][39m doesn't provide [38;5;166m@types/[39m[38;5;173mnode[39m ([38;5;111mp138d96[39m), requested by [38;5;173mts-node[39m.
2026-04-26T19:02:18.6545401Z [93m➤[39m YN0002: │ [38;5;166m@babel/[39m[38;5;173mcore[39m[38;5;111m@[39m[38;5;111mworkspace:packages/babel-core [e07cc][39m doesn't provide [38;5;173mtypescript[39m ([38;5;111mp56b330[39m), requested by [38;5;173mts-node[39m.
2026-04-26T19:02:18.6548551Z [93m➤[39m YN0002: │ [38;5;166m@babel/[39m[38;5;173mcore[39m[38;5;111m@[39m[38;5;111mworkspace:packages/babel-core [e5957][39m doesn't provide [38;5;166m@types/[39m[38;5;173mnode[39m ([38;5;111mpa9396e[39m), requested by [38;5;173mts-node[39m.
2026-04-26T19:02:18.6551688Z [93m➤[39m YN0002: │ [38;5;166m@babel/[39m[38;5;173mcore[39m[38;5;111m@[39m[38;5;111mworkspace:packages/babel-core [e5957][39m doesn't provide [38;5;173mtypescript[39m ([38;5;111mp5fd8d1[39m), requested by [38;5;173mts-node[39m.
2026-04-26T19:02:18.6554634Z [93m➤[39m YN0002: │ [38;5;166m@babel/[39m[38;5;173mcore[39m[38;5;111m@[39m[38;5;111mworkspace:packages/babel-core[39m doesn't provide [38;5;166m@types/[39m[38;5;173mnode[39m ([38;5;111mp7ceb2b[39m), requested by [38;5;173mts-node[39m.
2026-04-26T19:02:18.6557398Z [93m➤[39m YN0002: │ [38;5;166m@babel/[39m[38;5;173mcore[39m[38;5;111m@[39m[38;5;111mworkspace:packages/babel-core[39m doesn't provide [38;5;173mtypescript[39m ([38;5;111mp53120b[39m), requested by [38;5;173mts-node[39m.
2026-04-26T19:02:18.6560662Z [93m➤[39m YN0002: │ [38;5;166m@babel/[39m[38;5;173meslint-parser[39m[38;5;111m@[39m[38;5;111mworkspace:eslint/babel-eslint-parser [2c186][39m doesn't provide [38;5;173mtypescript[39m ([38;5;111mpc924fa[39m), requested by [38;5;173mtypescript-eslint[39m.
2026-04-26T19:02:18.6563862Z [93m➤[39m YN0002: │ [38;5;166m@babel/[39m[38;5;173meslint-parser[39m[38;5;111m@[39m[38;5;111mworkspace:eslint/babel-eslint-parser [9548c][39m doesn't provide [38;5;173mtypescript[39m ([38;5;111mpd92711[39m), requested by [38;5;173mtypescript-eslint[39m.
2026-04-26T19:02:18.6566962Z [93m➤[39m YN0002: │ [38;5;166m@babel/[39m[38;5;173meslint-parser[39m[38;5;111m@[39m[38;5;111mworkspace:eslint/babel-eslint-parser[39m doesn't provide [38;5;173mtypescript[39m ([38;5;111mpe26c8b[39m), requested by [38;5;173mtypescript-eslint[39m.
2026-04-26T19:02:18.6570053Z [93m➤[39m YN0086: │ Some peer dependencies are incorrectly met by your project; run [38;5;111myarn explain peer-requirements <hash>[39m for details, where [38;5;111m<hash>[39m is the six-letter p-prefixed code.
2026-04-26T19:02:18.6572234Z [93m➤[39m YN0086: │ Some peer dependencies are incorrectly met by dependencies; run [38;5;111myarn explain peer-requirements[39m for details.
2026-04-26T19:02:18.7011374Z ##[endgroup]
2026-04-26T19:02:18.7012538Z [94m➤[39m [90mYN0000[39m: └ Completed
2026-04-26T19:02:18.7013236Z [94m➤[39m [90mYN0000[39m: ┌ Fetch step
2026-04-26T19:02:18.7013851Z ##[group]Fetch step
2026-04-26T19:02:19.1163877Z ##[endgroup]
2026-04-26T19:02:19.1165060Z [94m➤[39m [90mYN0000[39m: └ Completed in 0s 415ms
2026-04-26T19:02:19.1908092Z [94m➤[39m [90mYN0000[39m: ┌ Link step
2026-04-26T19:02:19.1908963Z ##[group]Link step
2026-04-26T19:02:29.3845564Z [93m➤[39m YN0004: │ [38;5;173mcore-js-pure[39m[38;5;111m@[39m[38;5;111mnpm:3.48.0[39m lists build scripts, but all build scripts have been disabled.
2026-04-26T19:02:29.3847853Z [93m➤[39m YN0004: │ [38;5;173mcore-js[39m[38;5;111m@[39m[38;5;111mnpm:3.48.0[39m lists build scripts, but all build scripts have been disabled.
2026-04-26T19:02:29.3849275Z [93m➤[39m YN0004: │ [38;5;173mes5-ext[39m[38;5;111m@[39m[38;5;111mnpm:0.10.62[39m lists build scripts, but all build scripts have been disabled.
2026-04-26T19:02:29.3850427Z [93m➤[39m YN0004: │ [38;5;173mesbuild[39m[38;5;111m@[39m[38;5;111mnpm:0.25.5[39m lists build scripts, but all build scripts have been disabled.
2026-04-26T19:02:29.3851623Z [93m➤[39m YN0004: │ [38;5;173muglifyjs-webpack-plugin[39m[38;5;111m@[39m[38;5;111mnpm:0.4.6 [2c0fc][39m lists build scripts, but all build scripts have been disabled.
2026-04-26T19:02:29.3852804Z [93m➤[39m YN0004: │ [38;5;173munrs-resolver[39m[38;5;111m@[39m[38;5;111mnpm:1.8.1[39m lists build scripts, but all build scripts have been disabled.
2026-04-26T19:02:29.5961106Z [94m➤[39m YN0007: │ [38;5;173mbabel[39m[38;5;111m@[39m[38;5;111mworkspace:.[39m must be built because it never has been before or the last one failed
2026-04-26T19:02:29.7133408Z ##[endgroup]
2026-04-26T19:02:29.7134637Z [94m➤[39m [90mYN0000[39m: └ Completed in 10s 522ms
2026-04-26T19:02:29.9865148Z [93m➤[39m YN0000: · Done with warnings in 11s 754ms
2026-04-26T19:02:30.0857178Z ##[group]Run actions/download-artifact@v8
2026-04-26T19:02:30.0857468Z with:
2026-04-26T19:02:30.0857659Z   name: babel-artifact
2026-04-26T19:02:30.0857879Z   merge-multiple: false
2026-04-26T19:02:30.0858105Z   repository: babel/babel
2026-04-26T19:02:30.0858597Z   run-id: 24964523333
2026-04-26T19:02:30.0858818Z   skip-decompress: false
2026-04-26T19:02:30.0859038Z   digest-mismatch: error
2026-04-26T19:02:30.0859240Z ##[endgroup]
2026-04-26T19:02:30.2325988Z Downloading single artifact
2026-04-26T19:02:30.3262107Z Preparing to download the following artifacts:
2026-04-26T19:02:30.3263163Z - babel-artifact (ID: 6649693982, Size: 3606542, Expected Digest: sha256:3bf9c60cf60d72d4d0a41911a6407519c93c9409fc619b4e29be538833d0dbd9)
2026-04-26T19:02:30.4373676Z Redirecting to blob download url: https://productionresultssa1.blob.core.windows.net/actions-results/8d887bce-bc15-44b1-9afc-30f668886d62/workflow-job-run-96bb9993-39d4-52e1-a73a-333cd1d9053c/artifacts/e031d2663034ddebc456332fe0f0773cb16c520c00ceb18ca950c19164a70064.zip
2026-04-26T19:02:30.4375016Z Starting download of artifact to: /home/runner/work/babel/babel
2026-04-26T19:02:30.5309582Z (node:2443) [DEP0005] DeprecationWarning: Buffer() is deprecated due to security and usability issues. Please use the Buffer.alloc(), Buffer.allocUnsafe(), or Buffer.from() methods instead.
2026-04-26T19:02:30.5310633Z (Use `node --trace-deprecation ...` to show where the warning was created)
2026-04-26T19:02:31.1345240Z SHA256 digest of downloaded artifact is 3bf9c60cf60d72d4d0a41911a6407519c93c9409fc619b4e29be538833d0dbd9
2026-04-26T19:02:31.1345893Z Artifact download completed successfully.
2026-04-26T19:02:31.1346316Z Total of 1 artifact(s) downloaded
2026-04-26T19:02:31.1350484Z Download artifact has finished successfully
2026-04-26T19:02:31.1624537Z ##[group]Run actions/setup-node@v6
2026-04-26T19:02:31.1624816Z with:
2026-04-26T19:02:31.1625010Z   node-version: 24
2026-04-26T19:02:31.1625214Z   check-latest: false
2026-04-26T19:02:31.1625532Z   token: ***
2026-04-26T19:02:31.1625742Z   package-manager-cache: true
2026-04-26T19:02:31.1625988Z ##[endgroup]
2026-04-26T19:02:31.3243764Z Found in cache @ /opt/hostedtoolcache/node/24.14.1/x64
2026-04-26T19:02:31.3247157Z ##[group]Environment details
2026-04-26T19:02:31.9255060Z node: v24.14.1
2026-04-26T19:02:31.9255431Z npm: 11.11.0
2026-04-26T19:02:31.9255720Z yarn: 4.10.3
2026-04-26T19:02:31.9256398Z ##[endgroup]
2026-04-26T19:02:31.9395766Z ##[group]Run node ./packages/babel-node/scripts/list-node-flags.js
2026-04-26T19:02:31.9396273Z [36;1mnode ./packages/babel-node/scripts/list-node-flags.js[0m
2026-04-26T19:02:31.9424472Z shell: /usr/bin/bash -e {0}
2026-04-26T19:02:31.9424749Z ##[endgroup]
2026-04-26T19:02:32.0501332Z ##[group]Run node ./node_modules/.bin/jest --ci
2026-04-26T19:02:32.0501751Z [36;1mnode ./node_modules/.bin/jest --ci[0m
2026-04-26T19:02:32.0526589Z shell: /usr/bin/bash -e {0}
2026-04-26T19:02:32.0526855Z env:
2026-04-26T19:02:32.0527046Z   BABEL_ENV: test
2026-04-26T19:02:32.0527262Z   TEST_FUZZ: true
2026-04-26T19:02:32.0527467Z ##[endgroup]
2026-04-26T19:02:33.5367083Z PASS packages/babel-traverse/test/scope.js
2026-04-26T19:02:33.8988170Z PASS packages/babel-core/test/config-chain.js
2026-04-26T19:02:34.1136893Z PASS packages/babel-helper-module-imports/test/index.js
2026-04-26T19:02:34.6049951Z PASS packages/babel-core/test/api.js
2026-04-26T19:02:34.6927399Z PASS packages/babel-traverse/test/inference.js
2026-04-26T19:02:34.9213547Z PASS packages/babel-generator/test/index.js
2026-04-26T19:02:35.0452189Z PASS packages/babel-template/test/index.js
2026-04-26T19:02:35.2167620Z PASS packages/babel-traverse/test/arrow-transform.js
2026-04-26T19:02:35.4337174Z PASS packages/babel-core/test/config-loading.js
2026-04-26T19:02:35.4664070Z PASS eslint/babel-eslint-tests/test/integration/eslint/verify.js
2026-04-26T19:02:35.4763568Z PASS packages/babel-types/test/validators.js
2026-04-26T19:02:35.5149936Z PASS packages/babel-traverse/test/traverse.js
2026-04-26T19:02:35.5485950Z PASS packages/babel-traverse/test/evaluation.js
2026-04-26T19:02:35.5890264Z PASS packages/babel-traverse/test/modification.js
2026-04-26T19:02:35.6791425Z PASS packages/babel-core/test/resolution.js
2026-04-26T19:02:35.8556556Z PASS eslint/babel-eslint-parser/test/index.js
2026-04-26T19:02:36.0973026Z PASS packages/babel-core/test/errors-stacks.js
2026-04-26T19:02:36.1258039Z PASS packages/babel-traverse/test/replacement.js
2026-04-26T19:02:36.7965895Z PASS packages/babel-core/test/async.js
2026-04-26T19:02:36.9309264Z PASS packages/babel-core/test/caching-api.skip-bundled.js
2026-04-26T19:02:36.9410853Z PASS packages/babel-code-frame/test/index.js
2026-04-26T19:02:37.0136557Z PASS packages/babel-helper-compilation-targets/test/targets-parser.spec.js
2026-04-26T19:02:37.5838238Z PASS packages/babel-standalone/test/babel.js
2026-04-26T19:02:38.5600369Z PASS eslint/babel-eslint-parser/test/typescript-estree.test.js
2026-04-26T19:02:38.5830320Z PASS packages/babel-types/test/retrievers.js
2026-04-26T19:02:40.9782830Z PASS packages/babel-generator/test/preserve-format.js
2026-04-26T19:02:41.0399964Z PASS packages/babel-types/test/converters.js
2026-04-26T19:02:41.0689126Z PASS packages/babel-traverse/test/introspection.js
2026-04-26T19:02:41.3719780Z PASS packages/babel-preset-env/test/normalize-options.skip-bundled.js
2026-04-26T19:02:41.4194318Z PASS packages/babel-core/test/external-dependencies.js
2026-04-26T19:02:41.4698980Z PASS packages/babel-plugin-bugfix-v8-static-class-fields-redefine-readonly/test/util.skip-bundled.js
2026-04-26T19:02:42.3999698Z PASS packages/babel-register/test/index.js
2026-04-26T19:02:42.4862696Z PASS packages/babel-core/test/option-manager.js
2026-04-26T19:02:42.5510332Z PASS packages/babel-core/test/assumptions.js
2026-04-26T19:02:42.6359174Z PASS packages/babel-core/test/config-ts.js
2026-04-26T19:02:42.6714915Z PASS packages/babel-traverse/test/family.js
2026-04-26T19:02:42.7024808Z PASS packages/babel-parser/test/options.js
2026-04-26T19:02:42.7196496Z PASS packages/babel-types/test/cloning.js
2026-04-26T19:02:43.0466493Z PASS packages/babel-types/test/fields.js
2026-04-26T19:02:43.0467523Z PASS eslint/babel-eslint-plugin-development/test/rules/no-deprecated-clone.js
2026-04-26T19:02:43.0627424Z PASS packages/babel-code-frame/test/color-detection.js
2026-04-26T19:02:43.0647682Z PASS packages/babel-types/test/misc.js
2026-04-26T19:02:43.0868150Z PASS packages/babel-core/test/targets.js
2026-04-26T19:02:43.0959561Z PASS packages/babel-core/test/path.js
2026-04-26T19:02:43.1014530Z PASS packages/babel-traverse/test/path/index.js
2026-04-26T19:02:43.1357632Z PASS packages/babel-plugin-bugfix-safari-rest-destructuring-rhs-array/test/util.skip-bundled.js
2026-04-26T19:02:43.1580695Z PASS packages/babel-traverse/test/removal.js
2026-04-26T19:02:43.2089908Z PASS eslint/babel-eslint-tests/test/integration/eslint/rules/strict.js
2026-04-26T19:02:43.2789881Z PASS packages/babel-preset-env/test/index.skip-bundled.js
2026-04-26T19:02:43.5449016Z PASS packages/babel-runtime/test/unittests/wrapRegExp.test.js
2026-04-26T19:02:44.2155294Z PASS packages/babel-plugin-transform-regenerator/test/regenerator.js (7.395 s)
2026-04-26T19:02:44.2315543Z PASS packages/babel-helper-optimise-call-expression/test/index.js
2026-04-26T19:02:44.2660076Z PASS packages/babel-types/test/validate.js
2026-04-26T19:02:44.3024508Z PASS packages/babel-helpers/test/unittests/tsRewriteRelativeImportExtensions.skip-bundled.js
2026-04-26T19:02:44.3479975Z PASS packages/babel-core/test/evaluation.js
2026-04-26T19:02:44.3741872Z PASS packages/babel-preset-react/test/normalize-options.skip-bundled.js
2026-04-26T19:02:44.4730385Z PASS packages/babel-plugin-bugfix-v8-spread-parameters-in-optional-chaining/test/util.skip-bundled.js
2026-04-26T19:02:44.5818592Z PASS packages/babel-traverse/test/path/isPure.js
2026-04-26T19:02:44.7653016Z PASS packages/babel-register/test/cache.skip-bundled.js
2026-04-26T19:02:44.7719606Z PASS packages/babel-traverse/test/visitors.js
2026-04-26T19:02:44.7759840Z PASS packages/babel-node/test/split-args.skip-bundled.js
2026-04-26T19:02:44.8002452Z PASS packages/babel-plugin-transform-modules-umd/test/importInterop-function.js
2026-04-26T19:02:44.8059009Z PASS packages/babel-traverse/test/conversion.js
2026-04-26T19:02:44.8111557Z PASS packages/babel-parser/test/plugin-options.js
2026-04-26T19:02:44.8222766Z PASS packages/babel-traverse/test/path/virtual-types-validators.js
2026-04-26T19:02:45.4340826Z You are using the in-browser Babel transformer. Be sure to precompile your scripts for production - https://babeljs.io/docs/setup/
2026-04-26T19:02:45.6496212Z PASS eslint/babel-eslint-plugin-development/test/rules/no-undefined-identifier.js
2026-04-26T19:02:45.6555552Z PASS packages/babel-types/test/builders/typescript/tsLiteralType.js
2026-04-26T19:02:45.6827690Z PASS packages/babel-plugin-transform-optional-chaining/test/util.skip-bundled.js
2026-04-26T19:02:45.6872093Z PASS packages/babel-generator/test/arrow-functions.js
2026-04-26T19:02:45.6956045Z PASS packages/babel-plugin-transform-object-rest-spread/test/hasMoreThanOneBinding.skip-bundled.js
2026-04-26T19:02:45.7001841Z PASS packages/babel-helper-validator-option/test/validator.spec.js
2026-04-26T19:02:45.7079799Z PASS packages/babel-helper-builder-react-jsx/test/index.js
2026-04-26T19:02:45.8151670Z PASS packages/babel-core/test/config-ts-integration-tsx.js
2026-04-26T19:02:45.8460247Z PASS packages/babel-plugin-transform-modules-commonjs/test/importInterop-function.js
2026-04-26T19:02:45.8657457Z PASS packages/babel-plugin-transform-modules-amd/test/importInterop-function.js
2026-04-26T19:02:45.8705053Z PASS packages/babel-types/test/builders/core/templateElement.js
2026-04-26T19:02:45.8769759Z PASS packages/babel-plugin-proposal-destructuring-private/test/util.skip-bundled.js
2026-04-26T19:02:45.8829706Z PASS packages/babel-preset-typescript/test/normalize-options.skip-bundled.js
2026-04-26T19:02:45.8890228Z PASS packages/babel-helper-compilation-targets/test/targets-supported.skip-bundled.js
2026-04-26T19:02:45.8979867Z PASS packages/babel-traverse/test/ancestry.js
2026-04-26T19:02:45.9395271Z PASS eslint/babel-eslint-plugin-development-internal/test/rules/report-error-message-formtat.js
2026-04-26T19:02:46.0361728Z PASS eslint/babel-eslint-tests/test/integration/config-files.js
2026-04-26T19:02:46.0436603Z PASS packages/babel-core/test/parse.js
2026-04-26T19:02:46.0481024Z PASS packages/babel-helper-check-duplicate-nodes/test/index.js
2026-04-26T19:02:46.0530336Z PASS packages/babel-parser/test/error-codes.js
2026-04-26T19:02:46.0861474Z PASS eslint/babel-eslint-plugin-development/test/rules/plugin-name.js
2026-04-26T19:02:48.1436523Z PASS packages/babel-core/test/esm-cjs-integration.js
2026-04-26T19:02:48.1907054Z PASS packages/babel-standalone/test/preset-stage-1.test.js
2026-04-26T19:02:48.2019881Z PASS packages/babel-helper-validator-identifier/test/identifier.spec.js
2026-04-26T19:02:48.2129633Z PASS packages/babel-parser/test/misc.js
2026-04-26T19:02:48.2549903Z PASS packages/babel-preset-react/test/index.js
2026-04-26T19:02:48.8842149Z PASS packages/babel-helper-transform-fixture-test-runner/test/index.js
2026-04-26T19:02:48.9050576Z PASS packages/babel-plugin-bugfix-safari-id-destructuring-collision-in-function-expression/test/util.skip-bundled.js
2026-04-26T19:02:48.9144871Z PASS packages/babel-preset-flow/test/normalize-options.skip-bundled.js
2026-04-26T19:02:49.0410164Z PASS eslint/babel-eslint-tests/test/integration/duplicated-babel-parser.js
2026-04-26T19:02:49.0839905Z You are using the in-browser Babel transformer. Be sure to precompile your scripts for production - https://babeljs.io/docs/setup/
2026-04-26T19:02:49.0851563Z You are using the in-browser Babel transformer. Be sure to precompile your scripts for production - https://babeljs.io/docs/setup/
2026-04-26T19:02:49.0859885Z You are using the in-browser Babel transformer. Be sure to precompile your scripts for production - https://babeljs.io/docs/setup/
2026-04-26T19:02:49.0879681Z PASS packages/babel-plugin-transform-typeof-symbol/test/helper.spec.js
2026-04-26T19:02:49.0881010Z PASS packages/babel-standalone/test/transform-script-tags.test.js (5.803 s)
2026-04-26T19:02:49.1008479Z PASS packages/babel-plugin-syntax-decorators/test/index.js
2026-04-26T19:02:49.1010728Z Usage of builders starting with an uppercase letter such as `ThisTypeAnnotation` has been deprecated, please migrate to `thisTypeAnnotation`
2026-04-26T19:02:49.1012548Z     at Module.<anonymous> (file:///home/runner/work/babel/babel/packages/babel-types/lib/builders/generated/uppercase.js:5:5)
2026-04-26T19:02:49.1014180Z     at file:///home/runner/work/babel/babel/packages/babel-types/test/builders/core.js?1777230169084:20:14
2026-04-26T19:02:49.1141951Z PASS packages/babel-traverse/test/hub.js
2026-04-26T19:02:49.1209664Z PASS packages/babel-parser/test/unit/util/identifier.skip-bundled.js
2026-04-26T19:02:49.2685196Z PASS packages/babel-types/test/builders/core.js
2026-04-26T19:02:50.0788198Z PASS packages/babel-standalone/test/built-into-es5.js
2026-04-26T19:02:50.0930232Z PASS packages/babel-plugin-transform-modules-commonjs/test/copied-nodes.js
2026-04-26T19:02:50.1052515Z PASS eslint/babel-eslint-tests/test/integration/eslint/config.js
2026-04-26T19:02:50.1816089Z PASS eslint/babel-eslint-plugin/test/rules/no-unused-expressions.js
2026-04-26T19:02:50.1867666Z PASS packages/babel-types/test/builders/flow/createTypeAnnotationBasedOnTypeof.js
2026-04-26T19:02:50.2120158Z PASS packages/babel-plugin-transform-class-static-block/test/plugin-ordering.test.js
2026-04-26T19:02:50.2139968Z PASS packages/babel-types/test/builders/flow/declareClass.js
2026-04-26T19:02:50.2217844Z PASS packages/babel-types/test/builders/typescript/tsTypeParameter.js
2026-04-26T19:02:50.2261790Z PASS packages/babel-core/test/util.skip-bundled.js
2026-04-26T19:02:50.4507698Z PASS packages/babel-core/test/config-ts-integration-ts-node.js
2026-04-26T19:02:50.4561706Z (node:2515) [DEP0180] DeprecationWarning: fs.Stats constructor is deprecated.
2026-04-26T19:02:50.4601115Z (Use `node --trace-deprecation ...` to show where the warning was created)
2026-04-26T19:02:50.7390246Z PASS eslint/babel-eslint-tests/test/integration/eslint-plugin-import.js
2026-04-26T19:02:50.7477883Z PASS packages/babel-plugin-proposal-destructuring-private/test/plugin-ordering.js
2026-04-26T19:02:51.2393828Z PASS packages/babel-plugin-transform-modules-systemjs/test/index.js
2026-04-26T19:02:51.2529938Z PASS packages/babel-types/test/builders/core/regexLiteral.js
2026-04-26T19:02:51.2603518Z PASS packages/babel-plugin-transform-modules-commonjs/test/esmodule-flag.js
2026-04-26T19:02:51.2752664Z PASS eslint/babel-eslint-tests/test/integration/parser-override.js
2026-04-26T19:02:51.2813736Z PASS packages/babel-helper-compilation-targets/test/browserslist-extends/browserslist-extends.spec.js
2026-04-26T19:02:51.2824506Z PASS packages/babel-helper-compilation-targets/test/pretty.skip-bundled.js
2026-04-26T19:02:51.3071903Z PASS eslint/babel-eslint-plugin/test/rules/no-undef.js
2026-04-26T19:02:51.3098971Z PASS packages/babel-types/test/builders/typescript/exportDefaultDeclaration.js
2026-04-26T19:02:51.3400796Z PASS eslint/babel-eslint-tests/test/integration/babel-eslint-plugin.js
2026-04-26T19:02:51.3414654Z PASS packages/babel-helper-annotate-as-pure/test/index.js
2026-04-26T19:02:51.3455216Z PASS packages/babel-cli/test/util.skip-bundled.js
2026-04-26T19:02:51.3469695Z PASS packages/babel-parser/test/unit/tokenizer/types.skip-bundled.js
2026-04-26T19:02:51.3957075Z `assertModuleDeclaration` has been deprecated, please migrate to `assertImportOrExportDeclaration`
2026-04-26T19:02:51.3959194Z     at Module.assertModuleDeclaration (file:///home/runner/work/babel/babel/packages/babel-types/lib/asserts/generated/index.js:919:3)
2026-04-26T19:02:51.3960965Z     at file:///home/runner/work/babel/babel/packages/babel-types/test/asserts.js?1777230171345:20:15
2026-04-26T19:02:51.4674828Z `assertNumberLiteral` has been deprecated, please migrate to `assertNumericLiteral`
2026-04-26T19:02:51.4679104Z     at Module.assertNumberLiteral (file:///home/runner/work/babel/babel/packages/babel-types/lib/asserts/generated/index.js:903:3)
2026-04-26T19:02:51.4680703Z     at file:///home/runner/work/babel/babel/packages/babel-types/test/asserts.js?1777230171345:20:15
2026-04-26T19:02:51.4682465Z `assertRegexLiteral` has been deprecated, please migrate to `assertRegExpLiteral`
2026-04-26T19:02:51.4683967Z     at Module.assertRegexLiteral (file:///home/runner/work/babel/babel/packages/babel-types/lib/asserts/generated/index.js:907:3)
2026-04-26T19:02:51.4685448Z     at file:///home/runner/work/babel/babel/packages/babel-types/test/asserts.js?1777230171345:20:15
2026-04-26T19:02:51.4686569Z `assertRestProperty` has been deprecated, please migrate to `assertRestElement`
2026-04-26T19:02:51.4688008Z     at Module.assertRestProperty (file:///home/runner/work/babel/babel/packages/babel-types/lib/asserts/generated/index.js:911:3)
2026-04-26T19:02:51.4691386Z     at file:///home/runner/work/babel/babel/packages/babel-types/test/asserts.js?1777230171345:20:15
2026-04-26T19:02:51.4693011Z `assertSpreadProperty` has been deprecated, please migrate to `assertSpreadElement`
2026-04-26T19:02:51.4694612Z     at Module.assertSpreadProperty (file:///home/runner/work/babel/babel/packages/babel-types/lib/asserts/generated/index.js:915:3)
2026-04-26T19:02:51.4696159Z     at file:///home/runner/work/babel/babel/packages/babel-types/test/asserts.js?1777230171345:20:15
2026-04-26T19:02:51.4697233Z PASS packages/babel-types/test/asserts.js
2026-04-26T19:02:51.4712475Z PASS packages/babel-types/test/regressions.js
2026-04-26T19:02:51.4730140Z PASS packages/babel-helper-compilation-targets/test/load-browserslistrc/load-browserslistrc.spec.js
2026-04-26T19:02:51.4746829Z PASS packages/babel-types/test/builders/core/classProperty.js
2026-04-26T19:02:51.4759268Z PASS packages/babel-types/test/builders/typescript/tsTypeOperator.js
2026-04-26T19:02:51.4812561Z PASS packages/babel-helper-create-regexp-features-plugin/test/util.skip-bundled.js
2026-04-26T19:02:51.4883300Z PASS packages/babel-helper-compilation-targets/test/utils.skip-bundled.js
2026-04-26T19:02:51.4959555Z PASS packages/babel-plugin-transform-runtime/test/regression.js
2026-04-26T19:02:52.7339478Z PASS packages/babel-parser/test/sourceType-commonjs.js
2026-04-26T19:02:52.7390325Z PASS packages/babel-types/test/modifications.js
2026-04-26T19:02:52.7660647Z PASS packages/babel-generator/test/printer.skip-bundled.js
2026-04-26T19:02:52.8760474Z PASS packages/babel-parser/test/attachComment-false.js
2026-04-26T19:02:52.8779927Z PASS packages/babel-helper-compilation-targets/test/load-browserslist-package-json/load-browserslist-package-json.spec.js
2026-04-26T19:02:52.8790095Z PASS packages/babel-helper-compilation-targets/test/custom-browserslist-env/custom-browserslist-env.spec.js
2026-04-26T19:02:52.8934757Z PASS eslint/babel-eslint-plugin/test/rules/new-cap.js
2026-04-26T19:02:52.9854314Z PASS packages/babel-parser/test/expressions.js
2026-04-26T19:02:52.9861825Z PASS packages/babel-helper-validator-option/test/find-suggestion.spec.js
2026-04-26T19:02:58.3829586Z PASS packages/babel-parser/test/locations-false.js (5.4 s)
2026-04-26T19:02:58.4770196Z PASS packages/babel-core/test/transformation.js
2026-04-26T19:02:58.5579951Z PASS packages/babel-helpers/test/define-helper.skip-bundled.js
2026-04-26T19:02:58.6976046Z PASS packages/babel-core/test/plugins.js
2026-04-26T19:02:58.7017710Z PASS packages/babel-runtime-corejs3/test/index.spec.js
2026-04-26T19:03:00.0574573Z PASS packages/babel-parser/test/estree-throws.js (5.694 s)
2026-04-26T19:03:00.6260865Z PASS packages/babel-build-external-helpers/test/batch-test-runner/1.js
2026-04-26T19:03:00.6359563Z PASS packages/babel-node/test/batch-test-runner/7.js
2026-04-26T19:03:01.8479231Z PASS packages/babel-parser/test/index.js (6.415 s)
2026-04-26T19:03:01.8593481Z PASS packages/babel-build-external-helpers/test/batch-test-runner/0.js
2026-04-26T19:03:05.4917550Z PASS packages/babel-node/test/batch-test-runner/6.js
2026-04-26T19:03:06.4721559Z PASS packages/babel-node/test/batch-test-runner/4.js
2026-04-26T19:03:07.5044068Z PASS packages/babel-node/test/batch-test-runner/5.js (5.624 s)
2026-04-26T19:03:10.1679777Z PASS packages/babel-node/test/batch-test-runner/3.js
2026-04-26T19:03:11.0221754Z PASS packages/babel-node/test/batch-test-runner/2.js
2026-04-26T19:03:12.0102287Z PASS packages/babel-node/test/batch-test-runner/1.js
2026-04-26T19:03:14.5693875Z PASS packages/babel-node/test/batch-test-runner/0.js
2026-04-26T19:03:14.9700385Z PASS packages/babel-cli/test/batch-test-runner/7.js
2026-04-26T19:03:16.5118836Z PASS packages/babel-cli/test/batch-test-runner/4.js
2026-04-26T19:03:18.7040302Z PASS packages/babel-cli/test/batch-test-runner/5.js
2026-04-26T19:03:18.9279999Z PASS packages/babel-cli/test/batch-test-runner/6.js
2026-04-26T19:03:21.2507016Z PASS packages/babel-cli/test/batch-test-runner/3.js
2026-04-26T19:03:23.1497681Z PASS packages/babel-cli/test/batch-test-runner/1.js
2026-04-26T19:03:23.2548077Z PASS packages/babel-plugin-proposal-import-wasm-source/test/index.js
2026-04-26T19:03:23.5089234Z PASS packages/babel-helper-create-class-features-plugin/test/index.js
2026-04-26T19:03:23.5871076Z PASS packages/babel-cli/test/batch-test-runner/2.js
2026-04-26T19:03:23.5989226Z PASS packages/babel-traverse/test/index.js
2026-04-26T19:03:23.7087506Z PASS packages/babel-preset-typescript/test/index.js
2026-04-26T19:03:23.7749115Z PASS packages/babel-preset-react/test/preset-options.js
2026-04-26T19:03:23.7923945Z PASS packages/babel-preset-flow/test/flow.js
2026-04-26T19:03:23.8141980Z PASS packages/babel-plugin-transform-unicode-sets-regex/test/index.js
2026-04-26T19:03:24.0308818Z PASS packages/babel-plugin-transform-unicode-regex/test/index.js
2026-04-26T19:03:24.1410288Z PASS packages/babel-plugin-transform-unicode-property-regex/test/index.js
2026-04-26T19:03:24.2157168Z PASS packages/babel-plugin-transform-unicode-escapes/test/index.js
2026-04-26T19:03:24.6439573Z The exported identifier "foo" is not declared in Babel's scope tracker
2026-04-26T19:03:24.6467002Z as a JavaScript value binding, and "@babel/plugin-transform-typescript"
2026-04-26T19:03:24.6499463Z never encountered it as a TypeScript type declaration.
2026-04-26T19:03:24.6529371Z It will be treated as a JavaScript value.
2026-04-26T19:03:24.6544363Z 
2026-04-26T19:03:24.6545098Z This problem is likely caused by another plugin injecting
2026-04-26T19:03:24.6546216Z "foo" without registering it in the scope tracker. If you are the author
2026-04-26T19:03:24.6548995Z  of that plugin, please use "scope.registerDeclaration(declarationPath)".
2026-04-26T19:03:24.8322300Z The exported identifier "foo" is not declared in Babel's scope tracker
2026-04-26T19:03:24.8349766Z as a JavaScript value binding, and "@babel/plugin-transform-typescript"
2026-04-26T19:03:24.8378558Z never encountered it as a TypeScript type declaration.
2026-04-26T19:03:24.8379612Z It will be treated as a JavaScript value.
2026-04-26T19:03:24.8408807Z 
2026-04-26T19:03:24.8439424Z This problem is likely caused by another plugin injecting
2026-04-26T19:03:24.8469424Z "foo" without registering it in the scope tracker. If you are the author
2026-04-26T19:03:24.8529443Z  of that plugin, please use "scope.registerDeclaration(declarationPath)".
2026-04-26T19:03:24.8539632Z PASS packages/babel-plugin-transform-typescript/test/index.js
2026-04-26T19:03:24.9410116Z PASS packages/babel-plugin-transform-template-literals/test/index.js
2026-04-26T19:03:24.9640522Z PASS packages/babel-plugin-transform-typeof-symbol/test/index.js
2026-04-26T19:03:24.9819793Z PASS packages/babel-plugin-transform-strict-mode/test/index.js
2026-04-26T19:03:24.9877475Z PASS packages/babel-plugin-transform-sticky-regex/test/index.js
2026-04-26T19:03:25.1852900Z PASS packages/babel-plugin-transform-spread/test/index.js
2026-04-26T19:03:25.1999915Z PASS packages/babel-plugin-transform-shorthand-properties/test/index.js
2026-04-26T19:03:25.3388603Z PASS packages/babel-plugin-transform-runtime/test/index.js
2026-04-26T19:03:25.3569759Z PASS packages/babel-plugin-transform-regexp-modifiers/test/index.js
2026-04-26T19:03:25.3608242Z PASS packages/babel-plugin-transform-reserved-words/test/index.js
2026-04-26T19:03:26.0297020Z PASS packages/babel-cli/test/batch-test-runner/0.js
2026-04-26T19:03:26.0666682Z PASS packages/babel-plugin-transform-react-pure-annotations/test/index.js
2026-04-26T19:03:26.1610252Z PASS packages/babel-plugin-transform-react-jsx-development/test/index.js
2026-04-26T19:03:26.5770389Z PASS packages/babel-plugin-transform-regenerator/test/index.js
2026-04-26T19:03:26.5899489Z PASS packages/babel-plugin-transform-react-jsx/test/index.js
2026-04-26T19:03:26.6324147Z PASS packages/babel-plugin-transform-react-inline-elements/test/index.js
2026-04-26T19:03:26.6780579Z PASS packages/babel-plugin-transform-react-display-name/test/index.js
2026-04-26T19:03:26.6869869Z PASS packages/babel-plugin-transform-proto-to-assign/test/index.js
2026-04-26T19:03:26.6930538Z PASS packages/babel-plugin-transform-property-literals/test/index.js
2026-04-26T19:03:26.9439735Z PASS packages/babel-plugin-transform-react-constant-elements/test/index.js
2026-04-26T19:03:27.3150356Z PASS packages/babel-plugin-transform-private-property-in-object/test/index.js
2026-04-26T19:03:27.8688237Z PASS packages/babel-plugin-transform-parameters/test/index.js
2026-04-26T19:03:27.8819101Z PASS packages/babel-plugin-transform-optional-catch-binding/test/index.js
2026-04-26T19:03:28.2171987Z PASS packages/babel-plugin-transform-optional-chaining/test/index.js
2026-04-26T19:03:28.4122959Z PASS packages/babel-plugin-transform-object-super/test/index.js
2026-04-26T19:03:28.5732728Z PASS packages/babel-plugin-transform-private-methods/test/index.js
2026-04-26T19:03:28.5939937Z PASS packages/babel-plugin-transform-numeric-separator/test/index.js
2026-04-26T19:03:28.6423806Z PASS packages/babel-plugin-transform-nullish-coalescing-operator/test/index.js
2026-04-26T19:03:28.8331779Z PASS packages/babel-plugin-transform-object-rest-spread/test/index.js
2026-04-26T19:03:28.8520525Z PASS packages/babel-plugin-transform-named-capturing-groups-regex/test/index.js
2026-04-26T19:03:28.9002935Z PASS packages/babel-plugin-transform-new-target/test/index.js
2026-04-26T19:03:29.1292773Z PASS packages/babel-plugin-transform-modules-umd/test/index.js
2026-04-26T19:03:29.1293947Z PASS packages/babel-plugin-transform-member-expression-literals/test/index.js
2026-04-26T19:03:29.1916651Z PASS packages/babel-preset-env/test/fixtures.js (5.515 s)
2026-04-26T19:03:29.2385227Z PASS packages/babel-plugin-transform-logical-assignment-operators/test/index.js
2026-04-26T19:03:29.2655507Z PASS packages/babel-plugin-transform-json-strings/test/index.js
2026-04-26T19:03:29.3413637Z PASS packages/babel-plugin-transform-modules-amd/test/index.js
2026-04-26T19:03:29.3569159Z PASS packages/babel-plugin-transform-json-modules/test/index.js
2026-04-26T19:03:29.3589871Z PASS packages/babel-plugin-transform-jscript/test/index.js
2026-04-26T19:03:29.3689796Z PASS packages/babel-plugin-transform-instanceof/test/index.js
2026-04-26T19:03:29.4885930Z PASS packages/babel-plugin-transform-function-name/test/index.js
2026-04-26T19:03:29.4984030Z PASS packages/babel-plugin-transform-export-namespace-from/test/index.js
2026-04-26T19:03:29.5096441Z PASS packages/babel-plugin-transform-modules-commonjs/test/index.js
2026-04-26T19:03:29.5900062Z PASS packages/babel-plugin-transform-flow-comments/test/index.js
2026-04-26T19:03:29.6423785Z PASS packages/babel-plugin-transform-exponentiation-operator/test/index.js
2026-04-26T19:03:29.6888488Z PASS packages/babel-plugin-transform-for-of/test/index.js
2026-04-26T19:03:29.7754318Z PASS packages/babel-plugin-transform-flow-strip-types/test/index.js
2026-04-26T19:03:29.8134441Z PASS packages/babel-plugin-transform-duplicate-named-capturing-groups-regex/test/index.js
2026-04-26T19:03:29.8281676Z PASS packages/babel-plugin-transform-duplicate-keys/test/index.js
2026-04-26T19:03:29.8367705Z PASS packages/babel-plugin-transform-dotall-regex/test/index.js
2026-04-26T19:03:29.8888858Z PASS packages/babel-plugin-transform-dynamic-import/test/index.js
2026-04-26T19:03:29.9144789Z PASS packages/babel-plugin-transform-explicit-resource-management/test/index.js
2026-04-26T19:03:29.9612651Z PASS packages/babel-plugin-transform-computed-properties/test/index.js
2026-04-26T19:03:30.2025620Z PASS packages/babel-plugin-transform-class-static-block/test/index.js
2026-04-26T19:03:30.2232982Z PASS packages/babel-plugin-transform-destructuring/test/index.js
2026-04-26T19:03:30.9315296Z PASS packages/babel-plugin-transform-block-scoping/test/index.js
2026-04-26T19:03:30.9569471Z PASS packages/babel-plugin-transform-block-scoped-functions/test/index.js
2026-04-26T19:03:31.2502920Z PASS packages/babel-plugin-transform-async-to-generator/test/index.js
2026-04-26T19:03:31.3357817Z PASS packages/babel-plugin-transform-classes/test/index.js
2026-04-26T19:03:31.4060340Z PASS packages/babel-plugin-transform-arrow-functions/test/index.js
2026-04-26T19:03:31.4152358Z PASS packages/babel-plugin-syntax-typescript/test/index.js
2026-04-26T19:03:31.4331661Z PASS packages/babel-plugin-proposal-throw-expressions/test/index.js
2026-04-26T19:03:32.1141841Z PASS packages/babel-plugin-proposal-pipeline-operator/test/index.js
2026-04-26T19:03:32.2005076Z PASS packages/babel-plugin-proposal-partial-application/test/index.js
2026-04-26T19:03:32.2834224Z PASS packages/babel-plugin-proposal-optional-chaining-assign/test/index.js
2026-04-26T19:03:32.3219866Z PASS packages/babel-plugin-proposal-import-defer/test/index.js
2026-04-26T19:03:32.3510416Z PASS packages/babel-plugin-proposal-function-sent/test/index.js
2026-04-26T19:03:32.3719635Z PASS packages/babel-plugin-proposal-function-bind/test/index.js
2026-04-26T19:03:32.3796109Z PASS packages/babel-plugin-proposal-export-default-from/test/index.js
2026-04-26T19:03:32.6731172Z PASS packages/babel-plugin-proposal-do-expressions/test/index.js
2026-04-26T19:03:32.6765815Z PASS packages/babel-plugin-transform-async-generator-functions/test/index.js
2026-04-26T19:03:33.0145660Z PASS packages/babel-plugin-proposal-discard-binding/test/index.js
2026-04-26T19:03:33.3981189Z PASS packages/babel-plugin-proposal-destructuring-private/test/index.js
2026-04-26T19:03:33.4079911Z PASS packages/babel-plugin-external-helpers/test/index.js
2026-04-26T19:03:33.4387271Z PASS packages/babel-plugin-proposal-async-do-expressions/test/index.js
2026-04-26T19:03:33.4557156Z PASS packages/babel-plugin-bugfix-v8-static-class-fields-redefine-readonly/test/index.js
2026-04-26T19:03:33.5024217Z PASS packages/babel-plugin-bugfix-v8-spread-parameters-in-optional-chaining/test/index.js
2026-04-26T19:03:33.5227498Z PASS packages/babel-plugin-bugfix-safari-rest-destructuring-rhs-array/test/index.js
2026-04-26T19:03:33.5326225Z PASS packages/babel-plugin-bugfix-safari-id-destructuring-collision-in-function-expression/test/index.js
2026-04-26T19:03:33.5395499Z PASS packages/babel-plugin-bugfix-safari-class-field-initializer-scope/test/index.js
2026-04-26T19:03:33.5910267Z PASS packages/babel-plugin-bugfix-firefox-class-in-computed-class-key/test/index.js
2026-04-26T19:03:33.6155796Z PASS packages/babel-helpers/test/index.js
2026-04-26T19:03:33.6232150Z PASS packages/babel-helper-create-regexp-features-plugin/test/index.js
2026-04-26T19:03:33.6329400Z PASS codemods/babel-plugin-codemod-object-assign-to-object-spread/test/index.js
2026-04-26T19:03:33.6479728Z PASS codemods/babel-plugin-codemod-optional-catch-binding/test/index.js
2026-04-26T19:03:33.6487407Z PASS packages/babel-parser/test/commonjs.bundled.js
2026-04-26T19:03:34.2886032Z PASS packages/babel-plugin-transform-class-properties/test/index.js
2026-04-26T19:03:36.9194700Z PASS packages/babel-plugin-proposal-decorators/test/index.js
2026-04-26T19:03:36.9610591Z 
2026-04-26T19:03:36.9611268Z Test Suites: 264 passed, 264 total
2026-04-26T19:03:36.9611958Z Tests:       53 skipped, 168602 passed, 168655 total
2026-04-26T19:03:36.9612477Z Snapshots:   250 passed, 250 total
2026-04-26T19:03:36.9612766Z Time:        64.146 s
2026-04-26T19:03:36.9612994Z Ran all test suites.
2026-04-26T19:03:37.2852373Z Post job cleanup.
2026-04-26T19:03:37.4152105Z Post job cleanup.
2026-04-26T19:03:37.5294340Z Cache hit occurred on the primary key node-cache-Linux-x64-yarn-a9d05682e6fe02709348adff578940cf3bf1979d6c1d2a3bd50deaf962444abe, not saving cache.
2026-04-26T19:03:37.5413828Z Post job cleanup.
2026-04-26T19:03:37.6223404Z [command]/usr/bin/git version
2026-04-26T19:03:37.6260674Z git version 2.53.0
2026-04-26T19:03:37.6299101Z Temporarily overriding HOME='/home/runner/work/_temp/3b9d63b6-e5d9-4d38-9f37-389403a5d841' before making global git config changes
2026-04-26T19:03:37.6300544Z Adding repository directory to the temporary git global config as a safe directory
2026-04-26T19:03:37.6304744Z [command]/usr/bin/git config --global --add safe.directory /home/runner/work/babel/babel
2026-04-26T19:03:37.6335695Z Removing SSH command configuration
2026-04-26T19:03:37.6342239Z [command]/usr/bin/git config --local --name-only --get-regexp core\.sshCommand
2026-04-26T19:03:37.6376834Z [command]/usr/bin/git submodule foreach --recursive sh -c "git config --local --name-only --get-regexp 'core\.sshCommand' && git config --local --unset-all 'core.sshCommand' || :"
2026-04-26T19:03:37.6692724Z Removing HTTP extra header
2026-04-26T19:03:37.6697626Z [command]/usr/bin/git config --local --name-only --get-regexp http\.https\:\/\/github\.com\/\.extraheader
2026-04-26T19:03:37.6733476Z [command]/usr/bin/git submodule foreach --recursive sh -c "git config --local --name-only --get-regexp 'http\.https\:\/\/github\.com\/\.extraheader' && git config --local --unset-all 'http.https://github.com/.extraheader' || :"
2026-04-26T19:03:37.7024491Z Removing includeIf entries pointing to credentials config files
2026-04-26T19:03:37.7034145Z [command]/usr/bin/git config --local --name-only --get-regexp ^includeIf\.gitdir:
2026-04-26T19:03:37.7062954Z includeif.gitdir:/home/runner/work/babel/babel/.git.path
2026-04-26T19:03:37.7063976Z includeif.gitdir:/home/runner/work/babel/babel/.git/worktrees/*.path
2026-04-26T19:03:37.7064815Z includeif.gitdir:/github/workspace/.git.path
2026-04-26T19:03:37.7065587Z includeif.gitdir:/github/workspace/.git/worktrees/*.path
2026-04-26T19:03:37.7072108Z [command]/usr/bin/git config --local --get-all includeif.gitdir:/home/runner/work/babel/babel/.git.path
2026-04-26T19:03:37.7095103Z /home/runner/work/_temp/git-credentials-d5321549-3dc2-4a52-a94a-3012e2bd941b.config
2026-04-26T19:03:37.7105794Z [command]/usr/bin/git config --local --unset includeif.gitdir:/home/runner/work/babel/babel/.git.path /home/runner/work/_temp/git-credentials-d5321549-3dc2-4a52-a94a-3012e2bd941b.config
2026-04-26T19:03:37.7145501Z [command]/usr/bin/git config --local --get-all includeif.gitdir:/home/runner/work/babel/babel/.git/worktrees/*.path
2026-04-26T19:03:37.7172440Z /home/runner/work/_temp/git-credentials-d5321549-3dc2-4a52-a94a-3012e2bd941b.config
2026-04-26T19:03:37.7182129Z [command]/usr/bin/git config --local --unset includeif.gitdir:/home/runner/work/babel/babel/.git/worktrees/*.path /home/runner/work/_temp/git-credentials-d5321549-3dc2-4a52-a94a-3012e2bd941b.config
2026-04-26T19:03:37.7214639Z [command]/usr/bin/git config --local --get-all includeif.gitdir:/github/workspace/.git.path
2026-04-26T19:03:37.7237315Z /github/runner_temp/git-credentials-d5321549-3dc2-4a52-a94a-3012e2bd941b.config
2026-04-26T19:03:37.7246213Z [command]/usr/bin/git config --local --unset includeif.gitdir:/github/workspace/.git.path /github/runner_temp/git-credentials-d5321549-3dc2-4a52-a94a-3012e2bd941b.config
2026-04-26T19:03:37.7279468Z [command]/usr/bin/git config --local --get-all includeif.gitdir:/github/workspace/.git/worktrees/*.path
2026-04-26T19:03:37.7303671Z /github/runner_temp/git-credentials-d5321549-3dc2-4a52-a94a-3012e2bd941b.config
2026-04-26T19:03:37.7312214Z [command]/usr/bin/git config --local --unset includeif.gitdir:/github/workspace/.git/worktrees/*.path /github/runner_temp/git-credentials-d5321549-3dc2-4a52-a94a-3012e2bd941b.config
2026-04-26T19:03:37.7346205Z [command]/usr/bin/git submodule foreach --recursive git config --local --show-origin --name-only --get-regexp remote.origin.url
2026-04-26T19:03:37.7643242Z Removing credentials config '/home/runner/work/_temp/git-credentials-d5321549-3dc2-4a52-a94a-3012e2bd941b.config'
2026-04-26T19:03:37.7818706Z Cleaning up orphan processes
