2026-04-16T05:08:42.3055558Z Current runner version: '2.333.1'
2026-04-16T05:08:42.3088083Z ##[group]Runner Image Provisioner
2026-04-16T05:08:42.3089243Z Hosted Compute Agent
2026-04-16T05:08:42.3090213Z Version: 20260213.493
2026-04-16T05:08:42.3091195Z Commit: 5c115507f6dd24b8de37d8bbe0bb4509d0cc0fa3
2026-04-16T05:08:42.3092305Z Build Date: 2026-02-13T00:28:41Z
2026-04-16T05:08:42.3093267Z Worker ID: {8981399f-eca1-4d1f-8aee-1fb994a37b73}
2026-04-16T05:08:42.3094421Z Azure Region: eastus
2026-04-16T05:08:42.3095307Z ##[endgroup]
2026-04-16T05:08:42.3097538Z ##[group]Operating System
2026-04-16T05:08:42.3098291Z Ubuntu
2026-04-16T05:08:42.3099112Z 24.04.4
2026-04-16T05:08:42.3099944Z LTS
2026-04-16T05:08:42.3100588Z ##[endgroup]
2026-04-16T05:08:42.3101331Z ##[group]Runner Image
2026-04-16T05:08:42.3102194Z Image: ubuntu-24.04
2026-04-16T05:08:42.3103010Z Version: 20260406.80.1
2026-04-16T05:08:42.3104713Z Included Software: https://github.com/actions/runner-images/blob/ubuntu24/20260406.80/images/ubuntu/Ubuntu2404-Readme.md
2026-04-16T05:08:42.3107030Z Image Release: https://github.com/actions/runner-images/releases/tag/ubuntu24%2F20260406.80
2026-04-16T05:08:42.3108492Z ##[endgroup]
2026-04-16T05:08:42.3112954Z ##[group]GITHUB_TOKEN Permissions
2026-04-16T05:08:42.3115941Z Actions: write
2026-04-16T05:08:42.3116745Z ArtifactMetadata: write
2026-04-16T05:08:42.3117614Z Attestations: write
2026-04-16T05:08:42.3118421Z Checks: write
2026-04-16T05:08:42.3119098Z Contents: write
2026-04-16T05:08:42.3120149Z Deployments: write
2026-04-16T05:08:42.3120895Z Discussions: write
2026-04-16T05:08:42.3121635Z Issues: write
2026-04-16T05:08:42.3122756Z Metadata: read
2026-04-16T05:08:42.3123577Z Models: read
2026-04-16T05:08:42.3124272Z Packages: write
2026-04-16T05:08:42.3125082Z Pages: write
2026-04-16T05:08:42.3125988Z PullRequests: write
2026-04-16T05:08:42.3126723Z RepositoryProjects: write
2026-04-16T05:08:42.3127633Z SecurityEvents: write
2026-04-16T05:08:42.3128413Z Statuses: write
2026-04-16T05:08:42.3129184Z ##[endgroup]
2026-04-16T05:08:42.3132627Z Secret source: Actions
2026-04-16T05:08:42.3133859Z Prepare workflow directory
2026-04-16T05:08:42.3880465Z Prepare all required actions
2026-04-16T05:08:42.3934017Z Getting action download info
2026-04-16T05:08:42.6892391Z Download action repository 'actions/checkout@v2' (SHA:ee0669bd1cc54295c223e0bb666b733df41de1c5)
2026-04-16T05:08:42.9445607Z Download action repository 'ljharb/actions@main' (SHA:b29bdbce89e3833f2e44eb182aac6cb8b543df38)
2026-04-16T05:08:45.0765392Z Download action repository 'codecov/codecov-action@v2' (SHA:f32b3a3741e1053eb607407145bc9619351dc93b)
2026-04-16T05:08:45.4307163Z Complete job name: base config (21, 8, eslint-config-airbnb-base)
2026-04-16T05:08:45.4876970Z ##[group]Run actions/checkout@v2
2026-04-16T05:08:45.4877596Z with:
2026-04-16T05:08:45.4877847Z   repository: airbnb/javascript
2026-04-16T05:08:45.4878306Z   token: ***
2026-04-16T05:08:45.4878540Z   ssh-strict: true
2026-04-16T05:08:45.4878789Z   persist-credentials: true
2026-04-16T05:08:45.4879061Z   clean: true
2026-04-16T05:08:45.4879312Z   fetch-depth: 1
2026-04-16T05:08:45.4879708Z   lfs: false
2026-04-16T05:08:45.4879923Z   submodules: false
2026-04-16T05:08:45.4880157Z   set-safe-directory: true
2026-04-16T05:08:45.4880628Z ##[endgroup]
2026-04-16T05:08:45.5915027Z Syncing repository: airbnb/javascript
2026-04-16T05:08:45.5916498Z ##[group]Getting Git version info
2026-04-16T05:08:45.5916924Z Working directory is '/home/runner/work/javascript/javascript'
2026-04-16T05:08:45.5917571Z [command]/usr/bin/git version
2026-04-16T05:08:45.5943282Z git version 2.53.0
2026-04-16T05:08:45.5965974Z ##[endgroup]
2026-04-16T05:08:45.5980657Z Temporarily overriding HOME='/home/runner/work/_temp/590f538e-a74c-4664-8b27-2df71eb3cf62' before making global git config changes
2026-04-16T05:08:45.5981776Z Adding repository directory to the temporary git global config as a safe directory
2026-04-16T05:08:45.5984124Z [command]/usr/bin/git config --global --add safe.directory /home/runner/work/javascript/javascript
2026-04-16T05:08:45.6018863Z Deleting the contents of '/home/runner/work/javascript/javascript'
2026-04-16T05:08:45.6022765Z ##[group]Initializing the repository
2026-04-16T05:08:45.6025793Z [command]/usr/bin/git init /home/runner/work/javascript/javascript
2026-04-16T05:08:45.6090243Z hint: Using 'master' as the name for the initial branch. This default branch name
2026-04-16T05:08:45.6091173Z hint: will change to "main" in Git 3.0. To configure the initial branch name
2026-04-16T05:08:45.6092001Z hint: to use in all of your new repositories, which will suppress this warning,
2026-04-16T05:08:45.6092582Z hint: call:
2026-04-16T05:08:45.6092823Z hint:
2026-04-16T05:08:45.6093188Z hint: 	git config --global init.defaultBranch <name>
2026-04-16T05:08:45.6093533Z hint:
2026-04-16T05:08:45.6093863Z hint: Names commonly chosen instead of 'master' are 'main', 'trunk' and
2026-04-16T05:08:45.6094369Z hint: 'development'. The just-created branch can be renamed via this command:
2026-04-16T05:08:45.6094766Z hint:
2026-04-16T05:08:45.6095005Z hint: 	git branch -m <name>
2026-04-16T05:08:45.6095270Z hint:
2026-04-16T05:08:45.6095615Z hint: Disable this message with "git config set advice.defaultBranchName false"
2026-04-16T05:08:45.6096192Z Initialized empty Git repository in /home/runner/work/javascript/javascript/.git/
2026-04-16T05:08:45.6099894Z [command]/usr/bin/git remote add origin https://github.com/airbnb/javascript
2026-04-16T05:08:45.6131006Z ##[endgroup]
2026-04-16T05:08:45.6131693Z ##[group]Disabling automatic garbage collection
2026-04-16T05:08:45.6134329Z [command]/usr/bin/git config --local gc.auto 0
2026-04-16T05:08:45.6163177Z ##[endgroup]
2026-04-16T05:08:45.6163852Z ##[group]Setting up auth
2026-04-16T05:08:45.6168847Z [command]/usr/bin/git config --local --name-only --get-regexp core\.sshCommand
2026-04-16T05:08:45.6197856Z [command]/usr/bin/git submodule foreach --recursive sh -c "git config --local --name-only --get-regexp 'core\.sshCommand' && git config --local --unset-all 'core.sshCommand' || :"
2026-04-16T05:08:45.6500100Z [command]/usr/bin/git config --local --name-only --get-regexp http\.https\:\/\/github\.com\/\.extraheader
2026-04-16T05:08:45.6529252Z [command]/usr/bin/git submodule foreach --recursive sh -c "git config --local --name-only --get-regexp 'http\.https\:\/\/github\.com\/\.extraheader' && git config --local --unset-all 'http.https://github.com/.extraheader' || :"
2026-04-16T05:08:45.6756848Z [command]/usr/bin/git config --local http.https://github.com/.extraheader AUTHORIZATION: basic ***
2026-04-16T05:08:45.6793000Z ##[endgroup]
2026-04-16T05:08:45.6793669Z ##[group]Fetching the repository
2026-04-16T05:08:45.6801373Z [command]/usr/bin/git -c protocol.version=2 fetch --no-tags --prune --progress --no-recurse-submodules --depth=1 origin +1aac72bd1db0bf6cc165879f7f80702d58e25cca:refs/remotes/origin/master
2026-04-16T05:08:45.8269849Z remote: Enumerating objects: 71, done.        
2026-04-16T05:08:45.8270477Z remote: Counting objects:   1% (1/71)        
2026-04-16T05:08:45.8270996Z remote: Counting objects:   2% (2/71)        
2026-04-16T05:08:45.8271504Z remote: Counting objects:   4% (3/71)        
2026-04-16T05:08:45.8271983Z remote: Counting objects:   5% (4/71)        
2026-04-16T05:08:45.8272471Z remote: Counting objects:   7% (5/71)        
2026-04-16T05:08:45.8272947Z remote: Counting objects:   8% (6/71)        
2026-04-16T05:08:45.8273422Z remote: Counting objects:   9% (7/71)        
2026-04-16T05:08:45.8273775Z remote: Counting objects:  11% (8/71)        
2026-04-16T05:08:45.8274100Z remote: Counting objects:  12% (9/71)        
2026-04-16T05:08:45.8274599Z remote: Counting objects:  14% (10/71)        
2026-04-16T05:08:45.8275124Z remote: Counting objects:  15% (11/71)        
2026-04-16T05:08:45.8275529Z remote: Counting objects:  16% (12/71)        
2026-04-16T05:08:45.8275846Z remote: Counting objects:  18% (13/71)        
2026-04-16T05:08:45.8276215Z remote: Counting objects:  19% (14/71)        
2026-04-16T05:08:45.8276697Z remote: Counting objects:  21% (15/71)        
2026-04-16T05:08:45.8277379Z remote: Counting objects:  22% (16/71)        
2026-04-16T05:08:45.8277708Z remote: Counting objects:  23% (17/71)        
2026-04-16T05:08:45.8278026Z remote: Counting objects:  25% (18/71)        
2026-04-16T05:08:45.8278332Z remote: Counting objects:  26% (19/71)        
2026-04-16T05:08:45.8278642Z remote: Counting objects:  28% (20/71)        
2026-04-16T05:08:45.8279069Z remote: Counting objects:  29% (21/71)        
2026-04-16T05:08:45.8279727Z remote: Counting objects:  30% (22/71)        
2026-04-16T05:08:45.8280205Z remote: Counting objects:  32% (23/71)        
2026-04-16T05:08:45.8280594Z remote: Counting objects:  33% (24/71)        
2026-04-16T05:08:45.8280917Z remote: Counting objects:  35% (25/71)        
2026-04-16T05:08:45.8281218Z remote: Counting objects:  36% (26/71)        
2026-04-16T05:08:45.8281521Z remote: Counting objects:  38% (27/71)        
2026-04-16T05:08:45.8281824Z remote: Counting objects:  39% (28/71)        
2026-04-16T05:08:45.8282195Z remote: Counting objects:  40% (29/71)        
2026-04-16T05:08:45.8282519Z remote: Counting objects:  42% (30/71)        
2026-04-16T05:08:45.8282817Z remote: Counting objects:  43% (31/71)        
2026-04-16T05:08:45.8283258Z remote: Counting objects:  45% (32/71)        
2026-04-16T05:08:45.8283723Z remote: Counting objects:  46% (33/71)        
2026-04-16T05:08:45.8284172Z remote: Counting objects:  47% (34/71)        
2026-04-16T05:08:45.8284618Z remote: Counting objects:  49% (35/71)        
2026-04-16T05:08:45.8284929Z remote: Counting objects:  50% (36/71)        
2026-04-16T05:08:45.8285339Z remote: Counting objects:  52% (37/71)        
2026-04-16T05:08:45.8285813Z remote: Counting objects:  53% (38/71)        
2026-04-16T05:08:45.8286286Z remote: Counting objects:  54% (39/71)        
2026-04-16T05:08:45.8286586Z remote: Counting objects:  56% (40/71)        
2026-04-16T05:08:45.8286897Z remote: Counting objects:  57% (41/71)        
2026-04-16T05:08:45.8287196Z remote: Counting objects:  59% (42/71)        
2026-04-16T05:08:45.8287505Z remote: Counting objects:  60% (43/71)        
2026-04-16T05:08:45.8287801Z remote: Counting objects:  61% (44/71)        
2026-04-16T05:08:45.8288103Z remote: Counting objects:  63% (45/71)        
2026-04-16T05:08:45.8288404Z remote: Counting objects:  64% (46/71)        
2026-04-16T05:08:45.8288695Z remote: Counting objects:  66% (47/71)        
2026-04-16T05:08:45.8289000Z remote: Counting objects:  67% (48/71)        
2026-04-16T05:08:45.8289531Z remote: Counting objects:  69% (49/71)        
2026-04-16T05:08:45.8289907Z remote: Counting objects:  70% (50/71)        
2026-04-16T05:08:45.8290309Z remote: Counting objects:  71% (51/71)        
2026-04-16T05:08:45.8291019Z remote: Counting objects:  73% (52/71)        
2026-04-16T05:08:45.8291409Z remote: Counting objects:  74% (53/71)        
2026-04-16T05:08:45.8291726Z remote: Counting objects:  76% (54/71)        
2026-04-16T05:08:45.8292034Z remote: Counting objects:  77% (55/71)        
2026-04-16T05:08:45.8292331Z remote: Counting objects:  78% (56/71)        
2026-04-16T05:08:45.8292641Z remote: Counting objects:  80% (57/71)        
2026-04-16T05:08:45.8292937Z remote: Counting objects:  81% (58/71)        
2026-04-16T05:08:45.8293234Z remote: Counting objects:  83% (59/71)        
2026-04-16T05:08:45.8293529Z remote: Counting objects:  84% (60/71)        
2026-04-16T05:08:45.8293836Z remote: Counting objects:  85% (61/71)        
2026-04-16T05:08:45.8294139Z remote: Counting objects:  87% (62/71)        
2026-04-16T05:08:45.8294437Z remote: Counting objects:  88% (63/71)        
2026-04-16T05:08:45.8294892Z remote: Counting objects:  90% (64/71)        
2026-04-16T05:08:45.8295232Z remote: Counting objects:  91% (65/71)        
2026-04-16T05:08:45.8295716Z remote: Counting objects:  92% (66/71)        
2026-04-16T05:08:45.8296199Z remote: Counting objects:  94% (67/71)        
2026-04-16T05:08:45.8296596Z remote: Counting objects:  95% (68/71)        
2026-04-16T05:08:45.8296949Z remote: Counting objects:  97% (69/71)        
2026-04-16T05:08:45.8297611Z remote: Counting objects:  98% (70/71)        
2026-04-16T05:08:45.8298089Z remote: Counting objects: 100% (71/71)        
2026-04-16T05:08:45.8298593Z remote: Counting objects: 100% (71/71), done.        
2026-04-16T05:08:45.8299177Z remote: Compressing objects:   1% (1/60)        
2026-04-16T05:08:45.8299744Z remote: Compressing objects:   3% (2/60)        
2026-04-16T05:08:45.8300168Z remote: Compressing objects:   5% (3/60)        
2026-04-16T05:08:45.8300671Z remote: Compressing objects:   6% (4/60)        
2026-04-16T05:08:45.8301139Z remote: Compressing objects:   8% (5/60)        
2026-04-16T05:08:45.8301480Z remote: Compressing objects:  10% (6/60)        
2026-04-16T05:08:45.8301792Z remote: Compressing objects:  11% (7/60)        
2026-04-16T05:08:45.8302108Z remote: Compressing objects:  13% (8/60)        
2026-04-16T05:08:45.8302415Z remote: Compressing objects:  15% (9/60)        
2026-04-16T05:08:45.8302897Z remote: Compressing objects:  16% (10/60)        
2026-04-16T05:08:45.8303290Z remote: Compressing objects:  18% (11/60)        
2026-04-16T05:08:45.8303791Z remote: Compressing objects:  20% (12/60)        
2026-04-16T05:08:45.8304298Z remote: Compressing objects:  21% (13/60)        
2026-04-16T05:08:45.8304716Z remote: Compressing objects:  23% (14/60)        
2026-04-16T05:08:45.8305164Z remote: Compressing objects:  25% (15/60)        
2026-04-16T05:08:45.8305699Z remote: Compressing objects:  26% (16/60)        
2026-04-16T05:08:45.8306201Z remote: Compressing objects:  28% (17/60)        
2026-04-16T05:08:45.8306704Z remote: Compressing objects:  30% (18/60)        
2026-04-16T05:08:45.8307149Z remote: Compressing objects:  31% (19/60)        
2026-04-16T05:08:45.8307471Z remote: Compressing objects:  33% (20/60)        
2026-04-16T05:08:45.8307775Z remote: Compressing objects:  35% (21/60)        
2026-04-16T05:08:45.8308085Z remote: Compressing objects:  36% (22/60)        
2026-04-16T05:08:45.8308396Z remote: Compressing objects:  38% (23/60)        
2026-04-16T05:08:45.8308719Z remote: Compressing objects:  40% (24/60)        
2026-04-16T05:08:45.8309038Z remote: Compressing objects:  41% (25/60)        
2026-04-16T05:08:45.8309343Z remote: Compressing objects:  43% (26/60)        
2026-04-16T05:08:45.8309871Z remote: Compressing objects:  45% (27/60)        
2026-04-16T05:08:45.8310340Z remote: Compressing objects:  46% (28/60)        
2026-04-16T05:08:45.8310665Z remote: Compressing objects:  48% (29/60)        
2026-04-16T05:08:45.8311133Z remote: Compressing objects:  50% (30/60)        
2026-04-16T05:08:45.8311655Z remote: Compressing objects:  51% (31/60)        
2026-04-16T05:08:45.8312314Z remote: Compressing objects:  53% (32/60)        
2026-04-16T05:08:45.8312698Z remote: Compressing objects:  55% (33/60)        
2026-04-16T05:08:45.8313118Z remote: Compressing objects:  56% (34/60)        
2026-04-16T05:08:45.8313604Z remote: Compressing objects:  58% (35/60)        
2026-04-16T05:08:45.8314091Z remote: Compressing objects:  60% (36/60)        
2026-04-16T05:08:45.8314408Z remote: Compressing objects:  61% (37/60)        
2026-04-16T05:08:45.8314726Z remote: Compressing objects:  63% (38/60)        
2026-04-16T05:08:45.8315034Z remote: Compressing objects:  65% (39/60)        
2026-04-16T05:08:45.8315348Z remote: Compressing objects:  66% (40/60)        
2026-04-16T05:08:45.8315665Z remote: Compressing objects:  68% (41/60)        
2026-04-16T05:08:45.8315976Z remote: Compressing objects:  70% (42/60)        
2026-04-16T05:08:45.8316292Z remote: Compressing objects:  71% (43/60)        
2026-04-16T05:08:45.8316615Z remote: Compressing objects:  73% (44/60)        
2026-04-16T05:08:45.8318155Z remote: Compressing objects:  75% (45/60)        
2026-04-16T05:08:45.8321586Z remote: Compressing objects:  76% (46/60)        
2026-04-16T05:08:45.8322143Z remote: Compressing objects:  78% (47/60)        
2026-04-16T05:08:45.8322915Z remote: Compressing objects:  80% (48/60)        
2026-04-16T05:08:45.8323319Z remote: Compressing objects:  81% (49/60)        
2026-04-16T05:08:45.8323988Z remote: Compressing objects:  83% (50/60)        
2026-04-16T05:08:45.8324315Z remote: Compressing objects:  85% (51/60)        
2026-04-16T05:08:45.8324641Z remote: Compressing objects:  86% (52/60)        
2026-04-16T05:08:45.8324966Z remote: Compressing objects:  88% (53/60)        
2026-04-16T05:08:45.8325285Z remote: Compressing objects:  90% (54/60)        
2026-04-16T05:08:45.8325614Z remote: Compressing objects:  91% (55/60)        
2026-04-16T05:08:45.8325930Z remote: Compressing objects:  93% (56/60)        
2026-04-16T05:08:45.8326257Z remote: Compressing objects:  95% (57/60)        
2026-04-16T05:08:45.8326594Z remote: Compressing objects:  96% (58/60)        
2026-04-16T05:08:45.8326918Z remote: Compressing objects:  98% (59/60)        
2026-04-16T05:08:45.8327252Z remote: Compressing objects: 100% (60/60)        
2026-04-16T05:08:45.8327604Z remote: Compressing objects: 100% (60/60), done.        
2026-04-16T05:08:45.8436823Z remote: Total 71 (delta 6), reused 41 (delta 4), pack-reused 0 (from 0)        
2026-04-16T05:08:45.8629361Z From https://github.com/airbnb/javascript
2026-04-16T05:08:45.8630568Z  * [new ref]         1aac72bd1db0bf6cc165879f7f80702d58e25cca -> origin/master
2026-04-16T05:08:45.8658495Z ##[endgroup]
2026-04-16T05:08:45.8658953Z ##[group]Determining the checkout info
2026-04-16T05:08:45.8660828Z ##[endgroup]
2026-04-16T05:08:45.8661218Z ##[group]Checking out the ref
2026-04-16T05:08:45.8665025Z [command]/usr/bin/git checkout --progress --force -B master refs/remotes/origin/master
2026-04-16T05:08:45.8758005Z Reset branch 'master'
2026-04-16T05:08:45.8761290Z branch 'master' set up to track 'origin/master'.
2026-04-16T05:08:45.8766687Z ##[endgroup]
2026-04-16T05:08:45.8804577Z [command]/usr/bin/git log -1 --format='%H'
2026-04-16T05:08:45.8828886Z '1aac72bd1db0bf6cc165879f7f80702d58e25cca'
2026-04-16T05:08:45.9043248Z ##[group]Run ljharb/actions/node/install@main
2026-04-16T05:08:45.9043581Z with:
2026-04-16T05:08:45.9043879Z   before_install: cd "packages/eslint-config-airbnb-base"
2026-04-16T05:08:45.9044229Z   node-version: 21
2026-04-16T05:08:45.9044505Z   after_install: npm install --no-save "eslint@8"

2026-04-16T05:08:45.9044819Z   skip-install: false
2026-04-16T05:08:45.9045059Z   skip-ls-check: false
2026-04-16T05:08:45.9045297Z   skip-latest-npm: false
2026-04-16T05:08:45.9045543Z   use-npm-ci: false
2026-04-16T05:08:45.9045764Z ##[endgroup]
2026-04-16T05:08:46.3693825Z **** debug ****
2026-04-16T05:08:46.3735246Z * nvm: 0.40.4
2026-04-16T05:08:46.3814395Z * node: /usr/local/bin/node (v20.20.2)
2026-04-16T05:08:46.5282662Z * npm: /usr/local/bin/npm (10.8.2)
2026-04-16T05:08:46.6254666Z * npm root -g: /usr/local/lib/node_modules
2026-04-16T05:08:46.6255328Z * NVM_DIR: /home/runner/.nvm
2026-04-16T05:08:46.6256955Z * PATH: /snap/bin:/home/runner/.local/bin:/opt/pipx_bin:/home/runner/.cargo/bin:/home/runner/.config/composer/vendor/bin:/usr/local/.ghcup/bin:/home/runner/.dotnet/tools:/usr/local/sbin:/usr/local/bin:/usr/sbin:/usr/bin:/sbin:/bin:/usr/games:/usr/local/games:/snap/bin
2026-04-16T05:08:46.6258539Z * VERSION: 21
2026-04-16T05:08:46.6258988Z * BEFORE_INSTALL: cd "packages/eslint-config-airbnb-base"
2026-04-16T05:08:46.6259724Z * CACHE_HIT: 
2026-04-16T05:08:46.6260139Z * AFTER_INSTALL: npm install --no-save "eslint@8"
2026-04-16T05:08:46.6260504Z * SKIP_LS_CHECK: false
2026-04-16T05:08:46.6260744Z * SKIP_INSTALL: false
2026-04-16T05:08:46.6260994Z * INSTALL_COMMAND: install
2026-04-16T05:08:46.6261244Z **** end debug ****
2026-04-16T05:08:46.6297617Z 
2026-04-16T05:08:46.6297689Z 
2026-04-16T05:08:46.6298215Z ******> nvm install --latest-npm 21
2026-04-16T05:08:46.9656730Z Downloading and installing node v21.7.3...
2026-04-16T05:08:47.0970550Z Downloading https://nodejs.org/dist/v21.7.3/node-v21.7.3-linux-x64.tar.xz...
2026-04-16T05:08:47.2192620Z 
2026-04-16T05:08:47.3194900Z #############                                                             19.1%
2026-04-16T05:08:47.4205655Z ###############################################                           66.6%
2026-04-16T05:08:47.4240031Z ######################################################################    98.6%
2026-04-16T05:08:47.4240922Z ######################################################################## 100.0%
2026-04-16T05:08:47.4407326Z Computing checksum with sha256sum
2026-04-16T05:08:47.4660407Z Checksums matched!
2026-04-16T05:08:49.5915193Z Now using node v21.7.3 (npm v10.5.0)
2026-04-16T05:08:49.6304031Z Attempting to upgrade to the latest working version of npm...
2026-04-16T05:08:49.9191184Z * `npm` `v10.x` is the last version that works on `node` `< v20.17`, `v21`, or `v22.0` - `v22.8`
2026-04-16T05:08:52.4889937Z 
2026-04-16T05:08:52.4890469Z removed 38 packages, and changed 116 packages in 2s
2026-04-16T05:08:52.4891241Z 
2026-04-16T05:08:52.4891431Z 24 packages are looking for funding
2026-04-16T05:08:52.4891867Z   run `npm fund` for details
2026-04-16T05:08:52.5933158Z * npm upgraded to: v10.9.8
2026-04-16T05:08:52.5992286Z **** debug ****
2026-04-16T05:08:52.6055200Z * node: /home/runner/.nvm/versions/node/v21.7.3/bin/node (v21.7.3)
2026-04-16T05:08:52.6919961Z * npm: /home/runner/.nvm/versions/node/v21.7.3/bin/npm (10.9.8)
2026-04-16T05:08:52.7847208Z * npm root -g: /home/runner/.nvm/versions/node/v21.7.3/lib/node_modules
2026-04-16T05:08:52.7849304Z * PATH: /home/runner/.nvm/versions/node/v21.7.3/bin:/snap/bin:/home/runner/.local/bin:/opt/pipx_bin:/home/runner/.cargo/bin:/home/runner/.config/composer/vendor/bin:/usr/local/.ghcup/bin:/home/runner/.dotnet/tools:/usr/local/sbin:/usr/local/bin:/usr/sbin:/usr/bin:/sbin:/bin:/usr/games:/usr/local/games:/snap/bin
2026-04-16T05:08:52.7851167Z **** end debug ****
2026-04-16T05:08:52.7851393Z 
2026-04-16T05:08:52.7851402Z 
2026-04-16T05:08:52.7851575Z ******> cd "packages/eslint-config-airbnb-base"
2026-04-16T05:08:52.7851883Z 
2026-04-16T05:08:52.7851894Z 
2026-04-16T05:08:52.7852597Z ******> npm install
2026-04-16T05:09:03.9724441Z npm warn deprecated date-format@0.0.2: 0.x is no longer supported. Please upgrade to 4.x or higher.
2026-04-16T05:09:04.0532049Z npm warn deprecated lodash.get@4.4.2: This package is deprecated. Use the optional chaining (?.) operator instead.
2026-04-16T05:09:04.0971127Z npm warn deprecated inflight@1.0.6: This module is not supported, and leaks memory. Do not use it. Check out lru-cache if you want a good and tested way to coalesce async requests by a key value, which is much more comprehensive and powerful.
2026-04-16T05:09:04.1100354Z npm warn deprecated rimraf@3.0.2: Rimraf versions prior to v4 are no longer supported
2026-04-16T05:09:04.5610995Z npm warn deprecated @humanwhocodes/object-schema@2.0.3: Use @eslint/object-schema instead
2026-04-16T05:09:04.6067997Z npm warn deprecated @humanwhocodes/config-array@0.13.0: Use @eslint/config-array instead
2026-04-16T05:09:04.6569639Z npm warn deprecated glob@6.0.4: Old versions of glob are not supported, and contain widely publicized security vulnerabilities, which have been fixed in the current version. Please update. Support for old versions may be purchased (at exorbitant rates) by contacting i@izs.me
2026-04-16T05:09:04.9001780Z npm warn deprecated @babel/polyfill@7.12.1: 🚨 This package has been deprecated in favor of separate inclusion of a polyfill and regenerator-runtime (when needed). See the @babel/polyfill docs (https://babeljs.io/docs/en/babel-polyfill) for more information.
2026-04-16T05:09:04.9103664Z npm warn deprecated @babel/plugin-proposal-optional-catch-binding@7.18.6: This proposal has been merged to the ECMAScript standard and thus this plugin is no longer maintained. Please use @babel/plugin-transform-optional-catch-binding instead.
2026-04-16T05:09:04.9220687Z npm warn deprecated @babel/plugin-proposal-optional-chaining@7.21.0: This proposal has been merged to the ECMAScript standard and thus this plugin is no longer maintained. Please use @babel/plugin-transform-optional-chaining instead.
2026-04-16T05:09:04.9475396Z npm warn deprecated @babel/plugin-proposal-numeric-separator@7.18.6: This proposal has been merged to the ECMAScript standard and thus this plugin is no longer maintained. Please use @babel/plugin-transform-numeric-separator instead.
2026-04-16T05:09:04.9478653Z npm warn deprecated @babel/plugin-proposal-nullish-coalescing-operator@7.18.6: This proposal has been merged to the ECMAScript standard and thus this plugin is no longer maintained. Please use @babel/plugin-transform-nullish-coalescing-operator instead.
2026-04-16T05:09:04.9769039Z npm warn deprecated @babel/plugin-proposal-object-rest-spread@7.20.7: This proposal has been merged to the ECMAScript standard and thus this plugin is no longer maintained. Please use @babel/plugin-transform-object-rest-spread instead.
2026-04-16T05:09:05.1361934Z npm warn deprecated glob@7.2.3: Old versions of glob are not supported, and contain widely publicized security vulnerabilities, which have been fixed in the current version. Please update. Support for old versions may be purchased (at exorbitant rates) by contacting i@izs.me
2026-04-16T05:09:05.1980606Z npm warn deprecated glob@7.2.3: Old versions of glob are not supported, and contain widely publicized security vulnerabilities, which have been fixed in the current version. Please update. Support for old versions may be purchased (at exorbitant rates) by contacting i@izs.me
2026-04-16T05:09:05.2315241Z npm warn deprecated glob@7.2.3: Old versions of glob are not supported, and contain widely publicized security vulnerabilities, which have been fixed in the current version. Please update. Support for old versions may be purchased (at exorbitant rates) by contacting i@izs.me
2026-04-16T05:09:05.3273744Z npm warn deprecated glob@7.2.3: Old versions of glob are not supported, and contain widely publicized security vulnerabilities, which have been fixed in the current version. Please update. Support for old versions may be purchased (at exorbitant rates) by contacting i@izs.me
2026-04-16T05:09:05.3401055Z npm warn deprecated glob@7.2.3: Old versions of glob are not supported, and contain widely publicized security vulnerabilities, which have been fixed in the current version. Please update. Support for old versions may be purchased (at exorbitant rates) by contacting i@izs.me
2026-04-16T05:09:05.4064985Z npm warn deprecated axios@0.18.1: Critical security vulnerability fixed in v0.21.1. For more information, see https://github.com/axios/axios/pull/3410
2026-04-16T05:09:06.0905783Z npm warn deprecated highlight.js@9.12.0: Version no longer supported. Upgrade to @latest
2026-04-16T05:09:06.2890701Z npm warn deprecated eslint@8.57.1: This version is no longer supported. Please see https://eslint.org/version-support for other options.
2026-04-16T05:09:06.6990088Z npm warn deprecated core-js@2.6.12: core-js@<3.23.3 is no longer maintained and not recommended for usage due to the number of issues. Because of the V8 engine whims, feature detection in old core-js versions could cause a slowdown up to 100x even if nothing is polyfilled. Some versions have web compatibility issues. Please, upgrade your dependencies to the actual version of core-js.
2026-04-16T05:09:06.8772098Z 
2026-04-16T05:09:06.8773298Z > eslint-config-airbnb-base@15.0.0 prepublish
2026-04-16T05:09:06.8780155Z > not-in-publish || npm run prepublishOnly
2026-04-16T05:09:06.8780570Z 
2026-04-16T05:09:06.9129836Z 
2026-04-16T05:09:06.9130330Z added 661 packages, and audited 662 packages in 14s
2026-04-16T05:09:06.9130731Z 
2026-04-16T05:09:06.9130876Z 125 packages are looking for funding
2026-04-16T05:09:06.9131282Z   run `npm fund` for details
2026-04-16T05:09:06.9214580Z 
2026-04-16T05:09:06.9214839Z 15 vulnerabilities (8 moderate, 6 high, 1 critical)
2026-04-16T05:09:06.9215201Z 
2026-04-16T05:09:06.9215395Z To address issues that do not require attention, run:
2026-04-16T05:09:06.9215849Z   npm audit fix
2026-04-16T05:09:06.9216033Z 
2026-04-16T05:09:06.9216249Z To address all issues (including breaking changes), run:
2026-04-16T05:09:06.9216776Z   npm audit fix --force
2026-04-16T05:09:06.9216985Z 
2026-04-16T05:09:06.9217114Z Run `npm audit` for details.
2026-04-16T05:09:06.9524024Z 
2026-04-16T05:09:06.9524385Z 
2026-04-16T05:09:06.9524678Z ******> npm install --no-save "eslint@8"
2026-04-16T05:09:08.0754396Z 
2026-04-16T05:09:08.0754853Z up to date, audited 662 packages in 1s
2026-04-16T05:09:08.0755190Z 
2026-04-16T05:09:08.0755502Z 125 packages are looking for funding
2026-04-16T05:09:08.0755854Z   run `npm fund` for details
2026-04-16T05:09:08.0915661Z 
2026-04-16T05:09:08.0916203Z 15 vulnerabilities (8 moderate, 6 high, 1 critical)
2026-04-16T05:09:08.0916932Z 
2026-04-16T05:09:08.0917368Z To address issues that do not require attention, run:
2026-04-16T05:09:08.0918002Z   npm audit fix
2026-04-16T05:09:08.0918358Z 
2026-04-16T05:09:08.0918754Z To address all issues (including breaking changes), run:
2026-04-16T05:09:08.0919626Z   npm audit fix --force
2026-04-16T05:09:08.0920019Z 
2026-04-16T05:09:08.0920356Z Run `npm audit` for details.
2026-04-16T05:09:08.1058384Z 
2026-04-16T05:09:08.1058423Z 
2026-04-16T05:09:08.1058613Z ******> npm ls >/dev/null
2026-04-16T05:09:08.5396634Z eslint-config-airbnb-base@15.0.0 /home/runner/work/javascript/javascript/packages/eslint-config-airbnb-base
2026-04-16T05:09:08.5397876Z ├── @babel/runtime@7.29.2
2026-04-16T05:09:08.5398302Z ├── babel-preset-airbnb@4.5.0
2026-04-16T05:09:08.5398745Z ├── babel-tape-runner@3.0.0
2026-04-16T05:09:08.5399184Z ├── confusing-browser-globals@1.0.11
2026-04-16T05:09:08.5399755Z ├── eclint@2.8.1
2026-04-16T05:09:08.5400110Z ├── eslint-find-rules@4.2.0
2026-04-16T05:09:08.5400533Z ├── eslint-plugin-import@2.32.0
2026-04-16T05:09:08.5400920Z ├── eslint@8.57.1
2026-04-16T05:09:08.5401255Z ├── in-publish@2.0.1
2026-04-16T05:09:08.5401621Z ├── safe-publish-latest@2.0.0
2026-04-16T05:09:08.5402008Z └── tape@5.9.0
2026-04-16T05:09:08.5402173Z 
2026-04-16T05:09:08.5496002Z got status code 0
2026-04-16T05:09:16.1502154Z ##[group]Run node -pe "require('eslint/package.json').version"
2026-04-16T05:09:16.1502674Z [36;1mnode -pe "require('eslint/package.json').version"[0m
2026-04-16T05:09:16.1530504Z shell: /usr/bin/bash -e {0}
2026-04-16T05:09:16.1530798Z ##[endgroup]
2026-04-16T05:09:16.1859703Z 8.57.1
2026-04-16T05:09:16.1929912Z ##[group]Run npm run travis
2026-04-16T05:09:16.1930223Z [36;1mnpm run travis[0m
2026-04-16T05:09:16.1952330Z shell: /usr/bin/bash -e {0}
2026-04-16T05:09:16.1952579Z ##[endgroup]
2026-04-16T05:09:16.3034239Z 
2026-04-16T05:09:16.3034687Z > eslint-config-airbnb-base@15.0.0 pretravis
2026-04-16T05:09:16.3035134Z > :
2026-04-16T05:09:16.3035277Z 
2026-04-16T05:09:16.3080257Z 
2026-04-16T05:09:16.3080598Z > eslint-config-airbnb-base@15.0.0 travis
2026-04-16T05:09:16.3081059Z > npm run --silent tests-only
2026-04-16T05:09:16.3081305Z 
2026-04-16T05:09:16.4927251Z TAP version 13
2026-04-16T05:09:16.4936766Z # all entry points parse
2026-04-16T05:09:16.4948135Z ok 1 index does not throw
2026-04-16T05:09:16.4952446Z ok 2 legacy does not throw
2026-04-16T05:09:17.1267391Z ok 3 whitespace does not throw
2026-04-16T05:09:17.1320582Z 
2026-04-16T05:09:17.1320848Z 1..3
2026-04-16T05:09:17.1322144Z # tests 3
2026-04-16T05:09:17.1324645Z # pass  3
2026-04-16T05:09:17.1339937Z 
2026-04-16T05:09:17.1340357Z # ok
2026-04-16T05:09:17.1340536Z 
2026-04-16T05:09:17.8417082Z TAP version 13
2026-04-16T05:09:17.8423952Z # index: does not reference react
2026-04-16T05:09:17.8430383Z ok 1 there is no react plugin
2026-04-16T05:09:17.8439887Z ok 2 there are no react/ rules
2026-04-16T05:09:17.8442472Z # best-practices.js: does not reference react
2026-04-16T05:09:17.8444233Z ok 3 there is no react plugin
2026-04-16T05:09:17.8448077Z ok 4 there are no react/ rules
2026-04-16T05:09:17.8450924Z # errors.js: does not reference react
2026-04-16T05:09:17.8451787Z ok 5 there is no react plugin
2026-04-16T05:09:17.8456774Z ok 6 there are no react/ rules
2026-04-16T05:09:17.8458940Z # es6.js: does not reference react
2026-04-16T05:09:17.8459619Z ok 7 there is no react plugin
2026-04-16T05:09:17.8462612Z ok 8 there are no react/ rules
2026-04-16T05:09:17.8464358Z # imports.js: does not reference react
2026-04-16T05:09:17.8464799Z ok 9 there is no react plugin
2026-04-16T05:09:17.8469561Z ok 10 there are no react/ rules
2026-04-16T05:09:17.8470638Z # node.js: does not reference react
2026-04-16T05:09:17.8471165Z ok 11 there is no react plugin
2026-04-16T05:09:17.8473429Z ok 12 there are no react/ rules
2026-04-16T05:09:17.8474212Z # strict.js: does not reference react
2026-04-16T05:09:17.8475842Z ok 13 there is no react plugin
2026-04-16T05:09:17.8477884Z ok 14 there are no react/ rules
2026-04-16T05:09:17.8508074Z # style.js: does not reference react
2026-04-16T05:09:17.8508519Z ok 15 there is no react plugin
2026-04-16T05:09:17.8511084Z ok 16 there are no react/ rules
2026-04-16T05:09:17.8511767Z # variables.js: does not reference react
2026-04-16T05:09:17.8512203Z ok 17 there is no react plugin
2026-04-16T05:09:17.8515360Z ok 18 there are no react/ rules
2026-04-16T05:09:17.8552470Z 
2026-04-16T05:09:17.8552593Z 1..18
2026-04-16T05:09:17.8552832Z # tests 18
2026-04-16T05:09:17.8553043Z # pass  18
2026-04-16T05:09:17.8553181Z 
2026-04-16T05:09:17.8553382Z # ok
2026-04-16T05:09:17.8554223Z 
2026-04-16T05:09:17.8710251Z 
2026-04-16T05:09:17.8710595Z > eslint-config-airbnb-base@15.0.0 posttravis
2026-04-16T05:09:17.8711026Z > :
2026-04-16T05:09:17.8711158Z 
2026-04-16T05:09:17.8866597Z ##[group]Run codecov/codecov-action@v2
2026-04-16T05:09:17.8866859Z with:
2026-04-16T05:09:17.8867026Z ##[endgroup]
2026-04-16T05:09:17.9768539Z ==> linux OS detected
2026-04-16T05:09:18.3827443Z https://uploader.codecov.io/latest/linux/codecov.SHA256SUM
2026-04-16T05:09:18.4333398Z ==> SHASUM file signed by key id 806bb28aed779869
2026-04-16T05:09:18.5135198Z ==> Uploader SHASUM verified (b37359013b48fbc3b0790d59fc474a52a260fb96e28e1b2c2ae001dc9b9cc996  codecov)
2026-04-16T05:09:18.5135841Z ==> Running version latest
2026-04-16T05:09:18.5789593Z ==> Running version v0.8.0
2026-04-16T05:09:18.5806252Z [command]/home/runner/work/_actions/codecov/codecov-action/v2/dist/codecov -n  -Q github-action-2.1.0
2026-04-16T05:09:18.7826325Z [2026-04-16T05:09:18.781Z] ['info'] 
2026-04-16T05:09:18.7827197Z      _____          _
2026-04-16T05:09:18.7827995Z     / ____|        | |
2026-04-16T05:09:18.7828398Z    | |     ___   __| | ___  ___ _____   __
2026-04-16T05:09:18.7828858Z    | |    / _ \ / _` |/ _ \/ __/ _ \ \ / /
2026-04-16T05:09:18.7829202Z    | |___| (_) | (_| |  __/ (_| (_) \ V /
2026-04-16T05:09:18.7829872Z     \_____\___/ \__,_|\___|\___\___/ \_/
2026-04-16T05:09:18.7830127Z 
2026-04-16T05:09:18.7830273Z   Codecov report uploader 0.8.0
2026-04-16T05:09:18.7885788Z [2026-04-16T05:09:18.788Z] ['info'] => Project root located at: /home/runner/work/javascript/javascript
2026-04-16T05:09:18.7897606Z [2026-04-16T05:09:18.789Z] ['info'] -> No token specified or token is empty
2026-04-16T05:09:18.7966301Z [2026-04-16T05:09:18.796Z] ['info'] Searching for coverage files...
2026-04-16T05:09:18.8269183Z [2026-04-16T05:09:18.826Z] ['info'] Warning: Some files located via search were excluded from upload.
2026-04-16T05:09:18.8270870Z [2026-04-16T05:09:18.826Z] ['info'] If Codecov did not locate your files, please review https://docs.codecov.com/docs/supported-report-formats
2026-04-16T05:09:18.8275020Z [2026-04-16T05:09:18.826Z] ['error'] There was an error running the uploader: No coverage files located, please try use `-f`, or change the project root with `-R`
2026-04-16T05:09:18.8276264Z [2026-04-16T05:09:18.827Z] ['info'] Codecov will exit with status code 0. If you are expecting a non-zero exit code, please pass in the `-Z` flag
2026-04-16T05:09:18.8552694Z Post job cleanup.
2026-04-16T05:09:18.9430080Z + AFTER_SUCCESS=
2026-04-16T05:09:18.9430408Z + echo '**** debug ****'
2026-04-16T05:09:18.9430739Z + echo '* AFTER_SUCCESS: '
2026-04-16T05:09:18.9431058Z + echo '**** end debug ****'
2026-04-16T05:09:18.9431386Z + '[' -n '' ']'
2026-04-16T05:09:18.9431642Z **** debug ****
2026-04-16T05:09:18.9431894Z * AFTER_SUCCESS: 
2026-04-16T05:09:18.9432160Z **** end debug ****
2026-04-16T05:09:18.9531967Z Post job cleanup.
2026-04-16T05:09:19.0414289Z [command]/usr/bin/git version
2026-04-16T05:09:19.0451363Z git version 2.53.0
2026-04-16T05:09:19.0493921Z Temporarily overriding HOME='/home/runner/work/_temp/6eb5aad4-d190-4607-a913-9021cc8fd126' before making global git config changes
2026-04-16T05:09:19.0495114Z Adding repository directory to the temporary git global config as a safe directory
2026-04-16T05:09:19.0498393Z [command]/usr/bin/git config --global --add safe.directory /home/runner/work/javascript/javascript
2026-04-16T05:09:19.0532668Z [command]/usr/bin/git config --local --name-only --get-regexp core\.sshCommand
2026-04-16T05:09:19.0566405Z [command]/usr/bin/git submodule foreach --recursive sh -c "git config --local --name-only --get-regexp 'core\.sshCommand' && git config --local --unset-all 'core.sshCommand' || :"
2026-04-16T05:09:19.0815770Z [command]/usr/bin/git config --local --name-only --get-regexp http\.https\:\/\/github\.com\/\.extraheader
2026-04-16T05:09:19.0841609Z http.https://github.com/.extraheader
2026-04-16T05:09:19.0851547Z [command]/usr/bin/git config --local --unset-all http.https://github.com/.extraheader
2026-04-16T05:09:19.0884048Z [command]/usr/bin/git submodule foreach --recursive sh -c "git config --local --name-only --get-regexp 'http\.https\:\/\/github\.com\/\.extraheader' && git config --local --unset-all 'http.https://github.com/.extraheader' || :"
2026-04-16T05:09:19.1266437Z Cleaning up orphan processes
2026-04-16T05:09:19.1550104Z ##[warning]Node.js 20 actions are deprecated. The following actions are running on Node.js 20 and may not work as expected: actions/checkout@v2, codecov/codecov-action@v2, ljharb/actions/node/install@main. Actions will be forced to run with Node.js 24 by default starting June 2nd, 2026. Node.js 20 will be removed from the runner on September 16th, 2026. Please check if updated versions of these actions are available that support Node.js 24. To opt into Node.js 24 now, set the FORCE_JAVASCRIPT_ACTIONS_TO_NODE24=true environment variable on the runner or in your workflow file. Once Node.js 24 becomes the default, you can temporarily opt out by setting ACTIONS_ALLOW_USE_UNSECURE_NODE_VERSION=true. For more information see: https://github.blog/changelog/2025-09-19-deprecation-of-node-20-on-github-actions-runners/
