2026-06-16T14:09:10.1437200Z Current runner version: '2.335.1'
2026-06-16T14:09:10.1461593Z ##[group]Runner Image Provisioner
2026-06-16T14:09:10.1462467Z Hosted Compute Agent
2026-06-16T14:09:10.1463053Z Version: 20260527.539
2026-06-16T14:09:10.1463746Z Commit: a891dd388383b896fa6ac04a82c0b75cec981078
2026-06-16T14:09:10.1464492Z Build Date: 2026-05-27T21:39:57Z
2026-06-16T14:09:10.1465212Z Worker ID: {7406cf0e-c553-4426-ac52-d7dae89d23df}
2026-06-16T14:09:10.1466034Z Azure Region: westus
2026-06-16T14:09:10.1466643Z ##[endgroup]
2026-06-16T14:09:10.1468125Z ##[group]Operating System
2026-06-16T14:09:10.1468811Z Ubuntu
2026-06-16T14:09:10.1469618Z 24.04.4
2026-06-16T14:09:10.1470210Z LTS
2026-06-16T14:09:10.1470732Z ##[endgroup]
2026-06-16T14:09:10.1471342Z ##[group]Runner Image
2026-06-16T14:09:10.1471966Z Image: ubuntu-24.04
2026-06-16T14:09:10.1472564Z Version: 20260607.184.1
2026-06-16T14:09:10.1473855Z Included Software: https://github.com/actions/runner-images/blob/ubuntu24/20260607.184/images/ubuntu/Ubuntu2404-Readme.md
2026-06-16T14:09:10.1475699Z Image Release: https://github.com/actions/runner-images/releases/tag/ubuntu24%2F20260607.184
2026-06-16T14:09:10.1476759Z ##[endgroup]
2026-06-16T14:09:10.1480049Z ##[group]GITHUB_TOKEN Permissions
2026-06-16T14:09:10.1482454Z Actions: write
2026-06-16T14:09:10.1483072Z ArtifactMetadata: write
2026-06-16T14:09:10.1483817Z Attestations: write
2026-06-16T14:09:10.1484396Z Checks: write
2026-06-16T14:09:10.1484983Z CodeQuality: write
2026-06-16T14:09:10.1485631Z Contents: write
2026-06-16T14:09:10.1486194Z CopilotRequests: write
2026-06-16T14:09:10.1486862Z Deployments: write
2026-06-16T14:09:10.1487429Z Discussions: write
2026-06-16T14:09:10.1488005Z Issues: write
2026-06-16T14:09:10.1488600Z Metadata: read
2026-06-16T14:09:10.1489352Z Models: read
2026-06-16T14:09:10.1490104Z Packages: write
2026-06-16T14:09:10.1490663Z Pages: write
2026-06-16T14:09:10.1491194Z PullRequests: write
2026-06-16T14:09:10.1491837Z RepositoryProjects: write
2026-06-16T14:09:10.1492467Z SecurityEvents: write
2026-06-16T14:09:10.1493083Z Statuses: write
2026-06-16T14:09:10.1493711Z VulnerabilityAlerts: read
2026-06-16T14:09:10.1494314Z ##[endgroup]
2026-06-16T14:09:10.1496498Z Secret source: Actions
2026-06-16T14:09:10.1497251Z Prepare workflow directory
2026-06-16T14:09:10.1832333Z Prepare all required actions
2026-06-16T14:09:10.1870694Z Getting action download info
2026-06-16T14:09:10.6568038Z Download action repository 'actions/setup-python@a309ff8b426b58ec0e2a45f0f869d46889d02405' (SHA:a309ff8b426b58ec0e2a45f0f869d46889d02405)
2026-06-16T14:09:10.7664892Z Download action repository 'actions/checkout@de0fac2e4500dabe0009e67214ff5f5447ce83dd' (SHA:de0fac2e4500dabe0009e67214ff5f5447ce83dd)
2026-06-16T14:09:10.7996703Z Download action repository 'hendrikmuhs/ccache-action@1bbbcda0748b3e340dee71a314fa68ffcbd6df79' (SHA:1bbbcda0748b3e340dee71a314fa68ffcbd6df79)
2026-06-16T14:09:11.5861634Z Download action repository 'actions/upload-artifact@bbbca2ddaa5d8feaa63e36b76fdaad77386f024f' (SHA:bbbca2ddaa5d8feaa63e36b76fdaad77386f024f)
2026-06-16T14:09:11.7736841Z Complete job name: linux-cmake
2026-06-16T14:09:11.8539165Z ##[group]Run actions/setup-python@a309ff8b426b58ec0e2a45f0f869d46889d02405
2026-06-16T14:09:11.8540451Z with:
2026-06-16T14:09:11.8540945Z   python-version: 3.12
2026-06-16T14:09:11.8541500Z   check-latest: false
2026-06-16T14:09:11.8546143Z   token: ***
2026-06-16T14:09:11.8546645Z   update-environment: true
2026-06-16T14:09:11.8547218Z   allow-prereleases: false
2026-06-16T14:09:11.8547769Z   freethreaded: false
2026-06-16T14:09:11.8548521Z ##[endgroup]
2026-06-16T14:09:11.9945127Z ##[group]Installed versions
2026-06-16T14:09:12.0020211Z Successfully set up CPython (3.12.13)
2026-06-16T14:09:12.0021785Z ##[endgroup]
2026-06-16T14:09:12.0332128Z ##[group]Run actions/checkout@de0fac2e4500dabe0009e67214ff5f5447ce83dd
2026-06-16T14:09:12.0333176Z with:
2026-06-16T14:09:12.0333755Z   fetch-depth: 1
2026-06-16T14:09:12.0334336Z   submodules: recursive
2026-06-16T14:09:12.0335017Z   repository: LibreDWG/libredwg
2026-06-16T14:09:12.0340300Z   token: ***
2026-06-16T14:09:12.0340969Z   ssh-strict: true
2026-06-16T14:09:12.0341577Z   ssh-user: git
2026-06-16T14:09:12.0342169Z   persist-credentials: true
2026-06-16T14:09:12.0342885Z   clean: true
2026-06-16T14:09:12.0343487Z   sparse-checkout-cone-mode: true
2026-06-16T14:09:12.0344156Z   fetch-tags: false
2026-06-16T14:09:12.0344870Z   show-progress: true
2026-06-16T14:09:12.0345472Z   lfs: false
2026-06-16T14:09:12.0346067Z   set-safe-directory: true
2026-06-16T14:09:12.0346792Z env:
2026-06-16T14:09:12.0347495Z   pythonLocation: /opt/hostedtoolcache/Python/3.12.13/x64
2026-06-16T14:09:12.0348568Z   PKG_CONFIG_PATH: /opt/hostedtoolcache/Python/3.12.13/x64/lib/pkgconfig
2026-06-16T14:09:12.0349966Z   Python_ROOT_DIR: /opt/hostedtoolcache/Python/3.12.13/x64
2026-06-16T14:09:12.0351022Z   Python2_ROOT_DIR: /opt/hostedtoolcache/Python/3.12.13/x64
2026-06-16T14:09:12.0351959Z   Python3_ROOT_DIR: /opt/hostedtoolcache/Python/3.12.13/x64
2026-06-16T14:09:12.0352911Z   LD_LIBRARY_PATH: /opt/hostedtoolcache/Python/3.12.13/x64/lib
2026-06-16T14:09:12.0353744Z ##[endgroup]
2026-06-16T14:09:12.1219728Z Syncing repository: LibreDWG/libredwg
2026-06-16T14:09:12.1220957Z ##[group]Getting Git version info
2026-06-16T14:09:12.1221718Z Working directory is '/home/runner/work/libredwg/libredwg'
2026-06-16T14:09:12.1238265Z [command]/usr/bin/git version
2026-06-16T14:09:12.1378726Z git version 2.54.0
2026-06-16T14:09:12.1404241Z ##[endgroup]
2026-06-16T14:09:12.1418508Z Temporarily overriding HOME='/home/runner/work/_temp/a15c6899-c3ce-4928-85ef-8a61fd29f45b' before making global git config changes
2026-06-16T14:09:12.1423992Z Adding repository directory to the temporary git global config as a safe directory
2026-06-16T14:09:12.1426003Z [command]/usr/bin/git config --global --add safe.directory /home/runner/work/libredwg/libredwg
2026-06-16T14:09:12.1476159Z Deleting the contents of '/home/runner/work/libredwg/libredwg'
2026-06-16T14:09:12.1480468Z ##[group]Initializing the repository
2026-06-16T14:09:12.1484567Z [command]/usr/bin/git init /home/runner/work/libredwg/libredwg
2026-06-16T14:09:12.1600084Z hint: Using 'master' as the name for the initial branch. This default branch name
2026-06-16T14:09:12.1601666Z hint: will change to "main" in Git 3.0. To configure the initial branch name
2026-06-16T14:09:12.1602929Z hint: to use in all of your new repositories, which will suppress this warning,
2026-06-16T14:09:12.1604499Z hint: call:
2026-06-16T14:09:12.1605371Z hint:
2026-06-16T14:09:12.1606352Z hint: 	git config --global init.defaultBranch <name>
2026-06-16T14:09:12.1607614Z hint:
2026-06-16T14:09:12.1608692Z hint: Names commonly chosen instead of 'master' are 'main', 'trunk' and
2026-06-16T14:09:12.1610269Z hint: 'development'. The just-created branch can be renamed via this command:
2026-06-16T14:09:12.1611152Z hint:
2026-06-16T14:09:12.1611651Z hint: 	git branch -m <name>
2026-06-16T14:09:12.1612366Z hint:
2026-06-16T14:09:12.1613478Z hint: Disable this message with "git config set advice.defaultBranchName false"
2026-06-16T14:09:12.1614675Z Initialized empty Git repository in /home/runner/work/libredwg/libredwg/.git/
2026-06-16T14:09:12.1617883Z [command]/usr/bin/git remote add origin https://github.com/LibreDWG/libredwg
2026-06-16T14:09:12.1663289Z ##[endgroup]
2026-06-16T14:09:12.1664206Z ##[group]Disabling automatic garbage collection
2026-06-16T14:09:12.1666816Z [command]/usr/bin/git config --local gc.auto 0
2026-06-16T14:09:12.1695686Z ##[endgroup]
2026-06-16T14:09:12.1696812Z ##[group]Setting up auth
2026-06-16T14:09:12.1697657Z Removing SSH command configuration
2026-06-16T14:09:12.1703477Z [command]/usr/bin/git config --local --name-only --get-regexp core\.sshCommand
2026-06-16T14:09:12.1741436Z [command]/usr/bin/git submodule foreach --recursive sh -c "git config --local --name-only --get-regexp 'core\.sshCommand' && git config --local --unset-all 'core.sshCommand' || :"
2026-06-16T14:09:12.2095699Z Removing HTTP extra header
2026-06-16T14:09:12.2101176Z [command]/usr/bin/git config --local --name-only --get-regexp http\.https\:\/\/github\.com\/\.extraheader
2026-06-16T14:09:12.2130928Z [command]/usr/bin/git submodule foreach --recursive sh -c "git config --local --name-only --get-regexp 'http\.https\:\/\/github\.com\/\.extraheader' && git config --local --unset-all 'http.https://github.com/.extraheader' || :"
2026-06-16T14:09:12.2374871Z Removing includeIf entries pointing to credentials config files
2026-06-16T14:09:12.2380967Z [command]/usr/bin/git config --local --name-only --get-regexp ^includeIf\.gitdir:
2026-06-16T14:09:12.2412928Z [command]/usr/bin/git submodule foreach --recursive git config --local --show-origin --name-only --get-regexp remote.origin.url
2026-06-16T14:09:12.2632947Z [command]/usr/bin/git config --file /home/runner/work/_temp/git-credentials-7c53ff65-1b22-42b6-9b97-c541512435dc.config http.https://github.com/.extraheader AUTHORIZATION: basic ***
2026-06-16T14:09:12.2667079Z [command]/usr/bin/git config --local includeIf.gitdir:/home/runner/work/libredwg/libredwg/.git.path /home/runner/work/_temp/git-credentials-7c53ff65-1b22-42b6-9b97-c541512435dc.config
2026-06-16T14:09:12.2695396Z [command]/usr/bin/git config --local includeIf.gitdir:/home/runner/work/libredwg/libredwg/.git/worktrees/*.path /home/runner/work/_temp/git-credentials-7c53ff65-1b22-42b6-9b97-c541512435dc.config
2026-06-16T14:09:12.2729934Z [command]/usr/bin/git config --local includeIf.gitdir:/github/workspace/.git.path /github/runner_temp/git-credentials-7c53ff65-1b22-42b6-9b97-c541512435dc.config
2026-06-16T14:09:12.2758543Z [command]/usr/bin/git config --local includeIf.gitdir:/github/workspace/.git/worktrees/*.path /github/runner_temp/git-credentials-7c53ff65-1b22-42b6-9b97-c541512435dc.config
2026-06-16T14:09:12.2784388Z ##[endgroup]
2026-06-16T14:09:12.2785265Z ##[group]Fetching the repository
2026-06-16T14:09:12.2793849Z [command]/usr/bin/git -c protocol.version=2 fetch --no-tags --prune --no-recurse-submodules --depth=1 origin +c2422093690d56a6537b77a3ce1e5752675dedb1:refs/remotes/origin/smoke/relprep1
2026-06-16T14:09:15.2578761Z From https://github.com/LibreDWG/libredwg
2026-06-16T14:09:15.2580049Z  * [new ref]         c2422093690d56a6537b77a3ce1e5752675dedb1 -> origin/smoke/relprep1
2026-06-16T14:09:15.2623239Z [command]/usr/bin/git branch --list --remote origin/smoke/relprep1
2026-06-16T14:09:15.2649049Z   origin/smoke/relprep1
2026-06-16T14:09:15.2658040Z [command]/usr/bin/git rev-parse refs/remotes/origin/smoke/relprep1
2026-06-16T14:09:15.2679783Z c2422093690d56a6537b77a3ce1e5752675dedb1
2026-06-16T14:09:15.2683924Z ##[endgroup]
2026-06-16T14:09:15.2684780Z ##[group]Determining the checkout info
2026-06-16T14:09:15.2685660Z ##[endgroup]
2026-06-16T14:09:15.2689445Z [command]/usr/bin/git sparse-checkout disable
2026-06-16T14:09:15.2734330Z [command]/usr/bin/git config --local --unset-all extensions.worktreeConfig
2026-06-16T14:09:15.2760712Z ##[group]Checking out the ref
2026-06-16T14:09:15.2764291Z [command]/usr/bin/git checkout --progress --force -B smoke/relprep1 refs/remotes/origin/smoke/relprep1
2026-06-16T14:09:15.5595376Z Switched to a new branch 'smoke/relprep1'
2026-06-16T14:09:15.5600747Z branch 'smoke/relprep1' set up to track 'origin/smoke/relprep1'.
2026-06-16T14:09:15.5631392Z ##[endgroup]
2026-06-16T14:09:15.5632146Z ##[group]Setting up auth for fetching submodules
2026-06-16T14:09:15.5638532Z [command]/usr/bin/git config --file /home/runner/work/_temp/git-credentials-7c53ff65-1b22-42b6-9b97-c541512435dc.config http.https://github.com/.extraheader AUTHORIZATION: basic ***
2026-06-16T14:09:15.5677592Z [command]/usr/bin/git config --global include.path /home/runner/work/_temp/git-credentials-7c53ff65-1b22-42b6-9b97-c541512435dc.config
2026-06-16T14:09:15.5708120Z [command]/usr/bin/git config --global --unset-all url.https://github.com/.insteadOf
2026-06-16T14:09:15.5737753Z [command]/usr/bin/git config --global --add url.https://github.com/.insteadOf git@github.com:
2026-06-16T14:09:15.5770492Z [command]/usr/bin/git config --global --add url.https://github.com/.insteadOf org-39027244@github.com:
2026-06-16T14:09:15.5795803Z ##[endgroup]
2026-06-16T14:09:15.5796369Z ##[group]Fetching submodules
2026-06-16T14:09:15.5801480Z [command]/usr/bin/git submodule sync --recursive
2026-06-16T14:09:15.6023219Z [command]/usr/bin/git -c protocol.version=2 submodule update --init --force --depth=1 --recursive
2026-06-16T14:09:15.6241844Z Submodule 'jsmn' (https://github.com/zserge/jsmn) registered for path 'jsmn'
2026-06-16T14:09:15.6269171Z Cloning into '/home/runner/work/libredwg/libredwg/jsmn'...
2026-06-16T14:09:17.7675739Z From https://github.com/zserge/jsmn
2026-06-16T14:09:17.7676711Z  * branch            85695f3d5903b1cd5b4030efe50db3b4f5f3c928 -> FETCH_HEAD
2026-06-16T14:09:17.7742082Z Submodule path 'jsmn': checked out '85695f3d5903b1cd5b4030efe50db3b4f5f3c928'
2026-06-16T14:09:17.7779603Z [command]/usr/bin/git submodule foreach --recursive git config --local gc.auto 0
2026-06-16T14:09:17.7995858Z Entering 'jsmn'
2026-06-16T14:09:17.8046592Z ##[endgroup]
2026-06-16T14:09:17.8047279Z ##[group]Persisting credentials for submodules
2026-06-16T14:09:17.8054461Z [command]/usr/bin/git submodule foreach --recursive sh -c "git config --local --name-only --get-regexp 'url\.https\:\/\/github\.com\/\.insteadOf' && git config --local --unset-all 'url.https://github.com/.insteadOf' || :"
2026-06-16T14:09:17.8262859Z Entering 'jsmn'
2026-06-16T14:09:17.8321962Z [command]/usr/bin/git submodule foreach --recursive git config --local --show-origin --name-only --get-regexp remote.origin.url
2026-06-16T14:09:17.8533358Z Entering 'jsmn'
2026-06-16T14:09:17.8555050Z file:/home/runner/work/libredwg/libredwg/.git/modules/jsmn/config	remote.origin.url
2026-06-16T14:09:17.8585174Z [command]/usr/bin/git config --file /home/runner/work/libredwg/libredwg/.git/modules/jsmn/config includeIf.gitdir:/home/runner/work/libredwg/libredwg/.git/modules/jsmn.path /home/runner/work/_temp/git-credentials-7c53ff65-1b22-42b6-9b97-c541512435dc.config
2026-06-16T14:09:17.8618820Z [command]/usr/bin/git config --file /home/runner/work/libredwg/libredwg/.git/modules/jsmn/config includeIf.gitdir:/github/workspace/.git/modules/jsmn.path /github/runner_temp/git-credentials-7c53ff65-1b22-42b6-9b97-c541512435dc.config
2026-06-16T14:09:17.8654238Z [command]/usr/bin/git submodule foreach --recursive git config --local --add 'url.https://github.com/.insteadOf' 'git@github.com:'
2026-06-16T14:09:17.8868277Z Entering 'jsmn'
2026-06-16T14:09:17.8930474Z [command]/usr/bin/git submodule foreach --recursive git config --local --add 'url.https://github.com/.insteadOf' 'org-39027244@github.com:'
2026-06-16T14:09:17.9133679Z Entering 'jsmn'
2026-06-16T14:09:17.9179220Z ##[endgroup]
2026-06-16T14:09:17.9219193Z [command]/usr/bin/git log -1 --format=%H
2026-06-16T14:09:17.9244173Z c2422093690d56a6537b77a3ce1e5752675dedb1
2026-06-16T14:09:17.9418218Z ##[group]Run hendrikmuhs/ccache-action@1bbbcda0748b3e340dee71a314fa68ffcbd6df79
2026-06-16T14:09:17.9418670Z with:
2026-06-16T14:09:17.9419227Z   create-symlink: true
2026-06-16T14:09:17.9419482Z   key: linux-cmake
2026-06-16T14:09:17.9419715Z   restore: true
2026-06-16T14:09:17.9419920Z   max-size: 500MB
2026-06-16T14:09:17.9420126Z   verbose: 0
2026-06-16T14:09:17.9420320Z   variant: ccache
2026-06-16T14:09:17.9420517Z   save: true
2026-06-16T14:09:17.9420723Z   append-timestamp: true
2026-06-16T14:09:17.9420976Z   job-summary: CCache Statistics
2026-06-16T14:09:17.9421251Z   update-package-index: false
2026-06-16T14:09:17.9421499Z   install: detect
2026-06-16T14:09:17.9421707Z env:
2026-06-16T14:09:17.9421970Z   pythonLocation: /opt/hostedtoolcache/Python/3.12.13/x64
2026-06-16T14:09:17.9422406Z   PKG_CONFIG_PATH: /opt/hostedtoolcache/Python/3.12.13/x64/lib/pkgconfig
2026-06-16T14:09:17.9422840Z   Python_ROOT_DIR: /opt/hostedtoolcache/Python/3.12.13/x64
2026-06-16T14:09:17.9423279Z   Python2_ROOT_DIR: /opt/hostedtoolcache/Python/3.12.13/x64
2026-06-16T14:09:17.9423667Z   Python3_ROOT_DIR: /opt/hostedtoolcache/Python/3.12.13/x64
2026-06-16T14:09:17.9424056Z   LD_LIBRARY_PATH: /opt/hostedtoolcache/Python/3.12.13/x64/lib
2026-06-16T14:09:17.9424565Z ##[endgroup]
2026-06-16T14:09:18.0391479Z ##[group]Install ccache
2026-06-16T14:09:18.0471885Z [command]/usr/bin/sh -xc $(which sudo) apt-get install -y ccache
2026-06-16T14:09:18.0511482Z + which sudo
2026-06-16T14:09:18.0517196Z + /usr/bin/sudo apt-get install -y ccache
2026-06-16T14:09:19.0167169Z Reading package lists...
2026-06-16T14:09:19.2198043Z Building dependency tree...
2026-06-16T14:09:19.2208014Z Reading state information...
2026-06-16T14:09:19.3797883Z The following additional packages will be installed:
2026-06-16T14:09:19.3800903Z   libhiredis1.1.0
2026-06-16T14:09:19.3807944Z Suggested packages:
2026-06-16T14:09:19.3808339Z   distcc | icecc
2026-06-16T14:09:19.3992149Z The following NEW packages will be installed:
2026-06-16T14:09:19.3999746Z   ccache libhiredis1.1.0
2026-06-16T14:09:19.4224136Z 0 upgraded, 2 newly installed, 0 to remove and 2 not upgraded.
2026-06-16T14:09:19.4224849Z Need to get 633 kB of archives.
2026-06-16T14:09:19.4225505Z After this operation, 1756 kB of additional disk space will be used.
2026-06-16T14:09:19.4226047Z Get:1 file:/etc/apt/apt-mirrors.txt Mirrorlist [144 B]
2026-06-16T14:09:19.5160849Z Get:2 http://azure.archive.ubuntu.com/ubuntu noble/universe amd64 libhiredis1.1.0 amd64 1.2.0-6ubuntu3 [41.4 kB]
2026-06-16T14:09:19.5824721Z Get:3 http://azure.archive.ubuntu.com/ubuntu noble/universe amd64 ccache amd64 4.9.1-1 [592 kB]
2026-06-16T14:09:19.8485571Z Fetched 633 kB in 0s (3228 kB/s)
2026-06-16T14:09:19.8726066Z Selecting previously unselected package libhiredis1.1.0:amd64.
2026-06-16T14:09:19.9055636Z (Reading database ... 
2026-06-16T14:09:19.9056085Z (Reading database ... 5%
2026-06-16T14:09:19.9056493Z (Reading database ... 10%
2026-06-16T14:09:19.9056891Z (Reading database ... 15%
2026-06-16T14:09:19.9057276Z (Reading database ... 20%
2026-06-16T14:09:19.9057805Z (Reading database ... 25%
2026-06-16T14:09:19.9058445Z (Reading database ... 30%
2026-06-16T14:09:19.9059323Z (Reading database ... 35%
2026-06-16T14:09:19.9059958Z (Reading database ... 40%
2026-06-16T14:09:19.9060643Z (Reading database ... 45%
2026-06-16T14:09:19.9061247Z (Reading database ... 50%
2026-06-16T14:09:19.9108336Z (Reading database ... 55%
2026-06-16T14:09:20.0484581Z (Reading database ... 60%
2026-06-16T14:09:20.2105322Z (Reading database ... 65%
2026-06-16T14:09:20.4518006Z (Reading database ... 70%
2026-06-16T14:09:20.4866657Z (Reading database ... 75%
2026-06-16T14:09:20.5986950Z (Reading database ... 80%
2026-06-16T14:09:20.7648559Z (Reading database ... 85%
2026-06-16T14:09:20.9519065Z (Reading database ... 90%
2026-06-16T14:09:21.1498940Z (Reading database ... 95%
2026-06-16T14:09:21.1499881Z (Reading database ... 100%
2026-06-16T14:09:21.1501123Z (Reading database ... 202149 files and directories currently installed.)
2026-06-16T14:09:21.1543347Z Preparing to unpack .../libhiredis1.1.0_1.2.0-6ubuntu3_amd64.deb ...
2026-06-16T14:09:21.1580447Z Unpacking libhiredis1.1.0:amd64 (1.2.0-6ubuntu3) ...
2026-06-16T14:09:21.1812169Z Selecting previously unselected package ccache.
2026-06-16T14:09:21.1936452Z Preparing to unpack .../ccache_4.9.1-1_amd64.deb ...
2026-06-16T14:09:21.1947201Z Unpacking ccache (4.9.1-1) ...
2026-06-16T14:09:21.2450217Z Setting up libhiredis1.1.0:amd64 (1.2.0-6ubuntu3) ...
2026-06-16T14:09:21.2482473Z Setting up ccache (4.9.1-1) ...
2026-06-16T14:09:21.2510026Z Updating symlinks in /usr/lib/ccache ...
2026-06-16T14:09:21.2713386Z Processing triggers for libc-bin (2.39-0ubuntu8.7) ...
2026-06-16T14:09:21.3105222Z Processing triggers for man-db (2.12.0-4build2) ...
2026-06-16T14:09:21.3127879Z Not building database; man-db/auto-update is not 'true'.
2026-06-16T14:09:21.9863732Z 
2026-06-16T14:09:21.9864333Z Running kernel seems to be up-to-date.
2026-06-16T14:09:21.9864841Z 
2026-06-16T14:09:21.9865390Z No services need to be restarted.
2026-06-16T14:09:21.9865734Z 
2026-06-16T14:09:21.9865875Z No containers need to be restarted.
2026-06-16T14:09:21.9866281Z 
2026-06-16T14:09:21.9866746Z No user sessions are running outdated binaries.
2026-06-16T14:09:21.9867559Z 
2026-06-16T14:09:21.9868132Z No VM guests are running outdated hypervisor (qemu) binaries on this host.
2026-06-16T14:09:22.8485664Z ccache installed at /usr/bin/ccache
2026-06-16T14:09:22.8486749Z ##[endgroup]
2026-06-16T14:09:22.8487460Z ##[group]Restore cache
2026-06-16T14:09:23.2034252Z Cache hit for restore-key: ccache-linux-cmake-2026-06-15T16:20:01.704Z
2026-06-16T14:09:24.5124432Z Received 0 of 25892969 (0.0%), 0.0 MBs/sec
2026-06-16T14:09:25.5137075Z Received 0 of 25892969 (0.0%), 0.0 MBs/sec
2026-06-16T14:09:26.5140378Z Received 0 of 25892969 (0.0%), 0.0 MBs/sec
2026-06-16T14:09:27.5151792Z Received 0 of 25892969 (0.0%), 0.0 MBs/sec
2026-06-16T14:09:28.5158819Z Received 4921449 of 25892969 (19.0%), 0.9 MBs/sec
2026-06-16T14:09:28.8257351Z Received 25892969 of 25892969 (100.0%), 4.6 MBs/sec
2026-06-16T14:09:28.8258114Z Cache Size: ~25 MB (25892969 B)
2026-06-16T14:09:28.8357681Z [command]/usr/bin/tar -xf /home/runner/work/_temp/e136ccb9-eac3-4ef6-af56-b466f8ef8a1d/cache.tzst -P -C /home/runner/work/libredwg/libredwg --use-compress-program unzstd
2026-06-16T14:09:28.9077073Z Cache restored successfully
2026-06-16T14:09:28.9090769Z Restored from cache key "ccache-linux-cmake-2026-06-15T16:20:01.704Z".
2026-06-16T14:09:28.9091825Z ##[endgroup]
2026-06-16T14:09:28.9092268Z ##[group]Configure ccache, linux
2026-06-16T14:09:28.9105242Z [command]/usr/bin/sh -xc ccache --set-config=cache_dir='/home/runner/work/libredwg/libredwg/.ccache'
2026-06-16T14:09:28.9136162Z + ccache --set-config=cache_dir=/home/runner/work/libredwg/libredwg/.ccache
2026-06-16T14:09:28.9194480Z [command]/usr/bin/sh -xc ccache --set-config=max_size='500MB'
2026-06-16T14:09:28.9222942Z + ccache --set-config=max_size=500MB
2026-06-16T14:09:28.9255908Z [command]/usr/bin/sh -xc ccache --set-config=compression=true
2026-06-16T14:09:28.9281691Z + ccache --set-config=compression=true
2026-06-16T14:09:28.9325564Z [command]/usr/bin/sh -xc ln -s /usr/bin/ccache /usr/local/bin/gcc
2026-06-16T14:09:28.9351695Z + ln -s /usr/bin/ccache /usr/local/bin/gcc
2026-06-16T14:09:28.9376815Z [command]/usr/bin/sh -xc ln -s /usr/bin/ccache /usr/local/bin/g++
2026-06-16T14:09:28.9402476Z + ln -s /usr/bin/ccache /usr/local/bin/g++
2026-06-16T14:09:28.9425322Z [command]/usr/bin/sh -xc ln -s /usr/bin/ccache /usr/local/bin/cc
2026-06-16T14:09:28.9451762Z + ln -s /usr/bin/ccache /usr/local/bin/cc
2026-06-16T14:09:28.9475611Z [command]/usr/bin/sh -xc ln -s /usr/bin/ccache /usr/local/bin/c++
2026-06-16T14:09:28.9501825Z + ln -s /usr/bin/ccache /usr/local/bin/c++
2026-06-16T14:09:28.9523979Z [command]/usr/bin/sh -xc ln -s /usr/bin/ccache /usr/local/bin/clang
2026-06-16T14:09:28.9549443Z + ln -s /usr/bin/ccache /usr/local/bin/clang
2026-06-16T14:09:28.9571994Z [command]/usr/bin/sh -xc ln -s /usr/bin/ccache /usr/local/bin/clang++
2026-06-16T14:09:28.9596577Z + ln -s /usr/bin/ccache /usr/local/bin/clang++
2026-06-16T14:09:28.9620618Z [command]/usr/bin/sh -xc ln -s /usr/bin/ccache /usr/local/bin/emcc
2026-06-16T14:09:28.9646094Z + ln -s /usr/bin/ccache /usr/local/bin/emcc
2026-06-16T14:09:28.9671470Z [command]/usr/bin/sh -xc ln -s /usr/bin/ccache /usr/local/bin/em++
2026-06-16T14:09:28.9696928Z + ln -s /usr/bin/ccache /usr/local/bin/em++
2026-06-16T14:09:28.9707362Z Ccache config:
2026-06-16T14:09:28.9720426Z [command]/usr/bin/sh -xc ccache -p
2026-06-16T14:09:28.9749581Z + ccache -p
2026-06-16T14:09:28.9766030Z (default) absolute_paths_in_stderr = false
2026-06-16T14:09:28.9766689Z (default) base_dir = 
2026-06-16T14:09:28.9767221Z (/home/runner/.config/ccache/ccache.conf) cache_dir = /home/runner/work/libredwg/libredwg/.ccache
2026-06-16T14:09:28.9767957Z (default) compiler = 
2026-06-16T14:09:28.9768514Z (default) compiler_check = mtime
2026-06-16T14:09:28.9769273Z (default) compiler_type = auto
2026-06-16T14:09:28.9769962Z (/home/runner/.config/ccache/ccache.conf) compression = true
2026-06-16T14:09:28.9770556Z (default) compression_level = 0
2026-06-16T14:09:28.9771088Z (default) cpp_extension = 
2026-06-16T14:09:28.9771579Z (default) debug = false
2026-06-16T14:09:28.9772315Z (default) debug_dir = 
2026-06-16T14:09:28.9772816Z (default) debug_level = 2
2026-06-16T14:09:28.9773328Z (default) depend_mode = false
2026-06-16T14:09:28.9773829Z (default) direct_mode = true
2026-06-16T14:09:28.9774333Z (default) disable = false
2026-06-16T14:09:28.9774824Z (default) extra_files_to_hash = 
2026-06-16T14:09:28.9775344Z (default) file_clone = false
2026-06-16T14:09:28.9775839Z (default) hard_link = false
2026-06-16T14:09:28.9776327Z (default) hash_dir = true
2026-06-16T14:09:28.9776833Z (default) ignore_headers_in_manifest = 
2026-06-16T14:09:28.9777370Z (default) ignore_options = 
2026-06-16T14:09:28.9777872Z (default) inode_cache = true
2026-06-16T14:09:28.9778384Z (default) keep_comments_cpp = false
2026-06-16T14:09:28.9779070Z (default) log_file = 
2026-06-16T14:09:28.9779596Z (default) max_files = 0
2026-06-16T14:09:28.9780210Z (/home/runner/.config/ccache/ccache.conf) max_size = 500.0 MB
2026-06-16T14:09:28.9780822Z (default) msvc_dep_prefix = Note: including file:
2026-06-16T14:09:28.9781372Z (default) namespace = 
2026-06-16T14:09:28.9781850Z (default) path = 
2026-06-16T14:09:28.9782343Z (default) pch_external_checksum = false
2026-06-16T14:09:28.9782877Z (default) prefix_command = 
2026-06-16T14:09:28.9783391Z (default) prefix_command_cpp = 
2026-06-16T14:09:28.9783905Z (default) read_only = false
2026-06-16T14:09:28.9784407Z (default) read_only_direct = false
2026-06-16T14:09:28.9784933Z (default) recache = false
2026-06-16T14:09:28.9785430Z (default) remote_only = false
2026-06-16T14:09:28.9785941Z (default) remote_storage = 
2026-06-16T14:09:28.9786425Z (default) reshare = false
2026-06-16T14:09:28.9786918Z (default) run_second_cpp = true
2026-06-16T14:09:28.9787424Z (default) sloppiness = 
2026-06-16T14:09:28.9787906Z (default) stats = true
2026-06-16T14:09:28.9788378Z (default) stats_log = 
2026-06-16T14:09:28.9789314Z (default) temporary_dir = /run/user/1001/ccache-tmp
2026-06-16T14:09:28.9789844Z (default) umask = 
2026-06-16T14:09:28.9792592Z [command]/usr/bin/sh -xc ccache -z
2026-06-16T14:09:28.9818278Z + ccache -z
2026-06-16T14:09:29.0365535Z Statistics zeroed
2026-06-16T14:09:29.0371554Z ##[endgroup]
2026-06-16T14:09:29.0521751Z ##[group]Run cmake -DLIBREDWG_LIBONLY=On -DCMAKE_C_COMPILER_LAUNCHER=ccache .
2026-06-16T14:09:29.0522386Z [36;1mcmake -DLIBREDWG_LIBONLY=On -DCMAKE_C_COMPILER_LAUNCHER=ccache .[0m
2026-06-16T14:09:29.0711688Z shell: /usr/bin/bash -e {0}
2026-06-16T14:09:29.0711985Z env:
2026-06-16T14:09:29.0712284Z   pythonLocation: /opt/hostedtoolcache/Python/3.12.13/x64
2026-06-16T14:09:29.0713073Z   PKG_CONFIG_PATH: /opt/hostedtoolcache/Python/3.12.13/x64/lib/pkgconfig
2026-06-16T14:09:29.0713624Z   Python_ROOT_DIR: /opt/hostedtoolcache/Python/3.12.13/x64
2026-06-16T14:09:29.0714069Z   Python2_ROOT_DIR: /opt/hostedtoolcache/Python/3.12.13/x64
2026-06-16T14:09:29.0714514Z   Python3_ROOT_DIR: /opt/hostedtoolcache/Python/3.12.13/x64
2026-06-16T14:09:29.0714960Z   LD_LIBRARY_PATH: /opt/hostedtoolcache/Python/3.12.13/x64/lib
2026-06-16T14:09:29.0715385Z ##[endgroup]
2026-06-16T14:09:30.1651414Z -- The C compiler identification is GNU 13.3.0
2026-06-16T14:09:30.4390247Z -- Detecting C compiler ABI info
2026-06-16T14:09:30.6273299Z -- Detecting C compiler ABI info - done
2026-06-16T14:09:30.6444668Z -- Check for working C compiler: /usr/local/bin/cc - skipped
2026-06-16T14:09:30.6495839Z -- Detecting C compile features
2026-06-16T14:09:30.6537830Z -- Detecting C compile features - done
2026-06-16T14:09:30.6853462Z -- Found Git: /usr/bin/git (found version "2.54.0")
2026-06-16T14:09:30.6873745Z -- PACKAGE_VERSION: c242209
2026-06-16T14:09:30.6896322Z -- LIBREDWG_SO_VERSION: 0:14:0
2026-06-16T14:09:30.7012695Z -- Looking for stddef.h
2026-06-16T14:09:30.7622741Z -- Looking for stddef.h - found
2026-06-16T14:09:30.7623708Z -- Looking for stdlib.h
2026-06-16T14:09:30.8552125Z -- Looking for stdlib.h - found
2026-06-16T14:09:30.8552970Z -- Looking for string.h
2026-06-16T14:09:30.9197426Z -- Looking for string.h - found
2026-06-16T14:09:30.9198171Z -- Looking for strings.h
2026-06-16T14:09:30.9817422Z -- Looking for strings.h - found
2026-06-16T14:09:30.9818149Z -- Looking for libgen.h
2026-06-16T14:09:31.0429158Z -- Looking for libgen.h - found
2026-06-16T14:09:31.0430275Z -- Looking for unistd.h
2026-06-16T14:09:31.1108221Z -- Looking for unistd.h - found
2026-06-16T14:09:31.1130228Z -- Looking for float.h
2026-06-16T14:09:31.1721977Z -- Looking for float.h - found
2026-06-16T14:09:31.1723242Z -- Looking for ctype.h
2026-06-16T14:09:31.2362796Z -- Looking for ctype.h - found
2026-06-16T14:09:31.2363620Z -- Looking for wchar.h
2026-06-16T14:09:31.3031469Z -- Looking for wchar.h - found
2026-06-16T14:09:31.3032782Z -- Looking for wctype.h
2026-06-16T14:09:31.3673022Z -- Looking for wctype.h - found
2026-06-16T14:09:31.3673756Z -- Looking for alloca.h
2026-06-16T14:09:31.4289866Z -- Looking for alloca.h - found
2026-06-16T14:09:31.4290620Z -- Looking for getopt.h
2026-06-16T14:09:31.4966233Z -- Looking for getopt.h - found
2026-06-16T14:09:31.4967022Z -- Looking for stdint.h
2026-06-16T14:09:31.5614308Z -- Looking for stdint.h - found
2026-06-16T14:09:31.5615350Z -- Looking for inttypes.h
2026-06-16T14:09:31.6265926Z -- Looking for inttypes.h - found
2026-06-16T14:09:31.6266835Z -- Looking for limits.h
2026-06-16T14:09:31.6948301Z -- Looking for limits.h - found
2026-06-16T14:09:31.6949325Z -- Looking for malloc.h
2026-06-16T14:09:31.7632744Z -- Looking for malloc.h - found
2026-06-16T14:09:31.7633785Z -- Looking for memory.h
2026-06-16T14:09:31.8277945Z -- Looking for memory.h - found
2026-06-16T14:09:31.8279237Z -- Looking for dirent.h
2026-06-16T14:09:31.8924948Z -- Looking for dirent.h - found
2026-06-16T14:09:31.8925789Z -- Looking for endian.h
2026-06-16T14:09:31.9554782Z -- Looking for endian.h - found
2026-06-16T14:09:31.9555438Z -- Looking for sys/endian.h
2026-06-16T14:09:31.9871517Z -- Looking for sys/endian.h - not found
2026-06-16T14:09:31.9872469Z -- Looking for byteorder.h
2026-06-16T14:09:32.0180565Z -- Looking for byteorder.h - not found
2026-06-16T14:09:32.0182233Z -- Looking for sys/byteorder.h
2026-06-16T14:09:32.0489493Z -- Looking for sys/byteorder.h - not found
2026-06-16T14:09:32.0491359Z -- Looking for byteswap.h
2026-06-16T14:09:32.1114273Z -- Looking for byteswap.h - found
2026-06-16T14:09:32.1115381Z -- Looking for iconv.h
2026-06-16T14:09:32.1735496Z -- Looking for iconv.h - found
2026-06-16T14:09:32.1736685Z -- Looking for pcre2.h
2026-06-16T14:09:32.2509963Z -- Looking for pcre2.h - not found
2026-06-16T14:09:32.2510940Z -- Looking for sys/stat.h
2026-06-16T14:09:32.3165334Z -- Looking for sys/stat.h - found
2026-06-16T14:09:32.3166375Z -- Looking for direct.h
2026-06-16T14:09:32.3479661Z -- Looking for direct.h - not found
2026-06-16T14:09:32.3480760Z -- Looking for sys/param.h
2026-06-16T14:09:32.4275545Z -- Looking for sys/param.h - found
2026-06-16T14:09:32.4276244Z -- Looking for sys/time.h
2026-06-16T14:09:32.4913510Z -- Looking for sys/time.h - found
2026-06-16T14:09:32.4914323Z -- Looking for sys/types.h
2026-06-16T14:09:32.5561183Z -- Looking for sys/types.h - found
2026-06-16T14:09:32.5562228Z -- Looking for libps/pslib.h
2026-06-16T14:09:32.5881165Z -- Looking for libps/pslib.h - not found
2026-06-16T14:09:32.5882218Z -- Looking for mimalloc-override.h
2026-06-16T14:09:32.6196627Z -- Looking for mimalloc-override.h - not found
2026-06-16T14:09:32.6244883Z -- Looking for floor
2026-06-16T14:09:32.7024912Z -- Looking for floor - not found
2026-06-16T14:09:32.7027055Z -- Looking for gettimeofday
2026-06-16T14:09:32.7664709Z -- Looking for gettimeofday - found
2026-06-16T14:09:32.7666878Z -- Looking for memchr
2026-06-16T14:09:32.8305860Z -- Looking for memchr - found
2026-06-16T14:09:32.8308163Z -- Looking for memmem
2026-06-16T14:09:32.8951375Z -- Looking for memmem - found
2026-06-16T14:09:32.8953654Z -- Looking for memmove
2026-06-16T14:09:32.9593079Z -- Looking for memmove - found
2026-06-16T14:09:32.9595596Z -- Looking for realloc
2026-06-16T14:09:33.0275634Z -- Looking for realloc - found
2026-06-16T14:09:33.0277529Z -- Looking for scandir
2026-06-16T14:09:33.0920223Z -- Looking for scandir - found
2026-06-16T14:09:33.0922079Z -- Looking for setenv
2026-06-16T14:09:33.1608539Z -- Looking for setenv - found
2026-06-16T14:09:33.1611278Z -- Looking for strcasecmp
2026-06-16T14:09:33.2242893Z -- Looking for strcasecmp - found
2026-06-16T14:09:33.2244698Z -- Looking for strcasestr
2026-06-16T14:09:33.2883129Z -- Looking for strcasestr - found
2026-06-16T14:09:33.2885560Z -- Looking for strchr
2026-06-16T14:09:33.3532478Z -- Looking for strchr - found
2026-06-16T14:09:33.3534264Z -- Looking for strnlen
2026-06-16T14:09:33.4178039Z -- Looking for strnlen - found
2026-06-16T14:09:33.4180141Z -- Looking for strrchr
2026-06-16T14:09:33.4825461Z -- Looking for strrchr - found
2026-06-16T14:09:33.4827256Z -- Looking for strtol
2026-06-16T14:09:33.5521787Z -- Looking for strtol - found
2026-06-16T14:09:33.5524234Z -- Looking for strtoul
2026-06-16T14:09:33.6221830Z -- Looking for strtoul - found
2026-06-16T14:09:33.6223633Z -- Looking for strtoull
2026-06-16T14:09:33.6942783Z -- Looking for strtoull - found
2026-06-16T14:09:33.6945104Z -- Looking for wcscmp
2026-06-16T14:09:33.7624191Z -- Looking for wcscmp - found
2026-06-16T14:09:33.7626579Z -- Looking for wcscpy
2026-06-16T14:09:33.8287682Z -- Looking for wcscpy - found
2026-06-16T14:09:33.8289979Z -- Looking for wcslen
2026-06-16T14:09:33.8939330Z -- Looking for wcslen - found
2026-06-16T14:09:33.8941478Z -- Looking for wcsnlen
2026-06-16T14:09:33.9594689Z -- Looking for wcsnlen - found
2026-06-16T14:09:33.9684268Z -- Check size of size_t
2026-06-16T14:09:34.0360855Z -- Check size of size_t - done
2026-06-16T14:09:34.0364456Z -- Check size of wchar_t
2026-06-16T14:09:34.1034543Z -- Check size of wchar_t - done
2026-06-16T14:09:34.1183949Z -- Performing Test Iconv_IS_BUILT_IN
2026-06-16T14:09:34.1906087Z -- Performing Test Iconv_IS_BUILT_IN - Success
2026-06-16T14:09:34.1916216Z -- Found Iconv: built in to C library
2026-06-16T14:09:34.1990300Z -- Performing Test HAVE_C_FTRIVIAL_AUTO_VAR_INIT
2026-06-16T14:09:34.2575662Z -- Performing Test HAVE_C_FTRIVIAL_AUTO_VAR_INIT - Success
2026-06-16T14:09:34.2583861Z -- Performing Test HAVE_C_FSTACK_PROTECTOR_STRONG
2026-06-16T14:09:34.3170952Z -- Performing Test HAVE_C_FSTACK_PROTECTOR_STRONG - Success
2026-06-16T14:09:34.3178734Z -- Performing Test HAVE_C_FSTACK_CLASH_PROTECTION
2026-06-16T14:09:34.3769065Z -- Performing Test HAVE_C_FSTACK_CLASH_PROTECTION - Success
2026-06-16T14:09:34.3777003Z -- Performing Test HAVE_C_FCF_PROTECTION
2026-06-16T14:09:34.4362215Z -- Performing Test HAVE_C_FCF_PROTECTION - Success
2026-06-16T14:09:34.4370473Z -- Performing Test HAVE_C_FNO_DELETE_NULL_POINTER_CHECKS
2026-06-16T14:09:34.4955865Z -- Performing Test HAVE_C_FNO_DELETE_NULL_POINTER_CHECKS - Success
2026-06-16T14:09:34.4963528Z -- Performing Test HAVE_C_WARRAY_BOUNDS
2026-06-16T14:09:34.5553679Z -- Performing Test HAVE_C_WARRAY_BOUNDS - Success
2026-06-16T14:09:34.5562012Z -- Performing Test HAVE_C_WALLOC_SIZE
2026-06-16T14:09:34.5864913Z -- Performing Test HAVE_C_WALLOC_SIZE - Failed
2026-06-16T14:09:35.9358575Z -- IPO / LTO enabled
2026-06-16T14:09:35.9782806Z -- Configuring done (6.2s)
2026-06-16T14:09:36.0164954Z -- Generating done (0.0s)
2026-06-16T14:09:36.0169550Z -- Build files have been written to: /home/runner/work/libredwg/libredwg
2026-06-16T14:09:36.0227963Z ##[group]Run make -j
2026-06-16T14:09:36.0228265Z [36;1mmake -j[0m
2026-06-16T14:09:36.0259984Z shell: /usr/bin/bash -e {0}
2026-06-16T14:09:36.0260246Z env:
2026-06-16T14:09:36.0260534Z   pythonLocation: /opt/hostedtoolcache/Python/3.12.13/x64
2026-06-16T14:09:36.0260999Z   PKG_CONFIG_PATH: /opt/hostedtoolcache/Python/3.12.13/x64/lib/pkgconfig
2026-06-16T14:09:36.0261451Z   Python_ROOT_DIR: /opt/hostedtoolcache/Python/3.12.13/x64
2026-06-16T14:09:36.0261861Z   Python2_ROOT_DIR: /opt/hostedtoolcache/Python/3.12.13/x64
2026-06-16T14:09:36.0262272Z   Python3_ROOT_DIR: /opt/hostedtoolcache/Python/3.12.13/x64
2026-06-16T14:09:36.0262679Z   LD_LIBRARY_PATH: /opt/hostedtoolcache/Python/3.12.13/x64/lib
2026-06-16T14:09:36.0263185Z ##[endgroup]
2026-06-16T14:09:36.0476524Z [  1%] Building C object CMakeFiles/redwg.dir/src/bits.c.o
2026-06-16T14:09:36.0499790Z [  2%] Building C object CMakeFiles/redwg.dir/src/codepages.c.o
2026-06-16T14:09:36.0520425Z [  3%] Building C object CMakeFiles/redwg.dir/src/common.c.o
2026-06-16T14:09:36.0521470Z [  5%] Building C object CMakeFiles/redwg.dir/src/logging.c.o
2026-06-16T14:09:36.0523224Z [  6%] Building C object CMakeFiles/redwg.dir/src/classes.c.o
2026-06-16T14:09:36.0524184Z [  7%] Building C object CMakeFiles/redwg.dir/src/objects.c.o
2026-06-16T14:09:36.0639864Z [  8%] Building C object CMakeFiles/redwg.dir/src/decode.c.o
2026-06-16T14:09:36.0749901Z [ 10%] Building C object CMakeFiles/redwg.dir/src/decode_r11.c.o
2026-06-16T14:09:36.0799813Z [ 11%] Building C object CMakeFiles/redwg.dir/src/dwg.c.o
2026-06-16T14:09:36.0849595Z [ 12%] Building C object CMakeFiles/redwg.dir/src/decode_r2007.c.o
2026-06-16T14:09:36.1016890Z [ 15%] Building C object CMakeFiles/redwg.dir/src/hash.c.o
2026-06-16T14:09:36.1129736Z [ 16%] Building C object CMakeFiles/redwg.dir/src/decode2.c.o
2026-06-16T14:09:36.1240115Z [ 16%] Building C object CMakeFiles/redwg.dir/src/dwg_api.c.o
2026-06-16T14:09:36.1299637Z [ 17%] Building C object CMakeFiles/redwg.dir/src/out_dxf.c.o
2026-06-16T14:09:36.1479851Z [ 21%] Building C object CMakeFiles/redwg.dir/src/out_geojson.c.o
2026-06-16T14:09:36.1679741Z [ 23%] Building C object CMakeFiles/redwg.dir/src/dxfclasses.c.o
2026-06-16T14:09:36.1891039Z [ 24%] Building C object CMakeFiles/redwg.dir/src/geom.c.o
2026-06-16T14:09:36.2029767Z [ 25%] Building C object CMakeFiles/redwg.dir/src/out_json.c.o
2026-06-16T14:09:36.2129803Z [ 26%] Building C object CMakeFiles/redwg.dir/src/out_dxfb.c.o
2026-06-16T14:09:36.2319665Z [ 20%] Building C object CMakeFiles/redwg.dir/src/dynapi.c.o
2026-06-16T14:09:36.2529610Z [ 26%] Building C object CMakeFiles/redwg.dir/src/free.c.o
2026-06-16T14:09:36.2689636Z [ 28%] Building C object CMakeFiles/redwg.dir/src/encode.c.o
2026-06-16T14:09:36.2779538Z [ 29%] Building C object CMakeFiles/redwg.dir/src/print.c.o
2026-06-16T14:09:36.2989807Z [ 30%] Building C object CMakeFiles/redwg.dir/src/encode2.c.o
2026-06-16T14:09:36.3129565Z [ 33%] Building C object CMakeFiles/redwg.dir/src/in_dxf.c.o
2026-06-16T14:09:36.3299686Z [ 33%] Building C object CMakeFiles/redwg.dir/src/in_json.c.o
2026-06-16T14:09:36.3407289Z [ 34%] Building C object CMakeFiles/redwg.dir/src/reedsolomon.c.o
2026-06-16T14:11:27.4874013Z [ 35%] Linking C shared library libredwg.so
2026-06-16T14:11:27.7096018Z [ 35%] Built target redwg
2026-06-16T14:11:27.7247422Z [ 38%] Building C object test/unit-testing/CMakeFiles/bits_test.dir/bits_test.c.o
2026-06-16T14:11:27.7433773Z [ 38%] Building C object test/unit-testing/CMakeFiles/bits_test.dir/__/__/src/bits.c.o
2026-06-16T14:11:27.7453790Z [ 39%] Building C object test/unit-testing/CMakeFiles/hash_test.dir/__/__/src/logging.c.o
2026-06-16T14:11:27.7600572Z [ 42%] Building C object test/unit-testing/CMakeFiles/hash_test.dir/__/__/src/codepages.c.o
2026-06-16T14:11:27.7830195Z [ 42%] Building C object test/unit-testing/CMakeFiles/hash_test.dir/hash_test.c.o
2026-06-16T14:11:27.7969927Z [ 43%] Building C object test/unit-testing/CMakeFiles/hash_test.dir/__/__/src/bits.c.o
2026-06-16T14:11:27.8110683Z [ 44%] Building C object test/unit-testing/CMakeFiles/common_test.dir/__/__/src/logging.c.o
2026-06-16T14:11:27.8230525Z [ 47%] Building C object test/unit-testing/CMakeFiles/common_test.dir/__/__/src/classes.c.o
2026-06-16T14:11:27.8400133Z [ 48%] Building C object test/unit-testing/CMakeFiles/bits_test.dir/__/__/src/objects.c.o
2026-06-16T14:11:27.8610080Z [ 46%] Building C object test/unit-testing/CMakeFiles/bits_test.dir/__/__/src/codepages.c.o
2026-06-16T14:11:27.8780047Z [ 51%] Building C object test/unit-testing/CMakeFiles/bits_test.dir/__/__/src/classes.c.o
2026-06-16T14:11:27.8970504Z [ 52%] Building C object test/unit-testing/CMakeFiles/decode_test.dir/decode_test.c.o
2026-06-16T14:11:27.9230181Z [ 53%] Building C object test/unit-testing/CMakeFiles/dxf_test.dir/__/__/src/classes.c.o
2026-06-16T14:11:27.9409949Z [ 55%] Building C object test/unit-testing/CMakeFiles/dxf_test.dir/__/__/src/objects.c.o
2026-06-16T14:11:27.9590361Z [ 56%] Building C object test/unit-testing/CMakeFiles/common_test.dir/common_test.c.o
2026-06-16T14:11:27.9830133Z [ 58%] Building C object test/unit-testing/CMakeFiles/dxf_test.dir/dxf_test.c.o
2026-06-16T14:11:28.0070232Z [ 60%] Building C object test/unit-testing/CMakeFiles/decode_test.dir/__/__/src/decode_r2007.c.o
2026-06-16T14:11:28.0250409Z [ 61%] Building C object test/unit-testing/CMakeFiles/dxf_test.dir/__/__/src/logging.c.o
2026-06-16T14:11:28.0460139Z [ 62%] Building C object test/unit-testing/CMakeFiles/dynapi_test.dir/__/__/src/logging.c.o
2026-06-16T14:11:28.0600402Z [ 64%] Building C object test/unit-testing/CMakeFiles/dynapi_test.dir/__/__/src/codepages.c.o
2026-06-16T14:11:28.0840326Z [ 65%] Building C object test/unit-testing/CMakeFiles/decode_test.dir/__/__/src/objects.c.o
2026-06-16T14:11:28.1080121Z [ 66%] Building C object test/unit-testing/CMakeFiles/add_test.dir/__/__/src/bits.c.o
2026-06-16T14:11:28.1320209Z [ 67%] Building C object test/unit-testing/CMakeFiles/decode_test.dir/__/__/src/decode2.c.o
2026-06-16T14:11:28.1500830Z [ 69%] Building C object test/unit-testing/CMakeFiles/dynapi_test.dir/__/__/src/bits.c.o
2026-06-16T14:11:28.1740185Z [ 70%] Building C object test/unit-testing/CMakeFiles/dynapi_test.dir/__/__/src/classes.c.o
2026-06-16T14:11:28.1883247Z [ 71%] Building C object test/unit-testing/CMakeFiles/hash_test.dir/__/__/src/hash.c.o
2026-06-16T14:11:28.2120868Z [ 73%] Building C object test/unit-testing/CMakeFiles/bits_test.dir/__/__/src/logging.c.o
2026-06-16T14:11:28.2220029Z [ 74%] Building C object test/unit-testing/CMakeFiles/hash_test.dir/__/__/src/classes.c.o
2026-06-16T14:11:28.2420693Z [ 75%] Building C object test/unit-testing/CMakeFiles/dynapi_test.dir/__/__/src/objects.c.o
2026-06-16T14:11:28.2640321Z [ 76%] Building C object test/unit-testing/CMakeFiles/decode_test.dir/__/__/src/dwg.c.o
2026-06-16T14:11:28.2860149Z [ 78%] Building C object test/unit-testing/CMakeFiles/decode_test.dir/__/__/src/bits.c.o
2026-06-16T14:11:28.3020277Z [ 79%] Building C object test/unit-testing/CMakeFiles/add_test.dir/__/__/src/classes.c.o
2026-06-16T14:11:28.3176285Z [ 80%] Building C object test/unit-testing/CMakeFiles/add_test.dir/add_test.c.o
2026-06-16T14:11:28.3410284Z [ 82%] Building C object test/unit-testing/CMakeFiles/decode_test.dir/__/__/src/classes.c.o
2026-06-16T14:11:28.3465824Z [ 83%] Building C object test/unit-testing/CMakeFiles/common_test.dir/__/__/src/codepages.c.o
2026-06-16T14:11:28.3579983Z [ 84%] Building C object test/unit-testing/CMakeFiles/decode_test.dir/__/__/src/print.c.o
2026-06-16T14:11:28.3669874Z [ 85%] Building C object test/unit-testing/CMakeFiles/decode_test.dir/__/__/src/hash.c.o
2026-06-16T14:11:28.3689840Z [ 50%] Building C object test/unit-testing/CMakeFiles/add_test.dir/__/__/src/codepages.c.o
2026-06-16T14:11:28.3752281Z [ 87%] Building C object test/unit-testing/CMakeFiles/dynapi_test.dir/dynapi_test.c.o
2026-06-16T14:11:28.3896446Z [ 88%] Building C object test/unit-testing/CMakeFiles/decode_test.dir/__/__/src/logging.c.o
2026-06-16T14:11:28.3960647Z [ 89%] Building C object test/unit-testing/CMakeFiles/decode_test.dir/__/__/src/codepages.c.o
2026-06-16T14:11:28.3989623Z [ 91%] Building C object test/unit-testing/CMakeFiles/dxf_test.dir/__/__/src/dynapi.c.o
2026-06-16T14:11:28.4054075Z [ 91%] Building C object test/unit-testing/CMakeFiles/add_test.dir/__/__/src/logging.c.o
2026-06-16T14:11:29.9220032Z [ 92%] Linking C executable add_test
2026-06-16T14:11:29.9589462Z [ 93%] Linking C executable dynapi_test
2026-06-16T14:11:30.0679758Z [ 93%] Built target add_test
2026-06-16T14:11:30.1429766Z [ 94%] Linking C executable hash_test
2026-06-16T14:11:30.1972098Z [ 96%] Linking C executable common_test
2026-06-16T14:11:30.2009503Z [ 96%] Built target dynapi_test
2026-06-16T14:11:30.2229975Z [ 97%] Linking C executable bits_test
2026-06-16T14:11:30.2589930Z [ 97%] Built target hash_test
2026-06-16T14:11:30.2710085Z [ 97%] Built target bits_test
2026-06-16T14:11:30.3119854Z [ 97%] Built target common_test
2026-06-16T14:11:30.4038055Z [ 98%] Linking C executable dxf_test
2026-06-16T14:11:30.5288035Z [ 98%] Built target dxf_test
2026-06-16T14:12:01.7255633Z [100%] Linking C executable decode_test
2026-06-16T14:12:01.8383046Z [100%] Built target decode_test
2026-06-16T14:12:01.8456615Z ##[group]Run make -j test
2026-06-16T14:12:01.8456932Z [36;1mmake -j test[0m
2026-06-16T14:12:01.8489526Z shell: /usr/bin/bash -e {0}
2026-06-16T14:12:01.8489807Z env:
2026-06-16T14:12:01.8490100Z   pythonLocation: /opt/hostedtoolcache/Python/3.12.13/x64
2026-06-16T14:12:01.8490574Z   PKG_CONFIG_PATH: /opt/hostedtoolcache/Python/3.12.13/x64/lib/pkgconfig
2026-06-16T14:12:01.8491051Z   Python_ROOT_DIR: /opt/hostedtoolcache/Python/3.12.13/x64
2026-06-16T14:12:01.8491475Z   Python2_ROOT_DIR: /opt/hostedtoolcache/Python/3.12.13/x64
2026-06-16T14:12:01.8491897Z   Python3_ROOT_DIR: /opt/hostedtoolcache/Python/3.12.13/x64
2026-06-16T14:12:01.8492331Z   LD_LIBRARY_PATH: /opt/hostedtoolcache/Python/3.12.13/x64/lib
2026-06-16T14:12:01.8492676Z ##[endgroup]
2026-06-16T14:12:01.8587421Z Running tests...
2026-06-16T14:12:02.7097725Z Test project /home/runner/work/libredwg/libredwg
2026-06-16T14:12:02.7772946Z     Start 1: bits_test
2026-06-16T14:12:02.8369434Z 1/7 Test #1: bits_test ........................   Passed    0.05 sec
2026-06-16T14:12:02.8484327Z     Start 2: hash_test
2026-06-16T14:12:03.0451758Z 2/7 Test #2: hash_test ........................   Passed    0.20 sec
2026-06-16T14:12:03.0453638Z     Start 3: common_test
2026-06-16T14:12:03.7955028Z 3/7 Test #3: common_test ......................   Passed    0.75 sec
2026-06-16T14:12:03.7957103Z     Start 4: decode_test
2026-06-16T14:12:03.7974510Z 4/7 Test #4: decode_test ......................   Passed    0.00 sec
2026-06-16T14:12:03.7976236Z     Start 5: dxf_test
2026-06-16T14:12:03.8038324Z 5/7 Test #5: dxf_test .........................   Passed    0.01 sec
2026-06-16T14:12:03.8040319Z     Start 6: dynapi_test
2026-06-16T14:12:03.8901119Z 6/7 Test #6: dynapi_test ......................   Passed    0.09 sec
2026-06-16T14:12:03.8902324Z     Start 7: add_test
2026-06-16T14:12:03.9770371Z 7/7 Test #7: add_test .........................***Failed    0.09 sec
2026-06-16T14:12:03.9772984Z 
2026-06-16T14:12:03.9773251Z 86% tests passed, 1 tests failed out of 7
2026-06-16T14:12:03.9773608Z 
2026-06-16T14:12:03.9773803Z Total Test time (real) =   1.27 sec
2026-06-16T14:12:03.9774125Z 
2026-06-16T14:12:03.9774294Z The following tests FAILED:
2026-06-16T14:12:03.9776922Z 	  7 - add_test (Failed)
2026-06-16T14:12:03.9777423Z Errors while running CTest
2026-06-16T14:12:03.9778207Z Output from these tests are in: /home/runner/work/libredwg/libredwg/Testing/Temporary/LastTest.log
2026-06-16T14:12:03.9779574Z Use "--rerun-failed --output-on-failure" to re-run the failed cases verbosely.
2026-06-16T14:12:04.0225928Z make: *** [Makefile:71: test] Error 8
2026-06-16T14:12:04.0243371Z ##[error]Process completed with exit code 2.
2026-06-16T14:12:04.0291151Z ##[group]Run tar cfz cmake-failure.tgz Testing/Temporary/LastTest.log src/config.h
2026-06-16T14:12:04.0291769Z [36;1mtar cfz cmake-failure.tgz Testing/Temporary/LastTest.log src/config.h[0m
2026-06-16T14:12:04.0323168Z shell: /usr/bin/bash -e {0}
2026-06-16T14:12:04.0323437Z env:
2026-06-16T14:12:04.0323729Z   pythonLocation: /opt/hostedtoolcache/Python/3.12.13/x64
2026-06-16T14:12:04.0324221Z   PKG_CONFIG_PATH: /opt/hostedtoolcache/Python/3.12.13/x64/lib/pkgconfig
2026-06-16T14:12:04.0324690Z   Python_ROOT_DIR: /opt/hostedtoolcache/Python/3.12.13/x64
2026-06-16T14:12:04.0325117Z   Python2_ROOT_DIR: /opt/hostedtoolcache/Python/3.12.13/x64
2026-06-16T14:12:04.0325543Z   Python3_ROOT_DIR: /opt/hostedtoolcache/Python/3.12.13/x64
2026-06-16T14:12:04.0325971Z   LD_LIBRARY_PATH: /opt/hostedtoolcache/Python/3.12.13/x64/lib
2026-06-16T14:12:04.0326334Z ##[endgroup]
2026-06-16T14:12:04.0473555Z ##[group]Run actions/upload-artifact@bbbca2ddaa5d8feaa63e36b76fdaad77386f024f
2026-06-16T14:12:04.0474152Z with:
2026-06-16T14:12:04.0474364Z   name: cmake-failure.tgz
2026-06-16T14:12:04.0474619Z   path: cmake-failure.tgz
2026-06-16T14:12:04.0474859Z   if-no-files-found: warn
2026-06-16T14:12:04.0475098Z   compression-level: 6
2026-06-16T14:12:04.0475326Z   overwrite: false
2026-06-16T14:12:04.0475553Z   include-hidden-files: false
2026-06-16T14:12:04.0475805Z   archive: true
2026-06-16T14:12:04.0476007Z env:
2026-06-16T14:12:04.0476268Z   pythonLocation: /opt/hostedtoolcache/Python/3.12.13/x64
2026-06-16T14:12:04.0476709Z   PKG_CONFIG_PATH: /opt/hostedtoolcache/Python/3.12.13/x64/lib/pkgconfig
2026-06-16T14:12:04.0477162Z   Python_ROOT_DIR: /opt/hostedtoolcache/Python/3.12.13/x64
2026-06-16T14:12:04.0477555Z   Python2_ROOT_DIR: /opt/hostedtoolcache/Python/3.12.13/x64
2026-06-16T14:12:04.0478056Z   Python3_ROOT_DIR: /opt/hostedtoolcache/Python/3.12.13/x64
2026-06-16T14:12:04.0478642Z   LD_LIBRARY_PATH: /opt/hostedtoolcache/Python/3.12.13/x64/lib
2026-06-16T14:12:04.0479478Z ##[endgroup]
2026-06-16T14:12:04.1903938Z With the provided path, there will be 1 file uploaded
2026-06-16T14:12:04.1908858Z Artifact name is valid!
2026-06-16T14:12:04.1909738Z Root directory input is valid!
2026-06-16T14:12:04.7770914Z Uploading artifact: cmake-failure.tgz.zip
2026-06-16T14:12:04.7813282Z Beginning upload of artifact content to blob storage
2026-06-16T14:12:05.0823330Z Uploaded bytes 4860
2026-06-16T14:12:05.1616652Z Finished uploading artifact content to blob storage!
2026-06-16T14:12:05.1618020Z SHA256 digest of uploaded artifact is 6c33b0782bf01533824ad17a28955009cbdd0d60c91f7a5f42818c00620b77f1
2026-06-16T14:12:05.1619579Z Finalizing artifact upload
2026-06-16T14:12:05.7250336Z Artifact cmake-failure.tgz successfully finalized. Artifact ID 7669476888
2026-06-16T14:12:05.7251573Z Artifact cmake-failure.tgz has been successfully uploaded! Final size is 4860 bytes. Artifact ID is 7669476888
2026-06-16T14:12:05.7252484Z Artifact download URL: https://github.com/LibreDWG/libredwg/actions/runs/27623589541/artifacts/7669476888
2026-06-16T14:12:05.7426028Z Post job cleanup.
2026-06-16T14:12:05.8531370Z ##[group]ccache stats
2026-06-16T14:12:05.8545849Z [command]/usr/bin/ccache -s
2026-06-16T14:12:05.8608669Z Cacheable calls:   121 / 201 (60.20%)
2026-06-16T14:12:05.8609387Z   Hits:             59 / 121 (48.76%)
2026-06-16T14:12:05.8609697Z     Direct:          3 /  59 ( 5.08%)
2026-06-16T14:12:05.8609993Z     Preprocessed:   56 /  59 (94.92%)
2026-06-16T14:12:05.8610291Z   Misses:           62 / 121 (51.24%)
2026-06-16T14:12:05.8610590Z Uncacheable calls:  74 / 201 (36.82%)
2026-06-16T14:12:05.8610871Z Errors:              6 / 201 ( 2.99%)
2026-06-16T14:12:05.8611135Z Local storage:
2026-06-16T14:12:05.8611377Z   Cache size (GB): 0.0 / 0.5 ( 6.75%)
2026-06-16T14:12:05.8611649Z   Hits:             59 / 121 (48.76%)
2026-06-16T14:12:05.8611912Z   Misses:           62 / 121 (51.24%)
2026-06-16T14:12:05.8624227Z [command]/usr/bin/ccache --version
2026-06-16T14:12:05.8653227Z ccache version 4.9.1
2026-06-16T14:12:05.8654192Z Features: file-storage http-storage redis+unix-storage redis-storage
2026-06-16T14:12:05.8655046Z 
2026-06-16T14:12:05.8655195Z Copyright (C) 2002-2007 Andrew Tridgell
2026-06-16T14:12:05.8655670Z Copyright (C) 2009-2024 Joel Rosdahl and other contributors
2026-06-16T14:12:05.8656154Z 
2026-06-16T14:12:05.8656577Z See <https://ccache.dev/credits.html> for a complete list of contributors.
2026-06-16T14:12:05.8656992Z 
2026-06-16T14:12:05.8657234Z This program is free software; you can redistribute it and/or modify it under
2026-06-16T14:12:05.8657781Z the terms of the GNU General Public License as published by the Free Software
2026-06-16T14:12:05.8658303Z Foundation; either version 3 of the License, or (at your option) any later
2026-06-16T14:12:05.8658696Z version.
2026-06-16T14:12:05.8661331Z ##[endgroup]
2026-06-16T14:12:05.8747020Z Save cache using key "ccache-linux-cmake-2026-06-16T14:12:05.874Z".
2026-06-16T14:12:05.8874171Z [command]/usr/bin/tar --posix -cf cache.tzst --exclude cache.tzst -P -C /home/runner/work/libredwg/libredwg --files-from manifest.txt --use-compress-program zstdmt
2026-06-16T14:12:07.2503070Z Sent 17891328 of 29172801 (61.3%), 17.1 MBs/sec
2026-06-16T14:12:07.6366545Z Sent 29172801 of 29172801 (100.0%), 20.1 MBs/sec
2026-06-16T14:12:08.0101617Z Post job cleanup.
2026-06-16T14:12:08.0921561Z [command]/usr/bin/git version
2026-06-16T14:12:08.0958164Z git version 2.54.0
2026-06-16T14:12:08.1029802Z Temporarily overriding HOME='/home/runner/work/_temp/b822dd79-e869-4195-a0c4-3b997ee40261' before making global git config changes
2026-06-16T14:12:08.1031214Z Adding repository directory to the temporary git global config as a safe directory
2026-06-16T14:12:08.1035292Z [command]/usr/bin/git config --global --add safe.directory /home/runner/work/libredwg/libredwg
2026-06-16T14:12:08.1064895Z Removing SSH command configuration
2026-06-16T14:12:08.1071552Z [command]/usr/bin/git config --local --name-only --get-regexp core\.sshCommand
2026-06-16T14:12:08.1104371Z [command]/usr/bin/git submodule foreach --recursive sh -c "git config --local --name-only --get-regexp 'core\.sshCommand' && git config --local --unset-all 'core.sshCommand' || :"
2026-06-16T14:12:08.1317091Z Entering 'jsmn'
2026-06-16T14:12:08.1373050Z Removing HTTP extra header
2026-06-16T14:12:08.1377901Z [command]/usr/bin/git config --local --name-only --get-regexp http\.https\:\/\/github\.com\/\.extraheader
2026-06-16T14:12:08.1411225Z [command]/usr/bin/git submodule foreach --recursive sh -c "git config --local --name-only --get-regexp 'http\.https\:\/\/github\.com\/\.extraheader' && git config --local --unset-all 'http.https://github.com/.extraheader' || :"
2026-06-16T14:12:08.1620524Z Entering 'jsmn'
2026-06-16T14:12:08.1673287Z Removing includeIf entries pointing to credentials config files
2026-06-16T14:12:08.1679861Z [command]/usr/bin/git config --local --name-only --get-regexp ^includeIf\.gitdir:
2026-06-16T14:12:08.1706992Z includeif.gitdir:/home/runner/work/libredwg/libredwg/.git.path
2026-06-16T14:12:08.1708167Z includeif.gitdir:/home/runner/work/libredwg/libredwg/.git/worktrees/*.path
2026-06-16T14:12:08.1709618Z includeif.gitdir:/github/workspace/.git.path
2026-06-16T14:12:08.1710569Z includeif.gitdir:/github/workspace/.git/worktrees/*.path
2026-06-16T14:12:08.1716624Z [command]/usr/bin/git config --local --get-all includeif.gitdir:/home/runner/work/libredwg/libredwg/.git.path
2026-06-16T14:12:08.1739712Z /home/runner/work/_temp/git-credentials-7c53ff65-1b22-42b6-9b97-c541512435dc.config
2026-06-16T14:12:08.1749913Z [command]/usr/bin/git config --local --unset includeif.gitdir:/home/runner/work/libredwg/libredwg/.git.path /home/runner/work/_temp/git-credentials-7c53ff65-1b22-42b6-9b97-c541512435dc.config
2026-06-16T14:12:08.1783046Z [command]/usr/bin/git config --local --get-all includeif.gitdir:/home/runner/work/libredwg/libredwg/.git/worktrees/*.path
2026-06-16T14:12:08.1803667Z /home/runner/work/_temp/git-credentials-7c53ff65-1b22-42b6-9b97-c541512435dc.config
2026-06-16T14:12:08.1813432Z [command]/usr/bin/git config --local --unset includeif.gitdir:/home/runner/work/libredwg/libredwg/.git/worktrees/*.path /home/runner/work/_temp/git-credentials-7c53ff65-1b22-42b6-9b97-c541512435dc.config
2026-06-16T14:12:08.1845218Z [command]/usr/bin/git config --local --get-all includeif.gitdir:/github/workspace/.git.path
2026-06-16T14:12:08.1865918Z /github/runner_temp/git-credentials-7c53ff65-1b22-42b6-9b97-c541512435dc.config
2026-06-16T14:12:08.1873936Z [command]/usr/bin/git config --local --unset includeif.gitdir:/github/workspace/.git.path /github/runner_temp/git-credentials-7c53ff65-1b22-42b6-9b97-c541512435dc.config
2026-06-16T14:12:08.1903645Z [command]/usr/bin/git config --local --get-all includeif.gitdir:/github/workspace/.git/worktrees/*.path
2026-06-16T14:12:08.1924062Z /github/runner_temp/git-credentials-7c53ff65-1b22-42b6-9b97-c541512435dc.config
2026-06-16T14:12:08.1932731Z [command]/usr/bin/git config --local --unset includeif.gitdir:/github/workspace/.git/worktrees/*.path /github/runner_temp/git-credentials-7c53ff65-1b22-42b6-9b97-c541512435dc.config
2026-06-16T14:12:08.1964968Z [command]/usr/bin/git submodule foreach --recursive git config --local --show-origin --name-only --get-regexp remote.origin.url
2026-06-16T14:12:08.2186153Z Entering 'jsmn'
2026-06-16T14:12:08.2207318Z file:/home/runner/work/libredwg/libredwg/.git/modules/jsmn/config	remote.origin.url
2026-06-16T14:12:08.2245167Z [command]/usr/bin/git config --file /home/runner/work/libredwg/libredwg/.git/modules/jsmn/config --name-only --get-regexp ^includeIf\.gitdir:
2026-06-16T14:12:08.2279517Z includeif.gitdir:/home/runner/work/libredwg/libredwg/.git/modules/jsmn.path
2026-06-16T14:12:08.2280713Z includeif.gitdir:/github/workspace/.git/modules/jsmn.path
2026-06-16T14:12:08.2287010Z [command]/usr/bin/git config --file /home/runner/work/libredwg/libredwg/.git/modules/jsmn/config --get-all includeif.gitdir:/home/runner/work/libredwg/libredwg/.git/modules/jsmn.path
2026-06-16T14:12:08.2307411Z /home/runner/work/_temp/git-credentials-7c53ff65-1b22-42b6-9b97-c541512435dc.config
2026-06-16T14:12:08.2317197Z [command]/usr/bin/git config --file /home/runner/work/libredwg/libredwg/.git/modules/jsmn/config --unset includeif.gitdir:/home/runner/work/libredwg/libredwg/.git/modules/jsmn.path /home/runner/work/_temp/git-credentials-7c53ff65-1b22-42b6-9b97-c541512435dc.config
2026-06-16T14:12:08.2351293Z [command]/usr/bin/git config --file /home/runner/work/libredwg/libredwg/.git/modules/jsmn/config --get-all includeif.gitdir:/github/workspace/.git/modules/jsmn.path
2026-06-16T14:12:08.2374552Z /github/runner_temp/git-credentials-7c53ff65-1b22-42b6-9b97-c541512435dc.config
2026-06-16T14:12:08.2385665Z [command]/usr/bin/git config --file /home/runner/work/libredwg/libredwg/.git/modules/jsmn/config --unset includeif.gitdir:/github/workspace/.git/modules/jsmn.path /github/runner_temp/git-credentials-7c53ff65-1b22-42b6-9b97-c541512435dc.config
2026-06-16T14:12:08.2415019Z Removing credentials config '/home/runner/work/_temp/git-credentials-7c53ff65-1b22-42b6-9b97-c541512435dc.config'
2026-06-16T14:12:08.2559164Z Cleaning up orphan processes
