2026-01-01T17:42:34.4494114Z Current runner version: '2.330.0'
2026-01-01T17:42:34.4521563Z ##[group]Runner Image Provisioner
2026-01-01T17:42:34.4522448Z Hosted Compute Agent
2026-01-01T17:42:34.4523008Z Version: 20251211.462
2026-01-01T17:42:34.4523642Z Commit: 6cbad8c2bb55d58165063d031ccabf57e2d2db61
2026-01-01T17:42:34.4524295Z Build Date: 2025-12-11T16:28:49Z
2026-01-01T17:42:34.4525145Z Worker ID: {dfd61fd6-2f15-4db8-8c96-9021a47280d8}
2026-01-01T17:42:34.4525829Z ##[endgroup]
2026-01-01T17:42:34.4526366Z ##[group]Operating System
2026-01-01T17:42:34.4527062Z Ubuntu
2026-01-01T17:42:34.4527580Z 22.04.5
2026-01-01T17:42:34.4528025Z LTS
2026-01-01T17:42:34.4528556Z ##[endgroup]
2026-01-01T17:42:34.4529088Z ##[group]Runner Image
2026-01-01T17:42:34.4529629Z Image: ubuntu-22.04
2026-01-01T17:42:34.4530501Z Version: 20251216.185.1
2026-01-01T17:42:34.4531587Z Included Software: https://github.com/actions/runner-images/blob/ubuntu22/20251216.185/images/ubuntu/Ubuntu2204-Readme.md
2026-01-01T17:42:34.4533221Z Image Release: https://github.com/actions/runner-images/releases/tag/ubuntu22%2F20251216.185
2026-01-01T17:42:34.4534271Z ##[endgroup]
2026-01-01T17:42:34.4535300Z ##[group]GITHUB_TOKEN Permissions
2026-01-01T17:42:34.4537382Z Contents: read
2026-01-01T17:42:34.4537976Z Metadata: read
2026-01-01T17:42:34.4538588Z ##[endgroup]
2026-01-01T17:42:34.4541231Z Secret source: Actions
2026-01-01T17:42:34.4542310Z Prepare workflow directory
2026-01-01T17:42:34.4865477Z Prepare all required actions
2026-01-01T17:42:34.4903341Z Getting action download info
2026-01-01T17:42:34.7949315Z Download action repository 'actions/checkout@v6.0.1' (SHA:8e8c483db84b4bee98b60c0593521ed34d9990e8)
2026-01-01T17:42:34.9446556Z Download action repository 'actions/setup-python@v6' (SHA:83679a892e2d95755f2dac6acb0bfd1e9ac5d548)
2026-01-01T17:42:35.1297469Z Complete job name: Linux 3.11 tests
2026-01-01T17:42:35.1965989Z ##[group]Run actions/checkout@v6.0.1
2026-01-01T17:42:35.1966839Z with:
2026-01-01T17:42:35.1967258Z   repository: pyca/pynacl
2026-01-01T17:42:35.1967885Z   token: ***
2026-01-01T17:42:35.1968282Z   ssh-strict: true
2026-01-01T17:42:35.1968675Z   ssh-user: git
2026-01-01T17:42:35.1969091Z   persist-credentials: true
2026-01-01T17:42:35.1969545Z   clean: true
2026-01-01T17:42:35.1970110Z   sparse-checkout-cone-mode: true
2026-01-01T17:42:35.1970624Z   fetch-depth: 1
2026-01-01T17:42:35.1971028Z   fetch-tags: false
2026-01-01T17:42:35.1971458Z   show-progress: true
2026-01-01T17:42:35.1971893Z   lfs: false
2026-01-01T17:42:35.1972286Z   submodules: false
2026-01-01T17:42:35.1972717Z   set-safe-directory: true
2026-01-01T17:42:35.1973429Z ##[endgroup]
2026-01-01T17:42:35.2886821Z Syncing repository: pyca/pynacl
2026-01-01T17:42:35.2888521Z ##[group]Getting Git version info
2026-01-01T17:42:35.2889346Z Working directory is '/home/runner/work/pynacl/pynacl'
2026-01-01T17:42:35.2890612Z [command]/usr/bin/git version
2026-01-01T17:42:35.2950902Z git version 2.52.0
2026-01-01T17:42:35.2970582Z ##[endgroup]
2026-01-01T17:42:35.2984577Z Temporarily overriding HOME='/home/runner/work/_temp/d21ccb24-dc20-44b0-b87c-5b816bc2b856' before making global git config changes
2026-01-01T17:42:35.2989385Z Adding repository directory to the temporary git global config as a safe directory
2026-01-01T17:42:35.2991109Z [command]/usr/bin/git config --global --add safe.directory /home/runner/work/pynacl/pynacl
2026-01-01T17:42:35.3021456Z Deleting the contents of '/home/runner/work/pynacl/pynacl'
2026-01-01T17:42:35.3024964Z ##[group]Initializing the repository
2026-01-01T17:42:35.3029325Z [command]/usr/bin/git init /home/runner/work/pynacl/pynacl
2026-01-01T17:42:35.3141688Z hint: Using 'master' as the name for the initial branch. This default branch name
2026-01-01T17:42:35.3143169Z hint: will change to "main" in Git 3.0. To configure the initial branch name
2026-01-01T17:42:35.3144253Z hint: to use in all of your new repositories, which will suppress this warning,
2026-01-01T17:42:35.3145059Z hint: call:
2026-01-01T17:42:35.3145651Z hint:
2026-01-01T17:42:35.3146494Z hint: 	git config --global init.defaultBranch <name>
2026-01-01T17:42:35.3147509Z hint:
2026-01-01T17:42:35.3148468Z hint: Names commonly chosen instead of 'master' are 'main', 'trunk' and
2026-01-01T17:42:35.3149911Z hint: 'development'. The just-created branch can be renamed via this command:
2026-01-01T17:42:35.3151210Z hint:
2026-01-01T17:42:35.3151635Z hint: 	git branch -m <name>
2026-01-01T17:42:35.3152095Z hint:
2026-01-01T17:42:35.3152695Z hint: Disable this message with "git config set advice.defaultBranchName false"
2026-01-01T17:42:35.3153691Z Initialized empty Git repository in /home/runner/work/pynacl/pynacl/.git/
2026-01-01T17:42:35.3156333Z [command]/usr/bin/git remote add origin https://github.com/pyca/pynacl
2026-01-01T17:42:35.3189181Z ##[endgroup]
2026-01-01T17:42:35.3190071Z ##[group]Disabling automatic garbage collection
2026-01-01T17:42:35.3193353Z [command]/usr/bin/git config --local gc.auto 0
2026-01-01T17:42:35.3221060Z ##[endgroup]
2026-01-01T17:42:35.3221740Z ##[group]Setting up auth
2026-01-01T17:42:35.3222807Z Removing SSH command configuration
2026-01-01T17:42:35.3228727Z [command]/usr/bin/git config --local --name-only --get-regexp core\.sshCommand
2026-01-01T17:42:35.3260379Z [command]/usr/bin/git submodule foreach --recursive sh -c "git config --local --name-only --get-regexp 'core\.sshCommand' && git config --local --unset-all 'core.sshCommand' || :"
2026-01-01T17:42:35.3601300Z Removing HTTP extra header
2026-01-01T17:42:35.3607229Z [command]/usr/bin/git config --local --name-only --get-regexp http\.https\:\/\/github\.com\/\.extraheader
2026-01-01T17:42:35.3638974Z [command]/usr/bin/git submodule foreach --recursive sh -c "git config --local --name-only --get-regexp 'http\.https\:\/\/github\.com\/\.extraheader' && git config --local --unset-all 'http.https://github.com/.extraheader' || :"
2026-01-01T17:42:35.3852682Z Removing includeIf entries pointing to credentials config files
2026-01-01T17:42:35.3858853Z [command]/usr/bin/git config --local --name-only --get-regexp ^includeIf\.gitdir:
2026-01-01T17:42:35.3890863Z [command]/usr/bin/git submodule foreach --recursive git config --local --show-origin --name-only --get-regexp remote.origin.url
2026-01-01T17:42:35.4111998Z [command]/usr/bin/git config --file /home/runner/work/_temp/git-credentials-f96f78d5-83fc-4851-8a81-075a4895b8c6.config http.https://github.com/.extraheader AUTHORIZATION: basic ***
2026-01-01T17:42:35.4148864Z [command]/usr/bin/git config --local includeIf.gitdir:/home/runner/work/pynacl/pynacl/.git.path /home/runner/work/_temp/git-credentials-f96f78d5-83fc-4851-8a81-075a4895b8c6.config
2026-01-01T17:42:35.4181576Z [command]/usr/bin/git config --local includeIf.gitdir:/home/runner/work/pynacl/pynacl/.git/worktrees/*.path /home/runner/work/_temp/git-credentials-f96f78d5-83fc-4851-8a81-075a4895b8c6.config
2026-01-01T17:42:35.4216280Z [command]/usr/bin/git config --local includeIf.gitdir:/github/workspace/.git.path /github/runner_temp/git-credentials-f96f78d5-83fc-4851-8a81-075a4895b8c6.config
2026-01-01T17:42:35.4248721Z [command]/usr/bin/git config --local includeIf.gitdir:/github/workspace/.git/worktrees/*.path /github/runner_temp/git-credentials-f96f78d5-83fc-4851-8a81-075a4895b8c6.config
2026-01-01T17:42:35.4274239Z ##[endgroup]
2026-01-01T17:42:35.4274970Z ##[group]Fetching the repository
2026-01-01T17:42:35.4283398Z [command]/usr/bin/git -c protocol.version=2 fetch --no-tags --prune --no-recurse-submodules --depth=1 origin +221240e2a3d8e22b331eac32c655a9874804a163:refs/remotes/origin/main
2026-01-01T17:42:36.3828374Z From https://github.com/pyca/pynacl
2026-01-01T17:42:36.3830137Z  * [new ref]         221240e2a3d8e22b331eac32c655a9874804a163 -> origin/main
2026-01-01T17:42:36.3862326Z ##[endgroup]
2026-01-01T17:42:36.3863520Z ##[group]Determining the checkout info
2026-01-01T17:42:36.3864943Z ##[endgroup]
2026-01-01T17:42:36.3870684Z [command]/usr/bin/git sparse-checkout disable
2026-01-01T17:42:36.3914334Z [command]/usr/bin/git config --local --unset-all extensions.worktreeConfig
2026-01-01T17:42:36.3944830Z ##[group]Checking out the ref
2026-01-01T17:42:36.3949241Z [command]/usr/bin/git checkout --progress --force -B main refs/remotes/origin/main
2026-01-01T17:42:36.5558842Z Switched to a new branch 'main'
2026-01-01T17:42:36.5560631Z branch 'main' set up to track 'origin/main'.
2026-01-01T17:42:36.5578021Z ##[endgroup]
2026-01-01T17:42:36.5616802Z [command]/usr/bin/git log -1 --format=%H
2026-01-01T17:42:36.5639729Z 221240e2a3d8e22b331eac32c655a9874804a163
2026-01-01T17:42:36.5953658Z ##[group]Run actions/setup-python@v6
2026-01-01T17:42:36.5954868Z with:
2026-01-01T17:42:36.5955701Z   python-version: 3.11
2026-01-01T17:42:36.5956683Z   check-latest: false
2026-01-01T17:42:36.5957911Z   token: ***
2026-01-01T17:42:36.5958796Z   update-environment: true
2026-01-01T17:42:36.5959866Z   allow-prereleases: false
2026-01-01T17:42:36.5961040Z   freethreaded: false
2026-01-01T17:42:36.5961972Z ##[endgroup]
2026-01-01T17:42:36.7246462Z ##[group]Installed versions
2026-01-01T17:42:36.7343341Z (node:2081) [DEP0040] DeprecationWarning: The `punycode` module is deprecated. Please use a userland alternative instead.
2026-01-01T17:42:36.7347657Z (Use `node --trace-deprecation ...` to show where the warning was created)
2026-01-01T17:42:36.7350485Z Successfully set up CPython (3.11.14)
2026-01-01T17:42:36.7353100Z ##[endgroup]
2026-01-01T17:42:36.7507253Z ##[group]Run pip install nox
2026-01-01T17:42:36.7508301Z [36;1mpip install nox[0m
2026-01-01T17:42:36.7562058Z shell: /usr/bin/bash -e {0}
2026-01-01T17:42:36.7563113Z env:
2026-01-01T17:42:36.7564182Z   pythonLocation: /opt/hostedtoolcache/Python/3.11.14/x64
2026-01-01T17:42:36.7565830Z   PKG_CONFIG_PATH: /opt/hostedtoolcache/Python/3.11.14/x64/lib/pkgconfig
2026-01-01T17:42:36.7567563Z   Python_ROOT_DIR: /opt/hostedtoolcache/Python/3.11.14/x64
2026-01-01T17:42:36.7569117Z   Python2_ROOT_DIR: /opt/hostedtoolcache/Python/3.11.14/x64
2026-01-01T17:42:36.7570872Z   Python3_ROOT_DIR: /opt/hostedtoolcache/Python/3.11.14/x64
2026-01-01T17:42:36.7572360Z   LD_LIBRARY_PATH: /opt/hostedtoolcache/Python/3.11.14/x64/lib
2026-01-01T17:42:36.7573524Z ##[endgroup]
2026-01-01T17:42:38.2307541Z Collecting nox
2026-01-01T17:42:38.2916536Z   Downloading nox-2025.11.12-py3-none-any.whl.metadata (5.1 kB)
2026-01-01T17:42:38.3312797Z Collecting argcomplete<4,>=1.9.4 (from nox)
2026-01-01T17:42:38.3397545Z   Downloading argcomplete-3.6.3-py3-none-any.whl.metadata (16 kB)
2026-01-01T17:42:38.3643754Z Collecting attrs>=24.1 (from nox)
2026-01-01T17:42:38.3723646Z   Downloading attrs-25.4.0-py3-none-any.whl.metadata (10 kB)
2026-01-01T17:42:38.4001857Z Collecting colorlog<7,>=2.6.1 (from nox)
2026-01-01T17:42:38.4078078Z   Downloading colorlog-6.10.1-py3-none-any.whl.metadata (11 kB)
2026-01-01T17:42:38.4274997Z Collecting dependency-groups>=1.1 (from nox)
2026-01-01T17:42:38.4359298Z   Downloading dependency_groups-1.3.1-py3-none-any.whl.metadata (2.3 kB)
2026-01-01T17:42:38.4640884Z Collecting humanize>=4 (from nox)
2026-01-01T17:42:38.4728373Z   Downloading humanize-4.15.0-py3-none-any.whl.metadata (7.8 kB)
2026-01-01T17:42:38.4983571Z Collecting packaging>=21 (from nox)
2026-01-01T17:42:38.5066272Z   Downloading packaging-25.0-py3-none-any.whl.metadata (3.3 kB)
2026-01-01T17:42:38.5689585Z Collecting virtualenv>=20.15 (from nox)
2026-01-01T17:42:38.5773311Z   Downloading virtualenv-20.35.4-py3-none-any.whl.metadata (4.6 kB)
2026-01-01T17:42:38.6009153Z Collecting distlib<1,>=0.3.7 (from virtualenv>=20.15->nox)
2026-01-01T17:42:38.6094307Z   Downloading distlib-0.4.0-py2.py3-none-any.whl.metadata (5.2 kB)
2026-01-01T17:42:38.6358473Z Collecting filelock<4,>=3.12.2 (from virtualenv>=20.15->nox)
2026-01-01T17:42:38.6436251Z   Downloading filelock-3.20.1-py3-none-any.whl.metadata (2.1 kB)
2026-01-01T17:42:38.6655890Z Collecting platformdirs<5,>=3.9.1 (from virtualenv>=20.15->nox)
2026-01-01T17:42:38.6730745Z   Downloading platformdirs-4.5.1-py3-none-any.whl.metadata (12 kB)
2026-01-01T17:42:38.6889065Z Downloading nox-2025.11.12-py3-none-any.whl (74 kB)
2026-01-01T17:42:38.7053902Z Downloading argcomplete-3.6.3-py3-none-any.whl (43 kB)
2026-01-01T17:42:38.7154247Z Downloading colorlog-6.10.1-py3-none-any.whl (11 kB)
2026-01-01T17:42:38.7258756Z Downloading attrs-25.4.0-py3-none-any.whl (67 kB)
2026-01-01T17:42:38.7370672Z Downloading dependency_groups-1.3.1-py3-none-any.whl (8.7 kB)
2026-01-01T17:42:38.7475262Z Downloading humanize-4.15.0-py3-none-any.whl (132 kB)
2026-01-01T17:42:38.7603062Z Downloading packaging-25.0-py3-none-any.whl (66 kB)
2026-01-01T17:42:38.7737518Z Downloading virtualenv-20.35.4-py3-none-any.whl (6.0 MB)
2026-01-01T17:42:38.8141512Z    ━━━━━━━━━━━━━━━━━━━━━━━━━━━━━━━━━━━━━━━━ 6.0/6.0 MB 158.1 MB/s  0:00:00
2026-01-01T17:42:38.8274853Z Downloading distlib-0.4.0-py2.py3-none-any.whl (469 kB)
2026-01-01T17:42:38.8432856Z Downloading filelock-3.20.1-py3-none-any.whl (16 kB)
2026-01-01T17:42:38.8617526Z Downloading platformdirs-4.5.1-py3-none-any.whl (18 kB)
2026-01-01T17:42:38.9105862Z Installing collected packages: distlib, platformdirs, packaging, humanize, filelock, colorlog, attrs, argcomplete, virtualenv, dependency-groups, nox
2026-01-01T17:42:39.3116024Z 
2026-01-01T17:42:39.3129610Z Successfully installed argcomplete-3.6.3 attrs-25.4.0 colorlog-6.10.1 dependency-groups-1.3.1 distlib-0.4.0 filelock-3.20.1 humanize-4.15.0 nox-2025.11.12 packaging-25.0 platformdirs-4.5.1 virtualenv-20.35.4
2026-01-01T17:42:39.4588343Z ##[group]Run LIBSODIUM_MAKE_ARGS="-j$(nproc)" nox -s tests
2026-01-01T17:42:39.4588756Z [36;1mLIBSODIUM_MAKE_ARGS="-j$(nproc)" nox -s tests[0m
2026-01-01T17:42:39.4620685Z shell: /usr/bin/bash -e {0}
2026-01-01T17:42:39.4620910Z env:
2026-01-01T17:42:39.4621151Z   pythonLocation: /opt/hostedtoolcache/Python/3.11.14/x64
2026-01-01T17:42:39.4621562Z   PKG_CONFIG_PATH: /opt/hostedtoolcache/Python/3.11.14/x64/lib/pkgconfig
2026-01-01T17:42:39.4621948Z   Python_ROOT_DIR: /opt/hostedtoolcache/Python/3.11.14/x64
2026-01-01T17:42:39.4622353Z   Python2_ROOT_DIR: /opt/hostedtoolcache/Python/3.11.14/x64
2026-01-01T17:42:39.4622699Z   Python3_ROOT_DIR: /opt/hostedtoolcache/Python/3.11.14/x64
2026-01-01T17:42:39.4623055Z   LD_LIBRARY_PATH: /opt/hostedtoolcache/Python/3.11.14/x64/lib
2026-01-01T17:42:39.4623347Z   SODIUM_INSTALL_MINIMAL: 
2026-01-01T17:42:39.4623535Z   SODIUM_INSTALL: 
2026-01-01T17:42:39.4623713Z ##[endgroup]
2026-01-01T17:42:39.5703700Z nox > Running session tests
2026-01-01T17:42:39.5772884Z nox > Creating virtual environment (virtualenv) using python in .nox/tests
2026-01-01T17:42:40.1278449Z nox > python -m pip install '.[tests]'
2026-01-01T17:43:20.0202124Z nox > pytest -n auto --dist=worksteal --cov=nacl --cov=tests --cov-context=test tests/
2026-01-01T17:43:28.2586807Z ============================= test session starts ==============================
2026-01-01T17:43:28.2587440Z platform linux -- Python 3.11.14, pytest-9.0.2, pluggy-1.6.0
2026-01-01T17:43:28.2587990Z rootdir: /home/runner/work/pynacl/pynacl
2026-01-01T17:43:28.2588560Z configfile: pyproject.toml
2026-01-01T17:43:28.2588980Z plugins: hypothesis-6.148.9, cov-7.0.0, xdist-3.8.0
2026-01-01T17:43:28.2589422Z created: 4/4 workers
2026-01-01T17:43:28.2589779Z 4 workers [4671 items]
2026-01-01T17:43:28.2590144Z 
2026-01-01T17:43:28.4208960Z ........................................................................ [  1%]
2026-01-01T17:43:28.5989114Z ........................................................................ [  3%]
2026-01-01T17:43:28.7983542Z ........................................................................ [  4%]
2026-01-01T17:43:29.0714355Z ........................................................................ [  6%]
2026-01-01T17:43:29.2920109Z ........................................................................ [  7%]
2026-01-01T17:43:29.5082537Z ........................................................................ [  9%]
2026-01-01T17:43:29.7292552Z .......................................................................s [ 10%]
2026-01-01T17:43:29.9224321Z ..s..................................................................... [ 12%]
2026-01-01T17:43:30.1231246Z ........................................................................ [ 13%]
2026-01-01T17:43:30.3343253Z ........................................................................ [ 15%]
2026-01-01T17:43:30.5232431Z ........................................................................ [ 16%]
2026-01-01T17:43:30.7260727Z ........................................................................ [ 18%]
2026-01-01T17:43:30.9298044Z ........................................................................ [ 20%]
2026-01-01T17:43:31.1386092Z ........................................................................ [ 21%]
2026-01-01T17:43:31.3528539Z ........................................................................ [ 23%]
2026-01-01T17:43:31.5582197Z ........................................................................ [ 24%]
2026-01-01T17:43:31.7525071Z ........................................................................ [ 26%]
2026-01-01T17:43:31.9366975Z ........................................................................ [ 27%]
2026-01-01T17:43:32.1219422Z ........................................................................ [ 29%]
2026-01-01T17:43:32.3208720Z ........................................................................ [ 30%]
2026-01-01T17:43:32.5314843Z ........................................................................ [ 32%]
2026-01-01T17:43:32.7243555Z ........................................................................ [ 33%]
2026-01-01T17:43:32.9319587Z ........................................................................ [ 35%]
2026-01-01T17:43:33.1193987Z ........................................................................ [ 36%]
2026-01-01T17:43:33.3132100Z ........................................................................ [ 38%]
2026-01-01T17:43:33.5063202Z ........................................................................ [ 40%]
2026-01-01T17:43:33.7067873Z ........................................................................ [ 41%]
2026-01-01T17:43:33.9058051Z ........................................................................ [ 43%]
2026-01-01T17:43:34.0987731Z ........................................................................ [ 44%]
2026-01-01T17:43:34.3065911Z ........................................................................ [ 46%]
2026-01-01T17:43:34.4998500Z ......s..s.............................................................. [ 47%]
2026-01-01T17:43:34.6962455Z ........................................................................ [ 49%]
2026-01-01T17:43:34.9031805Z ........................................................................ [ 50%]
2026-01-01T17:43:35.1085228Z ........................................................................ [ 52%]
2026-01-01T17:43:35.3088031Z ........................................................................ [ 53%]
2026-01-01T17:43:35.5025649Z ........................................................................ [ 55%]
2026-01-01T17:43:35.7046849Z ........................................................................ [ 57%]
2026-01-01T17:43:35.9254219Z ........................................................................ [ 58%]
2026-01-01T17:43:36.1243948Z ........................................................................ [ 60%]
2026-01-01T17:43:36.3285702Z ........................................................................ [ 61%]
2026-01-01T17:43:36.5322639Z ........................................................................ [ 63%]
2026-01-01T17:43:36.7399675Z ........................................................................ [ 64%]
2026-01-01T17:43:36.9543253Z ........................................................................ [ 66%]
2026-01-01T17:43:37.1459834Z ........................................................................ [ 67%]
2026-01-01T17:43:37.3362267Z ....................................................s...s............... [ 69%]
2026-01-01T17:43:37.5204113Z ........................................................................ [ 70%]
2026-01-01T17:43:37.7108313Z ........................................................................ [ 72%]
2026-01-01T17:43:37.9021508Z ........................................................................ [ 73%]
2026-01-01T17:43:38.1036888Z ........................................................................ [ 75%]
2026-01-01T17:43:38.2964777Z ........................................................................ [ 77%]
2026-01-01T17:43:38.4957666Z ........................................................................ [ 78%]
2026-01-01T17:43:38.6993853Z ........................................................................ [ 80%]
2026-01-01T17:43:38.9026817Z ........................................................................ [ 81%]
2026-01-01T17:43:39.1204635Z ........................................................................ [ 83%]
2026-01-01T17:43:39.3275776Z ........................................................................ [ 84%]
2026-01-01T17:43:39.5295776Z ........................................................................ [ 86%]
2026-01-01T17:43:39.7873272Z ........................................................................ [ 87%]
2026-01-01T17:43:40.0046281Z ........................................................................ [ 89%]
2026-01-01T17:43:40.2099831Z ........................................................................ [ 90%]
2026-01-01T17:43:40.4115864Z ........................................................................ [ 92%]
2026-01-01T17:43:40.6822587Z ........................................................................ [ 94%]
2026-01-01T17:43:40.9368670Z ......................s................................................. [ 95%]
2026-01-01T17:43:41.1776729Z ........................................................................ [ 97%]
2026-01-01T17:43:41.8154597Z ........................................................................ [ 98%]
2026-01-01T17:43:44.9827109Z ...........ss..........................s.......................          [100%]
2026-01-01T17:43:44.9827983Z ================================ tests coverage ================================
2026-01-01T17:43:44.9828693Z _______________ coverage: platform linux, python 3.11.14-final-0 _______________
2026-01-01T17:43:44.9829160Z 
2026-01-01T17:43:44.9829389Z Name                                       Stmts   Miss Branch BrPart  Cover
2026-01-01T17:43:44.9830251Z ----------------------------------------------------------------------------
2026-01-01T17:43:44.9830956Z src/nacl/__init__.py                           3      0      0      0   100%
2026-01-01T17:43:44.9831584Z src/nacl/bindings/__init__.py                 17      0      0      0   100%
2026-01-01T17:43:44.9832307Z src/nacl/bindings/crypto_aead.py             259      2     24      1    99%
2026-01-01T17:43:44.9833002Z src/nacl/bindings/crypto_box.py              158      0     52      0   100%
2026-01-01T17:43:44.9833682Z src/nacl/bindings/crypto_core.py              80      0      2      1    99%
2026-01-01T17:43:44.9834370Z src/nacl/bindings/crypto_generichash.py       68      0      0      0   100%
2026-01-01T17:43:44.9835075Z src/nacl/bindings/crypto_hash.py              21      0      0      0   100%
2026-01-01T17:43:44.9835722Z src/nacl/bindings/crypto_kx.py                41      0      0      0   100%
2026-01-01T17:43:44.9836385Z src/nacl/bindings/crypto_pwhash.py           187      0     40      1    99%
2026-01-01T17:43:44.9837067Z src/nacl/bindings/crypto_scalarmult.py        51      0      2      1    98%
2026-01-01T17:43:44.9837745Z src/nacl/bindings/crypto_secretbox.py         56      0     16      0   100%
2026-01-01T17:43:44.9838425Z src/nacl/bindings/crypto_secretstream.py      77      0     10      0   100%
2026-01-01T17:43:44.9839092Z src/nacl/bindings/crypto_shorthash.py         26      0      6      1    97%
2026-01-01T17:43:44.9839738Z src/nacl/bindings/crypto_sign.py              89      0     14      0   100%
2026-01-01T17:43:44.9840606Z src/nacl/bindings/randombytes.py              13      0      2      0   100%
2026-01-01T17:43:44.9841725Z src/nacl/bindings/sodium_core.py               7      0      0      0   100%
2026-01-01T17:43:44.9842371Z src/nacl/bindings/utils.py                    54      0      4      0   100%
2026-01-01T17:43:44.9842954Z src/nacl/encoding.py                          57      0      0      0   100%
2026-01-01T17:43:44.9843510Z src/nacl/exceptions.py                        26      0      4      0   100%
2026-01-01T17:43:44.9844054Z src/nacl/hash.py                              46      0      0      0   100%
2026-01-01T17:43:44.9844569Z src/nacl/hashlib.py                           51      0      2      0   100%
2026-01-01T17:43:44.9845110Z src/nacl/public.py                           113      0     28      0   100%
2026-01-01T17:43:44.9845667Z src/nacl/pwhash/__init__.py                   36      0      6      0   100%
2026-01-01T17:43:44.9846245Z src/nacl/pwhash/_argon2.py                    14      0      0      0   100%
2026-01-01T17:43:44.9846835Z src/nacl/pwhash/argon2i.py                    26      0      0      0   100%
2026-01-01T17:43:44.9847456Z src/nacl/pwhash/argon2id.py                   26      0      0      0   100%
2026-01-01T17:43:44.9848059Z src/nacl/pwhash/scrypt.py                     37      0      0      0   100%
2026-01-01T17:43:44.9848818Z src/nacl/secret.py                            69      0     24      0   100%
2026-01-01T17:43:44.9849362Z src/nacl/signing.py                           86      0     18      0   100%
2026-01-01T17:43:44.9849886Z src/nacl/utils.py                             30      0      0      0   100%
2026-01-01T17:43:44.9850545Z tests/__init__.py                              0      0      0      0   100%
2026-01-01T17:43:44.9851047Z tests/test_aead.py                           126      1     12      1    99%
2026-01-01T17:43:44.9851588Z tests/test_bindings.py                       510     30      8      0    94%
2026-01-01T17:43:44.9852135Z tests/test_box.py                            109      0      0      0   100%
2026-01-01T17:43:44.9852683Z tests/test_encoding.py                        14      0      0      0   100%
2026-01-01T17:43:44.9853236Z tests/test_exc.py                             15      0      0      0   100%
2026-01-01T17:43:44.9853802Z tests/test_generichash.py                    118      0      8      0   100%
2026-01-01T17:43:44.9854375Z tests/test_hash.py                            15      0      0      0   100%
2026-01-01T17:43:44.9854952Z tests/test_hashlib_scrypt.py                  17      2      0      0    88%
2026-01-01T17:43:44.9855518Z tests/test_kx.py                              52      0      2      0   100%
2026-01-01T17:43:44.9856039Z tests/test_public.py                          85      0      0      0   100%
2026-01-01T17:43:44.9856579Z tests/test_pwhash.py                         227     14      0      0    94%
2026-01-01T17:43:44.9857124Z tests/test_sealed_box.py                      66      0      0      0   100%
2026-01-01T17:43:44.9857695Z tests/test_secret.py                         133      0      0      0   100%
2026-01-01T17:43:44.9858283Z tests/test_secretstream.py                   132      0      4      0   100%
2026-01-01T17:43:44.9858872Z tests/test_shorthash.py                       43      2      4      0    96%
2026-01-01T17:43:44.9859456Z tests/test_signing.py                        134      0      0      0   100%
2026-01-01T17:43:44.9860149Z tests/test_utils.py                           19      0      0      0   100%
2026-01-01T17:43:44.9860677Z tests/utils.py                                46      0     12      0   100%
2026-01-01T17:43:44.9861186Z ----------------------------------------------------------------------------
2026-01-01T17:43:44.9861697Z TOTAL                                       3685     51    304      6    99%
2026-01-01T17:43:44.9862158Z =========================== short test summary info ============================
2026-01-01T17:43:44.9862743Z SKIPPED [1] tests/test_bindings.py:979: Requires minimal build of libsodium
2026-01-01T17:43:44.9863423Z SKIPPED [1] tests/test_bindings.py:1008: Requires minimal build of libsodium
2026-01-01T17:43:44.9864322Z SKIPPED [4] tests/test_generichash.py:200: Message too short for splitting
2026-01-01T17:43:44.9864974Z SKIPPED [1] tests/test_shorthash.py:231: Requires minimal build of libsodium
2026-01-01T17:43:44.9865614Z SKIPPED [1] tests/test_pwhash.py:649: Requires minimal build of libsodium
2026-01-01T17:43:44.9866246Z SKIPPED [1] tests/test_pwhash.py:663: Requires minimal build of libsodium
2026-01-01T17:43:44.9866893Z SKIPPED [1] tests/test_hashlib_scrypt.py:138: Requires minimal build of libsodium
2026-01-01T17:43:44.9867605Z ====================== 4661 passed, 10 skipped in 24.21s =======================
2026-01-01T17:43:45.2132347Z nox > Session tests was successful in a minute.
2026-01-01T17:43:45.2399218Z Prepare all required actions
2026-01-01T17:43:45.2399632Z Getting action download info
2026-01-01T17:43:45.3617357Z Download action repository 'actions/upload-artifact@v4' (SHA:ea165f8d65b6e75b540449e92b4886f43607fa02)
2026-01-01T17:43:45.4793124Z ##[group]Run ./.github/actions/upload-coverage
2026-01-01T17:43:45.4793409Z env:
2026-01-01T17:43:45.4793656Z   pythonLocation: /opt/hostedtoolcache/Python/3.11.14/x64
2026-01-01T17:43:45.4794047Z   PKG_CONFIG_PATH: /opt/hostedtoolcache/Python/3.11.14/x64/lib/pkgconfig
2026-01-01T17:43:45.4794426Z   Python_ROOT_DIR: /opt/hostedtoolcache/Python/3.11.14/x64
2026-01-01T17:43:45.4794757Z   Python2_ROOT_DIR: /opt/hostedtoolcache/Python/3.11.14/x64
2026-01-01T17:43:45.4795100Z   Python3_ROOT_DIR: /opt/hostedtoolcache/Python/3.11.14/x64
2026-01-01T17:43:45.4795435Z   LD_LIBRARY_PATH: /opt/hostedtoolcache/Python/3.11.14/x64/lib
2026-01-01T17:43:45.4795712Z ##[endgroup]
2026-01-01T17:43:45.4864262Z ##[group]Run COVERAGE_UUID=$(python -c "import uuid; print(uuid.uuid4())")
2026-01-01T17:43:45.4864726Z [36;1mCOVERAGE_UUID=$(python -c "import uuid; print(uuid.uuid4())")[0m
2026-01-01T17:43:45.4865135Z [36;1mecho "COVERAGE_UUID=${COVERAGE_UUID}" >> $GITHUB_OUTPUT[0m
2026-01-01T17:43:45.4865451Z [36;1mif [ -f .coverage ]; then[0m
2026-01-01T17:43:45.4865719Z [36;1m  mv .coverage .coverage.${COVERAGE_UUID}[0m
2026-01-01T17:43:45.4865969Z [36;1mfi[0m
2026-01-01T17:43:45.4897688Z shell: /usr/bin/bash --noprofile --norc -e -o pipefail {0}
2026-01-01T17:43:45.4897994Z env:
2026-01-01T17:43:45.4898234Z   pythonLocation: /opt/hostedtoolcache/Python/3.11.14/x64
2026-01-01T17:43:45.4898643Z   PKG_CONFIG_PATH: /opt/hostedtoolcache/Python/3.11.14/x64/lib/pkgconfig
2026-01-01T17:43:45.4899050Z   Python_ROOT_DIR: /opt/hostedtoolcache/Python/3.11.14/x64
2026-01-01T17:43:45.4899395Z   Python2_ROOT_DIR: /opt/hostedtoolcache/Python/3.11.14/x64
2026-01-01T17:43:45.4899736Z   Python3_ROOT_DIR: /opt/hostedtoolcache/Python/3.11.14/x64
2026-01-01T17:43:45.4900229Z   LD_LIBRARY_PATH: /opt/hostedtoolcache/Python/3.11.14/x64/lib
2026-01-01T17:43:45.4900516Z ##[endgroup]
2026-01-01T17:43:45.5236080Z ##[group]Run actions/upload-artifact@v4
2026-01-01T17:43:45.5236339Z with:
2026-01-01T17:43:45.5236579Z   name: coverage-data-8ed2e9fa-631c-4287-ad28-52d049d791dd
2026-01-01T17:43:45.5236887Z   path: .coverage.*
2026-01-01T17:43:45.5237078Z   if-no-files-found: ignore
2026-01-01T17:43:45.5237292Z   include-hidden-files: true
2026-01-01T17:43:45.5237500Z   compression-level: 6
2026-01-01T17:43:45.5237689Z   overwrite: false
2026-01-01T17:43:45.5237855Z env:
2026-01-01T17:43:45.5238097Z   pythonLocation: /opt/hostedtoolcache/Python/3.11.14/x64
2026-01-01T17:43:45.5238497Z   PKG_CONFIG_PATH: /opt/hostedtoolcache/Python/3.11.14/x64/lib/pkgconfig
2026-01-01T17:43:45.5238896Z   Python_ROOT_DIR: /opt/hostedtoolcache/Python/3.11.14/x64
2026-01-01T17:43:45.5239240Z   Python2_ROOT_DIR: /opt/hostedtoolcache/Python/3.11.14/x64
2026-01-01T17:43:45.5239588Z   Python3_ROOT_DIR: /opt/hostedtoolcache/Python/3.11.14/x64
2026-01-01T17:43:45.5240087Z   LD_LIBRARY_PATH: /opt/hostedtoolcache/Python/3.11.14/x64/lib
2026-01-01T17:43:45.5240374Z ##[endgroup]
2026-01-01T17:43:45.7410415Z With the provided path, there will be 1 file uploaded
2026-01-01T17:43:45.7416143Z Artifact name is valid!
2026-01-01T17:43:45.7417230Z Root directory input is valid!
2026-01-01T17:43:45.8264752Z Beginning upload of artifact content to blob storage
2026-01-01T17:43:46.6799019Z Uploaded bytes 7227795
2026-01-01T17:43:46.6932798Z Finished uploading artifact content to blob storage!
2026-01-01T17:43:46.6936157Z SHA256 digest of uploaded artifact zip is 5805a4c5dc417ddf7ad03678094e23e18cd29fecb9fa889585ddfe3e1ebe0dd7
2026-01-01T17:43:46.6938139Z Finalizing artifact upload
2026-01-01T17:43:46.7958258Z Artifact coverage-data-8ed2e9fa-631c-4287-ad28-52d049d791dd.zip successfully finalized. Artifact ID 5003936596
2026-01-01T17:43:46.7960708Z Artifact coverage-data-8ed2e9fa-631c-4287-ad28-52d049d791dd has been successfully uploaded! Final size is 7227795 bytes. Artifact ID is 5003936596
2026-01-01T17:43:46.7966138Z Artifact download URL: https://github.com/pyca/pynacl/actions/runs/20642815100/artifacts/5003936596
2026-01-01T17:43:46.8125256Z Post job cleanup.
2026-01-01T17:43:46.9262924Z (node:17399) [DEP0040] DeprecationWarning: The `punycode` module is deprecated. Please use a userland alternative instead.
2026-01-01T17:43:46.9263855Z (Use `node --trace-deprecation ...` to show where the warning was created)
2026-01-01T17:43:46.9397127Z Post job cleanup.
2026-01-01T17:43:47.0208910Z [command]/usr/bin/git version
2026-01-01T17:43:47.0244053Z git version 2.52.0
2026-01-01T17:43:47.0279295Z Temporarily overriding HOME='/home/runner/work/_temp/263b716c-f6a1-4490-911b-dea103231374' before making global git config changes
2026-01-01T17:43:47.0280478Z Adding repository directory to the temporary git global config as a safe directory
2026-01-01T17:43:47.0284990Z [command]/usr/bin/git config --global --add safe.directory /home/runner/work/pynacl/pynacl
2026-01-01T17:43:47.0314828Z Removing SSH command configuration
2026-01-01T17:43:47.0321147Z [command]/usr/bin/git config --local --name-only --get-regexp core\.sshCommand
2026-01-01T17:43:47.0354633Z [command]/usr/bin/git submodule foreach --recursive sh -c "git config --local --name-only --get-regexp 'core\.sshCommand' && git config --local --unset-all 'core.sshCommand' || :"
2026-01-01T17:43:47.0587358Z Removing HTTP extra header
2026-01-01T17:43:47.0591952Z [command]/usr/bin/git config --local --name-only --get-regexp http\.https\:\/\/github\.com\/\.extraheader
2026-01-01T17:43:47.0624245Z [command]/usr/bin/git submodule foreach --recursive sh -c "git config --local --name-only --get-regexp 'http\.https\:\/\/github\.com\/\.extraheader' && git config --local --unset-all 'http.https://github.com/.extraheader' || :"
2026-01-01T17:43:47.0848812Z Removing includeIf entries pointing to credentials config files
2026-01-01T17:43:47.0855352Z [command]/usr/bin/git config --local --name-only --get-regexp ^includeIf\.gitdir:
2026-01-01T17:43:47.0878212Z includeif.gitdir:/home/runner/work/pynacl/pynacl/.git.path
2026-01-01T17:43:47.0879015Z includeif.gitdir:/home/runner/work/pynacl/pynacl/.git/worktrees/*.path
2026-01-01T17:43:47.0879718Z includeif.gitdir:/github/workspace/.git.path
2026-01-01T17:43:47.0880533Z includeif.gitdir:/github/workspace/.git/worktrees/*.path
2026-01-01T17:43:47.0888248Z [command]/usr/bin/git config --local --get-all includeif.gitdir:/home/runner/work/pynacl/pynacl/.git.path
2026-01-01T17:43:47.0908757Z /home/runner/work/_temp/git-credentials-f96f78d5-83fc-4851-8a81-075a4895b8c6.config
2026-01-01T17:43:47.0919533Z [command]/usr/bin/git config --local --unset includeif.gitdir:/home/runner/work/pynacl/pynacl/.git.path /home/runner/work/_temp/git-credentials-f96f78d5-83fc-4851-8a81-075a4895b8c6.config
2026-01-01T17:43:47.0952091Z [command]/usr/bin/git config --local --get-all includeif.gitdir:/home/runner/work/pynacl/pynacl/.git/worktrees/*.path
2026-01-01T17:43:47.0973014Z /home/runner/work/_temp/git-credentials-f96f78d5-83fc-4851-8a81-075a4895b8c6.config
2026-01-01T17:43:47.0982122Z [command]/usr/bin/git config --local --unset includeif.gitdir:/home/runner/work/pynacl/pynacl/.git/worktrees/*.path /home/runner/work/_temp/git-credentials-f96f78d5-83fc-4851-8a81-075a4895b8c6.config
2026-01-01T17:43:47.1013807Z [command]/usr/bin/git config --local --get-all includeif.gitdir:/github/workspace/.git.path
2026-01-01T17:43:47.1035238Z /github/runner_temp/git-credentials-f96f78d5-83fc-4851-8a81-075a4895b8c6.config
2026-01-01T17:43:47.1043079Z [command]/usr/bin/git config --local --unset includeif.gitdir:/github/workspace/.git.path /github/runner_temp/git-credentials-f96f78d5-83fc-4851-8a81-075a4895b8c6.config
2026-01-01T17:43:47.1072636Z [command]/usr/bin/git config --local --get-all includeif.gitdir:/github/workspace/.git/worktrees/*.path
2026-01-01T17:43:47.1092545Z /github/runner_temp/git-credentials-f96f78d5-83fc-4851-8a81-075a4895b8c6.config
2026-01-01T17:43:47.1101922Z [command]/usr/bin/git config --local --unset includeif.gitdir:/github/workspace/.git/worktrees/*.path /github/runner_temp/git-credentials-f96f78d5-83fc-4851-8a81-075a4895b8c6.config
2026-01-01T17:43:47.1133167Z [command]/usr/bin/git submodule foreach --recursive git config --local --show-origin --name-only --get-regexp remote.origin.url
2026-01-01T17:43:47.1356204Z Removing credentials config '/home/runner/work/_temp/git-credentials-f96f78d5-83fc-4851-8a81-075a4895b8c6.config'
2026-01-01T17:43:47.1475533Z Cleaning up orphan processes
