2026-02-06T13:18:20.7038777Z Current runner version: '2.331.0'
2026-02-06T13:18:20.7064885Z ##[group]Runner Image Provisioner
2026-02-06T13:18:20.7065655Z Hosted Compute Agent
2026-02-06T13:18:20.7066312Z Version: 20260123.484
2026-02-06T13:18:20.7066882Z Commit: 6bd6555ca37d84114959e1c76d2c01448ff61c5d
2026-02-06T13:18:20.7067574Z Build Date: 2026-01-23T19:41:17Z
2026-02-06T13:18:20.7068175Z Worker ID: {f9254ae3-4ace-46a6-8369-4247c8c3c1ea}
2026-02-06T13:18:20.7068837Z Azure Region: westus
2026-02-06T13:18:20.7069319Z ##[endgroup]
2026-02-06T13:18:20.7070629Z ##[group]Operating System
2026-02-06T13:18:20.7071202Z Microsoft Windows Server 2025
2026-02-06T13:18:20.7071779Z 10.0.26100
2026-02-06T13:18:20.7072225Z Datacenter
2026-02-06T13:18:20.7072652Z ##[endgroup]
2026-02-06T13:18:20.7073124Z ##[group]Runner Image
2026-02-06T13:18:20.7073585Z Image: windows-2025
2026-02-06T13:18:20.7074103Z Version: 20260202.17.1
2026-02-06T13:18:20.7075440Z Included Software: https://github.com/actions/runner-images/blob/win25/20260202.17/images/windows/Windows2025-Readme.md
2026-02-06T13:18:20.7076853Z Image Release: https://github.com/actions/runner-images/releases/tag/win25%2F20260202.17
2026-02-06T13:18:20.7077694Z ##[endgroup]
2026-02-06T13:18:20.7078698Z ##[group]GITHUB_TOKEN Permissions
2026-02-06T13:18:20.7080451Z Contents: read
2026-02-06T13:18:20.7080935Z Metadata: read
2026-02-06T13:18:20.7081439Z ##[endgroup]
2026-02-06T13:18:20.7083926Z Secret source: None
2026-02-06T13:18:20.7084586Z Prepare workflow directory
2026-02-06T13:18:20.8959337Z Prepare all required actions
2026-02-06T13:18:20.8997388Z Getting action download info
2026-02-06T13:18:21.3525635Z Download action repository 'actions/checkout@v5' (SHA:93cb6efe18208431cddfb8368fd83d5badbf9bfd)
2026-02-06T13:18:21.4756848Z Download action repository 'actions/setup-go@v5' (SHA:40f1582b2485089dde7abd97c1529aa768e1baff)
2026-02-06T13:18:22.5018206Z Download action repository 'codecov/codecov-action@v5' (SHA:671740ac38dd9b0130fbe1cec585b89eea48d3de)
2026-02-06T13:18:23.5994334Z Getting action download info
2026-02-06T13:18:23.7911165Z Download action repository 'actions/github-script@60a0d83039c74a4aee543508d2ffcb1c3799cdea' (SHA:60a0d83039c74a4aee543508d2ffcb1c3799cdea)
2026-02-06T13:18:25.5188717Z Complete job name: windows-latest @ Go 1.25
2026-02-06T13:18:26.2393977Z ##[group]Run actions/checkout@v5
2026-02-06T13:18:26.2394721Z with:
2026-02-06T13:18:26.2394944Z   repository: labstack/echo
2026-02-06T13:18:26.2395470Z   token: ***
2026-02-06T13:18:26.2395674Z   ssh-strict: true
2026-02-06T13:18:26.2395886Z   ssh-user: git
2026-02-06T13:18:26.2396100Z   persist-credentials: true
2026-02-06T13:18:26.2396350Z   clean: true
2026-02-06T13:18:26.2396564Z   sparse-checkout-cone-mode: true
2026-02-06T13:18:26.2396815Z   fetch-depth: 1
2026-02-06T13:18:26.2397024Z   fetch-tags: false
2026-02-06T13:18:26.2397236Z   show-progress: true
2026-02-06T13:18:26.2397451Z   lfs: false
2026-02-06T13:18:26.2397641Z   submodules: false
2026-02-06T13:18:26.2397857Z   set-safe-directory: true
2026-02-06T13:18:26.2398312Z env:
2026-02-06T13:18:26.2398518Z   LATEST_GO_VERSION: 1.25
2026-02-06T13:18:26.2398735Z ##[endgroup]
2026-02-06T13:18:26.3788555Z Syncing repository: labstack/echo
2026-02-06T13:18:26.3790035Z ##[group]Getting Git version info
2026-02-06T13:18:26.3790544Z Working directory is 'D:\a\echo\echo'
2026-02-06T13:18:26.4665929Z [command]"C:\Program Files\Git\bin\git.exe" version
2026-02-06T13:18:26.8464235Z git version 2.53.0.windows.1
2026-02-06T13:18:26.8516107Z ##[endgroup]
2026-02-06T13:18:26.8539636Z Temporarily overriding HOME='D:\a\_temp\d318bbb1-5700-41b7-884b-d57c3eec7284' before making global git config changes
2026-02-06T13:18:26.8540956Z Adding repository directory to the temporary git global config as a safe directory
2026-02-06T13:18:26.8550872Z [command]"C:\Program Files\Git\bin\git.exe" config --global --add safe.directory D:\a\echo\echo
2026-02-06T13:18:26.9130029Z Deleting the contents of 'D:\a\echo\echo'
2026-02-06T13:18:26.9136232Z ##[group]Initializing the repository
2026-02-06T13:18:26.9144892Z [command]"C:\Program Files\Git\bin\git.exe" init D:\a\echo\echo
2026-02-06T13:18:27.0035166Z Initialized empty Git repository in D:/a/echo/echo/.git/
2026-02-06T13:18:27.0081717Z [command]"C:\Program Files\Git\bin\git.exe" remote add origin https://github.com/labstack/echo
2026-02-06T13:18:27.0631986Z ##[endgroup]
2026-02-06T13:18:27.0632451Z ##[group]Disabling automatic garbage collection
2026-02-06T13:18:27.0641704Z [command]"C:\Program Files\Git\bin\git.exe" config --local gc.auto 0
2026-02-06T13:18:27.0948570Z ##[endgroup]
2026-02-06T13:18:27.0949002Z ##[group]Setting up auth
2026-02-06T13:18:27.0961409Z [command]"C:\Program Files\Git\bin\git.exe" config --local --name-only --get-regexp core\.sshCommand
2026-02-06T13:18:27.1262924Z [command]"C:\Program Files\Git\bin\git.exe" submodule foreach --recursive "sh -c \"git config --local --name-only --get-regexp 'core\.sshCommand' && git config --local --unset-all 'core.sshCommand' || :\""
2026-02-06T13:18:28.5354762Z [command]"C:\Program Files\Git\bin\git.exe" config --local --name-only --get-regexp http\.https\:\/\/github\.com\/\.extraheader
2026-02-06T13:18:28.5654344Z [command]"C:\Program Files\Git\bin\git.exe" submodule foreach --recursive "sh -c \"git config --local --name-only --get-regexp 'http\.https\:\/\/github\.com\/\.extraheader' && git config --local --unset-all 'http.https://github.com/.extraheader' || :\""
2026-02-06T13:18:29.1086218Z [command]"C:\Program Files\Git\bin\git.exe" config --local --name-only --get-regexp ^includeIf\.gitdir:
2026-02-06T13:18:29.1385706Z [command]"C:\Program Files\Git\bin\git.exe" submodule foreach --recursive "git config --local --show-origin --name-only --get-regexp remote.origin.url"
2026-02-06T13:18:29.6752445Z [command]"C:\Program Files\Git\bin\git.exe" config --local http.https://github.com/.extraheader "AUTHORIZATION: basic ***"
2026-02-06T13:18:29.7063696Z ##[endgroup]
2026-02-06T13:18:29.7064488Z ##[group]Fetching the repository
2026-02-06T13:18:29.7077454Z [command]"C:\Program Files\Git\bin\git.exe" -c protocol.version=2 fetch --no-tags --prune --no-recurse-submodules --depth=1 origin +3e76a07417071ed65a34b03e12365a3a527d1d26:refs/remotes/pull/2891/merge
2026-02-06T13:18:31.0039125Z From https://github.com/labstack/echo
2026-02-06T13:18:31.0040068Z  * [new ref]         3e76a07417071ed65a34b03e12365a3a527d1d26 -> pull/2891/merge
2026-02-06T13:18:31.0407346Z ##[endgroup]
2026-02-06T13:18:31.0408032Z ##[group]Determining the checkout info
2026-02-06T13:18:31.0408690Z ##[endgroup]
2026-02-06T13:18:31.0418197Z [command]"C:\Program Files\Git\bin\git.exe" sparse-checkout disable
2026-02-06T13:18:31.0845255Z [command]"C:\Program Files\Git\bin\git.exe" config --local --unset-all extensions.worktreeConfig
2026-02-06T13:18:31.1177137Z ##[group]Checking out the ref
2026-02-06T13:18:31.1187623Z [command]"C:\Program Files\Git\bin\git.exe" checkout --progress --force refs/remotes/pull/2891/merge
2026-02-06T13:18:31.2053096Z Note: switching to 'refs/remotes/pull/2891/merge'.
2026-02-06T13:18:31.2053615Z 
2026-02-06T13:18:31.2053946Z You are in 'detached HEAD' state. You can look around, make experimental
2026-02-06T13:18:31.2054800Z changes and commit them, and you can discard any commits you make in this
2026-02-06T13:18:31.2055621Z state without impacting any branches by switching back to a branch.
2026-02-06T13:18:31.2056088Z 
2026-02-06T13:18:31.2056393Z If you want to create a new branch to retain commits you create, you may
2026-02-06T13:18:31.2057145Z do so (now or later) by using -c with the switch command. Example:
2026-02-06T13:18:31.2057580Z 
2026-02-06T13:18:31.2057742Z   git switch -c <new-branch-name>
2026-02-06T13:18:31.2058021Z 
2026-02-06T13:18:31.2058154Z Or undo this operation with:
2026-02-06T13:18:31.2058443Z 
2026-02-06T13:18:31.2058564Z   git switch -
2026-02-06T13:18:31.2058737Z 
2026-02-06T13:18:31.2059060Z Turn off this advice by setting config variable advice.detachedHead to false
2026-02-06T13:18:31.2061144Z 
2026-02-06T13:18:31.2061770Z HEAD is now at 3e76a07 Merge 6c162596b43157c8a4d6c7d88a7db9f45be95ef2 into 09ccfbaace93a36bef8f494348d13d86dc327ea4
2026-02-06T13:18:31.2124995Z ##[endgroup]
2026-02-06T13:18:31.2545990Z [command]"C:\Program Files\Git\bin\git.exe" log -1 --format=%H
2026-02-06T13:18:31.2812716Z 3e76a07417071ed65a34b03e12365a3a527d1d26
2026-02-06T13:18:31.3709590Z ##[group]Run actions/setup-go@v5
2026-02-06T13:18:31.3709896Z with:
2026-02-06T13:18:31.3710054Z   go-version: 1.25
2026-02-06T13:18:31.3710232Z   check-latest: false
2026-02-06T13:18:31.3710589Z   token: ***
2026-02-06T13:18:31.3710736Z   cache: true
2026-02-06T13:18:31.3710879Z env:
2026-02-06T13:18:31.3711020Z   LATEST_GO_VERSION: 1.25
2026-02-06T13:18:31.3711206Z ##[endgroup]
2026-02-06T13:18:31.6087258Z Setup go version spec 1.25
2026-02-06T13:18:31.6374849Z Found in cache @ C:\hostedtoolcache\windows\go\1.25.6\x64
2026-02-06T13:18:31.6385798Z Added go to the path
2026-02-06T13:18:31.6391711Z Successfully set up Go version 1.25
2026-02-06T13:18:32.9630894Z [command]C:\hostedtoolcache\windows\go\1.25.6\x64\bin\go.exe env GOCACHE
2026-02-06T13:18:32.9682222Z [command]C:\hostedtoolcache\windows\go\1.25.6\x64\bin\go.exe env GOMODCACHE
2026-02-06T13:18:32.9946756Z C:\Users\runneradmin\AppData\Local\go-build
2026-02-06T13:18:32.9982479Z C:\Users\runneradmin\go\pkg\mod
2026-02-06T13:18:33.4301535Z Cache hit for: setup-go-Windows-x64-go-1.25.6-59104242ff6b499be6afd44f2d73ebd5d3e74f86850b481a7cb9dcddacb1112a
2026-02-06T13:18:34.7795412Z Received 4194304 of 56663990 (7.4%), 3.9 MBs/sec
2026-02-06T13:18:35.2565281Z Received 56663990 of 56663990 (100.0%), 36.2 MBs/sec
2026-02-06T13:18:35.2569609Z Cache Size: ~54 MB (56663990 B)
2026-02-06T13:18:35.2702583Z [command]"C:\Program Files\Git\usr\bin\tar.exe" -xf D:/a/_temp/4dd38cca-1c4c-434e-bed6-b2cfd83696e3/cache.tzst -P -C D:/a/echo/echo --force-local --use-compress-program "zstd -d"
2026-02-06T13:18:41.6972488Z Cache restored successfully
2026-02-06T13:18:41.7020477Z Cache restored from key: setup-go-Windows-x64-go-1.25.6-59104242ff6b499be6afd44f2d73ebd5d3e74f86850b481a7cb9dcddacb1112a
2026-02-06T13:18:41.7039182Z go version go1.25.6 windows/amd64
2026-02-06T13:18:41.7039369Z 
2026-02-06T13:18:41.7039633Z ##[group]go env
2026-02-06T13:18:42.0748913Z set AR=ar
2026-02-06T13:18:42.0749212Z set CC=gcc
2026-02-06T13:18:42.0749600Z set CGO_CFLAGS=-O2 -g
2026-02-06T13:18:42.0749930Z set CGO_CPPFLAGS=
2026-02-06T13:18:42.0750145Z set CGO_CXXFLAGS=-O2 -g
2026-02-06T13:18:42.0750339Z set CGO_ENABLED=1
2026-02-06T13:18:42.0750522Z set CGO_FFLAGS=-O2 -g
2026-02-06T13:18:42.0750722Z set CGO_LDFLAGS=-O2 -g
2026-02-06T13:18:42.0750902Z set CXX=g++
2026-02-06T13:18:42.0751070Z set GCCGO=gccgo
2026-02-06T13:18:42.0751243Z set GO111MODULE=
2026-02-06T13:18:42.0751470Z set GOAMD64=v1
2026-02-06T13:18:42.0751715Z set GOARCH=amd64
2026-02-06T13:18:42.0751891Z set GOAUTH=netrc
2026-02-06T13:18:42.0752046Z set GOBIN=
2026-02-06T13:18:42.0752279Z set GOCACHE=C:\Users\runneradmin\AppData\Local\go-build
2026-02-06T13:18:42.0752584Z set GOCACHEPROG=
2026-02-06T13:18:42.0752741Z set GODEBUG=
2026-02-06T13:18:42.0752964Z set GOENV=C:\Users\runneradmin\AppData\Roaming\go\env
2026-02-06T13:18:42.0753237Z set GOEXE=.exe
2026-02-06T13:18:42.0753401Z set GOEXPERIMENT=
2026-02-06T13:18:42.0753572Z set GOFIPS140=off
2026-02-06T13:18:42.0753735Z set GOFLAGS=
2026-02-06T13:18:42.0754459Z set GOGCCFLAGS=-m64 -mthreads -Wl,--no-gc-sections -fmessage-length=0 -ffile-prefix-map=C:\Users\RUNNER~1\AppData\Local\Temp\go-build1403697377=/tmp/go-build -gno-record-gcc-switches
2026-02-06T13:18:42.0755197Z set GOHOSTARCH=amd64
2026-02-06T13:18:42.0755411Z set GOHOSTOS=windows
2026-02-06T13:18:42.0755585Z set GOINSECURE=
2026-02-06T13:18:42.0755764Z set GOMOD=D:\a\echo\echo\go.mod
2026-02-06T13:18:42.0756020Z set GOMODCACHE=C:\Users\runneradmin\go\pkg\mod
2026-02-06T13:18:42.0756278Z set GONOPROXY=
2026-02-06T13:18:42.0756431Z set GONOSUMDB=
2026-02-06T13:18:42.0756595Z set GOOS=windows
2026-02-06T13:18:42.0757345Z set GOPATH=C:\Users\runneradmin\go
2026-02-06T13:18:42.0757591Z set GOPRIVATE=
2026-02-06T13:18:42.0757869Z set GOPROXY=https://proxy.golang.org,direct
2026-02-06T13:18:42.0758201Z set GOROOT=C:\hostedtoolcache\windows\go\1.25.6\x64
2026-02-06T13:18:42.0758491Z set GOSUMDB=sum.golang.org
2026-02-06T13:18:42.0760786Z set GOTELEMETRY=local
2026-02-06T13:18:42.0761209Z set GOTELEMETRYDIR=C:\Users\runneradmin\AppData\Roaming\go\telemetry
2026-02-06T13:18:42.0761568Z set GOTMPDIR=
2026-02-06T13:18:42.0761746Z set GOTOOLCHAIN=auto
2026-02-06T13:18:42.0762120Z set GOTOOLDIR=C:\hostedtoolcache\windows\go\1.25.6\x64\pkg\tool\windows_amd64
2026-02-06T13:18:42.0762477Z set GOVCS=
2026-02-06T13:18:42.0762638Z set GOVERSION=go1.25.6
2026-02-06T13:18:42.0762812Z set GOWORK=
2026-02-06T13:18:42.0762981Z set PKG_CONFIG=pkg-config
2026-02-06T13:18:42.0763119Z 
2026-02-06T13:18:42.0763437Z ##[endgroup]
2026-02-06T13:18:42.1192069Z ##[group]Run go test -race --coverprofile=coverage.coverprofile --covermode=atomic ./...
2026-02-06T13:18:42.1192788Z [36;1mgo test -race --coverprofile=coverage.coverprofile --covermode=atomic ./...[0m
2026-02-06T13:18:42.1859888Z shell: C:\Program Files\PowerShell\7\pwsh.EXE -command ". '{0}'"
2026-02-06T13:18:42.1860312Z env:
2026-02-06T13:18:42.1860516Z   LATEST_GO_VERSION: 1.25
2026-02-06T13:18:42.1860763Z ##[endgroup]
2026-02-06T13:19:05.4627486Z ok  	github.com/labstack/echo/v5	2.245s	coverage: 95.6% of statements
2026-02-06T13:19:05.4628730Z ok  	github.com/labstack/echo/v5/echotest	1.108s	coverage: 93.7% of statements
2026-02-06T13:19:07.2066806Z {"time":"2026-02-06T13:19:05.8703731Z","level":"ERROR","msg":"echo: response already written to client"}
2026-02-06T13:19:07.2067695Z {"time":"2026-02-06T13:19:05.8709277Z","level":"ERROR","msg":"echo: response already written to client"}
2026-02-06T13:19:07.2068175Z --- FAIL: TestStatic (0.01s)
2026-02-06T13:19:07.2068644Z     --- FAIL: TestStatic/ok,_serve_file_from_subdirectory (0.00s)
2026-02-06T13:19:07.2069107Z         static_test.go:278: 
2026-02-06T13:19:07.2069629Z             	Error Trace:	D:/a/echo/echo/middleware/static_test.go:278
2026-02-06T13:19:07.2070064Z             	Error:      	Not equal: 
2026-02-06T13:19:07.2070453Z             	            	expected: "54"
2026-02-06T13:19:07.2070841Z             	            	actual  : "55"
2026-02-06T13:19:07.2071154Z             	            	
2026-02-06T13:19:07.2071454Z             	            	Diff:
2026-02-06T13:19:07.2071806Z             	            	--- Expected
2026-02-06T13:19:07.2072419Z             	            	+++ Actual
2026-02-06T13:19:07.2072910Z             	            	@@ -1 +1 @@
2026-02-06T13:19:07.2073234Z             	            	-54
2026-02-06T13:19:07.2073544Z             	            	+55
2026-02-06T13:19:07.2073995Z             	Test:       	TestStatic/ok,_serve_file_from_subdirectory
2026-02-06T13:19:07.2074309Z FAIL
2026-02-06T13:19:07.2074479Z coverage: 94.2% of statements
2026-02-06T13:19:07.2074768Z FAIL	github.com/labstack/echo/v5/middleware	4.000s
2026-02-06T13:19:07.2075056Z FAIL
2026-02-06T13:19:07.9999378Z ##[error]Process completed with exit code 1.
2026-02-06T13:19:08.1331560Z Post job cleanup.
2026-02-06T13:19:08.3367673Z [command]"C:\Program Files\Git\bin\git.exe" version
2026-02-06T13:19:08.3641190Z git version 2.53.0.windows.1
2026-02-06T13:19:08.3720502Z Temporarily overriding HOME='D:\a\_temp\320b1291-1da2-49db-97dc-f3dd7a9a8644' before making global git config changes
2026-02-06T13:19:08.3721568Z Adding repository directory to the temporary git global config as a safe directory
2026-02-06T13:19:08.3731520Z [command]"C:\Program Files\Git\bin\git.exe" config --global --add safe.directory D:\a\echo\echo
2026-02-06T13:19:08.4055855Z [command]"C:\Program Files\Git\bin\git.exe" config --local --name-only --get-regexp core\.sshCommand
2026-02-06T13:19:08.4373125Z [command]"C:\Program Files\Git\bin\git.exe" submodule foreach --recursive "sh -c \"git config --local --name-only --get-regexp 'core\.sshCommand' && git config --local --unset-all 'core.sshCommand' || :\""
2026-02-06T13:19:09.3620361Z [command]"C:\Program Files\Git\bin\git.exe" config --local --name-only --get-regexp http\.https\:\/\/github\.com\/\.extraheader
2026-02-06T13:19:09.3899836Z http.https://github.com/.extraheader
2026-02-06T13:19:09.3946154Z [command]"C:\Program Files\Git\bin\git.exe" config --local --unset-all http.https://github.com/.extraheader
2026-02-06T13:19:09.4261666Z [command]"C:\Program Files\Git\bin\git.exe" submodule foreach --recursive "sh -c \"git config --local --name-only --get-regexp 'http\.https\:\/\/github\.com\/\.extraheader' && git config --local --unset-all 'http.https://github.com/.extraheader' || :\""
2026-02-06T13:19:09.9866732Z [command]"C:\Program Files\Git\bin\git.exe" config --local --name-only --get-regexp ^includeIf\.gitdir:
2026-02-06T13:19:10.0173307Z [command]"C:\Program Files\Git\bin\git.exe" submodule foreach --recursive "git config --local --show-origin --name-only --get-regexp remote.origin.url"
2026-02-06T13:19:10.5803824Z Cleaning up orphan processes
