2026-03-06T20:46:11.1556719Z Current runner version: '2.332.0'
2026-03-06T20:46:11.1579883Z ##[group]Runner Image Provisioner
2026-03-06T20:46:11.1580695Z Hosted Compute Agent
2026-03-06T20:46:11.1581150Z Version: 20260213.493
2026-03-06T20:46:11.1581700Z Commit: 5c115507f6dd24b8de37d8bbe0bb4509d0cc0fa3
2026-03-06T20:46:11.1582295Z Build Date: 2026-02-13T00:28:41Z
2026-03-06T20:46:11.1582925Z Worker ID: {af172a9f-74d5-44d5-a1c3-932a6e667c2f}
2026-03-06T20:46:11.1583502Z Azure Region: westcentralus
2026-03-06T20:46:11.1584021Z ##[endgroup]
2026-03-06T20:46:11.1585229Z ##[group]Operating System
2026-03-06T20:46:11.1585739Z Ubuntu
2026-03-06T20:46:11.1586173Z 24.04.3
2026-03-06T20:46:11.1586577Z LTS
2026-03-06T20:46:11.1586979Z ##[endgroup]
2026-03-06T20:46:11.1587364Z ##[group]Runner Image
2026-03-06T20:46:11.1587849Z Image: ubuntu-24.04
2026-03-06T20:46:11.1588262Z Version: 20260302.42.1
2026-03-06T20:46:11.1589674Z Included Software: https://github.com/actions/runner-images/blob/ubuntu24/20260302.42/images/ubuntu/Ubuntu2404-Readme.md
2026-03-06T20:46:11.1590925Z Image Release: https://github.com/actions/runner-images/releases/tag/ubuntu24%2F20260302.42
2026-03-06T20:46:11.1591710Z ##[endgroup]
2026-03-06T20:46:11.1592459Z ##[group]GITHUB_TOKEN Permissions
2026-03-06T20:46:11.1594276Z Metadata: read
2026-03-06T20:46:11.1594818Z ##[endgroup]
2026-03-06T20:46:11.1596682Z Secret source: Actions
2026-03-06T20:46:11.1597323Z Prepare workflow directory
2026-03-06T20:46:11.1967901Z Prepare all required actions
2026-03-06T20:46:11.2006484Z Getting action download info
2026-03-06T20:46:11.6065175Z Download action repository 'actions/checkout@v6' (SHA:de0fac2e4500dabe0009e67214ff5f5447ce83dd)
2026-03-06T20:46:11.7338432Z Download action repository 'pnpm/action-setup@v4' (SHA:41ff72655975bd51cab0327fa583b6e92b6d3061)
2026-03-06T20:46:12.8864918Z Download action repository 'actions/setup-node@v6' (SHA:53b83947a5a98c8d113130e565377fae1a50d02f)
2026-03-06T20:46:13.6692196Z Complete job name: Tests (24, ubuntu-latest)
2026-03-06T20:46:13.7406634Z ##[group]Run actions/checkout@v6
2026-03-06T20:46:13.7407186Z with:
2026-03-06T20:46:13.7407389Z   repository: sveltejs/svelte
2026-03-06T20:46:13.7407880Z   token: ***
2026-03-06T20:46:13.7408067Z   ssh-strict: true
2026-03-06T20:46:13.7408279Z   ssh-user: git
2026-03-06T20:46:13.7408496Z   persist-credentials: true
2026-03-06T20:46:13.7408738Z   clean: true
2026-03-06T20:46:13.7409134Z   sparse-checkout-cone-mode: true
2026-03-06T20:46:13.7409380Z   fetch-depth: 1
2026-03-06T20:46:13.7409567Z   fetch-tags: false
2026-03-06T20:46:13.7409765Z   show-progress: true
2026-03-06T20:46:13.7409955Z   lfs: false
2026-03-06T20:46:13.7410116Z   submodules: false
2026-03-06T20:46:13.7410312Z   set-safe-directory: true
2026-03-06T20:46:13.7410720Z env:
2026-03-06T20:46:13.7410916Z   PLAYWRIGHT_SKIP_BROWSER_DOWNLOAD: 1
2026-03-06T20:46:13.7411157Z ##[endgroup]
2026-03-06T20:46:13.8287011Z Syncing repository: sveltejs/svelte
2026-03-06T20:46:13.8288357Z ##[group]Getting Git version info
2026-03-06T20:46:13.8288770Z Working directory is '/home/runner/work/svelte/svelte'
2026-03-06T20:46:13.8289673Z [command]/usr/bin/git version
2026-03-06T20:46:13.8338091Z git version 2.53.0
2026-03-06T20:46:13.8357864Z ##[endgroup]
2026-03-06T20:46:13.8370816Z Temporarily overriding HOME='/home/runner/work/_temp/a14ec7c1-d794-4dc8-aad6-bca70295b132' before making global git config changes
2026-03-06T20:46:13.8372202Z Adding repository directory to the temporary git global config as a safe directory
2026-03-06T20:46:13.8375586Z [command]/usr/bin/git config --global --add safe.directory /home/runner/work/svelte/svelte
2026-03-06T20:46:13.8415370Z Deleting the contents of '/home/runner/work/svelte/svelte'
2026-03-06T20:46:13.8418809Z ##[group]Initializing the repository
2026-03-06T20:46:13.8423464Z [command]/usr/bin/git init /home/runner/work/svelte/svelte
2026-03-06T20:46:13.8516830Z hint: Using 'master' as the name for the initial branch. This default branch name
2026-03-06T20:46:13.8517813Z hint: will change to "main" in Git 3.0. To configure the initial branch name
2026-03-06T20:46:13.8518770Z hint: to use in all of your new repositories, which will suppress this warning,
2026-03-06T20:46:13.8519827Z hint: call:
2026-03-06T20:46:13.8520132Z hint:
2026-03-06T20:46:13.8520590Z hint: 	git config --global init.defaultBranch <name>
2026-03-06T20:46:13.8521047Z hint:
2026-03-06T20:46:13.8521407Z hint: Names commonly chosen instead of 'master' are 'main', 'trunk' and
2026-03-06T20:46:13.8522165Z hint: 'development'. The just-created branch can be renamed via this command:
2026-03-06T20:46:13.8522578Z hint:
2026-03-06T20:46:13.8522761Z hint: 	git branch -m <name>
2026-03-06T20:46:13.8522970Z hint:
2026-03-06T20:46:13.8523257Z hint: Disable this message with "git config set advice.defaultBranchName false"
2026-03-06T20:46:13.8523768Z Initialized empty Git repository in /home/runner/work/svelte/svelte/.git/
2026-03-06T20:46:13.8529917Z [command]/usr/bin/git remote add origin https://github.com/sveltejs/svelte
2026-03-06T20:46:13.8557662Z ##[endgroup]
2026-03-06T20:46:13.8558054Z ##[group]Disabling automatic garbage collection
2026-03-06T20:46:13.8561599Z [command]/usr/bin/git config --local gc.auto 0
2026-03-06T20:46:13.8586468Z ##[endgroup]
2026-03-06T20:46:13.8586822Z ##[group]Setting up auth
2026-03-06T20:46:13.8587086Z Removing SSH command configuration
2026-03-06T20:46:13.8591767Z [command]/usr/bin/git config --local --name-only --get-regexp core\.sshCommand
2026-03-06T20:46:13.8617546Z [command]/usr/bin/git submodule foreach --recursive sh -c "git config --local --name-only --get-regexp 'core\.sshCommand' && git config --local --unset-all 'core.sshCommand' || :"
2026-03-06T20:46:13.8891285Z Removing HTTP extra header
2026-03-06T20:46:13.8895984Z [command]/usr/bin/git config --local --name-only --get-regexp http\.https\:\/\/github\.com\/\.extraheader
2026-03-06T20:46:13.8920914Z [command]/usr/bin/git submodule foreach --recursive sh -c "git config --local --name-only --get-regexp 'http\.https\:\/\/github\.com\/\.extraheader' && git config --local --unset-all 'http.https://github.com/.extraheader' || :"
2026-03-06T20:46:13.9085640Z Removing includeIf entries pointing to credentials config files
2026-03-06T20:46:13.9090628Z [command]/usr/bin/git config --local --name-only --get-regexp ^includeIf\.gitdir:
2026-03-06T20:46:13.9117003Z [command]/usr/bin/git submodule foreach --recursive git config --local --show-origin --name-only --get-regexp remote.origin.url
2026-03-06T20:46:13.9288631Z [command]/usr/bin/git config --file /home/runner/work/_temp/git-credentials-95e218e3-68a1-4e11-964e-d7797171a66e.config http.https://github.com/.extraheader AUTHORIZATION: basic ***
2026-03-06T20:46:13.9318771Z [command]/usr/bin/git config --local includeIf.gitdir:/home/runner/work/svelte/svelte/.git.path /home/runner/work/_temp/git-credentials-95e218e3-68a1-4e11-964e-d7797171a66e.config
2026-03-06T20:46:13.9342550Z [command]/usr/bin/git config --local includeIf.gitdir:/home/runner/work/svelte/svelte/.git/worktrees/*.path /home/runner/work/_temp/git-credentials-95e218e3-68a1-4e11-964e-d7797171a66e.config
2026-03-06T20:46:13.9365544Z [command]/usr/bin/git config --local includeIf.gitdir:/github/workspace/.git.path /github/runner_temp/git-credentials-95e218e3-68a1-4e11-964e-d7797171a66e.config
2026-03-06T20:46:13.9390549Z [command]/usr/bin/git config --local includeIf.gitdir:/github/workspace/.git/worktrees/*.path /github/runner_temp/git-credentials-95e218e3-68a1-4e11-964e-d7797171a66e.config
2026-03-06T20:46:13.9446425Z ##[endgroup]
2026-03-06T20:46:13.9446814Z ##[group]Fetching the repository
2026-03-06T20:46:13.9453621Z [command]/usr/bin/git -c protocol.version=2 fetch --no-tags --prune --no-recurse-submodules --depth=1 origin +84a9f26484c874af3a53bf9da74b268b1ecbe212:refs/remotes/pull/17872/merge
2026-03-06T20:46:14.7754822Z From https://github.com/sveltejs/svelte
2026-03-06T20:46:14.7756230Z  * [new ref]         84a9f26484c874af3a53bf9da74b268b1ecbe212 -> pull/17872/merge
2026-03-06T20:46:14.7787536Z ##[endgroup]
2026-03-06T20:46:14.7788182Z ##[group]Determining the checkout info
2026-03-06T20:46:14.7789275Z ##[endgroup]
2026-03-06T20:46:14.7794438Z [command]/usr/bin/git sparse-checkout disable
2026-03-06T20:46:14.7830064Z [command]/usr/bin/git config --local --unset-all extensions.worktreeConfig
2026-03-06T20:46:14.7853670Z ##[group]Checking out the ref
2026-03-06T20:46:14.7857442Z [command]/usr/bin/git checkout --progress --force refs/remotes/pull/17872/merge
2026-03-06T20:46:15.0364296Z Note: switching to 'refs/remotes/pull/17872/merge'.
2026-03-06T20:46:15.0366041Z 
2026-03-06T20:46:15.0366422Z You are in 'detached HEAD' state. You can look around, make experimental
2026-03-06T20:46:15.0367277Z changes and commit them, and you can discard any commits you make in this
2026-03-06T20:46:15.0368088Z state without impacting any branches by switching back to a branch.
2026-03-06T20:46:15.0368557Z 
2026-03-06T20:46:15.0369122Z If you want to create a new branch to retain commits you create, you may
2026-03-06T20:46:15.0369949Z do so (now or later) by using -c with the switch command. Example:
2026-03-06T20:46:15.0370402Z 
2026-03-06T20:46:15.0370601Z   git switch -c <new-branch-name>
2026-03-06T20:46:15.0370886Z 
2026-03-06T20:46:15.0371055Z Or undo this operation with:
2026-03-06T20:46:15.0371337Z 
2026-03-06T20:46:15.0371476Z   git switch -
2026-03-06T20:46:15.0371705Z 
2026-03-06T20:46:15.0372134Z Turn off this advice by setting config variable advice.detachedHead to false
2026-03-06T20:46:15.0372618Z 
2026-03-06T20:46:15.0373248Z HEAD is now at 84a9f26 Merge b468c4676bd8aa9c1dc29fa1926de5c0891dc892 into 3df2645451e6e9441e02d423d2fe77b8e4a38f59
2026-03-06T20:46:15.0375183Z ##[endgroup]
2026-03-06T20:46:15.0412534Z [command]/usr/bin/git log -1 --format=%H
2026-03-06T20:46:15.0435023Z 84a9f26484c874af3a53bf9da74b268b1ecbe212
2026-03-06T20:46:15.0607104Z ##[group]Run pnpm/action-setup@v4
2026-03-06T20:46:15.0607391Z with:
2026-03-06T20:46:15.0607564Z   dest: ~/setup-pnpm
2026-03-06T20:46:15.0607756Z   run_install: null
2026-03-06T20:46:15.0607995Z   package_json_file: package.json
2026-03-06T20:46:15.0608239Z   standalone: false
2026-03-06T20:46:15.0608407Z env:
2026-03-06T20:46:15.0608597Z   PLAYWRIGHT_SKIP_BROWSER_DOWNLOAD: 1
2026-03-06T20:46:15.0609014Z ##[endgroup]
2026-03-06T20:46:15.1102911Z ##[group]Running self-installer...
2026-03-06T20:46:15.6997771Z Progress: resolved 1, reused 0, downloaded 0, added 0
2026-03-06T20:46:15.7075332Z Packages: +1
2026-03-06T20:46:15.7075693Z +
2026-03-06T20:46:16.1048102Z Progress: resolved 1, reused 0, downloaded 1, added 1, done
2026-03-06T20:46:16.1347428Z 
2026-03-06T20:46:16.1348032Z dependencies:
2026-03-06T20:46:16.1348405Z + pnpm 10.4.0 (10.30.3 is available)
2026-03-06T20:46:16.1348659Z 
2026-03-06T20:46:16.1375922Z Done in 865ms
2026-03-06T20:46:16.1499209Z ##[endgroup]
2026-03-06T20:46:16.1503059Z Installation Completed!
2026-03-06T20:46:16.1625733Z ##[group]Run actions/setup-node@v6
2026-03-06T20:46:16.1625990Z with:
2026-03-06T20:46:16.1626213Z   node-version: 24
2026-03-06T20:46:16.1626391Z   cache: pnpm
2026-03-06T20:46:16.1626562Z   check-latest: false
2026-03-06T20:46:16.1626891Z   token: ***
2026-03-06T20:46:16.1627099Z   package-manager-cache: true
2026-03-06T20:46:16.1627300Z env:
2026-03-06T20:46:16.1627487Z   PLAYWRIGHT_SKIP_BROWSER_DOWNLOAD: 1
2026-03-06T20:46:16.1627775Z   PNPM_HOME: /home/runner/setup-pnpm/node_modules/.bin
2026-03-06T20:46:16.1628088Z ##[endgroup]
2026-03-06T20:46:16.3104697Z Found in cache @ /opt/hostedtoolcache/node/24.14.0/x64
2026-03-06T20:46:16.3108463Z ##[group]Environment details
2026-03-06T20:46:16.6606142Z node: v24.14.0
2026-03-06T20:46:16.6606414Z npm: 11.9.0
2026-03-06T20:46:16.6606588Z yarn: 1.22.22
2026-03-06T20:46:16.6607512Z ##[endgroup]
2026-03-06T20:46:16.6625226Z [command]/home/runner/setup-pnpm/node_modules/.bin/pnpm store path --silent
2026-03-06T20:46:17.0477004Z /home/runner/setup-pnpm/node_modules/.bin/store/v10
2026-03-06T20:46:17.2650234Z Cache hit for: node-cache-Linux-x64-pnpm-ab928c468afe69b8bc3929f53875907610dfd2184d7c21eb4da083653472af65
2026-03-06T20:46:18.3528585Z Received 51503805 of 51503805 (100.0%), 56.4 MBs/sec
2026-03-06T20:46:18.3529450Z Cache Size: ~49 MB (51503805 B)
2026-03-06T20:46:18.3601260Z [command]/usr/bin/tar -xf /home/runner/work/_temp/6d833677-50d2-4ba1-9140-6a8c268e05df/cache.tzst -P -C /home/runner/work/svelte/svelte --use-compress-program unzstd
2026-03-06T20:46:18.7492932Z Cache restored successfully
2026-03-06T20:46:18.7558103Z Cache restored from key: node-cache-Linux-x64-pnpm-ab928c468afe69b8bc3929f53875907610dfd2184d7c21eb4da083653472af65
2026-03-06T20:46:18.7665804Z ##[group]Run pnpm install --frozen-lockfile
2026-03-06T20:46:18.7666221Z [36;1mpnpm install --frozen-lockfile[0m
2026-03-06T20:46:18.7707762Z shell: /usr/bin/bash -e {0}
2026-03-06T20:46:18.7708011Z env:
2026-03-06T20:46:18.7708216Z   PLAYWRIGHT_SKIP_BROWSER_DOWNLOAD: 1
2026-03-06T20:46:18.7708524Z   PNPM_HOME: /home/runner/setup-pnpm/node_modules/.bin
2026-03-06T20:46:18.7708801Z ##[endgroup]
2026-03-06T20:46:19.0770721Z Scope: all 3 workspace projects
2026-03-06T20:46:19.0831125Z (node:2315) [DEP0169] DeprecationWarning: `url.parse()` behavior is not standardized and prone to errors that have security implications. Use the WHATWG URL API instead. CVEs are not issued for `url.parse()` vulnerabilities.
2026-03-06T20:46:19.0833055Z (Use `node --trace-deprecation ...` to show where the warning was created)
2026-03-06T20:46:19.1190551Z Lockfile is up to date, resolution step is skipped
2026-03-06T20:46:19.1628434Z Progress: resolved 1, reused 0, downloaded 0, added 0
2026-03-06T20:46:19.2440150Z Packages: +446
2026-03-06T20:46:19.2443603Z ++++++++++++++++++++++++++++++++++++++++++++++++++++++++++++++++++++++++++++++++
2026-03-06T20:46:19.6061765Z Progress: resolved 446, reused 445, downloaded 0, added 446, done
2026-03-06T20:46:19.8577366Z 
2026-03-06T20:46:19.8577946Z devDependencies:
2026-03-06T20:46:19.8578407Z + @changesets/cli 2.29.8
2026-03-06T20:46:19.8578816Z + @eslint/js 10.0.1
2026-03-06T20:46:19.8579346Z + @sveltejs/eslint-config 9.0.0
2026-03-06T20:46:19.8579725Z + @svitejs/changesets-changelog-github-compact 1.1.0
2026-03-06T20:46:19.8580087Z + @types/node 20.19.17
2026-03-06T20:46:19.8580320Z + @types/picomatch 4.0.2
2026-03-06T20:46:19.8580563Z + @vitest/coverage-v8 2.1.9
2026-03-06T20:46:19.8580779Z + eslint 10.0.0
2026-03-06T20:46:19.8580982Z + eslint-plugin-lube 0.5.1
2026-03-06T20:46:19.8581223Z + eslint-plugin-svelte 3.15.0
2026-03-06T20:46:19.8581441Z + jsdom 25.0.1
2026-03-06T20:46:19.8581625Z + playwright 1.58.0
2026-03-06T20:46:19.8581822Z + prettier 3.2.4
2026-03-06T20:46:19.8582062Z + prettier-plugin-svelte 3.4.0
2026-03-06T20:46:19.8582461Z + svelte 5.53.7 <- packages/svelte
2026-03-06T20:46:19.8582820Z + typescript 5.5.4
2026-03-06T20:46:19.8583148Z + typescript-eslint 8.56.0
2026-03-06T20:46:19.8583453Z + v8-natives 1.2.5
2026-03-06T20:46:19.8583643Z + vitest 2.1.9
2026-03-06T20:46:19.8583750Z 
2026-03-06T20:46:19.8586602Z ╭ Warning ─────────────────────────────────────────────────────────────────────╮│                                                                              ││   Ignored build scripts: esbuild.                                            ││   Run "pnpm approve-builds" to pick which dependencies should be allowed     ││   to run scripts.                                                            ││                                                                              │╰──────────────────────────────────────────────────────────────────────────────╯
2026-03-06T20:46:19.8587703Z 
2026-03-06T20:46:19.8768471Z playgrounds/sandbox prepare$ node scripts/create-app-svelte.js
2026-03-06T20:46:19.9088176Z playgrounds/sandbox prepare: Done
2026-03-06T20:46:19.9111175Z Done in 1.1s
2026-03-06T20:46:19.9311115Z ##[group]Run pnpm playwright install chromium
2026-03-06T20:46:19.9311468Z [36;1mpnpm playwright install chromium[0m
2026-03-06T20:46:19.9338644Z shell: /usr/bin/bash -e {0}
2026-03-06T20:46:19.9339064Z env:
2026-03-06T20:46:19.9339315Z   PLAYWRIGHT_SKIP_BROWSER_DOWNLOAD: 1
2026-03-06T20:46:19.9339611Z   PNPM_HOME: /home/runner/setup-pnpm/node_modules/.bin
2026-03-06T20:46:19.9340034Z ##[endgroup]
2026-03-06T20:46:20.8472823Z Downloading Chrome for Testing 145.0.7632.6 (playwright chromium v1208) from https://cdn.playwright.dev/chrome-for-testing-public/145.0.7632.6/linux64/chrome-linux64.zip
2026-03-06T20:46:21.0642363Z |                                                                                |   0% of 167.3 MiB
2026-03-06T20:46:21.2144228Z |■■■■■■■■                                                                        |  10% of 167.3 MiB
2026-03-06T20:46:21.2893758Z |■■■■■■■■■■■■■■■■                                                                |  20% of 167.3 MiB
2026-03-06T20:46:21.3526864Z |■■■■■■■■■■■■■■■■■■■■■■■■                                                        |  30% of 167.3 MiB
2026-03-06T20:46:21.4044001Z |■■■■■■■■■■■■■■■■■■■■■■■■■■■■■■■■                                                |  40% of 167.3 MiB
2026-03-06T20:46:21.4521738Z |■■■■■■■■■■■■■■■■■■■■■■■■■■■■■■■■■■■■■■■■                                        |  50% of 167.3 MiB
2026-03-06T20:46:21.4978374Z |■■■■■■■■■■■■■■■■■■■■■■■■■■■■■■■■■■■■■■■■■■■■■■■■                                |  60% of 167.3 MiB
2026-03-06T20:46:21.5437285Z |■■■■■■■■■■■■■■■■■■■■■■■■■■■■■■■■■■■■■■■■■■■■■■■■■■■■■■■■                        |  70% of 167.3 MiB
2026-03-06T20:46:21.5890341Z |■■■■■■■■■■■■■■■■■■■■■■■■■■■■■■■■■■■■■■■■■■■■■■■■■■■■■■■■■■■■■■■■                |  80% of 167.3 MiB
2026-03-06T20:46:21.6339835Z |■■■■■■■■■■■■■■■■■■■■■■■■■■■■■■■■■■■■■■■■■■■■■■■■■■■■■■■■■■■■■■■■■■■■■■■■        |  90% of 167.3 MiB
2026-03-06T20:46:21.6857052Z |■■■■■■■■■■■■■■■■■■■■■■■■■■■■■■■■■■■■■■■■■■■■■■■■■■■■■■■■■■■■■■■■■■■■■■■■■■■■■■■■| 100% of 167.3 MiB
2026-03-06T20:46:24.1191621Z Chrome for Testing 145.0.7632.6 (playwright chromium v1208) downloaded to /home/runner/.cache/ms-playwright/chromium-1208
2026-03-06T20:46:24.1196955Z Downloading FFmpeg (playwright ffmpeg v1011) from https://cdn.playwright.dev/dbazure/download/playwright/builds/ffmpeg/1011/ffmpeg-linux.zip
2026-03-06T20:46:24.3199128Z |                                                                                |   0% of 2.3 MiB
2026-03-06T20:46:24.3578403Z |■■■■■■■■                                                                        |  10% of 2.3 MiB
2026-03-06T20:46:24.3725708Z |■■■■■■■■■■■■■■■■                                                                |  20% of 2.3 MiB
2026-03-06T20:46:24.3833968Z |■■■■■■■■■■■■■■■■■■■■■■■■                                                        |  30% of 2.3 MiB
2026-03-06T20:46:24.3903465Z |■■■■■■■■■■■■■■■■■■■■■■■■■■■■■■■■                                                |  40% of 2.3 MiB
2026-03-06T20:46:24.3955047Z |■■■■■■■■■■■■■■■■■■■■■■■■■■■■■■■■■■■■■■■■                                        |  50% of 2.3 MiB
2026-03-06T20:46:24.4004866Z |■■■■■■■■■■■■■■■■■■■■■■■■■■■■■■■■■■■■■■■■■■■■■■■■                                |  60% of 2.3 MiB
2026-03-06T20:46:24.4053442Z |■■■■■■■■■■■■■■■■■■■■■■■■■■■■■■■■■■■■■■■■■■■■■■■■■■■■■■■■                        |  70% of 2.3 MiB
2026-03-06T20:46:24.4087040Z |■■■■■■■■■■■■■■■■■■■■■■■■■■■■■■■■■■■■■■■■■■■■■■■■■■■■■■■■■■■■■■■■                |  80% of 2.3 MiB
2026-03-06T20:46:24.4125789Z |■■■■■■■■■■■■■■■■■■■■■■■■■■■■■■■■■■■■■■■■■■■■■■■■■■■■■■■■■■■■■■■■■■■■■■■■        |  90% of 2.3 MiB
2026-03-06T20:46:24.4151771Z |■■■■■■■■■■■■■■■■■■■■■■■■■■■■■■■■■■■■■■■■■■■■■■■■■■■■■■■■■■■■■■■■■■■■■■■■■■■■■■■■| 100% of 2.3 MiB
2026-03-06T20:46:24.4742197Z FFmpeg (playwright ffmpeg v1011) downloaded to /home/runner/.cache/ms-playwright/ffmpeg-1011
2026-03-06T20:46:24.4745075Z Downloading Chrome Headless Shell 145.0.7632.6 (playwright chromium-headless-shell v1208) from https://cdn.playwright.dev/chrome-for-testing-public/145.0.7632.6/linux64/chrome-headless-shell-linux64.zip
2026-03-06T20:46:24.6865743Z |                                                                                |   0% of 110.9 MiB
2026-03-06T20:46:24.8162880Z |■■■■■■■■                                                                        |  10% of 110.9 MiB
2026-03-06T20:46:24.8691475Z |■■■■■■■■■■■■■■■■                                                                |  20% of 110.9 MiB
2026-03-06T20:46:24.9205198Z |■■■■■■■■■■■■■■■■■■■■■■■■                                                        |  30% of 110.9 MiB
2026-03-06T20:46:24.9665515Z |■■■■■■■■■■■■■■■■■■■■■■■■■■■■■■■■                                                |  40% of 110.9 MiB
2026-03-06T20:46:25.0315191Z |■■■■■■■■■■■■■■■■■■■■■■■■■■■■■■■■■■■■■■■■                                        |  50% of 110.9 MiB
2026-03-06T20:46:25.0698112Z |■■■■■■■■■■■■■■■■■■■■■■■■■■■■■■■■■■■■■■■■■■■■■■■■                                |  60% of 110.9 MiB
2026-03-06T20:46:25.1039371Z |■■■■■■■■■■■■■■■■■■■■■■■■■■■■■■■■■■■■■■■■■■■■■■■■■■■■■■■■                        |  70% of 110.9 MiB
2026-03-06T20:46:25.1404659Z |■■■■■■■■■■■■■■■■■■■■■■■■■■■■■■■■■■■■■■■■■■■■■■■■■■■■■■■■■■■■■■■■                |  80% of 110.9 MiB
2026-03-06T20:46:25.1754779Z |■■■■■■■■■■■■■■■■■■■■■■■■■■■■■■■■■■■■■■■■■■■■■■■■■■■■■■■■■■■■■■■■■■■■■■■■        |  90% of 110.9 MiB
2026-03-06T20:46:25.2087470Z |■■■■■■■■■■■■■■■■■■■■■■■■■■■■■■■■■■■■■■■■■■■■■■■■■■■■■■■■■■■■■■■■■■■■■■■■■■■■■■■■| 100% of 110.9 MiB
2026-03-06T20:46:26.9969906Z Chrome Headless Shell 145.0.7632.6 (playwright chromium-headless-shell v1208) downloaded to /home/runner/.cache/ms-playwright/chromium_headless_shell-1208
2026-03-06T20:46:27.0203245Z ##[group]Run pnpm test
2026-03-06T20:46:27.0203489Z [36;1mpnpm test[0m
2026-03-06T20:46:27.0231418Z shell: /usr/bin/bash -e {0}
2026-03-06T20:46:27.0231653Z env:
2026-03-06T20:46:27.0231852Z   PLAYWRIGHT_SKIP_BROWSER_DOWNLOAD: 1
2026-03-06T20:46:27.0232155Z   PNPM_HOME: /home/runner/setup-pnpm/node_modules/.bin
2026-03-06T20:46:27.0232431Z   CI: true
2026-03-06T20:46:27.0232597Z ##[endgroup]
2026-03-06T20:46:27.3162416Z 
2026-03-06T20:46:27.3163024Z > svelte-monorepo@0.0.1 test /home/runner/work/svelte/svelte
2026-03-06T20:46:27.3165134Z > vitest run
2026-03-06T20:46:27.3165319Z 
2026-03-06T20:46:27.5957783Z 
2026-03-06T20:46:27.5959523Z [1m[7m[36m RUN [39m[27m[22m [36mv2.1.9 [39m[90m/home/runner/work/svelte/svelte[39m
2026-03-06T20:46:27.5960491Z 
2026-03-06T20:46:28.3945996Z  [32m✓[39m packages/svelte/src/internal/server/renderer.test.ts [2m([22m[2m44 tests[22m[2m)[22m[90m 35[2mms[22m[39m
2026-03-06T20:46:28.4530687Z  [32m✓[39m packages/svelte/tests/store/test.ts [2m([22m[2m33 tests[22m[2m)[22m[90m 119[2mms[22m[39m
2026-03-06T20:46:28.8799349Z  [32m✓[39m packages/svelte/src/reactivity/date.test.ts [2m([22m[2m17 tests[22m[2m)[22m[90m 31[2mms[22m[39m
2026-03-06T20:46:29.4436075Z  [32m✓[39m packages/svelte/tests/signals/test.ts [2m([22m[2m98 tests[22m[2m | [22m[33m2 skipped[39m[2m)[22m[33m 1102[2mms[22m[39m
2026-03-06T20:46:29.4438281Z    [33m[2m✓[22m[39m signals[2m > [22mschedules rerun when writing to signal before reading it (runes mode) [33m650[2mms[22m[39m
2026-03-06T20:46:29.4440640Z    [33m[2m✓[22m[39m signals[2m > [22mschedules rerun when updating deeply nested value (runes mode) [33m401[2mms[22m[39m
2026-03-06T20:46:30.2221224Z  [32m✓[39m packages/svelte/tests/css-parse.test.ts [2m([22m[2m16 tests[22m[2m)[22m[90m 9[2mms[22m[39m
2026-03-06T20:46:30.6384710Z  [32m✓[39m packages/svelte/src/reactivity/map.test.ts [2m([22m[2m10 tests[22m[2m)[22m[90m 14[2mms[22m[39m
2026-03-06T20:46:30.6989258Z  [32m✓[39m packages/svelte/tests/sourcemaps/test.ts [2m([22m[2m28 tests[22m[2m | [22m[33m2 skipped[39m[2m)[22m[90m 276[2mms[22m[39m
2026-03-06T20:46:30.9790637Z  [32m✓[39m packages/svelte/src/internal/shared/clone.test.ts [2m([22m[2m11 tests[22m[2m)[22m[90m 9[2mms[22m[39m
2026-03-06T20:46:31.0583747Z  [32m✓[39m packages/svelte/src/reactivity/url-search-params.test.ts [2m([22m[2m8 tests[22m[2m)[22m[90m 9[2mms[22m[39m
2026-03-06T20:46:31.8107548Z  [32m✓[39m packages/svelte/tests/parser-modern/test.ts [2m([22m[2m24 tests[22m[2m)[22m[90m 221[2mms[22m[39m
2026-03-06T20:46:32.3409791Z  [32m✓[39m packages/svelte/tests/validator/test.ts [2m([22m[2m330 tests[22m[2m | [22m[33m4 skipped[39m[2m)[22m[33m 771[2mms[22m[39m
2026-03-06T20:46:32.4922819Z  [32m✓[39m packages/svelte/src/reactivity/url.test.ts [2m([22m[2m5 tests[22m[2m)[22m[90m 12[2mms[22m[39m
2026-03-06T20:46:32.7943162Z  [32m✓[39m packages/svelte/src/internal/client/proxy.test.ts [2m([22m[2m8 tests[22m[2m)[22m[90m 12[2mms[22m[39m
2026-03-06T20:46:33.0229469Z  [32m✓[39m packages/svelte/src/reactivity/set.test.ts [2m([22m[2m6 tests[22m[2m)[22m[90m 11[2mms[22m[39m
2026-03-06T20:46:34.7173530Z  [32m✓[39m packages/svelte/tests/snapshot/test.ts [2m([22m[2m31 tests[22m[2m)[22m[33m 497[2mms[22m[39m
2026-03-06T20:46:34.9358395Z  [32m✓[39m packages/svelte/tests/compiler-errors/test.ts [2m([22m[2m145 tests[22m[2m)[22m[33m 354[2mms[22m[39m
2026-03-06T20:46:36.3105999Z  [32m✓[39m packages/svelte/tests/preprocess/test.ts [2m([22m[2m19 tests[22m[2m)[22m[90m 43[2mms[22m[39m
2026-03-06T20:46:36.6394836Z  [32m✓[39m packages/svelte/tests/migrate/test.ts [2m([22m[2m76 tests[22m[2m)[22m[33m 448[2mms[22m[39m
2026-03-06T20:46:37.9330376Z  [32m✓[39m packages/svelte/tests/print/test.ts [2m([22m[2m40 tests[22m[2m)[22m[90m 147[2mms[22m[39m
2026-03-06T20:46:38.2563266Z  [32m✓[39m packages/svelte/tests/parser-legacy/test.ts [2m([22m[2m83 tests[22m[2m | [22m[33m1 skipped[39m[2m)[22m[90m 197[2mms[22m[39m
2026-03-06T20:46:38.4043892Z  [32m✓[39m packages/svelte/src/internal/server/crypto.test.ts [2m([22m[2m5 tests[22m[2m)[22m[90m 16[2mms[22m[39m
2026-03-06T20:46:41.2268175Z  [32m✓[39m packages/svelte/tests/runtime-browser/test.ts [2m([22m[2m89 tests[22m[2m)[22m[33m 10597[2mms[22m[39m
2026-03-06T20:46:41.2270859Z    [33m[2m✓[22m[39m runtime-browser[2m > [22mbind-muted (dom) [33m1035[2mms[22m[39m
2026-03-06T20:46:41.2272884Z    [33m[2m✓[22m[39m runtime-browser[2m > [22mbind-playbackrate (dom) [33m953[2mms[22m[39m
2026-03-06T20:46:41.2274744Z    [33m[2m✓[22m[39m runtime-browser[2m > [22mbind-volume (dom) [33m1036[2mms[22m[39m
2026-03-06T20:46:41.2277045Z    [33m[2m✓[22m[39m runtime-browser[2m > [22mbinding-files (dom) [33m815[2mms[22m[39m
2026-03-06T20:46:41.2279111Z    [33m[2m✓[22m[39m runtime-browser[2m > [22mbinding-files (hydrate) [33m1013[2mms[22m[39m
2026-03-06T20:46:41.2281372Z    [33m[2m✓[22m[39m runtime-browser[2m > [22mbinding-width-height-initialize (hydrate) [33m1222[2mms[22m[39m
2026-03-06T20:46:41.2283541Z    [33m[2m✓[22m[39m runtime-browser[2m > [22mbinding-width-height-this-timing (dom) [33m413[2mms[22m[39m
2026-03-06T20:46:41.2284904Z    [33m[2m✓[22m[39m runtime-browser[2m > [22mbinding-width-height-this-timing (hydrate) [33m1017[2mms[22m[39m
2026-03-06T20:46:41.2286221Z    [33m[2m✓[22m[39m runtime-browser[2m > [22mbrowser-events-ending-with-capture (dom) [33m396[2mms[22m[39m
2026-03-06T20:46:41.2287043Z    [33m[2m✓[22m[39m runtime-browser[2m > [22mbrowser-events-ending-with-capture (hydrate) [33m1013[2mms[22m[39m
2026-03-06T20:46:41.2287835Z    [33m[2m✓[22m[39m runtime-browser[2m > [22mcomponent-css-custom-properties (dom) [33m301[2mms[22m[39m
2026-03-06T20:46:41.2288636Z    [33m[2m✓[22m[39m runtime-browser[2m > [22mcomponent-css-custom-properties (hydrate) [33m750[2mms[22m[39m
2026-03-06T20:46:41.2289676Z    [33m[2m✓[22m[39m runtime-browser[2m > [22mcomponent-css-custom-properties-dynamic (dom) [33m328[2mms[22m[39m
2026-03-06T20:46:41.2290839Z    [33m[2m✓[22m[39m runtime-browser[2m > [22mcomponent-css-custom-properties-dynamic (hydrate) [33m993[2mms[22m[39m
2026-03-06T20:46:41.2292282Z    [33m[2m✓[22m[39m runtime-browser[2m > [22mcomponent-css-custom-properties-dynamic-svg (dom) [33m346[2mms[22m[39m
2026-03-06T20:46:41.2293786Z    [33m[2m✓[22m[39m runtime-browser[2m > [22mcomponent-css-custom-properties-dynamic-svg (hydrate) [33m907[2mms[22m[39m
2026-03-06T20:46:41.2295307Z    [33m[2m✓[22m[39m runtime-browser[2m > [22mcomponent-event-handler-contenteditable-false (hydrate) [33m765[2mms[22m[39m
2026-03-06T20:46:41.2297782Z    [33m[2m✓[22m[39m runtime-browser[2m > [22mcomponent-slot-binding-dimensions (dom) [33m328[2mms[22m[39m
2026-03-06T20:46:41.2299256Z    [33m[2m✓[22m[39m runtime-browser[2m > [22mcomponent-slot-binding-dimensions (hydrate) [33m713[2mms[22m[39m
2026-03-06T20:46:41.2300502Z    [33m[2m✓[22m[39m runtime-browser[2m > [22mcss-props-dynamic-component (dom) [33m401[2mms[22m[39m
2026-03-06T20:46:41.2301775Z    [33m[2m✓[22m[39m runtime-browser[2m > [22mcss-props-dynamic-component (hydrate) [33m1023[2mms[22m[39m
2026-03-06T20:46:41.2303159Z    [33m[2m✓[22m[39m runtime-browser[2m > [22mdynamic-element-custom-element (dom) [33m350[2mms[22m[39m
2026-03-06T20:46:41.2304519Z    [33m[2m✓[22m[39m runtime-browser[2m > [22mfine-grained-hydration-clean-attr (dom) [33m354[2mms[22m[39m
2026-03-06T20:46:41.2306070Z    [33m[2m✓[22m[39m runtime-browser[2m > [22mfine-grained-hydration-clean-attr (hydrate) [33m922[2mms[22m[39m
2026-03-06T20:46:41.2307497Z    [33m[2m✓[22m[39m runtime-browser[2m > [22mhead-script (dom) [33m339[2mms[22m[39m
2026-03-06T20:46:41.2308780Z    [33m[2m✓[22m[39m runtime-browser[2m > [22mhead-script (hydrate) [33m853[2mms[22m[39m
2026-03-06T20:46:41.2310334Z    [33m[2m✓[22m[39m runtime-browser[2m > [22mhead-scripts (dom) [33m341[2mms[22m[39m
2026-03-06T20:46:41.2311396Z    [33m[2m✓[22m[39m runtime-browser[2m > [22mhtml-tag-script-2 (dom) [33m435[2mms[22m[39m
2026-03-06T20:46:41.2312557Z    [33m[2m✓[22m[39m runtime-browser[2m > [22mhydrate-large-text-node (dom) [33m384[2mms[22m[39m
2026-03-06T20:46:41.2313755Z    [33m[2m✓[22m[39m runtime-browser[2m > [22mhydrate-large-text-node (hydrate) [33m964[2mms[22m[39m
2026-03-06T20:46:41.2315333Z    [33m[2m✓[22m[39m runtime-browser[2m > [22minline-style-directive-important (hydrate) [33m1074[2mms[22m[39m
2026-03-06T20:46:41.2316660Z    [33m[2m✓[22m[39m runtime-browser[2m > [22minline-style-directive-precedence (dom) [33m302[2mms[22m[39m
2026-03-06T20:46:41.2318116Z    [33m[2m✓[22m[39m runtime-browser[2m > [22minline-style-directive-precedence (hydrate) [33m934[2mms[22m[39m
2026-03-06T20:46:41.2319599Z    [33m[2m✓[22m[39m runtime-browser[2m > [22minline-style-directive-update-with-spread (hydrate) [33m863[2mms[22m[39m
2026-03-06T20:46:41.2320844Z    [33m[2m✓[22m[39m runtime-browser[2m > [22mmount-in-iframe (hydrate) [33m1061[2mms[22m[39m
2026-03-06T20:46:41.2322003Z    [33m[2m✓[22m[39m runtime-browser[2m > [22msole-script-tag (dom) [33m473[2mms[22m[39m
2026-03-06T20:46:41.2323417Z    [33m[2m✓[22m[39m runtime-browser[2m > [22msvelte-component-css-custom-properties (dom) [33m346[2mms[22m[39m
2026-03-06T20:46:41.2325023Z    [33m[2m✓[22m[39m runtime-browser[2m > [22msvelte-component-css-custom-properties (hydrate) [33m955[2mms[22m[39m
2026-03-06T20:46:41.2326878Z    [33m[2m✓[22m[39m runtime-browser[2m > [22msvelte-component-css-custom-properties-dynamic (dom) [33m316[2mms[22m[39m
2026-03-06T20:46:41.2328664Z    [33m[2m✓[22m[39m runtime-browser[2m > [22msvelte-component-css-custom-properties-dynamic (hydrate) [33m987[2mms[22m[39m
2026-03-06T20:46:41.2330500Z    [33m[2m✓[22m[39m runtime-browser[2m > [22msvelte-component-css-custom-properties2 (dom) [33m387[2mms[22m[39m
2026-03-06T20:46:41.2332176Z    [33m[2m✓[22m[39m runtime-browser[2m > [22msvelte-component-css-custom-properties2 (hydrate) [33m1043[2mms[22m[39m
2026-03-06T20:46:41.2334021Z    [33m[2m✓[22m[39m runtime-browser[2m > [22msvelte-self-css-custom-properties (hydrate) [33m940[2mms[22m[39m
2026-03-06T20:46:41.2335489Z    [33m[2m✓[22m[39m runtime-browser[2m > [22msvelte-self-css-custom-properties-dynamic (dom) [33m345[2mms[22m[39m
2026-03-06T20:46:41.2336931Z    [33m[2m✓[22m[39m runtime-browser[2m > [22msvelte-self-css-custom-properties-dynamic (hydrate) [33m963[2mms[22m[39m
2026-03-06T20:46:41.2338340Z    [33m[2m✓[22m[39m runtime-browser[2m > [22msvelte-self-css-custom-properties2 (dom) [33m420[2mms[22m[39m
2026-03-06T20:46:41.2339773Z    [33m[2m✓[22m[39m runtime-browser[2m > [22msvelte-self-css-custom-properties2 (hydrate) [33m985[2mms[22m[39m
2026-03-06T20:46:41.2340897Z    [33m[2m✓[22m[39m custom-elements[2m > [22m$$props [33m378[2mms[22m[39m
2026-03-06T20:46:41.2341760Z    [33m[2m✓[22m[39m custom-elements[2m > [22m$$slot [33m323[2mms[22m[39m
2026-03-06T20:46:41.2342853Z    [33m[2m✓[22m[39m custom-elements[2m > [22m$$slot-dynamic-content [33m438[2mms[22m[39m
2026-03-06T20:46:41.2343799Z    [33m[2m✓[22m[39m custom-elements[2m > [22maction [33m451[2mms[22m[39m
2026-03-06T20:46:41.2344744Z    [33m[2m✓[22m[39m custom-elements[2m > [22mcamel-case-attribute [33m594[2mms[22m[39m
2026-03-06T20:46:41.2345732Z    [33m[2m✓[22m[39m custom-elements[2m > [22mce-options-valid [33m383[2mms[22m[39m
2026-03-06T20:46:41.2346727Z    [33m[2m✓[22m[39m custom-elements[2m > [22mclosed-shadow-dom [33m339[2mms[22m[39m
2026-03-06T20:46:41.2347961Z    [33m[2m✓[22m[39m custom-elements[2m > [22mcustom-class [33m373[2mms[22m[39m
2026-03-06T20:46:41.2349217Z    [33m[2m✓[22m[39m custom-elements[2m > [22mcustom-method [33m459[2mms[22m[39m
2026-03-06T20:46:41.2350298Z    [33m[2m✓[22m[39m custom-elements[2m > [22meffect-sequence [33m463[2mms[22m[39m
2026-03-06T20:46:41.2351449Z    [33m[2m✓[22m[39m custom-elements[2m > [22melement-effect-context [33m496[2mms[22m[39m
2026-03-06T20:46:41.2352723Z    [33m[2m✓[22m[39m custom-elements[2m > [22mescaped-css [33m361[2mms[22m[39m
2026-03-06T20:46:41.2353707Z    [33m[2m✓[22m[39m custom-elements[2m > [22mevents [33m373[2mms[22m[39m
2026-03-06T20:46:41.2354721Z    [33m[2m✓[22m[39m custom-elements[2m > [22mevents-slotted [33m302[2mms[22m[39m
2026-03-06T20:46:41.2355763Z    [33m[2m✓[22m[39m custom-elements[2m > [22mextend-with-ts [33m330[2mms[22m[39m
2026-03-06T20:46:41.2356850Z    [33m[2m✓[22m[39m custom-elements[2m > [22mextended-builtin [33m341[2mms[22m[39m
2026-03-06T20:46:41.2357854Z    [33m[2m✓[22m[39m custom-elements[2m > [22mhost-rune [33m383[2mms[22m[39m
2026-03-06T20:46:41.2359074Z    [33m[2m✓[22m[39m custom-elements[2m > [22mhtml [33m337[2mms[22m[39m
2026-03-06T20:46:41.2359960Z    [33m[2m✓[22m[39m custom-elements[2m > [22mhtml-slots [33m319[2mms[22m[39m
2026-03-06T20:46:41.2360851Z    [33m[2m✓[22m[39m custom-elements[2m > [22mnested [33m343[2mms[22m[39m
2026-03-06T20:46:41.2361688Z    [33m[2m✓[22m[39m custom-elements[2m > [22mnew-styled [33m395[2mms[22m[39m
2026-03-06T20:46:41.2366245Z    [33m[2m✓[22m[39m custom-elements[2m > [22mno-shadow-dom [33m358[2mms[22m[39m
2026-03-06T20:46:41.2367232Z    [33m[2m✓[22m[39m custom-elements[2m > [22mno-tag [33m327[2mms[22m[39m
2026-03-06T20:46:41.2368131Z    [33m[2m✓[22m[39m custom-elements[2m > [22mno-tag-ce-options [33m304[2mms[22m[39m
2026-03-06T20:46:41.2369250Z    [33m[2m✓[22m[39m custom-elements[2m > [22moncreate [33m301[2mms[22m[39m
2026-03-06T20:46:41.2370235Z    [33m[2m✓[22m[39m custom-elements[2m > [22mpropagate-prop-changes [33m306[2mms[22m[39m
2026-03-06T20:46:41.2371187Z    [33m[2m✓[22m[39m custom-elements[2m > [22mprops [33m372[2mms[22m[39m
2026-03-06T20:46:41.2372368Z    [33m[2m✓[22m[39m custom-elements[2m > [22mprops-rune-attributes [33m422[2mms[22m[39m
2026-03-06T20:46:41.2373379Z    [33m[2m✓[22m[39m custom-elements[2m > [22mreflect-attributes [33m339[2mms[22m[39m
2026-03-06T20:46:43.1521676Z  [32m✓[39m packages/svelte/tests/server-side-rendering/test.ts [2m([22m[2m219 tests[22m[2m | [22m[33m3 skipped[39m[2m)[22m[33m 1308[2mms[22m[39m
2026-03-06T20:46:43.5440973Z  [32m✓[39m packages/svelte/tests/hydration/test.ts [2m([22m[2m79 tests[22m[2m)[22m[33m 1487[2mms[22m[39m
2026-03-06T20:46:44.3727841Z  [32m✓[39m packages/svelte/tests/motion/test.ts [2m([22m[2m8 tests[22m[2m)[22m[90m 6[2mms[22m[39m
2026-03-06T20:46:44.9194241Z  [32m✓[39m packages/svelte/tests/css/test.ts [2m([22m[2m180 tests[22m[2m)[22m[33m 2339[2mms[22m[39m
2026-03-06T20:46:45.3415724Z  [32m✓[39m packages/svelte/tests/runtime-browser/test-ssr.ts [2m([22m[2m31 tests[22m[2m)[22m[33m 498[2mms[22m[39m
2026-03-06T20:46:45.8331641Z  [32m✓[39m packages/svelte/tests/runtime-production/test.ts [2m([22m[2m12 tests[22m[2m)[22m[90m 271[2mms[22m[39m
2026-03-06T20:46:47.5665025Z  [32m✓[39m packages/svelte/tests/runtime-xhtml/test.ts [2m([22m[2m25 tests[22m[2m)[22m[33m 535[2mms[22m[39m
2026-03-06T20:46:51.5983472Z [90mstderr[2m | packages/svelte/tests/runtime-runes/test.ts[2m > [22m[2masync-if-after-await-in-script (hydrate)
2026-03-06T20:46:51.5984526Z [22m[39m[svelte] hydration_mismatch
2026-03-06T20:46:51.5985342Z Hydration failed because the initial UI does not match what was rendered on the server
2026-03-06T20:46:51.5986427Z https://svelte.dev/e/hydration_mismatch
2026-03-06T20:46:51.5986700Z 
2026-03-06T20:47:10.3692018Z  [32m✓[39m packages/svelte/tests/runtime-legacy/test.ts [2m([22m[2m3304 tests[22m[2m | [22m[33m10 skipped[39m[2m)[22m[33m 21558[2mms[22m[39m
2026-03-06T20:47:21.9575050Z  [31m❯[39m packages/svelte/tests/runtime-runes/test.ts [2m([22m[2m2425 tests[22m[2m | [22m[31m23 failed[39m[2m | [22m[33m39 skipped[39m[2m)[22m[33m 33446[2mms[22m[39m
2026-03-06T20:47:21.9576392Z [31m   [31m×[31m async-abort-signal (dom)[90m 31[2mms[22m[31m[39m
2026-03-06T20:47:21.9577035Z [31m     → expected [] to deeply equal [ 'aborted' ][39m
2026-03-06T20:47:21.9577727Z [31m   [31m×[31m async-abort-signal (hydrate)[90m 7[2mms[22m[31m[39m
2026-03-06T20:47:21.9578490Z [31m     → expected [] to deeply equal [ 'aborted' ][39m
2026-03-06T20:47:21.9579649Z [31m   [31m×[31m async-binding-update-while-focused-2 (dom)[90m 21[2mms[22m[31m[39m
2026-03-06T20:47:21.9580681Z [31m     → expected '<button>shift</button>\n<input type="…' to deeply equal '<button>shift</button>\n<input type="…'[39m
2026-03-06T20:47:21.9581710Z [31m   [31m×[31m async-binding-update-while-focused-2 (hydrate)[90m 13[2mms[22m[31m[39m
2026-03-06T20:47:21.9583126Z [31m     → expected '<button>shift</button>\n<input type="…' to deeply equal '<button>shift</button>\n<input type="…'[39m
2026-03-06T20:47:21.9584450Z [31m   [31m×[31m async-binding-update-while-focused-3 (dom)[90m 28[2mms[22m[31m[39m
2026-03-06T20:47:21.9585859Z [31m     → expected '<button>shift</button>\n<select>\n  <…' to deeply equal '<button>shift</button>\n<select>\n  <…'[39m
2026-03-06T20:47:21.9587276Z [31m   [31m×[31m async-binding-update-while-focused-3 (hydrate)[90m 17[2mms[22m[31m[39m
2026-03-06T20:47:21.9588758Z [31m     → expected '<button>shift</button>\n<select>\n  <…' to deeply equal '<button>shift</button>\n<select>\n  <…'[39m
2026-03-06T20:47:21.9589946Z [31m   [31m×[31m async-boundary-nav-race (dom)[90m 23[2mms[22m[31m[39m
2026-03-06T20:47:21.9590730Z [31m     → expected '<button>a</button>\n<button>b</button…' to deeply equal '<button>a</button>\n<button>b</button…'[39m
2026-03-06T20:47:21.9591440Z [31m   [31m×[31m async-boundary-nav-race (hydrate)[90m 16[2mms[22m[31m[39m
2026-03-06T20:47:21.9592182Z [31m     → expected '<button>a</button>\n<button>b</button…' to deeply equal '<button>a</button>\n<button>b</button…'[39m
2026-03-06T20:47:21.9592867Z [31m   [31m×[31m async-boundary-pending-live (dom)[90m 13[2mms[22m[31m[39m
2026-03-06T20:47:21.9593623Z [31m     → expected '<button>increment</button>\n<button>s…' to deeply equal '<button>increment</button>\n<button>s…'[39m
2026-03-06T20:47:21.9594280Z [31m   [31m×[31m async-child-effect (dom)[90m 19[2mms[22m[31m[39m
2026-03-06T20:47:21.9594996Z [31m     → expected '<button>shift</button>\n<button>+</bu…' to deeply equal '<button>shift</button>\n<button>+</bu…'[39m
2026-03-06T20:47:21.9595653Z [31m   [31m×[31m async-child-effect (hydrate)[90m 11[2mms[22m[31m[39m
2026-03-06T20:47:21.9596371Z [31m     → expected '<button>shift</button>\n<button>+</bu…' to deeply equal '<button>shift</button>\n<button>+</bu…'[39m
2026-03-06T20:47:21.9597102Z [31m   [31m×[31m async-derived-in-multiple-effects (dom)[90m 16[2mms[22m[31m[39m
2026-03-06T20:47:21.9597596Z [31m     → expected [] to deeply equal [ 5 ][39m
2026-03-06T20:47:21.9598088Z [31m   [31m×[31m async-derived-unchanging (dom)[90m 20[2mms[22m[31m[39m
2026-03-06T20:47:21.9598546Z [31m     → expected '0: 0' to equal '1: 1'[39m
2026-03-06T20:47:21.9599211Z [31m   [31m×[31m async-derived-unchanging (hydrate)[90m 9[2mms[22m[31m[39m
2026-03-06T20:47:21.9599681Z [31m     → expected '0: 0' to equal '1: 1'[39m
2026-03-06T20:47:21.9600148Z [31m   [31m×[31m async-derived-unowned (dom)[90m 18[2mms[22m[31m[39m
2026-03-06T20:47:21.9600753Z [31m     → expected '<button>0</button>' to deeply equal '<button>1</button>\n<p>2</p>'[39m
2026-03-06T20:47:21.9603355Z [31m   [31m×[31m async-each-preserve-pending (dom)[90m 17[2mms[22m[31m[39m
2026-03-06T20:47:21.9604384Z [31m     → expected '<button>add</button>\n<button>shift</…' to deeply equal '<button>add</button>\n<button>shift</…'[39m
2026-03-06T20:47:21.9605546Z [31m   [31m×[31m async-each-preserve-pending (hydrate)[90m 13[2mms[22m[31m[39m
2026-03-06T20:47:21.9606666Z [31m     → expected '<button>add</button>\n<button>shift</…' to deeply equal '<button>add</button>\n<button>shift</…'[39m
2026-03-06T20:47:21.9607547Z [31m   [31m×[31m async-if (dom)[90m 19[2mms[22m[31m[39m
2026-03-06T20:47:21.9608548Z [31m     → expected '<button>shift</button>\n<button>true<…' to deeply equal '<button>shift</button>\n<button>true<…'[39m
2026-03-06T20:47:21.9609838Z [31m   [31m×[31m async-if (hydrate)[90m 13[2mms[22m[31m[39m
2026-03-06T20:47:21.9610977Z [31m     → expected '<button>shift</button>\n<button>true<…' to deeply equal '<button>shift</button>\n<button>true<…'[39m
2026-03-06T20:47:21.9612215Z [31m   [31m×[31m async-linear-order-same-derived (dom)[90m 16[2mms[22m[31m[39m
2026-03-06T20:47:21.9613120Z [31m     → expected '2 + 3 = 5' to deeply equal '1 + 3 = 4'[39m
2026-03-06T20:47:21.9614067Z [31m   [31m×[31m async-linear-order-same-derived (hydrate)[90m 7[2mms[22m[31m[39m
2026-03-06T20:47:21.9615000Z [31m     → expected '2 + 3 = 5' to deeply equal '1 + 3 = 4'[39m
2026-03-06T20:47:21.9615828Z [31m   [31m×[31m async-state-eager (dom)[90m 19[2mms[22m[31m[39m
2026-03-06T20:47:21.9617061Z [31m     → expected '<button>3</button>\n<button>shift</bu…' to deeply equal '<button>3</button>\n<button>shift</bu…'[39m
2026-03-06T20:47:21.9618209Z [31m   [31m×[31m async-state-eager (hydrate)[90m 16[2mms[22m[31m[39m
2026-03-06T20:47:21.9619588Z [31m     → expected '<button>3</button>\n<button>shift</bu…' to deeply equal '<button>3</button>\n<button>shift</bu…'[39m
2026-03-06T20:47:21.9620673Z    [33m[2m✓[22m[39m effect-loop-3 (dom) [33m398[2mms[22m[39m
2026-03-06T20:47:21.9621406Z    [33m[2m✓[22m[39m effect-loop-3 (hydrate) [33m374[2mms[22m[39m
2026-03-06T20:47:21.9622129Z    [33m[2m✓[22m[39m effect-loop-infinite (dom) [33m436[2mms[22m[39m
2026-03-06T20:47:21.9622909Z    [33m[2m✓[22m[39m effect-loop-infinite (hydrate) [33m420[2mms[22m[39m
2026-03-06T20:47:21.9623644Z    [33m[2m✓[22m[39m error-boundary-20 (dom) [33m410[2mms[22m[39m
2026-03-06T20:47:21.9624387Z    [33m[2m✓[22m[39m error-boundary-20 (hydrate) [33m423[2mms[22m[39m
2026-03-06T20:47:21.9625148Z    [33m[2m✓[22m[39m mount-unmount-anchor (dom) [33m6490[2mms[22m[39m
2026-03-06T20:47:21.9625921Z    [33m[2m✓[22m[39m mount-unmount-anchor (hydrate) [33m5197[2mms[22m[39m
2026-03-06T20:47:22.0356610Z 
2026-03-06T20:47:22.0394139Z [31m⎯⎯⎯⎯⎯⎯[1m[7m Failed Tests 23 [27m[22m⎯⎯⎯⎯⎯⎯⎯[39m
2026-03-06T20:47:22.0394579Z 
2026-03-06T20:47:22.0397850Z [31m[1m[7m FAIL [27m[22m[39m packages/svelte/tests/runtime-runes/test.ts[2m > [22masync-abort-signal (dom)
2026-03-06T20:47:22.0399757Z [31m[1m[7m FAIL [27m[22m[39m packages/svelte/tests/runtime-runes/test.ts[2m > [22masync-abort-signal (hydrate)
2026-03-06T20:47:22.0418151Z [31m[1mAssertionError[22m: expected [] to deeply equal [ 'aborted' ][39m
2026-03-06T20:47:22.0418626Z 
2026-03-06T20:47:22.0419172Z [2mCompared values have no visual difference.[22m
2026-03-06T20:47:22.0419539Z 
2026-03-06T20:47:22.0420493Z [36m [2m❯[22m Object.test packages/svelte/tests/runtime-runes/samples/async-abort-signal/_config.js:[2m10:10[22m[39m
2026-03-06T20:47:22.0558295Z     [90m  8| [39m  reset[33m.[39m[34mclick[39m()[33m;[39m
2026-03-06T20:47:22.0559853Z     [90m  9| [39m  [35mawait[39m [34mtick[39m()[33m;[39m
2026-03-06T20:47:22.0560952Z     [90m 10| [39m  assert[33m.[39m[34mdeepEqual[39m(logs[33m,[39m [[32m'aborted'[39m])[33m;[39m
2026-03-06T20:47:22.0561757Z     [90m   | [39m         [31m^[39m
2026-03-06T20:47:22.0562211Z     [90m 11| [39m
2026-03-06T20:47:22.0563126Z     [90m 12| [39m  resolve[33m.[39m[34mclick[39m()[33m;[39m
2026-03-06T20:47:22.0564341Z [90m [2m❯[22m run_test_variant packages/svelte/tests/runtime-legacy/shared.ts:[2m515:6[22m[39m
2026-03-06T20:47:22.0565849Z [90m [2m❯[22m packages/svelte/tests/runtime-legacy/shared.ts:[2m207:4[22m[39m
2026-03-06T20:47:22.0566360Z 
2026-03-06T20:47:22.0566798Z [31m[2m⎯⎯⎯⎯⎯⎯⎯⎯⎯⎯⎯⎯⎯⎯⎯⎯⎯⎯⎯⎯⎯⎯⎯[1/23]⎯[22m[39m
2026-03-06T20:47:22.0567114Z 
2026-03-06T20:47:22.0568167Z [31m[1m[7m FAIL [27m[22m[39m packages/svelte/tests/runtime-runes/test.ts[2m > [22masync-binding-update-while-focused-2 (dom)
2026-03-06T20:47:22.0570318Z [31m[1m[7m FAIL [27m[22m[39m packages/svelte/tests/runtime-runes/test.ts[2m > [22masync-binding-update-while-focused-2 (hydrate)
2026-03-06T20:47:22.0572184Z [31m[1mAssertionError[22m: expected '<button>shift</button>\n<input type="…' to deeply equal '<button>shift</button>\n<input type="…'[39m
2026-03-06T20:47:22.0577229Z 
2026-03-06T20:47:22.0577569Z [32m- Expected[39m
2026-03-06T20:47:22.0578007Z [31m+ Received[39m
2026-03-06T20:47:22.0578174Z 
2026-03-06T20:47:22.0578440Z [2m  <button>shift</button>[22m
2026-03-06T20:47:22.0578827Z [2m  <input type="number">[22m
2026-03-06T20:47:22.0579371Z [32m- <p>[7m1[27m</p>[39m
2026-03-06T20:47:22.0579649Z [31m+ <p>[7m0[27m</p>[39m
2026-03-06T20:47:22.0579786Z 
2026-03-06T20:47:22.0580435Z [36m [2m❯[22m Object.test packages/svelte/tests/runtime-runes/samples/async-binding-update-while-focused-2/_config.js:[2m30:10[22m[39m
2026-03-06T20:47:22.0596440Z     [90m 28| [39m  shift[33m.[39m[34mclick[39m()[33m;[39m
2026-03-06T20:47:22.0597188Z     [90m 29| [39m  [35mawait[39m [34mtick[39m()[33m;[39m
2026-03-06T20:47:22.0598462Z     [90m 30| [39m  assert[33m.[39m[34mhtmlEqual[39m(target[33m.[39minnerHTML[33m,[39m [32m`<button>shift</button><input typ[39m…
2026-03-06T20:47:22.0599674Z     [90m   | [39m         [31m^[39m
2026-03-06T20:47:22.0600654Z     [90m 31| [39m  assert[33m.[39m[34mequal[39m(input[33m.[39mvalue[33m,[39m [32m'2'[39m)[33m;[39m
2026-03-06T20:47:22.0601416Z     [90m 32| [39m
2026-03-06T20:47:22.0602393Z [90m [2m❯[22m run_test_variant packages/svelte/tests/runtime-legacy/shared.ts:[2m515:6[22m[39m
2026-03-06T20:47:22.0603608Z [90m [2m❯[22m packages/svelte/tests/runtime-legacy/shared.ts:[2m207:4[22m[39m
2026-03-06T20:47:22.0603988Z 
2026-03-06T20:47:22.0604217Z [31m[2m⎯⎯⎯⎯⎯⎯⎯⎯⎯⎯⎯⎯⎯⎯⎯⎯⎯⎯⎯⎯⎯⎯⎯[2/23]⎯[22m[39m
2026-03-06T20:47:22.0604454Z 
2026-03-06T20:47:22.0605408Z [31m[1m[7m FAIL [27m[22m[39m packages/svelte/tests/runtime-runes/test.ts[2m > [22masync-binding-update-while-focused-3 (dom)
2026-03-06T20:47:22.0606457Z [31m[1m[7m FAIL [27m[22m[39m packages/svelte/tests/runtime-runes/test.ts[2m > [22masync-binding-update-while-focused-3 (hydrate)
2026-03-06T20:47:22.0607629Z [31m[1mAssertionError[22m: expected '<button>shift</button>\n<select>\n  <…' to deeply equal '<button>shift</button>\n<select>\n  <…'[39m
2026-03-06T20:47:22.0608091Z 
2026-03-06T20:47:22.0608216Z [32m- Expected[39m
2026-03-06T20:47:22.0608462Z [31m+ Received[39m
2026-03-06T20:47:22.0608586Z 
2026-03-06T20:47:22.0608739Z [2m  <button>shift</button>[22m
2026-03-06T20:47:22.0609276Z [2m  <select>[22m
2026-03-06T20:47:22.0609735Z [2m    <option>one</option>[22m
2026-03-06T20:47:22.0610258Z [2m    <option>two</option>[22m
2026-03-06T20:47:22.0610837Z [2m    <option>three</option>[22m
2026-03-06T20:47:22.0611292Z [2m  </select>[22m
2026-03-06T20:47:22.0611714Z [32m- <p>t[7mhree[27m</p>[39m
2026-03-06T20:47:22.0612185Z [31m+ <p>t[7mwo[27m</p>[39m
2026-03-06T20:47:22.0612422Z 
2026-03-06T20:47:22.0613539Z [36m [2m❯[22m Object.test packages/svelte/tests/runtime-runes/samples/async-binding-update-while-focused-3/_config.js:[2m52:10[22m[39m
2026-03-06T20:47:22.0619768Z     [90m 50| [39m  shift[33m.[39m[34mclick[39m()[33m;[39m
2026-03-06T20:47:22.0621761Z     [90m 51| [39m  [35mawait[39m [34mtick[39m()[33m;[39m
2026-03-06T20:47:22.0623530Z     [90m 52| [39m  assert[33m.[39m[34mhtmlEqual[39m(
2026-03-06T20:47:22.0624146Z     [90m   | [39m         [31m^[39m
2026-03-06T20:47:22.0624925Z     [90m 53| [39m   target[33m.[39minnerHTML[33m,[39m
2026-03-06T20:47:22.0625522Z     [90m 54| [39m   [32m`
2026-03-06T20:47:22.0626553Z [90m [2m❯[22m run_test_variant packages/svelte/tests/runtime-legacy/shared.ts:[2m515:6[22m[39m
2026-03-06T20:47:22.0627784Z [90m [2m❯[22m packages/svelte/tests/runtime-legacy/shared.ts:[2m207:4[22m[39m
2026-03-06T20:47:22.0628306Z 
2026-03-06T20:47:22.0628717Z [31m[2m⎯⎯⎯⎯⎯⎯⎯⎯⎯⎯⎯⎯⎯⎯⎯⎯⎯⎯⎯⎯⎯⎯⎯[3/23]⎯[22m[39m
2026-03-06T20:47:22.0629234Z 
2026-03-06T20:47:22.0630233Z [31m[1m[7m FAIL [27m[22m[39m packages/svelte/tests/runtime-runes/test.ts[2m > [22masync-boundary-nav-race (dom)
2026-03-06T20:47:22.0631929Z [31m[1m[7m FAIL [27m[22m[39m packages/svelte/tests/runtime-runes/test.ts[2m > [22masync-boundary-nav-race (hydrate)
2026-03-06T20:47:22.0633635Z [31m[1mAssertionError[22m: expected '<button>a</button>\n<button>b</button…' to deeply equal '<button>a</button>\n<button>b</button…'[39m
2026-03-06T20:47:22.0634107Z 
2026-03-06T20:47:22.0634243Z [32m- Expected[39m
2026-03-06T20:47:22.0634498Z [31m+ Received[39m
2026-03-06T20:47:22.0634616Z 
2026-03-06T20:47:22.0634750Z [2m  <button>a</button>[22m
2026-03-06T20:47:22.0635023Z [2m  <button>b</button>[22m
2026-03-06T20:47:22.0635322Z [2m  <button>resolve a</button>[22m
2026-03-06T20:47:22.0635645Z [2m  <button>resolve b</button>[22m
2026-03-06T20:47:22.0635956Z [32m- <p>pending [7ma[27m</p>[39m
2026-03-06T20:47:22.0636268Z [31m+ <p>pending [7mb[27m</p>[39m
2026-03-06T20:47:22.0636436Z 
2026-03-06T20:47:22.0636988Z [36m [2m❯[22m Object.test packages/svelte/tests/runtime-runes/samples/async-boundary-nav-race/_config.js:[2m43:10[22m[39m
2026-03-06T20:47:22.0640086Z     [90m 41| [39m  a[33m.[39m[34mclick[39m()[33m;[39m
2026-03-06T20:47:22.0640813Z     [90m 42| [39m  [35mawait[39m [34mtick[39m()[33m;[39m
2026-03-06T20:47:22.0641542Z     [90m 43| [39m  assert[33m.[39m[34mhtmlEqual[39m(
2026-03-06T20:47:22.0642139Z     [90m   | [39m         [31m^[39m
2026-03-06T20:47:22.0642773Z     [90m 44| [39m   target[33m.[39minnerHTML[33m,[39m
2026-03-06T20:47:22.0643187Z     [90m 45| [39m   [32m`
2026-03-06T20:47:22.0643774Z [90m [2m❯[22m run_test_variant packages/svelte/tests/runtime-legacy/shared.ts:[2m515:6[22m[39m
2026-03-06T20:47:22.0645458Z [90m [2m❯[22m packages/svelte/tests/runtime-legacy/shared.ts:[2m207:4[22m[39m
2026-03-06T20:47:22.0646006Z 
2026-03-06T20:47:22.0646407Z [31m[2m⎯⎯⎯⎯⎯⎯⎯⎯⎯⎯⎯⎯⎯⎯⎯⎯⎯⎯⎯⎯⎯⎯⎯[4/23]⎯[22m[39m
2026-03-06T20:47:22.0646732Z 
2026-03-06T20:47:22.0647642Z [31m[1m[7m FAIL [27m[22m[39m packages/svelte/tests/runtime-runes/test.ts[2m > [22masync-boundary-pending-live (dom)
2026-03-06T20:47:22.0649118Z [31m[1mAssertionError[22m: expected '<button>increment</button>\n<button>s…' to deeply equal '<button>increment</button>\n<button>s…'[39m
2026-03-06T20:47:22.0649832Z 
2026-03-06T20:47:22.0650032Z [32m- Expected[39m
2026-03-06T20:47:22.0650432Z [31m+ Received[39m
2026-03-06T20:47:22.0650638Z 
2026-03-06T20:47:22.0650940Z [2m  <button>increment</button>[22m
2026-03-06T20:47:22.0651519Z [2m  <button>shift</button>[22m
2026-03-06T20:47:22.0652012Z [32m- <p>[7m1[27m</p>[39m
2026-03-06T20:47:22.0652458Z [31m+ <p>[7m0[27m</p>[39m
2026-03-06T20:47:22.0652706Z 
2026-03-06T20:47:22.0653765Z [36m [2m❯[22m Object.test packages/svelte/tests/runtime-runes/samples/async-boundary-pending-live/_config.js:[2m17:10[22m[39m
2026-03-06T20:47:22.0655992Z     [90m 15| [39m  [35mawait[39m [34mtick[39m()[33m;[39m
2026-03-06T20:47:22.0657459Z     [90m 16| [39m
2026-03-06T20:47:22.0658007Z     [90m 17| [39m  assert[33m.[39m[34mhtmlEqual[39m(
2026-03-06T20:47:22.0658590Z     [90m   | [39m         [31m^[39m
2026-03-06T20:47:22.0659316Z     [90m 18| [39m   target[33m.[39minnerHTML[33m,[39m
2026-03-06T20:47:22.0659840Z     [90m 19| [39m   [32m`
2026-03-06T20:47:22.0661197Z [90m [2m❯[22m run_test_variant packages/svelte/tests/runtime-legacy/shared.ts:[2m515:6[22m[39m
2026-03-06T20:47:22.0662488Z [90m [2m❯[22m packages/svelte/tests/runtime-legacy/shared.ts:[2m207:4[22m[39m
2026-03-06T20:47:22.0663020Z 
2026-03-06T20:47:22.0663274Z [31m[2m⎯⎯⎯⎯⎯⎯⎯⎯⎯⎯⎯⎯⎯⎯⎯⎯⎯⎯⎯⎯⎯⎯⎯[5/23]⎯[22m[39m
2026-03-06T20:47:22.0663469Z 
2026-03-06T20:47:22.0664051Z [31m[1m[7m FAIL [27m[22m[39m packages/svelte/tests/runtime-runes/test.ts[2m > [22masync-child-effect (dom)
2026-03-06T20:47:22.0666539Z [31m[1m[7m FAIL [27m[22m[39m packages/svelte/tests/runtime-runes/test.ts[2m > [22masync-child-effect (hydrate)
2026-03-06T20:47:22.0668278Z [31m[1mAssertionError[22m: expected '<button>shift</button>\n<button>+</bu…' to deeply equal '<button>shift</button>\n<button>+</bu…'[39m
2026-03-06T20:47:22.0669179Z 
2026-03-06T20:47:22.0669395Z [32m- Expected[39m
2026-03-06T20:47:22.0669798Z [31m+ Received[39m
2026-03-06T20:47:22.0670013Z 
2026-03-06T20:47:22.0670288Z [2m  <button>shift</button>[22m
2026-03-06T20:47:22.0670793Z [2m  <button>+</button>[22m
2026-03-06T20:47:22.0671279Z [32m- <p>A[7mA[27m</p>[39m
2026-03-06T20:47:22.0671741Z [31m+ <p>A</p>[39m
2026-03-06T20:47:22.0672214Z [32m- <p>a[7ma[27m</p>[39m
2026-03-06T20:47:22.0672657Z [31m+ <p>a</p>[39m
2026-03-06T20:47:22.0672871Z 
2026-03-06T20:47:22.0673844Z [36m [2m❯[22m Object.test packages/svelte/tests/runtime-runes/samples/async-child-effect/_config.js:[2m32:10[22m[39m
2026-03-06T20:47:22.0675061Z     [90m 30| [39m  [35mawait[39m [34mtick[39m()[33m;[39m
2026-03-06T20:47:22.0675627Z     [90m 31| [39m
2026-03-06T20:47:22.0676157Z     [90m 32| [39m  assert[33m.[39m[34mhtmlEqual[39m(
2026-03-06T20:47:22.0676742Z     [90m   | [39m         [31m^[39m
2026-03-06T20:47:22.0677369Z     [90m 33| [39m   target[33m.[39minnerHTML[33m,[39m
2026-03-06T20:47:22.0677881Z     [90m 34| [39m   [32m`
2026-03-06T20:47:22.0679164Z [90m [2m❯[22m run_test_variant packages/svelte/tests/runtime-legacy/shared.ts:[2m515:6[22m[39m
2026-03-06T20:47:22.0680389Z [90m [2m❯[22m packages/svelte/tests/runtime-legacy/shared.ts:[2m207:4[22m[39m
2026-03-06T20:47:22.0680858Z 
2026-03-06T20:47:22.0681213Z [31m[2m⎯⎯⎯⎯⎯⎯⎯⎯⎯⎯⎯⎯⎯⎯⎯⎯⎯⎯⎯⎯⎯⎯⎯[6/23]⎯[22m[39m
2026-03-06T20:47:22.0681513Z 
2026-03-06T20:47:22.0682458Z [31m[1m[7m FAIL [27m[22m[39m packages/svelte/tests/runtime-runes/test.ts[2m > [22masync-derived-in-multiple-effects (dom)
2026-03-06T20:47:22.0684696Z [31m[1mAssertionError[22m: expected [] to deeply equal [ 5 ][39m
2026-03-06T20:47:22.0685966Z 
2026-03-06T20:47:22.0693581Z [32m- Expected[39m
2026-03-06T20:47:22.0694834Z [31m+ Received[39m
2026-03-06T20:47:22.0695075Z 
2026-03-06T20:47:22.0695266Z [32m- Array [[39m
2026-03-06T20:47:22.0695648Z [32m-   5,[39m
2026-03-06T20:47:22.0696003Z [32m- ][39m
2026-03-06T20:47:22.0696325Z [31m+ Array [][39m
2026-03-06T20:47:22.0696526Z 
2026-03-06T20:47:22.0697966Z [36m [2m❯[22m Object.test packages/svelte/tests/runtime-runes/samples/async-derived-in-multiple-effects/_config.js:[2m10:10[22m[39m
2026-03-06T20:47:22.0699140Z     [90m  8| [39m  button[33m?.[39m[34mclick[39m()[33m;[39m
2026-03-06T20:47:22.0699757Z     [90m  9| [39m  [35mawait[39m [34mtick[39m()[33m;[39m
2026-03-06T20:47:22.0700443Z     [90m 10| [39m  assert[33m.[39m[34mdeepEqual[39m(logs[33m,[39m [[34m5[39m])[33m;[39m
2026-03-06T20:47:22.0701149Z     [90m   | [39m         [31m^[39m
2026-03-06T20:47:22.0701564Z     [90m 11| [39m
2026-03-06T20:47:22.0702117Z     [90m 12| [39m  button[33m?.[39m[34mclick[39m()[33m;[39m
2026-03-06T20:47:22.0702760Z [90m [2m❯[22m run_test_variant packages/svelte/tests/runtime-legacy/shared.ts:[2m515:6[22m[39m
2026-03-06T20:47:22.0703425Z [90m [2m❯[22m packages/svelte/tests/runtime-legacy/shared.ts:[2m207:4[22m[39m
2026-03-06T20:47:22.0703707Z 
2026-03-06T20:47:22.0703924Z [31m[2m⎯⎯⎯⎯⎯⎯⎯⎯⎯⎯⎯⎯⎯⎯⎯⎯⎯⎯⎯⎯⎯⎯⎯[7/23]⎯[22m[39m
2026-03-06T20:47:22.0704329Z 
2026-03-06T20:47:22.0704825Z [31m[1m[7m FAIL [27m[22m[39m packages/svelte/tests/runtime-runes/test.ts[2m > [22masync-derived-unchanging (dom)
2026-03-06T20:47:22.0705803Z [31m[1m[7m FAIL [27m[22m[39m packages/svelte/tests/runtime-runes/test.ts[2m > [22masync-derived-unchanging (hydrate)
2026-03-06T20:47:22.0706702Z [31m[1mAssertionError[22m: expected '0: 0' to equal '1: 1'[39m
2026-03-06T20:47:22.0707090Z 
2026-03-06T20:47:22.0707404Z Expected: [32m"[7m1[27m: [7m1[27m"[39m
2026-03-06T20:47:22.0708040Z Received: [31m"[7m0[27m: [7m0[27m"[39m
2026-03-06T20:47:22.0708356Z 
2026-03-06T20:47:22.0709496Z [36m [2m❯[22m Object.test packages/svelte/tests/runtime-runes/samples/async-derived-unchanging/_config.js:[2m30:11[22m[39m
2026-03-06T20:47:22.0710674Z     [90m 28| [39m   [35mawait[39m [34mtick[39m()[33m;[39m
2026-03-06T20:47:22.0711208Z     [90m 29| [39m
2026-03-06T20:47:22.0712738Z     [90m 30| [39m   assert[33m.[39m[34mequal[39m(p[33m.[39minnerHTML[33m,[39m [32m`[39m[36m${[39mi[36m}[39m[32m: [39m[36m${[39m[33mMath[39m[33m.[39m[34mmin[39m(i[33m,[39m [34m3[39m)[36m}[39m[32m`[39m)[33m;[39m
2026-03-06T20:47:22.0714141Z     [90m   | [39m          [31m^[39m
2026-03-06T20:47:22.0714597Z     [90m 31| [39m  }
2026-03-06T20:47:22.0714974Z     [90m 32| [39m }
2026-03-06T20:47:22.0715691Z [90m [2m❯[22m run_test_variant packages/svelte/tests/runtime-legacy/shared.ts:[2m515:6[22m[39m
2026-03-06T20:47:22.0716347Z [90m [2m❯[22m packages/svelte/tests/runtime-legacy/shared.ts:[2m207:4[22m[39m
2026-03-06T20:47:22.0716630Z 
2026-03-06T20:47:22.0716842Z [31m[2m⎯⎯⎯⎯⎯⎯⎯⎯⎯⎯⎯⎯⎯⎯⎯⎯⎯⎯⎯⎯⎯⎯⎯[8/23]⎯[22m[39m
2026-03-06T20:47:22.0717026Z 
2026-03-06T20:47:22.0717500Z [31m[1m[7m FAIL [27m[22m[39m packages/svelte/tests/runtime-runes/test.ts[2m > [22masync-derived-unowned (dom)
2026-03-06T20:47:22.0718653Z [31m[1mAssertionError[22m: expected '<button>0</button>' to deeply equal '<button>1</button>\n<p>2</p>'[39m
2026-03-06T20:47:22.0719410Z 
2026-03-06T20:47:22.0719604Z [32m- Expected[39m
2026-03-06T20:47:22.0719993Z [31m+ Received[39m
2026-03-06T20:47:22.0720193Z 
2026-03-06T20:47:22.0720495Z [32m- <button>[7m1[27m</button>[39m
2026-03-06T20:47:22.0721082Z [31m+ <button>[7m0[27m</button>[39m
2026-03-06T20:47:22.0721551Z [32m- <p>2</p>[39m
2026-03-06T20:47:22.0721751Z 
2026-03-06T20:47:22.0722753Z [36m [2m❯[22m Object.test packages/svelte/tests/runtime-runes/samples/async-derived-unowned/_config.js:[2m11:10[22m[39m
2026-03-06T20:47:22.0723870Z     [90m  9| [39m  [35mawait[39m [34mtick[39m()[33m;[39m
2026-03-06T20:47:22.0724395Z     [90m 10| [39m
2026-03-06T20:47:22.0724931Z     [90m 11| [39m  assert[33m.[39m[34mhtmlEqual[39m(
2026-03-06T20:47:22.0725488Z     [90m   | [39m         [31m^[39m
2026-03-06T20:47:22.0726109Z     [90m 12| [39m   target[33m.[39minnerHTML[33m,[39m
2026-03-06T20:47:22.0726648Z     [90m 13| [39m   [32m`
2026-03-06T20:47:22.0727253Z [90m [2m❯[22m run_test_variant packages/svelte/tests/runtime-legacy/shared.ts:[2m515:6[22m[39m
2026-03-06T20:47:22.0727932Z [90m [2m❯[22m packages/svelte/tests/runtime-legacy/shared.ts:[2m207:4[22m[39m
2026-03-06T20:47:22.0728245Z 
2026-03-06T20:47:22.0728473Z [31m[2m⎯⎯⎯⎯⎯⎯⎯⎯⎯⎯⎯⎯⎯⎯⎯⎯⎯⎯⎯⎯⎯⎯⎯[9/23]⎯[22m[39m
2026-03-06T20:47:22.0728651Z 
2026-03-06T20:47:22.0729345Z [31m[1m[7m FAIL [27m[22m[39m packages/svelte/tests/runtime-runes/test.ts[2m > [22masync-each-preserve-pending (dom)
2026-03-06T20:47:22.0730272Z [31m[1m[7m FAIL [27m[22m[39m packages/svelte/tests/runtime-runes/test.ts[2m > [22masync-each-preserve-pending (hydrate)
2026-03-06T20:47:22.0731269Z [31m[1mAssertionError[22m: expected '<button>add</button>\n<button>shift</…' to deeply equal '<button>add</button>\n<button>shift</…'[39m
2026-03-06T20:47:22.0731727Z 
2026-03-06T20:47:22.0731851Z [32m- Expected[39m
2026-03-06T20:47:22.0732091Z [31m+ Received[39m
2026-03-06T20:47:22.0732208Z 
2026-03-06T20:47:22.0732365Z [2m  <button>add</button>[22m
2026-03-06T20:47:22.0732880Z [2m  <button>shift</button>[22m
2026-03-06T20:47:22.0733133Z [2m  <p>1</p>[22m
2026-03-06T20:47:22.0733357Z [32m- <p>2</p>[39m
2026-03-06T20:47:22.0733479Z 
2026-03-06T20:47:22.0734129Z [36m [2m❯[22m Object.test packages/svelte/tests/runtime-runes/samples/async-each-preserve-pending/_config.js:[2m28:10[22m[39m
2026-03-06T20:47:22.0734812Z     [90m 26| [39m  shift[33m.[39m[34mclick[39m()[33m;[39m
2026-03-06T20:47:22.0735236Z     [90m 27| [39m  [35mawait[39m [34mtick[39m()[33m;[39m
2026-03-06T20:47:22.0735629Z     [90m 28| [39m  assert[33m.[39m[34mhtmlEqual[39m(
2026-03-06T20:47:22.0735969Z     [90m   | [39m         [31m^[39m
2026-03-06T20:47:22.0736319Z     [90m 29| [39m   target[33m.[39minnerHTML[33m,[39m
2026-03-06T20:47:22.0736624Z     [90m 30| [39m   [32m`
2026-03-06T20:47:22.0737170Z [90m [2m❯[22m run_test_variant packages/svelte/tests/runtime-legacy/shared.ts:[2m515:6[22m[39m
2026-03-06T20:47:22.0737838Z [90m [2m❯[22m packages/svelte/tests/runtime-legacy/shared.ts:[2m207:4[22m[39m
2026-03-06T20:47:22.0738140Z 
2026-03-06T20:47:22.0738351Z [31m[2m⎯⎯⎯⎯⎯⎯⎯⎯⎯⎯⎯⎯⎯⎯⎯⎯⎯⎯⎯⎯⎯⎯[10/23]⎯[22m[39m
2026-03-06T20:47:22.0738534Z 
2026-03-06T20:47:22.0739210Z [31m[1m[7m FAIL [27m[22m[39m packages/svelte/tests/runtime-runes/test.ts[2m > [22masync-if (dom)
2026-03-06T20:47:22.0740693Z [31m[1m[7m FAIL [27m[22m[39m packages/svelte/tests/runtime-runes/test.ts[2m > [22masync-if (hydrate)
2026-03-06T20:47:22.0742328Z [31m[1mAssertionError[22m: expected '<button>shift</button>\n<button>true<…' to deeply equal '<button>shift</button>\n<button>true<…'[39m
2026-03-06T20:47:22.0743174Z 
2026-03-06T20:47:22.0743407Z [32m- Expected[39m
2026-03-06T20:47:22.0743797Z [31m+ Received[39m
2026-03-06T20:47:22.0743994Z 
2026-03-06T20:47:22.0744252Z [2m  <button>shift</button>[22m
2026-03-06T20:47:22.0744767Z [2m  <button>true</button>[22m
2026-03-06T20:47:22.0745252Z [2m  <button>false</button>[22m
2026-03-06T20:47:22.0745779Z [32m- <h1>[7mno[27m</h1>[39m
2026-03-06T20:47:22.0746275Z [31m+ <h1>[7myes[27m</h1>[39m
2026-03-06T20:47:22.0746532Z 
2026-03-06T20:47:22.0747514Z [36m [2m❯[22m Object.test packages/svelte/tests/runtime-runes/samples/async-if/_config.js:[2m28:10[22m[39m
2026-03-06T20:47:22.0750190Z     [90m 26| [39m  shift[33m.[39m[34mclick[39m()[33m;[39m
2026-03-06T20:47:22.0751321Z     [90m 27| [39m  [35mawait[39m [34mtick[39m()[33m;[39m
2026-03-06T20:47:22.0752260Z     [90m 28| [39m  assert[33m.[39m[34mhtmlEqual[39m(
2026-03-06T20:47:22.0753741Z     [90m   | [39m         [31m^[39m
2026-03-06T20:47:22.0754532Z     [90m 29| [39m   target[33m.[39minnerHTML[33m,[39m
2026-03-06T20:47:22.0755609Z     [90m 30| [39m   [32m'<button>shift</button><button>true</button><button>false</button><[39m…
2026-03-06T20:47:22.0757035Z [90m [2m❯[22m run_test_variant packages/svelte/tests/runtime-legacy/shared.ts:[2m515:6[22m[39m
2026-03-06T20:47:22.0758370Z [90m [2m❯[22m packages/svelte/tests/runtime-legacy/shared.ts:[2m207:4[22m[39m
2026-03-06T20:47:22.0759108Z 
2026-03-06T20:47:22.0759576Z [31m[2m⎯⎯⎯⎯⎯⎯⎯⎯⎯⎯⎯⎯⎯⎯⎯⎯⎯⎯⎯⎯⎯⎯[11/23]⎯[22m[39m
2026-03-06T20:47:22.0759953Z 
2026-03-06T20:47:22.0760877Z [31m[1m[7m FAIL [27m[22m[39m packages/svelte/tests/runtime-runes/test.ts[2m > [22masync-linear-order-same-derived (dom)
2026-03-06T20:47:22.0762610Z [31m[1m[7m FAIL [27m[22m[39m packages/svelte/tests/runtime-runes/test.ts[2m > [22masync-linear-order-same-derived (hydrate)
2026-03-06T20:47:22.0763997Z [31m[1mAssertionError[22m: expected '2 + 3 = 5' to deeply equal '1 + 3 = 4'[39m
2026-03-06T20:47:22.0764491Z 
2026-03-06T20:47:22.0764915Z Expected: [32m"[7m1[27m + 3 = [7m4[27m"[39m
2026-03-06T20:47:22.0765635Z Received: [31m"[7m2[27m + 3 = [7m5[27m"[39m
2026-03-06T20:47:22.0765967Z 
2026-03-06T20:47:22.0767032Z [36m [2m❯[22m Object.test packages/svelte/tests/runtime-runes/samples/async-linear-order-same-derived/_config.js:[2m21:10[22m[39m
2026-03-06T20:47:22.0768750Z     [90m 19| [39m  [35mawait[39m [34mtick[39m()[33m;[39m
2026-03-06T20:47:22.0769425Z     [90m 20| [39m
2026-03-06T20:47:22.0770549Z     [90m 21| [39m  assert[33m.[39m[34mhtmlEqual[39m(p[33m.[39minnerHTML[33m,[39m [32m'1 + 3 = 4'[39m)[33m;[39m
2026-03-06T20:47:22.0771508Z     [90m   | [39m         [31m^[39m
2026-03-06T20:47:22.0771936Z     [90m 22| [39m
2026-03-06T20:47:22.0772450Z     [90m 23| [39m  pop[33m.[39m[34mclick[39m()[33m;[39m
2026-03-06T20:47:22.0773455Z [90m [2m❯[22m run_test_variant packages/svelte/tests/runtime-legacy/shared.ts:[2m515:6[22m[39m
2026-03-06T20:47:22.0774642Z [90m [2m❯[22m packages/svelte/tests/runtime-legacy/shared.ts:[2m207:4[22m[39m
2026-03-06T20:47:22.0775131Z 
2026-03-06T20:47:22.0775485Z [31m[2m⎯⎯⎯⎯⎯⎯⎯⎯⎯⎯⎯⎯⎯⎯⎯⎯⎯⎯⎯⎯⎯⎯[12/23]⎯[22m[39m
2026-03-06T20:47:22.0775766Z 
2026-03-06T20:47:22.0776511Z [31m[1m[7m FAIL [27m[22m[39m packages/svelte/tests/runtime-runes/test.ts[2m > [22masync-state-eager (dom)
2026-03-06T20:47:22.0778015Z [31m[1m[7m FAIL [27m[22m[39m packages/svelte/tests/runtime-runes/test.ts[2m > [22masync-state-eager (hydrate)
2026-03-06T20:47:22.0779947Z [31m[1mAssertionError[22m: expected '<button>3</button>\n<button>shift</bu…' to deeply equal '<button>3</button>\n<button>shift</bu…'[39m
2026-03-06T20:47:22.0780709Z 
2026-03-06T20:47:22.0780933Z [32m- Expected[39m
2026-03-06T20:47:22.0781320Z [31m+ Received[39m
2026-03-06T20:47:22.0781535Z 
2026-03-06T20:47:22.0781769Z [2m  <button>3</button>[22m
2026-03-06T20:47:22.0782269Z [2m  <button>shift</button>[22m
2026-03-06T20:47:22.0782731Z [32m- <p>[7m1[27m</p>[39m
2026-03-06T20:47:22.0783222Z [31m+ <p>[7m0[27m</p>[39m
2026-03-06T20:47:22.0783457Z 
2026-03-06T20:47:22.0784482Z [36m [2m❯[22m Object.test packages/svelte/tests/runtime-runes/samples/async-state-eager/_config.js:[2m26:10[22m[39m
2026-03-06T20:47:22.0787508Z     [90m 24| [39m  shift[33m.[39m[34mclick[39m()[33m;[39m
2026-03-06T20:47:22.0788224Z     [90m 25| [39m  [35mawait[39m [34mtick[39m()[33m;[39m
2026-03-06T20:47:22.0789708Z     [90m 26| [39m  assert[33m.[39m[34mhtmlEqual[39m(target[33m.[39minnerHTML[33m,[39m [32m`<button>3</button><button>shift<[39m…
2026-03-06T20:47:22.0790970Z     [90m   | [39m         [31m^[39m
2026-03-06T20:47:22.0791433Z     [90m 27| [39m
2026-03-06T20:47:22.0793086Z     [90m 28| [39m  shift[33m.[39m[34mclick[39m()[33m;[39m
2026-03-06T20:47:22.0794217Z [90m [2m❯[22m run_test_variant packages/svelte/tests/runtime-legacy/shared.ts:[2m515:6[22m[39m
2026-03-06T20:47:22.0795316Z [90m [2m❯[22m packages/svelte/tests/runtime-legacy/shared.ts:[2m207:4[22m[39m
2026-03-06T20:47:22.0795763Z 
2026-03-06T20:47:22.0796150Z [31m[2m⎯⎯⎯⎯⎯⎯⎯⎯⎯⎯⎯⎯⎯⎯⎯⎯⎯⎯⎯⎯⎯⎯[13/23]⎯[22m[39m
2026-03-06T20:47:22.0796440Z 
2026-03-06T20:47:22.0797398Z [2m Test Files [22m [1m[31m1 failed[39m[22m[2m | [22m[1m[32m30 passed[39m[22m[90m (31)[39m
2026-03-06T20:47:22.0810129Z [2m      Tests [22m [1m[31m23 failed[39m[22m[2m | [22m[1m[32m7325 passed[39m[22m[2m | [22m[33m61 skipped[39m[90m (7409)[39m
2026-03-06T20:47:22.0811598Z [2m   Start at [22m 20:46:27
2026-03-06T20:47:22.0831794Z [2m   Duration [22m 54.44s[2m (transform 13.85s, setup 0ms, collect 27.54s, tests 76.37s, environment 4.16s, prepare 2.73s)[22m
2026-03-06T20:47:22.0836873Z 
2026-03-06T20:47:22.2768532Z  ELIFECYCLE  Test failed. See above for more details.
2026-03-06T20:47:22.2920440Z ##[error]Process completed with exit code 1.
2026-03-06T20:47:22.2981808Z Post job cleanup.
2026-03-06T20:47:22.3479672Z Pruning is unnecessary.
2026-03-06T20:47:22.3565079Z Post job cleanup.
2026-03-06T20:47:22.4330005Z [command]/usr/bin/git version
2026-03-06T20:47:22.4362593Z git version 2.53.0
2026-03-06T20:47:22.4399195Z Temporarily overriding HOME='/home/runner/work/_temp/4581d854-86d1-4463-a55b-f57d63dbb988' before making global git config changes
2026-03-06T20:47:22.4400616Z Adding repository directory to the temporary git global config as a safe directory
2026-03-06T20:47:22.4405325Z [command]/usr/bin/git config --global --add safe.directory /home/runner/work/svelte/svelte
2026-03-06T20:47:22.4434855Z Removing SSH command configuration
2026-03-06T20:47:22.4441470Z [command]/usr/bin/git config --local --name-only --get-regexp core\.sshCommand
2026-03-06T20:47:22.4472598Z [command]/usr/bin/git submodule foreach --recursive sh -c "git config --local --name-only --get-regexp 'core\.sshCommand' && git config --local --unset-all 'core.sshCommand' || :"
2026-03-06T20:47:22.4676214Z Removing HTTP extra header
2026-03-06T20:47:22.4681842Z [command]/usr/bin/git config --local --name-only --get-regexp http\.https\:\/\/github\.com\/\.extraheader
2026-03-06T20:47:22.4715355Z [command]/usr/bin/git submodule foreach --recursive sh -c "git config --local --name-only --get-regexp 'http\.https\:\/\/github\.com\/\.extraheader' && git config --local --unset-all 'http.https://github.com/.extraheader' || :"
2026-03-06T20:47:22.4907294Z Removing includeIf entries pointing to credentials config files
2026-03-06T20:47:22.4914424Z [command]/usr/bin/git config --local --name-only --get-regexp ^includeIf\.gitdir:
2026-03-06T20:47:22.4936142Z includeif.gitdir:/home/runner/work/svelte/svelte/.git.path
2026-03-06T20:47:22.4936754Z includeif.gitdir:/home/runner/work/svelte/svelte/.git/worktrees/*.path
2026-03-06T20:47:22.4937215Z includeif.gitdir:/github/workspace/.git.path
2026-03-06T20:47:22.4937784Z includeif.gitdir:/github/workspace/.git/worktrees/*.path
2026-03-06T20:47:22.4949017Z [command]/usr/bin/git config --local --get-all includeif.gitdir:/home/runner/work/svelte/svelte/.git.path
2026-03-06T20:47:22.4969574Z /home/runner/work/_temp/git-credentials-95e218e3-68a1-4e11-964e-d7797171a66e.config
2026-03-06T20:47:22.4981661Z [command]/usr/bin/git config --local --unset includeif.gitdir:/home/runner/work/svelte/svelte/.git.path /home/runner/work/_temp/git-credentials-95e218e3-68a1-4e11-964e-d7797171a66e.config
2026-03-06T20:47:22.5014591Z [command]/usr/bin/git config --local --get-all includeif.gitdir:/home/runner/work/svelte/svelte/.git/worktrees/*.path
2026-03-06T20:47:22.5034532Z /home/runner/work/_temp/git-credentials-95e218e3-68a1-4e11-964e-d7797171a66e.config
2026-03-06T20:47:22.5044917Z [command]/usr/bin/git config --local --unset includeif.gitdir:/home/runner/work/svelte/svelte/.git/worktrees/*.path /home/runner/work/_temp/git-credentials-95e218e3-68a1-4e11-964e-d7797171a66e.config
2026-03-06T20:47:22.5075147Z [command]/usr/bin/git config --local --get-all includeif.gitdir:/github/workspace/.git.path
2026-03-06T20:47:22.5094679Z /github/runner_temp/git-credentials-95e218e3-68a1-4e11-964e-d7797171a66e.config
2026-03-06T20:47:22.5103262Z [command]/usr/bin/git config --local --unset includeif.gitdir:/github/workspace/.git.path /github/runner_temp/git-credentials-95e218e3-68a1-4e11-964e-d7797171a66e.config
2026-03-06T20:47:22.5135689Z [command]/usr/bin/git config --local --get-all includeif.gitdir:/github/workspace/.git/worktrees/*.path
2026-03-06T20:47:22.5156141Z /github/runner_temp/git-credentials-95e218e3-68a1-4e11-964e-d7797171a66e.config
2026-03-06T20:47:22.5166626Z [command]/usr/bin/git config --local --unset includeif.gitdir:/github/workspace/.git/worktrees/*.path /github/runner_temp/git-credentials-95e218e3-68a1-4e11-964e-d7797171a66e.config
2026-03-06T20:47:22.5199143Z [command]/usr/bin/git submodule foreach --recursive git config --local --show-origin --name-only --get-regexp remote.origin.url
2026-03-06T20:47:22.5404138Z Removing credentials config '/home/runner/work/_temp/git-credentials-95e218e3-68a1-4e11-964e-d7797171a66e.config'
2026-03-06T20:47:22.5537958Z Cleaning up orphan processes
