2026-05-30T01:16:03.9945246Z Current runner version: '2.334.0'
2026-05-30T01:16:03.9971004Z ##[group]Runner Image Provisioner
2026-05-30T01:16:03.9971904Z Hosted Compute Agent
2026-05-30T01:16:03.9972553Z Version: 20260520.533
2026-05-30T01:16:03.9973678Z Commit: 189110e25284a9812c124fd27b339e2fb4f2f9db
2026-05-30T01:16:03.9974473Z Build Date: 2026-05-20T17:44:04Z
2026-05-30T01:16:03.9975199Z Worker ID: {cc4d479f-dca4-4e09-b2cf-d9926267f9b4}
2026-05-30T01:16:03.9976044Z Azure Region: northcentralus
2026-05-30T01:16:03.9976707Z ##[endgroup]
2026-05-30T01:16:03.9978315Z ##[group]Operating System
2026-05-30T01:16:03.9979025Z Ubuntu
2026-05-30T01:16:03.9979606Z 22.04.5
2026-05-30T01:16:03.9980603Z LTS
2026-05-30T01:16:03.9981221Z ##[endgroup]
2026-05-30T01:16:03.9981867Z ##[group]Runner Image
2026-05-30T01:16:03.9982518Z Image: ubuntu-22.04
2026-05-30T01:16:03.9983534Z Version: 20260525.156.1
2026-05-30T01:16:03.9984935Z Included Software: https://github.com/actions/runner-images/blob/ubuntu22/20260525.156/images/ubuntu/Ubuntu2204-Readme.md
2026-05-30T01:16:03.9986669Z Image Release: https://github.com/actions/runner-images/releases/tag/ubuntu22%2F20260525.156
2026-05-30T01:16:03.9987723Z ##[endgroup]
2026-05-30T01:16:03.9988848Z ##[group]GITHUB_TOKEN Permissions
2026-05-30T01:16:03.9991131Z Contents: read
2026-05-30T01:16:03.9991777Z Metadata: read
2026-05-30T01:16:03.9992476Z ##[endgroup]
2026-05-30T01:16:03.9995021Z Secret source: Actions
2026-05-30T01:16:03.9995897Z Prepare workflow directory
2026-05-30T01:16:04.0719321Z Prepare all required actions
2026-05-30T01:16:04.0775539Z Getting action download info
2026-05-30T01:16:04.4001168Z Download action repository 'actions/checkout@de0fac2e4500dabe0009e67214ff5f5447ce83dd' (SHA:de0fac2e4500dabe0009e67214ff5f5447ce83dd)
2026-05-30T01:16:04.5261841Z Download action repository 'actions/setup-node@48b55a011bda9f5d6aeb4c2d9c7362e8dae4041e' (SHA:48b55a011bda9f5d6aeb4c2d9c7362e8dae4041e)
2026-05-30T01:16:04.6741804Z Download action repository 'actions/cache@v5' (SHA:27d5ce7f107fe9357f9df03efb73ab90386fccae)
2026-05-30T01:16:04.9591335Z Complete job name: Node 20 MongoDB 6.0.15 OS ubuntu-22.04
2026-05-30T01:16:05.0422264Z ##[group]Run actions/checkout@de0fac2e4500dabe0009e67214ff5f5447ce83dd
2026-05-30T01:16:05.0424309Z with:
2026-05-30T01:16:05.0425149Z   repository: Automattic/mongoose
2026-05-30T01:16:05.0434962Z   token: ***
2026-05-30T01:16:05.0435800Z   ssh-strict: true
2026-05-30T01:16:05.0436642Z   ssh-user: git
2026-05-30T01:16:05.0437505Z   persist-credentials: true
2026-05-30T01:16:05.0438479Z   clean: true
2026-05-30T01:16:05.0439359Z   sparse-checkout-cone-mode: true
2026-05-30T01:16:05.0440388Z   fetch-depth: 1
2026-05-30T01:16:05.0441229Z   fetch-tags: false
2026-05-30T01:16:05.0442112Z   show-progress: true
2026-05-30T01:16:05.0443322Z   lfs: false
2026-05-30T01:16:05.0444155Z   submodules: false
2026-05-30T01:16:05.0445045Z   set-safe-directory: true
2026-05-30T01:16:05.0446307Z env:
2026-05-30T01:16:05.0447105Z   MONGOMS_VERSION: 6.0.15
2026-05-30T01:16:05.0448074Z   MONGOMS_PREFER_GLOBAL_PATH: 1
2026-05-30T01:16:05.0449089Z   FORCE_COLOR: true
2026-05-30T01:16:05.0450033Z ##[endgroup]
2026-05-30T01:16:05.1518981Z Syncing repository: Automattic/mongoose
2026-05-30T01:16:05.1521817Z ##[group]Getting Git version info
2026-05-30T01:16:05.1523399Z Working directory is '/home/runner/work/mongoose/mongoose'
2026-05-30T01:16:05.1525557Z [command]/usr/bin/git version
2026-05-30T01:16:05.1576916Z git version 2.54.0
2026-05-30T01:16:05.1600862Z ##[endgroup]
2026-05-30T01:16:05.1615567Z Temporarily overriding HOME='/home/runner/work/_temp/26772c7d-958f-4058-8571-e88a86782f17' before making global git config changes
2026-05-30T01:16:05.1618331Z Adding repository directory to the temporary git global config as a safe directory
2026-05-30T01:16:05.1621276Z [command]/usr/bin/git config --global --add safe.directory /home/runner/work/mongoose/mongoose
2026-05-30T01:16:05.1656339Z Deleting the contents of '/home/runner/work/mongoose/mongoose'
2026-05-30T01:16:05.1660687Z ##[group]Initializing the repository
2026-05-30T01:16:05.1665470Z [command]/usr/bin/git init /home/runner/work/mongoose/mongoose
2026-05-30T01:16:05.1775307Z hint: Using 'master' as the name for the initial branch. This default branch name
2026-05-30T01:16:05.1778365Z hint: will change to "main" in Git 3.0. To configure the initial branch name
2026-05-30T01:16:05.1780275Z hint: to use in all of your new repositories, which will suppress this warning,
2026-05-30T01:16:05.1781828Z hint: call:
2026-05-30T01:16:05.1783166Z hint:
2026-05-30T01:16:05.1784501Z hint: 	git config --global init.defaultBranch <name>
2026-05-30T01:16:05.1785714Z hint:
2026-05-30T01:16:05.1787527Z hint: Names commonly chosen instead of 'master' are 'main', 'trunk' and
2026-05-30T01:16:05.1789835Z hint: 'development'. The just-created branch can be renamed via this command:
2026-05-30T01:16:05.1791324Z hint:
2026-05-30T01:16:05.1792134Z hint: 	git branch -m <name>
2026-05-30T01:16:05.1793317Z hint:
2026-05-30T01:16:05.1794686Z hint: Disable this message with "git config set advice.defaultBranchName false"
2026-05-30T01:16:05.1796707Z Initialized empty Git repository in /home/runner/work/mongoose/mongoose/.git/
2026-05-30T01:16:05.1799871Z [command]/usr/bin/git remote add origin https://github.com/Automattic/mongoose
2026-05-30T01:16:05.1825460Z ##[endgroup]
2026-05-30T01:16:05.1827350Z ##[group]Disabling automatic garbage collection
2026-05-30T01:16:05.1829432Z [command]/usr/bin/git config --local gc.auto 0
2026-05-30T01:16:05.1859499Z ##[endgroup]
2026-05-30T01:16:05.1861107Z ##[group]Setting up auth
2026-05-30T01:16:05.1862155Z Removing SSH command configuration
2026-05-30T01:16:05.1865896Z [command]/usr/bin/git config --local --name-only --get-regexp core\.sshCommand
2026-05-30T01:16:05.1899723Z [command]/usr/bin/git submodule foreach --recursive sh -c "git config --local --name-only --get-regexp 'core\.sshCommand' && git config --local --unset-all 'core.sshCommand' || :"
2026-05-30T01:16:05.2228206Z Removing HTTP extra header
2026-05-30T01:16:05.2235357Z [command]/usr/bin/git config --local --name-only --get-regexp http\.https\:\/\/github\.com\/\.extraheader
2026-05-30T01:16:05.2269969Z [command]/usr/bin/git submodule foreach --recursive sh -c "git config --local --name-only --get-regexp 'http\.https\:\/\/github\.com\/\.extraheader' && git config --local --unset-all 'http.https://github.com/.extraheader' || :"
2026-05-30T01:16:05.2507282Z Removing includeIf entries pointing to credentials config files
2026-05-30T01:16:05.2514502Z [command]/usr/bin/git config --local --name-only --get-regexp ^includeIf\.gitdir:
2026-05-30T01:16:05.2549261Z [command]/usr/bin/git submodule foreach --recursive git config --local --show-origin --name-only --get-regexp remote.origin.url
2026-05-30T01:16:05.2791086Z [command]/usr/bin/git config --file /home/runner/work/_temp/git-credentials-42f4fb77-a60a-4fcd-a9bb-88ab4f74019f.config http.https://github.com/.extraheader AUTHORIZATION: basic ***
2026-05-30T01:16:05.2833435Z [command]/usr/bin/git config --local includeIf.gitdir:/home/runner/work/mongoose/mongoose/.git.path /home/runner/work/_temp/git-credentials-42f4fb77-a60a-4fcd-a9bb-88ab4f74019f.config
2026-05-30T01:16:05.2864737Z [command]/usr/bin/git config --local includeIf.gitdir:/home/runner/work/mongoose/mongoose/.git/worktrees/*.path /home/runner/work/_temp/git-credentials-42f4fb77-a60a-4fcd-a9bb-88ab4f74019f.config
2026-05-30T01:16:05.2898693Z [command]/usr/bin/git config --local includeIf.gitdir:/github/workspace/.git.path /github/runner_temp/git-credentials-42f4fb77-a60a-4fcd-a9bb-88ab4f74019f.config
2026-05-30T01:16:05.2932503Z [command]/usr/bin/git config --local includeIf.gitdir:/github/workspace/.git/worktrees/*.path /github/runner_temp/git-credentials-42f4fb77-a60a-4fcd-a9bb-88ab4f74019f.config
2026-05-30T01:16:05.2961157Z ##[endgroup]
2026-05-30T01:16:05.2964007Z ##[group]Fetching the repository
2026-05-30T01:16:05.2973469Z [command]/usr/bin/git -c protocol.version=2 fetch --no-tags --prune --no-recurse-submodules --depth=1 origin +b4d1b4f10c2d83ea4314183f0f76c113de157cd4:refs/remotes/origin/master
2026-05-30T01:16:05.8462593Z From https://github.com/Automattic/mongoose
2026-05-30T01:16:05.8468153Z  * [new ref]         b4d1b4f10c2d83ea4314183f0f76c113de157cd4 -> origin/master
2026-05-30T01:16:05.8498711Z [command]/usr/bin/git branch --list --remote origin/master
2026-05-30T01:16:05.8523664Z   origin/master
2026-05-30T01:16:05.8531921Z [command]/usr/bin/git rev-parse refs/remotes/origin/master
2026-05-30T01:16:05.8555838Z b4d1b4f10c2d83ea4314183f0f76c113de157cd4
2026-05-30T01:16:05.8561017Z ##[endgroup]
2026-05-30T01:16:05.8562427Z ##[group]Determining the checkout info
2026-05-30T01:16:05.8564391Z ##[endgroup]
2026-05-30T01:16:05.8567082Z [command]/usr/bin/git sparse-checkout disable
2026-05-30T01:16:05.8613557Z [command]/usr/bin/git config --local --unset-all extensions.worktreeConfig
2026-05-30T01:16:05.8643115Z ##[group]Checking out the ref
2026-05-30T01:16:05.8646335Z [command]/usr/bin/git checkout --progress --force -B master refs/remotes/origin/master
2026-05-30T01:16:05.9212236Z Reset branch 'master'
2026-05-30T01:16:05.9214742Z branch 'master' set up to track 'origin/master'.
2026-05-30T01:16:05.9222016Z ##[endgroup]
2026-05-30T01:16:05.9263499Z [command]/usr/bin/git log -1 --format=%H
2026-05-30T01:16:05.9289525Z b4d1b4f10c2d83ea4314183f0f76c113de157cd4
2026-05-30T01:16:05.9627514Z ##[group]Run actions/setup-node@48b55a011bda9f5d6aeb4c2d9c7362e8dae4041e
2026-05-30T01:16:05.9628981Z with:
2026-05-30T01:16:05.9629722Z   node-version: 20
2026-05-30T01:16:05.9630536Z   check-latest: false
2026-05-30T01:16:05.9640043Z   token: ***
2026-05-30T01:16:05.9640873Z   package-manager-cache: true
2026-05-30T01:16:05.9641801Z env:
2026-05-30T01:16:05.9642546Z   MONGOMS_VERSION: 6.0.15
2026-05-30T01:16:05.9643621Z   MONGOMS_PREFER_GLOBAL_PATH: 1
2026-05-30T01:16:05.9644601Z   FORCE_COLOR: true
2026-05-30T01:16:05.9645462Z ##[endgroup]
2026-05-30T01:16:06.1360354Z Attempting to download 20...
2026-05-30T01:16:06.6760495Z Acquiring 20.20.2 - x64 from https://github.com/actions/node-versions/releases/download/20.20.2-23521894959/node-20.20.2-linux-x64.tar.gz
2026-05-30T01:16:07.0621958Z Extracting ...
2026-05-30T01:16:07.0747903Z [command]/usr/bin/tar xz --strip 1 --warning=no-unknown-keyword --overwrite -C /home/runner/work/_temp/1ce33f04-560e-46ca-8b17-e423afbbeb20 -f /home/runner/work/_temp/bacc936e-fa8a-4a93-92c6-c43d46583060
2026-05-30T01:16:08.0889163Z Adding to the cache ...
2026-05-30T01:16:10.0409918Z ##[group]Environment details
2026-05-30T01:16:10.4335347Z node: v20.20.2
2026-05-30T01:16:10.4335798Z npm: 10.8.2
2026-05-30T01:16:10.4336236Z yarn: 1.22.22
2026-05-30T01:16:10.4337022Z ##[endgroup]
2026-05-30T01:16:10.4558209Z ##[group]Run actions/cache@v5
2026-05-30T01:16:10.4558499Z with:
2026-05-30T01:16:10.4558702Z   path: ~/.cache/mongodb-binaries
2026-05-30T01:16:10.4558960Z   key: ubuntu-22.04-6.0.15
2026-05-30T01:16:10.4559206Z   enableCrossOsArchive: false
2026-05-30T01:16:10.4559450Z   fail-on-cache-miss: false
2026-05-30T01:16:10.4559682Z   lookup-only: false
2026-05-30T01:16:10.4559899Z   save-always: false
2026-05-30T01:16:10.4560128Z env:
2026-05-30T01:16:10.4560310Z   MONGOMS_VERSION: 6.0.15
2026-05-30T01:16:10.4560539Z   MONGOMS_PREFER_GLOBAL_PATH: 1
2026-05-30T01:16:10.4560781Z   FORCE_COLOR: true
2026-05-30T01:16:10.4560978Z ##[endgroup]
2026-05-30T01:16:10.6858131Z Cache hit for: ubuntu-22.04-6.0.15
2026-05-30T01:16:11.2913872Z Received 39247816 of 39247816 (100.0%), 77.2 MBs/sec
2026-05-30T01:16:11.2914896Z Cache Size: ~37 MB (39247816 B)
2026-05-30T01:16:11.2948858Z [command]/usr/bin/tar -xf /home/runner/work/_temp/5bbd4b6f-ac6d-444e-bc21-52cdd258931f/cache.tzst -P -C /home/runner/work/mongoose/mongoose --use-compress-program unzstd
2026-05-30T01:16:11.5492818Z Cache restored successfully
2026-05-30T01:16:11.5658415Z Cache restored from key: ubuntu-22.04-6.0.15
2026-05-30T01:16:11.5795142Z ##[group]Run npm install
2026-05-30T01:16:11.5795610Z [36;1mnpm install[0m
2026-05-30T01:16:11.5941447Z shell: /usr/bin/bash -e {0}
2026-05-30T01:16:11.5941732Z env:
2026-05-30T01:16:11.5941960Z   MONGOMS_VERSION: 6.0.15
2026-05-30T01:16:11.5942508Z   MONGOMS_PREFER_GLOBAL_PATH: 1
2026-05-30T01:16:11.5942770Z   FORCE_COLOR: true
2026-05-30T01:16:11.5943354Z ##[endgroup]
2026-05-30T01:16:23.7672294Z npm warn EBADENGINE Unsupported engine {
2026-05-30T01:16:23.7673907Z npm warn EBADENGINE   package: 'tstyche@7.2.1',
2026-05-30T01:16:23.7675000Z npm warn EBADENGINE   required: { node: '>=22' },
2026-05-30T01:16:23.7675893Z npm warn EBADENGINE   current: { node: 'v20.20.2', npm: '10.8.2' }
2026-05-30T01:16:23.7676603Z npm warn EBADENGINE }
2026-05-30T01:16:26.1375633Z npm warn deprecated prebuild-install@7.1.3: No longer maintained. Please contact the author of the relevant native addon; alternatives are available.
2026-05-30T01:16:26.6615876Z npm warn deprecated whatwg-encoding@3.1.1: Use @exodus/bytes instead for a more spec-conformant and faster implementation
2026-05-30T01:16:27.1106742Z npm warn deprecated lodash.isequal@4.5.0: This package is deprecated. Use require('node:util').isDeepStrictEqual instead.
2026-05-30T01:16:29.2282524Z 
2026-05-30T01:16:29.2283654Z added 635 packages, and audited 636 packages in 18s
2026-05-30T01:16:29.2284127Z 
2026-05-30T01:16:29.2284416Z 175 packages are looking for funding
2026-05-30T01:16:29.2284907Z   run `npm fund` for details
2026-05-30T01:16:29.2328778Z 
2026-05-30T01:16:29.2329285Z 4 moderate severity vulnerabilities
2026-05-30T01:16:29.2329680Z 
2026-05-30T01:16:29.2330109Z To address all issues (including breaking changes), run:
2026-05-30T01:16:29.2330751Z   npm audit fix --force
2026-05-30T01:16:29.2331025Z 
2026-05-30T01:16:29.2331243Z Run `npm audit` for details.
2026-05-30T01:16:29.2610046Z ##[group]Run npm run create-separate-require-instance
2026-05-30T01:16:29.2610724Z [36;1mnpm run create-separate-require-instance[0m
2026-05-30T01:16:29.2666081Z shell: /usr/bin/bash -e {0}
2026-05-30T01:16:29.2666329Z env:
2026-05-30T01:16:29.2666523Z   MONGOMS_VERSION: 6.0.15
2026-05-30T01:16:29.2666771Z   MONGOMS_PREFER_GLOBAL_PATH: 1
2026-05-30T01:16:29.2667022Z   FORCE_COLOR: true
2026-05-30T01:16:29.2667244Z ##[endgroup]
2026-05-30T01:16:29.3893750Z 
2026-05-30T01:16:29.3894597Z > mongoose@9.6.3 create-separate-require-instance
2026-05-30T01:16:29.3896383Z > rm -rf ./node_modules/mongoose-separate-require-instance && node ./scripts/create-tarball && tar -xzf mongoose.tgz -C ./node_modules && mv ./node_modules/package ./node_modules/mongoose-separate-require-instance
2026-05-30T01:16:29.3897363Z 
2026-05-30T01:16:30.2881177Z npm notice
2026-05-30T01:16:30.2882095Z npm notice 📦  mongoose@9.6.3
2026-05-30T01:16:30.2882659Z npm notice Tarball Contents
2026-05-30T01:16:30.2883519Z npm notice 1.1kB LICENSE.md
2026-05-30T01:16:30.2883992Z npm notice 14.2kB README.md
2026-05-30T01:16:30.2884434Z npm notice 125B SECURITY.md
2026-05-30T01:16:30.2884990Z npm notice 5.1kB eslint.config.mjs
2026-05-30T01:16:30.2885541Z npm notice 2.6kB index.js
2026-05-30T01:16:30.2886057Z npm notice 37.2kB lib/aggregate.js
2026-05-30T01:16:30.2886568Z npm notice 14.7kB lib/cast.js
2026-05-30T01:16:30.2887136Z npm notice 1.2kB lib/cast/bigint.js
2026-05-30T01:16:30.2887703Z npm notice 860B lib/cast/boolean.js
2026-05-30T01:16:30.2888270Z npm notice 1.1kB lib/cast/date.js
2026-05-30T01:16:30.2888847Z npm notice 976B lib/cast/decimal128.js
2026-05-30T01:16:30.2889436Z npm notice 1.5kB lib/cast/double.js
2026-05-30T01:16:30.2889957Z npm notice 848B lib/cast/int32.js
2026-05-30T01:16:30.2890462Z npm notice 1.0kB lib/cast/number.js
2026-05-30T01:16:30.2890990Z npm notice 601B lib/cast/objectid.js
2026-05-30T01:16:30.2891510Z npm notice 983B lib/cast/string.js
2026-05-30T01:16:30.2892055Z npm notice 955B lib/cast/uuid.js
2026-05-30T01:16:30.2892552Z npm notice 6.6kB lib/collection.js
2026-05-30T01:16:30.2893094Z npm notice 61.4kB lib/connection.js
2026-05-30T01:16:30.2893477Z npm notice 547B lib/connectionState.js
2026-05-30T01:16:30.2893801Z npm notice 1.1kB lib/constants.js
2026-05-30T01:16:30.2894150Z npm notice 13.1kB lib/cursor/aggregationCursor.js
2026-05-30T01:16:30.2894531Z npm notice 5.5kB lib/cursor/changeStream.js
2026-05-30T01:16:30.2895151Z npm notice 17.2kB lib/cursor/queryCursor.js
2026-05-30T01:16:30.2895473Z npm notice 175.6kB lib/document.js
2026-05-30T01:16:30.2895758Z npm notice 161B lib/driver.js
2026-05-30T01:16:30.2896163Z npm notice 126B lib/drivers/node-mongodb-native/bulkWriteResult.js
2026-05-30T01:16:30.2896674Z npm notice 13.0kB lib/drivers/node-mongodb-native/collection.js
2026-05-30T01:16:30.2897447Z npm notice 16.1kB lib/drivers/node-mongodb-native/connection.js
2026-05-30T01:16:30.2897917Z npm notice 255B lib/drivers/node-mongodb-native/index.js
2026-05-30T01:16:30.2898308Z npm notice 21B lib/drivers/SPEC.md
2026-05-30T01:16:30.2898665Z npm notice 475B lib/error/browserMissingSchema.js
2026-05-30T01:16:30.2899084Z npm notice 1.3kB lib/error/bulkSaveIncompleteError.js
2026-05-30T01:16:30.2899466Z npm notice 973B lib/error/bulkWriteError.js
2026-05-30T01:16:30.2899791Z npm notice 3.9kB lib/error/cast.js
2026-05-30T01:16:30.2900139Z npm notice 508B lib/error/createCollectionsError.js
2026-05-30T01:16:30.2900531Z npm notice 1.1kB lib/error/divergentArray.js
2026-05-30T01:16:30.2900898Z npm notice 873B lib/error/eachAsyncMultiError.js
2026-05-30T01:16:30.2901241Z npm notice 7.7kB lib/error/index.js
2026-05-30T01:16:30.2901584Z npm notice 592B lib/error/invalidSchemaOption.js
2026-05-30T01:16:30.2901938Z npm notice 2.0kB lib/error/messages.js
2026-05-30T01:16:30.2902271Z npm notice 561B lib/error/missingSchema.js
2026-05-30T01:16:30.2902629Z npm notice 192B lib/error/mongooseError.js
2026-05-30T01:16:30.2903258Z npm notice 1.0kB lib/error/notFound.js
2026-05-30T01:16:30.2903855Z npm notice 637B lib/error/objectExpected.js
2026-05-30T01:16:30.2904243Z npm notice 725B lib/error/objectParameter.js
2026-05-30T01:16:30.2904601Z npm notice 490B lib/error/overwriteModel.js
2026-05-30T01:16:30.2904946Z npm notice 532B lib/error/parallelSave.js
2026-05-30T01:16:30.2905309Z npm notice 556B lib/error/parallelValidate.js
2026-05-30T01:16:30.2905683Z npm notice 1.9kB lib/error/serverSelection.js
2026-05-30T01:16:30.2906249Z npm notice 2.0kB lib/error/setOptionError.js
2026-05-30T01:16:30.2906588Z npm notice 667B lib/error/strict.js
2026-05-30T01:16:30.2906919Z npm notice 645B lib/error/strictPopulate.js
2026-05-30T01:16:30.2907254Z npm notice 512B lib/error/syncIndexes.js
2026-05-30T01:16:30.2907579Z npm notice 2.0kB lib/error/validation.js
2026-05-30T01:16:30.2907905Z npm notice 2.0kB lib/error/validator.js
2026-05-30T01:16:30.2908229Z npm notice 770B lib/error/version.js
2026-05-30T01:16:30.2908669Z npm notice 1.8kB lib/helpers/aggregate/prepareDiscriminatorPipeline.js
2026-05-30T01:16:30.2909215Z npm notice 1.4kB lib/helpers/aggregate/stringifyFunctionOperators.js
2026-05-30T01:16:30.2909757Z npm notice 766B lib/helpers/arrayDepth.js
2026-05-30T01:16:30.2910142Z npm notice 794B lib/helpers/buildMiddlewareFilter.js
2026-05-30T01:16:30.2910505Z npm notice 7.5kB lib/helpers/clone.js
2026-05-30T01:16:30.2910901Z npm notice 3.0kB lib/helpers/common.js
2026-05-30T01:16:30.2911307Z npm notice 6.6kB lib/helpers/cursor/eachAsync.js
2026-05-30T01:16:30.2911814Z npm notice 1.1kB lib/helpers/discriminator/applyEmbeddedDiscriminators.js
2026-05-30T01:16:30.2912385Z npm notice 412B lib/helpers/discriminator/areDiscriminatorValuesEqual.js
2026-05-30T01:16:30.2913424Z npm notice 512B lib/helpers/discriminator/checkEmbeddedDiscriminatorKeyProjection.js
2026-05-30T01:16:30.2914046Z npm notice 922B lib/helpers/discriminator/getConstructor.js
2026-05-30T01:16:30.2914568Z npm notice 653B lib/helpers/discriminator/getDiscriminatorByValue.js
2026-05-30T01:16:30.2915262Z npm notice 718B lib/helpers/discriminator/getSchemaDiscriminatorByValue.js
2026-05-30T01:16:30.2915857Z npm notice 3.1kB lib/helpers/discriminator/mergeDiscriminatorSchema.js
2026-05-30T01:16:30.2916355Z npm notice 3.8kB lib/helpers/document/applyDefaults.js
2026-05-30T01:16:30.2916810Z npm notice 3.4kB lib/helpers/document/applyTimestamps.js
2026-05-30T01:16:30.2917236Z npm notice 3.8kB lib/helpers/document/applyVirtuals.js
2026-05-30T01:16:30.2917781Z npm notice 1.1kB lib/helpers/document/cleanModifiedSubpaths.js
2026-05-30T01:16:30.2918394Z npm notice 6.6kB lib/helpers/document/compile.js
2026-05-30T01:16:30.2918882Z npm notice 1.0kB lib/helpers/document/getDeepestSubdocumentForPath.js
2026-05-30T01:16:30.2919438Z npm notice 1.9kB lib/helpers/document/getEmbeddedDiscriminatorPath.js
2026-05-30T01:16:30.2919913Z npm notice 847B lib/helpers/document/handleSpreadDoc.js
2026-05-30T01:16:30.2920344Z npm notice 724B lib/helpers/document/isInPathsToSave.js
2026-05-30T01:16:30.2920701Z npm notice 419B lib/helpers/each.js
2026-05-30T01:16:30.2921071Z npm notice 386B lib/helpers/error/combinePathErrors.js
2026-05-30T01:16:30.2921440Z npm notice 132B lib/helpers/firstKey.js
2026-05-30T01:16:30.2921764Z npm notice 1.3kB lib/helpers/get.js
2026-05-30T01:16:30.2922114Z npm notice 334B lib/helpers/getConstructorName.js
2026-05-30T01:16:30.2922540Z npm notice 303B lib/helpers/getDefaultBulkwriteResult.js
2026-05-30T01:16:30.2923225Z npm notice 188B lib/helpers/getFunctionName.js
2026-05-30T01:16:30.2923610Z npm notice 498B lib/helpers/immediate.js
2026-05-30T01:16:30.2924020Z npm notice 357B lib/helpers/indexes/applySchemaCollation.js
2026-05-30T01:16:30.2924538Z npm notice 638B lib/helpers/indexes/decorateDiscriminatorIndexOptions.js
2026-05-30T01:16:30.2925047Z npm notice 1.8kB lib/helpers/indexes/getRelatedIndexes.js
2026-05-30T01:16:30.2925474Z npm notice 444B lib/helpers/indexes/isDefaultIdIndex.js
2026-05-30T01:16:30.2925881Z npm notice 2.9kB lib/helpers/indexes/isIndexEqual.js
2026-05-30T01:16:30.2926286Z npm notice 945B lib/helpers/indexes/isIndexSpecEqual.js
2026-05-30T01:16:30.2926849Z npm notice 314B lib/helpers/indexes/isTextIndex.js
2026-05-30T01:16:30.2927277Z npm notice 507B lib/helpers/indexes/isTimeseriesIndex.js
2026-05-30T01:16:30.2927674Z npm notice 176B lib/helpers/isAsyncFunction.js
2026-05-30T01:16:30.2928317Z npm notice 223B lib/helpers/isBsonType.js
2026-05-30T01:16:30.2928961Z npm notice 550B lib/helpers/isMongooseObject.js
2026-05-30T01:16:30.2929622Z npm notice 299B lib/helpers/isObject.js
2026-05-30T01:16:30.2930237Z npm notice 433B lib/helpers/isPOJO.js
2026-05-30T01:16:30.2930836Z npm notice 179B lib/helpers/isPromise.js
2026-05-30T01:16:30.2931448Z npm notice 454B lib/helpers/isSimpleValidator.js
2026-05-30T01:16:30.2932049Z npm notice 636B lib/helpers/minimize.js
2026-05-30T01:16:30.2932746Z npm notice 1.4kB lib/helpers/model/applyDefaultsToPOJO.js
2026-05-30T01:16:30.2933865Z npm notice 4.1kB lib/helpers/model/applyHooks.js
2026-05-30T01:16:30.2934563Z npm notice 2.2kB lib/helpers/model/applyMethods.js
2026-05-30T01:16:30.2935289Z npm notice 1.0kB lib/helpers/model/applyStaticHooks.js
2026-05-30T01:16:30.2935990Z npm notice 257B lib/helpers/model/applyStatics.js
2026-05-30T01:16:30.2936682Z npm notice 10.6kB lib/helpers/model/castBulkWrite.js
2026-05-30T01:16:30.2937463Z npm notice 299B lib/helpers/model/decorateBulkWriteResult.js
2026-05-30T01:16:30.2938230Z npm notice 9.0kB lib/helpers/model/discriminator.js
2026-05-30T01:16:30.2938978Z npm notice 353B lib/helpers/model/pushNestedArrayPaths.js
2026-05-30T01:16:30.2939696Z npm notice 405B lib/helpers/omitUndefined.js
2026-05-30T01:16:30.2940294Z npm notice 199B lib/helpers/once.js
2026-05-30T01:16:30.2940901Z npm notice 652B lib/helpers/parallelLimit.js
2026-05-30T01:16:30.2941539Z npm notice 385B lib/helpers/path/parentPaths.js
2026-05-30T01:16:30.2942299Z npm notice 585B lib/helpers/path/setDottedPath.js
2026-05-30T01:16:30.2943240Z npm notice 1.8kB lib/helpers/pluralize.js
2026-05-30T01:16:30.2944144Z npm notice 3.8kB lib/helpers/populate/assignRawDocsToIdStructure.js
2026-05-30T01:16:30.2945024Z npm notice 11.5kB lib/helpers/populate/assignVals.js
2026-05-30T01:16:30.2945822Z npm notice 3.1kB lib/helpers/populate/createPopulateQueryFilter.js
2026-05-30T01:16:30.2946700Z npm notice 30.5kB lib/helpers/populate/getModelsMapForPopulate.js
2026-05-30T01:16:30.2947479Z npm notice 8.1kB lib/helpers/populate/getSchemaTypes.js
2026-05-30T01:16:30.2948135Z npm notice 3.0kB lib/helpers/populate/getVirtual.js
2026-05-30T01:16:30.2949090Z npm notice 66B lib/helpers/populate/leanPopulateMap.js
2026-05-30T01:16:30.2949812Z npm notice 720B lib/helpers/populate/lookupLocalFields.js
2026-05-30T01:16:30.2950595Z npm notice 1.3kB lib/helpers/populate/markArraySubdocsPopulated.js
2026-05-30T01:16:30.2951402Z npm notice 2.6kB lib/helpers/populate/modelNamesFromRefPath.js
2026-05-30T01:16:30.2952313Z npm notice 744B lib/helpers/populate/removeDeselectedForeignField.js
2026-05-30T01:16:30.2953490Z npm notice 1.1kB lib/helpers/populate/setPopulatedVirtualValue.js
2026-05-30T01:16:30.2954345Z npm notice 192B lib/helpers/populate/skipPopulateValue.js
2026-05-30T01:16:30.2955090Z npm notice 384B lib/helpers/populate/validateRef.js
2026-05-30T01:16:30.2955777Z npm notice 922B lib/helpers/printJestWarning.js
2026-05-30T01:16:30.2956514Z npm notice 1.9kB lib/helpers/processConnectionOptions.js
2026-05-30T01:16:30.2957301Z npm notice 3.0kB lib/helpers/projection/applyProjection.js
2026-05-30T01:16:30.2958122Z npm notice 854B lib/helpers/projection/hasIncludedChildren.js
2026-05-30T01:16:30.2958974Z npm notice 435B lib/helpers/projection/isDefiningProjection.js
2026-05-30T01:16:30.2959726Z npm notice 874B lib/helpers/projection/isExclusive.js
2026-05-30T01:16:30.2960437Z npm notice 934B lib/helpers/projection/isInclusive.js
2026-05-30T01:16:30.2961225Z npm notice 233B lib/helpers/projection/isNestedProjection.js
2026-05-30T01:16:30.2962036Z npm notice 798B lib/helpers/projection/isPathExcluded.js
2026-05-30T01:16:30.2963050Z npm notice 566B lib/helpers/projection/isPathSelectedInclusive.js
2026-05-30T01:16:30.2964010Z npm notice 289B lib/helpers/projection/isSubpath.js
2026-05-30T01:16:30.2964469Z npm notice 926B lib/helpers/projection/parseProjection.js
2026-05-30T01:16:30.2964901Z npm notice 837B lib/helpers/query/applyGlobalOption.js
2026-05-30T01:16:30.2965327Z npm notice 7.5kB lib/helpers/query/cast$expr.js
2026-05-30T01:16:30.2965727Z npm notice 1.1kB lib/helpers/query/castFilterPath.js
2026-05-30T01:16:30.2966128Z npm notice 19.1kB lib/helpers/query/castUpdate.js
2026-05-30T01:16:30.2966592Z npm notice 3.6kB lib/helpers/query/getEmbeddedDiscriminatorPath.js
2026-05-30T01:16:30.2967057Z npm notice 1.4kB lib/helpers/query/handleImmutable.js
2026-05-30T01:16:30.2967516Z npm notice 397B lib/helpers/query/handleReadPreferenceAliases.js
2026-05-30T01:16:30.2967953Z npm notice 328B lib/helpers/query/hasDollarKeys.js
2026-05-30T01:16:30.2968339Z npm notice 191B lib/helpers/query/isOperator.js
2026-05-30T01:16:30.2968728Z npm notice 1.1kB lib/helpers/query/sanitizeFilter.js
2026-05-30T01:16:30.2969144Z npm notice 296B lib/helpers/query/sanitizeProjection.js
2026-05-30T01:16:30.2969586Z npm notice 1.7kB lib/helpers/query/selectPopulatedFields.js
2026-05-30T01:16:30.2970039Z npm notice 299B lib/helpers/query/trusted.js
2026-05-30T01:16:30.2970392Z npm notice 85B lib/helpers/query/validOps.js
2026-05-30T01:16:30.2970753Z npm notice 173B lib/helpers/schema/addAutoId.js
2026-05-30T01:16:30.2971171Z npm notice 359B lib/helpers/schema/applyBuiltinPlugins.js
2026-05-30T01:16:30.2971595Z npm notice 1.6kB lib/helpers/schema/applyPlugins.js
2026-05-30T01:16:30.2972004Z npm notice 547B lib/helpers/schema/applyReadConcern.js
2026-05-30T01:16:30.2972424Z npm notice 1.3kB lib/helpers/schema/applyWriteConcern.js
2026-05-30T01:16:30.2973130Z npm notice 331B lib/helpers/schema/cleanPositionalOperators.js
2026-05-30T01:16:30.2973598Z npm notice 5.5kB lib/helpers/schema/getIndexes.js
2026-05-30T01:16:30.2974018Z npm notice 621B lib/helpers/schema/getKeysInSchemaOrder.js
2026-05-30T01:16:30.2974429Z npm notice 1.2kB lib/helpers/schema/getPath.js
2026-05-30T01:16:30.2974876Z npm notice 996B lib/helpers/schema/getSubdocumentStrictValue.js
2026-05-30T01:16:30.2975322Z npm notice 395B lib/helpers/schema/handleIdOption.js
2026-05-30T01:16:30.2975755Z npm notice 364B lib/helpers/schema/handleTimestampOption.js
2026-05-30T01:16:30.2976167Z npm notice 573B lib/helpers/schema/idGetter.js
2026-05-30T01:16:30.2976525Z npm notice 966B lib/helpers/schema/merge.js
2026-05-30T01:16:30.2977101Z npm notice 1.3kB lib/helpers/schematype/handleImmutable.js
2026-05-30T01:16:30.2977533Z npm notice 4.7kB lib/helpers/setDefaultsOnInsert.js
2026-05-30T01:16:30.2977921Z npm notice 84B lib/helpers/specialProperties.js
2026-05-30T01:16:30.2978274Z npm notice 1.2kB lib/helpers/symbols.js
2026-05-30T01:16:30.2978595Z npm notice 48B lib/helpers/timers.js
2026-05-30T01:16:30.2979011Z npm notice 842B lib/helpers/timestamps/setDocumentTimestamps.js
2026-05-30T01:16:30.2979485Z npm notice 4.3kB lib/helpers/timestamps/setupTimestamps.js
2026-05-30T01:16:30.2979931Z npm notice 396B lib/helpers/topology/allServersUnknown.js
2026-05-30T01:16:30.2980338Z npm notice 748B lib/helpers/topology/isAtlas.js
2026-05-30T01:16:30.2980718Z npm notice 559B lib/helpers/topology/isSSLError.js
2026-05-30T01:16:30.2981169Z npm notice 5.9kB lib/helpers/update/applyTimestampsToChildren.js
2026-05-30T01:16:30.2981657Z npm notice 3.9kB lib/helpers/update/applyTimestampsToUpdate.js
2026-05-30T01:16:30.2982110Z npm notice 4.5kB lib/helpers/update/castArrayFilters.js
2026-05-30T01:16:30.2982586Z npm notice 778B lib/helpers/update/decorateUpdateWithVersionKey.js
2026-05-30T01:16:30.2983459Z npm notice 845B lib/helpers/update/modifiedPaths.js
2026-05-30T01:16:30.2984294Z npm notice 1.3kB lib/helpers/update/moveImmutableProperties.js
2026-05-30T01:16:30.2985039Z npm notice 1.2kB lib/helpers/update/removeUnusedArrayFilters.js
2026-05-30T01:16:30.2985573Z npm notice 775B lib/helpers/update/updatedPathsByArrayFilter.js
2026-05-30T01:16:30.2986018Z npm notice 5.9kB lib/helpers/updateValidators.js
2026-05-30T01:16:30.2986522Z npm notice 315B lib/index.js
2026-05-30T01:16:30.2986832Z npm notice 1.6kB lib/internal.js
2026-05-30T01:16:30.2987129Z npm notice 198.0kB lib/model.js
2026-05-30T01:16:30.2987452Z npm notice 229B lib/modifiedPathsSnapshot.js
2026-05-30T01:16:30.2987787Z npm notice 55.5kB lib/mongoose.js
2026-05-30T01:16:30.2988173Z npm notice 302B lib/options.js
2026-05-30T01:16:30.3009107Z npm notice 829B lib/options/populateOptions.js
2026-05-30T01:16:30.3009585Z npm notice 128B lib/options/propertyOptions.js
2026-05-30T01:16:30.3010142Z npm notice 258B lib/options/saveOptions.js
2026-05-30T01:16:30.3010671Z npm notice 2.0kB lib/options/schemaArrayOptions.js
2026-05-30T01:16:30.3011096Z npm notice 747B lib/options/schemaBufferOptions.js
2026-05-30T01:16:30.3011505Z npm notice 1.6kB lib/options/schemaDateOptions.js
2026-05-30T01:16:30.3012145Z npm notice 2.4kB lib/options/schemaDocumentArrayOptions.js
2026-05-30T01:16:30.3013086Z npm notice 1.1kB lib/options/schemaMapOptions.js
2026-05-30T01:16:30.3013726Z npm notice 2.2kB lib/options/schemaNumberOptions.js
2026-05-30T01:16:30.3014323Z npm notice 1.4kB lib/options/schemaObjectIdOptions.js
2026-05-30T01:16:30.3014820Z npm notice 3.7kB lib/options/schemaStringOptions.js
2026-05-30T01:16:30.3015254Z npm notice 2.4kB lib/options/schemaSubdocumentOptions.js
2026-05-30T01:16:30.3015920Z npm notice 6.4kB lib/options/schemaTypeOptions.js
2026-05-30T01:16:30.3016589Z npm notice 739B lib/options/schemaUnionOptions.js
2026-05-30T01:16:30.3017190Z npm notice 3.7kB lib/options/virtualOptions.js
2026-05-30T01:16:30.3017757Z npm notice 163B lib/plugins/index.js
2026-05-30T01:16:30.3018327Z npm notice 2.3kB lib/plugins/saveSubdocs.js
2026-05-30T01:16:30.3018867Z npm notice 2.3kB lib/plugins/sharding.js
2026-05-30T01:16:30.3019431Z npm notice 2.8kB lib/plugins/trackTransaction.js
2026-05-30T01:16:30.3020059Z npm notice 191.1kB lib/query.js
2026-05-30T01:16:30.3020574Z npm notice 11.3kB lib/queryHelpers.js
2026-05-30T01:16:30.3021054Z npm notice 105.7kB lib/schema.js
2026-05-30T01:16:30.3021521Z npm notice 19.5kB lib/schema/array.js
2026-05-30T01:16:30.3021934Z npm notice 5.8kB lib/schema/bigint.js
2026-05-30T01:16:30.3022304Z npm notice 7.5kB lib/schema/boolean.js
2026-05-30T01:16:30.3023021Z npm notice 8.6kB lib/schema/buffer.js
2026-05-30T01:16:30.3023586Z npm notice 12.2kB lib/schema/date.js
2026-05-30T01:16:30.3024095Z npm notice 6.0kB lib/schema/decimal128.js
2026-05-30T01:16:30.3024703Z npm notice 19.7kB lib/schema/documentArray.js
2026-05-30T01:16:30.3025594Z npm notice 3.6kB lib/schema/documentArrayElement.js
2026-05-30T01:16:30.3026142Z npm notice 5.1kB lib/schema/double.js
2026-05-30T01:16:30.3026647Z npm notice 934B lib/schema/index.js
2026-05-30T01:16:30.3027187Z npm notice 6.1kB lib/schema/int32.js
2026-05-30T01:16:30.3027690Z npm notice 5.1kB lib/schema/map.js
2026-05-30T01:16:30.3028153Z npm notice 3.3kB lib/schema/mixed.js
2026-05-30T01:16:30.3028663Z npm notice 13.3kB lib/schema/number.js
2026-05-30T01:16:30.3029221Z npm notice 8.1kB lib/schema/objectId.js
2026-05-30T01:16:30.3029765Z npm notice 622B lib/schema/operators/bitwise.js
2026-05-30T01:16:30.3030366Z npm notice 190B lib/schema/operators/exists.js
2026-05-30T01:16:30.3031040Z npm notice 2.4kB lib/schema/operators/geospatial.js
2026-05-30T01:16:30.3031656Z npm notice 493B lib/schema/operators/helpers.js
2026-05-30T01:16:30.3032232Z npm notice 1.2kB lib/schema/operators/text.js
2026-05-30T01:16:30.3033035Z npm notice 447B lib/schema/operators/type.js
2026-05-30T01:16:30.3033624Z npm notice 20.6kB lib/schema/string.js
2026-05-30T01:16:30.3034130Z npm notice 12.3kB lib/schema/subdocument.js
2026-05-30T01:16:30.3034690Z npm notice 153B lib/schema/symbols.js
2026-05-30T01:16:30.3035223Z npm notice 5.6kB lib/schema/union.js
2026-05-30T01:16:30.3035715Z npm notice 7.0kB lib/schema/uuid.js
2026-05-30T01:16:30.3036168Z npm notice 58.6kB lib/schemaType.js
2026-05-30T01:16:30.3036686Z npm notice 5.6kB lib/stateMachine.js
2026-05-30T01:16:30.3037241Z npm notice 3.6kB lib/types/array/index.js
2026-05-30T01:16:30.3037961Z npm notice 142B lib/types/array/isMongooseArray.js
2026-05-30T01:16:30.3038645Z npm notice 29.5kB lib/types/array/methods/index.js
2026-05-30T01:16:30.3039272Z npm notice 4.9kB lib/types/arraySubdocument.js
2026-05-30T01:16:30.3039796Z npm notice 6.5kB lib/types/buffer.js
2026-05-30T01:16:30.3040336Z npm notice 224B lib/types/decimal128.js
2026-05-30T01:16:30.3040932Z npm notice 3.5kB lib/types/documentArray/index.js
2026-05-30T01:16:30.3041639Z npm notice 182B lib/types/documentArray/isMongooseDocumentArray.js
2026-05-30T01:16:30.3042468Z npm notice 10.9kB lib/types/documentArray/methods/index.js
2026-05-30T01:16:30.3043224Z npm notice 206B lib/types/double.js
2026-05-30T01:16:30.3043693Z npm notice 498B lib/types/index.js
2026-05-30T01:16:30.3044140Z npm notice 9.7kB lib/types/map.js
2026-05-30T01:16:30.3044459Z npm notice 811B lib/types/objectid.js
2026-05-30T01:16:30.3044865Z npm notice 10.7kB lib/types/subdocument.js
2026-05-30T01:16:30.3045413Z npm notice 192B lib/types/uuid.js
2026-05-30T01:16:30.3045899Z npm notice 23.6kB lib/utils.js
2026-05-30T01:16:30.3046352Z npm notice 786B lib/validOptions.js
2026-05-30T01:16:30.3046853Z npm notice 6.5kB lib/virtualType.js
2026-05-30T01:16:30.3047338Z npm notice 6.7kB package.json
2026-05-30T01:16:30.3047765Z npm notice 141B tstyche.json
2026-05-30T01:16:30.3048206Z npm notice 7.0kB types/aggregate.d.ts
2026-05-30T01:16:30.3048743Z npm notice 269B types/augmentations.d.ts
2026-05-30T01:16:30.3049303Z npm notice 288B types/callback.d.ts
2026-05-30T01:16:30.3049786Z npm notice 1.6kB types/collection.d.ts
2026-05-30T01:16:30.3050319Z npm notice 12.8kB types/connection.d.ts
2026-05-30T01:16:30.3050700Z npm notice 2.4kB types/cursor.d.ts
2026-05-30T01:16:30.3051099Z npm notice 15.3kB types/document.d.ts
2026-05-30T01:16:30.3051426Z npm notice 3.8kB types/error.d.ts
2026-05-30T01:16:30.3051746Z npm notice 117.4kB types/expressions.d.ts
2026-05-30T01:16:30.3052072Z npm notice 1.2kB types/helpers.d.ts
2026-05-30T01:16:30.3052376Z npm notice 55.2kB types/index.d.ts
2026-05-30T01:16:30.3052682Z npm notice 3.7kB types/indexes.d.ts
2026-05-30T01:16:30.3053510Z npm notice 7.2kB types/inferhydrateddoctype.d.ts
2026-05-30T01:16:30.3054158Z npm notice 9.7kB types/inferrawdoctype.d.ts
2026-05-30T01:16:30.3054710Z npm notice 15.3kB types/inferschematype.d.ts
2026-05-30T01:16:30.3055254Z npm notice 3.0kB types/middlewares.d.ts
2026-05-30T01:16:30.3055793Z npm notice 48.6kB types/models.d.ts
2026-05-30T01:16:30.3056320Z npm notice 7.4kB types/mongooseoptions.d.ts
2026-05-30T01:16:30.3057049Z npm notice 12.5kB types/pipelinestage.d.ts
2026-05-30T01:16:30.3057392Z npm notice 3.7kB types/populate.d.ts
2026-05-30T01:16:30.3057819Z npm notice 38.5kB types/query.d.ts
2026-05-30T01:16:30.3058154Z npm notice 11.9kB types/schemaoptions.d.ts
2026-05-30T01:16:30.3058493Z npm notice 26.7kB types/schematypes.d.ts
2026-05-30T01:16:30.3058816Z npm notice 1.3kB types/session.d.ts
2026-05-30T01:16:30.3059225Z npm notice 4.1kB types/types.d.ts
2026-05-30T01:16:30.3059749Z npm notice 6.8kB types/utility.d.ts
2026-05-30T01:16:30.3060290Z npm notice 1.1kB types/validation.d.ts
2026-05-30T01:16:30.3060764Z npm notice 803B types/virtuals.d.ts
2026-05-30T01:16:30.3061198Z npm notice Tarball Details
2026-05-30T01:16:30.3061480Z npm notice name: mongoose
2026-05-30T01:16:30.3061740Z npm notice version: 9.6.3
2026-05-30T01:16:30.3062045Z npm notice filename: mongoose-9.6.3.tgz
2026-05-30T01:16:30.3062381Z npm notice package size: 456.6 kB
2026-05-30T01:16:30.3062692Z npm notice unpacked size: 2.1 MB
2026-05-30T01:16:30.3063435Z npm notice shasum: 5bf52a439b05644c9bdf73255dcab72d642a6394
2026-05-30T01:16:30.3064034Z npm notice integrity: sha512-9GT1hyJPI7PhI[...]AOO1y7YSphZfQ==
2026-05-30T01:16:30.3064406Z npm notice total files: 296
2026-05-30T01:16:30.3064721Z npm notice
2026-05-30T01:16:30.3250994Z ##[group]Run npm run test:ci
2026-05-30T01:16:30.3251296Z [36;1mnpm run test:ci[0m
2026-05-30T01:16:30.3304428Z shell: /usr/bin/bash -e {0}
2026-05-30T01:16:30.3304680Z env:
2026-05-30T01:16:30.3304869Z   MONGOMS_VERSION: 6.0.15
2026-05-30T01:16:30.3305110Z   MONGOMS_PREFER_GLOBAL_PATH: 1
2026-05-30T01:16:30.3305357Z   FORCE_COLOR: true
2026-05-30T01:16:30.3305563Z ##[endgroup]
2026-05-30T01:16:30.4451304Z 
2026-05-30T01:16:30.4452019Z > mongoose@9.6.3 test:ci
2026-05-30T01:16:30.4452806Z > npm run test -- --reporter min
2026-05-30T01:16:30.4453425Z 
2026-05-30T01:16:30.5650924Z 
2026-05-30T01:16:30.5651335Z > mongoose@9.6.3 test
2026-05-30T01:16:30.5651800Z > mocha --exit ./test/*.test.js --reporter min
2026-05-30T01:16:30.5652074Z 
2026-05-30T01:16:31.2306502Z [31m
2026-05-30T01:16:31.2307018Z You're not testing shards!
2026-05-30T01:16:31.2307746Z Please set the MONGOOSE_SHARD_TEST_URI env variable.
2026-05-30T01:16:31.2308787Z e.g: `mongodb://127.0.0.1:27017/database
2026-05-30T01:16:31.2309600Z Sharding must already be enabled on your database
2026-05-30T01:16:31.2310270Z [39m
2026-05-30T01:17:26.8540309Z [2J[1;3H
2026-05-30T01:17:26.8541755Z [92m [0m[32m 4346 passing[0m[90m (55s)[0m
2026-05-30T01:17:26.8542532Z [36m [0m[36m 45 pending[0m
2026-05-30T01:17:26.8542732Z 
2026-05-30T01:17:31.2961307Z Post job cleanup.
2026-05-30T01:17:31.4297134Z Cache hit occurred on the primary key ubuntu-22.04-6.0.15, not saving cache.
2026-05-30T01:17:31.4407073Z Post job cleanup.
2026-05-30T01:17:31.5836534Z Post job cleanup.
2026-05-30T01:17:31.6701945Z [command]/usr/bin/git version
2026-05-30T01:17:31.6738935Z git version 2.54.0
2026-05-30T01:17:31.6782037Z Temporarily overriding HOME='/home/runner/work/_temp/aad12e52-ee7e-481a-a1ed-8f7295086724' before making global git config changes
2026-05-30T01:17:31.6783892Z Adding repository directory to the temporary git global config as a safe directory
2026-05-30T01:17:31.6788705Z [command]/usr/bin/git config --global --add safe.directory /home/runner/work/mongoose/mongoose
2026-05-30T01:17:31.6821008Z Removing SSH command configuration
2026-05-30T01:17:31.6828063Z [command]/usr/bin/git config --local --name-only --get-regexp core\.sshCommand
2026-05-30T01:17:31.6862457Z [command]/usr/bin/git submodule foreach --recursive sh -c "git config --local --name-only --get-regexp 'core\.sshCommand' && git config --local --unset-all 'core.sshCommand' || :"
2026-05-30T01:17:31.7107675Z Removing HTTP extra header
2026-05-30T01:17:31.7112733Z [command]/usr/bin/git config --local --name-only --get-regexp http\.https\:\/\/github\.com\/\.extraheader
2026-05-30T01:17:31.7149221Z [command]/usr/bin/git submodule foreach --recursive sh -c "git config --local --name-only --get-regexp 'http\.https\:\/\/github\.com\/\.extraheader' && git config --local --unset-all 'http.https://github.com/.extraheader' || :"
2026-05-30T01:17:31.7387839Z Removing includeIf entries pointing to credentials config files
2026-05-30T01:17:31.7394898Z [command]/usr/bin/git config --local --name-only --get-regexp ^includeIf\.gitdir:
2026-05-30T01:17:31.7418954Z includeif.gitdir:/home/runner/work/mongoose/mongoose/.git.path
2026-05-30T01:17:31.7419932Z includeif.gitdir:/home/runner/work/mongoose/mongoose/.git/worktrees/*.path
2026-05-30T01:17:31.7420455Z includeif.gitdir:/github/workspace/.git.path
2026-05-30T01:17:31.7420901Z includeif.gitdir:/github/workspace/.git/worktrees/*.path
2026-05-30T01:17:31.7428661Z [command]/usr/bin/git config --local --get-all includeif.gitdir:/home/runner/work/mongoose/mongoose/.git.path
2026-05-30T01:17:31.7450538Z /home/runner/work/_temp/git-credentials-42f4fb77-a60a-4fcd-a9bb-88ab4f74019f.config
2026-05-30T01:17:31.7461198Z [command]/usr/bin/git config --local --unset includeif.gitdir:/home/runner/work/mongoose/mongoose/.git.path /home/runner/work/_temp/git-credentials-42f4fb77-a60a-4fcd-a9bb-88ab4f74019f.config
2026-05-30T01:17:31.7498074Z [command]/usr/bin/git config --local --get-all includeif.gitdir:/home/runner/work/mongoose/mongoose/.git/worktrees/*.path
2026-05-30T01:17:31.7520461Z /home/runner/work/_temp/git-credentials-42f4fb77-a60a-4fcd-a9bb-88ab4f74019f.config
2026-05-30T01:17:31.7530189Z [command]/usr/bin/git config --local --unset includeif.gitdir:/home/runner/work/mongoose/mongoose/.git/worktrees/*.path /home/runner/work/_temp/git-credentials-42f4fb77-a60a-4fcd-a9bb-88ab4f74019f.config
2026-05-30T01:17:31.7564012Z [command]/usr/bin/git config --local --get-all includeif.gitdir:/github/workspace/.git.path
2026-05-30T01:17:31.7586145Z /github/runner_temp/git-credentials-42f4fb77-a60a-4fcd-a9bb-88ab4f74019f.config
2026-05-30T01:17:31.7594329Z [command]/usr/bin/git config --local --unset includeif.gitdir:/github/workspace/.git.path /github/runner_temp/git-credentials-42f4fb77-a60a-4fcd-a9bb-88ab4f74019f.config
2026-05-30T01:17:31.7626152Z [command]/usr/bin/git config --local --get-all includeif.gitdir:/github/workspace/.git/worktrees/*.path
2026-05-30T01:17:31.7648186Z /github/runner_temp/git-credentials-42f4fb77-a60a-4fcd-a9bb-88ab4f74019f.config
2026-05-30T01:17:31.7658144Z [command]/usr/bin/git config --local --unset includeif.gitdir:/github/workspace/.git/worktrees/*.path /github/runner_temp/git-credentials-42f4fb77-a60a-4fcd-a9bb-88ab4f74019f.config
2026-05-30T01:17:31.7705312Z [command]/usr/bin/git submodule foreach --recursive git config --local --show-origin --name-only --get-regexp remote.origin.url
2026-05-30T01:17:31.7941867Z Removing credentials config '/home/runner/work/_temp/git-credentials-42f4fb77-a60a-4fcd-a9bb-88ab4f74019f.config'
2026-05-30T01:17:31.8088740Z Cleaning up orphan processes
