2026-05-05T17:44:17.5666428Z Current runner version: '2.333.1'
2026-05-05T17:44:17.5754908Z Runner name: 'depot-kx8470z81d'
2026-05-05T17:44:17.5755925Z Runner group name: 'default'
2026-05-05T17:44:17.5756648Z Machine name: 'depot-machine'
2026-05-05T17:44:17.5809813Z ##[group]GITHUB_TOKEN Permissions
2026-05-05T17:44:17.5811924Z Contents: write
2026-05-05T17:44:17.5812535Z Metadata: read
2026-05-05T17:44:17.5812928Z PullRequests: write
2026-05-05T17:44:17.5813317Z ##[endgroup]
2026-05-05T17:44:17.5813758Z Secret source: Actions
2026-05-05T17:44:17.5815848Z Prepare workflow directory
2026-05-05T17:44:17.6021211Z Prepare all required actions
2026-05-05T17:44:17.6047548Z Getting action download info
2026-05-05T17:44:17.9069816Z Download action repository 'actions/checkout@v6' (SHA:de0fac2e4500dabe0009e67214ff5f5447ce83dd)
2026-05-05T17:44:18.5653190Z Download action repository 'actions/setup-go@v6' (SHA:4a3601121dd01d1626a1e23e37211e3254c1c06c)
2026-05-05T17:44:18.7154966Z Download action repository 'technote-space/get-diff-action@v6.1.2' (SHA:f27caffdd0fb9b13f4fc191c016bb4e0632844af)
2026-05-05T17:44:18.7965384Z Download action repository 'actions/upload-artifact@v6' (SHA:b7c566a772e6b6bfb58ed0dc250532a479d7789f)
2026-05-05T17:44:19.2183608Z Complete job name: test-integration
2026-05-05T17:44:19.2748021Z ##[group]Run actions/checkout@v6
2026-05-05T17:44:19.2750284Z with:
2026-05-05T17:44:19.2751167Z   repository: cosmos/cosmos-sdk
2026-05-05T17:44:19.2752364Z   token: ***
2026-05-05T17:44:19.2753083Z   ssh-strict: true
2026-05-05T17:44:19.2753810Z   ssh-user: git
2026-05-05T17:44:19.2754553Z   persist-credentials: true
2026-05-05T17:44:19.2755347Z   clean: true
2026-05-05T17:44:19.2756097Z   sparse-checkout-cone-mode: true
2026-05-05T17:44:19.2757065Z   fetch-depth: 1
2026-05-05T17:44:19.2757838Z   fetch-tags: false
2026-05-05T17:44:19.2758568Z   show-progress: true
2026-05-05T17:44:19.2759308Z   lfs: false
2026-05-05T17:44:19.2759979Z   submodules: false
2026-05-05T17:44:19.2760709Z   set-safe-directory: true
2026-05-05T17:44:19.2761599Z ##[endgroup]
2026-05-05T17:44:28.1682110Z Syncing repository: cosmos/cosmos-sdk
2026-05-05T17:44:28.1684625Z ##[group]Getting Git version info
2026-05-05T17:44:28.1685166Z Working directory is '/home/runner/work/cosmos-sdk/cosmos-sdk'
2026-05-05T17:44:28.1685691Z [command]/usr/bin/git version
2026-05-05T17:44:28.4661778Z git version 2.54.0
2026-05-05T17:44:28.4690165Z ##[endgroup]
2026-05-05T17:44:28.4699448Z Temporarily overriding HOME='/home/runner/work/_temp/5041b15d-26e0-42a5-ad86-f6f6ab90941f' before making global git config changes
2026-05-05T17:44:28.4700212Z Adding repository directory to the temporary git global config as a safe directory
2026-05-05T17:44:28.4703202Z [command]/usr/bin/git config --global --add safe.directory /home/runner/work/cosmos-sdk/cosmos-sdk
2026-05-05T17:44:28.4725156Z Deleting the contents of '/home/runner/work/cosmos-sdk/cosmos-sdk'
2026-05-05T17:44:28.4726527Z ##[group]Initializing the repository
2026-05-05T17:44:28.4728892Z [command]/usr/bin/git init /home/runner/work/cosmos-sdk/cosmos-sdk
2026-05-05T17:44:28.5967987Z hint: Using 'master' as the name for the initial branch. This default branch name
2026-05-05T17:44:28.5968725Z hint: will change to "main" in Git 3.0. To configure the initial branch name
2026-05-05T17:44:28.5969278Z hint: to use in all of your new repositories, which will suppress this warning,
2026-05-05T17:44:28.5969767Z hint: call:
2026-05-05T17:44:28.5970001Z hint:
2026-05-05T17:44:28.5970307Z hint: 	git config --global init.defaultBranch <name>
2026-05-05T17:44:28.5970652Z hint:
2026-05-05T17:44:28.5970940Z hint: Names commonly chosen instead of 'master' are 'main', 'trunk' and
2026-05-05T17:44:28.5971374Z hint: 'development'. The just-created branch can be renamed via this command:
2026-05-05T17:44:28.5971706Z hint:
2026-05-05T17:44:28.5972014Z hint: 	git branch -m <name>
2026-05-05T17:44:28.5972267Z hint:
2026-05-05T17:44:28.5972570Z hint: Disable this message with "git config set advice.defaultBranchName false"
2026-05-05T17:44:28.5973049Z Initialized empty Git repository in /home/runner/work/cosmos-sdk/cosmos-sdk/.git/
2026-05-05T17:44:28.5974142Z [command]/usr/bin/git remote add origin https://github.com/cosmos/cosmos-sdk
2026-05-05T17:44:28.6006010Z ##[endgroup]
2026-05-05T17:44:28.6006599Z ##[group]Disabling automatic garbage collection
2026-05-05T17:44:28.6008563Z [command]/usr/bin/git config --local gc.auto 0
2026-05-05T17:44:28.6020530Z ##[endgroup]
2026-05-05T17:44:28.6020854Z ##[group]Setting up auth
2026-05-05T17:44:28.6021492Z Removing SSH command configuration
2026-05-05T17:44:28.6024146Z [command]/usr/bin/git config --local --name-only --get-regexp core\.sshCommand
2026-05-05T17:44:28.6037574Z [command]/usr/bin/git submodule foreach --recursive sh -c "git config --local --name-only --get-regexp 'core\.sshCommand' && git config --local --unset-all 'core.sshCommand' || :"
2026-05-05T17:44:28.9220426Z Removing HTTP extra header
2026-05-05T17:44:28.9221326Z [command]/usr/bin/git config --local --name-only --get-regexp http\.https\:\/\/github\.com\/\.extraheader
2026-05-05T17:44:28.9231682Z [command]/usr/bin/git submodule foreach --recursive sh -c "git config --local --name-only --get-regexp 'http\.https\:\/\/github\.com\/\.extraheader' && git config --local --unset-all 'http.https://github.com/.extraheader' || :"
2026-05-05T17:44:28.9326815Z Removing includeIf entries pointing to credentials config files
2026-05-05T17:44:28.9330298Z [command]/usr/bin/git config --local --name-only --get-regexp ^includeIf\.gitdir:
2026-05-05T17:44:28.9343787Z [command]/usr/bin/git submodule foreach --recursive git config --local --show-origin --name-only --get-regexp remote.origin.url
2026-05-05T17:44:28.9438345Z [command]/usr/bin/git config --file /home/runner/work/_temp/git-credentials-3284d774-2486-41f5-9e2c-366cfe752689.config http.https://github.com/.extraheader AUTHORIZATION: basic ***
2026-05-05T17:44:28.9453556Z [command]/usr/bin/git config --local includeIf.gitdir:/home/runner/work/cosmos-sdk/cosmos-sdk/.git.path /home/runner/work/_temp/git-credentials-3284d774-2486-41f5-9e2c-366cfe752689.config
2026-05-05T17:44:28.9467103Z [command]/usr/bin/git config --local includeIf.gitdir:/home/runner/work/cosmos-sdk/cosmos-sdk/.git/worktrees/*.path /home/runner/work/_temp/git-credentials-3284d774-2486-41f5-9e2c-366cfe752689.config
2026-05-05T17:44:28.9479266Z [command]/usr/bin/git config --local includeIf.gitdir:/github/workspace/.git.path /github/runner_temp/git-credentials-3284d774-2486-41f5-9e2c-366cfe752689.config
2026-05-05T17:44:28.9491701Z [command]/usr/bin/git config --local includeIf.gitdir:/github/workspace/.git/worktrees/*.path /github/runner_temp/git-credentials-3284d774-2486-41f5-9e2c-366cfe752689.config
2026-05-05T17:44:28.9506071Z ##[endgroup]
2026-05-05T17:44:28.9506369Z ##[group]Fetching the repository
2026-05-05T17:44:28.9511106Z [command]/usr/bin/git -c protocol.version=2 fetch --no-tags --prune --no-recurse-submodules --depth=1 origin +e77c24c3eda790faf5f4ee4551323c0328b83457:refs/remotes/origin/main
2026-05-05T17:44:39.5744272Z From https://github.com/cosmos/cosmos-sdk
2026-05-05T17:44:39.5745607Z  * [new ref]         e77c24c3eda790faf5f4ee4551323c0328b83457 -> origin/main
2026-05-05T17:44:39.5761717Z [command]/usr/bin/git branch --list --remote origin/main
2026-05-05T17:44:39.5773883Z   origin/main
2026-05-05T17:44:39.5777748Z [command]/usr/bin/git rev-parse refs/remotes/origin/main
2026-05-05T17:44:39.5788263Z e77c24c3eda790faf5f4ee4551323c0328b83457
2026-05-05T17:44:39.5789490Z ##[endgroup]
2026-05-05T17:44:39.5789898Z ##[group]Determining the checkout info
2026-05-05T17:44:39.5790252Z ##[endgroup]
2026-05-05T17:44:39.5792348Z [command]/usr/bin/git sparse-checkout disable
2026-05-05T17:44:39.5838205Z [command]/usr/bin/git config --local --unset-all extensions.worktreeConfig
2026-05-05T17:44:39.5849507Z ##[group]Checking out the ref
2026-05-05T17:44:39.5851483Z [command]/usr/bin/git checkout --progress --force -B main refs/remotes/origin/main
2026-05-05T17:44:49.7659680Z Switched to a new branch 'main'
2026-05-05T17:44:49.7660793Z branch 'main' set up to track 'origin/main'.
2026-05-05T17:44:49.7669627Z ##[endgroup]
2026-05-05T17:44:49.7692741Z [command]/usr/bin/git log -1 --format=%H
2026-05-05T17:44:49.7703090Z e77c24c3eda790faf5f4ee4551323c0328b83457
2026-05-05T17:44:49.7840407Z ##[group]Run actions/setup-go@v6
2026-05-05T17:44:49.7841993Z with:
2026-05-05T17:44:49.7842216Z   go-version: 1.25.9
2026-05-05T17:44:49.7842436Z   check-latest: true
2026-05-05T17:44:49.7842666Z   cache: true
2026-05-05T17:44:49.7857337Z   cache-dependency-path: go.sum
2026-05-05T17:44:49.7857711Z   token: ***
2026-05-05T17:44:49.7857853Z ##[endgroup]
2026-05-05T17:44:49.8684062Z Setup go version spec 1.25.9
2026-05-05T17:44:49.8685665Z Attempting to resolve the latest version from the manifest...
2026-05-05T17:44:50.2980038Z matching 1.25.9...
2026-05-05T17:44:50.2999023Z Resolved as '1.25.9'
2026-05-05T17:44:50.4219673Z Found in cache @ /opt/hostedtoolcache/go/1.25.9/x64
2026-05-05T17:44:50.4220720Z Added go to the path
2026-05-05T17:44:50.4222917Z Successfully set up Go version 1.25.9
2026-05-05T17:44:51.3934103Z [command]/opt/hostedtoolcache/go/1.25.9/x64/bin/go env GOMODCACHE
2026-05-05T17:44:51.3947416Z [command]/opt/hostedtoolcache/go/1.25.9/x64/bin/go env GOCACHE
2026-05-05T17:44:51.3957645Z /home/runner/go/pkg/mod
2026-05-05T17:44:51.3963513Z /home/runner/.cache/go-build
2026-05-05T17:44:51.8102249Z Cache hit for: setup-go-Linux-x64-ubuntu22-go-1.25.9-9718bafe6b4283ec2a84bb992d4d096454b3d5a80978b0468fc9f2014867779e
2026-05-05T17:44:53.5123170Z Cache Size: ~1006 MB (1054381948 B)
2026-05-05T17:44:53.5147064Z [command]/usr/bin/tar -xf /home/runner/work/_temp/955f71df-937f-4a2a-846f-412360b628a7/cache.tzst -P -C /home/runner/work/cosmos-sdk/cosmos-sdk --use-compress-program unzstd
2026-05-05T17:45:00.2431350Z Cache restored successfully
2026-05-05T17:45:00.3113458Z Cache restored from key: setup-go-Linux-x64-ubuntu22-go-1.25.9-9718bafe6b4283ec2a84bb992d4d096454b3d5a80978b0468fc9f2014867779e
2026-05-05T17:45:00.3128611Z go version go1.25.9 linux/amd64
2026-05-05T17:45:00.3129142Z 
2026-05-05T17:45:00.3129410Z ##[group]go env
2026-05-05T17:45:03.4642663Z AR='ar'
2026-05-05T17:45:03.4643584Z CC='gcc'
2026-05-05T17:45:03.4643776Z CGO_CFLAGS='-O2 -g'
2026-05-05T17:45:03.4643974Z CGO_CPPFLAGS=''
2026-05-05T17:45:03.4644133Z CGO_CXXFLAGS='-O2 -g'
2026-05-05T17:45:03.4644346Z CGO_ENABLED='1'
2026-05-05T17:45:03.4644483Z CGO_FFLAGS='-O2 -g'
2026-05-05T17:45:03.4644668Z CGO_LDFLAGS='-O2 -g'
2026-05-05T17:45:03.4644815Z CXX='g++'
2026-05-05T17:45:03.4644953Z GCCGO='gccgo'
2026-05-05T17:45:03.4645101Z GO111MODULE=''
2026-05-05T17:45:03.4645239Z GOAMD64='v1'
2026-05-05T17:45:03.4645375Z GOARCH='amd64'
2026-05-05T17:45:03.4645514Z GOAUTH='netrc'
2026-05-05T17:45:03.4645651Z GOBIN=''
2026-05-05T17:45:03.4645813Z GOCACHE='/home/runner/.cache/go-build'
2026-05-05T17:45:03.4646124Z GOCACHEPROG='/usr/local/bin/depot gocache'
2026-05-05T17:45:03.4646321Z GODEBUG=''
2026-05-05T17:45:03.4646467Z GOENV='/home/runner/.config/go/env'
2026-05-05T17:45:03.4646636Z GOEXE=''
2026-05-05T17:45:03.4646780Z GOEXPERIMENT=''
2026-05-05T17:45:03.4646933Z GOFIPS140='off'
2026-05-05T17:45:03.4647070Z GOFLAGS=''
2026-05-05T17:45:03.4647502Z GOGCCFLAGS='-fPIC -m64 -pthread -Wl,--no-gc-sections -fmessage-length=0 -ffile-prefix-map=/tmp/go-build1782704836=/tmp/go-build -gno-record-gcc-switches'
2026-05-05T17:45:03.4647910Z GOHOSTARCH='amd64'
2026-05-05T17:45:03.4648060Z GOHOSTOS='linux'
2026-05-05T17:45:03.4648203Z GOINSECURE=''
2026-05-05T17:45:03.4648386Z GOMOD='/home/runner/work/cosmos-sdk/cosmos-sdk/go.mod'
2026-05-05T17:45:03.4648613Z GOMODCACHE='/home/runner/go/pkg/mod'
2026-05-05T17:45:03.4648800Z GONOPROXY=''
2026-05-05T17:45:03.4648932Z GONOSUMDB=''
2026-05-05T17:45:03.4649066Z GOOS='linux'
2026-05-05T17:45:03.4649214Z GOPATH='/home/runner/go'
2026-05-05T17:45:03.4649522Z GOPRIVATE=''
2026-05-05T17:45:03.4649791Z GOPROXY='https://proxy.golang.org,direct'
2026-05-05T17:45:03.4650012Z GOROOT='/opt/hostedtoolcache/go/1.25.9/x64'
2026-05-05T17:45:03.4650206Z GOSUMDB='sum.golang.org'
2026-05-05T17:45:03.4650364Z GOTELEMETRY='local'
2026-05-05T17:45:03.4650640Z GOTELEMETRYDIR='/home/runner/.config/go/telemetry'
2026-05-05T17:45:03.4650868Z GOTMPDIR=''
2026-05-05T17:45:03.4651010Z GOTOOLCHAIN='local'
2026-05-05T17:45:03.4651308Z GOTOOLDIR='/opt/hostedtoolcache/go/1.25.9/x64/pkg/tool/linux_amd64'
2026-05-05T17:45:03.4651534Z GOVCS=''
2026-05-05T17:45:03.4651673Z GOVERSION='go1.25.9'
2026-05-05T17:45:03.4651829Z GOWORK=''
2026-05-05T17:45:03.4651964Z PKG_CONFIG='pkg-config'
2026-05-05T17:45:03.4652073Z 
2026-05-05T17:45:03.4652526Z ##[endgroup]
2026-05-05T17:45:03.4758778Z ##[group]Run technote-space/get-diff-action@v6.1.2
2026-05-05T17:45:03.4759194Z with:
2026-05-05T17:45:03.4759401Z   PATTERNS: **/*.go
go.mod
go.sum
**/go.mod
**/go.sum
**/Makefile
Makefile

2026-05-05T17:45:03.4759719Z   GITHUB_TOKEN: ***
2026-05-05T17:45:03.4759870Z   DOT: ...
2026-05-05T17:45:03.4760021Z   DIFF_FILTER: AMRC
2026-05-05T17:45:03.4760151Z   FORMAT: text
2026-05-05T17:45:03.4760282Z   SEPARATOR:  
2026-05-05T17:45:03.4760415Z   SET_ENV_NAME: GIT_DIFF
2026-05-05T17:45:03.4760582Z   SET_ENV_NAME_FILTERED_DIFF: GIT_DIFF_FILTERED
2026-05-05T17:45:03.4760773Z   SET_ENV_NAME_MATCHED_FILES: MATCHED_FILES
2026-05-05T17:45:03.4760942Z   COUNT_DEFAULT: 0
2026-05-05T17:45:03.4761076Z   INSERTIONS_DEFAULT: 0
2026-05-05T17:45:03.4761215Z   DELETIONS_DEFAULT: 0
2026-05-05T17:45:03.4761349Z   LINES_DEFAULT: 0
2026-05-05T17:45:03.4761486Z env:
2026-05-05T17:45:03.4761609Z   GOTOOLCHAIN: local
2026-05-05T17:45:03.4761744Z ##[endgroup]
2026-05-05T17:45:06.6922395Z 
2026-05-05T17:45:06.6923888Z ==================================================
2026-05-05T17:45:06.6932171Z Version:  technote-space/get-diff-action@v6.1.2
2026-05-05T17:45:06.6938494Z           8b488b8bab8b83bd44e8db90c22cb99dbf1390cf
2026-05-05T17:45:06.6938727Z Event:    push
2026-05-05T17:45:06.6938882Z Action:   undefined
2026-05-05T17:45:06.6939080Z sha:      e77c24c3eda790faf5f4ee4551323c0328b83457
2026-05-05T17:45:06.6939279Z ref:      refs/heads/main
2026-05-05T17:45:06.6939450Z owner:    cosmos
2026-05-05T17:45:06.6939611Z repo:     cosmos-sdk
2026-05-05T17:45:06.6939723Z 
2026-05-05T17:45:06.6940076Z ##[group]Dump context
2026-05-05T17:45:06.6942858Z Context {
2026-05-05T17:45:06.6943000Z   payload: {
2026-05-05T17:45:06.6943332Z     after: 'e77c24c3eda790faf5f4ee4551323c0328b83457',
2026-05-05T17:45:06.6943556Z     base_ref: null,
2026-05-05T17:45:06.6943820Z     before: '9eb01386f11bb6326f543a9efe9ed4dccf8856c3',
2026-05-05T17:45:06.6944019Z     commits: [ [Object] ],
2026-05-05T17:45:06.6944314Z     compare: 'https://github.com/cosmos/cosmos-sdk/compare/9eb01386f11b...e77c24c3eda7',
2026-05-05T17:45:06.6944572Z     created: false,
2026-05-05T17:45:06.6944727Z     deleted: false,
2026-05-05T17:45:06.6944867Z     enterprise: {
2026-05-05T17:45:06.6945109Z       avatar_url: 'https://avatars.githubusercontent.com/b/521914?v=4',
2026-05-05T17:45:06.6945570Z       created_at: '2025-12-10T02:34:09Z',
2026-05-05T17:45:06.6946225Z       description: 'I Love Cøsmos',
2026-05-05T17:45:06.6946509Z       html_url: 'https://github.com/enterprises/cosmos-labs',
2026-05-05T17:45:06.6946721Z       id: 521914,
2026-05-05T17:45:06.6946901Z       name: 'Cøsmos Labs',
2026-05-05T17:45:06.6947086Z       node_id: 'E_kgDOAAf2ug',
2026-05-05T17:45:06.6947269Z       slug: 'cosmos-labs',
2026-05-05T17:45:06.6947448Z       updated_at: '2026-04-08T13:43:47Z',
2026-05-05T17:45:06.6947666Z       website_url: 'https://www.cosmoslabs.io/'
2026-05-05T17:45:06.6947843Z     },
2026-05-05T17:45:06.6947977Z     forced: false,
2026-05-05T17:45:06.6948140Z     head_commit: {
2026-05-05T17:45:06.6948291Z       author: [Object],
2026-05-05T17:45:06.6948452Z       committer: [Object],
2026-05-05T17:45:06.6948613Z       distinct: true,
2026-05-05T17:45:06.6948815Z       id: 'e77c24c3eda790faf5f4ee4551323c0328b83457',
2026-05-05T17:45:06.6949055Z       message: 'chore(deps): bump comet (#26388)',
2026-05-05T17:45:06.6949264Z       timestamp: '2026-05-05T17:39:42Z',
2026-05-05T17:45:06.6949492Z       tree_id: '348d8bf0624e47bade68ca8f1dab1b75f43ac851',
2026-05-05T17:45:06.6949914Z       url: 'https://github.com/cosmos/cosmos-sdk/commit/e77c24c3eda790faf5f4ee4551323c0328b83457'
2026-05-05T17:45:06.6950176Z     },
2026-05-05T17:45:06.6950313Z     organization: {
2026-05-05T17:45:06.6950556Z       avatar_url: 'https://avatars.githubusercontent.com/u/228843?v=4',
2026-05-05T17:45:06.6950825Z       description: 'The Internet of Blockchains',
2026-05-05T17:45:06.6951083Z       events_url: 'https://api.github.com/orgs/cosmos/events',
2026-05-05T17:45:06.6951452Z       hooks_url: 'https://api.github.com/orgs/cosmos/hooks',
2026-05-05T17:45:06.6951653Z       id: 228843,
2026-05-05T17:45:06.6951862Z       issues_url: 'https://api.github.com/orgs/cosmos/issues',
2026-05-05T17:45:06.6952069Z       login: 'cosmos',
2026-05-05T17:45:06.6952319Z       members_url: 'https://api.github.com/orgs/cosmos/members{/member}',
2026-05-05T17:45:06.6952591Z       node_id: 'MDEyOk9yZ2FuaXphdGlvbjIyODg0Mw==',
2026-05-05T17:45:06.6952901Z       public_members_url: 'https://api.github.com/orgs/cosmos/public_members{/member}',
2026-05-05T17:45:06.6953221Z       repos_url: 'https://api.github.com/orgs/cosmos/repos',
2026-05-05T17:45:06.6953462Z       url: 'https://api.github.com/orgs/cosmos'
2026-05-05T17:45:06.6953638Z     },
2026-05-05T17:45:06.6953828Z     pusher: { email: null, name: 'github-merge-queue[bot]' },
2026-05-05T17:45:06.6954034Z     ref: 'refs/heads/main',
2026-05-05T17:45:06.6954233Z     repository: {
2026-05-05T17:45:06.6954388Z       allow_forking: true,
2026-05-05T17:45:06.6954686Z       archive_url: 'https://api.github.com/repos/cosmos/cosmos-sdk/{archive_format}{/ref}',
2026-05-05T17:45:06.6954943Z       archived: false,
2026-05-05T17:45:06.6955212Z       assignees_url: 'https://api.github.com/repos/cosmos/cosmos-sdk/assignees{/user}',
2026-05-05T17:45:06.6955566Z       blobs_url: 'https://api.github.com/repos/cosmos/cosmos-sdk/git/blobs{/sha}',
2026-05-05T17:45:06.6955920Z       branches_url: 'https://api.github.com/repos/cosmos/cosmos-sdk/branches{/branch}',
2026-05-05T17:45:06.6956368Z       clone_url: 'https://github.com/cosmos/cosmos-sdk.git',
2026-05-05T17:45:06.6956746Z       collaborators_url: 'https://api.github.com/repos/cosmos/cosmos-sdk/collaborators{/collaborator}',
2026-05-05T17:45:06.6957141Z       comments_url: 'https://api.github.com/repos/cosmos/cosmos-sdk/comments{/number}',
2026-05-05T17:45:06.6957489Z       commits_url: 'https://api.github.com/repos/cosmos/cosmos-sdk/commits{/sha}',
2026-05-05T17:45:06.6957866Z       compare_url: 'https://api.github.com/repos/cosmos/cosmos-sdk/compare/{base}...{head}',
2026-05-05T17:45:06.6958235Z       contents_url: 'https://api.github.com/repos/cosmos/cosmos-sdk/contents/{+path}',
2026-05-05T17:45:06.6958596Z       contributors_url: 'https://api.github.com/repos/cosmos/cosmos-sdk/contributors',
2026-05-05T17:45:06.6958847Z       created_at: 1454742953,
2026-05-05T17:45:06.6959041Z       custom_properties: {},
2026-05-05T17:45:06.6959218Z       default_branch: 'main',
2026-05-05T17:45:06.6959494Z       deployments_url: 'https://api.github.com/repos/cosmos/cosmos-sdk/deployments',
2026-05-05T17:45:06.6959877Z       description: ':chains: A Framework for Building High Value Public Blockchains :sparkles:',
2026-05-05T17:45:06.6960140Z       disabled: false,
2026-05-05T17:45:06.6960407Z       downloads_url: 'https://api.github.com/repos/cosmos/cosmos-sdk/downloads',
2026-05-05T17:45:06.6960730Z       events_url: 'https://api.github.com/repos/cosmos/cosmos-sdk/events',
2026-05-05T17:45:06.6960952Z       fork: false,
2026-05-05T17:45:06.6961103Z       forks: 4177,
2026-05-05T17:45:06.6961264Z       forks_count: 4177,
2026-05-05T17:45:06.6961509Z       forks_url: 'https://api.github.com/repos/cosmos/cosmos-sdk/forks',
2026-05-05T17:45:06.6961755Z       full_name: 'cosmos/cosmos-sdk',
2026-05-05T17:45:06.6962053Z       git_commits_url: 'https://api.github.com/repos/cosmos/cosmos-sdk/git/commits{/sha}',
2026-05-05T17:45:06.6962407Z       git_refs_url: 'https://api.github.com/repos/cosmos/cosmos-sdk/git/refs{/sha}',
2026-05-05T17:45:06.6962783Z       git_tags_url: 'https://api.github.com/repos/cosmos/cosmos-sdk/git/tags{/sha}',
2026-05-05T17:45:06.6963076Z       git_url: 'git://github.com/cosmos/cosmos-sdk.git',
2026-05-05T17:45:06.6963280Z       has_discussions: true,
2026-05-05T17:45:06.6963452Z       has_downloads: true,
2026-05-05T17:45:06.6963625Z       has_issues: true,
2026-05-05T17:45:06.6963782Z       has_pages: true,
2026-05-05T17:45:06.6963942Z       has_projects: false,
2026-05-05T17:45:06.6964111Z       has_pull_requests: true,
2026-05-05T17:45:06.6964321Z       has_wiki: false,
2026-05-05T17:45:06.6964511Z       homepage: 'https://cosmos.network/',
2026-05-05T17:45:06.6964782Z       hooks_url: 'https://api.github.com/repos/cosmos/cosmos-sdk/hooks',
2026-05-05T17:45:06.6965053Z       html_url: 'https://github.com/cosmos/cosmos-sdk',
2026-05-05T17:45:06.6965247Z       id: 51193526,
2026-05-05T17:45:06.6965407Z       is_template: false,
2026-05-05T17:45:06.6965713Z       issue_comment_url: 'https://api.github.com/repos/cosmos/cosmos-sdk/issues/comments{/number}',
2026-05-05T17:45:06.6966590Z       issue_events_url: 'https://api.github.com/repos/cosmos/cosmos-sdk/issues/events{/number}',
2026-05-05T17:45:06.6966986Z       issues_url: 'https://api.github.com/repos/cosmos/cosmos-sdk/issues{/number}',
2026-05-05T17:45:06.6967325Z       keys_url: 'https://api.github.com/repos/cosmos/cosmos-sdk/keys{/key_id}',
2026-05-05T17:45:06.6967673Z       labels_url: 'https://api.github.com/repos/cosmos/cosmos-sdk/labels{/name}',
2026-05-05T17:45:06.6967915Z       language: 'Go',
2026-05-05T17:45:06.6968170Z       languages_url: 'https://api.github.com/repos/cosmos/cosmos-sdk/languages',
2026-05-05T17:45:06.6968406Z       license: [Object],
2026-05-05T17:45:06.6968584Z       master_branch: 'main',
2026-05-05T17:45:06.6968835Z       merges_url: 'https://api.github.com/repos/cosmos/cosmos-sdk/merges',
2026-05-05T17:45:06.6969189Z       milestones_url: 'https://api.github.com/repos/cosmos/cosmos-sdk/milestones{/number}',
2026-05-05T17:45:06.6969452Z       mirror_url: null,
2026-05-05T17:45:06.6969616Z       name: 'cosmos-sdk',
2026-05-05T17:45:06.6969824Z       node_id: 'MDEwOlJlcG9zaXRvcnk1MTE5MzUyNg==',
2026-05-05T17:45:06.6970210Z       notifications_url: 'https://api.github.com/repos/cosmos/cosmos-sdk/notifications{?since,all,participating}',
2026-05-05T17:45:06.6970518Z       open_issues: 197,
2026-05-05T17:45:06.6970687Z       open_issues_count: 197,
2026-05-05T17:45:06.6970863Z       organization: 'cosmos',
2026-05-05T17:45:06.6971038Z       owner: [Object],
2026-05-05T17:45:06.6971195Z       private: false,
2026-05-05T17:45:06.6971376Z       pull_request_creation_policy: 'all',
2026-05-05T17:45:06.6971659Z       pulls_url: 'https://api.github.com/repos/cosmos/cosmos-sdk/pulls{/number}',
2026-05-05T17:45:06.6971909Z       pushed_at: 1778003031,
2026-05-05T17:45:06.6972185Z       releases_url: 'https://api.github.com/repos/cosmos/cosmos-sdk/releases{/id}',
2026-05-05T17:45:06.6972420Z       size: 366555,
2026-05-05T17:45:06.6972619Z       ssh_url: 'git@github.com:cosmos/cosmos-sdk.git',
2026-05-05T17:45:06.6972815Z       stargazers: 6989,
2026-05-05T17:45:06.6972994Z       stargazers_count: 6989,
2026-05-05T17:45:06.6973265Z       stargazers_url: 'https://api.github.com/repos/cosmos/cosmos-sdk/stargazers',
2026-05-05T17:45:06.6973609Z       statuses_url: 'https://api.github.com/repos/cosmos/cosmos-sdk/statuses/{sha}',
2026-05-05T17:45:06.6973961Z       subscribers_url: 'https://api.github.com/repos/cosmos/cosmos-sdk/subscribers',
2026-05-05T17:45:06.6974342Z       subscription_url: 'https://api.github.com/repos/cosmos/cosmos-sdk/subscription',
2026-05-05T17:45:06.6974639Z       svn_url: 'https://github.com/cosmos/cosmos-sdk',
2026-05-05T17:45:06.6974909Z       tags_url: 'https://api.github.com/repos/cosmos/cosmos-sdk/tags',
2026-05-05T17:45:06.6975207Z       teams_url: 'https://api.github.com/repos/cosmos/cosmos-sdk/teams',
2026-05-05T17:45:06.6975424Z       topics: [Array],
2026-05-05T17:45:06.6975684Z       trees_url: 'https://api.github.com/repos/cosmos/cosmos-sdk/git/trees{/sha}',
2026-05-05T17:45:06.6975972Z       updated_at: '2026-05-04T17:32:14Z',
2026-05-05T17:45:06.6976276Z       url: 'https://api.github.com/repos/cosmos/cosmos-sdk',
2026-05-05T17:45:06.6976488Z       visibility: 'public',
2026-05-05T17:45:06.6976656Z       watchers: 6989,
2026-05-05T17:45:06.6976813Z       watchers_count: 6989,
2026-05-05T17:45:06.6976995Z       web_commit_signoff_required: false
2026-05-05T17:45:06.6977157Z     },
2026-05-05T17:45:06.6977284Z     sender: {
2026-05-05T17:45:06.6977553Z       avatar_url: 'https://avatars.githubusercontent.com/u/9919?v=4',
2026-05-05T17:45:06.6977905Z       events_url: 'https://api.github.com/users/github-merge-queue%5Bbot%5D/events{/privacy}',
2026-05-05T17:45:06.6978290Z       followers_url: 'https://api.github.com/users/github-merge-queue%5Bbot%5D/followers',
2026-05-05T17:45:06.6978695Z       following_url: 'https://api.github.com/users/github-merge-queue%5Bbot%5D/following{/other_user}',
2026-05-05T17:45:06.6979097Z       gists_url: 'https://api.github.com/users/github-merge-queue%5Bbot%5D/gists{/gist_id}',
2026-05-05T17:45:06.6979353Z       gravatar_id: '',
2026-05-05T17:45:06.6979567Z       html_url: 'https://github.com/apps/github-merge-queue',
2026-05-05T17:45:06.6979767Z       id: 118344674,
2026-05-05T17:45:06.6979940Z       login: 'github-merge-queue[bot]',
2026-05-05T17:45:06.6980141Z       node_id: 'BOT_kgDOBw3L4g',
2026-05-05T17:45:06.6980433Z       organizations_url: 'https://api.github.com/users/github-merge-queue%5Bbot%5D/orgs',
2026-05-05T17:45:06.6980829Z       received_events_url: 'https://api.github.com/users/github-merge-queue%5Bbot%5D/received_events',
2026-05-05T17:45:06.6981204Z       repos_url: 'https://api.github.com/users/github-merge-queue%5Bbot%5D/repos',
2026-05-05T17:45:06.6981449Z       site_admin: false,
2026-05-05T17:45:06.6981752Z       starred_url: 'https://api.github.com/users/github-merge-queue%5Bbot%5D/starred{/owner}{/repo}',
2026-05-05T17:45:06.6982165Z       subscriptions_url: 'https://api.github.com/users/github-merge-queue%5Bbot%5D/subscriptions',
2026-05-05T17:45:06.6982426Z       type: 'Bot',
2026-05-05T17:45:06.6982649Z       url: 'https://api.github.com/users/github-merge-queue%5Bbot%5D',
2026-05-05T17:45:06.6982880Z       user_view_type: 'public'
2026-05-05T17:45:06.6983027Z     }
2026-05-05T17:45:06.6983142Z   },
2026-05-05T17:45:06.6983269Z   eventName: 'push',
2026-05-05T17:45:06.6983443Z   sha: 'e77c24c3eda790faf5f4ee4551323c0328b83457',
2026-05-05T17:45:06.6983637Z   ref: 'refs/heads/main',
2026-05-05T17:45:06.6983802Z   workflow: 'Tests / Code Coverage',
2026-05-05T17:45:06.6983966Z   action: 'git_diff',
2026-05-05T17:45:06.6984124Z   actor: 'github-merge-queue[bot]',
2026-05-05T17:45:06.6984308Z   job: 'test-integration',
2026-05-05T17:45:06.6984458Z   runNumber: 88048,
2026-05-05T17:45:06.6984596Z   runId: 25392550126,
2026-05-05T17:45:06.6984752Z   apiUrl: 'https://api.github.com',
2026-05-05T17:45:06.6984933Z   serverUrl: 'https://github.com',
2026-05-05T17:45:06.6985136Z   graphqlUrl: 'https://api.github.com/graphql'
2026-05-05T17:45:06.6985310Z }
2026-05-05T17:45:06.6985569Z ##[endgroup]
2026-05-05T17:45:06.6985766Z ##[group]Dump Payload
2026-05-05T17:45:06.6985899Z {
2026-05-05T17:45:06.6986127Z   after: 'e77c24c3eda790faf5f4ee4551323c0328b83457',
2026-05-05T17:45:06.6986312Z   base_ref: null,
2026-05-05T17:45:06.6986480Z   before: '9eb01386f11bb6326f543a9efe9ed4dccf8856c3',
2026-05-05T17:45:06.6986662Z   commits: [
2026-05-05T17:45:06.6986789Z     {
2026-05-05T17:45:06.6986931Z       author: [Object],
2026-05-05T17:45:06.6987093Z       committer: [Object],
2026-05-05T17:45:06.6987252Z       distinct: true,
2026-05-05T17:45:06.6987442Z       id: 'e77c24c3eda790faf5f4ee4551323c0328b83457',
2026-05-05T17:45:06.6987675Z       message: 'chore(deps): bump comet (#26388)',
2026-05-05T17:45:06.6987901Z       timestamp: '2026-05-05T17:39:42Z',
2026-05-05T17:45:06.6988128Z       tree_id: '348d8bf0624e47bade68ca8f1dab1b75f43ac851',
2026-05-05T17:45:06.6988469Z       url: 'https://github.com/cosmos/cosmos-sdk/commit/e77c24c3eda790faf5f4ee4551323c0328b83457'
2026-05-05T17:45:06.6988748Z     }
2026-05-05T17:45:06.6988869Z   ],
2026-05-05T17:45:06.6989087Z   compare: 'https://github.com/cosmos/cosmos-sdk/compare/9eb01386f11b...e77c24c3eda7',
2026-05-05T17:45:06.6989326Z   created: false,
2026-05-05T17:45:06.6989460Z   deleted: false,
2026-05-05T17:45:06.6989602Z   enterprise: {
2026-05-05T17:45:06.6989820Z     avatar_url: 'https://avatars.githubusercontent.com/b/521914?v=4',
2026-05-05T17:45:06.6990088Z     created_at: '2025-12-10T02:34:09Z',
2026-05-05T17:45:06.6990325Z     description: 'I Love Cøsmos',
2026-05-05T17:45:06.6990550Z     html_url: 'https://github.com/enterprises/cosmos-labs',
2026-05-05T17:45:06.6990751Z     id: 521914,
2026-05-05T17:45:06.6990912Z     name: 'Cøsmos Labs',
2026-05-05T17:45:06.6991073Z     node_id: 'E_kgDOAAf2ug',
2026-05-05T17:45:06.6991235Z     slug: 'cosmos-labs',
2026-05-05T17:45:06.6991402Z     updated_at: '2026-04-08T13:43:47Z',
2026-05-05T17:45:06.6991617Z     website_url: 'https://www.cosmoslabs.io/'
2026-05-05T17:45:06.6991782Z   },
2026-05-05T17:45:06.6991902Z   forced: false,
2026-05-05T17:45:06.6992036Z   head_commit: {
2026-05-05T17:45:06.6992179Z     author: {
2026-05-05T17:45:06.6992339Z       email: 'matt@cosmoslabs.io',
2026-05-05T17:45:06.6992508Z       name: 'mattac21',
2026-05-05T17:45:06.6992665Z       username: 'mattac21'
2026-05-05T17:45:06.6992807Z     },
2026-05-05T17:45:06.6992939Z     committer: {
2026-05-05T17:45:06.6993104Z       email: 'noreply@github.com',
2026-05-05T17:45:06.6993269Z       name: 'GitHub',
2026-05-05T17:45:06.6993425Z       username: 'web-flow'
2026-05-05T17:45:06.6993564Z     },
2026-05-05T17:45:06.6993698Z     distinct: true,
2026-05-05T17:45:06.6993872Z     id: 'e77c24c3eda790faf5f4ee4551323c0328b83457',
2026-05-05T17:45:06.6994086Z     message: 'chore(deps): bump comet (#26388)',
2026-05-05T17:45:06.6994279Z     timestamp: '2026-05-05T17:39:42Z',
2026-05-05T17:45:06.6994494Z     tree_id: '348d8bf0624e47bade68ca8f1dab1b75f43ac851',
2026-05-05T17:45:06.6994811Z     url: 'https://github.com/cosmos/cosmos-sdk/commit/e77c24c3eda790faf5f4ee4551323c0328b83457'
2026-05-05T17:45:06.6995049Z   },
2026-05-05T17:45:06.6995173Z   organization: {
2026-05-05T17:45:06.6995387Z     avatar_url: 'https://avatars.githubusercontent.com/u/228843?v=4',
2026-05-05T17:45:06.6995642Z     description: 'The Internet of Blockchains',
2026-05-05T17:45:06.6995875Z     events_url: 'https://api.github.com/orgs/cosmos/events',
2026-05-05T17:45:06.6996219Z     hooks_url: 'https://api.github.com/orgs/cosmos/hooks',
2026-05-05T17:45:06.6996413Z     id: 228843,
2026-05-05T17:45:06.6996615Z     issues_url: 'https://api.github.com/orgs/cosmos/issues',
2026-05-05T17:45:06.6996812Z     login: 'cosmos',
2026-05-05T17:45:06.6997029Z     members_url: 'https://api.github.com/orgs/cosmos/members{/member}',
2026-05-05T17:45:06.6997279Z     node_id: 'MDEyOk9yZ2FuaXphdGlvbjIyODg0Mw==',
2026-05-05T17:45:06.6997564Z     public_members_url: 'https://api.github.com/orgs/cosmos/public_members{/member}',
2026-05-05T17:45:06.6997864Z     repos_url: 'https://api.github.com/orgs/cosmos/repos',
2026-05-05T17:45:06.6998087Z     url: 'https://api.github.com/orgs/cosmos'
2026-05-05T17:45:06.6998251Z   },
2026-05-05T17:45:06.6998420Z   pusher: { email: null, name: 'github-merge-queue[bot]' },
2026-05-05T17:45:06.6998615Z   ref: 'refs/heads/main',
2026-05-05T17:45:06.6998769Z   repository: {
2026-05-05T17:45:06.6998915Z     allow_forking: true,
2026-05-05T17:45:06.6999177Z     archive_url: 'https://api.github.com/repos/cosmos/cosmos-sdk/{archive_format}{/ref}',
2026-05-05T17:45:06.6999421Z     archived: false,
2026-05-05T17:45:06.6999676Z     assignees_url: 'https://api.github.com/repos/cosmos/cosmos-sdk/assignees{/user}',
2026-05-05T17:45:06.7000001Z     blobs_url: 'https://api.github.com/repos/cosmos/cosmos-sdk/git/blobs{/sha}',
2026-05-05T17:45:06.7000328Z     branches_url: 'https://api.github.com/repos/cosmos/cosmos-sdk/branches{/branch}',
2026-05-05T17:45:06.7000615Z     clone_url: 'https://github.com/cosmos/cosmos-sdk.git',
2026-05-05T17:45:06.7001007Z     collaborators_url: 'https://api.github.com/repos/cosmos/cosmos-sdk/collaborators{/collaborator}',
2026-05-05T17:45:06.7001390Z     comments_url: 'https://api.github.com/repos/cosmos/cosmos-sdk/comments{/number}',
2026-05-05T17:45:06.7001714Z     commits_url: 'https://api.github.com/repos/cosmos/cosmos-sdk/commits{/sha}',
2026-05-05T17:45:06.7002054Z     compare_url: 'https://api.github.com/repos/cosmos/cosmos-sdk/compare/{base}...{head}',
2026-05-05T17:45:06.7002530Z     contents_url: 'https://api.github.com/repos/cosmos/cosmos-sdk/contents/{+path}',
2026-05-05T17:45:06.7002876Z     contributors_url: 'https://api.github.com/repos/cosmos/cosmos-sdk/contributors',
2026-05-05T17:45:06.7003119Z     created_at: 1454742953,
2026-05-05T17:45:06.7003281Z     custom_properties: {},
2026-05-05T17:45:06.7003439Z     default_branch: 'main',
2026-05-05T17:45:06.7003694Z     deployments_url: 'https://api.github.com/repos/cosmos/cosmos-sdk/deployments',
2026-05-05T17:45:06.7004064Z     description: ':chains: A Framework for Building High Value Public Blockchains :sparkles:',
2026-05-05T17:45:06.7004313Z     disabled: false,
2026-05-05T17:45:06.7004549Z     downloads_url: 'https://api.github.com/repos/cosmos/cosmos-sdk/downloads',
2026-05-05T17:45:06.7004852Z     events_url: 'https://api.github.com/repos/cosmos/cosmos-sdk/events',
2026-05-05T17:45:06.7005070Z     fork: false,
2026-05-05T17:45:06.7005204Z     forks: 4177,
2026-05-05T17:45:06.7005348Z     forks_count: 4177,
2026-05-05T17:45:06.7005571Z     forks_url: 'https://api.github.com/repos/cosmos/cosmos-sdk/forks',
2026-05-05T17:45:06.7005799Z     full_name: 'cosmos/cosmos-sdk',
2026-05-05T17:45:06.7006146Z     git_commits_url: 'https://api.github.com/repos/cosmos/cosmos-sdk/git/commits{/sha}',
2026-05-05T17:45:06.7006484Z     git_refs_url: 'https://api.github.com/repos/cosmos/cosmos-sdk/git/refs{/sha}',
2026-05-05T17:45:06.7006798Z     git_tags_url: 'https://api.github.com/repos/cosmos/cosmos-sdk/git/tags{/sha}',
2026-05-05T17:45:06.7007073Z     git_url: 'git://github.com/cosmos/cosmos-sdk.git',
2026-05-05T17:45:06.7007280Z     has_discussions: true,
2026-05-05T17:45:06.7007438Z     has_downloads: true,
2026-05-05T17:45:06.7007590Z     has_issues: true,
2026-05-05T17:45:06.7007740Z     has_pages: true,
2026-05-05T17:45:06.7007888Z     has_projects: false,
2026-05-05T17:45:06.7008054Z     has_pull_requests: true,
2026-05-05T17:45:06.7008210Z     has_wiki: false,
2026-05-05T17:45:06.7008395Z     homepage: 'https://cosmos.network/',
2026-05-05T17:45:06.7008645Z     hooks_url: 'https://api.github.com/repos/cosmos/cosmos-sdk/hooks',
2026-05-05T17:45:06.7008902Z     html_url: 'https://github.com/cosmos/cosmos-sdk',
2026-05-05T17:45:06.7009093Z     id: 51193526,
2026-05-05T17:45:06.7009239Z     is_template: false,
2026-05-05T17:45:06.7009518Z     issue_comment_url: 'https://api.github.com/repos/cosmos/cosmos-sdk/issues/comments{/number}',
2026-05-05T17:45:06.7009898Z     issue_events_url: 'https://api.github.com/repos/cosmos/cosmos-sdk/issues/events{/number}',
2026-05-05T17:45:06.7010255Z     issues_url: 'https://api.github.com/repos/cosmos/cosmos-sdk/issues{/number}',
2026-05-05T17:45:06.7046370Z     keys_url: 'https://api.github.com/repos/cosmos/cosmos-sdk/keys{/key_id}',
2026-05-05T17:45:06.7046930Z     labels_url: 'https://api.github.com/repos/cosmos/cosmos-sdk/labels{/name}',
2026-05-05T17:45:06.7047208Z     language: 'Go',
2026-05-05T17:45:06.7047485Z     languages_url: 'https://api.github.com/repos/cosmos/cosmos-sdk/languages',
2026-05-05T17:45:06.7047738Z     license: {
2026-05-05T17:45:06.7047905Z       key: 'apache-2.0',
2026-05-05T17:45:06.7048079Z       name: 'Apache License 2.0',
2026-05-05T17:45:06.7048263Z       node_id: 'MDc6TGljZW5zZTI=',
2026-05-05T17:45:06.7048454Z       spdx_id: 'Apache-2.0',
2026-05-05T17:45:06.7048666Z       url: 'https://api.github.com/licenses/apache-2.0'
2026-05-05T17:45:06.7048847Z     },
2026-05-05T17:45:06.7048986Z     master_branch: 'main',
2026-05-05T17:45:06.7049252Z     merges_url: 'https://api.github.com/repos/cosmos/cosmos-sdk/merges',
2026-05-05T17:45:06.7049592Z     milestones_url: 'https://api.github.com/repos/cosmos/cosmos-sdk/milestones{/number}',
2026-05-05T17:45:06.7049839Z     mirror_url: null,
2026-05-05T17:45:06.7049989Z     name: 'cosmos-sdk',
2026-05-05T17:45:06.7050176Z     node_id: 'MDEwOlJlcG9zaXRvcnk1MTE5MzUyNg==',
2026-05-05T17:45:06.7050540Z     notifications_url: 'https://api.github.com/repos/cosmos/cosmos-sdk/notifications{?since,all,participating}',
2026-05-05T17:45:06.7050860Z     open_issues: 197,
2026-05-05T17:45:06.7051017Z     open_issues_count: 197,
2026-05-05T17:45:06.7051180Z     organization: 'cosmos',
2026-05-05T17:45:06.7051325Z     owner: {
2026-05-05T17:45:06.7051558Z       avatar_url: 'https://avatars.githubusercontent.com/u/228843?v=4',
2026-05-05T17:45:06.7051803Z       email: 'hello@cosmos.network',
2026-05-05T17:45:06.7052059Z       events_url: 'https://api.github.com/users/cosmos/events{/privacy}',
2026-05-05T17:45:06.7052365Z       followers_url: 'https://api.github.com/users/cosmos/followers',
2026-05-05T17:45:06.7052683Z       following_url: 'https://api.github.com/users/cosmos/following{/other_user}',
2026-05-05T17:45:06.7053004Z       gists_url: 'https://api.github.com/users/cosmos/gists{/gist_id}',
2026-05-05T17:45:06.7053218Z       gravatar_id: '',
2026-05-05T17:45:06.7053401Z       html_url: 'https://github.com/cosmos',
2026-05-05T17:45:06.7053576Z       id: 228843,
2026-05-05T17:45:06.7053729Z       login: 'cosmos',
2026-05-05T17:45:06.7053879Z       name: 'cosmos',
2026-05-05T17:45:06.7054067Z       node_id: 'MDEyOk9yZ2FuaXphdGlvbjIyODg0Mw==',
2026-05-05T17:45:06.7054339Z       organizations_url: 'https://api.github.com/users/cosmos/orgs',
2026-05-05T17:45:06.7054652Z       received_events_url: 'https://api.github.com/users/cosmos/received_events',
2026-05-05T17:45:06.7054955Z       repos_url: 'https://api.github.com/users/cosmos/repos',
2026-05-05T17:45:06.7055383Z       site_admin: false,
2026-05-05T17:45:06.7055633Z       starred_url: 'https://api.github.com/users/cosmos/starred{/owner}{/repo}',
2026-05-05T17:45:06.7055961Z       subscriptions_url: 'https://api.github.com/users/cosmos/subscriptions',
2026-05-05T17:45:06.7056275Z       type: 'Organization',
2026-05-05T17:45:06.7056470Z       url: 'https://api.github.com/users/cosmos',
2026-05-05T17:45:06.7056662Z       user_view_type: 'public'
2026-05-05T17:45:06.7056805Z     },
2026-05-05T17:45:06.7056935Z     private: false,
2026-05-05T17:45:06.7057108Z     pull_request_creation_policy: 'all',
2026-05-05T17:45:06.7057369Z     pulls_url: 'https://api.github.com/repos/cosmos/cosmos-sdk/pulls{/number}',
2026-05-05T17:45:06.7057599Z     pushed_at: 1778003031,
2026-05-05T17:45:06.7057844Z     releases_url: 'https://api.github.com/repos/cosmos/cosmos-sdk/releases{/id}',
2026-05-05T17:45:06.7058082Z     size: 366555,
2026-05-05T17:45:06.7058264Z     ssh_url: 'git@github.com:cosmos/cosmos-sdk.git',
2026-05-05T17:45:06.7058449Z     stargazers: 6989,
2026-05-05T17:45:06.7058600Z     stargazers_count: 6989,
2026-05-05T17:45:06.7058850Z     stargazers_url: 'https://api.github.com/repos/cosmos/cosmos-sdk/stargazers',
2026-05-05T17:45:06.7059178Z     statuses_url: 'https://api.github.com/repos/cosmos/cosmos-sdk/statuses/{sha}',
2026-05-05T17:45:06.7059499Z     subscribers_url: 'https://api.github.com/repos/cosmos/cosmos-sdk/subscribers',
2026-05-05T17:45:06.7059829Z     subscription_url: 'https://api.github.com/repos/cosmos/cosmos-sdk/subscription',
2026-05-05T17:45:06.7060109Z     svn_url: 'https://github.com/cosmos/cosmos-sdk',
2026-05-05T17:45:06.7060369Z     tags_url: 'https://api.github.com/repos/cosmos/cosmos-sdk/tags',
2026-05-05T17:45:06.7060647Z     teams_url: 'https://api.github.com/repos/cosmos/cosmos-sdk/teams',
2026-05-05T17:45:06.7060849Z     topics: [
2026-05-05T17:45:06.7060991Z       'blockchain',
2026-05-05T17:45:06.7061131Z       'cometbft',
2026-05-05T17:45:06.7061278Z       'cosmos-sdk',
2026-05-05T17:45:06.7061422Z       'cryptocurrency',
2026-05-05T17:45:06.7061596Z       'go',
2026-05-05T17:45:06.7061724Z       'golang',
2026-05-05T17:45:06.7061860Z       'tendermint'
2026-05-05T17:45:06.7061993Z     ],
2026-05-05T17:45:06.7062211Z     trees_url: 'https://api.github.com/repos/cosmos/cosmos-sdk/git/trees{/sha}',
2026-05-05T17:45:06.7062451Z     updated_at: '2026-05-04T17:32:14Z',
2026-05-05T17:45:06.7062669Z     url: 'https://api.github.com/repos/cosmos/cosmos-sdk',
2026-05-05T17:45:06.7062878Z     visibility: 'public',
2026-05-05T17:45:06.7063026Z     watchers: 6989,
2026-05-05T17:45:06.7063199Z     watchers_count: 6989,
2026-05-05T17:45:06.7063366Z     web_commit_signoff_required: false
2026-05-05T17:45:06.7063517Z   },
2026-05-05T17:45:06.7063642Z   sender: {
2026-05-05T17:45:06.7063852Z     avatar_url: 'https://avatars.githubusercontent.com/u/9919?v=4',
2026-05-05T17:45:06.7064181Z     events_url: 'https://api.github.com/users/github-merge-queue%5Bbot%5D/events{/privacy}',
2026-05-05T17:45:06.7064538Z     followers_url: 'https://api.github.com/users/github-merge-queue%5Bbot%5D/followers',
2026-05-05T17:45:06.7064917Z     following_url: 'https://api.github.com/users/github-merge-queue%5Bbot%5D/following{/other_user}',
2026-05-05T17:45:06.7065297Z     gists_url: 'https://api.github.com/users/github-merge-queue%5Bbot%5D/gists{/gist_id}',
2026-05-05T17:45:06.7065572Z     gravatar_id: '',
2026-05-05T17:45:06.7065772Z     html_url: 'https://github.com/apps/github-merge-queue',
2026-05-05T17:45:06.7065966Z     id: 118344674,
2026-05-05T17:45:06.7066211Z     login: 'github-merge-queue[bot]',
2026-05-05T17:45:06.7066388Z     node_id: 'BOT_kgDOBw3L4g',
2026-05-05T17:45:06.7066648Z     organizations_url: 'https://api.github.com/users/github-merge-queue%5Bbot%5D/orgs',
2026-05-05T17:45:06.7067019Z     received_events_url: 'https://api.github.com/users/github-merge-queue%5Bbot%5D/received_events',
2026-05-05T17:45:06.7067366Z     repos_url: 'https://api.github.com/users/github-merge-queue%5Bbot%5D/repos',
2026-05-05T17:45:06.7067606Z     site_admin: false,
2026-05-05T17:45:06.7067882Z     starred_url: 'https://api.github.com/users/github-merge-queue%5Bbot%5D/starred{/owner}{/repo}',
2026-05-05T17:45:06.7068265Z     subscriptions_url: 'https://api.github.com/users/github-merge-queue%5Bbot%5D/subscriptions',
2026-05-05T17:45:06.7068516Z     type: 'Bot',
2026-05-05T17:45:06.7068727Z     url: 'https://api.github.com/users/github-merge-queue%5Bbot%5D',
2026-05-05T17:45:06.7068942Z     user_view_type: 'public'
2026-05-05T17:45:06.7069079Z   }
2026-05-05T17:45:06.7069189Z }
2026-05-05T17:45:06.7069412Z ##[endgroup]
2026-05-05T17:45:06.7069567Z ==================================================
2026-05-05T17:45:06.7069694Z 
2026-05-05T17:45:06.8499649Z [command]git remote add get-diff-action
2026-05-05T17:45:06.8559603Z [command]git fetch --no-tags --no-recurse-submodules '--depth=10000' get-diff-action 'refs/heads/main:refs/remotes/get-diff-action/main'
2026-05-05T17:45:26.8109751Z   >> From https://github.com/cosmos/cosmos-sdk
2026-05-05T17:45:26.8110982Z   >>  * [new branch]            main       -> get-diff-action/main
2026-05-05T17:45:26.8125476Z [command]git diff '9eb01386f11bb6326f543a9efe9ed4dccf8856c3...e77c24c3eda790faf5f4ee4551323c0328b83457' '--diff-filter=AMRC' --name-only
2026-05-05T17:45:26.8146315Z   >> CHANGELOG.md
2026-05-05T17:45:26.8146772Z   >> client/v2/go.mod
2026-05-05T17:45:26.8147552Z   >> client/v2/go.sum
2026-05-05T17:45:26.8147900Z   >> enterprise/group/go.mod
2026-05-05T17:45:26.8148296Z   >> enterprise/group/go.sum
2026-05-05T17:45:26.8148521Z   >> enterprise/group/simapp/go.mod
2026-05-05T17:45:26.8148716Z   >> enterprise/group/simapp/go.sum
2026-05-05T17:45:26.8148951Z   >> enterprise/group/tests/systemtests/go.mod
2026-05-05T17:45:26.8149164Z   >> enterprise/group/tests/systemtests/go.sum
2026-05-05T17:45:26.8149409Z   >> enterprise/poa/examples/migrate-from-pos/go.mod
2026-05-05T17:45:26.8149640Z   >> enterprise/poa/examples/migrate-from-pos/go.sum
2026-05-05T17:45:26.8149845Z   >> enterprise/poa/go.mod
2026-05-05T17:45:26.8150013Z   >> enterprise/poa/go.sum
2026-05-05T17:45:26.8150278Z   >> enterprise/poa/simapp/go.mod
2026-05-05T17:45:26.8150455Z   >> enterprise/poa/simapp/go.sum
2026-05-05T17:45:26.8150642Z   >> enterprise/poa/tests/systemtests/go.mod
2026-05-05T17:45:26.8150849Z   >> enterprise/poa/tests/systemtests/go.sum
2026-05-05T17:45:26.8151018Z   >> go.mod
2026-05-05T17:45:26.8151147Z   >> go.sum
2026-05-05T17:45:26.8151281Z   >> simapp/go.mod
2026-05-05T17:45:26.8151426Z   >> simapp/go.sum
2026-05-05T17:45:26.8151570Z   >> store/go.mod
2026-05-05T17:45:26.8151759Z   >> store/go.sum
2026-05-05T17:45:26.8151893Z   >> tests/go.mod
2026-05-05T17:45:26.8152028Z   >> tests/go.sum
2026-05-05T17:45:26.8152181Z   >> tests/systemtests/go.mod
2026-05-05T17:45:26.8152346Z   >> tests/systemtests/go.sum
2026-05-05T17:45:26.8152507Z   >> tools/confix/go.mod
2026-05-05T17:45:26.8152672Z   >> tools/confix/go.sum
2026-05-05T17:45:26.8152830Z   >> tools/cosmovisor/go.mod
2026-05-05T17:45:26.8152996Z   >> tools/cosmovisor/go.sum
2026-05-05T17:45:26.8153156Z   >> tools/systemtests/go.mod
2026-05-05T17:45:26.8153321Z   >> tools/systemtests/go.sum
2026-05-05T17:45:26.8171878Z ##[group]Dump diffs
2026-05-05T17:45:26.8174192Z [
2026-05-05T17:45:26.8174418Z   { file: 'client/v2/go.mod', filterIgnored: false, isMatched: true },
2026-05-05T17:45:26.8174708Z   { file: 'client/v2/go.sum', filterIgnored: false, isMatched: true },
2026-05-05T17:45:26.8174905Z   {
2026-05-05T17:45:26.8175057Z     file: 'enterprise/group/go.mod',
2026-05-05T17:45:26.8175242Z     filterIgnored: false,
2026-05-05T17:45:26.8175404Z     isMatched: true
2026-05-05T17:45:26.8175535Z   },
2026-05-05T17:45:26.8175648Z   {
2026-05-05T17:45:26.8175793Z     file: 'enterprise/group/go.sum',
2026-05-05T17:45:26.8176111Z     filterIgnored: false,
2026-05-05T17:45:26.8176271Z     isMatched: true
2026-05-05T17:45:26.8176397Z   },
2026-05-05T17:45:26.8176509Z   {
2026-05-05T17:45:26.8176662Z     file: 'enterprise/group/simapp/go.mod',
2026-05-05T17:45:26.8176862Z     filterIgnored: false,
2026-05-05T17:45:26.8177012Z     isMatched: true
2026-05-05T17:45:26.8177140Z   },
2026-05-05T17:45:26.8177249Z   {
2026-05-05T17:45:26.8177407Z     file: 'enterprise/group/simapp/go.sum',
2026-05-05T17:45:26.8177584Z     filterIgnored: false,
2026-05-05T17:45:26.8177730Z     isMatched: true
2026-05-05T17:45:26.8177857Z   },
2026-05-05T17:45:26.8177969Z   {
2026-05-05T17:45:26.8178147Z     file: 'enterprise/group/tests/systemtests/go.mod',
2026-05-05T17:45:26.8178343Z     filterIgnored: false,
2026-05-05T17:45:26.8178492Z     isMatched: true
2026-05-05T17:45:26.8178620Z   },
2026-05-05T17:45:26.8178732Z   {
2026-05-05T17:45:26.8178910Z     file: 'enterprise/group/tests/systemtests/go.sum',
2026-05-05T17:45:26.8179104Z     filterIgnored: false,
2026-05-05T17:45:26.8179253Z     isMatched: true
2026-05-05T17:45:26.8179376Z   },
2026-05-05T17:45:26.8179485Z   {
2026-05-05T17:45:26.8179677Z     file: 'enterprise/poa/examples/migrate-from-pos/go.mod',
2026-05-05T17:45:26.8179884Z     filterIgnored: false,
2026-05-05T17:45:26.8180030Z     isMatched: true
2026-05-05T17:45:26.8180157Z   },
2026-05-05T17:45:26.8180274Z   {
2026-05-05T17:45:26.8180457Z     file: 'enterprise/poa/examples/migrate-from-pos/go.sum',
2026-05-05T17:45:26.8180658Z     filterIgnored: false,
2026-05-05T17:45:26.8180805Z     isMatched: true
2026-05-05T17:45:26.8180929Z   },
2026-05-05T17:45:26.8181047Z   {
2026-05-05T17:45:26.8181190Z     file: 'enterprise/poa/go.mod',
2026-05-05T17:45:26.8181361Z     filterIgnored: false,
2026-05-05T17:45:26.8181509Z     isMatched: true
2026-05-05T17:45:26.8181638Z   },
2026-05-05T17:45:26.8181752Z   {
2026-05-05T17:45:26.8181892Z     file: 'enterprise/poa/go.sum',
2026-05-05T17:45:26.8182062Z     filterIgnored: false,
2026-05-05T17:45:26.8182212Z     isMatched: true
2026-05-05T17:45:26.8182342Z   },
2026-05-05T17:45:26.8182451Z   {
2026-05-05T17:45:26.8182601Z     file: 'enterprise/poa/simapp/go.mod',
2026-05-05T17:45:26.8182782Z     filterIgnored: false,
2026-05-05T17:45:26.8182930Z     isMatched: true
2026-05-05T17:45:26.8183061Z   },
2026-05-05T17:45:26.8183205Z   {
2026-05-05T17:45:26.8183357Z     file: 'enterprise/poa/simapp/go.sum',
2026-05-05T17:45:26.8183534Z     filterIgnored: false,
2026-05-05T17:45:26.8183682Z     isMatched: true
2026-05-05T17:45:26.8183812Z   },
2026-05-05T17:45:26.8183925Z   {
2026-05-05T17:45:26.8184091Z     file: 'enterprise/poa/tests/systemtests/go.mod',
2026-05-05T17:45:26.8184283Z     filterIgnored: false,
2026-05-05T17:45:26.8184432Z     isMatched: true
2026-05-05T17:45:26.8184566Z   },
2026-05-05T17:45:26.8184677Z   {
2026-05-05T17:45:26.8184876Z     file: 'enterprise/poa/tests/systemtests/go.sum',
2026-05-05T17:45:26.8185065Z     filterIgnored: false,
2026-05-05T17:45:26.8185222Z     isMatched: true
2026-05-05T17:45:26.8185347Z   },
2026-05-05T17:45:26.8185552Z   { file: 'go.mod', filterIgnored: false, isMatched: true },
2026-05-05T17:45:26.8185784Z   { file: 'go.sum', filterIgnored: false, isMatched: true },
2026-05-05T17:45:26.8186094Z   { file: 'simapp/go.mod', filterIgnored: false, isMatched: true },
2026-05-05T17:45:26.8186461Z   { file: 'simapp/go.sum', filterIgnored: false, isMatched: true },
2026-05-05T17:45:26.8186715Z   { file: 'store/go.mod', filterIgnored: false, isMatched: true },
2026-05-05T17:45:26.8186962Z   { file: 'store/go.sum', filterIgnored: false, isMatched: true },
2026-05-05T17:45:26.8187208Z   { file: 'tests/go.mod', filterIgnored: false, isMatched: true },
2026-05-05T17:45:26.8187455Z   { file: 'tests/go.sum', filterIgnored: false, isMatched: true },
2026-05-05T17:45:26.8187639Z   {
2026-05-05T17:45:26.8187790Z     file: 'tests/systemtests/go.mod',
2026-05-05T17:45:26.8187964Z     filterIgnored: false,
2026-05-05T17:45:26.8188113Z     isMatched: true
2026-05-05T17:45:26.8188244Z   },
2026-05-05T17:45:26.8188357Z   {
2026-05-05T17:45:26.8188498Z     file: 'tests/systemtests/go.sum',
2026-05-05T17:45:26.8188670Z     filterIgnored: false,
2026-05-05T17:45:26.8188821Z     isMatched: true
2026-05-05T17:45:26.8188953Z   },
2026-05-05T17:45:26.8189062Z   {
2026-05-05T17:45:26.8189200Z     file: 'tools/confix/go.mod',
2026-05-05T17:45:26.8189368Z     filterIgnored: false,
2026-05-05T17:45:26.8189520Z     isMatched: true
2026-05-05T17:45:26.8189650Z   },
2026-05-05T17:45:26.8189759Z   {
2026-05-05T17:45:26.8189897Z     file: 'tools/confix/go.sum',
2026-05-05T17:45:26.8190064Z     filterIgnored: false,
2026-05-05T17:45:26.8190220Z     isMatched: true
2026-05-05T17:45:26.8190343Z   },
2026-05-05T17:45:26.8190451Z   {
2026-05-05T17:45:26.8190596Z     file: 'tools/cosmovisor/go.mod',
2026-05-05T17:45:26.8190770Z     filterIgnored: false,
2026-05-05T17:45:26.8190923Z     isMatched: true
2026-05-05T17:45:26.8191046Z   },
2026-05-05T17:45:26.8191156Z   {
2026-05-05T17:45:26.8191295Z     file: 'tools/cosmovisor/go.sum',
2026-05-05T17:45:26.8191463Z     filterIgnored: false,
2026-05-05T17:45:26.8191617Z     isMatched: true
2026-05-05T17:45:26.8191743Z   },
2026-05-05T17:45:26.8191850Z   {
2026-05-05T17:45:26.8191993Z     file: 'tools/systemtests/go.mod',
2026-05-05T17:45:26.8192163Z     filterIgnored: false,
2026-05-05T17:45:26.8192323Z     isMatched: true
2026-05-05T17:45:26.8192445Z   },
2026-05-05T17:45:26.8192554Z   {
2026-05-05T17:45:26.8192695Z     file: 'tools/systemtests/go.sum',
2026-05-05T17:45:26.8192870Z     filterIgnored: false,
2026-05-05T17:45:26.8193021Z     isMatched: true
2026-05-05T17:45:26.8193143Z   }
2026-05-05T17:45:26.8193251Z ]
2026-05-05T17:45:26.8193453Z ##[endgroup]
2026-05-05T17:45:26.8193661Z ##[group]Dump output
2026-05-05T17:45:26.8195164Z diff: 'client/v2/go.mod' 'client/v2/go.sum' 'enterprise/group/go.mod' 'enterprise/group/go.sum' 'enterprise/group/simapp/go.mod' 'enterprise/group/simapp/go.sum' 'enterprise/group/tests/systemtests/go.mod' 'enterprise/group/tests/systemtests/go.sum' 'enterprise/poa/examples/migrate-from-pos/go.mod' 'enterprise/poa/examples/migrate-from-pos/go.sum' 'enterprise/poa/go.mod' 'enterprise/poa/go.sum' 'enterprise/poa/simapp/go.mod' 'enterprise/poa/simapp/go.sum' 'enterprise/poa/tests/systemtests/go.mod' 'enterprise/poa/tests/systemtests/go.sum' 'go.mod' 'go.sum' 'simapp/go.mod' 'simapp/go.sum' 'store/go.mod' 'store/go.sum' 'tests/go.mod' 'tests/go.sum' 'tests/systemtests/go.mod' 'tests/systemtests/go.sum' 'tools/confix/go.mod' 'tools/confix/go.sum' 'tools/cosmovisor/go.mod' 'tools/cosmovisor/go.sum' 'tools/systemtests/go.mod' 'tools/systemtests/go.sum'
2026-05-05T17:45:26.8198525Z filtered_diff: 'client/v2/go.mod' 'client/v2/go.sum' 'enterprise/group/go.mod' 'enterprise/group/go.sum' 'enterprise/group/simapp/go.mod' 'enterprise/group/simapp/go.sum' 'enterprise/group/tests/systemtests/go.mod' 'enterprise/group/tests/systemtests/go.sum' 'enterprise/poa/examples/migrate-from-pos/go.mod' 'enterprise/poa/examples/migrate-from-pos/go.sum' 'enterprise/poa/go.mod' 'enterprise/poa/go.sum' 'enterprise/poa/simapp/go.mod' 'enterprise/poa/simapp/go.sum' 'enterprise/poa/tests/systemtests/go.mod' 'enterprise/poa/tests/systemtests/go.sum' 'go.mod' 'go.sum' 'simapp/go.mod' 'simapp/go.sum' 'store/go.mod' 'store/go.sum' 'tests/go.mod' 'tests/go.sum' 'tests/systemtests/go.mod' 'tests/systemtests/go.sum' 'tools/confix/go.mod' 'tools/confix/go.sum' 'tools/cosmovisor/go.mod' 'tools/cosmovisor/go.sum' 'tools/systemtests/go.mod' 'tools/systemtests/go.sum'
2026-05-05T17:45:26.8199972Z matched_files: 
2026-05-05T17:45:26.8200105Z count: 32
2026-05-05T17:45:26.8200298Z ##[endgroup]
2026-05-05T17:45:26.8280855Z ##[group]Run make test-integration-cov
2026-05-05T17:45:26.8281245Z [36;1mmake test-integration-cov[0m
2026-05-05T17:45:27.0464994Z shell: /usr/bin/bash -e {0}
2026-05-05T17:45:27.0465667Z env:
2026-05-05T17:45:27.0465826Z   GOTOOLCHAIN: local
2026-05-05T17:45:27.0467427Z   GIT_DIFF: 'client/v2/go.mod' 'client/v2/go.sum' 'enterprise/group/go.mod' 'enterprise/group/go.sum' 'enterprise/group/simapp/go.mod' 'enterprise/group/simapp/go.sum' 'enterprise/group/tests/systemtests/go.mod' 'enterprise/group/tests/systemtests/go.sum' 'enterprise/poa/examples/migrate-from-pos/go.mod' 'enterprise/poa/examples/migrate-from-pos/go.sum' 'enterprise/poa/go.mod' 'enterprise/poa/go.sum' 'enterprise/poa/simapp/go.mod' 'enterprise/poa/simapp/go.sum' 'enterprise/poa/tests/systemtests/go.mod' 'enterprise/poa/tests/systemtests/go.sum' 'go.mod' 'go.sum' 'simapp/go.mod' 'simapp/go.sum' 'store/go.mod' 'store/go.sum' 'tests/go.mod' 'tests/go.sum' 'tests/systemtests/go.mod' 'tests/systemtests/go.sum' 'tools/confix/go.mod' 'tools/confix/go.sum' 'tools/cosmovisor/go.mod' 'tools/cosmovisor/go.sum' 'tools/systemtests/go.mod' 'tools/systemtests/go.sum'
2026-05-05T17:45:27.0470168Z   GIT_DIFF_FILTERED: 'client/v2/go.mod' 'client/v2/go.sum' 'enterprise/group/go.mod' 'enterprise/group/go.sum' 'enterprise/group/simapp/go.mod' 'enterprise/group/simapp/go.sum' 'enterprise/group/tests/systemtests/go.mod' 'enterprise/group/tests/systemtests/go.sum' 'enterprise/poa/examples/migrate-from-pos/go.mod' 'enterprise/poa/examples/migrate-from-pos/go.sum' 'enterprise/poa/go.mod' 'enterprise/poa/go.sum' 'enterprise/poa/simapp/go.mod' 'enterprise/poa/simapp/go.sum' 'enterprise/poa/tests/systemtests/go.mod' 'enterprise/poa/tests/systemtests/go.sum' 'go.mod' 'go.sum' 'simapp/go.mod' 'simapp/go.sum' 'store/go.mod' 'store/go.sum' 'tests/go.mod' 'tests/go.sum' 'tests/systemtests/go.mod' 'tests/systemtests/go.sum' 'tools/confix/go.mod' 'tools/confix/go.sum' 'tools/cosmovisor/go.mod' 'tools/cosmovisor/go.sum' 'tools/systemtests/go.mod' 'tools/systemtests/go.sum'
2026-05-05T17:45:27.0471599Z   MATCHED_FILES: 
2026-05-05T17:45:27.0471738Z ##[endgroup]
2026-05-05T17:45:53.6009870Z make -C tests test-integration-cov
2026-05-05T17:45:53.6015438Z make[1]: Entering directory '/home/runner/work/cosmos-sdk/cosmos-sdk/tests'
2026-05-05T17:45:53.6015960Z go test ./integration/... -timeout 30m -coverpkg=../... -coverprofile=integration-profile.out -covermode=atomic
2026-05-05T17:45:54.8822123Z go: downloading github.com/syndtr/goleveldb v1.0.1-0.20220721030215-126854af5e6d
2026-05-05T17:45:55.3232406Z go: downloading github.com/cockroachdb/apd/v2 v2.0.2
2026-05-05T17:46:11.8778466Z ok  	github.com/cosmos/cosmos-sdk/tests/integration/auth/client/cli	(cached)	coverage: 4.0% of statements in ../...
2026-05-05T17:46:13.2102290Z ok  	github.com/cosmos/cosmos-sdk/tests/integration/bank/keeper	(cached)	coverage: 4.6% of statements in ../...
2026-05-05T17:46:16.4913537Z ok  	github.com/cosmos/cosmos-sdk/tests/integration/blockstm	(cached)	coverage: 7.9% of statements in ../...
2026-05-05T17:46:16.4914701Z ok  	github.com/cosmos/cosmos-sdk/tests/integration/distribution	(cached)	coverage: 4.4% of statements in ../...
2026-05-05T17:46:16.5211582Z ok  	github.com/cosmos/cosmos-sdk/tests/integration/distribution/keeper	(cached)	coverage: 6.2% of statements in ../...
2026-05-05T17:46:17.4832229Z ok  	github.com/cosmos/cosmos-sdk/tests/integration/evidence/keeper	(cached)	coverage: 4.1% of statements in ../...
2026-05-05T17:46:17.4855133Z ok  	github.com/cosmos/cosmos-sdk/tests/integration/gov	(cached)	coverage: 6.7% of statements in ../...
2026-05-05T17:46:17.6827181Z ok  	github.com/cosmos/cosmos-sdk/tests/integration/gov/keeper	(cached)	coverage: 4.9% of statements in ../...
2026-05-05T17:46:18.3459581Z ok  	github.com/cosmos/cosmos-sdk/tests/integration/protocolpool	(cached)	coverage: 4.5% of statements in ../...
2026-05-05T17:46:19.1266371Z 	github.com/cosmos/cosmos-sdk/tests/integration/rapidgen		coverage: 0.0% of statements
2026-05-05T17:46:19.1267664Z ok  	github.com/cosmos/cosmos-sdk/tests/integration/runtime	(cached)	coverage: 4.1% of statements in ../...
2026-05-05T17:46:19.1268125Z ok  	github.com/cosmos/cosmos-sdk/tests/integration/server/grpc	(cached)	coverage: 8.3% of statements in ../...
2026-05-05T17:46:19.1268547Z ok  	github.com/cosmos/cosmos-sdk/tests/integration/slashing/keeper	(cached)	coverage: 4.4% of statements in ../...
2026-05-05T17:46:22.1741051Z ok  	github.com/cosmos/cosmos-sdk/tests/integration/staking/keeper	(cached)	coverage: 8.2% of statements in ../...
2026-05-05T17:46:22.1742436Z ok  	github.com/cosmos/cosmos-sdk/tests/integration/store/rootmulti	(cached)	coverage: 5.1% of statements in ../...
2026-05-05T17:46:25.1078283Z ok  	github.com/cosmos/cosmos-sdk/tests/integration/tx	0.354s	coverage: 7.6% of statements in ../...
2026-05-05T17:46:25.1079644Z ok  	github.com/cosmos/cosmos-sdk/tests/integration/tx/aminojson	(cached)	coverage: 6.9% of statements in ../...
2026-05-05T17:46:25.1080265Z ok  	github.com/cosmos/cosmos-sdk/tests/integration/tx/benchmark	(cached)	coverage: 0.8% of statements in ../... [no tests to run]
2026-05-05T17:46:25.1080772Z 	github.com/cosmos/cosmos-sdk/tests/integration/tx/internal/gogo/testpb		coverage: 0.0% of statements
2026-05-05T17:46:25.1081269Z 	github.com/cosmos/cosmos-sdk/tests/integration/tx/internal/pulsar/testpb		coverage: 0.0% of statements
2026-05-05T17:46:25.1479538Z make[1]: Leaving directory '/home/runner/work/cosmos-sdk/cosmos-sdk/tests'
2026-05-05T17:46:25.1532652Z ##[group]Run actions/upload-artifact@v6
2026-05-05T17:46:25.1533069Z with:
2026-05-05T17:46:25.1533298Z   name: e77c24c3eda790faf5f4ee4551323c0328b83457-integration-coverage
2026-05-05T17:46:25.1533530Z   path: ./tests/integration-profile.out
2026-05-05T17:46:25.1533710Z   if-no-files-found: warn
2026-05-05T17:46:25.1533858Z   compression-level: 6
2026-05-05T17:46:25.1533993Z   overwrite: false
2026-05-05T17:46:25.1534139Z   include-hidden-files: false
2026-05-05T17:46:25.1534283Z env:
2026-05-05T17:46:25.1534405Z   GOTOOLCHAIN: local
2026-05-05T17:46:25.1535814Z   GIT_DIFF: 'client/v2/go.mod' 'client/v2/go.sum' 'enterprise/group/go.mod' 'enterprise/group/go.sum' 'enterprise/group/simapp/go.mod' 'enterprise/group/simapp/go.sum' 'enterprise/group/tests/systemtests/go.mod' 'enterprise/group/tests/systemtests/go.sum' 'enterprise/poa/examples/migrate-from-pos/go.mod' 'enterprise/poa/examples/migrate-from-pos/go.sum' 'enterprise/poa/go.mod' 'enterprise/poa/go.sum' 'enterprise/poa/simapp/go.mod' 'enterprise/poa/simapp/go.sum' 'enterprise/poa/tests/systemtests/go.mod' 'enterprise/poa/tests/systemtests/go.sum' 'go.mod' 'go.sum' 'simapp/go.mod' 'simapp/go.sum' 'store/go.mod' 'store/go.sum' 'tests/go.mod' 'tests/go.sum' 'tests/systemtests/go.mod' 'tests/systemtests/go.sum' 'tools/confix/go.mod' 'tools/confix/go.sum' 'tools/cosmovisor/go.mod' 'tools/cosmovisor/go.sum' 'tools/systemtests/go.mod' 'tools/systemtests/go.sum'
2026-05-05T17:46:25.1538720Z   GIT_DIFF_FILTERED: 'client/v2/go.mod' 'client/v2/go.sum' 'enterprise/group/go.mod' 'enterprise/group/go.sum' 'enterprise/group/simapp/go.mod' 'enterprise/group/simapp/go.sum' 'enterprise/group/tests/systemtests/go.mod' 'enterprise/group/tests/systemtests/go.sum' 'enterprise/poa/examples/migrate-from-pos/go.mod' 'enterprise/poa/examples/migrate-from-pos/go.sum' 'enterprise/poa/go.mod' 'enterprise/poa/go.sum' 'enterprise/poa/simapp/go.mod' 'enterprise/poa/simapp/go.sum' 'enterprise/poa/tests/systemtests/go.mod' 'enterprise/poa/tests/systemtests/go.sum' 'go.mod' 'go.sum' 'simapp/go.mod' 'simapp/go.sum' 'store/go.mod' 'store/go.sum' 'tests/go.mod' 'tests/go.sum' 'tests/systemtests/go.mod' 'tests/systemtests/go.sum' 'tools/confix/go.mod' 'tools/confix/go.sum' 'tools/cosmovisor/go.mod' 'tools/cosmovisor/go.sum' 'tools/systemtests/go.mod' 'tools/systemtests/go.sum'
2026-05-05T17:46:25.1540149Z   MATCHED_FILES: 
2026-05-05T17:46:25.1540281Z ##[endgroup]
2026-05-05T17:46:25.2385614Z With the provided path, there will be 1 file uploaded
2026-05-05T17:46:25.2388096Z Artifact name is valid!
2026-05-05T17:46:25.2388399Z Root directory input is valid!
2026-05-05T17:46:25.3285867Z Beginning upload of artifact content to blob storage
2026-05-05T17:46:26.1647853Z Uploaded bytes 8388608
2026-05-05T17:46:26.2139251Z Uploaded bytes 10834801
2026-05-05T17:46:26.2295039Z Finished uploading artifact content to blob storage!
2026-05-05T17:46:26.2296961Z SHA256 digest of uploaded artifact zip is 473244c38c17c9099567c6425b166a1f1f559994663ec9d2b903b92dc5ae6094
2026-05-05T17:46:26.2297955Z Finalizing artifact upload
2026-05-05T17:46:26.3595269Z Artifact e77c24c3eda790faf5f4ee4551323c0328b83457-integration-coverage.zip successfully finalized. Artifact ID 6813274411
2026-05-05T17:46:26.3596233Z Artifact e77c24c3eda790faf5f4ee4551323c0328b83457-integration-coverage has been successfully uploaded! Final size is 10834801 bytes. Artifact ID is 6813274411
2026-05-05T17:46:26.3598941Z Artifact download URL: https://github.com/cosmos/cosmos-sdk/actions/runs/25392550126/artifacts/6813274411
2026-05-05T17:46:26.3676882Z Post job cleanup.
2026-05-05T17:46:26.4401970Z [command]/opt/hostedtoolcache/go/1.25.9/x64/bin/go env GOMODCACHE
2026-05-05T17:46:26.4425238Z [command]/opt/hostedtoolcache/go/1.25.9/x64/bin/go env GOCACHE
2026-05-05T17:46:26.4436154Z /home/runner/go/pkg/mod
2026-05-05T17:46:26.4443886Z /home/runner/.cache/go-build
2026-05-05T17:46:26.4449296Z Cache hit occurred on the primary key setup-go-Linux-x64-ubuntu22-go-1.25.9-9718bafe6b4283ec2a84bb992d4d096454b3d5a80978b0468fc9f2014867779e, not saving cache.
2026-05-05T17:46:26.4513626Z Post job cleanup.
2026-05-05T17:46:26.4962072Z [command]/usr/bin/git version
2026-05-05T17:46:26.4982028Z git version 2.54.0
2026-05-05T17:46:26.5000700Z Temporarily overriding HOME='/home/runner/work/_temp/424ac68e-4b08-4679-b61b-fb2b033c7f0a' before making global git config changes
2026-05-05T17:46:26.5001395Z Adding repository directory to the temporary git global config as a safe directory
2026-05-05T17:46:26.5003371Z [command]/usr/bin/git config --global --add safe.directory /home/runner/work/cosmos-sdk/cosmos-sdk
2026-05-05T17:46:26.5018074Z Removing SSH command configuration
2026-05-05T17:46:26.5021007Z [command]/usr/bin/git config --local --name-only --get-regexp core\.sshCommand
2026-05-05T17:46:26.5035831Z [command]/usr/bin/git submodule foreach --recursive sh -c "git config --local --name-only --get-regexp 'core\.sshCommand' && git config --local --unset-all 'core.sshCommand' || :"
2026-05-05T17:46:26.5143138Z Removing HTTP extra header
2026-05-05T17:46:26.5146774Z [command]/usr/bin/git config --local --name-only --get-regexp http\.https\:\/\/github\.com\/\.extraheader
2026-05-05T17:46:26.5159098Z [command]/usr/bin/git submodule foreach --recursive sh -c "git config --local --name-only --get-regexp 'http\.https\:\/\/github\.com\/\.extraheader' && git config --local --unset-all 'http.https://github.com/.extraheader' || :"
2026-05-05T17:46:26.5250376Z Removing includeIf entries pointing to credentials config files
2026-05-05T17:46:26.5253907Z [command]/usr/bin/git config --local --name-only --get-regexp ^includeIf\.gitdir:
2026-05-05T17:46:26.5262986Z includeif.gitdir:/home/runner/work/cosmos-sdk/cosmos-sdk/.git.path
2026-05-05T17:46:26.5263348Z includeif.gitdir:/home/runner/work/cosmos-sdk/cosmos-sdk/.git/worktrees/*.path
2026-05-05T17:46:26.5263612Z includeif.gitdir:/github/workspace/.git.path
2026-05-05T17:46:26.5263832Z includeif.gitdir:/github/workspace/.git/worktrees/*.path
2026-05-05T17:46:26.5267647Z [command]/usr/bin/git config --local --get-all includeif.gitdir:/home/runner/work/cosmos-sdk/cosmos-sdk/.git.path
2026-05-05T17:46:26.5276461Z /home/runner/work/_temp/git-credentials-3284d774-2486-41f5-9e2c-366cfe752689.config
2026-05-05T17:46:26.5281323Z [command]/usr/bin/git config --local --unset includeif.gitdir:/home/runner/work/cosmos-sdk/cosmos-sdk/.git.path /home/runner/work/_temp/git-credentials-3284d774-2486-41f5-9e2c-366cfe752689.config
2026-05-05T17:46:26.5295783Z [command]/usr/bin/git config --local --get-all includeif.gitdir:/home/runner/work/cosmos-sdk/cosmos-sdk/.git/worktrees/*.path
2026-05-05T17:46:26.5306033Z /home/runner/work/_temp/git-credentials-3284d774-2486-41f5-9e2c-366cfe752689.config
2026-05-05T17:46:26.5310311Z [command]/usr/bin/git config --local --unset includeif.gitdir:/home/runner/work/cosmos-sdk/cosmos-sdk/.git/worktrees/*.path /home/runner/work/_temp/git-credentials-3284d774-2486-41f5-9e2c-366cfe752689.config
2026-05-05T17:46:26.5323514Z [command]/usr/bin/git config --local --get-all includeif.gitdir:/github/workspace/.git.path
2026-05-05T17:46:26.5331893Z /github/runner_temp/git-credentials-3284d774-2486-41f5-9e2c-366cfe752689.config
2026-05-05T17:46:26.5335161Z [command]/usr/bin/git config --local --unset includeif.gitdir:/github/workspace/.git.path /github/runner_temp/git-credentials-3284d774-2486-41f5-9e2c-366cfe752689.config
2026-05-05T17:46:26.5348341Z [command]/usr/bin/git config --local --get-all includeif.gitdir:/github/workspace/.git/worktrees/*.path
2026-05-05T17:46:26.5356709Z /github/runner_temp/git-credentials-3284d774-2486-41f5-9e2c-366cfe752689.config
2026-05-05T17:46:26.5360149Z [command]/usr/bin/git config --local --unset includeif.gitdir:/github/workspace/.git/worktrees/*.path /github/runner_temp/git-credentials-3284d774-2486-41f5-9e2c-366cfe752689.config
2026-05-05T17:46:26.5373566Z [command]/usr/bin/git submodule foreach --recursive git config --local --show-origin --name-only --get-regexp remote.origin.url
2026-05-05T17:46:26.5463672Z Removing credentials config '/home/runner/work/_temp/git-credentials-3284d774-2486-41f5-9e2c-366cfe752689.config'
2026-05-05T17:46:26.5536723Z Cleaning up orphan processes
2026-05-05T17:46:26.5679772Z ##[warning]Node.js 20 actions are deprecated. The following actions are running on Node.js 20 and may not work as expected: technote-space/get-diff-action@v6.1.2. Actions will be forced to run with Node.js 24 by default starting June 2nd, 2026. Node.js 20 will be removed from the runner on September 16th, 2026. Please check if updated versions of these actions are available that support Node.js 24. To opt into Node.js 24 now, set the FORCE_JAVASCRIPT_ACTIONS_TO_NODE24=true environment variable on the runner or in your workflow file. Once Node.js 24 becomes the default, you can temporarily opt out by setting ACTIONS_ALLOW_USE_UNSECURE_NODE_VERSION=true. For more information see: https://github.blog/changelog/2025-09-19-deprecation-of-node-20-on-github-actions-runners/
