2026-03-03T13:26:48.0673815Z Current runner version: '2.331.0'
2026-03-03T13:26:48.0709992Z ##[group]Runner Image Provisioner
2026-03-03T13:26:48.0711248Z Hosted Compute Agent
2026-03-03T13:26:48.0712205Z Version: 20260213.493
2026-03-03T13:26:48.0713111Z Commit: 5c115507f6dd24b8de37d8bbe0bb4509d0cc0fa3
2026-03-03T13:26:48.0714236Z Build Date: 2026-02-13T00:28:41Z
2026-03-03T13:26:48.0715290Z Worker ID: {36d623b7-597d-4533-b49f-fc1025b66301}
2026-03-03T13:26:48.0716445Z Azure Region: northcentralus
2026-03-03T13:26:48.0717345Z ##[endgroup]
2026-03-03T13:26:48.0719693Z ##[group]Operating System
2026-03-03T13:26:48.0720537Z Ubuntu
2026-03-03T13:26:48.0721279Z 24.04.3
2026-03-03T13:26:48.0721955Z LTS
2026-03-03T13:26:48.0722676Z ##[endgroup]
2026-03-03T13:26:48.0723390Z ##[group]Runner Image
2026-03-03T13:26:48.0724266Z Image: ubuntu-24.04
2026-03-03T13:26:48.0725026Z Version: 20260224.36.1
2026-03-03T13:26:48.0727008Z Included Software: https://github.com/actions/runner-images/blob/ubuntu24/20260224.36/images/ubuntu/Ubuntu2404-Readme.md
2026-03-03T13:26:48.0729376Z Image Release: https://github.com/actions/runner-images/releases/tag/ubuntu24%2F20260224.36
2026-03-03T13:26:48.0730823Z ##[endgroup]
2026-03-03T13:26:48.0732423Z ##[group]GITHUB_TOKEN Permissions
2026-03-03T13:26:48.0735381Z Metadata: read
2026-03-03T13:26:48.0736377Z PullRequests: write
2026-03-03T13:26:48.0737255Z ##[endgroup]
2026-03-03T13:26:48.0740278Z Secret source: Actions
2026-03-03T13:26:48.0741390Z Prepare workflow directory
2026-03-03T13:26:48.1485061Z Prepare all required actions
2026-03-03T13:26:48.1544361Z Getting action download info
2026-03-03T13:26:48.4324559Z Download action repository 'actions/checkout@34e114876b0b11c390a56381ad16ebd13914f8d5' (SHA:34e114876b0b11c390a56381ad16ebd13914f8d5)
2026-03-03T13:26:48.5445388Z Download action repository 'Swatinem/rust-cache@98c8021b550208e191a6a3145459bfc9fb29c4c0' (SHA:98c8021b550208e191a6a3145459bfc9fb29c4c0)
2026-03-03T13:26:49.0347951Z Complete job name: nightly
2026-03-03T13:26:49.0924322Z ##[group]Run actions/checkout@34e114876b0b11c390a56381ad16ebd13914f8d5
2026-03-03T13:26:49.0925393Z with:
2026-03-03T13:26:49.0925789Z   repository: jdx/mise
2026-03-03T13:26:49.0926466Z   ref: fix/http-backend-stale-platforms-cache
2026-03-03T13:26:49.0927296Z   token: ***
2026-03-03T13:26:49.0927683Z   ssh-strict: true
2026-03-03T13:26:49.0928135Z   ssh-user: git
2026-03-03T13:26:49.0928593Z   persist-credentials: true
2026-03-03T13:26:49.0929039Z   clean: true
2026-03-03T13:26:49.0929479Z   sparse-checkout-cone-mode: true
2026-03-03T13:26:49.0930025Z   fetch-depth: 1
2026-03-03T13:26:49.0930418Z   fetch-tags: false
2026-03-03T13:26:49.0930877Z   show-progress: true
2026-03-03T13:26:49.0931326Z   lfs: false
2026-03-03T13:26:49.0931733Z   submodules: false
2026-03-03T13:26:49.0932142Z   set-safe-directory: true
2026-03-03T13:26:49.0932887Z env:
2026-03-03T13:26:49.0933313Z   CARGO_TERM_COLOR: always
2026-03-03T13:26:49.1069371Z   MISE_TRUSTED_CONFIG_PATHS: /home/runner/work/mise/mise
2026-03-03T13:26:49.1070357Z   MISE_EXPERIMENTAL: 1
2026-03-03T13:26:49.1070750Z   MISE_LOCKFILE: 1
2026-03-03T13:26:49.1071103Z   RUST_BACKTRACE: 1
2026-03-03T13:26:49.1071770Z   GITHUB_TOKEN: ***
2026-03-03T13:26:49.1072233Z   FORGEJO_TOKEN: ***
2026-03-03T13:26:49.1072634Z ##[endgroup]
2026-03-03T13:26:49.2101759Z Syncing repository: jdx/mise
2026-03-03T13:26:49.2103368Z ##[group]Getting Git version info
2026-03-03T13:26:49.2103934Z Working directory is '/home/runner/work/mise/mise'
2026-03-03T13:26:49.2104719Z [command]/usr/bin/git version
2026-03-03T13:26:49.2171721Z git version 2.53.0
2026-03-03T13:26:49.2195970Z ##[endgroup]
2026-03-03T13:26:49.2210714Z Temporarily overriding HOME='/home/runner/work/_temp/4e8aa6f7-f074-4e88-9e9b-a54f5d0fc5d8' before making global git config changes
2026-03-03T13:26:49.2212645Z Adding repository directory to the temporary git global config as a safe directory
2026-03-03T13:26:49.2215471Z [command]/usr/bin/git config --global --add safe.directory /home/runner/work/mise/mise
2026-03-03T13:26:49.2251543Z Deleting the contents of '/home/runner/work/mise/mise'
2026-03-03T13:26:49.2254997Z ##[group]Initializing the repository
2026-03-03T13:26:49.2259266Z [command]/usr/bin/git init /home/runner/work/mise/mise
2026-03-03T13:26:49.2340950Z hint: Using 'master' as the name for the initial branch. This default branch name
2026-03-03T13:26:49.2342265Z hint: will change to "main" in Git 3.0. To configure the initial branch name
2026-03-03T13:26:49.2343421Z hint: to use in all of your new repositories, which will suppress this warning,
2026-03-03T13:26:49.2344473Z hint: call:
2026-03-03T13:26:49.2345033Z hint:
2026-03-03T13:26:49.2345798Z hint: 	git config --global init.defaultBranch <name>
2026-03-03T13:26:49.2346835Z hint:
2026-03-03T13:26:49.2347713Z hint: Names commonly chosen instead of 'master' are 'main', 'trunk' and
2026-03-03T13:26:49.2349036Z hint: 'development'. The just-created branch can be renamed via this command:
2026-03-03T13:26:49.2350089Z hint:
2026-03-03T13:26:49.2350759Z hint: 	git branch -m <name>
2026-03-03T13:26:49.2351445Z hint:
2026-03-03T13:26:49.2352412Z hint: Disable this message with "git config set advice.defaultBranchName false"
2026-03-03T13:26:49.2353827Z Initialized empty Git repository in /home/runner/work/mise/mise/.git/
2026-03-03T13:26:49.2357058Z [command]/usr/bin/git remote add origin https://github.com/jdx/mise
2026-03-03T13:26:49.2388033Z ##[endgroup]
2026-03-03T13:26:49.2388702Z ##[group]Disabling automatic garbage collection
2026-03-03T13:26:49.2392869Z [command]/usr/bin/git config --local gc.auto 0
2026-03-03T13:26:49.2419258Z ##[endgroup]
2026-03-03T13:26:49.2420347Z ##[group]Setting up auth
2026-03-03T13:26:49.2427506Z [command]/usr/bin/git config --local --name-only --get-regexp core\.sshCommand
2026-03-03T13:26:49.2455005Z [command]/usr/bin/git submodule foreach --recursive sh -c "git config --local --name-only --get-regexp 'core\.sshCommand' && git config --local --unset-all 'core.sshCommand' || :"
2026-03-03T13:26:49.2728985Z [command]/usr/bin/git config --local --name-only --get-regexp http\.https\:\/\/github\.com\/\.extraheader
2026-03-03T13:26:49.2754846Z [command]/usr/bin/git submodule foreach --recursive sh -c "git config --local --name-only --get-regexp 'http\.https\:\/\/github\.com\/\.extraheader' && git config --local --unset-all 'http.https://github.com/.extraheader' || :"
2026-03-03T13:26:49.2951699Z [command]/usr/bin/git config --local --name-only --get-regexp ^includeIf\.gitdir:
2026-03-03T13:26:49.2979027Z [command]/usr/bin/git submodule foreach --recursive git config --local --show-origin --name-only --get-regexp remote.origin.url
2026-03-03T13:26:49.3163448Z [command]/usr/bin/git config --local http.https://github.com/.extraheader AUTHORIZATION: basic ***
2026-03-03T13:26:49.3194419Z ##[endgroup]
2026-03-03T13:26:49.3195154Z ##[group]Fetching the repository
2026-03-03T13:26:49.3203791Z [command]/usr/bin/git -c protocol.version=2 fetch --no-tags --prune --no-recurse-submodules --depth=1 origin +refs/heads/fix/http-backend-stale-platforms-cache*:refs/remotes/origin/fix/http-backend-stale-platforms-cache* +refs/tags/fix/http-backend-stale-platforms-cache*:refs/tags/fix/http-backend-stale-platforms-cache*
2026-03-03T13:26:50.2370200Z From https://github.com/jdx/mise
2026-03-03T13:26:50.2374956Z  * [new branch]      fix/http-backend-stale-platforms-cache -> origin/fix/http-backend-stale-platforms-cache
2026-03-03T13:26:50.2411922Z ##[endgroup]
2026-03-03T13:26:50.2413966Z ##[group]Determining the checkout info
2026-03-03T13:26:50.2420416Z [command]/usr/bin/git branch --list --remote origin/fix/http-backend-stale-platforms-cache
2026-03-03T13:26:50.2443499Z   origin/fix/http-backend-stale-platforms-cache
2026-03-03T13:26:50.2448384Z ##[endgroup]
2026-03-03T13:26:50.2453671Z [command]/usr/bin/git sparse-checkout disable
2026-03-03T13:26:50.2491282Z [command]/usr/bin/git config --local --unset-all extensions.worktreeConfig
2026-03-03T13:26:50.2517939Z ##[group]Checking out the ref
2026-03-03T13:26:50.2521815Z [command]/usr/bin/git checkout --progress --force -B fix/http-backend-stale-platforms-cache refs/remotes/origin/fix/http-backend-stale-platforms-cache
2026-03-03T13:26:50.4724656Z Switched to a new branch 'fix/http-backend-stale-platforms-cache'
2026-03-03T13:26:50.4727381Z branch 'fix/http-backend-stale-platforms-cache' set up to track 'origin/fix/http-backend-stale-platforms-cache'.
2026-03-03T13:26:50.4733717Z ##[endgroup]
2026-03-03T13:26:50.4769617Z [command]/usr/bin/git log -1 --format=%H
2026-03-03T13:26:50.4790531Z fd2bc60a8db8315386916d256d59fd899d43c3df
2026-03-03T13:26:50.4978423Z ##[group]Run rustup default nightly
2026-03-03T13:26:50.4979557Z [36;1mrustup default nightly[0m
2026-03-03T13:26:50.5011549Z shell: /usr/bin/bash -e {0}
2026-03-03T13:26:50.5012426Z env:
2026-03-03T13:26:50.5013066Z   CARGO_TERM_COLOR: always
2026-03-03T13:26:50.5014050Z   MISE_TRUSTED_CONFIG_PATHS: /home/runner/work/mise/mise
2026-03-03T13:26:50.5015128Z   MISE_EXPERIMENTAL: 1
2026-03-03T13:26:50.5015879Z   MISE_LOCKFILE: 1
2026-03-03T13:26:50.5016742Z   RUST_BACKTRACE: 1
2026-03-03T13:26:50.5017989Z   GITHUB_TOKEN: ***
2026-03-03T13:26:50.5018914Z   FORGEJO_TOKEN: ***
2026-03-03T13:26:50.5019619Z ##[endgroup]
2026-03-03T13:26:51.0059797Z info: syncing channel updates for 'nightly-x86_64-unknown-linux-gnu'
2026-03-03T13:26:51.8985094Z info: latest update on 2026-03-03, rust version 1.96.0-nightly (ec818fda3 2026-03-02)
2026-03-03T13:26:51.8985839Z info: downloading component 'cargo'
2026-03-03T13:26:51.9448457Z info: downloading component 'rust-std'
2026-03-03T13:26:52.1481608Z info: downloading component 'rustc'
2026-03-03T13:26:52.7974519Z info: installing component 'cargo'
2026-03-03T13:26:53.5863412Z info: installing component 'rust-std'
2026-03-03T13:26:55.6894917Z info: installing component 'rustc'
2026-03-03T13:27:00.9645182Z info: default toolchain set to 'nightly-x86_64-unknown-linux-gnu'
2026-03-03T13:27:00.9645639Z 
2026-03-03T13:27:00.9725396Z   nightly-x86_64-unknown-linux-gnu installed - rustc 1.96.0-nightly (ec818fda3 2026-03-02)
2026-03-03T13:27:00.9725885Z 
2026-03-03T13:27:00.9845072Z ##[group]Run Swatinem/rust-cache@98c8021b550208e191a6a3145459bfc9fb29c4c0
2026-03-03T13:27:00.9845477Z with:
2026-03-03T13:27:00.9845660Z   shared-key: nightly
2026-03-03T13:27:00.9845869Z   save-if: false
2026-03-03T13:27:00.9846310Z   prefix-key: v0-rust
2026-03-03T13:27:00.9846622Z   cache-targets: true
2026-03-03T13:27:00.9846815Z   cache-all-crates: false
2026-03-03T13:27:00.9847045Z   cache-workspace-crates: false
2026-03-03T13:27:00.9847289Z   cache-provider: github
2026-03-03T13:27:00.9847485Z   cache-bin: true
2026-03-03T13:27:00.9847667Z   lookup-only: false
2026-03-03T13:27:00.9847858Z env:
2026-03-03T13:27:00.9848020Z   CARGO_TERM_COLOR: always
2026-03-03T13:27:00.9848316Z   MISE_TRUSTED_CONFIG_PATHS: /home/runner/work/mise/mise
2026-03-03T13:27:00.9848604Z   MISE_EXPERIMENTAL: 1
2026-03-03T13:27:00.9848789Z   MISE_LOCKFILE: 1
2026-03-03T13:27:00.9848977Z   RUST_BACKTRACE: 1
2026-03-03T13:27:00.9849430Z   GITHUB_TOKEN: ***
2026-03-03T13:27:00.9849719Z   FORGEJO_TOKEN: ***
2026-03-03T13:27:00.9849913Z ##[endgroup]
2026-03-03T13:27:02.0588369Z ##[group]Cache Configuration
2026-03-03T13:27:02.0589011Z Cache Provider:
2026-03-03T13:27:02.0589304Z     github
2026-03-03T13:27:02.0589622Z Workspaces:
2026-03-03T13:27:02.0589950Z     /home/runner/work/mise/mise
2026-03-03T13:27:02.0590298Z Cache Paths:
2026-03-03T13:27:02.0590612Z     /home/runner/.cargo/bin
2026-03-03T13:27:02.0590989Z     /home/runner/.cargo/.crates.toml
2026-03-03T13:27:02.0591369Z     /home/runner/.cargo/.crates2.json
2026-03-03T13:27:02.0591771Z     /home/runner/.cargo/registry
2026-03-03T13:27:02.0592134Z     /home/runner/.cargo/git
2026-03-03T13:27:02.0592475Z     /home/runner/work/mise/mise/target
2026-03-03T13:27:02.0592822Z Restore Key:
2026-03-03T13:27:02.0593150Z     v0-rust-nightly-Linux-x64-383a9e5a
2026-03-03T13:27:02.0593529Z Cache Key:
2026-03-03T13:27:02.0593868Z     v0-rust-nightly-Linux-x64-383a9e5a-23027692
2026-03-03T13:27:02.0594295Z .. Prefix:
2026-03-03T13:27:02.0594634Z   - v0-rust-nightly-Linux-x64
2026-03-03T13:27:02.0595603Z .. Environment considered:
2026-03-03T13:27:02.0596398Z   - Rust Version: 1.96.0-nightly x86_64-unknown-linux-gnu (ec818fda361ca216eb186f5cf45131bd9c776bb4)
2026-03-03T13:27:02.0597016Z   - CARGO_INCREMENTAL
2026-03-03T13:27:02.0597324Z   - CARGO_TERM_COLOR
2026-03-03T13:27:02.0597533Z   - RUST_BACKTRACE
2026-03-03T13:27:02.0597794Z .. Lockfiles considered:
2026-03-03T13:27:02.0598030Z   - /home/runner/work/mise/mise/.cargo/config.toml
2026-03-03T13:27:02.0598327Z   - /home/runner/work/mise/mise/Cargo.lock
2026-03-03T13:27:02.0598603Z   - /home/runner/work/mise/mise/Cargo.toml
2026-03-03T13:27:02.0598920Z   - /home/runner/work/mise/mise/crates/aqua-registry/Cargo.toml
2026-03-03T13:27:02.0599338Z   - /home/runner/work/mise/mise/crates/mise-interactive-config/Cargo.toml
2026-03-03T13:27:02.0599737Z   - /home/runner/work/mise/mise/crates/mise-shim/Cargo.toml
2026-03-03T13:27:02.0600085Z   - /home/runner/work/mise/mise/crates/vfox/.cargo/config.toml
2026-03-03T13:27:02.0600432Z   - /home/runner/work/mise/mise/crates/vfox/Cargo.toml
2026-03-03T13:27:02.0601224Z ##[endgroup]
2026-03-03T13:27:02.0601401Z 
2026-03-03T13:27:02.0601515Z ... Restoring cache ...
2026-03-03T13:27:02.1871825Z Cache hit for: v0-rust-nightly-Linux-x64-383a9e5a-23027692
2026-03-03T13:27:03.3173790Z Received 125829120 of 1425738403 (8.8%), 119.8 MBs/sec
2026-03-03T13:27:04.3179500Z Received 297795584 of 1425738403 (20.9%), 141.9 MBs/sec
2026-03-03T13:27:05.3197766Z Received 511705088 of 1425738403 (35.9%), 162.5 MBs/sec
2026-03-03T13:27:06.3198148Z Received 671088640 of 1425738403 (47.1%), 159.8 MBs/sec
2026-03-03T13:27:07.3202985Z Received 855638016 of 1425738403 (60.0%), 163.0 MBs/sec
2026-03-03T13:27:08.3210649Z Received 1069547520 of 1425738403 (75.0%), 169.9 MBs/sec
2026-03-03T13:27:09.3232671Z Received 1207959552 of 1425738403 (84.7%), 164.4 MBs/sec
2026-03-03T13:27:10.3236721Z Received 1371537408 of 1425738403 (96.2%), 163.3 MBs/sec
2026-03-03T13:27:10.6098544Z Received 1425738403 of 1425738403 (100.0%), 163.9 MBs/sec
2026-03-03T13:27:10.6099122Z Cache Size: ~1360 MB (1425738403 B)
2026-03-03T13:27:10.6250389Z [command]/usr/bin/tar -xf /home/runner/work/_temp/79c44ec1-2ef2-4075-b9cb-897abd3ed5dc/cache.tzst -P -C /home/runner/work/mise/mise --use-compress-program unzstd
2026-03-03T13:27:24.6105806Z Cache restored successfully
2026-03-03T13:27:24.7513764Z Restored from cache key "v0-rust-nightly-Linux-x64-383a9e5a-23027692" full match: true.
2026-03-03T13:27:24.7612863Z ##[group]Run cargo build --all-features
2026-03-03T13:27:24.7613206Z [36;1mcargo build --all-features[0m
2026-03-03T13:27:24.7613489Z [36;1mecho "$PWD/target/debug" >> "$GITHUB_PATH"[0m
2026-03-03T13:27:24.7643684Z shell: /usr/bin/bash -e {0}
2026-03-03T13:27:24.7643931Z env:
2026-03-03T13:27:24.7644107Z   CARGO_TERM_COLOR: always
2026-03-03T13:27:24.7644380Z   MISE_TRUSTED_CONFIG_PATHS: /home/runner/work/mise/mise
2026-03-03T13:27:24.7644662Z   MISE_EXPERIMENTAL: 1
2026-03-03T13:27:24.7644853Z   MISE_LOCKFILE: 1
2026-03-03T13:27:24.7645027Z   RUST_BACKTRACE: 1
2026-03-03T13:27:24.7645437Z   GITHUB_TOKEN: ***
2026-03-03T13:27:24.7645684Z   FORGEJO_TOKEN: ***
2026-03-03T13:27:24.7645876Z   CACHE_ON_FAILURE: false
2026-03-03T13:27:24.7646230Z   CARGO_INCREMENTAL: 0
2026-03-03T13:27:24.7646413Z ##[endgroup]
2026-03-03T13:27:26.1132959Z [1m[92m    Updating[0m crates.io index
2026-03-03T13:27:27.9594955Z [1m[92m   Compiling[0m mise-interactive-config v2026.1.12 (/home/runner/work/mise/mise/crates/mise-interactive-config)
2026-03-03T13:27:27.9595821Z [1m[92m   Compiling[0m aqua-registry v2026.2.15 (/home/runner/work/mise/mise/crates/aqua-registry)
2026-03-03T13:27:27.9602126Z [1m[92m   Compiling[0m vfox v2026.2.4 (/home/runner/work/mise/mise/crates/vfox)
2026-03-03T13:27:27.9728220Z [1m[92m   Compiling[0m mise v2026.3.1 (/home/runner/work/mise/mise)
2026-03-03T13:28:32.8349414Z [1m[92m    Finished[0m `dev` profile [unoptimized + debuginfo] target(s) in 1m 07s
2026-03-03T13:28:32.9058374Z Prepare all required actions
2026-03-03T13:28:32.9058811Z Getting action download info
2026-03-03T13:28:33.0807729Z Download action repository 'actions/cache@0057852bfaa89a56745cba8c7296529d2fc39830' (SHA:0057852bfaa89a56745cba8c7296529d2fc39830)
2026-03-03T13:28:33.2562491Z ##[group]Run ./.github/actions/mise-tools
2026-03-03T13:28:33.2562755Z env:
2026-03-03T13:28:33.2562944Z   CARGO_TERM_COLOR: always
2026-03-03T13:28:33.2563213Z   MISE_TRUSTED_CONFIG_PATHS: /home/runner/work/mise/mise
2026-03-03T13:28:33.2563494Z   MISE_EXPERIMENTAL: 1
2026-03-03T13:28:33.2563687Z   MISE_LOCKFILE: 1
2026-03-03T13:28:33.2563860Z   RUST_BACKTRACE: 1
2026-03-03T13:28:33.2564248Z   GITHUB_TOKEN: ***
2026-03-03T13:28:33.2564495Z   FORGEJO_TOKEN: ***
2026-03-03T13:28:33.2564690Z   CACHE_ON_FAILURE: false
2026-03-03T13:28:33.2564892Z   CARGO_INCREMENTAL: 0
2026-03-03T13:28:33.2565070Z ##[endgroup]
2026-03-03T13:28:33.3197105Z ##[group]Run actions/cache@0057852bfaa89a56745cba8c7296529d2fc39830
2026-03-03T13:28:33.3197503Z with:
2026-03-03T13:28:33.3197873Z   key: Linux-X64-mise-tools-6956da9cfbc40cbbc861a91e29f9a54f22d1a95f1781687f25eab4a78f1b1523
2026-03-03T13:28:33.3198343Z   restore-keys: Linux-X64-mise-tools-
2026-03-03T13:28:33.3198616Z   path: ~/.local/share/mise
~/.cache/mise

2026-03-03T13:28:33.3198885Z   enableCrossOsArchive: false
2026-03-03T13:28:33.3199105Z   fail-on-cache-miss: false
2026-03-03T13:28:33.3199319Z   lookup-only: false
2026-03-03T13:28:33.3199509Z   save-always: false
2026-03-03T13:28:33.3199678Z env:
2026-03-03T13:28:33.3199844Z   CARGO_TERM_COLOR: always
2026-03-03T13:28:33.3200102Z   MISE_TRUSTED_CONFIG_PATHS: /home/runner/work/mise/mise
2026-03-03T13:28:33.3200378Z   MISE_EXPERIMENTAL: 1
2026-03-03T13:28:33.3200567Z   MISE_LOCKFILE: 1
2026-03-03T13:28:33.3200743Z   RUST_BACKTRACE: 1
2026-03-03T13:28:33.3201162Z   GITHUB_TOKEN: ***
2026-03-03T13:28:33.3201414Z   FORGEJO_TOKEN: ***
2026-03-03T13:28:33.3201614Z   CACHE_ON_FAILURE: false
2026-03-03T13:28:33.3201815Z   CARGO_INCREMENTAL: 0
2026-03-03T13:28:33.3202010Z ##[endgroup]
2026-03-03T13:28:33.5812653Z Cache hit for: Linux-X64-mise-tools-6956da9cfbc40cbbc861a91e29f9a54f22d1a95f1781687f25eab4a78f1b1523
2026-03-03T13:28:34.7059509Z Received 146800640 of 240849199 (61.0%), 139.9 MBs/sec
2026-03-03T13:28:35.0458854Z Received 240849199 of 240849199 (100.0%), 171.3 MBs/sec
2026-03-03T13:28:35.0460830Z Cache Size: ~230 MB (240849199 B)
2026-03-03T13:28:35.0524541Z [command]/usr/bin/tar -xf /home/runner/work/_temp/4c21a5e6-ab2d-4702-8049-293d8632cf3f/cache.tzst -P -C /home/runner/work/mise/mise --use-compress-program unzstd
2026-03-03T13:28:36.2649129Z Cache restored successfully
2026-03-03T13:28:36.5136867Z Cache restored from key: Linux-X64-mise-tools-6956da9cfbc40cbbc861a91e29f9a54f22d1a95f1781687f25eab4a78f1b1523
2026-03-03T13:28:36.5226648Z ##[group]Run mise x wait-for-gh-rate-limit -- wait-for-gh-rate-limit
2026-03-03T13:28:36.5227191Z [36;1mmise x wait-for-gh-rate-limit -- wait-for-gh-rate-limit[0m
2026-03-03T13:28:36.5256924Z shell: /usr/bin/bash --noprofile --norc -e -o pipefail {0}
2026-03-03T13:28:36.5257325Z env:
2026-03-03T13:28:36.5257760Z   CARGO_TERM_COLOR: always
2026-03-03T13:28:36.5258117Z   MISE_TRUSTED_CONFIG_PATHS: /home/runner/work/mise/mise
2026-03-03T13:28:36.5258472Z   MISE_EXPERIMENTAL: 1
2026-03-03T13:28:36.5258781Z   MISE_LOCKFILE: 1
2026-03-03T13:28:36.5259045Z   RUST_BACKTRACE: 1
2026-03-03T13:28:36.5259593Z   GITHUB_TOKEN: ***
2026-03-03T13:28:36.5259978Z   FORGEJO_TOKEN: ***
2026-03-03T13:28:36.5260248Z   CACHE_ON_FAILURE: false
2026-03-03T13:28:36.5260511Z   CARGO_INCREMENTAL: 0
2026-03-03T13:28:36.5260791Z ##[endgroup]
2026-03-03T13:28:36.7255679Z GitHub core rate limit: 5000/5000 - resets at 2026-03-03 14:28:36 (~1h 1s)
2026-03-03T13:28:36.7296626Z ##[group]Run mise install
2026-03-03T13:28:36.7297287Z [36;1mmise install[0m
2026-03-03T13:28:36.7340243Z shell: /usr/bin/bash --noprofile --norc -e -o pipefail {0}
2026-03-03T13:28:36.7340965Z env:
2026-03-03T13:28:36.7341636Z   CARGO_TERM_COLOR: always
2026-03-03T13:28:36.7342369Z   MISE_TRUSTED_CONFIG_PATHS: /home/runner/work/mise/mise
2026-03-03T13:28:36.7343159Z   MISE_EXPERIMENTAL: 1
2026-03-03T13:28:36.7343604Z   MISE_LOCKFILE: 1
2026-03-03T13:28:36.7344109Z   RUST_BACKTRACE: 1
2026-03-03T13:28:36.7344884Z   GITHUB_TOKEN: ***
2026-03-03T13:28:36.7345501Z   FORGEJO_TOKEN: ***
2026-03-03T13:28:36.7345931Z   CACHE_ON_FAILURE: false
2026-03-03T13:28:36.7346604Z   CARGO_INCREMENTAL: 0
2026-03-03T13:28:36.7347166Z ##[endgroup]
2026-03-03T13:28:36.8130053Z [2mmise[0m all tools are installed
2026-03-03T13:28:36.9008160Z ##[group]Run mise run test
2026-03-03T13:28:36.9008425Z [36;1mmise run test[0m
2026-03-03T13:28:36.9035841Z shell: /usr/bin/bash -e {0}
2026-03-03T13:28:36.9036199Z env:
2026-03-03T13:28:36.9036393Z   CARGO_TERM_COLOR: always
2026-03-03T13:28:36.9036683Z   MISE_TRUSTED_CONFIG_PATHS: /home/runner/work/mise/mise
2026-03-03T13:28:36.9036980Z   MISE_EXPERIMENTAL: 1
2026-03-03T13:28:36.9037195Z   MISE_LOCKFILE: 1
2026-03-03T13:28:36.9037396Z   RUST_BACKTRACE: 1
2026-03-03T13:28:36.9037823Z   GITHUB_TOKEN: ***
2026-03-03T13:28:36.9038090Z   FORGEJO_TOKEN: ***
2026-03-03T13:28:36.9038309Z   CACHE_ON_FAILURE: false
2026-03-03T13:28:36.9038514Z   CARGO_INCREMENTAL: 0
2026-03-03T13:28:36.9038712Z ##[endgroup]
2026-03-03T13:28:37.0469701Z [0m[33m[test][0m [1m$ mise tasks run test:unit[0m
2026-03-03T13:28:37.1899389Z [0m[34m[test:unit][0m [1m$ cargo test --all-features[0m
2026-03-03T13:28:37.8368352Z [1m[92m   Compiling[0m aqua-registry v2026.2.15 (/home/runner/work/mise/mise/crates/aqua-registry)
2026-03-03T13:28:37.8369574Z [1m[92m   Compiling[0m mise-interactive-config v2026.1.12 (/home/runner/work/mise/mise/crates/mise-interactive-config)
2026-03-03T13:28:37.8370549Z [1m[92m   Compiling[0m mise v2026.3.1 (/home/runner/work/mise/mise)
2026-03-03T13:28:37.8374576Z [1m[92m   Compiling[0m vfox v2026.2.4 (/home/runner/work/mise/mise/crates/vfox)
2026-03-03T13:29:41.6215201Z [1m[92m    Finished[0m `test` profile [unoptimized + debuginfo] target(s) in 1m 04s
2026-03-03T13:29:41.6661787Z [1m[92m     Running[0m unittests src/main.rs (target/debug/deps/mise-1731c9fafab238c4)
2026-03-03T13:29:41.6737144Z 
2026-03-03T13:29:41.6737917Z running 517 tests
2026-03-03T13:29:41.6817917Z test agecrypt::tests::test_age_x25519_round_trip_large ... ok
2026-03-03T13:29:41.6837139Z test agecrypt::tests::test_age_x25519_round_trip_small ... ok
2026-03-03T13:29:41.6838593Z test agecrypt::tests::test_parse_recipient ... ok
2026-03-03T13:29:41.7231207Z test backend::asdf::tests::test_debug ... ok
2026-03-03T13:29:41.7613321Z test backend::asset_matcher::tests::test_arch_mismatch_rejected ... ok
2026-03-03T13:29:41.7617163Z test backend::asset_matcher::tests::test_archive_preference ... ok
2026-03-03T13:29:41.7624430Z test backend::asset_matcher::tests::test_artifactbundle_penalty ... ok
2026-03-03T13:29:41.7625066Z test backend::asset_matcher::tests::test_asset_creation ... ok
2026-03-03T13:29:41.7634372Z test backend::asset_matcher::tests::test_asset_picker_functionality ... ok
2026-03-03T13:29:41.7646593Z test backend::asset_matcher::tests::test_asset_picker_functionality_mixed ... ok
2026-03-03T13:29:41.7654092Z test backend::asset_matcher::tests::test_asset_scoring ... ok
2026-03-03T13:29:41.7654857Z test backend::asset_matcher::tests::test_checksum_result_format ... ok
2026-03-03T13:29:41.7655771Z test backend::asset_matcher::tests::test_detect_checksum_algorithm ... ok
2026-03-03T13:29:41.7656971Z test backend::asset_matcher::tests::test_find_checksum ... ok
2026-03-03T13:29:41.7789175Z test backend::asset_matcher::tests::test_find_checksum_global ... ok
2026-03-03T13:29:41.7794542Z test backend::asset_matcher::tests::test_for_target_with_libc_qualifier ... ok
2026-03-03T13:29:41.7795350Z test backend::asset_matcher::tests::test_is_valid_hash ... ok
2026-03-03T13:29:41.7802474Z test backend::asset_matcher::tests::test_metadata_penalty ... ok
2026-03-03T13:29:41.7803491Z test backend::asset_matcher::tests::test_parse_checksum_content_returns_none_for_missing_file ... ok
2026-03-03T13:29:41.7804452Z test backend::asset_matcher::tests::test_parse_checksum_content_shasums_format ... ok
2026-03-03T13:29:41.7805718Z test backend::asset_matcher::tests::test_parse_checksum_content_single_file ... ok
2026-03-03T13:29:41.7806767Z test backend::asset_matcher::tests::test_parse_checksum_content_with_filename_suffix ... ok
2026-03-03T13:29:41.7811406Z test backend::asset_matcher::tests::test_pick_best_provenance_darwin ... ok
2026-03-03T13:29:41.7814856Z test backend::asset_matcher::tests::test_pick_best_provenance_intoto ... ok
2026-03-03T13:29:41.7815657Z test backend::asset_matcher::tests::test_pick_best_provenance_none_available ... ok
2026-03-03T13:29:41.7817364Z test backend::asset_matcher::tests::test_pick_best_provenance_selects_matching_platform ... ok
2026-03-03T13:29:41.7819070Z test backend::asset_matcher::tests::test_pick_best_provenance_single_provenance ... ok
2026-03-03T13:29:41.7822642Z test backend::asset_matcher::tests::test_pick_best_provenance_windows ... ok
2026-03-03T13:29:41.7833093Z test backend::asset_matcher::tests::test_platform_detection_from_url ... ok
2026-03-03T13:29:41.7833885Z test backend::asset_matcher::tests::test_platform_string_conversion ... ok
2026-03-03T13:29:41.7838567Z test backend::asset_matcher::tests::test_vsix_vs_gz ... ok
2026-03-03T13:29:41.7842167Z test backend::asset_matcher::tests::test_windows_msvc_preference ... ok
2026-03-03T13:29:41.7847229Z test backend::asset_matcher::tests::test_zip_scoring ... ok
2026-03-03T13:29:41.7847858Z test backend::gem::tests::test_extract_minor_version ... ok
2026-03-03T13:29:41.7849906Z test backend::github::tests::test_find_asset_case_insensitive ... ok
2026-03-03T13:29:41.7850691Z test backend::github::tests::test_is_slsa_format_issue_api_error ... ok
2026-03-03T13:29:41.7851366Z test backend::github::tests::test_is_slsa_format_issue_invalid_format ... ok
2026-03-03T13:29:41.7852178Z test backend::github::tests::test_is_slsa_format_issue_no_attestations ... ok
2026-03-03T13:29:41.7852985Z test backend::github::tests::test_is_slsa_format_issue_no_certificate ... ok
2026-03-03T13:29:41.7853797Z test backend::github::tests::test_is_slsa_format_issue_no_dsse_envelope ... ok
2026-03-03T13:29:41.7854659Z test backend::github::tests::test_is_slsa_format_issue_real_verification_failure ... ok
2026-03-03T13:29:41.7855558Z test backend::github::tests::test_is_slsa_format_issue_signature_failure ... ok
2026-03-03T13:29:41.7897112Z test backend::github::tests::test_pattern_matching ... ok
2026-03-03T13:29:41.7935556Z test backend::github::tests::test_version_prefix_functionality ... ok
2026-03-03T13:29:41.7937040Z test backend::jq::tests::test_extract_array_field ... ok
2026-03-03T13:29:41.7937758Z test backend::jq::tests::test_extract_array_iterate ... ok
2026-03-03T13:29:41.7939532Z test backend::jq::tests::test_extract_auto_array_objects ... ok
2026-03-03T13:29:41.7940485Z test backend::jq::tests::test_extract_auto_array_strings ... ok
2026-03-03T13:29:41.7941192Z test backend::jq::tests::test_extract_auto_object_releases_field ... ok
2026-03-03T13:29:41.7942108Z test backend::jq::tests::test_extract_auto_object_versions_field ... ok
2026-03-03T13:29:41.7942781Z test backend::jq::tests::test_extract_auto_string ... ok
2026-03-03T13:29:41.7943668Z test backend::jq::tests::test_extract_deeply_nested ... ok
2026-03-03T13:29:41.7944273Z test backend::jq::tests::test_extract_empty_path ... ok
2026-03-03T13:29:41.7945174Z test backend::jq::tests::test_extract_filter_nested ... ok
2026-03-03T13:29:41.7945964Z test backend::jq::tests::test_extract_filter_no_match ... ok
2026-03-03T13:29:41.7947597Z test backend::jq::tests::test_extract_filter_simple ... ok
2026-03-03T13:29:41.7948399Z test backend::jq::tests::test_extract_filter_whole_object ... ok
2026-03-03T13:29:41.7949149Z test backend::jq::tests::test_extract_missing_field ... ok
2026-03-03T13:29:41.7950582Z test backend::jq::tests::test_extract_nested_array ... ok
2026-03-03T13:29:41.7952773Z test backend::jq::tests::test_extract_nested_field ... ok
2026-03-03T13:29:41.7953871Z test backend::jq::tests::test_extract_object_field_array ... ok
2026-03-03T13:29:41.7954803Z test backend::jq::tests::test_extract_root_array ... ok
2026-03-03T13:29:41.7956389Z test backend::jq::tests::test_extract_root_string ... ok
2026-03-03T13:29:41.7959153Z test backend::npm::tests::test_get_dependencies_default_package_manager ... ok
2026-03-03T13:29:41.7962098Z test backend::npm::tests::test_get_dependencies_for_npm_itself ... ok
2026-03-03T13:29:41.7963125Z test backend::platform_target::tests::test_from_current ... ok
2026-03-03T13:29:41.7963861Z test backend::platform_target::tests::test_platform_target_creation ... ok
2026-03-03T13:29:41.7964635Z test backend::platform_target::tests::test_platform_target_with_qualifier ... ok
2026-03-03T13:29:41.7965597Z test backend::s3::tests::test_s3_url_invalid_scheme ... ok
2026-03-03T13:29:41.7966516Z test backend::s3::tests::test_s3_url_missing_bucket ... ok
2026-03-03T13:29:41.7967349Z test backend::s3::tests::test_s3_url_parse_basic ... ok
2026-03-03T13:29:41.7968448Z test backend::s3::tests::test_s3_url_parse_deep_path ... ok
2026-03-03T13:29:41.7969447Z test backend::s3::tests::test_s3_url_parse_root_key ... ok
2026-03-03T13:29:41.7970394Z test backend::s3::tests::test_s3_url_parse_with_query_params ... ok
2026-03-03T13:29:41.7975366Z test backend::spm::tests::test_git_provider_from_ba ... ok
2026-03-03T13:29:41.7993978Z test backend::spm::tests::test_spm_repo_init_by_shorthand ... ok
2026-03-03T13:29:41.7999935Z test backend::spm::tests::test_spm_repo_init_by_url ... ok
2026-03-03T13:29:41.8002771Z test backend::spm::tests::test_spm_repo_init_name ... ok
2026-03-03T13:29:41.8066857Z test backend::static_helpers::tests::test_clean_binary_name ... ok
2026-03-03T13:29:41.8073417Z test backend::static_helpers::tests::test_list_available_platforms_with_key_flat_preserves_arch_underscore ... ok
2026-03-03T13:29:41.8075957Z test backend::static_helpers::tests::test_lookup_platform_key_bin ... ok
2026-03-03T13:29:41.8078353Z test backend::static_helpers::tests::test_lookup_platform_key_bin_path ... ok
2026-03-03T13:29:41.8080912Z test backend::static_helpers::tests::test_lookup_platform_key_bin_with_fallback ... ok
2026-03-03T13:29:41.8081834Z test backend::static_helpers::tests::test_lookup_platform_key_inline_format ... ok
2026-03-03T13:29:41.8084038Z test backend::static_helpers::tests::test_verify_artifact_fallback_to_generic ... ok
2026-03-03T13:29:41.8088115Z test backend::static_helpers::tests::test_verify_artifact_platform_specific ... ok
2026-03-03T13:29:41.8088829Z test backend::test_unalias_backend ... ok
2026-03-03T13:29:41.8089586Z test backend::tests::test_normalize_idiomatic_contents ... ok
2026-03-03T13:29:41.8090572Z test backend::version_list::tests::test_parse_empty_content ... ok
2026-03-03T13:29:41.8092358Z test backend::version_list::tests::test_parse_flutter_json_with_filter ... ok
2026-03-03T13:29:41.8105294Z test backend::version_list::tests::test_parse_flutter_with_version_expr ... ok
2026-03-03T13:29:41.8106338Z test backend::version_list::tests::test_parse_json_array_of_objects_with_tag_name ... ok
2026-03-03T13:29:41.8107472Z test backend::version_list::tests::test_parse_json_array_of_objects_with_version ... ok
2026-03-03T13:29:41.8108288Z test backend::version_list::tests::test_parse_json_array_of_strings ... ok
2026-03-03T13:29:41.8109577Z test backend::version_list::tests::test_parse_json_array_with_v_prefix ... ok
2026-03-03T13:29:41.8110448Z test backend::version_list::tests::test_parse_json_object_with_versions_array ... ok
2026-03-03T13:29:41.8111226Z test backend::version_list::tests::test_parse_json_path_with_invalid_json_falls_back_to_text ... ok
2026-03-03T13:29:41.8112250Z test backend::version_list::tests::test_parse_json_path_with_wrong_path_falls_back_to_text ... ok
2026-03-03T13:29:41.8113120Z test backend::version_list::tests::test_parse_line_separated_versions ... ok
2026-03-03T13:29:41.8113943Z test backend::version_list::tests::test_parse_line_separated_with_comments ... ok
2026-03-03T13:29:41.8114877Z test backend::version_list::tests::test_parse_removes_duplicates ... ok
2026-03-03T13:29:41.8116174Z test backend::version_list::tests::test_parse_single_version ... ok
2026-03-03T13:29:41.8116948Z test backend::version_list::tests::test_parse_single_version_with_v_prefix ... ok
2026-03-03T13:29:41.8117762Z test backend::version_list::tests::test_parse_whitespace_only ... ok
2026-03-03T13:29:41.8118590Z test backend::version_list::tests::test_parse_with_json_path_array_field ... ok
2026-03-03T13:29:41.8119554Z test backend::version_list::tests::test_parse_with_json_path_nested ... ok
2026-03-03T13:29:41.8120374Z test backend::version_list::tests::test_parse_with_json_path_object_array ... ok
2026-03-03T13:29:41.8144268Z test backend::version_list::tests::test_parse_with_regex ... ok
2026-03-03T13:29:41.8247003Z test backend::version_list::tests::test_parse_with_version_expr_filter_keys_with_regex ... ok
2026-03-03T13:29:41.8253447Z test backend::version_list::tests::test_parse_with_version_expr_json_keys ... ok
2026-03-03T13:29:41.8258719Z test backend::version_list::tests::test_parse_with_version_expr_split ... ok
2026-03-03T13:29:41.8263290Z test backend::vfox::test::test_vfox_props ... ok
2026-03-03T13:29:41.8270936Z test cache::tests::test_cache ... ok
2026-03-03T13:29:41.8275933Z test cli::args::backend_arg::tests::test_backend_arg ... ok
2026-03-03T13:29:41.8279511Z test cli::args::backend_arg::tests::test_backend_arg_bug_fixes ... ok
2026-03-03T13:29:41.8283248Z test cli::args::backend_arg::tests::test_backend_arg_improved_error_messages ... ok
2026-03-03T13:29:41.8286494Z test cli::args::backend_arg::tests::test_backend_arg_pathname ... ok
2026-03-03T13:29:42.0557260Z test cli::args::backend_arg::tests::test_full_with_opts_appends_and_filters ... FAILED
2026-03-03T13:29:42.0561388Z test cli::args::backend_arg::tests::test_full_with_opts_preserves_existing_brackets ... ok
2026-03-03T13:29:42.0562137Z test cli::args::env_var_arg::tests::valid_values ... ok
2026-03-03T13:29:42.0566218Z test cli::args::tool_arg::tests::test_tool_arg ... ok
2026-03-03T13:29:42.0568938Z test cli::args::tool_arg::tests::test_tool_arg_parse_input ... ok
2026-03-03T13:29:42.0573107Z test cli::args::tool_arg::tests::test_tool_arg_with_version ... ok
2026-03-03T13:29:42.0576755Z test cli::args::tool_arg::tests::test_tool_arg_with_version_and_alias ... ok
2026-03-03T13:29:42.0577790Z test cli::lock::tests::test_is_not_unfiltered_lock_run_with_tool_filter ... ok
2026-03-03T13:29:42.0578622Z test cli::lock::tests::test_is_unfiltered_lock_run_without_tool_filter ... ok
2026-03-03T13:29:42.0581806Z test cli::lock::tests::test_prune_stale_entries_preserves_legacy_keyed_backend_match ... ok
2026-03-03T13:29:42.0582889Z test cli::lock::tests::test_prune_stale_entries_with_empty_tools_prunes_all_entries ... ok
2026-03-03T13:29:42.0584942Z test cli::lock::tests::test_prune_stale_entries_with_filter_keeps_existing_entries ... ok
2026-03-03T13:29:42.0586745Z test cli::plugins::install::tests::test_get_name_from_url ... ok
2026-03-03T13:29:42.0613636Z test cli::tests::test_subcommands_are_sorted ... ok
2026-03-03T13:29:42.0696270Z test cmd::tests::test_cmd ... ok
2026-03-03T13:29:42.0729838Z test config::config_file::config_root::tests::test_config_root ... ok
2026-03-03T13:29:42.0736355Z test config::config_file::config_root::tests::test_config_root_mise_dir ... ok
2026-03-03T13:29:42.0737785Z test config::config_file::idiomatic_version::package_json::tests::test_bun_as_package_manager ... ok
2026-03-03T13:29:42.0740607Z test config::config_file::idiomatic_version::package_json::tests::test_bun_logic ... ok
2026-03-03T13:29:42.0742643Z test config::config_file::idiomatic_version::package_json::tests::test_deno_dev_engines ... ok
2026-03-03T13:29:42.0744000Z test config::config_file::idiomatic_version::package_json::tests::test_dev_engines_overrides_package_manager_field ... ok
2026-03-03T13:29:42.0744894Z test config::config_file::idiomatic_version::package_json::tests::test_empty_dev_engines ... ok
2026-03-03T13:29:42.0745844Z test config::config_file::idiomatic_version::package_json::tests::test_engines_field_does_not_interfere ... ok
2026-03-03T13:29:42.0747226Z test config::config_file::idiomatic_version::package_json::tests::test_engines_field_ignored ... ok
2026-03-03T13:29:42.0748105Z test config::config_file::idiomatic_version::package_json::tests::test_missing_fields ... ok
2026-03-03T13:29:42.0749153Z test config::config_file::idiomatic_version::package_json::tests::test_package_manager_version_dev_engines ... ok
2026-03-03T13:29:42.0750428Z test config::config_file::idiomatic_version::package_json::tests::test_package_manager_version_field ... ok
2026-03-03T13:29:42.0751079Z test config::config_file::idiomatic_version::package_json::tests::test_package_manager_version_no_hash ... ok
2026-03-03T13:29:42.0753315Z test config::config_file::idiomatic_version::package_json::tests::test_parse_package_json ... ok
2026-03-03T13:29:42.0754552Z test config::config_file::idiomatic_version::package_json::tests::test_runtime_version ... ok
2026-03-03T13:29:42.0755624Z test config::config_file::idiomatic_version::package_json::tests::test_runtime_version_array_form ... ok
2026-03-03T13:29:42.0757018Z test config::config_file::idiomatic_version::package_json::tests::test_runtime_version_bun ... ok
2026-03-03T13:29:42.0758013Z test config::config_file::idiomatic_version::package_json::tests::test_runtime_version_missing_name ... ok
2026-03-03T13:29:42.0758950Z test config::config_file::idiomatic_version::package_json::tests::test_simplify_semver ... ok
2026-03-03T13:29:42.0760330Z test config::config_file::idiomatic_version::package_json::tests::test_simplify_semver_upper_bound ... ok
2026-03-03T13:29:42.0761229Z test config::config_file::idiomatic_version::package_json::tests::test_simplify_semver_wildcards ... ok
2026-03-03T13:29:42.0766637Z test config::config_file::idiomatic_version::tests::test_idiomatic_parse_error_propagation ... ok
2026-03-03T13:29:42.1079945Z test config::config_file::mise_toml::tests::test_env ... ok
2026-03-03T13:29:42.1095977Z test config::config_file::mise_toml::tests::test_env_arr ... ok
2026-03-03T13:29:42.1110405Z test config::config_file::mise_toml::tests::test_env_array_valid ... ok
2026-03-03T13:29:42.1121790Z test config::config_file::mise_toml::tests::test_env_entries ... ok
2026-03-03T13:29:42.1164094Z test config::config_file::mise_toml::tests::test_env_file ... ok
2026-03-03T13:29:42.1419271Z test config::config_file::mise_toml::tests::test_env_source_var_in_tool ... ok
2026-03-03T13:29:42.1455312Z test config::config_file::mise_toml::tests::test_env_var_in_tool ... ok
2026-03-03T13:29:42.1516626Z test config::config_file::mise_toml::tests::test_fixture ... ok
2026-03-03T13:29:42.1562975Z test config::config_file::mise_toml::tests::test_path_dirs ... ok
2026-03-03T13:29:42.1598311Z test config::config_file::mise_toml::tests::test_remove_alias ... ok
2026-03-03T13:29:42.1634463Z test config::config_file::mise_toml::tests::test_remove_plugin ... ok
2026-03-03T13:29:42.1677174Z test config::config_file::mise_toml::tests::test_replace_versions ... ok
2026-03-03T13:29:42.1699669Z test config::config_file::mise_toml::tests::test_set_alias ... ok
2026-03-03T13:29:42.1731975Z test config::config_file::mise_toml::tests::test_table_syntax_preserves_registry_defaults ... ok
2026-03-03T13:29:42.1853667Z test config::config_file::tests::test_detect_config_file_type ... ok
2026-03-03T13:29:42.1855789Z test config::config_file::toml::tests::test_deserialize_arr_map ... ok
2026-03-03T13:29:42.1859075Z test config::config_file::toml::tests::test_deserialize_arr_map_list ... ok
2026-03-03T13:29:42.1860508Z test config::config_file::toml::tests::test_deserialize_arr_mixed_list ... ok
2026-03-03T13:29:42.1862352Z test config::config_file::toml::tests::test_deserialize_arr_string ... ok
2026-03-03T13:29:42.1863312Z test config::config_file::toml::tests::test_deserialize_arr_string_list ... ok
2026-03-03T13:29:42.1864975Z test config::config_file::toml::tests::test_parse_arr ... ok
2026-03-03T13:29:42.1871537Z test config::config_file::toml::tests::test_parse_table ... ok
2026-03-03T13:29:42.1898943Z test config::env_directive::path::tests::test_env_path ... ok
2026-03-03T13:29:42.1908442Z test config::env_directive::venv::tests::test_venv_path ... ok
2026-03-03T13:29:42.1909104Z test config::miserc::tests::test_merge_settings ... ok
2026-03-03T13:29:42.1911020Z test config::miserc::tests::test_parse_miserc ... ok
2026-03-03T13:29:42.1918524Z test config::settings::tests::test_offline_default_is_false ... ok
2026-03-03T13:29:42.1925021Z test config::settings::tests::test_offline_implies_prefer_offline ... ok
2026-03-03T13:29:42.1931024Z test config::settings::tests::test_offline_setting_enables_offline ... ok
2026-03-03T13:29:42.1937059Z test config::settings::tests::test_prefer_offline_default_is_false ... ok
2026-03-03T13:29:42.1942570Z test config::settings::tests::test_prefer_offline_setting ... ok
2026-03-03T13:29:42.1943953Z test config::settings::tests::test_set_by_comma_duplicate_values ... ok
2026-03-03T13:29:42.1944678Z test config::settings::tests::test_set_by_comma_empty_elements ... ok
2026-03-03T13:29:42.1945517Z test config::settings::tests::test_set_by_comma_empty_string ... ok
2026-03-03T13:29:42.1946606Z test config::settings::tests::test_set_by_comma_multiple_values ... ok
2026-03-03T13:29:42.1947324Z test config::settings::tests::test_set_by_comma_single_value ... ok
2026-03-03T13:29:42.1947958Z test config::settings::tests::test_set_by_comma_trailing_comma ... ok
2026-03-03T13:29:42.1948685Z test config::settings::tests::test_set_by_comma_whitespace_only ... ok
2026-03-03T13:29:42.1949355Z test config::settings::tests::test_set_by_comma_with_whitespace ... ok
2026-03-03T13:29:42.1953947Z test config::settings::tests::test_settings_node_build_cmds ... ok
2026-03-03T13:29:42.1957126Z test config::settings::tests::test_settings_node_build_cmds_with_opts ... ok
2026-03-03T13:29:42.2062801Z test config::settings::tests::test_settings_toml_is_sorted ... ok
2026-03-03T13:29:42.2278385Z test config::tests::test_load ... ok
2026-03-03T13:29:42.2360251Z test config::tests::test_load_all_config_files_skips_directories ... ok
2026-03-03T13:29:42.2762492Z test config::tests::test_load_task_file_supports_per_task_vars ... ok
2026-03-03T13:29:42.2764148Z test deps_graph::tests::test_cycle_detection ... ok
2026-03-03T13:29:42.2765282Z test deps_graph::tests::test_empty_graph ... ok
2026-03-03T13:29:42.2767808Z test deps_graph::tests::test_failure_blocks_dependents ... ok
2026-03-03T13:29:42.2769010Z test deps_graph::tests::test_linear_ordering ... ok
2026-03-03T13:29:42.2771241Z test deps_graph::tests::test_no_deps_all_ready ... ok
2026-03-03T13:29:42.2771808Z test deps_graph::tests::test_unknown_dep_error ... ok
2026-03-03T13:29:42.2784427Z test direnv::tests::test_add_path_to_old_and_new ... ok
2026-03-03T13:29:42.2797783Z test direnv::tests::test_dump ... ok
2026-03-03T13:29:42.2805480Z test direnv::tests::test_null_path ... ok
2026-03-03T13:29:42.2812105Z test direnv::tests::test_parse ... ok
2026-03-03T13:29:42.2814466Z test env::tests::test_apply_patches ... ok
2026-03-03T13:29:42.2815107Z test env::tests::test_token_overwrite ... ok
2026-03-03T13:29:42.2817979Z test env::tests::test_var_path ... ok
2026-03-03T13:29:42.2823782Z test env_diff::tests::test_diff ... ok
2026-03-03T13:29:42.2850793Z test env_diff::tests::test_from_bash_script ... ok
2026-03-03T13:29:42.2852911Z test env_diff::tests::test_invalid_escape_sequence ... ok
2026-03-03T13:29:42.2858142Z test env_diff::tests::test_reverse ... ok
2026-03-03T13:29:42.2868233Z test env_diff::tests::test_serialize ... ok
2026-03-03T13:29:42.2869157Z test file::tests::test_all_dirs_no_ceiling ... ok
2026-03-03T13:29:42.2871155Z test file::tests::test_all_dirs_with_ceiling ... ok
2026-03-03T13:29:42.2872741Z test file::tests::test_all_dirs_with_ceiling_at_start ... ok
2026-03-03T13:29:42.2873563Z test file::tests::test_all_dirs_with_multiple_ceilings ... ok
2026-03-03T13:29:42.2874123Z test file::tests::test_all_dirs_with_relative_path ... ok
2026-03-03T13:29:42.2876907Z test file::tests::test_dir_subdirs ... ok
2026-03-03T13:29:42.2879394Z test file::tests::test_display_path ... ok
2026-03-03T13:29:42.2882089Z test file::tests::test_find_up ... ok
2026-03-03T13:29:42.2884810Z test file::tests::test_find_up_2 ... ok
2026-03-03T13:29:42.2897426Z test file::tests::test_inspect_tar_contents_curdir_prefix ... ok
2026-03-03T13:29:42.2898213Z test file::tests::test_inspect_tar_contents_logic ... ok
2026-03-03T13:29:42.2900453Z test file::tests::test_replace_path ... ok
2026-03-03T13:29:42.2901356Z test file::tests::test_should_strip_components ... ok
2026-03-03T13:29:42.2902620Z test file::tests::test_tar_format_from_file_name ... ok
2026-03-03T13:29:42.2909908Z test file::tests::test_untar_single_file ... ok
2026-03-03T13:29:42.2916856Z test file::tests::test_untar_single_file_to_dir ... ok
2026-03-03T13:29:42.2922848Z test hash::tests::test_hash_sha256 ... ok
2026-03-03T13:29:42.2925029Z test hash::tests::test_hash_to_str ... ok
2026-03-03T13:29:42.2943449Z test http::tests::test_documentation_examples ... ok
2026-03-03T13:29:42.2951069Z test http::tests::test_full_url_string_replacement ... ok
2026-03-03T13:29:42.2958794Z test http::tests::test_multiple_replacements_first_match_wins ... ok
2026-03-03T13:29:42.2965257Z test http::tests::test_no_replacements_configured ... ok
2026-03-03T13:29:42.2971693Z test http::tests::test_no_settings_configured ... ok
2026-03-03T13:29:42.2978938Z test http::tests::test_path_replacement_example ... ok
2026-03-03T13:29:42.2990480Z test http::tests::test_protocol_specific_replacement ... ok
2026-03-03T13:29:42.3019846Z test http::tests::test_regex_complex_patterns ... ok
2026-03-03T13:29:42.3038776Z test http::tests::test_regex_invalid_replacement_url ... ok
2026-03-03T13:29:42.3047879Z test http::tests::test_regex_replacement ... ok
2026-03-03T13:29:42.3068545Z test http::tests::test_regex_with_capture_groups ... ok
2026-03-03T13:29:42.3075432Z test http::tests::test_replacement_affects_full_url_not_just_hostname ... ok
2026-03-03T13:29:42.3083310Z test http::tests::test_simple_string_replacement ... ok
2026-03-03T13:29:42.3086007Z test lockfile::tests::test_array_format_required ... ok
2026-03-03T13:29:42.3088344Z test lockfile::tests::test_cleanup_unreferenced_conda_packages ... ok
2026-03-03T13:29:42.3093453Z test lockfile::tests::test_conda_packages_parsing ... ok
2026-03-03T13:29:42.3101714Z test lockfile::tests::test_conda_packages_serialization ... ok
2026-03-03T13:29:42.3102447Z test lockfile::tests::test_lockfile_path_for_config ... ok
2026-03-03T13:29:42.3106206Z test lockfile::tests::test_options_field_not_serialized_when_empty ... ok
2026-03-03T13:29:42.3109599Z test lockfile::tests::test_options_field_parsing_and_serialization ... ok
2026-03-03T13:29:42.3113450Z test lockfile::tests::test_options_field_serialized_when_present ... ok
2026-03-03T13:29:42.3116885Z test lockfile::tests::test_options_matching_in_get_locked_version ... ok
2026-03-03T13:29:42.3117399Z test lockfile::tests::test_platform_info_merge_prefers_sha256 ... ok
2026-03-03T13:29:42.3119743Z test lockfile::tests::test_retain_tools_by_short_cleans_unreferenced_conda_packages ... ok
2026-03-03T13:29:42.3120697Z test lockfile::tests::test_retain_tools_by_short_or_backend_preserves_legacy_keyed_entries ... ok
2026-03-03T13:29:42.3121904Z test lockfile::tests::test_retain_tools_by_short_prunes_removed_tools ... ok
2026-03-03T13:29:42.3126363Z test lockfile::tests::test_save_uses_array_format ... ok
2026-03-03T13:29:42.3127450Z test lockfile::tests::test_stale_tool_shorts_identifies_removed_tools ... ok
2026-03-03T13:29:42.3128724Z test lockfile::tests::test_stale_tool_shorts_respects_backend_identifiers ... ok
2026-03-03T13:29:42.3138023Z test logger::tests::test_init ... ok
2026-03-03T13:29:42.3142031Z test parallel::tests::test_parallel ... ok
2026-03-03T13:29:42.3144520Z test path_env::tests::test_path_env ... ok
2026-03-03T13:29:42.3146943Z test path_env::tests::test_path_env_no_mise ... ok
2026-03-03T13:29:42.3149475Z test path_env::tests::test_path_env_with_colon ... ok
2026-03-03T13:29:42.3150055Z test platform::tests::test_common_platforms ... ok
2026-03-03T13:29:42.3150863Z test platform::tests::test_platform_helpers ... ok
2026-03-03T13:29:42.3151902Z test platform::tests::test_platform_multiple_parsing ... ok
2026-03-03T13:29:42.3152688Z test platform::tests::test_platform_parse_basic ... ok
2026-03-03T13:29:42.3153314Z test platform::tests::test_platform_parse_invalid ... ok
2026-03-03T13:29:42.3154178Z test platform::tests::test_platform_parse_with_compound_qualifier ... ok
2026-03-03T13:29:42.3155197Z test platform::tests::test_platform_parse_with_qualifier ... ok
2026-03-03T13:29:42.3155839Z test platform::tests::test_platform_to_key ... ok
2026-03-03T13:29:42.3156819Z test platform::tests::test_platform_validation ... ok
2026-03-03T13:29:42.3245973Z test plugins::core::ruby::tests::test_parse_gemfile ... ok
2026-03-03T13:29:42.3263075Z test plugins::core::ruby::tests::test_tag_to_version ... ok
2026-03-03T13:29:42.3267678Z test plugins::mise_plugin_toml::tests::test_exec_env ... ok
2026-03-03T13:29:42.3278630Z test plugins::mise_plugin_toml::tests::test_fixture ... ok
2026-03-03T13:29:42.3280601Z test plugins::script_manager::tests::test_get_script_path ... ok
2026-03-03T13:29:42.3282266Z test plugins::script_manager::tests::test_script_manager ... ok
2026-03-03T13:29:42.3282928Z test plugins::tests::test_plugin_source_parse_edge_cases ... ok
2026-03-03T13:29:42.3283738Z test plugins::tests::test_plugin_source_parse_git ... ok
2026-03-03T13:29:42.3284598Z test plugins::tests::test_plugin_source_parse_git_with_ref ... ok
2026-03-03T13:29:42.3285501Z test plugins::tests::test_plugin_source_parse_uppercase_zip_with_query ... ok
2026-03-03T13:29:42.3286389Z test plugins::tests::test_plugin_source_parse_zip ... ok
2026-03-03T13:29:42.3288772Z test prepare::prepare_deps::tests::test_cycle_detection ... ok
2026-03-03T13:29:42.3290194Z test prepare::prepare_deps::tests::test_diamond_deps ... ok
2026-03-03T13:29:42.3291038Z test prepare::prepare_deps::tests::test_empty_graph ... ok
2026-03-03T13:29:42.3293622Z test prepare::prepare_deps::tests::test_failure_blocks_dependents ... ok
2026-03-03T13:29:42.3294920Z test prepare::prepare_deps::tests::test_linear_ordering ... ok
2026-03-03T13:29:42.3296431Z test prepare::prepare_deps::tests::test_no_deps_all_ready ... ok
2026-03-03T13:29:42.3297379Z test prepare::prepare_deps::tests::test_unknown_dep_error ... ok
2026-03-03T13:29:42.3301484Z test redactions::tests::test_empty_patterns_filtered ... ok
2026-03-03T13:29:42.3302094Z test redactions::tests::test_empty_redactor ... ok
2026-03-03T13:29:42.3305652Z test redactions::tests::test_multiple_occurrences ... ok
2026-03-03T13:29:42.3310889Z test redactions::tests::test_multiple_patterns ... ok
2026-03-03T13:29:42.3314838Z test redactions::tests::test_overlapping_patterns ... ok
2026-03-03T13:29:42.3318897Z test redactions::tests::test_single_pattern ... ok
2026-03-03T13:29:42.3326170Z test redactions::tests::test_with_additional ... ok
2026-03-03T13:29:42.3329970Z test registry::tests::test_backend_env_override ... ok
2026-03-03T13:29:42.3331132Z test registry::tests::test_normalize_remote ... ok
2026-03-03T13:29:42.3334864Z test registry::tests::test_tool_disabled ... ok
2026-03-03T13:29:42.3335213Z test semver::tests::test_chunkify_version ... ok
2026-03-03T13:29:42.3336404Z test semver::tests::test_split_version_prefix ... ok
2026-03-03T13:29:42.3342703Z test shell::bash::tests::test_activate ... ok
2026-03-03T13:29:42.3347647Z test shell::bash::tests::test_deactivate ... ok
2026-03-03T13:29:42.3352228Z test shell::bash::tests::test_prepend_env ... ok
2026-03-03T13:29:42.3357244Z test shell::bash::tests::test_set_env ... ok
2026-03-03T13:29:42.3361481Z test shell::bash::tests::test_unset_env ... ok
2026-03-03T13:29:42.3366009Z test shell::elvish::tests::test_deactivate ... ok
2026-03-03T13:29:42.3370412Z test shell::elvish::tests::test_hook_init ... ok
2026-03-03T13:29:42.3375139Z test shell::elvish::tests::test_prepend_env ... ok
2026-03-03T13:29:42.3379063Z test shell::elvish::tests::test_set_env ... ok
2026-03-03T13:29:42.3382918Z test shell::elvish::tests::test_unset_env ... ok
2026-03-03T13:29:42.3387872Z test shell::fish::tests::test_activate ... ok
2026-03-03T13:29:42.3392251Z test shell::fish::tests::test_deactivate ... ok
2026-03-03T13:29:42.3397330Z test shell::fish::tests::test_prepend_env ... ok
2026-03-03T13:29:42.3401623Z test shell::fish::tests::test_set_env ... ok
2026-03-03T13:29:42.3405586Z test shell::fish::tests::test_unset_env ... ok
2026-03-03T13:29:42.3410329Z test shell::nushell::tests::test_deactivate ... ok
2026-03-03T13:29:42.3414935Z test shell::nushell::tests::test_hook_init ... ok
2026-03-03T13:29:42.3419289Z test shell::nushell::tests::test_prepend_env ... ok
2026-03-03T13:29:42.3423284Z test shell::nushell::tests::test_set_env ... ok
2026-03-03T13:29:42.3427278Z test shell::nushell::tests::test_unset_env ... ok
2026-03-03T13:29:42.3432414Z test shell::pwsh::tests::test_activate ... ok
2026-03-03T13:29:42.3436974Z test shell::pwsh::tests::test_deactivate ... ok
2026-03-03T13:29:42.3441429Z test shell::pwsh::tests::test_prepend_env ... ok
2026-03-03T13:29:42.3445473Z test shell::pwsh::tests::test_set_env ... ok
2026-03-03T13:29:42.3449507Z test shell::pwsh::tests::test_unset_env ... ok
2026-03-03T13:29:42.3453557Z test shell::xonsh::tests::test_hook_init ... ok
2026-03-03T13:29:42.3458241Z test shell::xonsh::tests::test_prepend_env ... ok
2026-03-03T13:29:42.3462098Z test shell::xonsh::tests::test_set_env ... ok
2026-03-03T13:29:42.3466156Z test shell::xonsh::tests::test_unset_env ... ok
2026-03-03T13:29:42.3470398Z test shell::xonsh::tests::test_xonsh_deactivate ... ok
2026-03-03T13:29:42.3470940Z test shell::xonsh::tests::test_xonsh_escape_sq ... ok
2026-03-03T13:29:42.3475827Z test shell::zsh::tests::test_activate ... ok
2026-03-03T13:29:42.3480624Z test shell::zsh::tests::test_deactivate ... ok
2026-03-03T13:29:42.3485429Z test shell::zsh::tests::test_prepend_env ... ok
2026-03-03T13:29:42.3489598Z test shell::zsh::tests::test_set_env ... ok
2026-03-03T13:29:42.3493546Z test shell::zsh::tests::test_unset_env ... ok
2026-03-03T13:29:42.3567116Z test shorthands::tests::test_get_shorthands ... ok
2026-03-03T13:29:42.3636291Z test shorthands::tests::test_get_shorthands_missing_file ... ok
2026-03-03T13:29:42.3636954Z test sysconfig::parser::tests::test_missing_assignment_error ... ok
2026-03-03T13:29:42.3638561Z test sysconfig::parser::tests::test_missing_header_error ... ok
2026-03-03T13:29:42.3641623Z test sysconfig::parser::tests::test_parse_concatenated_strings ... ok
2026-03-03T13:29:42.3643645Z test sysconfig::parser::tests::test_parse_escaped_quotes ... ok
2026-03-03T13:29:42.3645642Z test sysconfig::parser::tests::test_parse_integer_values ... ok
2026-03-03T13:29:42.3648094Z test sysconfig::parser::tests::test_parse_string ... ok
2026-03-03T13:29:42.3649728Z test sysconfig::parser::tests::test_parse_trailing_comma ... ok
2026-03-03T13:29:42.3650627Z test sysconfig::parser::tests::test_unexpected_character_error ... ok
2026-03-03T13:29:42.3651297Z test sysconfig::parser::tests::test_unexpected_comma ... ok
2026-03-03T13:29:42.3652091Z test sysconfig::parser::tests::test_unexpected_eof ... ok
2026-03-03T13:29:42.3654929Z test sysconfig::tests::remove_isysroot ... ok
2026-03-03T13:29:42.3657861Z test sysconfig::tests::test_replacements ... ok
2026-03-03T13:29:42.3660431Z test sysconfig::tests::update_real_prefix ... ok
2026-03-03T13:29:42.3662200Z test task::task_context_builder::tests::test_apply_env_results_basic ... ok
2026-03-03T13:29:42.3663973Z test task::task_context_builder::tests::test_apply_env_results_path_handling ... ok
2026-03-03T13:29:42.3665024Z test task::task_context_builder::tests::test_apply_env_results_removes_vars ... ok
2026-03-03T13:29:42.3665967Z test task::task_context_builder::tests::test_extract_task_env ... ok
2026-03-03T13:29:42.3666958Z test task::task_context_builder::tests::test_task_context_builder_new ... ok
2026-03-03T13:29:42.3668204Z test task::task_dep::tests::test_task_dep_deserialize_array ... ok
2026-03-03T13:29:42.3669907Z test task::task_dep::tests::test_task_dep_deserialize_object ... ok
2026-03-03T13:29:42.3670581Z test task::task_dep::tests::test_task_dep_deserialize_object_env_only ... ok
2026-03-03T13:29:42.3671648Z test task::task_dep::tests::test_task_dep_deserialize_string ... ok
2026-03-03T13:29:42.3672212Z test task::task_dep::tests::test_task_dep_display ... ok
2026-03-03T13:29:42.3672818Z test task::task_dep::tests::test_task_dep_from_str ... ok
2026-03-03T13:29:42.3677813Z test task::task_dep::tests::test_task_dep_only_env_vars_error ... ok
2026-03-03T13:29:42.3681956Z test task::task_dep::tests::test_task_dep_render_multiple_env ... ok
2026-03-03T13:29:42.3686390Z test task::task_dep::tests::test_task_dep_render_no_env ... ok
2026-03-03T13:29:42.3690260Z test task::task_dep::tests::test_task_dep_render_shell_style_env ... ok
2026-03-03T13:29:42.3691193Z test task::task_dep::tests::test_task_dep_serialize_with_env ... ok
2026-03-03T13:29:42.3694787Z test task::task_dep::tests::test_task_dep_single_token_with_equals ... ok
2026-03-03T13:29:42.3698076Z test task::task_file_providers::local_task::tests::test_get_local_path ... ok
2026-03-03T13:29:42.3698712Z test task::task_file_providers::local_task::tests::test_is_match ... ok
2026-03-03T13:29:42.3717053Z test task::task_file_providers::remote_task_git::tests::test_compare_https_get_cache_key ... ok
2026-03-03T13:29:42.3734122Z test task::task_file_providers::remote_task_git::tests::test_compare_ssh_get_cache_key ... ok
2026-03-03T13:29:42.3739113Z test task::task_file_providers::remote_task_git::tests::test_extract_https_url_information ... ok
2026-03-03T13:29:42.3743960Z test task::task_file_providers::remote_task_git::tests::test_extract_ssh_url_information ... ok
2026-03-03T13:29:42.3747304Z test task::task_file_providers::remote_task_git::tests::test_invalid_parse_https ... ok
2026-03-03T13:29:42.3750680Z test task::task_file_providers::remote_task_git::tests::test_invalid_parse_ssh ... ok
2026-03-03T13:29:42.3756297Z test task::task_file_providers::remote_task_git::tests::test_valid_parse_https ... ok
2026-03-03T13:29:42.3762089Z test task::task_file_providers::remote_task_git::tests::test_valid_parse_ssh ... ok
2026-03-03T13:29:42.4339330Z test task::task_file_providers::remote_task_http::tests::test_http_remote_task_get_local_path_with_cache ... ok
2026-03-03T13:29:42.4389795Z test task::task_file_providers::remote_task_http::tests::test_http_remote_task_get_local_path_without_cache ... ok
2026-03-03T13:29:42.4391838Z test task::task_file_providers::remote_task_http::tests::test_is_match ... ok
2026-03-03T13:29:42.4392843Z test task::task_file_providers::tests::test_get_providers ... ok
2026-03-03T13:29:42.4402420Z test task::task_file_providers::tests::test_git_file_match_git_remote_task_provider ... ok
2026-03-03T13:29:42.4405081Z test task::task_file_providers::tests::test_http_file_match_http_remote_task_provider ... ok
2026-03-03T13:29:42.4405902Z test task::task_file_providers::tests::test_local_file_match_local_provider ... ok
2026-03-03T13:29:42.4406997Z test task::task_load_context::tests::test_expand_colon_task_syntax ... ok
2026-03-03T13:29:42.4407812Z test task::task_load_context::tests::test_extract_path_hint ... ok
2026-03-03T13:29:42.4408610Z test task::task_load_context::tests::test_load_all_context ... ok
2026-03-03T13:29:42.4409592Z test task::task_load_context::tests::test_should_load_subdir ... ok
2026-03-03T13:29:42.4410942Z test task::task_load_context::tests::test_should_load_subdir_multiple_hints ... ok
2026-03-03T13:29:42.4411656Z test task::task_scheduler::tests::test_scheduler_new ... ok
2026-03-03T13:29:42.4414182Z test task::task_scheduler::tests::test_scheduler_receiver_take ... ok
2026-03-03T13:29:42.4416525Z test task::task_scheduler::tests::test_spawn_context_clone ... ok
2026-03-03T13:29:42.4452909Z test task::task_script_parser::tests::test_task_nested_template ... ok
2026-03-03T13:29:42.4482061Z test task::task_script_parser::tests::test_task_parse_arg ... ok
2026-03-03T13:29:42.4505065Z test task::task_script_parser::tests::test_task_parse_arg_var ... ok
2026-03-03T13:29:42.4541681Z test task::task_script_parser::tests::test_task_parse_empty_help ... ok
2026-03-03T13:29:42.4580646Z test task::task_script_parser::tests::test_task_parse_flag ... ok
2026-03-03T13:29:42.4616158Z test task::task_script_parser::tests::test_task_parse_multi_use_arg ... ok
2026-03-03T13:29:42.4645588Z test task::task_script_parser::tests::test_task_parse_option ... ok
2026-03-03T13:29:42.4660145Z test task::task_script_parser::tests::test_task_parse_option_env ... ok
2026-03-03T13:29:42.4729297Z test task::task_script_parser::tests::test_task_parse_task_source_files ... ok
2026-03-03T13:29:42.4763657Z test task::task_script_parser::tests::test_task_usage_hashmap ... ok
2026-03-03T13:29:42.4779414Z test task::task_script_parser::tests::test_task_usage_multistring ... ok
2026-03-03T13:29:42.4780154Z test task::task_sources::tests::test_task_outputs_deserialize ... ok
2026-03-03T13:29:42.4787817Z test task::task_sources::tests::test_task_outputs_from_toml ... ok
2026-03-03T13:29:42.4788498Z test task::task_sources::tests::test_task_outputs_serialize ... ok
2026-03-03T13:29:42.4789381Z test task::task_template::tests::test_merge_template_depends_override ... ok
2026-03-03T13:29:42.4790188Z test task::task_template::tests::test_merge_template_description ... ok
2026-03-03T13:29:42.4790820Z test task::task_template::tests::test_merge_template_run_from_template ... ok
2026-03-03T13:29:42.4791665Z test task::task_template::tests::test_merge_template_run_override ... ok
2026-03-03T13:29:42.4793775Z test task::task_template::tests::test_merge_template_tools_deep_merge ... ok
2026-03-03T13:29:42.4794563Z test task::task_template::tests::test_merge_template_vars_deep_merge ... ok
2026-03-03T13:29:42.4795447Z test task::task_template::tests::test_merge_template_vars_override ... ok
2026-03-03T13:29:42.4796325Z test task::task_tool_installer::tests::test_task_tool_installer_new ... ok
2026-03-03T13:29:42.4799278Z test task::tests::test_circular_dependency_detection ... ok
2026-03-03T13:29:42.4799929Z test task::tests::test_extract_monorepo_path ... ok
2026-03-03T13:29:42.4807890Z test task::tests::test_file_path_absolute ... ok
2026-03-03T13:29:42.4810444Z test task::tests::test_file_path_none ... ok
2026-03-03T13:29:42.4811220Z test task::tests::test_file_path_raw_absolute ... ok
2026-03-03T13:29:42.4812078Z test task::tests::test_file_path_raw_none ... ok
2026-03-03T13:29:42.4812760Z test task::tests::test_file_path_raw_relative ... ok
2026-03-03T13:29:42.4818841Z test task::tests::test_file_path_raw_relative_no_config_root ... ok
2026-03-03T13:29:42.4826634Z test task::tests::test_file_path_relative ... ok
2026-03-03T13:29:42.4836683Z test task::tests::test_file_path_with_templating ... ok
2026-03-03T13:29:42.4868805Z test task::tests::test_from_path ... ok
2026-03-03T13:29:42.4875595Z test task::tests::test_from_path_invalid_toml ... ok
2026-03-03T13:29:42.4889739Z test task::tests::test_from_path_toml_headers ... ok
2026-03-03T13:29:42.4901131Z test task::tests::test_get_matching_wildcard_does_not_match_parent ... ok
2026-03-03T13:29:42.4918483Z test task::tests::test_hyphenated_and_numeric_tool_names ... ok
2026-03-03T13:29:42.4936604Z test task::tests::test_multi_line_tools_merge ... ok
2026-03-03T13:29:42.4937177Z test task::tests::test_name_from_path ... ok
2026-03-03T13:29:42.4938393Z test task::tests::test_name_from_path_invalid ... ok
2026-03-03T13:29:42.4941473Z test task::tests::test_no_false_positive_for_diamond_dependency ... ok
2026-03-03T13:29:42.4973525Z test task::tests::test_parses_all_fields ... ok
2026-03-03T13:29:42.4975941Z test task::tests::test_resolve_depends_post_uses_self_only ... ok
2026-03-03T13:29:42.4977168Z test task::tests::test_resolve_task_pattern ... ok
2026-03-03T13:29:42.4978000Z test task::tests::test_strip_extension ... ok
2026-03-03T13:29:42.4980888Z test task::tests::test_transitive_circular_dependency_detection ... ok
2026-03-03T13:29:42.4994298Z test tera::tests::test_absolute ... ok
2026-03-03T13:29:42.5002738Z test tera::tests::test_arch ... ok
2026-03-03T13:29:42.5009986Z test tera::tests::test_basename ... ok
2026-03-03T13:29:42.5017193Z test tera::tests::test_canonicalize ... ok
2026-03-03T13:29:42.5031491Z test tera::tests::test_choice ... ok
2026-03-03T13:29:42.5040784Z test tera::tests::test_config_root ... ok
2026-03-03T13:29:42.5049166Z test tera::tests::test_cwd ... ok
2026-03-03T13:29:42.5056024Z test tera::tests::test_dirname ... ok
2026-03-03T13:29:42.5066774Z test tera::tests::test_exists ... ok
2026-03-03T13:29:42.5073754Z test tera::tests::test_extname ... ok
2026-03-03T13:29:42.5080903Z test tera::tests::test_file_size ... ok
2026-03-03T13:29:42.5087455Z test tera::tests::test_file_stem ... ok
2026-03-03T13:29:42.5109200Z test tera::tests::test_haiku ... ok
2026-03-03T13:29:42.5134309Z test tera::tests::test_hash ... ok
2026-03-03T13:29:42.5145170Z test tera::tests::test_hash_file ... ok
2026-03-03T13:29:42.5155151Z test tera::tests::test_is_dir ... ok
2026-03-03T13:29:42.5165220Z test tera::tests::test_is_file ... ok
2026-03-03T13:29:42.5174359Z test tera::tests::test_join_path ... ok
2026-03-03T13:29:42.5180981Z test tera::tests::test_kebabcase ... ok
2026-03-03T13:29:42.5187694Z test tera::tests::test_last_modified ... ok
2026-03-03T13:29:42.5194174Z test tera::tests::test_lowercamelcase ... ok
2026-03-03T13:29:42.5201771Z test tera::tests::test_mise_bin ... ok
2026-03-03T13:29:42.5211994Z test tera::tests::test_mise_env ... ok
2026-03-03T13:29:42.5219914Z test tera::tests::test_mise_pid ... ok
2026-03-03T13:29:42.5227356Z test tera::tests::test_num_cpus ... ok
2026-03-03T13:29:42.5234191Z test tera::tests::test_os ... ok
2026-03-03T13:29:42.5241017Z test tera::tests::test_os_family ... ok
2026-03-03T13:29:42.5247474Z test tera::tests::test_quote ... ok
2026-03-03T13:29:42.5263037Z test tera::tests::test_read_file ... ok
2026-03-03T13:29:42.5273846Z test tera::tests::test_semver_matching ... ok
2026-03-03T13:29:42.5280618Z test tera::tests::test_shoutykebabcase ... ok
2026-03-03T13:29:42.5287227Z test tera::tests::test_shoutysnakecase ... ok
2026-03-03T13:29:42.5293743Z test tera::tests::test_snakecase ... ok
2026-03-03T13:29:42.5300431Z test tera::tests::test_uppercamelcase ... ok
2026-03-03T13:29:42.5308492Z test tera::tests::test_xdg_cache_home ... ok
2026-03-03T13:29:42.5316282Z test tera::tests::test_xdg_config_home ... ok
2026-03-03T13:29:42.5324402Z test tera::tests::test_xdg_data_home ... ok
2026-03-03T13:29:42.5331986Z test tera::tests::test_xdg_state_home ... ok
2026-03-03T13:29:42.5332780Z test toolset::env_cache::tests::test_cache_key_computation ... ok
2026-03-03T13:29:42.5335930Z test toolset::env_cache::tests::test_encryption_roundtrip ... ok
2026-03-03T13:29:42.5337106Z test toolset::env_cache::tests::test_generate_encryption_key ... ok
2026-03-03T13:29:42.5341135Z test toolset::install_state::tests::test_manifest_roundtrip ... ok
2026-03-03T13:29:42.5341711Z test toolset::install_state::tests::test_normalize_version_for_sort ... ok
2026-03-03T13:29:42.5343086Z test toolset::install_state::tests::test_version_sorting_with_v_prefix ... ok
2026-03-03T13:29:42.5345909Z test toolset::outdated_info::tests::test_check_semver_bump ... ok
2026-03-03T13:29:42.5347668Z test toolset::outdated_info::tests::test_is_outdated_version ... ok
2026-03-03T13:29:42.5357714Z test toolset::tests::test_sort_by_overrides ... ok
2026-03-03T13:29:42.5358993Z test toolset::tool_deps::tests::test_empty_deps ... ok
2026-03-03T13:29:42.5360741Z test toolset::tool_request::tests::test_version_sub ... ok
2026-03-03T13:29:42.5362120Z test toolset::tool_request::tests::test_version_sub_underflow ... ok
2026-03-03T13:29:42.5365394Z test toolset::tool_request_set::tests::test_load_runtime_env_ignores_non_mise_vars ... ok
2026-03-03T13:29:42.5370536Z test toolset::tool_request_set::tests::test_load_runtime_env_with_valid_utf8 ... ok
2026-03-03T13:29:42.5371630Z test toolset::tool_source::tests::test_tool_source_as_json ... ok
2026-03-03T13:29:42.5372412Z test toolset::tool_source::tests::test_tool_source_display ... ok
2026-03-03T13:29:42.5408705Z test toolset::tool_version_list::tests::test_tool_version_list ... ok
2026-03-03T13:29:42.5852287Z test toolset::tool_version_list::tests::test_tool_version_list_failure ... ok
2026-03-03T13:29:42.5859571Z test toolset::tool_version_options::tests::test_contains_key_with_nested_options ... ok
2026-03-03T13:29:42.5861415Z test toolset::tool_version_options::tests::test_direct_and_nested_options ... ok
2026-03-03T13:29:42.5864644Z test toolset::tool_version_options::tests::test_generic_nested_options ... ok
2026-03-03T13:29:42.5867093Z test toolset::tool_version_options::tests::test_indexmap_preserves_order ... ok
2026-03-03T13:29:42.5869489Z test toolset::tool_version_options::tests::test_merge_functionality ... ok
2026-03-03T13:29:42.5873644Z test toolset::tool_version_options::tests::test_nested_option_with_os_arch_dash ... ok
2026-03-03T13:29:42.5875824Z test toolset::tool_version_options::tests::test_non_existent_nested_paths ... ok
2026-03-03T13:29:42.5880084Z test toolset::tool_version_options::tests::test_parse_tool_options ... ok
2026-03-03T13:29:42.5883024Z test toolset::tool_version_options::tests::test_parse_tool_options_mixed_braces_and_simple ... ok
2026-03-03T13:29:42.5887252Z test toolset::tool_version_options::tests::test_parse_tool_options_with_nested_braces ... ok
2026-03-03T13:29:42.5889869Z test ui::multi_progress_report::tests::test_multi_progress_report ... ok
2026-03-03T13:29:42.5928399Z foo
2026-03-03T13:29:42.5928880Z foo             message
2026-03-03T13:29:42.5929978Z foo             message                                                        ✔
2026-03-03T13:29:42.5930724Z foo             message                                                        ✔
2026-03-03T13:29:42.5932778Z test ui::progress_report::tests::test_progress_report ... ok
2026-03-03T13:29:42.5935893Z test ui::progress_report::tests::test_progress_report_quiet ... ok
2026-03-03T13:29:42.5939362Z test ui::progress_report::tests::test_progress_report_verbose ... ok
2026-03-03T13:29:42.5939665Z 
2026-03-03T13:29:42.5939761Z failures:
2026-03-03T13:29:42.5939908Z 
2026-03-03T13:29:42.5940288Z ---- cli::args::backend_arg::tests::test_full_with_opts_appends_and_filters stdout ----
2026-03-03T13:29:42.5940879Z 
2026-03-03T13:29:42.5941599Z thread 'cli::args::backend_arg::tests::test_full_with_opts_appends_and_filters' (2833) panicked at src/cli/args/backend_arg.rs:666:9:
2026-03-03T13:29:42.5942586Z assertion failed: `(left == right)`
2026-03-03T13:29:42.5942888Z 
2026-03-03T13:29:42.5943263Z [1mDiff[0m [31m< left[0m / [32mright >[0m :
2026-03-03T13:29:42.5943822Z [31m<npm:prettier[a=1,b=2][0m
2026-03-03T13:29:42.5945263Z [32m>npm:prettier[a[0m[1;48;5;22;32m [0m[32m=[0m[1;48;5;22;32m "[0m[32m1[0m[1;48;5;22;32m"[0m[32m,[0m[1;48;5;22;32m [0m[32mb[0m[1;48;5;22;32m [0m[32m=[0m[1;48;5;22;32m "[0m[32m2[0m[1;48;5;22;32m"[0m[32m][0m
2026-03-03T13:29:42.5946489Z 
2026-03-03T13:29:42.5946496Z 
2026-03-03T13:29:42.5946621Z stack backtrace:
2026-03-03T13:29:42.5946963Z    0: __rustc::rust_begin_unwind
2026-03-03T13:29:42.5947681Z              at /rustc/ec818fda361ca216eb186f5cf45131bd9c776bb4/library/std/src/panicking.rs:689:5
2026-03-03T13:29:42.5948475Z    1: core::panicking::panic_fmt
2026-03-03T13:29:42.5949189Z              at /rustc/ec818fda361ca216eb186f5cf45131bd9c776bb4/library/core/src/panicking.rs:80:14
2026-03-03T13:29:42.5950208Z    2: mise::cli::args::backend_arg::tests::test_full_with_opts_appends_and_filters::{closure#0}
2026-03-03T13:29:42.5951098Z              at /home/runner/work/mise/mise/src/cli/args/backend_arg.rs:666:9
2026-03-03T13:29:42.5952008Z    3: <core::pin::Pin<&mut dyn core::future::future::Future<Output = ()>> as core::future::future::Future>::poll
2026-03-03T13:29:42.5953168Z              at /rustc/ec818fda361ca216eb186f5cf45131bd9c776bb4/library/core/src/future/future.rs:133:9
2026-03-03T13:29:42.5954432Z    4: <core::pin::Pin<&mut core::pin::Pin<&mut dyn core::future::future::Future<Output = ()>>> as core::future::future::Future>::poll
2026-03-03T13:29:42.5955683Z              at /rustc/ec818fda361ca216eb186f5cf45131bd9c776bb4/library/core/src/future/future.rs:133:9
2026-03-03T13:29:42.5957394Z    5: <tokio::runtime::scheduler::current_thread::CoreGuard>::block_on::<core::pin::Pin<&mut core::pin::Pin<&mut dyn core::future::future::Future<Output = ()>>>>::{closure#0}::{closure#0}::{closure#0}
2026-03-03T13:29:42.5959603Z              at /home/runner/.cargo/registry/src/index.crates.io-1949cf8c6b5b557f/tokio-1.49.0/src/runtime/scheduler/current_thread/mod.rs:753:70
2026-03-03T13:29:42.5962011Z    6: tokio::task::coop::with_budget::<core::task::poll::Poll<()>, <tokio::runtime::scheduler::current_thread::CoreGuard>::block_on<core::pin::Pin<&mut core::pin::Pin<&mut dyn core::future::future::Future<Output = ()>>>>::{closure#0}::{closure#0}::{closure#0}>
2026-03-03T13:29:42.5963970Z              at /home/runner/.cargo/registry/src/index.crates.io-1949cf8c6b5b557f/tokio-1.49.0/src/task/coop/mod.rs:167:5
2026-03-03T13:29:42.5965884Z    7: tokio::task::coop::budget::<core::task::poll::Poll<()>, <tokio::runtime::scheduler::current_thread::CoreGuard>::block_on<core::pin::Pin<&mut core::pin::Pin<&mut dyn core::future::future::Future<Output = ()>>>>::{closure#0}::{closure#0}::{closure#0}>
2026-03-03T13:29:42.5967947Z              at /home/runner/.cargo/registry/src/index.crates.io-1949cf8c6b5b557f/tokio-1.49.0/src/task/coop/mod.rs:133:5
2026-03-03T13:29:42.5969665Z    8: <tokio::runtime::scheduler::current_thread::CoreGuard>::block_on::<core::pin::Pin<&mut core::pin::Pin<&mut dyn core::future::future::Future<Output = ()>>>>::{closure#0}::{closure#0}
2026-03-03T13:29:42.5971221Z              at /home/runner/.cargo/registry/src/index.crates.io-1949cf8c6b5b557f/tokio-1.49.0/src/runtime/scheduler/current_thread/mod.rs:753:25
2026-03-03T13:29:42.5973166Z    9: <tokio::runtime::scheduler::current_thread::Context>::enter::<core::task::poll::Poll<()>, <tokio::runtime::scheduler::current_thread::CoreGuard>::block_on<core::pin::Pin<&mut core::pin::Pin<&mut dyn core::future::future::Future<Output = ()>>>>::{closure#0}::{closure#0}>
2026-03-03T13:29:42.5975085Z              at /home/runner/.cargo/registry/src/index.crates.io-1949cf8c6b5b557f/tokio-1.49.0/src/runtime/scheduler/current_thread/mod.rs:442:19
2026-03-03T13:29:42.5976638Z   10: <tokio::runtime::scheduler::current_thread::CoreGuard>::block_on::<core::pin::Pin<&mut core::pin::Pin<&mut dyn core::future::future::Future<Output = ()>>>>::{closure#0}
2026-03-03T13:29:42.5978192Z              at /home/runner/.cargo/registry/src/index.crates.io-1949cf8c6b5b557f/tokio-1.49.0/src/runtime/scheduler/current_thread/mod.rs:752:44
2026-03-03T13:29:42.5980555Z   11: <tokio::runtime::scheduler::current_thread::CoreGuard>::enter::<<tokio::runtime::scheduler::current_thread::CoreGuard>::block_on<core::pin::Pin<&mut core::pin::Pin<&mut dyn core::future::future::Future<Output = ()>>>>::{closure#0}, core::option::Option<()>>::{closure#0}
2026-03-03T13:29:42.5982881Z              at /home/runner/.cargo/registry/src/index.crates.io-1949cf8c6b5b557f/tokio-1.49.0/src/runtime/scheduler/current_thread/mod.rs:840:68
2026-03-03T13:29:42.5986385Z   12: <tokio::runtime::context::scoped::Scoped<tokio::runtime::scheduler::Context>>::set::<<tokio::runtime::scheduler::current_thread::CoreGuard>::enter<<tokio::runtime::scheduler::current_thread::CoreGuard>::block_on<core::pin::Pin<&mut core::pin::Pin<&mut dyn core::future::future::Future<Output = ()>>>>::{closure#0}, core::option::Option<()>>::{closure#0}, (alloc::boxed::Box<tokio::runtime::scheduler::current_thread::Core>, core::option::Option<()>)>
2026-03-03T13:29:42.5989412Z              at /home/runner/.cargo/registry/src/index.crates.io-1949cf8c6b5b557f/tokio-1.49.0/src/runtime/context/scoped.rs:40:9
2026-03-03T13:29:42.5991975Z   13: tokio::runtime::context::set_scheduler::<(alloc::boxed::Box<tokio::runtime::scheduler::current_thread::Core>, core::option::Option<()>), <tokio::runtime::scheduler::current_thread::CoreGuard>::enter<<tokio::runtime::scheduler::current_thread::CoreGuard>::block_on<core::pin::Pin<&mut core::pin::Pin<&mut dyn core::future::future::Future<Output = ()>>>>::{closure#0}, core::option::Option<()>>::{closure#0}>::{closure#0}
2026-03-03T13:29:42.5994515Z              at /home/runner/.cargo/registry/src/index.crates.io-1949cf8c6b5b557f/tokio-1.49.0/src/runtime/context.rs:176:38
2026-03-03T13:29:42.5998386Z   14: <std::thread::local::LocalKey<tokio::runtime::context::Context>>::try_with::<tokio::runtime::context::set_scheduler<(alloc::boxed::Box<tokio::runtime::scheduler::current_thread::Core>, core::option::Option<()>), <tokio::runtime::scheduler::current_thread::CoreGuard>::enter<<tokio::runtime::scheduler::current_thread::CoreGuard>::block_on<core::pin::Pin<&mut core::pin::Pin<&mut dyn core::future::future::Future<Output = ()>>>>::{closure#0}, core::option::Option<()>>::{closure#0}>::{closure#0}, (alloc::boxed::Box<tokio::runtime::scheduler::current_thread::Core>, core::option::Option<()>)>
2026-03-03T13:29:42.6001989Z              at /rustc/ec818fda361ca216eb186f5cf45131bd9c776bb4/library/std/src/thread/local.rs:513:12
2026-03-03T13:29:42.6005764Z   15: <std::thread::local::LocalKey<tokio::runtime::context::Context>>::with::<tokio::runtime::context::set_scheduler<(alloc::boxed::Box<tokio::runtime::scheduler::current_thread::Core>, core::option::Option<()>), <tokio::runtime::scheduler::current_thread::CoreGuard>::enter<<tokio::runtime::scheduler::current_thread::CoreGuard>::block_on<core::pin::Pin<&mut core::pin::Pin<&mut dyn core::future::future::Future<Output = ()>>>>::{closure#0}, core::option::Option<()>>::{closure#0}>::{closure#0}, (alloc::boxed::Box<tokio::runtime::scheduler::current_thread::Core>, core::option::Option<()>)>
2026-03-03T13:29:42.6009667Z              at /rustc/ec818fda361ca216eb186f5cf45131bd9c776bb4/library/std/src/thread/local.rs:477:20
2026-03-03T13:29:42.6012545Z   16: tokio::runtime::context::set_scheduler::<(alloc::boxed::Box<tokio::runtime::scheduler::current_thread::Core>, core::option::Option<()>), <tokio::runtime::scheduler::current_thread::CoreGuard>::enter<<tokio::runtime::scheduler::current_thread::CoreGuard>::block_on<core::pin::Pin<&mut core::pin::Pin<&mut dyn core::future::future::Future<Output = ()>>>>::{closure#0}, core::option::Option<()>>::{closure#0}>
2026-03-03T13:29:42.6015531Z              at /home/runner/.cargo/registry/src/index.crates.io-1949cf8c6b5b557f/tokio-1.49.0/src/runtime/context.rs:176:17
2026-03-03T13:29:42.6017689Z   17: <tokio::runtime::scheduler::current_thread::CoreGuard>::enter::<<tokio::runtime::scheduler::current_thread::CoreGuard>::block_on<core::pin::Pin<&mut core::pin::Pin<&mut dyn core::future::future::Future<Output = ()>>>>::{closure#0}, core::option::Option<()>>
2026-03-03T13:29:42.6019883Z              at /home/runner/.cargo/registry/src/index.crates.io-1949cf8c6b5b557f/tokio-1.49.0/src/runtime/scheduler/current_thread/mod.rs:840:27
2026-03-03T13:29:42.6021530Z   18: <tokio::runtime::scheduler::current_thread::CoreGuard>::block_on::<core::pin::Pin<&mut core::pin::Pin<&mut dyn core::future::future::Future<Output = ()>>>>
2026-03-03T13:29:42.6023190Z              at /home/runner/.cargo/registry/src/index.crates.io-1949cf8c6b5b557f/tokio-1.49.0/src/runtime/scheduler/current_thread/mod.rs:740:24
2026-03-03T13:29:42.6024801Z   19: <tokio::runtime::scheduler::current_thread::CurrentThread>::block_on::<core::pin::Pin<&mut dyn core::future::future::Future<Output = ()>>>::{closure#0}
2026-03-03T13:29:42.6026343Z              at /home/runner/.cargo/registry/src/index.crates.io-1949cf8c6b5b557f/tokio-1.49.0/src/runtime/scheduler/current_thread/mod.rs:200:33
2026-03-03T13:29:42.6028119Z   20: tokio::runtime::context::runtime::enter_runtime::<<tokio::runtime::scheduler::current_thread::CurrentThread>::block_on<core::pin::Pin<&mut dyn core::future::future::Future<Output = ()>>>::{closure#0}, ()>
2026-03-03T13:29:42.6029881Z              at /home/runner/.cargo/registry/src/index.crates.io-1949cf8c6b5b557f/tokio-1.49.0/src/runtime/context/runtime.rs:65:16
2026-03-03T13:29:42.6031351Z   21: <tokio::runtime::scheduler::current_thread::CurrentThread>::block_on::<core::pin::Pin<&mut dyn core::future::future::Future<Output = ()>>>
2026-03-03T13:29:42.6032932Z              at /home/runner/.cargo/registry/src/index.crates.io-1949cf8c6b5b557f/tokio-1.49.0/src/runtime/scheduler/current_thread/mod.rs:188:9
2026-03-03T13:29:42.6034629Z   22: <tokio::runtime::runtime::Runtime>::block_on_inner::<core::pin::Pin<&mut dyn core::future::future::Future<Output = ()>>>
2026-03-03T13:29:42.6035912Z              at /home/runner/.cargo/registry/src/index.crates.io-1949cf8c6b5b557f/tokio-1.49.0/src/runtime/runtime.rs:368:52
2026-03-03T13:29:42.6037307Z   23: <tokio::runtime::runtime::Runtime>::block_on::<core::pin::Pin<&mut dyn core::future::future::Future<Output = ()>>>
2026-03-03T13:29:42.6038482Z              at /home/runner/.cargo/registry/src/index.crates.io-1949cf8c6b5b557f/tokio-1.49.0/src/runtime/runtime.rs:342:18
2026-03-03T13:29:42.6039544Z   24: mise::cli::args::backend_arg::tests::test_full_with_opts_appends_and_filters
2026-03-03T13:29:42.6040338Z              at /home/runner/work/mise/mise/src/cli/args/backend_arg.rs:674:10
2026-03-03T13:29:42.6041146Z   25: mise::cli::args::backend_arg::tests::test_full_with_opts_appends_and_filters::{closure#0}
2026-03-03T13:29:42.6042063Z              at /home/runner/work/mise/mise/src/cli/args/backend_arg.rs:659:55
2026-03-03T13:29:42.6043196Z   26: <mise::cli::args::backend_arg::tests::test_full_with_opts_appends_and_filters::{closure#0} as core::ops::function::FnOnce<()>>::call_once
2026-03-03T13:29:42.6044507Z              at /rustc/ec818fda361ca216eb186f5cf45131bd9c776bb4/library/core/src/ops/function.rs:250:5
2026-03-03T13:29:42.6045658Z   27: <fn() -> core::result::Result<(), alloc::string::String> as core::ops::function::FnOnce<()>>::call_once
2026-03-03T13:29:42.6046854Z              at /rustc/ec818fda361ca216eb186f5cf45131bd9c776bb4/library/core/src/ops/function.rs:250:5
2026-03-03T13:29:42.6047859Z note: Some details are omitted, run with `RUST_BACKTRACE=full` for a verbose backtrace.
2026-03-03T13:29:42.6048407Z 
2026-03-03T13:29:42.6048414Z 
2026-03-03T13:29:42.6048534Z failures:
2026-03-03T13:29:42.6048982Z     cli::args::backend_arg::tests::test_full_with_opts_appends_and_filters
2026-03-03T13:29:42.6049447Z 
2026-03-03T13:29:42.6049884Z test result: FAILED. 516 passed; 1 failed; 0 ignored; 0 measured; 0 filtered out; finished in 0.92s
2026-03-03T13:29:42.6050500Z 
2026-03-03T13:29:42.6147996Z [1m[91merror[0m: test failed, to rerun pass `--bin mise`
2026-03-03T13:29:42.9188754Z [0m[34m[test:unit][0m [31mERROR[0m task failed
2026-03-03T13:29:43.2187712Z [0m[33m[test][0m [31mERROR[0m task failed
2026-03-03T13:29:43.2357612Z ##[error]Process completed with exit code 101.
2026-03-03T13:29:43.2424385Z Post job cleanup.
2026-03-03T13:29:43.2493951Z Post job cleanup.
2026-03-03T13:29:43.3444388Z [command]/usr/bin/git version
2026-03-03T13:29:43.3488138Z git version 2.53.0
2026-03-03T13:29:43.3529031Z Temporarily overriding HOME='/home/runner/work/_temp/808cd14e-4353-49b7-82d1-97862c0a7d88' before making global git config changes
2026-03-03T13:29:43.3529832Z Adding repository directory to the temporary git global config as a safe directory
2026-03-03T13:29:43.3534171Z [command]/usr/bin/git config --global --add safe.directory /home/runner/work/mise/mise
2026-03-03T13:29:43.3568585Z [command]/usr/bin/git config --local --name-only --get-regexp core\.sshCommand
2026-03-03T13:29:43.3601203Z [command]/usr/bin/git submodule foreach --recursive sh -c "git config --local --name-only --get-regexp 'core\.sshCommand' && git config --local --unset-all 'core.sshCommand' || :"
2026-03-03T13:29:43.3839845Z [command]/usr/bin/git config --local --name-only --get-regexp http\.https\:\/\/github\.com\/\.extraheader
2026-03-03T13:29:43.3860810Z http.https://github.com/.extraheader
2026-03-03T13:29:43.3871719Z [command]/usr/bin/git config --local --unset-all http.https://github.com/.extraheader
2026-03-03T13:29:43.3903568Z [command]/usr/bin/git submodule foreach --recursive sh -c "git config --local --name-only --get-regexp 'http\.https\:\/\/github\.com\/\.extraheader' && git config --local --unset-all 'http.https://github.com/.extraheader' || :"
2026-03-03T13:29:43.4105091Z [command]/usr/bin/git config --local --name-only --get-regexp ^includeIf\.gitdir:
2026-03-03T13:29:43.4134807Z [command]/usr/bin/git submodule foreach --recursive git config --local --show-origin --name-only --get-regexp remote.origin.url
2026-03-03T13:29:43.4436342Z Cleaning up orphan processes
