2026-03-30T23:26:08.2480635Z Current runner version: '2.333.0'
2026-03-30T23:26:08.2511432Z ##[group]Runner Image Provisioner
2026-03-30T23:26:08.2512806Z Hosted Compute Agent
2026-03-30T23:26:08.2513790Z Version: 20260213.493
2026-03-30T23:26:08.2514728Z Commit: 5c115507f6dd24b8de37d8bbe0bb4509d0cc0fa3
2026-03-30T23:26:08.2516332Z Build Date: 2026-02-13T00:28:41Z
2026-03-30T23:26:08.2517488Z Worker ID: {9990994f-1c2d-4983-9830-3b5be35f7ecf}
2026-03-30T23:26:08.2518692Z Azure Region: eastus2
2026-03-30T23:26:08.2519739Z ##[endgroup]
2026-03-30T23:26:08.2522199Z ##[group]Operating System
2026-03-30T23:26:08.2523219Z Ubuntu
2026-03-30T23:26:08.2524066Z 24.04.4
2026-03-30T23:26:08.2524935Z LTS
2026-03-30T23:26:08.2525924Z ##[endgroup]
2026-03-30T23:26:08.2526874Z ##[group]Runner Image
2026-03-30T23:26:08.2527783Z Image: ubuntu-24.04
2026-03-30T23:26:08.2528653Z Version: 20260323.65.1
2026-03-30T23:26:08.2530770Z Included Software: https://github.com/actions/runner-images/blob/ubuntu24/20260323.65/images/ubuntu/Ubuntu2404-Readme.md
2026-03-30T23:26:08.2533558Z Image Release: https://github.com/actions/runner-images/releases/tag/ubuntu24%2F20260323.65
2026-03-30T23:26:08.2535446Z ##[endgroup]
2026-03-30T23:26:08.2536996Z ##[group]GITHUB_TOKEN Permissions
2026-03-30T23:26:08.2539695Z Metadata: read
2026-03-30T23:26:08.2540507Z ##[endgroup]
2026-03-30T23:26:08.2543239Z Secret source: Actions
2026-03-30T23:26:08.2544500Z Prepare workflow directory
2026-03-30T23:26:08.3068670Z Prepare all required actions
2026-03-30T23:26:08.3121305Z Getting action download info
2026-03-30T23:26:08.5888638Z Download action repository 'actions/checkout@v4' (SHA:34e114876b0b11c390a56381ad16ebd13914f8d5)
2026-03-30T23:26:08.6968540Z Download action repository 'actions/setup-node@v4' (SHA:49933ea5288caeca8642d1e84afbd3f7d6820020)
2026-03-30T23:26:08.7820469Z Download action repository 'actions/cache@v4' (SHA:0057852bfaa89a56745cba8c7296529d2fc39830)
2026-03-30T23:26:08.9686294Z Complete job name: yarn test -r=stable --env=development (Shard 3/5)
2026-03-30T23:26:09.0311203Z ##[group]Run actions/checkout@v4
2026-03-30T23:26:09.0312021Z with:
2026-03-30T23:26:09.0312452Z   ref: 044d56f3906809b749056059362396fb6b2872ec
2026-03-30T23:26:09.0313017Z   repository: facebook/react
2026-03-30T23:26:09.0313622Z   token: ***
2026-03-30T23:26:09.0313998Z   ssh-strict: true
2026-03-30T23:26:09.0314381Z   ssh-user: git
2026-03-30T23:26:09.0314767Z   persist-credentials: true
2026-03-30T23:26:09.0315415Z   clean: true
2026-03-30T23:26:09.0315827Z   sparse-checkout-cone-mode: true
2026-03-30T23:26:09.0316308Z   fetch-depth: 1
2026-03-30T23:26:09.0316693Z   fetch-tags: false
2026-03-30T23:26:09.0317133Z   show-progress: true
2026-03-30T23:26:09.0317585Z   lfs: false
2026-03-30T23:26:09.0318001Z   submodules: false
2026-03-30T23:26:09.0318400Z   set-safe-directory: true
2026-03-30T23:26:09.0319081Z env:
2026-03-30T23:26:09.0319489Z   TZ: /usr/share/zoneinfo/America/Los_Angeles
2026-03-30T23:26:09.0320023Z   SEGMENT_DOWNLOAD_TIMEOUT_MINS: 1
2026-03-30T23:26:09.0320515Z ##[endgroup]
2026-03-30T23:26:09.1346561Z Syncing repository: facebook/react
2026-03-30T23:26:09.1348381Z ##[group]Getting Git version info
2026-03-30T23:26:09.1349035Z Working directory is '/home/runner/work/react/react'
2026-03-30T23:26:09.1349924Z [command]/usr/bin/git version
2026-03-30T23:26:09.1393216Z git version 2.53.0
2026-03-30T23:26:09.1418947Z ##[endgroup]
2026-03-30T23:26:09.1432620Z Temporarily overriding HOME='/home/runner/work/_temp/8d7b825a-a441-4c9b-8e88-e3c171ecb2a6' before making global git config changes
2026-03-30T23:26:09.1433991Z Adding repository directory to the temporary git global config as a safe directory
2026-03-30T23:26:09.1438265Z [command]/usr/bin/git config --global --add safe.directory /home/runner/work/react/react
2026-03-30T23:26:09.1468195Z Deleting the contents of '/home/runner/work/react/react'
2026-03-30T23:26:09.1471825Z ##[group]Initializing the repository
2026-03-30T23:26:09.1475772Z [command]/usr/bin/git init /home/runner/work/react/react
2026-03-30T23:26:09.1572634Z hint: Using 'master' as the name for the initial branch. This default branch name
2026-03-30T23:26:09.1574452Z hint: will change to "main" in Git 3.0. To configure the initial branch name
2026-03-30T23:26:09.1575648Z hint: to use in all of your new repositories, which will suppress this warning,
2026-03-30T23:26:09.1576360Z hint: call:
2026-03-30T23:26:09.1576745Z hint:
2026-03-30T23:26:09.1577215Z hint: 	git config --global init.defaultBranch <name>
2026-03-30T23:26:09.1577786Z hint:
2026-03-30T23:26:09.1578306Z hint: Names commonly chosen instead of 'master' are 'main', 'trunk' and
2026-03-30T23:26:09.1579550Z hint: 'development'. The just-created branch can be renamed via this command:
2026-03-30T23:26:09.1580241Z hint:
2026-03-30T23:26:09.1580607Z hint: 	git branch -m <name>
2026-03-30T23:26:09.1581029Z hint:
2026-03-30T23:26:09.1581590Z hint: Disable this message with "git config set advice.defaultBranchName false"
2026-03-30T23:26:09.1582499Z Initialized empty Git repository in /home/runner/work/react/react/.git/
2026-03-30T23:26:09.1585372Z [command]/usr/bin/git remote add origin https://github.com/facebook/react
2026-03-30T23:26:09.1612981Z ##[endgroup]
2026-03-30T23:26:09.1613679Z ##[group]Disabling automatic garbage collection
2026-03-30T23:26:09.1617136Z [command]/usr/bin/git config --local gc.auto 0
2026-03-30T23:26:09.1642522Z ##[endgroup]
2026-03-30T23:26:09.1643172Z ##[group]Setting up auth
2026-03-30T23:26:09.1649243Z [command]/usr/bin/git config --local --name-only --get-regexp core\.sshCommand
2026-03-30T23:26:09.1674883Z [command]/usr/bin/git submodule foreach --recursive sh -c "git config --local --name-only --get-regexp 'core\.sshCommand' && git config --local --unset-all 'core.sshCommand' || :"
2026-03-30T23:26:09.1940118Z [command]/usr/bin/git config --local --name-only --get-regexp http\.https\:\/\/github\.com\/\.extraheader
2026-03-30T23:26:09.1967360Z [command]/usr/bin/git submodule foreach --recursive sh -c "git config --local --name-only --get-regexp 'http\.https\:\/\/github\.com\/\.extraheader' && git config --local --unset-all 'http.https://github.com/.extraheader' || :"
2026-03-30T23:26:09.2184145Z [command]/usr/bin/git config --local --name-only --get-regexp ^includeIf\.gitdir:
2026-03-30T23:26:09.2223156Z [command]/usr/bin/git submodule foreach --recursive git config --local --show-origin --name-only --get-regexp remote.origin.url
2026-03-30T23:26:09.2453469Z [command]/usr/bin/git config --local http.https://github.com/.extraheader AUTHORIZATION: basic ***
2026-03-30T23:26:09.2489283Z ##[endgroup]
2026-03-30T23:26:09.2492034Z ##[group]Fetching the repository
2026-03-30T23:26:09.2498786Z [command]/usr/bin/git -c protocol.version=2 fetch --no-tags --prune --no-recurse-submodules --depth=1 origin 044d56f3906809b749056059362396fb6b2872ec
2026-03-30T23:26:09.7456810Z From https://github.com/facebook/react
2026-03-30T23:26:09.7458412Z  * branch            044d56f3906809b749056059362396fb6b2872ec -> FETCH_HEAD
2026-03-30T23:26:09.7479016Z ##[endgroup]
2026-03-30T23:26:09.7480590Z ##[group]Determining the checkout info
2026-03-30T23:26:09.7482130Z ##[endgroup]
2026-03-30T23:26:09.7486774Z [command]/usr/bin/git sparse-checkout disable
2026-03-30T23:26:09.7523663Z [command]/usr/bin/git config --local --unset-all extensions.worktreeConfig
2026-03-30T23:26:09.7551536Z ##[group]Checking out the ref
2026-03-30T23:26:09.7554368Z [command]/usr/bin/git checkout --progress --force 044d56f3906809b749056059362396fb6b2872ec
2026-03-30T23:26:10.0735361Z Note: switching to '044d56f3906809b749056059362396fb6b2872ec'.
2026-03-30T23:26:10.0736716Z 
2026-03-30T23:26:10.0737823Z You are in 'detached HEAD' state. You can look around, make experimental
2026-03-30T23:26:10.0739607Z changes and commit them, and you can discard any commits you make in this
2026-03-30T23:26:10.0741080Z state without impacting any branches by switching back to a branch.
2026-03-30T23:26:10.0741919Z 
2026-03-30T23:26:10.0742504Z If you want to create a new branch to retain commits you create, you may
2026-03-30T23:26:10.0743745Z do so (now or later) by using -c with the switch command. Example:
2026-03-30T23:26:10.0744715Z 
2026-03-30T23:26:10.0745019Z   git switch -c <new-branch-name>
2026-03-30T23:26:10.0745811Z 
2026-03-30T23:26:10.0746100Z Or undo this operation with:
2026-03-30T23:26:10.0746559Z 
2026-03-30T23:26:10.0746815Z   git switch -
2026-03-30T23:26:10.0747183Z 
2026-03-30T23:26:10.0747804Z Turn off this advice by setting config variable advice.detachedHead to false
2026-03-30T23:26:10.0748736Z 
2026-03-30T23:26:10.0749502Z HEAD is now at 044d56f docs: fix typos and improve abbreviation usage in DESIGN_GOALS.md (#36170)
2026-03-30T23:26:10.0753081Z ##[endgroup]
2026-03-30T23:26:10.0789955Z [command]/usr/bin/git log -1 --format=%H
2026-03-30T23:26:10.0811434Z 044d56f3906809b749056059362396fb6b2872ec
2026-03-30T23:26:10.1091319Z ##[group]Run actions/setup-node@v4
2026-03-30T23:26:10.1092380Z with:
2026-03-30T23:26:10.1093193Z   node-version-file: .nvmrc
2026-03-30T23:26:10.1094128Z   cache: yarn
2026-03-30T23:26:10.1095070Z   cache-dependency-path: yarn.lock
compiler/yarn.lock

2026-03-30T23:26:10.1096552Z   always-auth: false
2026-03-30T23:26:10.1097360Z   check-latest: false
2026-03-30T23:26:10.1098447Z   token: ***
2026-03-30T23:26:10.1099164Z env:
2026-03-30T23:26:10.1099937Z   TZ: /usr/share/zoneinfo/America/Los_Angeles
2026-03-30T23:26:10.1100996Z   SEGMENT_DOWNLOAD_TIMEOUT_MINS: 1
2026-03-30T23:26:10.1101968Z ##[endgroup]
2026-03-30T23:26:10.2721112Z Node version file is not JSON file
2026-03-30T23:26:10.2723227Z Resolved .nvmrc as 20.19.0
2026-03-30T23:26:10.2744886Z Attempting to download 20.19.0...
2026-03-30T23:26:10.6423338Z Acquiring 20.19.0 - x64 from https://github.com/actions/node-versions/releases/download/20.19.0-13838090974/node-20.19.0-linux-x64.tar.gz
2026-03-30T23:26:11.0810268Z Extracting ...
2026-03-30T23:26:11.0921647Z [command]/usr/bin/tar xz --strip 1 --warning=no-unknown-keyword --overwrite -C /home/runner/work/_temp/f96fc97e-42c9-4f12-b057-1c22cccb336b -f /home/runner/work/_temp/18cc81d7-ee98-46bd-99cf-ac5b619fe641
2026-03-30T23:26:12.0661351Z Adding to the cache ...
2026-03-30T23:26:13.7629993Z ##[group]Environment details
2026-03-30T23:26:13.9517501Z node: v20.19.0
2026-03-30T23:26:13.9517905Z npm: 10.8.2
2026-03-30T23:26:13.9518199Z yarn: 1.22.22
2026-03-30T23:26:13.9519140Z ##[endgroup]
2026-03-30T23:26:13.9585292Z [command]/usr/local/bin/yarn --version
2026-03-30T23:26:13.9586372Z [command]/usr/local/bin/yarn --version
2026-03-30T23:26:14.0764071Z 1.22.22
2026-03-30T23:26:14.0772435Z 1.22.22
2026-03-30T23:26:14.0846669Z [command]/usr/local/bin/yarn cache dir
2026-03-30T23:26:14.0877494Z [command]/usr/local/bin/yarn cache dir
2026-03-30T23:26:14.2397375Z /home/runner/.cache/yarn/v6
2026-03-30T23:26:14.2736026Z /home/runner/.cache/yarn/v6
2026-03-30T23:26:14.2967825Z [command]/usr/local/bin/yarn config get enableGlobalCache
2026-03-30T23:26:14.2980088Z [command]/usr/local/bin/yarn config get enableGlobalCache
2026-03-30T23:26:14.4594722Z undefined
2026-03-30T23:26:14.4830247Z undefined
2026-03-30T23:26:14.5381368Z Cache hit for: node-cache-Linux-x64-yarn-4dec65aaab3a1241cc2c16f2f20f319b708c3a58a346080253385a3a5d7fc220
2026-03-30T23:26:15.6027964Z Received 268435456 of 1276083293 (21.0%), 248.5 MBs/sec
2026-03-30T23:26:16.6032384Z Received 536870912 of 1276083293 (42.1%), 252.1 MBs/sec
2026-03-30T23:26:17.6037337Z Received 805306368 of 1276083293 (63.1%), 253.4 MBs/sec
2026-03-30T23:26:18.6139029Z Received 1103101952 of 1276083293 (86.4%), 260.4 MBs/sec
2026-03-30T23:26:19.1225772Z Received 1276083293 of 1276083293 (100.0%), 267.5 MBs/sec
2026-03-30T23:26:19.1227927Z Cache Size: ~1217 MB (1276083293 B)
2026-03-30T23:26:19.1267697Z [command]/usr/bin/tar -xf /home/runner/work/_temp/5dd8e906-8531-41e6-a794-a2c603710879/cache.tzst -P -C /home/runner/work/react/react --use-compress-program unzstd
2026-03-30T23:26:27.8483698Z Cache restored successfully
2026-03-30T23:26:27.9544127Z Cache restored from key: node-cache-Linux-x64-yarn-4dec65aaab3a1241cc2c16f2f20f319b708c3a58a346080253385a3a5d7fc220
2026-03-30T23:26:28.0269187Z ##[group]Run actions/cache/restore@v4
2026-03-30T23:26:28.0269685Z with:
2026-03-30T23:26:28.0269856Z   path: **/node_modules

2026-03-30T23:26:28.0270368Z   key: runtime-and-compiler-node_modules-v7-X64-Linux-4dec65aaab3a1241cc2c16f2f20f319b708c3a58a346080253385a3a5d7fc220
2026-03-30T23:26:28.0270895Z   enableCrossOsArchive: false
2026-03-30T23:26:28.0271114Z   fail-on-cache-miss: false
2026-03-30T23:26:28.0271311Z   lookup-only: false
2026-03-30T23:26:28.0271475Z env:
2026-03-30T23:26:28.0271651Z   TZ: /usr/share/zoneinfo/America/Los_Angeles
2026-03-30T23:26:28.0271917Z   SEGMENT_DOWNLOAD_TIMEOUT_MINS: 1
2026-03-30T23:26:28.0272128Z ##[endgroup]
2026-03-30T23:26:28.2411125Z Cache hit for: runtime-and-compiler-node_modules-v7-X64-Linux-4dec65aaab3a1241cc2c16f2f20f319b708c3a58a346080253385a3a5d7fc220
2026-03-30T23:26:29.2703270Z Received 213909504 of 469368485 (45.6%), 203.8 MBs/sec
2026-03-30T23:26:30.2779481Z Received 436207616 of 469368485 (92.9%), 207.2 MBs/sec
2026-03-30T23:26:30.3719812Z Received 469368485 of 469368485 (100.0%), 213.0 MBs/sec
2026-03-30T23:26:30.3723023Z Cache Size: ~448 MB (469368485 B)
2026-03-30T23:26:30.3760495Z [command]/usr/bin/tar -xf /home/runner/work/_temp/101a72b7-6d34-45c6-8787-ce9c30791b16/cache.tzst -P -C /home/runner/work/react/react --use-compress-program unzstd
2026-03-30T23:26:40.4493684Z Cache restored successfully
2026-03-30T23:26:40.4757901Z Cache restored from key: runtime-and-compiler-node_modules-v7-X64-Linux-4dec65aaab3a1241cc2c16f2f20f319b708c3a58a346080253385a3a5d7fc220
2026-03-30T23:26:40.4910678Z ##[group]Run rm -rf build
2026-03-30T23:26:40.4910981Z [36;1mrm -rf build[0m
2026-03-30T23:26:40.4940057Z shell: /usr/bin/bash -e {0}
2026-03-30T23:26:40.4940308Z env:
2026-03-30T23:26:40.4940521Z   TZ: /usr/share/zoneinfo/America/Los_Angeles
2026-03-30T23:26:40.4940817Z   SEGMENT_DOWNLOAD_TIMEOUT_MINS: 1
2026-03-30T23:26:40.4941056Z ##[endgroup]
2026-03-30T23:26:40.5057215Z ##[group]Run node --version
2026-03-30T23:26:40.5057462Z [36;1mnode --version[0m
2026-03-30T23:26:40.5081553Z shell: /usr/bin/bash -e {0}
2026-03-30T23:26:40.5081788Z env:
2026-03-30T23:26:40.5081994Z   TZ: /usr/share/zoneinfo/America/Los_Angeles
2026-03-30T23:26:40.5082258Z   SEGMENT_DOWNLOAD_TIMEOUT_MINS: 1
2026-03-30T23:26:40.5082482Z ##[endgroup]
2026-03-30T23:26:40.5148367Z v20.19.0
2026-03-30T23:26:40.5174694Z ##[group]Run yarn test -r=stable --env=development --ci --shard=3/5
2026-03-30T23:26:40.5175393Z [36;1myarn test -r=stable --env=development --ci --shard=3/5[0m
2026-03-30T23:26:40.5201293Z shell: /usr/bin/bash -e {0}
2026-03-30T23:26:40.5201513Z env:
2026-03-30T23:26:40.5201699Z   TZ: /usr/share/zoneinfo/America/Los_Angeles
2026-03-30T23:26:40.5201959Z   SEGMENT_DOWNLOAD_TIMEOUT_MINS: 1
2026-03-30T23:26:40.5202173Z ##[endgroup]
2026-03-30T23:26:40.6335838Z yarn run v1.22.22
2026-03-30T23:26:40.6574923Z $ node ./scripts/jest/jest-cli.js -r=stable --env=development --ci --shard=3/5
2026-03-30T23:26:55.7827921Z PASS packages/react-reconciler/src/__tests__/ReactSuspenseWithNoopRenderer-test.js (12.63 s)
2026-03-30T23:26:57.4428513Z PASS packages/react-reconciler/src/__tests__/ReactHooksWithNoopRenderer-test.js (15.258 s)
2026-03-30T23:26:58.9783956Z PASS packages/react-reconciler/src/__tests__/ReactTransitionTracing-test.js
2026-03-30T23:27:02.3275003Z PASS packages/react-reconciler/src/__tests__/ReactUse-test.js
2026-03-30T23:27:02.7819521Z PASS packages/react-dom/src/__tests__/ReactDOMInput-test.js (19.593 s)
2026-03-30T23:27:04.7068689Z PASS packages/react-dom/src/__tests__/ReactDOMHydrationDiff-test.js
2026-03-30T23:27:05.0221959Z PASS packages/react-dom/src/__tests__/ReactComponentLifeCycle-test.js
2026-03-30T23:27:08.1745004Z PASS packages/react-dom/src/__tests__/ReactDOMServerSelectiveHydrationActivity-test.internal.js
2026-03-30T23:27:09.2343443Z PASS packages/react-dom/src/__tests__/ReactUpdates-test.js
2026-03-30T23:27:09.2853088Z PASS packages/react-dom/src/__tests__/ReactDOMTestSelectors-test.js
2026-03-30T23:27:10.2132420Z PASS packages/react-reconciler/src/__tests__/ReactTransition-test.js
2026-03-30T23:27:11.2539183Z PASS packages/react-test-renderer/src/__tests__/ReactTestRenderer-test.internal.js
2026-03-30T23:27:12.0929840Z PASS packages/react-server-dom-webpack/src/__tests__/ReactFlightDOM-test.js (16.285 s)
2026-03-30T23:27:13.2603579Z PASS packages/react-dom/src/__tests__/ReactDOMTextarea-test.js
2026-03-30T23:27:13.4817255Z PASS packages/react-dom/src/__tests__/ReactMultiChildReconcile-test.js
2026-03-30T23:27:14.5627475Z PASS packages/react-dom/src/__tests__/ReactDOMSingletonComponents-test.js
2026-03-30T23:27:14.8369194Z PASS packages/react-dom/src/__tests__/ReactDOMFizzForm-test.js
2026-03-30T23:27:15.2496382Z PASS packages/react/src/__tests__/ReactES6Class-test.js
2026-03-30T23:27:15.5591649Z PASS packages/react/src/__tests__/ReactCoffeeScriptClass-test.coffee
2026-03-30T23:27:16.1717664Z PASS packages/react-native-renderer/src/__tests__/ReactNativeMount-test.internal.js
2026-03-30T23:27:16.2160864Z PASS packages/react-dom/src/__tests__/ReactComponent-test.js
2026-03-30T23:27:16.6814953Z PASS packages/react-reconciler/src/__tests__/ReactPerformanceTrack-test.js
2026-03-30T23:27:16.9973029Z PASS packages/react-reconciler/src/__tests__/ActivitySuspense-test.js
2026-03-30T23:27:17.6051856Z PASS packages/react-dom/src/__tests__/ReactDOMActivity-test.js
2026-03-30T23:27:17.6152090Z PASS packages/react-reconciler/src/__tests__/ReactUpdaters-test.internal.js
2026-03-30T23:27:17.9301390Z PASS packages/react-dom/src/events/plugins/__tests__/SimpleEventPlugin-test.js
2026-03-30T23:27:17.9836286Z PASS packages/react-reconciler/src/__tests__/ReactConcurrentErrorRecovery-test.js
2026-03-30T23:27:18.9166589Z PASS packages/react/src/__tests__/ReactJSXRuntime-test.js
2026-03-30T23:27:19.1161270Z PASS packages/react-dom/src/__tests__/ReactDOMServerIntegrationLegacyContext-test.js
2026-03-30T23:27:19.2938960Z PASS packages/react-dom/src/__tests__/ReactDOMFizzStatic-test.js
2026-03-30T23:27:19.3384086Z PASS packages/react/src/__tests__/ReactCreateElement-test.js
2026-03-30T23:27:19.6570127Z PASS packages/react-reconciler/src/__tests__/ReactIncrementalScheduling-test.js
2026-03-30T23:27:19.9478181Z PASS packages/react-dom/src/__tests__/ReactRenderDocument-test.js
2026-03-30T23:27:20.2087764Z PASS packages/react-dom/src/events/plugins/__tests__/EnterLeaveEventPlugin-test.js
2026-03-30T23:27:20.4318649Z PASS packages/react-server-dom-turbopack/src/__tests__/ReactFlightTurbopackDOM-test.js
2026-03-30T23:27:20.7443709Z PASS packages/react-dom/src/__tests__/ReactDOMOption-test.js
2026-03-30T23:27:21.0158646Z PASS packages/react-dom/src/__tests__/ReactFunctionComponent-test.js
2026-03-30T23:27:21.3144168Z PASS packages/react-reconciler/src/__tests__/ReactSuspenseCallback-test.js
2026-03-30T23:27:21.4529587Z PASS packages/react-dom/src/__tests__/ReactDOMAttribute-test.js
2026-03-30T23:27:21.4532632Z PASS packages/react-devtools-timeline/src/view-base/utils/__tests__/scrollState-test.js
2026-03-30T23:27:21.8478515Z PASS scripts/eslint-rules/__tests__/no-production-logging-test.internal.js
2026-03-30T23:27:21.8538167Z PASS packages/react-reconciler/src/__tests__/ReactSuspenseFallback-test.js
2026-03-30T23:27:22.1591435Z PASS packages/react-server-dom-fb/src/__tests__/ReactDOMServerFB-test.internal.js
2026-03-30T23:27:22.1804248Z PASS packages/react-dom/src/__tests__/ReactDOMFizzDeferredValue-test.js
2026-03-30T23:27:22.3423972Z PASS packages/react-reconciler/src/__tests__/ReactSubtreeFlagsWarning-test.js
2026-03-30T23:27:22.4989190Z PASS packages/react-reconciler/src/__tests__/ReactFiberRefs-test.js
2026-03-30T23:27:22.7369517Z PASS packages/react-test-renderer/src/__tests__/ReactTestRenderer-test.js
2026-03-30T23:27:22.7413716Z PASS packages/react-test-renderer/src/__tests__/ReactTestRendererAsync-test.js
2026-03-30T23:27:22.8340977Z PASS packages/react-reconciler/src/__tests__/ReactFiberHostContext-test.internal.js
2026-03-30T23:27:22.9903214Z PASS packages/react-dom/src/__tests__/ReactCompositeComponentNestedState-test.js
2026-03-30T23:27:23.1249189Z PASS packages/react-dom/src/__tests__/ReactTestUtilsActUnmockedScheduler-test.js
2026-03-30T23:27:23.6913901Z PASS packages/react-native-renderer/src/__tests__/ReactFabricFragmentRefs-test.internal.js
2026-03-30T23:27:23.8779537Z PASS packages/react-test-renderer/src/__tests__/ReactTestRendererAct-test.js
2026-03-30T23:27:24.0493941Z PASS packages/use-sync-external-store/src/__tests__/useSyncExternalStoreShimServer-test.js
2026-03-30T23:27:24.2798611Z PASS packages/react-reconciler/src/__tests__/ActivityErrorHandling-test.js
2026-03-30T23:27:24.3917556Z PASS packages/react/src/__tests__/ReactStartTransition-test.js
2026-03-30T23:27:25.0338239Z PASS packages/react-dom/src/__tests__/ReactErrorLoggingRecovery-test.js
2026-03-30T23:27:25.1927918Z PASS packages/react-reconciler/src/__tests__/ReactEffectOrdering-test.js
2026-03-30T23:27:25.3322781Z PASS packages/react-reconciler/src/__tests__/ReactIncrementalErrorReplay-test.js
2026-03-30T23:27:25.4178434Z PASS packages/shared/__tests__/ReactErrorProd-test.internal.js
2026-03-30T23:27:25.8419801Z PASS packages/react-server-dom-turbopack/src/__tests__/ReactFlightTurbopackDOMReplyEdge-test.js
2026-03-30T23:27:25.9896558Z PASS packages/react-reconciler/src/__tests__/ReactClassSetStateCallback-test.js
2026-03-30T23:27:26.1407303Z PASS packages/react/src/__tests__/React-hooks-arity.js
2026-03-30T23:27:26.1828531Z PASS packages/react-dom/src/__tests__/ReactDOMServerIntegrationInput-test.js
2026-03-30T23:27:26.2452823Z PASS packages/react-dom/src/__tests__/ReactLegacyRootWarnings-test.js
2026-03-30T23:27:26.2732176Z PASS packages/react-test-renderer/__tests__/shallow-test.js
2026-03-30T23:27:29.3974912Z PASS packages/react-dom/src/__tests__/ReactMultiChildText-test.js (8.642 s)
2026-03-30T23:27:29.5061000Z 
2026-03-30T23:27:29.5063302Z Test Suites: 67 passed, 67 total
2026-03-30T23:27:29.5063923Z Tests:       2 skipped, 1143 passed, 1145 total
2026-03-30T23:27:29.5064469Z Snapshots:   42 passed, 42 total
2026-03-30T23:27:29.5064877Z Time:        47.769 s
2026-03-30T23:27:29.5065467Z Ran all test suites.
2026-03-30T23:27:29.5188595Z Done in 48.89s.
2026-03-30T23:27:29.5304111Z Post job cleanup.
2026-03-30T23:27:29.6685369Z Cache hit occurred on the primary key node-cache-Linux-x64-yarn-4dec65aaab3a1241cc2c16f2f20f319b708c3a58a346080253385a3a5d7fc220, not saving cache.
2026-03-30T23:27:29.6804674Z Post job cleanup.
2026-03-30T23:27:29.7688803Z [command]/usr/bin/git version
2026-03-30T23:27:29.7724797Z git version 2.53.0
2026-03-30T23:27:29.7771470Z Temporarily overriding HOME='/home/runner/work/_temp/30ec70c6-3b4c-41b2-9d8b-c39d952f99e3' before making global git config changes
2026-03-30T23:27:29.7772887Z Adding repository directory to the temporary git global config as a safe directory
2026-03-30T23:27:29.7777287Z [command]/usr/bin/git config --global --add safe.directory /home/runner/work/react/react
2026-03-30T23:27:29.7807835Z [command]/usr/bin/git config --local --name-only --get-regexp core\.sshCommand
2026-03-30T23:27:29.7837663Z [command]/usr/bin/git submodule foreach --recursive sh -c "git config --local --name-only --get-regexp 'core\.sshCommand' && git config --local --unset-all 'core.sshCommand' || :"
2026-03-30T23:27:29.8052650Z [command]/usr/bin/git config --local --name-only --get-regexp http\.https\:\/\/github\.com\/\.extraheader
2026-03-30T23:27:29.8072031Z http.https://github.com/.extraheader
2026-03-30T23:27:29.8084330Z [command]/usr/bin/git config --local --unset-all http.https://github.com/.extraheader
2026-03-30T23:27:29.8113142Z [command]/usr/bin/git submodule foreach --recursive sh -c "git config --local --name-only --get-regexp 'http\.https\:\/\/github\.com\/\.extraheader' && git config --local --unset-all 'http.https://github.com/.extraheader' || :"
2026-03-30T23:27:29.8317839Z [command]/usr/bin/git config --local --name-only --get-regexp ^includeIf\.gitdir:
2026-03-30T23:27:29.8346394Z [command]/usr/bin/git submodule foreach --recursive git config --local --show-origin --name-only --get-regexp remote.origin.url
2026-03-30T23:27:29.8668705Z Cleaning up orphan processes
2026-03-30T23:27:29.8941296Z ##[warning]Node.js 20 actions are deprecated. The following actions are running on Node.js 20 and may not work as expected: actions/cache/restore@v4, actions/checkout@v4, actions/setup-node@v4. Actions will be forced to run with Node.js 24 by default starting June 2nd, 2026. Node.js 20 will be removed from the runner on September 16th, 2026. Please check if updated versions of these actions are available that support Node.js 24. To opt into Node.js 24 now, set the FORCE_JAVASCRIPT_ACTIONS_TO_NODE24=true environment variable on the runner or in your workflow file. Once Node.js 24 becomes the default, you can temporarily opt out by setting ACTIONS_ALLOW_USE_UNSECURE_NODE_VERSION=true. For more information see: https://github.blog/changelog/2025-09-19-deprecation-of-node-20-on-github-actions-runners/
