2026-05-28T10:15:25.4779166Z Current runner version: '2.334.0'
2026-05-28T10:15:25.4804551Z ##[group]Runner Image Provisioner
2026-05-28T10:15:25.4805517Z Hosted Compute Agent
2026-05-28T10:15:25.4806155Z Version: 20260213.493
2026-05-28T10:15:25.4806816Z Commit: 5c115507f6dd24b8de37d8bbe0bb4509d0cc0fa3
2026-05-28T10:15:25.4807632Z Build Date: 2026-02-13T00:28:41Z
2026-05-28T10:15:25.4808405Z Worker ID: {a1d8b20b-1af1-411e-8dbb-c96d12703d1b}
2026-05-28T10:15:25.4809172Z Azure Region: northcentralus
2026-05-28T10:15:25.4809928Z ##[endgroup]
2026-05-28T10:15:25.4811289Z ##[group]Operating System
2026-05-28T10:15:25.4811992Z Ubuntu
2026-05-28T10:15:25.4812753Z 24.04.4
2026-05-28T10:15:25.4813279Z LTS
2026-05-28T10:15:25.4813899Z ##[endgroup]
2026-05-28T10:15:25.4814476Z ##[group]Runner Image
2026-05-28T10:15:25.4815130Z Image: ubuntu-24.04
2026-05-28T10:15:25.4815768Z Version: 20260518.149.1
2026-05-28T10:15:25.4817218Z Included Software: https://github.com/actions/runner-images/blob/ubuntu24/20260518.149/images/ubuntu/Ubuntu2404-Readme.md
2026-05-28T10:15:25.4818755Z Image Release: https://github.com/actions/runner-images/releases/tag/ubuntu24%2F20260518.149
2026-05-28T10:15:25.4819771Z ##[endgroup]
2026-05-28T10:15:25.4820835Z ##[group]GITHUB_TOKEN Permissions
2026-05-28T10:15:25.4823175Z Metadata: read
2026-05-28T10:15:25.4823831Z ##[endgroup]
2026-05-28T10:15:25.4825928Z Secret source: Actions
2026-05-28T10:15:25.4826805Z Prepare workflow directory
2026-05-28T10:15:25.5226741Z Prepare all required actions
2026-05-28T10:15:25.5263773Z Getting action download info
2026-05-28T10:15:25.9024846Z Download action repository 'actions/checkout@v6' (SHA:de0fac2e4500dabe0009e67214ff5f5447ce83dd)
2026-05-28T10:15:26.1432540Z Uses: facebook/lexical/.github/workflows/call-core-tests.yml@refs/pull/8577/merge (dbd815dcc33df28a13d08dfc3d8c9096b9cb9081)
2026-05-28T10:15:26.1437758Z Complete job name: core-tests / unit (24.x)
2026-05-28T10:15:26.2164181Z ##[group]Run actions/checkout@v6
2026-05-28T10:15:26.2165061Z with:
2026-05-28T10:15:26.2165555Z   repository: facebook/lexical
2026-05-28T10:15:26.2170289Z   token: ***
2026-05-28T10:15:26.2170897Z   ssh-strict: true
2026-05-28T10:15:26.2171393Z   ssh-user: git
2026-05-28T10:15:26.2171894Z   persist-credentials: true
2026-05-28T10:15:26.2172601Z   clean: true
2026-05-28T10:15:26.2173120Z   sparse-checkout-cone-mode: true
2026-05-28T10:15:26.2173706Z   fetch-depth: 1
2026-05-28T10:15:26.2174200Z   fetch-tags: false
2026-05-28T10:15:26.2174712Z   show-progress: true
2026-05-28T10:15:26.2175220Z   lfs: false
2026-05-28T10:15:26.2175687Z   submodules: false
2026-05-28T10:15:26.2176195Z   set-safe-directory: true
2026-05-28T10:15:26.2176945Z env:
2026-05-28T10:15:26.2177384Z   CI: true
2026-05-28T10:15:26.2177847Z ##[endgroup]
2026-05-28T10:15:26.3155659Z Syncing repository: facebook/lexical
2026-05-28T10:15:26.3157780Z ##[group]Getting Git version info
2026-05-28T10:15:26.3158661Z Working directory is '/home/runner/work/lexical/lexical'
2026-05-28T10:15:26.3160014Z [command]/usr/bin/git version
2026-05-28T10:15:26.3189159Z git version 2.54.0
2026-05-28T10:15:26.3211313Z ##[endgroup]
2026-05-28T10:15:26.3225416Z Temporarily overriding HOME='/home/runner/work/_temp/d06e4bf2-e8fa-4927-9b64-fa78b005ace5' before making global git config changes
2026-05-28T10:15:26.3227866Z Adding repository directory to the temporary git global config as a safe directory
2026-05-28T10:15:26.3230555Z [command]/usr/bin/git config --global --add safe.directory /home/runner/work/lexical/lexical
2026-05-28T10:15:26.3274255Z Deleting the contents of '/home/runner/work/lexical/lexical'
2026-05-28T10:15:26.3278546Z ##[group]Initializing the repository
2026-05-28T10:15:26.3282597Z [command]/usr/bin/git init /home/runner/work/lexical/lexical
2026-05-28T10:15:26.3358307Z hint: Using 'master' as the name for the initial branch. This default branch name
2026-05-28T10:15:26.3359687Z hint: will change to "main" in Git 3.0. To configure the initial branch name
2026-05-28T10:15:26.3361037Z hint: to use in all of your new repositories, which will suppress this warning,
2026-05-28T10:15:26.3363100Z hint: call:
2026-05-28T10:15:26.3363815Z hint:
2026-05-28T10:15:26.3364690Z hint: 	git config --global init.defaultBranch <name>
2026-05-28T10:15:26.3365446Z hint:
2026-05-28T10:15:26.3366469Z hint: Names commonly chosen instead of 'master' are 'main', 'trunk' and
2026-05-28T10:15:26.3368024Z hint: 'development'. The just-created branch can be renamed via this command:
2026-05-28T10:15:26.3368860Z hint:
2026-05-28T10:15:26.3369351Z hint: 	git branch -m <name>
2026-05-28T10:15:26.3369883Z hint:
2026-05-28T10:15:26.3370845Z hint: Disable this message with "git config set advice.defaultBranchName false"
2026-05-28T10:15:26.3372839Z Initialized empty Git repository in /home/runner/work/lexical/lexical/.git/
2026-05-28T10:15:26.3375608Z [command]/usr/bin/git remote add origin https://github.com/facebook/lexical
2026-05-28T10:15:26.3444346Z ##[endgroup]
2026-05-28T10:15:26.3445691Z ##[group]Disabling automatic garbage collection
2026-05-28T10:15:26.3446992Z [command]/usr/bin/git config --local gc.auto 0
2026-05-28T10:15:26.3477158Z ##[endgroup]
2026-05-28T10:15:26.3478406Z ##[group]Setting up auth
2026-05-28T10:15:26.3479310Z Removing SSH command configuration
2026-05-28T10:15:26.3483547Z [command]/usr/bin/git config --local --name-only --get-regexp core\.sshCommand
2026-05-28T10:15:26.3515575Z [command]/usr/bin/git submodule foreach --recursive sh -c "git config --local --name-only --get-regexp 'core\.sshCommand' && git config --local --unset-all 'core.sshCommand' || :"
2026-05-28T10:15:26.3814493Z Removing HTTP extra header
2026-05-28T10:15:26.3820353Z [command]/usr/bin/git config --local --name-only --get-regexp http\.https\:\/\/github\.com\/\.extraheader
2026-05-28T10:15:26.3852514Z [command]/usr/bin/git submodule foreach --recursive sh -c "git config --local --name-only --get-regexp 'http\.https\:\/\/github\.com\/\.extraheader' && git config --local --unset-all 'http.https://github.com/.extraheader' || :"
2026-05-28T10:15:26.4080557Z Removing includeIf entries pointing to credentials config files
2026-05-28T10:15:26.4087547Z [command]/usr/bin/git config --local --name-only --get-regexp ^includeIf\.gitdir:
2026-05-28T10:15:26.4122085Z [command]/usr/bin/git submodule foreach --recursive git config --local --show-origin --name-only --get-regexp remote.origin.url
2026-05-28T10:15:26.4356432Z [command]/usr/bin/git config --file /home/runner/work/_temp/git-credentials-3072ad88-bb2a-4363-a158-43809c682bff.config http.https://github.com/.extraheader AUTHORIZATION: basic ***
2026-05-28T10:15:26.4395333Z [command]/usr/bin/git config --local includeIf.gitdir:/home/runner/work/lexical/lexical/.git.path /home/runner/work/_temp/git-credentials-3072ad88-bb2a-4363-a158-43809c682bff.config
2026-05-28T10:15:26.4427552Z [command]/usr/bin/git config --local includeIf.gitdir:/home/runner/work/lexical/lexical/.git/worktrees/*.path /home/runner/work/_temp/git-credentials-3072ad88-bb2a-4363-a158-43809c682bff.config
2026-05-28T10:15:26.4462066Z [command]/usr/bin/git config --local includeIf.gitdir:/github/workspace/.git.path /github/runner_temp/git-credentials-3072ad88-bb2a-4363-a158-43809c682bff.config
2026-05-28T10:15:26.4506141Z [command]/usr/bin/git config --local includeIf.gitdir:/github/workspace/.git/worktrees/*.path /github/runner_temp/git-credentials-3072ad88-bb2a-4363-a158-43809c682bff.config
2026-05-28T10:15:26.4535639Z ##[endgroup]
2026-05-28T10:15:26.4544664Z ##[group]Fetching the repository
2026-05-28T10:15:26.4547410Z [command]/usr/bin/git -c protocol.version=2 fetch --no-tags --prune --no-recurse-submodules --depth=1 origin +dbd815dcc33df28a13d08dfc3d8c9096b9cb9081:refs/remotes/pull/8577/merge
2026-05-28T10:15:27.6360070Z From https://github.com/facebook/lexical
2026-05-28T10:15:27.6362125Z  * [new ref]         dbd815dcc33df28a13d08dfc3d8c9096b9cb9081 -> pull/8577/merge
2026-05-28T10:15:27.6394092Z ##[endgroup]
2026-05-28T10:15:27.6395947Z ##[group]Determining the checkout info
2026-05-28T10:15:27.6397806Z ##[endgroup]
2026-05-28T10:15:27.6402077Z [command]/usr/bin/git sparse-checkout disable
2026-05-28T10:15:27.6448730Z [command]/usr/bin/git config --local --unset-all extensions.worktreeConfig
2026-05-28T10:15:27.6482491Z ##[group]Checking out the ref
2026-05-28T10:15:27.6485673Z [command]/usr/bin/git checkout --progress --force refs/remotes/pull/8577/merge
2026-05-28T10:15:27.7785777Z Note: switching to 'refs/remotes/pull/8577/merge'.
2026-05-28T10:15:27.7787055Z 
2026-05-28T10:15:27.7788057Z You are in 'detached HEAD' state. You can look around, make experimental
2026-05-28T10:15:27.7790419Z changes and commit them, and you can discard any commits you make in this
2026-05-28T10:15:27.7793055Z state without impacting any branches by switching back to a branch.
2026-05-28T10:15:27.7794072Z 
2026-05-28T10:15:27.7794734Z If you want to create a new branch to retain commits you create, you may
2026-05-28T10:15:27.7796539Z do so (now or later) by using -c with the switch command. Example:
2026-05-28T10:15:27.7797707Z 
2026-05-28T10:15:27.7798105Z   git switch -c <new-branch-name>
2026-05-28T10:15:27.7798778Z 
2026-05-28T10:15:27.7799316Z Or undo this operation with:
2026-05-28T10:15:27.7800093Z 
2026-05-28T10:15:27.7800594Z   git switch -
2026-05-28T10:15:27.7801349Z 
2026-05-28T10:15:27.7802633Z Turn off this advice by setting config variable advice.detachedHead to false
2026-05-28T10:15:27.7804222Z 
2026-05-28T10:15:27.7805761Z HEAD is now at dbd815d Merge 6b99c56e7a2482d9a5eae221a5d5d016fe48a6a3 into 47b9ccc4ca91058fee2ed17337e874fb96c4e078
2026-05-28T10:15:27.7810947Z ##[endgroup]
2026-05-28T10:15:27.7843764Z [command]/usr/bin/git log -1 --format=%H
2026-05-28T10:15:27.7868958Z dbd815dcc33df28a13d08dfc3d8c9096b9cb9081
2026-05-28T10:15:27.8221640Z Prepare all required actions
2026-05-28T10:15:27.8223280Z Getting action download info
2026-05-28T10:15:28.1183120Z Download action repository 'pnpm/action-setup@v6' (SHA:0e279bb959325dab635dd2c09392533439d90093)
2026-05-28T10:15:28.3808248Z Download action repository 'actions/setup-node@v6' (SHA:48b55a011bda9f5d6aeb4c2d9c7362e8dae4041e)
2026-05-28T10:15:28.4934404Z ##[group]Run ./.github/actions/setup-pnpm
2026-05-28T10:15:28.4934778Z with:
2026-05-28T10:15:28.4935040Z   node-version: 24.x
2026-05-28T10:15:28.4935358Z   pnpm-install-args: --frozen-lockfile
2026-05-28T10:15:28.4935686Z env:
2026-05-28T10:15:28.4935922Z   CI: true
2026-05-28T10:15:28.4936171Z ##[endgroup]
2026-05-28T10:15:28.5047083Z ##[group]Run pnpm/action-setup@v6
2026-05-28T10:15:28.5047415Z with:
2026-05-28T10:15:28.5047668Z   dest: ~/setup-pnpm
2026-05-28T10:15:28.5047958Z   run_install: null
2026-05-28T10:15:28.5048214Z   cache: false
2026-05-28T10:15:28.5048501Z   cache_dependency_path: pnpm-lock.yaml
2026-05-28T10:15:28.5048906Z   package_json_file: package.json
2026-05-28T10:15:28.5049216Z   standalone: false
2026-05-28T10:15:28.5049470Z env:
2026-05-28T10:15:28.5049707Z   CI: true
2026-05-28T10:15:28.5049951Z ##[endgroup]
2026-05-28T10:15:28.6499188Z ##[group]Running self-installer...
2026-05-28T10:15:29.7619890Z 
2026-05-28T10:15:29.7620507Z added 1 package, and audited 2 packages in 913ms
2026-05-28T10:15:29.7621153Z 
2026-05-28T10:15:29.7621337Z 1 package is looking for funding
2026-05-28T10:15:29.7621794Z   run `npm fund` for details
2026-05-28T10:15:29.7630257Z 
2026-05-28T10:15:29.7630479Z found 0 vulnerabilities
2026-05-28T10:15:30.3013468Z Checking for updates...
2026-05-28T10:15:30.4183793Z Switching pnpm from v11.1.1 to v10.33.0...
2026-05-28T10:15:30.6495026Z .../.bin/global/v11/903-19e6e150053      | Progress: resolved 1, reused 0, downloaded 0, added 0
2026-05-28T10:15:30.6511044Z .../.bin/global/v11/903-19e6e150053      |   +1 +
2026-05-28T10:15:30.9351396Z .../.bin/global/v11/903-19e6e150053      | Progress: resolved 1, reused 0, downloaded 1, added 1, done
2026-05-28T10:15:30.9578895Z [WARN] Detected a pnpm v10 installation layout at PNPM_HOME. The pnpm shims at PNPM_HOME have been refreshed so the new version is active, but pnpm v11 expects bins in PNPM_HOME/bin. Run "pnpm setup" to migrate your PATH to the v11 layout.
2026-05-28T10:15:30.9604348Z Successfully updated pnpm to v10.33.0
2026-05-28T10:15:30.9829042Z ##[endgroup]
2026-05-28T10:15:30.9829455Z Installation Completed!
2026-05-28T10:15:31.0019845Z ##[group]Run actions/setup-node@v6
2026-05-28T10:15:31.0020133Z with:
2026-05-28T10:15:31.0020341Z   cache: pnpm
2026-05-28T10:15:31.0020671Z   node-version: 24.x
2026-05-28T10:15:31.0020990Z   check-latest: false
2026-05-28T10:15:31.0023929Z   token: ***
2026-05-28T10:15:31.0024161Z   package-manager-cache: true
2026-05-28T10:15:31.0024421Z env:
2026-05-28T10:15:31.0024620Z   CI: true
2026-05-28T10:15:31.0024875Z   PNPM_HOME: /home/runner/setup-pnpm/node_modules/.bin
2026-05-28T10:15:31.0025205Z ##[endgroup]
2026-05-28T10:15:31.1571731Z Found in cache @ /opt/hostedtoolcache/node/24.15.0/x64
2026-05-28T10:15:31.1572653Z ##[group]Environment details
2026-05-28T10:15:31.4905538Z node: v24.15.0
2026-05-28T10:15:31.4905946Z npm: 11.12.1
2026-05-28T10:15:31.4906275Z yarn: 1.22.22
2026-05-28T10:15:31.4907151Z ##[endgroup]
2026-05-28T10:15:31.4929204Z [command]/home/runner/setup-pnpm/node_modules/.bin/bin/pnpm store path --silent
2026-05-28T10:15:31.8618961Z /home/runner/setup-pnpm/node_modules/.bin/store/v10
2026-05-28T10:15:31.9999088Z Cache hit for: node-cache-Linux-x64-pnpm-a57b38e78372ed1432614a02388355c1a4967eee4491c5b32da8b7214585f856
2026-05-28T10:15:33.1331995Z Received 96468992 of 353155120 (27.3%), 92.0 MBs/sec
2026-05-28T10:15:34.1354059Z Received 247463936 of 353155120 (70.1%), 117.9 MBs/sec
2026-05-28T10:15:35.1341428Z Received 348960816 of 353155120 (98.8%), 110.9 MBs/sec
2026-05-28T10:15:35.1640029Z Received 353155120 of 353155120 (100.0%), 111.1 MBs/sec
2026-05-28T10:15:35.1641384Z Cache Size: ~337 MB (353155120 B)
2026-05-28T10:15:35.1676587Z [command]/usr/bin/tar -xf /home/runner/work/_temp/499c33e0-b2c7-4c3b-8b75-69296ae3f2c2/cache.tzst -P -C /home/runner/work/lexical/lexical --use-compress-program unzstd
2026-05-28T10:15:39.7561107Z Cache restored successfully
2026-05-28T10:15:39.7730958Z Cache restored from key: node-cache-Linux-x64-pnpm-a57b38e78372ed1432614a02388355c1a4967eee4491c5b32da8b7214585f856
2026-05-28T10:15:39.7951895Z ##[group]Run pnpm install --frozen-lockfile
2026-05-28T10:15:39.7952647Z [36;1mpnpm install --frozen-lockfile[0m
2026-05-28T10:15:39.7998478Z shell: /usr/bin/bash --noprofile --norc -e -o pipefail {0}
2026-05-28T10:15:39.7998845Z env:
2026-05-28T10:15:39.7999061Z   CI: true
2026-05-28T10:15:39.7999346Z   PNPM_HOME: /home/runner/setup-pnpm/node_modules/.bin
2026-05-28T10:15:39.7999672Z ##[endgroup]
2026-05-28T10:15:40.1177110Z Scope: all 38 workspace projects
2026-05-28T10:15:40.2254246Z Lockfile is up to date, resolution step is skipped
2026-05-28T10:15:40.3154306Z Progress: resolved 1, reused 0, downloaded 0, added 0
2026-05-28T10:15:40.5015902Z Packages: +2451
2026-05-28T10:15:40.5016735Z ++++++++++++++++++++++++++++++++++++++++++++++++++++++++++++++++++++++++++++++++
2026-05-28T10:15:41.3170999Z Progress: resolved 2451, reused 1360, downloaded 0, added 0
2026-05-28T10:15:42.3169865Z Progress: resolved 2451, reused 2414, downloaded 0, added 462
2026-05-28T10:15:43.3168156Z Progress: resolved 2451, reused 2414, downloaded 0, added 1449
2026-05-28T10:15:44.3184495Z Progress: resolved 2451, reused 2414, downloaded 0, added 2117
2026-05-28T10:15:44.7856839Z Progress: resolved 2451, reused 2414, downloaded 0, added 2451, done
2026-05-28T10:15:46.3410725Z 
2026-05-28T10:15:46.3411390Z dependencies:
2026-05-28T10:15:46.3411895Z + semver 7.7.4
2026-05-28T10:15:46.3412246Z + yjs 13.6.30
2026-05-28T10:15:46.3412622Z 
2026-05-28T10:15:46.3412775Z devDependencies:
2026-05-28T10:15:46.3413180Z + @babel/core 7.29.0
2026-05-28T10:15:46.3413710Z + @babel/helper-module-imports 7.28.6
2026-05-28T10:15:46.3414384Z + @babel/plugin-transform-optional-catch-binding 7.28.6
2026-05-28T10:15:46.3414979Z + @babel/preset-env 7.29.3
2026-05-28T10:15:46.3415405Z + @babel/preset-flow 7.27.1
2026-05-28T10:15:46.3415842Z + @babel/preset-react 7.28.5
2026-05-28T10:15:46.3416324Z + @babel/preset-typescript 7.28.5
2026-05-28T10:15:46.3416862Z + @docusaurus/plugin-content-docs 3.10.1
2026-05-28T10:15:46.3417690Z + @docusaurus/types 3.10.1
2026-05-28T10:15:46.3418095Z + @eslint/compat 2.0.5
2026-05-28T10:15:46.3418479Z + @eslint/js 10.0.1
2026-05-28T10:15:46.3419137Z + @lexical/eslint-plugin 0.44.0 <- packages/lexical-eslint-plugin
2026-05-28T10:15:46.3419950Z + @lexical/eslint-plugin-internal 0.44.0 <- packages/lexical-eslint-plugin-internal
2026-05-28T10:15:46.3420431Z + @playwright/test 1.59.1
2026-05-28T10:15:46.3420798Z + @prettier/sync 0.6.1
2026-05-28T10:15:46.3421216Z + @rollup/plugin-alias 6.0.0
2026-05-28T10:15:46.3421653Z + @rollup/plugin-babel 7.0.0
2026-05-28T10:15:46.3422188Z + @rollup/plugin-commonjs 29.0.2
2026-05-28T10:15:46.3422798Z + @rollup/plugin-json 6.1.0
2026-05-28T10:15:46.3423292Z + @rollup/plugin-node-resolve 16.0.3
2026-05-28T10:15:46.3423818Z + @rollup/plugin-replace 6.0.3
2026-05-28T10:15:46.3424268Z + @rollup/plugin-terser 1.0.0
2026-05-28T10:15:46.3424714Z + @types/babel__core 7.20.5
2026-05-28T10:15:46.3425235Z + @types/babel__helper-module-imports 7.18.3
2026-05-28T10:15:46.3425745Z + @types/fs-extra 11.0.4
2026-05-28T10:15:46.3426144Z + @types/jsdom 28.0.1
2026-05-28T10:15:46.3426527Z + @types/katex 0.16.7
2026-05-28T10:15:46.3426925Z + @types/minimist 1.2.5
2026-05-28T10:15:46.3427309Z + @types/node 25.6.0
2026-05-28T10:15:46.3427689Z + @types/prismjs 1.26.6
2026-05-28T10:15:46.3428142Z + @types/proper-lockfile 4.1.4
2026-05-28T10:15:46.3428567Z + @types/react 19.2.14
2026-05-28T10:15:46.3428960Z + @types/react-dom 19.2.3
2026-05-28T10:15:46.3429367Z + @types/semver 7.7.1
2026-05-28T10:15:46.3429768Z + @vitejs/plugin-react 6.0.1
2026-05-28T10:15:46.3430521Z + baseline-browser-mapping 2.10.25
2026-05-28T10:15:46.3430988Z + chokidar 5.0.0
2026-05-28T10:15:46.3431373Z + concurrently 9.2.1
2026-05-28T10:15:46.3431811Z + confusing-browser-globals 1.0.11
2026-05-28T10:15:46.3432276Z + cross-env 10.1.0
2026-05-28T10:15:46.3432932Z + eslint 10.3.0
2026-05-28T10:15:46.3433370Z + eslint-config-prettier 10.1.8
2026-05-28T10:15:46.3433837Z + eslint-plugin-compat 7.0.2
2026-05-28T10:15:46.3434290Z + eslint-plugin-header 3.1.1
2026-05-28T10:15:46.3434754Z + eslint-plugin-import-x 4.16.2
2026-05-28T10:15:46.3435237Z + eslint-plugin-jsx-a11y 6.10.2
2026-05-28T10:15:46.3435846Z + eslint-plugin-no-function-declare-after-return 1.1.0
2026-05-28T10:15:46.3436485Z + eslint-plugin-no-only-tests 3.4.0
2026-05-28T10:15:46.3436971Z + eslint-plugin-react 7.37.5
2026-05-28T10:15:46.3437454Z + eslint-plugin-react-hooks 7.1.1
2026-05-28T10:15:46.3438007Z + eslint-plugin-simple-import-sort 13.0.0
2026-05-28T10:15:46.3438560Z + eslint-plugin-sort-keys-fix 1.1.2
2026-05-28T10:15:46.3439020Z + flow-bin 0.314.0
2026-05-28T10:15:46.3439380Z + flow-typed 4.1.1
2026-05-28T10:15:46.3439727Z + fs-extra 11.3.4
2026-05-28T10:15:46.3440073Z + glob 13.0.6
2026-05-28T10:15:46.3440418Z + globals 17.6.0
2026-05-28T10:15:46.3440771Z + gzip-size 7.0.0
2026-05-28T10:15:46.3441140Z + hermes-estree 0.36.0
2026-05-28T10:15:46.3441530Z + hermes-parser 0.36.0
2026-05-28T10:15:46.3441931Z + hermes-transform 0.36.0
2026-05-28T10:15:46.3442476Z + husky 9.1.7
2026-05-28T10:15:46.3443505Z + jsdom 29.1.1
2026-05-28T10:15:46.3443867Z + lint-staged 16.4.0
2026-05-28T10:15:46.3444228Z + minimist 1.2.8
2026-05-28T10:15:46.3444585Z + npm-run-all 4.1.5
2026-05-28T10:15:46.3444944Z + prettier 3.8.1
2026-05-28T10:15:46.3445403Z + prettier-plugin-hermes-parser 0.36.0
2026-05-28T10:15:46.3445999Z + prettier-plugin-organize-attributes 1.0.0
2026-05-28T10:15:46.3446584Z + prettier-plugin-tailwindcss 0.8.0
2026-05-28T10:15:46.3447065Z + proper-lockfile 4.1.2
2026-05-28T10:15:46.3447479Z + react 19.2.5
2026-05-28T10:15:46.3447887Z + react-dom 19.2.5
2026-05-28T10:15:46.3448284Z + react-test-renderer 19.2.5
2026-05-28T10:15:46.3448692Z + rollup 4.60.2
2026-05-28T10:15:46.3449022Z + tmp 0.2.5
2026-05-28T10:15:46.3449361Z + ts-morph 28.0.0
2026-05-28T10:15:46.3449719Z + typedoc 0.28.19
2026-05-28T10:15:46.3450404Z + typescript 6.0.3
2026-05-28T10:15:46.3451267Z + typescript-eslint 8.59.1
2026-05-28T10:15:46.3452474Z + vite 8.0.10
2026-05-28T10:15:46.3452992Z + vitest 4.1.5
2026-05-28T10:15:46.3453353Z + y-websocket 2.1.0
2026-05-28T10:15:46.3453558Z 
2026-05-28T10:15:46.3864210Z . prepare$ husky
2026-05-28T10:15:46.4409624Z . prepare: Done
2026-05-28T10:15:46.4688888Z packages/lexical-devtools postinstall$ wxt prepare
2026-05-28T10:15:46.9557064Z packages/lexical-devtools postinstall: [log] 
2026-05-28T10:15:46.9561716Z packages/lexical-devtools postinstall: WXT 0.20.25
2026-05-28T10:15:47.5304896Z packages/lexical-devtools postinstall: [info] Generating types...
2026-05-28T10:15:47.8106509Z packages/lexical-devtools postinstall: [success] Finished in 857 ms
2026-05-28T10:15:47.8855916Z packages/lexical-devtools postinstall: Done
2026-05-28T10:15:47.9311199Z ╭ Warning ─────────────────────────────────────────────────────────────────────╮
2026-05-28T10:15:47.9312210Z │                                                                              │
2026-05-28T10:15:47.9313480Z │   Ignored build scripts: @parcel/watcher@2.5.6, @swc/core@1.15.24,           │
2026-05-28T10:15:47.9314645Z │   core-js@3.49.0, esbuild@0.27.7, leveldown@5.6.0, protobufjs@7.5.6,         │
2026-05-28T10:15:47.9315700Z │   spawn-sync@1.0.15, unrs-resolver@1.11.1.                                   │
2026-05-28T10:15:47.9316772Z │   Run "pnpm approve-builds" to pick which dependencies should be allowed     │
2026-05-28T10:15:47.9317803Z │   to run scripts.                                                            │
2026-05-28T10:15:47.9318677Z │                                                                              │
2026-05-28T10:15:47.9319905Z ╰──────────────────────────────────────────────────────────────────────────────╯
2026-05-28T10:15:47.9461217Z Done in 8.1s using pnpm v10.33.0
2026-05-28T10:15:48.0099093Z ##[group]Run pnpm run test-unit
2026-05-28T10:15:48.0099437Z [36;1mpnpm run test-unit[0m
2026-05-28T10:15:48.0138640Z shell: /usr/bin/bash -e {0}
2026-05-28T10:15:48.0138918Z env:
2026-05-28T10:15:48.0139147Z   CI: true
2026-05-28T10:15:48.0139425Z   PNPM_HOME: /home/runner/setup-pnpm/node_modules/.bin
2026-05-28T10:15:48.0139804Z ##[endgroup]
2026-05-28T10:15:48.3023223Z 
2026-05-28T10:15:48.3024139Z > @lexical/monorepo@0.44.0 test-unit /home/runner/work/lexical/lexical
2026-05-28T10:15:48.3025059Z > vitest --project unit --project scripts-unit --no-watch
2026-05-28T10:15:48.3025480Z 
2026-05-28T10:15:48.6717231Z 
2026-05-28T10:15:48.6721257Z [1m[30m[46m RUN [49m[39m[22m [36mv4.1.5 [39m[90m/home/runner/work/lexical/lexical[39m
2026-05-28T10:15:48.6722234Z 
2026-05-28T10:15:49.0235483Z  [32m✓[39m [30m[45m scripts-unit [49m[39m scripts/error-codes/__tests__/unit/ErrorMap.test.ts [2m([22m[2m7 tests[22m[2m)[22m[32m 13[2mms[22m[39m
2026-05-28T10:15:49.3411841Z  [32m✓[39m [30m[45m scripts-unit [49m[39m scripts/__tests__/unit/build.test.ts [2m([22m[2m516 tests[22m[2m)[22m[32m 164[2mms[22m[39m
2026-05-28T10:15:49.6075852Z  [32m✓[39m [30m[45m scripts-unit [49m[39m scripts/www/__tests__/unit/transformFlowFileContents.test.ts [2m([22m[2m4 tests[22m[2m)[22m[32m 132[2mms[22m[39m
2026-05-28T10:15:49.7363917Z  [32m✓[39m [30m[45m scripts-unit [49m[39m scripts/__tests__/unit/childProcess.test.ts [2m([22m[2m8 tests[22m[2m)[22m[32m 177[2mms[22m[39m
2026-05-28T10:15:49.9196384Z  [32m✓[39m [30m[45m scripts-unit [49m[39m scripts/__tests__/unit/stackblitz.test.ts [2m([22m[2m76 tests[22m[2m)[22m[32m 23[2mms[22m[39m
2026-05-28T10:15:50.2305173Z  [32m✓[39m [30m[45m scripts-unit [49m[39m scripts/error-codes/__tests__/unit/transform-error-messages.test.ts [2m([22m[2m8 tests[22m[2m)[22m[33m 791[2mms[22m[39m
2026-05-28T10:15:50.2334253Z          [33m[2m✓[22m[39m inserts known and extracts unknown message codes [33m 619[2mms[22m[39m
2026-05-28T10:15:52.7494961Z  [32m✓[39m [30m[42m unit [49m[39m packages/lexical-markdown/src/__tests__/unit/LexicalMarkdown.test.ts [2m([22m[2m375 tests[22m[2m)[22m[33m 541[2mms[22m[39m
2026-05-28T10:15:53.6361577Z  [32m✓[39m [30m[42m unit [49m[39m packages/lexical/src/__tests__/unit/LexicalEditor.test.tsx [2m([22m[2m79 tests[22m[2m)[22m[33m 989[2mms[22m[39m
2026-05-28T10:15:54.6399458Z  [32m✓[39m [30m[42m unit [49m[39m packages/lexical-selection/src/__tests__/unit/LexicalSelectionHelpers.test.ts [2m([22m[2m51 tests[22m[2m)[22m[32m 223[2mms[22m[39m
2026-05-28T10:15:55.8006183Z  [32m✓[39m [30m[42m unit [49m[39m packages/lexical-selection/src/__tests__/unit/LexicalSelection.test.tsx [2m([22m[2m243 tests[22m[2m)[22m[33m 3128[2mms[22m[39m
2026-05-28T10:15:55.8008341Z      [33m[2m✓[22m[39m Ctrl+Backspace deletes list created by typing "- " [33m 358[2mms[22m[39m
2026-05-28T10:15:56.4622772Z  [32m✓[39m [30m[42m unit [49m[39m packages/lexical/src/caret/__tests__/unit/LexicalCaret.test.ts [2m([22m[2m169 tests[22m[2m)[22m[33m 1120[2mms[22m[39m
2026-05-28T10:15:57.9506122Z  [32m✓[39m [30m[42m unit [49m[39m packages/lexical/src/__tests__/unit/LexicalReconciler.test.ts [2m([22m[2m38 tests[22m[2m)[22m[33m 488[2mms[22m[39m
2026-05-28T10:15:58.3153377Z  [32m✓[39m [30m[42m unit [49m[39m packages/lexical-table/src/__tests__/unit/LexicalTableNode.test.tsx [2m([22m[2m38 tests[22m[2m)[22m[33m 2088[2mms[22m[39m
2026-05-28T10:15:58.7770554Z [90mstderr[2m | packages/lexical/src/__tests__/unit/LexicalNode.test.ts[2m > [22m[2mElement-anchored selection on old parent (#6031)[2m > [22m[2mcross-parent move[2m > [22m[2m'insertBefore' with restoreSelection=false skips the source-parent shift
2026-05-28T10:15:58.7772884Z [22m[39mDOMException {}
2026-05-28T10:15:58.7774795Z 
2026-05-28T10:15:58.7827406Z [90mstderr[2m | packages/lexical/src/__tests__/unit/LexicalNode.test.ts[2m > [22m[2mElement-anchored selection on old parent (#6031)[2m > [22m[2mcross-parent move[2m > [22m[2m'insertAfter' with restoreSelection=false skips the source-parent shift
2026-05-28T10:15:58.7839077Z [22m[39mDOMException {}
2026-05-28T10:15:58.7845762Z 
2026-05-28T10:15:58.8184617Z  [32m✓[39m [30m[42m unit [49m[39m packages/lexical/src/__tests__/unit/LexicalNode.test.ts [2m([22m[2m91 tests[22m[2m)[22m[33m 682[2mms[22m[39m
2026-05-28T10:16:00.0865720Z  [32m✓[39m [30m[42m unit [49m[39m packages/lexical/src/__tests__/unit/LexicalSelection.test.ts [2m([22m[2m53 tests[22m[2m)[22m[33m 536[2mms[22m[39m
2026-05-28T10:16:00.8337782Z  [32m✓[39m [30m[42m unit [49m[39m packages/lexical-link/src/__tests__/unit/LexicalLinkNode.test.ts [2m([22m[2m57 tests[22m[2m)[22m[33m 429[2mms[22m[39m
2026-05-28T10:16:00.9262869Z  [32m✓[39m [30m[42m unit [49m[39m packages/lexical-list/src/__tests__/unit/LexicalListItemNode.test.ts [2m([22m[2m39 tests[22m[2m)[22m[33m 1059[2mms[22m[39m
2026-05-28T10:16:02.4633156Z  [32m✓[39m [30m[42m unit [49m[39m packages/lexical-code/src/__tests__/unit/LexicalCodeNode.test.ts [2m([22m[2m58 tests[22m[2m | [22m[33m1 skipped[39m[2m)[22m[33m 749[2mms[22m[39m
2026-05-28T10:16:03.3125812Z  [32m✓[39m [30m[42m unit [49m[39m packages/lexical-utils/src/__tests__/unit/LexicalEventHelpers.test.tsx [2m([22m[2m57 tests[22m[2m)[22m[33m 812[2mms[22m[39m
2026-05-28T10:16:03.4025035Z  [32m✓[39m [30m[42m unit [49m[39m packages/lexical-react/src/__tests__/unit/LexicalNestedComposer.test.tsx [2m([22m[2m8 tests[22m[2m)[22m[33m 913[2mms[22m[39m
2026-05-28T10:16:03.4027220Z      [33m[2m✓[22m[39m with inherited configuration and namespace [33m 472[2mms[22m[39m
2026-05-28T10:16:04.5993538Z  [32m✓[39m [30m[42m unit [49m[39m packages/lexical/src/nodes/__tests__/unit/LexicalTextNode.test.tsx [2m([22m[2m101 tests[22m[2m)[22m[33m 578[2mms[22m[39m
2026-05-28T10:16:04.9147678Z  [32m✓[39m [30m[42m unit [49m[39m packages/lexical-table/src/__tests__/unit/LexicalTableExtension.test.ts [2m([22m[2m14 tests[22m[2m)[22m[32m 214[2mms[22m[39m
2026-05-28T10:16:05.2128531Z  [31m❯[39m [30m[42m unit [49m[39m packages/lexical/src/__tests__/unit/LexicalUtils.test.ts [2m([22m[2m32 tests[22m[2m | [22m[31m1 failed[39m[2m)[22m[33m 311[2mms[22m[39m
2026-05-28T10:16:05.2130680Z      [32m✓[39m scheduleMicroTask(): native[32m 150[2mms[22m[39m
2026-05-28T10:16:05.2131529Z      [32m✓[39m scheduleMicroTask(): promise[32m 8[2mms[22m[39m
2026-05-28T10:16:05.2132283Z      [32m✓[39m emptyFunction()[32m 7[2mms[22m[39m
2026-05-28T10:16:05.2133180Z      [32m✓[39m resetRandomKey()[32m 8[2mms[22m[39m
2026-05-28T10:16:05.2133864Z      [32m✓[39m generateRandomKey()[32m 6[2mms[22m[39m
2026-05-28T10:16:05.2134508Z      [32m✓[39m isArray()[32m 5[2mms[22m[39m
2026-05-28T10:16:05.2135249Z      [32m✓[39m isSelectionWithinEditor()[32m 14[2mms[22m[39m
2026-05-28T10:16:05.2136071Z      [32m✓[39m getTextDirection()[32m 14[2mms[22m[39m
2026-05-28T10:16:05.2137118Z      [32m✓[39m isExactShortcutMatch() matches by event.key for single-letter[32m 5[2mms[22m[39m
2026-05-28T10:16:05.2138628Z      [32m✓[39m isExactShortcutMatch() matches to event.key for ASCII remapped layout (English (US) Dvorak)[32m 4[2mms[22m[39m
2026-05-28T10:16:05.2140300Z      [32m✓[39m isExactShortcutMatch() fallback to event.code for single-letter in event.key via non-English layout[32m 3[2mms[22m[39m
2026-05-28T10:16:05.2141725Z      [32m✓[39m isExactShortcutMatch() matches special keys[32m 4[2mms[22m[39m
2026-05-28T10:16:05.2143035Z      [32m✓[39m isExactShortcutMatch() matches optional keys[32m 4[2mms[22m[39m
2026-05-28T10:16:05.2144244Z [31m     [31m×[31m isMoveToEnd() / isMoveToStart() accept Shift modifier[39m[32m 15[2mms[22m[39m
2026-05-28T10:16:05.2145216Z      [32m✓[39m isTokenOrSegmented()[32m 6[2mms[22m[39m
2026-05-28T10:16:05.2146260Z      [32m✓[39m $getNodeByKey[32m 8[2mms[22m[39m
2026-05-28T10:16:05.2148397Z      [32m✓[39m $nodesOfType[32m 7[2mms[22m[39m
2026-05-28T10:16:05.2149196Z        [32m✓[39m deferred even when there are no dirty nodes[32m 4[2mms[22m[39m
2026-05-28T10:16:05.2150325Z        [32m✓[39m added fn runs after update, original onUpdate, and prior calls to $onUpdate[32m 5[2mms[22m[39m
2026-05-28T10:16:05.2151338Z        [32m✓[39m adding fn throws outside update[32m 5[2mms[22m[39m
2026-05-28T10:16:05.2152066Z      [32m✓[39m getCachedTypeToNodeMap[32m 6[2mms[22m[39m
2026-05-28T10:16:05.2153571Z      [32m✓[39m scrollIntoViewIfNeeded respects scroll-padding on document element[32m 8[2mms[22m[39m
2026-05-28T10:16:05.2154721Z      [32m✓[39m validates replace node configuration[32m 1[2mms[22m[39m
2026-05-28T10:16:05.2155782Z      [32m✓[39m validates replace node type withKlass[32m 1[2mms[22m[39m
2026-05-28T10:16:05.2156719Z      [32m✓[39m validates replace node type change[32m 1[2mms[22m[39m
2026-05-28T10:16:05.2157647Z      [32m✓[39m validates replace node key change[32m 1[2mms[22m[39m
2026-05-28T10:16:05.2158638Z      [32m✓[39m validates replace node configuration withKlass[32m 1[2mms[22m[39m
2026-05-28T10:16:05.2159713Z      [32m✓[39m validates nested replace node configuration[32m 1[2mms[22m[39m
2026-05-28T10:16:05.2160823Z      [32m✓[39m validates nested replace node configuration withKlass[32m 1[2mms[22m[39m
2026-05-28T10:16:05.2161835Z      [32m✓[39m nested replace node configuration works[32m 2[2mms[22m[39m
2026-05-28T10:16:05.2163003Z      [32m✓[39m does not mark the original as dirty[32m 1[2mms[22m[39m
2026-05-28T10:16:05.2163823Z      [32m✓[39m returns a shallow copy[32m 2[2mms[22m[39m
2026-05-28T10:16:06.5185345Z  [32m✓[39m [30m[42m unit [49m[39m packages/lexical/src/__tests__/unit/LexicalDOMSlot.test.tsx [2m([22m[2m31 tests[22m[2m)[22m[32m 257[2mms[22m[39m
2026-05-28T10:16:07.0556817Z  [32m✓[39m [30m[42m unit [49m[39m packages/lexical-history/src/__tests__/unit/LexicalHistory.test.tsx [2m([22m[2m18 tests[22m[2m)[22m[33m 587[2mms[22m[39m
2026-05-28T10:16:07.0558531Z      [33m[2m✓[22m[39m can create a parent editor [33m 336[2mms[22m[39m
2026-05-28T10:16:07.4274114Z [90mstderr[2m | packages/lexical/src/__tests__/unit/LexicalNodeState.test.ts[2m > [22m[2mElement-anchored selection on old parent (#6031)[2m > [22m[2mcross-parent move[2m > [22m[2m'insertBefore' with restoreSelection=false skips the source-parent shift
2026-05-28T10:16:07.4288478Z [22m[39mDOMException {}
2026-05-28T10:16:07.4334522Z 
2026-05-28T10:16:07.4351884Z [90mstderr[2m | packages/lexical/src/__tests__/unit/LexicalNodeState.test.ts[2m > [22m[2mElement-anchored selection on old parent (#6031)[2m > [22m[2mcross-parent move[2m > [22m[2m'insertAfter' with restoreSelection=false skips the source-parent shift
2026-05-28T10:16:07.4354552Z [22m[39mDOMException {}
2026-05-28T10:16:07.4354999Z 
2026-05-28T10:16:07.5596938Z  [32m✓[39m [30m[42m unit [49m[39m packages/lexical/src/__tests__/unit/LexicalNodeState.test.ts [2m([22m[2m109 tests[22m[2m)[22m[33m 769[2mms[22m[39m
2026-05-28T10:16:08.5297373Z  [32m✓[39m [30m[42m unit [49m[39m packages/lexical/src/nodes/__tests__/unit/LexicalElementNode.test.tsx [2m([22m[2m40 tests[22m[2m)[22m[33m 361[2mms[22m[39m
2026-05-28T10:16:08.8903809Z  [32m✓[39m [30m[42m unit [49m[39m packages/lexical/src/__tests__/unit/HandleTextDrop.test.ts [2m([22m[2m11 tests[22m[2m)[22m[33m 309[2mms[22m[39m
2026-05-28T10:16:09.1530825Z  [32m✓[39m [30m[42m unit [49m[39m packages/lexical-html/src/__tests__/unit/DOMImportExtension.test.ts [2m([22m[2m21 tests[22m[2m)[22m[32m 297[2mms[22m[39m
2026-05-28T10:16:10.4357386Z  [32m✓[39m [30m[42m unit [49m[39m packages/lexical/src/__tests__/unit/HTMLCopyAndPaste.test.ts [2m([22m[2m14 tests[22m[2m)[22m[33m 379[2mms[22m[39m
2026-05-28T10:16:10.8183961Z  [32m✓[39m [30m[42m unit [49m[39m packages/lexical-react/src/__tests__/unit/Collaboration.test.ts [2m([22m[2m15 tests[22m[2m)[22m[33m 514[2mms[22m[39m
2026-05-28T10:16:11.0750402Z  [32m✓[39m [30m[42m unit [49m[39m packages/lexical-html/src/__tests__/unit/DOMRenderExtension.test.ts [2m([22m[2m10 tests[22m[2m)[22m[32m 284[2mms[22m[39m
2026-05-28T10:16:12.3029604Z  [32m✓[39m [30m[42m unit [49m[39m packages/lexical-rich-text/src/__tests__/unit/LexicalHeadingNode.test.ts [2m([22m[2m19 tests[22m[2m)[22m[33m 386[2mms[22m[39m
2026-05-28T10:16:12.8612268Z  [32m✓[39m [30m[42m unit [49m[39m packages/lexical/src/__tests__/unit/CodeBlock.test.ts [2m([22m[2m14 tests[22m[2m)[22m[33m 390[2mms[22m[39m
2026-05-28T10:16:13.1446966Z  [32m✓[39m [30m[42m unit [49m[39m packages/lexical-list/src/__tests__/unit/LexicalListNode.test.ts [2m([22m[2m18 tests[22m[2m)[22m[33m 469[2mms[22m[39m
2026-05-28T10:16:13.9681779Z  [32m✓[39m [30m[42m unit [49m[39m packages/lexical/src/__tests__/unit/LexicalSerialization.test.ts [2m([22m[2m1 test[22m[2m)[22m[32m 168[2mms[22m[39m
2026-05-28T10:16:14.7243919Z  [32m✓[39m [30m[42m unit [49m[39m packages/lexical-link/src/__tests__/unit/LexicalAutoLinkNode.test.ts [2m([22m[2m28 tests[22m[2m)[22m[32m 297[2mms[22m[39m
2026-05-28T10:16:14.9490843Z  [32m✓[39m [30m[42m unit [49m[39m packages/lexical-utils/src/__tests__/unit/LexicalNodeHelpers.test.ts [2m([22m[2m12 tests[22m[2m)[22m[32m 245[2mms[22m[39m
2026-05-28T10:16:15.7691050Z  [32m✓[39m [30m[42m unit [49m[39m packages/lexical/src/nodes/__tests__/unit/LexicalTabNode.test.tsx [2m([22m[2m15 tests[22m[2m)[22m[33m 357[2mms[22m[39m
2026-05-28T10:16:16.2579064Z  [32m✓[39m [30m[42m unit [49m[39m packages/lexical-list/src/__tests__/unit/ListImportExtension.test.ts [2m([22m[2m7 tests[22m[2m)[22m[32m 189[2mms[22m[39m
2026-05-28T10:16:16.7828856Z  [32m✓[39m [30m[42m unit [49m[39m packages/lexical-react/src/__tests__/unit/LexicalMenu.test.tsx [2m([22m[2m17 tests[22m[2m)[22m[32m 219[2mms[22m[39m
2026-05-28T10:16:17.5627447Z  [32m✓[39m [30m[42m unit [49m[39m packages/lexical-list/src/__tests__/unit/formatList.test.ts [2m([22m[2m12 tests[22m[2m)[22m[32m 291[2mms[22m[39m
2026-05-28T10:16:18.0275189Z  [32m✓[39m [30m[42m unit [49m[39m packages/lexical-playground/__tests__/unit/CollapsibleContainerNode.test.ts [2m([22m[2m9 tests[22m[2m)[22m[32m 264[2mms[22m[39m
2026-05-28T10:16:18.4405737Z  [32m✓[39m [30m[42m unit [49m[39m packages/lexical-react/src/__tests__/unit/LexicalTypeaheadMenuPlugin.test.tsx [2m([22m[2m8 tests[22m[2m)[22m[32m 292[2mms[22m[39m
2026-05-28T10:16:19.7186488Z  [32m✓[39m [30m[42m unit [49m[39m packages/lexical-table/src/__tests__/unit/LexicalTableCellNode.test.ts [2m([22m[2m13 tests[22m[2m)[22m[33m 592[2mms[22m[39m
2026-05-28T10:16:19.7188559Z      [33m[2m✓[22m[39m TableCellNode.importDOM [33m 369[2mms[22m[39m
2026-05-28T10:16:20.0436255Z  [32m✓[39m [30m[42m unit [49m[39m packages/lexical-rich-text/src/__tests__/unit/EscapeFormatTriggers.test.ts [2m([22m[2m25 tests[22m[2m)[22m[32m 49[2mms[22m[39m
2026-05-28T10:16:20.2810335Z  [32m✓[39m [30m[42m unit [49m[39m packages/lexical-react/src/__tests__/unit/CollaborationSnapshot.test.ts [2m([22m[2m7 tests[22m[2m)[22m[33m 697[2mms[22m[39m
2026-05-28T10:16:20.2813016Z        [33m[2m✓[22m[39m should diff between two snapshots [33m 384[2mms[22m[39m
2026-05-28T10:16:21.1363646Z  [32m✓[39m [30m[42m unit [49m[39m packages/lexical-html/src/__tests__/unit/LexicalHtml.test.ts [2m([22m[2m16 tests[22m[2m)[22m[32m 99[2mms[22m[39m
2026-05-28T10:16:21.4195897Z  [32m✓[39m [30m[42m unit [49m[39m packages/lexical-table/src/__tests__/unit/LexicalTableUtils.test.ts [2m([22m[2m12 tests[22m[2m)[22m[32m 30[2mms[22m[39m
2026-05-28T10:16:21.9740015Z  [32m✓[39m [30m[42m unit [49m[39m packages/lexical/src/caret/__tests__/unit/docs-traversals.test.ts [2m([22m[2m8 tests[22m[2m)[22m[32m 223[2mms[22m[39m
2026-05-28T10:16:22.6754067Z  [32m✓[39m [30m[42m unit [49m[39m packages/lexical-html/src/__tests__/unit/CoreImportExtension.test.ts [2m([22m[2m15 tests[22m[2m)[22m[32m 291[2mms[22m[39m
2026-05-28T10:16:22.6843054Z  [32m✓[39m [30m[42m unit [49m[39m packages/lexical-link/src/__tests__/unit/LinkExtension.test.ts [2m([22m[2m9 tests[22m[2m)[22m[32m 38[2mms[22m[39m
2026-05-28T10:16:24.2824356Z  [32m✓[39m [30m[42m unit [49m[39m packages/lexical-react/src/__tests__/unit/useExtensionSignalValue.test.tsx [2m([22m[2m11 tests[22m[2m)[22m[32m 261[2mms[22m[39m
2026-05-28T10:16:24.4097823Z  [32m✓[39m [30m[42m unit [49m[39m packages/lexical/src/__tests__/unit/LexicalIosKoreanIME.test.ts [2m([22m[2m5 tests[22m[2m)[22m[32m 193[2mms[22m[39m
2026-05-28T10:16:24.5362717Z  [32m✓[39m [30m[42m unit [49m[39m packages/lexical-code-shiki/src/__tests__/unit/LexicalCodeNodeTabs.test.ts [2m([22m[2m84 tests[22m[2m)[22m[33m 938[2mms[22m[39m
2026-05-28T10:16:24.5364894Z        [33m[2m✓[22m[39m testing tab: >| => >-| (forwards) [33m 308[2mms[22m[39m
2026-05-28T10:16:26.1292274Z  [32m✓[39m [30m[42m unit [49m[39m packages/lexical-list/src/__tests__/unit/utils.test.ts [2m([22m[2m10 tests[22m[2m)[22m[32m 245[2mms[22m[39m
2026-05-28T10:16:26.1827915Z  [32m✓[39m [30m[42m unit [49m[39m packages/lexical-table/src/__tests__/unit/LexicalTableMobileSelection.test.tsx [2m([22m[2m6 tests[22m[2m)[22m[32m 226[2mms[22m[39m
2026-05-28T10:16:26.6520636Z  [32m✓[39m [30m[42m unit [49m[39m packages/lexical-code-prism/src/__tests__/unit/LexicalCodeNodeTabs.test.ts [2m([22m[2m84 tests[22m[2m)[22m[33m 680[2mms[22m[39m
2026-05-28T10:16:27.5846603Z  [32m✓[39m [30m[42m unit [49m[39m packages/lexical-code-core/src/__tests__/unit/CodeImportExtension.test.ts [2m([22m[2m10 tests[22m[2m)[22m[32m 250[2mms[22m[39m
2026-05-28T10:16:28.0525529Z  [32m✓[39m [30m[42m unit [49m[39m packages/lexical-mark/__tests__/unit/LexicalMarkNode.test.ts [2m([22m[2m7 tests[22m[2m)[22m[32m 259[2mms[22m[39m
2026-05-28T10:16:28.0914917Z  [32m✓[39m [30m[42m unit [49m[39m packages/lexical-markdown/src/__tests__/unit/MarkdownTransformers.test.ts [2m([22m[2m10 tests[22m[2m)[22m[32m 76[2mms[22m[39m
2026-05-28T10:16:28.8826780Z  [32m✓[39m [30m[42m unit [49m[39m packages/lexical-link/src/__tests__/unit/LexicalAutoLinkExtension.test.ts [2m([22m[2m6 tests[22m[2m)[22m[32m 29[2mms[22m[39m
2026-05-28T10:16:29.8243032Z  [32m✓[39m [30m[42m unit [49m[39m packages/lexical/src/nodes/__tests__/unit/LexicalRootNode.test.ts [2m([22m[2m15 tests[22m[2m)[22m[32m 261[2mms[22m[39m
2026-05-28T10:16:30.2158670Z  [32m✓[39m [30m[42m unit [49m[39m packages/lexical/src/__tests__/unit/FastPathCrossParentTextCache.test.ts [2m([22m[2m2 tests[22m[2m)[22m[32m 54[2mms[22m[39m
2026-05-28T10:16:30.2375507Z  [32m✓[39m [30m[42m unit [49m[39m packages/lexical-react/src/__tests__/unit/LexicalExtensionEditorComposer.test.tsx [2m([22m[2m3 tests[22m[2m)[22m[33m 457[2mms[22m[39m
2026-05-28T10:16:30.2423665Z      [33m[2m✓[22m[39m can render [33m 422[2mms[22m[39m
2026-05-28T10:16:31.1813110Z  [32m✓[39m [30m[42m unit [49m[39m packages/lexical-html/src/__tests__/unit/DOMPreprocess.test.ts [2m([22m[2m6 tests[22m[2m)[22m[32m 133[2mms[22m[39m
2026-05-28T10:16:31.5851593Z  [32m✓[39m [30m[42m unit [49m[39m packages/lexical-utils/src/__tests__/unit/LexicalUtilsInsertNodeToNearestRootAtCaret.test.ts [2m([22m[2m88 tests[22m[2m)[22m[32m 100[2mms[22m[39m
2026-05-28T10:16:32.2319426Z  [32m✓[39m [30m[42m unit [49m[39m packages/lexical/src/__tests__/unit/LexicalListPlugin.test.tsx [2m([22m[2m3 tests[22m[2m)[22m[33m 476[2mms[22m[39m
2026-05-28T10:16:32.2353628Z      [33m[2m✓[22m[39m Toggle an empty list on/off [33m 385[2mms[22m[39m
2026-05-28T10:16:32.6712806Z  [32m✓[39m [30m[42m unit [49m[39m packages/lexical-clipboard/src/__tests__/unit/ClipboardImportExtension.test.ts [2m([22m[2m6 tests[22m[2m)[22m[32m 40[2mms[22m[39m
2026-05-28T10:16:33.0851239Z [90mstderr[2m | packages/lexical-react/src/__tests__/unit/ExtensionComponent.test.tsx[2m > [22m[2mExtensionComponent type compatibility[2m > [22m[2museExtensionDependency renders the output Component with required props
2026-05-28T10:16:33.0865526Z [22m[39m`ReactDOMTestUtils.act` is deprecated in favor of `React.act`. Import `act` from `react` instead of `react-dom/test-utils`. See https://react.dev/warnings/react-dom-test-utils for more info.
2026-05-28T10:16:33.0881049Z 
2026-05-28T10:16:33.0993724Z  [32m✓[39m [30m[42m unit [49m[39m packages/lexical-react/src/__tests__/unit/ExtensionComponent.test.tsx [2m([22m[2m9 tests[22m[2m)[22m[32m 178[2mms[22m[39m
2026-05-28T10:16:33.8478151Z  [32m✓[39m [30m[42m unit [49m[39m packages/lexical-react/src/__tests__/unit/LexicalContentEditableElement.test.tsx [2m([22m[2m13 tests[22m[2m)[22m[33m 312[2mms[22m[39m
2026-05-28T10:16:34.5115873Z  [32m✓[39m [30m[42m unit [49m[39m packages/lexical-eslint-plugin/src/__tests__/unit/rules-of-lexical.test.ts [2m([22m[2m3 tests[22m[2m)[22m[32m 5[2mms[22m[39m
2026-05-28T10:16:34.6161946Z  [32m✓[39m [30m[42m unit [49m[39m packages/lexical/src/__tests__/unit/LexicalSelectionResolveLeafPosition.test.ts [2m([22m[2m3 tests[22m[2m)[22m[32m 164[2mms[22m[39m
2026-05-28T10:16:35.4739731Z  [32m✓[39m [30m[42m unit [49m[39m packages/lexical-react/src/__tests__/unit/PlainRichTextPlugin.test.tsx [2m([22m[2m6 tests[22m[2m)[22m[32m 240[2mms[22m[39m
2026-05-28T10:16:35.9563326Z  [32m✓[39m [30m[42m unit [49m[39m packages/lexical-rich-text/src/__tests__/unit/RichTextInlineDecoratorMoveToEnd.test.ts [2m([22m[2m9 tests[22m[2m)[22m[32m 55[2mms[22m[39m
2026-05-28T10:16:36.5176045Z  [32m✓[39m [30m[42m unit [49m[39m packages/lexical-playground/__tests__/unit/docSerialization.test.ts [2m([22m[2m3 tests[22m[2m)[22m[32m 251[2mms[22m[39m
2026-05-28T10:16:36.7665509Z  [32m✓[39m [30m[42m unit [49m[39m packages/lexical-html/src/__tests__/unit/Issue8391WhitespaceAroundUnknownInline.test.ts [2m([22m[2m3 tests[22m[2m)[22m[32m 66[2mms[22m[39m
2026-05-28T10:16:37.6685081Z  [32m✓[39m [30m[42m unit [49m[39m packages/lexical/src/nodes/__tests__/unit/LexicalParagraphNode.test.ts [2m([22m[2m8 tests[22m[2m)[22m[32m 221[2mms[22m[39m
2026-05-28T10:16:38.2976471Z  [32m✓[39m [30m[42m unit [49m[39m packages/lexical/src/__tests__/unit/LexicalNormalization.test.tsx [2m([22m[2m10 tests[22m[2m)[22m[32m 229[2mms[22m[39m
2026-05-28T10:16:39.4724181Z  [32m✓[39m [30m[42m unit [49m[39m packages/lexical/src/__tests__/unit/FastPathCrossParent.test.ts [2m([22m[2m1 test[22m[2m)[22m[33m 1236[2mms[22m[39m
2026-05-28T10:16:39.4726549Z      [33m[2m✓[22m[39m fast path matches the general walk across cross-parent moves [33m 1235[2mms[22m[39m
2026-05-28T10:16:39.8456719Z  [32m✓[39m [30m[42m unit [49m[39m packages/lexical-utils/src/__tests__/unit/iterators.test.tsx [2m([22m[2m7 tests[22m[2m)[22m[32m 29[2mms[22m[39m
2026-05-28T10:16:40.1362736Z  [32m✓[39m [30m[42m unit [49m[39m packages/lexical-headless/src/__tests__/unit/LexicalHeadlessEditor.test.ts [2m([22m[2m8 tests[22m[2m)[22m[32m 157[2mms[22m[39m
2026-05-28T10:16:40.6946621Z  [32m✓[39m [30m[42m unit [49m[39m packages/lexical/src/__tests__/unit/LexicalEditorListener.test.ts [2m([22m[2m6 tests[22m[2m)[22m[32m 47[2mms[22m[39m
2026-05-28T10:16:41.1124824Z  [32m✓[39m [30m[42m unit [49m[39m packages/lexical-extension/src/__tests__/unit/NestedEditorExtension.test.ts [2m([22m[2m8 tests[22m[2m)[22m[32m 30[2mms[22m[39m
2026-05-28T10:16:41.7929003Z  [32m✓[39m [30m[42m unit [49m[39m packages/lexical-clipboard/src/__tests__/unit/GetClipboardDataExtension.test.ts [2m([22m[2m10 tests[22m[2m)[22m[32m 51[2mms[22m[39m
2026-05-28T10:16:42.3275890Z  [32m✓[39m [30m[42m unit [49m[39m packages/lexical-utils/src/__tests__/unit/LexicalUtilsInsertNodeToNearestRoot.test.tsx [2m([22m[2m8 tests[22m[2m)[22m[32m 79[2mms[22m[39m
2026-05-28T10:16:42.6789697Z  [31m❯[39m [30m[42m unit [49m[39m packages/lexical-rich-text/src/__tests__/unit/RichTextInlineDecoratorMoveToStart.test.ts [2m([22m[2m8 tests[22m[2m | [22m[31m3 failed[39m[2m)[22m[32m 43[2mms[22m[39m
2026-05-28T10:16:42.6792826Z [31m     [31m×[31m Cmd+ArrowLeft from text caret moves caret before the inline decorator[39m[32m 24[2mms[22m[39m
2026-05-28T10:16:42.6795042Z [31m     [31m×[31m Shift+Cmd+ArrowLeft selects from text caret back to element start[39m[32m 5[2mms[22m[39m
2026-05-28T10:16:42.6796698Z [31m     [31m×[31m Same fix applies inside HeadingNode[39m[32m 3[2mms[22m[39m
2026-05-28T10:16:42.6798068Z      [32m✓[39m no-op: 'first child is text, not a decorator'[32m 2[2mms[22m[39m
2026-05-28T10:16:42.6799399Z      [32m✓[39m no-op: 'first child is a block (non-inline) d…'[32m 2[2mms[22m[39m
2026-05-28T10:16:42.6800622Z      [32m✓[39m no-op: 'caret already at element offset 0'[32m 1[2mms[22m[39m
2026-05-28T10:16:42.6801804Z      [32m✓[39m no-op: 'decorator-only element (no selectable…'[32m 2[2mms[22m[39m
2026-05-28T10:16:42.6803392Z      [32m✓[39m Cmd+ArrowLeft on decorator-only element does not throw[32m 2[2mms[22m[39m
2026-05-28T10:16:43.5464654Z  [32m✓[39m [30m[42m unit [49m[39m packages/lexical-react/src/__tests__/unit/CollaborationWithCollisions.test.ts [2m([22m[2m6 tests[22m[2m)[22m[33m 375[2mms[22m[39m
2026-05-28T10:16:43.6532616Z  [32m✓[39m [30m[42m unit [49m[39m packages/lexical-link/src/__tests__/unit/LinkImportExtension.test.ts [2m([22m[2m6 tests[22m[2m)[22m[32m 120[2mms[22m[39m
2026-05-28T10:16:44.1805510Z  [32m✓[39m [30m[42m unit [49m[39m packages/lexical-react/src/__tests__/unit/LexicalNodeMenuPlugin.test.tsx [2m([22m[2m7 tests[22m[2m)[22m[32m 196[2mms[22m[39m
2026-05-28T10:16:44.8141340Z  [32m✓[39m [30m[42m unit [49m[39m packages/lexical-extension/src/__tests__/unit/LexicalBuilder.test.ts [2m([22m[2m8 tests[22m[2m)[22m[32m 24[2mms[22m[39m
2026-05-28T10:16:45.5752784Z  [32m✓[39m [30m[42m unit [49m[39m packages/lexical-playground/__tests__/unit/LayoutContainerNode.test.ts [2m([22m[2m5 tests[22m[2m)[22m[33m 417[2mms[22m[39m
2026-05-28T10:16:45.5755822Z        [33m[2m✓[22m[39m exports with inline grid-template-columns style [33m 364[2mms[22m[39m
2026-05-28T10:16:45.5911777Z  [32m✓[39m [30m[42m unit [49m[39m packages/lexical-playground/__tests__/unit/ToolbarPluginFormatCode.test.ts [2m([22m[2m9 tests[22m[2m)[22m[32m 44[2mms[22m[39m
2026-05-28T10:16:46.8461883Z  [32m✓[39m [30m[42m unit [49m[39m packages/lexical-list/src/__tests__/unit/registerListStrictIndentTransform.test.ts [2m([22m[2m1 test[22m[2m)[22m[33m 487[2mms[22m[39m
2026-05-28T10:16:46.8468453Z      [33m[2m✓[22m[39m applyStrictListIndentation [33m 485[2mms[22m[39m
2026-05-28T10:16:47.2648804Z  [32m✓[39m [30m[42m unit [49m[39m packages/lexical-react/src/__tests__/unit/useLexicalCharacterLimit.test.ts [2m([22m[2m2 tests[22m[2m)[22m[32m 183[2mms[22m[39m
2026-05-28T10:16:47.3475275Z  [32m✓[39m [30m[42m unit [49m[39m packages/lexical-list/src/__tests__/unit/checkList.test.tsx [2m([22m[2m4 tests[22m[2m)[22m[32m 233[2mms[22m[39m
2026-05-28T10:16:48.0475024Z  [32m✓[39m [30m[42m unit [49m[39m packages/lexical-html/src/__tests__/unit/compileDOMRenderConfigOverrides.test.ts [2m([22m[2m3 tests[22m[2m)[22m[32m 18[2mms[22m[39m
2026-05-28T10:16:48.6852100Z  [32m✓[39m [30m[42m unit [49m[39m packages/lexical-code-core/src/__tests__/unit/CodeExtension.test.ts [2m([22m[2m4 tests[22m[2m)[22m[32m 28[2mms[22m[39m
2026-05-28T10:16:49.0251503Z  [32m✓[39m [30m[42m unit [49m[39m packages/lexical-table/src/__tests__/unit/LexicalTableSelection.test.tsx [2m([22m[2m3 tests[22m[2m)[22m[32m 206[2mms[22m[39m
2026-05-28T10:16:49.6507337Z  [32m✓[39m [30m[42m unit [49m[39m packages/lexical-utils/src/__tests__/unit/LexicalUtilsSplitNode.test.tsx [2m([22m[2m7 tests[22m[2m)[22m[32m 72[2mms[22m[39m
2026-05-28T10:16:50.3459698Z  [32m✓[39m [30m[42m unit [49m[39m packages/lexical-extension/src/__tests__/unit/ClickAfterLastBlock.test.ts [2m([22m[2m5 tests[22m[2m)[22m[32m 207[2mms[22m[39m
2026-05-28T10:16:50.6273369Z  [32m✓[39m [30m[42m unit [49m[39m packages/lexical-react/src/__tests__/unit/ReactPluginHostExtension.test.tsx [2m([22m[2m2 tests[22m[2m)[22m[32m 173[2mms[22m[39m
2026-05-28T10:16:51.0985470Z  [32m✓[39m [30m[42m unit [49m[39m packages/lexical-react/src/__tests__/unit/LexicalExtensionComposer.test.tsx [2m([22m[2m3 tests[22m[2m)[22m[32m 190[2mms[22m[39m
2026-05-28T10:16:51.9427884Z  [32m✓[39m [30m[42m unit [49m[39m packages/lexical-selection/src/__tests__/unit/$sliceSelectedTextNodeContent.test.ts [2m([22m[2m4 tests[22m[2m)[22m[32m 41[2mms[22m[39m
2026-05-28T10:16:52.1409653Z  [32m✓[39m [30m[42m unit [49m[39m packages/lexical/src/__tests__/unit/LexicalGenMap.test.ts [2m([22m[2m12 tests[22m[2m)[22m[32m 10[2mms[22m[39m
2026-05-28T10:16:52.3613090Z  [32m✓[39m [30m[42m unit [49m[39m packages/lexical/src/__tests__/unit/LexicalEditorState.test.ts [2m([22m[2m4 tests[22m[2m)[22m[32m 183[2mms[22m[39m
2026-05-28T10:16:53.3727461Z  [32m✓[39m [30m[42m unit [49m[39m packages/lexical/src/__tests__/unit/Issue7729Repro.test.ts [2m([22m[2m4 tests[22m[2m)[22m[32m 55[2mms[22m[39m
2026-05-28T10:16:53.8484590Z  [32m✓[39m [30m[42m unit [49m[39m packages/lexical/src/nodes/__tests__/unit/LexicalGC.test.tsx [2m([22m[2m42 tests[22m[2m)[22m[33m 398[2mms[22m[39m
2026-05-28T10:16:53.9748374Z  [32m✓[39m [30m[42m unit [49m[39m packages/lexical-list/src/__tests__/unit/ListExtension.test.ts [2m([22m[2m3 tests[22m[2m)[22m[32m 27[2mms[22m[39m
2026-05-28T10:16:54.9380996Z  [32m✓[39m [30m[42m unit [49m[39m packages/lexical-rich-text/src/__tests__/unit/LexicalTabNode.test.ts [2m([22m[2m2 tests[22m[2m)[22m[32m 157[2mms[22m[39m
2026-05-28T10:16:55.0769046Z  [32m✓[39m [30m[42m unit [49m[39m packages/lexical-react/src/__tests__/unit/LexicalComposer.test.tsx [2m([22m[2m3 tests[22m[2m)[22m[32m 35[2mms[22m[39m
2026-05-28T10:16:55.7318757Z  [32m✓[39m [30m[42m unit [49m[39m packages/lexical-rich-text/src/__tests__/unit/LexicalQuoteNode.test.ts [2m([22m[2m5 tests[22m[2m)[22m[32m 203[2mms[22m[39m
2026-05-28T10:16:56.2968909Z [90mstderr[2m | packages/lexical-table/src/__tests__/unit/TableImportExtension.test.ts[2m > [22m[2mTableImportExtension[2m > [22m[2mbasic 2x2 table imports with correct structure
2026-05-28T10:16:56.2971357Z [22m[39mTableNode: hasHorizontalScroll is active but theme.tableScrollableWrapper is not defined.
2026-05-28T10:16:56.2975132Z 
2026-05-28T10:16:56.3165416Z [90mstderr[2m | packages/lexical-table/src/__tests__/unit/TableImportExtension.test.ts[2m > [22m[2mTableImportExtension[2m > [22m[2m<th scope="col"> → header cell
2026-05-28T10:16:56.3167361Z [22m[39mTableNode: hasHorizontalScroll is active but theme.tableScrollableWrapper is not defined.
2026-05-28T10:16:56.3173581Z 
2026-05-28T10:16:56.3335371Z [90mstderr[2m | packages/lexical-table/src/__tests__/unit/TableImportExtension.test.ts[2m > [22m[2mTableImportExtension[2m > [22m[2mtable picks up <thead>/<tbody> rows via $descendantsMatching
2026-05-28T10:16:56.3337877Z [22m[39mTableNode: hasHorizontalScroll is active but theme.tableScrollableWrapper is not defined.
2026-05-28T10:16:56.3340112Z 
2026-05-28T10:16:56.3467427Z [90mstderr[2m | packages/lexical-table/src/__tests__/unit/TableImportExtension.test.ts[2m > [22m[2mTableImportExtension[2m > [22m[2mrow picks up cells via $descendantsMatching
2026-05-28T10:16:56.3470399Z [22m[39mTableNode: hasHorizontalScroll is active but theme.tableScrollableWrapper is not defined.
2026-05-28T10:16:56.3474088Z 
2026-05-28T10:16:56.3483315Z  [32m✓[39m [30m[42m unit [49m[39m packages/lexical-table/src/__tests__/unit/TableImportExtension.test.ts [2m([22m[2m4 tests[22m[2m)[22m[32m 112[2mms[22m[39m
2026-05-28T10:16:56.5501832Z  [32m✓[39m [30m[42m unit [49m[39m packages/lexical-react/src/__tests__/unit/LexicalCollaborationPlugin.test.tsx [2m([22m[2m1 test[22m[2m)[22m[32m 190[2mms[22m[39m
2026-05-28T10:16:57.3972219Z  [32m✓[39m [30m[42m unit [49m[39m packages/lexical-utils/src/__tests__/unit/markSelection.test.tsx [2m([22m[2m4 tests[22m[2m)[22m[32m 200[2mms[22m[39m
2026-05-28T10:16:57.8889768Z  [32m✓[39m [30m[42m unit [49m[39m packages/lexical/src/__tests__/unit/Issue8563Repro.test.ts [2m([22m[2m1 test[22m[2m)[22m[32m 45[2mms[22m[39m
2026-05-28T10:16:58.0639669Z  [32m✓[39m [30m[42m unit [49m[39m packages/lexical/src/__tests__/unit/LexicalUpdateTags.test.ts [2m([22m[2m6 tests[22m[2m)[22m[32m 181[2mms[22m[39m
2026-05-28T10:16:58.8941352Z  [32m✓[39m [30m[42m unit [49m[39m packages/lexical-extension/src/__tests__/unit/NormalizeInlineElements.test.ts [2m([22m[2m2 tests[22m[2m)[22m[32m 20[2mms[22m[39m
2026-05-28T10:16:59.3904656Z  [32m✓[39m [30m[42m unit [49m[39m packages/lexical-utils/src/__tests__/unit/unwrapAndFilterDescendants.test.tsx [2m([22m[2m4 tests[22m[2m)[22m[32m 21[2mms[22m[39m
2026-05-28T10:16:59.9806564Z  [32m✓[39m [30m[42m unit [49m[39m packages/lexical-playground/__tests__/unit/ImageHTML.test.ts [2m([22m[2m2 tests[22m[2m)[22m[32m 251[2mms[22m[39m
2026-05-28T10:17:00.1023885Z  [32m✓[39m [30m[42m unit [49m[39m packages/lexical/src/__tests__/unit/setDOMStyle.test.ts [2m([22m[2m6 tests[22m[2m)[22m[32m 24[2mms[22m[39m
2026-05-28T10:17:00.7932683Z  [32m✓[39m [30m[42m unit [49m[39m packages/lexical-rich-text/src/__tests__/unit/RichTextImportExtension.test.ts [2m([22m[2m8 tests[22m[2m)[22m[32m 123[2mms[22m[39m
2026-05-28T10:17:01.3291930Z  [32m✓[39m [30m[42m unit [49m[39m packages/lexical-table/src/__tests__/unit/LexicalTablePlugin.test.tsx [2m([22m[2m2 tests[22m[2m)[22m[32m 20[2mms[22m[39m
2026-05-28T10:17:01.8708797Z  [32m✓[39m [30m[42m unit [49m[39m packages/lexical-code-core/src/__tests__/unit/CodeNode.test.ts [2m([22m[2m2 tests[22m[2m)[22m[32m 190[2mms[22m[39m
2026-05-28T10:17:01.9150911Z  [32m✓[39m [30m[42m unit [49m[39m packages/lexical/src/__tests__/unit/LexicalExtensionCore.test.ts [2m([22m[2m7 tests[22m[2m)[22m[32m 7[2mms[22m[39m
2026-05-28T10:17:02.8832754Z  [32m✓[39m [30m[42m unit [49m[39m packages/lexical-utils/src/__tests__/unit/descendantsMatching.test.tsx [2m([22m[2m3 tests[22m[2m)[22m[32m 18[2mms[22m[39m
2026-05-28T10:17:03.1525207Z  [32m✓[39m [30m[42m unit [49m[39m packages/lexical-html/src/__tests__/unit/HorizontalRuleImportExtension.test.ts [2m([22m[2m2 tests[22m[2m)[22m[32m 64[2mms[22m[39m
2026-05-28T10:17:03.2618021Z  [32m✓[39m [30m[42m unit [49m[39m packages/lexical-react/src/__tests__/unit/useLexicalIsTextContentEmpty.test.tsx [2m([22m[2m1 test[22m[2m)[22m[32m 160[2mms[22m[39m
2026-05-28T10:17:04.5330373Z  [32m✓[39m [30m[42m unit [49m[39m packages/lexical/src/nodes/__tests__/unit/LexicalLineBreakNode.test.ts [2m([22m[2m5 tests[22m[2m)[22m[32m 177[2mms[22m[39m
2026-05-28T10:17:04.5915347Z  [32m✓[39m [30m[42m unit [49m[39m packages/lexical-code-prism/src/__tests__/unit/CodePrismNullDefaultLanguage.test.ts [2m([22m[2m2 tests[22m[2m)[22m[32m 23[2mms[22m[39m
2026-05-28T10:17:04.7114669Z  [32m✓[39m [30m[42m unit [49m[39m packages/lexical-rich-text/src/__tests__/unit/RichTextNodeSelectionEnter.test.ts [2m([22m[2m2 tests[22m[2m)[22m[32m 20[2mms[22m[39m
2026-05-28T10:17:05.7356718Z  [32m✓[39m [30m[42m unit [49m[39m packages/lexical/src/__tests__/unit/LexicalElementHelpers.test.ts [2m([22m[2m5 tests[22m[2m)[22m[32m 8[2mms[22m[39m
2026-05-28T10:17:05.8967686Z  [32m✓[39m [30m[42m unit [49m[39m packages/lexical-code-shiki/src/__tests__/unit/CodeShikiNullDefaultLanguage.test.ts [2m([22m[2m2 tests[22m[2m)[22m[32m 25[2mms[22m[39m
2026-05-28T10:17:06.2734682Z  [32m✓[39m [30m[42m unit [49m[39m packages/lexical-react/src/__tests__/unit/useMenuAnchorRef.test.tsx [2m([22m[2m1 test[22m[2m)[22m[32m 25[2mms[22m[39m
2026-05-28T10:17:06.9363766Z  [32m✓[39m [30m[42m unit [49m[39m packages/lexical-eslint-plugin/src/__tests__/unit/buildMatcher.test.ts [2m([22m[2m4 tests[22m[2m)[22m[32m 6[2mms[22m[39m
2026-05-28T10:17:07.4113619Z  [32m✓[39m [30m[42m unit [49m[39m packages/lexical-utils/src/__tests__/unit/LexicalRootHelpers.test.ts [2m([22m[2m2 tests[22m[2m)[22m[32m 175[2mms[22m[39m
2026-05-28T10:17:07.4653560Z  [32m✓[39m [30m[42m unit [49m[39m packages/lexical-react/src/__tests__/unit/React19.test.tsx [2m([22m[2m1 test[22m[2m)[22m[32m 23[2mms[22m[39m
2026-05-28T10:17:08.4287864Z  [32m✓[39m [30m[42m unit [49m[39m packages/lexical/src/__tests__/unit/LexicalReconcilerStaleDecorator.test.ts [2m([22m[2m1 test[22m[2m)[22m[32m 13[2mms[22m[39m
2026-05-28T10:17:09.0044230Z  [32m✓[39m [30m[42m unit [49m[39m packages/lexical-tailwind/src/__tests__/unit/LexicalTailwind.test.ts [2m([22m[2m1 test[22m[2m)[22m[32m 129[2mms[22m[39m
2026-05-28T10:17:09.0936988Z  [32m✓[39m [30m[42m unit [49m[39m packages/lexical-table/src/__tests__/unit/LexicalTableRowNode.test.ts [2m([22m[2m2 tests[22m[2m)[22m[32m 159[2mms[22m[39m
2026-05-28T10:17:10.0932267Z  [32m✓[39m [30m[42m unit [49m[39m packages/lexical-hashtag/src/__tests__/unit/LexicalHashtagNode.test.ts [2m([22m[2m1 test[22m[2m)[22m[32m 167[2mms[22m[39m
2026-05-28T10:17:10.3865543Z  [32m✓[39m [30m[42m unit [49m[39m packages/lexical-react/src/__tests__/unit/ReactExtension.test.tsx [2m([22m[2m2 tests[22m[2m)[22m[32m 15[2mms[22m[39m
2026-05-28T10:17:10.6054873Z  [32m✓[39m [30m[42m unit [49m[39m packages/lexical-utils/src/__tests__/unit/LexicalUtilsKlassEqual.test.ts [2m([22m[2m1 test[22m[2m)[22m[32m 152[2mms[22m[39m
2026-05-28T10:17:11.0980701Z  [32m✓[39m [30m[42m unit [49m[39m packages/lexical/src/__tests__/unit/mergeRegister.test.ts [2m([22m[2m2 tests[22m[2m)[22m[32m 4[2mms[22m[39m
2026-05-28T10:17:11.2658198Z  [32m✓[39m [30m[42m unit [49m[39m packages/lexical-extension/src/__tests__/unit/deepThemeMergeInPlace.test.ts [2m([22m[2m1 test[22m[2m)[22m[32m 3[2mms[22m[39m
2026-05-28T10:17:11.2729131Z 
2026-05-28T10:17:11.2729957Z [31m⎯⎯⎯⎯⎯⎯⎯[39m[1m[41m Failed Tests 4 [49m[22m[31m⎯⎯⎯⎯⎯⎯⎯[39m
2026-05-28T10:17:11.2730283Z 
2026-05-28T10:17:11.2733318Z [41m[1m FAIL [22m[49m [30m[42m unit [49m[39m packages/lexical/src/__tests__/unit/LexicalUtils.test.ts[2m > [22mLexicalUtils tests[2m > [22misMoveToEnd() / isMoveToStart() accept Shift modifier
2026-05-28T10:17:11.2738103Z [31m[1mAssertionError[22m: expected false to be true // Object.is equality[39m
2026-05-28T10:17:11.2738663Z 
2026-05-28T10:17:11.2738916Z [32m- Expected[39m
2026-05-28T10:17:11.2739264Z [31m+ Received[39m
2026-05-28T10:17:11.2739400Z 
2026-05-28T10:17:11.2739519Z [32m- true[39m
2026-05-28T10:17:11.2739773Z [31m+ false[39m
2026-05-28T10:17:11.2739907Z 
2026-05-28T10:17:11.2740382Z [36m [2m❯[22m packages/lexical/src/__tests__/unit/LexicalUtils.test.ts:[2m349:43[22m[39m
2026-05-28T10:17:11.2829177Z     [90m347|[39m
2026-05-28T10:17:11.2830342Z     [90m348|[39m       [34mexpect[39m([34misMoveToEnd[39m(rightWithoutShift))[33m.[39m[34mtoBe[39m([35mtrue[39m)[33m;[39m
2026-05-28T10:17:11.2831990Z     [90m349|[39m       [34mexpect[39m([34misMoveToEnd[39m(rightWithShift))[33m.[39m[34mtoBe[39m([35mtrue[39m)[33m;[39m
2026-05-28T10:17:11.2833306Z     [90m   |[39m                                           [31m^[39m
2026-05-28T10:17:11.2834582Z     [90m350|[39m       [34mexpect[39m([34misMoveToStart[39m(leftWithoutShift))[33m.[39m[34mtoBe[39m([35mtrue[39m)[33m;[39m
2026-05-28T10:17:11.2836584Z     [90m351|[39m       [34mexpect[39m([34misMoveToStart[39m(leftWithShift))[33m.[39m[34mtoBe[39m([35mtrue[39m)[33m;[39m
2026-05-28T10:17:11.2837365Z 
2026-05-28T10:17:11.2837804Z [31m[2m⎯⎯⎯⎯⎯⎯⎯⎯⎯⎯⎯⎯⎯⎯⎯⎯⎯⎯⎯⎯⎯⎯⎯⎯[1/4]⎯[22m[39m
2026-05-28T10:17:11.2838167Z 
2026-05-28T10:17:11.2840538Z [41m[1m FAIL [22m[49m [30m[42m unit [49m[39m packages/lexical-rich-text/src/__tests__/unit/RichTextInlineDecoratorMoveToStart.test.ts[2m > [22mMOVE_TO_START on a leading inline DecoratorNode (Issue #8555)[2m > [22mCmd+ArrowLeft from text caret moves caret before the inline decorator
2026-05-28T10:17:11.2842999Z [31m[1mAssertionError[22m: expected 'text' to be 'element' // Object.is equality[39m
2026-05-28T10:17:11.2843591Z 
2026-05-28T10:17:11.2843909Z Expected: [32m"[7melemen[27mt"[39m
2026-05-28T10:17:11.2844486Z Received: [31m"[7mtex[27mt"[39m
2026-05-28T10:17:11.2844775Z 
2026-05-28T10:17:11.2845889Z [36m [2m❯[22m packages/lexical-rich-text/src/__tests__/unit/RichTextInlineDecoratorMoveToStart.test.ts:[2m67:37[22m[39m
2026-05-28T10:17:11.2864886Z     [90m 65|[39m       [34massert[39m([34m$isRangeSelection[39m(selection))[33m;[39m
2026-05-28T10:17:11.2866517Z     [90m 66|[39m       [34mexpect[39m(selection[33m.[39m[34misCollapsed[39m())[33m.[39m[34mtoBe[39m([35mtrue[39m)[33m;[39m
2026-05-28T10:17:11.2868347Z     [90m 67|[39m       [34mexpect[39m(selection[33m.[39manchor[33m.[39mtype)[33m.[39m[34mtoBe[39m([32m'element'[39m)[33m;[39m
2026-05-28T10:17:11.2869716Z     [90m   |[39m                                     [31m^[39m
2026-05-28T10:17:11.2871147Z     [90m 68|[39m       [34mexpect[39m(selection[33m.[39manchor[33m.[39moffset)[33m.[39m[34mtoBe[39m([34m0[39m)[33m;[39m
2026-05-28T10:17:11.2872507Z     [90m 69|[39m     })[33m;[39m
2026-05-28T10:17:11.2873818Z [90m [2m❯[22m readEditorState packages/lexical/src/LexicalUpdates.ts:[2m480:12[22m[39m
2026-05-28T10:17:11.2875461Z [90m [2m❯[22m EditorState.read packages/lexical/src/LexicalEditorState.ts:[2m124:12[22m[39m
2026-05-28T10:17:11.2877061Z [90m [2m❯[22m LexicalEditor.read packages/lexical/src/LexicalEditor.ts:[2m1613:34[22m[39m
2026-05-28T10:17:11.2877728Z 
2026-05-28T10:17:11.2878975Z [90m [2m❯[22m packages/lexical-rich-text/src/__tests__/unit/RichTextInlineDecoratorMoveToStart.test.ts:[2m63:12[22m[39m
2026-05-28T10:17:11.2880366Z 
2026-05-28T10:17:11.2880983Z [31m[2m⎯⎯⎯⎯⎯⎯⎯⎯⎯⎯⎯⎯⎯⎯⎯⎯⎯⎯⎯⎯⎯⎯⎯⎯[2/4]⎯[22m[39m
2026-05-28T10:17:11.2881529Z 
2026-05-28T10:17:11.2884358Z [41m[1m FAIL [22m[49m [30m[42m unit [49m[39m packages/lexical-rich-text/src/__tests__/unit/RichTextInlineDecoratorMoveToStart.test.ts[2m > [22mMOVE_TO_START on a leading inline DecoratorNode (Issue #8555)[2m > [22mShift+Cmd+ArrowLeft selects from text caret back to element start
2026-05-28T10:17:11.2887440Z [31m[1mAssertionError[22m: expected true to be false // Object.is equality[39m
2026-05-28T10:17:11.2888825Z [2m Test Files [22m [1m[31m2 failed[39m[22m[2m | [22m[1m[32m143 passed[39m[22m[90m (145)[39m
2026-05-28T10:17:11.2889618Z 
2026-05-28T10:17:11.2890026Z [32m- Expected[39m
2026-05-28T10:17:11.2890638Z [31m+ Received[39m
2026-05-28T10:17:11.2891039Z 
2026-05-28T10:17:11.2891413Z [32m- false[39m
2026-05-28T10:17:11.2891966Z [31m+ true[39m
2026-05-28T10:17:11.2892531Z 
2026-05-28T10:17:11.2893827Z [36m [2m❯[22m packages/lexical-rich-text/src/__tests__/unit/RichTextInlineDecoratorMoveToStart.test.ts:[2m91:39[22m[39m
2026-05-28T10:17:11.2895534Z     [90m 89|[39m       [35mconst[39m selection [33m=[39m [34m$getSelection[39m()[33m;[39m
2026-05-28T10:17:11.2896834Z     [90m 90|[39m       [34massert[39m([34m$isRangeSelection[39m(selection))[33m;[39m
2026-05-28T10:17:11.2898437Z     [90m 91|[39m       [34mexpect[39m(selection[33m.[39m[34misCollapsed[39m())[33m.[39m[34mtoBe[39m([35mfalse[39m)[33m;[39m
2026-05-28T10:17:11.2899777Z     [90m   |[39m                                       [31m^[39m
2026-05-28T10:17:11.2901419Z     [90m 92|[39m       [34mexpect[39m(selection[33m.[39manchor[33m.[39mtype)[33m.[39m[34mtoBe[39m([32m'text'[39m)[33m;[39m
2026-05-28T10:17:11.2903442Z     [90m 93|[39m       [34mexpect[39m(selection[33m.[39manchor[33m.[39moffset)[33m.[39m[34mtoBe[39m([34m5[39m)[33m;[39m
2026-05-28T10:17:11.2905112Z [90m [2m❯[22m readEditorState packages/lexical/src/LexicalUpdates.ts:[2m480:12[22m[39m
2026-05-28T10:17:11.2906627Z [90m [2m❯[22m EditorState.read packages/lexical/src/LexicalEditorState.ts:[2m124:12[22m[39m
2026-05-28T10:17:11.2907951Z [90m [2m❯[22m LexicalEditor.read packages/lexical/src/LexicalEditor.ts:[2m1613:34[22m[39m
2026-05-28T10:17:11.2909122Z [90m [2m❯[22m packages/lexical-rich-text/src/__tests__/unit/RichTextInlineDecoratorMoveToStart.test.ts:[2m88:12[22m[39m
2026-05-28T10:17:11.2909591Z 
2026-05-28T10:17:11.2910010Z [31m[2m⎯⎯⎯⎯⎯⎯⎯⎯⎯⎯⎯⎯⎯⎯⎯⎯⎯⎯⎯⎯⎯⎯⎯⎯[3/4]⎯[22m[39m
2026-05-28T10:17:11.2910329Z 
2026-05-28T10:17:11.2912728Z [41m[1m FAIL [22m[49m [30m[42m unit [49m[39m packages/lexical-rich-text/src/__tests__/unit/RichTextInlineDecoratorMoveToStart.test.ts[2m > [22mMOVE_TO_START on a leading inline DecoratorNode (Issue #8555)[2m > [22mSame fix applies inside HeadingNode
2026-05-28T10:17:11.2914864Z [31m[1mAssertionError[22m: expected 'text' to be 'element' // Object.is equality[39m
2026-05-28T10:17:11.2915441Z 
2026-05-28T10:17:11.2915763Z Expected: [32m"[7melemen[27mt"[39m
2026-05-28T10:17:11.2916337Z Received: [31m"[7mtex[27mt"[39m
2026-05-28T10:17:11.2916528Z 
2026-05-28T10:17:11.2917131Z [36m [2m❯[22m packages/lexical-rich-text/src/__tests__/unit/RichTextInlineDecoratorMoveToStart.test.ts:[2m119:37[22m[39m
2026-05-28T10:17:11.2918230Z     [90m117|[39m       [34massert[39m([34m$isRangeSelection[39m(selection))[33m;[39m
2026-05-28T10:17:11.2919600Z     [90m118|[39m       [34mexpect[39m(selection[33m.[39m[34misCollapsed[39m())[33m.[39m[34mtoBe[39m([35mtrue[39m)[33m;[39m
2026-05-28T10:17:11.2921207Z     [90m119|[39m       [34mexpect[39m(selection[33m.[39manchor[33m.[39mtype)[33m.[39m[34mtoBe[39m([32m'element'[39m)[33m;[39m
2026-05-28T10:17:11.2922194Z     [90m   |[39m                                     [31m^[39m
2026-05-28T10:17:11.2923070Z     [90m120|[39m       [34mexpect[39m(selection[33m.[39manchor[33m.[39moffset)[33m.[39m[34mtoBe[39m([34m0[39m)[33m;[39m
2026-05-28T10:17:11.2923941Z     [90m121|[39m     })[33m;[39m
2026-05-28T10:17:11.2924565Z [90m [2m❯[22m readEditorState packages/lexical/src/LexicalUpdates.ts:[2m480:12[22m[39m
2026-05-28T10:17:11.2925348Z [90m [2m❯[22m EditorState.read packages/lexical/src/LexicalEditorState.ts:[2m124:12[22m[39m
2026-05-28T10:17:11.2926119Z [90m [2m❯[22m LexicalEditor.read packages/lexical/src/LexicalEditor.ts:[2m1613:34[22m[39m
2026-05-28T10:17:11.2927048Z [90m [2m❯[22m packages/lexical-rich-text/src/__tests__/unit/RichTextInlineDecoratorMoveToStart.test.ts:[2m115:12[22m[39m
2026-05-28T10:17:11.2927521Z 
2026-05-28T10:17:11.2927774Z [31m[2m⎯⎯⎯⎯⎯⎯⎯⎯⎯⎯⎯⎯⎯⎯⎯⎯⎯⎯⎯⎯⎯⎯⎯⎯[4/4]⎯[22m[39m
2026-05-28T10:17:11.2927986Z 
2026-05-28T10:17:11.2928579Z [2m      Tests [22m [1m[31m4 failed[39m[22m[2m | [22m[1m[32m3374 passed[39m[22m[2m | [22m[33m1 skipped[39m[90m (3379)[39m
2026-05-28T10:17:11.2929196Z [2m   Start at [22m 10:15:48
2026-05-28T10:17:11.2929896Z [2m   Duration [22m 82.57s[2m (transform 7.08s, setup 2.45s, import 54.98s, tests 40.41s, environment 121.85s)[22m
2026-05-28T10:17:11.2930294Z 
2026-05-28T10:17:11.2939978Z 
2026-05-28T10:17:11.2964250Z ##[error]AssertionError: expected false to be true // Object.is equality

- Expected
+ Received

- true
+ false

 ❯ packages/lexical/src/__tests__/unit/LexicalUtils.test.ts:349:43


2026-05-28T10:17:11.2972054Z 
2026-05-28T10:17:11.2977070Z ##[error]AssertionError: expected 'text' to be 'element' // Object.is equality

Expected: "element"
Received: "text"

 ❯ packages/lexical-rich-text/src/__tests__/unit/RichTextInlineDecoratorMoveToStart.test.ts:67:37
 ❯ readEditorState packages/lexical/src/LexicalUpdates.ts:480:12
 ❯ EditorState.read packages/lexical/src/LexicalEditorState.ts:124:12
 ❯ LexicalEditor.read packages/lexical/src/LexicalEditor.ts:1613:34
 ❯ packages/lexical-rich-text/src/__tests__/unit/RichTextInlineDecoratorMoveToStart.test.ts:63:12


2026-05-28T10:17:11.2979395Z 
2026-05-28T10:17:11.2985564Z ##[error]AssertionError: expected true to be false // Object.is equality

- Expected
+ Received

- false
+ true

 ❯ packages/lexical-rich-text/src/__tests__/unit/RichTextInlineDecoratorMoveToStart.test.ts:91:39
 ❯ readEditorState packages/lexical/src/LexicalUpdates.ts:480:12
 ❯ EditorState.read packages/lexical/src/LexicalEditorState.ts:124:12
 ❯ LexicalEditor.read packages/lexical/src/LexicalEditor.ts:1613:34
 ❯ packages/lexical-rich-text/src/__tests__/unit/RichTextInlineDecoratorMoveToStart.test.ts:88:12


2026-05-28T10:17:11.2989334Z 
2026-05-28T10:17:11.2996557Z ##[error]AssertionError: expected 'text' to be 'element' // Object.is equality

Expected: "element"
Received: "text"

 ❯ packages/lexical-rich-text/src/__tests__/unit/RichTextInlineDecoratorMoveToStart.test.ts:119:37
 ❯ readEditorState packages/lexical/src/LexicalUpdates.ts:480:12
 ❯ EditorState.read packages/lexical/src/LexicalEditorState.ts:124:12
 ❯ LexicalEditor.read packages/lexical/src/LexicalEditor.ts:1613:34
 ❯ packages/lexical-rich-text/src/__tests__/unit/RichTextInlineDecoratorMoveToStart.test.ts:115:12


2026-05-28T10:17:11.3875418Z  ELIFECYCLE  Command failed with exit code 1.
2026-05-28T10:17:11.4091699Z ##[error]Process completed with exit code 1.
2026-05-28T10:17:11.4172925Z Post job cleanup.
2026-05-28T10:17:11.4208702Z Post job cleanup.
2026-05-28T10:17:11.5702005Z Pruning is unnecessary.
2026-05-28T10:17:11.5786537Z Post job cleanup.
2026-05-28T10:17:11.6607256Z [command]/usr/bin/git version
2026-05-28T10:17:11.6644181Z git version 2.54.0
2026-05-28T10:17:11.6682748Z Temporarily overriding HOME='/home/runner/work/_temp/3f036092-e1c5-4dd9-b8ec-555e229a4b30' before making global git config changes
2026-05-28T10:17:11.6684220Z Adding repository directory to the temporary git global config as a safe directory
2026-05-28T10:17:11.6688727Z [command]/usr/bin/git config --global --add safe.directory /home/runner/work/lexical/lexical
2026-05-28T10:17:11.6721218Z Removing SSH command configuration
2026-05-28T10:17:11.6727556Z [command]/usr/bin/git config --local --name-only --get-regexp core\.sshCommand
2026-05-28T10:17:11.6763236Z [command]/usr/bin/git submodule foreach --recursive sh -c "git config --local --name-only --get-regexp 'core\.sshCommand' && git config --local --unset-all 'core.sshCommand' || :"
2026-05-28T10:17:11.7009820Z Removing HTTP extra header
2026-05-28T10:17:11.7015511Z [command]/usr/bin/git config --local --name-only --get-regexp http\.https\:\/\/github\.com\/\.extraheader
2026-05-28T10:17:11.7051686Z [command]/usr/bin/git submodule foreach --recursive sh -c "git config --local --name-only --get-regexp 'http\.https\:\/\/github\.com\/\.extraheader' && git config --local --unset-all 'http.https://github.com/.extraheader' || :"
2026-05-28T10:17:11.7297308Z Removing includeIf entries pointing to credentials config files
2026-05-28T10:17:11.7304324Z [command]/usr/bin/git config --local --name-only --get-regexp ^includeIf\.gitdir:
2026-05-28T10:17:11.7333920Z includeif.gitdir:/home/runner/work/lexical/lexical/.git.path
2026-05-28T10:17:11.7335023Z includeif.gitdir:/home/runner/work/lexical/lexical/.git/worktrees/*.path
2026-05-28T10:17:11.7336031Z includeif.gitdir:/github/workspace/.git.path
2026-05-28T10:17:11.7337107Z includeif.gitdir:/github/workspace/.git/worktrees/*.path
2026-05-28T10:17:11.7344430Z [command]/usr/bin/git config --local --get-all includeif.gitdir:/home/runner/work/lexical/lexical/.git.path
2026-05-28T10:17:11.7368584Z /home/runner/work/_temp/git-credentials-3072ad88-bb2a-4363-a158-43809c682bff.config
2026-05-28T10:17:11.7380592Z [command]/usr/bin/git config --local --unset includeif.gitdir:/home/runner/work/lexical/lexical/.git.path /home/runner/work/_temp/git-credentials-3072ad88-bb2a-4363-a158-43809c682bff.config
2026-05-28T10:17:11.7418661Z [command]/usr/bin/git config --local --get-all includeif.gitdir:/home/runner/work/lexical/lexical/.git/worktrees/*.path
2026-05-28T10:17:11.7442258Z /home/runner/work/_temp/git-credentials-3072ad88-bb2a-4363-a158-43809c682bff.config
2026-05-28T10:17:11.7452672Z [command]/usr/bin/git config --local --unset includeif.gitdir:/home/runner/work/lexical/lexical/.git/worktrees/*.path /home/runner/work/_temp/git-credentials-3072ad88-bb2a-4363-a158-43809c682bff.config
2026-05-28T10:17:11.7486865Z [command]/usr/bin/git config --local --get-all includeif.gitdir:/github/workspace/.git.path
2026-05-28T10:17:11.7509454Z /github/runner_temp/git-credentials-3072ad88-bb2a-4363-a158-43809c682bff.config
2026-05-28T10:17:11.7519433Z [command]/usr/bin/git config --local --unset includeif.gitdir:/github/workspace/.git.path /github/runner_temp/git-credentials-3072ad88-bb2a-4363-a158-43809c682bff.config
2026-05-28T10:17:11.7554308Z [command]/usr/bin/git config --local --get-all includeif.gitdir:/github/workspace/.git/worktrees/*.path
2026-05-28T10:17:11.7579164Z /github/runner_temp/git-credentials-3072ad88-bb2a-4363-a158-43809c682bff.config
2026-05-28T10:17:11.7588051Z [command]/usr/bin/git config --local --unset includeif.gitdir:/github/workspace/.git/worktrees/*.path /github/runner_temp/git-credentials-3072ad88-bb2a-4363-a158-43809c682bff.config
2026-05-28T10:17:11.7622674Z [command]/usr/bin/git submodule foreach --recursive git config --local --show-origin --name-only --get-regexp remote.origin.url
2026-05-28T10:17:11.7883283Z Removing credentials config '/home/runner/work/_temp/git-credentials-3072ad88-bb2a-4363-a158-43809c682bff.config'
2026-05-28T10:17:11.8033792Z Cleaning up orphan processes
