2026-03-31T06:35:39.1107418Z Current runner version: '2.333.0'
2026-03-31T06:35:39.1131443Z ##[group]Runner Image Provisioner
2026-03-31T06:35:39.1132221Z Hosted Compute Agent
2026-03-31T06:35:39.1133054Z Version: 20260213.493
2026-03-31T06:35:39.1133703Z Commit: 5c115507f6dd24b8de37d8bbe0bb4509d0cc0fa3
2026-03-31T06:35:39.1134381Z Build Date: 2026-02-13T00:28:41Z
2026-03-31T06:35:39.1135110Z Worker ID: {33315cd5-bad2-4d72-97f2-9ed2dfbe216c}
2026-03-31T06:35:39.1135829Z Azure Region: northcentralus
2026-03-31T06:35:39.1136424Z ##[endgroup]
2026-03-31T06:35:39.1138386Z ##[group]Operating System
2026-03-31T06:35:39.1138982Z Ubuntu
2026-03-31T06:35:39.1139454Z 24.04.4
2026-03-31T06:35:39.1139917Z LTS
2026-03-31T06:35:39.1140473Z ##[endgroup]
2026-03-31T06:35:39.1140951Z ##[group]Runner Image
2026-03-31T06:35:39.1141572Z Image: ubuntu-24.04
2026-03-31T06:35:39.1142068Z Version: 20260323.65.1
2026-03-31T06:35:39.1143816Z Included Software: https://github.com/actions/runner-images/blob/ubuntu24/20260323.65/images/ubuntu/Ubuntu2404-Readme.md
2026-03-31T06:35:39.1145388Z Image Release: https://github.com/actions/runner-images/releases/tag/ubuntu24%2F20260323.65
2026-03-31T06:35:39.1146319Z ##[endgroup]
2026-03-31T06:35:39.1147317Z ##[group]GITHUB_TOKEN Permissions
2026-03-31T06:35:39.1149420Z Contents: read
2026-03-31T06:35:39.1149960Z Metadata: read
2026-03-31T06:35:39.1150564Z ##[endgroup]
2026-03-31T06:35:39.1152629Z Secret source: Actions
2026-03-31T06:35:39.1153565Z Prepare workflow directory
2026-03-31T06:35:39.1494258Z Prepare all required actions
2026-03-31T06:35:39.1531646Z Getting action download info
2026-03-31T06:35:39.5000087Z Download action repository 'actions/checkout@de0fac2e4500dabe0009e67214ff5f5447ce83dd' (SHA:de0fac2e4500dabe0009e67214ff5f5447ce83dd)
2026-03-31T06:35:39.6591213Z Download action repository 'actions/cache@668228422ae6a00e4ad889ee87cd7109ec5666a7' (SHA:668228422ae6a00e4ad889ee87cd7109ec5666a7)
2026-03-31T06:35:39.9648380Z Complete job name: 🔬 Test only Go
2026-03-31T06:35:40.0397927Z ##[group]Run actions/checkout@de0fac2e4500dabe0009e67214ff5f5447ce83dd
2026-03-31T06:35:40.0399078Z with:
2026-03-31T06:35:40.0399538Z   persist-credentials: false
2026-03-31T06:35:40.0400075Z   repository: akvorado/akvorado
2026-03-31T06:35:40.0400768Z   token: ***
2026-03-31T06:35:40.0401198Z   ssh-strict: true
2026-03-31T06:35:40.0401628Z   ssh-user: git
2026-03-31T06:35:40.0402045Z   clean: true
2026-03-31T06:35:40.0402498Z   sparse-checkout-cone-mode: true
2026-03-31T06:35:40.0403254Z   fetch-depth: 1
2026-03-31T06:35:40.0403695Z   fetch-tags: false
2026-03-31T06:35:40.0404133Z   show-progress: true
2026-03-31T06:35:40.0404592Z   lfs: false
2026-03-31T06:35:40.0404993Z   submodules: false
2026-03-31T06:35:40.0405440Z   set-safe-directory: true
2026-03-31T06:35:40.0406227Z ##[endgroup]
2026-03-31T06:35:40.1434330Z Syncing repository: akvorado/akvorado
2026-03-31T06:35:40.1437118Z ##[group]Getting Git version info
2026-03-31T06:35:40.1438528Z Working directory is '/home/runner/work/akvorado/akvorado'
2026-03-31T06:35:40.1440407Z [command]/usr/bin/git version
2026-03-31T06:35:40.1441862Z git version 2.53.0
2026-03-31T06:35:40.1468162Z ##[endgroup]
2026-03-31T06:35:40.1483729Z Temporarily overriding HOME='/home/runner/work/_temp/e5ec6136-773b-4341-9eaf-2fcec5a00072' before making global git config changes
2026-03-31T06:35:40.1486358Z Adding repository directory to the temporary git global config as a safe directory
2026-03-31T06:35:40.1488661Z [command]/usr/bin/git config --global --add safe.directory /home/runner/work/akvorado/akvorado
2026-03-31T06:35:40.1526748Z Deleting the contents of '/home/runner/work/akvorado/akvorado'
2026-03-31T06:35:40.1531286Z ##[group]Initializing the repository
2026-03-31T06:35:40.1535337Z [command]/usr/bin/git init /home/runner/work/akvorado/akvorado
2026-03-31T06:35:40.1640656Z hint: Using 'master' as the name for the initial branch. This default branch name
2026-03-31T06:35:40.1645879Z hint: will change to "main" in Git 3.0. To configure the initial branch name
2026-03-31T06:35:40.1647879Z hint: to use in all of your new repositories, which will suppress this warning,
2026-03-31T06:35:40.1649781Z hint: call:
2026-03-31T06:35:40.1650531Z hint:
2026-03-31T06:35:40.1651504Z hint: 	git config --global init.defaultBranch <name>
2026-03-31T06:35:40.1652653Z hint:
2026-03-31T06:35:40.1654162Z hint: Names commonly chosen instead of 'master' are 'main', 'trunk' and
2026-03-31T06:35:40.1656030Z hint: 'development'. The just-created branch can be renamed via this command:
2026-03-31T06:35:40.1657584Z hint:
2026-03-31T06:35:40.1658399Z hint: 	git branch -m <name>
2026-03-31T06:35:40.1659331Z hint:
2026-03-31T06:35:40.1660922Z hint: Disable this message with "git config set advice.defaultBranchName false"
2026-03-31T06:35:40.1663199Z Initialized empty Git repository in /home/runner/work/akvorado/akvorado/.git/
2026-03-31T06:35:40.1666333Z [command]/usr/bin/git remote add origin https://github.com/akvorado/akvorado
2026-03-31T06:35:40.1688645Z ##[endgroup]
2026-03-31T06:35:40.1690017Z ##[group]Disabling automatic garbage collection
2026-03-31T06:35:40.1692477Z [command]/usr/bin/git config --local gc.auto 0
2026-03-31T06:35:40.1724444Z ##[endgroup]
2026-03-31T06:35:40.1726096Z ##[group]Setting up auth
2026-03-31T06:35:40.1727349Z Removing SSH command configuration
2026-03-31T06:35:40.1731662Z [command]/usr/bin/git config --local --name-only --get-regexp core\.sshCommand
2026-03-31T06:35:40.1764242Z [command]/usr/bin/git submodule foreach --recursive sh -c "git config --local --name-only --get-regexp 'core\.sshCommand' && git config --local --unset-all 'core.sshCommand' || :"
2026-03-31T06:35:40.2095515Z Removing HTTP extra header
2026-03-31T06:35:40.2100932Z [command]/usr/bin/git config --local --name-only --get-regexp http\.https\:\/\/github\.com\/\.extraheader
2026-03-31T06:35:40.2131597Z [command]/usr/bin/git submodule foreach --recursive sh -c "git config --local --name-only --get-regexp 'http\.https\:\/\/github\.com\/\.extraheader' && git config --local --unset-all 'http.https://github.com/.extraheader' || :"
2026-03-31T06:35:40.2350327Z Removing includeIf entries pointing to credentials config files
2026-03-31T06:35:40.2356914Z [command]/usr/bin/git config --local --name-only --get-regexp ^includeIf\.gitdir:
2026-03-31T06:35:40.2387734Z [command]/usr/bin/git submodule foreach --recursive git config --local --show-origin --name-only --get-regexp remote.origin.url
2026-03-31T06:35:40.2625621Z [command]/usr/bin/git config --file /home/runner/work/_temp/git-credentials-bc3839ca-706a-4224-be53-affe2aad8ac1.config http.https://github.com/.extraheader AUTHORIZATION: basic ***
2026-03-31T06:35:40.2661562Z [command]/usr/bin/git config --local includeIf.gitdir:/home/runner/work/akvorado/akvorado/.git.path /home/runner/work/_temp/git-credentials-bc3839ca-706a-4224-be53-affe2aad8ac1.config
2026-03-31T06:35:40.2690833Z [command]/usr/bin/git config --local includeIf.gitdir:/home/runner/work/akvorado/akvorado/.git/worktrees/*.path /home/runner/work/_temp/git-credentials-bc3839ca-706a-4224-be53-affe2aad8ac1.config
2026-03-31T06:35:40.2722216Z [command]/usr/bin/git config --local includeIf.gitdir:/github/workspace/.git.path /github/runner_temp/git-credentials-bc3839ca-706a-4224-be53-affe2aad8ac1.config
2026-03-31T06:35:40.2754867Z [command]/usr/bin/git config --local includeIf.gitdir:/github/workspace/.git/worktrees/*.path /github/runner_temp/git-credentials-bc3839ca-706a-4224-be53-affe2aad8ac1.config
2026-03-31T06:35:40.2781362Z ##[endgroup]
2026-03-31T06:35:40.2783015Z ##[group]Fetching the repository
2026-03-31T06:35:40.2792165Z [command]/usr/bin/git -c protocol.version=2 fetch --no-tags --prune --no-recurse-submodules --depth=1 origin +22621ca86cdf16617511a8dc98421c39030ddc36:refs/remotes/pull/2343/merge
2026-03-31T06:35:40.8266937Z From https://github.com/akvorado/akvorado
2026-03-31T06:35:40.8270732Z  * [new ref]         22621ca86cdf16617511a8dc98421c39030ddc36 -> pull/2343/merge
2026-03-31T06:35:40.8300720Z ##[endgroup]
2026-03-31T06:35:40.8302621Z ##[group]Determining the checkout info
2026-03-31T06:35:40.8305079Z ##[endgroup]
2026-03-31T06:35:40.8308673Z [command]/usr/bin/git sparse-checkout disable
2026-03-31T06:35:40.8348904Z [command]/usr/bin/git config --local --unset-all extensions.worktreeConfig
2026-03-31T06:35:40.8377593Z ##[group]Checking out the ref
2026-03-31T06:35:40.8381532Z [command]/usr/bin/git checkout --progress --force refs/remotes/pull/2343/merge
2026-03-31T06:35:40.8854565Z Note: switching to 'refs/remotes/pull/2343/merge'.
2026-03-31T06:35:40.8855950Z 
2026-03-31T06:35:40.8856999Z You are in 'detached HEAD' state. You can look around, make experimental
2026-03-31T06:35:40.8858897Z changes and commit them, and you can discard any commits you make in this
2026-03-31T06:35:40.8861109Z state without impacting any branches by switching back to a branch.
2026-03-31T06:35:40.8862995Z 
2026-03-31T06:35:40.8864038Z If you want to create a new branch to retain commits you create, you may
2026-03-31T06:35:40.8865942Z do so (now or later) by using -c with the switch command. Example:
2026-03-31T06:35:40.8867159Z 
2026-03-31T06:35:40.8867582Z   git switch -c <new-branch-name>
2026-03-31T06:35:40.8868206Z 
2026-03-31T06:35:40.8868534Z Or undo this operation with:
2026-03-31T06:35:40.8869095Z 
2026-03-31T06:35:40.8869373Z   git switch -
2026-03-31T06:35:40.8869800Z 
2026-03-31T06:35:40.8870555Z Turn off this advice by setting config variable advice.detachedHead to false
2026-03-31T06:35:40.8871727Z 
2026-03-31T06:35:40.8873675Z HEAD is now at 22621ca Merge c1861bfc41ba853e7acf8059d3ccd93982dc2597 into 940adffc9c2f9d03108204012324584f5cc41ac0
2026-03-31T06:35:40.8877924Z ##[endgroup]
2026-03-31T06:35:40.8903834Z [command]/usr/bin/git log -1 --format=%H
2026-03-31T06:35:40.8928477Z 22621ca86cdf16617511a8dc98421c39030ddc36
2026-03-31T06:35:40.8938225Z ##[group]Removing auth
2026-03-31T06:35:40.8939927Z Removing SSH command configuration
2026-03-31T06:35:40.8942924Z [command]/usr/bin/git config --local --name-only --get-regexp core\.sshCommand
2026-03-31T06:35:40.8976182Z [command]/usr/bin/git submodule foreach --recursive sh -c "git config --local --name-only --get-regexp 'core\.sshCommand' && git config --local --unset-all 'core.sshCommand' || :"
2026-03-31T06:35:40.9199058Z Removing HTTP extra header
2026-03-31T06:35:40.9203260Z [command]/usr/bin/git config --local --name-only --get-regexp http\.https\:\/\/github\.com\/\.extraheader
2026-03-31T06:35:40.9237999Z [command]/usr/bin/git submodule foreach --recursive sh -c "git config --local --name-only --get-regexp 'http\.https\:\/\/github\.com\/\.extraheader' && git config --local --unset-all 'http.https://github.com/.extraheader' || :"
2026-03-31T06:35:40.9453689Z Removing includeIf entries pointing to credentials config files
2026-03-31T06:35:40.9457552Z [command]/usr/bin/git config --local --name-only --get-regexp ^includeIf\.gitdir:
2026-03-31T06:35:40.9479006Z includeif.gitdir:/home/runner/work/akvorado/akvorado/.git.path
2026-03-31T06:35:40.9482403Z includeif.gitdir:/home/runner/work/akvorado/akvorado/.git/worktrees/*.path
2026-03-31T06:35:40.9486695Z includeif.gitdir:/github/workspace/.git.path
2026-03-31T06:35:40.9488899Z includeif.gitdir:/github/workspace/.git/worktrees/*.path
2026-03-31T06:35:40.9493372Z [command]/usr/bin/git config --local --get-all includeif.gitdir:/home/runner/work/akvorado/akvorado/.git.path
2026-03-31T06:35:40.9510786Z /home/runner/work/_temp/git-credentials-bc3839ca-706a-4224-be53-affe2aad8ac1.config
2026-03-31T06:35:40.9522450Z [command]/usr/bin/git config --local --unset includeif.gitdir:/home/runner/work/akvorado/akvorado/.git.path /home/runner/work/_temp/git-credentials-bc3839ca-706a-4224-be53-affe2aad8ac1.config
2026-03-31T06:35:40.9554782Z [command]/usr/bin/git config --local --get-all includeif.gitdir:/home/runner/work/akvorado/akvorado/.git/worktrees/*.path
2026-03-31T06:35:40.9576141Z /home/runner/work/_temp/git-credentials-bc3839ca-706a-4224-be53-affe2aad8ac1.config
2026-03-31T06:35:40.9585667Z [command]/usr/bin/git config --local --unset includeif.gitdir:/home/runner/work/akvorado/akvorado/.git/worktrees/*.path /home/runner/work/_temp/git-credentials-bc3839ca-706a-4224-be53-affe2aad8ac1.config
2026-03-31T06:35:40.9614527Z [command]/usr/bin/git config --local --get-all includeif.gitdir:/github/workspace/.git.path
2026-03-31T06:35:40.9634736Z /github/runner_temp/git-credentials-bc3839ca-706a-4224-be53-affe2aad8ac1.config
2026-03-31T06:35:40.9644558Z [command]/usr/bin/git config --local --unset includeif.gitdir:/github/workspace/.git.path /github/runner_temp/git-credentials-bc3839ca-706a-4224-be53-affe2aad8ac1.config
2026-03-31T06:35:40.9673932Z [command]/usr/bin/git config --local --get-all includeif.gitdir:/github/workspace/.git/worktrees/*.path
2026-03-31T06:35:40.9696801Z /github/runner_temp/git-credentials-bc3839ca-706a-4224-be53-affe2aad8ac1.config
2026-03-31T06:35:40.9710731Z [command]/usr/bin/git config --local --unset includeif.gitdir:/github/workspace/.git/worktrees/*.path /github/runner_temp/git-credentials-bc3839ca-706a-4224-be53-affe2aad8ac1.config
2026-03-31T06:35:40.9743735Z [command]/usr/bin/git submodule foreach --recursive git config --local --show-origin --name-only --get-regexp remote.origin.url
2026-03-31T06:35:40.9965900Z Removing credentials config '/home/runner/work/_temp/git-credentials-bc3839ca-706a-4224-be53-affe2aad8ac1.config'
2026-03-31T06:35:40.9973383Z ##[endgroup]
2026-03-31T06:35:41.0461953Z Prepare all required actions
2026-03-31T06:35:41.0463485Z Getting action download info
2026-03-31T06:35:41.2861222Z Download action repository 'actions/setup-go@4a3601121dd01d1626a1e23e37211e3254c1c06c' (SHA:4a3601121dd01d1626a1e23e37211e3254c1c06c)
2026-03-31T06:35:41.7728535Z Download action repository 'pnpm/action-setup@fc06bc1257f339d1d5d8b3a19a8cae5388b55320' (SHA:fc06bc1257f339d1d5d8b3a19a8cae5388b55320)
2026-03-31T06:35:42.2613335Z Download action repository 'actions/setup-node@53b83947a5a98c8d113130e565377fae1a50d02f' (SHA:53b83947a5a98c8d113130e565377fae1a50d02f)
2026-03-31T06:35:42.4233006Z ##[group]Run ./.github/actions/setup
2026-03-31T06:35:42.4233983Z with:
2026-03-31T06:35:42.4234664Z   setup-go: true
2026-03-31T06:35:42.4235412Z   setup-node: true
2026-03-31T06:35:42.4236206Z   node-version: 20
2026-03-31T06:35:42.4236943Z ##[endgroup]
2026-03-31T06:35:42.4431139Z ##[group]Run actions/setup-go@4a3601121dd01d1626a1e23e37211e3254c1c06c
2026-03-31T06:35:42.4432463Z with:
2026-03-31T06:35:42.4433354Z   go-version-file: go.mod
2026-03-31T06:35:42.4434199Z   check-latest: true
2026-03-31T06:35:42.4434969Z   cache: false
2026-03-31T06:35:42.4435919Z   token: ***
2026-03-31T06:35:42.4436612Z ##[endgroup]
2026-03-31T06:35:42.5891759Z Setup go version spec 1.26.1
2026-03-31T06:35:42.5896486Z Attempting to resolve the latest version from the manifest...
2026-03-31T06:35:43.0526002Z matching 1.26.1...
2026-03-31T06:35:43.0559257Z Resolved as '1.26.1'
2026-03-31T06:35:43.0565063Z Attempting to download 1.26.1...
2026-03-31T06:35:43.4546260Z matching 1.26.1...
2026-03-31T06:35:43.4563649Z Acquiring 1.26.1 from https://github.com/actions/go-versions/releases/download/1.26.1-22746851271/go-1.26.1-linux-x64.tar.gz
2026-03-31T06:35:43.8796780Z Extracting Go...
2026-03-31T06:35:43.8938672Z [command]/usr/bin/tar xz --warning=no-unknown-keyword --overwrite -C /home/runner/work/_temp/47035858-0bad-438b-a130-383a46d01167 -f /home/runner/work/_temp/a41c9643-0ed5-43e3-aaa1-ebfe695ae09c
2026-03-31T06:35:45.4931500Z Successfully extracted go to /home/runner/work/_temp/47035858-0bad-438b-a130-383a46d01167
2026-03-31T06:35:45.4932402Z Adding to the cache ...
2026-03-31T06:35:51.2114835Z Successfully cached go to /opt/hostedtoolcache/go/1.26.1/x64
2026-03-31T06:35:51.2133571Z Added go to the path
2026-03-31T06:35:51.2134465Z Successfully set up Go version 1.26.1
2026-03-31T06:35:51.2465214Z go version go1.26.1 linux/amd64
2026-03-31T06:35:51.2465502Z 
2026-03-31T06:35:51.2465788Z ##[group]go env
2026-03-31T06:35:51.9508012Z AR='ar'
2026-03-31T06:35:51.9508430Z CC='gcc'
2026-03-31T06:35:51.9508757Z CGO_CFLAGS='-O2 -g'
2026-03-31T06:35:51.9509463Z CGO_CPPFLAGS=''
2026-03-31T06:35:51.9509787Z CGO_CXXFLAGS='-O2 -g'
2026-03-31T06:35:51.9510115Z CGO_ENABLED='1'
2026-03-31T06:35:51.9510743Z CGO_FFLAGS='-O2 -g'
2026-03-31T06:35:51.9511052Z CGO_LDFLAGS='-O2 -g'
2026-03-31T06:35:51.9511364Z CXX='g++'
2026-03-31T06:35:51.9511647Z GCCGO='gccgo'
2026-03-31T06:35:51.9511925Z GO111MODULE=''
2026-03-31T06:35:51.9512220Z GOAMD64='v1'
2026-03-31T06:35:51.9512480Z GOARCH='amd64'
2026-03-31T06:35:51.9513059Z GOAUTH='netrc'
2026-03-31T06:35:51.9513344Z GOBIN=''
2026-03-31T06:35:51.9513695Z GOCACHE='/home/runner/.cache/go-build'
2026-03-31T06:35:51.9514181Z GOCACHEPROG=''
2026-03-31T06:35:51.9514500Z GODEBUG=''
2026-03-31T06:35:51.9514809Z GOENV='/home/runner/.config/go/env'
2026-03-31T06:35:51.9515188Z GOEXE=''
2026-03-31T06:35:51.9515460Z GOEXPERIMENT=''
2026-03-31T06:35:51.9515789Z GOFIPS140='off'
2026-03-31T06:35:51.9516119Z GOFLAGS=''
2026-03-31T06:35:51.9517225Z GOGCCFLAGS='-fPIC -m64 -pthread -Wl,--no-gc-sections -fmessage-length=0 -ffile-prefix-map=/tmp/go-build144103166=/tmp/go-build -gno-record-gcc-switches'
2026-03-31T06:35:51.9518314Z GOHOSTARCH='amd64'
2026-03-31T06:35:51.9518608Z GOHOSTOS='linux'
2026-03-31T06:35:51.9518908Z GOINSECURE=''
2026-03-31T06:35:51.9519314Z GOMOD='/home/runner/work/akvorado/akvorado/go.mod'
2026-03-31T06:35:51.9519777Z GOMODCACHE='/home/runner/go/pkg/mod'
2026-03-31T06:35:51.9520461Z GONOPROXY=''
2026-03-31T06:35:51.9520737Z GONOSUMDB=''
2026-03-31T06:35:51.9520997Z GOOS='linux'
2026-03-31T06:35:51.9521284Z GOPATH='/home/runner/go'
2026-03-31T06:35:51.9521616Z GOPRIVATE=''
2026-03-31T06:35:51.9521995Z GOPROXY='https://proxy.golang.org,direct'
2026-03-31T06:35:51.9522569Z GOROOT='/opt/hostedtoolcache/go/1.26.1/x64'
2026-03-31T06:35:51.9523286Z GOSUMDB='sum.golang.org'
2026-03-31T06:35:51.9523625Z GOTELEMETRY='local'
2026-03-31T06:35:51.9524074Z GOTELEMETRYDIR='/home/runner/.config/go/telemetry'
2026-03-31T06:35:51.9524518Z GOTMPDIR=''
2026-03-31T06:35:51.9524855Z GOTOOLCHAIN='local'
2026-03-31T06:35:51.9525329Z GOTOOLDIR='/opt/hostedtoolcache/go/1.26.1/x64/pkg/tool/linux_amd64'
2026-03-31T06:35:51.9525925Z GOVCS=''
2026-03-31T06:35:51.9526179Z GOVERSION='go1.26.1'
2026-03-31T06:35:51.9526491Z GOWORK=''
2026-03-31T06:35:51.9526854Z PKG_CONFIG='pkg-config'
2026-03-31T06:35:51.9527118Z 
2026-03-31T06:35:51.9527643Z ##[endgroup]
2026-03-31T06:35:51.9717954Z ##[group]Run echo "gocache=$(go env GOCACHE)" >> $GITHUB_ENV
2026-03-31T06:35:51.9718430Z [36;1mecho "gocache=$(go env GOCACHE)" >> $GITHUB_ENV[0m
2026-03-31T06:35:51.9718820Z [36;1mecho "gomodcache=$(go env GOMODCACHE)" >> $GITHUB_ENV[0m
2026-03-31T06:35:51.9719175Z [36;1mecho "today=$(date +%Y%m%d)" >> $GITHUB_ENV[0m
2026-03-31T06:35:51.9751246Z shell: /usr/bin/bash --noprofile --norc -e -o pipefail {0}
2026-03-31T06:35:51.9751589Z env:
2026-03-31T06:35:51.9751766Z   GOTOOLCHAIN: local
2026-03-31T06:35:51.9751973Z ##[endgroup]
2026-03-31T06:35:52.1053051Z ##[group]Run actions/cache@668228422ae6a00e4ad889ee87cd7109ec5666a7
2026-03-31T06:35:52.1053403Z with:
2026-03-31T06:35:52.1053659Z   path: /home/runner/.cache/go-build
/home/runner/go/pkg/mod

2026-03-31T06:35:52.1054195Z   key: Linux-X64-go1.26.1-ba0abce3641b4606e9705f0d42ade8d0dbc8838991e5f191a186023e97d61c49-20260331
2026-03-31T06:35:52.1054979Z   restore-keys: Linux-X64-go1.26.1-ba0abce3641b4606e9705f0d42ade8d0dbc8838991e5f191a186023e97d61c49-
Linux-X64-go1.26.1-

2026-03-31T06:35:52.1055554Z   enableCrossOsArchive: false
2026-03-31T06:35:52.1055788Z   fail-on-cache-miss: false
2026-03-31T06:35:52.1055998Z   lookup-only: false
2026-03-31T06:35:52.1056190Z   save-always: false
2026-03-31T06:35:52.1056366Z env:
2026-03-31T06:35:52.1056563Z   GOTOOLCHAIN: local
2026-03-31T06:35:52.1056845Z   gocache: /home/runner/.cache/go-build
2026-03-31T06:35:52.1057101Z   gomodcache: /home/runner/go/pkg/mod
2026-03-31T06:35:52.1057337Z   today: 20260331
2026-03-31T06:35:52.1057508Z ##[endgroup]
2026-03-31T06:35:52.3301832Z Cache hit for: Linux-X64-go1.26.1-ba0abce3641b4606e9705f0d42ade8d0dbc8838991e5f191a186023e97d61c49-20260331
2026-03-31T06:35:53.4472010Z Received 134217728 of 1030877446 (13.0%), 128.0 MBs/sec
2026-03-31T06:35:54.4476508Z Received 364904448 of 1030877446 (35.4%), 173.9 MBs/sec
2026-03-31T06:35:55.4524065Z Received 583008256 of 1030877446 (56.6%), 185.2 MBs/sec
2026-03-31T06:35:56.4626705Z Received 805306368 of 1030877446 (78.1%), 191.2 MBs/sec
2026-03-31T06:35:57.4635638Z Received 1023410176 of 1030877446 (99.3%), 194.5 MBs/sec
2026-03-31T06:35:57.5901103Z Received 1030877446 of 1030877446 (100.0%), 191.2 MBs/sec
2026-03-31T06:35:57.5904031Z Cache Size: ~983 MB (1030877446 B)
2026-03-31T06:35:57.5949859Z [command]/usr/bin/tar -xf /home/runner/work/_temp/a55b82a5-762e-4824-adb1-5228002a63d6/cache.tzst -P -C /home/runner/work/akvorado/akvorado --use-compress-program unzstd
2026-03-31T06:36:06.4199692Z Cache restored successfully
2026-03-31T06:36:06.4716941Z Cache restored from key: Linux-X64-go1.26.1-ba0abce3641b4606e9705f0d42ade8d0dbc8838991e5f191a186023e97d61c49-20260331
2026-03-31T06:36:06.5010841Z ##[group]Run pnpm/action-setup@fc06bc1257f339d1d5d8b3a19a8cae5388b55320
2026-03-31T06:36:06.5011447Z with:
2026-03-31T06:36:06.5011805Z   package_json_file: console/frontend/package.json
2026-03-31T06:36:06.5012310Z   dest: ~/setup-pnpm
2026-03-31T06:36:06.5012637Z   run_install: null
2026-03-31T06:36:06.5013203Z   cache: false
2026-03-31T06:36:06.5013771Z   cache_dependency_path: pnpm-lock.yaml
2026-03-31T06:36:06.5014209Z   standalone: false
2026-03-31T06:36:06.5014508Z env:
2026-03-31T06:36:06.5014781Z   GOTOOLCHAIN: local
2026-03-31T06:36:06.5015133Z   gocache: /home/runner/.cache/go-build
2026-03-31T06:36:06.5015571Z   gomodcache: /home/runner/go/pkg/mod
2026-03-31T06:36:06.5015968Z   today: 20260331
2026-03-31T06:36:06.5016267Z ##[endgroup]
2026-03-31T06:36:06.6508197Z ##[group]Running self-installer...
2026-03-31T06:36:07.0736872Z (node:2562) [DEP0169] DeprecationWarning: `url.parse()` behavior is not standardized and prone to errors that have security implications. Use the WHATWG URL API instead. CVEs are not issued for `url.parse()` vulnerabilities.
2026-03-31T06:36:07.0738897Z (Use `node --trace-deprecation ...` to show where the warning was created)
2026-03-31T06:36:07.1830726Z Progress: resolved 1, reused 0, downloaded 0, added 0
2026-03-31T06:36:07.1925930Z Packages: +1
2026-03-31T06:36:07.1927386Z +
2026-03-31T06:36:07.6761267Z Progress: resolved 1, reused 0, downloaded 1, added 1, done
2026-03-31T06:36:07.7086667Z 
2026-03-31T06:36:07.7087607Z dependencies:
2026-03-31T06:36:07.7088875Z + pnpm 10.32.1 (10.33.0 is available)
2026-03-31T06:36:07.7089364Z 
2026-03-31T06:36:07.7429251Z Done in 909ms
2026-03-31T06:36:07.7649956Z ##[endgroup]
2026-03-31T06:36:07.7651369Z Installation Completed!
2026-03-31T06:36:07.7791516Z ##[group]Run actions/setup-node@53b83947a5a98c8d113130e565377fae1a50d02f
2026-03-31T06:36:07.7791877Z with:
2026-03-31T06:36:07.7792057Z   node-version: 20
2026-03-31T06:36:07.7792244Z   cache: pnpm
2026-03-31T06:36:07.7792565Z   cache-dependency-path: console/frontend/pnpm-lock.yaml
bin/external-tool

2026-03-31T06:36:07.7793399Z   check-latest: false
2026-03-31T06:36:07.7793723Z   token: ***
2026-03-31T06:36:07.7793930Z   package-manager-cache: true
2026-03-31T06:36:07.7794192Z env:
2026-03-31T06:36:07.7794367Z   GOTOOLCHAIN: local
2026-03-31T06:36:07.7794583Z   gocache: /home/runner/.cache/go-build
2026-03-31T06:36:07.7794861Z   gomodcache: /home/runner/go/pkg/mod
2026-03-31T06:36:07.7795119Z   today: 20260331
2026-03-31T06:36:07.7795377Z   PNPM_HOME: /home/runner/setup-pnpm/node_modules/.bin
2026-03-31T06:36:07.7795673Z ##[endgroup]
2026-03-31T06:36:07.9374038Z Found in cache @ /opt/hostedtoolcache/node/20.20.1/x64
2026-03-31T06:36:07.9378442Z ##[group]Environment details
2026-03-31T06:36:08.3361160Z node: v20.20.1
2026-03-31T06:36:08.3361580Z npm: 10.8.2
2026-03-31T06:36:08.3361885Z yarn: 1.22.22
2026-03-31T06:36:08.3362595Z ##[endgroup]
2026-03-31T06:36:08.3385554Z [command]/home/runner/setup-pnpm/node_modules/.bin/pnpm store path --silent
2026-03-31T06:36:08.6909638Z /home/runner/setup-pnpm/node_modules/.bin/store/v10
2026-03-31T06:36:08.8212988Z Cache hit for: node-cache-Linux-x64-pnpm-02af1fb1f7145cd5cf928a5615ed16eb0ee8702e853f1284327fce5bd4a5166b
2026-03-31T06:36:09.5599037Z Received 71799491 of 71799491 (100.0%), 110.4 MBs/sec
2026-03-31T06:36:09.5599720Z Cache Size: ~68 MB (71799491 B)
2026-03-31T06:36:09.5633219Z [command]/usr/bin/tar -xf /home/runner/work/_temp/d052512d-a628-45f9-81e9-19d0059b0cbc/cache.tzst -P -C /home/runner/work/akvorado/akvorado --use-compress-program unzstd
2026-03-31T06:36:10.1917681Z Cache restored successfully
2026-03-31T06:36:10.1952910Z Cache restored from key: node-cache-Linux-x64-pnpm-02af1fb1f7145cd5cf928a5615ed16eb0ee8702e853f1284327fce5bd4a5166b
2026-03-31T06:36:10.3195056Z ##[group]Run actions/cache/restore@668228422ae6a00e4ad889ee87cd7109ec5666a7
2026-03-31T06:36:10.3195445Z with:
2026-03-31T06:36:10.3195780Z   path: orchestrator/clickhouse/data/udp.csv
orchestrator/clickhouse/data/tcp.csv

2026-03-31T06:36:10.3196410Z   key: iana-cache-867a68c39c06f204691b28f7d79ba7ca8f072c5c957e27cf04d91a4bb646b096-23783931752
2026-03-31T06:36:10.3197079Z   restore-keys: iana-cache-867a68c39c06f204691b28f7d79ba7ca8f072c5c957e27cf04d91a4bb646b096-

2026-03-31T06:36:10.3197575Z   enableCrossOsArchive: false
2026-03-31T06:36:10.3197819Z   fail-on-cache-miss: false
2026-03-31T06:36:10.3198051Z   lookup-only: false
2026-03-31T06:36:10.3198256Z env:
2026-03-31T06:36:10.3198643Z   GOTOOLCHAIN: local
2026-03-31T06:36:10.3198878Z   gocache: /home/runner/.cache/go-build
2026-03-31T06:36:10.3199155Z   gomodcache: /home/runner/go/pkg/mod
2026-03-31T06:36:10.3199403Z   today: 20260331
2026-03-31T06:36:10.3199654Z   PNPM_HOME: /home/runner/setup-pnpm/node_modules/.bin
2026-03-31T06:36:10.3199952Z ##[endgroup]
2026-03-31T06:36:10.5402321Z Cache not found for input keys: iana-cache-867a68c39c06f204691b28f7d79ba7ca8f072c5c957e27cf04d91a4bb646b096-23783931752, iana-cache-867a68c39c06f204691b28f7d79ba7ca8f072c5c957e27cf04d91a4bb646b096-
2026-03-31T06:36:10.5516112Z ##[group]Run ! go mod edit -json | jq -r .Go | grep -vPx '1.\d+' || {
2026-03-31T06:36:10.5516626Z [36;1m! go mod edit -json | jq -r .Go | grep -vPx '1.\d+' || {[0m
2026-03-31T06:36:10.5517113Z [36;1m  echo "^^^^ Incorrect go directive in go.mod: use only \`minor.major'."[0m
2026-03-31T06:36:10.5517493Z [36;1m  exit 1[0m
2026-03-31T06:36:10.5517687Z [36;1m}[0m
2026-03-31T06:36:10.5551801Z shell: /usr/bin/bash -e {0}
2026-03-31T06:36:10.5552062Z env:
2026-03-31T06:36:10.5552248Z   GOTOOLCHAIN: local
2026-03-31T06:36:10.5552489Z   gocache: /home/runner/.cache/go-build
2026-03-31T06:36:10.5552946Z   gomodcache: /home/runner/go/pkg/mod
2026-03-31T06:36:10.5553221Z   today: 20260331
2026-03-31T06:36:10.5553482Z   PNPM_HOME: /home/runner/setup-pnpm/node_modules/.bin
2026-03-31T06:36:10.5553795Z ##[endgroup]
2026-03-31T06:36:10.5676487Z ##[group]Run make && ./bin/akvorado version
2026-03-31T06:36:10.5676834Z [36;1mmake && ./bin/akvorado version[0m
2026-03-31T06:36:10.5702497Z shell: /usr/bin/bash -e {0}
2026-03-31T06:36:10.5703069Z env:
2026-03-31T06:36:10.5703317Z   GOTOOLCHAIN: local
2026-03-31T06:36:10.5703554Z   gocache: /home/runner/.cache/go-build
2026-03-31T06:36:10.5703864Z   gomodcache: /home/runner/go/pkg/mod
2026-03-31T06:36:10.5704122Z   today: 20260331
2026-03-31T06:36:10.5704378Z   PNPM_HOME: /home/runner/setup-pnpm/node_modules/.bin
2026-03-31T06:36:10.5704680Z ##[endgroup]
2026-03-31T06:36:10.7041901Z ▶ formatting Go code…
2026-03-31T06:36:11.9050080Z ▶ fetching node modules…
2026-03-31T06:36:13.0048006Z ▶ formatting JS code…
2026-03-31T06:36:14.4111083Z Finished in 1010ms on 65 files using 4 threads.
2026-03-31T06:36:14.4903429Z ▶ running golint…
2026-03-31T06:36:16.8554317Z ▶ running jslint…
2026-03-31T06:36:17.5558268Z ▶ compiling protocol buffers common/pb/rawflow.pb.go…
2026-03-31T06:36:18.1329507Z ▶ generate column definitions…
2026-03-31T06:36:18.2077861Z ▶ generate ASN map…
2026-03-31T06:36:18.5427397Z ▶ generate tcp port numbers…
2026-03-31T06:36:19.3510596Z ▶ generate udp port numbers…
2026-03-31T06:36:20.0739962Z ▶ generate PEG parser for filters…
2026-03-31T06:36:20.7017046Z ▶ generate enums for LoadBalanceAlgorithm…
2026-03-31T06:36:20.9511800Z ▶ generate enums for ASNProvider…
2026-03-31T06:36:21.1376740Z ▶ generate enums for NetProvider…
2026-03-31T06:36:21.3208380Z ▶ generate enums for AuthProtocol…
2026-03-31T06:36:21.5597141Z ▶ generate enums for PrivProtocol…
2026-03-31T06:36:21.8045786Z ▶ generate enums for IfSpeedPathUnit…
2026-03-31T06:36:22.0395668Z ▶ generate enums for HomepageTopWidget…
2026-03-31T06:36:22.2703275Z ▶ generate enums for SASLMechanism…
2026-03-31T06:36:22.5132101Z ▶ generate enums for ParserType…
2026-03-31T06:36:22.7106920Z ▶ generate enums for PaginationType…
2026-03-31T06:36:22.8786593Z ▶ building console frontend…
2026-03-31T06:36:29.9267783Z [36mvite v8.0.1 [32mbuilding client environment for production...[36m[39m
2026-03-31T06:36:29.9871181Z [2K
2026-03-31T06:36:31.0638418Z transforming...✓ 2057 modules transformed.
2026-03-31T06:36:31.1703508Z rendering chunks...
2026-03-31T06:36:31.5801377Z computing gzip size...
2026-03-31T06:36:31.6065939Z ../data/frontend/index.html                        0.56 kB │ gzip:   0.34 kB
2026-03-31T06:36:31.6067737Z ../data/frontend/assets/akvorado-DXhK_DdK.svg     95.68 kB │ gzip:  29.03 kB
2026-03-31T06:36:31.6082235Z ../data/frontend/assets/index-DcpQgBmG.css        82.64 kB │ gzip:  12.45 kB
2026-03-31T06:36:31.6084204Z ../data/frontend/assets/index-klGswe91.js      1,607.37 kB │ gzip: 535.52 kB
2026-03-31T06:36:31.6084908Z 
2026-03-31T06:36:31.6085395Z [32m✓ built in 1.68s[39m
2026-03-31T06:36:31.6590823Z ▶ generate metric documentation…
2026-03-31T06:36:32.0488832Z ▶ generate embed.zip…
2026-03-31T06:36:32.4210137Z ▶ building executable…
2026-03-31T06:36:37.3444110Z akvorado 22621ca
2026-03-31T06:36:37.3445212Z   Built with: go1.26.1
2026-03-31T06:36:37.3445656Z   Build setting GOARCH=amd64
2026-03-31T06:36:37.3446117Z   Build setting GOOS=linux
2026-03-31T06:36:37.3446533Z   Build setting GOAMD64=v1
2026-03-31T06:36:37.3506069Z ##[group]Run actions/cache/save@668228422ae6a00e4ad889ee87cd7109ec5666a7
2026-03-31T06:36:37.3506461Z with:
2026-03-31T06:36:37.3506804Z   path: orchestrator/clickhouse/data/udp.csv
orchestrator/clickhouse/data/tcp.csv

2026-03-31T06:36:37.3507443Z   key: iana-cache-867a68c39c06f204691b28f7d79ba7ca8f072c5c957e27cf04d91a4bb646b096-23783931752
2026-03-31T06:36:37.3507918Z   enableCrossOsArchive: false
2026-03-31T06:36:37.3508152Z env:
2026-03-31T06:36:37.3508332Z   GOTOOLCHAIN: local
2026-03-31T06:36:37.3508560Z   gocache: /home/runner/.cache/go-build
2026-03-31T06:36:37.3508836Z   gomodcache: /home/runner/go/pkg/mod
2026-03-31T06:36:37.3509085Z   today: 20260331
2026-03-31T06:36:37.3509329Z   PNPM_HOME: /home/runner/setup-pnpm/node_modules/.bin
2026-03-31T06:36:37.3509634Z ##[endgroup]
2026-03-31T06:36:37.4851509Z [command]/usr/bin/tar --posix -cf cache.tzst --exclude cache.tzst -P -C /home/runner/work/akvorado/akvorado --files-from manifest.txt --use-compress-program zstdmt
2026-03-31T06:36:37.7551649Z Sent 48876 of 48876 (100.0%), 0.3 MBs/sec
2026-03-31T06:36:37.8807528Z Cache saved with key: iana-cache-867a68c39c06f204691b28f7d79ba7ca8f072c5c957e27cf04d91a4bb646b096-23783931752
2026-03-31T06:36:37.8892170Z ##[group]Run make test-go
2026-03-31T06:36:37.8892466Z [36;1mmake test-go[0m
2026-03-31T06:36:37.8919792Z shell: /usr/bin/bash -e {0}
2026-03-31T06:36:37.8920049Z env:
2026-03-31T06:36:37.8920240Z   GOTOOLCHAIN: local
2026-03-31T06:36:37.8920482Z   gocache: /home/runner/.cache/go-build
2026-03-31T06:36:37.8920787Z   gomodcache: /home/runner/go/pkg/mod
2026-03-31T06:36:37.8921057Z   today: 20260331
2026-03-31T06:36:37.8921315Z   PNPM_HOME: /home/runner/setup-pnpm/node_modules/.bin
2026-03-31T06:36:37.8921810Z ##[endgroup]
2026-03-31T06:36:37.9331019Z ▶ generate mocks for ClickHouse driver…
2026-03-31T06:36:38.9493026Z ▶ running Go tests…
2026-03-31T06:36:39.4775761Z [33m∅[0m  cmd
2026-03-31T06:36:47.5235884Z [31m✖[0m  cmd/akvorado (379ms)
2026-03-31T06:36:47.5397518Z [32m✓[0m  common/clickhousedb (cached)
2026-03-31T06:36:47.5400591Z [33m∅[0m  common/clickhousedb/mocks
2026-03-31T06:36:47.5406439Z [33m∅[0m  common/constants
2026-03-31T06:36:47.5412384Z [32m✓[0m  common/daemon (cached)
2026-03-31T06:36:47.5553498Z [32m✓[0m  common/embed (17ms)
2026-03-31T06:36:47.5757728Z [32m✓[0m  common/helpers (cached)
2026-03-31T06:36:47.5774174Z [32m✓[0m  common/helpers/bimap (cached)
2026-03-31T06:36:47.5777101Z [32m✓[0m  common/helpers/cache (cached)
2026-03-31T06:36:47.5778132Z [32m✓[0m  common/helpers/intern (cached)
2026-03-31T06:36:47.5784714Z [33m∅[0m  common/helpers/race
2026-03-31T06:36:47.5880969Z [32m✓[0m  common/helpers/yaml (13ms)
2026-03-31T06:36:48.0270687Z [32m✓[0m  cmd/helper/metrics (730ms)
2026-03-31T06:36:48.0307017Z [32m✓[0m  common/kafka (cached)
2026-03-31T06:36:48.0328502Z [33m∅[0m  common/pb
2026-03-31T06:36:48.0915871Z [32m✓[0m  common/reporter (cached)
2026-03-31T06:36:48.0933883Z [32m✓[0m  common/reporter/logger (cached)
2026-03-31T06:36:48.0934715Z [32m✓[0m  common/reporter/metrics (cached)
2026-03-31T06:36:48.0935453Z [32m✓[0m  common/reporter/stack (cached)
2026-03-31T06:36:48.0940886Z [32m✓[0m  common/schema (cached)
2026-03-31T06:36:48.3812412Z [32m✓[0m  common/remotedatasource (348ms)
2026-03-31T06:36:48.4279779Z [32m✓[0m  console/authentication (40ms)
2026-03-31T06:36:48.4392400Z [32m✓[0m  console/database (cached)
2026-03-31T06:36:48.4397398Z [32m✓[0m  console/filter (cached)
2026-03-31T06:36:48.4411664Z [32m✓[0m  console/query (cached)
2026-03-31T06:36:48.4415582Z [33m∅[0m  demoexporter
2026-03-31T06:36:48.4419614Z [32m✓[0m  demoexporter/bmp (cached)
2026-03-31T06:36:48.4429844Z [32m✓[0m  demoexporter/flows (cached)
2026-03-31T06:36:48.4437148Z [32m✓[0m  demoexporter/snmp (cached)
2026-03-31T06:36:48.5088689Z [32m✓[0m  inlet/flow (70ms)
2026-03-31T06:36:48.5144743Z [33m∅[0m  inlet/flow/input
2026-03-31T06:36:48.5231925Z [32m✓[0m  console (428ms)
2026-03-31T06:36:48.5320920Z [32m✓[0m  inlet/flow/input/udp (cached)
2026-03-31T06:36:48.5325218Z [32m✓[0m  inlet/flow/input/file (17ms)
2026-03-31T06:36:48.5394147Z [32m✓[0m  orchestrator (cached)
2026-03-31T06:36:48.6248025Z [32m✓[0m  inlet/kafka (cached)
2026-03-31T06:36:48.6601732Z [32m✓[0m  common/httpserver (1.07s)
2026-03-31T06:36:48.6683016Z [32m✓[0m  orchestrator/kafka (cached)
2026-03-31T06:36:48.6689327Z [32m✓[0m  outlet/clickhouse (cached)
2026-03-31T06:36:48.7575880Z [32m✓[0m  orchestrator/geoip (133ms)
2026-03-31T06:36:49.1792350Z [32m✓[0m  cmd/helper (1.943s)
2026-03-31T06:36:50.6431697Z [32m✓[0m  outlet/flow/decoder (15ms)
2026-03-31T06:36:50.6467526Z [32m✓[0m  outlet/flow (27ms)
2026-03-31T06:36:50.6473372Z [32m✓[0m  outlet/flow/decoder/gob (cached)
2026-03-31T06:36:50.6728994Z [32m✓[0m  outlet/flow/decoder/sflow (22ms)
2026-03-31T06:36:50.7003415Z [32m✓[0m  outlet/kafka (cached)
2026-03-31T06:36:50.7300085Z [32m✓[0m  outlet/flow/decoder/netflow (82ms)
2026-03-31T06:36:50.7385927Z [32m✓[0m  orchestrator/clickhouse (2.201s)
2026-03-31T06:36:51.8733123Z [33m∅[0m  outlet/metadata/provider
2026-03-31T06:36:51.8740645Z [32m✓[0m  outlet/metadata/provider/gnmi (cached)
2026-03-31T06:36:51.9095603Z [32m✓[0m  outlet/metadata/provider/snmp (cached)
2026-03-31T06:36:52.1525020Z [32m✓[0m  outlet/metadata (278ms)
2026-03-31T06:36:52.2631281Z [32m✓[0m  outlet/routing (cached)
2026-03-31T06:36:52.2634199Z [33m∅[0m  outlet/routing/provider
2026-03-31T06:36:52.3986428Z [32m✓[0m  outlet/metadata/provider/static (136ms)
2026-03-31T06:36:52.7717302Z [32m✓[0m  outlet/core (2.474s)
2026-03-31T06:36:53.3299878Z [32m✓[0m  outlet/routing/provider/bioris (1.067s)
2026-03-31T06:36:54.1431386Z [32m✓[0m  outlet/routing/provider/bmp (1.547s)
2026-03-31T06:36:54.1940957Z 
2026-03-31T06:36:54.1941885Z === [33mSkipped[0m
2026-03-31T06:36:54.1948222Z === [33mSKIP[0m: common/clickhousedb TestRealClickHouse (1.01s)
2026-03-31T06:36:54.1949769Z     /home/runner/work/akvorado/akvorado/common/clickhousedb/root_test.go:118: ClickHouse is not running (CI_AKVORADO_FUNCTIONAL_TESTS is not set)
2026-03-31T06:36:54.1950412Z 
2026-03-31T06:36:54.1951015Z === [33mSKIP[0m: common/helpers TestSubnetMapAllMaybeSorted/sorted_vs_unsorted (0.00s)
2026-03-31T06:36:54.1952481Z     /home/runner/work/akvorado/akvorado/common/helpers/subnetmap_test.go:676: All() and AllMaybeSorted() returned identical order
2026-03-31T06:36:54.1953273Z 
2026-03-31T06:36:54.1953583Z === [33mSKIP[0m: common/httpserver TestRedis (1.01s)
2026-03-31T06:36:54.1954513Z     /home/runner/work/akvorado/akvorado/common/httpserver/cache_test.go:120: Redis is not running (CI_AKVORADO_FUNCTIONAL_TESTS is not set)
2026-03-31T06:36:54.1955056Z 
2026-03-31T06:36:54.1955378Z === [33mSKIP[0m: common/kafka TestOAuth2ServerPassword (1.01s)
2026-03-31T06:36:54.1956355Z     /home/runner/work/akvorado/akvorado/common/kafka/oauth_test.go:21: mock-auth2-server is not running (CI_AKVORADO_FUNCTIONAL_TESTS is not set)
2026-03-31T06:36:54.1956909Z 
2026-03-31T06:36:54.1957269Z === [33mSKIP[0m: common/kafka TestOAuth2ServerClientCredentials (1.01s)
2026-03-31T06:36:54.1958294Z     /home/runner/work/akvorado/akvorado/common/kafka/oauth_test.go:45: mock-oauth2-server is not running (CI_AKVORADO_FUNCTIONAL_TESTS is not set)
2026-03-31T06:36:54.1959100Z 
2026-03-31T06:36:54.1959469Z === [33mSKIP[0m: common/kafka TestOAuth2Broker (1.02s)
2026-03-31T06:36:54.1960590Z     /home/runner/work/akvorado/akvorado/common/kafka/tests.go:26: Kafka is not running (CI_AKVORADO_FUNCTIONAL_TESTS is not set)
2026-03-31T06:36:54.1961343Z 
2026-03-31T06:36:54.1961717Z === [33mSKIP[0m: common/schema TestInsertMemory (1.01s)
2026-03-31T06:36:54.1962966Z     /home/runner/work/akvorado/akvorado/common/schema/insert_test.go:67: ClickHouse is not running (CI_AKVORADO_FUNCTIONAL_TESTS is not set)
2026-03-31T06:36:54.1963717Z 
2026-03-31T06:36:54.1964146Z === [33mSKIP[0m: console/database TestSavedFilterPostgres (1.01s)
2026-03-31T06:36:54.1965319Z     /home/runner/work/akvorado/akvorado/console/database/saved_filters_test.go:107: PostgreSQL is not running (CI_AKVORADO_FUNCTIONAL_TESTS is not set)
2026-03-31T06:36:54.1966025Z 
2026-03-31T06:36:54.1966475Z === [33mSKIP[0m: console/database TestSavedFilterMySQL (1.05s)
2026-03-31T06:36:54.1967655Z     /home/runner/work/akvorado/akvorado/console/database/saved_filters_test.go:153: MySQL is not running (CI_AKVORADO_FUNCTIONAL_TESTS is not set)
2026-03-31T06:36:54.1968291Z 
2026-03-31T06:36:54.1968823Z === [33mSKIP[0m: orchestrator/clickhouse TestMigrationFromPreviousStates/no_cluster (1.02s)
2026-03-31T06:36:54.1970093Z     /home/runner/work/akvorado/akvorado/orchestrator/clickhouse/migrations_test.go:266: ClickHouse is not running (CI_AKVORADO_FUNCTIONAL_TESTS is not set)
2026-03-31T06:36:54.1970818Z 
2026-03-31T06:36:54.1971298Z === [33mSKIP[0m: orchestrator/clickhouse TestMigrationFromPreviousStates/full_schema (0.00s)
2026-03-31T06:36:54.1973588Z     /home/runner/work/akvorado/akvorado/orchestrator/clickhouse/migrations_test.go:396: ClickHouse is not running (CI_AKVORADO_FUNCTIONAL_TESTS is not set)
2026-03-31T06:36:54.1974637Z 
2026-03-31T06:36:54.1975586Z === [33mSKIP[0m: orchestrator/clickhouse TestMigrationFromPreviousStates/partial_schema (0.00s)
2026-03-31T06:36:54.1978001Z     /home/runner/work/akvorado/akvorado/orchestrator/clickhouse/migrations_test.go:417: ClickHouse is not running (CI_AKVORADO_FUNCTIONAL_TESTS is not set)
2026-03-31T06:36:54.1979037Z 
2026-03-31T06:36:54.1979540Z === [33mSKIP[0m: orchestrator/clickhouse TestMigrationFromPreviousStates/cluster (1.02s)
2026-03-31T06:36:54.1980702Z     /home/runner/work/akvorado/akvorado/orchestrator/clickhouse/migrations_test.go:266: ClickHouse cluster is not running (CI_AKVORADO_FUNCTIONAL_TESTS is not set)
2026-03-31T06:36:54.1981305Z 
2026-03-31T06:36:54.1981631Z === [33mSKIP[0m: orchestrator/clickhouse TestTableSettings (0.00s)
2026-03-31T06:36:54.1982942Z     /home/runner/work/akvorado/akvorado/orchestrator/clickhouse/migrations_test.go:432: ClickHouse is not running (CI_AKVORADO_FUNCTIONAL_TESTS is not set)
2026-03-31T06:36:54.1983642Z 
2026-03-31T06:36:54.1984034Z === [33mSKIP[0m: orchestrator/clickhouse TestCustomDictMigration (0.00s)
2026-03-31T06:36:54.1985117Z     /home/runner/work/akvorado/akvorado/orchestrator/clickhouse/migrations_test.go:494: ClickHouse is not running (CI_AKVORADO_FUNCTIONAL_TESTS is not set)
2026-03-31T06:36:54.1985987Z 
2026-03-31T06:36:54.1986558Z === [33mSKIP[0m: orchestrator/clickhouse TestNetworkSources (0.00s)
2026-03-31T06:36:54.1988313Z     /home/runner/work/akvorado/akvorado/orchestrator/clickhouse/source_test.go:26: ClickHouse is not running (CI_AKVORADO_FUNCTIONAL_TESTS is not set)
2026-03-31T06:36:54.1989328Z 
2026-03-31T06:36:54.1989894Z === [33mSKIP[0m: orchestrator/kafka TestTopicCreation (1.01s)
2026-03-31T06:36:54.1991454Z     /home/runner/work/akvorado/akvorado/common/kafka/tests.go:26: Kafka is not running (CI_AKVORADO_FUNCTIONAL_TESTS is not set)
2026-03-31T06:36:54.1992301Z 
2026-03-31T06:36:54.1993329Z === [33mSKIP[0m: orchestrator/kafka TestTopicMorePartitions (0.00s)
2026-03-31T06:36:54.1994638Z     /home/runner/work/akvorado/akvorado/common/kafka/tests.go:26: Kafka is not running (CI_AKVORADO_FUNCTIONAL_TESTS is not set)
2026-03-31T06:36:54.1995137Z 
2026-03-31T06:36:54.1995603Z === [33mSKIP[0m: outlet/clickhouse TestInsertMemory (1.01s)
2026-03-31T06:36:54.1996541Z     /home/runner/work/akvorado/akvorado/outlet/clickhouse/example_test.go:20: ClickHouse is not running (CI_AKVORADO_FUNCTIONAL_TESTS is not set)
2026-03-31T06:36:54.1997072Z 
2026-03-31T06:36:54.1997338Z === [33mSKIP[0m: outlet/clickhouse TestInsert (0.00s)
2026-03-31T06:36:54.1998256Z     /home/runner/work/akvorado/akvorado/outlet/clickhouse/functional_test.go:24: ClickHouse is not running (CI_AKVORADO_FUNCTIONAL_TESTS is not set)
2026-03-31T06:36:54.1998799Z 
2026-03-31T06:36:54.1999107Z === [33mSKIP[0m: outlet/clickhouse TestMultipleServers (0.00s)
2026-03-31T06:36:54.2000063Z     /home/runner/work/akvorado/akvorado/outlet/clickhouse/functional_test.go:188: ClickHouse is not running (CI_AKVORADO_FUNCTIONAL_TESTS is not set)
2026-03-31T06:36:54.2000603Z 
2026-03-31T06:36:54.2000922Z === [33mSKIP[0m: outlet/metadata/provider/gnmi TestSRLinux (1.01s)
2026-03-31T06:36:54.2001926Z     /home/runner/work/akvorado/akvorado/outlet/metadata/provider/gnmi/srlinux_test.go:81: SR Linux is not running (CI_AKVORADO_FUNCTIONAL_TESTS is not set)
2026-03-31T06:36:54.2002497Z 
2026-03-31T06:36:54.2002632Z === [31mFailed[0m
2026-03-31T06:36:54.2003592Z === [31mFAIL[0m: cmd/akvorado TestOrchestratorConfig/clickhouse-network-sources (0.01s)
2026-03-31T06:36:54.2004725Z     /home/runner/work/akvorado/akvorado/cmd/akvorado/orchestrator_test.go:98: `orchestrator` --dump, key "clickhouse.networksources.amazon" (-got, +want):
2026-03-31T06:36:54.2005482Z           map[string]any{
2026-03-31T06:36:54.2005888Z           	"headers":    map[string]any{},
2026-03-31T06:36:54.2006321Z           	"interval":   string("6h0m0s"),
2026-03-31T06:36:54.2006727Z           	"method":     string("GET"),
2026-03-31T06:36:54.2007157Z         - 	"pagination": string("auto"),
2026-03-31T06:36:54.2007583Z           	"parser":     string("json"),
2026-03-31T06:36:54.2007982Z           	"proxy":      bool(true),
2026-03-31T06:36:54.2008599Z           	... // 4 identical entries
2026-03-31T06:36:54.2008919Z           }
2026-03-31T06:36:54.2009025Z 
2026-03-31T06:36:54.2009335Z === [31mFAIL[0m: cmd/akvorado TestOrchestratorConfig (0.16s)
2026-03-31T06:36:54.2009588Z 
2026-03-31T06:36:54.2009794Z DONE 1216 tests, 22 skipped, 2 failures in 14.667s
2026-03-31T06:36:54.2050467Z make: *** [Makefile:210: test-go-units] Error 1
2026-03-31T06:36:54.2067018Z ##[error]Process completed with exit code 2.
2026-03-31T06:36:54.2177133Z Post job cleanup.
2026-03-31T06:36:54.2212476Z Post job cleanup.
2026-03-31T06:36:54.3688202Z Pruning is unnecessary.
2026-03-31T06:36:54.3852344Z Post job cleanup.
2026-03-31T06:36:54.4719835Z [command]/usr/bin/git version
2026-03-31T06:36:54.4759179Z git version 2.53.0
2026-03-31T06:36:54.4800501Z Temporarily overriding HOME='/home/runner/work/_temp/9def84d3-e914-4e06-a374-480f8e5acc10' before making global git config changes
2026-03-31T06:36:54.4802157Z Adding repository directory to the temporary git global config as a safe directory
2026-03-31T06:36:54.4807293Z [command]/usr/bin/git config --global --add safe.directory /home/runner/work/akvorado/akvorado
2026-03-31T06:36:54.4837221Z Removing SSH command configuration
2026-03-31T06:36:54.4844269Z [command]/usr/bin/git config --local --name-only --get-regexp core\.sshCommand
2026-03-31T06:36:54.4877216Z [command]/usr/bin/git submodule foreach --recursive sh -c "git config --local --name-only --get-regexp 'core\.sshCommand' && git config --local --unset-all 'core.sshCommand' || :"
2026-03-31T06:36:54.5101341Z Removing HTTP extra header
2026-03-31T06:36:54.5107387Z [command]/usr/bin/git config --local --name-only --get-regexp http\.https\:\/\/github\.com\/\.extraheader
2026-03-31T06:36:54.5140349Z [command]/usr/bin/git submodule foreach --recursive sh -c "git config --local --name-only --get-regexp 'http\.https\:\/\/github\.com\/\.extraheader' && git config --local --unset-all 'http.https://github.com/.extraheader' || :"
2026-03-31T06:36:54.5354214Z Removing includeIf entries pointing to credentials config files
2026-03-31T06:36:54.5360880Z [command]/usr/bin/git config --local --name-only --get-regexp ^includeIf\.gitdir:
2026-03-31T06:36:54.5425337Z [command]/usr/bin/git submodule foreach --recursive git config --local --show-origin --name-only --get-regexp remote.origin.url
2026-03-31T06:36:54.5773535Z Cleaning up orphan processes
