2026-02-23T10:52:31.3310953Z Current runner version: '2.331.0'
2026-02-23T10:52:31.3333467Z ##[group]Runner Image Provisioner
2026-02-23T10:52:31.3334251Z Hosted Compute Agent
2026-02-23T10:52:31.3334895Z Version: 20260123.484
2026-02-23T10:52:31.3335459Z Commit: 6bd6555ca37d84114959e1c76d2c01448ff61c5d
2026-02-23T10:52:31.3336169Z Build Date: 2026-01-23T19:41:17Z
2026-02-23T10:52:31.3337215Z Worker ID: {298dbe86-54f0-4043-92da-0cd3aab66015}
2026-02-23T10:52:31.3337915Z Azure Region: eastus2
2026-02-23T10:52:31.3338406Z ##[endgroup]
2026-02-23T10:52:31.3339878Z ##[group]Operating System
2026-02-23T10:52:31.3340456Z Ubuntu
2026-02-23T10:52:31.3340950Z 24.04.3
2026-02-23T10:52:31.3341339Z LTS
2026-02-23T10:52:31.3341863Z ##[endgroup]
2026-02-23T10:52:31.3342338Z ##[group]Runner Image
2026-02-23T10:52:31.3342804Z Image: ubuntu-24.04
2026-02-23T10:52:31.3343430Z Version: 20260201.15.1
2026-02-23T10:52:31.3344584Z Included Software: https://github.com/actions/runner-images/blob/ubuntu24/20260201.15/images/ubuntu/Ubuntu2404-Readme.md
2026-02-23T10:52:31.3346084Z Image Release: https://github.com/actions/runner-images/releases/tag/ubuntu24%2F20260201.15
2026-02-23T10:52:31.3347245Z ##[endgroup]
2026-02-23T10:52:31.3349814Z ##[group]GITHUB_TOKEN Permissions
2026-02-23T10:52:31.3351745Z Actions: read
2026-02-23T10:52:31.3352273Z ArtifactMetadata: read
2026-02-23T10:52:31.3352881Z Attestations: read
2026-02-23T10:52:31.3353380Z Checks: read
2026-02-23T10:52:31.3353811Z Contents: read
2026-02-23T10:52:31.3354346Z Deployments: read
2026-02-23T10:52:31.3354842Z Discussions: read
2026-02-23T10:52:31.3355321Z Issues: read
2026-02-23T10:52:31.3355786Z Metadata: read
2026-02-23T10:52:31.3356445Z Models: read
2026-02-23T10:52:31.3357260Z Packages: read
2026-02-23T10:52:31.3358111Z Pages: read
2026-02-23T10:52:31.3358997Z PullRequests: read
2026-02-23T10:52:31.3359505Z RepositoryProjects: read
2026-02-23T10:52:31.3360124Z SecurityEvents: read
2026-02-23T10:52:31.3360616Z Statuses: read
2026-02-23T10:52:31.3361101Z ##[endgroup]
2026-02-23T10:52:31.3363169Z Secret source: Dependabot
2026-02-23T10:52:31.3363900Z Prepare workflow directory
2026-02-23T10:52:31.3868139Z Prepare all required actions
2026-02-23T10:52:31.3904788Z Getting action download info
2026-02-23T10:52:31.6801798Z Download action repository 'actions/checkout@v6' (SHA:de0fac2e4500dabe0009e67214ff5f5447ce83dd)
2026-02-23T10:52:31.7622075Z Download action repository 'actions/setup-go@v6' (SHA:7a3fe6cf4cb3a834922a1244abfce67bcef6a0c5)
2026-02-23T10:52:32.1263749Z Uses: charmbracelet/meta/.github/workflows/build.yml@refs/heads/main (f47f82f381f2acf3b9b525f2fd8873738880677d)
2026-02-23T10:52:32.1268613Z ##[group] Inputs
2026-02-23T10:52:32.1269085Z   go_version: 
2026-02-23T10:52:32.1269465Z   go-version: stable
2026-02-23T10:52:32.1269873Z   go-version-file: 
2026-02-23T10:52:32.1270269Z   working-directory: 
2026-02-23T10:52:32.1270685Z ##[endgroup]
2026-02-23T10:52:32.1271109Z Complete job name: build / build (ubuntu-latest)
2026-02-23T10:52:32.1879558Z ##[group]Run actions/checkout@v6
2026-02-23T10:52:32.1880374Z with:
2026-02-23T10:52:32.1880774Z   repository: charmbracelet/lipgloss
2026-02-23T10:52:32.1881421Z   token: ***
2026-02-23T10:52:32.1881800Z   ssh-strict: true
2026-02-23T10:52:32.1882190Z   ssh-user: git
2026-02-23T10:52:32.1882576Z   persist-credentials: true
2026-02-23T10:52:32.1883015Z   clean: true
2026-02-23T10:52:32.1883410Z   sparse-checkout-cone-mode: true
2026-02-23T10:52:32.1883885Z   fetch-depth: 1
2026-02-23T10:52:32.1884257Z   fetch-tags: false
2026-02-23T10:52:32.1884643Z   show-progress: true
2026-02-23T10:52:32.1885031Z   lfs: false
2026-02-23T10:52:32.1885391Z   submodules: false
2026-02-23T10:52:32.1885780Z   set-safe-directory: true
2026-02-23T10:52:32.1886576Z env:
2026-02-23T10:52:32.1886937Z   GO111MODULE: on
2026-02-23T10:52:32.1887314Z   GH_PAT: 
2026-02-23T10:52:32.1887666Z ##[endgroup]
2026-02-23T10:52:32.2783821Z Syncing repository: charmbracelet/lipgloss
2026-02-23T10:52:32.2785601Z ##[group]Getting Git version info
2026-02-23T10:52:32.2786565Z Working directory is '/home/runner/work/lipgloss/lipgloss'
2026-02-23T10:52:32.2787965Z [command]/usr/bin/git version
2026-02-23T10:52:32.2844961Z git version 2.52.0
2026-02-23T10:52:32.2867203Z ##[endgroup]
2026-02-23T10:52:32.2882734Z Temporarily overriding HOME='/home/runner/work/_temp/bf588bf3-6f5a-4718-958f-9fb0c0d73342' before making global git config changes
2026-02-23T10:52:32.2885090Z Adding repository directory to the temporary git global config as a safe directory
2026-02-23T10:52:32.2888633Z [command]/usr/bin/git config --global --add safe.directory /home/runner/work/lipgloss/lipgloss
2026-02-23T10:52:32.2926774Z Deleting the contents of '/home/runner/work/lipgloss/lipgloss'
2026-02-23T10:52:32.2930548Z ##[group]Initializing the repository
2026-02-23T10:52:32.2935241Z [command]/usr/bin/git init /home/runner/work/lipgloss/lipgloss
2026-02-23T10:52:32.3039604Z hint: Using 'master' as the name for the initial branch. This default branch name
2026-02-23T10:52:32.3041123Z hint: will change to "main" in Git 3.0. To configure the initial branch name
2026-02-23T10:52:32.3042025Z hint: to use in all of your new repositories, which will suppress this warning,
2026-02-23T10:52:32.3042697Z hint: call:
2026-02-23T10:52:32.3043041Z hint:
2026-02-23T10:52:32.3043500Z hint: 	git config --global init.defaultBranch <name>
2026-02-23T10:52:32.3044483Z hint:
2026-02-23T10:52:32.3045399Z hint: Names commonly chosen instead of 'master' are 'main', 'trunk' and
2026-02-23T10:52:32.3047032Z hint: 'development'. The just-created branch can be renamed via this command:
2026-02-23T10:52:32.3048358Z hint:
2026-02-23T10:52:32.3049132Z hint: 	git branch -m <name>
2026-02-23T10:52:32.3049953Z hint:
2026-02-23T10:52:32.3051078Z hint: Disable this message with "git config set advice.defaultBranchName false"
2026-02-23T10:52:32.3052824Z Initialized empty Git repository in /home/runner/work/lipgloss/lipgloss/.git/
2026-02-23T10:52:32.3057837Z [command]/usr/bin/git remote add origin https://github.com/charmbracelet/lipgloss
2026-02-23T10:52:32.3130487Z ##[endgroup]
2026-02-23T10:52:32.3131685Z ##[group]Disabling automatic garbage collection
2026-02-23T10:52:32.3134923Z [command]/usr/bin/git config --local gc.auto 0
2026-02-23T10:52:32.3163967Z ##[endgroup]
2026-02-23T10:52:32.3165158Z ##[group]Setting up auth
2026-02-23T10:52:32.3166057Z Removing SSH command configuration
2026-02-23T10:52:32.3172047Z [command]/usr/bin/git config --local --name-only --get-regexp core\.sshCommand
2026-02-23T10:52:32.3203463Z [command]/usr/bin/git submodule foreach --recursive sh -c "git config --local --name-only --get-regexp 'core\.sshCommand' && git config --local --unset-all 'core.sshCommand' || :"
2026-02-23T10:52:32.3534122Z Removing HTTP extra header
2026-02-23T10:52:32.3541153Z [command]/usr/bin/git config --local --name-only --get-regexp http\.https\:\/\/github\.com\/\.extraheader
2026-02-23T10:52:32.3574566Z [command]/usr/bin/git submodule foreach --recursive sh -c "git config --local --name-only --get-regexp 'http\.https\:\/\/github\.com\/\.extraheader' && git config --local --unset-all 'http.https://github.com/.extraheader' || :"
2026-02-23T10:52:32.3807976Z Removing includeIf entries pointing to credentials config files
2026-02-23T10:52:32.3813955Z [command]/usr/bin/git config --local --name-only --get-regexp ^includeIf\.gitdir:
2026-02-23T10:52:32.3851078Z [command]/usr/bin/git submodule foreach --recursive git config --local --show-origin --name-only --get-regexp remote.origin.url
2026-02-23T10:52:32.4084815Z [command]/usr/bin/git config --file /home/runner/work/_temp/git-credentials-5bc61367-6933-4d75-bc1d-0c065abd4151.config http.https://github.com/.extraheader AUTHORIZATION: basic ***
2026-02-23T10:52:32.4125009Z [command]/usr/bin/git config --local includeIf.gitdir:/home/runner/work/lipgloss/lipgloss/.git.path /home/runner/work/_temp/git-credentials-5bc61367-6933-4d75-bc1d-0c065abd4151.config
2026-02-23T10:52:32.4158994Z [command]/usr/bin/git config --local includeIf.gitdir:/home/runner/work/lipgloss/lipgloss/.git/worktrees/*.path /home/runner/work/_temp/git-credentials-5bc61367-6933-4d75-bc1d-0c065abd4151.config
2026-02-23T10:52:32.4201871Z [command]/usr/bin/git config --local includeIf.gitdir:/github/workspace/.git.path /github/runner_temp/git-credentials-5bc61367-6933-4d75-bc1d-0c065abd4151.config
2026-02-23T10:52:32.4233353Z [command]/usr/bin/git config --local includeIf.gitdir:/github/workspace/.git/worktrees/*.path /github/runner_temp/git-credentials-5bc61367-6933-4d75-bc1d-0c065abd4151.config
2026-02-23T10:52:32.4258672Z ##[endgroup]
2026-02-23T10:52:32.4259842Z ##[group]Fetching the repository
2026-02-23T10:52:32.4268414Z [command]/usr/bin/git -c protocol.version=2 fetch --no-tags --prune --no-recurse-submodules --depth=1 origin +cdec4c1a2a2b2b64a95bdc4ead3511e4874434ed:refs/remotes/pull/615/merge
2026-02-23T10:52:32.6278635Z From https://github.com/charmbracelet/lipgloss
2026-02-23T10:52:32.6280525Z  * [new ref]         cdec4c1a2a2b2b64a95bdc4ead3511e4874434ed -> pull/615/merge
2026-02-23T10:52:32.6314334Z ##[endgroup]
2026-02-23T10:52:32.6315672Z ##[group]Determining the checkout info
2026-02-23T10:52:32.6319039Z ##[endgroup]
2026-02-23T10:52:32.6321188Z [command]/usr/bin/git sparse-checkout disable
2026-02-23T10:52:32.6365822Z [command]/usr/bin/git config --local --unset-all extensions.worktreeConfig
2026-02-23T10:52:32.6395368Z ##[group]Checking out the ref
2026-02-23T10:52:32.6399600Z [command]/usr/bin/git checkout --progress --force refs/remotes/pull/615/merge
2026-02-23T10:52:32.6528699Z Note: switching to 'refs/remotes/pull/615/merge'.
2026-02-23T10:52:32.6530589Z 
2026-02-23T10:52:32.6531939Z You are in 'detached HEAD' state. You can look around, make experimental
2026-02-23T10:52:32.6534328Z changes and commit them, and you can discard any commits you make in this
2026-02-23T10:52:32.6536756Z state without impacting any branches by switching back to a branch.
2026-02-23T10:52:32.6538019Z 
2026-02-23T10:52:32.6539026Z If you want to create a new branch to retain commits you create, you may
2026-02-23T10:52:32.6541244Z do so (now or later) by using -c with the switch command. Example:
2026-02-23T10:52:32.6542568Z 
2026-02-23T10:52:32.6543150Z   git switch -c <new-branch-name>
2026-02-23T10:52:32.6544029Z 
2026-02-23T10:52:32.6544477Z Or undo this operation with:
2026-02-23T10:52:32.6545193Z 
2026-02-23T10:52:32.6545728Z   git switch -
2026-02-23T10:52:32.6546561Z 
2026-02-23T10:52:32.6547531Z Turn off this advice by setting config variable advice.detachedHead to false
2026-02-23T10:52:32.6549058Z 
2026-02-23T10:52:32.6550451Z HEAD is now at cdec4c1 Merge b3d155a2859afcc01b8777015a7029964437ca11 into 1e3ee3483a907facd98ca0a56f6694a0e9365f26
2026-02-23T10:52:32.6553944Z ##[endgroup]
2026-02-23T10:52:32.6578704Z [command]/usr/bin/git log -1 --format=%H
2026-02-23T10:52:32.6601722Z cdec4c1a2a2b2b64a95bdc4ead3511e4874434ed
2026-02-23T10:52:32.6954728Z ##[group]Run actions/setup-go@v6
2026-02-23T10:52:32.6955958Z with:
2026-02-23T10:52:32.6956862Z   go-version: stable
2026-02-23T10:52:32.6957725Z   cache: true
2026-02-23T10:52:32.6958580Z   check-latest: false
2026-02-23T10:52:32.6959814Z   token: ***
2026-02-23T10:52:32.6960585Z env:
2026-02-23T10:52:32.6961389Z   GO111MODULE: on
2026-02-23T10:52:32.6962220Z   GH_PAT: 
2026-02-23T10:52:32.6962960Z ##[endgroup]
2026-02-23T10:52:32.8138320Z Setup go version spec stable
2026-02-23T10:52:33.2507078Z stable version resolved as 1.26.0
2026-02-23T10:52:33.2524416Z Attempting to download 1.26.0...
2026-02-23T10:52:33.2525212Z matching 1.26.0...
2026-02-23T10:52:33.2550238Z Acquiring 1.26.0 from https://github.com/actions/go-versions/releases/download/1.26.0-21889650668/go-1.26.0-linux-x64.tar.gz
2026-02-23T10:52:33.6571278Z Extracting Go...
2026-02-23T10:52:33.6680039Z [command]/usr/bin/tar xz --warning=no-unknown-keyword --overwrite -C /home/runner/work/_temp/0b351ba3-e312-4b21-85e9-ea6a4345a9d5 -f /home/runner/work/_temp/695bdd1a-df1b-479b-a55f-ca2bb0e5c0e7
2026-02-23T10:52:35.3481502Z Successfully extracted go to /home/runner/work/_temp/0b351ba3-e312-4b21-85e9-ea6a4345a9d5
2026-02-23T10:52:35.3482564Z Adding to the cache ...
2026-02-23T10:52:40.2271685Z Successfully cached go to /opt/hostedtoolcache/go/1.26.0/x64
2026-02-23T10:52:40.2280115Z Added go to the path
2026-02-23T10:52:40.2280643Z Successfully set up Go version stable
2026-02-23T10:52:40.2550317Z [command]/opt/hostedtoolcache/go/1.26.0/x64/bin/go env GOMODCACHE
2026-02-23T10:52:40.2593561Z [command]/opt/hostedtoolcache/go/1.26.0/x64/bin/go env GOCACHE
2026-02-23T10:52:40.2710792Z /home/runner/go/pkg/mod
2026-02-23T10:52:40.2762475Z /home/runner/.cache/go-build
2026-02-23T10:52:40.3313447Z Cache is not found
2026-02-23T10:52:40.3340288Z go version go1.26.0 linux/amd64
2026-02-23T10:52:40.3340881Z 
2026-02-23T10:52:40.3341507Z ##[group]go env
2026-02-23T10:52:41.1134527Z AR='ar'
2026-02-23T10:52:41.1135921Z CC='gcc'
2026-02-23T10:52:41.1137755Z CGO_CFLAGS='-O2 -g'
2026-02-23T10:52:41.1138150Z CGO_CPPFLAGS=''
2026-02-23T10:52:41.1138476Z CGO_CXXFLAGS='-O2 -g'
2026-02-23T10:52:41.1138807Z CGO_ENABLED='1'
2026-02-23T10:52:41.1139096Z CGO_FFLAGS='-O2 -g'
2026-02-23T10:52:41.1139423Z CGO_LDFLAGS='-O2 -g'
2026-02-23T10:52:41.1139710Z CXX='g++'
2026-02-23T10:52:41.1139979Z GCCGO='gccgo'
2026-02-23T10:52:41.1140282Z GO111MODULE='on'
2026-02-23T10:52:41.1140574Z GOAMD64='v1'
2026-02-23T10:52:41.1140889Z GOARCH='amd64'
2026-02-23T10:52:41.1141164Z GOAUTH='netrc'
2026-02-23T10:52:41.1141432Z GOBIN=''
2026-02-23T10:52:41.1141728Z GOCACHE='/home/runner/.cache/go-build'
2026-02-23T10:52:41.1142128Z GOCACHEPROG=''
2026-02-23T10:52:41.1142411Z GODEBUG=''
2026-02-23T10:52:41.1142716Z GOENV='/home/runner/.config/go/env'
2026-02-23T10:52:41.1143078Z GOEXE=''
2026-02-23T10:52:41.1143349Z GOEXPERIMENT=''
2026-02-23T10:52:41.1143641Z GOFIPS140='off'
2026-02-23T10:52:41.1143924Z GOFLAGS=''
2026-02-23T10:52:41.1145059Z GOGCCFLAGS='-fPIC -m64 -pthread -Wl,--no-gc-sections -fmessage-length=0 -ffile-prefix-map=/tmp/go-build4152888225=/tmp/go-build -gno-record-gcc-switches'
2026-02-23T10:52:41.1146075Z GOHOSTARCH='amd64'
2026-02-23T10:52:41.1146708Z GOHOSTOS='linux'
2026-02-23T10:52:41.1146999Z GOINSECURE=''
2026-02-23T10:52:41.1147392Z GOMOD='/home/runner/work/lipgloss/lipgloss/go.mod'
2026-02-23T10:52:41.1147871Z GOMODCACHE='/home/runner/go/pkg/mod'
2026-02-23T10:52:41.1148255Z GONOPROXY=''
2026-02-23T10:52:41.1148516Z GONOSUMDB=''
2026-02-23T10:52:41.1148783Z GOOS='linux'
2026-02-23T10:52:41.1149070Z GOPATH='/home/runner/go'
2026-02-23T10:52:41.1149383Z GOPRIVATE=''
2026-02-23T10:52:41.1149732Z GOPROXY='https://proxy.golang.org,direct'
2026-02-23T10:52:41.1150211Z GOROOT='/opt/hostedtoolcache/go/1.26.0/x64'
2026-02-23T10:52:41.1150626Z GOSUMDB='sum.golang.org'
2026-02-23T10:52:41.1150934Z GOTELEMETRY='local'
2026-02-23T10:52:41.1151307Z GOTELEMETRYDIR='/home/runner/.config/go/telemetry'
2026-02-23T10:52:41.1151755Z GOTMPDIR=''
2026-02-23T10:52:41.1152353Z GOTOOLCHAIN='local'
2026-02-23T10:52:41.1152821Z GOTOOLDIR='/opt/hostedtoolcache/go/1.26.0/x64/pkg/tool/linux_amd64'
2026-02-23T10:52:41.1153332Z GOVCS=''
2026-02-23T10:52:41.1153585Z GOVERSION='go1.26.0'
2026-02-23T10:52:41.1153862Z GOWORK=''
2026-02-23T10:52:41.1154153Z PKG_CONFIG='pkg-config'
2026-02-23T10:52:41.1154352Z 
2026-02-23T10:52:41.1155124Z ##[endgroup]
2026-02-23T10:52:41.1397912Z ##[group]Run go mod tidy
2026-02-23T10:52:41.1398216Z [36;1mgo mod tidy[0m
2026-02-23T10:52:41.1434701Z shell: /usr/bin/bash -e {0}
2026-02-23T10:52:41.1434955Z env:
2026-02-23T10:52:41.1435124Z   GO111MODULE: on
2026-02-23T10:52:41.1435308Z   GH_PAT: 
2026-02-23T10:52:41.1435474Z   GOTOOLCHAIN: local
2026-02-23T10:52:41.1435673Z ##[endgroup]
2026-02-23T10:52:41.1583643Z go: downloading github.com/charmbracelet/x/ansi v0.11.6
2026-02-23T10:52:41.1584968Z go: downloading github.com/charmbracelet/x/exp/golden v0.0.0-20250609102027-b60490452b30
2026-02-23T10:52:41.1587039Z go: downloading github.com/muesli/termenv v0.16.0
2026-02-23T10:52:41.1611097Z go: downloading github.com/aymanbagabas/go-udiff v0.4.0
2026-02-23T10:52:41.2263938Z go: downloading github.com/charmbracelet/x/cellbuf v0.0.15
2026-02-23T10:52:41.2457761Z go: downloading github.com/clipperhouse/displaywidth v0.9.0
2026-02-23T10:52:41.2579838Z go: downloading github.com/rivo/uniseg v0.4.7
2026-02-23T10:52:41.3029356Z go: downloading github.com/charmbracelet/colorprofile v0.4.1
2026-02-23T10:52:41.3185122Z go: downloading github.com/charmbracelet/x/term v0.2.2
2026-02-23T10:52:41.3285161Z go: downloading github.com/mattn/go-runewidth v0.0.19
2026-02-23T10:52:41.3354958Z go: downloading github.com/clipperhouse/uax29/v2 v2.5.0
2026-02-23T10:52:41.3361634Z go: downloading github.com/lucasb-eyer/go-colorful v1.3.0
2026-02-23T10:52:41.3561102Z go: downloading github.com/aymanbagabas/go-osc52/v2 v2.0.1
2026-02-23T10:52:41.3562191Z go: downloading github.com/mattn/go-isatty v0.0.20
2026-02-23T10:52:41.3733899Z go: downloading golang.org/x/sys v0.38.0
2026-02-23T10:52:41.4357679Z go: downloading github.com/clipperhouse/stringish v0.1.1
2026-02-23T10:52:41.4684306Z go: downloading github.com/xo/terminfo v0.0.0-20220910002029-abceb7e1c41e
2026-02-23T10:52:41.5350660Z go: downloading golang.org/x/exp v0.0.0-20231006140011-7918f672742d
2026-02-23T10:52:41.6465462Z ##[group]Run git diff --exit-code
2026-02-23T10:52:41.6465773Z [36;1mgit diff --exit-code[0m
2026-02-23T10:52:41.6497749Z shell: /usr/bin/bash -e {0}
2026-02-23T10:52:41.6497979Z env:
2026-02-23T10:52:41.6498146Z   GO111MODULE: on
2026-02-23T10:52:41.6498324Z   GH_PAT: 
2026-02-23T10:52:41.6498481Z   GOTOOLCHAIN: local
2026-02-23T10:52:41.6498673Z ##[endgroup]
2026-02-23T10:52:41.6632934Z ##[group]Run go build ./...
2026-02-23T10:52:41.6633196Z [36;1mgo build ./...[0m
2026-02-23T10:52:41.6662748Z shell: /usr/bin/bash -e {0}
2026-02-23T10:52:41.6662978Z env:
2026-02-23T10:52:41.6663137Z   GO111MODULE: on
2026-02-23T10:52:41.6663311Z   GH_PAT: 
2026-02-23T10:52:41.6663479Z   GOTOOLCHAIN: local
2026-02-23T10:52:41.6663671Z ##[endgroup]
2026-02-23T10:52:49.2486968Z ##[group]Run go test ./...
2026-02-23T10:52:49.2487259Z [36;1mgo test ./...[0m
2026-02-23T10:52:49.2519789Z shell: /usr/bin/bash -e {0}
2026-02-23T10:52:49.2520013Z env:
2026-02-23T10:52:49.2520177Z   GO111MODULE: on
2026-02-23T10:52:49.2520367Z   GH_PAT: 
2026-02-23T10:52:49.2520536Z   GOTOOLCHAIN: local
2026-02-23T10:52:49.2520719Z ##[endgroup]
2026-02-23T10:52:52.6799185Z ok  	github.com/charmbracelet/lipgloss	0.007s
2026-02-23T10:52:52.7190780Z ok  	github.com/charmbracelet/lipgloss/list	0.007s
2026-02-23T10:52:52.7509480Z --- FAIL: TestContentWrapping_ColumnWidth (0.01s)
2026-02-23T10:52:52.7510440Z     --- FAIL: TestContentWrapping_ColumnWidth/LongTextDifferentLanguages (0.00s)
2026-02-23T10:52:52.7511223Z         table_test.go:1074: 5
2026-02-23T10:52:52.7511886Z         table_test.go:1075: output does not match, expected:
2026-02-23T10:52:52.7512219Z             
2026-02-23T10:52:52.7513173Z             ╭─────────────┬──────────────────────────────┬─────┬─────────────┬─────────────╮
2026-02-23T10:52:52.7514077Z             │Hello        │你好                          │مرحبًا│안녕하세요   │             │
2026-02-23T10:52:52.7514910Z             ├─────────────┼──────────────────────────────┼─────┼─────────────┼─────────────┤
2026-02-23T10:52:52.7515724Z             │Lorem ipsum  │耐許ヱヨカハ調出あゆ監件び理別│شيء  │版応道潟部中 │각급         │
2026-02-23T10:52:52.7516660Z             │dolor sit    │よン國給災レホチ権輝モエフ会割│قد   │幕爆営報門案 │선거관리위원 │
2026-02-23T10:52:52.7517456Z             │amet, regione│もフ響3現エツ文時しだびほ経機 │للحكو│名見壌府。博 │회의         │
2026-02-23T10:52:52.7518179Z             │detracto eos │ムイメフ敗文ヨク現義なさド請情│مة   │健必権次覧編 │조직·직무범위│
2026-02-23T10:52:52.7518797Z             │an. Has ei   │ゆじょて憶主管州けでふく。排ゃ│والكو│仕断青場内凄 │기타 필요한  │
2026-02-23T10:52:52.7519450Z             │quidam       │わつげ美刊ヱミ出見ツ南者オ抜豆│ري   │新東深簿代供 │사항은 법률로│
2026-02-23T10:52:52.7520124Z             │hendrerit    │ハトロネ論索モネニイ任償スヲ話│الأور│供。守聞書神 │정한다.      │
2026-02-23T10:52:52.7520861Z             │intellegebat,│破リヤヨ秒止口イセソス止央のさ│وبيّون│秀同浜東波恋 │임시회의     │
2026-02-23T10:52:52.7521549Z             │id tamquam   │食周健でてつだ官送ト読聴遊容ひ│,    │闘秀。未格打 │회기는 30일을│
2026-02-23T10:52:52.7522232Z             │iudicabit    │るべ。際ぐドらづ市居ネムヤ研校│بوابة│好作器来利阪 │초과할 수    │
2026-02-23T10:52:52.7522929Z             │necessitatibu│35岩6繹ごわク報拐イ革深52球ゃ │تعديل│持西焦朝三女 │없다. 국가는 │
2026-02-23T10:52:52.7523947Z             │s ius, at    │レスご究東スラ衝3間ラ録占たス │واعتل│。権幽問季負 │여자의 복지와│
2026-02-23T10:52:52.7524651Z             │errem        │。                            │اء   │娘購合旧資健 │권익의 향상을│
2026-02-23T10:52:52.7525317Z             │officiis     │禁にンご忘康ざほぎル騰般ねど事│ضرب  │載員式活陸。 │위하여       │
2026-02-23T10:52:52.7525932Z             │hendrerit    │超スんいう真表何カモ自浩ヲシミ│بـ.  │未倍校朝遺続 │노력하여야   │
2026-02-23T10:52:52.7526750Z             │mei. Exerci  │図客線るふ静王ぱーま写村月掛焼│إذ   │術吉迎暮広知 │한다. 국군의 │
2026-02-23T10:52:52.7527422Z             │noster at    │詐面ぞゃ。昇強ごントほ価保キ族│أسر  │角亡志不説空 │조직과 편성은│
2026-02-23T10:52:52.7528097Z             │has, sit id  │85岡モテ恋困ひりこな刊並せご出│اتّجة │住。法省当死 │법률로       │
2026-02-23T10:52:52.7528998Z             │tota         │来ぼぎむう点目ヲウ止環公ニレ事│اعلان│年勝絡聞方北 │정한다.      │
2026-02-23T10:52:52.7529753Z             │convenire,   │応タス必書タメムノ当84無信升ち│, ٣٠ │投健。室分性 │             │
2026-02-23T10:52:52.7530456Z             │vel ex rebum │ひょ。価ーぐ中客テサ告覧ヨトハ│اكتوب│山天態意画詳 │             │
2026-02-23T10:52:52.7531185Z             │inciderint   │極整ラ得95稿はかラせ江利ス宏丸│ر    │知浅方裁。変 │             │
2026-02-23T10:52:52.7532036Z             │liberavisse. │霊ミ考整ス静将ず業巨職ノラホ収│العصب│激伝阜中野品 │             │
2026-02-23T10:52:52.7532763Z             │Quaeque      │嗅ざな。                      │ة    │省載嗅闘額端 │             │
2026-02-23T10:52:52.7533514Z             │delectus     │                              │استمر│反。中必台際 │             │
2026-02-23T10:52:52.7534272Z             │corrumpit cu │                              │ار   │造事寄民経能 │             │
2026-02-23T10:52:52.7534976Z             │cum.         │                              │ومن. │前作臓       │             │
2026-02-23T10:52:52.7535715Z             │             │                              │أفاق │             │             │
2026-02-23T10:52:52.7536630Z             │             │                              │للسيط│             │             │
2026-02-23T10:52:52.7537365Z             │             │                              │رة   │             │             │
2026-02-23T10:52:52.7538082Z             │             │                              │التار│             │             │
2026-02-23T10:52:52.7538722Z             │             │                              │يخ،  │             │             │
2026-02-23T10:52:52.7539438Z             │             │                              │مع   │             │             │
2026-02-23T10:52:52.7540052Z             │             │                              │بحث, │             │             │
2026-02-23T10:52:52.7540773Z             │             │                              │كلّ   │             │             │
2026-02-23T10:52:52.7541407Z             │             │                              │اتّجة │             │             │
2026-02-23T10:52:52.7542044Z             │             │                              │القوى│             │             │
2026-02-23T10:52:52.7542742Z             │             │                              │مع.  │             │             │
2026-02-23T10:52:52.7543554Z             │             │                              │فبعد │             │             │
2026-02-23T10:52:52.7544185Z             │             │                              │ايطال│             │             │
2026-02-23T10:52:52.7544810Z             │             │                              │يا،  │             │             │
2026-02-23T10:52:52.7545431Z             │             │                              │تم   │             │             │
2026-02-23T10:52:52.7546048Z             │             │                              │حتى, │             │             │
2026-02-23T10:52:52.7546912Z             │             │                              │لكل  │             │             │
2026-02-23T10:52:52.7547691Z             │             │                              │تم   │             │             │
2026-02-23T10:52:52.7548316Z             │             │                              │جسيمة│             │             │
2026-02-23T10:52:52.7548938Z             │             │                              │الإحت│             │             │
2026-02-23T10:52:52.7549570Z             │             │                              │فاظ  │             │             │
2026-02-23T10:52:52.7550183Z             │             │                              │وباست│             │             │
2026-02-23T10:52:52.7550802Z             │             │                              │ثناء,│             │             │
2026-02-23T10:52:52.7551411Z             │             │                              │عل   │             │             │
2026-02-23T10:52:52.7552027Z             │             │                              │فرنسا│             │             │
2026-02-23T10:52:52.7552654Z             │             │                              │وانته│             │             │
2026-02-23T10:52:52.7553272Z             │             │                              │اءً   │             │             │
2026-02-23T10:52:52.7554001Z             │             │                              │الإقت│             │             │
2026-02-23T10:52:52.7554656Z             │             │                              │صادية│             │             │
2026-02-23T10:52:52.7555346Z             │             │                              │عرض. │             │             │
2026-02-23T10:52:52.7555973Z             │             │                              │ونتج │             │             │
2026-02-23T10:52:52.7556768Z             │             │                              │دأبوا│             │             │
2026-02-23T10:52:52.7557395Z             │             │                              │إحكام│             │             │
2026-02-23T10:52:52.7558014Z             │             │                              │بال  │             │             │
2026-02-23T10:52:52.7558646Z             │             │                              │إذ.  │             │             │
2026-02-23T10:52:52.7559266Z             │             │                              │لغات │             │             │
2026-02-23T10:52:52.7559882Z             │             │                              │عملية│             │             │
2026-02-23T10:52:52.7560657Z             │             │                              │وتم  │             │             │
2026-02-23T10:52:52.7561274Z             │             │                              │مع,  │             │             │
2026-02-23T10:52:52.7561890Z             │             │                              │وصل  │             │             │
2026-02-23T10:52:52.7562507Z             │             │                              │بداية│             │             │
2026-02-23T10:52:52.7563118Z             │             │                              │وبغطا│             │             │
2026-02-23T10:52:52.7563752Z             │             │                              │ء    │             │             │
2026-02-23T10:52:52.7564375Z             │             │                              │البري│             │             │
2026-02-23T10:52:52.7564991Z             │             │                              │ة بل,│             │             │
2026-02-23T10:52:52.7565622Z             │             │                              │أي   │             │             │
2026-02-23T10:52:52.7566394Z             │             │                              │قررت │             │             │
2026-02-23T10:52:52.7567147Z             │             │                              │بلاده│             │             │
2026-02-23T10:52:52.7567776Z             │             │                              │فكانت│             │             │
2026-02-23T10:52:52.7568399Z             │             │                              │حدى  │             │             │
2026-02-23T10:52:52.7569017Z             │             │                              │     │             │             │
2026-02-23T10:52:52.7569869Z             ╰─────────────┴──────────────────────────────┴─────┴─────────────┴─────────────╯
2026-02-23T10:52:52.7570248Z             
2026-02-23T10:52:52.7570445Z             got:
2026-02-23T10:52:52.7570638Z             
2026-02-23T10:52:52.7571252Z             ╭─────────────┬──────────────────────────────┬─────┬─────────────┬─────────────╮
2026-02-23T10:52:52.7571960Z             │Hello        │你好                          │مرحبًا│안녕하세요   │             │
2026-02-23T10:52:52.7572711Z             ├─────────────┼──────────────────────────────┼─────┼─────────────┼─────────────┤
2026-02-23T10:52:52.7573369Z             │Lorem ipsum  │耐許ヱヨカハ調出あゆ監件び理別│شيء  │版応道潟部中 │각급         │
2026-02-23T10:52:52.7573958Z             │dolor sit    │よン國給災レホチ権輝モエフ会割│قد   │幕爆営報門案 │선거관리위원 │
2026-02-23T10:52:52.7574561Z             │amet, regione│もフ響3現エツ文時しだびほ経機 │للحكو│名見壌府。博 │회의         │
2026-02-23T10:52:52.7575155Z             │detracto eos │ムイメフ敗文ヨク現義なさド請情│مة   │健必権次覧編 │조직·직무범위│
2026-02-23T10:52:52.7575754Z             │an. Has ei   │ゆじょて憶主管州けでふく。排ゃ│والكو│仕断青場内凄 │기타 필요한  │
2026-02-23T10:52:52.7576486Z             │quidam       │わつげ美刊ヱミ出見ツ南者オ抜豆│ري   │新東深簿代供 │사항은 법률로│
2026-02-23T10:52:52.7577081Z             │hendrerit    │ハトロネ論索モネニイ任償スヲ話│الأور│供。守聞書神 │정한다.      │
2026-02-23T10:52:52.7577825Z             │intellegebat,│破リヤヨ秒止口イセソス止央のさ│وبيّون│秀同浜東波恋 │임시회의     │
2026-02-23T10:52:52.7578419Z             │id tamquam   │食周健でてつだ官送ト読聴遊容ひ│,    │闘秀。未格打 │회기는 30일을│
2026-02-23T10:52:52.7579002Z             │iudicabit    │るべ。際ぐドらづ市居ネムヤ研校│بوابة│好作器来利阪 │초과할 수    │
2026-02-23T10:52:52.7579611Z             │necessitatibu│35岩6繹ごわク報拐イ革深52球ゃ │تعديل│持西焦朝三女 │없다. 국가는 │
2026-02-23T10:52:52.7580191Z             │s ius, at    │レスご究東スラ衝3間ラ録占たス │واعتل│。権幽問季負 │여자의 복지와│
2026-02-23T10:52:52.7580791Z             │errem        │。                            │اء   │娘購合旧資健 │권익의 향상을│
2026-02-23T10:52:52.7581394Z             │officiis     │禁にンご忘康ざほぎル騰般ねど事│ضرب  │載員式活陸。 │위하여       │
2026-02-23T10:52:52.7582101Z             │hendrerit    │超スんいう真表何カモ自浩ヲシミ│بـ.  │未倍校朝遺続 │노력하여야   │
2026-02-23T10:52:52.7582683Z             │mei. Exerci  │図客線るふ静王ぱーま写村月掛焼│إذ   │術吉迎暮広知 │한다. 국군의 │
2026-02-23T10:52:52.7583246Z             │noster at    │詐面ぞゃ。昇強ごントほ価保キ族│أسر  │角亡志不説空 │조직과 편성은│
2026-02-23T10:52:52.7583850Z             │has, sit id  │85岡モテ恋困ひりこな刊並せご出│اتّجة │住。法省当死 │법률로       │
2026-02-23T10:52:52.7584429Z             │tota         │来ぼぎむう点目ヲウ止環公ニレ事│اعلان│年勝絡聞方北 │정한다.      │
2026-02-23T10:52:52.7585011Z             │convenire,   │応タス必書タメムノ当84無信升ち│, ٣٠ │投健。室分性 │             │
2026-02-23T10:52:52.7585609Z             │vel ex rebum │ひょ。価ーぐ中客テサ告覧ヨトハ│اكتوب│山天態意画詳 │             │
2026-02-23T10:52:52.7586208Z             │inciderint   │極整ラ得95稿はかラせ江利ス宏丸│ر    │知浅方裁。変 │             │
2026-02-23T10:52:52.7586992Z             │liberavisse. │霊ミ考整ス静将ず業巨職ノラホ収│العصب│激伝阜中野品 │             │
2026-02-23T10:52:52.7587635Z             │Quaeque      │嗅ざな。                      │ة    │省載嗅闘額端 │             │
2026-02-23T10:52:52.7588320Z             │delectus     │                              │استمر│反。中必台際 │             │
2026-02-23T10:52:52.7588993Z             │corrumpit cu │                              │ار   │造事寄民経能 │             │
2026-02-23T10:52:52.7589648Z             │cum.         │                              │ومن. │前作臓       │             │
2026-02-23T10:52:52.7590320Z             │             │                              │أفاق │             │             │
2026-02-23T10:52:52.7590957Z             │             │                              │للسيط│             │             │
2026-02-23T10:52:52.7591585Z             │             │                              │رة   │             │             │
2026-02-23T10:52:52.7592211Z             │             │                              │التار│             │             │
2026-02-23T10:52:52.7592832Z             │             │                              │يخ،  │             │             │
2026-02-23T10:52:52.7593572Z             │             │                              │مع   │             │             │
2026-02-23T10:52:52.7594211Z             │             │                              │بحث, │             │             │
2026-02-23T10:52:52.7594848Z             │             │                              │كلّ   │             │             │
2026-02-23T10:52:52.7595483Z             │             │                              │اتّجة │             │             │
2026-02-23T10:52:52.7596398Z             │             │                              │القوى│             │             │
2026-02-23T10:52:52.7597059Z             │             │                              │مع.  │             │             │
2026-02-23T10:52:52.7597675Z             │             │                              │فبعد │             │             │
2026-02-23T10:52:52.7598302Z             │             │                              │ايطال│             │             │
2026-02-23T10:52:52.7598948Z             │             │                              │يا،  │             │             │
2026-02-23T10:52:52.7599626Z             │             │                              │تم   │             │             │
2026-02-23T10:52:52.7600255Z             │             │                              │حتى, │             │             │
2026-02-23T10:52:52.7600881Z             │             │                              │لكل  │             │             │
2026-02-23T10:52:52.7601510Z             │             │                              │تم   │             │             │
2026-02-23T10:52:52.7602139Z             │             │                              │جسيمة│             │             │
2026-02-23T10:52:52.7602762Z             │             │                              │الإحت│             │             │
2026-02-23T10:52:52.7603391Z             │             │                              │فاظ  │             │             │
2026-02-23T10:52:52.7604014Z             │             │                              │وباست│             │             │
2026-02-23T10:52:52.7604630Z             │             │                              │ثناء,│             │             │
2026-02-23T10:52:52.7605384Z             │             │                              │عل   │             │             │
2026-02-23T10:52:52.7606015Z             │             │                              │فرنسا│             │             │
2026-02-23T10:52:52.7606817Z             │             │                              │وانته│             │             │
2026-02-23T10:52:52.7607451Z             │             │                              │اءً   │             │             │
2026-02-23T10:52:52.7608072Z             │             │                              │الإقت│             │             │
2026-02-23T10:52:52.7608694Z             │             │                              │صادية│             │             │
2026-02-23T10:52:52.7609310Z             │             │                              │عرض. │             │             │
2026-02-23T10:52:52.7609932Z             │             │                              │ونتج │             │             │
2026-02-23T10:52:52.7610567Z             │             │                              │دأبوا│             │             │
2026-02-23T10:52:52.7611185Z             │             │                              │إحكام│             │             │
2026-02-23T10:52:52.7611805Z             │             │                              │بال  │             │             │
2026-02-23T10:52:52.7612553Z             │             │                              │إذ.  │             │             │
2026-02-23T10:52:52.7613177Z             │             │                              │لغات │             │             │
2026-02-23T10:52:52.7613799Z             │             │                              │عملية│             │             │
2026-02-23T10:52:52.7614414Z             │             │                              │وتم  │             │             │
2026-02-23T10:52:52.7615038Z             │             │                              │مع,  │             │             │
2026-02-23T10:52:52.7615663Z             │             │                              │وصل  │             │             │
2026-02-23T10:52:52.7616456Z             │             │                              │بداية│             │             │
2026-02-23T10:52:52.7617095Z             │             │                              │وبغطا│             │             │
2026-02-23T10:52:52.7617722Z             │             │                              │ء    │             │             │
2026-02-23T10:52:52.7618350Z             │             │                              │البري│             │             │
2026-02-23T10:52:52.7618964Z             │             │                              │ة بل,│             │             │
2026-02-23T10:52:52.7619583Z             │             │                              │أي   │             │             │
2026-02-23T10:52:52.7620204Z             │             │                              │قررت │             │             │
2026-02-23T10:52:52.7620819Z             │             │                              │بلاده│             │             │
2026-02-23T10:52:52.7621570Z             │             │                              │فكانت│             │             │
2026-02-23T10:52:52.7622194Z             │             │                              │حدى  │             │             │
2026-02-23T10:52:52.7622919Z             ╰─────────────┴──────────────────────────────┴─────┴─────────────┴─────────────╯
2026-02-23T10:52:52.7623278Z             
2026-02-23T10:52:52.7623484Z             diff:
2026-02-23T10:52:52.7623675Z             
2026-02-23T10:52:52.7623884Z             --- golden
2026-02-23T10:52:52.7624114Z             +++ run
2026-02-23T10:52:52.7624357Z             @@ -77,6 +77,5 @@
2026-02-23T10:52:52.7624939Z              │             │                              │قررت │             │             │
2026-02-23T10:52:52.7625594Z              │             │                              │بلاده│             │             │
2026-02-23T10:52:52.7626395Z              │             │                              │فكانت│             │             │
2026-02-23T10:52:52.7627072Z             -│             │                              │حدى  │             │             │
2026-02-23T10:52:52.7627714Z             -│             │                              │     │             │             │
2026-02-23T10:52:52.7628362Z             +│             │                              │حدى  │             │             │
2026-02-23T10:52:52.7629104Z              ╰─────────────┴──────────────────────────────┴─────┴─────────────┴─────────────╯
2026-02-23T10:52:52.7629562Z             \ No newline at end of file
2026-02-23T10:52:52.7629786Z FAIL
2026-02-23T10:52:52.7630040Z FAIL	github.com/charmbracelet/lipgloss/table	0.040s
2026-02-23T10:52:52.7630388Z ok  	github.com/charmbracelet/lipgloss/tree	0.007s
2026-02-23T10:52:52.7630647Z FAIL
2026-02-23T10:52:52.7707448Z ##[error]Process completed with exit code 1.
2026-02-23T10:52:52.7817111Z Post job cleanup.
2026-02-23T10:52:52.8609883Z [command]/usr/bin/git version
2026-02-23T10:52:52.8645591Z git version 2.52.0
2026-02-23T10:52:52.8685990Z Temporarily overriding HOME='/home/runner/work/_temp/19c1dbcb-f8fb-4a94-829e-2c6fcab82bfe' before making global git config changes
2026-02-23T10:52:52.8687602Z Adding repository directory to the temporary git global config as a safe directory
2026-02-23T10:52:52.8692268Z [command]/usr/bin/git config --global --add safe.directory /home/runner/work/lipgloss/lipgloss
2026-02-23T10:52:52.8723426Z Removing SSH command configuration
2026-02-23T10:52:52.8729807Z [command]/usr/bin/git config --local --name-only --get-regexp core\.sshCommand
2026-02-23T10:52:52.8762348Z [command]/usr/bin/git submodule foreach --recursive sh -c "git config --local --name-only --get-regexp 'core\.sshCommand' && git config --local --unset-all 'core.sshCommand' || :"
2026-02-23T10:52:52.8985795Z Removing HTTP extra header
2026-02-23T10:52:52.8990995Z [command]/usr/bin/git config --local --name-only --get-regexp http\.https\:\/\/github\.com\/\.extraheader
2026-02-23T10:52:52.9023718Z [command]/usr/bin/git submodule foreach --recursive sh -c "git config --local --name-only --get-regexp 'http\.https\:\/\/github\.com\/\.extraheader' && git config --local --unset-all 'http.https://github.com/.extraheader' || :"
2026-02-23T10:52:52.9241776Z Removing includeIf entries pointing to credentials config files
2026-02-23T10:52:52.9249384Z [command]/usr/bin/git config --local --name-only --get-regexp ^includeIf\.gitdir:
2026-02-23T10:52:52.9272687Z includeif.gitdir:/home/runner/work/lipgloss/lipgloss/.git.path
2026-02-23T10:52:52.9273573Z includeif.gitdir:/home/runner/work/lipgloss/lipgloss/.git/worktrees/*.path
2026-02-23T10:52:52.9274327Z includeif.gitdir:/github/workspace/.git.path
2026-02-23T10:52:52.9274971Z includeif.gitdir:/github/workspace/.git/worktrees/*.path
2026-02-23T10:52:52.9283802Z [command]/usr/bin/git config --local --get-all includeif.gitdir:/home/runner/work/lipgloss/lipgloss/.git.path
2026-02-23T10:52:52.9304981Z /home/runner/work/_temp/git-credentials-5bc61367-6933-4d75-bc1d-0c065abd4151.config
2026-02-23T10:52:52.9315593Z [command]/usr/bin/git config --local --unset includeif.gitdir:/home/runner/work/lipgloss/lipgloss/.git.path /home/runner/work/_temp/git-credentials-5bc61367-6933-4d75-bc1d-0c065abd4151.config
2026-02-23T10:52:52.9347929Z [command]/usr/bin/git config --local --get-all includeif.gitdir:/home/runner/work/lipgloss/lipgloss/.git/worktrees/*.path
2026-02-23T10:52:52.9369224Z /home/runner/work/_temp/git-credentials-5bc61367-6933-4d75-bc1d-0c065abd4151.config
2026-02-23T10:52:52.9379333Z [command]/usr/bin/git config --local --unset includeif.gitdir:/home/runner/work/lipgloss/lipgloss/.git/worktrees/*.path /home/runner/work/_temp/git-credentials-5bc61367-6933-4d75-bc1d-0c065abd4151.config
2026-02-23T10:52:52.9410111Z [command]/usr/bin/git config --local --get-all includeif.gitdir:/github/workspace/.git.path
2026-02-23T10:52:52.9430248Z /github/runner_temp/git-credentials-5bc61367-6933-4d75-bc1d-0c065abd4151.config
2026-02-23T10:52:52.9438912Z [command]/usr/bin/git config --local --unset includeif.gitdir:/github/workspace/.git.path /github/runner_temp/git-credentials-5bc61367-6933-4d75-bc1d-0c065abd4151.config
2026-02-23T10:52:52.9469912Z [command]/usr/bin/git config --local --get-all includeif.gitdir:/github/workspace/.git/worktrees/*.path
2026-02-23T10:52:52.9489932Z /github/runner_temp/git-credentials-5bc61367-6933-4d75-bc1d-0c065abd4151.config
2026-02-23T10:52:52.9499585Z [command]/usr/bin/git config --local --unset includeif.gitdir:/github/workspace/.git/worktrees/*.path /github/runner_temp/git-credentials-5bc61367-6933-4d75-bc1d-0c065abd4151.config
2026-02-23T10:52:52.9534924Z [command]/usr/bin/git submodule foreach --recursive git config --local --show-origin --name-only --get-regexp remote.origin.url
2026-02-23T10:52:52.9770237Z Removing credentials config '/home/runner/work/_temp/git-credentials-5bc61367-6933-4d75-bc1d-0c065abd4151.config'
2026-02-23T10:52:52.9912224Z Cleaning up orphan processes
