2026-05-08T09:24:57.8950392Z Current runner version: '2.334.0'
2026-05-08T09:24:57.8977389Z ##[group]Runner Image Provisioner
2026-05-08T09:24:57.8978175Z Hosted Compute Agent
2026-05-08T09:24:57.8978831Z Version: 20260213.493
2026-05-08T09:24:57.8979490Z Commit: 5c115507f6dd24b8de37d8bbe0bb4509d0cc0fa3
2026-05-08T09:24:57.8980167Z Build Date: 2026-02-13T00:28:41Z
2026-05-08T09:24:57.8981292Z Worker ID: {179b1846-83c9-4843-bef4-08c4380d7c75}
2026-05-08T09:24:57.8982027Z Azure Region: eastus2
2026-05-08T09:24:57.8982559Z ##[endgroup]
2026-05-08T09:24:57.8984183Z ##[group]Operating System
2026-05-08T09:24:57.8984785Z Ubuntu
2026-05-08T09:24:57.8985219Z 24.04.4
2026-05-08T09:24:57.8985742Z LTS
2026-05-08T09:24:57.8986163Z ##[endgroup]
2026-05-08T09:24:57.8986691Z ##[group]Runner Image
2026-05-08T09:24:57.8987336Z Image: ubuntu-24.04
2026-05-08T09:24:57.8987809Z Version: 20260413.86.1
2026-05-08T09:24:57.8989039Z Included Software: https://github.com/actions/runner-images/blob/ubuntu24/20260413.86/images/ubuntu/Ubuntu2404-Readme.md
2026-05-08T09:24:57.8990862Z Image Release: https://github.com/actions/runner-images/releases/tag/ubuntu24%2F20260413.86
2026-05-08T09:24:57.8991796Z ##[endgroup]
2026-05-08T09:24:57.8994722Z ##[group]GITHUB_TOKEN Permissions
2026-05-08T09:24:57.8997048Z Actions: write
2026-05-08T09:24:57.8997708Z ArtifactMetadata: write
2026-05-08T09:24:57.8998239Z Attestations: write
2026-05-08T09:24:57.8998753Z Checks: write
2026-05-08T09:24:57.8999276Z Contents: write
2026-05-08T09:24:57.8999801Z Deployments: write
2026-05-08T09:24:57.9000312Z Discussions: write
2026-05-08T09:24:57.9001073Z Issues: write
2026-05-08T09:24:57.9001597Z Metadata: read
2026-05-08T09:24:57.9002042Z Models: read
2026-05-08T09:24:57.9002584Z Packages: write
2026-05-08T09:24:57.9003097Z Pages: write
2026-05-08T09:24:57.9003664Z PullRequests: write
2026-05-08T09:24:57.9004258Z RepositoryProjects: write
2026-05-08T09:24:57.9004856Z SecurityEvents: write
2026-05-08T09:24:57.9005475Z Statuses: write
2026-05-08T09:24:57.9006065Z VulnerabilityAlerts: read
2026-05-08T09:24:57.9006646Z ##[endgroup]
2026-05-08T09:24:57.9008712Z Secret source: Actions
2026-05-08T09:24:57.9009728Z Prepare workflow directory
2026-05-08T09:24:57.9414733Z Prepare all required actions
2026-05-08T09:24:57.9452002Z Getting action download info
2026-05-08T09:24:58.2416226Z Download action repository 'actions/checkout@v4' (SHA:34e114876b0b11c390a56381ad16ebd13914f8d5)
2026-05-08T09:24:58.4897929Z Complete job name: build_test
2026-05-08T09:24:58.5654072Z ##[group]Run actions/checkout@v4
2026-05-08T09:24:58.5654908Z with:
2026-05-08T09:24:58.5655304Z   repository: wundergraph/cosmo
2026-05-08T09:24:58.5655964Z   token: ***
2026-05-08T09:24:58.5656343Z   ssh-strict: true
2026-05-08T09:24:58.5656723Z   ssh-user: git
2026-05-08T09:24:58.5657123Z   persist-credentials: true
2026-05-08T09:24:58.5657566Z   clean: true
2026-05-08T09:24:58.5657957Z   sparse-checkout-cone-mode: true
2026-05-08T09:24:58.5658427Z   fetch-depth: 1
2026-05-08T09:24:58.5658806Z   fetch-tags: false
2026-05-08T09:24:58.5659210Z   show-progress: true
2026-05-08T09:24:58.5659641Z   lfs: false
2026-05-08T09:24:58.5659998Z   submodules: false
2026-05-08T09:24:58.5660398Z   set-safe-directory: true
2026-05-08T09:24:58.5661323Z env:
2026-05-08T09:24:58.5661689Z   CI: true
2026-05-08T09:24:58.5662041Z   DO_NOT_TRACK: 1
2026-05-08T09:24:58.5662418Z ##[endgroup]
2026-05-08T09:24:58.6825454Z Syncing repository: wundergraph/cosmo
2026-05-08T09:24:58.6827710Z ##[group]Getting Git version info
2026-05-08T09:24:58.6828394Z Working directory is '/home/runner/work/cosmo/cosmo'
2026-05-08T09:24:58.6829548Z [command]/usr/bin/git version
2026-05-08T09:24:58.6889123Z git version 2.53.0
2026-05-08T09:24:58.6917111Z ##[endgroup]
2026-05-08T09:24:58.6934365Z Temporarily overriding HOME='/home/runner/work/_temp/b5378b0c-6b9d-43b6-b401-12a4eaf04892' before making global git config changes
2026-05-08T09:24:58.6936843Z Adding repository directory to the temporary git global config as a safe directory
2026-05-08T09:24:58.6941403Z [command]/usr/bin/git config --global --add safe.directory /home/runner/work/cosmo/cosmo
2026-05-08T09:24:58.6974833Z Deleting the contents of '/home/runner/work/cosmo/cosmo'
2026-05-08T09:24:58.6978778Z ##[group]Initializing the repository
2026-05-08T09:24:58.6983916Z [command]/usr/bin/git init /home/runner/work/cosmo/cosmo
2026-05-08T09:24:58.7095626Z hint: Using 'master' as the name for the initial branch. This default branch name
2026-05-08T09:24:58.7097413Z hint: will change to "main" in Git 3.0. To configure the initial branch name
2026-05-08T09:24:58.7099046Z hint: to use in all of your new repositories, which will suppress this warning,
2026-05-08T09:24:58.7100316Z hint: call:
2026-05-08T09:24:58.7101206Z hint:
2026-05-08T09:24:58.7102044Z hint: 	git config --global init.defaultBranch <name>
2026-05-08T09:24:58.7103080Z hint:
2026-05-08T09:24:58.7104043Z hint: Names commonly chosen instead of 'master' are 'main', 'trunk' and
2026-05-08T09:24:58.7105587Z hint: 'development'. The just-created branch can be renamed via this command:
2026-05-08T09:24:58.7106796Z hint:
2026-05-08T09:24:58.7107422Z hint: 	git branch -m <name>
2026-05-08T09:24:58.7108167Z hint:
2026-05-08T09:24:58.7109230Z hint: Disable this message with "git config set advice.defaultBranchName false"
2026-05-08T09:24:58.7111266Z Initialized empty Git repository in /home/runner/work/cosmo/cosmo/.git/
2026-05-08T09:24:58.7113884Z [command]/usr/bin/git remote add origin https://github.com/wundergraph/cosmo
2026-05-08T09:24:58.7143056Z ##[endgroup]
2026-05-08T09:24:58.7144249Z ##[group]Disabling automatic garbage collection
2026-05-08T09:24:58.7148069Z [command]/usr/bin/git config --local gc.auto 0
2026-05-08T09:24:58.7177054Z ##[endgroup]
2026-05-08T09:24:58.7177704Z ##[group]Setting up auth
2026-05-08T09:24:58.7184240Z [command]/usr/bin/git config --local --name-only --get-regexp core\.sshCommand
2026-05-08T09:24:58.7214548Z [command]/usr/bin/git submodule foreach --recursive sh -c "git config --local --name-only --get-regexp 'core\.sshCommand' && git config --local --unset-all 'core.sshCommand' || :"
2026-05-08T09:24:58.7525215Z [command]/usr/bin/git config --local --name-only --get-regexp http\.https\:\/\/github\.com\/\.extraheader
2026-05-08T09:24:58.7558897Z [command]/usr/bin/git submodule foreach --recursive sh -c "git config --local --name-only --get-regexp 'http\.https\:\/\/github\.com\/\.extraheader' && git config --local --unset-all 'http.https://github.com/.extraheader' || :"
2026-05-08T09:24:58.7780046Z [command]/usr/bin/git config --local --name-only --get-regexp ^includeIf\.gitdir:
2026-05-08T09:24:58.7812089Z [command]/usr/bin/git submodule foreach --recursive git config --local --show-origin --name-only --get-regexp remote.origin.url
2026-05-08T09:24:58.8033570Z [command]/usr/bin/git config --local http.https://github.com/.extraheader AUTHORIZATION: basic ***
2026-05-08T09:24:58.8067883Z ##[endgroup]
2026-05-08T09:24:58.8068658Z ##[group]Fetching the repository
2026-05-08T09:24:58.8077316Z [command]/usr/bin/git -c protocol.version=2 fetch --no-tags --prune --no-recurse-submodules --depth=1 origin +b2e3acaf54dc2c49fd4d000c8634e3ec0662c577:refs/remotes/pull/2797/merge
2026-05-08T09:24:59.9363579Z From https://github.com/wundergraph/cosmo
2026-05-08T09:24:59.9365494Z  * [new ref]         b2e3acaf54dc2c49fd4d000c8634e3ec0662c577 -> pull/2797/merge
2026-05-08T09:24:59.9387875Z ##[endgroup]
2026-05-08T09:24:59.9389594Z ##[group]Determining the checkout info
2026-05-08T09:24:59.9391786Z ##[endgroup]
2026-05-08T09:24:59.9394502Z [command]/usr/bin/git sparse-checkout disable
2026-05-08T09:24:59.9431865Z [command]/usr/bin/git config --local --unset-all extensions.worktreeConfig
2026-05-08T09:24:59.9457432Z ##[group]Checking out the ref
2026-05-08T09:24:59.9461485Z [command]/usr/bin/git checkout --progress --force refs/remotes/pull/2797/merge
2026-05-08T09:25:00.3625703Z Note: switching to 'refs/remotes/pull/2797/merge'.
2026-05-08T09:25:00.3627257Z 
2026-05-08T09:25:00.3627727Z You are in 'detached HEAD' state. You can look around, make experimental
2026-05-08T09:25:00.3628866Z changes and commit them, and you can discard any commits you make in this
2026-05-08T09:25:00.3630828Z state without impacting any branches by switching back to a branch.
2026-05-08T09:25:00.3631570Z 
2026-05-08T09:25:00.3632022Z If you want to create a new branch to retain commits you create, you may
2026-05-08T09:25:00.3632841Z do so (now or later) by using -c with the switch command. Example:
2026-05-08T09:25:00.3633201Z 
2026-05-08T09:25:00.3633371Z   git switch -c <new-branch-name>
2026-05-08T09:25:00.3633584Z 
2026-05-08T09:25:00.3633723Z Or undo this operation with:
2026-05-08T09:25:00.3633926Z 
2026-05-08T09:25:00.3634037Z   git switch -
2026-05-08T09:25:00.3634206Z 
2026-05-08T09:25:00.3634481Z Turn off this advice by setting config variable advice.detachedHead to false
2026-05-08T09:25:00.3634811Z 
2026-05-08T09:25:00.3635192Z HEAD is now at b2e3aca Merge 20405220615a4fe5466450a2a6a4560aa3258d65 into fee7a20f23ea9c4b3cf90eafdc495839c634db49
2026-05-08T09:25:00.3661523Z ##[endgroup]
2026-05-08T09:25:00.3700062Z [command]/usr/bin/git log -1 --format=%H
2026-05-08T09:25:00.3722933Z b2e3acaf54dc2c49fd4d000c8634e3ec0662c577
2026-05-08T09:25:00.3997899Z Prepare all required actions
2026-05-08T09:25:00.3998413Z Getting action download info
2026-05-08T09:25:00.6156472Z Download action repository 'actions/setup-node@v6.4.0' (SHA:48b55a011bda9f5d6aeb4c2d9c7362e8dae4041e)
2026-05-08T09:25:00.8788596Z Download action repository 'pnpm/action-setup@v5.0.0' (SHA:fc06bc1257f339d1d5d8b3a19a8cae5388b55320)
2026-05-08T09:25:01.1106471Z Download action repository 'actions/cache@v4' (SHA:0057852bfaa89a56745cba8c7296529d2fc39830)
2026-05-08T09:25:01.2263889Z ##[group]Run ./.github/actions/node
2026-05-08T09:25:01.2264198Z with:
2026-05-08T09:25:01.2264423Z env:
2026-05-08T09:25:01.2264610Z   CI: true
2026-05-08T09:25:01.2264807Z   DO_NOT_TRACK: 1
2026-05-08T09:25:01.2265030Z ##[endgroup]
2026-05-08T09:25:01.2408325Z ##[group]Run actions/setup-node@v6.4.0
2026-05-08T09:25:01.2408652Z with:
2026-05-08T09:25:01.2408877Z   node-version-file: ./package.json
2026-05-08T09:25:01.2409184Z   check-latest: false
2026-05-08T09:25:01.2409549Z   token: ***
2026-05-08T09:25:01.2409810Z   package-manager-cache: true
2026-05-08T09:25:01.2410072Z env:
2026-05-08T09:25:01.2410260Z   CI: true
2026-05-08T09:25:01.2410746Z   DO_NOT_TRACK: 1
2026-05-08T09:25:01.2410990Z ##[endgroup]
2026-05-08T09:25:01.3993655Z Resolved ./package.json as 22.22.2
2026-05-08T09:25:01.4083467Z Found in cache @ /opt/hostedtoolcache/node/22.22.2/x64
2026-05-08T09:25:01.4086766Z ##[group]Environment details
2026-05-08T09:25:04.5850347Z node: v22.22.2
2026-05-08T09:25:04.5851076Z npm: 10.9.7
2026-05-08T09:25:04.5851382Z yarn: 1.22.22
2026-05-08T09:25:04.5852441Z ##[endgroup]
2026-05-08T09:25:04.6006776Z ##[group]Run pnpm/action-setup@v5.0.0
2026-05-08T09:25:04.6007043Z with:
2026-05-08T09:25:04.6007211Z   run_install: false
2026-05-08T09:25:04.6007400Z   dest: ~/setup-pnpm
2026-05-08T09:25:04.6007586Z   cache: false
2026-05-08T09:25:04.6007789Z   cache_dependency_path: pnpm-lock.yaml
2026-05-08T09:25:04.6008075Z   package_json_file: package.json
2026-05-08T09:25:04.6008316Z   standalone: false
2026-05-08T09:25:04.6008519Z env:
2026-05-08T09:25:04.6008672Z   CI: true
2026-05-08T09:25:04.6008826Z   DO_NOT_TRACK: 1
2026-05-08T09:25:04.6009002Z ##[endgroup]
2026-05-08T09:25:04.7510909Z ##[group]Running self-installer...
2026-05-08T09:25:05.1709344Z (node:2334) [DEP0169] DeprecationWarning: `url.parse()` behavior is not standardized and prone to errors that have security implications. Use the WHATWG URL API instead. CVEs are not issued for `url.parse()` vulnerabilities.
2026-05-08T09:25:05.1711092Z (Use `node --trace-deprecation ...` to show where the warning was created)
2026-05-08T09:25:05.3468201Z Progress: resolved 1, reused 0, downloaded 0, added 0
2026-05-08T09:25:05.3557009Z Packages: +1
2026-05-08T09:25:05.3557799Z +
2026-05-08T09:25:05.7691525Z Progress: resolved 1, reused 0, downloaded 1, added 1, done
2026-05-08T09:25:05.8138515Z 
2026-05-08T09:25:05.8139064Z dependencies:
2026-05-08T09:25:05.8139911Z + pnpm 9.12.3 (11.0.8 is available)
2026-05-08T09:25:05.8140124Z 
2026-05-08T09:25:05.8177246Z Done in 888ms
2026-05-08T09:25:05.8348847Z ##[endgroup]
2026-05-08T09:25:05.8349352Z Installation Completed!
2026-05-08T09:25:05.8479587Z ##[group]Run echo "pnpm_cache_dir=$(pnpm store path)" >> $GITHUB_OUTPUT
2026-05-08T09:25:05.8480144Z [36;1mecho "pnpm_cache_dir=$(pnpm store path)" >> $GITHUB_OUTPUT[0m
2026-05-08T09:25:05.8514262Z shell: /usr/bin/bash --noprofile --norc -e -o pipefail {0}
2026-05-08T09:25:05.8514614Z env:
2026-05-08T09:25:05.8514780Z   CI: true
2026-05-08T09:25:05.8514951Z   DO_NOT_TRACK: 1
2026-05-08T09:25:05.8515201Z   PNPM_HOME: /home/runner/setup-pnpm/node_modules/.bin
2026-05-08T09:25:05.8515476Z ##[endgroup]
2026-05-08T09:25:06.7857290Z ##[group]Run actions/cache@v4
2026-05-08T09:25:06.7857518Z with:
2026-05-08T09:25:06.7857747Z   path: /home/runner/setup-pnpm/node_modules/.bin/store/v3
2026-05-08T09:25:06.7858250Z   key: Linux-pnpm-8-store-c379d3e44ffafabe8ccd8124e863e3a1b804c540a0d2cfcc12d6c24e5ac0d36b
2026-05-08T09:25:06.7858733Z   restore-keys: Linux-pnpm-8-store-

2026-05-08T09:25:06.7859258Z   enableCrossOsArchive: false
2026-05-08T09:25:06.7859492Z   fail-on-cache-miss: false
2026-05-08T09:25:06.7859699Z   lookup-only: false
2026-05-08T09:25:06.7859880Z   save-always: false
2026-05-08T09:25:06.7860052Z env:
2026-05-08T09:25:06.7860193Z   CI: true
2026-05-08T09:25:06.7860347Z   DO_NOT_TRACK: 1
2026-05-08T09:25:06.7860930Z   PNPM_HOME: /home/runner/setup-pnpm/node_modules/.bin
2026-05-08T09:25:06.7861212Z ##[endgroup]
2026-05-08T09:25:07.0086304Z Cache hit for: Linux-pnpm-8-store-c379d3e44ffafabe8ccd8124e863e3a1b804c540a0d2cfcc12d6c24e5ac0d36b
2026-05-08T09:25:07.6430218Z Received 113138217 of 113138217 (100.0%), 183.8 MBs/sec
2026-05-08T09:25:07.6431916Z Cache Size: ~108 MB (113138217 B)
2026-05-08T09:25:07.6469059Z [command]/usr/bin/tar -xf /home/runner/work/_temp/d46c54cc-fe89-43d8-b074-621f9b62f42e/cache.tzst -P -C /home/runner/work/cosmo/cosmo --use-compress-program unzstd
2026-05-08T09:25:09.4846055Z Cache restored successfully
2026-05-08T09:25:09.4973552Z Cache restored from key: Linux-pnpm-8-store-c379d3e44ffafabe8ccd8124e863e3a1b804c540a0d2cfcc12d6c24e5ac0d36b
2026-05-08T09:25:09.5097945Z ##[group]Run pnpm config set registry https://registry.npmjs.org
2026-05-08T09:25:09.5098438Z [36;1mpnpm config set registry https://registry.npmjs.org[0m
2026-05-08T09:25:09.5121028Z shell: /usr/bin/bash --noprofile --norc -e -o pipefail {0}
2026-05-08T09:25:09.5121352Z env:
2026-05-08T09:25:09.5121507Z   CI: true
2026-05-08T09:25:09.5121673Z   DO_NOT_TRACK: 1
2026-05-08T09:25:09.5121922Z   PNPM_HOME: /home/runner/setup-pnpm/node_modules/.bin
2026-05-08T09:25:09.5122220Z ##[endgroup]
2026-05-08T09:25:10.1214442Z Prepare all required actions
2026-05-08T09:25:10.1214765Z Getting action download info
2026-05-08T09:25:10.2719156Z Download action repository 'actions/setup-go@v5' (SHA:40f1582b2485089dde7abd97c1529aa768e1baff)
2026-05-08T09:25:10.4780779Z ##[group]Run ./.github/actions/go
2026-05-08T09:25:10.4781046Z with:
2026-05-08T09:25:10.4781217Z   go-version: 1.25
2026-05-08T09:25:10.4781393Z env:
2026-05-08T09:25:10.4781544Z   CI: true
2026-05-08T09:25:10.4781699Z   DO_NOT_TRACK: 1
2026-05-08T09:25:10.4781929Z   PNPM_HOME: /home/runner/setup-pnpm/node_modules/.bin
2026-05-08T09:25:10.4782211Z ##[endgroup]
2026-05-08T09:25:10.4816827Z ##[group]Run actions/setup-go@v5
2026-05-08T09:25:10.4817062Z with:
2026-05-08T09:25:10.4817232Z   go-version: 1.25
2026-05-08T09:25:10.4817413Z   check-latest: false
2026-05-08T09:25:10.4817783Z   token: ***
2026-05-08T09:25:10.4817954Z   cache: true
2026-05-08T09:25:10.4818120Z env:
2026-05-08T09:25:10.4818267Z   CI: true
2026-05-08T09:25:10.4818463Z   DO_NOT_TRACK: 1
2026-05-08T09:25:10.4818706Z   PNPM_HOME: /home/runner/setup-pnpm/node_modules/.bin
2026-05-08T09:25:10.4818987Z ##[endgroup]
2026-05-08T09:25:10.6537998Z Setup go version spec 1.25
2026-05-08T09:25:10.6769807Z Found in cache @ /opt/hostedtoolcache/go/1.25.9/x64
2026-05-08T09:25:10.6775440Z Added go to the path
2026-05-08T09:25:10.6779986Z Successfully set up Go version 1.25
2026-05-08T09:25:10.8948840Z [command]/opt/hostedtoolcache/go/1.25.9/x64/bin/go env GOMODCACHE
2026-05-08T09:25:10.9001547Z [command]/opt/hostedtoolcache/go/1.25.9/x64/bin/go env GOCACHE
2026-05-08T09:25:10.9020377Z /home/runner/go/pkg/mod
2026-05-08T09:25:10.9060322Z /home/runner/.cache/go-build
2026-05-08T09:25:10.9085831Z ##[warning]Restore cache failed: Dependencies file is not found in /home/runner/work/cosmo/cosmo. Supported file pattern: go.sum
2026-05-08T09:25:10.9090138Z go version go1.25.9 linux/amd64
2026-05-08T09:25:10.9090698Z 
2026-05-08T09:25:10.9091127Z ##[group]go env
2026-05-08T09:25:11.5168607Z AR='ar'
2026-05-08T09:25:11.5169055Z CC='gcc'
2026-05-08T09:25:11.5169417Z CGO_CFLAGS='-O2 -g'
2026-05-08T09:25:11.5169774Z CGO_CPPFLAGS=''
2026-05-08T09:25:11.5170161Z CGO_CXXFLAGS='-O2 -g'
2026-05-08T09:25:11.5170792Z CGO_ENABLED='1'
2026-05-08T09:25:11.5171146Z CGO_FFLAGS='-O2 -g'
2026-05-08T09:25:11.5171508Z CGO_LDFLAGS='-O2 -g'
2026-05-08T09:25:11.5171921Z CXX='g++'
2026-05-08T09:25:11.5172319Z GCCGO='gccgo'
2026-05-08T09:25:11.5172704Z GO111MODULE=''
2026-05-08T09:25:11.5173032Z GOAMD64='v1'
2026-05-08T09:25:11.5173383Z GOARCH='amd64'
2026-05-08T09:25:11.5173758Z GOAUTH='netrc'
2026-05-08T09:25:11.5174122Z GOBIN=''
2026-05-08T09:25:11.5174629Z GOCACHE='/home/runner/.cache/go-build'
2026-05-08T09:25:11.5175167Z GOCACHEPROG=''
2026-05-08T09:25:11.5175540Z GODEBUG=''
2026-05-08T09:25:11.5176031Z GOENV='/home/runner/.config/go/env'
2026-05-08T09:25:11.5176565Z GOEXE=''
2026-05-08T09:25:11.5176926Z GOEXPERIMENT=''
2026-05-08T09:25:11.5177324Z GOFIPS140='off'
2026-05-08T09:25:11.5177702Z GOFLAGS=''
2026-05-08T09:25:11.5179457Z GOGCCFLAGS='-fPIC -m64 -pthread -Wl,--no-gc-sections -fmessage-length=0 -ffile-prefix-map=/tmp/go-build778058132=/tmp/go-build -gno-record-gcc-switches'
2026-05-08T09:25:11.5181194Z GOHOSTARCH='amd64'
2026-05-08T09:25:11.5181601Z GOHOSTOS='linux'
2026-05-08T09:25:11.5181901Z GOINSECURE=''
2026-05-08T09:25:11.5182286Z GOMOD='/dev/null'
2026-05-08T09:25:11.5182723Z GOMODCACHE='/home/runner/go/pkg/mod'
2026-05-08T09:25:11.5183114Z GONOPROXY=''
2026-05-08T09:25:11.5183460Z GONOSUMDB=''
2026-05-08T09:25:11.5183786Z GOOS='linux'
2026-05-08T09:25:11.5184165Z GOPATH='/home/runner/go'
2026-05-08T09:25:11.5184552Z GOPRIVATE=''
2026-05-08T09:25:11.5185067Z GOPROXY='https://proxy.golang.org,direct'
2026-05-08T09:25:11.5185738Z GOROOT='/opt/hostedtoolcache/go/1.25.9/x64'
2026-05-08T09:25:11.5186297Z GOSUMDB='sum.golang.org'
2026-05-08T09:25:11.5186724Z GOTELEMETRY='local'
2026-05-08T09:25:11.5187328Z GOTELEMETRYDIR='/home/runner/.config/go/telemetry'
2026-05-08T09:25:11.5187864Z GOTMPDIR=''
2026-05-08T09:25:11.5188592Z GOTOOLCHAIN='auto'
2026-05-08T09:25:11.5189417Z GOTOOLDIR='/opt/hostedtoolcache/go/1.25.9/x64/pkg/tool/linux_amd64'
2026-05-08T09:25:11.5190065Z GOVCS=''
2026-05-08T09:25:11.5190428Z GOVERSION='go1.25.9'
2026-05-08T09:25:11.5191033Z GOWORK=''
2026-05-08T09:25:11.5191413Z PKG_CONFIG='pkg-config'
2026-05-08T09:25:11.5191678Z 
2026-05-08T09:25:11.5192771Z ##[endgroup]
2026-05-08T09:25:11.5283332Z ##[group]Run pnpm install --frozen-lockfile
2026-05-08T09:25:11.5283696Z [36;1mpnpm install --frozen-lockfile[0m
2026-05-08T09:25:11.5305869Z shell: /usr/bin/bash -e {0}
2026-05-08T09:25:11.5306107Z env:
2026-05-08T09:25:11.5306272Z   CI: true
2026-05-08T09:25:11.5306437Z   DO_NOT_TRACK: 1
2026-05-08T09:25:11.5306679Z   PNPM_HOME: /home/runner/setup-pnpm/node_modules/.bin
2026-05-08T09:25:11.5306974Z ##[endgroup]
2026-05-08T09:25:12.0022239Z Scope: all 18 workspace projects
2026-05-08T09:25:12.1135831Z Lockfile is up to date, resolution step is skipped
2026-05-08T09:25:12.2654961Z Progress: resolved 1, reused 0, downloaded 0, added 0
2026-05-08T09:25:12.5685866Z Packages: +2722
2026-05-08T09:25:12.5686682Z ++++++++++++++++++++++++++++++++++++++++++++++++++++++++++++++++++++++++++++++++
2026-05-08T09:25:13.2658344Z Progress: resolved 2722, reused 852, downloaded 0, added 0
2026-05-08T09:25:14.2658366Z Progress: resolved 2722, reused 1305, downloaded 16, added 334
2026-05-08T09:25:15.2662323Z Progress: resolved 2722, reused 1305, downloaded 16, added 1168
2026-05-08T09:25:16.2671250Z Progress: resolved 2722, reused 1305, downloaded 102, added 1405
2026-05-08T09:25:17.2673496Z Progress: resolved 2722, reused 1305, downloaded 242, added 1548
2026-05-08T09:25:18.2698091Z Progress: resolved 2722, reused 1305, downloaded 376, added 1689
2026-05-08T09:25:19.2716212Z Progress: resolved 2722, reused 1305, downloaded 529, added 1844
2026-05-08T09:25:20.2841653Z Progress: resolved 2722, reused 1305, downloaded 582, added 1892
2026-05-08T09:25:21.2817221Z Progress: resolved 2722, reused 1305, downloaded 594, added 1901
2026-05-08T09:25:22.2858068Z Progress: resolved 2722, reused 1305, downloaded 675, added 1983
2026-05-08T09:25:23.2853896Z Progress: resolved 2722, reused 1305, downloaded 901, added 2218
2026-05-08T09:25:24.2855622Z Progress: resolved 2722, reused 1305, downloaded 1076, added 2396
2026-05-08T09:25:25.2862468Z Progress: resolved 2722, reused 1305, downloaded 1297, added 2615
2026-05-08T09:25:26.1463708Z Progress: resolved 2722, reused 1305, downloaded 1402, added 2722, done
2026-05-08T09:25:27.0116398Z .../core-js@3.41.0/node_modules/core-js postinstall$ node -e "try{require('./postinstall')}catch(e){}"
2026-05-08T09:25:27.0346973Z .../esbuild@0.17.19/node_modules/esbuild postinstall$ node install.js
2026-05-08T09:25:27.0352376Z .../esbuild@0.25.9/node_modules/esbuild postinstall$ node install.js
2026-05-08T09:25:27.0355315Z .../node_modules/@bufbuild/buf postinstall$ node ./install.js
2026-05-08T09:25:27.0361640Z .../esbuild@0.19.11/node_modules/esbuild postinstall$ node install.js
2026-05-08T09:25:27.1102752Z .../core-js@3.41.0/node_modules/core-js postinstall: Done
2026-05-08T09:25:27.1117943Z .../esbuild@0.17.19/node_modules/esbuild postinstall: Done
2026-05-08T09:25:27.1365650Z .../node_modules/@bufbuild/buf postinstall: Done
2026-05-08T09:25:27.1531719Z .../node-native-stacktrace install$ node scripts/check-build.mjs
2026-05-08T09:25:27.1553433Z .../esbuild@0.25.9/node_modules/esbuild postinstall: Done
2026-05-08T09:25:27.1802334Z .../esbuild@0.19.11/node_modules/esbuild postinstall: Done
2026-05-08T09:25:27.1821941Z .../@sentry-internal/node-cpu-profiler install$ node scripts/check-build.js
2026-05-08T09:25:27.2262092Z .../node_modules/msgpackr-extract install$ node-gyp-build-optional-packages
2026-05-08T09:25:27.2647930Z .../esbuild@0.25.0/node_modules/esbuild postinstall$ node install.js
2026-05-08T09:25:27.3022165Z .../node-native-stacktrace install: Precompiled binary found but failed loading
2026-05-08T09:25:27.3043247Z .../node-native-stacktrace install: TypeError [ERR_UNKNOWN_FILE_EXTENSION]: Unknown file extension ".node" for /home/runner/work/cosmo/cosmo/node_modules/.pnpm/@sentry-internal+node-native-stacktrace@0.2.2/node_modules/@sentry-internal/node-native-stacktrace/lib/stack-trace-linux-x64-glibc-127.node
2026-05-08T09:25:27.3062202Z .../node-native-stacktrace install:     at Object.getFileProtocolModuleFormat [as file:] (node:internal/modules/esm/get_format:219:9)
2026-05-08T09:25:27.3082293Z .../node-native-stacktrace install:     at defaultGetFormat (node:internal/modules/esm/get_format:245:36)
2026-05-08T09:25:27.3084065Z .../node-native-stacktrace install:     at defaultLoad (node:internal/modules/esm/load:98:16)
2026-05-08T09:25:27.3085685Z .../node-native-stacktrace install:     at ModuleLoader.load (node:internal/modules/esm/loader:815:12)
2026-05-08T09:25:27.3087459Z .../node-native-stacktrace install:     at ModuleLoader.loadAndTranslate (node:internal/modules/esm/loader:594:31)
2026-05-08T09:25:27.3089177Z .../node-native-stacktrace install:     at #createModuleJob (node:internal/modules/esm/loader:624:36)
2026-05-08T09:25:27.3091357Z .../node-native-stacktrace install:     at #getJobFromResolveResult (node:internal/modules/esm/loader:343:34)
2026-05-08T09:25:27.3093277Z .../node-native-stacktrace install:     at ModuleLoader.getModuleJobForImport (node:internal/modules/esm/loader:311:41)
2026-05-08T09:25:27.3095561Z .../node-native-stacktrace install:     at async onImport.tracePromise.__proto__ (node:internal/modules/esm/loader:664:25) {
2026-05-08T09:25:27.3097040Z .../node-native-stacktrace install:   code: 'ERR_UNKNOWN_FILE_EXTENSION'
2026-05-08T09:25:27.3097956Z .../node-native-stacktrace install: }
2026-05-08T09:25:27.3098831Z .../node-native-stacktrace install: Compiling from source...
2026-05-08T09:25:27.3308325Z .../@sentry-internal/node-cpu-profiler install: @sentry/profiling-node: Precompiled binary found, attempting to load /home/runner/work/cosmo/cosmo/node_modules/.pnpm/@sentry-internal+node-cpu-profiler@2.2.0/node_modules/@sentry-internal/node-cpu-profiler/lib/sentry_cpu_profiler-linux-x64-glibc-127.node
2026-05-08T09:25:27.3532444Z .../@sentry-internal/node-cpu-profiler install: @sentry/profiling-node: Precompiled binary found, skipping build from source.
2026-05-08T09:25:27.3634042Z .../@sentry-internal/node-cpu-profiler install: Done
2026-05-08T09:25:27.3737365Z .../esbuild@0.25.0/node_modules/esbuild postinstall: Done
2026-05-08T09:25:27.4081562Z .../node_modules/msgpackr-extract install: Done
2026-05-08T09:25:27.4312120Z .../node_modules/protobufjs postinstall$ node scripts/postinstall
2026-05-08T09:25:27.4582145Z .../sharp@0.34.5/node_modules/sharp install$ node install/check.js || npm run build
2026-05-08T09:25:27.4814310Z .../node_modules/@sentry/cli postinstall$ node ./scripts/install.js
2026-05-08T09:25:27.5069440Z .../node_modules/protobufjs postinstall: Done
2026-05-08T09:25:27.6157086Z .../node_modules/@sentry/cli postinstall: Done
2026-05-08T09:25:27.7837142Z .../sharp@0.34.5/node_modules/sharp install: Done
2026-05-08T09:25:29.2353530Z .../node-native-stacktrace install: make: Entering directory '/home/runner/work/cosmo/cosmo/node_modules/.pnpm/@sentry-internal+node-native-stacktrace@0.2.2/node_modules/@sentry-internal/node-native-stacktrace/build'
2026-05-08T09:25:29.2367491Z .../node-native-stacktrace install:   CXX(target) Release/obj.target/stack-trace/module.o
2026-05-08T09:25:32.3617571Z .../node-native-stacktrace install:   SOLINK_MODULE(target) Release/obj.target/stack-trace.node
2026-05-08T09:25:32.5188094Z .../node-native-stacktrace install:   COPY Release/stack-trace.node
2026-05-08T09:25:32.5229623Z .../node-native-stacktrace install: make: Leaving directory '/home/runner/work/cosmo/cosmo/node_modules/.pnpm/@sentry-internal+node-native-stacktrace@0.2.2/node_modules/@sentry-internal/node-native-stacktrace/build'
2026-05-08T09:25:32.5330366Z .../node-native-stacktrace install: Done
2026-05-08T09:25:32.5537227Z .../node_modules/msw postinstall$ node -e "try{require('./config/scripts/postinstall')}catch(e){}"
2026-05-08T09:25:32.5969359Z .../node_modules/msw postinstall: Done
2026-05-08T09:25:33.0972133Z 
2026-05-08T09:25:33.0972906Z dependencies:
2026-05-08T09:25:33.0973829Z + @graphiql/plugin-explorer 3.1.0
2026-05-08T09:25:33.0974636Z + @graphiql/toolkit 0.9.1
2026-05-08T09:25:33.0975081Z + graphiql 3.3.2
2026-05-08T09:25:33.0975298Z 
2026-05-08T09:25:33.0975506Z devDependencies:
2026-05-08T09:25:33.0975905Z + @bufbuild/buf 1.34.0
2026-05-08T09:25:33.0976650Z + @bufbuild/protoc-gen-es 1.10.0
2026-05-08T09:25:33.0977174Z + @commitlint/cli 19.8.0
2026-05-08T09:25:33.0977793Z + @commitlint/config-conventional 19.8.0
2026-05-08T09:25:33.0979078Z + @connectrpc/connect-query 1.4.1
2026-05-08T09:25:33.0979933Z + @connectrpc/protoc-gen-connect-es 1.4.0
2026-05-08T09:25:33.0980817Z + @connectrpc/protoc-gen-connect-query 1.4.1
2026-05-08T09:25:33.0981521Z + @lerna-lite/cli 4.11.4
2026-05-08T09:25:33.0981823Z + @lerna-lite/publish 4.11.4
2026-05-08T09:25:33.0982084Z + @lerna-lite/version 4.11.4
2026-05-08T09:25:33.0982311Z + husky 8.0.3
2026-05-08T09:25:33.0982524Z + lint-staged 15.2.10
2026-05-08T09:25:33.0982734Z + prettier 3.6.2
2026-05-08T09:25:33.0982930Z + ts-node 10.9.2
2026-05-08T09:25:33.0983760Z + typescript 5.6.2
2026-05-08T09:25:33.0984032Z + vitest 3.2.4
2026-05-08T09:25:33.0984233Z 
2026-05-08T09:25:33.1844548Z studio postinstall$ pnpm run copy-monaco
2026-05-08T09:25:33.6224429Z studio postinstall: > studio@0.169.1 copy-monaco /home/runner/work/cosmo/cosmo/studio
2026-05-08T09:25:33.6226455Z studio postinstall: > rm -rf public/monaco-editor && mkdir -p public/monaco-editor/min && cp -r node_modules/monaco-editor/min/vs public/monaco-editor/min
2026-05-08T09:25:33.6504129Z studio postinstall: Done
2026-05-08T09:25:33.7144679Z Done in 22.1s
2026-05-08T09:25:33.7964998Z ##[group]Run pnpm buf generate --template buf.ts.gen.yaml
2026-05-08T09:25:33.7965434Z [36;1mpnpm buf generate --template buf.ts.gen.yaml[0m
2026-05-08T09:25:33.7999111Z shell: /usr/bin/bash -e {0}
2026-05-08T09:25:33.7999502Z env:
2026-05-08T09:25:33.7999722Z   CI: true
2026-05-08T09:25:33.7999895Z   DO_NOT_TRACK: 1
2026-05-08T09:25:33.8000161Z   PNPM_HOME: /home/runner/setup-pnpm/node_modules/.bin
2026-05-08T09:25:33.8000748Z ##[endgroup]
2026-05-08T09:25:36.2589307Z ##[group]Run pnpm run --filter ./composition --filter ./connect --filter ./shared build
2026-05-08T09:25:36.2590343Z [36;1mpnpm run --filter ./composition --filter ./connect --filter ./shared build[0m
2026-05-08T09:25:36.2621537Z shell: /usr/bin/bash -e {0}
2026-05-08T09:25:36.2621908Z env:
2026-05-08T09:25:36.2622185Z   CI: true
2026-05-08T09:25:36.2622482Z   DO_NOT_TRACK: 1
2026-05-08T09:25:36.2622942Z   PNPM_HOME: /home/runner/setup-pnpm/node_modules/.bin
2026-05-08T09:25:36.2623448Z ##[endgroup]
2026-05-08T09:25:36.7421862Z Scope: 3 of 18 workspace projects
2026-05-08T09:25:36.7470008Z composition build$ rm -rf dist && tsc
2026-05-08T09:25:36.7472824Z connect build$ rm -rf dist && tsc
2026-05-08T09:25:39.7851818Z connect build: Done
2026-05-08T09:25:41.2554518Z composition build: Done
2026-05-08T09:25:41.2562110Z shared build$ rm -rf dist && tsc
2026-05-08T09:25:42.8056919Z shared build: Done
2026-05-08T09:25:42.8203786Z ##[group]Run pnpm run --filter composition test:coverage
2026-05-08T09:25:42.8204524Z [36;1mpnpm run --filter composition test:coverage[0m
2026-05-08T09:25:42.8232683Z shell: /usr/bin/bash -e {0}
2026-05-08T09:25:42.8233084Z env:
2026-05-08T09:25:42.8233372Z   CI: true
2026-05-08T09:25:42.8233670Z   DO_NOT_TRACK: 1
2026-05-08T09:25:42.8234098Z   PNPM_HOME: /home/runner/setup-pnpm/node_modules/.bin
2026-05-08T09:25:42.8234621Z ##[endgroup]
2026-05-08T09:25:43.3035533Z 
2026-05-08T09:25:43.3036704Z > @wundergraph/composition@0.58.3 test:coverage /home/runner/work/cosmo/cosmo/composition
2026-05-08T09:25:43.3037416Z > vitest run --coverage
2026-05-08T09:25:43.3037608Z 
2026-05-08T09:25:43.5992025Z [33mThe CJS build of Vite's Node API is deprecated. See https://vite.dev/guide/troubleshooting.html#vite-cjs-node-api-deprecated for more details.[39m
2026-05-08T09:25:43.7589258Z 
2026-05-08T09:25:43.7591202Z [1m[46m RUN [49m[22m [36mv3.2.4 [39m[90m/home/runner/work/cosmo/cosmo/composition[39m
2026-05-08T09:25:43.7592339Z       [2mCoverage enabled with [22m[33mv8[39m
2026-05-08T09:25:43.7592699Z 
2026-05-08T09:25:45.7792863Z  [32m✓[39m tests/v1/directives/authorization-directives.test.ts [2m([22m[2m33 tests[22m[2m)[22m[32m 267[2mms[22m[39m
2026-05-08T09:25:45.9304376Z  [32m✓[39m tests/v1/resolvability.test.ts [2m([22m[2m59 tests[22m[2m | [22m[33m1 skipped[39m[2m)[22m[33m 396[2mms[22m[39m
2026-05-08T09:25:45.9609502Z  [32m✓[39m tests/v1/contracts.test.ts [2m([22m[2m84 tests[22m[2m | [22m[33m2 skipped[39m[2m)[22m[33m 475[2mms[22m[39m
2026-05-08T09:25:47.1921885Z  [32m✓[39m tests/v1/directives/fieldset-directives.test.ts [2m([22m[2m43 tests[22m[2m)[22m[32m 194[2mms[22m[39m
2026-05-08T09:25:47.2207251Z  [32m✓[39m tests/v1/directives/configure-description.test.ts [2m([22m[2m78 tests[22m[2m)[22m[33m 367[2mms[22m[39m
2026-05-08T09:25:47.2211367Z  [32m✓[39m tests/v1/events.test.ts [2m([22m[2m46 tests[22m[2m)[22m[32m 194[2mms[22m[39m
2026-05-08T09:25:48.4968142Z  [32m✓[39m tests/v1/normalization.test.ts [2m([22m[2m65 tests[22m[2m)[22m[32m 207[2mms[22m[39m
2026-05-08T09:25:48.5273025Z  [32m✓[39m tests/v1/directives/provides.test.ts [2m([22m[2m31 tests[22m[2m | [22m[33m9 skipped[39m[2m)[22m[32m 151[2mms[22m[39m
2026-05-08T09:25:48.6622725Z  [32m✓[39m tests/v1/entities.test.ts [2m([22m[2m21 tests[22m[2m)[22m[32m 217[2mms[22m[39m
2026-05-08T09:25:49.8052730Z  [32m✓[39m tests/v1/directives/external.test.ts [2m([22m[2m50 tests[22m[2m)[22m[33m 303[2mms[22m[39m
2026-05-08T09:25:49.9086233Z  [32m✓[39m tests/v1/types/interfaces.test.ts [2m([22m[2m53 tests[22m[2m)[22m[32m 256[2mms[22m[39m
2026-05-08T09:25:50.0402650Z  [32m✓[39m tests/v1/federation-factory.test.ts [2m([22m[2m28 tests[22m[2m)[22m[33m 318[2mms[22m[39m
2026-05-08T09:25:51.0962622Z  [32m✓[39m tests/v1/directives/listSize.test.ts [2m([22m[2m42 tests[22m[2m)[22m[32m 126[2mms[22m[39m
2026-05-08T09:25:51.1886489Z  [32m✓[39m tests/v1/directives/interface-object.test.ts [2m([22m[2m15 tests[22m[2m)[22m[32m 219[2mms[22m[39m
2026-05-08T09:25:51.2030183Z  [32m✓[39m tests/v1/directives/subscription-filter.test.ts [2m([22m[2m22 tests[22m[2m)[22m[32m 271[2mms[22m[39m
2026-05-08T09:25:52.3969245Z  [32m✓[39m tests/v1/directives/inaccessible.test.ts [2m([22m[2m38 tests[22m[2m)[22m[32m 253[2mms[22m[39m
2026-05-08T09:25:52.4312582Z  [32m✓[39m tests/v1/directives/cost.test.ts [2m([22m[2m51 tests[22m[2m)[22m[32m 180[2mms[22m[39m
2026-05-08T09:25:52.4505612Z  [32m✓[39m tests/v1/types/unions.test.ts [2m([22m[2m38 tests[22m[2m)[22m[32m 193[2mms[22m[39m
2026-05-08T09:25:53.5362480Z  [32m✓[39m tests/v1/directives/compose-directive.test.ts [2m([22m[2m29 tests[22m[2m)[22m[32m 123[2mms[22m[39m
2026-05-08T09:25:53.6862692Z  [32m✓[39m tests/v1/directives/override.test.ts [2m([22m[2m29 tests[22m[2m)[22m[32m 214[2mms[22m[39m
2026-05-08T09:25:53.7171336Z  [32m✓[39m tests/v1/router-configuration.test.ts [2m([22m[2m10 tests[22m[2m)[22m[32m 176[2mms[22m[39m
2026-05-08T09:25:54.7136705Z  [32m✓[39m tests/v1/types/enums.test.ts [2m([22m[2m35 tests[22m[2m)[22m[32m 149[2mms[22m[39m
2026-05-08T09:25:54.8162415Z  [32m✓[39m tests/v1/types/inputs.test.ts [2m([22m[2m31 tests[22m[2m | [22m[33m2 skipped[39m[2m)[22m[32m 85[2mms[22m[39m
2026-05-08T09:25:54.8840097Z  [32m✓[39m tests/v1/types/objects.test.ts [2m([22m[2m37 tests[22m[2m)[22m[32m 142[2mms[22m[39m
2026-05-08T09:25:55.8085129Z  [32m✓[39m tests/v1/directives/require-fetch-reasons.test.ts [2m([22m[2m8 tests[22m[2m)[22m[32m 88[2mms[22m[39m
2026-05-08T09:25:55.9922586Z  [32m✓[39m tests/v1/directives/semantic-non-null.test.ts [2m([22m[2m17 tests[22m[2m)[22m[32m 92[2mms[22m[39m
2026-05-08T09:25:56.0109886Z  [32m✓[39m tests/v1/types/arguments.test.ts [2m([22m[2m16 tests[22m[2m)[22m[32m 155[2mms[22m[39m
2026-05-08T09:25:56.8682922Z  [32m✓[39m tests/v1/directives/directives.test.ts [2m([22m[2m19 tests[22m[2m | [22m[33m1 skipped[39m[2m)[22m[32m 94[2mms[22m[39m
2026-05-08T09:25:57.1761136Z  [32m✓[39m tests/v1/directives/shareable.test.ts [2m([22m[2m15 tests[22m[2m)[22m[32m 142[2mms[22m[39m
2026-05-08T09:25:57.2481311Z  [32m✓[39m tests/v1/entity-interface.test.ts [2m([22m[2m12 tests[22m[2m | [22m[33m3 skipped[39m[2m)[22m[32m 145[2mms[22m[39m
2026-05-08T09:25:58.0917243Z  [32m✓[39m tests/v1/directives/one-of.test.ts [2m([22m[2m12 tests[22m[2m)[22m[32m 104[2mms[22m[39m
2026-05-08T09:25:58.1717620Z  [32m✓[39m tests/v1/type-merging.test.ts [2m([22m[2m11 tests[22m[2m)[22m[32m 9[2mms[22m[39m
2026-05-08T09:25:58.3748654Z  [32m✓[39m tests/v1/error-length.test.ts [2m([22m[2m6 tests[22m[2m)[22m[32m 36[2mms[22m[39m
2026-05-08T09:25:59.1663984Z  [32m✓[39m tests/v1/types/scalars.test.ts [2m([22m[2m6 tests[22m[2m)[22m[32m 63[2mms[22m[39m
2026-05-08T09:25:59.2575399Z  [32m✓[39m tests/v1/directives/v2-directives.test.ts [2m([22m[2m3 tests[22m[2m)[22m[32m 61[2mms[22m[39m
2026-05-08T09:25:59.3605706Z  [32m✓[39m tests/v1/directives/connect-configure-resolver.test.ts [2m([22m[2m2 tests[22m[2m)[22m[32m 29[2mms[22m[39m
2026-05-08T09:25:59.9971119Z  [32m✓[39m tests/v1/regexp.test.ts [2m([22m[2m1 test[22m[2m)[22m[32m 6[2mms[22m[39m
2026-05-08T09:26:00.1048061Z  [32m✓[39m tests/v1/normalization-utils.test.ts [2m([22m[2m1 test[22m[2m)[22m[32m 13[2mms[22m[39m
2026-05-08T09:26:01.1287421Z 
2026-05-08T09:26:01.1296235Z [2m Test Files [22m [1m[32m38 passed[39m[22m[90m (38)[39m
2026-05-08T09:26:01.1299544Z [2m      Tests [22m [1m[32m1079 passed[39m[22m[2m | [22m[33m18 skipped[39m[90m (1097)[39m
2026-05-08T09:26:01.1300824Z [2m   Start at [22m 09:25:43
2026-05-08T09:26:01.1303553Z [2m   Duration [22m 17.37s[2m (transform 1.94s, setup 0ms, collect 26.16s, tests 6.51s, environment 13ms, prepare 5.00s)[22m
2026-05-08T09:26:01.1304013Z 
2026-05-08T09:26:01.1327237Z [34m % [39m[2mCoverage report from [22m[33mv8[39m
2026-05-08T09:26:01.1479621Z -------------------|---------|----------|---------|---------|-------------------
2026-05-08T09:26:01.1480798Z File               | % Stmts | % Branch | % Funcs | % Lines | Uncovered Line #s 
2026-05-08T09:26:01.1481354Z -------------------|---------|----------|---------|---------|-------------------
2026-05-08T09:26:01.1493790Z All files          |   88.88 |    87.38 |   87.55 |   88.88 |                   
2026-05-08T09:26:01.1494737Z  scripts           |       0 |        0 |       0 |       0 |                   
2026-05-08T09:26:01.1495686Z   ...n-version.mjs |       0 |        0 |       0 |       0 | 1-20              
2026-05-08T09:26:01.1496551Z  src               |     100 |      100 |     100 |     100 |                   
2026-05-08T09:26:01.1497430Z   index.ts         |     100 |      100 |     100 |     100 |                   
2026-05-08T09:26:01.1498735Z  src/ast           |   87.74 |    86.07 |   93.75 |   87.74 |                   
2026-05-08T09:26:01.1499687Z   utils.ts         |   87.74 |    86.07 |   93.75 |   87.74 | ...39-240,257-258 
2026-05-08T09:26:01.1500834Z  ...buildASTSchema |   60.25 |     78.7 |   51.21 |   60.25 |                   
2026-05-08T09:26:01.1501766Z   ...dASTSchema.ts |   94.59 |       80 |     100 |   94.59 | 28-29             
2026-05-08T09:26:01.1503263Z   extendSchema.ts  |   57.76 |    78.57 |      50 |   57.76 | ...40-444,473-474 
2026-05-08T09:26:01.1504246Z  ...efinition-data |     100 |      100 |     100 |     100 |                   
2026-05-08T09:26:01.1505211Z   ...ition-data.ts |     100 |      100 |     100 |     100 |                   
2026-05-08T09:26:01.1506074Z   utils.ts         |     100 |      100 |     100 |     100 |                   
2026-05-08T09:26:01.1506876Z  ...ion-data/types |       0 |        0 |       0 |       0 |                   
2026-05-08T09:26:01.1507747Z   params.ts        |       0 |        0 |       0 |       0 |                   
2026-05-08T09:26:01.1508557Z   types.ts         |       0 |        0 |       0 |       0 |                   
2026-05-08T09:26:01.1509387Z  src/errors        |   82.06 |    86.69 |    70.1 |   82.06 |                   
2026-05-08T09:26:01.1513130Z   errors.ts        |   82.06 |    86.69 |    70.1 |   82.06 | ...1982,2021-2022 
2026-05-08T09:26:01.1514054Z  src/errors/types  |       0 |        0 |       0 |       0 |                   
2026-05-08T09:26:01.1514964Z   params.ts        |       0 |        0 |       0 |       0 |                   
2026-05-08T09:26:01.1515850Z   types.ts         |       0 |        0 |       0 |       0 |                   
2026-05-08T09:26:01.1516671Z  src/federation    |     100 |      100 |     100 |     100 |                   
2026-05-08T09:26:01.1517578Z   federation.ts    |     100 |      100 |     100 |     100 |                   
2026-05-08T09:26:01.1518492Z  ...deration/types |       0 |        0 |       0 |       0 |                   
2026-05-08T09:26:01.1519389Z   params.ts        |       0 |        0 |       0 |       0 |                   
2026-05-08T09:26:01.1520265Z   types.ts         |       0 |        0 |       0 |       0 |                   
2026-05-08T09:26:01.1521843Z  src/normalization |     100 |      100 |     100 |     100 |                   
2026-05-08T09:26:01.1522825Z   normalization.ts |     100 |      100 |     100 |     100 |                   
2026-05-08T09:26:01.1523753Z   params.ts        |       0 |        0 |       0 |       0 |                   
2026-05-08T09:26:01.1524592Z   types.ts         |       0 |        0 |       0 |       0 |                   
2026-05-08T09:26:01.1525455Z  ...vability-graph |   94.31 |    92.77 |     100 |   94.31 |                   
2026-05-08T09:26:01.1526394Z   graph-nodes.ts   |   98.03 |    97.36 |     100 |   98.03 | 62-63             
2026-05-08T09:26:01.1527296Z   graph.ts         |   93.45 |     91.4 |     100 |   93.45 | ...04-412,424-425 
2026-05-08T09:26:01.1528225Z  ...raph/constants |     100 |      100 |     100 |     100 |                   
2026-05-08T09:26:01.1529205Z   ...-constants.ts |     100 |      100 |     100 |     100 |                   
2026-05-08T09:26:01.1530107Z   ...-constants.ts |     100 |      100 |     100 |     100 |                   
2026-05-08T09:26:01.1531212Z  ...esolution-data |    91.3 |       85 |     100 |    91.3 |                   
2026-05-08T09:26:01.1532094Z   ...ution-data.ts |    91.3 |       85 |     100 |    91.3 | 38-39,46-47,75-76 
2026-05-08T09:26:01.1532926Z  ...ion-data/types |       0 |        0 |       0 |       0 |                   
2026-05-08T09:26:01.1533796Z   params.ts        |       0 |        0 |       0 |       0 |                   
2026-05-08T09:26:01.1534675Z  ...ty-graph/types |       0 |        0 |       0 |       0 |                   
2026-05-08T09:26:01.1535579Z   params.ts        |       0 |        0 |       0 |       0 |                   
2026-05-08T09:26:01.1536695Z   types.ts         |       0 |        0 |       0 |       0 |                   
2026-05-08T09:26:01.1537602Z  ...ty-graph/utils |   98.97 |    85.26 |     100 |   98.97 |                   
2026-05-08T09:26:01.1538479Z   utils.ts         |   98.97 |    85.26 |     100 |   98.97 | 138-139,309-310   
2026-05-08T09:26:01.1539317Z  ...ph/utils/types |       0 |        0 |       0 |       0 |                   
2026-05-08T09:26:01.1540194Z   params.ts        |       0 |        0 |       0 |       0 |                   
2026-05-08T09:26:01.1541272Z   types.ts         |       0 |        0 |       0 |       0 |                   
2026-05-08T09:26:01.1542092Z  .../entity-walker |   93.85 |    93.33 |     100 |   93.85 |                   
2026-05-08T09:26:01.1542972Z   entity-walker.ts |   93.85 |    93.33 |     100 |   93.85 | ...43-245,257-259 
2026-05-08T09:26:01.1543804Z  ...y-walker/types |       0 |        0 |       0 |       0 |                   
2026-05-08T09:26:01.1544641Z   params.ts        |       0 |        0 |       0 |       0 |                   
2026-05-08T09:26:01.1545469Z  ...-field-walkers |   90.61 |    92.15 |     100 |   90.61 |                   
2026-05-08T09:26:01.1546363Z   ...eld-walker.ts |   90.61 |    92.15 |     100 |   90.61 | ...60-263,288-291 
2026-05-08T09:26:01.1547202Z  ...-walkers/types |       0 |        0 |       0 |       0 |                   
2026-05-08T09:26:01.1548031Z   params.ts        |       0 |        0 |       0 |       0 |                   
2026-05-08T09:26:01.1548844Z  ...bility-version |     100 |      100 |     100 |     100 |                   
2026-05-08T09:26:01.1549879Z   ...ty-version.ts |     100 |      100 |     100 |     100 |                   
2026-05-08T09:26:01.1551053Z  ...-configuration |     100 |      100 |     100 |     100 |                   
2026-05-08T09:26:01.1551912Z   types.ts         |       0 |        0 |       0 |       0 |                   
2026-05-08T09:26:01.1552713Z   utils.ts         |     100 |      100 |     100 |     100 |                   
2026-05-08T09:26:01.1553544Z  ...chema-building |   94.15 |    89.52 |   98.41 |   94.15 |                   
2026-05-08T09:26:01.1554392Z   ast.ts           |   91.79 |     86.2 |     100 |   91.79 | ...85-288,290-293 
2026-05-08T09:26:01.1555628Z   utils.ts         |   94.56 |    89.88 |      98 |   94.56 | ...88-889,910-911 
2026-05-08T09:26:01.1556474Z  ...building/types |     100 |      100 |     100 |     100 |                   
2026-05-08T09:26:01.1557350Z   params.ts        |       0 |        0 |       0 |       0 |                   
2026-05-08T09:26:01.1558203Z   results.ts       |       0 |        0 |       0 |       0 |                   
2026-05-08T09:26:01.1559037Z   types.ts         |     100 |      100 |     100 |     100 |                   
2026-05-08T09:26:01.1559836Z  src/subgraph      |     100 |      100 |     100 |     100 |                   
2026-05-08T09:26:01.1560859Z   types.ts         |       0 |        0 |       0 |       0 |                   
2026-05-08T09:26:01.1561659Z   utils.ts         |     100 |      100 |     100 |     100 |                   
2026-05-08T09:26:01.1562455Z  ...subgraph/types |       0 |        0 |       0 |       0 |                   
2026-05-08T09:26:01.1563413Z   params.ts        |       0 |        0 |       0 |       0 |                   
2026-05-08T09:26:01.1564213Z  src/types         |       0 |        0 |       0 |       0 |                   
2026-05-08T09:26:01.1565003Z   params.ts        |       0 |        0 |       0 |       0 |                   
2026-05-08T09:26:01.1565798Z   results.ts       |       0 |        0 |       0 |       0 |                   
2026-05-08T09:26:01.1566582Z   types.ts         |       0 |        0 |       0 |       0 |                   
2026-05-08T09:26:01.1567360Z  src/utils         |   92.41 |    73.61 |     100 |   92.41 |                   
2026-05-08T09:26:01.1568218Z   ...on-version.ts |     100 |      100 |     100 |     100 |                   
2026-05-08T09:26:01.1569480Z   ...-constants.ts |     100 |      100 |     100 |     100 |                   
2026-05-08T09:26:01.1570338Z   params.ts        |       0 |        0 |       0 |       0 |                   
2026-05-08T09:26:01.1571387Z   ...-constants.ts |     100 |      100 |     100 |     100 |                   
2026-05-08T09:26:01.1572221Z   types.ts         |       0 |        0 |       0 |       0 |                   
2026-05-08T09:26:01.1573021Z   utils.ts         |   86.01 |    73.61 |     100 |   86.01 | ...52,154,269-270 
2026-05-08T09:26:01.1573820Z  src/v1/constants  |     100 |      100 |     100 |     100 |                   
2026-05-08T09:26:01.1574695Z   constants.ts     |     100 |      100 |     100 |     100 |                   
2026-05-08T09:26:01.1575554Z   ...efinitions.ts |     100 |      100 |     100 |     100 |                   
2026-05-08T09:26:01.1576413Z   integers.ts      |     100 |      100 |     100 |     100 |                   
2026-05-08T09:26:01.1577273Z   ...efinitions.ts |     100 |      100 |     100 |     100 |                   
2026-05-08T09:26:01.1578207Z   strings.ts       |     100 |      100 |     100 |     100 |                   
2026-05-08T09:26:01.1579059Z   type-nodes.ts    |     100 |      100 |     100 |     100 |                   
2026-05-08T09:26:01.1579924Z  src/v1/federation |   87.57 |    85.33 |   94.25 |   87.57 |                   
2026-05-08T09:26:01.1581067Z   ...on-factory.ts |   88.45 |    85.12 |     100 |   88.45 | ...3667,3692-3693 
2026-05-08T09:26:01.1581939Z   utils.ts         |   78.65 |    84.09 |      70 |   78.65 | ...31-238,242-243 
2026-05-08T09:26:01.1582836Z   walkers.ts       |   75.22 |    95.45 |      75 |   75.22 | ...01-120,122-125 
2026-05-08T09:26:01.1583708Z  ...deration/types |       0 |        0 |       0 |       0 |                   
2026-05-08T09:26:01.1584583Z   params.ts        |       0 |        0 |       0 |       0 |                   
2026-05-08T09:26:01.1585443Z  .../normalization |   89.12 |    88.85 |   98.66 |   89.12 |                   
2026-05-08T09:26:01.1586346Z   ...on-factory.ts |   89.07 |    88.68 |   98.91 |   89.07 | ...4167,4180-4181 
2026-05-08T09:26:01.1587219Z   utils.ts         |   88.51 |    86.62 |   94.73 |   88.51 | ...12-816,827-831 
2026-05-08T09:26:01.1588072Z   walkers.ts       |   90.24 |    93.38 |     100 |   90.24 | ...46-547,568-569 
2026-05-08T09:26:01.1589229Z  ...-normalization |    92.3 |    87.09 |     100 |    92.3 |                   
2026-05-08T09:26:01.1590178Z   ...normalizer.ts |    92.3 |    87.09 |     100 |    92.3 | ...85-286,302-307 
2026-05-08T09:26:01.1591282Z  ...lization/types |       0 |        0 |       0 |       0 |                   
2026-05-08T09:26:01.1592100Z   params.ts        |       0 |        0 |       0 |       0 |                   
2026-05-08T09:26:01.1592867Z  ...lization/types |       0 |        0 |       0 |       0 |                   
2026-05-08T09:26:01.1593668Z   params.ts        |       0 |        0 |       0 |       0 |                   
2026-05-08T09:26:01.1594455Z   results.ts       |       0 |        0 |       0 |       0 |                   
2026-05-08T09:26:01.1595231Z   types.ts         |       0 |        0 |       0 |       0 |                   
2026-05-08T09:26:01.1596028Z  ...chema-building |   90.47 |    83.87 |     100 |   90.47 |                   
2026-05-08T09:26:01.1596929Z   type-merging.ts  |   90.47 |    83.87 |     100 |   90.47 | ...15-119,150-152 
2026-05-08T09:26:01.1597802Z  src/v1/subgraph   |    9.09 |      100 |       0 |    9.09 |                   
2026-05-08T09:26:01.1598700Z   subgraph.ts      |    9.09 |      100 |       0 |    9.09 | 2-11              
2026-05-08T09:26:01.1599433Z  src/v1/utils      |   81.25 |     92.5 |   95.83 |   81.25 |                   
2026-05-08T09:26:01.1600238Z   utils.ts         |   81.25 |     92.5 |   95.83 |   81.25 | ...30-434,458-459 
2026-05-08T09:26:01.1601406Z  src/v1/warnings   |   88.65 |    86.66 |   86.66 |   88.65 |                   
2026-05-08T09:26:01.1602656Z   params.ts        |       0 |        0 |       0 |       0 |                   
2026-05-08T09:26:01.1603562Z   warnings.ts      |   88.65 |    85.71 |   85.71 |   88.65 | 122-135,212-221   
2026-05-08T09:26:01.1604431Z  src/validation    |   76.57 |    71.87 |     100 |   76.57 |                   
2026-05-08T09:26:01.1605543Z   validation.ts    |   76.57 |    71.87 |     100 |   76.57 | ...28-229,236-248 
2026-05-08T09:26:01.1606424Z  ...lidation/types |       0 |        0 |       0 |       0 |                   
2026-05-08T09:26:01.1607327Z   params.ts        |       0 |        0 |       0 |       0 |                   
2026-05-08T09:26:01.1608185Z  src/warnings      |     100 |      100 |     100 |     100 |                   
2026-05-08T09:26:01.1609079Z   types.ts         |     100 |      100 |     100 |     100 |                   
2026-05-08T09:26:01.1609973Z -------------------|---------|----------|---------|---------|-------------------
2026-05-08T09:26:01.3800057Z ##[group]Run pnpm run --filter composition lint
2026-05-08T09:26:01.3800686Z [36;1mpnpm run --filter composition lint[0m
2026-05-08T09:26:01.3822260Z shell: /usr/bin/bash -e {0}
2026-05-08T09:26:01.3822488Z env:
2026-05-08T09:26:01.3822650Z   CI: true
2026-05-08T09:26:01.3822815Z   DO_NOT_TRACK: 1
2026-05-08T09:26:01.3823063Z   PNPM_HOME: /home/runner/setup-pnpm/node_modules/.bin
2026-05-08T09:26:01.3823376Z ##[endgroup]
2026-05-08T09:26:01.8655793Z 
2026-05-08T09:26:01.8657026Z > @wundergraph/composition@0.58.3 lint /home/runner/work/cosmo/cosmo/composition
2026-05-08T09:26:01.8658214Z > prettier --check .
2026-05-08T09:26:01.8658655Z 
2026-05-08T09:26:01.9555894Z Checking formatting...
2026-05-08T09:26:05.5651936Z All matched files use Prettier code style!
2026-05-08T09:26:05.6259224Z Prepare all required actions
2026-05-08T09:26:05.6259530Z Getting action download info
2026-05-08T09:26:05.8196620Z Download action repository 'actions/upload-artifact@v4' (SHA:ea165f8d65b6e75b540449e92b4886f43607fa02)
2026-05-08T09:26:06.0512570Z Download action repository 'codecov/codecov-action@v5' (SHA:75cd11691c0faa626561e295848008c8a7dddffe)
2026-05-08T09:26:06.1866616Z Getting action download info
2026-05-08T09:26:06.3721518Z Download action repository 'actions/github-script@60a0d83039c74a4aee543508d2ffcb1c3799cdea' (SHA:60a0d83039c74a4aee543508d2ffcb1c3799cdea)
2026-05-08T09:26:06.5763700Z ##[group]Run ./.github/actions/codecov-upload-pr
2026-05-08T09:26:06.5763997Z with:
2026-05-08T09:26:06.5764205Z   artifact-name: composition-tests-coverage
2026-05-08T09:26:06.5764662Z   coverage-path: composition/coverage/clover.xml
composition/coverage/coverage-final.json

2026-05-08T09:26:06.5765094Z   retention-days: 14
2026-05-08T09:26:06.5765741Z   codecov-token: ***
2026-05-08T09:26:06.5765978Z env:
2026-05-08T09:26:06.5766136Z   CI: true
2026-05-08T09:26:06.5766297Z   DO_NOT_TRACK: 1
2026-05-08T09:26:06.5766537Z   PNPM_HOME: /home/runner/setup-pnpm/node_modules/.bin
2026-05-08T09:26:06.5766809Z ##[endgroup]
2026-05-08T09:26:06.5800039Z ##[group]Run actions/upload-artifact@v4
2026-05-08T09:26:06.5800292Z with:
2026-05-08T09:26:06.5800821Z   overwrite: true
2026-05-08T09:26:06.5801187Z   name: codecov-pr-build-composition-tests-coverage
2026-05-08T09:26:06.5801624Z   path: composition/coverage/clover.xml
composition/coverage/coverage-final.json

2026-05-08T09:26:06.5802034Z   retention-days: 14
2026-05-08T09:26:06.5802247Z   if-no-files-found: warn
2026-05-08T09:26:06.5802466Z   compression-level: 6
2026-05-08T09:26:06.5802670Z   include-hidden-files: false
2026-05-08T09:26:06.5802881Z env:
2026-05-08T09:26:06.5803040Z   CI: true
2026-05-08T09:26:06.5803200Z   DO_NOT_TRACK: 1
2026-05-08T09:26:06.5803432Z   PNPM_HOME: /home/runner/setup-pnpm/node_modules/.bin
2026-05-08T09:26:06.5803731Z ##[endgroup]
2026-05-08T09:26:06.8162218Z Multiple search paths detected. Calculating the least common ancestor of all paths
2026-05-08T09:26:06.8165990Z The least common ancestor is /home/runner/work/cosmo/cosmo/composition/coverage. This will be the root directory of the artifact
2026-05-08T09:26:06.8167182Z With the provided path, there will be 2 files uploaded
2026-05-08T09:26:06.9307062Z Artifact name is valid!
2026-05-08T09:26:06.9308471Z Root directory input is valid!
2026-05-08T09:26:07.0134756Z Beginning upload of artifact content to blob storage
2026-05-08T09:26:07.1297516Z Uploaded bytes 376170
2026-05-08T09:26:07.1427547Z Finished uploading artifact content to blob storage!
2026-05-08T09:26:07.1431583Z SHA256 digest of uploaded artifact zip is 9b4419c3e9668092a757309469823fa47ffdbf838689b87f76d8e52b75f13606
2026-05-08T09:26:07.1432744Z Finalizing artifact upload
2026-05-08T09:26:07.2875315Z Artifact codecov-pr-build-composition-tests-coverage.zip successfully finalized. Artifact ID 6876000765
2026-05-08T09:26:07.2877257Z Artifact codecov-pr-build-composition-tests-coverage has been successfully uploaded! Final size is 376170 bytes. Artifact ID is 6876000765
2026-05-08T09:26:07.2882859Z Artifact download URL: https://github.com/wundergraph/cosmo/actions/runs/25547903470/artifacts/6876000765
2026-05-08T09:26:07.3180772Z ##[group]Run codecov/codecov-action@v5
2026-05-08T09:26:07.3181027Z with:
2026-05-08T09:26:07.3181325Z   token: ***
2026-05-08T09:26:07.3181512Z   disable_file_fixes: false
2026-05-08T09:26:07.3181735Z   disable_search: false
2026-05-08T09:26:07.3181959Z   disable_safe_directory: false
2026-05-08T09:26:07.3182185Z   disable_telem: false
2026-05-08T09:26:07.3182377Z   dry_run: false
2026-05-08T09:26:07.3182562Z   fail_ci_if_error: false
2026-05-08T09:26:07.3182764Z   git_service: github
2026-05-08T09:26:07.3182960Z   gcov_executable: gcov
2026-05-08T09:26:07.3183168Z   handle_no_reports_found: false
2026-05-08T09:26:07.3183403Z   recurse_submodules: false
2026-05-08T09:26:07.3183816Z   run_command: upload-coverage
2026-05-08T09:26:07.3184051Z   skip_validation: false
2026-05-08T09:26:07.3184269Z   use_legacy_upload_endpoint: false
2026-05-08T09:26:07.3184501Z   use_oidc: false
2026-05-08T09:26:07.3184682Z   use_pypi: false
2026-05-08T09:26:07.3184850Z   verbose: false
2026-05-08T09:26:07.3185026Z   version: latest
2026-05-08T09:26:07.3185203Z env:
2026-05-08T09:26:07.3185360Z   CI: true
2026-05-08T09:26:07.3185524Z   DO_NOT_TRACK: 1
2026-05-08T09:26:07.3185765Z   PNPM_HOME: /home/runner/setup-pnpm/node_modules/.bin
2026-05-08T09:26:07.3186059Z ##[endgroup]
2026-05-08T09:26:07.3224238Z ##[group]Run missing_deps=""
2026-05-08T09:26:07.3224497Z [36;1mmissing_deps=""[0m
2026-05-08T09:26:07.3224703Z [36;1m[0m
2026-05-08T09:26:07.3224909Z [36;1m# Check for always-required commands[0m
2026-05-08T09:26:07.3225198Z [36;1mfor cmd in bash git curl; do[0m
2026-05-08T09:26:07.3225494Z [36;1m  if ! command -v "$cmd" >/dev/null 2>&1; then[0m
2026-05-08T09:26:07.3225814Z [36;1m    missing_deps="$missing_deps $cmd"[0m
2026-05-08T09:26:07.3226073Z [36;1m  fi[0m
2026-05-08T09:26:07.3226240Z [36;1mdone[0m
2026-05-08T09:26:07.3226394Z [36;1m[0m
2026-05-08T09:26:07.3226641Z [36;1m# Check for gpg only if validation is not being skipped[0m
2026-05-08T09:26:07.3226969Z [36;1mif [ "false" != "true" ]; then[0m
2026-05-08T09:26:07.3227284Z [36;1m  if ! command -v gpg >/dev/null 2>&1; then[0m
2026-05-08T09:26:07.3227582Z [36;1m    missing_deps="$missing_deps gpg"[0m
2026-05-08T09:26:07.3227837Z [36;1m  fi[0m
2026-05-08T09:26:07.3228003Z [36;1mfi[0m
2026-05-08T09:26:07.3228178Z [36;1m[0m
2026-05-08T09:26:07.3228394Z [36;1m# Report missing required dependencies[0m
2026-05-08T09:26:07.3228682Z [36;1mif [ -n "$missing_deps" ]; then[0m
2026-05-08T09:26:07.3229077Z [36;1m  echo "Error: The following required dependencies are missing:$missing_deps"[0m
2026-05-08T09:26:07.3229596Z [36;1m  echo "Please install these dependencies before using this action."[0m
2026-05-08T09:26:07.3229956Z [36;1m  exit 1[0m
2026-05-08T09:26:07.3230135Z [36;1mfi[0m
2026-05-08T09:26:07.3230292Z [36;1m[0m
2026-05-08T09:26:07.3230798Z [36;1mecho "All required system dependencies are available."[0m
2026-05-08T09:26:07.3266846Z shell: /usr/bin/sh -e {0}
2026-05-08T09:26:07.3267075Z env:
2026-05-08T09:26:07.3267244Z   CI: true
2026-05-08T09:26:07.3267414Z   DO_NOT_TRACK: 1
2026-05-08T09:26:07.3267661Z   PNPM_HOME: /home/runner/setup-pnpm/node_modules/.bin
2026-05-08T09:26:07.3267949Z ##[endgroup]
2026-05-08T09:26:07.3320065Z All required system dependencies are available.
2026-05-08T09:26:07.3342264Z ##[group]Run CC_ACTION_VERSION=$(cat ${GITHUB_ACTION_PATH}/src/version)
2026-05-08T09:26:07.3342713Z [36;1mCC_ACTION_VERSION=$(cat ${GITHUB_ACTION_PATH}/src/version)[0m
2026-05-08T09:26:07.3343157Z [36;1mecho -e "\033[0;32m==>\033[0m Running Action version $CC_ACTION_VERSION"[0m
2026-05-08T09:26:07.3362881Z shell: /usr/bin/bash --noprofile --norc -e -o pipefail {0}
2026-05-08T09:26:07.3363196Z env:
2026-05-08T09:26:07.3363371Z   CI: true
2026-05-08T09:26:07.3363544Z   DO_NOT_TRACK: 1
2026-05-08T09:26:07.3363792Z   PNPM_HOME: /home/runner/setup-pnpm/node_modules/.bin
2026-05-08T09:26:07.3364085Z ##[endgroup]
2026-05-08T09:26:07.3417065Z [0;32m==>[0m Running Action version 5.5.4
2026-05-08T09:26:07.3442902Z ##[group]Run git config --global --add safe.directory "/home/runner/work/cosmo/cosmo"
2026-05-08T09:26:07.3443446Z [36;1mgit config --global --add safe.directory "/home/runner/work/cosmo/cosmo"[0m
2026-05-08T09:26:07.3443919Z [36;1mgit config --global --add safe.directory "$GITHUB_WORKSPACE"[0m
2026-05-08T09:26:07.3463855Z shell: /usr/bin/bash --noprofile --norc -e -o pipefail {0}
2026-05-08T09:26:07.3464178Z env:
2026-05-08T09:26:07.3464340Z   CI: true
2026-05-08T09:26:07.3464514Z   DO_NOT_TRACK: 1
2026-05-08T09:26:07.3464775Z   PNPM_HOME: /home/runner/setup-pnpm/node_modules/.bin
2026-05-08T09:26:07.3465070Z ##[endgroup]
2026-05-08T09:26:07.3555218Z ##[group]Run CC_FORK="false"
2026-05-08T09:26:07.3555618Z [36;1mCC_FORK="false"[0m
2026-05-08T09:26:07.3556168Z [36;1mif [ -n "$GITHUB_EVENT_PULL_REQUEST_HEAD_REPO_FULL_NAME" ] && [ "$GITHUB_EVENT_PULL_REQUEST_HEAD_REPO_FULL_NAME" != "$GITHUB_REPOSITORY" ];[0m
2026-05-08T09:26:07.3556741Z [36;1mthen[0m
2026-05-08T09:26:07.3556967Z [36;1m  echo -e "\033[0;32m==>\033[0m Fork detected"[0m
2026-05-08T09:26:07.3557248Z [36;1m  CC_FORK="true"[0m
2026-05-08T09:26:07.3557454Z [36;1mfi[0m
2026-05-08T09:26:07.3557664Z [36;1mecho "CC_FORK=$CC_FORK" >> "$GITHUB_ENV"[0m
2026-05-08T09:26:07.3577745Z shell: /usr/bin/bash --noprofile --norc -e -o pipefail {0}
2026-05-08T09:26:07.3578204Z env:
2026-05-08T09:26:07.3578369Z   CI: true
2026-05-08T09:26:07.3578537Z   DO_NOT_TRACK: 1
2026-05-08T09:26:07.3578788Z   PNPM_HOME: /home/runner/setup-pnpm/node_modules/.bin
2026-05-08T09:26:07.3579314Z   GITHUB_EVENT_PULL_REQUEST_HEAD_LABEL: wundergraph:jens/eng-9404-composition-losing-subscription-filter
2026-05-08T09:26:07.3579895Z   GITHUB_EVENT_PULL_REQUEST_HEAD_REPO_FULL_NAME: wundergraph/cosmo
2026-05-08T09:26:07.3580236Z   GITHUB_REPOSITORY: wundergraph/cosmo
2026-05-08T09:26:07.3580768Z ##[endgroup]
2026-05-08T09:26:07.3667863Z ##[group]Run actions/github-script@60a0d83039c74a4aee543508d2ffcb1c3799cdea
2026-05-08T09:26:07.3668220Z with:
2026-05-08T09:26:07.3668798Z   script: if (process.env.CC_USE_OIDC === 'true' && process.env.CC_FORK != 'true') {
  const id_token = await core.getIDToken(process.env.CC_OIDC_AUDIENCE)
  return id_token
}

2026-05-08T09:26:07.3669645Z   github-token: ***
2026-05-08T09:26:07.3669847Z   debug: false
2026-05-08T09:26:07.3670056Z   user-agent: actions/github-script
2026-05-08T09:26:07.3670310Z   result-encoding: json
2026-05-08T09:26:07.3670827Z   retries: 0
2026-05-08T09:26:07.3671056Z   retry-exempt-status-codes: 400,401,403,404,422
2026-05-08T09:26:07.3671326Z env:
2026-05-08T09:26:07.3671483Z   CI: true
2026-05-08T09:26:07.3671641Z   DO_NOT_TRACK: 1
2026-05-08T09:26:07.3671887Z   PNPM_HOME: /home/runner/setup-pnpm/node_modules/.bin
2026-05-08T09:26:07.3672176Z   CC_FORK: false
2026-05-08T09:26:07.3672384Z   CC_OIDC_AUDIENCE: https://codecov.io
2026-05-08T09:26:07.3672635Z   CC_USE_OIDC: false
2026-05-08T09:26:07.3672834Z ##[endgroup]
2026-05-08T09:26:07.4621003Z ##[group]Run if [ "false" == 'true' ] && [ "$CC_FORK" != 'true' ];
2026-05-08T09:26:07.4621619Z [36;1mif [ "false" == 'true' ] && [ "$CC_FORK" != 'true' ];[0m
2026-05-08T09:26:07.4621923Z [36;1mthen[0m
2026-05-08T09:26:07.4622165Z [36;1m  echo "CC_TOKEN=$CC_OIDC_TOKEN" >> "$GITHUB_ENV"[0m
2026-05-08T09:26:07.4622462Z [36;1melif [ -n "" ];[0m
2026-05-08T09:26:07.4622678Z [36;1mthen[0m
2026-05-08T09:26:07.4622915Z [36;1m  echo -e "\033[0;32m==>\033[0m Token set from env"[0m
2026-05-08T09:26:07.4623233Z [36;1m    echo "CC_TOKEN=" >> "$GITHUB_ENV"[0m
2026-05-08T09:26:07.4623486Z [36;1melse[0m
2026-05-08T09:26:07.4623838Z [36;1m  if [ -n "***" ];[0m
2026-05-08T09:26:07.4624053Z [36;1m  then[0m
2026-05-08T09:26:07.4624317Z [36;1m    echo -e "\033[0;32m==>\033[0m Token set from input"[0m
2026-05-08T09:26:07.4624758Z [36;1m    CC_TOKEN=$(echo "***" | tr -d '\n')[0m
2026-05-08T09:26:07.4625085Z [36;1m    echo "CC_TOKEN=$CC_TOKEN" >> "$GITHUB_ENV"[0m
2026-05-08T09:26:07.4625361Z [36;1m  fi[0m
2026-05-08T09:26:07.4625531Z [36;1mfi[0m
2026-05-08T09:26:07.4646907Z shell: /usr/bin/bash --noprofile --norc -e -o pipefail {0}
2026-05-08T09:26:07.4647227Z env:
2026-05-08T09:26:07.4647392Z   CI: true
2026-05-08T09:26:07.4647564Z   DO_NOT_TRACK: 1
2026-05-08T09:26:07.4647821Z   PNPM_HOME: /home/runner/setup-pnpm/node_modules/.bin
2026-05-08T09:26:07.4648116Z   CC_FORK: false
2026-05-08T09:26:07.4648293Z   CC_OIDC_TOKEN: 
2026-05-08T09:26:07.4648503Z   CC_OIDC_AUDIENCE: https://codecov.io
2026-05-08T09:26:07.4648758Z ##[endgroup]
2026-05-08T09:26:07.4691685Z [0;32m==>[0m Token set from input
2026-05-08T09:26:07.4729324Z ##[group]Run if [ -z "$CC_BRANCH" ] && [ -z "$CC_TOKEN" ] && [ "$CC_FORK" == 'true' ]
2026-05-08T09:26:07.4729979Z [36;1mif [ -z "$CC_BRANCH" ] && [ -z "$CC_TOKEN" ] && [ "$CC_FORK" == 'true' ][0m
2026-05-08T09:26:07.4730334Z [36;1mthen[0m
2026-05-08T09:26:07.4731060Z [36;1m  echo -e "\033[0;32m==>\033[0m Fork detected, setting branch to $GITHUB_EVENT_PULL_REQUEST_HEAD_LABEL"[0m
2026-05-08T09:26:07.4731592Z [36;1m  TOKENLESS="$GITHUB_EVENT_PULL_REQUEST_HEAD_LABEL"[0m
2026-05-08T09:26:07.4731957Z [36;1m  CC_BRANCH="$GITHUB_EVENT_PULL_REQUEST_HEAD_LABEL"[0m
2026-05-08T09:26:07.4732302Z [36;1m  echo "TOKENLESS=$TOKENLESS" >> "$GITHUB_ENV"[0m
2026-05-08T09:26:07.4732577Z [36;1mfi[0m
2026-05-08T09:26:07.4732748Z [36;1m[0m
2026-05-08T09:26:07.4733115Z [36;1mecho "CC_BRANCH=$CC_BRANCH" >> "$GITHUB_ENV"[0m
2026-05-08T09:26:07.4752633Z shell: /usr/bin/bash --noprofile --norc -e -o pipefail {0}
2026-05-08T09:26:07.4752953Z env:
2026-05-08T09:26:07.4753120Z   CI: true
2026-05-08T09:26:07.4753289Z   DO_NOT_TRACK: 1
2026-05-08T09:26:07.4753536Z   PNPM_HOME: /home/runner/setup-pnpm/node_modules/.bin
2026-05-08T09:26:07.4753828Z   CC_FORK: false
2026-05-08T09:26:07.4754117Z   CC_TOKEN: ***
2026-05-08T09:26:07.4754297Z   CC_BRANCH: 
2026-05-08T09:26:07.4754718Z   GITHUB_EVENT_PULL_REQUEST_HEAD_LABEL: wundergraph:jens/eng-9404-composition-losing-subscription-filter
2026-05-08T09:26:07.4755286Z   GITHUB_EVENT_PULL_REQUEST_HEAD_REPO_FULL_NAME: wundergraph/cosmo
2026-05-08T09:26:07.4755630Z   GITHUB_REPOSITORY: wundergraph/cosmo
2026-05-08T09:26:07.4755878Z ##[endgroup]
2026-05-08T09:26:07.4834214Z ##[group]Run if [ -z "$CC_SHA" ];
2026-05-08T09:26:07.4834482Z [36;1mif [ -z "$CC_SHA" ];[0m
2026-05-08T09:26:07.4834710Z [36;1mthen[0m
2026-05-08T09:26:07.4834967Z [36;1m  CC_SHA="$GITHUB_EVENT_PULL_REQUEST_HEAD_SHA"[0m
2026-05-08T09:26:07.4835254Z [36;1mfi[0m
2026-05-08T09:26:07.4835482Z [36;1mif [ -z "$CC_PR" ] && [ "$CC_FORK" == 'true' ];[0m
2026-05-08T09:26:07.4835763Z [36;1mthen[0m
2026-05-08T09:26:07.4835955Z [36;1m  CC_PR="$GITHUB_EVENT_NUMBER"[0m
2026-05-08T09:26:07.4836198Z [36;1mfi[0m
2026-05-08T09:26:07.4836366Z [36;1m[0m
2026-05-08T09:26:07.4836567Z [36;1mecho "CC_SHA=$CC_SHA" >> "$GITHUB_ENV"[0m
2026-05-08T09:26:07.4836859Z [36;1mecho "CC_PR=$CC_PR" >> "$GITHUB_ENV"[0m
2026-05-08T09:26:07.4856454Z shell: /usr/bin/bash --noprofile --norc -e -o pipefail {0}
2026-05-08T09:26:07.4856771Z env:
2026-05-08T09:26:07.4856936Z   CI: true
2026-05-08T09:26:07.4857106Z   DO_NOT_TRACK: 1
2026-05-08T09:26:07.4857348Z   PNPM_HOME: /home/runner/setup-pnpm/node_modules/.bin
2026-05-08T09:26:07.4857632Z   CC_FORK: false
2026-05-08T09:26:07.4857906Z   CC_TOKEN: ***
2026-05-08T09:26:07.4858087Z   CC_BRANCH: 
2026-05-08T09:26:07.4858255Z   CC_PR: 
2026-05-08T09:26:07.4858418Z   CC_SHA: 
2026-05-08T09:26:07.4858596Z   GITHUB_EVENT_NAME: pull_request
2026-05-08T09:26:07.4858836Z   GITHUB_EVENT_NUMBER: 2797
2026-05-08T09:26:07.4859164Z   GITHUB_EVENT_PULL_REQUEST_HEAD_SHA: 20405220615a4fe5466450a2a6a4560aa3258d65
2026-05-08T09:26:07.4859533Z ##[endgroup]
2026-05-08T09:26:07.4925100Z ##[group]Run ${GITHUB_ACTION_PATH}/dist/codecov.sh
2026-05-08T09:26:07.4925451Z [36;1m${GITHUB_ACTION_PATH}/dist/codecov.sh[0m
2026-05-08T09:26:07.4945072Z shell: /usr/bin/bash --noprofile --norc -e -o pipefail {0}
2026-05-08T09:26:07.4945396Z env:
2026-05-08T09:26:07.4945558Z   CI: true
2026-05-08T09:26:07.4945728Z   DO_NOT_TRACK: 1
2026-05-08T09:26:07.4945973Z   PNPM_HOME: /home/runner/setup-pnpm/node_modules/.bin
2026-05-08T09:26:07.4946252Z   CC_FORK: false
2026-05-08T09:26:07.4946521Z   CC_TOKEN: ***
2026-05-08T09:26:07.4946697Z   CC_BRANCH: 
2026-05-08T09:26:07.4946905Z   CC_SHA: 20405220615a4fe5466450a2a6a4560aa3258d65
2026-05-08T09:26:07.4947165Z   CC_PR: 
2026-05-08T09:26:07.4947336Z   CC_BASE_SHA: 
2026-05-08T09:26:07.4947508Z   CC_BINARY: 
2026-05-08T09:26:07.4947672Z   CC_BUILD: 
2026-05-08T09:26:07.4947840Z   CC_BUILD_URL: 
2026-05-08T09:26:07.4948021Z   CC_CODE: 
2026-05-08T09:26:07.4948178Z   CC_DIR: 
2026-05-08T09:26:07.4948352Z   CC_DISABLE_FILE_FIXES: false
2026-05-08T09:26:07.4948578Z   CC_DISABLE_SEARCH: false
2026-05-08T09:26:07.4948793Z   CC_DISABLE_TELEM: false
2026-05-08T09:26:07.4949154Z   CC_DRY_RUN: false
2026-05-08T09:26:07.4949349Z   CC_ENTERPRISE_URL: 
2026-05-08T09:26:07.4949535Z   CC_ENV: 
2026-05-08T09:26:07.4949694Z   CC_EXCLUDES: 
2026-05-08T09:26:07.4949873Z   CC_FAIL_ON_ERROR: false
2026-05-08T09:26:07.4950061Z   CC_FILES: 
2026-05-08T09:26:07.4950223Z   CC_FLAGS: 
2026-05-08T09:26:07.4950384Z   CC_FORCE: 
2026-05-08T09:26:07.4950812Z   CC_GCOV_ARGS: 
2026-05-08T09:26:07.4951001Z   CC_GCOV_EXECUTABLE: gcov
2026-05-08T09:26:07.4951210Z   CC_GCOV_IGNORE: 
2026-05-08T09:26:07.4951393Z   CC_GCOV_INCLUDE: 
2026-05-08T09:26:07.4951579Z   CC_GIT_SERVICE: github
2026-05-08T09:26:07.4951942Z   CC_HANDLE_NO_REPORTS_FOUND: false
2026-05-08T09:26:07.4952178Z   CC_JOB_CODE: 
2026-05-08T09:26:07.4952353Z   CC_LEGACY: false
2026-05-08T09:26:07.4952530Z   CC_NAME: 
2026-05-08T09:26:07.4952695Z   CC_NETWORK_FILTER: 
2026-05-08T09:26:07.4952891Z   CC_NETWORK_PREFIX: 
2026-05-08T09:26:07.4953081Z   CC_NETWORK_ROOT_FOLDER: 
2026-05-08T09:26:07.4953285Z   CC_OS: 
2026-05-08T09:26:07.4953455Z   CC_PARENT_SHA: 
2026-05-08T09:26:07.4953635Z   CC_PLUGINS: 
2026-05-08T09:26:07.4953822Z   CC_RECURSE_SUBMODULES: false
2026-05-08T09:26:07.4954039Z   CC_REPORT_TYPE: 
2026-05-08T09:26:07.4954226Z   CC_RUN_CMD: upload-coverage
2026-05-08T09:26:07.4954446Z   CC_SERVICE: github
2026-05-08T09:26:07.4954641Z   CC_SKIP_VALIDATION: false
2026-05-08T09:26:07.4954845Z   CC_SLUG: 
2026-05-08T09:26:07.4955017Z   CC_SWIFT_PROJECT: 
2026-05-08T09:26:07.4955204Z   CC_USE_PYPI: false
2026-05-08T09:26:07.4955387Z   CC_VERBOSE: false
2026-05-08T09:26:07.4955564Z   CC_VERSION: latest
2026-05-08T09:26:07.4955746Z   CC_YML_PATH: 
2026-05-08T09:26:07.4955915Z ##[endgroup]
2026-05-08T09:26:07.5018739Z      _____          _
2026-05-08T09:26:07.5019130Z     / ____|        | |
2026-05-08T09:26:07.5019452Z    | |     ___   __| | ___  ___ _____   __
2026-05-08T09:26:07.5019814Z    | |    / _ \ / _` |/ _ \/ __/ _ \ \ / /
2026-05-08T09:26:07.5020154Z    | |___| (_) | (_| |  __/ (_| (_) \ V /
2026-05-08T09:26:07.5020713Z     \_____\___/ \__,_|\___|\___\___/ \_/
2026-05-08T09:26:07.5021541Z                            [0;31m Wrapper-0.2.7[0m
2026-05-08T09:26:07.5021961Z                            
2026-05-08T09:26:07.5074473Z [0;32m==>[0m Detected [0;36mlinux[0m
2026-05-08T09:26:07.5075559Z [0;32m ->[0m Downloading [0;36mhttps://cli.codecov.io/latest/linux/codecov[0m
2026-05-08T09:26:07.5125954Z   % Total    % Received % Xferd  Average Speed   Time    Time     Time  Current
2026-05-08T09:26:07.5127803Z                                  Dload  Upload   Total   Spent    Left  Speed
2026-05-08T09:26:07.5128117Z 
2026-05-08T09:26:07.6504374Z   0     0    0     0    0     0      0      0 --:--:-- --:--:-- --:--:--     0
2026-05-08T09:26:07.6505357Z 100 10.6M  100 10.6M    0     0  77.2M      0 --:--:-- --:--:-- --:--:-- 77.7M
2026-05-08T09:26:07.6530864Z [0;32m==>[0m Finishing downloading [0;36mlinux:latest[0m
2026-05-08T09:26:07.7057410Z       Version: [0;36mv11.2.8[0m
2026-05-08T09:26:07.7057913Z  
2026-05-08T09:26:07.7695272Z gpg: directory '/home/runner/.gnupg' created
2026-05-08T09:26:07.7696621Z gpg: keybox '/home/runner/.gnupg/pubring.kbx' created
2026-05-08T09:26:07.8388468Z gpg: /home/runner/.gnupg/trustdb.gpg: trustdb created
2026-05-08T09:26:07.8389400Z gpg: key 806BB28AED779869: public key "Codecov Uploader (Codecov Uploader Verification Key) <security@codecov.io>" imported
2026-05-08T09:26:07.8597853Z gpg: Total number processed: 1
2026-05-08T09:26:07.8598411Z gpg:               imported: 1
2026-05-08T09:26:07.8604269Z [0;32m==>[0m Verifying GPG signature integrity
2026-05-08T09:26:07.8605624Z [0;32m ->[0m Downloading [0;36mhttps://cli.codecov.io/latest/linux/codecov.SHA256SUM[0m
2026-05-08T09:26:07.8607474Z [0;32m ->[0m Downloading [0;36mhttps://cli.codecov.io/latest/linux/codecov.SHA256SUM.sig[0m
2026-05-08T09:26:07.8607932Z  
2026-05-08T09:26:07.9578372Z gpg: Signature made Tue Apr 21 19:28:03 2026 UTC
2026-05-08T09:26:07.9579246Z gpg:                using RSA key 27034E7FDB850E0BBC2C62FF806BB28AED779869
2026-05-08T09:26:07.9581656Z gpg: Good signature from "Codecov Uploader (Codecov Uploader Verification Key) <security@codecov.io>" [unknown]
2026-05-08T09:26:07.9582910Z gpg: WARNING: This key is not certified with a trusted signature!
2026-05-08T09:26:07.9583860Z gpg:          There is no indication that the signature belongs to the owner.
2026-05-08T09:26:07.9584856Z Primary key fingerprint: 2703 4E7F DB85 0E0B BC2C  62FF 806B B28A ED77 9869
2026-05-08T09:26:08.0671577Z codecov: OK
2026-05-08T09:26:08.0681610Z [0;32m==>[0m CLI integrity verified
2026-05-08T09:26:08.0681969Z 
2026-05-08T09:26:08.1296690Z [0;32m ->[0m Token length: 36
2026-05-08T09:26:08.1297576Z [0;32m==>[0m Running upload-coverage
2026-05-08T09:26:08.1307886Z       [0;36m./codecov  upload-coverage -t <redacted> --git-service github --sha 20405220615a4fe5466450a2a6a4560aa3258d65 --gcov-executable gcov[0m
2026-05-08T09:26:08.4912011Z info - 2026-05-08 09:26:08,490 -- ci service found: github-actions
2026-05-08T09:26:08.5392712Z warning - 2026-05-08 09:26:08,538 -- xcrun is not installed or can't be found.
2026-05-08T09:26:10.7726186Z warning - 2026-05-08 09:26:10,772 -- No gcov data found.
2026-05-08T09:26:10.7731048Z warning - 2026-05-08 09:26:10,772 -- coverage.py is not installed or can't be found.
2026-05-08T09:26:10.8776320Z info - 2026-05-08 09:26:10,877 -- Found 2 coverage files to report
2026-05-08T09:26:10.8777527Z info - 2026-05-08 09:26:10,877 -- > /home/runner/work/cosmo/cosmo/composition/coverage/clover.xml
2026-05-08T09:26:10.8778973Z info - 2026-05-08 09:26:10,877 -- > /home/runner/work/cosmo/cosmo/composition/coverage/coverage-final.json
2026-05-08T09:26:12.3442731Z info - 2026-05-08 09:26:12,343 -- Your upload is now queued for processing. When finished, results will be available at: https://app.codecov.io/github/wundergraph/cosmo/commit/20405220615a4fe5466450a2a6a4560aa3258d65
2026-05-08T09:26:12.3444749Z info - 2026-05-08 09:26:12,344 -- Sending upload (1354482 bytes) to storage
2026-05-08T09:26:12.5130916Z info - 2026-05-08 09:26:12,512 -- Upload queued for processing complete
2026-05-08T09:26:12.6215296Z Post job cleanup.
2026-05-08T09:26:12.6248219Z Post job cleanup.
2026-05-08T09:26:12.7875117Z [command]/opt/hostedtoolcache/go/1.25.9/x64/bin/go env GOMODCACHE
2026-05-08T09:26:12.7913341Z [command]/opt/hostedtoolcache/go/1.25.9/x64/bin/go env GOCACHE
2026-05-08T09:26:12.7936084Z /home/runner/go/pkg/mod
2026-05-08T09:26:12.7954823Z /home/runner/.cache/go-build
2026-05-08T09:26:12.7968817Z [warning]Cache folder path is retrieved but doesn't exist on disk: /home/runner/go/pkg/mod
2026-05-08T09:26:12.7969661Z Primary key was not generated. Please check the log messages above for more errors or information
2026-05-08T09:26:12.8071660Z Post job cleanup.
2026-05-08T09:26:25.2063685Z Post job cleanup.
2026-05-08T09:26:25.3389259Z Cache hit occurred on the primary key Linux-pnpm-8-store-c379d3e44ffafabe8ccd8124e863e3a1b804c540a0d2cfcc12d6c24e5ac0d36b, not saving cache.
2026-05-08T09:26:25.3480770Z Post job cleanup.
2026-05-08T09:26:25.4950279Z Pruning is unnecessary.
2026-05-08T09:26:25.5060207Z Post job cleanup.
2026-05-08T09:26:25.6313174Z Post job cleanup.
2026-05-08T09:26:25.7332819Z [command]/usr/bin/git version
2026-05-08T09:26:25.7369385Z git version 2.53.0
2026-05-08T09:26:25.7408497Z Copying '/home/runner/.gitconfig' to '/home/runner/work/_temp/e4fe9d0e-e943-40d8-8373-d09c4fcd589a/.gitconfig'
2026-05-08T09:26:25.7419350Z Temporarily overriding HOME='/home/runner/work/_temp/e4fe9d0e-e943-40d8-8373-d09c4fcd589a' before making global git config changes
2026-05-08T09:26:25.7421188Z Adding repository directory to the temporary git global config as a safe directory
2026-05-08T09:26:25.7426742Z [command]/usr/bin/git config --global --add safe.directory /home/runner/work/cosmo/cosmo
2026-05-08T09:26:25.7463901Z [command]/usr/bin/git config --local --name-only --get-regexp core\.sshCommand
2026-05-08T09:26:25.7495717Z [command]/usr/bin/git submodule foreach --recursive sh -c "git config --local --name-only --get-regexp 'core\.sshCommand' && git config --local --unset-all 'core.sshCommand' || :"
2026-05-08T09:26:25.7724491Z [command]/usr/bin/git config --local --name-only --get-regexp http\.https\:\/\/github\.com\/\.extraheader
2026-05-08T09:26:25.7746009Z http.https://github.com/.extraheader
2026-05-08T09:26:25.7760114Z [command]/usr/bin/git config --local --unset-all http.https://github.com/.extraheader
2026-05-08T09:26:25.7792500Z [command]/usr/bin/git submodule foreach --recursive sh -c "git config --local --name-only --get-regexp 'http\.https\:\/\/github\.com\/\.extraheader' && git config --local --unset-all 'http.https://github.com/.extraheader' || :"
2026-05-08T09:26:25.8016735Z [command]/usr/bin/git config --local --name-only --get-regexp ^includeIf\.gitdir:
2026-05-08T09:26:25.8047910Z [command]/usr/bin/git submodule foreach --recursive git config --local --show-origin --name-only --get-regexp remote.origin.url
2026-05-08T09:26:25.8381710Z Cleaning up orphan processes
2026-05-08T09:26:25.8733555Z ##[warning]Node.js 20 actions are deprecated. The following actions are running on Node.js 20 and may not work as expected: actions/cache@v4, actions/checkout@v4, actions/github-script@60a0d83039c74a4aee543508d2ffcb1c3799cdea, actions/setup-go@v5, actions/upload-artifact@v4. Actions will be forced to run with Node.js 24 by default starting June 2nd, 2026. Node.js 20 will be removed from the runner on September 16th, 2026. Please check if updated versions of these actions are available that support Node.js 24. To opt into Node.js 24 now, set the FORCE_JAVASCRIPT_ACTIONS_TO_NODE24=true environment variable on the runner or in your workflow file. Once Node.js 24 becomes the default, you can temporarily opt out by setting ACTIONS_ALLOW_USE_UNSECURE_NODE_VERSION=true. For more information see: https://github.blog/changelog/2025-09-19-deprecation-of-node-20-on-github-actions-runners/
