2026-04-28T08:03:45.4488022Z Current runner version: '2.333.1'
2026-04-28T08:03:45.4523659Z ##[group]Runner Image Provisioner
2026-04-28T08:03:45.4524892Z Hosted Compute Agent
2026-04-28T08:03:45.4525638Z Version: 20260422.526
2026-04-28T08:03:45.4526530Z Commit: e1a9e573f4d0838b3a7c1b07401aeb29ed3635a9
2026-04-28T08:03:45.4527592Z Build Date: 2026-04-22T09:31:31Z
2026-04-28T08:03:45.4528628Z Worker ID: {99b1b536-8315-4c64-a9d6-99d2b9d6177f}
2026-04-28T08:03:45.4529684Z Azure Region: eastus
2026-04-28T08:03:45.4530553Z ##[endgroup]
2026-04-28T08:03:45.4532849Z ##[group]Operating System
2026-04-28T08:03:45.4533655Z Ubuntu
2026-04-28T08:03:45.4534486Z 24.04.4
2026-04-28T08:03:45.4535157Z LTS
2026-04-28T08:03:45.4535825Z ##[endgroup]
2026-04-28T08:03:45.4536647Z ##[group]Runner Image
2026-04-28T08:03:45.4537557Z Image: ubuntu-24.04
2026-04-28T08:03:45.4538390Z Version: 20260426.100.1
2026-04-28T08:03:45.4540279Z Included Software: https://github.com/actions/runner-images/blob/ubuntu24/20260426.100/images/ubuntu/Ubuntu2404-Readme.md
2026-04-28T08:03:45.4542888Z Image Release: https://github.com/actions/runner-images/releases/tag/ubuntu24%2F20260426.100
2026-04-28T08:03:45.4544380Z ##[endgroup]
2026-04-28T08:03:45.4546330Z ##[group]GITHUB_TOKEN Permissions
2026-04-28T08:03:45.4549048Z Contents: read
2026-04-28T08:03:45.4549875Z Metadata: read
2026-04-28T08:03:45.4550717Z ##[endgroup]
2026-04-28T08:03:45.4553756Z Secret source: Actions
2026-04-28T08:03:45.4554996Z Prepare workflow directory
2026-04-28T08:03:45.5094815Z Prepare all required actions
2026-04-28T08:03:45.5149798Z Getting action download info
2026-04-28T08:03:45.8837158Z Download action repository 'actions/checkout@v4' (SHA:34e114876b0b11c390a56381ad16ebd13914f8d5)
2026-04-28T08:03:45.9960969Z Download action repository 'actions/setup-go@v5' (SHA:40f1582b2485089dde7abd97c1529aa768e1baff)
2026-04-28T08:03:46.3596276Z Complete job name: tests (latest)
2026-04-28T08:03:46.4448185Z ##[group]Run actions/checkout@v4
2026-04-28T08:03:46.4449015Z with:
2026-04-28T08:03:46.4449438Z   repository: grpc/grpc-go
2026-04-28T08:03:46.4450165Z   token: ***
2026-04-28T08:03:46.4450581Z   ssh-strict: true
2026-04-28T08:03:46.4450999Z   ssh-user: git
2026-04-28T08:03:46.4451477Z   persist-credentials: true
2026-04-28T08:03:46.4451951Z   clean: true
2026-04-28T08:03:46.4452666Z   sparse-checkout-cone-mode: true
2026-04-28T08:03:46.4453201Z   fetch-depth: 1
2026-04-28T08:03:46.4453608Z   fetch-tags: false
2026-04-28T08:03:46.4454035Z   show-progress: true
2026-04-28T08:03:46.4454469Z   lfs: false
2026-04-28T08:03:46.4454862Z   submodules: false
2026-04-28T08:03:46.4455282Z   set-safe-directory: true
2026-04-28T08:03:46.4455991Z env:
2026-04-28T08:03:46.4456366Z   GO111MODULE: on
2026-04-28T08:03:46.4456774Z ##[endgroup]
2026-04-28T08:03:46.5646218Z Syncing repository: grpc/grpc-go
2026-04-28T08:03:46.5647915Z ##[group]Getting Git version info
2026-04-28T08:03:46.5648696Z Working directory is '/home/runner/work/grpc-go/grpc-go'
2026-04-28T08:03:46.5649680Z [command]/usr/bin/git version
2026-04-28T08:03:46.5702674Z git version 2.54.0
2026-04-28T08:03:46.5727947Z ##[endgroup]
2026-04-28T08:03:46.5743263Z Temporarily overriding HOME='/home/runner/work/_temp/7cfdfb24-777a-477d-8047-6310685ac80c' before making global git config changes
2026-04-28T08:03:46.5745826Z Adding repository directory to the temporary git global config as a safe directory
2026-04-28T08:03:46.5757205Z [command]/usr/bin/git config --global --add safe.directory /home/runner/work/grpc-go/grpc-go
2026-04-28T08:03:46.5801405Z Deleting the contents of '/home/runner/work/grpc-go/grpc-go'
2026-04-28T08:03:46.5805363Z ##[group]Initializing the repository
2026-04-28T08:03:46.5810122Z [command]/usr/bin/git init /home/runner/work/grpc-go/grpc-go
2026-04-28T08:03:46.5879554Z hint: Using 'master' as the name for the initial branch. This default branch name
2026-04-28T08:03:46.5880923Z hint: will change to "main" in Git 3.0. To configure the initial branch name
2026-04-28T08:03:46.5881897Z hint: to use in all of your new repositories, which will suppress this warning,
2026-04-28T08:03:46.5883330Z hint: call:
2026-04-28T08:03:46.5883727Z hint:
2026-04-28T08:03:46.5884617Z hint: 	git config --global init.defaultBranch <name>
2026-04-28T08:03:46.5885486Z hint:
2026-04-28T08:03:46.5886260Z hint: Names commonly chosen instead of 'master' are 'main', 'trunk' and
2026-04-28T08:03:46.5887890Z hint: 'development'. The just-created branch can be renamed via this command:
2026-04-28T08:03:46.5889176Z hint:
2026-04-28T08:03:46.5889846Z hint: 	git branch -m <name>
2026-04-28T08:03:46.5890649Z hint:
2026-04-28T08:03:46.5891796Z hint: Disable this message with "git config set advice.defaultBranchName false"
2026-04-28T08:03:46.5893867Z Initialized empty Git repository in /home/runner/work/grpc-go/grpc-go/.git/
2026-04-28T08:03:46.5898876Z [command]/usr/bin/git remote add origin https://github.com/grpc/grpc-go
2026-04-28T08:03:46.5937715Z ##[endgroup]
2026-04-28T08:03:46.5938955Z ##[group]Disabling automatic garbage collection
2026-04-28T08:03:46.5942606Z [command]/usr/bin/git config --local gc.auto 0
2026-04-28T08:03:46.5971905Z ##[endgroup]
2026-04-28T08:03:46.5973314Z ##[group]Setting up auth
2026-04-28T08:03:46.5979506Z [command]/usr/bin/git config --local --name-only --get-regexp core\.sshCommand
2026-04-28T08:03:46.6013270Z [command]/usr/bin/git submodule foreach --recursive sh -c "git config --local --name-only --get-regexp 'core\.sshCommand' && git config --local --unset-all 'core.sshCommand' || :"
2026-04-28T08:03:46.6319731Z [command]/usr/bin/git config --local --name-only --get-regexp http\.https\:\/\/github\.com\/\.extraheader
2026-04-28T08:03:46.6349406Z [command]/usr/bin/git submodule foreach --recursive sh -c "git config --local --name-only --get-regexp 'http\.https\:\/\/github\.com\/\.extraheader' && git config --local --unset-all 'http.https://github.com/.extraheader' || :"
2026-04-28T08:03:46.6577666Z [command]/usr/bin/git config --local --name-only --get-regexp ^includeIf\.gitdir:
2026-04-28T08:03:46.6609183Z [command]/usr/bin/git submodule foreach --recursive git config --local --show-origin --name-only --get-regexp remote.origin.url
2026-04-28T08:03:46.6854383Z [command]/usr/bin/git config --local http.https://github.com/.extraheader AUTHORIZATION: basic ***
2026-04-28T08:03:46.6890553Z ##[endgroup]
2026-04-28T08:03:46.6891598Z ##[group]Fetching the repository
2026-04-28T08:03:46.6903776Z [command]/usr/bin/git -c protocol.version=2 fetch --no-tags --prune --no-recurse-submodules --depth=1 origin +eafb29a4ac7eedce5ca9e468988998a2ead68eea:refs/remotes/origin/master
2026-04-28T08:03:47.5344957Z From https://github.com/grpc/grpc-go
2026-04-28T08:03:47.5347084Z  * [new ref]         eafb29a4ac7eedce5ca9e468988998a2ead68eea -> origin/master
2026-04-28T08:03:47.5378082Z ##[endgroup]
2026-04-28T08:03:47.5379434Z ##[group]Determining the checkout info
2026-04-28T08:03:47.5380937Z ##[endgroup]
2026-04-28T08:03:47.5384977Z [command]/usr/bin/git sparse-checkout disable
2026-04-28T08:03:47.5427234Z [command]/usr/bin/git config --local --unset-all extensions.worktreeConfig
2026-04-28T08:03:47.5453939Z ##[group]Checking out the ref
2026-04-28T08:03:47.5457532Z [command]/usr/bin/git checkout --progress --force -B master refs/remotes/origin/master
2026-04-28T08:03:47.6495346Z Reset branch 'master'
2026-04-28T08:03:47.6496878Z branch 'master' set up to track 'origin/master'.
2026-04-28T08:03:47.6507758Z ##[endgroup]
2026-04-28T08:03:47.6552537Z [command]/usr/bin/git log -1 --format=%H
2026-04-28T08:03:47.6577606Z eafb29a4ac7eedce5ca9e468988998a2ead68eea
2026-04-28T08:03:47.6867693Z ##[group]Run actions/setup-go@v5
2026-04-28T08:03:47.6869018Z with:
2026-04-28T08:03:47.6869797Z   go-version: 1.26
2026-04-28T08:03:47.6870724Z   cache-dependency-path: **/*go.sum
2026-04-28T08:03:47.6871864Z   check-latest: false
2026-04-28T08:03:47.6873277Z   token: ***
2026-04-28T08:03:47.6874265Z   cache: true
2026-04-28T08:03:47.6875076Z env:
2026-04-28T08:03:47.6875826Z   GO111MODULE: on
2026-04-28T08:03:47.6876659Z ##[endgroup]
2026-04-28T08:03:47.8504238Z Setup go version spec 1.26
2026-04-28T08:03:47.8559061Z Attempting to download 1.26...
2026-04-28T08:03:48.2016873Z matching 1.26...
2026-04-28T08:03:48.2026976Z Acquiring 1.26.2 from https://github.com/actions/go-versions/releases/download/1.26.2-24114135105/go-1.26.2-linux-x64.tar.gz
2026-04-28T08:03:48.6809452Z Extracting Go...
2026-04-28T08:03:48.6916237Z [command]/usr/bin/tar xz --warning=no-unknown-keyword --overwrite -C /home/runner/work/_temp/3be5f197-cb55-46f1-beaa-e1d925d395d5 -f /home/runner/work/_temp/358ef658-d9a1-449c-9336-ce2db1e37f82
2026-04-28T08:03:50.4282956Z Successfully extracted go to /home/runner/work/_temp/3be5f197-cb55-46f1-beaa-e1d925d395d5
2026-04-28T08:03:50.4283513Z Adding to the cache ...
2026-04-28T08:03:55.1818317Z Successfully cached go to /opt/hostedtoolcache/go/1.26.2/x64
2026-04-28T08:03:55.1824685Z Added go to the path
2026-04-28T08:03:55.1825260Z Successfully set up Go version 1.26
2026-04-28T08:03:55.2031031Z [command]/opt/hostedtoolcache/go/1.26.2/x64/bin/go env GOMODCACHE
2026-04-28T08:03:55.2078461Z [command]/opt/hostedtoolcache/go/1.26.2/x64/bin/go env GOCACHE
2026-04-28T08:03:55.2165460Z /home/runner/go/pkg/mod
2026-04-28T08:03:55.2175381Z /home/runner/.cache/go-build
2026-04-28T08:03:55.4937330Z Cache hit for: setup-go-Linux-x64-ubuntu24-go-1.26.2-5b1fb69cf6bc99fe508023db68628a0e7eb8e54fe344a3f6fd81f76776fdf740
2026-04-28T08:03:56.4433340Z Received 168345295 of 168345295 (100.0%), 179.8 MBs/sec
2026-04-28T08:03:56.4434042Z Cache Size: ~161 MB (168345295 B)
2026-04-28T08:03:56.4465832Z [command]/usr/bin/tar -xf /home/runner/work/_temp/8d128bf9-d463-4fb0-867f-bda6c702506c/cache.tzst -P -C /home/runner/work/grpc-go/grpc-go --use-compress-program unzstd
2026-04-28T08:03:58.7525962Z Cache restored successfully
2026-04-28T08:03:58.7616949Z Cache restored from key: setup-go-Linux-x64-ubuntu24-go-1.26.2-5b1fb69cf6bc99fe508023db68628a0e7eb8e54fe344a3f6fd81f76776fdf740
2026-04-28T08:03:58.7639611Z go version go1.26.2 linux/amd64
2026-04-28T08:03:58.7639823Z 
2026-04-28T08:03:58.7640116Z ##[group]go env
2026-04-28T08:03:58.8470845Z AR='ar'
2026-04-28T08:03:58.8471173Z CC='gcc'
2026-04-28T08:03:58.8471475Z CGO_CFLAGS='-O2 -g'
2026-04-28T08:03:58.8471832Z CGO_CPPFLAGS=''
2026-04-28T08:03:58.8472166Z CGO_CXXFLAGS='-O2 -g'
2026-04-28T08:03:58.8472707Z CGO_ENABLED='1'
2026-04-28T08:03:58.8473021Z CGO_FFLAGS='-O2 -g'
2026-04-28T08:03:58.8473329Z CGO_LDFLAGS='-O2 -g'
2026-04-28T08:03:58.8473642Z CXX='g++'
2026-04-28T08:03:58.8473960Z GCCGO='gccgo'
2026-04-28T08:03:58.8474263Z GO111MODULE='on'
2026-04-28T08:03:58.8474652Z GOAMD64='v1'
2026-04-28T08:03:58.8474947Z GOARCH='amd64'
2026-04-28T08:03:58.8475229Z GOAUTH='netrc'
2026-04-28T08:03:58.8475417Z GOBIN=''
2026-04-28T08:03:58.8475632Z GOCACHE='/home/runner/.cache/go-build'
2026-04-28T08:03:58.8475906Z GOCACHEPROG=''
2026-04-28T08:03:58.8476099Z GODEBUG=''
2026-04-28T08:03:58.8476335Z GOENV='/home/runner/.config/go/env'
2026-04-28T08:03:58.8476579Z GOEXE=''
2026-04-28T08:03:58.8476767Z GOEXPERIMENT=''
2026-04-28T08:03:58.8476967Z GOFIPS140='off'
2026-04-28T08:03:58.8477163Z GOFLAGS=''
2026-04-28T08:03:58.8477816Z GOGCCFLAGS='-fPIC -m64 -pthread -Wl,--no-gc-sections -fmessage-length=0 -ffile-prefix-map=/tmp/go-build2678691760=/tmp/go-build -gno-record-gcc-switches'
2026-04-28T08:03:58.8478789Z GOHOSTARCH='amd64'
2026-04-28T08:03:58.8479240Z GOHOSTOS='linux'
2026-04-28T08:03:58.8479617Z GOINSECURE=''
2026-04-28T08:03:58.8479982Z GOMOD='/home/runner/work/grpc-go/grpc-go/go.mod'
2026-04-28T08:03:58.8480474Z GOMODCACHE='/home/runner/go/pkg/mod'
2026-04-28T08:03:58.8481262Z GONOPROXY=''
2026-04-28T08:03:58.8481517Z GONOSUMDB=''
2026-04-28T08:03:58.8481704Z GOOS='linux'
2026-04-28T08:03:58.8481918Z GOPATH='/home/runner/go'
2026-04-28T08:03:58.8482147Z GOPRIVATE=''
2026-04-28T08:03:58.8483175Z GOPROXY='https://proxy.golang.org,direct'
2026-04-28T08:03:58.8483667Z GOROOT='/opt/hostedtoolcache/go/1.26.2/x64'
2026-04-28T08:03:58.8484113Z GOSUMDB='sum.golang.org'
2026-04-28T08:03:58.8484463Z GOTELEMETRY='local'
2026-04-28T08:03:58.8485043Z GOTELEMETRYDIR='/home/runner/.config/go/telemetry'
2026-04-28T08:03:58.8485649Z GOTMPDIR=''
2026-04-28T08:03:58.8485843Z GOTOOLCHAIN='auto'
2026-04-28T08:03:58.8486612Z GOTOOLDIR='/opt/hostedtoolcache/go/1.26.2/x64/pkg/tool/linux_amd64'
2026-04-28T08:03:58.8487140Z GOVCS=''
2026-04-28T08:03:58.8487421Z GOVERSION='go1.26.2'
2026-04-28T08:03:58.8487838Z GOWORK=''
2026-04-28T08:03:58.8488212Z PKG_CONFIG='pkg-config'
2026-04-28T08:03:58.8488542Z 
2026-04-28T08:03:58.8488996Z ##[endgroup]
2026-04-28T08:03:58.8790629Z ##[group]Run go version
2026-04-28T08:03:58.8790946Z [36;1mgo version[0m
2026-04-28T08:03:58.8791215Z [36;1mgo test  -cpu 1,4 -timeout 7m ./...[0m
2026-04-28T08:03:58.8791533Z [36;1mcd "${GITHUB_WORKSPACE}"[0m
2026-04-28T08:03:58.8791905Z [36;1mfor MOD_FILE in $(find . -name 'go.mod' | grep -Ev '^\./go\.mod'); do[0m
2026-04-28T08:03:58.8792491Z [36;1m  pushd "$(dirname ${MOD_FILE})"[0m
2026-04-28T08:03:58.8792823Z [36;1m  go test  -cpu 1,4 -timeout 2m ./...[0m
2026-04-28T08:03:58.8793095Z [36;1m  popd[0m
2026-04-28T08:03:58.8793283Z [36;1mdone[0m
2026-04-28T08:03:58.8978513Z shell: /usr/bin/bash -e {0}
2026-04-28T08:03:58.8978848Z env:
2026-04-28T08:03:58.8979228Z   GO111MODULE: on
2026-04-28T08:03:58.8979451Z ##[endgroup]
2026-04-28T08:03:58.9447048Z go version go1.26.2 linux/amd64
2026-04-28T08:05:24.3158556Z ok  	google.golang.org/grpc	65.826s
2026-04-28T08:05:24.3159140Z ok  	google.golang.org/grpc/admin	0.017s
2026-04-28T08:05:24.3159722Z ok  	google.golang.org/grpc/admin/test	0.017s
2026-04-28T08:05:24.3160212Z ok  	google.golang.org/grpc/attributes	0.003s
2026-04-28T08:05:24.3160680Z ok  	google.golang.org/grpc/authz	1.581s
2026-04-28T08:05:24.3161156Z ok  	google.golang.org/grpc/authz/audit	0.336s
2026-04-28T08:05:24.3161666Z ok  	google.golang.org/grpc/authz/audit/stdout	0.010s
2026-04-28T08:05:24.3162196Z ?   	google.golang.org/grpc/backoff	[no test files]
2026-04-28T08:05:24.3162892Z ok  	google.golang.org/grpc/balancer	0.007s
2026-04-28T08:05:24.3163402Z ok  	google.golang.org/grpc/balancer/base	0.003s
2026-04-28T08:05:24.3163987Z ok  	google.golang.org/grpc/balancer/endpointsharding	0.352s
2026-04-28T08:05:24.3164622Z ok  	google.golang.org/grpc/balancer/grpclb	13.591s
2026-04-28T08:05:24.3165285Z ?   	google.golang.org/grpc/balancer/grpclb/grpc_lb_v1	[no test files]
2026-04-28T08:05:24.3166039Z ?   	google.golang.org/grpc/balancer/grpclb/state	[no test files]
2026-04-28T08:05:24.3166677Z ok  	google.golang.org/grpc/balancer/lazy	1.106s
2026-04-28T08:05:24.3167440Z ok  	google.golang.org/grpc/balancer/leastrequest	0.440s
2026-04-28T08:05:24.3168043Z ok  	google.golang.org/grpc/balancer/pickfirst	20.676s
2026-04-28T08:05:24.3168723Z ?   	google.golang.org/grpc/balancer/pickfirst/internal	[no test files]
2026-04-28T08:05:24.3169412Z ?   	google.golang.org/grpc/balancer/pickfirst/pickfirstleaf	[no test files]
2026-04-28T08:05:24.3169919Z ok  	google.golang.org/grpc/balancer/randomsubsetting	0.011s
2026-04-28T08:05:24.3170330Z ok  	google.golang.org/grpc/balancer/ringhash	7.933s
2026-04-28T08:05:24.3170706Z ok  	google.golang.org/grpc/balancer/rls	9.939s
2026-04-28T08:05:24.3171124Z ok  	google.golang.org/grpc/balancer/rls/internal/adaptive	4.079s
2026-04-28T08:05:24.3171556Z ok  	google.golang.org/grpc/balancer/rls/internal/keys	0.006s
2026-04-28T08:05:24.3172008Z ?   	google.golang.org/grpc/balancer/rls/internal/test/e2e	[no test files]
2026-04-28T08:05:24.3172741Z ?   	google.golang.org/grpc/balancer/roundrobin	[no test files]
2026-04-28T08:05:24.3173189Z ok  	google.golang.org/grpc/balancer/weightedroundrobin	5.511s
2026-04-28T08:05:24.3173669Z ?   	google.golang.org/grpc/balancer/weightedroundrobin/internal	[no test files]
2026-04-28T08:05:24.3174166Z ok  	google.golang.org/grpc/balancer/weightedtarget	0.288s
2026-04-28T08:05:24.3174950Z ?   	google.golang.org/grpc/balancer/weightedtarget/weightedaggregator	[no test files]
2026-04-28T08:05:24.3175724Z ?   	google.golang.org/grpc/benchmark	[no test files]
2026-04-28T08:05:24.3176339Z ?   	google.golang.org/grpc/benchmark/benchmain	[no test files]
2026-04-28T08:05:24.3177041Z ?   	google.golang.org/grpc/benchmark/benchresult	[no test files]
2026-04-28T08:05:24.3178089Z ?   	google.golang.org/grpc/benchmark/client	[no test files]
2026-04-28T08:05:24.3178725Z ok  	google.golang.org/grpc/benchmark/flags	0.012s
2026-04-28T08:05:24.3179326Z ok  	google.golang.org/grpc/benchmark/latency	2.042s
2026-04-28T08:05:24.3180037Z ok  	google.golang.org/grpc/benchmark/primitives	0.014s [no tests to run]
2026-04-28T08:05:24.3181042Z ?   	google.golang.org/grpc/benchmark/server	[no test files]
2026-04-28T08:05:24.3181715Z ?   	google.golang.org/grpc/benchmark/stats	[no test files]
2026-04-28T08:05:24.3182598Z ?   	google.golang.org/grpc/benchmark/worker	[no test files]
2026-04-28T08:05:24.3183195Z ok  	google.golang.org/grpc/binarylog	0.139s
2026-04-28T08:05:24.3183841Z ?   	google.golang.org/grpc/binarylog/grpc_binarylog_v1	[no test files]
2026-04-28T08:05:24.3184546Z ?   	google.golang.org/grpc/channelz	[no test files]
2026-04-28T08:05:24.3185235Z ?   	google.golang.org/grpc/channelz/grpc_channelz_v1	[no test files]
2026-04-28T08:05:24.3186020Z ?   	google.golang.org/grpc/channelz/internal/protoconv	[no test files]
2026-04-28T08:05:24.3186689Z ok  	google.golang.org/grpc/channelz/service	0.036s
2026-04-28T08:05:24.3187266Z ok  	google.golang.org/grpc/codes	0.015s
2026-04-28T08:05:24.3187828Z ?   	google.golang.org/grpc/connectivity	[no test files]
2026-04-28T08:05:24.3188409Z ok  	google.golang.org/grpc/credentials	1.972s
2026-04-28T08:05:49.6926180Z ok  	google.golang.org/grpc/credentials/alts	43.185s
2026-04-28T08:05:49.6926806Z ?   	google.golang.org/grpc/credentials/alts/internal	[no test files]
2026-04-28T08:05:49.6927518Z ok  	google.golang.org/grpc/credentials/alts/internal/authinfo	0.005s
2026-04-28T08:05:49.6927986Z ok  	google.golang.org/grpc/credentials/alts/internal/conn	0.024s
2026-04-28T08:05:49.6928689Z ok  	google.golang.org/grpc/credentials/alts/internal/handshaker	0.199s
2026-04-28T08:05:49.6929382Z ok  	google.golang.org/grpc/credentials/alts/internal/handshaker/service	0.005s
2026-04-28T08:05:49.6930331Z ?   	google.golang.org/grpc/credentials/alts/internal/proto/grpc_gcp	[no test files]
2026-04-28T08:05:49.6931183Z ?   	google.golang.org/grpc/credentials/alts/internal/testutil	[no test files]
2026-04-28T08:05:49.6931881Z ok  	google.golang.org/grpc/credentials/google	0.008s
2026-04-28T08:05:49.6932905Z ?   	google.golang.org/grpc/credentials/insecure	[no test files]
2026-04-28T08:05:49.6933533Z ok  	google.golang.org/grpc/credentials/jwt	0.141s
2026-04-28T08:05:49.6934112Z ok  	google.golang.org/grpc/credentials/local	0.009s
2026-04-28T08:05:49.6934648Z ok  	google.golang.org/grpc/credentials/oauth	0.004s
2026-04-28T08:05:49.6935170Z ok  	google.golang.org/grpc/credentials/sts	4.067s
2026-04-28T08:05:49.6935753Z ok  	google.golang.org/grpc/credentials/tls/certprovider	0.297s
2026-04-28T08:05:49.6936214Z ok  	google.golang.org/grpc/credentials/tls/certprovider/pemfile	5.081s
2026-04-28T08:05:49.6936608Z ok  	google.golang.org/grpc/credentials/xds	0.881s
2026-04-28T08:05:49.6936919Z ok  	google.golang.org/grpc/encoding	0.625s
2026-04-28T08:05:49.6937256Z ?   	google.golang.org/grpc/encoding/gzip	[no test files]
2026-04-28T08:05:49.6937631Z ?   	google.golang.org/grpc/encoding/internal	[no test files]
2026-04-28T08:05:49.6937982Z ok  	google.golang.org/grpc/encoding/proto	0.083s
2026-04-28T08:05:49.6938301Z ok  	google.golang.org/grpc/experimental	0.007s
2026-04-28T08:05:49.6938663Z ok  	google.golang.org/grpc/experimental/credentials	0.748s
2026-04-28T08:05:49.6939077Z ok  	google.golang.org/grpc/experimental/credentials/internal	0.013s
2026-04-28T08:05:49.6939538Z ?   	google.golang.org/grpc/experimental/opentelemetry	[no test files]
2026-04-28T08:05:49.6939929Z ok  	google.golang.org/grpc/experimental/stats	0.014s
2026-04-28T08:05:49.6940261Z ?   	google.golang.org/grpc/grpclog	[no test files]
2026-04-28T08:05:49.6940612Z ?   	google.golang.org/grpc/grpclog/glogger	[no test files]
2026-04-28T08:05:49.6940955Z ok  	google.golang.org/grpc/grpclog/internal	0.005s
2026-04-28T08:05:49.6942955Z ok  	google.golang.org/grpc/health	1.114s
2026-04-28T08:05:49.6943795Z ?   	google.golang.org/grpc/health/grpc_health_v1	[no test files]
2026-04-28T08:05:49.6944357Z ?   	google.golang.org/grpc/internal	[no test files]
2026-04-28T08:05:49.6944868Z ?   	google.golang.org/grpc/internal/admin	[no test files]
2026-04-28T08:05:49.6945405Z ?   	google.golang.org/grpc/internal/backoff	[no test files]
2026-04-28T08:05:49.6946258Z ok  	google.golang.org/grpc/internal/balancer/gracefulswitch	0.344s
2026-04-28T08:05:49.6946933Z ?   	google.golang.org/grpc/internal/balancer/nop	[no test files]
2026-04-28T08:05:49.6947556Z ?   	google.golang.org/grpc/internal/balancer/stub	[no test files]
2026-04-28T08:05:49.6948155Z ok  	google.golang.org/grpc/internal/balancer/weight	0.005s
2026-04-28T08:05:49.6948703Z ok  	google.golang.org/grpc/internal/balancergroup	2.851s
2026-04-28T08:05:49.6949282Z ?   	google.golang.org/grpc/internal/balancerload	[no test files]
2026-04-28T08:05:49.6949910Z ok  	google.golang.org/grpc/internal/binarylog	0.021s
2026-04-28T08:05:49.6950261Z ok  	google.golang.org/grpc/internal/buffer	0.005s
2026-04-28T08:05:49.6950586Z ok  	google.golang.org/grpc/internal/cache	1.312s
2026-04-28T08:05:49.6950907Z ok  	google.golang.org/grpc/internal/channelz	0.007s
2026-04-28T08:05:49.6951253Z ok  	google.golang.org/grpc/internal/credentials	0.008s
2026-04-28T08:05:49.6951776Z ok  	google.golang.org/grpc/internal/credentials/spiffe	0.009s
2026-04-28T08:05:49.6952170Z ok  	google.golang.org/grpc/internal/credentials/xds	0.237s
2026-04-28T08:05:49.6952720Z ok  	google.golang.org/grpc/internal/envconfig	0.005s
2026-04-28T08:05:49.6953070Z ok  	google.golang.org/grpc/internal/googlecloud	0.002s
2026-04-28T08:05:49.6953445Z ?   	google.golang.org/grpc/internal/grpclog	[no test files]
2026-04-28T08:05:49.6953793Z ok  	google.golang.org/grpc/internal/grpcsync	0.287s
2026-04-28T08:05:49.6954121Z ok  	google.golang.org/grpc/internal/grpctest	0.044s
2026-04-28T08:05:49.6954438Z ok  	google.golang.org/grpc/internal/grpcutil	0.004s
2026-04-28T08:05:49.6954768Z ok  	google.golang.org/grpc/internal/hierarchy	0.007s
2026-04-28T08:05:51.9481439Z ok  	google.golang.org/grpc/internal/idle	27.826s
2026-04-28T08:05:51.9482851Z ok  	google.golang.org/grpc/internal/leakcheck	8.204s
2026-04-28T08:05:51.9483610Z ok  	google.golang.org/grpc/internal/mem	0.004s
2026-04-28T08:05:51.9484489Z ok  	google.golang.org/grpc/internal/metadata	0.004s
2026-04-28T08:05:51.9485298Z ?   	google.golang.org/grpc/internal/pretty	[no test files]
2026-04-28T08:05:51.9486079Z ok  	google.golang.org/grpc/internal/profiling	1.109s
2026-04-28T08:05:51.9486884Z ok  	google.golang.org/grpc/internal/profiling/buffer	0.054s
2026-04-28T08:05:51.9487785Z ?   	google.golang.org/grpc/internal/proto/grpc_lookup_v1	[no test files]
2026-04-28T08:05:51.9502643Z ok  	google.golang.org/grpc/internal/proxyattributes	0.004s
2026-04-28T08:05:51.9503776Z ok  	google.golang.org/grpc/internal/resolver	0.311s
2026-04-28T08:05:51.9506798Z ok  	google.golang.org/grpc/internal/resolver/delegatingresolver	0.286s
2026-04-28T08:05:51.9508769Z ok  	google.golang.org/grpc/internal/resolver/dns	0.389s
2026-04-28T08:05:51.9509852Z ?   	google.golang.org/grpc/internal/resolver/dns/internal	[no test files]
2026-04-28T08:05:51.9513851Z ?   	google.golang.org/grpc/internal/resolver/passthrough	[no test files]
2026-04-28T08:05:51.9515206Z ?   	google.golang.org/grpc/internal/resolver/unix	[no test files]
2026-04-28T08:05:51.9516158Z ?   	google.golang.org/grpc/internal/ringhash	[no test files]
2026-04-28T08:05:51.9517183Z ok  	google.golang.org/grpc/internal/serviceconfig	0.004s
2026-04-28T08:05:51.9518378Z ok  	google.golang.org/grpc/internal/stats	0.009s
2026-04-28T08:05:51.9519283Z ok  	google.golang.org/grpc/internal/status	0.003s
2026-04-28T08:05:51.9520200Z ?   	google.golang.org/grpc/internal/stubserver	[no test files]
2026-04-28T08:05:51.9521173Z ?   	google.golang.org/grpc/internal/syscall	[no test files]
2026-04-28T08:05:51.9522091Z ok  	google.golang.org/grpc/internal/testutils	0.054s
2026-04-28T08:05:51.9523318Z ?   	google.golang.org/grpc/internal/testutils/fakegrpclb	[no test files]
2026-04-28T08:05:51.9524736Z ?   	google.golang.org/grpc/internal/testutils/pickfirst	[no test files]
2026-04-28T08:05:51.9525967Z ?   	google.golang.org/grpc/internal/testutils/proxyserver	[no test files]
2026-04-28T08:05:51.9526956Z ?   	google.golang.org/grpc/internal/testutils/rls	[no test files]
2026-04-28T08:05:51.9528335Z ?   	google.golang.org/grpc/internal/testutils/roundrobin	[no test files]
2026-04-28T08:05:51.9529345Z ?   	google.golang.org/grpc/internal/testutils/stats	[no test files]
2026-04-28T08:05:51.9530295Z ?   	google.golang.org/grpc/internal/testutils/xds/e2e	[no test files]
2026-04-28T08:05:51.9531268Z ?   	google.golang.org/grpc/internal/testutils/xds/e2e/setup	[no test files]
2026-04-28T08:05:51.9532617Z ?   	google.golang.org/grpc/internal/testutils/xds/fakeserver	[no test files]
2026-04-28T08:05:57.9401095Z ok  	google.golang.org/grpc/internal/transport	25.803s
2026-04-28T08:05:57.9401999Z ?   	google.golang.org/grpc/internal/transport/networktype	[no test files]
2026-04-28T08:05:57.9402995Z ok  	google.golang.org/grpc/internal/transport/readyreader	0.133s
2026-04-28T08:05:57.9403653Z ok  	google.golang.org/grpc/internal/wrr	0.017s
2026-04-28T08:05:57.9404170Z ok  	google.golang.org/grpc/internal/xds	0.006s
2026-04-28T08:05:57.9404758Z ?   	google.golang.org/grpc/internal/xds/balancer	[no test files]
2026-04-28T08:05:57.9405275Z ok  	google.golang.org/grpc/internal/xds/balancer/cdsbalancer	1.919s
2026-04-28T08:05:57.9405922Z ok  	google.golang.org/grpc/internal/xds/balancer/cdsbalancer/e2e_test	18.592s
2026-04-28T08:05:57.9406641Z ok  	google.golang.org/grpc/internal/xds/balancer/clusterimpl	0.016s
2026-04-28T08:05:57.9407487Z ?   	google.golang.org/grpc/internal/xds/balancer/clusterimpl/internal	[no test files]
2026-04-28T08:06:01.7241548Z ok  	google.golang.org/grpc/internal/xds/balancer/clusterimpl/tests	9.537s
2026-04-28T08:06:01.7261347Z ok  	google.golang.org/grpc/internal/xds/balancer/clustermanager	1.051s
2026-04-28T08:06:01.7262585Z ok  	google.golang.org/grpc/internal/xds/balancer/clustermanager/e2e_test	0.084s
2026-04-28T08:06:01.7263506Z ?   	google.golang.org/grpc/internal/xds/balancer/loadstore	[no test files]
2026-04-28T08:06:01.7264350Z ok  	google.golang.org/grpc/internal/xds/balancer/outlierdetection	0.538s
2026-04-28T08:06:01.7265276Z ok  	google.golang.org/grpc/internal/xds/balancer/outlierdetection/e2e_test	0.853s
2026-04-28T08:06:04.4434604Z ok  	google.golang.org/grpc/internal/xds/balancer/priority	6.613s
2026-04-28T08:06:04.4458433Z ok  	google.golang.org/grpc/internal/xds/balancer/wrrlocality	0.006s
2026-04-28T08:06:04.4483417Z ok  	google.golang.org/grpc/internal/xds/bootstrap	0.089s
2026-04-28T08:06:04.4513152Z ok  	google.golang.org/grpc/internal/xds/bootstrap/jwtcreds	0.007s
2026-04-28T08:06:04.4543049Z ok  	google.golang.org/grpc/internal/xds/bootstrap/tlscreds	0.799s
2026-04-28T08:06:04.4553141Z ?   	google.golang.org/grpc/internal/xds/clients	[no test files]
2026-04-28T08:06:04.4573287Z ok  	google.golang.org/grpc/internal/xds/clients/grpctransport	1.292s
2026-04-28T08:06:04.4603080Z ok  	google.golang.org/grpc/internal/xds/clients/internal	0.009s
2026-04-28T08:06:04.4623363Z ?   	google.golang.org/grpc/internal/xds/clients/internal/backoff	[no test files]
2026-04-28T08:06:04.4633361Z ok  	google.golang.org/grpc/internal/xds/clients/internal/buffer	0.006s
2026-04-28T08:06:04.4634562Z ?   	google.golang.org/grpc/internal/xds/clients/internal/pretty	[no test files]
2026-04-28T08:06:04.4635668Z ok  	google.golang.org/grpc/internal/xds/clients/internal/syncutil	0.180s
2026-04-28T08:06:04.4636781Z ?   	google.golang.org/grpc/internal/xds/clients/internal/testutils	[no test files]
2026-04-28T08:06:04.4637935Z ?   	google.golang.org/grpc/internal/xds/clients/internal/testutils/e2e	[no test files]
2026-04-28T08:06:04.4639227Z ?   	google.golang.org/grpc/internal/xds/clients/internal/testutils/fakeserver	[no test files]
2026-04-28T08:06:04.4640563Z ?   	google.golang.org/grpc/internal/xds/clients/internal/testutils/faketransport	[no test files]
2026-04-28T08:06:04.4642070Z ok  	google.golang.org/grpc/internal/xds/clients/lrsclient	0.880s
2026-04-28T08:06:04.4643297Z ?   	google.golang.org/grpc/internal/xds/clients/lrsclient/internal	[no test files]
2026-04-28T08:06:04.4644329Z ok  	google.golang.org/grpc/internal/xds/clients/xdsclient	0.297s
2026-04-28T08:06:04.4645561Z ?   	google.golang.org/grpc/internal/xds/clients/xdsclient/internal	[no test files]
2026-04-28T08:06:04.4646797Z ?   	google.golang.org/grpc/internal/xds/clients/xdsclient/internal/xdsresource	[no test files]
2026-04-28T08:06:04.4648013Z ?   	google.golang.org/grpc/internal/xds/clients/xdsclient/metrics	[no test files]
2026-04-28T08:06:32.3170555Z ok  	google.golang.org/grpc/internal/xds/clients/xdsclient/test	29.234s
2026-04-28T08:06:32.3171250Z ?   	google.golang.org/grpc/internal/xds/clusterspecifier	[no test files]
2026-04-28T08:06:32.3171755Z ok  	google.golang.org/grpc/internal/xds/clusterspecifier/rls	0.013s
2026-04-28T08:06:32.3172266Z ?   	google.golang.org/grpc/internal/xds/httpfilter	[no test files]
2026-04-28T08:06:32.3173106Z ok  	google.golang.org/grpc/internal/xds/httpfilter/fault	0.576s
2026-04-28T08:06:32.3173578Z ?   	google.golang.org/grpc/internal/xds/httpfilter/rbac	[no test files]
2026-04-28T08:06:32.3174319Z ?   	google.golang.org/grpc/internal/xds/httpfilter/router	[no test files]
2026-04-28T08:06:32.3175013Z ok  	google.golang.org/grpc/internal/xds/matcher	0.007s
2026-04-28T08:06:32.3175527Z ok  	google.golang.org/grpc/internal/xds/rbac	0.064s
2026-04-28T08:06:32.3176018Z ok  	google.golang.org/grpc/internal/xds/resolver	2.552s
2026-04-28T08:06:32.3176683Z ?   	google.golang.org/grpc/internal/xds/resolver/internal	[no test files]
2026-04-28T08:06:32.3177363Z ok  	google.golang.org/grpc/internal/xds/server	0.139s
2026-04-28T08:06:32.3177929Z ok  	google.golang.org/grpc/internal/xds/test/e2e	0.007s
2026-04-28T08:06:32.3178533Z ok  	google.golang.org/grpc/internal/xds/testutils	0.008s
2026-04-28T08:06:32.3179236Z ?   	google.golang.org/grpc/internal/xds/testutils/fakeclient	[no test files]
2026-04-28T08:06:32.3179964Z ok  	google.golang.org/grpc/internal/xds/xdsclient	0.677s
2026-04-28T08:06:32.3180657Z ?   	google.golang.org/grpc/internal/xds/xdsclient/internal	[no test files]
2026-04-28T08:06:32.3181412Z ok  	google.golang.org/grpc/internal/xds/xdsclient/pool	0.135s
2026-04-28T08:06:42.5455520Z ok  	google.golang.org/grpc/internal/xds/xdsclient/tests	31.818s
2026-04-28T08:06:45.0266342Z ok  	google.golang.org/grpc/internal/xds/xdsclient/tests/fallback	34.279s
2026-04-28T08:06:45.0267504Z ok  	google.golang.org/grpc/internal/xds/xdsclient/xdslbregistry	0.780s
2026-04-28T08:06:45.0268601Z ?   	google.golang.org/grpc/internal/xds/xdsclient/xdslbregistry/converter	[no test files]
2026-04-28T08:06:45.0269676Z ok  	google.golang.org/grpc/internal/xds/xdsclient/xdsresource	0.325s
2026-04-28T08:06:45.0270748Z ok  	google.golang.org/grpc/internal/xds/xdsclient/xdsresource/tests	0.014s
2026-04-28T08:06:45.0271788Z ?   	google.golang.org/grpc/internal/xds/xdsclient/xdsresource/version	[no test files]
2026-04-28T08:06:45.0273088Z ok  	google.golang.org/grpc/internal/xds/xdsdepmgr	1.345s
2026-04-28T08:06:45.0273906Z ok  	google.golang.org/grpc/interop	10.160s
2026-04-28T08:06:45.0275182Z ?   	google.golang.org/grpc/interop/alts/client	[no test files]
2026-04-28T08:06:45.0275834Z ?   	google.golang.org/grpc/interop/alts/server	[no test files]
2026-04-28T08:06:45.0276445Z ?   	google.golang.org/grpc/interop/client	[no test files]
2026-04-28T08:06:45.0277034Z ?   	google.golang.org/grpc/interop/fake_grpclb	[no test files]
2026-04-28T08:06:45.0277656Z ?   	google.golang.org/grpc/interop/grpc_testing	[no test files]
2026-04-28T08:06:45.0278334Z ?   	google.golang.org/grpc/interop/grpc_testing/core	[no test files]
2026-04-28T08:06:45.0279014Z ?   	google.golang.org/grpc/interop/grpclb_fallback	[no test files]
2026-04-28T08:06:45.0279676Z ?   	google.golang.org/grpc/interop/http2	[no test files]
2026-04-28T08:06:45.0280283Z ?   	google.golang.org/grpc/interop/server	[no test files]
2026-04-28T08:06:45.0281251Z ?   	google.golang.org/grpc/interop/stress/client	[no test files]
2026-04-28T08:06:45.0281914Z ?   	google.golang.org/grpc/interop/stress/grpc_testing	[no test files]
2026-04-28T08:06:45.0282978Z ?   	google.golang.org/grpc/interop/stress/metrics_client	[no test files]
2026-04-28T08:06:45.0283880Z ?   	google.golang.org/grpc/interop/xds_federation	[no test files]
2026-04-28T08:06:45.0284486Z ?   	google.golang.org/grpc/keepalive	[no test files]
2026-04-28T08:06:45.0284983Z ok  	google.golang.org/grpc/mem	0.027s
2026-04-28T08:06:45.0285413Z ok  	google.golang.org/grpc/metadata	0.064s
2026-04-28T08:06:45.0285796Z ok  	google.golang.org/grpc/orca	0.793s
2026-04-28T08:06:45.0286249Z ?   	google.golang.org/grpc/orca/internal	[no test files]
2026-04-28T08:06:45.0286756Z ok  	google.golang.org/grpc/peer	0.003s
2026-04-28T08:06:45.0287316Z ?   	google.golang.org/grpc/profiling	[no test files]
2026-04-28T08:06:45.0287858Z ?   	google.golang.org/grpc/profiling/cmd	[no test files]
2026-04-28T08:06:45.0288428Z ?   	google.golang.org/grpc/profiling/proto	[no test files]
2026-04-28T08:06:45.0289043Z ?   	google.golang.org/grpc/profiling/service	[no test files]
2026-04-28T08:06:45.0289588Z ?   	google.golang.org/grpc/reflection	[no test files]
2026-04-28T08:06:45.0290230Z ?   	google.golang.org/grpc/reflection/grpc_reflection_v1	[no test files]
2026-04-28T08:06:45.0290996Z ?   	google.golang.org/grpc/reflection/grpc_reflection_v1alpha	[no test files]
2026-04-28T08:06:45.0291729Z ?   	google.golang.org/grpc/reflection/grpc_testing	[no test files]
2026-04-28T08:06:45.0292554Z ?   	google.golang.org/grpc/reflection/internal	[no test files]
2026-04-28T08:06:45.0293387Z ok  	google.golang.org/grpc/reflection/test	0.092s
2026-04-28T08:06:45.0293923Z ok  	google.golang.org/grpc/resolver	0.018s
2026-04-28T08:06:45.0294451Z ?   	google.golang.org/grpc/resolver/dns	[no test files]
2026-04-28T08:06:45.0294997Z ok  	google.golang.org/grpc/resolver/manual	0.005s
2026-04-28T08:06:45.0295636Z ?   	google.golang.org/grpc/resolver/passthrough	[no test files]
2026-04-28T08:06:45.0296469Z ?   	google.golang.org/grpc/resolver/ringhash	[no test files]
2026-04-28T08:06:45.0297112Z ?   	google.golang.org/grpc/serviceconfig	[no test files]
2026-04-28T08:06:45.0297691Z ok  	google.golang.org/grpc/stats	1.282s
2026-04-28T08:06:45.0298205Z ok  	google.golang.org/grpc/stats/opentelemetry	3.568s
2026-04-28T08:06:45.0298852Z ok  	google.golang.org/grpc/stats/opentelemetry/csm	0.262s
2026-04-28T08:06:45.0299583Z ?   	google.golang.org/grpc/stats/opentelemetry/internal	[no test files]
2026-04-28T08:06:45.0300565Z ?   	google.golang.org/grpc/stats/opentelemetry/internal/testutils	[no test files]
2026-04-28T08:06:45.0301514Z ok  	google.golang.org/grpc/stats/opentelemetry/internal/tracing	0.005s
2026-04-28T08:06:45.0302260Z ok  	google.golang.org/grpc/status	0.102s
2026-04-28T08:06:45.0305176Z ?   	google.golang.org/grpc/tap	[no test files]
2026-04-28T08:08:04.4326552Z ok  	google.golang.org/grpc/test	80.834s
2026-04-28T08:08:04.4327113Z ok  	google.golang.org/grpc/test/bufconn	0.613s
2026-04-28T08:08:04.4327555Z ?   	google.golang.org/grpc/test/codec_perf	[no test files]
2026-04-28T08:08:04.4328115Z ok  	google.golang.org/grpc/test/xds	15.597s
2026-04-28T08:08:04.4328576Z ok  	google.golang.org/grpc/xds	13.024s
2026-04-28T08:08:04.4329046Z ok  	google.golang.org/grpc/xds/bootstrap	0.008s
2026-04-28T08:08:04.4329411Z ok  	google.golang.org/grpc/xds/csds	0.816s
2026-04-28T08:08:04.4329758Z ok  	google.golang.org/grpc/xds/googledirectpath	0.098s
2026-04-28T08:08:04.4330078Z ok  	google.golang.org/grpc/xds/test	1.134s
2026-04-28T08:08:04.7616473Z ~/work/grpc-go/grpc-go/test/tools ~/work/grpc-go/grpc-go
2026-04-28T08:08:04.7797611Z ?   	google.golang.org/grpc/test/tools	[no test files]
2026-04-28T08:08:04.7802207Z ~/work/grpc-go/grpc-go
2026-04-28T08:08:04.7816143Z ~/work/grpc-go/grpc-go/gcp/observability ~/work/grpc-go/grpc-go
2026-04-28T08:08:15.0346090Z ok  	google.golang.org/grpc/gcp/observability	0.782s
2026-04-28T08:08:15.0962563Z ~/work/grpc-go/grpc-go
2026-04-28T08:08:15.0977940Z ~/work/grpc-go/grpc-go/stats/opencensus ~/work/grpc-go/grpc-go
2026-04-28T08:08:15.8923448Z ok  	google.golang.org/grpc/stats/opencensus	0.177s
2026-04-28T08:08:15.9054866Z ~/work/grpc-go/grpc-go
2026-04-28T08:08:15.9070219Z ~/work/grpc-go/grpc-go/cmd/protoc-gen-go-grpc ~/work/grpc-go/grpc-go
2026-04-28T08:08:15.9882658Z go: downloading golang.org/x/net v0.48.0
2026-04-28T08:08:15.9883706Z go: downloading google.golang.org/genproto/googleapis/rpc v0.0.0-20251202230838-ff82c1b0f217
2026-04-28T08:08:15.9884619Z go: downloading golang.org/x/sys v0.39.0
2026-04-28T08:08:16.1921001Z go: downloading golang.org/x/text v0.32.0
2026-04-28T08:08:21.8703700Z ok  	google.golang.org/grpc/cmd/protoc-gen-go-grpc	0.005s
2026-04-28T08:08:21.9000783Z ~/work/grpc-go/grpc-go
2026-04-28T08:08:21.9015649Z ~/work/grpc-go/grpc-go/examples ~/work/grpc-go/grpc-go
2026-04-28T08:08:22.4002819Z ?   	google.golang.org/grpc/examples/data	[no test files]
2026-04-28T08:08:22.7333577Z ?   	google.golang.org/grpc/examples/features/advancedtls/client	[no test files]
2026-04-28T08:08:22.7603909Z ?   	google.golang.org/grpc/examples/features/advancedtls/server	[no test files]
2026-04-28T08:08:22.7633732Z ?   	google.golang.org/grpc/examples/features/authentication/client	[no test files]
2026-04-28T08:08:22.8772884Z ?   	google.golang.org/grpc/examples/features/authentication/server	[no test files]
2026-04-28T08:08:22.8800029Z ?   	google.golang.org/grpc/examples/features/authz/client	[no test files]
2026-04-28T08:08:22.9057795Z ?   	google.golang.org/grpc/examples/features/authz/server	[no test files]
2026-04-28T08:08:22.9059023Z ?   	google.golang.org/grpc/examples/features/authz/token	[no test files]
2026-04-28T08:08:22.9060553Z ?   	google.golang.org/grpc/examples/features/cancellation/client	[no test files]
2026-04-28T08:08:22.9945462Z ?   	google.golang.org/grpc/examples/features/cancellation/server	[no test files]
2026-04-28T08:08:23.0123013Z ?   	google.golang.org/grpc/examples/features/compression/client	[no test files]
2026-04-28T08:08:23.0185212Z ?   	google.golang.org/grpc/examples/features/compression/server	[no test files]
2026-04-28T08:08:26.8658614Z ?   	google.golang.org/grpc/examples/features/csm_observability/client	[no test files]
2026-04-28T08:08:26.8715603Z ?   	google.golang.org/grpc/examples/features/csm_observability/server	[no test files]
2026-04-28T08:08:26.8753795Z ?   	google.golang.org/grpc/examples/features/customloadbalancer/client	[no test files]
2026-04-28T08:08:26.8803821Z ?   	google.golang.org/grpc/examples/features/customloadbalancer/client/customroundrobin	[no test files]
2026-04-28T08:08:26.8814497Z ?   	google.golang.org/grpc/examples/features/customloadbalancer/server	[no test files]
2026-04-28T08:08:26.8838127Z ?   	google.golang.org/grpc/examples/features/deadline/client	[no test files]
2026-04-28T08:08:26.8853554Z ?   	google.golang.org/grpc/examples/features/deadline/server	[no test files]
2026-04-28T08:08:26.8870012Z ?   	google.golang.org/grpc/examples/features/debugging/client	[no test files]
2026-04-28T08:08:26.8877311Z ?   	google.golang.org/grpc/examples/features/debugging/server	[no test files]
2026-04-28T08:08:26.8908076Z ?   	google.golang.org/grpc/examples/features/dualstack/client	[no test files]
2026-04-28T08:08:26.9005024Z ?   	google.golang.org/grpc/examples/features/dualstack/server	[no test files]
2026-04-28T08:08:26.9024711Z ?   	google.golang.org/grpc/examples/features/encryption/ALTS/client	[no test files]
2026-04-28T08:08:26.9025893Z ?   	google.golang.org/grpc/examples/features/encryption/ALTS/server	[no test files]
2026-04-28T08:08:26.9026909Z ?   	google.golang.org/grpc/examples/features/encryption/TLS/client	[no test files]
2026-04-28T08:08:26.9027945Z ?   	google.golang.org/grpc/examples/features/encryption/TLS/server	[no test files]
2026-04-28T08:08:26.9028938Z ?   	google.golang.org/grpc/examples/features/encryption/mTLS/client	[no test files]
2026-04-28T08:08:26.9029935Z ?   	google.golang.org/grpc/examples/features/encryption/mTLS/server	[no test files]
2026-04-28T08:08:26.9031416Z ?   	google.golang.org/grpc/examples/features/error_details/client	[no test files]
2026-04-28T08:08:26.9032553Z ?   	google.golang.org/grpc/examples/features/error_details/server	[no test files]
2026-04-28T08:08:26.9033552Z ?   	google.golang.org/grpc/examples/features/error_handling/client	[no test files]
2026-04-28T08:08:26.9034720Z ?   	google.golang.org/grpc/examples/features/error_handling/server	[no test files]
2026-04-28T08:08:26.9035662Z ?   	google.golang.org/grpc/examples/features/flow_control/client	[no test files]
2026-04-28T08:08:26.9036570Z ?   	google.golang.org/grpc/examples/features/flow_control/server	[no test files]
2026-04-28T08:08:26.9037476Z ?   	google.golang.org/grpc/examples/features/gracefulstop/client	[no test files]
2026-04-28T08:08:26.9038394Z ?   	google.golang.org/grpc/examples/features/gracefulstop/server	[no test files]
2026-04-28T08:08:26.9039275Z ?   	google.golang.org/grpc/examples/features/health/client	[no test files]
2026-04-28T08:08:26.9040130Z ?   	google.golang.org/grpc/examples/features/health/server	[no test files]
2026-04-28T08:08:26.9041005Z ?   	google.golang.org/grpc/examples/features/interceptor/client	[no test files]
2026-04-28T08:08:26.9041928Z ?   	google.golang.org/grpc/examples/features/interceptor/server	[no test files]
2026-04-28T08:08:26.9043043Z ?   	google.golang.org/grpc/examples/features/keepalive/client	[no test files]
2026-04-28T08:08:26.9043892Z ?   	google.golang.org/grpc/examples/features/keepalive/server	[no test files]
2026-04-28T08:08:26.9059196Z ?   	google.golang.org/grpc/examples/features/load_balancing/client	[no test files]
2026-04-28T08:08:26.9060956Z ?   	google.golang.org/grpc/examples/features/load_balancing/server	[no test files]
2026-04-28T08:08:26.9062116Z ?   	google.golang.org/grpc/examples/features/metadata/client	[no test files]
2026-04-28T08:08:26.9063267Z ?   	google.golang.org/grpc/examples/features/metadata/server	[no test files]
2026-04-28T08:08:26.9064305Z ?   	google.golang.org/grpc/examples/features/metadata_interceptor/client	[no test files]
2026-04-28T08:08:26.9065813Z ?   	google.golang.org/grpc/examples/features/metadata_interceptor/server	[no test files]
2026-04-28T08:08:26.9067060Z ?   	google.golang.org/grpc/examples/features/multiplex/client	[no test files]
2026-04-28T08:08:26.9068266Z ?   	google.golang.org/grpc/examples/features/multiplex/server	[no test files]
2026-04-28T08:08:26.9069308Z ?   	google.golang.org/grpc/examples/features/name_resolving/client	[no test files]
2026-04-28T08:08:26.9070626Z ?   	google.golang.org/grpc/examples/features/name_resolving/server	[no test files]
2026-04-28T08:08:26.9527736Z ?   	google.golang.org/grpc/examples/features/observability/client	[no test files]
2026-04-28T08:08:26.9854863Z ?   	google.golang.org/grpc/examples/features/observability/server	[no test files]
2026-04-28T08:08:28.3206437Z ?   	google.golang.org/grpc/examples/features/opentelemetry/client	[no test files]
2026-04-28T08:08:28.3454118Z ?   	google.golang.org/grpc/examples/features/opentelemetry/server	[no test files]
2026-04-28T08:08:28.3456780Z ?   	google.golang.org/grpc/examples/features/orca/client	[no test files]
2026-04-28T08:08:28.3457851Z ?   	google.golang.org/grpc/examples/features/orca/server	[no test files]
2026-04-28T08:08:28.3458812Z ?   	google.golang.org/grpc/examples/features/proto/echo	[no test files]
2026-04-28T08:08:28.3459880Z ?   	google.golang.org/grpc/examples/features/reflection/server	[no test files]
2026-04-28T08:08:28.3460910Z ?   	google.golang.org/grpc/examples/features/retry/client	[no test files]
2026-04-28T08:08:28.3461855Z ?   	google.golang.org/grpc/examples/features/retry/server	[no test files]
2026-04-28T08:08:28.3463125Z ?   	google.golang.org/grpc/examples/features/stats_monitoring/client	[no test files]
2026-04-28T08:08:28.3464208Z ?   	google.golang.org/grpc/examples/features/stats_monitoring/server	[no test files]
2026-04-28T08:08:28.3465345Z ?   	google.golang.org/grpc/examples/features/stats_monitoring/statshandler	[no test files]
2026-04-28T08:08:28.3466960Z ?   	google.golang.org/grpc/examples/features/unix_abstract/client	[no test files]
2026-04-28T08:08:28.3467866Z ?   	google.golang.org/grpc/examples/features/unix_abstract/server	[no test files]
2026-04-28T08:08:28.3468904Z ?   	google.golang.org/grpc/examples/features/wait_for_ready	[no test files]
2026-04-28T08:08:28.3469920Z ?   	google.golang.org/grpc/examples/features/xds/client	[no test files]
2026-04-28T08:08:28.3470825Z ?   	google.golang.org/grpc/examples/features/xds/server	[no test files]
2026-04-28T08:08:28.3471752Z ?   	google.golang.org/grpc/examples/helloworld/greeter_client	[no test files]
2026-04-28T08:08:28.3473139Z ?   	google.golang.org/grpc/examples/helloworld/greeter_server	[no test files]
2026-04-28T08:08:28.3474104Z ?   	google.golang.org/grpc/examples/helloworld/helloworld	[no test files]
2026-04-28T08:08:28.3474991Z ?   	google.golang.org/grpc/examples/route_guide/client	[no test files]
2026-04-28T08:08:28.3475905Z ?   	google.golang.org/grpc/examples/route_guide/routeguide	[no test files]
2026-04-28T08:08:28.3673451Z ?   	google.golang.org/grpc/examples/route_guide/server	[no test files]
2026-04-28T08:08:28.4236124Z ~/work/grpc-go/grpc-go
2026-04-28T08:08:28.4251428Z ~/work/grpc-go/grpc-go/interop/xds ~/work/grpc-go/grpc-go
2026-04-28T08:08:29.4104214Z ok  	google.golang.org/grpc/interop/xds	0.071s
2026-04-28T08:08:29.5413840Z ?   	google.golang.org/grpc/interop/xds/client	[no test files]
2026-04-28T08:08:29.5657985Z ?   	google.golang.org/grpc/interop/xds/server	[no test files]
2026-04-28T08:08:29.5911150Z ~/work/grpc-go/grpc-go
2026-04-28T08:08:29.5926807Z ~/work/grpc-go/grpc-go/interop/observability ~/work/grpc-go/grpc-go
2026-04-28T08:08:30.0144158Z ?   	google.golang.org/grpc/interop/observability/client	[no test files]
2026-04-28T08:08:30.0144722Z ?   	google.golang.org/grpc/interop/observability/server	[no test files]
2026-04-28T08:08:30.0382430Z ~/work/grpc-go/grpc-go
2026-04-28T08:08:30.0397993Z ~/work/grpc-go/grpc-go/security/advancedtls/examples ~/work/grpc-go/grpc-go
2026-04-28T08:08:30.3038453Z ?   	google.golang.org/grpc/security/advancedtls/examples/credential_reloading_from_files/client	[no test files]
2026-04-28T08:08:30.3083708Z ?   	google.golang.org/grpc/security/advancedtls/examples/credential_reloading_from_files/server	[no test files]
2026-04-28T08:08:30.3198276Z ~/work/grpc-go/grpc-go
2026-04-28T08:08:30.3213759Z ~/work/grpc-go/grpc-go/security/advancedtls ~/work/grpc-go/grpc-go
2026-04-28T08:08:37.9389415Z ok  	google.golang.org/grpc/security/advancedtls	6.893s
2026-04-28T08:08:37.9390042Z ?   	google.golang.org/grpc/security/advancedtls/internal/testutils	[no test files]
2026-04-28T08:08:37.9521390Z ~/work/grpc-go/grpc-go
2026-04-28T08:08:37.9590312Z Post job cleanup.
2026-04-28T08:08:38.1153171Z [command]/opt/hostedtoolcache/go/1.26.2/x64/bin/go env GOMODCACHE
2026-04-28T08:08:38.1190046Z [command]/opt/hostedtoolcache/go/1.26.2/x64/bin/go env GOCACHE
2026-04-28T08:08:38.1212679Z /home/runner/go/pkg/mod
2026-04-28T08:08:38.1236552Z /home/runner/.cache/go-build
2026-04-28T08:08:38.1241451Z Cache hit occurred on the primary key setup-go-Linux-x64-ubuntu24-go-1.26.2-5b1fb69cf6bc99fe508023db68628a0e7eb8e54fe344a3f6fd81f76776fdf740, not saving cache.
2026-04-28T08:08:38.1399383Z Post job cleanup.
2026-04-28T08:08:38.2327697Z [command]/usr/bin/git version
2026-04-28T08:08:38.2363070Z git version 2.54.0
2026-04-28T08:08:38.2402890Z Temporarily overriding HOME='/home/runner/work/_temp/8e1f77e7-3dfd-458f-b533-06f375a901db' before making global git config changes
2026-04-28T08:08:38.2404015Z Adding repository directory to the temporary git global config as a safe directory
2026-04-28T08:08:38.2416786Z [command]/usr/bin/git config --global --add safe.directory /home/runner/work/grpc-go/grpc-go
2026-04-28T08:08:38.2451301Z [command]/usr/bin/git config --local --name-only --get-regexp core\.sshCommand
2026-04-28T08:08:38.2483571Z [command]/usr/bin/git submodule foreach --recursive sh -c "git config --local --name-only --get-regexp 'core\.sshCommand' && git config --local --unset-all 'core.sshCommand' || :"
2026-04-28T08:08:38.2755448Z [command]/usr/bin/git config --local --name-only --get-regexp http\.https\:\/\/github\.com\/\.extraheader
2026-04-28T08:08:38.2779097Z http.https://github.com/.extraheader
2026-04-28T08:08:38.2790849Z [command]/usr/bin/git config --local --unset-all http.https://github.com/.extraheader
2026-04-28T08:08:38.2821550Z [command]/usr/bin/git submodule foreach --recursive sh -c "git config --local --name-only --get-regexp 'http\.https\:\/\/github\.com\/\.extraheader' && git config --local --unset-all 'http.https://github.com/.extraheader' || :"
2026-04-28T08:08:38.3055889Z [command]/usr/bin/git config --local --name-only --get-regexp ^includeIf\.gitdir:
2026-04-28T08:08:38.3086851Z [command]/usr/bin/git submodule foreach --recursive git config --local --show-origin --name-only --get-regexp remote.origin.url
2026-04-28T08:08:38.3439635Z Cleaning up orphan processes
2026-04-28T08:08:38.3725465Z ##[warning]Node.js 20 actions are deprecated. The following actions are running on Node.js 20 and may not work as expected: actions/checkout@v4, actions/setup-go@v5. Actions will be forced to run with Node.js 24 by default starting June 2nd, 2026. Node.js 20 will be removed from the runner on September 16th, 2026. Please check if updated versions of these actions are available that support Node.js 24. To opt into Node.js 24 now, set the FORCE_JAVASCRIPT_ACTIONS_TO_NODE24=true environment variable on the runner or in your workflow file. Once Node.js 24 becomes the default, you can temporarily opt out by setting ACTIONS_ALLOW_USE_UNSECURE_NODE_VERSION=true. For more information see: https://github.blog/changelog/2025-09-19-deprecation-of-node-20-on-github-actions-runners/
