2026-03-30T13:08:15.5688117Z Current runner version: '2.333.0'
2026-03-30T13:08:15.5723675Z ##[group]Runner Image Provisioner
2026-03-30T13:08:15.5724896Z Hosted Compute Agent
2026-03-30T13:08:15.5725852Z Version: 20260213.493
2026-03-30T13:08:15.5727105Z Commit: 5c115507f6dd24b8de37d8bbe0bb4509d0cc0fa3
2026-03-30T13:08:15.5728452Z Build Date: 2026-02-13T00:28:41Z
2026-03-30T13:08:15.5729546Z Worker ID: {b3e81253-d43d-4393-a371-b8fe844e3bac}
2026-03-30T13:08:15.5730745Z Azure Region: eastus2
2026-03-30T13:08:15.5731913Z ##[endgroup]
2026-03-30T13:08:15.5734227Z ##[group]Operating System
2026-03-30T13:08:15.5735216Z Ubuntu
2026-03-30T13:08:15.5736104Z 24.04.4
2026-03-30T13:08:15.5737241Z LTS
2026-03-30T13:08:15.5737988Z ##[endgroup]
2026-03-30T13:08:15.5738985Z ##[group]Runner Image
2026-03-30T13:08:15.5739922Z Image: ubuntu-24.04
2026-03-30T13:08:15.5740829Z Version: 20260323.65.1
2026-03-30T13:08:15.5742930Z Included Software: https://github.com/actions/runner-images/blob/ubuntu24/20260323.65/images/ubuntu/Ubuntu2404-Readme.md
2026-03-30T13:08:15.5745543Z Image Release: https://github.com/actions/runner-images/releases/tag/ubuntu24%2F20260323.65
2026-03-30T13:08:15.5747631Z ##[endgroup]
2026-03-30T13:08:15.5753356Z ##[group]GITHUB_TOKEN Permissions
2026-03-30T13:08:15.5756608Z Actions: write
2026-03-30T13:08:15.5757919Z ArtifactMetadata: write
2026-03-30T13:08:15.5758889Z Attestations: write
2026-03-30T13:08:15.5759923Z Checks: write
2026-03-30T13:08:15.5760829Z Contents: write
2026-03-30T13:08:15.5761639Z Deployments: write
2026-03-30T13:08:15.5762588Z Discussions: write
2026-03-30T13:08:15.5763440Z Issues: write
2026-03-30T13:08:15.5764329Z Metadata: read
2026-03-30T13:08:15.5765076Z Models: read
2026-03-30T13:08:15.5766006Z Packages: write
2026-03-30T13:08:15.5767072Z Pages: write
2026-03-30T13:08:15.5768081Z PullRequests: write
2026-03-30T13:08:15.5769067Z RepositoryProjects: write
2026-03-30T13:08:15.5769972Z SecurityEvents: write
2026-03-30T13:08:15.5770807Z Statuses: write
2026-03-30T13:08:15.5771693Z ##[endgroup]
2026-03-30T13:08:15.5774494Z Secret source: Actions
2026-03-30T13:08:15.5775853Z Prepare workflow directory
2026-03-30T13:08:15.6239992Z Prepare all required actions
2026-03-30T13:08:15.6295558Z Getting action download info
2026-03-30T13:08:15.9358656Z Download action repository 'actions/checkout@v4' (SHA:34e114876b0b11c390a56381ad16ebd13914f8d5)
2026-03-30T13:08:16.0593595Z Download action repository 'codecov/codecov-action@v3' (SHA:ab904c41d6ece82784817410c45d8b8c02684457)
2026-03-30T13:08:16.4099595Z Complete job name: unit-test
2026-03-30T13:08:16.4823138Z ##[group]Run actions/checkout@v4
2026-03-30T13:08:16.4823965Z with:
2026-03-30T13:08:16.4824403Z   repository: react-navigation/react-navigation
2026-03-30T13:08:16.4825139Z   token: ***
2026-03-30T13:08:16.4825516Z   ssh-strict: true
2026-03-30T13:08:16.4825890Z   ssh-user: git
2026-03-30T13:08:16.4826280Z   persist-credentials: true
2026-03-30T13:08:16.4826696Z   clean: true
2026-03-30T13:08:16.4827370Z   sparse-checkout-cone-mode: true
2026-03-30T13:08:16.4827830Z   fetch-depth: 1
2026-03-30T13:08:16.4828219Z   fetch-tags: false
2026-03-30T13:08:16.4828606Z   show-progress: true
2026-03-30T13:08:16.4828987Z   lfs: false
2026-03-30T13:08:16.4829337Z   submodules: false
2026-03-30T13:08:16.4829726Z   set-safe-directory: true
2026-03-30T13:08:16.4830429Z ##[endgroup]
2026-03-30T13:08:16.5946390Z Syncing repository: react-navigation/react-navigation
2026-03-30T13:08:16.5949520Z ##[group]Getting Git version info
2026-03-30T13:08:16.5950930Z Working directory is '/home/runner/work/react-navigation/react-navigation'
2026-03-30T13:08:16.5952831Z [command]/usr/bin/git version
2026-03-30T13:08:16.5967006Z git version 2.53.0
2026-03-30T13:08:16.5995016Z ##[endgroup]
2026-03-30T13:08:16.6010677Z Temporarily overriding HOME='/home/runner/work/_temp/42ca0162-e440-4bde-a0f1-7371c4ee9bbe' before making global git config changes
2026-03-30T13:08:16.6013088Z Adding repository directory to the temporary git global config as a safe directory
2026-03-30T13:08:16.6025644Z [command]/usr/bin/git config --global --add safe.directory /home/runner/work/react-navigation/react-navigation
2026-03-30T13:08:16.6061362Z Deleting the contents of '/home/runner/work/react-navigation/react-navigation'
2026-03-30T13:08:16.6065029Z ##[group]Initializing the repository
2026-03-30T13:08:16.6069467Z [command]/usr/bin/git init /home/runner/work/react-navigation/react-navigation
2026-03-30T13:08:16.6172572Z hint: Using 'master' as the name for the initial branch. This default branch name
2026-03-30T13:08:16.6176191Z hint: will change to "main" in Git 3.0. To configure the initial branch name
2026-03-30T13:08:16.6178169Z hint: to use in all of your new repositories, which will suppress this warning,
2026-03-30T13:08:16.6179403Z hint: call:
2026-03-30T13:08:16.6180053Z hint:
2026-03-30T13:08:16.6180878Z hint: 	git config --global init.defaultBranch <name>
2026-03-30T13:08:16.6181886Z hint:
2026-03-30T13:08:16.6182796Z hint: Names commonly chosen instead of 'master' are 'main', 'trunk' and
2026-03-30T13:08:16.6184364Z hint: 'development'. The just-created branch can be renamed via this command:
2026-03-30T13:08:16.6185616Z hint:
2026-03-30T13:08:16.6186231Z hint: 	git branch -m <name>
2026-03-30T13:08:16.6187204Z hint:
2026-03-30T13:08:16.6188308Z hint: Disable this message with "git config set advice.defaultBranchName false"
2026-03-30T13:08:16.6190136Z Initialized empty Git repository in /home/runner/work/react-navigation/react-navigation/.git/
2026-03-30T13:08:16.6193842Z [command]/usr/bin/git remote add origin https://github.com/react-navigation/react-navigation
2026-03-30T13:08:16.6221611Z ##[endgroup]
2026-03-30T13:08:16.6222970Z ##[group]Disabling automatic garbage collection
2026-03-30T13:08:16.6226703Z [command]/usr/bin/git config --local gc.auto 0
2026-03-30T13:08:16.6260893Z ##[endgroup]
2026-03-30T13:08:16.6262188Z ##[group]Setting up auth
2026-03-30T13:08:16.6266451Z [command]/usr/bin/git config --local --name-only --get-regexp core\.sshCommand
2026-03-30T13:08:16.6300340Z [command]/usr/bin/git submodule foreach --recursive sh -c "git config --local --name-only --get-regexp 'core\.sshCommand' && git config --local --unset-all 'core.sshCommand' || :"
2026-03-30T13:08:16.6643738Z [command]/usr/bin/git config --local --name-only --get-regexp http\.https\:\/\/github\.com\/\.extraheader
2026-03-30T13:08:16.6673454Z [command]/usr/bin/git submodule foreach --recursive sh -c "git config --local --name-only --get-regexp 'http\.https\:\/\/github\.com\/\.extraheader' && git config --local --unset-all 'http.https://github.com/.extraheader' || :"
2026-03-30T13:08:16.6905650Z [command]/usr/bin/git config --local --name-only --get-regexp ^includeIf\.gitdir:
2026-03-30T13:08:16.6939208Z [command]/usr/bin/git submodule foreach --recursive git config --local --show-origin --name-only --get-regexp remote.origin.url
2026-03-30T13:08:16.7174896Z [command]/usr/bin/git config --local http.https://github.com/.extraheader AUTHORIZATION: basic ***
2026-03-30T13:08:16.7209370Z ##[endgroup]
2026-03-30T13:08:16.7210707Z ##[group]Fetching the repository
2026-03-30T13:08:16.7218993Z [command]/usr/bin/git -c protocol.version=2 fetch --no-tags --prune --no-recurse-submodules --depth=1 origin +97bdf9c98215e82b3c80fb3820ab072867283d54:refs/remotes/origin/main
2026-03-30T13:08:18.7474495Z From https://github.com/react-navigation/react-navigation
2026-03-30T13:08:18.7475975Z  * [new ref]         97bdf9c98215e82b3c80fb3820ab072867283d54 -> origin/main
2026-03-30T13:08:18.7500395Z ##[endgroup]
2026-03-30T13:08:18.7501831Z ##[group]Determining the checkout info
2026-03-30T13:08:18.7503512Z ##[endgroup]
2026-03-30T13:08:18.7508832Z [command]/usr/bin/git sparse-checkout disable
2026-03-30T13:08:18.7548694Z [command]/usr/bin/git config --local --unset-all extensions.worktreeConfig
2026-03-30T13:08:18.7582197Z ##[group]Checking out the ref
2026-03-30T13:08:18.7583797Z [command]/usr/bin/git checkout --progress --force -B main refs/remotes/origin/main
2026-03-30T13:08:18.9656115Z Switched to a new branch 'main'
2026-03-30T13:08:18.9658260Z branch 'main' set up to track 'origin/main'.
2026-03-30T13:08:18.9681282Z ##[endgroup]
2026-03-30T13:08:18.9718830Z [command]/usr/bin/git log -1 --format=%H
2026-03-30T13:08:18.9740268Z 97bdf9c98215e82b3c80fb3820ab072867283d54
2026-03-30T13:08:19.0096105Z Prepare all required actions
2026-03-30T13:08:19.0097714Z Getting action download info
2026-03-30T13:08:19.2096527Z Download action repository 'actions/setup-node@v4' (SHA:49933ea5288caeca8642d1e84afbd3f7d6820020)
2026-03-30T13:08:19.2978769Z Download action repository 'actions/cache@v4' (SHA:0057852bfaa89a56745cba8c7296529d2fc39830)
2026-03-30T13:08:19.4095253Z ##[group]Run ./.github/actions/setup
2026-03-30T13:08:19.4095626Z ##[endgroup]
2026-03-30T13:08:19.4322825Z ##[group]Run actions/setup-node@v4
2026-03-30T13:08:19.4323195Z with:
2026-03-30T13:08:19.4323483Z   node-version-file: .nvmrc
2026-03-30T13:08:19.4323798Z   always-auth: false
2026-03-30T13:08:19.4324104Z   check-latest: false
2026-03-30T13:08:19.4324555Z   token: ***
2026-03-30T13:08:19.4324826Z ##[endgroup]
2026-03-30T13:08:19.6000243Z Node version file is not JSON file
2026-03-30T13:08:19.6001511Z Resolved .nvmrc as 24.13.0
2026-03-30T13:08:19.6022609Z Attempting to download 24.13.0...
2026-03-30T13:08:19.9941191Z Acquiring 24.13.0 - x64 from https://github.com/actions/node-versions/releases/download/24.13.0-20981653924/node-24.13.0-linux-x64.tar.gz
2026-03-30T13:08:20.4949368Z Extracting ...
2026-03-30T13:08:20.5054703Z [command]/usr/bin/tar xz --strip 1 --warning=no-unknown-keyword --overwrite -C /home/runner/work/_temp/7b09952d-50de-4acf-babf-36e46087f630 -f /home/runner/work/_temp/8135c84a-222a-4e18-b850-29a31d7cfd7d
2026-03-30T13:08:21.6732603Z Adding to the cache ...
2026-03-30T13:08:23.7057892Z ##[group]Environment details
2026-03-30T13:08:24.1443265Z node: v24.13.0
2026-03-30T13:08:24.1443720Z npm: 11.6.2
2026-03-30T13:08:24.1444036Z yarn: 4.10.3
2026-03-30T13:08:24.1444865Z ##[endgroup]
2026-03-30T13:08:24.4483166Z ##[group]Run actions/cache/restore@v4
2026-03-30T13:08:24.4483458Z with:
2026-03-30T13:08:24.4483691Z   path: **/node_modules
.yarn/install-state.gz

2026-03-30T13:08:24.4484525Z   key: Linux-yarn-72c7eb64ad33f1aca3be1a5a118c899afa1ee87421b360703d9c7553d3800ad3-4cdd9461cff96b022c393bb101e3fb7ce7f09e5a11469cdd08ea74eef9e7609d
2026-03-30T13:08:24.4485568Z   restore-keys: Linux-yarn-72c7eb64ad33f1aca3be1a5a118c899afa1ee87421b360703d9c7553d3800ad3
Linux-yarn-

2026-03-30T13:08:24.4486132Z   enableCrossOsArchive: false
2026-03-30T13:08:24.4486407Z   fail-on-cache-miss: false
2026-03-30T13:08:24.4486626Z   lookup-only: false
2026-03-30T13:08:24.4487196Z ##[endgroup]
2026-03-30T13:08:24.6756643Z Cache hit for restore-key: Linux-yarn-72c7eb64ad33f1aca3be1a5a118c899afa1ee87421b360703d9c7553d3800ad3-05c5b1be3eab7cabdcf60e81fac53605a10bfb2921902f911a28691bf1c072eb
2026-03-30T13:08:25.4677303Z Received 153618632 of 153618632 (100.0%), 198.2 MBs/sec
2026-03-30T13:08:25.4678092Z Cache Size: ~147 MB (153618632 B)
2026-03-30T13:08:25.4711940Z [command]/usr/bin/tar -xf /home/runner/work/_temp/bdceff80-ba51-473d-b0d0-8c4c0433c5ec/cache.tzst -P -C /home/runner/work/react-navigation/react-navigation --use-compress-program unzstd
2026-03-30T13:08:28.1637833Z Cache restored successfully
2026-03-30T13:08:28.1783049Z Cache restored from key: Linux-yarn-72c7eb64ad33f1aca3be1a5a118c899afa1ee87421b360703d9c7553d3800ad3-05c5b1be3eab7cabdcf60e81fac53605a10bfb2921902f911a28691bf1c072eb
2026-03-30T13:08:28.1922709Z ##[group]Run yarn install --immutable
2026-03-30T13:08:28.1923066Z [36;1myarn install --immutable[0m
2026-03-30T13:08:28.1954911Z shell: /usr/bin/bash --noprofile --norc -e -o pipefail {0}
2026-03-30T13:08:28.1955272Z ##[endgroup]
2026-03-30T13:08:28.7233405Z [94m➤[39m YN0000: · Yarn 4.10.3
2026-03-30T13:08:28.7417984Z [94m➤[39m [90mYN0000[39m: ┌ Resolution step
2026-03-30T13:08:28.7419466Z ##[group]Resolution step
2026-03-30T13:08:29.0542757Z ##[endgroup]
2026-03-30T13:08:29.0543840Z [94m➤[39m [90mYN0000[39m: └ Completed in 0s 312ms
2026-03-30T13:08:29.0552688Z [94m➤[39m [90mYN0000[39m: ┌ Post-resolution validation
2026-03-30T13:08:29.0554112Z ##[group]Post-resolution validation
2026-03-30T13:08:29.0560864Z [93m➤[39m YN0002: │ [38;5;166m@react-navigation/[39m[38;5;173mcore[39m[38;5;111m@[39m[38;5;111mworkspace:packages/core [80c75][39m doesn't provide [38;5;173mreact-native[39m ([38;5;111mpe0c059[39m), requested by [38;5;166m@testing-library/[39m[38;5;173mreact-native[39m.
2026-03-30T13:08:29.0565150Z [93m➤[39m YN0002: │ [38;5;166m@react-navigation/[39m[38;5;173mcore[39m[38;5;111m@[39m[38;5;111mworkspace:packages/core[39m doesn't provide [38;5;173mreact-native[39m ([38;5;111mp4748c1[39m), requested by [38;5;166m@testing-library/[39m[38;5;173mreact-native[39m.
2026-03-30T13:08:29.0568245Z [93m➤[39m YN0002: │ [38;5;166m@react-navigation/[39m[38;5;173mdrawer[39m[38;5;111m@[39m[38;5;111mworkspace:packages/drawer[39m doesn't provide [38;5;166m@babel/[39m[38;5;173mcore[39m ([38;5;111mp479541[39m), requested by [38;5;173mreact-native-worklets[39m.
2026-03-30T13:08:29.0570372Z [93m➤[39m YN0002: │ [38;5;166m@react-navigation/[39m[38;5;173mexample[39m[38;5;111m@[39m[38;5;111mworkspace:example[39m doesn't provide [38;5;166m@expo/[39m[38;5;173mcli[39m ([38;5;111mp62e305[39m), requested by [38;5;173mexpo-build-disk-cache[39m.
2026-03-30T13:08:29.0572339Z [93m➤[39m YN0002: │ [38;5;166m@react-navigation/[39m[38;5;173mexample[39m[38;5;111m@[39m[38;5;111mworkspace:example[39m doesn't provide [38;5;166m@expo/[39m[38;5;173mconfig[39m ([38;5;111mp43d9ed[39m), requested by [38;5;173mexpo-build-disk-cache[39m.
2026-03-30T13:08:29.0574284Z [93m➤[39m YN0002: │ [38;5;166m@react-navigation/[39m[38;5;173mexample[39m[38;5;111m@[39m[38;5;111mworkspace:example[39m doesn't provide [38;5;173mreact-refresh[39m ([38;5;111mpc9fd62[39m), requested by [38;5;173mbabel-preset-expo[39m.
2026-03-30T13:08:29.0576456Z [93m➤[39m YN0002: │ [38;5;166m@react-navigation/[39m[38;5;173mnative-stack[39m[38;5;111m@[39m[38;5;111mworkspace:packages/native-stack[39m doesn't provide [38;5;173mreact-native-safe-area-context[39m ([38;5;111mp9ec2ad[39m), requested by [38;5;166m@react-navigation/[39m[38;5;173melements[39m.
2026-03-30T13:08:29.0578896Z [93m➤[39m YN0002: │ [38;5;173mreact-native-drawer-layout[39m[38;5;111m@[39m[38;5;111mworkspace:packages/react-native-drawer-layout[39m doesn't provide [38;5;166m@babel/[39m[38;5;173mcore[39m ([38;5;111mpf2c08b[39m), requested by [38;5;173mreact-native-worklets[39m.
2026-03-30T13:08:29.0580810Z [93m➤[39m YN0086: │ Some peer dependencies are incorrectly met by your project; run [38;5;111myarn explain peer-requirements <hash>[39m for details, where [38;5;111m<hash>[39m is the six-letter p-prefixed code.
2026-03-30T13:08:29.0582193Z [93m➤[39m YN0086: │ Some peer dependencies are incorrectly met by dependencies; run [38;5;111myarn explain peer-requirements[39m for details.
2026-03-30T13:08:29.1047019Z ##[endgroup]
2026-03-30T13:08:29.1047861Z [94m➤[39m [90mYN0000[39m: └ Completed
2026-03-30T13:08:29.1048646Z [94m➤[39m [90mYN0000[39m: ┌ Fetch step
2026-03-30T13:08:29.1049321Z ##[group]Fetch step
2026-03-30T13:08:37.1660288Z [94m➤[39m YN0013: │ [38;5;220m1471[39m packages were added to the project ([38;5;160m+ 554.75 MiB[39m).
2026-03-30T13:08:37.1663220Z ##[endgroup]
2026-03-30T13:08:37.1663951Z [94m➤[39m [90mYN0000[39m: └ Completed in 8s 61ms
2026-03-30T13:08:37.2383765Z [94m➤[39m [90mYN0000[39m: ┌ Link step
2026-03-30T13:08:37.2384659Z ##[group]Link step
2026-03-30T13:08:37.7261894Z ##[endgroup]
2026-03-30T13:08:37.7262982Z [94m➤[39m [90mYN0000[39m: └ Completed in 0s 487ms
2026-03-30T13:08:37.8513019Z [93m➤[39m YN0000: · Done with warnings in 9s 129ms
2026-03-30T13:08:38.0746294Z ##[group]Run actions/cache/save@v4
2026-03-30T13:08:38.0746693Z with:
2026-03-30T13:08:38.0747272Z   path: **/node_modules
.yarn/install-state.gz

2026-03-30T13:08:38.0748572Z   key: Linux-yarn-72c7eb64ad33f1aca3be1a5a118c899afa1ee87421b360703d9c7553d3800ad3-4cdd9461cff96b022c393bb101e3fb7ce7f09e5a11469cdd08ea74eef9e7609d
2026-03-30T13:08:38.0750088Z   enableCrossOsArchive: false
2026-03-30T13:08:38.0750471Z ##[endgroup]
2026-03-30T13:08:43.3963440Z [command]/usr/bin/tar --posix -cf cache.tzst --exclude cache.tzst -P -C /home/runner/work/react-navigation/react-navigation --files-from manifest.txt --use-compress-program zstdmt
2026-03-30T13:08:45.5932823Z Failed to save: Unable to reserve cache with key Linux-yarn-72c7eb64ad33f1aca3be1a5a118c899afa1ee87421b360703d9c7553d3800ad3-4cdd9461cff96b022c393bb101e3fb7ce7f09e5a11469cdd08ea74eef9e7609d, another job may be creating this cache.
2026-03-30T13:08:45.6086206Z ##[warning]Cache save failed.
2026-03-30T13:08:45.6198989Z ##[group]Run yarn test --maxWorkers=2 --coverage
2026-03-30T13:08:45.6199415Z [36;1myarn test --maxWorkers=2 --coverage[0m
2026-03-30T13:08:45.6226550Z shell: /usr/bin/bash -e {0}
2026-03-30T13:08:45.6226982Z ##[endgroup]
2026-03-30T13:08:49.0429158Z PASS packages/routers/src/__tests__/StackRouter.test.tsx
2026-03-30T13:08:50.1341878Z PASS packages/core/src/__tests__/getStateFromPath.test.tsx
2026-03-30T13:08:50.3775520Z PASS packages/routers/src/__tests__/TabRouter.test.tsx
2026-03-30T13:08:50.5609240Z PASS packages/core/src/__tests__/getPathFromState.test.tsx
2026-03-30T13:08:51.3801036Z PASS packages/core/src/__tests__/StaticNavigation.test.tsx
2026-03-30T13:08:51.7965078Z PASS packages/core/src/__tests__/useOnAction.test.tsx
2026-03-30T13:08:51.9619944Z PASS packages/core/src/__tests__/index.test.tsx
2026-03-30T13:08:52.2869078Z PASS packages/core/src/__tests__/BaseNavigationContainer.test.tsx
2026-03-30T13:08:52.3800328Z PASS packages/core/src/__tests__/useEventEmitter.test.tsx
2026-03-30T13:08:52.4870885Z PASS packages/routers/src/__tests__/DrawerRouter.test.tsx
2026-03-30T13:08:52.6024810Z PASS packages/core/src/__tests__/getActionFromState.test.tsx
2026-03-30T13:08:52.7341758Z PASS packages/core/src/__tests__/usePreventRemove.test.tsx
2026-03-30T13:08:52.9674915Z PASS packages/core/src/__tests__/useDescriptors.test.tsx
2026-03-30T13:09:00.5356048Z PASS packages/native-stack/src/__tests__/index.test.tsx (7.823 s)
2026-03-30T13:09:00.8498241Z PASS packages/native/src/__tests__/useLinkBuilder.test.tsx
2026-03-30T13:09:01.1896926Z PASS packages/core/src/__tests__/useNavigationState.test.tsx
2026-03-30T13:09:01.2507511Z PASS packages/native/src/__tests__/extractPathFromURL.test.tsx
2026-03-30T13:09:01.8212900Z PASS packages/stack/src/views/Stack/__tests__/StackView.test.tsx
2026-03-30T13:09:02.1629358Z PASS packages/core/src/__tests__/useFocusEffect.test.tsx
2026-03-30T13:09:02.2311763Z PASS packages/routers/src/__tests__/BaseRouter.test.tsx
2026-03-30T13:09:02.4623447Z PASS packages/core/src/__tests__/useNavigation.test.tsx
2026-03-30T13:09:02.8308684Z PASS packages/stack/src/__tests__/index.test.tsx (9.755 s)
2026-03-30T13:09:03.0407739Z PASS packages/core/src/__tests__/useStateForPath.test.tsx
2026-03-30T13:09:03.2234372Z PASS packages/core/src/__tests__/useRoute.test.tsx
2026-03-30T13:09:03.4453238Z PASS packages/native/src/__tests__/Link.test.tsx
2026-03-30T13:09:03.9022465Z PASS packages/bottom-tabs/src/__tests__/index.test.tsx
2026-03-30T13:09:03.9610775Z PASS packages/native/src/__tests__/ServerContainer.test.tsx
2026-03-30T13:09:04.1692240Z PASS packages/core/src/__tests__/useNavigationCache.test.tsx
2026-03-30T13:09:04.9189262Z PASS packages/native/src/__tests__/createStaticNavigation.test.tsx
2026-03-30T13:09:04.9747814Z PASS packages/native/src/__tests__/createMemoryHistory.test.tsx
2026-03-30T13:09:05.0562890Z PASS packages/stack/src/utils/__tests__/useKeyboardManager.test.tsx
2026-03-30T13:09:05.7264647Z PASS packages/native/src/__tests__/NavigationContainer.test.tsx
2026-03-30T13:09:05.9125504Z PASS packages/core/src/__tests__/theming.test.tsx
2026-03-30T13:09:06.9366500Z PASS packages/react-native-tab-view/src/__tests__/index.test.tsx
2026-03-30T13:09:07.0869920Z PASS packages/core/src/__tests__/useIsFocused.test.tsx
2026-03-30T13:09:07.1294942Z PASS packages/core/src/__tests__/checkSerializable.test.tsx
2026-03-30T13:09:07.3318226Z PASS packages/native/src/__tests__/useRoutePath.test.tsx
2026-03-30T13:09:07.3838229Z PASS packages/core/src/__tests__/getFocusedRouteNameFromRoute.test.tsx
2026-03-30T13:09:07.4351348Z PASS packages/core/src/__tests__/getPatternParts.test.tsx
2026-03-30T13:09:07.5404636Z PASS packages/core/src/__tests__/createNavigationContainerRef.test.tsx
2026-03-30T13:09:07.7383635Z PASS packages/elements/src/__tests__/PlatformPressable.test.tsx
2026-03-30T13:09:08.2437492Z PASS packages/material-top-tabs/src/__tests__/index.test.tsx
2026-03-30T13:09:08.3204750Z PASS packages/react-native-tab-view/src/__tests__/PlatformPressable.test.tsx
2026-03-30T13:09:08.3737286Z PASS packages/core/src/__tests__/StaticContainer.test.tsx
2026-03-30T13:09:08.5107078Z PASS packages/native/src/__tests__/useLinking.test.tsx
2026-03-30T13:09:08.5490053Z PASS packages/stack/src/utils/__tests__/getShadowStyles.test.tsx
2026-03-30T13:09:08.5850126Z PASS packages/routers/src/__tests__/CommonActions.test.tsx
2026-03-30T13:09:12.2221735Z PASS packages/drawer/src/__tests__/index.test.tsx (8.214 s)
2026-03-30T13:09:12.3629220Z ---------------------------------------------------|---------|----------|---------|---------|------------------------------------------------------------------------------------------------
2026-03-30T13:09:12.3631435Z File                                               | % Stmts | % Branch | % Funcs | % Lines | Uncovered Line #s                                                                              
2026-03-30T13:09:12.3633533Z ---------------------------------------------------|---------|----------|---------|---------|------------------------------------------------------------------------------------------------
2026-03-30T13:09:12.3647266Z All files                                          |   76.44 |    64.47 |   73.77 |   76.26 |                                                                                                
2026-03-30T13:09:12.3648741Z  bottom-tabs/src                                   |       0 |        0 |       0 |       0 |                                                                                                
2026-03-30T13:09:12.3650351Z   index.tsx                                        |       0 |        0 |       0 |       0 |                                                                                                
2026-03-30T13:09:12.3651889Z  bottom-tabs/src/TransitionConfigs                 |   66.66 |      100 |       0 |   66.66 |                                                                                                
2026-03-30T13:09:12.3653590Z   SceneStyleInterpolators.tsx                      |       0 |      100 |       0 |       0 | 12-28                                                                                          
2026-03-30T13:09:12.3655317Z   TransitionPresets.tsx                            |     100 |      100 |     100 |     100 |                                                                                                
2026-03-30T13:09:12.3656546Z   TransitionSpecs.tsx                              |     100 |      100 |     100 |     100 |                                                                                                
2026-03-30T13:09:12.3657754Z  bottom-tabs/src/navigators                        |      75 |      100 |   66.66 |      75 |                                                                                                
2026-03-30T13:09:12.3658749Z   createBottomTabNavigator.tsx                     |      75 |      100 |   66.66 |      75 | 110                                                                                            
2026-03-30T13:09:12.3659620Z  bottom-tabs/src/utils                             |    61.7 |    38.88 |      75 |   61.36 |                                                                                                
2026-03-30T13:09:12.3660470Z   BottomTabAnimationContext.tsx                    |     100 |      100 |     100 |     100 |                                                                                                
2026-03-30T13:09:12.3661701Z   BottomTabBarHeightCallbackContext.tsx            |     100 |      100 |     100 |     100 |                                                                                                
2026-03-30T13:09:12.3662701Z   BottomTabBarHeightContext.tsx                    |     100 |      100 |     100 |     100 |                                                                                                
2026-03-30T13:09:12.3686938Z   useAnimatedHashMap.tsx                           |     100 |       90 |     100 |     100 | 21                                                                                             
2026-03-30T13:09:12.3688622Z   useBottomTabAnimation.tsx                        |       0 |        0 |       0 |       0 | 6-14                                                                                           
2026-03-30T13:09:12.3690185Z   useBottomTabBarHeight.tsx                        |       0 |        0 |       0 |       0 | 6-14                                                                                           
2026-03-30T13:09:12.3691265Z   useIsKeyboardShown.tsx                           |    92.3 |      100 |   83.33 |     100 |                                                                                                
2026-03-30T13:09:12.3692533Z   useTabBarPosition.tsx                            |   30.76 |       15 |     100 |   30.76 | 14-32                                                                                          
2026-03-30T13:09:12.3694043Z  bottom-tabs/src/views                             |   54.87 |    37.76 |   54.68 |    54.9 |                                                                                                
2026-03-30T13:09:12.3695621Z   BottomTabBar.tsx                                 |   76.78 |    52.94 |   78.94 |   76.57 | 64-68,74-89,108,124,150,156,192,202,278-286,427                                                
2026-03-30T13:09:12.3697439Z   BottomTabItem.tsx                                |   78.78 |    44.23 |     100 |   78.78 | 231-232,237,243,285-288                                                                        
2026-03-30T13:09:12.3698973Z   BottomTabViewCommon.tsx                          |   66.66 |       50 |     100 |   66.66 | 25                                                                                             
2026-03-30T13:09:12.3700490Z   BottomTabViewCustom.tsx                          |    92.1 |    82.55 |   93.33 |    92.1 | 65,120-125,179                                                                                 
2026-03-30T13:09:12.3702011Z   BottomTabViewNative.ios.tsx                      |       0 |        0 |       0 |       0 |                                                                                                
2026-03-30T13:09:12.3703529Z   BottomTabViewNativeImpl.tsx                      |     1.8 |        0 |       0 |    1.81 | 62-610                                                                                         
2026-03-30T13:09:12.3705021Z   ScreenContent.tsx                                |     100 |       60 |     100 |     100 | 32-42                                                                                          
2026-03-30T13:09:12.3706435Z   TabBarIcon.tsx                                   |   38.09 |        0 |       0 |   38.09 | 63-174                                                                                         
2026-03-30T13:09:12.3707997Z  core/src                                          |   94.65 |    90.51 |   95.67 |   94.65 |                                                                                                
2026-03-30T13:09:12.3709543Z   BaseNavigationContainer.tsx                      |   71.51 |    50.57 |   87.87 |   71.05 | 138-149,158,178,203-205,344-386,418,437,444-450                                                
2026-03-30T13:09:12.3711183Z   ConsumedParamsContext.tsx                        |     100 |      100 |     100 |     100 |                                                                                                
2026-03-30T13:09:12.3712955Z   CurrentRenderContext.tsx                         |     100 |      100 |     100 |     100 |                                                                                                
2026-03-30T13:09:12.3714477Z   EnsureSingleNavigator.tsx                        |   92.85 |    83.33 |     100 |   92.85 | 38                                                                                             
2026-03-30T13:09:12.3716129Z   Group.tsx                                        |       0 |        0 |       0 |       0 |                                                                                                
2026-03-30T13:09:12.3717830Z   NavigationBuilderContext.tsx                     |   33.33 |      100 |      20 |   33.33 | 73-74,77-80                                                                                    
2026-03-30T13:09:12.3719462Z   NavigationContainerRefContext.tsx                |     100 |      100 |     100 |     100 |                                                                                                
2026-03-30T13:09:12.3721135Z   NavigationFocusedRouteStateContext.tsx           |     100 |      100 |     100 |     100 |                                                                                                
2026-03-30T13:09:12.3722770Z   NavigationHelpersContext.tsx                     |     100 |      100 |     100 |     100 |                                                                                                
2026-03-30T13:09:12.3725424Z   NavigationIndependentTree.tsx                    |     100 |      100 |     100 |     100 |                                                                                                
2026-03-30T13:09:12.3733627Z   NavigationIndependentTreeContext.tsx             |     100 |      100 |     100 |     100 |                                                                                                
2026-03-30T13:09:12.3734633Z   NavigationMetaContext.tsx                        |     100 |      100 |     100 |     100 |                                                                                                
2026-03-30T13:09:12.3737050Z   NavigationProvider.tsx                           |     100 |      100 |     100 |     100 |                                                                                                
2026-03-30T13:09:12.3738616Z   NavigationStateContext.tsx                       |   57.14 |      100 |      40 |   57.14 | 24-27,36                                                                                       
2026-03-30T13:09:12.3740223Z   PreventRemoveContext.tsx                         |     100 |      100 |     100 |     100 |                                                                                                
2026-03-30T13:09:12.3741769Z   PreventRemoveProvider.tsx                        |   94.59 |    88.23 |     100 |   94.28 | 69,80                                                                                          
2026-03-30T13:09:12.3743261Z   SceneView.tsx                                    |     100 |     87.5 |     100 |     100 | 84,203,220                                                                                     
2026-03-30T13:09:12.3744628Z   Screen.tsx                                       |       0 |        0 |       0 |       0 |                                                                                                
2026-03-30T13:09:12.3746053Z   StaticContainer.tsx                              |     100 |      100 |     100 |     100 |                                                                                                
2026-03-30T13:09:12.3747704Z   StaticNavigation.tsx                             |   98.31 |    92.18 |   95.23 |   98.29 | 580,694                                                                                        
2026-03-30T13:09:12.3749217Z   UnhandledActionContext.tsx                       |     100 |      100 |     100 |     100 |                                                                                                
2026-03-30T13:09:12.3750927Z   arrayStartsWith.tsx                              |     100 |      100 |     100 |     100 |                                                                                                
2026-03-30T13:09:12.3752391Z   checkDuplicateRouteNames.tsx                     |     100 |      100 |     100 |     100 |                                                                                                
2026-03-30T13:09:12.3754072Z   checkSerializable.tsx                            |     100 |      100 |     100 |     100 |                                                                                                
2026-03-30T13:09:12.3755779Z   createNavigationContainerRef.tsx                 |   84.84 |    76.92 |   81.81 |   90.32 | 38,64,88                                                                                       
2026-03-30T13:09:12.3757825Z   createNavigatorFactory.tsx                       |     100 |       80 |     100 |     100 | 15                                                                                             
2026-03-30T13:09:12.3759467Z   deepFreeze.tsx                                   |   82.35 |       75 |     100 |   82.35 | 6,13,21                                                                                        
2026-03-30T13:09:12.3760998Z   findFocusedRoute.tsx                             |     100 |      100 |     100 |     100 |                                                                                                
2026-03-30T13:09:12.3762177Z   getActionFromState.tsx                           |   97.91 |    96.61 |     100 |   97.91 | 156                                                                                            
2026-03-30T13:09:12.3763120Z   getFocusedRouteNameFromRoute.tsx                 |     100 |      100 |     100 |     100 |                                                                                                
2026-03-30T13:09:12.3764733Z   getPathFromState.tsx                             |   96.63 |    93.45 |     100 |   96.58 | 137,193,302,350                                                                                
2026-03-30T13:09:12.3766255Z   getPatternParts.tsx                              |     100 |      100 |     100 |     100 |                                                                                                
2026-03-30T13:09:12.3767972Z   getStateFromPath.tsx                             |   99.32 |    98.28 |     100 |    99.3 | 521,686                                                                                        
2026-03-30T13:09:12.3769558Z   getStateFromRouteParams.tsx                      |    87.5 |    91.42 |     100 |    87.5 | 7                                                                                              
2026-03-30T13:09:12.3771085Z   index.tsx                                        |       0 |        0 |       0 |       0 |                                                                                                
2026-03-30T13:09:12.3771986Z   isArrayEqual.tsx                                 |     100 |      100 |     100 |     100 |                                                                                                
2026-03-30T13:09:12.3772793Z   isRecordEqual.tsx                                |     100 |      100 |     100 |     100 |                                                                                                
2026-03-30T13:09:12.3773573Z   types.tsx                                        |       0 |        0 |       0 |       0 |                                                                                                
2026-03-30T13:09:12.3774351Z   useChildListeners.tsx                            |     100 |       75 |     100 |     100 | 25                                                                                             
2026-03-30T13:09:12.3775365Z   useComponent.tsx                                 |    90.9 |       50 |     100 |    90.9 | 30                                                                                             
2026-03-30T13:09:12.3776164Z   useCurrentRender.tsx                             |     100 |      100 |     100 |     100 |                                                                                                
2026-03-30T13:09:12.3777424Z   useDescriptors.tsx                               |   94.28 |     90.9 |     100 |   94.28 | 231-232                                                                                        
2026-03-30T13:09:12.3778277Z   useEventEmitter.tsx                              |     100 |      100 |     100 |     100 |                                                                                                
2026-03-30T13:09:12.3779079Z   useFocusEffect.tsx                               |   97.36 |    86.36 |     100 |   97.36 | 88                                                                                             
2026-03-30T13:09:12.3779880Z   useFocusEvents.tsx                               |     100 |      100 |     100 |     100 |                                                                                                
2026-03-30T13:09:12.3780755Z   useFocusedListenersChildrenAdapter.tsx           |     100 |      100 |     100 |     100 |                                                                                                
2026-03-30T13:09:12.3781619Z   useIsFocused.tsx                                 |   83.33 |       50 |     100 |   83.33 | 19                                                                                             
2026-03-30T13:09:12.3782538Z   useKeyedChildListeners.tsx                       |     100 |      100 |     100 |     100 |                                                                                                
2026-03-30T13:09:12.3783836Z   useLazyValue.tsx                                 |     100 |      100 |     100 |     100 |                                                                                                
2026-03-30T13:09:12.3784654Z   useNavigation.tsx                                |   93.33 |    92.85 |     100 |   93.33 | 53                                                                                             
2026-03-30T13:09:12.3785527Z   useNavigationBuilder.tsx                         |   96.15 |    91.23 |     100 |   96.06 | 117,133,161,261,265,608,671-672,692                                                            
2026-03-30T13:09:12.3786417Z   useNavigationCache.tsx                           |     100 |     91.3 |     100 |     100 | 110,192                                                                                        
2026-03-30T13:09:12.3787455Z   useNavigationContainerRef.tsx                    |       0 |        0 |       0 |       0 | 10-16                                                                                          
2026-03-30T13:09:12.3788314Z   useNavigationHelpers.tsx                         |     100 |     90.9 |     100 |     100 | 48                                                                                             
2026-03-30T13:09:12.3789185Z   useNavigationIndependentTree.tsx                 |     100 |      100 |     100 |     100 |                                                                                                
2026-03-30T13:09:12.3790052Z   useNavigationState.tsx                           |   89.47 |       75 |     100 |   88.57 | 66,79,92,96                                                                                    
2026-03-30T13:09:12.3790855Z   useOnAction.tsx                                  |     100 |      100 |     100 |     100 |                                                                                                
2026-03-30T13:09:12.3791638Z   useOnGetState.tsx                                |     100 |      100 |     100 |     100 |                                                                                                
2026-03-30T13:09:12.3792649Z   useOnPreventRemove.tsx                           |     100 |      100 |     100 |     100 |                                                                                                
2026-03-30T13:09:12.3793479Z   useOnRouteFocus.tsx                              |    87.5 |    66.66 |     100 |    87.5 | 40                                                                                             
2026-03-30T13:09:12.3794466Z   useOptionsGetters.tsx                            |     100 |    94.44 |     100 |     100 | 43                                                                                             
2026-03-30T13:09:12.3795316Z   usePreventRemove.tsx                             |     100 |      100 |     100 |     100 |                                                                                                
2026-03-30T13:09:12.3796160Z   usePreventRemoveContext.tsx                      |      75 |       50 |     100 |      75 | 9                                                                                              
2026-03-30T13:09:12.3797143Z   useRegisterNavigator.tsx                         |     100 |      100 |     100 |     100 |                                                                                                
2026-03-30T13:09:12.3797946Z   useRoute.tsx                                     |    92.3 |     87.5 |     100 |    92.3 | 40                                                                                             
2026-03-30T13:09:12.3798729Z   useRouteCache.tsx                                |     100 |    83.33 |     100 |     100 | 39                                                                                             
2026-03-30T13:09:12.3799537Z   useScheduleUpdate.tsx                            |     100 |      100 |     100 |     100 |                                                                                                
2026-03-30T13:09:12.3800357Z   useStateForPath.tsx                              |     100 |      100 |     100 |     100 |                                                                                                
2026-03-30T13:09:12.3801151Z   useSyncState.tsx                                 |     100 |      100 |     100 |     100 |                                                                                                
2026-03-30T13:09:12.3802523Z   validatePathConfig.tsx                           |    92.3 |    93.54 |     100 |    92.3 | 22,40                                                                                          
2026-03-30T13:09:12.3804178Z  core/src/__tests__/__fixtures__                   |     100 |    97.14 |     100 |     100 |                                                                                                
2026-03-30T13:09:12.3805750Z   MockRouter.tsx                                   |     100 |    97.14 |     100 |     100 | 149                                                                                            
2026-03-30T13:09:12.3807231Z  core/src/theming                                  |     100 |      100 |     100 |     100 |                                                                                                
2026-03-30T13:09:12.3808043Z   ThemeContext.tsx                                 |     100 |      100 |     100 |     100 |                                                                                                
2026-03-30T13:09:12.3808847Z   ThemeProvider.tsx                                |     100 |      100 |     100 |     100 |                                                                                                
2026-03-30T13:09:12.3809633Z   useTheme.tsx                                     |     100 |      100 |     100 |     100 |                                                                                                
2026-03-30T13:09:12.3810378Z  drawer/src                                        |       0 |        0 |       0 |       0 |                                                                                                
2026-03-30T13:09:12.3811348Z   index.tsx                                        |       0 |        0 |       0 |       0 |                                                                                                
2026-03-30T13:09:12.3812110Z  drawer/src/navigators                             |      75 |      100 |   66.66 |      75 |                                                                                                
2026-03-30T13:09:12.3813056Z   createDrawerNavigator.tsx                        |      75 |      100 |   66.66 |      75 | 107                                                                                            
2026-03-30T13:09:12.3813876Z  drawer/src/utils                                  |   46.66 |    42.85 |      40 |   42.85 |                                                                                                
2026-03-30T13:09:12.3814690Z   DrawerPositionContext.tsx                        |     100 |      100 |     100 |     100 |                                                                                                
2026-03-30T13:09:12.3815566Z   DrawerStatusContext.tsx                          |     100 |      100 |     100 |     100 |                                                                                                
2026-03-30T13:09:12.3816429Z   addCancelListener.native.tsx                     |      25 |      100 |       0 |      25 | 4-10                                                                                           
2026-03-30T13:09:12.3817537Z   getDrawerStatusFromState.tsx                     |      80 |       60 |     100 |      75 | 11                                                                                             
2026-03-30T13:09:12.3818361Z   useDrawerStatus.tsx                              |       0 |        0 |       0 |       0 | 11-19                                                                                          
2026-03-30T13:09:12.3819363Z  drawer/src/views                                  |   69.49 |    53.03 |   58.62 |   69.49 |                                                                                                
2026-03-30T13:09:12.3820604Z   DrawerContent.tsx                                |     100 |      100 |     100 |     100 |                                                                                                
2026-03-30T13:09:12.3821493Z   DrawerContentScrollView.tsx                      |     100 |       50 |     100 |     100 | 23-36                                                                                          
2026-03-30T13:09:12.3822329Z   DrawerItem.tsx                                   |   45.45 |       45 |     100 |   45.45 | 151-197                                                                                        
2026-03-30T13:09:12.3823136Z   DrawerItemList.tsx                               |   76.92 |       25 |   66.66 |   76.92 | 40-47                                                                                          
2026-03-30T13:09:12.3823950Z   DrawerToggleButton.tsx                           |   83.33 |    55.55 |      50 |   83.33 | 54                                                                                             
2026-03-30T13:09:12.3824804Z   DrawerView.tsx                                   |   68.75 |    60.86 |      50 |   68.75 | 92-97,112,119,126,133,140,147,155,167-186,240                                                  
2026-03-30T13:09:12.3825659Z  drawer/src/views/assets                           |     100 |      100 |     100 |     100 |                                                                                                
2026-03-30T13:09:12.3826487Z   toggle-drawer-icon.png                           |     100 |      100 |     100 |     100 |                                                                                                
2026-03-30T13:09:12.3827673Z  elements/src                                      |    49.1 |    36.07 |      50 |   49.08 |                                                                                                
2026-03-30T13:09:12.3828522Z   ActivityView.native.tsx                          |   81.25 |       90 |   66.66 |      80 | 23,67,89                                                                                       
2026-03-30T13:09:12.3829436Z   Badge.tsx                                        |    8.33 |        0 |       0 |    9.09 | 42-83                                                                                          
2026-03-30T13:09:12.3830245Z   BlurEffectBackground.tsx                         |   27.27 |    15.38 |     100 |   27.27 | 37-65                                                                                          
2026-03-30T13:09:12.3831047Z   Button.tsx                                       |    9.09 |        0 |       0 |    9.09 | 41-107                                                                                         
2026-03-30T13:09:12.3831809Z   Color.tsx                                        |   18.51 |     5.88 |      50 |   18.51 | 20,24-91                                                                                       
2026-03-30T13:09:12.3832576Z   Container.tsx                                    |     100 |     87.5 |     100 |     100 | 17                                                                                             
2026-03-30T13:09:12.3833389Z   LiquidGlassView.ios.tsx                          |      60 |      100 |     100 |      60 | 17-21                                                                                          
2026-03-30T13:09:12.3834187Z   MissingIcon.tsx                                  |      50 |      100 |       0 |      50 | 17                                                                                             
2026-03-30T13:09:12.3834971Z   PlatformColor.native.tsx                         |       0 |        0 |       0 |       0 |                                                                                                
2026-03-30T13:09:12.3835821Z   PlatformPressable.tsx                            |   77.77 |    64.61 |   57.14 |   77.14 | 68-72,113-114,118-119,203                                                                      
2026-03-30T13:09:12.3836700Z   SafeAreaProviderCompat.tsx                       |     100 |     62.5 |     100 |     100 | 23-29                                                                                          
2026-03-30T13:09:12.3837666Z   Screen.tsx                                       |   81.25 |    86.66 |      60 |   81.25 | 65,87-89                                                                                       
2026-03-30T13:09:12.3838419Z   Text.tsx                                         |     100 |      100 |     100 |     100 |                                                                                                
2026-03-30T13:09:12.3839212Z   getBlurBackgroundColor.tsx                       |       0 |        0 |       0 |       0 | 29-66                                                                                          
2026-03-30T13:09:12.3840045Z   getDefaultSidebarWidth.tsx                       |      50 |        0 |       0 |      50 | 10-14                                                                                          
2026-03-30T13:09:12.3840879Z   getNamedContext.tsx                              |   88.88 |       75 |     100 |   88.88 | 20                                                                                             
2026-03-30T13:09:12.3841650Z   index.tsx                                        |       0 |        0 |       0 |       0 |                                                                                                
2026-03-30T13:09:12.3842376Z   internal.tsx                                     |       0 |        0 |       0 |       0 |                                                                                                
2026-03-30T13:09:12.3843232Z   types.tsx                                        |       0 |        0 |       0 |       0 |                                                                                                
2026-03-30T13:09:12.3844029Z   useFrameSize.tsx                                 |   54.41 |       40 |      55 |   54.54 | 32,83-103,126-134,146,151-153,180-200                                                          
2026-03-30T13:09:12.3844977Z  elements/src/Header                               |   58.29 |     42.3 |   38.77 |   59.09 |                                                                                                
2026-03-30T13:09:12.3845795Z   Header.tsx                                       |   69.49 |    56.97 |      50 |   70.68 | 67-74,98,321,330-344,464-497                                                                   
2026-03-30T13:09:12.3846656Z   HeaderBackButton.tsx                             |   75.51 |    51.72 |   35.71 |   77.08 | 43,55,79-80,144,148,152,179,203-222                                                            
2026-03-30T13:09:12.3847646Z   HeaderBackContext.tsx                            |     100 |      100 |     100 |     100 |                                                                                                
2026-03-30T13:09:12.3848465Z   HeaderBackground.tsx                             |     100 |      100 |     100 |     100 |                                                                                                
2026-03-30T13:09:12.3849273Z   HeaderButton.tsx                                 |     100 |       50 |     100 |     100 | 32-64                                                                                          
2026-03-30T13:09:12.3850090Z   HeaderButtonBackground.tsx                       |      80 |       50 |     100 |      80 | 15                                                                                             
2026-03-30T13:09:12.3850929Z   HeaderHeightContext.tsx                          |     100 |      100 |     100 |     100 |                                                                                                
2026-03-30T13:09:12.3851974Z   HeaderIcon.tsx                                   |      70 |       40 |     100 |      70 | 34-48                                                                                          
2026-03-30T13:09:12.3852809Z   HeaderSearchBar.tsx                              |   18.03 |     6.55 |       0 |   18.33 | 69-180                                                                                         
2026-03-30T13:09:12.3853655Z   HeaderShownContext.tsx                           |     100 |      100 |     100 |     100 |                                                                                                
2026-03-30T13:09:12.3854457Z   HeaderTitle.tsx                                  |     100 |       50 |     100 |     100 | 28                                                                                             
2026-03-30T13:09:12.3855305Z   getDefaultHeaderHeight.tsx                       |   55.55 |       52 |     100 |   55.55 | 25-31,36-39                                                                                    
2026-03-30T13:09:12.3856150Z   getHeaderTitle.tsx                               |     100 |       50 |     100 |     100 | 10-12                                                                                          
2026-03-30T13:09:12.3857078Z   useHeaderHeight.tsx                              |      75 |       50 |     100 |      75 | 9                                                                                              
2026-03-30T13:09:12.3857883Z  elements/src/Label                                |     100 |    66.66 |     100 |     100 |                                                                                                
2026-03-30T13:09:12.3858652Z   Label.tsx                                        |     100 |      100 |     100 |     100 |                                                                                                
2026-03-30T13:09:12.3860031Z   getLabel.tsx                                     |     100 |       50 |     100 |     100 | 5-7                                                                                            
2026-03-30T13:09:12.3860963Z  elements/src/assets                               |     100 |      100 |     100 |     100 |                                                                                                
2026-03-30T13:09:12.3861918Z   back-icon.png                                    |     100 |      100 |     100 |     100 |                                                                                                
2026-03-30T13:09:12.3862717Z   close-icon.png                                   |     100 |      100 |     100 |     100 |                                                                                                
2026-03-30T13:09:12.3863522Z   search-icon.png                                  |     100 |      100 |     100 |     100 |                                                                                                
2026-03-30T13:09:12.3864313Z  material-top-tabs/src                             |       0 |        0 |       0 |       0 |                                                                                                
2026-03-30T13:09:12.3865057Z   index.tsx                                        |       0 |        0 |       0 |       0 |                                                                                                
2026-03-30T13:09:12.3865851Z  material-top-tabs/src/navigators                  |      75 |      100 |   66.66 |      75 |                                                                                                
2026-03-30T13:09:12.3866877Z   createMaterialTopTabNavigator.tsx                |      75 |      100 |   66.66 |      75 | 110                                                                                            
2026-03-30T13:09:12.3867749Z  material-top-tabs/src/utils                       |      20 |        0 |       0 |      20 |                                                                                                
2026-03-30T13:09:12.3868568Z   TabAnimationContext.tsx                          |     100 |      100 |     100 |     100 |                                                                                                
2026-03-30T13:09:12.3869380Z   useTabAnimation.tsx                              |       0 |        0 |       0 |       0 | 6-14                                                                                           
2026-03-30T13:09:12.3870197Z  material-top-tabs/src/views                       |   64.06 |    44.06 |   66.66 |   63.49 |                                                                                                
2026-03-30T13:09:12.3871537Z   MaterialTopTabBar.tsx                            |   52.63 |    28.57 |   55.55 |   52.63 | 88,90-147,164,208-219                                                                          
2026-03-30T13:09:12.3872437Z   MaterialTopTabView.tsx                           |   80.76 |    82.35 |      75 |      80 | 67-69,96-97,136                                                                                
2026-03-30T13:09:12.3873468Z  native-stack/src                                  |       0 |        0 |       0 |       0 |                                                                                                
2026-03-30T13:09:12.3874408Z   index.tsx                                        |       0 |        0 |       0 |       0 |                                                                                                
2026-03-30T13:09:12.3875190Z  native-stack/src/navigators                       |   53.84 |       20 |      50 |   53.84 |                                                                                                
2026-03-30T13:09:12.3876226Z   createNativeStackNavigator.tsx                   |   53.84 |       20 |      50 |   53.84 | 64,69-81,144                                                                                   
2026-03-30T13:09:12.3877260Z  native-stack/src/utils                            |    62.5 |    65.21 |   63.63 |    62.5 |                                                                                                
2026-03-30T13:09:12.3878052Z   debounce.tsx                                     |      25 |      100 |   33.33 |      25 | 8-11                                                                                           
2026-03-30T13:09:12.3878967Z   getModalRoutesKeys.ts                            |     100 |    84.61 |     100 |     100 | 10,13                                                                                          
2026-03-30T13:09:12.3879816Z   useAnimatedHeaderHeight.tsx                      |      20 |        0 |       0 |      20 | 9-17                                                                                           
2026-03-30T13:09:12.3880671Z   useDismissedRouteError.tsx                       |    62.5 |       50 |   66.66 |    62.5 | 15,21-25                                                                                       
2026-03-30T13:09:12.3881549Z   useInvalidPreventRemoveError.tsx                 |   77.77 |       50 |     100 |   77.77 | 22-24                                                                                          
2026-03-30T13:09:12.3882411Z  native-stack/src/views                            |   62.79 |     57.4 |   33.33 |   62.57 |                                                                                                
2026-03-30T13:09:12.3883288Z   NativeStackView.native.tsx                       |   71.42 |    69.56 |   33.33 |   71.05 | 253-287,334-337,482,498-555                                                                    
2026-03-30T13:09:12.3884242Z   useHeaderConfigProps.tsx                         |   55.78 |    48.38 |   33.33 |   55.78 | 51-144,152-158,164-181,293,370,390,392,410-496                                                 
2026-03-30T13:09:12.3885191Z  native/src                                        |   73.28 |    64.84 |   72.56 |    73.6 |                                                                                                
2026-03-30T13:09:12.3886945Z   Link.tsx                                         |     100 |      100 |     100 |     100 |                                                                                                
2026-03-30T13:09:12.3888536Z   LinkingContext.tsx                               |      75 |      100 |       0 |      75 | 12                                                                                             
2026-03-30T13:09:12.3889474Z   LocaleDirContext.tsx                             |     100 |      100 |     100 |     100 |                                                                                                
2026-03-30T13:09:12.3891143Z   NavigationContainer.tsx                          |      66 |    78.26 |   58.33 |    65.3 | 169-172,201-232,245                                                                            
2026-03-30T13:09:12.3892846Z   ServerContainer.tsx                              |   81.81 |       75 |   66.66 |   81.81 | 23,43                                                                                          
2026-03-30T13:09:12.3894453Z   ServerContext.tsx                                |     100 |      100 |     100 |     100 |                                                                                                
2026-03-30T13:09:12.3895616Z   createMemoryHistory.tsx                          |   87.35 |     87.5 |      80 |   88.88 | 26-27,151-152,179-186                                                                          
2026-03-30T13:09:12.3896512Z   createStaticNavigation.tsx                       |     100 |      100 |     100 |     100 |                                                                                                
2026-03-30T13:09:12.3897817Z   extractPathFromURL.tsx                           |     100 |    91.66 |     100 |     100 | 12                                                                                             
2026-03-30T13:09:12.3899178Z   getStateFromHref.tsx                             |     100 |    82.35 |     100 |     100 | 14-15,21                                                                                       
2026-03-30T13:09:12.3900133Z   index.tsx                                        |       0 |        0 |       0 |       0 |                                                                                                
2026-03-30T13:09:12.3900870Z   types.tsx                                        |       0 |        0 |       0 |       0 |                                                                                                
2026-03-30T13:09:12.3901657Z   useBackButton.native.tsx                         |   36.36 |        0 |      75 |      30 | 15-27                                                                                          
2026-03-30T13:09:12.3903059Z   useDocumentTitle.native.tsx                      |       0 |        0 |       0 |       0 |                                                                                                
2026-03-30T13:09:12.3903907Z   useLinkBuilder.tsx                               |   97.05 |     91.3 |     100 |   97.05 | 126                                                                                            
2026-03-30T13:09:12.3904736Z   useLinkProps.tsx                                 |   77.41 |    72.05 |     100 |   77.41 | 54-55,82-87                                                                                    
2026-03-30T13:09:12.3905525Z   useLinkTo.tsx                                    |       0 |        0 |       0 |       0 | 12-30                                                                                          
2026-03-30T13:09:12.3906353Z   useLinking.native.tsx                            |   64.86 |    41.66 |    64.7 |   65.75 | 29-34,54,58,125-133,146-150,169-206                                                            
2026-03-30T13:09:12.3907401Z   useLinking.tsx                                   |   80.53 |     66.1 |   88.88 |   81.08 | 45,107,111,115,158-162,205,228-267,286-299,347,355                                             
2026-03-30T13:09:12.3908227Z   useLocale.tsx                                    |      75 |       50 |     100 |      75 | 12                                                                                             
2026-03-30T13:09:12.3908996Z   useRoutePath.tsx                                 |    90.9 |    66.66 |     100 |    90.9 | 25                                                                                             
2026-03-30T13:09:12.3909781Z   useScrollToTop.tsx                               |       0 |        0 |       0 |       0 | 26-120                                                                                         
2026-03-30T13:09:12.3910565Z   useThenable.tsx                                  |      75 |       50 |      80 |      75 | 31-35,41                                                                                       
2026-03-30T13:09:12.3911345Z  native/src/__stubs__                              |     100 |       70 |     100 |     100 |                                                                                                
2026-03-30T13:09:12.3912158Z   createStackNavigator.tsx                         |     100 |      100 |     100 |     100 |                                                                                                
2026-03-30T13:09:12.3912966Z   window.tsx                                       |     100 |       70 |     100 |     100 | 32,55-61                                                                                       
2026-03-30T13:09:12.3914457Z  native/src/native                                 |   68.57 |    78.37 |   58.33 |   68.57 |                                                                                                
2026-03-30T13:09:12.3915701Z   CornerInset.ios.tsx                              |   67.85 |       50 |   55.55 |   67.85 | 30,41-51,65,75                                                                                 
2026-03-30T13:09:12.3917078Z   MaterialSymbol.tsx                               |   66.66 |      100 |      50 |   66.66 | 8                                                                                              
2026-03-30T13:09:12.3919166Z   ReactNavigationCornerInsetViewNativeComponent.ts |       0 |      100 |     100 |       0 | 23                                                                                             
2026-03-30T13:09:12.3920168Z   SFSymbol.ios.tsx                                 |     100 |    88.88 |     100 |     100 | 11,22-29                                                                                       
2026-03-30T13:09:12.3921021Z   SFSymbolViewNativeComponent.ts                   |       0 |        0 |       0 |       0 |                                                                                                
2026-03-30T13:09:12.3921855Z   constants.tsx                                    |     100 |      100 |     100 |     100 |                                                                                                
2026-03-30T13:09:12.3922636Z  native/src/theming                                |      75 |      100 |       0 |      75 |                                                                                                
2026-03-30T13:09:12.3923416Z   DarkTheme.tsx                                    |     100 |      100 |     100 |     100 |                                                                                                
2026-03-30T13:09:12.3924187Z   LightTheme.tsx                                   |     100 |      100 |     100 |     100 |                                                                                                
2026-03-30T13:09:12.3924969Z   MaterialTheme.tsx                                |      50 |      100 |       0 |      50 | 8,16                                                                                           
2026-03-30T13:09:12.3925727Z   fonts.tsx                                        |     100 |      100 |     100 |     100 |                                                                                                
2026-03-30T13:09:12.3926528Z  react-native-drawer-layout/src                    |       0 |        0 |       0 |       0 |                                                                                                
2026-03-30T13:09:12.3927503Z   index.tsx                                        |       0 |        0 |       0 |       0 |                                                                                                
2026-03-30T13:09:12.3928317Z  react-native-drawer-layout/src/utils              |    40.9 |    33.33 |   33.33 |    40.9 |                                                                                                
2026-03-30T13:09:12.3929198Z   DrawerGestureContext.tsx                         |     100 |      100 |     100 |     100 |                                                                                                
2026-03-30T13:09:12.3930038Z   DrawerProgressContext.tsx                        |     100 |      100 |     100 |     100 |                                                                                                
2026-03-30T13:09:12.3930874Z   getDrawerWidth.tsx                               |   43.75 |     37.5 |      50 |   43.75 | 31-34,46-56                                                                                    
2026-03-30T13:09:12.3931683Z   useDrawerProgress.tsx                            |       0 |        0 |       0 |       0 | 7-15                                                                                           
2026-03-30T13:09:12.3932523Z  react-native-drawer-layout/src/views              |   65.15 |     33.6 |   55.26 |   64.61 |                                                                                                
2026-03-30T13:09:12.3933578Z   Drawer.native.tsx                                |    62.6 |    32.78 |   51.42 |   61.98 | 93,101,114-115,120-122,126,130,153-154,160,172-173,179,192,202,207-211,231-261,289-328,336,539 
2026-03-30T13:09:12.3934678Z   GestureHandler.ios.tsx                           |       0 |        0 |       0 |       0 |                                                                                                
2026-03-30T13:09:12.3936257Z   GestureHandlerNative.tsx                         |       0 |        0 |       0 |       0 |                                                                                                
2026-03-30T13:09:12.3937865Z   Overlay.native.tsx                               |     100 |    66.66 |     100 |     100 | 23                                                                                             
2026-03-30T13:09:12.3939287Z  react-native-tab-view/src                         |   53.46 |    41.29 |   54.72 |    53.1 |                                                                                                
2026-03-30T13:09:12.3940631Z   Pager.ios.tsx                                    |       0 |        0 |       0 |       0 |                                                                                                
2026-03-30T13:09:12.3942091Z   PagerViewAdapter.native.tsx                      |   64.15 |    33.33 |   61.53 |   64.15 | 64-65,80-81,89-113,119-122                                                                     
2026-03-30T13:09:12.3943060Z   PanResponderAdapter.tsx                          |    3.03 |        0 |       0 |    3.03 | 42-300                                                                                         
2026-03-30T13:09:12.3944577Z   PlatformPressable.tsx                            |     100 |    76.08 |     100 |     100 | 26,46,57,75-82,90-92                                                                           
2026-03-30T13:09:12.3946081Z   SceneMap.tsx                                     |     100 |      100 |     100 |     100 |                                                                                                
2026-03-30T13:09:12.3947219Z   SceneView.tsx                                    |   63.63 |    43.33 |   66.66 |    62.5 | 54-62,91-101                                                                                   
2026-03-30T13:09:12.3948100Z   ScrollViewAdapter.tsx                            |    2.73 |        0 |       0 |    2.85 | 46-252,260                                                                                     
2026-03-30T13:09:12.3948978Z   TabBar.tsx                                       |    78.4 |    43.68 |   81.25 |   78.51 | 78,117-124,142,147-152,158,253,394,402-407,458-465,475,482                                     
2026-03-30T13:09:12.3949884Z   TabBarIndicator.tsx                              |   65.21 |    44.79 |      75 |   64.77 | 38,42-45,86,93,116,165,172,181,189-198,223-233,258-264,291-305                                 
2026-03-30T13:09:12.3950958Z   TabBarItem.tsx                                   |   88.88 |    77.14 |    90.9 |   88.37 | 52,69,139-153                                                                                  
2026-03-30T13:09:12.3952594Z   TabBarItemLabel.tsx                              |   83.33 |       50 |     100 |   83.33 | 15                                                                                             
2026-03-30T13:09:12.3954194Z   TabView.tsx                                      |   94.73 |       75 |     100 |   94.44 | 177                                                                                            
2026-03-30T13:09:12.3955701Z   index.tsx                                        |       0 |        0 |       0 |       0 |                                                                                                
2026-03-30T13:09:12.3957224Z   useAnimatedValue.tsx                             |     100 |      100 |     100 |     100 |                                                                                                
2026-03-30T13:09:12.3958073Z   useMeasureLayout.tsx                             |   54.54 |        0 |   33.33 |   54.54 | 14-20,25,30                                                                                    
2026-03-30T13:09:12.3959013Z  routers/src                                       |   97.65 |    92.96 |   98.97 |   97.57 |                                                                                                
2026-03-30T13:09:12.3959803Z   BaseRouter.tsx                                   |     100 |      100 |     100 |     100 |                                                                                                
2026-03-30T13:09:12.3961108Z   CommonActions.tsx                                |     100 |    83.33 |     100 |     100 | 113                                                                                            
2026-03-30T13:09:12.3962538Z   DrawerRouter.tsx                                 |   92.15 |       80 |     100 |      92 | 137,147,231,239                                                                                
2026-03-30T13:09:12.3963423Z   StackRouter.tsx                                  |   98.51 |    91.91 |     100 |   98.46 | 298,373,720                                                                                    
2026-03-30T13:09:12.3964245Z   TabRouter.tsx                                    |   97.67 |    96.52 |   96.87 |   97.56 | 290,462,495                                                                                    
2026-03-30T13:09:12.3965791Z   createParamsFromAction.tsx                       |     100 |      100 |     100 |     100 |                                                                                                
2026-03-30T13:09:12.3966671Z   createRouteFromAction.tsx                        |     100 |      100 |     100 |     100 |                                                                                                
2026-03-30T13:09:12.3967911Z   index.tsx                                        |       0 |        0 |       0 |       0 |                                                                                                
2026-03-30T13:09:12.3968730Z   types.tsx                                        |       0 |        0 |       0 |       0 |                                                                                                
2026-03-30T13:09:12.3969693Z  stack/src                                         |       0 |        0 |       0 |       0 |                                                                                                
2026-03-30T13:09:12.3970422Z   index.tsx                                        |       0 |        0 |       0 |       0 |                                                                                                
2026-03-30T13:09:12.3971204Z  stack/src/TransitionConfigs                       |    37.5 |    14.06 |   10.52 |    37.5 |                                                                                                
2026-03-30T13:09:12.3972059Z   CardStyleInterpolators.tsx                       |   13.95 |     5.26 |    9.09 |   13.95 | 73-459                                                                                         
2026-03-30T13:09:12.3972943Z   HeaderStyleInterpolators.tsx                     |   22.22 |    22.22 |   16.66 |   22.22 | 38-55,92-248                                                                                   
2026-03-30T13:09:12.3973811Z   TransitionPresets.tsx                            |     100 |       50 |     100 |     100 | 154-158                                                                                        
2026-03-30T13:09:12.3974640Z   TransitionSpecs.tsx                              |   81.81 |        0 |       0 |   81.81 | 109,122                                                                                        
2026-03-30T13:09:12.3975716Z  stack/src/navigators                              |   54.54 |        0 |      50 |   54.54 |                                                                                                
2026-03-30T13:09:12.3976546Z   createStackNavigator.tsx                         |   54.54 |        0 |      50 |   54.54 | 64-76,135                                                                                      
2026-03-30T13:09:12.3977649Z  stack/src/utils                                   |   72.72 |    58.33 |   72.72 |   72.44 |                                                                                                
2026-03-30T13:09:12.3978570Z   CardAnimationContext.tsx                         |     100 |      100 |     100 |     100 |                                                                                                
2026-03-30T13:09:12.3979578Z   GestureHandlerRefContext.tsx                     |     100 |      100 |     100 |     100 |                                                                                                
2026-03-30T13:09:12.3980466Z   ModalPresentationContext.tsx                     |     100 |      100 |     100 |     100 |                                                                                                
2026-03-30T13:09:12.3981290Z   conditional.tsx                                  |      50 |      100 |       0 |      50 | 23                                                                                             
2026-03-30T13:09:12.3982121Z   gestureActivationCriteria.tsx                    |   78.57 |    58.33 |     100 |   78.57 | 34,41,62                                                                                       
2026-03-30T13:09:12.3982982Z   getDistanceForDirection.tsx                      |      75 |       50 |     100 |      75 | 14                                                                                             
2026-03-30T13:09:12.3983828Z   getInvertedMultiplier.tsx                        |      40 |       25 |     100 |      40 | 9-11,15                                                                                        
2026-03-30T13:09:12.3984653Z   getModalRoutesKeys.ts                            |   83.33 |       75 |     100 |   83.33 | 17                                                                                             
2026-03-30T13:09:12.3985466Z   getShadowStyle.tsx                               |     100 |      100 |     100 |     100 |                                                                                                
2026-03-30T13:09:12.3986238Z   throttle.tsx                                     |      20 |        0 |   33.33 |      20 | 8-12                                                                                           
2026-03-30T13:09:12.3987229Z   useCardAnimation.tsx                             |       0 |        0 |       0 |       0 | 6-14                                                                                           
2026-03-30T13:09:12.3988048Z   useGestureHandlerRef.tsx                         |       0 |        0 |       0 |       0 | 6-14                                                                                           
2026-03-30T13:09:12.3988870Z   useKeyboardManager.tsx                           |      88 |    81.81 |      90 |   87.75 | 28,47,65-70                                                                                    
2026-03-30T13:09:12.3989695Z  stack/src/views                                   |     100 |      100 |     100 |     100 |                                                                                                
2026-03-30T13:09:12.3990481Z   GestureHandler.ios.tsx                           |       0 |        0 |       0 |       0 |                                                                                                
2026-03-30T13:09:12.3991300Z   GestureHandlerNative.tsx                         |     100 |      100 |     100 |     100 |                                                                                                
2026-03-30T13:09:12.3992288Z  stack/src/views/Header                            |   87.93 |    71.26 |   76.92 |    87.5 |                                                                                                
2026-03-30T13:09:12.3993320Z   Header.tsx                                       |   76.92 |       65 |      50 |   76.92 | 26,34-35                                                                                       
2026-03-30T13:09:12.3994257Z   HeaderContainer.tsx                              |   89.28 |    70.58 |      75 |   89.28 | 57,151-153                                                                                     
2026-03-30T13:09:12.3995089Z   HeaderSegment.tsx                                |   94.11 |    81.25 |   85.71 |   93.33 | 110                                                                                            
2026-03-30T13:09:12.3995900Z  stack/src/views/Stack                             |   78.81 |    71.98 |    74.8 |   78.36 |                                                                                                
2026-03-30T13:09:12.3996699Z   Card.tsx                                         |   72.95 |    55.31 |   83.33 |   72.26 | 89,120,241,248-318,406-410                                                                     
2026-03-30T13:09:12.3997682Z   CardA11yWrapper.tsx                              |     100 |    66.66 |     100 |     100 | 25-33,38-42                                                                                    
2026-03-30T13:09:12.3998544Z   CardContainer.tsx                                |   83.63 |    88.46 |   63.63 |   83.63 | 125-128,132-135,139-141,172                                                                    
2026-03-30T13:09:12.3999376Z   CardContent.tsx                                  |      24 |    22.22 |      50 |      24 | 23-72                                                                                          
2026-03-30T13:09:12.4000214Z   CardStack.tsx                                    |   87.14 |    79.77 |      84 |   86.95 | 124,149,202,241,270,498-507,528-535,645,719                                                    
2026-03-30T13:09:12.4001101Z   StackView.tsx                                    |   82.05 |    80.72 |   70.76 |   81.63 | 159,212,232,246-259,267,293-298,306,362-375,391,404-407,421,431,461,468,475                    
2026-03-30T13:09:12.4002128Z ---------------------------------------------------|---------|----------|---------|---------|------------------------------------------------------------------------------------------------
2026-03-30T13:09:12.5643829Z 
2026-03-30T13:09:12.5647796Z Test Suites: 48 passed, 48 total
2026-03-30T13:09:12.5648450Z Tests:       625 passed, 625 total
2026-03-30T13:09:12.5649003Z Snapshots:   145 passed, 145 total
2026-03-30T13:09:12.5649309Z Time:        25.601 s
2026-03-30T13:09:12.5649595Z Ran all test suites.
2026-03-30T13:09:12.6092433Z ##[group]Run codecov/codecov-action@v3
2026-03-30T13:09:12.6092730Z with:
2026-03-30T13:09:12.6092906Z ##[endgroup]
2026-03-30T13:09:12.7162398Z ==> linux OS detected
2026-03-30T13:09:13.1319079Z https://uploader.codecov.io/latest/linux/codecov.SHA256SUM
2026-03-30T13:09:13.2056347Z ==> SHASUM file signed by key id 806bb28aed779869
2026-03-30T13:09:13.2911774Z ==> Uploader SHASUM verified (b37359013b48fbc3b0790d59fc474a52a260fb96e28e1b2c2ae001dc9b9cc996  codecov)
2026-03-30T13:09:13.2912693Z ==> Running version latest
2026-03-30T13:09:13.4429602Z ==> Running version v0.8.0
2026-03-30T13:09:13.4446932Z [command]/home/runner/work/_actions/codecov/codecov-action/v3/dist/codecov -n  -Q github-action-3.1.6
2026-03-30T13:09:13.6544130Z [2026-03-30T13:09:13.652Z] ['info'] 
2026-03-30T13:09:13.6544769Z      _____          _
2026-03-30T13:09:13.6545168Z     / ____|        | |
2026-03-30T13:09:13.6545631Z    | |     ___   __| | ___  ___ _____   __
2026-03-30T13:09:13.6547388Z    | |    / _ \ / _` |/ _ \/ __/ _ \ \ / /
2026-03-30T13:09:13.6547935Z    | |___| (_) | (_| |  __/ (_| (_) \ V /
2026-03-30T13:09:13.6548535Z     \_____\___/ \__,_|\___|\___\___/ \_/
2026-03-30T13:09:13.6548839Z 
2026-03-30T13:09:13.6549036Z   Codecov report uploader 0.8.0
2026-03-30T13:09:13.6601831Z [2026-03-30T13:09:13.659Z] ['info'] => Project root located at: /home/runner/work/react-navigation/react-navigation
2026-03-30T13:09:13.6612419Z [2026-03-30T13:09:13.661Z] ['info'] -> No token specified or token is empty
2026-03-30T13:09:13.6679386Z [2026-03-30T13:09:13.667Z] ['info'] Searching for coverage files...
2026-03-30T13:09:13.7388023Z [2026-03-30T13:09:13.738Z] ['info'] Warning: Some files located via search were excluded from upload.
2026-03-30T13:09:13.7390401Z [2026-03-30T13:09:13.738Z] ['info'] If Codecov did not locate your files, please review https://docs.codecov.com/docs/supported-report-formats
2026-03-30T13:09:13.7391919Z [2026-03-30T13:09:13.738Z] ['info'] => Found 3 possible coverage files:
2026-03-30T13:09:13.7392697Z   coverage/clover.xml
2026-03-30T13:09:13.7393196Z   coverage/coverage-final.json
2026-03-30T13:09:13.7393652Z   coverage/lcov.info
2026-03-30T13:09:13.7394776Z [2026-03-30T13:09:13.738Z] ['info'] Processing /home/runner/work/react-navigation/react-navigation/coverage/clover.xml...
2026-03-30T13:09:13.7411459Z [2026-03-30T13:09:13.740Z] ['info'] Processing /home/runner/work/react-navigation/react-navigation/coverage/coverage-final.json...
2026-03-30T13:09:13.7440209Z [2026-03-30T13:09:13.743Z] ['info'] Processing /home/runner/work/react-navigation/react-navigation/coverage/lcov.info...
2026-03-30T13:09:13.7958101Z [2026-03-30T13:09:13.795Z] ['info'] Detected GitHub Actions as the CI provider.
2026-03-30T13:09:14.0962524Z [2026-03-30T13:09:14.095Z] ['info'] Pinging Codecov: https://codecov.io/upload/v4?package=github-action-3.1.6-uploader-0.8.0&token=*******&branch=main&build=23746312473&build_url=https%3A%2F%2Fgithub.com%2Freact-navigation%2Freact-navigation%2Factions%2Fruns%2F23746312473%2Fjob%2F69175787980&commit=97bdf9c98215e82b3c80fb3820ab072867283d54&job=CI&pr=&service=github-actions&slug=react-navigation%2Freact-navigation&name=&tag=&flags=&parent=
2026-03-30T13:09:14.3707176Z [2026-03-30T13:09:14.369Z] ['error'] There was an error running the uploader: Error uploading to https://codecov.io: Error: There was an error fetching the storage URL during POST: 429 - {"message":"Rate limit reached. Please upload with the Codecov repository upload token to resolve issue. Expected time to availability: 1428s."}
2026-03-30T13:09:14.3709405Z 
2026-03-30T13:09:14.3710362Z [2026-03-30T13:09:14.370Z] ['info'] Codecov will exit with status code 0. If you are expecting a non-zero exit code, please pass in the `-Z` flag
2026-03-30T13:09:14.4006107Z Post job cleanup.
2026-03-30T13:09:14.4041969Z Post job cleanup.
2026-03-30T13:09:14.5696452Z Post job cleanup.
2026-03-30T13:09:14.6658879Z [command]/usr/bin/git version
2026-03-30T13:09:14.6695853Z git version 2.53.0
2026-03-30T13:09:14.6743017Z Temporarily overriding HOME='/home/runner/work/_temp/0b16fdcc-aa4e-413e-8d6c-b072be3f8da4' before making global git config changes
2026-03-30T13:09:14.6744473Z Adding repository directory to the temporary git global config as a safe directory
2026-03-30T13:09:14.6749169Z [command]/usr/bin/git config --global --add safe.directory /home/runner/work/react-navigation/react-navigation
2026-03-30T13:09:14.6784724Z [command]/usr/bin/git config --local --name-only --get-regexp core\.sshCommand
2026-03-30T13:09:14.6817481Z [command]/usr/bin/git submodule foreach --recursive sh -c "git config --local --name-only --get-regexp 'core\.sshCommand' && git config --local --unset-all 'core.sshCommand' || :"
2026-03-30T13:09:14.7043650Z [command]/usr/bin/git config --local --name-only --get-regexp http\.https\:\/\/github\.com\/\.extraheader
2026-03-30T13:09:14.7064552Z http.https://github.com/.extraheader
2026-03-30T13:09:14.7077478Z [command]/usr/bin/git config --local --unset-all http.https://github.com/.extraheader
2026-03-30T13:09:14.7106666Z [command]/usr/bin/git submodule foreach --recursive sh -c "git config --local --name-only --get-regexp 'http\.https\:\/\/github\.com\/\.extraheader' && git config --local --unset-all 'http.https://github.com/.extraheader' || :"
2026-03-30T13:09:14.7321897Z [command]/usr/bin/git config --local --name-only --get-regexp ^includeIf\.gitdir:
2026-03-30T13:09:14.7352468Z [command]/usr/bin/git submodule foreach --recursive git config --local --show-origin --name-only --get-regexp remote.origin.url
2026-03-30T13:09:14.7689216Z Cleaning up orphan processes
2026-03-30T13:09:14.8010156Z ##[warning]Node.js 20 actions are deprecated. The following actions are running on Node.js 20 and may not work as expected: actions/cache/restore@v4, actions/cache/save@v4, actions/checkout@v4, actions/setup-node@v4, codecov/codecov-action@v3. Actions will be forced to run with Node.js 24 by default starting June 2nd, 2026. Node.js 20 will be removed from the runner on September 16th, 2026. Please check if updated versions of these actions are available that support Node.js 24. To opt into Node.js 24 now, set the FORCE_JAVASCRIPT_ACTIONS_TO_NODE24=true environment variable on the runner or in your workflow file. Once Node.js 24 becomes the default, you can temporarily opt out by setting ACTIONS_ALLOW_USE_UNSECURE_NODE_VERSION=true. For more information see: https://github.blog/changelog/2025-09-19-deprecation-of-node-20-on-github-actions-runners/
