2026-03-08T12:55:31.2247983Z Current runner version: '2.332.0'
2026-03-08T12:55:31.2272053Z ##[group]Runner Image Provisioner
2026-03-08T12:55:31.2272854Z Hosted Compute Agent
2026-03-08T12:55:31.2273455Z Version: 20260213.493
2026-03-08T12:55:31.2274167Z Commit: 5c115507f6dd24b8de37d8bbe0bb4509d0cc0fa3
2026-03-08T12:55:31.2274845Z Build Date: 2026-02-13T00:28:41Z
2026-03-08T12:55:31.2275592Z Worker ID: {e04d2c96-f68a-4457-8b22-a8a55e065abf}
2026-03-08T12:55:31.2276263Z Azure Region: westus
2026-03-08T12:55:31.2276814Z ##[endgroup]
2026-03-08T12:55:31.2278097Z ##[group]Operating System
2026-03-08T12:55:31.2278806Z Ubuntu
2026-03-08T12:55:31.2279489Z 24.04.3
2026-03-08T12:55:31.2279898Z LTS
2026-03-08T12:55:31.2280482Z ##[endgroup]
2026-03-08T12:55:31.2280944Z ##[group]Runner Image
2026-03-08T12:55:31.2281481Z Image: ubuntu-24.04
2026-03-08T12:55:31.2282028Z Version: 20260302.42.1
2026-03-08T12:55:31.2283209Z Included Software: https://github.com/actions/runner-images/blob/ubuntu24/20260302.42/images/ubuntu/Ubuntu2404-Readme.md
2026-03-08T12:55:31.2284747Z Image Release: https://github.com/actions/runner-images/releases/tag/ubuntu24%2F20260302.42
2026-03-08T12:55:31.2285644Z ##[endgroup]
2026-03-08T12:55:31.2286614Z ##[group]GITHUB_TOKEN Permissions
2026-03-08T12:55:31.2288369Z Contents: read
2026-03-08T12:55:31.2289300Z Metadata: read
2026-03-08T12:55:31.2289888Z ##[endgroup]
2026-03-08T12:55:31.2291885Z Secret source: None
2026-03-08T12:55:31.2292574Z Prepare workflow directory
2026-03-08T12:55:31.2615693Z Prepare all required actions
2026-03-08T12:55:31.2655646Z Getting action download info
2026-03-08T12:55:31.6957988Z Download action repository 'actions/checkout@de0fac2e4500dabe0009e67214ff5f5447ce83dd' (SHA:de0fac2e4500dabe0009e67214ff5f5447ce83dd)
2026-03-08T12:55:31.8417450Z Download action repository 'actions/setup-node@53b83947a5a98c8d113130e565377fae1a50d02f' (SHA:53b83947a5a98c8d113130e565377fae1a50d02f)
2026-03-08T12:55:32.5813293Z Complete job name: basic
2026-03-08T12:55:32.6608210Z ##[group]Run actions/checkout@de0fac2e4500dabe0009e67214ff5f5447ce83dd
2026-03-08T12:55:32.6609834Z with:
2026-03-08T12:55:32.6610304Z   repository: webpack/webpack
2026-03-08T12:55:32.6611163Z   token: ***
2026-03-08T12:55:32.6611607Z   ssh-strict: true
2026-03-08T12:55:32.6612074Z   ssh-user: git
2026-03-08T12:55:32.6612555Z   persist-credentials: true
2026-03-08T12:55:32.6613132Z   clean: true
2026-03-08T12:55:32.6613623Z   sparse-checkout-cone-mode: true
2026-03-08T12:55:32.6614282Z   fetch-depth: 1
2026-03-08T12:55:32.6614738Z   fetch-tags: false
2026-03-08T12:55:32.6615238Z   show-progress: true
2026-03-08T12:55:32.6615741Z   lfs: false
2026-03-08T12:55:32.6616182Z   submodules: false
2026-03-08T12:55:32.6616690Z   set-safe-directory: true
2026-03-08T12:55:32.6617476Z ##[endgroup]
2026-03-08T12:55:32.7554762Z Syncing repository: webpack/webpack
2026-03-08T12:55:32.7557320Z ##[group]Getting Git version info
2026-03-08T12:55:32.7558395Z Working directory is '/home/runner/work/webpack/webpack'
2026-03-08T12:55:32.7560063Z [command]/usr/bin/git version
2026-03-08T12:55:32.7630024Z git version 2.53.0
2026-03-08T12:55:32.7653292Z ##[endgroup]
2026-03-08T12:55:32.7668435Z Temporarily overriding HOME='/home/runner/work/_temp/9d62ee3d-3723-48b3-a15d-38d8751dfbff' before making global git config changes
2026-03-08T12:55:32.7672660Z Adding repository directory to the temporary git global config as a safe directory
2026-03-08T12:55:32.7675099Z [command]/usr/bin/git config --global --add safe.directory /home/runner/work/webpack/webpack
2026-03-08T12:55:32.7717408Z Deleting the contents of '/home/runner/work/webpack/webpack'
2026-03-08T12:55:32.7722155Z ##[group]Initializing the repository
2026-03-08T12:55:32.7726119Z [command]/usr/bin/git init /home/runner/work/webpack/webpack
2026-03-08T12:55:32.7866076Z hint: Using 'master' as the name for the initial branch. This default branch name
2026-03-08T12:55:32.7868390Z hint: will change to "main" in Git 3.0. To configure the initial branch name
2026-03-08T12:55:32.7870401Z hint: to use in all of your new repositories, which will suppress this warning,
2026-03-08T12:55:32.7872685Z hint: call:
2026-03-08T12:55:32.7873387Z hint:
2026-03-08T12:55:32.7874551Z hint: 	git config --global init.defaultBranch <name>
2026-03-08T12:55:32.7875507Z hint:
2026-03-08T12:55:32.7876407Z hint: Names commonly chosen instead of 'master' are 'main', 'trunk' and
2026-03-08T12:55:32.7879037Z hint: 'development'. The just-created branch can be renamed via this command:
2026-03-08T12:55:32.7880856Z hint:
2026-03-08T12:55:32.7881608Z hint: 	git branch -m <name>
2026-03-08T12:55:32.7882526Z hint:
2026-03-08T12:55:32.7883922Z hint: Disable this message with "git config set advice.defaultBranchName false"
2026-03-08T12:55:32.7886098Z Initialized empty Git repository in /home/runner/work/webpack/webpack/.git/
2026-03-08T12:55:32.7888565Z [command]/usr/bin/git remote add origin https://github.com/webpack/webpack
2026-03-08T12:55:32.7918765Z ##[endgroup]
2026-03-08T12:55:32.7920047Z ##[group]Disabling automatic garbage collection
2026-03-08T12:55:32.7924256Z [command]/usr/bin/git config --local gc.auto 0
2026-03-08T12:55:32.7955226Z ##[endgroup]
2026-03-08T12:55:32.7956772Z ##[group]Setting up auth
2026-03-08T12:55:32.7957999Z Removing SSH command configuration
2026-03-08T12:55:32.7963757Z [command]/usr/bin/git config --local --name-only --get-regexp core\.sshCommand
2026-03-08T12:55:32.7997179Z [command]/usr/bin/git submodule foreach --recursive sh -c "git config --local --name-only --get-regexp 'core\.sshCommand' && git config --local --unset-all 'core.sshCommand' || :"
2026-03-08T12:55:32.8396505Z Removing HTTP extra header
2026-03-08T12:55:32.8403440Z [command]/usr/bin/git config --local --name-only --get-regexp http\.https\:\/\/github\.com\/\.extraheader
2026-03-08T12:55:32.8438237Z [command]/usr/bin/git submodule foreach --recursive sh -c "git config --local --name-only --get-regexp 'http\.https\:\/\/github\.com\/\.extraheader' && git config --local --unset-all 'http.https://github.com/.extraheader' || :"
2026-03-08T12:55:32.8665080Z Removing includeIf entries pointing to credentials config files
2026-03-08T12:55:32.8670579Z [command]/usr/bin/git config --local --name-only --get-regexp ^includeIf\.gitdir:
2026-03-08T12:55:32.8704668Z [command]/usr/bin/git submodule foreach --recursive git config --local --show-origin --name-only --get-regexp remote.origin.url
2026-03-08T12:55:32.8945503Z [command]/usr/bin/git config --file /home/runner/work/_temp/git-credentials-e25fb3e9-cbdf-4fee-92a8-aab702240f55.config http.https://github.com/.extraheader AUTHORIZATION: basic ***
2026-03-08T12:55:32.8983893Z [command]/usr/bin/git config --local includeIf.gitdir:/home/runner/work/webpack/webpack/.git.path /home/runner/work/_temp/git-credentials-e25fb3e9-cbdf-4fee-92a8-aab702240f55.config
2026-03-08T12:55:32.9017085Z [command]/usr/bin/git config --local includeIf.gitdir:/home/runner/work/webpack/webpack/.git/worktrees/*.path /home/runner/work/_temp/git-credentials-e25fb3e9-cbdf-4fee-92a8-aab702240f55.config
2026-03-08T12:55:32.9049699Z [command]/usr/bin/git config --local includeIf.gitdir:/github/workspace/.git.path /github/runner_temp/git-credentials-e25fb3e9-cbdf-4fee-92a8-aab702240f55.config
2026-03-08T12:55:32.9081515Z [command]/usr/bin/git config --local includeIf.gitdir:/github/workspace/.git/worktrees/*.path /github/runner_temp/git-credentials-e25fb3e9-cbdf-4fee-92a8-aab702240f55.config
2026-03-08T12:55:32.9118680Z ##[endgroup]
2026-03-08T12:55:32.9119940Z ##[group]Fetching the repository
2026-03-08T12:55:32.9122245Z [command]/usr/bin/git -c protocol.version=2 fetch --no-tags --prune --no-recurse-submodules --depth=1 origin +793fed9ecce3e4787687e2e55ea3ef1cc5cad3f4:refs/remotes/pull/20607/merge
2026-03-08T12:55:33.9239587Z From https://github.com/webpack/webpack
2026-03-08T12:55:33.9241187Z  * [new ref]         793fed9ecce3e4787687e2e55ea3ef1cc5cad3f4 -> pull/20607/merge
2026-03-08T12:55:33.9278598Z ##[endgroup]
2026-03-08T12:55:33.9280664Z ##[group]Determining the checkout info
2026-03-08T12:55:33.9282706Z ##[endgroup]
2026-03-08T12:55:33.9286324Z [command]/usr/bin/git sparse-checkout disable
2026-03-08T12:55:33.9332276Z [command]/usr/bin/git config --local --unset-all extensions.worktreeConfig
2026-03-08T12:55:33.9367315Z ##[group]Checking out the ref
2026-03-08T12:55:33.9369553Z [command]/usr/bin/git checkout --progress --force refs/remotes/pull/20607/merge
2026-03-08T12:55:34.4453513Z Note: switching to 'refs/remotes/pull/20607/merge'.
2026-03-08T12:55:34.4455888Z 
2026-03-08T12:55:34.4457126Z You are in 'detached HEAD' state. You can look around, make experimental
2026-03-08T12:55:34.4461288Z changes and commit them, and you can discard any commits you make in this
2026-03-08T12:55:34.4463700Z state without impacting any branches by switching back to a branch.
2026-03-08T12:55:34.4465095Z 
2026-03-08T12:55:34.4466032Z If you want to create a new branch to retain commits you create, you may
2026-03-08T12:55:34.4468326Z do so (now or later) by using -c with the switch command. Example:
2026-03-08T12:55:34.4469896Z 
2026-03-08T12:55:34.4470420Z   git switch -c <new-branch-name>
2026-03-08T12:55:34.4471309Z 
2026-03-08T12:55:34.4471866Z Or undo this operation with:
2026-03-08T12:55:34.4472831Z 
2026-03-08T12:55:34.4473428Z   git switch -
2026-03-08T12:55:34.4474228Z 
2026-03-08T12:55:34.4475473Z Turn off this advice by setting config variable advice.detachedHead to false
2026-03-08T12:55:34.4477212Z 
2026-03-08T12:55:34.4479505Z HEAD is now at 793fed9 Merge 6c5c3dcc5bcb7f044450acfdf77666bae20086f1 into d6927b41e99ac2a817cc14577f4bd5f68ff198cc
2026-03-08T12:55:34.4485789Z ##[endgroup]
2026-03-08T12:55:34.4512170Z [command]/usr/bin/git log -1 --format=%H
2026-03-08T12:55:34.4539412Z 793fed9ecce3e4787687e2e55ea3ef1cc5cad3f4
2026-03-08T12:55:34.4847361Z ##[group]Run actions/setup-node@53b83947a5a98c8d113130e565377fae1a50d02f
2026-03-08T12:55:34.4848441Z with:
2026-03-08T12:55:34.4849546Z   node-version: lts/*
2026-03-08T12:55:34.4850385Z   cache: yarn
2026-03-08T12:55:34.4851245Z   check-latest: false
2026-03-08T12:55:34.4852223Z   token: ***
2026-03-08T12:55:34.4853157Z   package-manager-cache: true
2026-03-08T12:55:34.4854036Z ##[endgroup]
2026-03-08T12:55:34.6385543Z Attempt to resolve LTS alias from manifest...
2026-03-08T12:55:35.3571870Z Found in cache @ /opt/hostedtoolcache/node/24.14.0/x64
2026-03-08T12:55:35.3573648Z ##[group]Environment details
2026-03-08T12:55:38.8198777Z node: v24.14.0
2026-03-08T12:55:38.8199543Z npm: 11.9.0
2026-03-08T12:55:38.8199911Z yarn: 1.22.22
2026-03-08T12:55:38.8201032Z ##[endgroup]
2026-03-08T12:55:38.8223358Z [command]/usr/local/bin/yarn --version
2026-03-08T12:55:38.9451370Z 1.22.22
2026-03-08T12:55:38.9579128Z [command]/usr/local/bin/yarn cache dir
2026-03-08T12:55:39.1273521Z /home/runner/.cache/yarn/v6
2026-03-08T12:55:39.1489916Z [command]/usr/local/bin/yarn config get enableGlobalCache
2026-03-08T12:55:39.3063880Z undefined
2026-03-08T12:55:39.5503776Z Cache hit for: node-cache-Linux-x64-yarn-2df0643999ca3f84fcba77a30170ebfc4387385dd9928c6085de1104c74aae7f
2026-03-08T12:55:40.8567949Z Received 1328003 of 5522307 (24.0%), 1.3 MBs/sec
2026-03-08T12:55:40.8892139Z Received 5522307 of 5522307 (100.0%), 5.1 MBs/sec
2026-03-08T12:55:40.8893090Z Cache Size: ~5 MB (5522307 B)
2026-03-08T12:55:40.8920399Z [command]/usr/bin/tar -xf /home/runner/work/_temp/49a48232-815e-4eaf-be39-3d83fd32b31c/cache.tzst -P -C /home/runner/work/webpack/webpack --use-compress-program unzstd
2026-03-08T12:55:41.0183458Z Cache restored successfully
2026-03-08T12:55:41.0201151Z Cache restored from key: node-cache-Linux-x64-yarn-2df0643999ca3f84fcba77a30170ebfc4387385dd9928c6085de1104c74aae7f
2026-03-08T12:55:41.0459813Z ##[group]Run yarn --frozen-lockfile
2026-03-08T12:55:41.0460175Z [36;1myarn --frozen-lockfile[0m
2026-03-08T12:55:41.0524160Z shell: /usr/bin/bash -e {0}
2026-03-08T12:55:41.0524406Z ##[endgroup]
2026-03-08T12:55:41.1851277Z yarn install v1.22.22
2026-03-08T12:55:41.2608351Z [1/5] Validating package.json...
2026-03-08T12:55:41.2632675Z [2/5] Resolving packages...
2026-03-08T12:55:41.6134368Z [3/5] Fetching packages...
2026-03-08T12:55:41.7522897Z (node:2382) [DEP0169] DeprecationWarning: `url.parse()` behavior is not standardized and prone to errors that have security implications. Use the WHATWG URL API instead. CVEs are not issued for `url.parse()` vulnerabilities.
2026-03-08T12:55:41.7525178Z (Use `node --trace-deprecation ...` to show where the warning was created)
2026-03-08T12:55:58.5404781Z [4/5] Linking dependencies...
2026-03-08T12:55:58.5422283Z warning " > terser-webpack-plugin@5.3.17" has unmet peer dependency "webpack@^5.1.0".
2026-03-08T12:55:58.5428805Z warning " > babel-loader@10.0.0" has unmet peer dependency "webpack@>=5.61.0".
2026-03-08T12:55:58.5430170Z warning " > coffee-loader@5.0.0" has unmet peer dependency "webpack@^5.0.0".
2026-03-08T12:55:58.5454609Z warning " > file-loader@6.2.0" has unmet peer dependency "webpack@^4.0.0 || ^5.0.0".
2026-03-08T12:55:58.5461355Z warning " > fork-ts-checker-webpack-plugin@9.1.0" has unmet peer dependency "webpack@^5.11.0".
2026-03-08T12:55:58.5465634Z warning " > html-loader@5.1.0" has unmet peer dependency "webpack@^5.0.0".
2026-03-08T12:55:58.5470644Z warning " > memfs@4.56.11" has unmet peer dependency "tslib@2".
2026-03-08T12:55:58.5481177Z warning " > mini-css-extract-plugin@2.10.0" has unmet peer dependency "webpack@^5.0.0".
2026-03-08T12:55:58.5483261Z warning " > pug-loader@2.4.0" has incorrect peer dependency "pug@^2.0.0".
2026-03-08T12:55:58.5484640Z warning " > raw-loader@4.0.2" has unmet peer dependency "webpack@^4.0.0 || ^5.0.0".
2026-03-08T12:55:58.5485813Z warning " > style-loader@4.0.0" has unmet peer dependency "webpack@^5.27.0".
2026-03-08T12:55:58.5486876Z warning " > ts-loader@9.5.4" has unmet peer dependency "webpack@^5.0.0".
2026-03-08T12:55:58.5487943Z warning " > url-loader@4.1.1" has unmet peer dependency "webpack@^4.0.0 || ^5.0.0".
2026-03-08T12:55:58.5489242Z warning " > webpack-cli@6.0.1" has unmet peer dependency "webpack@^5.82.0".
2026-03-08T12:55:58.5496164Z warning "webpack-cli > @webpack-cli/configtest@3.0.1" has unmet peer dependency "webpack@^5.82.0".
2026-03-08T12:55:58.5498059Z warning "webpack-cli > @webpack-cli/info@3.0.1" has unmet peer dependency "webpack@^5.82.0".
2026-03-08T12:55:58.5500141Z warning "webpack-cli > @webpack-cli/serve@3.0.1" has unmet peer dependency "webpack@^5.82.0".
2026-03-08T12:55:58.5647592Z warning Workspaces can only be enabled in private projects.
2026-03-08T12:55:58.5903592Z warning Workspaces can only be enabled in private projects.
2026-03-08T12:55:58.5904681Z warning Workspaces can only be enabled in private projects.
2026-03-08T12:56:07.5558650Z [5/5] Building fresh packages...
2026-03-08T12:56:08.1392573Z $ husky
2026-03-08T12:56:08.1863104Z Done in 27.00s.
2026-03-08T12:56:08.2462505Z ##[group]Run yarn link --frozen-lockfile || true
2026-03-08T12:56:08.2462893Z [36;1myarn link --frozen-lockfile || true[0m
2026-03-08T12:56:08.2512569Z shell: /usr/bin/bash -e {0}
2026-03-08T12:56:08.2512814Z ##[endgroup]
2026-03-08T12:56:08.3789124Z yarn link v1.22.22
2026-03-08T12:56:08.4168490Z warning There's already a linked binary called "webpack" in your global Yarn bin. Could not link this package's "webpack" bin entry.
2026-03-08T12:56:08.4169662Z success Registered "webpack".
2026-03-08T12:56:08.4170672Z info You can now run `yarn link "webpack"` in the projects where you want to use this package and it will be used instead.
2026-03-08T12:56:08.4171321Z Done in 0.04s.
2026-03-08T12:56:08.4304011Z ##[group]Run yarn link webpack --frozen-lockfile
2026-03-08T12:56:08.4304375Z [36;1myarn link webpack --frozen-lockfile[0m
2026-03-08T12:56:08.4354768Z shell: /usr/bin/bash -e {0}
2026-03-08T12:56:08.4355007Z ##[endgroup]
2026-03-08T12:56:08.5686749Z yarn link v1.22.22
2026-03-08T12:56:08.6075260Z success Using linked package for "webpack".
2026-03-08T12:56:08.6075862Z Done in 0.04s.
2026-03-08T12:56:08.6222566Z ##[group]Run yarn test:basic --ci
2026-03-08T12:56:08.6223059Z [36;1myarn test:basic --ci[0m
2026-03-08T12:56:08.6273949Z shell: /usr/bin/bash -e {0}
2026-03-08T12:56:08.6274183Z ##[endgroup]
2026-03-08T12:56:08.7562637Z yarn run v1.22.22
2026-03-08T12:56:08.7958454Z $ yarn test:base --testMatch "<rootDir>/test/*.basictest.js" --ci
2026-03-08T12:56:08.9739737Z $ node --expose-gc --max-old-space-size=4096 --experimental-vm-modules --trace-deprecation node_modules/jest-cli/bin/jest --logHeapUsage --testMatch '<rootDir>/test/*.basictest.js' --ci
2026-03-08T12:56:09.8843682Z jest-haste-map: Haste module naming collision: pkg
2026-03-08T12:56:09.8844918Z   The following files share their name; please adjust your hasteImpl:
2026-03-08T12:56:09.8845806Z     * <rootDir>/test/cases/entry-exports-field/imports/package.json
2026-03-08T12:56:09.8846658Z     * <rootDir>/test/configCases/asset-modules/only-hash-url/package.json
2026-03-08T12:56:09.8847197Z 
2026-03-08T12:56:09.9084738Z jest-haste-map: Haste module naming collision: css-order
2026-03-08T12:56:09.9085724Z   The following files share their name; please adjust your hasteImpl:
2026-03-08T12:56:09.9086580Z     * <rootDir>/test/configCases/css/css-order/package.json
2026-03-08T12:56:09.9087414Z     * <rootDir>/test/configCases/css/css-order-concatenate-modules/package.json
2026-03-08T12:56:09.9087975Z 
2026-03-08T12:56:09.9091548Z jest-haste-map: Haste module naming collision: css-order2
2026-03-08T12:56:09.9092917Z   The following files share their name; please adjust your hasteImpl:
2026-03-08T12:56:09.9094877Z     * <rootDir>/test/configCases/css/css-order-reexport/package.json
2026-03-08T12:56:09.9095841Z     * <rootDir>/test/configCases/css/css-order2/package.json
2026-03-08T12:56:09.9101032Z 
2026-03-08T12:56:10.1021795Z jest-haste-map: Haste module naming collision: dependency
2026-03-08T12:56:10.1022914Z   The following files share their name; please adjust your hasteImpl:
2026-03-08T12:56:10.1023887Z     * <rootDir>/test/configCases/css/css-order-reexport/dependency/package.json
2026-03-08T12:56:10.1024940Z     * <rootDir>/test/configCases/css/css-order2/dependency/package.json
2026-03-08T12:56:10.1025417Z 
2026-03-08T12:56:10.1346308Z jest-haste-map: Haste module naming collision: foo
2026-03-08T12:56:10.1347272Z   The following files share their name; please adjust your hasteImpl:
2026-03-08T12:56:10.1348338Z     * <rootDir>/test/configCases/resolve/context-resolve-with-ignore/b/foo/package.json
2026-03-08T12:56:10.1349802Z     * <rootDir>/test/configCases/resolve/context-resolve-with-ignore/a/foo/package.json
2026-03-08T12:56:10.1350454Z 
2026-03-08T12:56:11.0342193Z PASS test/Cli.basictest.js (22 MB heap size)
2026-03-08T12:56:26.1602388Z PASS test/StatsTestCases.basictest.js (15.545 s, 106 MB heap size)
2026-03-08T12:56:41.3109993Z PASS test/TestCasesNormal.basictest.js (30.167 s, 127 MB heap size)
2026-03-08T12:57:45.9255741Z FAIL test/ConfigTestCases.basictest.js (79.474 s, 373 MB heap size)
2026-03-08T12:57:45.9260295Z   ● ConfigTestCases › css › css-modules › css-modules should compile
2026-03-08T12:57:45.9260880Z 
2026-03-08T12:57:45.9261269Z     More warnings (69 instead of 65) while compiling than expected:
2026-03-08T12:57:45.9261718Z 
2026-03-08T12:57:45.9261911Z     The following warnings are unexpected:
2026-03-08T12:57:45.9264216Z     moduleIdentifier = /home/runner/work/webpack/webpack/test/configCases/css/css-modules/use-style.js; moduleName = ./use-style.js; loc = 8:31-58; message = export 'class' (imported as 'notACssModule') was not found in './style.module.css.inval...; moduleId = ./use-style.js; moduleTrace = [{"originIdentifier":"/home/runner/work/webpack/webpack/test/configCases/css/css-mo...; details = undefined; stack =     at HarmonyImportSpecifierDependency.getLinkingErrors (/home/runner/work/webpack/webpack/lib/dependencies/HarmonyImportDependency.js:252:8)
2026-03-08T12:57:45.9266125Z 
2026-03-08T12:57:45.9266380Z     [0m [90m 280 |[39m 	_getErrors(moduleGraph) {
2026-03-08T12:57:45.9267358Z      [90m 281 |[39m 		[36mconst[39m ids [33m=[39m [36mthis[39m[33m.[39mgetIds(moduleGraph)[33m;[39m
2026-03-08T12:57:45.9268082Z     [31m[1m>[22m[39m[90m 282 |[39m 		[36mreturn[39m [36mthis[39m[33m.[39mgetLinkingErrors(
2026-03-08T12:57:45.9268602Z      [90m     |[39m 		            [31m[1m^[22m[39m
2026-03-08T12:57:45.9269661Z      [90m 283 |[39m 			moduleGraph[33m,[39m
2026-03-08T12:57:45.9270275Z      [90m 284 |[39m 			ids[33m,[39m
2026-03-08T12:57:45.9271068Z      [90m 285 |[39m 			[32m`(imported as '${this.name}')`[39m[0m
2026-03-08T12:57:45.9271477Z 
2026-03-08T12:57:45.9272249Z       at HarmonyImportSpecifierDependency._getErrors (lib/dependencies/HarmonyImportSpecifierDependency.js:282:15)
2026-03-08T12:57:45.9273866Z       at HarmonyImportSpecifierDependency.getWarnings (lib/dependencies/HarmonyImportSpecifierDependency.js:258:16)
2026-03-08T12:57:45.9275197Z       at Compilation.reportDependencyErrorsAndWarnings (lib/Compilation.js:3568:24)
2026-03-08T12:57:45.9275988Z       at lib/Compilation.js:3131:28
2026-03-08T12:57:45.9276607Z       at eval (eval at create (node_modules/tapable/lib/HookCodeFactory.js:31:10), <anonymous>:29:1)
2026-03-08T12:57:45.9277111Z       at lib/FlagDependencyExportsPlugin.js:411:10
2026-03-08T12:57:45.9277456Z       at node_modules/neo-async/async.js:2830:7
2026-03-08T12:57:45.9277816Z       at Object.each (node_modules/neo-async/async.js:2850:39)
2026-03-08T12:57:45.9278185Z       at lib/FlagDependencyExportsPlugin.js:381:17
2026-03-08T12:57:45.9278510Z       at node_modules/neo-async/async.js:2830:7
2026-03-08T12:57:45.9279086Z       at Object.each (node_modules/neo-async/async.js:2850:39)
2026-03-08T12:57:45.9279476Z       at lib/FlagDependencyExportsPlugin.js:53:15
2026-03-08T12:57:45.9280071Z       at Hook.eval [as callAsync] (eval at create (node_modules/tapable/lib/HookCodeFactory.js:31:10), <anonymous>:25:1)
2026-03-08T12:57:45.9280742Z       at Hook.CALL_ASYNC_DELEGATE [as _callAsync] (node_modules/tapable/lib/Hook.js:21:14)
2026-03-08T12:57:45.9281214Z       at Compilation.finish (lib/Compilation.js:3116:28)
2026-03-08T12:57:45.9281533Z       at lib/Compiler.js:1373:19
2026-03-08T12:57:45.9282185Z       ModuleDependencyWarning: export 'class' (imported as 'notACssModule') was not found in './style.module.css.invalid' (module has no exports)
2026-03-08T12:57:45.9282981Z       at Compilation.reportDependencyErrorsAndWarnings (lib/Compilation.js:3571:23)
2026-03-08T12:57:45.9283421Z       at lib/Compilation.js:3131:28
2026-03-08T12:57:45.9283876Z       at eval (eval at create (node_modules/tapable/lib/HookCodeFactory.js:31:10), <anonymous>:29:1)
2026-03-08T12:57:45.9284380Z       at lib/FlagDependencyExportsPlugin.js:411:10
2026-03-08T12:57:45.9284729Z       at node_modules/neo-async/async.js:2830:7
2026-03-08T12:57:45.9285087Z       at Object.each (node_modules/neo-async/async.js:2850:39)
2026-03-08T12:57:45.9285462Z       at lib/FlagDependencyExportsPlugin.js:381:17
2026-03-08T12:57:45.9285788Z       at node_modules/neo-async/async.js:2830:7
2026-03-08T12:57:45.9286137Z       at Object.each (node_modules/neo-async/async.js:2850:39)
2026-03-08T12:57:45.9286679Z       at lib/FlagDependencyExportsPlugin.js:53:15
2026-03-08T12:57:45.9289080Z       at Hook.eval [as callAsync] (eval at create (node_modules/tapable/lib/HookCodeFactory.js:31:10), <anonymous>:25:1)
2026-03-08T12:57:45.9291618Z       at Hook.CALL_ASYNC_DELEGATE [as _callAsync] (node_modules/tapable/lib/Hook.js:21:14)
2026-03-08T12:57:45.9292490Z       at Compilation.finish (lib/Compilation.js:3116:28)
2026-03-08T12:57:45.9293054Z       at lib/Compiler.js:1373:19
2026-03-08T12:57:45.9293799Z       at processImmediate (node:internal/timers:472:9); compilerPath = web-development
2026-03-08T12:57:45.9296427Z       moduleIdentifier = /home/runner/work/webpack/webpack/test/configCases/css/css-modules/use-style.js; moduleName = ./use-style.js; loc = 8:31-58; message = export 'class' (imported as 'notACssModule') was not found in './style.module.css.inval...; moduleId = null; moduleTrace = [{"originIdentifier":"/home/runner/work/webpack/webpack/test/configCases/css/css-mo...; details = undefined; stack =     at HarmonyImportSpecifierDependency.getLinkingErrors (/home/runner/work/webpack/webpack/lib/dependencies/HarmonyImportDependency.js:252:8)
2026-03-08T12:57:45.9298800Z       at HarmonyImportSpecifierDependency._getErrors (lib/dependencies/HarmonyImportSpecifierDependency.js:282:15)
2026-03-08T12:57:45.9299932Z       at HarmonyImportSpecifierDependency.getWarnings (lib/dependencies/HarmonyImportSpecifierDependency.js:258:16)
2026-03-08T12:57:45.9300668Z       at Compilation.reportDependencyErrorsAndWarnings (lib/Compilation.js:3568:24)
2026-03-08T12:57:45.9301096Z       at lib/Compilation.js:3131:28
2026-03-08T12:57:45.9301566Z       at _next2 (eval at create (node_modules/tapable/lib/HookCodeFactory.js:31:10), <anonymous>:25:1)
2026-03-08T12:57:45.9302214Z       at eval (eval at create (node_modules/tapable/lib/HookCodeFactory.js:31:10), <anonymous>:52:1)
2026-03-08T12:57:45.9302711Z       at lib/FlagDependencyExportsPlugin.js:411:10
2026-03-08T12:57:45.9303044Z       at node_modules/neo-async/async.js:2830:7
2026-03-08T12:57:45.9303398Z       at Object.each (node_modules/neo-async/async.js:2850:39)
2026-03-08T12:57:45.9303769Z       at lib/FlagDependencyExportsPlugin.js:381:17
2026-03-08T12:57:45.9304097Z       at node_modules/neo-async/async.js:2830:7
2026-03-08T12:57:45.9304446Z       at Object.each (node_modules/neo-async/async.js:2850:39)
2026-03-08T12:57:45.9304812Z       at lib/FlagDependencyExportsPlugin.js:53:15
2026-03-08T12:57:45.9305382Z       at Hook.eval [as callAsync] (eval at create (node_modules/tapable/lib/HookCodeFactory.js:31:10), <anonymous>:48:1)
2026-03-08T12:57:45.9306047Z       at Hook.CALL_ASYNC_DELEGATE [as _callAsync] (node_modules/tapable/lib/Hook.js:21:14)
2026-03-08T12:57:45.9306518Z       at Compilation.finish (lib/Compilation.js:3116:28)
2026-03-08T12:57:45.9306832Z       at lib/Compiler.js:1373:19
2026-03-08T12:57:45.9307474Z       ModuleDependencyWarning: export 'class' (imported as 'notACssModule') was not found in './style.module.css.invalid' (module has no exports)
2026-03-08T12:57:45.9308259Z       at Compilation.reportDependencyErrorsAndWarnings (lib/Compilation.js:3571:23)
2026-03-08T12:57:45.9308695Z       at lib/Compilation.js:3131:28
2026-03-08T12:57:45.9309459Z       at _next2 (eval at create (node_modules/tapable/lib/HookCodeFactory.js:31:10), <anonymous>:25:1)
2026-03-08T12:57:45.9310178Z       at eval (eval at create (node_modules/tapable/lib/HookCodeFactory.js:31:10), <anonymous>:52:1)
2026-03-08T12:57:45.9310672Z       at lib/FlagDependencyExportsPlugin.js:411:10
2026-03-08T12:57:45.9311010Z       at node_modules/neo-async/async.js:2830:7
2026-03-08T12:57:45.9311372Z       at Object.each (node_modules/neo-async/async.js:2850:39)
2026-03-08T12:57:45.9311739Z       at lib/FlagDependencyExportsPlugin.js:381:17
2026-03-08T12:57:45.9312066Z       at node_modules/neo-async/async.js:2830:7
2026-03-08T12:57:45.9312423Z       at Object.each (node_modules/neo-async/async.js:2850:39)
2026-03-08T12:57:45.9312792Z       at lib/FlagDependencyExportsPlugin.js:53:15
2026-03-08T12:57:45.9313356Z       at Hook.eval [as callAsync] (eval at create (node_modules/tapable/lib/HookCodeFactory.js:31:10), <anonymous>:48:1)
2026-03-08T12:57:45.9314034Z       at Hook.CALL_ASYNC_DELEGATE [as _callAsync] (node_modules/tapable/lib/Hook.js:21:14)
2026-03-08T12:57:45.9314500Z       at Compilation.finish (lib/Compilation.js:3116:28)
2026-03-08T12:57:45.9314811Z       at lib/Compiler.js:1373:19
2026-03-08T12:57:45.9315314Z       at processTicksAndRejections (node:internal/process/task_queues:85:11); compilerPath = web-production
2026-03-08T12:57:45.9317911Z       moduleIdentifier = /home/runner/work/webpack/webpack/test/configCases/css/css-modules/use-style.js; moduleName = ./use-style.js; loc = 8:31-58; message = export 'class' (imported as 'notACssModule') was not found in './style.module.css.inval...; moduleId = ./use-style.js; moduleTrace = [{"originIdentifier":"/home/runner/work/webpack/webpack/test/configCases/css/css-mo...; details = undefined; stack =     at HarmonyImportSpecifierDependency.getLinkingErrors (/home/runner/work/webpack/webpack/lib/dependencies/HarmonyImportDependency.js:252:8)
2026-03-08T12:57:45.9320666Z       at HarmonyImportSpecifierDependency._getErrors (lib/dependencies/HarmonyImportSpecifierDependency.js:282:15)
2026-03-08T12:57:45.9321734Z       at HarmonyImportSpecifierDependency.getWarnings (lib/dependencies/HarmonyImportSpecifierDependency.js:258:16)
2026-03-08T12:57:45.9322475Z       at Compilation.reportDependencyErrorsAndWarnings (lib/Compilation.js:3568:24)
2026-03-08T12:57:45.9322911Z       at lib/Compilation.js:3131:28
2026-03-08T12:57:45.9323382Z       at eval (eval at create (node_modules/tapable/lib/HookCodeFactory.js:31:10), <anonymous>:29:1)
2026-03-08T12:57:45.9323876Z       at lib/FlagDependencyExportsPlugin.js:411:10
2026-03-08T12:57:45.9324208Z       at node_modules/neo-async/async.js:2830:7
2026-03-08T12:57:45.9324562Z       at Object.each (node_modules/neo-async/async.js:2850:39)
2026-03-08T12:57:45.9324930Z       at lib/FlagDependencyExportsPlugin.js:381:17
2026-03-08T12:57:45.9325254Z       at node_modules/neo-async/async.js:2830:7
2026-03-08T12:57:45.9325603Z       at Object.each (node_modules/neo-async/async.js:2850:39)
2026-03-08T12:57:45.9325966Z       at lib/FlagDependencyExportsPlugin.js:53:15
2026-03-08T12:57:45.9326536Z       at Hook.eval [as callAsync] (eval at create (node_modules/tapable/lib/HookCodeFactory.js:31:10), <anonymous>:25:1)
2026-03-08T12:57:45.9327201Z       at Hook.CALL_ASYNC_DELEGATE [as _callAsync] (node_modules/tapable/lib/Hook.js:21:14)
2026-03-08T12:57:45.9327668Z       at Compilation.finish (lib/Compilation.js:3116:28)
2026-03-08T12:57:45.9327980Z       at lib/Compiler.js:1373:19
2026-03-08T12:57:45.9328614Z       ModuleDependencyWarning: export 'class' (imported as 'notACssModule') was not found in './style.module.css.invalid' (module has no exports)
2026-03-08T12:57:45.9329577Z       at Compilation.reportDependencyErrorsAndWarnings (lib/Compilation.js:3571:23)
2026-03-08T12:57:45.9330016Z       at lib/Compilation.js:3131:28
2026-03-08T12:57:45.9330473Z       at eval (eval at create (node_modules/tapable/lib/HookCodeFactory.js:31:10), <anonymous>:29:1)
2026-03-08T12:57:45.9330960Z       at lib/FlagDependencyExportsPlugin.js:411:10
2026-03-08T12:57:45.9331291Z       at node_modules/neo-async/async.js:2830:7
2026-03-08T12:57:45.9331634Z       at Object.each (node_modules/neo-async/async.js:2850:39)
2026-03-08T12:57:45.9331996Z       at lib/FlagDependencyExportsPlugin.js:381:17
2026-03-08T12:57:45.9332316Z       at node_modules/neo-async/async.js:2830:7
2026-03-08T12:57:45.9332661Z       at Object.each (node_modules/neo-async/async.js:2850:39)
2026-03-08T12:57:45.9333017Z       at lib/FlagDependencyExportsPlugin.js:53:15
2026-03-08T12:57:45.9333580Z       at Hook.eval [as callAsync] (eval at create (node_modules/tapable/lib/HookCodeFactory.js:31:10), <anonymous>:25:1)
2026-03-08T12:57:45.9334262Z       at Hook.CALL_ASYNC_DELEGATE [as _callAsync] (node_modules/tapable/lib/Hook.js:21:14)
2026-03-08T12:57:45.9334724Z       at Compilation.finish (lib/Compilation.js:3116:28)
2026-03-08T12:57:45.9335034Z       at lib/Compiler.js:1373:19
2026-03-08T12:57:45.9335550Z       at processTicksAndRejections (node:internal/process/task_queues:85:11); compilerPath = node-development
2026-03-08T12:57:45.9337977Z       moduleIdentifier = /home/runner/work/webpack/webpack/test/configCases/css/css-modules/use-style.js; moduleName = ./use-style.js; loc = 8:31-58; message = export 'class' (imported as 'notACssModule') was not found in './style.module.css.inval...; moduleId = null; moduleTrace = [{"originIdentifier":"/home/runner/work/webpack/webpack/test/configCases/css/css-mo...; details = undefined; stack =     at HarmonyImportSpecifierDependency.getLinkingErrors (/home/runner/work/webpack/webpack/lib/dependencies/HarmonyImportDependency.js:252:8)
2026-03-08T12:57:45.9340479Z       at HarmonyImportSpecifierDependency._getErrors (lib/dependencies/HarmonyImportSpecifierDependency.js:282:15)
2026-03-08T12:57:45.9341344Z       at HarmonyImportSpecifierDependency.getWarnings (lib/dependencies/HarmonyImportSpecifierDependency.js:258:16)
2026-03-08T12:57:45.9342074Z       at Compilation.reportDependencyErrorsAndWarnings (lib/Compilation.js:3568:24)
2026-03-08T12:57:45.9342615Z       at lib/Compilation.js:3131:28
2026-03-08T12:57:45.9343081Z       at _next2 (eval at create (node_modules/tapable/lib/HookCodeFactory.js:31:10), <anonymous>:25:1)
2026-03-08T12:57:45.9343727Z       at eval (eval at create (node_modules/tapable/lib/HookCodeFactory.js:31:10), <anonymous>:52:1)
2026-03-08T12:57:45.9344209Z       at lib/FlagDependencyExportsPlugin.js:411:10
2026-03-08T12:57:45.9344531Z       at node_modules/neo-async/async.js:2830:7
2026-03-08T12:57:45.9344882Z       at Object.each (node_modules/neo-async/async.js:2850:39)
2026-03-08T12:57:45.9345245Z       at lib/FlagDependencyExportsPlugin.js:381:17
2026-03-08T12:57:45.9345576Z       at node_modules/neo-async/async.js:2830:7
2026-03-08T12:57:45.9345918Z       at Object.each (node_modules/neo-async/async.js:2850:39)
2026-03-08T12:57:45.9346277Z       at lib/FlagDependencyExportsPlugin.js:53:15
2026-03-08T12:57:45.9346847Z       at Hook.eval [as callAsync] (eval at create (node_modules/tapable/lib/HookCodeFactory.js:31:10), <anonymous>:48:1)
2026-03-08T12:57:45.9347516Z       at Hook.CALL_ASYNC_DELEGATE [as _callAsync] (node_modules/tapable/lib/Hook.js:21:14)
2026-03-08T12:57:45.9347981Z       at Compilation.finish (lib/Compilation.js:3116:28)
2026-03-08T12:57:45.9348290Z       at lib/Compiler.js:1373:19
2026-03-08T12:57:45.9349035Z       ModuleDependencyWarning: export 'class' (imported as 'notACssModule') was not found in './style.module.css.invalid' (module has no exports)
2026-03-08T12:57:45.9349817Z       at Compilation.reportDependencyErrorsAndWarnings (lib/Compilation.js:3571:23)
2026-03-08T12:57:45.9350249Z       at lib/Compilation.js:3131:28
2026-03-08T12:57:45.9350732Z       at _next2 (eval at create (node_modules/tapable/lib/HookCodeFactory.js:31:10), <anonymous>:25:1)
2026-03-08T12:57:45.9351371Z       at eval (eval at create (node_modules/tapable/lib/HookCodeFactory.js:31:10), <anonymous>:52:1)
2026-03-08T12:57:45.9351849Z       at lib/FlagDependencyExportsPlugin.js:411:10
2026-03-08T12:57:45.9352171Z       at node_modules/neo-async/async.js:2830:7
2026-03-08T12:57:45.9352518Z       at Object.each (node_modules/neo-async/async.js:2850:39)
2026-03-08T12:57:45.9352876Z       at lib/FlagDependencyExportsPlugin.js:381:17
2026-03-08T12:57:45.9353196Z       at node_modules/neo-async/async.js:2830:7
2026-03-08T12:57:45.9353547Z       at Object.each (node_modules/neo-async/async.js:2850:39)
2026-03-08T12:57:45.9353901Z       at lib/FlagDependencyExportsPlugin.js:53:15
2026-03-08T12:57:45.9354467Z       at Hook.eval [as callAsync] (eval at create (node_modules/tapable/lib/HookCodeFactory.js:31:10), <anonymous>:48:1)
2026-03-08T12:57:45.9355127Z       at Hook.CALL_ASYNC_DELEGATE [as _callAsync] (node_modules/tapable/lib/Hook.js:21:14)
2026-03-08T12:57:45.9355584Z       at Compilation.finish (lib/Compilation.js:3116:28)
2026-03-08T12:57:45.9355885Z       at lib/Compiler.js:1373:19
2026-03-08T12:57:45.9356383Z       at processTicksAndRejections (node:internal/process/task_queues:85:11); compilerPath = node-production
2026-03-08T12:57:45.9357152Z       Check expected warnings: /home/runner/work/webpack/webpack/test/configCases/css/css-modules/warnings.js
2026-03-08T12:57:45.9357757Z       at checkArrayExpectation (test/checkArrayExpectation.js:98:6)
2026-03-08T12:57:45.9358191Z       at onCompiled (test/ConfigTestCases.template.js:372:10)
2026-03-08T12:57:45.9358498Z       at lib/webpack.js:231:7
2026-03-08T12:57:45.9358745Z       at lib/MultiCompiler.js:674:5
2026-03-08T12:57:45.9359257Z       at node_modules/neo-async/async.js:2830:7
2026-03-08T12:57:45.9359626Z       at done (node_modules/neo-async/async.js:2865:11)
2026-03-08T12:57:45.9359951Z       at node_modules/neo-async/async.js:2818:7
2026-03-08T12:57:45.9360443Z       at lib/HookWebpackError.js:96:2
2026-03-08T12:57:45.9360996Z       at Hook.eval [as callAsync] (eval at create (node_modules/tapable/lib/HookCodeFactory.js:31:10), <anonymous>:15:1)
2026-03-08T12:57:45.9361655Z       at Hook.CALL_ASYNC_DELEGATE [as _callAsync] (node_modules/tapable/lib/Hook.js:21:14)
2026-03-08T12:57:45.9362199Z       at Cache.shutdown (lib/Cache.js:157:23)
2026-03-08T12:57:45.9362482Z       at lib/Compiler.js:1416:15
2026-03-08T12:57:45.9362991Z       at Hook.eval [as callAsync] (eval at create (node_modules/tapable/lib/HookCodeFactory.js:31:10), <anonymous>:6:1)
2026-03-08T12:57:45.9363644Z       at Hook.CALL_ASYNC_DELEGATE [as _callAsync] (node_modules/tapable/lib/Hook.js:21:14)
2026-03-08T12:57:45.9364083Z       at Compiler.close (lib/Compiler.js:1409:23)
2026-03-08T12:57:45.9364384Z       at lib/MultiCompiler.js:671:14
2026-03-08T12:57:45.9364705Z       at arrayEach (node_modules/neo-async/async.js:2405:9)
2026-03-08T12:57:45.9365079Z       at Object.each (node_modules/neo-async/async.js:2846:9)
2026-03-08T12:57:45.9365461Z       at MultiCompiler.close (lib/MultiCompiler.js:668:12)
2026-03-08T12:57:45.9365779Z       at lib/webpack.js:230:15
2026-03-08T12:57:45.9366026Z       at lib/MultiCompiler.js:648:14
2026-03-08T12:57:45.9366336Z       at processQueueWorker (lib/MultiCompiler.js:583:6)
2026-03-08T12:57:45.9366565Z 
2026-03-08T12:57:45.9366735Z  › 12 snapshots obsolete.
2026-03-08T12:57:45.9367236Z    • ConfigTestCases css css-modules exported tests should allow to create css modules: dev 1
2026-03-08T12:57:45.9367938Z    • ConfigTestCases css css-modules exported tests should allow to create css modules: dev 2
2026-03-08T12:57:45.9368625Z    • ConfigTestCases css css-modules exported tests should allow to create css modules: dev 3
2026-03-08T12:57:45.9369481Z    • ConfigTestCases css css-modules exported tests should allow to create css modules: global dev 1
2026-03-08T12:57:45.9370222Z    • ConfigTestCases css css-modules exported tests should allow to create css modules: global dev 2
2026-03-08T12:57:45.9371014Z    • ConfigTestCases css css-modules exported tests should allow to create css modules: global prod 1
2026-03-08T12:57:45.9371767Z    • ConfigTestCases css css-modules exported tests should allow to create css modules: global prod 2
2026-03-08T12:57:45.9372520Z    • ConfigTestCases css css-modules exported tests should allow to create css modules: prod 1
2026-03-08T12:57:45.9373219Z    • ConfigTestCases css css-modules exported tests should allow to create css modules: prod 2
2026-03-08T12:57:45.9373913Z    • ConfigTestCases css css-modules exported tests should allow to create css modules: prod 3
2026-03-08T12:57:45.9374638Z    • ConfigTestCases css css-modules exported tests should allow to disable options: options classes 1
2026-03-08T12:57:45.9375378Z    • ConfigTestCases css css-modules exported tests should allow to disable options: options css 1
2026-03-08T12:58:19.8126167Z FAIL test/ConfigCacheTestCases.basictest.js (129.091 s, 329 MB heap size)
2026-03-08T12:58:19.8127298Z   ● ConfigCacheTestCases › css › css-modules › css-modules should compile
2026-03-08T12:58:19.8127784Z 
2026-03-08T12:58:19.8128105Z     More warnings (69 instead of 65) while compiling than expected:
2026-03-08T12:58:19.8128619Z 
2026-03-08T12:58:19.8129069Z     The following warnings are unexpected:
2026-03-08T12:58:19.8134096Z     moduleIdentifier = /home/runner/work/webpack/webpack/test/configCases/css/css-modules/use-style.js; moduleName = ./use-style.js; loc = 8:31-58; message = export 'class' (imported as 'notACssModule') was not found in './style.module.css.inval...; moduleId = ./use-style.js; moduleTrace = [{"originIdentifier":"/home/runner/work/webpack/webpack/test/configCases/css/css-mo...; details = undefined; stack =     at HarmonyImportSpecifierDependency.getLinkingErrors (/home/runner/work/webpack/webpack/lib/dependencies/HarmonyImportDependency.js:252:8)
2026-03-08T12:58:19.8137754Z 
2026-03-08T12:58:19.8138117Z     [0m [90m 280 |[39m 	_getErrors(moduleGraph) {
2026-03-08T12:58:19.8139623Z      [90m 281 |[39m 		[36mconst[39m ids [33m=[39m [36mthis[39m[33m.[39mgetIds(moduleGraph)[33m;[39m
2026-03-08T12:58:19.8140710Z     [31m[1m>[22m[39m[90m 282 |[39m 		[36mreturn[39m [36mthis[39m[33m.[39mgetLinkingErrors(
2026-03-08T12:58:19.8141423Z      [90m     |[39m 		            [31m[1m^[22m[39m
2026-03-08T12:58:19.8142147Z      [90m 283 |[39m 			moduleGraph[33m,[39m
2026-03-08T12:58:19.8142610Z      [90m 284 |[39m 			ids[33m,[39m
2026-03-08T12:58:19.8143168Z      [90m 285 |[39m 			[32m`(imported as '${this.name}')`[39m[0m
2026-03-08T12:58:19.8143494Z 
2026-03-08T12:58:19.8144112Z       at HarmonyImportSpecifierDependency._getErrors (lib/dependencies/HarmonyImportSpecifierDependency.js:282:15)
2026-03-08T12:58:19.8145410Z       at HarmonyImportSpecifierDependency.getWarnings (lib/dependencies/HarmonyImportSpecifierDependency.js:258:16)
2026-03-08T12:58:19.8146537Z       at Compilation.reportDependencyErrorsAndWarnings (lib/Compilation.js:3568:24)
2026-03-08T12:58:19.8147194Z       at lib/Compilation.js:3131:28
2026-03-08T12:58:19.8147888Z       at eval (eval at create (node_modules/tapable/lib/HookCodeFactory.js:31:10), <anonymous>:29:1)
2026-03-08T12:58:19.8148632Z       at lib/FlagDependencyExportsPlugin.js:411:10
2026-03-08T12:58:19.8149327Z       at node_modules/neo-async/async.js:2830:7
2026-03-08T12:58:19.8149874Z       at Object.each (node_modules/neo-async/async.js:2850:39)
2026-03-08T12:58:19.8150455Z       at lib/FlagDependencyExportsPlugin.js:381:17
2026-03-08T12:58:19.8150957Z       at node_modules/neo-async/async.js:2830:7
2026-03-08T12:58:19.8151499Z       at Object.each (node_modules/neo-async/async.js:2850:39)
2026-03-08T12:58:19.8152080Z       at lib/FlagDependencyExportsPlugin.js:53:15
2026-03-08T12:58:19.8153001Z       at Hook.eval [as callAsync] (eval at create (node_modules/tapable/lib/HookCodeFactory.js:31:10), <anonymous>:25:1)
2026-03-08T12:58:19.8154013Z       at Hook.CALL_ASYNC_DELEGATE [as _callAsync] (node_modules/tapable/lib/Hook.js:21:14)
2026-03-08T12:58:19.8154788Z       at Compilation.finish (lib/Compilation.js:3116:28)
2026-03-08T12:58:19.8155390Z       at lib/Compiler.js:1373:19
2026-03-08T12:58:19.8156503Z       ModuleDependencyWarning: export 'class' (imported as 'notACssModule') was not found in './style.module.css.invalid' (module has no exports)
2026-03-08T12:58:19.8157927Z       at Compilation.reportDependencyErrorsAndWarnings (lib/Compilation.js:3571:23)
2026-03-08T12:58:19.8158713Z       at lib/Compilation.js:3131:28
2026-03-08T12:58:19.8159729Z       at eval (eval at create (node_modules/tapable/lib/HookCodeFactory.js:31:10), <anonymous>:29:1)
2026-03-08T12:58:19.8160522Z       at lib/FlagDependencyExportsPlugin.js:411:10
2026-03-08T12:58:19.8161039Z       at node_modules/neo-async/async.js:2830:7
2026-03-08T12:58:19.8161607Z       at Object.each (node_modules/neo-async/async.js:2850:39)
2026-03-08T12:58:19.8162192Z       at lib/FlagDependencyExportsPlugin.js:381:17
2026-03-08T12:58:19.8162714Z       at node_modules/neo-async/async.js:2830:7
2026-03-08T12:58:19.8163242Z       at Object.each (node_modules/neo-async/async.js:2850:39)
2026-03-08T12:58:19.8163860Z       at lib/FlagDependencyExportsPlugin.js:53:15
2026-03-08T12:58:19.8164720Z       at Hook.eval [as callAsync] (eval at create (node_modules/tapable/lib/HookCodeFactory.js:31:10), <anonymous>:25:1)
2026-03-08T12:58:19.8165723Z       at Hook.CALL_ASYNC_DELEGATE [as _callAsync] (node_modules/tapable/lib/Hook.js:21:14)
2026-03-08T12:58:19.8166595Z       at Compilation.finish (lib/Compilation.js:3116:28)
2026-03-08T12:58:19.8167176Z       at lib/Compiler.js:1373:19
2026-03-08T12:58:19.8167899Z       at processImmediate (node:internal/timers:472:9); compilerPath = web-development
2026-03-08T12:58:19.8172638Z       moduleIdentifier = /home/runner/work/webpack/webpack/test/configCases/css/css-modules/use-style.js; moduleName = ./use-style.js; loc = 8:31-58; message = export 'class' (imported as 'notACssModule') was not found in './style.module.css.inval...; moduleId = null; moduleTrace = [{"originIdentifier":"/home/runner/work/webpack/webpack/test/configCases/css/css-mo...; details = undefined; stack =     at HarmonyImportSpecifierDependency.getLinkingErrors (/home/runner/work/webpack/webpack/lib/dependencies/HarmonyImportDependency.js:252:8)
2026-03-08T12:58:19.8176985Z       at HarmonyImportSpecifierDependency._getErrors (lib/dependencies/HarmonyImportSpecifierDependency.js:282:15)
2026-03-08T12:58:19.8178619Z       at HarmonyImportSpecifierDependency.getWarnings (lib/dependencies/HarmonyImportSpecifierDependency.js:258:16)
2026-03-08T12:58:19.8180152Z       at Compilation.reportDependencyErrorsAndWarnings (lib/Compilation.js:3568:24)
2026-03-08T12:58:19.8180983Z       at lib/Compilation.js:3131:28
2026-03-08T12:58:19.8181848Z       at _next2 (eval at create (node_modules/tapable/lib/HookCodeFactory.js:31:10), <anonymous>:25:1)
2026-03-08T12:58:19.8183073Z       at eval (eval at create (node_modules/tapable/lib/HookCodeFactory.js:31:10), <anonymous>:52:1)
2026-03-08T12:58:19.8183975Z       at lib/FlagDependencyExportsPlugin.js:411:10
2026-03-08T12:58:19.8184594Z       at node_modules/neo-async/async.js:2830:7
2026-03-08T12:58:19.8185246Z       at Object.each (node_modules/neo-async/async.js:2850:39)
2026-03-08T12:58:19.8185943Z       at lib/FlagDependencyExportsPlugin.js:381:17
2026-03-08T12:58:19.8186584Z       at node_modules/neo-async/async.js:2830:7
2026-03-08T12:58:19.8187242Z       at Object.each (node_modules/neo-async/async.js:2850:39)
2026-03-08T12:58:19.8187916Z       at lib/FlagDependencyExportsPlugin.js:53:15
2026-03-08T12:58:19.8189212Z       at Hook.eval [as callAsync] (eval at create (node_modules/tapable/lib/HookCodeFactory.js:31:10), <anonymous>:48:1)
2026-03-08T12:58:19.8190491Z       at Hook.CALL_ASYNC_DELEGATE [as _callAsync] (node_modules/tapable/lib/Hook.js:21:14)
2026-03-08T12:58:19.8191352Z       at Compilation.finish (lib/Compilation.js:3116:28)
2026-03-08T12:58:19.8191906Z       at lib/Compiler.js:1373:19
2026-03-08T12:58:19.8193061Z       ModuleDependencyWarning: export 'class' (imported as 'notACssModule') was not found in './style.module.css.invalid' (module has no exports)
2026-03-08T12:58:19.8194598Z       at Compilation.reportDependencyErrorsAndWarnings (lib/Compilation.js:3571:23)
2026-03-08T12:58:19.8195376Z       at lib/Compilation.js:3131:28
2026-03-08T12:58:19.8196273Z       at _next2 (eval at create (node_modules/tapable/lib/HookCodeFactory.js:31:10), <anonymous>:25:1)
2026-03-08T12:58:19.8197449Z       at eval (eval at create (node_modules/tapable/lib/HookCodeFactory.js:31:10), <anonymous>:52:1)
2026-03-08T12:58:19.8198398Z       at lib/FlagDependencyExportsPlugin.js:411:10
2026-03-08T12:58:19.8199167Z       at node_modules/neo-async/async.js:2830:7
2026-03-08T12:58:19.8199857Z       at Object.each (node_modules/neo-async/async.js:2850:39)
2026-03-08T12:58:19.8200521Z       at lib/FlagDependencyExportsPlugin.js:381:17
2026-03-08T12:58:19.8201143Z       at node_modules/neo-async/async.js:2830:7
2026-03-08T12:58:19.8201796Z       at Object.each (node_modules/neo-async/async.js:2850:39)
2026-03-08T12:58:19.8202481Z       at lib/FlagDependencyExportsPlugin.js:53:15
2026-03-08T12:58:19.8203583Z       at Hook.eval [as callAsync] (eval at create (node_modules/tapable/lib/HookCodeFactory.js:31:10), <anonymous>:48:1)
2026-03-08T12:58:19.8204851Z       at Hook.CALL_ASYNC_DELEGATE [as _callAsync] (node_modules/tapable/lib/Hook.js:21:14)
2026-03-08T12:58:19.8205699Z       at Compilation.finish (lib/Compilation.js:3116:28)
2026-03-08T12:58:19.8206286Z       at lib/Compiler.js:1373:19
2026-03-08T12:58:19.8207013Z       at processImmediate (node:internal/timers:472:9); compilerPath = web-production
2026-03-08T12:58:19.8211870Z       moduleIdentifier = /home/runner/work/webpack/webpack/test/configCases/css/css-modules/use-style.js; moduleName = ./use-style.js; loc = 8:31-58; message = export 'class' (imported as 'notACssModule') was not found in './style.module.css.inval...; moduleId = ./use-style.js; moduleTrace = [{"originIdentifier":"/home/runner/work/webpack/webpack/test/configCases/css/css-mo...; details = undefined; stack =     at HarmonyImportSpecifierDependency.getLinkingErrors (/home/runner/work/webpack/webpack/lib/dependencies/HarmonyImportDependency.js:252:8)
2026-03-08T12:58:19.8216417Z       at HarmonyImportSpecifierDependency._getErrors (lib/dependencies/HarmonyImportSpecifierDependency.js:282:15)
2026-03-08T12:58:19.8218311Z       at HarmonyImportSpecifierDependency.getWarnings (lib/dependencies/HarmonyImportSpecifierDependency.js:258:16)
2026-03-08T12:58:19.8219860Z       at Compilation.reportDependencyErrorsAndWarnings (lib/Compilation.js:3568:24)
2026-03-08T12:58:19.8220692Z       at lib/Compilation.js:3131:28
2026-03-08T12:58:19.8221556Z       at eval (eval at create (node_modules/tapable/lib/HookCodeFactory.js:31:10), <anonymous>:29:1)
2026-03-08T12:58:19.8222480Z       at lib/FlagDependencyExportsPlugin.js:411:10
2026-03-08T12:58:19.8223123Z       at node_modules/neo-async/async.js:2830:7
2026-03-08T12:58:19.8223778Z       at Object.each (node_modules/neo-async/async.js:2850:39)
2026-03-08T12:58:19.8224465Z       at lib/FlagDependencyExportsPlugin.js:381:17
2026-03-08T12:58:19.8258402Z       at node_modules/neo-async/async.js:2830:7
2026-03-08T12:58:19.8262513Z       at Object.each (node_modules/neo-async/async.js:2850:39)
2026-03-08T12:58:19.8263290Z       at lib/FlagDependencyExportsPlugin.js:53:15
2026-03-08T12:58:19.8264437Z       at Hook.eval [as callAsync] (eval at create (node_modules/tapable/lib/HookCodeFactory.js:31:10), <anonymous>:25:1)
2026-03-08T12:58:19.8265759Z       at Hook.CALL_ASYNC_DELEGATE [as _callAsync] (node_modules/tapable/lib/Hook.js:21:14)
2026-03-08T12:58:19.8266649Z       at Compilation.finish (lib/Compilation.js:3116:28)
2026-03-08T12:58:19.8267260Z       at lib/Compiler.js:1373:19
2026-03-08T12:58:19.8268427Z       ModuleDependencyWarning: export 'class' (imported as 'notACssModule') was not found in './style.module.css.invalid' (module has no exports)
2026-03-08T12:58:19.8270152Z       at Compilation.reportDependencyErrorsAndWarnings (lib/Compilation.js:3571:23)
2026-03-08T12:58:19.8270987Z       at lib/Compilation.js:3131:28
2026-03-08T12:58:19.8271863Z       at eval (eval at create (node_modules/tapable/lib/HookCodeFactory.js:31:10), <anonymous>:29:1)
2026-03-08T12:58:19.8272775Z       at lib/FlagDependencyExportsPlugin.js:411:10
2026-03-08T12:58:19.8273425Z       at node_modules/neo-async/async.js:2830:7
2026-03-08T12:58:19.8274066Z       at Object.each (node_modules/neo-async/async.js:2850:39)
2026-03-08T12:58:19.8274776Z       at lib/FlagDependencyExportsPlugin.js:381:17
2026-03-08T12:58:19.8275317Z       at node_modules/neo-async/async.js:2830:7
2026-03-08T12:58:19.8275972Z       at Object.each (node_modules/neo-async/async.js:2850:39)
2026-03-08T12:58:19.8276656Z       at lib/FlagDependencyExportsPlugin.js:53:15
2026-03-08T12:58:19.8277731Z       at Hook.eval [as callAsync] (eval at create (node_modules/tapable/lib/HookCodeFactory.js:31:10), <anonymous>:25:1)
2026-03-08T12:58:19.8279157Z       at Hook.CALL_ASYNC_DELEGATE [as _callAsync] (node_modules/tapable/lib/Hook.js:21:14)
2026-03-08T12:58:19.8279954Z       at Compilation.finish (lib/Compilation.js:3116:28)
2026-03-08T12:58:19.8280473Z       at lib/Compiler.js:1373:19
2026-03-08T12:58:19.8281224Z       at processImmediate (node:internal/timers:472:9); compilerPath = node-development
2026-03-08T12:58:19.8285738Z       moduleIdentifier = /home/runner/work/webpack/webpack/test/configCases/css/css-modules/use-style.js; moduleName = ./use-style.js; loc = 8:31-58; message = export 'class' (imported as 'notACssModule') was not found in './style.module.css.inval...; moduleId = null; moduleTrace = [{"originIdentifier":"/home/runner/work/webpack/webpack/test/configCases/css/css-mo...; details = undefined; stack =     at HarmonyImportSpecifierDependency.getLinkingErrors (/home/runner/work/webpack/webpack/lib/dependencies/HarmonyImportDependency.js:252:8)
2026-03-08T12:58:19.8290492Z       at HarmonyImportSpecifierDependency._getErrors (lib/dependencies/HarmonyImportSpecifierDependency.js:282:15)
2026-03-08T12:58:19.8292173Z       at HarmonyImportSpecifierDependency.getWarnings (lib/dependencies/HarmonyImportSpecifierDependency.js:258:16)
2026-03-08T12:58:19.8293568Z       at Compilation.reportDependencyErrorsAndWarnings (lib/Compilation.js:3568:24)
2026-03-08T12:58:19.8294592Z       at lib/Compilation.js:3131:28
2026-03-08T12:58:19.8295475Z       at _next2 (eval at create (node_modules/tapable/lib/HookCodeFactory.js:31:10), <anonymous>:25:1)
2026-03-08T12:58:19.8296742Z       at eval (eval at create (node_modules/tapable/lib/HookCodeFactory.js:31:10), <anonymous>:52:1)
2026-03-08T12:58:19.8297671Z       at lib/FlagDependencyExportsPlugin.js:411:10
2026-03-08T12:58:19.8298325Z       at node_modules/neo-async/async.js:2830:7
2026-03-08T12:58:19.8299145Z       at Object.each (node_modules/neo-async/async.js:2850:39)
2026-03-08T12:58:19.8299867Z       at lib/FlagDependencyExportsPlugin.js:381:17
2026-03-08T12:58:19.8300477Z       at node_modules/neo-async/async.js:2830:7
2026-03-08T12:58:19.8301158Z       at Object.each (node_modules/neo-async/async.js:2850:39)
2026-03-08T12:58:19.8301871Z       at lib/FlagDependencyExportsPlugin.js:53:15
2026-03-08T12:58:19.8302978Z       at Hook.eval [as callAsync] (eval at create (node_modules/tapable/lib/HookCodeFactory.js:31:10), <anonymous>:48:1)
2026-03-08T12:58:19.8304282Z       at Hook.CALL_ASYNC_DELEGATE [as _callAsync] (node_modules/tapable/lib/Hook.js:21:14)
2026-03-08T12:58:19.8305165Z       at Compilation.finish (lib/Compilation.js:3116:28)
2026-03-08T12:58:19.8305781Z       at lib/Compiler.js:1373:19
2026-03-08T12:58:19.8306989Z       ModuleDependencyWarning: export 'class' (imported as 'notACssModule') was not found in './style.module.css.invalid' (module has no exports)
2026-03-08T12:58:19.8308493Z       at Compilation.reportDependencyErrorsAndWarnings (lib/Compilation.js:3571:23)
2026-03-08T12:58:19.8309429Z       at lib/Compilation.js:3131:28
2026-03-08T12:58:19.8310245Z       at _next2 (eval at create (node_modules/tapable/lib/HookCodeFactory.js:31:10), <anonymous>:25:1)
2026-03-08T12:58:19.8311464Z       at eval (eval at create (node_modules/tapable/lib/HookCodeFactory.js:31:10), <anonymous>:52:1)
2026-03-08T12:58:19.8312415Z       at lib/FlagDependencyExportsPlugin.js:411:10
2026-03-08T12:58:19.8313060Z       at node_modules/neo-async/async.js:2830:7
2026-03-08T12:58:19.8313763Z       at Object.each (node_modules/neo-async/async.js:2850:39)
2026-03-08T12:58:19.8314473Z       at lib/FlagDependencyExportsPlugin.js:381:17
2026-03-08T12:58:19.8315116Z       at node_modules/neo-async/async.js:2830:7
2026-03-08T12:58:19.8315830Z       at Object.each (node_modules/neo-async/async.js:2850:39)
2026-03-08T12:58:19.8316530Z       at lib/FlagDependencyExportsPlugin.js:53:15
2026-03-08T12:58:19.8317634Z       at Hook.eval [as callAsync] (eval at create (node_modules/tapable/lib/HookCodeFactory.js:31:10), <anonymous>:48:1)
2026-03-08T12:58:19.8319176Z       at Hook.CALL_ASYNC_DELEGATE [as _callAsync] (node_modules/tapable/lib/Hook.js:21:14)
2026-03-08T12:58:19.8320254Z       at Compilation.finish (lib/Compilation.js:3116:28)
2026-03-08T12:58:19.8320885Z       at lib/Compiler.js:1373:19
2026-03-08T12:58:19.8321992Z       at processTicksAndRejections (node:internal/process/task_queues:85:11); compilerPath = node-production
2026-03-08T12:58:19.8323670Z       Check expected warnings: /home/runner/work/webpack/webpack/test/configCases/css/css-modules/warnings.js
2026-03-08T12:58:19.8324970Z       at checkArrayExpectation (test/checkArrayExpectation.js:98:6)
2026-03-08T12:58:19.8325928Z       at onCompiled (test/ConfigTestCases.template.js:372:10)
2026-03-08T12:58:19.8326718Z       at test/ConfigTestCases.template.js:502:13
2026-03-08T12:58:19.8327309Z       at lib/MultiCompiler.js:674:5
2026-03-08T12:58:19.8327767Z       at node_modules/neo-async/async.js:2830:7
2026-03-08T12:58:19.8328332Z       at done (node_modules/neo-async/async.js:2865:11)
2026-03-08T12:58:19.8329185Z       at node_modules/neo-async/async.js:2818:7
2026-03-08T12:58:19.8329966Z       at lib/HookWebpackError.js:96:2
2026-03-08T12:58:19.8330784Z       at _done (eval at create (node_modules/tapable/lib/HookCodeFactory.js:31:10), <anonymous>:9:1)
2026-03-08T12:58:19.8331973Z       at eval (eval at create (node_modules/tapable/lib/HookCodeFactory.js:31:10), <anonymous>:34:22)
2026-03-08T12:58:19.8333261Z 
2026-03-08T12:58:19.8333637Z  › 12 snapshots obsolete.
2026-03-08T12:58:19.8334581Z    • ConfigCacheTestCases css css-modules exported tests should allow to create css modules: dev 1
2026-03-08T12:58:19.8335810Z    • ConfigCacheTestCases css css-modules exported tests should allow to create css modules: dev 2
2026-03-08T12:58:19.8337280Z    • ConfigCacheTestCases css css-modules exported tests should allow to create css modules: dev 3
2026-03-08T12:58:19.8338568Z    • ConfigCacheTestCases css css-modules exported tests should allow to create css modules: global dev 1
2026-03-08T12:58:19.8341689Z    • ConfigCacheTestCases css css-modules exported tests should allow to create css modules: global dev 2
2026-03-08T12:58:19.8343033Z    • ConfigCacheTestCases css css-modules exported tests should allow to create css modules: global prod 1
2026-03-08T12:58:19.8344356Z    • ConfigCacheTestCases css css-modules exported tests should allow to create css modules: global prod 2
2026-03-08T12:58:19.8345648Z    • ConfigCacheTestCases css css-modules exported tests should allow to create css modules: prod 1
2026-03-08T12:58:19.8346962Z    • ConfigCacheTestCases css css-modules exported tests should allow to create css modules: prod 2
2026-03-08T12:58:19.8348288Z    • ConfigCacheTestCases css css-modules exported tests should allow to create css modules: prod 3
2026-03-08T12:58:19.8349994Z    • ConfigCacheTestCases css css-modules exported tests should allow to disable options: options classes 1
2026-03-08T12:58:19.8351291Z    • ConfigCacheTestCases css css-modules exported tests should allow to disable options: options css 1
2026-03-08T12:58:20.4780356Z A worker process has failed to exit gracefully and has been force exited. This is likely caused by tests leaking due to improper teardown. Try running with --detectOpenHandles to find leaks. Active timers can also cause this, ensure that .unref() was called on them.
2026-03-08T12:58:20.4820160Z Snapshot Summary
2026-03-08T12:58:20.4823304Z  › 24 snapshots obsolete from 2 test suites. To remove them all, run `yarn run test:base -u`.
2026-03-08T12:58:20.4824239Z    ↳ test/ConfigTestCases.basictest.js
2026-03-08T12:58:20.4825206Z        • ConfigTestCases css css-modules exported tests should allow to create css modules: dev 1
2026-03-08T12:58:20.4826435Z        • ConfigTestCases css css-modules exported tests should allow to create css modules: dev 2
2026-03-08T12:58:20.4827693Z        • ConfigTestCases css css-modules exported tests should allow to create css modules: dev 3
2026-03-08T12:58:20.4829261Z        • ConfigTestCases css css-modules exported tests should allow to create css modules: global dev 1
2026-03-08T12:58:20.4830628Z        • ConfigTestCases css css-modules exported tests should allow to create css modules: global dev 2
2026-03-08T12:58:20.4831987Z        • ConfigTestCases css css-modules exported tests should allow to create css modules: global prod 1
2026-03-08T12:58:20.4833353Z        • ConfigTestCases css css-modules exported tests should allow to create css modules: global prod 2
2026-03-08T12:58:20.4834667Z        • ConfigTestCases css css-modules exported tests should allow to create css modules: prod 1
2026-03-08T12:58:20.4835922Z        • ConfigTestCases css css-modules exported tests should allow to create css modules: prod 2
2026-03-08T12:58:20.4837181Z        • ConfigTestCases css css-modules exported tests should allow to create css modules: prod 3
2026-03-08T12:58:20.4838496Z        • ConfigTestCases css css-modules exported tests should allow to disable options: options classes 1
2026-03-08T12:58:20.4840055Z        • ConfigTestCases css css-modules exported tests should allow to disable options: options css 1
2026-03-08T12:58:20.4841538Z    ↳ test/ConfigCacheTestCases.basictest.js
2026-03-08T12:58:20.4842602Z        • ConfigCacheTestCases css css-modules exported tests should allow to create css modules: dev 1
2026-03-08T12:58:20.4843993Z        • ConfigCacheTestCases css css-modules exported tests should allow to create css modules: dev 2
2026-03-08T12:58:20.4845763Z        • ConfigCacheTestCases css css-modules exported tests should allow to create css modules: dev 3
2026-03-08T12:58:20.4847331Z        • ConfigCacheTestCases css css-modules exported tests should allow to create css modules: global dev 1
2026-03-08T12:58:20.4849093Z        • ConfigCacheTestCases css css-modules exported tests should allow to create css modules: global dev 2
2026-03-08T12:58:20.4850574Z        • ConfigCacheTestCases css css-modules exported tests should allow to create css modules: global prod 1
2026-03-08T12:58:20.4852044Z        • ConfigCacheTestCases css css-modules exported tests should allow to create css modules: global prod 2
2026-03-08T12:58:20.4853470Z        • ConfigCacheTestCases css css-modules exported tests should allow to create css modules: prod 1
2026-03-08T12:58:20.4854852Z        • ConfigCacheTestCases css css-modules exported tests should allow to create css modules: prod 2
2026-03-08T12:58:20.4856224Z        • ConfigCacheTestCases css css-modules exported tests should allow to create css modules: prod 3
2026-03-08T12:58:20.4857651Z        • ConfigCacheTestCases css css-modules exported tests should allow to disable options: options classes 1
2026-03-08T12:58:20.4859229Z        • ConfigCacheTestCases css css-modules exported tests should allow to disable options: options css 1
2026-03-08T12:58:20.4859914Z 
2026-03-08T12:58:20.4860159Z Test Suites: 2 failed, 3 passed, 5 total
2026-03-08T12:58:20.4860803Z Tests:       2 failed, 17 skipped, 12105 passed, 12124 total
2026-03-08T12:58:20.4861476Z Snapshots:   24 obsolete, 482 passed, 482 total
2026-03-08T12:58:20.4861970Z Time:        130.307 s
2026-03-08T12:58:20.4862330Z Ran all test suites.
2026-03-08T12:58:20.4863518Z Force exiting Jest: Have you considered using `--detectOpenHandles` to detect async operations that kept running after all tests finished?
2026-03-08T12:58:20.5131743Z error Command failed with exit code 1.
2026-03-08T12:58:20.5132740Z info Visit https://yarnpkg.com/en/docs/cli/run for documentation about this command.
2026-03-08T12:58:20.5343838Z error Command failed with exit code 1.
2026-03-08T12:58:20.5344627Z info Visit https://yarnpkg.com/en/docs/cli/run for documentation about this command.
2026-03-08T12:58:20.5452120Z ##[error]Process completed with exit code 1.
2026-03-08T12:58:20.5556518Z Post job cleanup.
2026-03-08T12:58:20.6365793Z [command]/usr/bin/git version
2026-03-08T12:58:20.6403126Z git version 2.53.0
2026-03-08T12:58:20.6445801Z Temporarily overriding HOME='/home/runner/work/_temp/6077ceba-f1b6-4747-8d30-cf4f2cd06c42' before making global git config changes
2026-03-08T12:58:20.6447323Z Adding repository directory to the temporary git global config as a safe directory
2026-03-08T12:58:20.6452158Z [command]/usr/bin/git config --global --add safe.directory /home/runner/work/webpack/webpack
2026-03-08T12:58:20.6484471Z Removing SSH command configuration
2026-03-08T12:58:20.6491078Z [command]/usr/bin/git config --local --name-only --get-regexp core\.sshCommand
2026-03-08T12:58:20.6526745Z [command]/usr/bin/git submodule foreach --recursive sh -c "git config --local --name-only --get-regexp 'core\.sshCommand' && git config --local --unset-all 'core.sshCommand' || :"
2026-03-08T12:58:20.6789538Z Removing HTTP extra header
2026-03-08T12:58:20.6795139Z [command]/usr/bin/git config --local --name-only --get-regexp http\.https\:\/\/github\.com\/\.extraheader
2026-03-08T12:58:20.6831289Z [command]/usr/bin/git submodule foreach --recursive sh -c "git config --local --name-only --get-regexp 'http\.https\:\/\/github\.com\/\.extraheader' && git config --local --unset-all 'http.https://github.com/.extraheader' || :"
2026-03-08T12:58:20.7110975Z Removing includeIf entries pointing to credentials config files
2026-03-08T12:58:20.7119868Z [command]/usr/bin/git config --local --name-only --get-regexp ^includeIf\.gitdir:
2026-03-08T12:58:20.7176033Z includeif.gitdir:/home/runner/work/webpack/webpack/.git.path
2026-03-08T12:58:20.7177477Z includeif.gitdir:/home/runner/work/webpack/webpack/.git/worktrees/*.path
2026-03-08T12:58:20.7181418Z includeif.gitdir:/github/workspace/.git.path
2026-03-08T12:58:20.7183462Z includeif.gitdir:/github/workspace/.git/worktrees/*.path
2026-03-08T12:58:20.7188075Z [command]/usr/bin/git config --local --get-all includeif.gitdir:/home/runner/work/webpack/webpack/.git.path
2026-03-08T12:58:20.7212865Z /home/runner/work/_temp/git-credentials-e25fb3e9-cbdf-4fee-92a8-aab702240f55.config
2026-03-08T12:58:20.7224201Z [command]/usr/bin/git config --local --unset includeif.gitdir:/home/runner/work/webpack/webpack/.git.path /home/runner/work/_temp/git-credentials-e25fb3e9-cbdf-4fee-92a8-aab702240f55.config
2026-03-08T12:58:20.7260854Z [command]/usr/bin/git config --local --get-all includeif.gitdir:/home/runner/work/webpack/webpack/.git/worktrees/*.path
2026-03-08T12:58:20.7285819Z /home/runner/work/_temp/git-credentials-e25fb3e9-cbdf-4fee-92a8-aab702240f55.config
2026-03-08T12:58:20.7295578Z [command]/usr/bin/git config --local --unset includeif.gitdir:/home/runner/work/webpack/webpack/.git/worktrees/*.path /home/runner/work/_temp/git-credentials-e25fb3e9-cbdf-4fee-92a8-aab702240f55.config
2026-03-08T12:58:20.7330115Z [command]/usr/bin/git config --local --get-all includeif.gitdir:/github/workspace/.git.path
2026-03-08T12:58:20.7354817Z /github/runner_temp/git-credentials-e25fb3e9-cbdf-4fee-92a8-aab702240f55.config
2026-03-08T12:58:20.7365169Z [command]/usr/bin/git config --local --unset includeif.gitdir:/github/workspace/.git.path /github/runner_temp/git-credentials-e25fb3e9-cbdf-4fee-92a8-aab702240f55.config
2026-03-08T12:58:20.7403144Z [command]/usr/bin/git config --local --get-all includeif.gitdir:/github/workspace/.git/worktrees/*.path
2026-03-08T12:58:20.7428082Z /github/runner_temp/git-credentials-e25fb3e9-cbdf-4fee-92a8-aab702240f55.config
2026-03-08T12:58:20.7440577Z [command]/usr/bin/git config --local --unset includeif.gitdir:/github/workspace/.git/worktrees/*.path /github/runner_temp/git-credentials-e25fb3e9-cbdf-4fee-92a8-aab702240f55.config
2026-03-08T12:58:20.7480298Z [command]/usr/bin/git submodule foreach --recursive git config --local --show-origin --name-only --get-regexp remote.origin.url
2026-03-08T12:58:20.7754864Z Removing credentials config '/home/runner/work/_temp/git-credentials-e25fb3e9-cbdf-4fee-92a8-aab702240f55.config'
2026-03-08T12:58:20.7900852Z Cleaning up orphan processes
