2026-05-05T13:42:30.9002766Z Current runner version: '2.334.0'
2026-05-05T13:42:30.9026744Z ##[group]Runner Image Provisioner
2026-05-05T13:42:30.9027761Z Hosted Compute Agent
2026-05-05T13:42:30.9028294Z Version: 20260213.493
2026-05-05T13:42:30.9029001Z Commit: 5c115507f6dd24b8de37d8bbe0bb4509d0cc0fa3
2026-05-05T13:42:30.9029705Z Build Date: 2026-02-13T00:28:41Z
2026-05-05T13:42:30.9030333Z Worker ID: {9c5535b5-d333-4b21-851a-5d895e77b608}
2026-05-05T13:42:30.9031034Z Azure Region: westus
2026-05-05T13:42:30.9031586Z ##[endgroup]
2026-05-05T13:42:30.9032928Z ##[group]Operating System
2026-05-05T13:42:30.9033656Z Ubuntu
2026-05-05T13:42:30.9034105Z 24.04.4
2026-05-05T13:42:30.9034568Z LTS
2026-05-05T13:42:30.9035027Z ##[endgroup]
2026-05-05T13:42:30.9035540Z ##[group]Runner Image
2026-05-05T13:42:30.9036117Z Image: ubuntu-24.04
2026-05-05T13:42:30.9036620Z Version: 20260413.86.1
2026-05-05T13:42:30.9038308Z Included Software: https://github.com/actions/runner-images/blob/ubuntu24/20260413.86/images/ubuntu/Ubuntu2404-Readme.md
2026-05-05T13:42:30.9039867Z Image Release: https://github.com/actions/runner-images/releases/tag/ubuntu24%2F20260413.86
2026-05-05T13:42:30.9040730Z ##[endgroup]
2026-05-05T13:42:30.9041717Z ##[group]GITHUB_TOKEN Permissions
2026-05-05T13:42:30.9043595Z Contents: read
2026-05-05T13:42:30.9044156Z Metadata: read
2026-05-05T13:42:30.9044611Z ##[endgroup]
2026-05-05T13:42:30.9046702Z Secret source: Actions
2026-05-05T13:42:30.9047823Z Prepare workflow directory
2026-05-05T13:42:30.9413344Z Prepare all required actions
2026-05-05T13:42:30.9473658Z Getting action download info
2026-05-05T13:42:31.4764217Z Download action repository 'actions/checkout@v6' (SHA:de0fac2e4500dabe0009e67214ff5f5447ce83dd)
2026-05-05T13:42:31.6091790Z Download action repository 'actions/setup-node@v6' (SHA:48b55a011bda9f5d6aeb4c2d9c7362e8dae4041e)
2026-05-05T13:42:32.2918419Z Complete job name: Test (ubuntu-latest, 22.x)
2026-05-05T13:42:32.3681926Z ##[group]Run actions/checkout@v6
2026-05-05T13:42:32.3682852Z with:
2026-05-05T13:42:32.3683295Z   repository: eslint/eslint
2026-05-05T13:42:32.3684009Z   token: ***
2026-05-05T13:42:32.3684431Z   ssh-strict: true
2026-05-05T13:42:32.3684865Z   ssh-user: git
2026-05-05T13:42:32.3685307Z   persist-credentials: true
2026-05-05T13:42:32.3685786Z   clean: true
2026-05-05T13:42:32.3686220Z   sparse-checkout-cone-mode: true
2026-05-05T13:42:32.3686721Z   fetch-depth: 1
2026-05-05T13:42:32.3687354Z   fetch-tags: false
2026-05-05T13:42:32.3687823Z   show-progress: true
2026-05-05T13:42:32.3688258Z   lfs: false
2026-05-05T13:42:32.3688665Z   submodules: false
2026-05-05T13:42:32.3689118Z   set-safe-directory: true
2026-05-05T13:42:32.3689869Z ##[endgroup]
2026-05-05T13:42:32.4663077Z Syncing repository: eslint/eslint
2026-05-05T13:42:32.4664944Z ##[group]Getting Git version info
2026-05-05T13:42:32.4665706Z Working directory is '/home/runner/work/eslint/eslint'
2026-05-05T13:42:32.4666844Z [command]/usr/bin/git version
2026-05-05T13:42:32.4689287Z git version 2.53.0
2026-05-05T13:42:32.4712737Z ##[endgroup]
2026-05-05T13:42:32.4726960Z Temporarily overriding HOME='/home/runner/work/_temp/152b3c44-5ce3-4046-a8ef-6ab71a741335' before making global git config changes
2026-05-05T13:42:32.4729725Z Adding repository directory to the temporary git global config as a safe directory
2026-05-05T13:42:32.4732203Z [command]/usr/bin/git config --global --add safe.directory /home/runner/work/eslint/eslint
2026-05-05T13:42:32.4764211Z Deleting the contents of '/home/runner/work/eslint/eslint'
2026-05-05T13:42:32.4769146Z ##[group]Initializing the repository
2026-05-05T13:42:32.4773627Z [command]/usr/bin/git init /home/runner/work/eslint/eslint
2026-05-05T13:42:32.4855318Z hint: Using 'master' as the name for the initial branch. This default branch name
2026-05-05T13:42:32.4857876Z hint: will change to "main" in Git 3.0. To configure the initial branch name
2026-05-05T13:42:32.4859410Z hint: to use in all of your new repositories, which will suppress this warning,
2026-05-05T13:42:32.4860195Z hint: call:
2026-05-05T13:42:32.4861005Z hint:
2026-05-05T13:42:32.4861632Z hint: 	git config --global init.defaultBranch <name>
2026-05-05T13:42:32.4862578Z hint:
2026-05-05T13:42:32.4863215Z hint: Names commonly chosen instead of 'master' are 'main', 'trunk' and
2026-05-05T13:42:32.4864171Z hint: 'development'. The just-created branch can be renamed via this command:
2026-05-05T13:42:32.4864910Z hint:
2026-05-05T13:42:32.4865325Z hint: 	git branch -m <name>
2026-05-05T13:42:32.4865795Z hint:
2026-05-05T13:42:32.4866629Z hint: Disable this message with "git config set advice.defaultBranchName false"
2026-05-05T13:42:32.4868523Z Initialized empty Git repository in /home/runner/work/eslint/eslint/.git/
2026-05-05T13:42:32.4870368Z [command]/usr/bin/git remote add origin https://github.com/eslint/eslint
2026-05-05T13:42:32.4898438Z ##[endgroup]
2026-05-05T13:42:32.4899230Z ##[group]Disabling automatic garbage collection
2026-05-05T13:42:32.4901942Z [command]/usr/bin/git config --local gc.auto 0
2026-05-05T13:42:32.4930062Z ##[endgroup]
2026-05-05T13:42:32.4930969Z ##[group]Setting up auth
2026-05-05T13:42:32.4931844Z Removing SSH command configuration
2026-05-05T13:42:32.4937640Z [command]/usr/bin/git config --local --name-only --get-regexp core\.sshCommand
2026-05-05T13:42:32.4969803Z [command]/usr/bin/git submodule foreach --recursive sh -c "git config --local --name-only --get-regexp 'core\.sshCommand' && git config --local --unset-all 'core.sshCommand' || :"
2026-05-05T13:42:32.5239991Z Removing HTTP extra header
2026-05-05T13:42:32.5246358Z [command]/usr/bin/git config --local --name-only --get-regexp http\.https\:\/\/github\.com\/\.extraheader
2026-05-05T13:42:32.5278137Z [command]/usr/bin/git submodule foreach --recursive sh -c "git config --local --name-only --get-regexp 'http\.https\:\/\/github\.com\/\.extraheader' && git config --local --unset-all 'http.https://github.com/.extraheader' || :"
2026-05-05T13:42:32.5490456Z Removing includeIf entries pointing to credentials config files
2026-05-05T13:42:32.5496755Z [command]/usr/bin/git config --local --name-only --get-regexp ^includeIf\.gitdir:
2026-05-05T13:42:32.5531057Z [command]/usr/bin/git submodule foreach --recursive git config --local --show-origin --name-only --get-regexp remote.origin.url
2026-05-05T13:42:32.5752555Z [command]/usr/bin/git config --file /home/runner/work/_temp/git-credentials-ddc65641-2870-495d-afad-12d8caff8784.config http.https://github.com/.extraheader AUTHORIZATION: basic ***
2026-05-05T13:42:32.5788995Z [command]/usr/bin/git config --local includeIf.gitdir:/home/runner/work/eslint/eslint/.git.path /home/runner/work/_temp/git-credentials-ddc65641-2870-495d-afad-12d8caff8784.config
2026-05-05T13:42:32.5819571Z [command]/usr/bin/git config --local includeIf.gitdir:/home/runner/work/eslint/eslint/.git/worktrees/*.path /home/runner/work/_temp/git-credentials-ddc65641-2870-495d-afad-12d8caff8784.config
2026-05-05T13:42:32.5849960Z [command]/usr/bin/git config --local includeIf.gitdir:/github/workspace/.git.path /github/runner_temp/git-credentials-ddc65641-2870-495d-afad-12d8caff8784.config
2026-05-05T13:42:32.5881282Z [command]/usr/bin/git config --local includeIf.gitdir:/github/workspace/.git/worktrees/*.path /github/runner_temp/git-credentials-ddc65641-2870-495d-afad-12d8caff8784.config
2026-05-05T13:42:32.5907843Z ##[endgroup]
2026-05-05T13:42:32.5909253Z ##[group]Fetching the repository
2026-05-05T13:42:32.5918382Z [command]/usr/bin/git -c protocol.version=2 fetch --no-tags --prune --no-recurse-submodules --depth=1 origin +f1dfbc9ca57196de7092e1888cc99427bd6fe06e:refs/remotes/origin/main
2026-05-05T13:42:33.9142696Z From https://github.com/eslint/eslint
2026-05-05T13:42:33.9145056Z  * [new ref]         f1dfbc9ca57196de7092e1888cc99427bd6fe06e -> origin/main
2026-05-05T13:42:33.9179868Z [command]/usr/bin/git branch --list --remote origin/main
2026-05-05T13:42:33.9203135Z   origin/main
2026-05-05T13:42:33.9211466Z [command]/usr/bin/git rev-parse refs/remotes/origin/main
2026-05-05T13:42:33.9234689Z f1dfbc9ca57196de7092e1888cc99427bd6fe06e
2026-05-05T13:42:33.9240228Z ##[endgroup]
2026-05-05T13:42:33.9241736Z ##[group]Determining the checkout info
2026-05-05T13:42:33.9242911Z ##[endgroup]
2026-05-05T13:42:33.9244874Z [command]/usr/bin/git sparse-checkout disable
2026-05-05T13:42:33.9282032Z [command]/usr/bin/git config --local --unset-all extensions.worktreeConfig
2026-05-05T13:42:33.9308155Z ##[group]Checking out the ref
2026-05-05T13:42:33.9311136Z [command]/usr/bin/git checkout --progress --force -B main refs/remotes/origin/main
2026-05-05T13:42:34.1056059Z Switched to a new branch 'main'
2026-05-05T13:42:34.1058364Z branch 'main' set up to track 'origin/main'.
2026-05-05T13:42:34.1069201Z ##[endgroup]
2026-05-05T13:42:34.1109684Z [command]/usr/bin/git log -1 --format=%H
2026-05-05T13:42:34.1132836Z f1dfbc9ca57196de7092e1888cc99427bd6fe06e
2026-05-05T13:42:34.1475276Z ##[group]Run actions/setup-node@v6
2026-05-05T13:42:34.1476325Z with:
2026-05-05T13:42:34.1477034Z   node-version: 22.x
2026-05-05T13:42:34.1478324Z   check-latest: false
2026-05-05T13:42:34.1479652Z   token: ***
2026-05-05T13:42:34.1480628Z   package-manager-cache: true
2026-05-05T13:42:34.1481641Z ##[endgroup]
2026-05-05T13:42:34.3055348Z Found in cache @ /opt/hostedtoolcache/node/22.22.2/x64
2026-05-05T13:42:34.3058825Z ##[group]Environment details
2026-05-05T13:42:34.5846942Z node: v22.22.2
2026-05-05T13:42:34.5848173Z npm: 10.9.7
2026-05-05T13:42:34.5848882Z yarn: 1.22.22
2026-05-05T13:42:34.5850345Z ##[endgroup]
2026-05-05T13:42:34.6001890Z ##[group]Run npm install
2026-05-05T13:42:34.6002877Z [36;1mnpm install[0m
2026-05-05T13:42:34.6036036Z shell: /usr/bin/bash -e {0}
2026-05-05T13:42:34.6036948Z ##[endgroup]
2026-05-05T13:42:53.2183959Z npm warn deprecated inflight@1.0.6: This module is not supported, and leaks memory. Do not use it. Check out lru-cache if you want a good and tested way to coalesce async requests by a key value, which is much more comprehensive and powerful.
2026-05-05T13:42:53.2949604Z npm warn deprecated whatwg-encoding@3.1.1: Use @exodus/bytes instead for a more spec-conformant and faster implementation
2026-05-05T13:42:53.7330905Z npm warn deprecated lodash.get@4.4.2: This package is deprecated. Use the optional chaining (?.) operator instead.
2026-05-05T13:42:53.8215262Z npm warn deprecated readdir-scoped-modules@1.1.0: This functionality has been moved to @npmcli/fs
2026-05-05T13:42:53.8422256Z npm warn deprecated read-package-json@2.1.2: This package is no longer supported. Please use @npmcli/package-json instead.
2026-05-05T13:42:53.8424495Z npm warn deprecated debuglog@1.0.1: Package no longer supported. Contact Support at https://www.npmjs.com/support for more info.
2026-05-05T13:42:54.7445939Z npm warn deprecated @sinonjs/text-encoding@0.7.3: Deprecated: no longer maintained and no longer used by Sinon packages. See
2026-05-05T13:42:54.7446873Z npm warn deprecated   https://github.com/sinonjs/nise/issues/243 for replacement details.
2026-05-05T13:42:55.4602112Z npm warn deprecated read-installed@4.0.3: This package is no longer supported.
2026-05-05T13:42:55.4648397Z npm warn deprecated lodash.pick@4.4.0: This package is deprecated. Use destructuring assignment syntax instead.
2026-05-05T13:42:56.7143434Z npm warn deprecated glob@7.2.3: Old versions of glob are not supported, and contain widely publicized security vulnerabilities, which have been fixed in the current version. Please update. Support for old versions may be purchased (at exorbitant rates) by contacting i@izs.me
2026-05-05T13:42:58.2493625Z npm warn deprecated uuid@8.3.2: uuid@10 and below is no longer supported.  For ESM codebases, update to uuid@latest.  For CommonJS codebases, use uuid@11 (but be aware this version will likely be deprecated in 2028).
2026-05-05T13:42:58.6814268Z npm warn deprecated glob@10.5.0: Old versions of glob are not supported, and contain widely publicized security vulnerabilities, which have been fixed in the current version. Please update. Support for old versions may be purchased (at exorbitant rates) by contacting i@izs.me
2026-05-05T13:42:59.4678067Z npm warn deprecated sinon@11.1.2: 16.1.1
2026-05-05T13:43:14.2665928Z 
2026-05-05T13:43:14.2668008Z added 1183 packages, and audited 1185 packages in 40s
2026-05-05T13:43:14.2668631Z 
2026-05-05T13:43:14.2669001Z 263 packages are looking for funding
2026-05-05T13:43:14.2669744Z   run `npm fund` for details
2026-05-05T13:43:14.2816120Z 
2026-05-05T13:43:14.2816793Z 25 vulnerabilities (6 low, 3 moderate, 14 high, 2 critical)
2026-05-05T13:43:14.2817525Z 
2026-05-05T13:43:14.2818022Z To address all issues possible (including breaking changes), run:
2026-05-05T13:43:14.2818642Z   npm audit fix --force
2026-05-05T13:43:14.2818882Z 
2026-05-05T13:43:14.2819197Z Some issues need review, and may require choosing
2026-05-05T13:43:14.2819732Z a different dependency.
2026-05-05T13:43:14.2819959Z 
2026-05-05T13:43:14.2820142Z Run `npm audit` for details.
2026-05-05T13:43:14.3556536Z ##[group]Run node Makefile mocha
2026-05-05T13:43:14.3556860Z [36;1mnode Makefile mocha[0m
2026-05-05T13:43:14.3578896Z shell: /usr/bin/bash -e {0}
2026-05-05T13:43:14.3579148Z env:
2026-05-05T13:43:14.3579321Z   NODE_OPTIONS: 
2026-05-05T13:43:14.3579510Z ##[endgroup]
2026-05-05T13:43:14.5586915Z Running unit tests
2026-05-05T13:43:16.4748652Z 
2026-05-05T13:43:16.8018267Z 
2026-05-05T13:43:30.9656547Z (node:2479) ExperimentalWarning: vm.USE_MAIN_CONTEXT_DEFAULT_LOADER is an experimental feature and might change at any time
2026-05-05T13:43:30.9658303Z (Use `node --trace-warnings ...` to show where the warning was created)
2026-05-05T13:43:36.3845198Z [J[90m  [[0m....................................[90m][0m
2026-05-05T13:43:42.8082275Z [J[90m  [[0m...................................[90m][0m
2026-05-05T13:43:44.3947337Z [J[90m  [[0m▬..................................[90m][0m
2026-05-05T13:43:46.5654162Z [J[90m  [[0m▬▬.................................[90m][0m
2026-05-05T13:43:47.9883585Z [J[90m  [[0m▬▬▬................................[90m][0m
2026-05-05T13:43:49.2907568Z [J[90m  [[0m▬▬▬▬...............................[90m][0m
2026-05-05T13:43:50.6749964Z [J[90m  [[0m▬▬▬▬▬..............................[90m][0m
2026-05-05T13:43:51.8806374Z [J[90m  [[0m▬▬▬▬▬▬.............................[90m][0m
2026-05-05T13:43:53.0530053Z [J[90m  [[0m▬▬▬▬▬▬▬............................[90m][0m
2026-05-05T13:43:54.7541933Z [J[90m  [[0m▬▬▬▬▬▬▬▬...........................[90m][0m
2026-05-05T13:43:57.0329665Z [J[90m  [[0m▬▬▬▬▬▬▬▬▬..........................[90m][0m
2026-05-05T13:43:58.8789246Z [J[90m  [[0m▬▬▬▬▬▬▬▬▬▬.........................[90m][0m
2026-05-05T13:44:00.3241173Z [J[90m  [[0m▬▬▬▬▬▬▬▬▬▬▬........................[90m][0m
2026-05-05T13:44:01.5084115Z [J[90m  [[0m▬▬▬▬▬▬▬▬▬▬▬▬.......................[90m][0m
2026-05-05T13:44:02.5811547Z [J[90m  [[0m▬▬▬▬▬▬▬▬▬▬▬▬▬......................[90m][0m
2026-05-05T13:44:04.1505262Z [J[90m  [[0m▬▬▬▬▬▬▬▬▬▬▬▬▬▬.....................[90m][0m
2026-05-05T13:44:06.7394849Z [J[90m  [[0m▬▬▬▬▬▬▬▬▬▬▬▬▬▬▬....................[90m][0m
2026-05-05T13:44:08.7931822Z [J[90m  [[0m▬▬▬▬▬▬▬▬▬▬▬▬▬▬▬▬...................[90m][0m
2026-05-05T13:44:10.1966394Z [J[90m  [[0m▬▬▬▬▬▬▬▬▬▬▬▬▬▬▬▬▬..................[90m][0m
2026-05-05T13:44:12.1665229Z [J[90m  [[0m▬▬▬▬▬▬▬▬▬▬▬▬▬▬▬▬▬▬.................[90m][0m
2026-05-05T13:44:13.5292981Z [J[90m  [[0m▬▬▬▬▬▬▬▬▬▬▬▬▬▬▬▬▬▬▬................[90m][0m
2026-05-05T13:44:14.6818509Z [J[90m  [[0m▬▬▬▬▬▬▬▬▬▬▬▬▬▬▬▬▬▬▬▬...............[90m][0m
2026-05-05T13:44:15.8811308Z [J[90m  [[0m▬▬▬▬▬▬▬▬▬▬▬▬▬▬▬▬▬▬▬▬▬..............[90m][0m
2026-05-05T13:44:17.2202045Z [J[90m  [[0m▬▬▬▬▬▬▬▬▬▬▬▬▬▬▬▬▬▬▬▬▬▬.............[90m][0m
2026-05-05T13:44:18.5013872Z [J[90m  [[0m▬▬▬▬▬▬▬▬▬▬▬▬▬▬▬▬▬▬▬▬▬▬▬............[90m][0m
2026-05-05T13:44:19.6028012Z [J[90m  [[0m▬▬▬▬▬▬▬▬▬▬▬▬▬▬▬▬▬▬▬▬▬▬▬▬...........[90m][0m
2026-05-05T13:44:20.8177013Z [J[90m  [[0m▬▬▬▬▬▬▬▬▬▬▬▬▬▬▬▬▬▬▬▬▬▬▬▬▬..........[90m][0m
2026-05-05T13:44:22.3061536Z [J[90m  [[0m▬▬▬▬▬▬▬▬▬▬▬▬▬▬▬▬▬▬▬▬▬▬▬▬▬▬.........[90m][0m
2026-05-05T13:44:23.6052426Z [J[90m  [[0m▬▬▬▬▬▬▬▬▬▬▬▬▬▬▬▬▬▬▬▬▬▬▬▬▬▬▬........[90m][0m
2026-05-05T13:44:24.8480989Z [J[90m  [[0m▬▬▬▬▬▬▬▬▬▬▬▬▬▬▬▬▬▬▬▬▬▬▬▬▬▬▬▬.......[90m][0m
2026-05-05T13:44:26.1354496Z [J[90m  [[0m▬▬▬▬▬▬▬▬▬▬▬▬▬▬▬▬▬▬▬▬▬▬▬▬▬▬▬▬▬......[90m][0m
2026-05-05T13:44:27.6241209Z [J[90m  [[0m▬▬▬▬▬▬▬▬▬▬▬▬▬▬▬▬▬▬▬▬▬▬▬▬▬▬▬▬▬▬.....[90m][0m
2026-05-05T13:44:28.8924635Z [J[90m  [[0m▬▬▬▬▬▬▬▬▬▬▬▬▬▬▬▬▬▬▬▬▬▬▬▬▬▬▬▬▬▬▬....[90m][0m
2026-05-05T13:44:30.0951659Z [J[90m  [[0m▬▬▬▬▬▬▬▬▬▬▬▬▬▬▬▬▬▬▬▬▬▬▬▬▬▬▬▬▬▬▬▬...[90m][0m
2026-05-05T13:44:31.2140352Z [J[90m  [[0m▬▬▬▬▬▬▬▬▬▬▬▬▬▬▬▬▬▬▬▬▬▬▬▬▬▬▬▬▬▬▬▬▬..[90m][0m
2026-05-05T13:44:31.6324831Z [J[90m  [[0m▬▬▬▬▬▬▬▬▬▬▬▬▬▬▬▬▬▬▬▬▬▬▬▬▬▬▬▬▬▬▬▬▬▬.[90m][0m
2026-05-05T13:44:37.3092635Z [J[90m  [[0m▬▬▬▬▬▬▬▬▬▬▬▬▬▬▬▬▬▬▬▬▬▬▬▬▬▬▬▬▬▬▬▬▬▬▬[90m][0m
2026-05-05T13:44:37.3094228Z [J[90m  [[0m▬▬▬▬▬▬▬▬▬▬▬▬▬▬▬▬▬▬▬▬▬▬▬▬▬▬▬▬▬▬▬▬▬▬▬▬[90m][0m
2026-05-05T13:44:37.3095393Z 
2026-05-05T13:44:37.3097052Z [92m [0m[32m 38129 passing[0m[90m (1m)[0m
2026-05-05T13:44:37.3098048Z [36m [0m[36m 11 pending[0m
2026-05-05T13:44:37.3098333Z 
2026-05-05T13:44:41.0098816Z 
2026-05-05T13:44:41.0099796Z =============================== Coverage summary ===============================
2026-05-05T13:44:41.0100686Z Statements   : 99.26% ( 98086/98812 )
2026-05-05T13:44:41.0101215Z Branches     : 98.33% ( 16570/16851 )
2026-05-05T13:44:41.0101559Z Functions    : 99.4% ( 3512/3533 )
2026-05-05T13:44:41.0101892Z Lines        : 99.26% ( 98086/98812 )
2026-05-05T13:44:41.0102321Z ================================================================================
2026-05-05T13:44:44.3001464Z ##[group]Run node Makefile fuzz
2026-05-05T13:44:44.3001757Z [36;1mnode Makefile fuzz[0m
2026-05-05T13:44:44.3022744Z shell: /usr/bin/bash -e {0}
2026-05-05T13:44:44.3023014Z ##[endgroup]
2026-05-05T13:44:59.0246697Z 
2026-05-05T13:44:59.0640321Z ##[group]Run npm run test:emfile
2026-05-05T13:44:59.0640636Z [36;1mnpm run test:emfile[0m
2026-05-05T13:44:59.0662069Z shell: /usr/bin/bash -e {0}
2026-05-05T13:44:59.0662298Z ##[endgroup]
2026-05-05T13:44:59.1666092Z 
2026-05-05T13:44:59.1666541Z > eslint@10.3.0 test:emfile
2026-05-05T13:44:59.1667359Z > node tools/check-emfile-handling.js
2026-05-05T13:44:59.1667620Z 
2026-05-05T13:44:59.1997720Z Detected Linux file limit of 65537.
2026-05-05T13:44:59.1998539Z Generating 65537 files in tmp/emfile-check...
2026-05-05T13:45:01.4259619Z Running ESLint...
2026-05-05T13:45:42.8556468Z ✅ No errors encountered running ESLint.
2026-05-05T13:45:42.8557333Z Checking that this number of files would cause an EMFILE error...
2026-05-05T13:45:47.8725100Z ✅ EMFILE error encountered: EMFILE: too many open files, open 'tmp/emfile-check/file_65513.js'
2026-05-05T13:45:49.8828303Z Post job cleanup.
2026-05-05T13:45:50.0148986Z Post job cleanup.
2026-05-05T13:45:50.0971663Z [command]/usr/bin/git version
2026-05-05T13:45:50.1007945Z git version 2.53.0
2026-05-05T13:45:50.1082775Z Temporarily overriding HOME='/home/runner/work/_temp/b9a11d3d-b2c8-47da-b7e4-aac57c4e9a33' before making global git config changes
2026-05-05T13:45:50.1084355Z Adding repository directory to the temporary git global config as a safe directory
2026-05-05T13:45:50.1089276Z [command]/usr/bin/git config --global --add safe.directory /home/runner/work/eslint/eslint
2026-05-05T13:45:50.1120056Z Removing SSH command configuration
2026-05-05T13:45:50.1126875Z [command]/usr/bin/git config --local --name-only --get-regexp core\.sshCommand
2026-05-05T13:45:50.1160096Z [command]/usr/bin/git submodule foreach --recursive sh -c "git config --local --name-only --get-regexp 'core\.sshCommand' && git config --local --unset-all 'core.sshCommand' || :"
2026-05-05T13:45:50.1384957Z Removing HTTP extra header
2026-05-05T13:45:50.1390723Z [command]/usr/bin/git config --local --name-only --get-regexp http\.https\:\/\/github\.com\/\.extraheader
2026-05-05T13:45:50.1424313Z [command]/usr/bin/git submodule foreach --recursive sh -c "git config --local --name-only --get-regexp 'http\.https\:\/\/github\.com\/\.extraheader' && git config --local --unset-all 'http.https://github.com/.extraheader' || :"
2026-05-05T13:45:50.1643244Z Removing includeIf entries pointing to credentials config files
2026-05-05T13:45:50.1650970Z [command]/usr/bin/git config --local --name-only --get-regexp ^includeIf\.gitdir:
2026-05-05T13:45:50.1674925Z includeif.gitdir:/home/runner/work/eslint/eslint/.git.path
2026-05-05T13:45:50.1675951Z includeif.gitdir:/home/runner/work/eslint/eslint/.git/worktrees/*.path
2026-05-05T13:45:50.1676827Z includeif.gitdir:/github/workspace/.git.path
2026-05-05T13:45:50.1677874Z includeif.gitdir:/github/workspace/.git/worktrees/*.path
2026-05-05T13:45:50.1685897Z [command]/usr/bin/git config --local --get-all includeif.gitdir:/home/runner/work/eslint/eslint/.git.path
2026-05-05T13:45:50.1707532Z /home/runner/work/_temp/git-credentials-ddc65641-2870-495d-afad-12d8caff8784.config
2026-05-05T13:45:50.1718258Z [command]/usr/bin/git config --local --unset includeif.gitdir:/home/runner/work/eslint/eslint/.git.path /home/runner/work/_temp/git-credentials-ddc65641-2870-495d-afad-12d8caff8784.config
2026-05-05T13:45:50.1754604Z [command]/usr/bin/git config --local --get-all includeif.gitdir:/home/runner/work/eslint/eslint/.git/worktrees/*.path
2026-05-05T13:45:50.1776233Z /home/runner/work/_temp/git-credentials-ddc65641-2870-495d-afad-12d8caff8784.config
2026-05-05T13:45:50.1785502Z [command]/usr/bin/git config --local --unset includeif.gitdir:/home/runner/work/eslint/eslint/.git/worktrees/*.path /home/runner/work/_temp/git-credentials-ddc65641-2870-495d-afad-12d8caff8784.config
2026-05-05T13:45:50.1818493Z [command]/usr/bin/git config --local --get-all includeif.gitdir:/github/workspace/.git.path
2026-05-05T13:45:50.1851942Z /github/runner_temp/git-credentials-ddc65641-2870-495d-afad-12d8caff8784.config
2026-05-05T13:45:50.1862356Z [command]/usr/bin/git config --local --unset includeif.gitdir:/github/workspace/.git.path /github/runner_temp/git-credentials-ddc65641-2870-495d-afad-12d8caff8784.config
2026-05-05T13:45:50.1896967Z [command]/usr/bin/git config --local --get-all includeif.gitdir:/github/workspace/.git/worktrees/*.path
2026-05-05T13:45:50.1919800Z /github/runner_temp/git-credentials-ddc65641-2870-495d-afad-12d8caff8784.config
2026-05-05T13:45:50.1931322Z [command]/usr/bin/git config --local --unset includeif.gitdir:/github/workspace/.git/worktrees/*.path /github/runner_temp/git-credentials-ddc65641-2870-495d-afad-12d8caff8784.config
2026-05-05T13:45:50.1970194Z [command]/usr/bin/git submodule foreach --recursive git config --local --show-origin --name-only --get-regexp remote.origin.url
2026-05-05T13:45:50.2213655Z Removing credentials config '/home/runner/work/_temp/git-credentials-ddc65641-2870-495d-afad-12d8caff8784.config'
2026-05-05T13:45:50.2372365Z Cleaning up orphan processes
