2026-02-20T02:40:53.8527027Z Current runner version: '2.331.0'
2026-02-20T02:40:53.8550172Z ##[group]Runner Image Provisioner
2026-02-20T02:40:53.8550981Z Hosted Compute Agent
2026-02-20T02:40:53.8551519Z Version: 20260123.484
2026-02-20T02:40:53.8552207Z Commit: 6bd6555ca37d84114959e1c76d2c01448ff61c5d
2026-02-20T02:40:53.8552927Z Build Date: 2026-01-23T19:41:17Z
2026-02-20T02:40:53.8553562Z Worker ID: {5c9c89f0-40da-410b-8f14-6696b28dd3f6}
2026-02-20T02:40:53.8554383Z Azure Region: northcentralus
2026-02-20T02:40:53.8554957Z ##[endgroup]
2026-02-20T02:40:53.8557002Z ##[group]Operating System
2026-02-20T02:40:53.8557681Z Ubuntu
2026-02-20T02:40:53.8558197Z 24.04.3
2026-02-20T02:40:53.8558632Z LTS
2026-02-20T02:40:53.8559150Z ##[endgroup]
2026-02-20T02:40:53.8559679Z ##[group]Runner Image
2026-02-20T02:40:53.8560229Z Image: ubuntu-24.04
2026-02-20T02:40:53.8560793Z Version: 20260201.15.1
2026-02-20T02:40:53.8561955Z Included Software: https://github.com/actions/runner-images/blob/ubuntu24/20260201.15/images/ubuntu/Ubuntu2404-Readme.md
2026-02-20T02:40:53.8563432Z Image Release: https://github.com/actions/runner-images/releases/tag/ubuntu24%2F20260201.15
2026-02-20T02:40:53.8564401Z ##[endgroup]
2026-02-20T02:40:53.8565449Z ##[group]GITHUB_TOKEN Permissions
2026-02-20T02:40:53.8567762Z Contents: read
2026-02-20T02:40:53.8568295Z Metadata: read
2026-02-20T02:40:53.8568799Z Packages: read
2026-02-20T02:40:53.8569373Z ##[endgroup]
2026-02-20T02:40:53.8571339Z Secret source: None
2026-02-20T02:40:53.8572085Z Prepare workflow directory
2026-02-20T02:40:53.8920664Z Prepare all required actions
2026-02-20T02:40:53.8974388Z Getting action download info
2026-02-20T02:40:54.2935358Z Download action repository 'actions/checkout@v6' (SHA:de0fac2e4500dabe0009e67214ff5f5447ce83dd)
2026-02-20T02:40:54.4095778Z Download action repository 'actions/setup-java@v5' (SHA:be666c2fcd27ec809703dec50e508c2fdc7f6654)
2026-02-20T02:40:54.9026356Z Download action repository 'gradle/actions@v5' (SHA:f29f5a9d7b09a7c6b29859002d29d24e1674c884)
2026-02-20T02:40:55.8503347Z Download action repository 'codecov/codecov-action@v5' (SHA:671740ac38dd9b0130fbe1cec585b89eea48d3de)
2026-02-20T02:40:56.2338450Z Getting action download info
2026-02-20T02:40:56.3756709Z Download action repository 'actions/github-script@60a0d83039c74a4aee543508d2ffcb1c3799cdea' (SHA:60a0d83039c74a4aee543508d2ffcb1c3799cdea)
2026-02-20T02:40:56.7492093Z Complete job name: Build and test on ubuntu-latest
2026-02-20T02:40:56.8190372Z ##[group]Run actions/checkout@v6
2026-02-20T02:40:56.8190925Z with:
2026-02-20T02:40:56.8191107Z   repository: uber/NullAway
2026-02-20T02:40:56.8191475Z   token: ***
2026-02-20T02:40:56.8191654Z   ssh-strict: true
2026-02-20T02:40:56.8191827Z   ssh-user: git
2026-02-20T02:40:56.8192013Z   persist-credentials: true
2026-02-20T02:40:56.8192222Z   clean: true
2026-02-20T02:40:56.8192417Z   sparse-checkout-cone-mode: true
2026-02-20T02:40:56.8192644Z   fetch-depth: 1
2026-02-20T02:40:56.8192832Z   fetch-tags: false
2026-02-20T02:40:56.8193016Z   show-progress: true
2026-02-20T02:40:56.8193218Z   lfs: false
2026-02-20T02:40:56.8193375Z   submodules: false
2026-02-20T02:40:56.8193562Z   set-safe-directory: true
2026-02-20T02:40:56.8193957Z ##[endgroup]
2026-02-20T02:40:56.9149575Z Syncing repository: uber/NullAway
2026-02-20T02:40:56.9150830Z ##[group]Getting Git version info
2026-02-20T02:40:56.9151232Z Working directory is '/home/runner/work/NullAway/NullAway'
2026-02-20T02:40:56.9152022Z [command]/usr/bin/git version
2026-02-20T02:40:56.9210630Z git version 2.52.0
2026-02-20T02:40:56.9233556Z ##[endgroup]
2026-02-20T02:40:56.9247061Z Temporarily overriding HOME='/home/runner/work/_temp/ce888607-c804-4968-8949-2c30b7d735fc' before making global git config changes
2026-02-20T02:40:56.9248088Z Adding repository directory to the temporary git global config as a safe directory
2026-02-20T02:40:56.9253106Z [command]/usr/bin/git config --global --add safe.directory /home/runner/work/NullAway/NullAway
2026-02-20T02:40:56.9292572Z Deleting the contents of '/home/runner/work/NullAway/NullAway'
2026-02-20T02:40:56.9295536Z ##[group]Initializing the repository
2026-02-20T02:40:56.9300466Z [command]/usr/bin/git init /home/runner/work/NullAway/NullAway
2026-02-20T02:40:56.9427307Z hint: Using 'master' as the name for the initial branch. This default branch name
2026-02-20T02:40:56.9428372Z hint: will change to "main" in Git 3.0. To configure the initial branch name
2026-02-20T02:40:56.9429336Z hint: to use in all of your new repositories, which will suppress this warning,
2026-02-20T02:40:56.9430031Z hint: call:
2026-02-20T02:40:56.9430339Z hint:
2026-02-20T02:40:56.9430777Z hint: 	git config --global init.defaultBranch <name>
2026-02-20T02:40:56.9431329Z hint:
2026-02-20T02:40:56.9431820Z hint: Names commonly chosen instead of 'master' are 'main', 'trunk' and
2026-02-20T02:40:56.9432702Z hint: 'development'. The just-created branch can be renamed via this command:
2026-02-20T02:40:56.9433345Z hint:
2026-02-20T02:40:56.9433643Z hint: 	git branch -m <name>
2026-02-20T02:40:56.9433991Z hint:
2026-02-20T02:40:56.9434521Z hint: Disable this message with "git config set advice.defaultBranchName false"
2026-02-20T02:40:56.9435292Z Initialized empty Git repository in /home/runner/work/NullAway/NullAway/.git/
2026-02-20T02:40:56.9445143Z [command]/usr/bin/git remote add origin https://github.com/uber/NullAway
2026-02-20T02:40:56.9479099Z ##[endgroup]
2026-02-20T02:40:56.9479714Z ##[group]Disabling automatic garbage collection
2026-02-20T02:40:56.9482953Z [command]/usr/bin/git config --local gc.auto 0
2026-02-20T02:40:56.9511694Z ##[endgroup]
2026-02-20T02:40:56.9512162Z ##[group]Setting up auth
2026-02-20T02:40:56.9513707Z Removing SSH command configuration
2026-02-20T02:40:56.9519475Z [command]/usr/bin/git config --local --name-only --get-regexp core\.sshCommand
2026-02-20T02:40:56.9549756Z [command]/usr/bin/git submodule foreach --recursive sh -c "git config --local --name-only --get-regexp 'core\.sshCommand' && git config --local --unset-all 'core.sshCommand' || :"
2026-02-20T02:40:56.9891916Z Removing HTTP extra header
2026-02-20T02:40:56.9896930Z [command]/usr/bin/git config --local --name-only --get-regexp http\.https\:\/\/github\.com\/\.extraheader
2026-02-20T02:40:56.9925571Z [command]/usr/bin/git submodule foreach --recursive sh -c "git config --local --name-only --get-regexp 'http\.https\:\/\/github\.com\/\.extraheader' && git config --local --unset-all 'http.https://github.com/.extraheader' || :"
2026-02-20T02:40:57.0151137Z Removing includeIf entries pointing to credentials config files
2026-02-20T02:40:57.0156458Z [command]/usr/bin/git config --local --name-only --get-regexp ^includeIf\.gitdir:
2026-02-20T02:40:57.0186359Z [command]/usr/bin/git submodule foreach --recursive git config --local --show-origin --name-only --get-regexp remote.origin.url
2026-02-20T02:40:57.0403999Z [command]/usr/bin/git config --file /home/runner/work/_temp/git-credentials-82f93930-1fc2-4c27-8250-afb3ead1569e.config http.https://github.com/.extraheader AUTHORIZATION: basic ***
2026-02-20T02:40:57.0440180Z [command]/usr/bin/git config --local includeIf.gitdir:/home/runner/work/NullAway/NullAway/.git.path /home/runner/work/_temp/git-credentials-82f93930-1fc2-4c27-8250-afb3ead1569e.config
2026-02-20T02:40:57.0469970Z [command]/usr/bin/git config --local includeIf.gitdir:/home/runner/work/NullAway/NullAway/.git/worktrees/*.path /home/runner/work/_temp/git-credentials-82f93930-1fc2-4c27-8250-afb3ead1569e.config
2026-02-20T02:40:57.0499368Z [command]/usr/bin/git config --local includeIf.gitdir:/github/workspace/.git.path /github/runner_temp/git-credentials-82f93930-1fc2-4c27-8250-afb3ead1569e.config
2026-02-20T02:40:57.0529769Z [command]/usr/bin/git config --local includeIf.gitdir:/github/workspace/.git/worktrees/*.path /github/runner_temp/git-credentials-82f93930-1fc2-4c27-8250-afb3ead1569e.config
2026-02-20T02:40:57.0556262Z ##[endgroup]
2026-02-20T02:40:57.0556632Z ##[group]Fetching the repository
2026-02-20T02:40:57.0565154Z [command]/usr/bin/git -c protocol.version=2 fetch --no-tags --prune --no-recurse-submodules --depth=1 origin +3b21219fd5a1699305652089380575698977a8c9:refs/remotes/pull/1472/merge
2026-02-20T02:40:57.8053106Z From https://github.com/uber/NullAway
2026-02-20T02:40:57.8053834Z  * [new ref]         3b21219fd5a1699305652089380575698977a8c9 -> pull/1472/merge
2026-02-20T02:40:57.8086083Z ##[endgroup]
2026-02-20T02:40:57.8086763Z ##[group]Determining the checkout info
2026-02-20T02:40:57.8087650Z ##[endgroup]
2026-02-20T02:40:57.8092419Z [command]/usr/bin/git sparse-checkout disable
2026-02-20T02:40:57.8134655Z [command]/usr/bin/git config --local --unset-all extensions.worktreeConfig
2026-02-20T02:40:57.8160577Z ##[group]Checking out the ref
2026-02-20T02:40:57.8165673Z [command]/usr/bin/git checkout --progress --force refs/remotes/pull/1472/merge
2026-02-20T02:40:57.8776498Z Note: switching to 'refs/remotes/pull/1472/merge'.
2026-02-20T02:40:57.8777049Z 
2026-02-20T02:40:57.8777471Z You are in 'detached HEAD' state. You can look around, make experimental
2026-02-20T02:40:57.8778463Z changes and commit them, and you can discard any commits you make in this
2026-02-20T02:40:57.8779448Z state without impacting any branches by switching back to a branch.
2026-02-20T02:40:57.8780673Z 
2026-02-20T02:40:57.8781092Z If you want to create a new branch to retain commits you create, you may
2026-02-20T02:40:57.8781736Z do so (now or later) by using -c with the switch command. Example:
2026-02-20T02:40:57.8782066Z 
2026-02-20T02:40:57.8782208Z   git switch -c <new-branch-name>
2026-02-20T02:40:57.8782423Z 
2026-02-20T02:40:57.8782546Z Or undo this operation with:
2026-02-20T02:40:57.8782737Z 
2026-02-20T02:40:57.8782831Z   git switch -
2026-02-20T02:40:57.8783007Z 
2026-02-20T02:40:57.8783262Z Turn off this advice by setting config variable advice.detachedHead to false
2026-02-20T02:40:57.8783634Z 
2026-02-20T02:40:57.8784057Z HEAD is now at 3b21219 Merge 3857cf3202fa5c1df5f799cac98f21ac7777e7e4 into 09b39c99ae92c04e63686a2b22fc3725057420ff
2026-02-20T02:40:57.8793193Z ##[endgroup]
2026-02-20T02:40:57.8831903Z [command]/usr/bin/git log -1 --format=%H
2026-02-20T02:40:57.8855491Z 3b21219fd5a1699305652089380575698977a8c9
2026-02-20T02:40:57.9117753Z ##[group]Run actions/setup-java@v5
2026-02-20T02:40:57.9118048Z with:
2026-02-20T02:40:57.9118248Z   java-version: 25
2026-02-20T02:40:57.9118450Z   distribution: zulu
2026-02-20T02:40:57.9118656Z   java-package: jdk
2026-02-20T02:40:57.9118855Z   check-latest: false
2026-02-20T02:40:57.9119058Z   server-id: github
2026-02-20T02:40:57.9119274Z   server-username: GITHUB_ACTOR
2026-02-20T02:40:57.9119520Z   server-password: GITHUB_TOKEN
2026-02-20T02:40:57.9119757Z   overwrite-settings: true
2026-02-20T02:40:57.9119980Z   job-status: success
2026-02-20T02:40:57.9120312Z   token: ***
2026-02-20T02:40:57.9120502Z ##[endgroup]
2026-02-20T02:40:58.0530290Z ##[group]Installed distributions
2026-02-20T02:40:58.0560885Z Trying to resolve the latest version from remote
2026-02-20T02:40:58.1279251Z Resolved latest version as 25.0.2+10
2026-02-20T02:40:58.1279775Z Trying to download...
2026-02-20T02:40:58.1280829Z Downloading Java 25.0.2+10 (Zulu) from https://cdn.azul.com/zulu/bin/zulu25.32.21-ca-crac-jdk25.0.2-linux_x64.tar.gz ...
2026-02-20T02:40:59.9691266Z Extracting Java archive...
2026-02-20T02:40:59.9815747Z [command]/usr/bin/tar xz --warning=no-unknown-keyword --overwrite -C /home/runner/work/_temp/b8ee72b5-20aa-4e35-84a5-f23eb7adacb5 -f /home/runner/work/_temp/88f65535-baea-48bb-9546-f632b451fa8c
2026-02-20T02:41:03.1907123Z Java 25.0.2+10 was downloaded
2026-02-20T02:41:03.1907564Z Setting Java 25.0.2+10 as the default
2026-02-20T02:41:03.1919088Z Creating toolchains.xml for JDK version 25 from zulu
2026-02-20T02:41:03.1993744Z Writing to /home/runner/.m2/toolchains.xml
2026-02-20T02:41:03.1994261Z 
2026-02-20T02:41:03.1994440Z Java configuration:
2026-02-20T02:41:03.1994919Z   Distribution: zulu
2026-02-20T02:41:03.1995387Z   Version: 25.0.2+10
2026-02-20T02:41:03.1996155Z   Path: /opt/hostedtoolcache/Java_Zulu_jdk/25.0.2-10/x64
2026-02-20T02:41:03.1996695Z 
2026-02-20T02:41:03.1997606Z ##[endgroup]
2026-02-20T02:41:03.2011786Z Creating settings.xml with server-id: github
2026-02-20T02:41:03.2012386Z Writing to /home/runner/.m2/settings.xml
2026-02-20T02:41:03.2258297Z ##[group]Run gradle/actions/setup-gradle@v5
2026-02-20T02:41:03.2258717Z with:
2026-02-20T02:41:03.2258950Z   cache-disabled: false
2026-02-20T02:41:03.2259290Z   cache-read-only: true
2026-02-20T02:41:03.2259559Z   cache-write-only: false
2026-02-20T02:41:03.2259906Z   cache-overwrite-existing: false
2026-02-20T02:41:03.2260265Z   cache-cleanup: on-success
2026-02-20T02:41:03.2260606Z   gradle-home-cache-includes: caches
notifications

2026-02-20T02:41:03.2260996Z   add-job-summary: always
2026-02-20T02:41:03.2261261Z   add-job-summary-as-pr-comment: never
2026-02-20T02:41:03.2261679Z   dependency-graph: disabled
2026-02-20T02:41:03.2262046Z   dependency-graph-report-dir: dependency-graph-reports
2026-02-20T02:41:03.2262472Z   dependency-graph-continue-on-failure: true
2026-02-20T02:41:03.2262911Z   build-scan-publish: false
2026-02-20T02:41:03.2263198Z   validate-wrappers: true
2026-02-20T02:41:03.2263494Z   allow-snapshot-wrappers: false
2026-02-20T02:41:03.2263959Z   gradle-home-cache-strict-match: false
2026-02-20T02:41:03.2264342Z   workflow-job-context: {
  "os": "ubuntu-latest"
}
2026-02-20T02:41:03.2264893Z   github-token: ***
2026-02-20T02:41:03.2265182Z env:
2026-02-20T02:41:03.2265470Z   JAVA_HOME: /opt/hostedtoolcache/Java_Zulu_jdk/25.0.2-10/x64
2026-02-20T02:41:03.2266208Z   JAVA_HOME_25_X64: /opt/hostedtoolcache/Java_Zulu_jdk/25.0.2-10/x64
2026-02-20T02:41:03.2266667Z ##[endgroup]
2026-02-20T02:41:03.5629053Z Merged default JDK locations into /home/runner/.m2/toolchains.xml
2026-02-20T02:41:03.5632707Z ##[group]Restore Gradle state from cache
2026-02-20T02:41:03.6763558Z Cache hit for restore-key: gradle-home-v1|Linux-X64|build[506b0ba1c3a48aecc9369cb34c7e5a1d]-09b39c99ae92c04e63686a2b22fc3725057420ff
2026-02-20T02:41:04.4850932Z Received 70837286 of 70837286 (100.0%), 97.3 MBs/sec
2026-02-20T02:41:04.4855640Z Cache Size: ~68 MB (70837286 B)
2026-02-20T02:41:04.4889956Z [command]/usr/bin/tar -xf /home/runner/work/_temp/dfa36f45-1f49-4180-b470-46f379ce6e09/cache.tzst -P -C /home/runner/work/NullAway/NullAway --use-compress-program unzstd
2026-02-20T02:41:04.9290457Z Cache restored successfully
2026-02-20T02:41:04.9427971Z Restored cache entry with key gradle-home-v1|Linux-X64|build[506b0ba1c3a48aecc9369cb34c7e5a1d]-3b21219fd5a1699305652089380575698977a8c9 to /home/runner/.gradle/caches,/home/runner/.gradle/notifications,/home/runner/.gradle/.setup-gradle in 1378ms
2026-02-20T02:41:05.0484427Z Cache hit for: gradle-wrapper-zips-v1-8c0de4c6bda6041d6e054bf825a89c98
2026-02-20T02:41:05.0493184Z Cache hit for: gradle-transforms-v1-1a0c2a7efcea580eb3c656b737cae373
2026-02-20T02:41:05.0499087Z Cache hit for: gradle-instrumented-jars-v1-f10f7002238b837b894018577bc6359c
2026-02-20T02:41:05.0540807Z Cache hit for: gradle-groovy-dsl-v1-c1f3107a5dad1f6c78155c2699c3a6bf
2026-02-20T02:41:05.0566973Z Cache hit for: gradle-dependencies-v1-1ee5f662e8e87f73608f900dc8bb9a21
2026-02-20T02:41:05.0586735Z Cache hit for: gradle-java-toolchains-v1-1f8ac00ab7f39526a9d89274b80a2d62
2026-02-20T02:41:05.0627174Z Cache hit for: gradle-generated-gradle-jars-v1-cb4b032a7d08b9bf1e84e9eacaebcc29
2026-02-20T02:41:05.1139363Z Received 178370 of 178370 (100.0%), 5.7 MBs/sec
2026-02-20T02:41:05.1139986Z Cache Size: ~0 MB (178370 B)
2026-02-20T02:41:05.1172183Z [command]/usr/bin/tar -xf /home/runner/work/_temp/fe0388c2-3145-45c1-9451-40c7eabc01b2/cache.tzst -P -C /home/runner/work/NullAway/NullAway --use-compress-program unzstd
2026-02-20T02:41:05.1494240Z Cache restored successfully
2026-02-20T02:41:05.1497410Z Restored cache entry with key gradle-instrumented-jars-v1-f10f7002238b837b894018577bc6359c to /home/runner/.gradle/caches/jars-*/*/ in 205ms
2026-02-20T02:41:05.3541656Z Received 289897 of 289897 (100.0%), 1.8 MBs/sec
2026-02-20T02:41:05.3542328Z Cache Size: ~0 MB (289897 B)
2026-02-20T02:41:05.3564802Z [command]/usr/bin/tar -xf /home/runner/work/_temp/7de9dcca-1d37-462f-b4c4-86dc0c02c0a5/cache.tzst -P -C /home/runner/work/NullAway/NullAway --use-compress-program unzstd
2026-02-20T02:41:05.4310408Z Cache restored successfully
2026-02-20T02:41:05.4317668Z Restored cache entry with key gradle-groovy-dsl-v1-c1f3107a5dad1f6c78155c2699c3a6bf to /home/runner/.gradle/caches/*/groovy-dsl/*/ in 487ms
2026-02-20T02:41:06.0808926Z Received 41993405 of 41993405 (100.0%), 45.6 MBs/sec
2026-02-20T02:41:06.0811301Z Cache Size: ~40 MB (41993405 B)
2026-02-20T02:41:06.1787611Z Received 71303168 of 464887429 (15.3%), 66.7 MBs/sec
2026-02-20T02:41:06.1816641Z Received 54525952 of 136357737 (40.0%), 51.5 MBs/sec
2026-02-20T02:41:06.2231485Z Received 67726513 of 76115121 (89.0%), 61.9 MBs/sec
2026-02-20T02:41:06.2232261Z Received 58720256 of 130844708 (44.9%), 54.1 MBs/sec
2026-02-20T02:41:06.3233543Z Received 76115121 of 76115121 (100.0%), 63.4 MBs/sec
2026-02-20T02:41:06.3234194Z Cache Size: ~73 MB (76115121 B)
2026-02-20T02:41:06.5810717Z [command]/usr/bin/tar -xf /home/runner/work/_temp/e00b3fc2-6a90-46e0-8f15-627213911d87/cache.tzst -P -C /home/runner/work/NullAway/NullAway --use-compress-program unzstd
2026-02-20T02:41:06.7921419Z [command]/usr/bin/tar -xf /home/runner/work/_temp/6bae8c9d-7685-4394-afa5-ffee4ef6471f/cache.tzst -P -C /home/runner/work/NullAway/NullAway --use-compress-program unzstd
2026-02-20T02:41:07.0303011Z Received 130844708 of 130844708 (100.0%), 67.7 MBs/sec
2026-02-20T02:41:07.0305753Z Cache Size: ~125 MB (130844708 B)
2026-02-20T02:41:07.0684913Z Cache restored successfully
2026-02-20T02:41:07.0797106Z Received 136357737 of 136357737 (100.0%), 67.9 MBs/sec
2026-02-20T02:41:07.0806632Z Cache Size: ~130 MB (136357737 B)
2026-02-20T02:41:07.1113783Z Restored cache entry with key gradle-generated-gradle-jars-v1-cb4b032a7d08b9bf1e84e9eacaebcc29 to /home/runner/.gradle/caches/9.3.1/generated-gradle-jars/gradle-api-9.3.1.jar in 2167ms
2026-02-20T02:41:07.1571481Z [command]/usr/bin/tar -xf /home/runner/work/_temp/17504f7e-eb2d-43a8-a564-200017c8f884/cache.tzst -P -C /home/runner/work/NullAway/NullAway --use-compress-program unzstd
2026-02-20T02:41:07.1628315Z [command]/usr/bin/tar -xf /home/runner/work/_temp/fcafba2f-fba3-4365-a22d-c6015d27c6eb/cache.tzst -P -C /home/runner/work/NullAway/NullAway --use-compress-program unzstd
2026-02-20T02:41:07.1733420Z Received 167772160 of 464887429 (36.1%), 79.2 MBs/sec
2026-02-20T02:41:08.1589388Z Cache restored successfully
2026-02-20T02:41:08.1884127Z Received 343932928 of 464887429 (74.0%), 108.1 MBs/sec
2026-02-20T02:41:08.2024150Z Restored cache entry with key gradle-wrapper-zips-v1-8c0de4c6bda6041d6e054bf825a89c98 to /home/runner/.gradle/wrapper/dists/gradle-9.3.1-bin/23ovyewtku6u96viwx3xl3oks in 3259ms
2026-02-20T02:41:08.3233141Z Cache restored successfully
2026-02-20T02:41:08.3628534Z Restored cache entry with key gradle-java-toolchains-v1-1f8ac00ab7f39526a9d89274b80a2d62 to /home/runner/.gradle/jdks/eclipse_adoptium-24-amd64-linux.2 in 3418ms
2026-02-20T02:41:08.4936585Z Cache restored successfully
2026-02-20T02:41:08.5122856Z Restored cache entry with key gradle-transforms-v1-1a0c2a7efcea580eb3c656b737cae373 to /home/runner/.gradle/caches/transforms-4/*/,/home/runner/.gradle/caches/*/transforms/*/ in 3567ms
2026-02-20T02:41:08.7697732Z Received 464887429 of 464887429 (100.0%), 122.6 MBs/sec
2026-02-20T02:41:08.7700390Z Cache Size: ~443 MB (464887429 B)
2026-02-20T02:41:08.7776373Z [command]/usr/bin/tar -xf /home/runner/work/_temp/2cc02f8a-ed6a-4dbf-b76e-915fbe4199e0/cache.tzst -P -C /home/runner/work/NullAway/NullAway --use-compress-program unzstd
2026-02-20T02:41:09.5430033Z Cache restored successfully
2026-02-20T02:41:09.6280037Z Restored cache entry with key gradle-dependencies-v1-1ee5f662e8e87f73608f900dc8bb9a21 to /home/runner/.gradle/caches/modules-*/files-*/*/*/*/* in 4683ms
2026-02-20T02:41:09.7569560Z ##[endgroup]
2026-02-20T02:41:09.7754102Z ##[group]All Gradle Wrapper jars are valid
2026-02-20T02:41:09.7755467Z ✓ Found known Gradle Wrapper JAR files:
2026-02-20T02:41:09.7756300Z   b3a875ddc1f044746e1b1a55f645584505f4a10438c1afea9f15e92a7c42ec13 gradle/wrapper/gradle-wrapper.jar
2026-02-20T02:41:09.7757287Z ##[endgroup]
2026-02-20T02:41:09.8572171Z ##[group]Run ./gradlew build
2026-02-20T02:41:09.8572557Z [36;1m./gradlew build[0m
2026-02-20T02:41:09.8607178Z shell: /usr/bin/bash -e {0}
2026-02-20T02:41:09.8607465Z env:
2026-02-20T02:41:09.8607762Z   JAVA_HOME: /opt/hostedtoolcache/Java_Zulu_jdk/25.0.2-10/x64
2026-02-20T02:41:09.8608238Z   JAVA_HOME_25_X64: /opt/hostedtoolcache/Java_Zulu_jdk/25.0.2-10/x64
2026-02-20T02:41:09.8608670Z   GRADLE_ACTION_ID: gradle/actions/setup-gradle
2026-02-20T02:41:09.8609004Z   GRADLE_USER_HOME: /home/runner/.gradle
2026-02-20T02:41:09.8609318Z   GRADLE_BUILD_ACTION_SETUP_COMPLETED: true
2026-02-20T02:41:09.8609635Z   GRADLE_BUILD_ACTION_CACHE_RESTORED: true
2026-02-20T02:41:09.8610109Z   DEVELOCITY_INJECTION_INIT_SCRIPT_NAME: gradle-actions.inject-develocity.init.gradle
2026-02-20T02:41:09.8610622Z   DEVELOCITY_INJECTION_CUSTOM_VALUE: gradle-actions
2026-02-20T02:41:09.8610961Z   GITHUB_DEPENDENCY_GRAPH_ENABLED: false
2026-02-20T02:41:09.8611263Z ##[endgroup]
2026-02-20T02:41:10.7823067Z Starting a Gradle Daemon (subsequent builds will be faster)
2026-02-20T02:41:16.5809903Z > Task :buildSrc:extractPluginRequests FROM-CACHE
2026-02-20T02:41:16.5820774Z > Task :buildSrc:generatePluginAdapters FROM-CACHE
2026-02-20T02:41:16.5829152Z > Task :buildSrc:compileJava FROM-CACHE
2026-02-20T02:41:16.5838356Z > Task :buildSrc:compileGroovy NO-SOURCE
2026-02-20T02:41:16.6791483Z > Task :buildSrc:compileGroovyPlugins FROM-CACHE
2026-02-20T02:41:16.6794243Z > Task :buildSrc:pluginDescriptors
2026-02-20T02:41:16.6794992Z > Task :buildSrc:processResources
2026-02-20T02:41:16.6804468Z > Task :buildSrc:classes
2026-02-20T02:41:16.6814393Z > Task :buildSrc:jar
2026-02-20T02:41:36.2788748Z Checking the license for package Android SDK Platform 30 in /usr/local/lib/android/sdk/licenses
2026-02-20T02:41:36.2790494Z License for package Android SDK Platform 30 accepted.
2026-02-20T02:41:36.2791278Z Preparing "Install Android SDK Platform 30 (revision 3)".
2026-02-20T02:41:39.3788622Z "Install Android SDK Platform 30 (revision 3)" ready.
2026-02-20T02:41:39.3789932Z Installing Android SDK Platform 30 in /usr/local/lib/android/sdk/platforms/android-30
2026-02-20T02:41:39.3790911Z "Install Android SDK Platform 30 (revision 3)" complete.
2026-02-20T02:41:39.4809417Z "Install Android SDK Platform 30 (revision 3)" finished.
2026-02-20T02:41:40.4797206Z [=========                              ] 25%                                   
2026-02-20T02:41:40.4811169Z > Task :assemble UP-TO-DATE
2026-02-20T02:41:40.4811942Z > Task :annotations:processResources NO-SOURCE
2026-02-20T02:41:40.4812788Z > Task :nullaway:processResources
2026-02-20T02:41:40.4813567Z > Task :code-coverage-report:processResources NO-SOURCE
2026-02-20T02:41:40.4814457Z > Task :code-coverage-report:processTestResources NO-SOURCE
2026-02-20T02:41:40.4815376Z > Task :guava-recent-unit-tests:processResources NO-SOURCE
2026-02-20T02:41:40.4816446Z > Task :jdk-recent-unit-tests:processResources NO-SOURCE
2026-02-20T02:41:40.4817237Z > Task :jdk-javac-plugin:processResources
2026-02-20T02:41:40.4818035Z > Task :test-library-models:processResources NO-SOURCE
2026-02-20T02:41:40.4819012Z > Task :jar-infer:nullaway-integration-test:processResources NO-SOURCE
2026-02-20T02:41:40.4820084Z > Task :jar-infer:jar-infer-lib:processResources NO-SOURCE
2026-02-20T02:41:40.4821147Z > Task :jdk-annotations:astubx-generator:processResources NO-SOURCE
2026-02-20T02:41:40.4822311Z > Task :jdk-annotations:jdk-integration-test:processResources NO-SOURCE
2026-02-20T02:41:40.4823249Z > Task :annotations:sourcesJar
2026-02-20T02:41:40.4824097Z > Task :library-model:library-model-generator:processResources NO-SOURCE
2026-02-20T02:41:40.4853753Z > Task :annotations:processTestResources NO-SOURCE
2026-02-20T02:41:40.4854562Z > Task :guava-recent-unit-tests:processTestResources NO-SOURCE
2026-02-20T02:41:40.4855359Z > Task :jdk-javac-plugin:processTestResources NO-SOURCE
2026-02-20T02:41:40.4857020Z > Task :jdk-recent-unit-tests:processTestResources NO-SOURCE
2026-02-20T02:41:40.4858358Z > Task :test-java-module:processResources NO-SOURCE
2026-02-20T02:41:40.4859101Z > Task :test-java-lib:processResources NO-SOURCE
2026-02-20T02:41:40.4859816Z > Task :test-java-lib-lombok:processResources NO-SOURCE
2026-02-20T02:41:40.4860478Z > Task :nullaway-bom:assemble UP-TO-DATE
2026-02-20T02:41:40.4861054Z > Task :nullaway-bom:check UP-TO-DATE
2026-02-20T02:41:40.4861600Z > Task :nullaway-bom:build UP-TO-DATE
2026-02-20T02:41:40.4862241Z > Task :sample-library-model:processResources NO-SOURCE
2026-02-20T02:41:40.4862917Z > Task :sample:processResources NO-SOURCE
2026-02-20T02:41:40.4863540Z > Task :sample:processTestResources NO-SOURCE
2026-02-20T02:41:40.4864148Z > Task :sample-app:preBuild UP-TO-DATE
2026-02-20T02:41:40.4864735Z > Task :sample-app:preDebugBuild UP-TO-DATE
2026-02-20T02:41:40.4865434Z > Task :sample-app:mergeDebugNativeDebugMetadata NO-SOURCE
2026-02-20T02:41:40.5860714Z > Task :jmh:extractAutodisposeSources
2026-02-20T02:41:40.6788586Z > Task :nullaway:sourcesJar
2026-02-20T02:41:40.8796118Z > Task :nullaway:processTestResources
2026-02-20T02:41:40.8796758Z > Task :sample-app:checkDebugAarMetadata
2026-02-20T02:41:40.9794279Z > Task :jmh:extractCaffeineSources
2026-02-20T02:41:40.9795077Z > Task :sample-library-model:processTestResources NO-SOURCE
2026-02-20T02:41:40.9796052Z > Task :test-java-lib:processTestResources NO-SOURCE
2026-02-20T02:41:40.9796811Z > Task :test-java-lib-lombok:processTestResources NO-SOURCE
2026-02-20T02:41:40.9797545Z > Task :test-java-module:processTestResources NO-SOURCE
2026-02-20T02:41:40.9798263Z > Task :test-library-models:processTestResources NO-SOURCE
2026-02-20T02:41:41.0839513Z > Task :jar-infer:android-jarinfer-models-sdk28:processResources
2026-02-20T02:41:41.0841107Z > Task :sample-app:processDebugNavigationResources FROM-CACHE
2026-02-20T02:41:41.0842256Z > Task :sample-app:compileDebugNavigationResources FROM-CACHE
2026-02-20T02:41:41.0847604Z > Task :sample-app:generateDebugResValues FROM-CACHE
2026-02-20T02:41:41.0848549Z > Task :jmh:extractNullawayReleaseSources
2026-02-20T02:41:41.0849448Z > Task :jmh:processResources
2026-02-20T02:41:41.0852195Z > Task :jmh:processTestResources NO-SOURCE
2026-02-20T02:41:41.0853023Z > Task :sample-app:mapDebugSourceSetPaths
2026-02-20T02:41:41.0854799Z > Task :sample-app:generateDebugResources FROM-CACHE
2026-02-20T02:41:41.1797555Z > Task :jar-infer:android-jarinfer-models-sdk29:processResources
2026-02-20T02:41:41.1798728Z > Task :jar-infer:android-jarinfer-models-sdk28:sourcesJar
2026-02-20T02:41:41.1800299Z > Task :jar-infer:android-jarinfer-models-sdk28:processTestResources NO-SOURCE
2026-02-20T02:41:41.1801299Z > Task :jar-infer:android-jarinfer-models-sdk30:processResources
2026-02-20T02:41:41.2801355Z > Task :jar-infer:android-jarinfer-models-sdk29:sourcesJar
2026-02-20T02:41:41.2808853Z > Task :jar-infer:android-jarinfer-models-sdk29:processTestResources NO-SOURCE
2026-02-20T02:41:41.3791138Z > Task :jar-infer:android-jarinfer-models-sdk31:processResources
2026-02-20T02:41:41.3795284Z > Task :jar-infer:android-jarinfer-models-sdk30:sourcesJar
2026-02-20T02:41:41.3796499Z > Task :jar-infer:android-jarinfer-models-sdk30:processTestResources NO-SOURCE
2026-02-20T02:41:41.3797581Z > Task :jar-infer:jar-infer-cli:processResources NO-SOURCE
2026-02-20T02:41:41.3831546Z > Task :jar-infer:jar-infer-cli:sourcesJar
2026-02-20T02:41:41.3833613Z > Task :jar-infer:jar-infer-cli:processTestResources NO-SOURCE
2026-02-20T02:41:41.3836494Z > Task :jar-infer:android-jarinfer-models-sdk31:sourcesJar
2026-02-20T02:41:41.3837174Z > Task :jar-infer:jar-infer-lib:sourcesJar
2026-02-20T02:41:41.3837803Z > Task :sample-app:mergeDebugResources FROM-CACHE
2026-02-20T02:41:41.3838671Z > Task :jar-infer:android-jarinfer-models-sdk31:processTestResources NO-SOURCE
2026-02-20T02:41:41.3839603Z > Task :jar-infer:test-android-lib-jarinfer:preBuild UP-TO-DATE
2026-02-20T02:41:41.3840506Z > Task :jar-infer:test-android-lib-jarinfer:preReleaseBuild UP-TO-DATE
2026-02-20T02:41:41.3841723Z > Task :jar-infer:jar-infer-lib:processTestResources
2026-02-20T02:41:41.3842773Z > Task :sample-app:packageDebugResources FROM-CACHE
2026-02-20T02:41:41.3843667Z > Task :jar-infer:test-java-lib-jarinfer:processResources NO-SOURCE
2026-02-20T02:41:41.3844575Z > Task :jar-infer:test-android-lib-jarinfer:checkReleaseAarMetadata
2026-02-20T02:41:41.3845533Z > Task :jar-infer:nullaway-integration-test:processTestResources NO-SOURCE
2026-02-20T02:41:41.3846700Z > Task :jar-infer:test-java-lib-jarinfer:processTestResources NO-SOURCE
2026-02-20T02:41:41.4867445Z > Task :jdk-annotations:astubx-generator:processTestResources NO-SOURCE
2026-02-20T02:41:41.4883217Z > Task :jdk-annotations:astubx-generator-cli:processResources NO-SOURCE
2026-02-20T02:41:41.4884436Z > Task :jdk-annotations:astubx-generator-cli:processTestResources NO-SOURCE
2026-02-20T02:41:41.4885773Z > Task :jdk-annotations:jdk-integration-test:processTestResources NO-SOURCE
2026-02-20T02:41:41.4887337Z > Task :jdk-annotations:test-annotated:processResources NO-SOURCE
2026-02-20T02:41:41.4888498Z > Task :jdk-annotations:test-unannotated:processResources NO-SOURCE
2026-02-20T02:41:41.4889609Z > Task :jdk-annotations:test-annotated:processTestResources NO-SOURCE
2026-02-20T02:41:41.4890750Z > Task :jdk-annotations:test-unannotated:processTestResources NO-SOURCE
2026-02-20T02:41:41.4891943Z > Task :library-model:library-model-generator:processTestResources NO-SOURCE
2026-02-20T02:41:41.4893059Z > Task :sample-app:parseDebugLocalResources FROM-CACHE
2026-02-20T02:41:41.4894040Z > Task :sample-app:createDebugCompatibleScreenManifests
2026-02-20T02:41:41.4908452Z > Task :jar-infer:test-android-lib-jarinfer:mergeReleaseJniLibFolders
2026-02-20T02:41:41.4909503Z > Task :sample-app:extractDeepLinksDebug FROM-CACHE
2026-02-20T02:41:41.4910579Z > Task :jar-infer:test-android-lib-jarinfer:mergeReleaseNativeLibs NO-SOURCE
2026-02-20T02:41:41.4911829Z > Task :jar-infer:test-android-lib-jarinfer:stripReleaseDebugSymbols NO-SOURCE
2026-02-20T02:41:41.5813018Z > Task :jar-infer:test-android-lib-jarinfer:generateReleaseResValues FROM-CACHE
2026-02-20T02:41:41.5817651Z > Task :jar-infer:test-android-lib-jarinfer:extractDeepLinksForAarRelease FROM-CACHE
2026-02-20T02:41:41.5820865Z > Task :jar-infer:test-android-lib-jarinfer:copyReleaseJniLibsProjectAndLocalJars
2026-02-20T02:41:41.5828410Z > Task :jar-infer:test-android-lib-jarinfer:generateReleaseResources FROM-CACHE
2026-02-20T02:41:41.5831718Z > Task :sample-app:processDebugMainManifest FROM-CACHE
2026-02-20T02:41:41.5916377Z > Task :sample-app:processDebugManifest FROM-CACHE
2026-02-20T02:41:41.5932652Z > Task :sample-app:processDebugManifestForPackage FROM-CACHE
2026-02-20T02:41:41.5934326Z > Task :jar-infer:test-android-lib-jarinfer:packageReleaseResources FROM-CACHE
2026-02-20T02:41:41.5940654Z > Task :jar-infer:test-android-lib-jarinfer:processReleaseNavigationResources FROM-CACHE
2026-02-20T02:41:41.6788849Z > Task :jar-infer:test-android-lib-jarinfer:parseReleaseLocalResources FROM-CACHE
2026-02-20T02:41:41.6792421Z > Task :jar-infer:test-android-lib-jarinfer:generateReleaseRFile FROM-CACHE
2026-02-20T02:41:41.7803071Z > Task :sample-app:processDebugResources FROM-CACHE
2026-02-20T02:41:41.7804153Z > Task :sample-app:mergeDebugShaders
2026-02-20T02:41:41.7805026Z > Task :sample-app:compileDebugShaders NO-SOURCE
2026-02-20T02:41:41.7806270Z > Task :sample-app:generateDebugAssets UP-TO-DATE
2026-02-20T02:41:41.7807104Z > Task :sample-app:mergeDebugAssets
2026-02-20T02:41:41.7807884Z > Task :sample-app:compressDebugAssets FROM-CACHE
2026-02-20T02:41:41.8837514Z > Task :sample-app:checkDebugDuplicateClasses
2026-02-20T02:41:42.6788745Z > Task :jar-infer:test-android-lib-jarinfer:extractReleaseAnnotations FROM-CACHE
2026-02-20T02:41:42.7792249Z > Task :jar-infer:test-android-lib-jarinfer:mergeReleaseShaders
2026-02-20T02:41:42.7817146Z > Task :jar-infer:test-android-lib-jarinfer:compileReleaseShaders NO-SOURCE
2026-02-20T02:41:42.7818444Z > Task :jar-infer:test-android-lib-jarinfer:generateReleaseAssets UP-TO-DATE
2026-02-20T02:41:42.7819874Z > Task :jar-infer:test-android-lib-jarinfer:mergeReleaseAssets
2026-02-20T02:41:42.7820766Z > Task :jar-infer:test-android-lib-jarinfer:javaPreCompileRelease FROM-CACHE
2026-02-20T02:41:42.7821729Z > Task :jar-infer:test-android-lib-jarinfer:prepareLintJarForPublish
2026-02-20T02:41:42.7822649Z > Task :jar-infer:test-android-lib-jarinfer:prepareReleaseArtProfile
2026-02-20T02:41:42.7823482Z > Task :sample-app:desugarDebugFileDependencies FROM-CACHE
2026-02-20T02:41:42.7824342Z > Task :jar-infer:test-android-lib-jarinfer:processReleaseManifest FROM-CACHE
2026-02-20T02:41:42.8791179Z > Task :jar-infer:test-android-lib-jarinfer:processReleaseJavaRes NO-SOURCE
2026-02-20T02:41:42.8801661Z > Task :jar-infer:test-android-lib-jarinfer:writeReleaseAarMetadata
2026-02-20T02:41:42.8809071Z > Task :jar-infer:test-android-lib-jarinfer:preDebugBuild UP-TO-DATE
2026-02-20T02:41:42.8814427Z > Task :jar-infer:test-android-lib-jarinfer:checkDebugAarMetadata
2026-02-20T02:41:42.8842807Z > Task :jar-infer:test-android-lib-jarinfer:mergeDebugJniLibFolders
2026-02-20T02:41:42.8844843Z > Task :jar-infer:test-android-lib-jarinfer:mergeDebugNativeLibs NO-SOURCE
2026-02-20T02:41:42.8847085Z > Task :jar-infer:test-android-lib-jarinfer:stripDebugDebugSymbols NO-SOURCE
2026-02-20T02:41:42.8884938Z > Task :jar-infer:test-android-lib-jarinfer:copyDebugJniLibsProjectAndLocalJars
2026-02-20T02:41:42.8886363Z > Task :jar-infer:test-android-lib-jarinfer:generateDebugResValues FROM-CACHE
2026-02-20T02:41:42.8887826Z > Task :jar-infer:test-android-lib-jarinfer:generateDebugResources FROM-CACHE
2026-02-20T02:41:42.9806577Z > Task :jar-infer:test-android-lib-jarinfer:packageDebugResources FROM-CACHE
2026-02-20T02:41:42.9811521Z > Task :jar-infer:test-android-lib-jarinfer:processDebugNavigationResources FROM-CACHE
2026-02-20T02:41:42.9816617Z > Task :jar-infer:test-android-lib-jarinfer:parseDebugLocalResources FROM-CACHE
2026-02-20T02:41:42.9819708Z > Task :jar-infer:test-android-lib-jarinfer:generateDebugRFile FROM-CACHE
2026-02-20T02:41:42.9821091Z > Task :jar-infer:test-android-lib-jarinfer:mergeReleaseJavaResource
2026-02-20T02:41:42.9823549Z > Task :jar-infer:test-android-lib-jarinfer:extractDebugAnnotations FROM-CACHE
2026-02-20T02:41:42.9828327Z > Task :jar-infer:test-android-lib-jarinfer:extractDeepLinksForAarDebug FROM-CACHE
2026-02-20T02:41:42.9829602Z > Task :jar-infer:test-android-lib-jarinfer:mergeDebugShaders
2026-02-20T02:41:42.9832012Z > Task :jar-infer:test-android-lib-jarinfer:compileDebugShaders NO-SOURCE
2026-02-20T02:41:42.9833286Z > Task :jar-infer:test-android-lib-jarinfer:generateDebugAssets UP-TO-DATE
2026-02-20T02:41:43.0828815Z > Task :jar-infer:test-android-lib-jarinfer:mergeDebugAssets
2026-02-20T02:41:43.0830121Z > Task :jar-infer:test-android-lib-jarinfer:javaPreCompileDebug FROM-CACHE
2026-02-20T02:41:43.0831353Z > Task :jar-infer:test-android-lib-jarinfer:prepareDebugArtProfile
2026-02-20T02:41:43.0832680Z > Task :jar-infer:test-android-lib-jarinfer:processDebugManifest FROM-CACHE
2026-02-20T02:41:43.0833980Z > Task :jar-infer:test-android-lib-jarinfer:processDebugJavaRes NO-SOURCE
2026-02-20T02:41:43.0835148Z > Task :jar-infer:test-android-lib-jarinfer:mergeDebugJavaResource
2026-02-20T02:41:43.0836443Z > Task :jar-infer:test-android-lib-jarinfer:writeDebugAarMetadata
2026-02-20T02:41:43.0837522Z > Task :jar-infer:test-android-lib-jarinfer:mapReleaseSourceSetPaths
2026-02-20T02:41:43.0838661Z > Task :jar-infer:test-android-lib-jarinfer:mergeReleaseResources FROM-CACHE
2026-02-20T02:41:43.0839844Z > Task :jar-infer:test-android-lib-jarinfer:verifyReleaseResources FROM-CACHE
2026-02-20T02:41:43.0841070Z > Task :jar-infer:test-android-lib-jarinfer:preDebugAndroidTestBuild UP-TO-DATE
2026-02-20T02:41:43.0842399Z > Task :jar-infer:test-android-lib-jarinfer:generateDebugAndroidTestResValues FROM-CACHE
2026-02-20T02:41:43.0843748Z > Task :jar-infer:test-android-lib-jarinfer:writeDebugLintModelMetadata
2026-02-20T02:41:43.1803098Z > Task :jar-infer:test-android-lib-jarinfer:extractProguardFiles
2026-02-20T02:41:43.1804523Z > Task :jar-infer:test-android-lib-jarinfer:preDebugUnitTestBuild UP-TO-DATE
2026-02-20T02:41:43.1807569Z > Task :jar-infer:test-android-lib-jarinfer:generateDebugUnitTestStubRFile FROM-CACHE
2026-02-20T02:41:43.1809010Z > Task :jar-infer:test-android-lib-jarinfer:javaPreCompileDebugUnitTest FROM-CACHE
2026-02-20T02:41:43.1810256Z > Task :jar-infer:test-android-lib-jarinfer:processDebugUnitTestJavaRes NO-SOURCE
2026-02-20T02:41:43.1811962Z > Task :jar-infer:test-android-lib-jarinfer:preReleaseUnitTestBuild UP-TO-DATE
2026-02-20T02:41:43.1825483Z > Task :jar-infer:test-android-lib-jarinfer:generateReleaseUnitTestStubRFile FROM-CACHE
2026-02-20T02:41:43.1830353Z > Task :jar-infer:test-android-lib-jarinfer:javaPreCompileReleaseUnitTest FROM-CACHE
2026-02-20T02:41:43.1834741Z > Task :jar-infer:test-android-lib-jarinfer:processReleaseUnitTestJavaRes NO-SOURCE
2026-02-20T02:41:43.4790753Z > Task :sample-app:mergeExtDexDebug FROM-CACHE
2026-02-20T02:41:43.4791566Z > Task :sample-app:mergeDebugJniLibFolders
2026-02-20T02:41:43.4792295Z > Task :sample-app:mergeDebugNativeLibs NO-SOURCE
2026-02-20T02:41:43.4793028Z > Task :sample-app:stripDebugDebugSymbols NO-SOURCE
2026-02-20T02:41:44.0796548Z > Task :sample-app:validateSigningDebug
2026-02-20T02:41:44.0804352Z > Task :sample-app:writeDebugAppMetadata
2026-02-20T02:41:44.1790210Z > Task :sample-app:writeDebugSigningConfigVersions
2026-02-20T02:41:44.1791016Z > Task :sample-app:preReleaseBuild UP-TO-DATE
2026-02-20T02:41:44.1791685Z > Task :sample-app:mergeReleaseJniLibFolders
2026-02-20T02:41:44.1792368Z > Task :sample-app:mergeReleaseNativeLibs NO-SOURCE
2026-02-20T02:41:44.1793098Z > Task :sample-app:stripReleaseDebugSymbols NO-SOURCE
2026-02-20T02:41:44.1793919Z > Task :sample-app:extractReleaseNativeSymbolTables NO-SOURCE
2026-02-20T02:41:44.1794795Z > Task :sample-app:mergeReleaseNativeDebugMetadata NO-SOURCE
2026-02-20T02:41:44.1796063Z > Task :sample-app:checkReleaseDuplicateClasses
2026-02-20T02:41:44.1796726Z > Task :sample-app:checkReleaseAarMetadata
2026-02-20T02:41:44.1797522Z > Task :sample-app:processReleaseNavigationResources FROM-CACHE
2026-02-20T02:41:44.1798376Z > Task :sample-app:compileReleaseNavigationResources FROM-CACHE
2026-02-20T02:41:44.1799161Z > Task :sample-app:generateReleaseResValues FROM-CACHE
2026-02-20T02:41:44.1799804Z > Task :sample-app:mapReleaseSourceSetPaths
2026-02-20T02:41:44.1800529Z > Task :sample-app:generateReleaseResources FROM-CACHE
2026-02-20T02:41:44.2789813Z > Task :sample-app:mergeReleaseResources FROM-CACHE
2026-02-20T02:41:44.2794844Z > Task :sample-app:packageReleaseResources FROM-CACHE
2026-02-20T02:41:44.2803258Z > Task :sample-app:parseReleaseLocalResources FROM-CACHE
2026-02-20T02:41:44.2804045Z > Task :sample-app:createReleaseCompatibleScreenManifests
2026-02-20T02:41:44.2804785Z > Task :sample-app:extractDeepLinksRelease FROM-CACHE
2026-02-20T02:41:44.2805537Z > Task :sample-app:processReleaseMainManifest FROM-CACHE
2026-02-20T02:41:44.2806465Z > Task :sample-app:processReleaseManifest FROM-CACHE
2026-02-20T02:41:44.2807286Z > Task :sample-app:processReleaseManifestForPackage FROM-CACHE
2026-02-20T02:41:44.3794186Z > Task :sample-app:processReleaseResources FROM-CACHE
2026-02-20T02:41:44.3800568Z > Task :sample-app:desugarReleaseFileDependencies FROM-CACHE
2026-02-20T02:41:44.3801327Z > Task :sample-app:mergeReleaseStartupProfile
2026-02-20T02:41:44.3803853Z > Task :sample-app:mergeExtDexRelease FROM-CACHE
2026-02-20T02:41:44.3804515Z > Task :sample-app:mergeReleaseArtProfile
2026-02-20T02:41:44.3805108Z > Task :sample-app:mergeReleaseShaders
2026-02-20T02:41:44.3805728Z > Task :sample-app:compileReleaseShaders NO-SOURCE
2026-02-20T02:41:44.3806629Z > Task :sample-app:generateReleaseAssets UP-TO-DATE
2026-02-20T02:41:44.3807271Z > Task :sample-app:mergeReleaseAssets
2026-02-20T02:41:44.3807893Z > Task :sample-app:compressReleaseAssets FROM-CACHE
2026-02-20T02:41:44.4787319Z > Task :sample-app:extractReleaseVersionControlInfo
2026-02-20T02:41:44.4788029Z > Task :sample-app:extractProguardFiles
2026-02-20T02:41:44.4789020Z > Task :sample-app:optimizeReleaseResources FROM-CACHE
2026-02-20T02:41:44.4789815Z > Task :sample-app:collectReleaseDependencies
2026-02-20T02:41:44.5787118Z > Task :sample-app:sdkReleaseDependencyData
2026-02-20T02:41:44.5787853Z > Task :sample-app:writeReleaseAppMetadata
2026-02-20T02:41:44.5788569Z > Task :sample-app:writeReleaseSigningConfigVersions
2026-02-20T02:41:44.5790419Z > Task :sample-app:preDebugAndroidTestBuild SKIPPED
2026-02-20T02:41:44.5791293Z > Task :sample-app:generateDebugAndroidTestResValues FROM-CACHE
2026-02-20T02:41:44.5792136Z > Task :sample-app:preDebugUnitTestBuild UP-TO-DATE
2026-02-20T02:41:44.5792903Z > Task :sample-app:javaPreCompileDebugUnitTest FROM-CACHE
2026-02-20T02:41:44.5793496Z > Task :sample-app:processDebugUnitTestJavaRes NO-SOURCE
2026-02-20T02:41:44.5793941Z > Task :sample-app:preReleaseUnitTestBuild UP-TO-DATE
2026-02-20T02:41:44.5794415Z > Task :sample-app:javaPreCompileReleaseUnitTest FROM-CACHE
2026-02-20T02:41:44.5794925Z > Task :sample-app:processReleaseUnitTestJavaRes NO-SOURCE
2026-02-20T02:41:49.9790820Z > Task :spotlessInternalRegisterDependencies
2026-02-20T02:41:49.9795002Z > Task :code-coverage-report:spotlessJava FROM-CACHE
2026-02-20T02:41:49.9798493Z > Task :code-coverage-report:spotlessJavaCheck UP-TO-DATE
2026-02-20T02:41:49.9800935Z > Task :code-coverage-report:spotlessCheck UP-TO-DATE
2026-02-20T02:41:50.0809993Z > Task :annotations:spotlessJava FROM-CACHE
2026-02-20T02:41:50.0811225Z > Task :annotations:spotlessJavaCheck UP-TO-DATE
2026-02-20T02:41:50.0812189Z > Task :annotations:spotlessCheck UP-TO-DATE
2026-02-20T02:41:50.0813083Z > Task :guava-recent-unit-tests:spotlessJava FROM-CACHE
2026-02-20T02:41:50.0814130Z > Task :guava-recent-unit-tests:spotlessJavaCheck UP-TO-DATE
2026-02-20T02:41:50.0815079Z > Task :guava-recent-unit-tests:spotlessCheck UP-TO-DATE
2026-02-20T02:41:50.0816138Z > Task :jdk-javac-plugin:spotlessJava FROM-CACHE
2026-02-20T02:41:50.0817016Z > Task :jdk-javac-plugin:spotlessJavaCheck UP-TO-DATE
2026-02-20T02:41:50.0817895Z > Task :jdk-javac-plugin:spotlessCheck UP-TO-DATE
2026-02-20T02:41:50.0818691Z > Task :jdk-recent-unit-tests:spotlessJava FROM-CACHE
2026-02-20T02:41:50.0819561Z > Task :jdk-recent-unit-tests:spotlessJavaCheck UP-TO-DATE
2026-02-20T02:41:50.0820450Z > Task :jdk-recent-unit-tests:spotlessCheck UP-TO-DATE
2026-02-20T02:41:50.0821237Z > Task :jmh:spotlessJava FROM-CACHE
2026-02-20T02:41:50.0822646Z > Task :jmh:spotlessJavaCheck UP-TO-DATE
2026-02-20T02:41:50.0823198Z > Task :jmh:spotlessCheck UP-TO-DATE
2026-02-20T02:41:50.0823731Z > Task :sample:spotlessJava FROM-CACHE
2026-02-20T02:41:50.0824257Z > Task :sample:spotlessJavaCheck UP-TO-DATE
2026-02-20T02:41:50.0824787Z > Task :sample:spotlessCheck UP-TO-DATE
2026-02-20T02:41:50.0825350Z > Task :sample-library-model:spotlessJava FROM-CACHE
2026-02-20T02:41:50.0826173Z > Task :sample-library-model:spotlessJavaCheck UP-TO-DATE
2026-02-20T02:41:50.0826851Z > Task :sample-library-model:spotlessCheck UP-TO-DATE
2026-02-20T02:41:50.1818218Z > Task :sample-app:spotlessJava FROM-CACHE
2026-02-20T02:41:50.1820090Z > Task :sample-app:spotlessJavaCheck UP-TO-DATE
2026-02-20T02:41:50.1821229Z > Task :sample-app:spotlessCheck UP-TO-DATE
2026-02-20T02:41:50.1822603Z > Task :test-java-lib:spotlessJava FROM-CACHE
2026-02-20T02:41:50.1824003Z > Task :test-java-lib:spotlessJavaCheck UP-TO-DATE
2026-02-20T02:41:50.1825271Z > Task :test-java-lib:spotlessCheck UP-TO-DATE
2026-02-20T02:41:50.1826786Z > Task :test-java-lib-lombok:spotlessJava FROM-CACHE
2026-02-20T02:41:50.1828053Z > Task :test-java-module:spotlessJava FROM-CACHE
2026-02-20T02:41:50.1829197Z > Task :test-java-lib-lombok:spotlessJavaCheck UP-TO-DATE
2026-02-20T02:41:50.1830461Z > Task :test-java-module:spotlessJavaCheck UP-TO-DATE
2026-02-20T02:41:50.1831652Z > Task :test-java-lib-lombok:spotlessCheck UP-TO-DATE
2026-02-20T02:41:50.1835116Z > Task :test-java-module:spotlessCheck UP-TO-DATE
2026-02-20T02:41:50.1836588Z > Task :jar-infer:android-jarinfer-models-sdk28:spotlessJava FROM-CACHE
2026-02-20T02:41:50.1838713Z > Task :jar-infer:android-jarinfer-models-sdk28:spotlessJavaCheck UP-TO-DATE
2026-02-20T02:41:50.1840187Z > Task :jar-infer:android-jarinfer-models-sdk28:spotlessCheck UP-TO-DATE
2026-02-20T02:41:50.1866900Z > Task :test-library-models:spotlessJava FROM-CACHE
2026-02-20T02:41:50.1872550Z > Task :test-library-models:spotlessJavaCheck UP-TO-DATE
2026-02-20T02:41:50.1874180Z > Task :test-library-models:spotlessCheck UP-TO-DATE
2026-02-20T02:41:50.1875634Z > Task :jar-infer:android-jarinfer-models-sdk29:spotlessJava FROM-CACHE
2026-02-20T02:41:50.1883848Z > Task :jar-infer:android-jarinfer-models-sdk29:spotlessJavaCheck UP-TO-DATE
2026-02-20T02:41:50.1885463Z > Task :jar-infer:android-jarinfer-models-sdk29:spotlessCheck UP-TO-DATE
2026-02-20T02:41:50.1973137Z > Task :jar-infer:android-jarinfer-models-sdk30:spotlessJava FROM-CACHE
2026-02-20T02:41:50.1975073Z > Task :jar-infer:android-jarinfer-models-sdk30:spotlessJavaCheck UP-TO-DATE
2026-02-20T02:41:50.1976256Z > Task :jar-infer:android-jarinfer-models-sdk30:spotlessCheck UP-TO-DATE
2026-02-20T02:41:50.2803835Z > Task :jar-infer:android-jarinfer-models-sdk31:spotlessJava FROM-CACHE
2026-02-20T02:41:50.2807526Z > Task :jar-infer:android-jarinfer-models-sdk31:spotlessJavaCheck UP-TO-DATE
2026-02-20T02:41:50.2808573Z > Task :jar-infer:android-jarinfer-models-sdk31:spotlessCheck UP-TO-DATE
2026-02-20T02:41:50.2809457Z > Task :jar-infer:jar-infer-cli:spotlessJava FROM-CACHE
2026-02-20T02:41:50.2810231Z > Task :jar-infer:jar-infer-cli:spotlessJavaCheck UP-TO-DATE
2026-02-20T02:41:50.2810965Z > Task :jar-infer:jar-infer-cli:spotlessCheck UP-TO-DATE
2026-02-20T02:41:50.2811640Z > Task :jar-infer:jar-infer-lib:spotlessJava FROM-CACHE
2026-02-20T02:41:50.2812420Z > Task :jar-infer:nullaway-integration-test:spotlessJava FROM-CACHE
2026-02-20T02:41:50.2813255Z > Task :jar-infer:jar-infer-lib:spotlessJavaCheck UP-TO-DATE
2026-02-20T02:41:50.2813986Z > Task :jar-infer:jar-infer-lib:spotlessCheck UP-TO-DATE
2026-02-20T02:41:50.2814808Z > Task :jar-infer:nullaway-integration-test:spotlessJavaCheck UP-TO-DATE
2026-02-20T02:41:50.2815768Z > Task :jar-infer:nullaway-integration-test:spotlessCheck UP-TO-DATE
2026-02-20T02:41:50.2816838Z > Task :jar-infer:test-android-lib-jarinfer:spotlessJava FROM-CACHE
2026-02-20T02:41:50.2817725Z > Task :jar-infer:test-android-lib-jarinfer:spotlessJavaCheck UP-TO-DATE
2026-02-20T02:41:50.2818629Z > Task :jar-infer:test-android-lib-jarinfer:spotlessCheck UP-TO-DATE
2026-02-20T02:41:50.2819470Z > Task :jar-infer:test-java-lib-jarinfer:spotlessJava FROM-CACHE
2026-02-20T02:41:50.2820334Z > Task :jar-infer:test-java-lib-jarinfer:spotlessJavaCheck UP-TO-DATE
2026-02-20T02:41:50.2826855Z > Task :jar-infer:test-java-lib-jarinfer:spotlessCheck UP-TO-DATE
2026-02-20T02:41:50.2846642Z > Task :jdk-annotations:astubx-generator:spotlessJava FROM-CACHE
2026-02-20T02:41:50.2847810Z > Task :jdk-annotations:astubx-generator:spotlessJavaCheck UP-TO-DATE
2026-02-20T02:41:50.2848953Z > Task :jdk-annotations:astubx-generator:spotlessCheck UP-TO-DATE
2026-02-20T02:41:50.2850147Z > Task :jdk-annotations:astubx-generator-cli:spotlessJava FROM-CACHE
2026-02-20T02:41:50.2851255Z > Task :jdk-annotations:astubx-generator-cli:spotlessJavaCheck UP-TO-DATE
2026-02-20T02:41:50.2852353Z > Task :jdk-annotations:astubx-generator-cli:spotlessCheck UP-TO-DATE
2026-02-20T02:41:50.2853461Z > Task :jdk-annotations:jdk-integration-test:spotlessJava FROM-CACHE
2026-02-20T02:41:50.2854562Z > Task :jdk-annotations:jdk-integration-test:spotlessJavaCheck UP-TO-DATE
2026-02-20T02:41:50.2855732Z > Task :jdk-annotations:jdk-integration-test:spotlessCheck UP-TO-DATE
2026-02-20T02:41:50.2857214Z > Task :jdk-annotations:test-annotated:spotlessJava FROM-CACHE
2026-02-20T02:41:50.2858255Z > Task :jdk-annotations:test-annotated:spotlessJavaCheck UP-TO-DATE
2026-02-20T02:41:50.2859320Z > Task :jdk-annotations:test-annotated:spotlessCheck UP-TO-DATE
2026-02-20T02:41:50.2860422Z > Task :jdk-annotations:test-unannotated:spotlessJava FROM-CACHE
2026-02-20T02:41:50.2861530Z > Task :jdk-annotations:test-unannotated:spotlessJavaCheck UP-TO-DATE
2026-02-20T02:41:50.3790007Z > Task :jdk-annotations:test-unannotated:spotlessCheck UP-TO-DATE
2026-02-20T02:41:50.3794186Z > Task :library-model:library-model-generator:spotlessJava FROM-CACHE
2026-02-20T02:41:50.3798428Z > Task :library-model:library-model-generator:spotlessJavaCheck UP-TO-DATE
2026-02-20T02:41:50.3802502Z > Task :library-model:library-model-generator:spotlessCheck UP-TO-DATE
2026-02-20T02:41:51.9788565Z 
2026-02-20T02:41:51.9816941Z > Task :spotlessGroovyGradle
2026-02-20T02:41:51.9818041Z Missing required bundle org.eclipse.jdt.debug needed by [org.eclipse.jdt.launching, org.eclipse.jdt.launching.macosx]
2026-02-20T02:41:51.9821188Z Missing required capability osgi.extender:osgi.extender=osgi.serviceloader.processor needed by org.apache.commons.commons-logging
2026-02-20T02:41:51.9823619Z Missing required capability osgi.serviceloader:osgi.serviceloader=org.apache.commons.logging.LogFactory needed by org.apache.commons.commons-logging
2026-02-20T02:41:51.9825761Z Recommend setting osgi.configuration.area to a directory, getDataFile will return null
2026-02-20T02:41:51.9827647Z Starting Groovy-Eclipse compiler resolver. Specified compiler level: unspecified
2026-02-20T02:41:51.9829068Z  20 org.codehaus.groovy_5.0.0.v202503311943-e2503 RESOLVED
2026-02-20T02:41:53.6818063Z 
2026-02-20T02:41:53.6865266Z > Task :spotlessGroovyGradleCheck
2026-02-20T02:41:53.6866067Z > Task :spotlessCheck
2026-02-20T02:41:53.6866497Z > Task :check
2026-02-20T02:41:53.6866868Z > Task :build
2026-02-20T02:41:53.6867272Z > Task :installGitHooks
2026-02-20T02:41:53.7827449Z > Task :guava-recent-unit-tests:compileJava NO-SOURCE
2026-02-20T02:41:53.7828492Z > Task :jdk-recent-unit-tests:compileJava NO-SOURCE
2026-02-20T02:41:53.7829433Z > Task :jar-infer:nullaway-integration-test:compileJava NO-SOURCE
2026-02-20T02:41:53.7830445Z > Task :jdk-annotations:jdk-integration-test:compileJava NO-SOURCE
2026-02-20T02:41:53.7831373Z > Task :guava-recent-unit-tests:classes UP-TO-DATE
2026-02-20T02:41:53.7832189Z > Task :guava-recent-unit-tests:jar
2026-02-20T02:41:53.7832928Z > Task :jdk-recent-unit-tests:classes UP-TO-DATE
2026-02-20T02:41:53.7833708Z > Task :jdk-recent-unit-tests:jar
2026-02-20T02:41:53.7834531Z > Task :jar-infer:nullaway-integration-test:classes UP-TO-DATE
2026-02-20T02:41:53.7835485Z > Task :jar-infer:nullaway-integration-test:jar
2026-02-20T02:41:53.7836679Z > Task :jdk-annotations:jdk-integration-test:classes UP-TO-DATE
2026-02-20T02:41:53.7837585Z > Task :annotations:compileJava FROM-CACHE
2026-02-20T02:41:53.7838323Z > Task :annotations:classes UP-TO-DATE
2026-02-20T02:41:53.7839099Z > Task :jdk-annotations:jdk-integration-test:jar
2026-02-20T02:41:53.7839854Z > Task :guava-recent-unit-tests:assemble
2026-02-20T02:41:53.7840582Z > Task :jdk-recent-unit-tests:assemble
2026-02-20T02:41:53.7841366Z > Task :library-model:library-model-generator:compileJava FROM-CACHE
2026-02-20T02:41:53.7844115Z > Task :annotations:jar
2026-02-20T02:41:53.7844834Z > Task :annotations:assemble
2026-02-20T02:41:53.7845338Z > Task :annotations:compileTestJava NO-SOURCE
2026-02-20T02:41:53.7846109Z > Task :annotations:testClasses UP-TO-DATE
2026-02-20T02:41:53.7846659Z > Task :annotations:test NO-SOURCE
2026-02-20T02:41:53.7847169Z > Task :annotations:testJdk17 NO-SOURCE
2026-02-20T02:41:53.7847672Z > Task :annotations:testJdk21 NO-SOURCE
2026-02-20T02:41:53.7848179Z > Task :annotations:check UP-TO-DATE
2026-02-20T02:41:53.7848718Z > Task :test-java-module:compileJava FROM-CACHE
2026-02-20T02:41:53.7849472Z > Task :library-model:library-model-generator:classes UP-TO-DATE
2026-02-20T02:41:53.7850144Z > Task :annotations:build
2026-02-20T02:41:53.7850634Z > Task :test-java-module:classes UP-TO-DATE
2026-02-20T02:41:53.8788160Z > Task :library-model:library-model-generator:jar
2026-02-20T02:41:53.8816823Z > Task :test-java-module:jar
2026-02-20T02:41:53.8817509Z > Task :test-java-module:assemble
2026-02-20T02:41:53.8818163Z > Task :test-java-module:compileTestJava NO-SOURCE
2026-02-20T02:41:53.8819201Z > Task :test-java-module:testClasses UP-TO-DATE
2026-02-20T02:41:53.8820067Z > Task :test-java-module:test NO-SOURCE
2026-02-20T02:41:53.8820698Z > Task :test-java-module:check UP-TO-DATE
2026-02-20T02:41:53.8821302Z > Task :test-java-module:build
2026-02-20T02:41:53.8822028Z > Task :jar-infer:android-jarinfer-models-sdk28:compileJava FROM-CACHE
2026-02-20T02:41:53.8822888Z > Task :jar-infer:android-jarinfer-models-sdk28:classes
2026-02-20T02:41:53.8823741Z > Task :jar-infer:android-jarinfer-models-sdk29:compileJava FROM-CACHE
2026-02-20T02:41:53.8824603Z > Task :jar-infer:android-jarinfer-models-sdk29:classes
2026-02-20T02:41:53.8825426Z > Task :jar-infer:jar-infer-lib:compileJava FROM-CACHE
2026-02-20T02:41:53.8826340Z > Task :jar-infer:jar-infer-lib:classes UP-TO-DATE
2026-02-20T02:41:53.8827002Z > Task :jar-infer:jar-infer-lib:jar
2026-02-20T02:41:53.9798826Z > Task :jar-infer:android-jarinfer-models-sdk30:compileJava FROM-CACHE
2026-02-20T02:41:53.9799958Z > Task :jar-infer:android-jarinfer-models-sdk30:classes
2026-02-20T02:41:54.0786999Z > Task :jar-infer:android-jarinfer-models-sdk28:jar
2026-02-20T02:41:54.0787999Z > Task :jar-infer:android-jarinfer-models-sdk28:assemble
2026-02-20T02:41:54.0788911Z > Task :jar-infer:android-jarinfer-models-sdk28:compileTestJava NO-SOURCE
2026-02-20T02:41:54.0846372Z > Task :jar-infer:android-jarinfer-models-sdk28:testClasses UP-TO-DATE
2026-02-20T02:41:54.0847491Z > Task :jar-infer:android-jarinfer-models-sdk28:test NO-SOURCE
2026-02-20T02:41:54.0848477Z > Task :jar-infer:android-jarinfer-models-sdk28:check UP-TO-DATE
2026-02-20T02:41:54.0849467Z > Task :jar-infer:android-jarinfer-models-sdk28:build
2026-02-20T02:41:54.0850460Z > Task :jar-infer:android-jarinfer-models-sdk31:compileJava FROM-CACHE
2026-02-20T02:41:54.0851473Z > Task :jar-infer:android-jarinfer-models-sdk31:classes
2026-02-20T02:41:54.0852363Z > Task :jar-infer:android-jarinfer-models-sdk31:jar
2026-02-20T02:41:54.0853210Z > Task :jar-infer:android-jarinfer-models-sdk29:jar
2026-02-20T02:41:54.0854139Z > Task :jar-infer:android-jarinfer-models-sdk29:assemble
2026-02-20T02:41:54.0855055Z > Task :jar-infer:android-jarinfer-models-sdk31:assemble
2026-02-20T02:41:54.1792584Z > Task :jar-infer:android-jarinfer-models-sdk29:compileTestJava NO-SOURCE
2026-02-20T02:41:54.1793662Z > Task :jar-infer:android-jarinfer-models-sdk31:compileTestJava NO-SOURCE
2026-02-20T02:41:54.1794634Z > Task :jar-infer:android-jarinfer-models-sdk31:testClasses UP-TO-DATE
2026-02-20T02:41:54.1795532Z > Task :jar-infer:android-jarinfer-models-sdk29:testClasses UP-TO-DATE
2026-02-20T02:41:54.1796614Z > Task :jar-infer:android-jarinfer-models-sdk31:test NO-SOURCE
2026-02-20T02:41:54.1797442Z > Task :jar-infer:android-jarinfer-models-sdk31:check UP-TO-DATE
2026-02-20T02:41:54.1798202Z > Task :jar-infer:android-jarinfer-models-sdk31:build
2026-02-20T02:41:54.1798966Z > Task :jar-infer:android-jarinfer-models-sdk29:test NO-SOURCE
2026-02-20T02:41:54.1799770Z > Task :jar-infer:android-jarinfer-models-sdk29:check UP-TO-DATE
2026-02-20T02:41:54.1800568Z > Task :jar-infer:android-jarinfer-models-sdk29:build
2026-02-20T02:41:54.1801215Z > Task :jar-infer:jar-infer-lib:assemble
2026-02-20T02:41:54.1801825Z > Task :jar-infer:jar-infer-cli:compileJava FROM-CACHE
2026-02-20T02:41:54.1802505Z > Task :jar-infer:jar-infer-cli:classes UP-TO-DATE
2026-02-20T02:41:54.1803166Z > Task :jar-infer:android-jarinfer-models-sdk30:jar
2026-02-20T02:41:54.1803876Z > Task :jar-infer:android-jarinfer-models-sdk30:assemble
2026-02-20T02:41:54.1805372Z > Task :jar-infer:android-jarinfer-models-sdk30:compileTestJava NO-SOURCE
2026-02-20T02:41:54.1806480Z > Task :jar-infer:android-jarinfer-models-sdk30:testClasses UP-TO-DATE
2026-02-20T02:41:54.1807175Z > Task :jar-infer:jar-infer-cli:jar
2026-02-20T02:41:54.1807947Z > Task :jar-infer:test-android-lib-jarinfer:compileReleaseJavaWithJavac FROM-CACHE
2026-02-20T02:41:54.1808877Z > Task :jar-infer:android-jarinfer-models-sdk30:test NO-SOURCE
2026-02-20T02:41:54.1809666Z > Task :jar-infer:android-jarinfer-models-sdk30:check UP-TO-DATE
2026-02-20T02:41:54.1810982Z > Task :jar-infer:android-jarinfer-models-sdk30:build
2026-02-20T02:41:54.1811713Z > Task :jar-infer:nullaway-integration-test:assemble
2026-02-20T02:41:54.1812390Z > Task :jdk-annotations:jdk-integration-test:assemble
2026-02-20T02:41:54.1813117Z > Task :library-model:library-model-generator:assemble
2026-02-20T02:41:54.1813992Z > Task :jar-infer:test-android-lib-jarinfer:mergeReleaseGeneratedProguardFiles
2026-02-20T02:41:54.1814980Z > Task :library-model:library-model-generator:compileTestJava NO-SOURCE
2026-02-20T02:41:54.1858793Z > Task :library-model:library-model-generator:testClasses UP-TO-DATE
2026-02-20T02:41:54.2824264Z > Task :jar-infer:test-android-lib-jarinfer:mergeReleaseConsumerProguardFiles
2026-02-20T02:41:54.2876947Z > Task :library-model:library-model-generator:test NO-SOURCE
2026-02-20T02:41:54.2877965Z > Task :library-model:library-model-generator:testJdk17 NO-SOURCE
2026-02-20T02:41:54.2878914Z > Task :library-model:library-model-generator:testJdk21 NO-SOURCE
2026-02-20T02:41:54.2879919Z > Task :library-model:library-model-generator:check UP-TO-DATE
2026-02-20T02:41:54.2880775Z > Task :library-model:library-model-generator:build
2026-02-20T02:41:54.2881676Z > Task :jar-infer:test-android-lib-jarinfer:syncReleaseLibJars FROM-CACHE
2026-02-20T02:41:54.2882643Z > Task :jar-infer:test-android-lib-jarinfer:bundleReleaseAar
2026-02-20T02:41:54.2883644Z > Task :jar-infer:test-android-lib-jarinfer:compileDebugJavaWithJavac FROM-CACHE
2026-02-20T02:41:54.2884862Z > Task :jar-infer:test-android-lib-jarinfer:mergeDebugGeneratedProguardFiles
2026-02-20T02:41:54.2886199Z > Task :jar-infer:test-android-lib-jarinfer:mergeDebugConsumerProguardFiles
2026-02-20T02:41:54.2887317Z > Task :jar-infer:test-android-lib-jarinfer:syncDebugLibJars FROM-CACHE
2026-02-20T02:41:54.2888328Z > Task :jar-infer:test-android-lib-jarinfer:bundleDebugAar
2026-02-20T02:41:54.2889233Z > Task :jar-infer:test-android-lib-jarinfer:assembleDebug
2026-02-20T02:41:54.2890131Z > Task :jar-infer:test-android-lib-jarinfer:assembleRelease
2026-02-20T02:41:54.2891008Z > Task :jar-infer:test-android-lib-jarinfer:assemble
2026-02-20T02:41:54.2891945Z > Task :jar-infer:test-android-lib-jarinfer:bundleDebugLocalLintAar
2026-02-20T02:41:54.3817158Z > Task :jar-infer:jar-infer-cli:javadoc FROM-CACHE
2026-02-20T02:41:54.3818246Z > Task :jar-infer:test-android-lib-jarinfer:bundleLibRuntimeToJarDebug
2026-02-20T02:41:54.5787895Z > Task :jar-infer:jar-infer-cli:javadocJar
2026-02-20T02:41:54.7791699Z > Task :jar-infer:jar-infer-cli:shadowJar FROM-CACHE
2026-02-20T02:41:54.7794162Z > Task :jar-infer:jar-infer-cli:assemble
2026-02-20T02:41:54.8787200Z > Task :jar-infer:jar-infer-cli:compileTestJava NO-SOURCE
2026-02-20T02:41:54.8792873Z > Task :jar-infer:jar-infer-cli:testClasses UP-TO-DATE
2026-02-20T02:41:54.8795036Z > Task :jar-infer:jar-infer-cli:test NO-SOURCE
2026-02-20T02:41:54.8797292Z > Task :jar-infer:jar-infer-cli:check UP-TO-DATE
2026-02-20T02:41:54.8799276Z > Task :jar-infer:jar-infer-cli:build
2026-02-20T02:41:54.9789997Z > Task :nullaway:spotlessJava
2026-02-20T02:41:55.0798486Z > Task :jar-infer:test-android-lib-jarinfer:generateDebugLintReportModel
2026-02-20T02:41:55.0826797Z > Task :jar-infer:test-android-lib-jarinfer:createFullJarDebug
2026-02-20T02:41:55.0831403Z > Task :jar-infer:test-android-lib-jarinfer:generateDebugAndroidTestLintModel
2026-02-20T02:41:55.0832738Z > Task :jar-infer:test-android-lib-jarinfer:generateDebugUnitTestLintModel
2026-02-20T02:41:55.0834074Z > Task :jar-infer:test-android-lib-jarinfer:lintAnalyzeDebug FROM-CACHE
2026-02-20T02:41:55.0835282Z > Task :jar-infer:test-android-lib-jarinfer:lintAnalyzeDebugAndroidTest FROM-CACHE
2026-02-20T02:41:55.0836819Z > Task :jar-infer:test-android-lib-jarinfer:lintAnalyzeDebugUnitTest FROM-CACHE
2026-02-20T02:41:55.1788298Z > Task :jar-infer:test-android-lib-jarinfer:bundleLibCompileToJarDebug
2026-02-20T02:41:55.1790604Z > Task :jar-infer:test-android-lib-jarinfer:bundleLibRuntimeToJarRelease
2026-02-20T02:41:55.1792827Z > Task :jar-infer:test-android-lib-jarinfer:compileDebugUnitTestJavaWithJavac NO-SOURCE
2026-02-20T02:41:55.1797568Z > Task :jar-infer:test-android-lib-jarinfer:testDebugUnitTest NO-SOURCE
2026-02-20T02:41:55.1798533Z > Task :jar-infer:test-android-lib-jarinfer:bundleLibCompileToJarRelease
2026-02-20T02:41:55.1799798Z > Task :jar-infer:test-android-lib-jarinfer:compileReleaseUnitTestJavaWithJavac NO-SOURCE
2026-02-20T02:41:55.1800844Z > Task :jar-infer:test-android-lib-jarinfer:testReleaseUnitTest NO-SOURCE
2026-02-20T02:41:55.1803801Z > Task :jar-infer:test-android-lib-jarinfer:test UP-TO-DATE
2026-02-20T02:41:56.9817256Z > Task :jar-infer:test-android-lib-jarinfer:lintReportDebug
2026-02-20T02:41:56.9818422Z > Task :jar-infer:test-android-lib-jarinfer:lintDebug
2026-02-20T02:41:56.9819412Z > Task :jar-infer:test-android-lib-jarinfer:lint
2026-02-20T02:41:56.9820225Z > Task :jar-infer:test-android-lib-jarinfer:check
2026-02-20T02:41:56.9821016Z > Task :jar-infer:test-android-lib-jarinfer:build
2026-02-20T02:42:05.8786792Z > Task :nullaway:compileJava
2026-02-20T02:42:05.8787822Z > Task :nullaway:classes
2026-02-20T02:42:05.9808333Z > Task :nullaway:jar
2026-02-20T02:42:10.5787234Z > Task :jdk-javac-plugin:compileJava
2026-02-20T02:42:10.5791769Z > Task :jdk-javac-plugin:classes
2026-02-20T02:42:10.5792628Z > Task :jdk-javac-plugin:jar
2026-02-20T02:42:14.1825828Z > Task :guava-recent-unit-tests:compileTestJava
2026-02-20T02:42:14.2787712Z > Task :jdk-annotations:astubx-generator:compileJava FROM-CACHE
2026-02-20T02:42:14.2790591Z > Task :jdk-annotations:astubx-generator:classes UP-TO-DATE
2026-02-20T02:42:14.3877463Z > Task :jdk-annotations:astubx-generator:jar
2026-02-20T02:42:14.3906838Z > Task :guava-recent-unit-tests:testClasses
2026-02-20T02:42:15.4787210Z > Task :test-library-models:compileJava
2026-02-20T02:42:15.4787916Z > Task :code-coverage-report:compileJava NO-SOURCE
2026-02-20T02:42:15.4788564Z > Task :code-coverage-report:classes UP-TO-DATE
2026-02-20T02:42:15.5788130Z > Task :code-coverage-report:jar
2026-02-20T02:42:15.5816700Z > Task :code-coverage-report:assemble
2026-02-20T02:42:15.5817391Z > Task :code-coverage-report:compileTestJava NO-SOURCE
2026-02-20T02:42:15.5839445Z > Task :code-coverage-report:testClasses UP-TO-DATE
2026-02-20T02:42:15.5840059Z > Task :test-library-models:classes
2026-02-20T02:42:15.5840560Z > Task :test-library-models:jar
2026-02-20T02:42:15.5841060Z > Task :code-coverage-report:test NO-SOURCE
2026-02-20T02:42:15.5841621Z > Task :code-coverage-report:check UP-TO-DATE
2026-02-20T02:42:15.5842161Z > Task :code-coverage-report:build
2026-02-20T02:42:15.5842668Z > Task :jdk-javac-plugin:assemble
2026-02-20T02:42:15.7787464Z > Task :jdk-javac-plugin:shadowJar FROM-CACHE
2026-02-20T02:42:15.7791184Z > Task :jdk-recent-unit-tests:compileTestJava
2026-02-20T02:42:15.7791780Z > Task :jdk-recent-unit-tests:testClasses
2026-02-20T02:42:15.7792380Z > Task :jdk-javac-plugin:compileTestJava FROM-CACHE
2026-02-20T02:42:15.7793037Z > Task :jdk-javac-plugin:testClasses UP-TO-DATE
2026-02-20T02:42:15.8799137Z > Task :jdk-javac-plugin:test FROM-CACHE
2026-02-20T02:42:15.8800280Z > Task :jdk-javac-plugin:testJdk17 SKIPPED
2026-02-20T02:42:15.8801191Z > Task :jdk-javac-plugin:testJdk21 FROM-CACHE
2026-02-20T02:42:15.8820509Z > Task :jdk-javac-plugin:check UP-TO-DATE
2026-02-20T02:42:15.8821421Z > Task :jdk-javac-plugin:build
2026-02-20T02:42:15.8822253Z > Task :nullaway:assemble
2026-02-20T02:42:28.3788549Z > Task :jmh:compileJava
2026-02-20T02:42:28.3826672Z > Task :jmh:classes
2026-02-20T02:42:28.4786894Z > Task :jmh:jar
2026-02-20T02:42:28.4791498Z > Task :jmh:assemble
2026-02-20T02:42:30.7787011Z > Task :guava-recent-unit-tests:test
2026-02-20T02:42:31.2787016Z > Task :jmh:compileTestJava
2026-02-20T02:42:31.2790221Z > Task :jmh:testClasses
2026-02-20T02:42:36.2817708Z > Task :nullaway:buildWithNullAway
2026-02-20T02:42:36.2841779Z > Task :nullaway:spotlessJavaCheck
2026-02-20T02:42:36.2842535Z > Task :nullaway:spotlessCheck
2026-02-20T02:42:41.3787441Z > Task :jdk-recent-unit-tests:test
2026-02-20T02:42:41.3789135Z > Task :jdk-recent-unit-tests:testJdk17 SKIPPED
2026-02-20T02:42:41.3790202Z > Task :jdk-recent-unit-tests:testJdk21 SKIPPED
2026-02-20T02:42:41.3790992Z > Task :jdk-recent-unit-tests:check
2026-02-20T02:42:41.3799566Z > Task :jdk-recent-unit-tests:build
2026-02-20T02:42:44.1812196Z > Task :test-java-lib:compileJava
2026-02-20T02:42:44.1832658Z > Task :test-java-lib:classes
2026-02-20T02:42:44.2787554Z > Task :test-java-lib:jar
2026-02-20T02:42:46.0787022Z > Task :guava-recent-unit-tests:testErrorProneOldest
2026-02-20T02:42:46.7787235Z WARNING: A terminally deprecated method in sun.misc.Unsafe has been called
2026-02-20T02:42:46.7788712Z WARNING: sun.misc.Unsafe::objectFieldOffset has been called by lombok.permit.Permit
2026-02-20T02:42:46.7789996Z WARNING: Please consider reporting this to the maintainers of class lombok.permit.Permit
2026-02-20T02:42:46.7791439Z WARNING: sun.misc.Unsafe::objectFieldOffset will be removed in a future release
2026-02-20T02:42:47.9787249Z > Task :sample-library-model:compileJava
2026-02-20T02:42:47.9792067Z > Task :sample-library-model:classes
2026-02-20T02:42:47.9793101Z > Task :sample-library-model:jar
2026-02-20T02:42:51.6817330Z > Task :test-java-lib-lombok:compileJava
2026-02-20T02:42:51.9787161Z > Task :sample:compileJava
2026-02-20T02:42:51.9788949Z > Task :test-java-lib-lombok:classes
2026-02-20T02:42:51.9793116Z > Task :test-java-lib-lombok:jar
2026-02-20T02:42:51.9797303Z > Task :sample:classes
2026-02-20T02:42:51.9801212Z > Task :sample:jar
2026-02-20T02:42:51.9805003Z > Task :sample:assemble
2026-02-20T02:42:52.0807387Z > Task :sample:compileTestJava FROM-CACHE
2026-02-20T02:42:52.0809749Z > Task :sample:testClasses UP-TO-DATE
2026-02-20T02:42:52.0810562Z > Task :sample:test FROM-CACHE
2026-02-20T02:42:52.0824140Z > Task :sample:check UP-TO-DATE
2026-02-20T02:42:52.0839244Z > Task :sample:build
2026-02-20T02:42:52.1797524Z > Task :sample-app:javaPreCompileDebug
2026-02-20T02:42:56.2822697Z > Task :sample-app:compileDebugJavaWithJavac
2026-02-20T02:42:56.2915298Z > Task :sample-app:processDebugJavaRes
2026-02-20T02:42:57.0787375Z > Task :sample-app:mergeDebugJavaResource
2026-02-20T02:42:57.1787168Z > Task :sample-app:dexBuilderDebug FROM-CACHE
2026-02-20T02:42:57.3805211Z > Task :sample-app:mergeDexDebug FROM-CACHE
2026-02-20T02:42:57.4810966Z > Task :guava-recent-unit-tests:testJdk17
2026-02-20T02:42:59.2787177Z > Task :sample-app:packageDebug
2026-02-20T02:42:59.2787870Z > Task :sample-app:createDebugApkListingFileRedirect
2026-02-20T02:42:59.2788522Z > Task :sample-app:assembleDebug
2026-02-20T02:42:59.3787445Z > Task :sample-app:javaPreCompileRelease FROM-CACHE
2026-02-20T02:42:59.3788276Z > Task :sample-app:compileReleaseJavaWithJavac FROM-CACHE
2026-02-20T02:42:59.4789349Z > Task :sample-app:dexBuilderRelease FROM-CACHE
2026-02-20T02:42:59.5791390Z > Task :sample-app:mergeDexRelease FROM-CACHE
2026-02-20T02:42:59.5793025Z > Task :sample-app:compileReleaseArtProfile FROM-CACHE
2026-02-20T02:42:59.6819995Z > Task :sample-app:generateReleaseLintVitalReportModel
2026-02-20T02:42:59.7831109Z > Task :sample-app:lintVitalAnalyzeRelease FROM-CACHE
2026-02-20T02:42:59.7831854Z > Task :sample-app:lintVitalReportRelease SKIPPED
2026-02-20T02:42:59.7832461Z > Task :sample-app:lintVitalRelease SKIPPED
2026-02-20T02:42:59.7833040Z > Task :sample-app:processReleaseJavaRes
2026-02-20T02:42:59.9813145Z > Task :sample-app:mergeReleaseJavaResource
2026-02-20T02:43:00.3787232Z > Task :sample-app:packageRelease
2026-02-20T02:43:00.3856531Z > Task :sample-app:createReleaseApkListingFileRedirect
2026-02-20T02:43:00.3857214Z > Task :sample-app:assembleRelease
2026-02-20T02:43:00.3857703Z > Task :sample-app:assemble
2026-02-20T02:43:00.4786919Z > Task :sample-app:bundleDebugClassesToCompileJar
2026-02-20T02:43:00.4788573Z > Task :sample-app:generateDebugAndroidTestLintModel
2026-02-20T02:43:00.5787483Z > Task :sample-app:generateDebugLintReportModel
2026-02-20T02:43:00.5788537Z > Task :sample-app:generateDebugUnitTestLintModel
2026-02-20T02:43:00.6794341Z > Task :sample-app:lintAnalyzeDebug FROM-CACHE
2026-02-20T02:43:00.6798032Z > Task :sample-app:lintAnalyzeDebugAndroidTest FROM-CACHE
2026-02-20T02:43:00.6799078Z > Task :sample-app:lintAnalyzeDebugUnitTest FROM-CACHE
2026-02-20T02:43:01.0787694Z 
2026-02-20T02:43:01.0792096Z > Task :sample-app:lintReportDebug
2026-02-20T02:43:01.0802965Z Wrote HTML report to file:///home/runner/work/NullAway/NullAway/sample-app/build/reports/lint-results-debug.html
2026-02-20T02:43:01.0807736Z 
2026-02-20T02:43:01.0849928Z > Task :sample-app:lintDebug
2026-02-20T02:43:01.0850783Z > Task :sample-app:lint
2026-02-20T02:43:01.1788333Z > Task :sample-app:bundleDebugClassesToRuntimeJar
2026-02-20T02:43:01.1816921Z > Task :sample-app:compileDebugUnitTestJavaWithJavac NO-SOURCE
2026-02-20T02:43:01.1818009Z > Task :sample-app:testDebugUnitTest NO-SOURCE
2026-02-20T02:43:01.1823831Z > Task :sample-app:bundleReleaseClassesToRuntimeJar
2026-02-20T02:43:01.1824971Z > Task :sample-app:bundleReleaseClassesToCompileJar
2026-02-20T02:43:01.1907071Z > Task :sample-app:compileReleaseUnitTestJavaWithJavac NO-SOURCE
2026-02-20T02:43:01.1908522Z > Task :sample-app:testReleaseUnitTest NO-SOURCE
2026-02-20T02:43:01.1909511Z > Task :sample-app:test UP-TO-DATE
2026-02-20T02:43:01.1910186Z > Task :sample-app:check
2026-02-20T02:43:01.1910810Z > Task :sample-app:build
2026-02-20T02:43:01.1911554Z > Task :sample-library-model:assemble
2026-02-20T02:43:01.1912603Z > Task :sample-library-model:compileTestJava NO-SOURCE
2026-02-20T02:43:01.1913464Z > Task :sample-library-model:testClasses UP-TO-DATE
2026-02-20T02:43:01.1914333Z > Task :sample-library-model:test NO-SOURCE
2026-02-20T02:43:01.1915085Z > Task :sample-library-model:check UP-TO-DATE
2026-02-20T02:43:01.1916010Z > Task :sample-library-model:build
2026-02-20T02:43:01.1917200Z > Task :test-java-lib:assemble
2026-02-20T02:43:01.2817576Z > Task :test-java-lib:compileTestJava NO-SOURCE
2026-02-20T02:43:01.2829964Z > Task :test-java-lib:testClasses UP-TO-DATE
2026-02-20T02:43:01.2830578Z > Task :test-java-lib:test NO-SOURCE
2026-02-20T02:43:01.2831149Z > Task :test-java-lib:check UP-TO-DATE
2026-02-20T02:43:01.2831677Z > Task :test-java-lib:build
2026-02-20T02:43:01.2832149Z > Task :test-java-lib-lombok:assemble
2026-02-20T02:43:01.2832758Z > Task :test-java-lib-lombok:compileTestJava NO-SOURCE
2026-02-20T02:43:01.2833575Z > Task :test-java-lib-lombok:testClasses UP-TO-DATE
2026-02-20T02:43:01.2834290Z > Task :test-java-lib-lombok:test NO-SOURCE
2026-02-20T02:43:01.2834982Z > Task :test-java-lib-lombok:check UP-TO-DATE
2026-02-20T02:43:01.2835636Z > Task :test-java-lib-lombok:build
2026-02-20T02:43:01.2836420Z > Task :test-library-models:assemble
2026-02-20T02:43:01.2837083Z > Task :jmh:test
2026-02-20T02:43:05.1787099Z > Task :test-library-models:compileTestJava
2026-02-20T02:43:05.1788285Z > Task :test-library-models:testClasses
2026-02-20T02:43:05.5789503Z > Task :jmh:testJdk17 SKIPPED
2026-02-20T02:43:14.7808416Z > Task :nullaway:compileTestJava
2026-02-20T02:43:14.7809978Z > Task :nullaway:testClasses
2026-02-20T02:43:15.1786659Z > Task :guava-recent-unit-tests:testJdk21
2026-02-20T02:43:15.1792798Z > Task :guava-recent-unit-tests:check
2026-02-20T02:43:15.1793802Z > Task :guava-recent-unit-tests:build
2026-02-20T02:43:20.3786995Z > Task :jar-infer:test-java-lib-jarinfer:compileJava
2026-02-20T02:43:20.4808950Z > Task :jar-infer:jar-infer-lib:compileTestJava FROM-CACHE
2026-02-20T02:43:20.4810098Z > Task :jar-infer:jar-infer-lib:testClasses
2026-02-20T02:43:20.4811018Z > Task :jar-infer:test-java-lib-jarinfer:classes
2026-02-20T02:43:20.4811870Z > Task :jar-infer:test-java-lib-jarinfer:baseJar
2026-02-20T02:43:24.1787022Z > Task :jar-infer:test-java-lib-jarinfer:generateJarInferAstubx
2026-02-20T02:43:24.2827436Z > Task :jar-infer:test-java-lib-jarinfer:jar
2026-02-20T02:43:24.3787078Z > Task :test-library-models:test
2026-02-20T02:43:35.5802560Z > Task :jmh:testJdk21
2026-02-20T02:43:44.7807337Z > Task :nullaway:test
2026-02-20T02:43:54.2786827Z > Task :jar-infer:jar-infer-lib:test
2026-02-20T02:43:54.3803984Z > Task :test-library-models:testJdk17
2026-02-20T02:43:58.5802664Z 
2026-02-20T02:43:58.5837665Z > Task :nullaway:test
2026-02-20T02:43:58.5837992Z 
2026-02-20T02:43:58.5838330Z JSpecifyJDKModelsTest > listContainingNullsWithModel FAILED
2026-02-20T02:43:58.5839248Z     com.google.common.truth.AssertionErrorWithFacts at JSpecifyJDKModelsTest.java:79
2026-02-20T02:44:07.6786562Z 
2026-02-20T02:44:07.6787308Z > Task :jmh:check
2026-02-20T02:44:07.6787965Z > Task :jmh:build
2026-02-20T02:44:07.9805704Z OpenJDK 64-Bit Server VM warning: Sharing is only supported for boot loader classes because bootstrap classpath has been appended
2026-02-20T02:44:09.2786691Z > Task :test-library-models:testJdk21
2026-02-20T02:44:09.2791060Z > Task :test-library-models:check
2026-02-20T02:44:09.2795103Z > Task :test-library-models:build
2026-02-20T02:44:09.2799227Z > Task :jar-infer:test-java-lib-jarinfer:assemble
2026-02-20T02:44:09.2803424Z > Task :jar-infer:test-java-lib-jarinfer:compileTestJava NO-SOURCE
2026-02-20T02:44:09.2807830Z > Task :jar-infer:test-java-lib-jarinfer:testClasses UP-TO-DATE
2026-02-20T02:44:09.3791878Z > Task :jar-infer:test-java-lib-jarinfer:test NO-SOURCE
2026-02-20T02:44:09.3796882Z > Task :jar-infer:test-java-lib-jarinfer:check UP-TO-DATE
2026-02-20T02:44:09.3801468Z > Task :jar-infer:test-java-lib-jarinfer:build
2026-02-20T02:44:09.3803368Z > Task :jdk-annotations:astubx-generator:assemble
2026-02-20T02:44:09.3808069Z > Task :jdk-annotations:astubx-generator:compileTestJava FROM-CACHE
2026-02-20T02:44:09.3812454Z > Task :jdk-annotations:astubx-generator:testClasses UP-TO-DATE
2026-02-20T02:44:09.4826200Z > Task :jdk-annotations:astubx-generator:test FROM-CACHE
2026-02-20T02:44:09.4827235Z > Task :jdk-annotations:astubx-generator:testJdk17 SKIPPED
2026-02-20T02:44:09.4828174Z > Task :jdk-annotations:astubx-generator:testJdk21 FROM-CACHE
2026-02-20T02:44:09.4828952Z > Task :jdk-annotations:astubx-generator:check UP-TO-DATE
2026-02-20T02:44:09.4841927Z > Task :jdk-annotations:astubx-generator:build
2026-02-20T02:44:09.4842772Z > Task :jdk-annotations:astubx-generator-cli:compileJava FROM-CACHE
2026-02-20T02:44:09.4843659Z > Task :jdk-annotations:astubx-generator-cli:classes UP-TO-DATE
2026-02-20T02:44:09.5786765Z > Task :jdk-annotations:astubx-generator-cli:jar
2026-02-20T02:44:09.7792485Z > Task :jdk-annotations:astubx-generator-cli:shadowJar FROM-CACHE
2026-02-20T02:44:09.7793730Z > Task :jdk-annotations:astubx-generator-cli:assemble
2026-02-20T02:44:09.7794906Z > Task :jdk-annotations:astubx-generator-cli:compileTestJava NO-SOURCE
2026-02-20T02:44:09.7796218Z > Task :jdk-annotations:astubx-generator-cli:testClasses UP-TO-DATE
2026-02-20T02:44:09.7797346Z > Task :jdk-annotations:astubx-generator-cli:test NO-SOURCE
2026-02-20T02:44:09.7798349Z > Task :jdk-annotations:astubx-generator-cli:check UP-TO-DATE
2026-02-20T02:44:09.7799296Z > Task :jdk-annotations:astubx-generator-cli:build
2026-02-20T02:44:10.3787426Z > Task :jar-infer:nullaway-integration-test:compileTestJava
2026-02-20T02:44:10.3788653Z > Task :jar-infer:nullaway-integration-test:testClasses
2026-02-20T02:44:13.1787061Z > Task :jdk-annotations:test-annotated:compileJava
2026-02-20T02:44:18.5797424Z > Task :jdk-annotations:test-unannotated:compileJava
2026-02-20T02:44:22.2877567Z > Task :jdk-annotations:jdk-integration-test:compileTestJava
2026-02-20T02:44:22.2879023Z > Task :jdk-annotations:jdk-integration-test:testClasses
2026-02-20T02:44:22.2880089Z > Task :jdk-annotations:test-annotated:classes
2026-02-20T02:44:22.2881102Z > Task :jdk-annotations:test-annotated:jar
2026-02-20T02:44:23.3787004Z > Task :jdk-annotations:test-annotated:generateAstubx
2026-02-20T02:44:23.3816748Z > Task :jdk-annotations:test-unannotated:classes
2026-02-20T02:44:23.3946913Z > Task :jdk-annotations:test-unannotated:jar
2026-02-20T02:44:27.4787071Z > Task :jar-infer:nullaway-integration-test:test
2026-02-20T02:44:36.1787272Z > Task :jdk-annotations:jdk-integration-test:test
2026-02-20T02:44:36.1788660Z > Task :jdk-annotations:jdk-integration-test:testJdk17 SKIPPED
2026-02-20T02:44:39.1786851Z > Task :jar-infer:jar-infer-lib:testJdk17
2026-02-20T02:44:39.4787363Z > Task :jar-infer:nullaway-integration-test:testJdk17
2026-02-20T02:44:47.8786612Z 
2026-02-20T02:44:47.8786710Z 
2026-02-20T02:44:47.8787545Z 778 tests completed, 1 failed, 11 skipped
2026-02-20T02:44:47.8827340Z > Task :nullaway:test
2026-02-20T02:44:48.2787766Z 
2026-02-20T02:44:48.2789836Z > Task :nullaway:test FAILED
2026-02-20T02:44:48.2791739Z > Task :jdk-annotations:jdk-integration-test:testJdk21
2026-02-20T02:44:48.9786775Z > Task :jar-infer:nullaway-integration-test:testJdk21
2026-02-20T02:44:49.8798247Z 
2026-02-20T02:44:49.8799122Z FAILURE: Build failed with an exception.
2026-02-20T02:44:49.8799724Z 
2026-02-20T02:44:49.8800038Z * What went wrong:
2026-02-20T02:44:49.8801377Z Execution failed for task ':nullaway:test'.
2026-02-20T02:44:49.8802471Z > There were failing tests. See the report at: file:///home/runner/work/NullAway/NullAway/nullaway/build/reports/tests/test/index.html
2026-02-20T02:44:49.8803378Z 
2026-02-20T02:44:49.8803545Z * Try:
2026-02-20T02:44:49.8804079Z > Run with --scan to get full insights from a Build Scan (powered by Develocity).
2026-02-20T02:44:49.8804591Z 
2026-02-20T02:44:49.8804746Z BUILD FAILED in 3m 39s
2026-02-20T02:44:49.8817258Z gradle/actions: Writing build results to /home/runner/work/_temp/.gradle-actions/build-results/__run-1771555273643.json
2026-02-20T02:44:49.8843675Z 
2026-02-20T02:44:49.8844387Z [Incubating] Problems report is available at: file:///home/runner/work/NullAway/NullAway/build/reports/problems/problems-report.html
2026-02-20T02:44:49.8845195Z 
2026-02-20T02:44:49.8845593Z Deprecated Gradle features were used in this build, making it incompatible with Gradle 10.
2026-02-20T02:44:49.8846310Z 
2026-02-20T02:44:49.8846994Z You can use '--warning-mode all' to show the individual deprecation warnings and determine if they come from your own scripts or plugins.
2026-02-20T02:44:49.8847769Z 
2026-02-20T02:44:49.8848508Z For more on this, please refer to https://docs.gradle.org/9.3.1/userguide/command_line_interface.html#sec:command_line_warnings in the Gradle documentation.
2026-02-20T02:44:49.8849652Z 342 actionable tasks: 179 executed, 135 from cache, 28 up-to-date
2026-02-20T02:44:50.2950786Z ##[error]Process completed with exit code 1.
2026-02-20T02:44:50.3110960Z Post job cleanup.
2026-02-20T02:44:50.5546307Z In post-action step
2026-02-20T02:44:50.5555766Z Cache is read-only: will not save state for use in subsequent builds.
2026-02-20T02:44:50.5562585Z Generating Job Summary
2026-02-20T02:44:50.5579090Z Completed post-action step
2026-02-20T02:44:50.5739533Z Post job cleanup.
2026-02-20T02:44:50.7024262Z Post job cleanup.
2026-02-20T02:44:50.7802723Z [command]/usr/bin/git version
2026-02-20T02:44:50.7839138Z git version 2.52.0
2026-02-20T02:44:50.7878676Z Temporarily overriding HOME='/home/runner/work/_temp/70320657-c598-48e6-9203-a5d4954c47e1' before making global git config changes
2026-02-20T02:44:50.7880111Z Adding repository directory to the temporary git global config as a safe directory
2026-02-20T02:44:50.7885129Z [command]/usr/bin/git config --global --add safe.directory /home/runner/work/NullAway/NullAway
2026-02-20T02:44:50.7915232Z Removing SSH command configuration
2026-02-20T02:44:50.7921544Z [command]/usr/bin/git config --local --name-only --get-regexp core\.sshCommand
2026-02-20T02:44:50.7954270Z [command]/usr/bin/git submodule foreach --recursive sh -c "git config --local --name-only --get-regexp 'core\.sshCommand' && git config --local --unset-all 'core.sshCommand' || :"
2026-02-20T02:44:50.8189653Z Removing HTTP extra header
2026-02-20T02:44:50.8194485Z [command]/usr/bin/git config --local --name-only --get-regexp http\.https\:\/\/github\.com\/\.extraheader
2026-02-20T02:44:50.8224911Z [command]/usr/bin/git submodule foreach --recursive sh -c "git config --local --name-only --get-regexp 'http\.https\:\/\/github\.com\/\.extraheader' && git config --local --unset-all 'http.https://github.com/.extraheader' || :"
2026-02-20T02:44:50.8443817Z Removing includeIf entries pointing to credentials config files
2026-02-20T02:44:50.8450466Z [command]/usr/bin/git config --local --name-only --get-regexp ^includeIf\.gitdir:
2026-02-20T02:44:50.8473535Z includeif.gitdir:/home/runner/work/NullAway/NullAway/.git.path
2026-02-20T02:44:50.8474469Z includeif.gitdir:/home/runner/work/NullAway/NullAway/.git/worktrees/*.path
2026-02-20T02:44:50.8475241Z includeif.gitdir:/github/workspace/.git.path
2026-02-20T02:44:50.8476049Z includeif.gitdir:/github/workspace/.git/worktrees/*.path
2026-02-20T02:44:50.8493512Z [command]/usr/bin/git config --local --get-all includeif.gitdir:/home/runner/work/NullAway/NullAway/.git.path
2026-02-20T02:44:50.8504763Z /home/runner/work/_temp/git-credentials-82f93930-1fc2-4c27-8250-afb3ead1569e.config
2026-02-20T02:44:50.8515610Z [command]/usr/bin/git config --local --unset includeif.gitdir:/home/runner/work/NullAway/NullAway/.git.path /home/runner/work/_temp/git-credentials-82f93930-1fc2-4c27-8250-afb3ead1569e.config
2026-02-20T02:44:50.8549352Z [command]/usr/bin/git config --local --get-all includeif.gitdir:/home/runner/work/NullAway/NullAway/.git/worktrees/*.path
2026-02-20T02:44:50.8570210Z /home/runner/work/_temp/git-credentials-82f93930-1fc2-4c27-8250-afb3ead1569e.config
2026-02-20T02:44:50.8580488Z [command]/usr/bin/git config --local --unset includeif.gitdir:/home/runner/work/NullAway/NullAway/.git/worktrees/*.path /home/runner/work/_temp/git-credentials-82f93930-1fc2-4c27-8250-afb3ead1569e.config
2026-02-20T02:44:50.8611572Z [command]/usr/bin/git config --local --get-all includeif.gitdir:/github/workspace/.git.path
2026-02-20T02:44:50.8632492Z /github/runner_temp/git-credentials-82f93930-1fc2-4c27-8250-afb3ead1569e.config
2026-02-20T02:44:50.8640348Z [command]/usr/bin/git config --local --unset includeif.gitdir:/github/workspace/.git.path /github/runner_temp/git-credentials-82f93930-1fc2-4c27-8250-afb3ead1569e.config
2026-02-20T02:44:50.8672026Z [command]/usr/bin/git config --local --get-all includeif.gitdir:/github/workspace/.git/worktrees/*.path
2026-02-20T02:44:50.8695439Z /github/runner_temp/git-credentials-82f93930-1fc2-4c27-8250-afb3ead1569e.config
2026-02-20T02:44:50.8707163Z [command]/usr/bin/git config --local --unset includeif.gitdir:/github/workspace/.git/worktrees/*.path /github/runner_temp/git-credentials-82f93930-1fc2-4c27-8250-afb3ead1569e.config
2026-02-20T02:44:50.8740722Z [command]/usr/bin/git submodule foreach --recursive git config --local --show-origin --name-only --get-regexp remote.origin.url
2026-02-20T02:44:50.8956766Z Removing credentials config '/home/runner/work/_temp/git-credentials-82f93930-1fc2-4c27-8250-afb3ead1569e.config'
2026-02-20T02:44:50.9078903Z Cleaning up orphan processes
2026-02-20T02:44:50.9429143Z Terminate orphan process: pid (2361) (java)
2026-02-20T02:44:50.9457771Z Terminate orphan process: pid (2668) (java)
2026-02-20T02:44:50.9481196Z Terminate orphan process: pid (2723) (java)
2026-02-20T02:44:50.9502932Z Terminate orphan process: pid (2731) (java)
2026-02-20T02:44:50.9541253Z Terminate orphan process: pid (2739) (java)
2026-02-20T02:44:50.9601056Z Terminate orphan process: pid (3094) (java)
