﻿2026-05-06T22:29:46.3659877Z Current runner version: '2.334.0'
2026-05-06T22:29:46.3692431Z ##[group]Runner Image Provisioner
2026-05-06T22:29:46.3693248Z Hosted Compute Agent
2026-05-06T22:29:46.3693831Z Version: 20260213.493
2026-05-06T22:29:46.3694451Z Commit: 5c115507f6dd24b8de37d8bbe0bb4509d0cc0fa3
2026-05-06T22:29:46.3695161Z Build Date: 2026-02-13T00:28:41Z
2026-05-06T22:29:46.3695895Z Worker ID: {3b79424d-566e-42ce-ad68-09889def1c94}
2026-05-06T22:29:46.3696577Z Azure Region: northcentralus
2026-05-06T22:29:46.3697214Z ##[endgroup]
2026-05-06T22:29:46.3698487Z ##[group]Operating System
2026-05-06T22:29:46.3699098Z Ubuntu
2026-05-06T22:29:46.3699526Z 24.04.4
2026-05-06T22:29:46.3700388Z LTS
2026-05-06T22:29:46.3700866Z ##[endgroup]
2026-05-06T22:29:46.3701315Z ##[group]Runner Image
2026-05-06T22:29:46.3701956Z Image: ubuntu-24.04
2026-05-06T22:29:46.3702438Z Version: 20260413.86.1
2026-05-06T22:29:46.3704185Z Included Software: https://github.com/actions/runner-images/blob/ubuntu24/20260413.86/images/ubuntu/Ubuntu2404-Readme.md
2026-05-06T22:29:46.3705627Z Image Release: https://github.com/actions/runner-images/releases/tag/ubuntu24%2F20260413.86
2026-05-06T22:29:46.3706577Z ##[endgroup]
2026-05-06T22:29:46.3707595Z ##[group]GITHUB_TOKEN Permissions
2026-05-06T22:29:46.3709964Z Contents: read
2026-05-06T22:29:46.3710622Z Metadata: read
2026-05-06T22:29:46.3711134Z ##[endgroup]
2026-05-06T22:29:46.3713124Z Secret source: Actions
2026-05-06T22:29:46.3714206Z Prepare workflow directory
2026-05-06T22:29:46.4419136Z Prepare all required actions
2026-05-06T22:29:46.4470520Z Getting action download info
2026-05-06T22:29:46.8352686Z Download action repository 'jlumbroso/free-disk-space@54081f138730dfa15788a46383842cd2f914a1be' (SHA:54081f138730dfa15788a46383842cd2f914a1be)
2026-05-06T22:29:47.0865641Z Download action repository 'actions/checkout@de0fac2e4500dabe0009e67214ff5f5447ce83dd' (SHA:de0fac2e4500dabe0009e67214ff5f5447ce83dd)
2026-05-06T22:29:47.1240834Z Download action repository 'actions/setup-node@48b55a011bda9f5d6aeb4c2d9c7362e8dae4041e' (SHA:48b55a011bda9f5d6aeb4c2d9c7362e8dae4041e)
2026-05-06T22:29:47.6985179Z Download action repository 'codecov/codecov-action@57e3a136b779b570ffcdbf80b3bdc90e7fab3de2' (SHA:57e3a136b779b570ffcdbf80b3bdc90e7fab3de2)
2026-05-06T22:29:47.8925657Z Download action repository 'actions/upload-artifact@043fb46d1a93c77aae656e7c1c64a875d1fc6a0a' (SHA:043fb46d1a93c77aae656e7c1c64a875d1fc6a0a)
2026-05-06T22:29:48.6262602Z Getting action download info
2026-05-06T22:29:48.7685115Z Download action repository 'actions/github-script@ed597411d8f924073f98dfc5c65a23a2325f34cd' (SHA:ed597411d8f924073f98dfc5c65a23a2325f34cd)
2026-05-06T22:29:49.0955750Z Complete job name: test (ubuntu-latest)
2026-05-06T22:29:49.1926890Z ##[group]Run jlumbroso/free-disk-space@54081f138730dfa15788a46383842cd2f914a1be
2026-05-06T22:29:49.1928550Z with:
2026-05-06T22:29:49.1929258Z   large-packages: false
2026-05-06T22:29:49.1930282Z   docker-images: false
2026-05-06T22:29:49.1931065Z   swap-storage: false
2026-05-06T22:29:49.1931819Z   dotnet: false
2026-05-06T22:29:49.1932555Z   android: true
2026-05-06T22:29:49.1933281Z   haskell: true
2026-05-06T22:29:49.1933995Z   tool-cache: false
2026-05-06T22:29:49.1934895Z env:
2026-05-06T22:29:49.1935574Z   TSGO_HEREBY_RACE: false
2026-05-06T22:29:49.1936408Z   TSGO_HEREBY_NOEMBED: false
2026-05-06T22:29:49.1937330Z   TSGO_HEREBY_CONCURRENT_TEST_PROGRAMS: false
2026-05-06T22:29:49.1938327Z   TSGO_HEREBY_COVERAGE: true
2026-05-06T22:29:49.1939150Z ##[endgroup]
2026-05-06T22:29:49.2071275Z ##[group]Run # ======
2026-05-06T22:29:49.2074340Z [36;1m[0m
2026-05-06T22:29:49.2075437Z [36;1m# ======[0m
2026-05-06T22:29:49.2076171Z [36;1m# MACROS[0m
2026-05-06T22:29:49.2076942Z [36;1m# ======[0m
2026-05-06T22:29:49.2078022Z [36;1m[0m
2026-05-06T22:29:49.2078804Z [36;1m# macro to print a line of equals[0m
2026-05-06T22:29:49.2080691Z [36;1m# (silly but works)[0m
2026-05-06T22:29:49.2081973Z [36;1mprintSeparationLine() {[0m
2026-05-06T22:29:49.2082997Z [36;1m  str=${1:=}[0m
2026-05-06T22:29:49.2084169Z [36;1m  num=${2:-80}[0m
2026-05-06T22:29:49.2085221Z [36;1m  counter=1[0m
2026-05-06T22:29:49.2086097Z [36;1m  output=""[0m
2026-05-06T22:29:49.2087071Z [36;1m  while [ $counter -le $num ][0m
2026-05-06T22:29:49.2088225Z [36;1m  do[0m
2026-05-06T22:29:49.2089134Z [36;1m     output="${output}${str}"[0m
2026-05-06T22:29:49.2090712Z [36;1m     counter=$((counter+1))[0m
2026-05-06T22:29:49.2092025Z [36;1m  done[0m
2026-05-06T22:29:49.2092851Z [36;1m  echo "${output}"[0m
2026-05-06T22:29:49.2093808Z [36;1m}[0m
2026-05-06T22:29:49.2094476Z [36;1m[0m
2026-05-06T22:29:49.2095212Z [36;1m# macro to compute available space[0m
2026-05-06T22:29:49.2096489Z [36;1m# REF: https://unix.stackexchange.com/a/42049/60849[0m
2026-05-06T22:29:49.2097830Z [36;1m# REF: https://stackoverflow.com/a/450821/408734[0m
2026-05-06T22:29:49.2099511Z [36;1mgetAvailableSpace() { echo $(df -a $1 | awk 'NR > 1 {avail+=$4} END {print avail}'); }[0m
2026-05-06T22:29:49.2101245Z [36;1m[0m
2026-05-06T22:29:49.2102418Z [36;1m# macro to make Kb human readable (assume the input is Kb)[0m
2026-05-06T22:29:49.2104065Z [36;1m# REF: https://unix.stackexchange.com/a/44087/60849[0m
2026-05-06T22:29:49.2106049Z [36;1mformatByteCount() { echo $(numfmt --to=iec-i --suffix=B --padding=7 $1'000'); }[0m
2026-05-06T22:29:49.2107711Z [36;1m[0m
2026-05-06T22:29:49.2108502Z [36;1m# macro to output saved space[0m
2026-05-06T22:29:49.2109696Z [36;1mprintSavedSpace() {[0m
2026-05-06T22:29:49.2111500Z [36;1m  saved=${1}[0m
2026-05-06T22:29:49.2112399Z [36;1m  title=${2:-}[0m
2026-05-06T22:29:49.2113257Z [36;1m[0m
2026-05-06T22:29:49.2114113Z [36;1m  echo ""[0m
2026-05-06T22:29:49.2114909Z [36;1m  printSeparationLine '*' 80[0m
2026-05-06T22:29:49.2116210Z [36;1m  if [ ! -z "${title}" ]; then[0m
2026-05-06T22:29:49.2117492Z [36;1m    echo "=> ${title}: Saved $(formatByteCount $saved)"[0m
2026-05-06T22:29:49.2118712Z [36;1m  else[0m
2026-05-06T22:29:49.2120276Z [36;1m    echo "=> Saved $(formatByteCount $saved)"[0m
2026-05-06T22:29:49.2121541Z [36;1m  fi[0m
2026-05-06T22:29:49.2122419Z [36;1m  printSeparationLine '*' 80[0m
2026-05-06T22:29:49.2123595Z [36;1m  echo ""[0m
2026-05-06T22:29:49.2124399Z [36;1m}[0m
2026-05-06T22:29:49.2125178Z [36;1m[0m
2026-05-06T22:29:49.2126217Z [36;1m# macro to print output of dh with caption[0m
2026-05-06T22:29:49.2127469Z [36;1mprintDH() {[0m
2026-05-06T22:29:49.2128362Z [36;1m  caption=${1:-}[0m
2026-05-06T22:29:49.2129365Z [36;1m[0m
2026-05-06T22:29:49.2130294Z [36;1m  printSeparationLine '=' 80[0m
2026-05-06T22:29:49.2131488Z [36;1m  echo "${caption}"[0m
2026-05-06T22:29:49.2132429Z [36;1m  echo ""[0m
2026-05-06T22:29:49.2133639Z [36;1m  echo "$ dh -h /"[0m
2026-05-06T22:29:49.2134544Z [36;1m  echo ""[0m
2026-05-06T22:29:49.2135580Z [36;1m  df -h /[0m
2026-05-06T22:29:49.2136411Z [36;1m  echo "$ dh -a /"[0m
2026-05-06T22:29:49.2137479Z [36;1m  echo ""[0m
2026-05-06T22:29:49.2138307Z [36;1m  df -a /[0m
2026-05-06T22:29:49.2139232Z [36;1m  echo "$ dh -a"[0m
2026-05-06T22:29:49.2140458Z [36;1m  echo ""[0m
2026-05-06T22:29:49.2141565Z [36;1m  df -a[0m
2026-05-06T22:29:49.2142505Z [36;1m  printSeparationLine '=' 80[0m
2026-05-06T22:29:49.2143670Z [36;1m}[0m
2026-05-06T22:29:49.2144538Z [36;1m[0m
2026-05-06T22:29:49.2145294Z [36;1m[0m
2026-05-06T22:29:49.2146087Z [36;1m[0m
2026-05-06T22:29:49.2146940Z [36;1m# ======[0m
2026-05-06T22:29:49.2147634Z [36;1m# SCRIPT[0m
2026-05-06T22:29:49.2148647Z [36;1m# ======[0m
2026-05-06T22:29:49.2149376Z [36;1m[0m
2026-05-06T22:29:49.2151654Z [36;1m# Display initial disk space stats[0m
2026-05-06T22:29:49.2152903Z [36;1m[0m
2026-05-06T22:29:49.2153819Z [36;1mAVAILABLE_INITIAL=$(getAvailableSpace)[0m
2026-05-06T22:29:49.2155306Z [36;1mAVAILABLE_ROOT_INITIAL=$(getAvailableSpace '/')[0m
2026-05-06T22:29:49.2156845Z [36;1m[0m
2026-05-06T22:29:49.2157694Z [36;1mprintDH "BEFORE CLEAN-UP:"[0m
2026-05-06T22:29:49.2158843Z [36;1mecho ""[0m
2026-05-06T22:29:49.2160687Z [36;1m[0m
2026-05-06T22:29:49.2161720Z [36;1m[0m
2026-05-06T22:29:49.2162672Z [36;1m# Option: Remove Android library[0m
2026-05-06T22:29:49.2163862Z [36;1m[0m
2026-05-06T22:29:49.2164721Z [36;1mif [[ true == 'true' ]]; then[0m
2026-05-06T22:29:49.2165974Z [36;1m  BEFORE=$(getAvailableSpace)[0m
2026-05-06T22:29:49.2166960Z [36;1m  [0m
2026-05-06T22:29:49.2168213Z [36;1m  sudo rm -rf /usr/local/lib/android || true[0m
2026-05-06T22:29:49.2169605Z [36;1m[0m
2026-05-06T22:29:49.2170652Z [36;1m  AFTER=$(getAvailableSpace)[0m
2026-05-06T22:29:49.2172062Z [36;1m  SAVED=$((AFTER-BEFORE))[0m
2026-05-06T22:29:49.2173525Z [36;1m  printSavedSpace $SAVED "Android library"[0m
2026-05-06T22:29:49.2174795Z [36;1mfi[0m
2026-05-06T22:29:49.2175616Z [36;1m[0m
2026-05-06T22:29:49.2176644Z [36;1m# Option: Remove .NET runtime[0m
2026-05-06T22:29:49.2177562Z [36;1m[0m
2026-05-06T22:29:49.2178602Z [36;1mif [[ false == 'true' ]]; then[0m
2026-05-06T22:29:49.2180787Z [36;1m  BEFORE=$(getAvailableSpace)[0m
2026-05-06T22:29:49.2182051Z [36;1m[0m
2026-05-06T22:29:49.2183441Z [36;1m  # https://github.community/t/bigger-github-hosted-runners-disk-space/17267/11[0m
2026-05-06T22:29:49.2185554Z [36;1m  sudo rm -rf /usr/share/dotnet || true[0m
2026-05-06T22:29:49.2186721Z [36;1m  [0m
2026-05-06T22:29:49.2187700Z [36;1m  AFTER=$(getAvailableSpace)[0m
2026-05-06T22:29:49.2188748Z [36;1m  SAVED=$((AFTER-BEFORE))[0m
2026-05-06T22:29:49.2190892Z [36;1m  printSavedSpace $SAVED ".NET runtime"[0m
2026-05-06T22:29:49.2192096Z [36;1mfi[0m
2026-05-06T22:29:49.2193167Z [36;1m[0m
2026-05-06T22:29:49.2193952Z [36;1m# Option: Remove Haskell runtime[0m
2026-05-06T22:29:49.2195430Z [36;1m[0m
2026-05-06T22:29:49.2196610Z [36;1mif [[ true == 'true' ]]; then[0m
2026-05-06T22:29:49.2197849Z [36;1m  BEFORE=$(getAvailableSpace)[0m
2026-05-06T22:29:49.2199175Z [36;1m[0m
2026-05-06T22:29:49.2201104Z [36;1m  sudo rm -rf /opt/ghc || true[0m
2026-05-06T22:29:49.2202488Z [36;1m  sudo rm -rf /usr/local/.ghcup || true[0m
2026-05-06T22:29:49.2203638Z [36;1m  [0m
2026-05-06T22:29:49.2204637Z [36;1m  AFTER=$(getAvailableSpace)[0m
2026-05-06T22:29:49.2205938Z [36;1m  SAVED=$((AFTER-BEFORE))[0m
2026-05-06T22:29:49.2207099Z [36;1m  printSavedSpace $SAVED "Haskell runtime"[0m
2026-05-06T22:29:49.2208533Z [36;1mfi[0m
2026-05-06T22:29:49.2209445Z [36;1m[0m
2026-05-06T22:29:49.2210897Z [36;1m# Option: Remove large packages[0m
2026-05-06T22:29:49.2213147Z [36;1m# REF: https://github.com/apache/flink/blob/master/tools/azure-pipelines/free_disk_space.sh[0m
2026-05-06T22:29:49.2215074Z [36;1m[0m
2026-05-06T22:29:49.2216005Z [36;1mif [[ false == 'true' ]]; then[0m
2026-05-06T22:29:49.2217834Z [36;1m  BEFORE=$(getAvailableSpace)[0m
2026-05-06T22:29:49.2218997Z [36;1m  [0m
2026-05-06T22:29:49.2221686Z [36;1m  sudo apt-get remove -y '^aspnetcore-.*' || echo "::warning::The command [sudo apt-get remove -y '^aspnetcore-.*'] failed to complete successfully. Proceeding..."[0m
2026-05-06T22:29:49.2226362Z [36;1m  sudo apt-get remove -y '^dotnet-.*' --fix-missing || echo "::warning::The command [sudo apt-get remove -y '^dotnet-.*' --fix-missing] failed to complete successfully. Proceeding..."[0m
2026-05-06T22:29:49.2231254Z [36;1m  sudo apt-get remove -y '^llvm-.*' --fix-missing || echo "::warning::The command [sudo apt-get remove -y '^llvm-.*' --fix-missing] failed to complete successfully. Proceeding..."[0m
2026-05-06T22:29:49.2235936Z [36;1m  sudo apt-get remove -y 'php.*' --fix-missing || echo "::warning::The command [sudo apt-get remove -y 'php.*' --fix-missing] failed to complete successfully. Proceeding..."[0m
2026-05-06T22:29:49.2241387Z [36;1m  sudo apt-get remove -y '^mongodb-.*' --fix-missing || echo "::warning::The command [sudo apt-get remove -y '^mongodb-.*' --fix-missing] failed to complete successfully. Proceeding..."[0m
2026-05-06T22:29:49.2246223Z [36;1m  sudo apt-get remove -y '^mysql-.*' --fix-missing || echo "::warning::The command [sudo apt-get remove -y '^mysql-.*' --fix-missing] failed to complete successfully. Proceeding..."[0m
2026-05-06T22:29:49.2253119Z [36;1m  sudo apt-get remove -y azure-cli google-chrome-stable firefox powershell mono-devel libgl1-mesa-dri --fix-missing || echo "::warning::The command [sudo apt-get remove -y azure-cli google-chrome-stable firefox powershell mono-devel libgl1-mesa-dri --fix-missing] failed to complete successfully. Proceeding..."[0m
2026-05-06T22:29:49.2261200Z [36;1m  sudo apt-get remove -y google-cloud-sdk --fix-missing || echo "::debug::The command [sudo apt-get remove -y google-cloud-sdk --fix-missing] failed to complete successfully. Proceeding..."[0m
2026-05-06T22:29:49.2266529Z [36;1m  sudo apt-get remove -y google-cloud-cli --fix-missing || echo "::debug::The command [sudo apt-get remove -y google-cloud-cli --fix-missing] failed to complete successfully. Proceeding..."[0m
2026-05-06T22:29:49.2271189Z [36;1m  sudo apt-get autoremove -y || echo "::warning::The command [sudo apt-get autoremove -y] failed to complete successfully. Proceeding..."[0m
2026-05-06T22:29:49.2274717Z [36;1m  sudo apt-get clean || echo "::warning::The command [sudo apt-get clean] failed to complete successfully. Proceeding..."[0m
2026-05-06T22:29:49.2277079Z [36;1m[0m
2026-05-06T22:29:49.2278074Z [36;1m  AFTER=$(getAvailableSpace)[0m
2026-05-06T22:29:49.2279284Z [36;1m  SAVED=$((AFTER-BEFORE))[0m
2026-05-06T22:29:49.2281030Z [36;1m  printSavedSpace $SAVED "Large misc. packages"[0m
2026-05-06T22:29:49.2282305Z [36;1mfi[0m
2026-05-06T22:29:49.2283237Z [36;1m[0m
2026-05-06T22:29:49.2284070Z [36;1m# Option: Remove Docker images[0m
2026-05-06T22:29:49.2285277Z [36;1m[0m
2026-05-06T22:29:49.2286042Z [36;1mif [[ false == 'true' ]]; then[0m
2026-05-06T22:29:49.2287386Z [36;1m  BEFORE=$(getAvailableSpace)[0m
2026-05-06T22:29:49.2288388Z [36;1m[0m
2026-05-06T22:29:49.2289491Z [36;1m  sudo docker image prune --all --force || true[0m
2026-05-06T22:29:49.2290983Z [36;1m[0m
2026-05-06T22:29:49.2291700Z [36;1m  AFTER=$(getAvailableSpace)[0m
2026-05-06T22:29:49.2292973Z [36;1m  SAVED=$((AFTER-BEFORE))[0m
2026-05-06T22:29:49.2294106Z [36;1m  printSavedSpace $SAVED "Docker images"[0m
2026-05-06T22:29:49.2295367Z [36;1mfi[0m
2026-05-06T22:29:49.2296236Z [36;1m[0m
2026-05-06T22:29:49.2297099Z [36;1m# Option: Remove tool cache[0m
2026-05-06T22:29:49.2299038Z [36;1m# REF: https://github.com/actions/virtual-environments/issues/2875#issuecomment-1163392159[0m
2026-05-06T22:29:49.2301855Z [36;1m[0m
2026-05-06T22:29:49.2302654Z [36;1mif [[ false == 'true' ]]; then[0m
2026-05-06T22:29:49.2303936Z [36;1m  BEFORE=$(getAvailableSpace)[0m
2026-05-06T22:29:49.2304867Z [36;1m[0m
2026-05-06T22:29:49.2306338Z [36;1m  sudo rm -rf "$AGENT_TOOLSDIRECTORY" || true[0m
2026-05-06T22:29:49.2307651Z [36;1m  [0m
2026-05-06T22:29:49.2308460Z [36;1m  AFTER=$(getAvailableSpace)[0m
2026-05-06T22:29:49.2310273Z [36;1m  SAVED=$((AFTER-BEFORE))[0m
2026-05-06T22:29:49.2311611Z [36;1m  printSavedSpace $SAVED "Tool cache"[0m
2026-05-06T22:29:49.2312751Z [36;1mfi[0m
2026-05-06T22:29:49.2313647Z [36;1m[0m
2026-05-06T22:29:49.2314346Z [36;1m# Option: Remove Swap storage[0m
2026-05-06T22:29:49.2315692Z [36;1m[0m
2026-05-06T22:29:49.2316533Z [36;1mif [[ false == 'true' ]]; then[0m
2026-05-06T22:29:49.2317783Z [36;1m  BEFORE=$(getAvailableSpace)[0m
2026-05-06T22:29:49.2318969Z [36;1m[0m
2026-05-06T22:29:49.2319854Z [36;1m  sudo swapoff -a || true[0m
2026-05-06T22:29:49.2320785Z [36;1m  sudo rm -f /mnt/swapfile || true[0m
2026-05-06T22:29:49.2322163Z [36;1m  free -h[0m
2026-05-06T22:29:49.2323014Z [36;1m  [0m
2026-05-06T22:29:49.2324013Z [36;1m  AFTER=$(getAvailableSpace)[0m
2026-05-06T22:29:49.2325098Z [36;1m  SAVED=$((AFTER-BEFORE))[0m
2026-05-06T22:29:49.2326354Z [36;1m  printSavedSpace $SAVED "Swap storage"[0m
2026-05-06T22:29:49.2327748Z [36;1mfi[0m
2026-05-06T22:29:49.2328396Z [36;1m[0m
2026-05-06T22:29:49.2329420Z [36;1m[0m
2026-05-06T22:29:49.2330227Z [36;1m[0m
2026-05-06T22:29:49.2331267Z [36;1m# Output saved space statistic[0m
2026-05-06T22:29:49.2332919Z [36;1m[0m
2026-05-06T22:29:49.2333716Z [36;1mAVAILABLE_END=$(getAvailableSpace)[0m
2026-05-06T22:29:49.2334821Z [36;1mAVAILABLE_ROOT_END=$(getAvailableSpace '/')[0m
2026-05-06T22:29:49.2335835Z [36;1m[0m
2026-05-06T22:29:49.2336490Z [36;1mecho ""[0m
2026-05-06T22:29:49.2337234Z [36;1mprintDH "AFTER CLEAN-UP:"[0m
2026-05-06T22:29:49.2338100Z [36;1m[0m
2026-05-06T22:29:49.2338750Z [36;1mecho ""[0m
2026-05-06T22:29:49.2339450Z [36;1mecho ""[0m
2026-05-06T22:29:49.2340241Z [36;1m[0m
2026-05-06T22:29:49.2340919Z [36;1mecho "/dev/root:"[0m
2026-05-06T22:29:49.2342077Z [36;1mprintSavedSpace $((AVAILABLE_ROOT_END - AVAILABLE_ROOT_INITIAL))[0m
2026-05-06T22:29:49.2343348Z [36;1mecho "overall:"[0m
2026-05-06T22:29:49.2344390Z [36;1mprintSavedSpace $((AVAILABLE_END - AVAILABLE_INITIAL))[0m
2026-05-06T22:29:49.2379210Z shell: /usr/bin/bash --noprofile --norc -e -o pipefail {0}
2026-05-06T22:29:49.2380514Z env:
2026-05-06T22:29:49.2381194Z   TSGO_HEREBY_RACE: false
2026-05-06T22:29:49.2382037Z   TSGO_HEREBY_NOEMBED: false
2026-05-06T22:29:49.2382958Z   TSGO_HEREBY_CONCURRENT_TEST_PROGRAMS: false
2026-05-06T22:29:49.2383948Z   TSGO_HEREBY_COVERAGE: true
2026-05-06T22:29:49.2384801Z ##[endgroup]
2026-05-06T22:29:49.2673583Z ================================================================================
2026-05-06T22:29:49.2674804Z BEFORE CLEAN-UP:
2026-05-06T22:29:49.2675241Z 
2026-05-06T22:29:49.2675546Z $ dh -h /
2026-05-06T22:29:49.2675931Z 
2026-05-06T22:29:49.2676362Z Filesystem      Size  Used Avail Use% Mounted on
2026-05-06T22:29:49.2677406Z /dev/root       145G   56G   90G  39% /
2026-05-06T22:29:49.2678303Z $ dh -a /
2026-05-06T22:29:49.2678702Z 
2026-05-06T22:29:49.2684127Z Filesystem     1K-blocks     Used Available Use% Mounted on
2026-05-06T22:29:49.2685662Z /dev/root      151263856 57704500  93542972  39% /
2026-05-06T22:29:49.2686746Z $ dh -a
2026-05-06T22:29:49.2687126Z 
2026-05-06T22:29:49.2700026Z Filesystem     1K-blocks     Used Available Use% Mounted on
2026-05-06T22:29:49.2701565Z /dev/root      151263856 57704500  93542972  39% /
2026-05-06T22:29:49.2702643Z devtmpfs         8181664        0   8181664   0% /dev
2026-05-06T22:29:49.2703757Z proc                   0        0         0    - /proc
2026-05-06T22:29:49.2704819Z sysfs                  0        0         0    - /sys
2026-05-06T22:29:49.2706026Z securityfs             0        0         0    - /sys/kernel/security
2026-05-06T22:29:49.2707510Z tmpfs            8186732       84   8186648   1% /dev/shm
2026-05-06T22:29:49.2708781Z devpts                 0        0         0    - /dev/pts
2026-05-06T22:29:49.2710058Z tmpfs            3274696     1020   3273676   1% /run
2026-05-06T22:29:49.2711396Z tmpfs               5120        0      5120   0% /run/lock
2026-05-06T22:29:49.2712561Z cgroup2                0        0         0    - /sys/fs/cgroup
2026-05-06T22:29:49.2713738Z none                   0        0         0    - /sys/fs/pstore
2026-05-06T22:29:49.2715393Z efivarfs          131072       32    131036   1% /sys/firmware/efi/efivars
2026-05-06T22:29:49.2717264Z bpf                    0        0         0    - /sys/fs/bpf
2026-05-06T22:29:49.2719079Z systemd-1              -        -         -    - /proc/sys/fs/binfmt_misc
2026-05-06T22:29:49.2721397Z hugetlbfs              0        0         0    - /dev/hugepages
2026-05-06T22:29:49.2723168Z mqueue                 0        0         0    - /dev/mqueue
2026-05-06T22:29:49.2724930Z debugfs                0        0         0    - /sys/kernel/debug
2026-05-06T22:29:49.2726805Z tracefs                0        0         0    - /sys/kernel/tracing
2026-05-06T22:29:49.2728713Z fusectl                0        0         0    - /sys/fs/fuse/connections
2026-05-06T22:29:49.2731035Z configfs               0        0         0    - /sys/kernel/config
2026-05-06T22:29:49.2732852Z /dev/sda16        901520    65008    773384   8% /boot
2026-05-06T22:29:49.2734643Z /dev/sda15        106832     6250    100582   6% /boot/efi
2026-05-06T22:29:49.2736539Z binfmt_misc            0        0         0    - /proc/sys/fs/binfmt_misc
2026-05-06T22:29:49.2738757Z tmpfs            1637344       12   1637332   1% /run/user/1001
2026-05-06T22:29:49.2740214Z ================================================================================
2026-05-06T22:29:49.2741028Z 
2026-05-06T22:30:36.2707580Z 
2026-05-06T22:30:36.2713504Z ********************************************************************************
2026-05-06T22:30:36.2790260Z => Android library: Saved 10GiB
2026-05-06T22:30:36.2795969Z ********************************************************************************
2026-05-06T22:30:36.2796274Z 
2026-05-06T22:30:37.7539504Z 
2026-05-06T22:30:37.7545877Z ********************************************************************************
2026-05-06T22:30:37.7564728Z => Haskell runtime: Saved 3.6GiB
2026-05-06T22:30:37.7570700Z ********************************************************************************
2026-05-06T22:30:37.7571119Z 
2026-05-06T22:30:37.7636127Z 
2026-05-06T22:30:37.7646083Z ================================================================================
2026-05-06T22:30:37.7646662Z AFTER CLEAN-UP:
2026-05-06T22:30:37.7646860Z 
2026-05-06T22:30:37.7647029Z $ dh -h /
2026-05-06T22:30:37.7647249Z 
2026-05-06T22:30:37.7662053Z Filesystem      Size  Used Avail Use% Mounted on
2026-05-06T22:30:37.7662534Z /dev/root       145G   42G  104G  29% /
2026-05-06T22:30:37.7663786Z $ dh -a /
2026-05-06T22:30:37.7664089Z 
2026-05-06T22:30:37.7676391Z Filesystem     1K-blocks     Used Available Use% Mounted on
2026-05-06T22:30:37.7676992Z /dev/root      151263856 43220364 108027108  29% /
2026-05-06T22:30:37.7681306Z $ dh -a
2026-05-06T22:30:37.7681813Z 
2026-05-06T22:30:37.7694705Z Filesystem     1K-blocks     Used Available Use% Mounted on
2026-05-06T22:30:37.7695263Z /dev/root      151263856 43220364 108027108  29% /
2026-05-06T22:30:37.7695702Z devtmpfs         8181664        0   8181664   0% /dev
2026-05-06T22:30:37.7696161Z proc                   0        0         0    - /proc
2026-05-06T22:30:37.7696622Z sysfs                  0        0         0    - /sys
2026-05-06T22:30:37.7697235Z securityfs             0        0         0    - /sys/kernel/security
2026-05-06T22:30:37.7700612Z tmpfs            8186732       84   8186648   1% /dev/shm
2026-05-06T22:30:37.7701114Z devpts                 0        0         0    - /dev/pts
2026-05-06T22:30:37.7701566Z tmpfs            3274696     1020   3273676   1% /run
2026-05-06T22:30:37.7702025Z tmpfs               5120        0      5120   0% /run/lock
2026-05-06T22:30:37.7702510Z cgroup2                0        0         0    - /sys/fs/cgroup
2026-05-06T22:30:37.7703419Z none                   0        0         0    - /sys/fs/pstore
2026-05-06T22:30:37.7703974Z efivarfs          131072       32    131036   1% /sys/firmware/efi/efivars
2026-05-06T22:30:37.7704522Z bpf                    0        0         0    - /sys/fs/bpf
2026-05-06T22:30:37.7705046Z systemd-1              -        -         -    - /proc/sys/fs/binfmt_misc
2026-05-06T22:30:37.7705659Z hugetlbfs              0        0         0    - /dev/hugepages
2026-05-06T22:30:37.7706202Z mqueue                 0        0         0    - /dev/mqueue
2026-05-06T22:30:37.7706682Z debugfs                0        0         0    - /sys/kernel/debug
2026-05-06T22:30:37.7707213Z tracefs                0        0         0    - /sys/kernel/tracing
2026-05-06T22:30:37.7707749Z fusectl                0        0         0    - /sys/fs/fuse/connections
2026-05-06T22:30:37.7708300Z configfs               0        0         0    - /sys/kernel/config
2026-05-06T22:30:37.7708797Z /dev/sda16        901520    65008    773384   8% /boot
2026-05-06T22:30:37.7709270Z /dev/sda15        106832     6250    100582   6% /boot/efi
2026-05-06T22:30:37.7710373Z binfmt_misc            0        0         0    - /proc/sys/fs/binfmt_misc
2026-05-06T22:30:37.7710938Z tmpfs            1637344       12   1637332   1% /run/user/1001
2026-05-06T22:30:37.7711462Z ================================================================================
2026-05-06T22:30:37.7711998Z 
2026-05-06T22:30:37.7712007Z 
2026-05-06T22:30:37.7712126Z /dev/root:
2026-05-06T22:30:37.7712276Z 
2026-05-06T22:30:37.7717709Z ********************************************************************************
2026-05-06T22:30:37.7737761Z => Saved 14GiB
2026-05-06T22:30:37.7747639Z ********************************************************************************
2026-05-06T22:30:37.7748018Z 
2026-05-06T22:30:37.7748183Z overall:
2026-05-06T22:30:37.7757691Z 
2026-05-06T22:30:37.7757896Z ********************************************************************************
2026-05-06T22:30:37.7777212Z => Saved 14GiB
2026-05-06T22:30:37.7786937Z ********************************************************************************
2026-05-06T22:30:37.7787318Z 
2026-05-06T22:30:37.7981444Z ##[group]Run actions/checkout@de0fac2e4500dabe0009e67214ff5f5447ce83dd
2026-05-06T22:30:37.7981851Z with:
2026-05-06T22:30:37.7982029Z   submodules: true
2026-05-06T22:30:37.7982246Z   repository: microsoft/typescript-go
2026-05-06T22:30:37.7982698Z   token: ***
2026-05-06T22:30:37.7982888Z   ssh-strict: true
2026-05-06T22:30:37.7983103Z   ssh-user: git
2026-05-06T22:30:37.7983298Z   persist-credentials: true
2026-05-06T22:30:37.7983515Z   clean: true
2026-05-06T22:30:37.7983717Z   sparse-checkout-cone-mode: true
2026-05-06T22:30:37.7983945Z   fetch-depth: 1
2026-05-06T22:30:37.7984130Z   fetch-tags: false
2026-05-06T22:30:37.7984312Z   show-progress: true
2026-05-06T22:30:37.7984509Z   lfs: false
2026-05-06T22:30:37.7984681Z   set-safe-directory: true
2026-05-06T22:30:37.7984884Z env:
2026-05-06T22:30:37.7985060Z   TSGO_HEREBY_RACE: false
2026-05-06T22:30:37.7985281Z   TSGO_HEREBY_NOEMBED: false
2026-05-06T22:30:37.7985529Z   TSGO_HEREBY_CONCURRENT_TEST_PROGRAMS: false
2026-05-06T22:30:37.7985834Z   TSGO_HEREBY_COVERAGE: true
2026-05-06T22:30:37.7986034Z ##[endgroup]
2026-05-06T22:30:37.8930802Z Syncing repository: microsoft/typescript-go
2026-05-06T22:30:37.8932184Z ##[group]Getting Git version info
2026-05-06T22:30:37.8932644Z Working directory is '/home/runner/work/typescript-go/typescript-go'
2026-05-06T22:30:37.8933205Z [command]/usr/bin/git version
2026-05-06T22:30:37.8967262Z git version 2.53.0
2026-05-06T22:30:37.8989938Z ##[endgroup]
2026-05-06T22:30:37.9004734Z Temporarily overriding HOME='/home/runner/work/_temp/55a31357-408a-4543-aa24-ba7f7a9cd36b' before making global git config changes
2026-05-06T22:30:37.9005851Z Adding repository directory to the temporary git global config as a safe directory
2026-05-06T22:30:37.9010471Z [command]/usr/bin/git config --global --add safe.directory /home/runner/work/typescript-go/typescript-go
2026-05-06T22:30:37.9048393Z Deleting the contents of '/home/runner/work/typescript-go/typescript-go'
2026-05-06T22:30:37.9052987Z ##[group]Initializing the repository
2026-05-06T22:30:37.9057292Z [command]/usr/bin/git init /home/runner/work/typescript-go/typescript-go
2026-05-06T22:30:37.9122416Z hint: Using 'master' as the name for the initial branch. This default branch name
2026-05-06T22:30:37.9123491Z hint: will change to "main" in Git 3.0. To configure the initial branch name
2026-05-06T22:30:37.9124221Z hint: to use in all of your new repositories, which will suppress this warning,
2026-05-06T22:30:37.9124755Z hint: call:
2026-05-06T22:30:37.9125024Z hint:
2026-05-06T22:30:37.9125373Z hint: 	git config --global init.defaultBranch <name>
2026-05-06T22:30:37.9125811Z hint:
2026-05-06T22:30:37.9126211Z hint: Names commonly chosen instead of 'master' are 'main', 'trunk' and
2026-05-06T22:30:37.9126921Z hint: 'development'. The just-created branch can be renamed via this command:
2026-05-06T22:30:37.9127340Z hint:
2026-05-06T22:30:37.9127520Z hint: 	git branch -m <name>
2026-05-06T22:30:37.9127728Z hint:
2026-05-06T22:30:37.9128177Z hint: Disable this message with "git config set advice.defaultBranchName false"
2026-05-06T22:30:37.9128921Z Initialized empty Git repository in /home/runner/work/typescript-go/typescript-go/.git/
2026-05-06T22:30:37.9134910Z [command]/usr/bin/git remote add origin https://github.com/microsoft/typescript-go
2026-05-06T22:30:37.9200949Z ##[endgroup]
2026-05-06T22:30:37.9201495Z ##[group]Disabling automatic garbage collection
2026-05-06T22:30:37.9206184Z [command]/usr/bin/git config --local gc.auto 0
2026-05-06T22:30:37.9236460Z ##[endgroup]
2026-05-06T22:30:37.9237800Z ##[group]Setting up auth
2026-05-06T22:30:37.9238168Z Removing SSH command configuration
2026-05-06T22:30:37.9244202Z [command]/usr/bin/git config --local --name-only --get-regexp core\.sshCommand
2026-05-06T22:30:37.9276556Z [command]/usr/bin/git submodule foreach --recursive sh -c "git config --local --name-only --get-regexp 'core\.sshCommand' && git config --local --unset-all 'core.sshCommand' || :"
2026-05-06T22:30:37.9586481Z Removing HTTP extra header
2026-05-06T22:30:37.9593197Z [command]/usr/bin/git config --local --name-only --get-regexp http\.https\:\/\/github\.com\/\.extraheader
2026-05-06T22:30:37.9626095Z [command]/usr/bin/git submodule foreach --recursive sh -c "git config --local --name-only --get-regexp 'http\.https\:\/\/github\.com\/\.extraheader' && git config --local --unset-all 'http.https://github.com/.extraheader' || :"
2026-05-06T22:30:37.9858563Z Removing includeIf entries pointing to credentials config files
2026-05-06T22:30:37.9865485Z [command]/usr/bin/git config --local --name-only --get-regexp ^includeIf\.gitdir:
2026-05-06T22:30:37.9900095Z [command]/usr/bin/git submodule foreach --recursive git config --local --show-origin --name-only --get-regexp remote.origin.url
2026-05-06T22:30:38.0145877Z [command]/usr/bin/git config --file /home/runner/work/_temp/git-credentials-9fd621cb-e741-47e1-be6c-8a2012f84e67.config http.https://github.com/.extraheader AUTHORIZATION: basic ***
2026-05-06T22:30:38.0186035Z [command]/usr/bin/git config --local includeIf.gitdir:/home/runner/work/typescript-go/typescript-go/.git.path /home/runner/work/_temp/git-credentials-9fd621cb-e741-47e1-be6c-8a2012f84e67.config
2026-05-06T22:30:38.0216958Z [command]/usr/bin/git config --local includeIf.gitdir:/home/runner/work/typescript-go/typescript-go/.git/worktrees/*.path /home/runner/work/_temp/git-credentials-9fd621cb-e741-47e1-be6c-8a2012f84e67.config
2026-05-06T22:30:38.0248445Z [command]/usr/bin/git config --local includeIf.gitdir:/github/workspace/.git.path /github/runner_temp/git-credentials-9fd621cb-e741-47e1-be6c-8a2012f84e67.config
2026-05-06T22:30:38.0281344Z [command]/usr/bin/git config --local includeIf.gitdir:/github/workspace/.git/worktrees/*.path /github/runner_temp/git-credentials-9fd621cb-e741-47e1-be6c-8a2012f84e67.config
2026-05-06T22:30:38.0309104Z ##[endgroup]
2026-05-06T22:30:38.0309547Z ##[group]Fetching the repository
2026-05-06T22:30:38.0318599Z [command]/usr/bin/git -c protocol.version=2 fetch --no-tags --prune --no-recurse-submodules --depth=1 origin +99287477387910279012d5326c876ab84defcdb8:refs/remotes/origin/gh-readonly-queue/main/pr-3575-1e58c8419142e35f338840dc50822c48dcc4ec1f
2026-05-06T22:30:44.8342273Z From https://github.com/microsoft/typescript-go
2026-05-06T22:30:44.8343286Z  * [new ref]           99287477387910279012d5326c876ab84defcdb8 -> origin/gh-readonly-queue/main/pr-3575-1e58c8419142e35f338840dc50822c48dcc4ec1f
2026-05-06T22:30:44.8381678Z [command]/usr/bin/git branch --list --remote origin/gh-readonly-queue/main/pr-3575-1e58c8419142e35f338840dc50822c48dcc4ec1f
2026-05-06T22:30:44.8410016Z   origin/gh-readonly-queue/main/pr-3575-1e58c8419142e35f338840dc50822c48dcc4ec1f
2026-05-06T22:30:44.8419232Z [command]/usr/bin/git rev-parse refs/remotes/origin/gh-readonly-queue/main/pr-3575-1e58c8419142e35f338840dc50822c48dcc4ec1f
2026-05-06T22:30:44.8446084Z 99287477387910279012d5326c876ab84defcdb8
2026-05-06T22:30:44.8450505Z ##[endgroup]
2026-05-06T22:30:44.8450990Z ##[group]Determining the checkout info
2026-05-06T22:30:44.8452232Z ##[endgroup]
2026-05-06T22:30:44.8456954Z [command]/usr/bin/git sparse-checkout disable
2026-05-06T22:30:44.8500783Z [command]/usr/bin/git config --local --unset-all extensions.worktreeConfig
2026-05-06T22:30:44.8527488Z ##[group]Checking out the ref
2026-05-06T22:30:44.8532600Z [command]/usr/bin/git checkout --progress --force -B gh-readonly-queue/main/pr-3575-1e58c8419142e35f338840dc50822c48dcc4ec1f refs/remotes/origin/gh-readonly-queue/main/pr-3575-1e58c8419142e35f338840dc50822c48dcc4ec1f
2026-05-06T22:30:45.8980761Z Updating files:  40% (21997/54080)
2026-05-06T22:30:45.9214060Z Updating files:  41% (22173/54080)
2026-05-06T22:30:45.9506323Z Updating files:  42% (22714/54080)
2026-05-06T22:30:45.9764849Z Updating files:  43% (23255/54080)
2026-05-06T22:30:46.0025916Z Updating files:  44% (23796/54080)
2026-05-06T22:30:46.0333235Z Updating files:  45% (24336/54080)
2026-05-06T22:30:46.0564870Z Updating files:  46% (24877/54080)
2026-05-06T22:30:46.0818148Z Updating files:  47% (25418/54080)
2026-05-06T22:30:46.1053141Z Updating files:  48% (25959/54080)
2026-05-06T22:30:46.1273316Z Updating files:  49% (26500/54080)
2026-05-06T22:30:46.1533482Z Updating files:  50% (27040/54080)
2026-05-06T22:30:46.1745392Z Updating files:  51% (27581/54080)
2026-05-06T22:30:46.1946598Z Updating files:  52% (28122/54080)
2026-05-06T22:30:46.2169662Z Updating files:  53% (28663/54080)
2026-05-06T22:30:46.2433930Z Updating files:  54% (29204/54080)
2026-05-06T22:30:46.2638634Z Updating files:  55% (29744/54080)
2026-05-06T22:30:46.2875786Z Updating files:  56% (30285/54080)
2026-05-06T22:30:46.3103742Z Updating files:  57% (30826/54080)
2026-05-06T22:30:46.3341249Z Updating files:  58% (31367/54080)
2026-05-06T22:30:46.3569089Z Updating files:  59% (31908/54080)
2026-05-06T22:30:46.3815899Z Updating files:  60% (32448/54080)
2026-05-06T22:30:46.4033611Z Updating files:  61% (32989/54080)
2026-05-06T22:30:46.4282652Z Updating files:  62% (33530/54080)
2026-05-06T22:30:46.4506070Z Updating files:  63% (34071/54080)
2026-05-06T22:30:46.4748277Z Updating files:  64% (34612/54080)
2026-05-06T22:30:46.5007830Z Updating files:  65% (35152/54080)
2026-05-06T22:30:46.5228989Z Updating files:  66% (35693/54080)
2026-05-06T22:30:46.5465382Z Updating files:  67% (36234/54080)
2026-05-06T22:30:46.5688880Z Updating files:  68% (36775/54080)
2026-05-06T22:30:46.5916179Z Updating files:  69% (37316/54080)
2026-05-06T22:30:46.6144877Z Updating files:  70% (37856/54080)
2026-05-06T22:30:46.6392695Z Updating files:  71% (38397/54080)
2026-05-06T22:30:46.6626414Z Updating files:  72% (38938/54080)
2026-05-06T22:30:46.6854011Z Updating files:  73% (39479/54080)
2026-05-06T22:30:46.7083405Z Updating files:  74% (40020/54080)
2026-05-06T22:30:46.7282257Z Updating files:  75% (40560/54080)
2026-05-06T22:30:46.7509477Z Updating files:  76% (41101/54080)
2026-05-06T22:30:46.7763487Z Updating files:  77% (41642/54080)
2026-05-06T22:30:46.7970954Z Updating files:  78% (42183/54080)
2026-05-06T22:30:46.8167205Z Updating files:  79% (42724/54080)
2026-05-06T22:30:46.8363496Z Updating files:  80% (43264/54080)
2026-05-06T22:30:46.8563358Z Updating files:  81% (43805/54080)
2026-05-06T22:30:46.8846232Z Updating files:  82% (44346/54080)
2026-05-06T22:30:46.8906309Z Updating files:  83% (44887/54080)
2026-05-06T22:30:46.9095247Z Updating files:  83% (45054/54080)
2026-05-06T22:30:46.9320122Z Updating files:  84% (45428/54080)
2026-05-06T22:30:46.9543707Z Updating files:  85% (45968/54080)
2026-05-06T22:30:46.9805068Z Updating files:  86% (46509/54080)
2026-05-06T22:30:47.0029602Z Updating files:  87% (47050/54080)
2026-05-06T22:30:47.0232160Z Updating files:  88% (47591/54080)
2026-05-06T22:30:47.0454016Z Updating files:  89% (48132/54080)
2026-05-06T22:30:47.0687097Z Updating files:  90% (48672/54080)
2026-05-06T22:30:47.0931265Z Updating files:  91% (49213/54080)
2026-05-06T22:30:47.1159649Z Updating files:  92% (49754/54080)
2026-05-06T22:30:47.1383126Z Updating files:  93% (50295/54080)
2026-05-06T22:30:47.1596236Z Updating files:  94% (50836/54080)
2026-05-06T22:30:47.1833336Z Updating files:  95% (51376/54080)
2026-05-06T22:30:47.2038000Z Updating files:  96% (51917/54080)
2026-05-06T22:30:47.2250937Z Updating files:  97% (52458/54080)
2026-05-06T22:30:47.2533257Z Updating files:  98% (52999/54080)
2026-05-06T22:30:47.2793954Z Updating files:  99% (53540/54080)
2026-05-06T22:30:47.2794419Z Updating files: 100% (54080/54080)
2026-05-06T22:30:47.2794821Z Updating files: 100% (54080/54080), done.
2026-05-06T22:30:47.3343043Z Switched to a new branch 'gh-readonly-queue/main/pr-3575-1e58c8419142e35f338840dc50822c48dcc4ec1f'
2026-05-06T22:30:47.3344385Z branch 'gh-readonly-queue/main/pr-3575-1e58c8419142e35f338840dc50822c48dcc4ec1f' set up to track 'origin/gh-readonly-queue/main/pr-3575-1e58c8419142e35f338840dc50822c48dcc4ec1f'.
2026-05-06T22:30:47.3390011Z ##[endgroup]
2026-05-06T22:30:47.3390533Z ##[group]Setting up auth for fetching submodules
2026-05-06T22:30:47.3397695Z [command]/usr/bin/git config --file /home/runner/work/_temp/git-credentials-9fd621cb-e741-47e1-be6c-8a2012f84e67.config http.https://github.com/.extraheader AUTHORIZATION: basic ***
2026-05-06T22:30:47.3439226Z [command]/usr/bin/git config --global include.path /home/runner/work/_temp/git-credentials-9fd621cb-e741-47e1-be6c-8a2012f84e67.config
2026-05-06T22:30:47.3470388Z [command]/usr/bin/git config --global --unset-all url.https://github.com/.insteadOf
2026-05-06T22:30:47.3501469Z [command]/usr/bin/git config --global --add url.https://github.com/.insteadOf git@github.com:
2026-05-06T22:30:47.3533805Z [command]/usr/bin/git config --global --add url.https://github.com/.insteadOf org-6154722@github.com:
2026-05-06T22:30:47.3562188Z ##[endgroup]
2026-05-06T22:30:47.3562744Z ##[group]Fetching submodules
2026-05-06T22:30:47.3566756Z [command]/usr/bin/git submodule sync
2026-05-06T22:30:47.3845079Z [command]/usr/bin/git -c protocol.version=2 submodule update --init --force --depth=1
2026-05-06T22:30:47.4116952Z Submodule '_submodules/TypeScript' (https://github.com/microsoft/TypeScript.git) registered for path '_submodules/TypeScript'
2026-05-06T22:30:47.4147836Z Cloning into '/home/runner/work/typescript-go/typescript-go/_submodules/TypeScript'...
2026-05-06T22:30:58.5455685Z From https://github.com/microsoft/TypeScript
2026-05-06T22:30:58.5456331Z  * branch                c3bd12d888b86f676718b16e64d7d2abcb423514 -> FETCH_HEAD
2026-05-06T22:31:02.4271858Z Submodule path '_submodules/TypeScript': checked out 'c3bd12d888b86f676718b16e64d7d2abcb423514'
2026-05-06T22:31:02.4286414Z [command]/usr/bin/git submodule foreach git config --local gc.auto 0
2026-05-06T22:31:02.4554164Z Entering '_submodules/TypeScript'
2026-05-06T22:31:02.4593029Z ##[endgroup]
2026-05-06T22:31:02.4593406Z ##[group]Persisting credentials for submodules
2026-05-06T22:31:02.4600614Z [command]/usr/bin/git submodule foreach --recursive sh -c "git config --local --name-only --get-regexp 'url\.https\:\/\/github\.com\/\.insteadOf' && git config --local --unset-all 'url.https://github.com/.insteadOf' || :"
2026-05-06T22:31:02.4871126Z Entering '_submodules/TypeScript'
2026-05-06T22:31:02.4992102Z [command]/usr/bin/git submodule foreach git config --local --show-origin --name-only --get-regexp remote.origin.url
2026-05-06T22:31:02.5257075Z Entering '_submodules/TypeScript'
2026-05-06T22:31:02.5280585Z file:/home/runner/work/typescript-go/typescript-go/.git/modules/_submodules/TypeScript/config	remote.origin.url
2026-05-06T22:31:02.5298918Z [command]/usr/bin/git config --file /home/runner/work/typescript-go/typescript-go/.git/modules/_submodules/TypeScript/config includeIf.gitdir:/home/runner/work/typescript-go/typescript-go/.git/modules/_submodules/TypeScript.path /home/runner/work/_temp/git-credentials-9fd621cb-e741-47e1-be6c-8a2012f84e67.config
2026-05-06T22:31:02.5334534Z [command]/usr/bin/git config --file /home/runner/work/typescript-go/typescript-go/.git/modules/_submodules/TypeScript/config includeIf.gitdir:/github/workspace/.git/modules/_submodules/TypeScript.path /github/runner_temp/git-credentials-9fd621cb-e741-47e1-be6c-8a2012f84e67.config
2026-05-06T22:31:02.5368444Z [command]/usr/bin/git submodule foreach git config --local --add 'url.https://github.com/.insteadOf' 'git@github.com:'
2026-05-06T22:31:02.5630450Z Entering '_submodules/TypeScript'
2026-05-06T22:31:02.5672408Z [command]/usr/bin/git submodule foreach git config --local --add 'url.https://github.com/.insteadOf' 'org-6154722@github.com:'
2026-05-06T22:31:02.5933571Z Entering '_submodules/TypeScript'
2026-05-06T22:31:02.5970567Z ##[endgroup]
2026-05-06T22:31:02.6011923Z [command]/usr/bin/git log -1 --format=%H
2026-05-06T22:31:02.6037449Z 99287477387910279012d5326c876ab84defcdb8
2026-05-06T22:31:02.6196998Z ##[group]Run actions/setup-node@48b55a011bda9f5d6aeb4c2d9c7362e8dae4041e
2026-05-06T22:31:02.6197364Z with:
2026-05-06T22:31:02.6197542Z   node-version: lts/*
2026-05-06T22:31:02.6197753Z   check-latest: false
2026-05-06T22:31:02.6198077Z   token: ***
2026-05-06T22:31:02.6198283Z   package-manager-cache: true
2026-05-06T22:31:02.6198502Z env:
2026-05-06T22:31:02.6198680Z   TSGO_HEREBY_RACE: false
2026-05-06T22:31:02.6198890Z   TSGO_HEREBY_NOEMBED: false
2026-05-06T22:31:02.6199136Z   TSGO_HEREBY_CONCURRENT_TEST_PROGRAMS: false
2026-05-06T22:31:02.6199394Z   TSGO_HEREBY_COVERAGE: true
2026-05-06T22:31:02.6199602Z ##[endgroup]
2026-05-06T22:31:02.7732744Z Attempt to resolve LTS alias from manifest...
2026-05-06T22:31:03.3719865Z Found in cache @ /opt/hostedtoolcache/node/24.14.1/x64
2026-05-06T22:31:03.3723910Z ##[group]Environment details
2026-05-06T22:31:03.6688690Z node: v24.14.1
2026-05-06T22:31:03.6689041Z npm: 11.11.0
2026-05-06T22:31:03.6689297Z yarn: 1.22.22
2026-05-06T22:31:03.6690249Z ##[endgroup]
2026-05-06T22:31:03.6695060Z Detected npm as the package manager from package.json's packageManager field. Auto caching has been enabled for npm. If you want to disable it, set package-manager-cache input to false
2026-05-06T22:31:03.6711496Z [command]/opt/hostedtoolcache/node/24.14.1/x64/bin/npm config get cache
2026-05-06T22:31:03.7768805Z /home/runner/.npm
2026-05-06T22:31:03.8873643Z Cache hit for: node-cache-Linux-x64-npm-474ed3208296b11cdcc584b20714c71411b9feca41f82f43786feef156a3fb9f
2026-05-06T22:31:04.7537920Z Received 67907167 of 67907167 (100.0%), 88.8 MBs/sec
2026-05-06T22:31:04.7539096Z Cache Size: ~65 MB (67907167 B)
2026-05-06T22:31:04.7573235Z [command]/usr/bin/tar -xf /home/runner/work/_temp/b78a10e9-c007-4358-bc19-1b0abb909381/cache.tzst -P -C /home/runner/work/typescript-go/typescript-go --use-compress-program unzstd
2026-05-06T22:31:04.9262397Z Cache restored successfully
2026-05-06T22:31:04.9304276Z Cache restored from key: node-cache-Linux-x64-npm-474ed3208296b11cdcc584b20714c71411b9feca41f82f43786feef156a3fb9f
2026-05-06T22:31:04.9495949Z Prepare all required actions
2026-05-06T22:31:04.9534274Z ##[group]Run ./.github/actions/setup-go
2026-05-06T22:31:04.9534539Z with:
2026-05-06T22:31:04.9534713Z   go-version: go1.26
2026-05-06T22:31:04.9534910Z env:
2026-05-06T22:31:04.9535092Z   TSGO_HEREBY_RACE: false
2026-05-06T22:31:04.9535307Z   TSGO_HEREBY_NOEMBED: false
2026-05-06T22:31:04.9535556Z   TSGO_HEREBY_CONCURRENT_TEST_PROGRAMS: false
2026-05-06T22:31:04.9535830Z   TSGO_HEREBY_COVERAGE: true
2026-05-06T22:31:04.9536036Z ##[endgroup]
2026-05-06T22:31:04.9554051Z ##[group]Run # https://github.com/microsoft/go-infra/blob/main/goinstallscript/powershell/go-install.ps1
2026-05-06T22:31:04.9554783Z [36;1m# https://github.com/microsoft/go-infra/blob/main/goinstallscript/powershell/go-install.ps1[0m
2026-05-06T22:31:04.9555544Z [36;1m/home/runner/work/typescript-go/typescript-go/./.github/actions/setup-go/go-install.ps1 -Version go1.26 -GitHubActionsPath[0m
2026-05-06T22:31:04.9556074Z [36;1m[0m
2026-05-06T22:31:04.9556306Z [36;1m$goVersionOutput = go version[0m
2026-05-06T22:31:04.9556570Z [36;1mWrite-Host $goVersionOutput[0m
2026-05-06T22:31:04.9556939Z [36;1m# Extract version like "1.23.4" from "go version go1.23.4 windows/amd64"[0m
2026-05-06T22:31:04.9557387Z [36;1mif ($goVersionOutput -match 'go version go([\d\.]+)') {[0m
2026-05-06T22:31:04.9557714Z [36;1m  $exactVersion = $matches[1][0m
2026-05-06T22:31:04.9558018Z [36;1m  "go-version=$exactVersion" >> $env:GITHUB_OUTPUT[0m
2026-05-06T22:31:04.9558366Z [36;1m  Write-Host "Exact Go version: $exactVersion"[0m
2026-05-06T22:31:04.9558655Z [36;1m} else {[0m
2026-05-06T22:31:04.9559104Z [36;1m  Write-Error "Failed to parse Go version from: $goVersionOutput"[0m
2026-05-06T22:31:04.9559445Z [36;1m  exit 1[0m
2026-05-06T22:31:04.9559620Z [36;1m}[0m
2026-05-06T22:31:04.9823281Z shell: /usr/bin/pwsh -command ". '{0}'"
2026-05-06T22:31:04.9823592Z env:
2026-05-06T22:31:04.9823787Z   TSGO_HEREBY_RACE: false
2026-05-06T22:31:04.9824044Z   TSGO_HEREBY_NOEMBED: false
2026-05-06T22:31:04.9824303Z   TSGO_HEREBY_CONCURRENT_TEST_PROGRAMS: false
2026-05-06T22:31:04.9824578Z   TSGO_HEREBY_COVERAGE: true
2026-05-06T22:31:04.9824784Z ##[endgroup]
2026-05-06T22:31:08.5581411Z go-install: Microsoft build of Go Install Script version 0.0.1
2026-05-06T22:31:08.6856563Z go-install: Fetching information for version 'go1.26'.
2026-05-06T22:31:11.3134830Z go-install: Remote file https://download.visualstudio.microsoft.com/download/pr/a29a63c1-f82c-449f-baff-9c086f732ce6/606a9119cca2b06097017987a66db36a/go1.26.2-20260407.2.linux-amd64.tar.gz size is 82990084 bytes.
2026-05-06T22:31:11.3184023Z go-install: Downloaded file https://download.visualstudio.microsoft.com/download/pr/a29a63c1-f82c-449f-baff-9c086f732ce6/606a9119cca2b06097017987a66db36a/go1.26.2-20260407.2.linux-amd64.tar.gz size is 82990084 bytes.
2026-05-06T22:31:11.3203039Z go-install: The remote and local file sizes are equal.
2026-05-06T22:31:11.3208475Z go-install: Extracting the archive.
2026-05-06T22:31:13.3643251Z go-install: Adding to current process PATH: /home/runner/.local/share/microsoft-go/go1.26.2-1/bin
2026-05-06T22:31:13.3644426Z go-install: Note: This change will not be visible if PowerShell was run as a child process.
2026-05-06T22:31:13.3661267Z go-install: Appending "/home/runner/.local/share/microsoft-go/go1.26.2-1/bin" to the GITHUB_PATH file.
2026-05-06T22:31:13.3714045Z go-install: Installed version is 1.26.2-1
2026-05-06T22:31:13.3714587Z go-install: Installation finished
2026-05-06T22:31:13.3767790Z go version go1.26.2 linux/amd64
2026-05-06T22:31:13.3826913Z Exact Go version: 1.26.2
2026-05-06T22:31:13.5411241Z ##[group]Run $goPath = (Get-Command go).Source
2026-05-06T22:31:13.5411644Z [36;1m$goPath = (Get-Command go).Source[0m
2026-05-06T22:31:13.5411969Z [36;1mWrite-Host "Go executable path: $goPath"[0m
2026-05-06T22:31:13.5412313Z [36;1mif ($goPath -notlike "*microsoft-go*") {[0m
2026-05-06T22:31:13.5412942Z [36;1m  Write-Error "Go installation is not from microsoft-go. Path: $goPath"[0m
2026-05-06T22:31:13.5413352Z [36;1m  exit 1[0m
2026-05-06T22:31:13.5413578Z [36;1m}[0m
2026-05-06T22:31:13.5413851Z [36;1mWrite-Host "✓ Verified: Microsoft Go is active"[0m
2026-05-06T22:31:13.5478055Z shell: /usr/bin/pwsh -command ". '{0}'"
2026-05-06T22:31:13.5478368Z env:
2026-05-06T22:31:13.5478585Z   TSGO_HEREBY_RACE: false
2026-05-06T22:31:13.5478847Z   TSGO_HEREBY_NOEMBED: false
2026-05-06T22:31:13.5479138Z   TSGO_HEREBY_CONCURRENT_TEST_PROGRAMS: false
2026-05-06T22:31:13.5479436Z   TSGO_HEREBY_COVERAGE: true
2026-05-06T22:31:13.5479895Z ##[endgroup]
2026-05-06T22:31:14.2278283Z Go executable path: /home/runner/.local/share/microsoft-go/go1.26.2-1/bin/go
2026-05-06T22:31:14.2294105Z ✓ Verified: Microsoft Go is active
2026-05-06T22:31:14.3089367Z ##[group]Run GOBIN=$(go env GOBIN)
2026-05-06T22:31:14.3089672Z [36;1mGOBIN=$(go env GOBIN)[0m
2026-05-06T22:31:14.3090254Z [36;1mif [ -z "$GOBIN" ]; then[0m
2026-05-06T22:31:14.3090644Z [36;1m  GOBIN="$(go env GOPATH)/bin"[0m
2026-05-06T22:31:14.3091038Z [36;1mfi[0m
2026-05-06T22:31:14.3091330Z [36;1mecho "$GOBIN" >> $GITHUB_PATH[0m
2026-05-06T22:31:14.3113180Z shell: /usr/bin/bash --noprofile --norc -e -o pipefail {0}
2026-05-06T22:31:14.3113500Z env:
2026-05-06T22:31:14.3113684Z   TSGO_HEREBY_RACE: false
2026-05-06T22:31:14.3113927Z   TSGO_HEREBY_NOEMBED: false
2026-05-06T22:31:14.3114180Z   TSGO_HEREBY_CONCURRENT_TEST_PROGRAMS: false
2026-05-06T22:31:14.3114452Z   TSGO_HEREBY_COVERAGE: true
2026-05-06T22:31:14.3114668Z ##[endgroup]
2026-05-06T22:31:14.3263019Z ##[group]Run npm ci
2026-05-06T22:31:14.3263265Z [36;1mnpm ci[0m
2026-05-06T22:31:14.3284718Z shell: /usr/bin/bash --noprofile --norc -e -o pipefail {0}
2026-05-06T22:31:14.3285044Z env:
2026-05-06T22:31:14.3285231Z   TSGO_HEREBY_RACE: false
2026-05-06T22:31:14.3285448Z   TSGO_HEREBY_NOEMBED: false
2026-05-06T22:31:14.3285700Z   TSGO_HEREBY_CONCURRENT_TEST_PROGRAMS: false
2026-05-06T22:31:14.3285979Z   TSGO_HEREBY_COVERAGE: true
2026-05-06T22:31:14.3286187Z ##[endgroup]
2026-05-06T22:31:16.5524763Z npm warn deprecated whatwg-encoding@3.1.1: Use @exodus/bytes instead for a more spec-conformant and faster implementation
2026-05-06T22:31:16.6001173Z npm warn deprecated prebuild-install@7.1.3: No longer maintained. Please contact the author of the relevant native addon; alternatives are available.
2026-05-06T22:31:17.3983034Z npm warn deprecated glob@11.1.0: Old versions of glob are not supported, and contain widely publicized security vulnerabilities, which have been fixed in the current version. Please update. Support for old versions may be purchased (at exorbitant rates) by contacting i@izs.me
2026-05-06T22:31:19.9494464Z 
2026-05-06T22:31:19.9495150Z added 356 packages, and audited 361 packages in 6s
2026-05-06T22:31:19.9495535Z 
2026-05-06T22:31:19.9495937Z 103 packages are looking for funding
2026-05-06T22:31:19.9496728Z   run `npm fund` for details
2026-05-06T22:31:19.9507725Z 
2026-05-06T22:31:19.9507977Z found 0 vulnerabilities
2026-05-06T22:31:20.0279919Z ##[group]Run go install gotest.tools/gotestsum@latest
2026-05-06T22:31:20.0280443Z [36;1mgo install gotest.tools/gotestsum@latest[0m
2026-05-06T22:31:20.0302646Z shell: /usr/bin/bash --noprofile --norc -e -o pipefail {0}
2026-05-06T22:31:20.0303005Z env:
2026-05-06T22:31:20.0303223Z   TSGO_HEREBY_RACE: false
2026-05-06T22:31:20.0303479Z   TSGO_HEREBY_NOEMBED: false
2026-05-06T22:31:20.0303751Z   TSGO_HEREBY_CONCURRENT_TEST_PROGRAMS: false
2026-05-06T22:31:20.0304045Z   TSGO_HEREBY_COVERAGE: true
2026-05-06T22:31:20.0304279Z ##[endgroup]
2026-05-06T22:31:20.1568224Z go: downloading gotest.tools/gotestsum v1.13.0
2026-05-06T22:31:20.2623951Z go: downloading gotest.tools v2.2.0+incompatible
2026-05-06T22:31:20.2834014Z go: downloading github.com/dnephin/pflag v1.0.7
2026-05-06T22:31:20.2869093Z go: downloading golang.org/x/tools v0.36.0
2026-05-06T22:31:20.2946580Z go: downloading github.com/fatih/color v1.18.0
2026-05-06T22:31:20.2993286Z go: downloading github.com/google/shlex v0.0.0-20191202100458-e7afc7fbc510
2026-05-06T22:31:20.3770270Z go: downloading github.com/bitfield/gotestdox v0.2.2
2026-05-06T22:31:20.3786069Z go: downloading golang.org/x/sync v0.17.0
2026-05-06T22:31:20.3960135Z go: downloading golang.org/x/term v0.35.0
2026-05-06T22:31:20.4255361Z go: downloading github.com/fsnotify/fsnotify v1.9.0
2026-05-06T22:31:20.4256447Z go: downloading golang.org/x/sys v0.36.0
2026-05-06T22:31:20.4406203Z go: downloading github.com/mattn/go-colorable v0.1.13
2026-05-06T22:31:20.4866540Z go: downloading github.com/mattn/go-isatty v0.0.20
2026-05-06T22:31:20.5169300Z go: downloading golang.org/x/text v0.17.0
2026-05-06T22:31:20.7924574Z go: downloading golang.org/x/mod v0.27.0
2026-05-06T22:31:35.8251615Z ##[group]Run npx hereby test
2026-05-06T22:31:35.8252057Z [36;1mnpx hereby test[0m
2026-05-06T22:31:35.8274198Z shell: /usr/bin/bash --noprofile --norc -e -o pipefail {0}
2026-05-06T22:31:35.8274661Z env:
2026-05-06T22:31:35.8274929Z   TSGO_HEREBY_RACE: false
2026-05-06T22:31:35.8275337Z   TSGO_HEREBY_NOEMBED: false
2026-05-06T22:31:35.8275720Z   TSGO_HEREBY_CONCURRENT_TEST_PROGRAMS: false
2026-05-06T22:31:35.8276103Z   TSGO_HEREBY_COVERAGE: true
2026-05-06T22:31:35.8276482Z ##[endgroup]
2026-05-06T22:31:36.2435102Z Using [33m~/work/typescript-go/typescript-go/Herebyfile.mjs[39m to run [34mtest[39m
2026-05-06T22:31:36.2437664Z Starting [34mtest[39m
2026-05-06T22:31:36.2489585Z [90m[22:31:36.248][39m [90m[0][39m [1m$[22m [1mgotestsum --format-hide-empty-pkg --hide-summary skipped -- '-coverprofile=/home/runner/work/typescript-go/typescript-go/coverage/coverage.tests.out' '-coverpkg=./...' ./... '--timeout=45m'[22m
2026-05-06T22:31:36.6792791Z go: downloading github.com/zeebo/xxh3 v1.1.0
2026-05-06T22:31:36.6793547Z go: downloading gotest.tools/v3 v3.5.2
2026-05-06T22:31:36.6841644Z go: downloading golang.org/x/term v0.42.0
2026-05-06T22:31:36.6941116Z go: downloading golang.org/x/sync v0.20.0
2026-05-06T22:31:36.7335808Z go: downloading golang.org/x/text v0.36.0
2026-05-06T22:31:36.7336982Z go: downloading github.com/google/go-cmp v0.7.0
2026-05-06T22:31:36.7480739Z go: downloading github.com/go-json-experiment/json v0.0.0-20260214004413-d219187c3433
2026-05-06T22:31:36.8312057Z go: downloading github.com/mackerelio/go-osstat v0.2.7
2026-05-06T22:31:36.8339334Z go: downloading github.com/peter-evans/patience v0.3.0
2026-05-06T22:31:36.8634737Z go: downloading golang.org/x/sys v0.43.0
2026-05-06T22:31:36.8655239Z go: downloading github.com/klauspost/cpuid/v2 v2.2.10
2026-05-06T22:36:47.9881942Z [32m✓[0m  internal/api (1.055s) (coverage: 0.1% of statements in ./...)
2026-05-06T22:36:49.0112173Z [32m✓[0m  internal/api/encoder (995ms) (coverage: 2.2% of statements in ./...)
2026-05-06T22:36:50.0433654Z [32m✓[0m  internal/ast (1.004s) (coverage: 4.1% of statements in ./...)
2026-05-06T22:36:52.5701768Z [32m✓[0m  internal/bundled (1.09s) (coverage: 0.1% of statements in ./...)
2026-05-06T22:36:53.7452181Z [32m✓[0m  internal/checker (1.517s) (coverage: 5.5% of statements in ./...)
2026-05-06T22:36:53.7656061Z [32m✓[0m  internal/collections (1.185s) (coverage: 0.1% of statements in ./...)
2026-05-06T22:36:54.6941784Z [32m✓[0m  internal/core (911ms) (coverage: 0.1% of statements in ./...)
2026-05-06T22:36:54.8454999Z [32m✓[0m  internal/astnav (4.789s) (coverage: 2.9% of statements in ./...)
2026-05-06T22:36:54.9531806Z [32m✓[0m  internal/compiler (1.173s) (coverage: 3.6% of statements in ./...)
2026-05-06T22:36:55.9036201Z [32m✓[0m  internal/debug (1.198s) (coverage: 0.0% of statements in ./...)
2026-05-06T22:36:56.0581843Z [32m✓[0m  internal/diagnostics (1.171s) (coverage: 0.1% of statements in ./...)
2026-05-06T22:37:18.0183711Z [32m✓[0m  internal/execute/build (592ms) (coverage: 1.5% of statements in ./...)
2026-05-06T22:37:19.9722461Z [32m✓[0m  internal/format (2.097s) (coverage: 5.1% of statements in ./...)
2026-05-06T22:37:30.4571776Z [32m✓[0m  internal/execute/tsctests (12.86s) (coverage: 28.0% of statements in ./...)
2026-05-06T22:37:45.4321660Z [32m✓[0m  internal/fourslash/tests (4.398s) (coverage: 39.8% of statements in ./...)
2026-05-06T22:37:51.2402035Z [32m✓[0m  internal/fourslash/tests/manual (3.201s) (coverage: 31.4% of statements in ./...)
2026-05-06T22:37:54.3507647Z [32m✓[0m  internal/jsnum (1.79s) (coverage: 0.2% of statements in ./...)
2026-05-06T22:37:55.2427794Z [32m✓[0m  internal/ls (800ms) (coverage: 2.0% of statements in ./...)
2026-05-06T22:37:57.2611866Z [32m✓[0m  internal/ls/lsconv (1.236s) (coverage: 0.1% of statements in ./...)
2026-05-06T22:37:58.1391825Z [32m✓[0m  internal/ls/autoimport (3.154s) (coverage: 9.8% of statements in ./...)
2026-05-06T22:37:58.2851249Z [32m✓[0m  internal/ls/lsutil (1.008s) (coverage: 1.0% of statements in ./...)
2026-05-06T22:38:08.0461647Z [32m✓[0m  internal/lsp (3.584s) (coverage: 11.2% of statements in ./...)
2026-05-06T22:38:09.2461957Z [32m✓[0m  internal/lsp/lsproto (1.159s) (coverage: 0.5% of statements in ./...)
2026-05-06T22:38:10.4721694Z [32m✓[0m  internal/module (1.205s) (coverage: 0.6% of statements in ./...)
2026-05-06T22:38:11.3141326Z [32m✓[0m  internal/modulespecifiers (823ms) (coverage: 0.3% of statements in ./...)
2026-05-06T22:38:12.4922006Z [32m✓[0m  internal/packagejson (494ms) (coverage: 0.1% of statements in ./...)
2026-05-06T22:38:13.8599418Z [32m✓[0m  internal/fourslash/tests/gen (27.864s) (coverage: 50.7% of statements in ./...)
2026-05-06T22:38:14.0211740Z [32m✓[0m  internal/printer (704ms) (coverage: 7.4% of statements in ./...)
2026-05-06T22:38:24.3271632Z [32m✓[0m  internal/project (10.883s) (coverage: 15.5% of statements in ./...)
2026-05-06T22:38:25.0677779Z [32m✓[0m  internal/parser (12.551s) (coverage: 6.9% of statements in ./...)
2026-05-06T22:38:31.3918917Z [32m✓[0m  internal/project/dirty (403ms) (coverage: 0.1% of statements in ./...)
2026-05-06T22:38:31.5772062Z [32m✓[0m  internal/project/background (588ms) (coverage: 0.0% of statements in ./...)
2026-05-06T22:38:31.5968526Z [32m✓[0m  internal/project/logging (608ms) (coverage: 0.0% of statements in ./...)
2026-05-06T22:38:32.6001644Z [32m✓[0m  internal/sourcemap (426ms) (coverage: 0.2% of statements in ./...)
2026-05-06T22:38:32.6051091Z [32m✓[0m  internal/stringutil (356ms) (coverage: 0.0% of statements in ./...)
2026-05-06T22:38:32.8182871Z [32m✓[0m  internal/semver (843ms) (coverage: 0.2% of statements in ./...)
2026-05-06T22:38:33.2398681Z [32m✓[0m  internal/symlinks (636ms) (coverage: 0.2% of statements in ./...)
2026-05-06T22:38:33.4824236Z [32m✓[0m  internal/project/ata (2.493s) (coverage: 7.9% of statements in ./...)
2026-05-06T22:38:34.1141691Z [32m✓[0m  internal/testutil/baseline (725ms) (coverage: 0.0% of statements in ./...)
2026-05-06T22:38:38.1874165Z [32m✓[0m  internal/transformers/tstransforms (720ms) (coverage: 5.2% of statements in ./...)
2026-05-06T22:38:38.4511845Z [32m✓[0m  internal/tsoptions (828ms) (coverage: 2.8% of statements in ./...)
2026-05-06T22:38:38.8973530Z [32m✓[0m  internal/tspath (694ms) (coverage: 0.4% of statements in ./...)
2026-05-06T22:38:39.2503665Z [32m✓[0m  internal/vfs/cachedvfs (783ms) (coverage: 0.4% of statements in ./...)
2026-05-06T22:38:39.6711715Z [32m✓[0m  internal/vfs/iovfs (584ms) (coverage: 0.1% of statements in ./...)
2026-05-06T22:38:39.8282554Z [32m✓[0m  internal/vfs/osvfs (566ms) (coverage: 0.1% of statements in ./...)
2026-05-06T22:38:40.2374237Z [32m✓[0m  internal/vfs/vfsmatch (549ms) (coverage: 0.6% of statements in ./...)
2026-05-06T22:38:40.4545359Z [32m✓[0m  internal/vfs/vfsmock (624ms) (coverage: 0.0% of statements in ./...)
2026-05-06T22:38:40.5201764Z [32m✓[0m  internal/vfs/vfstest (519ms) (coverage: 0.4% of statements in ./...)
2026-05-06T22:38:40.8109599Z [32m✓[0m  internal/vfs/vfswatch (565ms) (coverage: 0.3% of statements in ./...)
2026-05-06T22:39:43.6935468Z [31m✖[0m  internal/testrunner (1m11.082s) (coverage: 50.7% of statements in ./...)
2026-05-06T22:39:44.3189486Z 
2026-05-06T22:39:44.3190580Z === [31mFailed[0m
2026-05-06T22:39:44.3191964Z === [31mFAIL[0m: internal/testrunner TestSubmodule/genericFunctionParameters.ts/output (0.00s)
2026-05-06T22:39:44.3194017Z     baseline.go:241: the baseline file /home/runner/work/typescript-go/typescript-go/testdata/baselines/reference/submoduleTriaged/conformance/genericFunctionParameters.js.diff has changed. (Run `hereby baseline-accept` if the new baseline is correct.)
2026-05-06T22:39:44.3195363Z 
2026-05-06T22:39:44.3196002Z === [31mFAIL[0m: internal/testrunner TestSubmodule/genericFunctionParameters.ts (0.01s)
2026-05-06T22:39:44.3196482Z 
2026-05-06T22:39:44.3196877Z === [31mFAIL[0m: internal/testrunner TestSubmodule (3.76s)
2026-05-06T22:39:44.3197242Z 
2026-05-06T22:39:44.3197984Z DONE 145056 tests, 2549 skipped, 3 failures in 181.886s
2026-05-06T22:39:44.3256394Z [90m[22:39:44.325][39m [90m[0][39m [91m✘[39m [91mCommand failed with exit code 1: gotestsum --format-hide-empty-pkg --hide-summary skipped -- '-coverprofile=/home/runner/work/typescript-go/typescript-go/coverage/coverage.tests.out' '-coverpkg=./...' ./... '--timeout=45m'[39m
2026-05-06T22:39:44.3261429Z [90m[22:39:44.325][39m [90m[0][39m [90m✘[39m [90m(done in 8m 8s)[39m
2026-05-06T22:39:44.3309191Z Error in [31mtest[39m in 8m 8s
2026-05-06T22:39:44.3311202Z ExecaError: Command failed with exit code 1: gotestsum --format-hide-empty-pkg --hide-summary skipped -- '-coverprofile=/home/runner/work/typescript-go/typescript-go/coverage/coverage.tests.out' '-coverpkg=./...' ./... '--timeout=45m'
2026-05-06T22:39:44.3312908Z Completed [34mtest[39m[31m with errors[39m in 8m 8s
2026-05-06T22:39:44.3313435Z Failed tasks: [31mtest[39m
2026-05-06T22:39:44.3659660Z ##[error]Process completed with exit code 1.
2026-05-06T22:39:44.3732694Z ##[group]Run npx hereby baseline-accept
2026-05-06T22:39:44.3733025Z [36;1mnpx hereby baseline-accept[0m
2026-05-06T22:39:44.3733297Z [36;1mgit add testdata/baselines/reference[0m
2026-05-06T22:39:44.3733571Z [36;1mgit diff --staged --exit-code[0m
2026-05-06T22:39:44.3916359Z shell: /usr/bin/bash --noprofile --norc -e -o pipefail {0}
2026-05-06T22:39:44.3916687Z env:
2026-05-06T22:39:44.3916872Z   TSGO_HEREBY_RACE: false
2026-05-06T22:39:44.3917103Z   TSGO_HEREBY_NOEMBED: false
2026-05-06T22:39:44.3917360Z   TSGO_HEREBY_CONCURRENT_TEST_PROGRAMS: false
2026-05-06T22:39:44.3917621Z   TSGO_HEREBY_COVERAGE: true
2026-05-06T22:39:44.3917828Z ##[endgroup]
2026-05-06T22:39:44.9938325Z Using [33m~/work/typescript-go/typescript-go/Herebyfile.mjs[39m to run [34mbaseline-accept[39m
2026-05-06T22:39:44.9941012Z Starting [34mbaseline-accept[39m
2026-05-06T22:39:45.0185429Z Finished [32mbaseline-accept[39m in 25ms
2026-05-06T22:39:45.0186114Z Completed [34mbaseline-accept[39m in 25ms
2026-05-06T22:39:45.4216089Z diff --git a/testdata/baselines/reference/submoduleTriaged/conformance/genericFunctionParameters.js.diff b/testdata/baselines/reference/submoduleTriaged/conformance/genericFunctionParameters.js.diff
2026-05-06T22:39:45.4217572Z deleted file mode 100644
2026-05-06T22:39:45.4217939Z index 19e8ced8..00000000
2026-05-06T22:39:45.4218701Z --- a/testdata/baselines/reference/submoduleTriaged/conformance/genericFunctionParameters.js.diff
2026-05-06T22:39:45.4219168Z +++ /dev/null
2026-05-06T22:39:45.4219360Z @@ -1,11 +0,0 @@
2026-05-06T22:39:45.4219610Z ---- old.genericFunctionParameters.js
2026-05-06T22:39:45.4237621Z -+++ new.genericFunctionParameters.js
2026-05-06T22:39:45.4238131Z -@@= skipped -28, +28 lines =@@
2026-05-06T22:39:45.4238689Z - declare function f3<T>(cb: <S extends Array<S>>(x: S) => T): T;
2026-05-06T22:39:45.4239179Z - declare let x1: unknown;
2026-05-06T22:39:45.4239508Z - declare let x2: number;
2026-05-06T22:39:45.4240017Z --declare let x3: any[];
2026-05-06T22:39:45.4240347Z -+declare let x3: any[][];
2026-05-06T22:39:45.4240700Z - declare const s: <R>(go: <S>(ops: {
2026-05-06T22:39:45.4241043Z -     init(): S;
2026-05-06T22:39:45.4241287Z - }) => R) => R;
2026-05-06T22:39:45.4241576Z \ No newline at end of file
2026-05-06T22:39:45.4243343Z ##[error]Process completed with exit code 1.
2026-05-06T22:39:45.4289630Z ##[group]Run actions/upload-artifact@043fb46d1a93c77aae656e7c1c64a875d1fc6a0a
2026-05-06T22:39:45.4290265Z with:
2026-05-06T22:39:45.4290501Z   name: ubuntu-latest-norace-new-baselines-artifact
2026-05-06T22:39:45.4290804Z   path: testdata/baselines/local
2026-05-06T22:39:45.4291041Z   if-no-files-found: warn
2026-05-06T22:39:45.4291256Z   compression-level: 6
2026-05-06T22:39:45.4291459Z   overwrite: false
2026-05-06T22:39:45.4291651Z   include-hidden-files: false
2026-05-06T22:39:45.4291872Z   archive: true
2026-05-06T22:39:45.4292049Z env:
2026-05-06T22:39:45.4292211Z   TSGO_HEREBY_RACE: false
2026-05-06T22:39:45.4292413Z   TSGO_HEREBY_NOEMBED: false
2026-05-06T22:39:45.4292673Z   TSGO_HEREBY_CONCURRENT_TEST_PROGRAMS: false
2026-05-06T22:39:45.4292937Z   TSGO_HEREBY_COVERAGE: true
2026-05-06T22:39:45.4293136Z ##[endgroup]
2026-05-06T22:39:45.6442294Z ##[warning]No files were found with the provided path: testdata/baselines/local. No artifacts will be uploaded.
2026-05-06T22:39:45.6600510Z Post job cleanup.
2026-05-06T22:39:45.7462979Z [command]/usr/bin/git version
2026-05-06T22:39:45.7502875Z git version 2.53.0
2026-05-06T22:39:45.7543432Z Temporarily overriding HOME='/home/runner/work/_temp/8d0b13d0-56d2-4e85-a618-6ce5280ebf84' before making global git config changes
2026-05-06T22:39:45.7544818Z Adding repository directory to the temporary git global config as a safe directory
2026-05-06T22:39:45.7549614Z [command]/usr/bin/git config --global --add safe.directory /home/runner/work/typescript-go/typescript-go
2026-05-06T22:39:45.7584331Z Removing SSH command configuration
2026-05-06T22:39:45.7590578Z [command]/usr/bin/git config --local --name-only --get-regexp core\.sshCommand
2026-05-06T22:39:45.7627783Z [command]/usr/bin/git submodule foreach --recursive sh -c "git config --local --name-only --get-regexp 'core\.sshCommand' && git config --local --unset-all 'core.sshCommand' || :"
2026-05-06T22:39:45.7900047Z Entering '_submodules/TypeScript'
2026-05-06T22:39:45.8069647Z Removing HTTP extra header
2026-05-06T22:39:45.8075328Z [command]/usr/bin/git config --local --name-only --get-regexp http\.https\:\/\/github\.com\/\.extraheader
2026-05-06T22:39:45.8115109Z [command]/usr/bin/git submodule foreach --recursive sh -c "git config --local --name-only --get-regexp 'http\.https\:\/\/github\.com\/\.extraheader' && git config --local --unset-all 'http.https://github.com/.extraheader' || :"
2026-05-06T22:39:45.8368797Z Entering '_submodules/TypeScript'
2026-05-06T22:39:45.8494190Z Removing includeIf entries pointing to credentials config files
2026-05-06T22:39:45.8502397Z [command]/usr/bin/git config --local --name-only --get-regexp ^includeIf\.gitdir:
2026-05-06T22:39:45.8532270Z includeif.gitdir:/home/runner/work/typescript-go/typescript-go/.git.path
2026-05-06T22:39:45.8533512Z includeif.gitdir:/home/runner/work/typescript-go/typescript-go/.git/worktrees/*.path
2026-05-06T22:39:45.8534527Z includeif.gitdir:/github/workspace/.git.path
2026-05-06T22:39:45.8535335Z includeif.gitdir:/github/workspace/.git/worktrees/*.path
2026-05-06T22:39:45.8541682Z [command]/usr/bin/git config --local --get-all includeif.gitdir:/home/runner/work/typescript-go/typescript-go/.git.path
2026-05-06T22:39:45.8567576Z /home/runner/work/_temp/git-credentials-9fd621cb-e741-47e1-be6c-8a2012f84e67.config
2026-05-06T22:39:45.8612309Z [command]/usr/bin/git config --local --unset includeif.gitdir:/home/runner/work/typescript-go/typescript-go/.git.path /home/runner/work/_temp/git-credentials-9fd621cb-e741-47e1-be6c-8a2012f84e67.config
2026-05-06T22:39:45.8652319Z [command]/usr/bin/git config --local --get-all includeif.gitdir:/home/runner/work/typescript-go/typescript-go/.git/worktrees/*.path
2026-05-06T22:39:45.8677381Z /home/runner/work/_temp/git-credentials-9fd621cb-e741-47e1-be6c-8a2012f84e67.config
2026-05-06T22:39:45.8688369Z [command]/usr/bin/git config --local --unset includeif.gitdir:/home/runner/work/typescript-go/typescript-go/.git/worktrees/*.path /home/runner/work/_temp/git-credentials-9fd621cb-e741-47e1-be6c-8a2012f84e67.config
2026-05-06T22:39:45.8724649Z [command]/usr/bin/git config --local --get-all includeif.gitdir:/github/workspace/.git.path
2026-05-06T22:39:45.8748132Z /github/runner_temp/git-credentials-9fd621cb-e741-47e1-be6c-8a2012f84e67.config
2026-05-06T22:39:45.8757331Z [command]/usr/bin/git config --local --unset includeif.gitdir:/github/workspace/.git.path /github/runner_temp/git-credentials-9fd621cb-e741-47e1-be6c-8a2012f84e67.config
2026-05-06T22:39:45.8793400Z [command]/usr/bin/git config --local --get-all includeif.gitdir:/github/workspace/.git/worktrees/*.path
2026-05-06T22:39:45.8818135Z /github/runner_temp/git-credentials-9fd621cb-e741-47e1-be6c-8a2012f84e67.config
2026-05-06T22:39:45.8831837Z [command]/usr/bin/git config --local --unset includeif.gitdir:/github/workspace/.git/worktrees/*.path /github/runner_temp/git-credentials-9fd621cb-e741-47e1-be6c-8a2012f84e67.config
2026-05-06T22:39:45.8866326Z [command]/usr/bin/git submodule foreach --recursive git config --local --show-origin --name-only --get-regexp remote.origin.url
2026-05-06T22:39:45.9122806Z Entering '_submodules/TypeScript'
2026-05-06T22:39:45.9146623Z file:/home/runner/work/typescript-go/typescript-go/.git/modules/_submodules/TypeScript/config	remote.origin.url
2026-05-06T22:39:45.9245548Z [command]/usr/bin/git config --file /home/runner/work/typescript-go/typescript-go/.git/modules/_submodules/TypeScript/config --name-only --get-regexp ^includeIf\.gitdir:
2026-05-06T22:39:45.9272025Z includeif.gitdir:/home/runner/work/typescript-go/typescript-go/.git/modules/_submodules/TypeScript.path
2026-05-06T22:39:45.9272856Z includeif.gitdir:/github/workspace/.git/modules/_submodules/TypeScript.path
2026-05-06T22:39:45.9280021Z [command]/usr/bin/git config --file /home/runner/work/typescript-go/typescript-go/.git/modules/_submodules/TypeScript/config --get-all includeif.gitdir:/home/runner/work/typescript-go/typescript-go/.git/modules/_submodules/TypeScript.path
2026-05-06T22:39:45.9301346Z /home/runner/work/_temp/git-credentials-9fd621cb-e741-47e1-be6c-8a2012f84e67.config
2026-05-06T22:39:45.9310771Z [command]/usr/bin/git config --file /home/runner/work/typescript-go/typescript-go/.git/modules/_submodules/TypeScript/config --unset includeif.gitdir:/home/runner/work/typescript-go/typescript-go/.git/modules/_submodules/TypeScript.path /home/runner/work/_temp/git-credentials-9fd621cb-e741-47e1-be6c-8a2012f84e67.config
2026-05-06T22:39:45.9343784Z [command]/usr/bin/git config --file /home/runner/work/typescript-go/typescript-go/.git/modules/_submodules/TypeScript/config --get-all includeif.gitdir:/github/workspace/.git/modules/_submodules/TypeScript.path
2026-05-06T22:39:45.9368159Z /github/runner_temp/git-credentials-9fd621cb-e741-47e1-be6c-8a2012f84e67.config
2026-05-06T22:39:45.9376795Z [command]/usr/bin/git config --file /home/runner/work/typescript-go/typescript-go/.git/modules/_submodules/TypeScript/config --unset includeif.gitdir:/github/workspace/.git/modules/_submodules/TypeScript.path /github/runner_temp/git-credentials-9fd621cb-e741-47e1-be6c-8a2012f84e67.config
2026-05-06T22:39:45.9405116Z Removing credentials config '/home/runner/work/_temp/git-credentials-9fd621cb-e741-47e1-be6c-8a2012f84e67.config'
2026-05-06T22:39:45.9555166Z Cleaning up orphan processes
