2026-03-04T05:50:24.9352885Z Current runner version: '2.331.0'
2026-03-04T05:50:24.9376733Z ##[group]Runner Image Provisioner
2026-03-04T05:50:24.9377512Z Hosted Compute Agent
2026-03-04T05:50:24.9378153Z Version: 20260213.493
2026-03-04T05:50:24.9378758Z Commit: 5c115507f6dd24b8de37d8bbe0bb4509d0cc0fa3
2026-03-04T05:50:24.9379475Z Build Date: 2026-02-13T00:28:41Z
2026-03-04T05:50:24.9380190Z Worker ID: {58ba5699-04ca-48a1-82b3-df7dcaadc48f}
2026-03-04T05:50:24.9380897Z Azure Region: westus3
2026-03-04T05:50:24.9381452Z ##[endgroup]
2026-03-04T05:50:24.9382765Z ##[group]Operating System
2026-03-04T05:50:24.9383659Z Ubuntu
2026-03-04T05:50:24.9384123Z 24.04.3
2026-03-04T05:50:24.9384573Z LTS
2026-03-04T05:50:24.9385114Z ##[endgroup]
2026-03-04T05:50:24.9385655Z ##[group]Runner Image
2026-03-04T05:50:24.9386182Z Image: ubuntu-24.04
2026-03-04T05:50:24.9386755Z Version: 20260224.36.1
2026-03-04T05:50:24.9387941Z Included Software: https://github.com/actions/runner-images/blob/ubuntu24/20260224.36/images/ubuntu/Ubuntu2404-Readme.md
2026-03-04T05:50:24.9389471Z Image Release: https://github.com/actions/runner-images/releases/tag/ubuntu24%2F20260224.36
2026-03-04T05:50:24.9390330Z ##[endgroup]
2026-03-04T05:50:24.9392845Z ##[group]GITHUB_TOKEN Permissions
2026-03-04T05:50:24.9394980Z Actions: read
2026-03-04T05:50:24.9395553Z ArtifactMetadata: read
2026-03-04T05:50:24.9396189Z Attestations: read
2026-03-04T05:50:24.9396741Z Checks: read
2026-03-04T05:50:24.9397247Z Contents: read
2026-03-04T05:50:24.9397754Z Deployments: read
2026-03-04T05:50:24.9398288Z Discussions: read
2026-03-04T05:50:24.9398765Z Issues: read
2026-03-04T05:50:24.9399318Z Metadata: read
2026-03-04T05:50:24.9399793Z Models: read
2026-03-04T05:50:24.9400290Z Packages: read
2026-03-04T05:50:24.9400733Z Pages: read
2026-03-04T05:50:24.9401376Z PullRequests: read
2026-03-04T05:50:24.9401919Z RepositoryProjects: read
2026-03-04T05:50:24.9402472Z SecurityEvents: read
2026-03-04T05:50:24.9403075Z Statuses: read
2026-03-04T05:50:24.9403833Z ##[endgroup]
2026-03-04T05:50:24.9405834Z Secret source: None
2026-03-04T05:50:24.9406603Z Prepare workflow directory
2026-03-04T05:50:24.9811223Z Prepare all required actions
2026-03-04T05:50:24.9848894Z Getting action download info
2026-03-04T05:50:25.4491462Z Download action repository 'actions/checkout@v4' (SHA:34e114876b0b11c390a56381ad16ebd13914f8d5)
2026-03-04T05:50:25.5862315Z Download action repository 'taiki-e/install-action@nextest' (SHA:f092c064826410a38929a5791d2c0225b94432fe)
2026-03-04T05:50:26.5871294Z Download action repository 'taiki-e/install-action@cargo-machete' (SHA:1fd2f328dd54620ed2aa6d1396edd4c05eda3a49)
2026-03-04T05:50:27.6338707Z Complete job name: Rust (ubuntu-latest)
2026-03-04T05:50:27.7033874Z ##[group]Run actions/checkout@v4
2026-03-04T05:50:27.7034548Z with:
2026-03-04T05:50:27.7034828Z   ref: 589e1652e2118a03c61e5f81d47e9f50c3ef51ab
2026-03-04T05:50:27.7035182Z   repository: rust-lang/rust-analyzer
2026-03-04T05:50:27.7035636Z   token: ***
2026-03-04T05:50:27.7035868Z   ssh-strict: true
2026-03-04T05:50:27.7036232Z   ssh-user: git
2026-03-04T05:50:27.7036660Z   persist-credentials: true
2026-03-04T05:50:27.7037004Z   clean: true
2026-03-04T05:50:27.7037253Z   sparse-checkout-cone-mode: true
2026-03-04T05:50:27.7037551Z   fetch-depth: 1
2026-03-04T05:50:27.7037800Z   fetch-tags: false
2026-03-04T05:50:27.7038046Z   show-progress: true
2026-03-04T05:50:27.7038297Z   lfs: false
2026-03-04T05:50:27.7038518Z   submodules: false
2026-03-04T05:50:27.7038767Z   set-safe-directory: true
2026-03-04T05:50:27.7039334Z env:
2026-03-04T05:50:27.7039555Z   CARGO_INCREMENTAL: 0
2026-03-04T05:50:27.7039806Z   CARGO_NET_RETRY: 10
2026-03-04T05:50:27.7040041Z   CI: 1
2026-03-04T05:50:27.7040294Z   RUST_BACKTRACE: short
2026-03-04T05:50:27.7040544Z   RUSTUP_MAX_RETRIES: 10
2026-03-04T05:50:27.7040938Z   RUSTFLAGS: -D warnings -W unreachable-pub --cfg no_salsa_async_drops
2026-03-04T05:50:27.7041326Z   CC: deny_c
2026-03-04T05:50:27.7041539Z ##[endgroup]
2026-03-04T05:50:27.8154857Z Syncing repository: rust-lang/rust-analyzer
2026-03-04T05:50:27.8156950Z ##[group]Getting Git version info
2026-03-04T05:50:27.8157454Z Working directory is '/home/runner/work/rust-analyzer/rust-analyzer'
2026-03-04T05:50:27.8158110Z [command]/usr/bin/git version
2026-03-04T05:50:27.8243399Z git version 2.53.0
2026-03-04T05:50:27.8269531Z ##[endgroup]
2026-03-04T05:50:27.8284552Z Temporarily overriding HOME='/home/runner/work/_temp/dc4fa568-67d8-44e7-9455-cf40cba686cc' before making global git config changes
2026-03-04T05:50:27.8285737Z Adding repository directory to the temporary git global config as a safe directory
2026-03-04T05:50:27.8290153Z [command]/usr/bin/git config --global --add safe.directory /home/runner/work/rust-analyzer/rust-analyzer
2026-03-04T05:50:27.8331537Z Deleting the contents of '/home/runner/work/rust-analyzer/rust-analyzer'
2026-03-04T05:50:27.8335532Z ##[group]Initializing the repository
2026-03-04T05:50:27.8339632Z [command]/usr/bin/git init /home/runner/work/rust-analyzer/rust-analyzer
2026-03-04T05:50:27.8451153Z hint: Using 'master' as the name for the initial branch. This default branch name
2026-03-04T05:50:27.8452045Z hint: will change to "main" in Git 3.0. To configure the initial branch name
2026-03-04T05:50:27.8452956Z hint: to use in all of your new repositories, which will suppress this warning,
2026-03-04T05:50:27.8454333Z hint: call:
2026-03-04T05:50:27.8454722Z hint:
2026-03-04T05:50:27.8455262Z hint: 	git config --global init.defaultBranch <name>
2026-03-04T05:50:27.8455858Z hint:
2026-03-04T05:50:27.8456405Z hint: Names commonly chosen instead of 'master' are 'main', 'trunk' and
2026-03-04T05:50:27.8457416Z hint: 'development'. The just-created branch can be renamed via this command:
2026-03-04T05:50:27.8458198Z hint:
2026-03-04T05:50:27.8458541Z hint: 	git branch -m <name>
2026-03-04T05:50:27.8458816Z hint:
2026-03-04T05:50:27.8459185Z hint: Disable this message with "git config set advice.defaultBranchName false"
2026-03-04T05:50:27.8459901Z Initialized empty Git repository in /home/runner/work/rust-analyzer/rust-analyzer/.git/
2026-03-04T05:50:27.8468985Z [command]/usr/bin/git remote add origin https://github.com/rust-lang/rust-analyzer
2026-03-04T05:50:27.8505063Z ##[endgroup]
2026-03-04T05:50:27.8505702Z ##[group]Disabling automatic garbage collection
2026-03-04T05:50:27.8509655Z [command]/usr/bin/git config --local gc.auto 0
2026-03-04T05:50:27.8539464Z ##[endgroup]
2026-03-04T05:50:27.8539921Z ##[group]Setting up auth
2026-03-04T05:50:27.8546684Z [command]/usr/bin/git config --local --name-only --get-regexp core\.sshCommand
2026-03-04T05:50:27.8579420Z [command]/usr/bin/git submodule foreach --recursive sh -c "git config --local --name-only --get-regexp 'core\.sshCommand' && git config --local --unset-all 'core.sshCommand' || :"
2026-03-04T05:50:27.8946580Z [command]/usr/bin/git config --local --name-only --get-regexp http\.https\:\/\/github\.com\/\.extraheader
2026-03-04T05:50:27.8977135Z [command]/usr/bin/git submodule foreach --recursive sh -c "git config --local --name-only --get-regexp 'http\.https\:\/\/github\.com\/\.extraheader' && git config --local --unset-all 'http.https://github.com/.extraheader' || :"
2026-03-04T05:50:27.9225623Z [command]/usr/bin/git config --local --name-only --get-regexp ^includeIf\.gitdir:
2026-03-04T05:50:27.9259764Z [command]/usr/bin/git submodule foreach --recursive git config --local --show-origin --name-only --get-regexp remote.origin.url
2026-03-04T05:50:27.9499698Z [command]/usr/bin/git config --local http.https://github.com/.extraheader AUTHORIZATION: basic ***
2026-03-04T05:50:27.9536544Z ##[endgroup]
2026-03-04T05:50:27.9537146Z ##[group]Fetching the repository
2026-03-04T05:50:27.9548068Z [command]/usr/bin/git -c protocol.version=2 fetch --no-tags --prune --no-recurse-submodules --depth=1 origin 589e1652e2118a03c61e5f81d47e9f50c3ef51ab
2026-03-04T05:50:29.3891309Z From https://github.com/rust-lang/rust-analyzer
2026-03-04T05:50:29.3892043Z  * branch            589e1652e2118a03c61e5f81d47e9f50c3ef51ab -> FETCH_HEAD
2026-03-04T05:50:29.3920665Z ##[endgroup]
2026-03-04T05:50:29.3921071Z ##[group]Determining the checkout info
2026-03-04T05:50:29.3923866Z ##[endgroup]
2026-03-04T05:50:29.3930166Z [command]/usr/bin/git sparse-checkout disable
2026-03-04T05:50:29.3976771Z [command]/usr/bin/git config --local --unset-all extensions.worktreeConfig
2026-03-04T05:50:29.4004998Z ##[group]Checking out the ref
2026-03-04T05:50:29.4011006Z [command]/usr/bin/git checkout --progress --force 589e1652e2118a03c61e5f81d47e9f50c3ef51ab
2026-03-04T05:50:29.5574793Z Note: switching to '589e1652e2118a03c61e5f81d47e9f50c3ef51ab'.
2026-03-04T05:50:29.5575324Z 
2026-03-04T05:50:29.5575750Z You are in 'detached HEAD' state. You can look around, make experimental
2026-03-04T05:50:29.5576679Z changes and commit them, and you can discard any commits you make in this
2026-03-04T05:50:29.5577570Z state without impacting any branches by switching back to a branch.
2026-03-04T05:50:29.5578091Z 
2026-03-04T05:50:29.5578463Z If you want to create a new branch to retain commits you create, you may
2026-03-04T05:50:29.5579264Z do so (now or later) by using -c with the switch command. Example:
2026-03-04T05:50:29.5579736Z 
2026-03-04T05:50:29.5579919Z   git switch -c <new-branch-name>
2026-03-04T05:50:29.5580239Z 
2026-03-04T05:50:29.5580404Z Or undo this operation with:
2026-03-04T05:50:29.5580687Z 
2026-03-04T05:50:29.5580827Z   git switch -
2026-03-04T05:50:29.5581177Z 
2026-03-04T05:50:29.5581535Z Turn off this advice by setting config variable advice.detachedHead to false
2026-03-04T05:50:29.5582098Z 
2026-03-04T05:50:29.5582563Z HEAD is now at 589e165 fix: remove auto-generated doc edit, reorder config field alphabetically
2026-03-04T05:50:29.5589928Z ##[endgroup]
2026-03-04T05:50:29.5634462Z [command]/usr/bin/git log -1 --format=%H
2026-03-04T05:50:29.5660938Z 589e1652e2118a03c61e5f81d47e9f50c3ef51ab
2026-03-04T05:50:29.5847325Z ##[group]Run rustup update --no-self-update stable
2026-03-04T05:50:29.5847772Z [36;1mrustup update --no-self-update stable[0m
2026-03-04T05:50:29.5848073Z [36;1mrustup default stable[0m
2026-03-04T05:50:29.5848413Z [36;1mrustup component add --toolchain stable rust-src rustfmt[0m
2026-03-04T05:50:29.5848865Z [36;1m# We also install a nightly rustfmt, because we use `--file-lines` in[0m
2026-03-04T05:50:29.5849214Z [36;1m# a test.[0m
2026-03-04T05:50:29.5849554Z [36;1mrustup toolchain install nightly --profile minimal --component rustfmt[0m
2026-03-04T05:50:29.5901175Z shell: /usr/bin/bash --noprofile --norc -e -o pipefail {0}
2026-03-04T05:50:29.5901513Z env:
2026-03-04T05:50:29.5901681Z   CARGO_INCREMENTAL: 0
2026-03-04T05:50:29.5901935Z   CARGO_NET_RETRY: 10
2026-03-04T05:50:29.5902110Z   CI: 1
2026-03-04T05:50:29.5902280Z   RUST_BACKTRACE: short
2026-03-04T05:50:29.5902482Z   RUSTUP_MAX_RETRIES: 10
2026-03-04T05:50:29.5902837Z   RUSTFLAGS: -D warnings -W unreachable-pub --cfg no_salsa_async_drops
2026-03-04T05:50:29.5903449Z   CC: deny_c
2026-03-04T05:50:29.5903639Z ##[endgroup]
2026-03-04T05:50:29.8599438Z info: syncing channel updates for 'stable-x86_64-unknown-linux-gnu'
2026-03-04T05:50:29.9160743Z 
2026-03-04T05:50:29.9256733Z   stable-x86_64-unknown-linux-gnu unchanged - rustc 1.93.1 (01f6ddf75 2026-02-11)
2026-03-04T05:50:29.9257195Z 
2026-03-04T05:50:29.9334906Z info: using existing install for 'stable-x86_64-unknown-linux-gnu'
2026-03-04T05:50:29.9643722Z info: default toolchain set to 'stable-x86_64-unknown-linux-gnu'
2026-03-04T05:50:29.9644241Z 
2026-03-04T05:50:29.9734233Z   stable-x86_64-unknown-linux-gnu unchanged - rustc 1.93.1 (01f6ddf75 2026-02-11)
2026-03-04T05:50:29.9734837Z 
2026-03-04T05:50:30.0827987Z info: downloading component 'rust-src'
2026-03-04T05:50:30.1793837Z info: installing component 'rust-src'
2026-03-04T05:50:30.7563943Z info: component 'rustfmt' for target 'x86_64-unknown-linux-gnu' is up to date
2026-03-04T05:50:30.7655340Z info: syncing channel updates for 'nightly-x86_64-unknown-linux-gnu'
2026-03-04T05:50:30.9197274Z info: latest update on 2026-03-04, rust version 1.96.0-nightly (d9563937f 2026-03-03)
2026-03-04T05:50:30.9198012Z info: downloading component 'cargo'
2026-03-04T05:50:31.0834474Z info: downloading component 'rust-std'
2026-03-04T05:50:31.3810333Z info: downloading component 'rustc'
2026-03-04T05:50:32.2833971Z info: downloading component 'rustfmt'
2026-03-04T05:50:32.3759911Z info: installing component 'cargo'
2026-03-04T05:50:33.1238422Z info: installing component 'rust-std'
2026-03-04T05:50:35.0393598Z info: installing component 'rustc'
2026-03-04T05:50:39.6534849Z info: installing component 'rustfmt'
2026-03-04T05:50:39.9380566Z 
2026-03-04T05:50:39.9474084Z   nightly-x86_64-unknown-linux-gnu installed - rustc 1.96.0-nightly (d9563937f 2026-03-03)
2026-03-04T05:50:39.9474679Z 
2026-03-04T05:50:39.9592590Z ##[group]Run taiki-e/install-action@nextest
2026-03-04T05:50:39.9592882Z with:
2026-03-04T05:50:39.9593041Z   tool: nextest
2026-03-04T05:50:39.9593476Z   checksum: true
2026-03-04T05:50:39.9593665Z   fallback: cargo-binstall
2026-03-04T05:50:39.9593867Z env:
2026-03-04T05:50:39.9594022Z   CARGO_INCREMENTAL: 0
2026-03-04T05:50:39.9594210Z   CARGO_NET_RETRY: 10
2026-03-04T05:50:39.9594417Z   CI: 1
2026-03-04T05:50:39.9594582Z   RUST_BACKTRACE: short
2026-03-04T05:50:39.9594777Z   RUSTUP_MAX_RETRIES: 10
2026-03-04T05:50:39.9595078Z   RUSTFLAGS: -D warnings -W unreachable-pub --cfg no_salsa_async_drops
2026-03-04T05:50:39.9595409Z   CC: deny_c
2026-03-04T05:50:39.9595565Z ##[endgroup]
2026-03-04T05:50:39.9666562Z ##[group]Run set -eu
2026-03-04T05:50:39.9666802Z [36;1mset -eu[0m
2026-03-04T05:50:39.9667012Z [36;1mif ! command -v bash >/dev/null; then[0m
2026-03-04T05:50:39.9667338Z [36;1m  if grep -Eq '^ID=alpine' /etc/os-release; then[0m
2026-03-04T05:50:39.9667795Z [36;1m    printf '::group::Install packages required for install-action (bash)\n'[0m
2026-03-04T05:50:39.9668213Z [36;1m    # NB: sync with apk_install in main.sh[0m
2026-03-04T05:50:39.9668508Z [36;1m    if command -v sudo >/dev/null; then[0m
2026-03-04T05:50:39.9668790Z [36;1m      sudo apk --no-cache add bash[0m
2026-03-04T05:50:39.9669070Z [36;1m    elif command -v doas >/dev/null; then[0m
2026-03-04T05:50:39.9669345Z [36;1m      doas apk --no-cache add bash[0m
2026-03-04T05:50:39.9669581Z [36;1m    else[0m
2026-03-04T05:50:39.9669764Z [36;1m      apk --no-cache add bash[0m
2026-03-04T05:50:39.9669983Z [36;1m    fi[0m
2026-03-04T05:50:39.9670171Z [36;1m    printf '::endgroup::\n'[0m
2026-03-04T05:50:39.9670385Z [36;1m  else[0m
2026-03-04T05:50:39.9670625Z [36;1m    printf '::error::install-action requires bash\n'[0m
2026-03-04T05:50:39.9670908Z [36;1m    exit 1[0m
2026-03-04T05:50:39.9671076Z [36;1m  fi[0m
2026-03-04T05:50:39.9671235Z [36;1mfi[0m
2026-03-04T05:50:39.9711655Z shell: /usr/bin/sh -e {0}
2026-03-04T05:50:39.9711884Z env:
2026-03-04T05:50:39.9712056Z   CARGO_INCREMENTAL: 0
2026-03-04T05:50:39.9712252Z   CARGO_NET_RETRY: 10
2026-03-04T05:50:39.9712438Z   CI: 1
2026-03-04T05:50:39.9712595Z   RUST_BACKTRACE: short
2026-03-04T05:50:39.9712799Z   RUSTUP_MAX_RETRIES: 10
2026-03-04T05:50:39.9713125Z   RUSTFLAGS: -D warnings -W unreachable-pub --cfg no_salsa_async_drops
2026-03-04T05:50:39.9713632Z   CC: deny_c
2026-03-04T05:50:39.9713793Z ##[endgroup]
2026-03-04T05:50:39.9811318Z ##[group]Run bash --noprofile --norc "${GITHUB_ACTION_PATH:?}/main.sh"
2026-03-04T05:50:39.9811752Z [36;1mbash --noprofile --norc "${GITHUB_ACTION_PATH:?}/main.sh"[0m
2026-03-04T05:50:39.9857906Z shell: /usr/bin/bash --noprofile --norc -e -o pipefail {0}
2026-03-04T05:50:39.9858209Z env:
2026-03-04T05:50:39.9858378Z   CARGO_INCREMENTAL: 0
2026-03-04T05:50:39.9858565Z   CARGO_NET_RETRY: 10
2026-03-04T05:50:39.9858748Z   CI: 1
2026-03-04T05:50:39.9858902Z   RUST_BACKTRACE: short
2026-03-04T05:50:39.9859117Z   RUSTUP_MAX_RETRIES: 10
2026-03-04T05:50:39.9859420Z   RUSTFLAGS: -D warnings -W unreachable-pub --cfg no_salsa_async_drops
2026-03-04T05:50:39.9859764Z   CC: deny_c
2026-03-04T05:50:39.9859935Z   INPUT_TOOL: nextest
2026-03-04T05:50:39.9860120Z   INPUT_CHECKSUM: true
2026-03-04T05:50:39.9860315Z   INPUT_FALLBACK: cargo-binstall
2026-03-04T05:50:39.9860758Z   DEFAULT_GITHUB_TOKEN: ***
2026-03-04T05:50:39.9861196Z   ACTION_USER_AGENT: taiki-e/install-action (nextest)
2026-03-04T05:50:39.9861465Z ##[endgroup]
2026-03-04T05:50:40.0106337Z info: host platform: x86_64_linux
2026-03-04T05:50:40.0524057Z * Host crates.io:443 was resolved.
2026-03-04T05:50:40.0528522Z * IPv6: 2a04:4e42:400::649, 2a04:4e42::649, 2a04:4e42:600::649, 2a04:4e42:200::649
2026-03-04T05:50:40.0529029Z * IPv4: 151.101.130.137, 151.101.2.137, 151.101.66.137, 151.101.194.137
2026-03-04T05:50:40.0529376Z *   Trying 151.101.130.137:443...
2026-03-04T05:50:40.0634581Z * Connected to crates.io (151.101.130.137) port 443
2026-03-04T05:50:40.0650746Z * ALPN: curl offers h2,http/1.1
2026-03-04T05:50:40.0651836Z } [5 bytes data]
2026-03-04T05:50:40.0652226Z * TLSv1.3 (OUT), TLS handshake, Client hello (1):
2026-03-04T05:50:40.0652687Z } [512 bytes data]
2026-03-04T05:50:40.0870696Z *  CAfile: /etc/ssl/certs/ca-certificates.crt
2026-03-04T05:50:40.0871308Z *  CApath: /etc/ssl/certs
2026-03-04T05:50:40.0871753Z { [5 bytes data]
2026-03-04T05:50:40.0872213Z * TLSv1.3 (IN), TLS handshake, Server hello (2):
2026-03-04T05:50:40.0872621Z { [122 bytes data]
2026-03-04T05:50:40.0873134Z * TLSv1.3 (IN), TLS handshake, Encrypted Extensions (8):
2026-03-04T05:50:40.0873945Z { [19 bytes data]
2026-03-04T05:50:40.0874399Z * TLSv1.3 (IN), TLS handshake, Certificate (11):
2026-03-04T05:50:40.0874812Z { [2838 bytes data]
2026-03-04T05:50:40.0879109Z * TLSv1.3 (IN), TLS handshake, CERT verify (15):
2026-03-04T05:50:40.0879560Z { [264 bytes data]
2026-03-04T05:50:40.0879901Z * TLSv1.3 (IN), TLS handshake, Finished (20):
2026-03-04T05:50:40.0880326Z { [36 bytes data]
2026-03-04T05:50:40.0880756Z * TLSv1.3 (OUT), TLS change cipher, Change cipher spec (1):
2026-03-04T05:50:40.0881256Z } [1 bytes data]
2026-03-04T05:50:40.0881592Z * TLSv1.3 (OUT), TLS handshake, Finished (20):
2026-03-04T05:50:40.0882028Z } [36 bytes data]
2026-03-04T05:50:40.0882546Z * SSL connection using TLSv1.3 / TLS_AES_128_GCM_SHA256 / X25519 / RSASSA-PSS
2026-03-04T05:50:40.0883357Z * ALPN: server accepted h2
2026-03-04T05:50:40.0883714Z * Server certificate:
2026-03-04T05:50:40.0884041Z *  subject: CN=crates.io
2026-03-04T05:50:40.0884400Z *  start date: Jan 15 15:26:59 2026 GMT
2026-03-04T05:50:40.0884814Z *  expire date: Feb 16 15:26:58 2027 GMT
2026-03-04T05:50:40.0885359Z *  subjectAltName: host "crates.io" matched cert's "crates.io"
2026-03-04T05:50:40.0886068Z *  issuer: C=BE; O=GlobalSign nv-sa; CN=GlobalSign Atlas R3 DV TLS CA 2025 Q4
2026-03-04T05:50:40.0886695Z *  SSL certificate verify ok.
2026-03-04T05:50:40.0887293Z *   Certificate level 0: Public key type RSA (2048/112 Bits/secBits), signed using sha256WithRSAEncryption
2026-03-04T05:50:40.0887945Z *   Certificate level 1: Public key type RSA (2048/112 Bits/secBits), signed using sha256WithRSAEncryption
2026-03-04T05:50:40.0888566Z *   Certificate level 2: Public key type RSA (2048/112 Bits/secBits), signed using sha256WithRSAEncryption
2026-03-04T05:50:40.0888990Z { [5 bytes data]
2026-03-04T05:50:40.0889220Z * TLSv1.3 (IN), TLS handshake, Newsession Ticket (4):
2026-03-04T05:50:40.0889484Z { [193 bytes data]
2026-03-04T05:50:40.0889654Z * using HTTP/2
2026-03-04T05:50:40.0889956Z * [HTTP/2] [1] OPENED stream for https://crates.io/api/v1/crates/cargo-nextest
2026-03-04T05:50:40.0890321Z * [HTTP/2] [1] [:method: GET]
2026-03-04T05:50:40.0890528Z * [HTTP/2] [1] [:scheme: https]
2026-03-04T05:50:40.0890750Z * [HTTP/2] [1] [:authority: crates.io]
2026-03-04T05:50:40.0891022Z * [HTTP/2] [1] [:path: /api/v1/crates/cargo-nextest]
2026-03-04T05:50:40.0891345Z * [HTTP/2] [1] [user-agent: taiki-e/install-action (nextest)]
2026-03-04T05:50:40.0891647Z * [HTTP/2] [1] [accept: */*]
2026-03-04T05:50:40.0891843Z } [5 bytes data]
2026-03-04T05:50:40.0892036Z > GET /api/v1/crates/cargo-nextest HTTP/2
2026-03-04T05:50:40.0892271Z > Host: crates.io
2026-03-04T05:50:40.0892481Z > User-Agent: taiki-e/install-action (nextest)
2026-03-04T05:50:40.0892732Z > Accept: */*
2026-03-04T05:50:40.0892890Z > 
2026-03-04T05:50:40.0991996Z { [5 bytes data]
2026-03-04T05:50:40.4036490Z < HTTP/2 200 
2026-03-04T05:50:40.4037401Z < nel: {"report_to":"heroku-nel","response_headers":["Via"],"max_age":3600,"success_fraction":0.01,"failure_fraction":0.1}
2026-03-04T05:50:40.4039542Z < report-to: {"group":"heroku-nel","endpoints":[{"url":"https://nel.heroku.com/reports?s=MLQ2hnG%2B8XrCZFsAL4r026a8MkCPAoP83J%2FfDiiAt%2Fo%3D\u0026sid=af571f24-03ee-46d1-9f90-ab9030c2c74c\u0026ts=1772603440"}],"max_age":3600}
2026-03-04T05:50:40.4041194Z < content-type: application/json
2026-03-04T05:50:40.4041645Z < via: 1.1 heroku-router, 1.1 varnish
2026-03-04T05:50:40.4042082Z < x-xss-protection: 0
2026-03-04T05:50:40.4046340Z < content-security-policy: default-src 'self'; connect-src 'self' *.ingest.sentry.io https://docs.rs https://play.rust-lang.org https://raw.githubusercontent.com https://rustsec.org https://static.crates.io; script-src 'self' 'unsafe-eval' 'sha256-n1+BB7Ckjcal1Pr7QNBh/dKRTtBQsIytFodRiIosXdE=' 'sha256-dbf9FMl76C7BnK1CC3eWb3pvsQAUaTYSHAlBy9tNTG0=' 'sha256-qfh2Go0si80c5fCQM7vtMfMYVJPGGpVLgWpgpPssfvw='; style-src 'self' 'unsafe-inline' https://code.cdn.mozilla.net; font-src https://code.cdn.mozilla.net; img-src *; object-src 'none'
2026-03-04T05:50:40.4051093Z < reporting-endpoints: heroku-nel="https://nel.heroku.com/reports?s=MLQ2hnG%2B8XrCZFsAL4r026a8MkCPAoP83J%2FfDiiAt%2Fo%3D&sid=af571f24-03ee-46d1-9f90-ab9030c2c74c&ts=1772603440"
2026-03-04T05:50:40.4052539Z < x-frame-options: SAMEORIGIN
2026-03-04T05:50:40.4052980Z < x-content-type-options: nosniff
2026-03-04T05:50:40.4053687Z < access-control-allow-origin: *
2026-03-04T05:50:40.4054090Z < server: Heroku
2026-03-04T05:50:40.4054434Z < accept-ranges: bytes
2026-03-04T05:50:40.4054790Z < date: Wed, 04 Mar 2026 05:50:40 GMT
2026-03-04T05:50:40.4055387Z < x-served-by: cache-bur-kbur8200144-BUR, cache-bur-kbur8200119-BUR
2026-03-04T05:50:40.4055960Z < x-cache: MISS, MISS
2026-03-04T05:50:40.4056303Z < x-cache-hits: 0, 0
2026-03-04T05:50:40.4056673Z < x-timer: S1772603440.095594,VS0,VE303
2026-03-04T05:50:40.4057141Z < vary: Accept, Accept-Encoding, Cookie
2026-03-04T05:50:40.4057755Z < strict-transport-security: max-age=31536000; includeSubDomains
2026-03-04T05:50:40.4058360Z < content-length: 257767
2026-03-04T05:50:40.4058709Z < 
2026-03-04T05:50:40.4058978Z { [11015 bytes data]
2026-03-04T05:50:40.6519082Z * Connection #0 to host crates.io left intact
2026-03-04T05:50:40.6835401Z info: installing cargo-nextest@latest
2026-03-04T05:50:40.7040873Z info: downloading https://github.com/nextest-rs/nextest/releases/download/cargo-nextest-0.9.129/cargo-nextest-0.9.129-x86_64-unknown-linux-gnu.tar.gz
2026-03-04T05:50:41.0921185Z info: verifying sha256 checksum for cargo-nextest-0.9.129-x86_64-unknown-linux-gnu.tar.gz
2026-03-04T05:50:41.2930639Z info: cargo-nextest installed at /home/runner/.cargo/bin/cargo-nextest
2026-03-04T05:50:41.2935359Z + cargo-nextest nextest --version
2026-03-04T05:50:41.2963775Z cargo-nextest 0.9.129 (1358a2296 2026-02-22)
2026-03-04T05:50:41.2964530Z release: 0.9.129
2026-03-04T05:50:41.2964976Z commit-hash: 1358a22964df2595d30d830ad669b37093e4a732
2026-03-04T05:50:41.2965466Z commit-date: 2026-02-22
2026-03-04T05:50:41.2965772Z host: x86_64-unknown-linux-gnu
2026-03-04T05:50:41.2968444Z 
2026-03-04T05:50:41.3015629Z ##[group]Run cargo codegen --check
2026-03-04T05:50:41.3016121Z [36;1mcargo codegen --check[0m
2026-03-04T05:50:41.3064270Z shell: /usr/bin/bash --noprofile --norc -e -o pipefail {0}
2026-03-04T05:50:41.3064591Z env:
2026-03-04T05:50:41.3064767Z   CARGO_INCREMENTAL: 0
2026-03-04T05:50:41.3064964Z   CARGO_NET_RETRY: 10
2026-03-04T05:50:41.3065145Z   CI: 1
2026-03-04T05:50:41.3065300Z   RUST_BACKTRACE: short
2026-03-04T05:50:41.3065503Z   RUSTUP_MAX_RETRIES: 10
2026-03-04T05:50:41.3065807Z   RUSTFLAGS: -D warnings -W unreachable-pub --cfg no_salsa_async_drops
2026-03-04T05:50:41.3066167Z   CC: deny_c
2026-03-04T05:50:41.3066332Z ##[endgroup]
2026-03-04T05:50:42.5002704Z     Updating crates.io index
2026-03-04T05:50:43.2114138Z  Downloading crates ...
2026-03-04T05:50:43.2820877Z   Downloaded equivalent v1.0.2
2026-03-04T05:50:43.2958430Z   Downloaded cfg-if v1.0.3
2026-03-04T05:50:43.3049398Z   Downloaded adler2 v2.0.1
2026-03-04T05:50:43.3130584Z   Downloaded crossbeam-utils v0.8.21
2026-03-04T05:50:43.3170985Z   Downloaded write-json v0.1.4
2026-03-04T05:50:43.3184380Z   Downloaded jod-thread v1.0.0
2026-03-04T05:50:43.3193770Z   Downloaded time-core v0.1.8
2026-03-04T05:50:43.3215517Z   Downloaded powerfmt v0.2.0
2026-03-04T05:50:43.3228107Z   Downloaded xflags-macros v0.3.2
2026-03-04T05:50:43.3247370Z   Downloaded xshell-macros v0.2.7
2026-03-04T05:50:43.3253705Z   Downloaded xflags v0.3.2
2026-03-04T05:50:43.3265584Z   Downloaded ungrammar v1.16.1
2026-03-04T05:50:43.3277036Z   Downloaded deranged v0.5.3
2026-03-04T05:50:43.3291603Z   Downloaded pin-project-lite v0.2.16
2026-03-04T05:50:43.3355329Z   Downloaded xshell v0.2.7
2026-03-04T05:50:43.3377316Z   Downloaded unicode-ident v1.0.19
2026-03-04T05:50:43.3407500Z   Downloaded serde_core v1.0.226
2026-03-04T05:50:43.3435483Z   Downloaded quote v1.0.40
2026-03-04T05:50:43.3465625Z   Downloaded tracing-core v0.1.34
2026-03-04T05:50:43.3494436Z   Downloaded miniz_oxide v0.8.9
2026-03-04T05:50:43.3522148Z   Downloaded zip v4.6.1
2026-03-04T05:50:43.3564542Z   Downloaded indexmap v2.11.4
2026-03-04T05:50:43.3608292Z   Downloaded flate2 v1.1.2
2026-03-04T05:50:43.3657504Z   Downloaded itertools v0.14.0
2026-03-04T05:50:43.3730898Z   Downloaded hashbrown v0.16.0
2026-03-04T05:50:43.3782558Z   Downloaded memchr v2.7.6
2026-03-04T05:50:43.3839820Z   Downloaded time v0.3.47
2026-03-04T05:50:43.3974410Z   Downloaded tracing v0.1.41
2026-03-04T05:50:43.4013836Z   Downloaded proc-macro2 v1.0.101
2026-03-04T05:50:43.4042165Z   Downloaded anyhow v1.0.100
2026-03-04T05:50:43.4085564Z   Downloaded once_cell v1.21.3
2026-03-04T05:50:43.4110769Z   Downloaded crossbeam-channel v0.5.15
2026-03-04T05:50:43.4151694Z   Downloaded crc32fast v1.5.0
2026-03-04T05:50:43.4171054Z   Downloaded either v1.15.0
2026-03-04T05:50:43.4185538Z   Downloaded num-conv v0.2.0
2026-03-04T05:50:43.4200331Z   Downloaded libc v0.2.175
2026-03-04T05:50:43.4889044Z    Compiling crossbeam-utils v0.8.21
2026-03-04T05:50:43.4889674Z    Compiling crc32fast v1.5.0
2026-03-04T05:50:43.4903963Z    Compiling cfg-if v1.0.3
2026-03-04T05:50:43.4923825Z    Compiling adler2 v2.0.1
2026-03-04T05:50:44.7892598Z    Compiling proc-macro2 v1.0.101
2026-03-04T05:50:45.7534333Z    Compiling powerfmt v0.2.0
2026-03-04T05:50:45.9935160Z    Compiling libc v0.2.175
2026-03-04T05:50:47.3354997Z    Compiling once_cell v1.21.3
2026-03-04T05:50:47.7517359Z    Compiling tracing-core v0.1.34
2026-03-04T05:50:47.7789946Z    Compiling deranged v0.5.3
2026-03-04T05:50:47.8635742Z    Compiling miniz_oxide v0.8.9
2026-03-04T05:50:48.0375081Z    Compiling time-core v0.1.8
2026-03-04T05:50:48.1416449Z    Compiling anyhow v1.0.100
2026-03-04T05:50:48.3145825Z    Compiling hashbrown v0.16.0
2026-03-04T05:50:48.3214044Z    Compiling either v1.15.0
2026-03-04T05:50:48.4847490Z    Compiling unicode-ident v1.0.19
2026-03-04T05:50:48.5516367Z    Compiling equivalent v1.0.2
2026-03-04T05:50:48.5893084Z    Compiling num-conv v0.2.0
2026-03-04T05:50:48.6725434Z    Compiling pin-project-lite v0.2.16
2026-03-04T05:50:48.7144628Z    Compiling tracing v0.1.41
2026-03-04T05:50:48.8085090Z    Compiling indexmap v2.11.4
2026-03-04T05:50:48.8975133Z    Compiling time v0.3.47
2026-03-04T05:50:49.4144337Z    Compiling itertools v0.14.0
2026-03-04T05:50:49.4514111Z    Compiling flate2 v1.1.2
2026-03-04T05:50:49.5843966Z    Compiling crossbeam-channel v0.5.15
2026-03-04T05:50:50.0144573Z    Compiling jod-thread v1.0.0
2026-03-04T05:50:50.0635393Z    Compiling memchr v2.7.6
2026-03-04T05:50:50.3049209Z    Compiling xflags-macros v0.3.2
2026-03-04T05:50:50.5766697Z    Compiling xshell-macros v0.2.7
2026-03-04T05:50:50.7917945Z    Compiling stdx v0.0.0 (/home/runner/work/rust-analyzer/rust-analyzer/crates/stdx)
2026-03-04T05:50:50.7954434Z    Compiling zip v4.6.1
2026-03-04T05:50:50.8645348Z    Compiling xshell v0.2.7
2026-03-04T05:50:50.9171513Z    Compiling xflags v0.3.2
2026-03-04T05:50:51.3426303Z    Compiling quote v1.0.40
2026-03-04T05:50:51.3955134Z    Compiling edition v0.0.0 (/home/runner/work/rust-analyzer/rust-analyzer/crates/edition)
2026-03-04T05:50:51.4495393Z    Compiling ungrammar v1.16.1
2026-03-04T05:50:51.4734753Z    Compiling write-json v0.1.4
2026-03-04T05:50:51.7031550Z    Compiling xtask v0.1.0 (/home/runner/work/rust-analyzer/rust-analyzer/xtask)
2026-03-04T05:50:53.3464501Z     Finished `dev` profile [unoptimized + debuginfo] target(s) in 11.57s
2026-03-04T05:50:53.3917060Z      Running `target/debug/xtask codegen --check`
2026-03-04T05:50:54.3109009Z ##[group]Run cargo nextest run --no-fail-fast --hide-progress-bar --status-level fail
2026-03-04T05:50:54.3109622Z [36;1mcargo nextest run --no-fail-fast --hide-progress-bar --status-level fail[0m
2026-03-04T05:50:54.3157782Z shell: /usr/bin/bash --noprofile --norc -e -o pipefail {0}
2026-03-04T05:50:54.3158103Z env:
2026-03-04T05:50:54.3158277Z   CARGO_INCREMENTAL: 0
2026-03-04T05:50:54.3158483Z   CARGO_NET_RETRY: 10
2026-03-04T05:50:54.3158671Z   CI: 1
2026-03-04T05:50:54.3158827Z   RUST_BACKTRACE: short
2026-03-04T05:50:54.3159025Z   RUSTUP_MAX_RETRIES: 10
2026-03-04T05:50:54.3159330Z   RUSTFLAGS: -D warnings -W unreachable-pub --cfg no_salsa_async_drops
2026-03-04T05:50:54.3159674Z   CC: deny_c
2026-03-04T05:50:54.3159838Z ##[endgroup]
2026-03-04T05:50:54.5819470Z  Downloading crates ...
2026-03-04T05:50:54.6737414Z   Downloaded anstyle v1.0.11
2026-03-04T05:50:54.6863992Z   Downloaded dirs-sys v0.5.0
2026-03-04T05:50:54.6930491Z   Downloaded autocfg v1.5.0
2026-03-04T05:50:54.6961701Z   Downloaded nohash-hasher v0.2.0
2026-03-04T05:50:54.6981098Z   Downloaded notify-types v2.0.0
2026-03-04T05:50:54.7025952Z   Downloaded bitflags v2.9.4
2026-03-04T05:50:54.7087669Z   Downloaded embedded-io v0.4.0
2026-03-04T05:50:54.7117510Z   Downloaded num_cpus v1.17.0
2026-03-04T05:50:54.7165423Z   Downloaded protobuf-support v3.7.1
2026-03-04T05:50:54.7186064Z   Downloaded bitflags v1.3.2
2026-03-04T05:50:54.7245009Z   Downloaded plotters-backend v0.3.7
2026-03-04T05:50:54.7262286Z   Downloaded nu-ansi-term v0.50.3
2026-03-04T05:50:54.7301746Z   Downloaded shlex v1.3.0
2026-03-04T05:50:54.7317622Z   Downloaded parking_lot_core v0.9.11
2026-03-04T05:50:54.7365310Z   Downloaded postcard v1.1.3
2026-03-04T05:50:54.7396225Z   Downloaded mintex v0.1.4
2026-03-04T05:50:54.7409985Z   Downloaded mimalloc v0.1.48
2026-03-04T05:50:54.7425983Z   Downloaded pulldown-cmark v0.9.6
2026-03-04T05:50:54.7518452Z   Downloaded triomphe v0.1.14
2026-03-04T05:50:54.7554194Z   Downloaded unicode-xid v0.2.6
2026-03-04T05:50:54.7580350Z   Downloaded zerofrom-derive v0.1.6
2026-03-04T05:50:54.7620554Z   Downloaded tikv-jemallocator v0.5.4
2026-03-04T05:50:54.7649813Z   Downloaded zerofrom v0.1.6
2026-03-04T05:50:54.7667001Z   Downloaded zerovec-derive v0.11.1
2026-03-04T05:50:54.7697259Z   Downloaded sharded-slab v0.1.7
2026-03-04T05:50:54.7747450Z   Downloaded thin-vec v0.2.14
2026-03-04T05:50:54.7771091Z   Downloaded syn v2.0.106
2026-03-04T05:50:54.7890178Z   Downloaded tikv-jemalloc-ctl v0.5.4
2026-03-04T05:50:54.7916806Z   Downloaded static_assertions v1.1.0
2026-03-04T05:50:54.7934583Z   Downloaded synstructure v0.13.2
2026-03-04T05:50:54.7948187Z   Downloaded serde_json v1.0.145
2026-03-04T05:50:54.8031505Z   Downloaded regex-syntax v0.8.8
2026-03-04T05:50:54.8103111Z   Downloaded protobuf v3.7.1
2026-03-04T05:50:54.8222547Z   Downloaded icu_normalizer_data v2.0.0
2026-03-04T05:50:54.8249210Z   Downloaded mio v1.1.0
2026-03-04T05:50:54.8313745Z   Downloaded fst v0.4.7
2026-03-04T05:50:54.8545867Z   Downloaded regex v1.12.2
2026-03-04T05:50:54.8613601Z   Downloaded thiserror v1.0.69
2026-03-04T05:50:54.8674443Z   Downloaded salsa v0.25.2
2026-03-04T05:50:54.8959247Z   Downloaded libmimalloc-sys v0.1.44
2026-03-04T05:50:54.9111752Z   Downloaded rayon v1.11.0
2026-03-04T05:50:54.9215707Z   Downloaded spin v0.9.8
2026-03-04T05:50:54.9244203Z   Downloaded serde_spanned v1.0.3
2026-03-04T05:50:54.9257268Z   Downloaded serde v1.0.226
2026-03-04T05:50:54.9274557Z   Downloaded rustix v1.1.2
2026-03-04T05:50:54.9556258Z   Downloaded salsa-macros v0.25.2
2026-03-04T05:50:54.9578754Z   Downloaded oorandom v11.1.5
2026-03-04T05:50:54.9590211Z   Downloaded regex-automata v0.4.13
2026-03-04T05:50:54.9746837Z   Downloaded proptest v1.9.0
2026-03-04T05:50:54.9850062Z   Downloaded ra-ap-rustc_type_ir v0.143.0
2026-03-04T05:50:54.9894454Z   Downloaded perf-event v0.4.7
2026-03-04T05:50:54.9912509Z   Downloaded rustc-demangle v0.1.26
2026-03-04T05:50:54.9931532Z   Downloaded rayon-core v1.13.0
2026-03-04T05:50:54.9978407Z   Downloaded ra-ap-rustc_next_trait_solver v0.143.0
2026-03-04T05:50:55.0010031Z   Downloaded rustc_apfloat v0.2.3+llvm-462a31f5a5ab
2026-03-04T05:50:55.0038402Z   Downloaded rustc-hash v2.1.1
2026-03-04T05:50:55.0053069Z   Downloaded rand v0.9.2
2026-03-04T05:50:55.0093697Z   Downloaded ra-ap-rustc_type_ir_macros v0.143.0
2026-03-04T05:50:55.0101151Z   Downloaded ra-ap-rustc_pattern_analysis v0.143.0
2026-03-04T05:50:55.0124434Z   Downloaded url v2.5.7
2026-03-04T05:50:55.0152440Z   Downloaded zerotrie v0.2.2
2026-03-04T05:50:55.0189225Z   Downloaded winnow v0.7.13
2026-03-04T05:50:55.0283958Z   Downloaded zerocopy-derive v0.8.27
2026-03-04T05:50:55.0355889Z   Downloaded tikv-jemalloc-sys v0.5.4+5.3.0-patched
2026-03-04T05:50:55.0765596Z   Downloaded tracing-subscriber v0.3.20
2026-03-04T05:50:55.0850424Z   Downloaded linux-raw-sys v0.11.0
2026-03-04T05:50:55.1421049Z   Downloaded rowan v0.15.17
2026-03-04T05:50:55.1445233Z   Downloaded zerovec v0.11.4
2026-03-04T05:50:55.1501092Z   Downloaded ra-ap-rustc_index_macros v0.143.0
2026-03-04T05:50:55.1507638Z   Downloaded ra-ap-rustc_index v0.143.0
2026-03-04T05:50:55.1521947Z   Downloaded perf-event-open-sys v1.0.1
2026-03-04T05:50:55.1534302Z   Downloaded idna v1.1.0
2026-03-04T05:50:55.1569471Z   Downloaded zerocopy v0.8.27
2026-03-04T05:50:55.1836423Z   Downloaded icu_properties_data v2.0.1
2026-03-04T05:50:55.1938640Z   Downloaded hashbrown v0.15.5
2026-03-04T05:50:55.1989151Z   Downloaded hashbrown v0.14.5
2026-03-04T05:50:55.2037619Z   Downloaded toml_parser v1.0.4
2026-03-04T05:50:55.2061697Z   Downloaded thiserror-impl v2.0.16
2026-03-04T05:50:55.2076849Z   Downloaded thiserror-impl v1.0.69
2026-03-04T05:50:55.2090201Z   Downloaded tempfile v3.23.0
2026-03-04T05:50:55.2119534Z   Downloaded stable_deref_trait v1.2.0
2026-03-04T05:50:55.2128285Z   Downloaded smol_str v0.3.2
2026-03-04T05:50:55.2143910Z   Downloaded serde_repr v0.1.20
2026-03-04T05:50:55.2164811Z   Downloaded serde_derive v1.0.226
2026-03-04T05:50:55.2190748Z   Downloaded semver v1.0.27
2026-03-04T05:50:55.2213682Z   Downloaded same-file v1.0.6
2026-03-04T05:50:55.2227856Z   Downloaded salsa-macro-rules v0.25.2
2026-03-04T05:50:55.2244953Z   Downloaded ryu v1.0.20
2026-03-04T05:50:55.2278063Z   Downloaded rusty-fork v0.3.1
2026-03-04T05:50:55.2293086Z   Downloaded rustc-hash v1.1.0
2026-03-04T05:50:55.2302632Z   Downloaded rand_core v0.9.3
2026-03-04T05:50:55.2316390Z   Downloaded petgraph v0.8.2
2026-03-04T05:50:55.2521560Z   Downloaded percent-encoding v2.3.2
2026-03-04T05:50:55.2530740Z   Downloaded parking_lot v0.12.4
2026-03-04T05:50:55.2556188Z   Downloaded option-ext v0.2.0
2026-03-04T05:50:55.2564738Z   Downloaded icu_locale_core v2.0.0
2026-03-04T05:50:55.2636943Z   Downloaded icu_collections v2.0.0
2026-03-04T05:50:55.2702067Z   Downloaded thread_local v1.1.9
2026-03-04T05:50:55.2717658Z   Downloaded thousands v0.2.0
2026-03-04T05:50:55.2730852Z   Downloaded thiserror v2.0.16
2026-03-04T05:50:55.2800540Z   Downloaded text-size v1.1.1
2026-03-04T05:50:55.2818529Z   Downloaded temp-dir v0.1.16
2026-03-04T05:50:55.2827680Z   Downloaded serde_test v1.0.177
2026-03-04T05:50:55.2842612Z   Downloaded scopeguard v1.2.0
2026-03-04T05:50:55.2854990Z   Downloaded scip v0.5.2
2026-03-04T05:50:55.2872097Z   Downloaded rustc-stable-hash v0.1.2
2026-03-04T05:50:55.2888485Z   Downloaded rustc-literal-escaper v0.0.4
2026-03-04T05:50:55.2902386Z   Downloaded rand_chacha v0.9.0
2026-03-04T05:50:55.2915111Z   Downloaded lsp-types v0.95.0
2026-03-04T05:50:55.2954392Z   Downloaded gimli v0.31.1
2026-03-04T05:50:55.3023879Z   Downloaded yoke-derive v0.8.0
2026-03-04T05:50:55.3033695Z   Downloaded yoke v0.8.0
2026-03-04T05:50:55.3050585Z   Downloaded writeable v0.6.1
2026-03-04T05:50:55.3069148Z   Downloaded walkdir v2.5.0
2026-03-04T05:50:55.3087826Z   Downloaded wait-timeout v0.2.1
2026-03-04T05:50:55.3103567Z   Downloaded utf8_iter v1.0.4
2026-03-04T05:50:55.3114129Z   Downloaded criterion v0.7.0
2026-03-04T05:50:55.3189511Z   Downloaded clap_builder v4.5.48
2026-03-04T05:50:55.3255496Z   Downloaded unicode-properties v0.1.3
2026-03-04T05:50:55.3274707Z   Downloaded unicase v2.8.1
2026-03-04T05:50:55.3288721Z   Downloaded unarray v0.1.4
2026-03-04T05:50:55.3301503Z   Downloaded typed-arena v2.0.2
2026-03-04T05:50:55.3314157Z   Downloaded tracing-tree v0.4.0
2026-03-04T05:50:55.3345116Z   Downloaded tracing-attributes v0.1.30
2026-03-04T05:50:55.3372003Z   Downloaded toml_datetime v0.7.3
2026-03-04T05:50:55.3384712Z   Downloaded toml v0.9.8
2026-03-04T05:50:55.3427043Z   Downloaded tinystr v0.8.1
2026-03-04T05:50:55.3447303Z   Downloaded tenthash v1.1.0
2026-03-04T05:50:55.3457784Z   Downloaded smallvec v1.15.1
2026-03-04T05:50:55.3479009Z   Downloaded rustc_version v0.4.1
2026-03-04T05:50:55.3492797Z   Downloaded rustc-literal-escaper v0.0.5
2026-03-04T05:50:55.3506801Z   Downloaded rand_xorshift v0.4.0
2026-03-04T05:50:55.3517858Z   Downloaded ra-ap-rustc_parse_format v0.143.0
2026-03-04T05:50:55.3525567Z   Downloaded ra-ap-rustc_lexer v0.143.0
2026-03-04T05:50:55.3533979Z   Downloaded ra-ap-rustc_hashes v0.143.0
2026-03-04T05:50:55.3539675Z   Downloaded ra-ap-rustc_ast_ir v0.143.0
2026-03-04T05:50:55.3546118Z   Downloaded ra-ap-rustc_abi v0.143.0
2026-03-04T05:50:55.3564408Z   Downloaded process-wrap v8.2.1
2026-03-04T05:50:55.3630807Z   Downloaded portable-atomic v1.11.1
2026-03-04T05:50:55.3702010Z   Downloaded plotters v0.3.7
2026-03-04T05:50:55.3799110Z   Downloaded object v0.36.7
2026-03-04T05:50:55.3909012Z   Downloaded nix v0.30.1
2026-03-04T05:50:55.4028105Z   Downloaded memmap2 v0.9.8
2026-03-04T05:50:55.4045561Z   Downloaded log v0.4.28
2026-03-04T05:50:55.4070475Z   Downloaded litemap v0.8.0
2026-03-04T05:50:55.4093059Z   Downloaded libloading v0.8.9
2026-03-04T05:50:55.4117574Z   Downloaded intrusive-collections v0.9.7
2026-03-04T05:50:55.4140082Z   Downloaded icu_provider v2.0.0
2026-03-04T05:50:55.4166165Z   Downloaded icu_properties v2.0.1
2026-03-04T05:50:55.4188000Z   Downloaded icu_normalizer v2.0.0
2026-03-04T05:50:55.4222355Z   Downloaded half v2.7.1
2026-03-04T05:50:55.4249524Z   Downloaded getrandom v0.3.4
2026-03-04T05:50:55.4284702Z   Downloaded cc v1.2.38
2026-03-04T05:50:55.4314291Z   Downloaded tracing-log v0.2.0
2026-03-04T05:50:55.4327920Z   Downloaded toml_writer v1.0.4
2026-03-04T05:50:55.4341485Z   Downloaded tinytemplate v1.2.1
2026-03-04T05:50:55.4359222Z   Downloaded time-macros v0.2.27
2026-03-04T05:50:55.4381563Z   Downloaded quick-error v1.2.3
2026-03-04T05:50:55.4394611Z   Downloaded inventory v0.3.21
2026-03-04T05:50:55.4416606Z   Downloaded inotify v0.11.0
2026-03-04T05:50:55.4436037Z   Downloaded lock_api v0.4.13
2026-03-04T05:50:55.4449366Z   Downloaded inotify-sys v0.1.5
2026-03-04T05:50:55.4458867Z   Downloaded borsh v1.5.7
2026-03-04T05:50:55.4531104Z   Downloaded memoffset v0.9.1
2026-03-04T05:50:55.4544043Z   Downloaded lsp-server v0.7.9
2026-03-04T05:50:55.4558691Z   Downloaded la-arena v0.3.1
2026-03-04T05:50:55.4565431Z   Downloaded itoa v1.0.15
2026-03-04T05:50:55.4579430Z   Downloaded idna_adapter v1.2.1
2026-03-04T05:50:55.4589064Z   Downloaded home v0.5.12
2026-03-04T05:50:55.4599035Z   Downloaded hash32 v0.2.1
2026-03-04T05:50:55.4614182Z   Downloaded foldhash v0.1.5
2026-03-04T05:50:55.4626740Z   Downloaded fixedbitset v0.5.7
2026-03-04T05:50:55.4646127Z   Downloaded base64 v0.22.1
2026-03-04T05:50:55.4684702Z   Downloaded line-index v0.1.2
2026-03-04T05:50:55.4692624Z   Downloaded lazy_static v1.5.0
2026-03-04T05:50:55.4710972Z   Downloaded form_urlencoded v1.2.2
2026-03-04T05:50:55.4719368Z   Downloaded num-traits v0.2.19
2026-03-04T05:50:55.4746276Z   Downloaded notify v8.2.0
2026-03-04T05:50:55.4764434Z   Downloaded pulldown-cmark-to-cmark v10.0.4
2026-03-04T05:50:55.4773832Z   Downloaded ppv-lite86 v0.2.21
2026-03-04T05:50:55.4787080Z   Downloaded plotters-svg v0.3.7
2026-03-04T05:50:55.4795271Z   Downloaded itertools v0.13.0
2026-03-04T05:50:55.4866339Z   Downloaded hashlink v0.10.0
2026-03-04T05:50:55.4884655Z   Downloaded crossbeam-epoch v0.9.18
2026-03-04T05:50:55.4909833Z   Downloaded cov-mark v2.1.0
2026-03-04T05:50:55.4920159Z   Downloaded fnv v1.0.7
2026-03-04T05:50:55.4929422Z   Downloaded find-msvc-tools v0.1.2
2026-03-04T05:50:55.4945639Z   Downloaded dot v0.1.4
2026-03-04T05:50:55.4955854Z   Downloaded dissimilar v1.0.10
2026-03-04T05:50:55.4974840Z   Downloaded displaydoc v0.2.5
2026-03-04T05:50:55.5005774Z   Downloaded dhat v0.3.3
2026-03-04T05:50:55.5026634Z   Downloaded crossbeam-queue v0.3.12
2026-03-04T05:50:55.5039316Z   Downloaded crossbeam-deque v0.8.6
2026-03-04T05:50:55.5053548Z   Downloaded criterion-plot v0.6.0
2026-03-04T05:50:55.5071608Z   Downloaded clap v4.5.48
2026-03-04T05:50:55.5170289Z   Downloaded ciborium v0.2.2
2026-03-04T05:50:55.5194541Z   Downloaded camino v1.2.2
2026-03-04T05:50:55.5214649Z   Downloaded byteorder v1.5.0
2026-03-04T05:50:55.5230987Z   Downloaded bit-vec v0.8.0
2026-03-04T05:50:55.5247223Z   Downloaded paste v1.0.15
2026-03-04T05:50:55.5280123Z   Downloaded heapless v0.7.17
2026-03-04T05:50:55.5318177Z   Downloaded expect-test v1.5.1
2026-03-04T05:50:55.5329353Z   Downloaded errno v0.3.14
2026-03-04T05:50:55.5344872Z   Downloaded ena v0.14.3
2026-03-04T05:50:55.5361259Z   Downloaded drop_bomb v0.1.5
2026-03-04T05:50:55.5370343Z   Downloaded derive-where v1.6.0
2026-03-04T05:50:55.5411056Z   Downloaded ciborium-io v0.2.2
2026-03-04T05:50:55.5419252Z   Downloaded bit-set v0.8.0
2026-03-04T05:50:55.5432331Z   Downloaded potential_utf v0.1.3
2026-03-04T05:50:55.5443037Z   Downloaded num_threads v0.1.7
2026-03-04T05:50:55.5453735Z   Downloaded embedded-io v0.6.1
2026-03-04T05:50:55.5466406Z   Downloaded ciborium-ll v0.2.2
2026-03-04T05:50:55.5477790Z   Downloaded fastrand v2.3.0
2026-03-04T05:50:55.5490835Z   Downloaded dirs v6.0.0
2026-03-04T05:50:55.5504481Z   Downloaded derive_arbitrary v1.4.2
2026-03-04T05:50:55.5515190Z   Downloaded countme v3.0.1
2026-03-04T05:50:55.5528828Z   Downloaded cobs v0.3.0
2026-03-04T05:50:55.5542947Z   Downloaded cfg_aliases v0.2.1
2026-03-04T05:50:55.5552860Z   Downloaded cast v0.3.0
2026-03-04T05:50:55.5564655Z   Downloaded allocator-api2 v0.2.21
2026-03-04T05:50:55.5590404Z   Downloaded aho-corasick v1.1.4
2026-03-04T05:50:55.5643622Z   Downloaded ctrlc v3.5.0
2026-03-04T05:50:55.5664440Z   Downloaded clap_lex v0.7.5
2026-03-04T05:50:55.5675258Z   Downloaded cargo_metadata v0.23.0
2026-03-04T05:50:55.5694551Z   Downloaded cargo-platform v0.3.1
2026-03-04T05:50:55.5706679Z   Downloaded boxcar v0.2.14
2026-03-04T05:50:55.5723122Z   Downloaded backtrace v0.3.75
2026-03-04T05:50:55.5780601Z   Downloaded dashmap v6.1.0
2026-03-04T05:50:55.5805859Z   Downloaded arrayvec v0.7.6
2026-03-04T05:50:55.5826513Z   Downloaded addr2line v0.24.2
2026-03-04T05:50:55.5845139Z   Downloaded arbitrary v1.4.2
2026-03-04T05:50:55.5896134Z   Downloaded anes v0.1.6
2026-03-04T05:50:55.9896711Z    Compiling libc v0.2.175
2026-03-04T05:50:55.9897300Z    Compiling serde_core v1.0.226
2026-03-04T05:50:55.9900811Z    Compiling syn v2.0.106
2026-03-04T05:50:55.9965111Z    Compiling autocfg v1.5.0
2026-03-04T05:50:56.3254684Z    Compiling tracing-core v0.1.34
2026-03-04T05:50:56.8456606Z    Compiling rustc-hash v2.1.1
2026-03-04T05:50:56.9087013Z    Compiling smallvec v1.15.1
2026-03-04T05:50:57.0677538Z    Compiling crossbeam-epoch v0.9.18
2026-03-04T05:50:57.3393797Z    Compiling rayon-core v1.13.0
2026-03-04T05:50:57.4424669Z    Compiling crossbeam-deque v0.8.6
2026-03-04T05:50:57.7099748Z    Compiling lock_api v0.4.13
2026-03-04T05:50:57.8080959Z    Compiling camino v1.2.2
2026-03-04T05:50:58.0555876Z    Compiling scopeguard v1.2.0
2026-03-04T05:50:58.2585167Z    Compiling rayon v1.11.0
2026-03-04T05:50:58.2660234Z    Compiling parking_lot_core v0.9.11
2026-03-04T05:50:58.3868218Z    Compiling memoffset v0.9.1
2026-03-04T05:50:58.4877016Z    Compiling indexmap v2.11.4
2026-03-04T05:50:58.6014135Z    Compiling foldhash v0.1.5
2026-03-04T05:50:58.7084388Z    Compiling allocator-api2 v0.2.21
2026-03-04T05:50:58.9966180Z    Compiling hashbrown v0.15.5
2026-03-04T05:50:59.5491268Z    Compiling thin-vec v0.2.14
2026-03-04T05:50:59.7085648Z    Compiling synstructure v0.13.2
2026-03-04T05:50:59.7586602Z    Compiling portable-atomic v1.11.1
2026-03-04T05:51:00.2444693Z    Compiling hashlink v0.10.0
2026-03-04T05:51:00.5111261Z    Compiling intrusive-collections v0.9.7
2026-03-04T05:51:00.5379756Z    Compiling crossbeam-queue v0.3.12
2026-03-04T05:51:00.6394382Z    Compiling boxcar v0.2.14
2026-03-04T05:51:00.7650613Z    Compiling salsa-macro-rules v0.25.2
2026-03-04T05:51:00.8012649Z    Compiling inventory v0.3.21
2026-03-04T05:51:00.8064875Z    Compiling parking_lot v0.12.4
2026-03-04T05:51:00.8474760Z    Compiling text-size v1.1.1
2026-03-04T05:51:00.9440343Z    Compiling nohash-hasher v0.2.0
2026-03-04T05:51:00.9476917Z    Compiling paths v0.0.0 (/home/runner/work/rust-analyzer/rust-analyzer/crates/paths)
2026-03-04T05:51:00.9934220Z    Compiling hashbrown v0.14.5
2026-03-04T05:51:01.0574538Z    Compiling unicode-xid v0.2.6
2026-03-04T05:51:01.1152307Z    Compiling winnow v0.7.13
2026-03-04T05:51:01.1604894Z    Compiling unicode-properties v0.1.3
2026-03-04T05:51:01.2387774Z    Compiling fst v0.4.7
2026-03-04T05:51:01.4130948Z    Compiling ra-ap-rustc_lexer v0.143.0
2026-03-04T05:51:01.4319050Z    Compiling tracing-attributes v0.1.30
2026-03-04T05:51:01.5569994Z    Compiling salsa-macros v0.25.2
2026-03-04T05:51:01.6524457Z    Compiling serde_derive v1.0.226
2026-03-04T05:51:02.6374771Z    Compiling tracing v0.1.41
2026-03-04T05:51:02.7108485Z    Compiling serde v1.0.226
2026-03-04T05:51:02.7995407Z    Compiling stdx v0.0.0 (/home/runner/work/rust-analyzer/rust-analyzer/crates/stdx)
2026-03-04T05:51:03.4331210Z    Compiling rustc-literal-escaper v0.0.4
2026-03-04T05:51:03.4504326Z    Compiling salsa v0.25.2
2026-03-04T05:51:03.5489614Z    Compiling triomphe v0.1.14
2026-03-04T05:51:03.7462443Z    Compiling drop_bomb v0.1.5
2026-03-04T05:51:03.8040806Z    Compiling itoa v1.0.15
2026-03-04T05:51:03.8824723Z    Compiling countme v3.0.1
2026-03-04T05:51:03.8896093Z    Compiling bitflags v2.9.4
2026-03-04T05:51:04.0034894Z    Compiling rustc-hash v1.1.0
2026-03-04T05:51:04.0526281Z    Compiling rowan v0.15.17
2026-03-04T05:51:04.0527921Z    Compiling parser v0.0.0 (/home/runner/work/rust-analyzer/rust-analyzer/crates/parser)
2026-03-04T05:51:05.0394728Z    Compiling vfs v0.0.0 (/home/runner/work/rust-analyzer/rust-analyzer/crates/vfs)
2026-03-04T05:51:05.5114796Z    Compiling smol_str v0.3.2
2026-03-04T05:51:05.7135442Z    Compiling syntax v0.0.0 (/home/runner/work/rust-analyzer/rust-analyzer/crates/syntax)
2026-03-04T05:51:05.8217994Z    Compiling la-arena v0.3.1
2026-03-04T05:51:05.9500484Z    Compiling dashmap v6.1.0
2026-03-04T05:51:06.3324680Z    Compiling ryu v1.0.20
2026-03-04T05:51:06.4636438Z    Compiling intern v0.0.0 (/home/runner/work/rust-analyzer/rust-analyzer/crates/intern)
2026-03-04T05:51:07.4643889Z    Compiling arrayvec v0.7.6
2026-03-04T05:51:07.6759834Z    Compiling dissimilar v1.0.10
2026-03-04T05:51:08.8144463Z    Compiling span v0.0.0 (/home/runner/work/rust-analyzer/rust-analyzer/crates/span)
2026-03-04T05:51:09.5766270Z    Compiling tt v0.0.0 (/home/runner/work/rust-analyzer/rust-analyzer/crates/tt)
2026-03-04T05:51:10.2106953Z    Compiling serde_json v1.0.145
2026-03-04T05:51:11.0166775Z    Compiling query-group-macro v0.0.0 (/home/runner/work/rust-analyzer/rust-analyzer/crates/query-group-macro)
2026-03-04T05:51:11.5126895Z    Compiling semver v1.0.27
2026-03-04T05:51:11.5755403Z    Compiling log v0.4.28
2026-03-04T05:51:11.7156157Z    Compiling stable_deref_trait v1.2.0
2026-03-04T05:51:11.7309327Z    Compiling cfg v0.0.0 (/home/runner/work/rust-analyzer/rust-analyzer/crates/cfg)
2026-03-04T05:51:11.7508630Z    Compiling syntax-bridge v0.0.0 (/home/runner/work/rust-analyzer/rust-analyzer/crates/syntax-bridge)
2026-03-04T05:51:11.8000885Z    Compiling expect-test v1.5.1
2026-03-04T05:51:12.1197400Z    Compiling perf-event-open-sys v1.0.1
2026-03-04T05:51:12.2815176Z    Compiling perf-event v0.4.7
2026-03-04T05:51:12.2919540Z    Compiling base-db v0.0.0 (/home/runner/work/rust-analyzer/rust-analyzer/crates/base-db)
2026-03-04T05:51:12.4471260Z    Compiling cov-mark v2.1.0
2026-03-04T05:51:12.5566164Z    Compiling oorandom v11.1.5
2026-03-04T05:51:12.6222436Z    Compiling mbe v0.0.0 (/home/runner/work/rust-analyzer/rust-analyzer/crates/mbe)
2026-03-04T05:51:12.6480165Z    Compiling profile v0.0.0 (/home/runner/work/rust-analyzer/rust-analyzer/crates/profile)
2026-03-04T05:51:12.7657991Z    Compiling ra-ap-rustc_index_macros v0.143.0
2026-03-04T05:51:13.1754451Z    Compiling ra-ap-rustc_index v0.143.0
2026-03-04T05:51:13.4592566Z    Compiling rustc_apfloat v0.2.3+llvm-462a31f5a5ab
2026-03-04T05:51:13.5414460Z    Compiling thiserror v2.0.16
2026-03-04T05:51:13.6064936Z    Compiling hir-expand v0.0.0 (/home/runner/work/rust-analyzer/rust-analyzer/crates/hir-expand)
2026-03-04T05:51:13.7801402Z    Compiling test-utils v0.0.0 (/home/runner/work/rust-analyzer/rust-analyzer/crates/test-utils)
2026-03-04T05:51:14.4724775Z    Compiling thiserror-impl v2.0.16
2026-03-04T05:51:14.8354560Z    Compiling num_threads v0.1.7
2026-03-04T05:51:14.9244884Z    Compiling time v0.3.47
2026-03-04T05:51:15.7825930Z    Compiling rustc-stable-hash v0.1.2
2026-03-04T05:51:15.8845580Z    Compiling ra-ap-rustc_hashes v0.143.0
2026-03-04T05:51:16.1054861Z    Compiling lazy_static v1.5.0
2026-03-04T05:51:16.1474524Z    Compiling rustc-literal-escaper v0.0.5
2026-03-04T05:51:16.1542571Z    Compiling sharded-slab v0.1.7
2026-03-04T05:51:16.2278731Z    Compiling ra-ap-rustc_abi v0.143.0
2026-03-04T05:51:16.2424735Z    Compiling ra-ap-rustc_parse_format v0.143.0
2026-03-04T05:51:16.5093600Z    Compiling ena v0.14.3
2026-03-04T05:51:16.6335051Z    Compiling tracing-log v0.2.0
2026-03-04T05:51:16.6714580Z    Compiling ra-ap-rustc_type_ir_macros v0.143.0
2026-03-04T05:51:16.7907560Z    Compiling derive-where v1.6.0
2026-03-04T05:51:16.9291486Z    Compiling thread_local v1.1.9
2026-03-04T05:51:17.0944838Z    Compiling ra-ap-rustc_ast_ir v0.143.0
2026-03-04T05:51:17.1656897Z    Compiling tracing-subscriber v0.3.20
2026-03-04T05:51:17.1864936Z    Compiling macros v0.0.0 (/home/runner/work/rust-analyzer/rust-analyzer/crates/macros)
2026-03-04T05:51:17.5444660Z    Compiling zerofrom-derive v0.1.6
2026-03-04T05:51:18.0445141Z    Compiling ra-ap-rustc_type_ir v0.143.0
2026-03-04T05:51:18.7484420Z    Compiling fixedbitset v0.5.7
2026-03-04T05:51:18.7549738Z    Compiling nu-ansi-term v0.50.3
2026-03-04T05:51:19.0076564Z    Compiling tracing-tree v0.4.0
2026-03-04T05:51:19.0165735Z    Compiling petgraph v0.8.2
2026-03-04T05:51:19.2349299Z    Compiling zerofrom v0.1.6
2026-03-04T05:51:19.3145049Z    Compiling hir-def v0.0.0 (/home/runner/work/rust-analyzer/rust-analyzer/crates/hir-def)
2026-03-04T05:51:20.5348856Z    Compiling ra-ap-rustc_pattern_analysis v0.143.0
2026-03-04T05:51:20.7704192Z    Compiling ra-ap-rustc_next_trait_solver v0.143.0
2026-03-04T05:51:20.9814916Z    Compiling test-fixture v0.0.0 (/home/runner/work/rust-analyzer/rust-analyzer/crates/test-fixture)
2026-03-04T05:51:21.0434854Z    Compiling yoke-derive v0.8.0
2026-03-04T05:51:21.4759371Z    Compiling typed-arena v2.0.2
2026-03-04T05:51:21.5466159Z    Compiling zerovec-derive v0.11.1
2026-03-04T05:51:22.0142602Z    Compiling yoke v0.8.0
2026-03-04T05:51:22.1580294Z    Compiling displaydoc v0.2.5
2026-03-04T05:51:22.3886509Z    Compiling line-index v0.1.2
2026-03-04T05:51:22.5766143Z    Compiling zerovec v0.11.4
2026-03-04T05:51:22.6389841Z    Compiling rustc_version v0.4.1
2026-03-04T05:51:22.6880920Z    Compiling byteorder v1.5.0
2026-03-04T05:51:22.8195023Z    Compiling temp-dir v0.1.16
2026-03-04T05:51:22.8681938Z    Compiling heapless v0.7.17
2026-03-04T05:51:22.9216750Z    Compiling hash32 v0.2.1
2026-03-04T05:51:23.0314683Z    Compiling spin v0.9.8
2026-03-04T05:51:23.0523864Z    Compiling writeable v0.6.1
2026-03-04T05:51:23.1743932Z    Compiling litemap v0.8.0
2026-03-04T05:51:23.2724597Z    Compiling home v0.5.12
2026-03-04T05:51:23.3463539Z    Compiling zerotrie v0.2.2
2026-03-04T05:51:23.5299763Z    Compiling tinystr v0.8.1
2026-03-04T05:51:23.5986887Z    Compiling potential_utf v0.1.3
2026-03-04T05:51:23.6661198Z    Compiling icu_locale_core v2.0.0
2026-03-04T05:51:23.6884953Z    Compiling cobs v0.3.0
2026-03-04T05:51:23.8070620Z    Compiling icu_properties_data v2.0.1
2026-03-04T05:51:23.8635124Z    Compiling same-file v1.0.6
2026-03-04T05:51:23.9032246Z    Compiling icu_normalizer_data v2.0.0
2026-03-04T05:51:23.9624903Z    Compiling walkdir v2.5.0
2026-03-04T05:51:24.0134598Z    Compiling postcard v1.1.3
2026-03-04T05:51:24.2165142Z    Compiling icu_provider v2.0.0
2026-03-04T05:51:24.3172875Z    Compiling icu_collections v2.0.0
2026-03-04T05:51:24.4694552Z    Compiling toolchain v0.0.0 (/home/runner/work/rust-analyzer/rust-analyzer/crates/toolchain)
2026-03-04T05:51:24.6039940Z    Compiling icu_normalizer v2.0.0
2026-03-04T05:51:24.6459059Z    Compiling icu_properties v2.0.1
2026-03-04T05:51:24.7709625Z    Compiling proc-macro-api v0.0.0 (/home/runner/work/rust-analyzer/rust-analyzer/crates/proc-macro-api)
2026-03-04T05:51:25.1644331Z    Compiling zerocopy v0.8.27
2026-03-04T05:51:25.4424832Z    Compiling zerocopy-derive v0.8.27
2026-03-04T05:51:25.9154769Z    Compiling idna_adapter v1.2.1
2026-03-04T05:51:25.9816330Z    Compiling cfg_aliases v0.2.1
2026-03-04T05:51:26.0154723Z    Compiling percent-encoding v2.3.2
2026-03-04T05:51:26.1337531Z    Compiling getrandom v0.3.4
2026-03-04T05:51:26.3329650Z    Compiling utf8_iter v1.0.4
2026-03-04T05:51:26.4194330Z    Compiling clap_lex v0.7.5
2026-03-04T05:51:26.5786437Z    Compiling anstyle v1.0.11
2026-03-04T05:51:26.7472760Z    Compiling clap_builder v4.5.48
2026-03-04T05:51:27.2526189Z    Compiling idna v1.1.0
2026-03-04T05:51:27.9256940Z    Compiling hir-ty v0.0.0 (/home/runner/work/rust-analyzer/rust-analyzer/crates/hir-ty)
2026-03-04T05:51:28.8984682Z    Compiling form_urlencoded v1.2.2
2026-03-04T05:51:29.0084699Z    Compiling nix v0.30.1
2026-03-04T05:51:29.2882373Z    Compiling cargo-platform v0.3.1
2026-03-04T05:51:29.5100036Z    Compiling toml_parser v1.0.4
2026-03-04T05:51:30.0956114Z    Compiling toml_datetime v0.7.3
2026-03-04T05:51:30.2064633Z    Compiling serde_spanned v1.0.3
2026-03-04T05:51:30.2904676Z    Compiling inotify-sys v0.1.5
2026-03-04T05:51:30.3336154Z    Compiling toml_writer v1.0.4
2026-03-04T05:51:30.4562679Z    Compiling inotify v0.11.0
2026-03-04T05:51:30.4864656Z    Compiling toml v0.9.8
2026-03-04T05:51:30.7888685Z    Compiling cargo_metadata v0.23.0
2026-03-04T05:51:32.0579878Z    Compiling url v2.5.7
2026-03-04T05:51:32.6244810Z    Compiling clap v4.5.48
2026-03-04T05:51:32.8964980Z    Compiling mio v1.1.0
2026-03-04T05:51:33.1517359Z    Compiling notify-types v2.0.0
2026-03-04T05:51:33.3138952Z    Compiling memchr v2.7.6
2026-03-04T05:51:33.3864922Z    Compiling notify v8.2.0
2026-03-04T05:51:36.3977300Z    Compiling thiserror v1.0.69
2026-03-04T05:51:36.5726677Z    Compiling object v0.36.7
2026-03-04T05:51:36.7255591Z    Compiling pulldown-cmark v0.9.6
2026-03-04T05:51:38.5624725Z    Compiling project-model v0.0.0 (/home/runner/work/rust-analyzer/rust-analyzer/crates/project-model)
2026-03-04T05:51:40.9870284Z    Compiling serde_repr v0.1.20
2026-03-04T05:51:41.3264785Z    Compiling thiserror-impl v1.0.69
2026-03-04T05:51:42.3992313Z    Compiling num-traits v0.2.19
2026-03-04T05:51:42.4970820Z    Compiling unicase v2.8.1
2026-03-04T05:51:42.6284632Z    Compiling rustix v1.1.2
2026-03-04T05:51:42.8481114Z    Compiling bitflags v1.3.2
2026-03-04T05:51:42.8797879Z    Compiling proc-macro-srv v0.0.0 (/home/runner/work/rust-analyzer/rust-analyzer/crates/proc-macro-srv)
2026-03-04T05:51:42.9024536Z    Compiling lsp-types v0.95.0
2026-03-04T05:51:43.0294908Z    Compiling hir v0.0.0 (/home/runner/work/rust-analyzer/rust-analyzer/crates/hir)
2026-03-04T05:51:47.5736998Z    Compiling ide-db v0.0.0 (/home/runner/work/rust-analyzer/rust-analyzer/crates/ide-db)
2026-03-04T05:51:51.9765194Z    Compiling proc-macro-test v0.0.0 (/home/runner/work/rust-analyzer/rust-analyzer/crates/proc-macro-srv/proc-macro-test)
2026-03-04T05:51:52.5662647Z    Compiling vfs-notify v0.0.0 (/home/runner/work/rust-analyzer/rust-analyzer/crates/vfs-notify)
2026-03-04T05:51:53.4738684Z    Compiling rand_core v0.9.3
2026-03-04T05:51:53.6237120Z    Compiling memmap2 v0.9.8
2026-03-04T05:51:53.7815228Z    Compiling libloading v0.8.9
2026-03-04T05:51:53.9186189Z    Compiling protobuf v3.7.1
2026-03-04T05:51:54.0705496Z    Compiling regex-syntax v0.8.8
2026-03-04T05:51:55.3122866Z    Compiling linux-raw-sys v0.11.0
2026-03-04T05:51:56.7844215Z    Compiling protobuf-support v3.7.1
2026-03-04T05:51:57.3119132Z    Compiling pulldown-cmark-to-cmark v10.0.4
2026-03-04T05:51:57.4331023Z    Compiling ide-completion v0.0.0 (/home/runner/work/rust-analyzer/rust-analyzer/crates/ide-completion)
2026-03-04T05:51:57.4897317Z    Compiling ide-ssr v0.0.0 (/home/runner/work/rust-analyzer/rust-analyzer/crates/ide-ssr)
2026-03-04T05:51:57.9157420Z    Compiling ide-assists v0.0.0 (/home/runner/work/rust-analyzer/rust-analyzer/crates/ide-assists)
2026-03-04T05:51:58.7891990Z    Compiling ide-diagnostics v0.0.0 (/home/runner/work/rust-analyzer/rust-analyzer/crates/ide-diagnostics)
2026-03-04T05:52:01.5115747Z    Compiling ppv-lite86 v0.2.21
2026-03-04T05:52:01.8644580Z    Compiling half v2.7.1
2026-03-04T05:52:02.1154909Z    Compiling plotters-backend v0.3.7
2026-03-04T05:52:02.3215528Z    Compiling fastrand v2.3.0
2026-03-04T05:52:02.5037018Z    Compiling option-ext v0.2.0
2026-03-04T05:52:02.5423509Z    Compiling dot v0.1.4
2026-03-04T05:52:02.7674397Z    Compiling ciborium-io v0.2.2
2026-03-04T05:52:02.7977707Z    Compiling proc-macro-srv-cli v0.0.0 (/home/runner/work/rust-analyzer/rust-analyzer/crates/proc-macro-srv-cli)
2026-03-04T05:52:02.8021227Z    Compiling ciborium-ll v0.2.2
2026-03-04T05:52:02.9461191Z    Compiling dirs-sys v0.5.0
2026-03-04T05:52:02.9761700Z    Compiling tempfile v3.23.0
2026-03-04T05:52:03.1687352Z    Compiling plotters-svg v0.3.7
2026-03-04T05:52:03.3004328Z    Compiling rand_chacha v0.9.0
2026-03-04T05:52:03.7266143Z    Compiling regex-automata v0.4.13
2026-03-04T05:52:06.1343019Z    Compiling load-cargo v0.0.0 (/home/runner/work/rust-analyzer/rust-analyzer/crates/load-cargo)
2026-03-04T05:52:06.9931900Z    Compiling serde_test v1.0.177
2026-03-04T05:52:07.5175747Z    Compiling wait-timeout v0.2.1
2026-03-04T05:52:07.7134577Z    Compiling itertools v0.13.0
2026-03-04T05:52:09.1332200Z    Compiling quick-error v1.2.3
2026-03-04T05:52:09.1844225Z    Compiling fnv v1.0.7
2026-03-04T05:52:09.2254771Z    Compiling bit-vec v0.8.0
2026-03-04T05:52:09.3995223Z    Compiling rust-analyzer v0.0.0 (/home/runner/work/rust-analyzer/rust-analyzer/crates/rust-analyzer)
2026-03-04T05:52:09.5664567Z    Compiling cast v0.3.0
2026-03-04T05:52:09.6934960Z    Compiling static_assertions v1.1.0
2026-03-04T05:52:09.7465319Z    Compiling criterion-plot v0.6.0
2026-03-04T05:52:10.2054611Z    Compiling bit-set v0.8.0
2026-03-04T05:52:10.3038465Z    Compiling rusty-fork v0.3.1
2026-03-04T05:52:10.4866695Z    Compiling scip v0.5.2
2026-03-04T05:52:10.5926462Z    Compiling regex v1.12.2
2026-03-04T05:52:11.0054936Z    Compiling ide v0.0.0 (/home/runner/work/rust-analyzer/rust-analyzer/crates/ide)
2026-03-04T05:52:11.7980972Z    Compiling rand v0.9.2
2026-03-04T05:52:12.2727271Z    Compiling plotters v0.3.7
2026-03-04T05:52:12.4014739Z    Compiling dirs v6.0.0
2026-03-04T05:52:12.4609334Z    Compiling ciborium v0.2.2
2026-03-04T05:52:13.0681060Z    Compiling rand_xorshift v0.4.0
2026-03-04T05:52:13.0849242Z    Compiling process-wrap v8.2.1
2026-03-04T05:52:13.1484775Z    Compiling lsp-server v0.7.9
2026-03-04T05:52:13.3957901Z    Compiling tinytemplate v1.2.1
2026-03-04T05:52:13.4231427Z    Compiling num_cpus v1.17.0
2026-03-04T05:52:13.7154560Z    Compiling anes v0.1.6
2026-03-04T05:52:13.7948555Z    Compiling tenthash v1.1.0
2026-03-04T05:52:13.8725658Z    Compiling text-size v1.1.1 (/home/runner/work/rust-analyzer/rust-analyzer/lib/text-size)
2026-03-04T05:52:13.8869901Z    Compiling unarray v0.1.4
2026-03-04T05:52:13.9434658Z    Compiling base64 v0.22.1
2026-03-04T05:52:13.9716851Z    Compiling proptest v1.9.0
2026-03-04T05:52:14.0774600Z    Compiling criterion v0.7.0
2026-03-04T05:52:18.0796234Z    Compiling ctrlc v3.5.0
2026-03-04T05:52:18.6474609Z    Compiling smol_str v0.3.5 (/home/runner/work/rust-analyzer/rust-analyzer/lib/smol_str)
2026-03-04T05:52:19.0055027Z    Compiling either v1.15.0
2026-03-04T05:52:19.8967643Z    Compiling lsp-server v0.7.9 (/home/runner/work/rust-analyzer/rust-analyzer/lib/lsp-server)
2026-03-04T05:52:20.5496620Z    Compiling derive_arbitrary v1.4.2
2026-03-04T05:52:21.2094583Z    Compiling ungrammar v1.16.1 (/home/runner/work/rust-analyzer/rust-analyzer/lib/ungrammar)
2026-03-04T05:52:21.3014754Z    Compiling arbitrary v1.4.2
2026-03-04T05:52:21.5099832Z    Compiling zip v4.6.1
2026-03-04T05:52:22.1725206Z    Compiling line-index v0.1.2 (/home/runner/work/rust-analyzer/rust-analyzer/lib/line-index)
2026-03-04T05:52:22.4427997Z    Compiling la-arena v0.3.1 (/home/runner/work/rust-analyzer/rust-analyzer/lib/la-arena)
2026-03-04T05:52:22.6051196Z    Compiling xtask v0.1.0 (/home/runner/work/rust-analyzer/rust-analyzer/xtask)
2026-03-04T05:52:23.6722250Z    Compiling ungrammar2json v1.0.0 (/home/runner/work/rust-analyzer/rust-analyzer/lib/ungrammar/ungrammar2json)
2026-03-04T05:53:19.8986712Z    Compiling edition v0.0.0 (/home/runner/work/rust-analyzer/rust-analyzer/crates/edition)
2026-03-04T05:53:29.1941491Z     Finished `test` profile [unoptimized + debuginfo] target(s) in 2m 33s
2026-03-04T05:53:29.4523120Z ────────────
2026-03-04T05:53:29.4524344Z  Nextest run ID ce76d690-b1c0-47dd-aec2-b37a567256fd with nextest profile: default
2026-03-04T05:53:29.4525146Z     Starting 7659 tests across 66 binaries (9 tests skipped)
2026-03-04T05:54:39.5742357Z         FAIL [   0.110s] rust-analyzer config::tests::generate_config_documentation
2026-03-04T05:54:39.5744000Z   stdout ───
2026-03-04T05:54:39.5744476Z 
2026-03-04T05:54:39.5748466Z     running 1 test
2026-03-04T05:54:39.5749064Z     test config::tests::generate_config_documentation ... FAILED
2026-03-04T05:54:39.5755373Z 
2026-03-04T05:54:39.5755719Z     failures:
2026-03-04T05:54:39.5756042Z 
2026-03-04T05:54:39.5756633Z     failures:
2026-03-04T05:54:39.5757299Z         config::tests::generate_config_documentation
2026-03-04T05:54:39.5757781Z 
2026-03-04T05:54:39.5758882Z     test result: FAILED. 0 passed; 1 failed; 0 ignored; 0 measured; 85 filtered out; finished in 0.09s
2026-03-04T05:54:39.5760557Z 
2026-03-04T05:54:39.5760906Z   stderr ───
2026-03-04T05:54:39.5761419Z 
2026-03-04T05:54:39.5772011Z     error: docs/book/src/configuration_generated.md was not up-to-date, updating
2026-03-04T05:54:39.5772445Z 
2026-03-04T05:54:39.5772681Z         NOTE: run `cargo test` locally and commit the updated files
2026-03-04T05:54:39.5773996Z 
2026-03-04T05:54:39.5774003Z 
2026-03-04T05:54:39.5774662Z     thread 'config::tests::generate_config_documentation' (24471) panicked at crates/rust-analyzer/src/config.rs:4190:9:
2026-03-04T05:54:39.5775620Z     Some files were not up-to-date
2026-03-04T05:54:39.5776015Z     stack backtrace:
2026-03-04T05:54:39.5776364Z        0: __rustc::rust_begin_unwind
2026-03-04T05:54:39.5777082Z                  at /rustc/01f6ddf7588f42ae2d7eb0a2f21d44e8e96674cf/library/std/src/panicking.rs:689:5
2026-03-04T05:54:39.5777886Z        1: core::panicking::panic_fmt
2026-03-04T05:54:39.5778608Z                  at /rustc/01f6ddf7588f42ae2d7eb0a2f21d44e8e96674cf/library/core/src/panicking.rs:80:14
2026-03-04T05:54:39.5779366Z        2: test_utils::ensure_file_contents
2026-03-04T05:54:39.5780081Z                  at /home/runner/work/rust-analyzer/rust-analyzer/crates/test-utils/src/lib.rs:478:9
2026-03-04T05:54:39.5780930Z        3: rust_analyzer::config::tests::generate_config_documentation
2026-03-04T05:54:39.5781933Z                  at ./src/config.rs:4190:9
2026-03-04T05:54:39.5782558Z        4: rust_analyzer::config::tests::generate_config_documentation::{{closure}}
2026-03-04T05:54:39.5783554Z                  at ./src/config.rs:4187:39
2026-03-04T05:54:39.5784278Z        5: core::ops::function::FnOnce::call_once
2026-03-04T05:54:39.5785415Z                  at /home/runner/.rustup/toolchains/stable-x86_64-unknown-linux-gnu/lib/rustlib/src/rust/library/core/src/ops/function.rs:250:5
2026-03-04T05:54:39.5786934Z        6: core::ops::function::FnOnce::call_once
2026-03-04T05:54:39.5788032Z                  at /rustc/01f6ddf7588f42ae2d7eb0a2f21d44e8e96674cf/library/core/src/ops/function.rs:250:5
2026-03-04T05:54:39.5789203Z     note: Some details are omitted, run with `RUST_BACKTRACE=full` for a verbose backtrace.
2026-03-04T05:54:39.5789794Z 
2026-03-04T05:54:39.6456543Z         FAIL [   0.169s] rust-analyzer config::tests::generate_package_json_config
2026-03-04T05:54:39.6465500Z   stdout ───
2026-03-04T05:54:39.6466106Z 
2026-03-04T05:54:39.6466630Z     running 1 test
2026-03-04T05:54:39.6467644Z     test config::tests::generate_package_json_config ... FAILED
2026-03-04T05:54:39.6468416Z 
2026-03-04T05:54:39.6468860Z     failures:
2026-03-04T05:54:39.6485162Z 
2026-03-04T05:54:39.6485510Z     failures:
2026-03-04T05:54:39.6486153Z         config::tests::generate_package_json_config
2026-03-04T05:54:39.6486723Z 
2026-03-04T05:54:39.6487387Z     test result: FAILED. 0 passed; 1 failed; 0 ignored; 0 measured; 85 filtered out; finished in 0.15s
2026-03-04T05:54:39.6488297Z 
2026-03-04T05:54:39.6488750Z   stderr ───
2026-03-04T05:54:39.6489169Z 
2026-03-04T05:54:39.6489672Z     error: editors/code/package.json was not up-to-date, updating
2026-03-04T05:54:39.6490361Z 
2026-03-04T05:54:39.6490850Z         NOTE: run `cargo test` locally and commit the updated files
2026-03-04T05:54:39.6491761Z 
2026-03-04T05:54:39.6491969Z 
2026-03-04T05:54:39.6492823Z     thread 'config::tests::generate_package_json_config' (24473) panicked at crates/rust-analyzer/src/config.rs:4182:13:
2026-03-04T05:54:39.6494203Z     Some files were not up-to-date
2026-03-04T05:54:39.6494909Z     stack backtrace:
2026-03-04T05:54:39.6495991Z        0: __rustc::rust_begin_unwind
2026-03-04T05:54:39.6497002Z                  at /rustc/01f6ddf7588f42ae2d7eb0a2f21d44e8e96674cf/library/std/src/panicking.rs:689:5
2026-03-04T05:54:39.6498064Z        1: core::panicking::panic_fmt
2026-03-04T05:54:39.6513800Z                  at /rustc/01f6ddf7588f42ae2d7eb0a2f21d44e8e96674cf/library/core/src/panicking.rs:80:14
2026-03-04T05:54:39.6514640Z        2: test_utils::ensure_file_contents
2026-03-04T05:54:39.6515380Z                  at /home/runner/work/rust-analyzer/rust-analyzer/crates/test-utils/src/lib.rs:478:9
2026-03-04T05:54:39.6516234Z        3: rust_analyzer::config::tests::generate_package_json_config
2026-03-04T05:54:39.6516814Z                  at ./src/config.rs:4182:13
2026-03-04T05:54:39.6517503Z        4: rust_analyzer::config::tests::generate_package_json_config::{{closure}}
2026-03-04T05:54:39.6518141Z                  at ./src/config.rs:4131:38
2026-03-04T05:54:39.6518642Z        5: core::ops::function::FnOnce::call_once
2026-03-04T05:54:39.6519678Z                  at /home/runner/.rustup/toolchains/stable-x86_64-unknown-linux-gnu/lib/rustlib/src/rust/library/core/src/ops/function.rs:250:5
2026-03-04T05:54:39.6520732Z        6: core::ops::function::FnOnce::call_once
2026-03-04T05:54:39.6521530Z                  at /rustc/01f6ddf7588f42ae2d7eb0a2f21d44e8e96674cf/library/core/src/ops/function.rs:250:5
2026-03-04T05:54:39.6522581Z     note: Some details are omitted, run with `RUST_BACKTRACE=full` for a verbose backtrace.
2026-03-04T05:54:39.6523347Z 
2026-03-04T05:55:22.8347323Z ────────────
2026-03-04T05:55:22.8347888Z      Summary [ 113.382s] 7659 tests run: 7657 passed, 2 failed, 9 skipped
2026-03-04T05:55:22.8348616Z         FAIL [   0.110s] rust-analyzer config::tests::generate_config_documentation
2026-03-04T05:55:22.8349725Z         FAIL [   0.169s] rust-analyzer config::tests::generate_package_json_config
2026-03-04T05:55:22.8374749Z error: test run failed
2026-03-04T05:55:22.8401122Z ##[error]Process completed with exit code 100.
2026-03-04T05:55:22.8507948Z Post job cleanup.
2026-03-04T05:55:22.9467205Z [command]/usr/bin/git version
2026-03-04T05:55:22.9504058Z git version 2.53.0
2026-03-04T05:55:22.9553626Z Temporarily overriding HOME='/home/runner/work/_temp/36e06f7f-39f6-4dc0-b84b-e3ffa3ab763c' before making global git config changes
2026-03-04T05:55:22.9555014Z Adding repository directory to the temporary git global config as a safe directory
2026-03-04T05:55:22.9560703Z [command]/usr/bin/git config --global --add safe.directory /home/runner/work/rust-analyzer/rust-analyzer
2026-03-04T05:55:22.9596717Z [command]/usr/bin/git config --local --name-only --get-regexp core\.sshCommand
2026-03-04T05:55:22.9631043Z [command]/usr/bin/git submodule foreach --recursive sh -c "git config --local --name-only --get-regexp 'core\.sshCommand' && git config --local --unset-all 'core.sshCommand' || :"
2026-03-04T05:55:22.9877576Z [command]/usr/bin/git config --local --name-only --get-regexp http\.https\:\/\/github\.com\/\.extraheader
2026-03-04T05:55:22.9899925Z http.https://github.com/.extraheader
2026-03-04T05:55:22.9912620Z [command]/usr/bin/git config --local --unset-all http.https://github.com/.extraheader
2026-03-04T05:55:22.9944219Z [command]/usr/bin/git submodule foreach --recursive sh -c "git config --local --name-only --get-regexp 'http\.https\:\/\/github\.com\/\.extraheader' && git config --local --unset-all 'http.https://github.com/.extraheader' || :"
2026-03-04T05:55:23.0180502Z [command]/usr/bin/git config --local --name-only --get-regexp ^includeIf\.gitdir:
2026-03-04T05:55:23.0212284Z [command]/usr/bin/git submodule foreach --recursive git config --local --show-origin --name-only --get-regexp remote.origin.url
2026-03-04T05:55:23.0581811Z Cleaning up orphan processes
