2026-04-01T06:08:53.9529136Z Current runner version: '2.333.1'
2026-04-01T06:08:53.9562750Z ##[group]Runner Image Provisioner
2026-04-01T06:08:53.9563892Z Hosted Compute Agent
2026-04-01T06:08:53.9564691Z Version: 20260213.493
2026-04-01T06:08:53.9565584Z Commit: 5c115507f6dd24b8de37d8bbe0bb4509d0cc0fa3
2026-04-01T06:08:53.9566690Z Build Date: 2026-02-13T00:28:41Z
2026-04-01T06:08:53.9567627Z Worker ID: {54d1a1e3-cb97-435b-bbec-c1a32fab9105}
2026-04-01T06:08:53.9568849Z Azure Region: centralus
2026-04-01T06:08:53.9569758Z ##[endgroup]
2026-04-01T06:08:53.9571606Z ##[group]Operating System
2026-04-01T06:08:53.9572503Z Ubuntu
2026-04-01T06:08:53.9573161Z 22.04.5
2026-04-01T06:08:53.9573807Z LTS
2026-04-01T06:08:53.9574428Z ##[endgroup]
2026-04-01T06:08:53.9575186Z ##[group]Runner Image
2026-04-01T06:08:53.9575961Z Image: ubuntu-22.04
2026-04-01T06:08:53.9576659Z Version: 20260322.68.1
2026-04-01T06:08:53.9578546Z Included Software: https://github.com/actions/runner-images/blob/ubuntu22/20260322.68/images/ubuntu/Ubuntu2204-Readme.md
2026-04-01T06:08:53.9579810Z Image Release: https://github.com/actions/runner-images/releases/tag/ubuntu22%2F20260322.68
2026-04-01T06:08:53.9580672Z ##[endgroup]
2026-04-01T06:08:53.9581533Z ##[group]GITHUB_TOKEN Permissions
2026-04-01T06:08:53.9583593Z Contents: read
2026-04-01T06:08:53.9584137Z Metadata: read
2026-04-01T06:08:53.9584549Z ##[endgroup]
2026-04-01T06:08:53.9586457Z Secret source: Actions
2026-04-01T06:08:53.9587102Z Prepare workflow directory
2026-04-01T06:08:53.9939117Z Prepare all required actions
2026-04-01T06:08:53.9994791Z Getting action download info
2026-04-01T06:08:54.4062259Z Download action repository 'actions/checkout@v4' (SHA:34e114876b0b11c390a56381ad16ebd13914f8d5)
2026-04-01T06:08:54.9457931Z Download action repository 'astral-sh/setup-uv@v7' (SHA:37802adc94f370d6bfd71619e3f0bf239e1f3b78)
2026-04-01T06:08:55.4519543Z Download action repository 'actions/upload-artifact@v4' (SHA:ea165f8d65b6e75b540449e92b4886f43607fa02)
2026-04-01T06:08:55.7486784Z Complete job name: build-linux-x86_64-extension
2026-04-01T06:08:55.8234872Z ##[group]Run actions/checkout@v4
2026-04-01T06:08:55.8236081Z with:
2026-04-01T06:08:55.8236851Z   repository: asg017/sqlite-vec
2026-04-01T06:08:55.8238116Z   token: ***
2026-04-01T06:08:55.8239001Z   ssh-strict: true
2026-04-01T06:08:55.8239765Z   ssh-user: git
2026-04-01T06:08:55.8240591Z   persist-credentials: true
2026-04-01T06:08:55.8241454Z   clean: true
2026-04-01T06:08:55.8242229Z   sparse-checkout-cone-mode: true
2026-04-01T06:08:55.8243203Z   fetch-depth: 1
2026-04-01T06:08:55.8243930Z   fetch-tags: false
2026-04-01T06:08:55.8244734Z   show-progress: true
2026-04-01T06:08:55.8245497Z   lfs: false
2026-04-01T06:08:55.8246243Z   submodules: false
2026-04-01T06:08:55.8247031Z   set-safe-directory: true
2026-04-01T06:08:55.8248175Z ##[endgroup]
2026-04-01T06:08:55.9377720Z Syncing repository: asg017/sqlite-vec
2026-04-01T06:08:55.9380368Z ##[group]Getting Git version info
2026-04-01T06:08:55.9381529Z Working directory is '/home/runner/work/sqlite-vec/sqlite-vec'
2026-04-01T06:08:55.9383301Z [command]/usr/bin/git version
2026-04-01T06:08:56.0375408Z git version 2.53.0
2026-04-01T06:08:56.0401040Z ##[endgroup]
2026-04-01T06:08:56.0414588Z Temporarily overriding HOME='/home/runner/work/_temp/15012d06-0fe3-49b8-8706-c3f2b5319e3c' before making global git config changes
2026-04-01T06:08:56.0416973Z Adding repository directory to the temporary git global config as a safe directory
2026-04-01T06:08:56.0428459Z [command]/usr/bin/git config --global --add safe.directory /home/runner/work/sqlite-vec/sqlite-vec
2026-04-01T06:08:56.0504975Z Deleting the contents of '/home/runner/work/sqlite-vec/sqlite-vec'
2026-04-01T06:08:56.0507931Z ##[group]Initializing the repository
2026-04-01T06:08:56.0511943Z [command]/usr/bin/git init /home/runner/work/sqlite-vec/sqlite-vec
2026-04-01T06:08:56.0988491Z hint: Using 'master' as the name for the initial branch. This default branch name
2026-04-01T06:08:56.0990256Z hint: will change to "main" in Git 3.0. To configure the initial branch name
2026-04-01T06:08:56.0992224Z hint: to use in all of your new repositories, which will suppress this warning,
2026-04-01T06:08:56.0993507Z hint: call:
2026-04-01T06:08:56.0994148Z hint:
2026-04-01T06:08:56.0994968Z hint: 	git config --global init.defaultBranch <name>
2026-04-01T06:08:56.0995961Z hint:
2026-04-01T06:08:56.0996893Z hint: Names commonly chosen instead of 'master' are 'main', 'trunk' and
2026-04-01T06:08:56.0998683Z hint: 'development'. The just-created branch can be renamed via this command:
2026-04-01T06:08:56.0999925Z hint:
2026-04-01T06:08:56.1000570Z hint: 	git branch -m <name>
2026-04-01T06:08:56.1001320Z hint:
2026-04-01T06:08:56.1002333Z hint: Disable this message with "git config set advice.defaultBranchName false"
2026-04-01T06:08:56.1037386Z Initialized empty Git repository in /home/runner/work/sqlite-vec/sqlite-vec/.git/
2026-04-01T06:08:56.1050066Z [command]/usr/bin/git remote add origin https://github.com/asg017/sqlite-vec
2026-04-01T06:08:56.1130563Z ##[endgroup]
2026-04-01T06:08:56.1132513Z ##[group]Disabling automatic garbage collection
2026-04-01T06:08:56.1133957Z [command]/usr/bin/git config --local gc.auto 0
2026-04-01T06:08:56.1157974Z ##[endgroup]
2026-04-01T06:08:56.1159322Z ##[group]Setting up auth
2026-04-01T06:08:56.1164519Z [command]/usr/bin/git config --local --name-only --get-regexp core\.sshCommand
2026-04-01T06:08:56.1189884Z [command]/usr/bin/git submodule foreach --recursive sh -c "git config --local --name-only --get-regexp 'core\.sshCommand' && git config --local --unset-all 'core.sshCommand' || :"
2026-04-01T06:08:56.2939459Z [command]/usr/bin/git config --local --name-only --get-regexp http\.https\:\/\/github\.com\/\.extraheader
2026-04-01T06:08:56.2973517Z [command]/usr/bin/git submodule foreach --recursive sh -c "git config --local --name-only --get-regexp 'http\.https\:\/\/github\.com\/\.extraheader' && git config --local --unset-all 'http.https://github.com/.extraheader' || :"
2026-04-01T06:08:56.3143478Z [command]/usr/bin/git config --local --name-only --get-regexp ^includeIf\.gitdir:
2026-04-01T06:08:56.3168846Z [command]/usr/bin/git submodule foreach --recursive git config --local --show-origin --name-only --get-regexp remote.origin.url
2026-04-01T06:08:56.3339633Z [command]/usr/bin/git config --local http.https://github.com/.extraheader AUTHORIZATION: basic ***
2026-04-01T06:08:56.3367055Z ##[endgroup]
2026-04-01T06:08:56.3368782Z ##[group]Fetching the repository
2026-04-01T06:08:56.3376136Z [command]/usr/bin/git -c protocol.version=2 fetch --no-tags --prune --no-recurse-submodules --depth=1 origin +89f620353616194e20cae6feafbe2b14d6db27a1:refs/remotes/origin/main
2026-04-01T06:08:56.8380635Z From https://github.com/asg017/sqlite-vec
2026-04-01T06:08:56.8382407Z  * [new ref]         89f620353616194e20cae6feafbe2b14d6db27a1 -> origin/main
2026-04-01T06:08:56.8451978Z ##[endgroup]
2026-04-01T06:08:56.8452404Z ##[group]Determining the checkout info
2026-04-01T06:08:56.8454103Z ##[endgroup]
2026-04-01T06:08:56.8458779Z [command]/usr/bin/git sparse-checkout disable
2026-04-01T06:08:56.8532266Z [command]/usr/bin/git config --local --unset-all extensions.worktreeConfig
2026-04-01T06:08:56.8551151Z ##[group]Checking out the ref
2026-04-01T06:08:56.8554589Z [command]/usr/bin/git checkout --progress --force -B main refs/remotes/origin/main
2026-04-01T06:08:56.8739026Z Switched to a new branch 'main'
2026-04-01T06:08:56.8739690Z branch 'main' set up to track 'origin/main'.
2026-04-01T06:08:56.8744564Z ##[endgroup]
2026-04-01T06:08:56.8773026Z [command]/usr/bin/git log -1 --format=%H
2026-04-01T06:08:56.8790710Z 89f620353616194e20cae6feafbe2b14d6db27a1
2026-04-01T06:08:56.8989711Z ##[group]Run astral-sh/setup-uv@v7
2026-04-01T06:08:56.8990005Z with:
2026-04-01T06:08:56.8990233Z   activate-environment: false
2026-04-01T06:08:56.8990577Z   working-directory: /home/runner/work/sqlite-vec/sqlite-vec
2026-04-01T06:08:56.8991123Z   github-token: ***
2026-04-01T06:08:56.8991352Z   enable-cache: auto
2026-04-01T06:08:56.8991919Z   cache-dependency-glob: **/*requirements*.txt
**/*requirements*.in
**/*constraints*.txt
**/*constraints*.in
**/pyproject.toml
**/uv.lock
**/*.py.lock

2026-04-01T06:08:56.8992677Z   restore-cache: true
2026-04-01T06:08:56.8992909Z   save-cache: true
2026-04-01T06:08:56.8993129Z   prune-cache: true
2026-04-01T06:08:56.8993358Z   cache-python: false
2026-04-01T06:08:56.8993607Z   ignore-nothing-to-cache: false
2026-04-01T06:08:56.8993887Z   ignore-empty-workdir: false
2026-04-01T06:08:56.8994155Z   add-problem-matchers: true
2026-04-01T06:08:56.8994419Z   resolution-strategy: highest
2026-04-01T06:08:56.8994665Z ##[endgroup]
2026-04-01T06:08:57.0515639Z Trying to find version for uv in: /home/runner/work/sqlite-vec/sqlite-vec/uv.toml
2026-04-01T06:08:57.0516565Z Could not find file: /home/runner/work/sqlite-vec/sqlite-vec/uv.toml
2026-04-01T06:08:57.0517437Z Trying to find version for uv in: /home/runner/work/sqlite-vec/sqlite-vec/pyproject.toml
2026-04-01T06:08:57.0518542Z Could not find file: /home/runner/work/sqlite-vec/sqlite-vec/pyproject.toml
2026-04-01T06:08:57.0519473Z Could not determine uv version from uv.toml or pyproject.toml. Falling back to latest.
2026-04-01T06:08:57.0521232Z Fetching version data from https://raw.githubusercontent.com/astral-sh/versions/main/v1/uv.ndjson ...
2026-04-01T06:08:57.1594679Z Downloading uv from "https://releases.astral.sh/github/uv/releases/download/0.11.2/uv-x86_64-unknown-linux-gnu.tar.gz" ...
2026-04-01T06:08:57.6309606Z [command]/usr/bin/tar xz --warning=no-unknown-keyword --overwrite -C /home/runner/work/_temp/3369753e-bb35-4bb3-bed4-f32aa761bad9 -f /home/runner/work/_temp/70a391a7-dcae-42e1-aabf-ea120b60b352
2026-04-01T06:08:58.0775215Z Added /home/runner/.local/bin to the path
2026-04-01T06:08:58.0778466Z Added /opt/hostedtoolcache/uv/0.11.2/x86_64 to the path
2026-04-01T06:08:58.0781532Z Set UV_PYTHON_INSTALL_DIR to /home/runner/work/_temp/uv-python-dir
2026-04-01T06:08:58.0782327Z Added /home/runner/work/_temp/uv-python-dir to the path
2026-04-01T06:08:58.0802774Z Set UV_CACHE_DIR to /home/runner/work/_temp/setup-uv-cache
2026-04-01T06:08:58.0803196Z Successfully installed uv version 0.11.2
2026-04-01T06:08:58.1637295Z Searching files using cache dependency glob: /home/runner/work/sqlite-vec/sqlite-vec/**/*requirements*.txt,/home/runner/work/sqlite-vec/sqlite-vec/**/*requirements*.in,/home/runner/work/sqlite-vec/sqlite-vec/**/*constraints*.txt,/home/runner/work/sqlite-vec/sqlite-vec/**/*constraints*.in,/home/runner/work/sqlite-vec/sqlite-vec/**/pyproject.toml,/home/runner/work/sqlite-vec/sqlite-vec/**/uv.lock,/home/runner/work/sqlite-vec/sqlite-vec/**/*.py.lock
2026-04-01T06:08:58.1785072Z /home/runner/work/sqlite-vec/sqlite-vec/benchmarks/exhaustive-memory/requirements.txt
2026-04-01T06:08:58.1927468Z /home/runner/work/sqlite-vec/sqlite-vec/examples/simple-python/requirements.txt
2026-04-01T06:08:58.2122980Z /home/runner/work/sqlite-vec/sqlite-vec/tests/pyproject.toml
2026-04-01T06:08:58.2143945Z /home/runner/work/sqlite-vec/sqlite-vec/tests/uv.lock
2026-04-01T06:08:58.2149579Z Found 4 files to hash.
2026-04-01T06:08:58.2202789Z Trying to restore cache from GitHub Actions cache with key: setup-uv-2-x86_64-unknown-linux-gnu-ubuntu-22.04-3.10.12-pruned-b4e3d98a86f8f85e9f8f6f01a79ef62a22e14e0f7fe60eaab7ca87f9d84b065e
2026-04-01T06:08:58.3504953Z Cache hit for: setup-uv-2-x86_64-unknown-linux-gnu-ubuntu-22.04-3.10.12-pruned-b4e3d98a86f8f85e9f8f6f01a79ef62a22e14e0f7fe60eaab7ca87f9d84b065e
2026-04-01T06:08:58.6242720Z Received 1638 of 1638 (100.0%), 0.0 MBs/sec
2026-04-01T06:08:58.6243341Z Cache Size: ~0 MB (1638 B)
2026-04-01T06:08:58.6268070Z [command]/usr/bin/tar -xf /home/runner/work/_temp/71445e23-a8f9-41b1-bae4-867d2fa018cc/cache.tzst -P -C /home/runner/work/sqlite-vec/sqlite-vec --use-compress-program unzstd
2026-04-01T06:08:58.6424917Z Cache restored successfully
2026-04-01T06:08:58.6428799Z cache restored from GitHub Actions cache with key: setup-uv-2-x86_64-unknown-linux-gnu-ubuntu-22.04-3.10.12-pruned-b4e3d98a86f8f85e9f8f6f01a79ef62a22e14e0f7fe60eaab7ca87f9d84b065e
2026-04-01T06:08:58.7048100Z ##[group]Run ./scripts/vendor.sh
2026-04-01T06:08:58.7048762Z [36;1m./scripts/vendor.sh[0m
2026-04-01T06:08:58.7095773Z shell: /usr/bin/bash -e {0}
2026-04-01T06:08:58.7096050Z env:
2026-04-01T06:08:58.7096313Z   UV_PYTHON_INSTALL_DIR: /home/runner/work/_temp/uv-python-dir
2026-04-01T06:08:58.7096679Z   UV_CACHE_DIR: /home/runner/work/_temp/setup-uv-cache
2026-04-01T06:08:58.7096975Z ##[endgroup]
2026-04-01T06:08:58.7231415Z   % Total    % Received % Xferd  Average Speed   Time    Time     Time  Current
2026-04-01T06:08:58.7232047Z                                  Dload  Upload   Total   Spent    Left  Speed
2026-04-01T06:08:58.7232397Z 
2026-04-01T06:08:59.1691920Z   0     0    0     0    0     0      0      0 --:--:-- --:--:-- --:--:--     0
2026-04-01T06:08:59.1692922Z 100 2669k  100 2669k    0     0  5986k      0 --:--:-- --:--:-- --:--:-- 5999k
2026-04-01T06:08:59.2174210Z Archive:  sqlite-amalgamation.zip
2026-04-01T06:08:59.2174845Z    creating: sqlite-amalgamation-3450300/
2026-04-01T06:08:59.2724854Z   inflating: sqlite-amalgamation-3450300/sqlite3.c  
2026-04-01T06:08:59.2781930Z   inflating: sqlite-amalgamation-3450300/shell.c  
2026-04-01T06:08:59.2821988Z   inflating: sqlite-amalgamation-3450300/sqlite3.h  
2026-04-01T06:08:59.2824367Z   inflating: sqlite-amalgamation-3450300/sqlite3ext.h  
2026-04-01T06:08:59.3077694Z ##[group]Run make loadable static
2026-04-01T06:08:59.3077990Z [36;1mmake loadable static[0m
2026-04-01T06:08:59.3109283Z shell: /usr/bin/bash -e {0}
2026-04-01T06:08:59.3109533Z env:
2026-04-01T06:08:59.3109795Z   UV_PYTHON_INSTALL_DIR: /home/runner/work/_temp/uv-python-dir
2026-04-01T06:08:59.3110141Z   UV_CACHE_DIR: /home/runner/work/_temp/setup-uv-cache
2026-04-01T06:08:59.3110416Z ##[endgroup]
2026-04-01T06:08:59.4377244Z VERSION=0.1.10-alpha.2 \
2026-04-01T06:08:59.4377706Z DATE=2026-04-01T06:08:56Z+0000 \
2026-04-01T06:08:59.4378143Z SOURCE=89f620353616194e20cae6feafbe2b14d6db27a1 \
2026-04-01T06:08:59.4378839Z VERSION_MAJOR=$(echo $VERSION | cut -d. -f1) \
2026-04-01T06:08:59.4379330Z VERSION_MINOR=$(echo $VERSION | cut -d. -f2) \
2026-04-01T06:08:59.4379923Z VERSION_PATCH=$(echo $VERSION | cut -d. -f3 | cut -d- -f1) \
2026-04-01T06:08:59.4380471Z envsubst < sqlite-vec.h.tmpl > sqlite-vec.h
2026-04-01T06:08:59.4418847Z mkdir -p dist
2026-04-01T06:08:59.4426204Z cc \
2026-04-01T06:08:59.4426628Z 	-fPIC -shared \
2026-04-01T06:08:59.4426955Z 	-Wall -Wextra \
2026-04-01T06:08:59.4427163Z 	-Ivendor/ \
2026-04-01T06:08:59.4427367Z 	-O3 \
2026-04-01T06:08:59.4427592Z 	-lm -mavx -mavx2 -DSQLITE_VEC_ENABLE_AVX \
2026-04-01T06:08:59.4427871Z 	sqlite-vec.c -o dist/vec0.so
2026-04-01T06:09:02.4016456Z sqlite-vec.c:1349: warning: ignoring ‘#pragma region scalar’ [-Wunknown-pragmas]
2026-04-01T06:09:02.4016922Z  1349 | #pragma region scalar functions
2026-04-01T06:09:02.4017171Z       | 
2026-04-01T06:09:02.4127173Z sqlite-vec.c:2071: warning: ignoring ‘#pragma endregion ’ [-Wunknown-pragmas]
2026-04-01T06:09:02.4127595Z  2071 | #pragma endregion
2026-04-01T06:09:02.4127814Z       | 
2026-04-01T06:09:02.4158494Z sqlite-vec.c:3203: warning: ignoring ‘#pragma region vec_each’ [-Wunknown-pragmas]
2026-04-01T06:09:02.4159371Z  3203 | #pragma region vec_each table function
2026-04-01T06:09:02.4160088Z       | 
2026-04-01T06:09:02.4165881Z sqlite-vec.c:3395: warning: ignoring ‘#pragma endregion ’ [-Wunknown-pragmas]
2026-04-01T06:09:02.4166535Z  3395 | #pragma endregion
2026-04-01T06:09:02.4166893Z       | 
2026-04-01T06:09:02.4167518Z sqlite-vec.c:3399: warning: ignoring ‘#pragma region vec0’ [-Wunknown-pragmas]
2026-04-01T06:09:02.4168157Z  3399 | #pragma region vec0 virtual table
2026-04-01T06:09:02.4168726Z       | 
2026-04-01T06:09:02.4199173Z In file included from sqlite-vec.c:3770:
2026-04-01T06:09:02.4200162Z sqlite-vec-diskann.c: In function ‘diskann_robust_prune’:
2026-04-01T06:09:02.4201055Z sqlite-vec-diskann.c:917:30: warning: unused parameter ‘p_vector’ [-Wunused-parameter]
2026-04-01T06:09:02.4201679Z   917 |     i64 p_rowid, const void *p_vector,
2026-04-01T06:09:02.4202114Z       |                  ~~~~~~~~~~~~^~~~~~~~
2026-04-01T06:09:02.4432250Z In file included from sqlite-vec.c:3:
2026-04-01T06:09:02.4433175Z sqlite-vec.c: In function ‘vec0_metadata_filter_text’:
2026-04-01T06:09:02.4438262Z sqlite-vec.c:6768:57: warning: comparison of integer expressions of different signedness: ‘long unsigned int’ and ‘int’ [-Wsign-compare]
2026-04-01T06:09:02.4439608Z  6768 |   assert((sqlite3_blob_bytes(rowidsBlob) / sizeof(i64)) == size);
2026-04-01T06:09:02.4440269Z       |                                                         ^~
2026-04-01T06:09:02.4450976Z sqlite-vec.c:6996:24: warning: comparison of unsigned expression in ‘< 0’ is always false [-Wtype-limits]
2026-04-01T06:09:02.4451879Z  6996 |       if(metadataInIdx < 0) {
2026-04-01T06:09:02.4452318Z       |                        ^
2026-04-01T06:09:02.4453391Z sqlite-vec.c: In function ‘vec0_set_metadata_filter_bitmap’:
2026-04-01T06:09:02.4460169Z sqlite-vec.c:7097:26: warning: comparison of integer expressions of different signedness: ‘int’ and ‘long unsigned int’ [-Wsign-compare]
2026-04-01T06:09:02.4461378Z  7097 |       szMatch = blobSize == size * sizeof(i64);
2026-04-01T06:09:02.4461911Z       |                          ^~
2026-04-01T06:09:02.4466696Z sqlite-vec.c:7101:26: warning: comparison of integer expressions of different signedness: ‘int’ and ‘long unsigned int’ [-Wsign-compare]
2026-04-01T06:09:02.4468149Z  7101 |       szMatch = blobSize == size * sizeof(double);
2026-04-01T06:09:02.4468904Z       |                          ^~
2026-04-01T06:09:02.4475929Z sqlite-vec.c: In function ‘vec0Filter_knn_chunks_iter’:
2026-04-01T06:09:02.4482369Z sqlite-vec.c:7390:20: warning: comparison of integer expressions of different signedness: ‘i64’ {aka ‘long long int’} and ‘long unsigned int’ [-Wsign-compare]
2026-04-01T06:09:02.4483551Z  7390 |     if (rowidsSize != p->chunk_size * sizeof(i64)) {
2026-04-01T06:09:02.4484066Z       |                    ^~
2026-04-01T06:09:02.4517126Z In file included from sqlite-vec.c:3:
2026-04-01T06:09:02.4517925Z sqlite-vec.c: In function ‘vec0Filter_knn’:
2026-04-01T06:09:02.4524826Z sqlite-vec.c:7812:15: warning: comparison of integer expressions of different signedness: ‘int’ and ‘size_t’ {aka ‘long unsigned int’} [-Wsign-compare]
2026-04-01T06:09:02.4525997Z  7812 |   assert(argc == (strlen(idxStr)-1) / 4);
2026-04-01T06:09:02.4526467Z       |               ^~
2026-04-01T06:09:02.4687063Z sqlite-vec.c: At top level:
2026-04-01T06:09:02.4688936Z sqlite-vec.c:10551: warning: ignoring ‘#pragma endregion ’ [-Wunknown-pragmas]
2026-04-01T06:09:02.4689621Z 10551 | #pragma endregion
2026-04-01T06:09:02.4689985Z       | 
2026-04-01T06:09:04.1269013Z In file included from sqlite-vec.h:5,
2026-04-01T06:09:04.1269509Z                  from sqlite-vec.c:1:
2026-04-01T06:09:04.1270034Z sqlite-vec.c: In function ‘vec0_init.constprop’:
2026-04-01T06:09:04.1270966Z vendor/sqlite3ext.h:645:40: warning: ‘pkColumnNameLength’ may be used uninitialized in this function [-Wmaybe-uninitialized]
2026-04-01T06:09:04.1271833Z   645 | #define sqlite3_str_appendf            sqlite3_api->str_appendf
2026-04-01T06:09:04.1272386Z       |                                        ^~~~~~~~~~~
2026-04-01T06:09:04.1273006Z sqlite-vec.c:4920:7: note: ‘pkColumnNameLength’ was declared here
2026-04-01T06:09:04.1273506Z  4920 |   int pkColumnNameLength;
2026-04-01T06:09:04.1273831Z       |       ^~~~~~~~~~~~~~~~~~
2026-04-01T06:09:04.7644862Z sqlite-vec.c: In function ‘vec0Filter_knn_chunks_iter’:
2026-04-01T06:09:04.7650724Z sqlite-vec.c:7540:26: warning: ‘result’ may be used uninitialized in this function [-Wmaybe-uninitialized]
2026-04-01T06:09:04.7651551Z  7540 |       chunk_distances[i] = result;
2026-04-01T06:09:04.7651981Z       |       ~~~~~~~~~~~~~~~~~~~^~~~~~~~
2026-04-01T06:09:05.0822097Z In file included from sqlite-vec.h:5,
2026-04-01T06:09:05.0822636Z                  from sqlite-vec.c:1:
2026-04-01T06:09:05.0823458Z sqlite-vec.c: In function ‘vec0Update_InsertWriteFinalStep’:
2026-04-01T06:09:05.0824182Z vendor/sqlite3ext.h:529:40: warning: ‘offset’ may be used uninitialized in this function [-Wmaybe-uninitialized]
2026-04-01T06:09:05.0824968Z   529 | #define sqlite3_blob_write             sqlite3_api->blob_write
2026-04-01T06:09:05.0825303Z       |                                        ^~~~~~~~~~~
2026-04-01T06:09:05.0829176Z sqlite-vec.c:8848:7: note: ‘offset’ was declared here
2026-04-01T06:09:05.0829575Z  8848 |   int offset;
2026-04-01T06:09:05.0829821Z       |       ^~~~~~
2026-04-01T06:09:05.0830101Z In file included from sqlite-vec.h:5,
2026-04-01T06:09:05.0830453Z                  from sqlite-vec.c:1:
2026-04-01T06:09:05.0831183Z vendor/sqlite3ext.h:529:40: warning: ‘n’ may be used uninitialized in this function [-Wmaybe-uninitialized]
2026-04-01T06:09:05.0831905Z   529 | #define sqlite3_blob_write             sqlite3_api->blob_write
2026-04-01T06:09:05.0832367Z       |                                        ^~~~~~~~~~~
2026-04-01T06:09:05.0838572Z sqlite-vec.c:8847:7: note: ‘n’ was declared here
2026-04-01T06:09:05.0839034Z  8847 |   int n;
2026-04-01T06:09:05.0839357Z       |       ^
2026-04-01T06:09:05.4006554Z In file included from sqlite-vec.h:5,
2026-04-01T06:09:05.4007055Z                  from sqlite-vec.c:1:
2026-04-01T06:09:05.4007692Z sqlite-vec.c: In function ‘vec0Update_UpdateVectorColumn’:
2026-04-01T06:09:05.4008880Z vendor/sqlite3ext.h:529:40: warning: ‘offset’ may be used uninitialized in this function [-Wmaybe-uninitialized]
2026-04-01T06:09:05.4009436Z   529 | #define sqlite3_blob_write             sqlite3_api->blob_write
2026-04-01T06:09:05.4009779Z       |                                        ^~~~~~~~~~~
2026-04-01T06:09:05.4014110Z sqlite-vec.c:8848:7: note: ‘offset’ was declared here
2026-04-01T06:09:05.4014586Z  8848 |   int offset;
2026-04-01T06:09:05.4014896Z       |       ^~~~~~
2026-04-01T06:09:05.4015238Z In file included from sqlite-vec.h:5,
2026-04-01T06:09:05.4015708Z                  from sqlite-vec.c:1:
2026-04-01T06:09:05.4016478Z vendor/sqlite3ext.h:529:40: warning: ‘n’ may be used uninitialized in this function [-Wmaybe-uninitialized]
2026-04-01T06:09:05.4017004Z   529 | #define sqlite3_blob_write             sqlite3_api->blob_write
2026-04-01T06:09:05.4017334Z       |                                        ^~~~~~~~~~~
2026-04-01T06:09:05.4023360Z sqlite-vec.c:8847:7: note: ‘n’ was declared here
2026-04-01T06:09:05.4023925Z  8847 |   int n;
2026-04-01T06:09:05.4024242Z       |       ^
2026-04-01T06:09:06.1705012Z mkdir -p dist/.objs
2026-04-01T06:09:06.1716108Z cc -Ivendor/ -lm -mavx -mavx2 -DSQLITE_VEC_ENABLE_AVX -DSQLITE_CORE -DSQLITE_VEC_STATIC \
2026-04-01T06:09:06.1716594Z -O3 -c  sqlite-vec.c -o dist/.objs/vec.o
2026-04-01T06:09:08.7474666Z ar rcs dist/libsqlite_vec0.a dist/.objs/vec.o
2026-04-01T06:09:23.9290972Z ##[group]Run uv sync --directory tests
2026-04-01T06:09:23.9291296Z [36;1muv sync --directory tests[0m
2026-04-01T06:09:23.9322945Z shell: /usr/bin/bash -e {0}
2026-04-01T06:09:23.9323199Z env:
2026-04-01T06:09:23.9323460Z   UV_PYTHON_INSTALL_DIR: /home/runner/work/_temp/uv-python-dir
2026-04-01T06:09:23.9323829Z   UV_CACHE_DIR: /home/runner/work/_temp/setup-uv-cache
2026-04-01T06:09:23.9324097Z ##[endgroup]
2026-04-01T06:09:24.0834342Z Downloading cpython-3.12.13-linux-x86_64-gnu (download) (32.9MiB)
2026-04-01T06:09:24.8459193Z  Downloaded cpython-3.12.13-linux-x86_64-gnu (download)
2026-04-01T06:09:24.9754835Z Using CPython 3.12.13
2026-04-01T06:09:24.9755133Z Creating virtual environment at: .venv
2026-04-01T06:09:24.9770102Z Resolved 8 packages in 0.63ms
2026-04-01T06:09:25.0667455Z Downloading numpy (15.3MiB)
2026-04-01T06:09:25.3517715Z  Downloaded numpy
2026-04-01T06:09:25.3520090Z Prepared 6 packages in 374ms
2026-04-01T06:09:25.3686902Z Installed 6 packages in 16ms
2026-04-01T06:09:25.3687470Z  + iniconfig==2.0.0
2026-04-01T06:09:25.3687677Z  + numpy==2.1.3
2026-04-01T06:09:25.3687894Z  + packaging==24.2
2026-04-01T06:09:25.3688187Z  + pluggy==1.5.0
2026-04-01T06:09:25.3688589Z  + pytest==8.3.3
2026-04-01T06:09:25.3688858Z  + syrupy==4.7.2
2026-04-01T06:09:25.3737984Z ##[group]Run make test-loadable
2026-04-01T06:09:25.3738631Z [36;1mmake test-loadable[0m
2026-04-01T06:09:25.3769755Z shell: /usr/bin/bash -e {0}
2026-04-01T06:09:25.3770007Z env:
2026-04-01T06:09:25.3770266Z   UV_PYTHON_INSTALL_DIR: /home/runner/work/_temp/uv-python-dir
2026-04-01T06:09:25.3770612Z   UV_CACHE_DIR: /home/runner/work/_temp/setup-uv-cache
2026-04-01T06:09:25.3770884Z ##[endgroup]
2026-04-01T06:09:25.3875573Z cc \
2026-04-01T06:09:25.3875900Z 	-fPIC -shared \
2026-04-01T06:09:25.3876215Z 	-Wall -Wextra \
2026-04-01T06:09:25.3876503Z 	-Ivendor/ \
2026-04-01T06:09:25.3876779Z 	-O3 \
2026-04-01T06:09:25.3877114Z 	-lm -mavx -mavx2 -DSQLITE_VEC_ENABLE_AVX \
2026-04-01T06:09:25.3877575Z 	sqlite-vec.c -o dist/vec0.so
2026-04-01T06:09:25.5577900Z sqlite-vec.c:1349: warning: ignoring ‘#pragma region scalar’ [-Wunknown-pragmas]
2026-04-01T06:09:25.5578914Z  1349 | #pragma region scalar functions
2026-04-01T06:09:25.5579386Z       | 
2026-04-01T06:09:25.5609014Z sqlite-vec.c:2071: warning: ignoring ‘#pragma endregion ’ [-Wunknown-pragmas]
2026-04-01T06:09:25.5609835Z  2071 | #pragma endregion
2026-04-01T06:09:25.5610209Z       | 
2026-04-01T06:09:25.5640395Z sqlite-vec.c:3203: warning: ignoring ‘#pragma region vec_each’ [-Wunknown-pragmas]
2026-04-01T06:09:25.5641213Z  3203 | #pragma region vec_each table function
2026-04-01T06:09:25.5641700Z       | 
2026-04-01T06:09:25.5647527Z sqlite-vec.c:3395: warning: ignoring ‘#pragma endregion ’ [-Wunknown-pragmas]
2026-04-01T06:09:25.5648208Z  3395 | #pragma endregion
2026-04-01T06:09:25.5648710Z       | 
2026-04-01T06:09:25.5649351Z sqlite-vec.c:3399: warning: ignoring ‘#pragma region vec0’ [-Wunknown-pragmas]
2026-04-01T06:09:25.5650014Z  3399 | #pragma region vec0 virtual table
2026-04-01T06:09:25.5650442Z       | 
2026-04-01T06:09:25.5679002Z In file included from sqlite-vec.c:3770:
2026-04-01T06:09:25.5679894Z sqlite-vec-diskann.c: In function ‘diskann_robust_prune’:
2026-04-01T06:09:25.5680802Z sqlite-vec-diskann.c:917:30: warning: unused parameter ‘p_vector’ [-Wunused-parameter]
2026-04-01T06:09:25.5681432Z   917 |     i64 p_rowid, const void *p_vector,
2026-04-01T06:09:25.5681835Z       |                  ~~~~~~~~~~~~^~~~~~~~
2026-04-01T06:09:25.5791418Z In file included from sqlite-vec.c:3:
2026-04-01T06:09:25.5792277Z sqlite-vec.c: In function ‘vec0_metadata_filter_text’:
2026-04-01T06:09:25.5797924Z sqlite-vec.c:6768:57: warning: comparison of integer expressions of different signedness: ‘long unsigned int’ and ‘int’ [-Wsign-compare]
2026-04-01T06:09:25.5799228Z  6768 |   assert((sqlite3_blob_bytes(rowidsBlob) / sizeof(i64)) == size);
2026-04-01T06:09:25.5799890Z       |                                                         ^~
2026-04-01T06:09:25.5810512Z sqlite-vec.c:6996:24: warning: comparison of unsigned expression in ‘< 0’ is always false [-Wtype-limits]
2026-04-01T06:09:25.5811406Z  6996 |       if(metadataInIdx < 0) {
2026-04-01T06:09:25.5811851Z       |                        ^
2026-04-01T06:09:25.5813178Z sqlite-vec.c: In function ‘vec0_set_metadata_filter_bitmap’:
2026-04-01T06:09:25.5820002Z sqlite-vec.c:7097:26: warning: comparison of integer expressions of different signedness: ‘int’ and ‘long unsigned int’ [-Wsign-compare]
2026-04-01T06:09:25.5821183Z  7097 |       szMatch = blobSize == size * sizeof(i64);
2026-04-01T06:09:25.5821715Z       |                          ^~
2026-04-01T06:09:25.5826129Z sqlite-vec.c:7101:26: warning: comparison of integer expressions of different signedness: ‘int’ and ‘long unsigned int’ [-Wsign-compare]
2026-04-01T06:09:25.5827553Z  7101 |       szMatch = blobSize == size * sizeof(double);
2026-04-01T06:09:25.5828422Z       |                          ^~
2026-04-01T06:09:25.5835359Z sqlite-vec.c: In function ‘vec0Filter_knn_chunks_iter’:
2026-04-01T06:09:25.5841693Z sqlite-vec.c:7390:20: warning: comparison of integer expressions of different signedness: ‘i64’ {aka ‘long long int’} and ‘long unsigned int’ [-Wsign-compare]
2026-04-01T06:09:25.5843290Z  7390 |     if (rowidsSize != p->chunk_size * sizeof(i64)) {
2026-04-01T06:09:25.5843835Z       |                    ^~
2026-04-01T06:09:25.5875391Z In file included from sqlite-vec.c:3:
2026-04-01T06:09:25.5876176Z sqlite-vec.c: In function ‘vec0Filter_knn’:
2026-04-01T06:09:25.5883031Z sqlite-vec.c:7812:15: warning: comparison of integer expressions of different signedness: ‘int’ and ‘size_t’ {aka ‘long unsigned int’} [-Wsign-compare]
2026-04-01T06:09:25.5884163Z  7812 |   assert(argc == (strlen(idxStr)-1) / 4);
2026-04-01T06:09:25.5884630Z       |               ^~
2026-04-01T06:09:25.6034747Z sqlite-vec.c: At top level:
2026-04-01T06:09:25.6036814Z sqlite-vec.c:10551: warning: ignoring ‘#pragma endregion ’ [-Wunknown-pragmas]
2026-04-01T06:09:25.6037486Z 10551 | #pragma endregion
2026-04-01T06:09:25.6037855Z       | 
2026-04-01T06:09:26.4382590Z In file included from sqlite-vec.h:5,
2026-04-01T06:09:26.4382933Z                  from sqlite-vec.c:1:
2026-04-01T06:09:26.4383428Z sqlite-vec.c: In function ‘vec0_init.constprop’:
2026-04-01T06:09:26.4384124Z vendor/sqlite3ext.h:645:40: warning: ‘pkColumnNameLength’ may be used uninitialized in this function [-Wmaybe-uninitialized]
2026-04-01T06:09:26.4384734Z   645 | #define sqlite3_str_appendf            sqlite3_api->str_appendf
2026-04-01T06:09:26.4385075Z       |                                        ^~~~~~~~~~~
2026-04-01T06:09:26.4386705Z sqlite-vec.c:4920:7: note: ‘pkColumnNameLength’ was declared here
2026-04-01T06:09:26.4387059Z  4920 |   int pkColumnNameLength;
2026-04-01T06:09:26.4387293Z       |       ^~~~~~~~~~~~~~~~~~
2026-04-01T06:09:27.0708211Z sqlite-vec.c: In function ‘vec0Filter_knn_chunks_iter’:
2026-04-01T06:09:27.0713046Z sqlite-vec.c:7540:26: warning: ‘result’ may be used uninitialized in this function [-Wmaybe-uninitialized]
2026-04-01T06:09:27.0713905Z  7540 |       chunk_distances[i] = result;
2026-04-01T06:09:27.0714340Z       |       ~~~~~~~~~~~~~~~~~~~^~~~~~~~
2026-04-01T06:09:27.3860505Z In file included from sqlite-vec.h:5,
2026-04-01T06:09:27.3861206Z                  from sqlite-vec.c:1:
2026-04-01T06:09:27.3862166Z sqlite-vec.c: In function ‘vec0Update_InsertWriteFinalStep’:
2026-04-01T06:09:27.3863433Z vendor/sqlite3ext.h:529:40: warning: ‘offset’ may be used uninitialized in this function [-Wmaybe-uninitialized]
2026-04-01T06:09:27.3864542Z   529 | #define sqlite3_blob_write             sqlite3_api->blob_write
2026-04-01T06:09:27.3865187Z       |                                        ^~~~~~~~~~~
2026-04-01T06:09:27.3869403Z sqlite-vec.c:8848:7: note: ‘offset’ was declared here
2026-04-01T06:09:27.3869974Z  8848 |   int offset;
2026-04-01T06:09:27.3870316Z       |       ^~~~~~
2026-04-01T06:09:27.3870706Z In file included from sqlite-vec.h:5,
2026-04-01T06:09:27.3871187Z                  from sqlite-vec.c:1:
2026-04-01T06:09:27.3872181Z vendor/sqlite3ext.h:529:40: warning: ‘n’ may be used uninitialized in this function [-Wmaybe-uninitialized]
2026-04-01T06:09:27.3873210Z   529 | #define sqlite3_blob_write             sqlite3_api->blob_write
2026-04-01T06:09:27.3873874Z       |                                        ^~~~~~~~~~~
2026-04-01T06:09:27.3879363Z sqlite-vec.c:8847:7: note: ‘n’ was declared here
2026-04-01T06:09:27.3879833Z  8847 |   int n;
2026-04-01T06:09:27.3880124Z       |       ^
2026-04-01T06:09:27.6985691Z In file included from sqlite-vec.h:5,
2026-04-01T06:09:27.6986327Z                  from sqlite-vec.c:1:
2026-04-01T06:09:27.6987319Z sqlite-vec.c: In function ‘vec0Update_UpdateVectorColumn’:
2026-04-01T06:09:27.6988733Z vendor/sqlite3ext.h:529:40: warning: ‘offset’ may be used uninitialized in this function [-Wmaybe-uninitialized]
2026-04-01T06:09:27.6989811Z   529 | #define sqlite3_blob_write             sqlite3_api->blob_write
2026-04-01T06:09:27.6990450Z       |                                        ^~~~~~~~~~~
2026-04-01T06:09:27.6994418Z sqlite-vec.c:8848:7: note: ‘offset’ was declared here
2026-04-01T06:09:27.6994974Z  8848 |   int offset;
2026-04-01T06:09:27.6995323Z       |       ^~~~~~
2026-04-01T06:09:27.6996063Z In file included from sqlite-vec.h:5,
2026-04-01T06:09:27.6996556Z                  from sqlite-vec.c:1:
2026-04-01T06:09:27.6997702Z vendor/sqlite3ext.h:529:40: warning: ‘n’ may be used uninitialized in this function [-Wmaybe-uninitialized]
2026-04-01T06:09:27.6998841Z   529 | #define sqlite3_blob_write             sqlite3_api->blob_write
2026-04-01T06:09:27.6999496Z       |                                        ^~~~~~~~~~~
2026-04-01T06:09:27.7004431Z sqlite-vec.c:8847:7: note: ‘n’ was declared here
2026-04-01T06:09:27.7004926Z  8847 |   int n;
2026-04-01T06:09:27.7005240Z       |       ^
2026-04-01T06:09:27.8283721Z uv run --managed-python --project tests pytest -vv -s -x . tests/test-*.py
2026-04-01T06:09:28.6083741Z ============================= test session starts ==============================
2026-04-01T06:09:28.6084879Z platform linux -- Python 3.12.13, pytest-8.3.3, pluggy-1.5.0 -- /home/runner/work/sqlite-vec/sqlite-vec/tests/.venv/bin/python
2026-04-01T06:09:28.6085744Z cachedir: .pytest_cache
2026-04-01T06:09:28.6086249Z rootdir: /home/runner/work/sqlite-vec/sqlite-vec/tests
2026-04-01T06:09:28.6086819Z configfile: pyproject.toml
2026-04-01T06:09:28.6087227Z plugins: syrupy-4.7.2
2026-04-01T06:09:29.3203389Z collecting ... collected 586 items
2026-04-01T06:09:29.3203621Z 
2026-04-01T06:09:29.3249409Z tests/test-auxiliary.py::test_constructor_limit PASSED
2026-04-01T06:09:29.3275055Z tests/test-auxiliary.py::test_normal PASSED
2026-04-01T06:09:29.3297723Z tests/test-auxiliary.py::test_types PASSED
2026-04-01T06:09:29.3322558Z tests/test-auxiliary.py::test_updates PASSED
2026-04-01T06:09:29.3346598Z tests/test-auxiliary.py::test_deletes PASSED
2026-04-01T06:09:29.3363628Z tests/test-auxiliary.py::test_knn PASSED
2026-04-01T06:09:29.3379348Z tests/test-auxiliary.py::test_rescore_aux_shadow_tables PASSED
2026-04-01T06:09:29.3404543Z tests/test-auxiliary.py::test_rescore_aux_insert_knn PASSED
2026-04-01T06:09:29.3417214Z tests/test-auxiliary.py::test_rescore_aux_update PASSED
2026-04-01T06:09:29.3437891Z tests/test-auxiliary.py::test_rescore_aux_delete PASSED
2026-04-01T06:09:29.3457813Z tests/test-auxiliary.py::test_diskann_aux_shadow_tables PASSED
2026-04-01T06:09:29.3479135Z tests/test-auxiliary.py::test_diskann_aux_insert_knn PASSED
2026-04-01T06:09:29.3496619Z tests/test-auxiliary.py::test_diskann_aux_update_and_delete PASSED
2026-04-01T06:09:29.3509157Z tests/test-auxiliary.py::test_diskann_aux_drop_cleans_all PASSED
2026-04-01T06:09:29.3519658Z tests/test-diskann.py::test_diskann_create_basic PASSED
2026-04-01T06:09:29.3529768Z tests/test-diskann.py::test_diskann_create_int8_quantizer PASSED
2026-04-01T06:09:29.3539617Z tests/test-diskann.py::test_diskann_create_with_options PASSED
2026-04-01T06:09:29.3549164Z tests/test-diskann.py::test_diskann_create_with_distance_metric PASSED
2026-04-01T06:09:29.3556661Z tests/test-diskann.py::test_diskann_create_error_missing_quantizer PASSED
2026-04-01T06:09:29.3564268Z tests/test-diskann.py::test_diskann_create_error_empty_parens PASSED
2026-04-01T06:09:29.3572198Z tests/test-diskann.py::test_diskann_create_error_unknown_quantizer PASSED
2026-04-01T06:09:29.3579694Z tests/test-diskann.py::test_diskann_create_error_bit_column PASSED
2026-04-01T06:09:29.3587083Z tests/test-diskann.py::test_diskann_create_error_binary_quantizer_odd_dims PASSED
2026-04-01T06:09:29.3594876Z tests/test-diskann.py::test_diskann_create_error_bad_n_neighbors PASSED
2026-04-01T06:09:29.3604447Z tests/test-diskann.py::test_diskann_shadow_tables_created PASSED
2026-04-01T06:09:29.3614367Z tests/test-diskann.py::test_diskann_medoid_in_info PASSED
2026-04-01T06:09:29.3624001Z tests/test-diskann.py::test_non_diskann_no_extra_tables PASSED
2026-04-01T06:09:29.3633750Z tests/test-diskann.py::test_diskann_medoid_initial_null PASSED
2026-04-01T06:09:29.3643892Z tests/test-diskann.py::test_diskann_medoid_set_via_info PASSED
2026-04-01T06:09:29.3654715Z tests/test-diskann.py::test_diskann_single_insert PASSED
2026-04-01T06:09:29.3672842Z tests/test-diskann.py::test_diskann_multiple_inserts PASSED
2026-04-01T06:09:29.3684524Z tests/test-diskann.py::test_diskann_bidirectional_edges PASSED
2026-04-01T06:09:29.3699813Z tests/test-diskann.py::test_diskann_delete_single PASSED
2026-04-01T06:09:29.3716031Z tests/test-diskann.py::test_diskann_delete_no_stale_references PASSED
2026-04-01T06:09:29.3725913Z tests/test-diskann.py::test_diskann_delete_medoid PASSED
2026-04-01T06:09:29.3736966Z tests/test-diskann.py::test_diskann_delete_all PASSED
2026-04-01T06:09:29.3747477Z tests/test-diskann.py::test_diskann_insert_delete_insert_cycle PASSED
2026-04-01T06:09:29.3757725Z tests/test-diskann.py::test_diskann_knn_basic PASSED
2026-04-01T06:09:29.3802029Z tests/test-diskann.py::test_diskann_knn_distances_sorted PASSED
2026-04-01T06:09:29.3811498Z tests/test-diskann.py::test_diskann_knn_empty_table PASSED
2026-04-01T06:09:29.3822260Z tests/test-diskann.py::test_diskann_knn_after_delete PASSED
2026-04-01T06:09:29.3832195Z tests/test-diskann.py::test_diskann_no_index_still_works PASSED
2026-04-01T06:09:29.3842234Z tests/test-diskann.py::test_diskann_drop_table PASSED
2026-04-01T06:09:29.3851423Z tests/test-diskann.py::test_diskann_create_split_search_list_size PASSED
2026-04-01T06:09:29.3858276Z tests/test-diskann.py::test_diskann_create_error_mixed_search_list_size PASSED
2026-04-01T06:09:29.3880556Z tests/test-diskann.py::test_diskann_command_search_list_size PASSED
2026-04-01T06:09:29.3889683Z tests/test-diskann.py::test_diskann_command_search_list_size_error PASSED
2026-04-01T06:09:29.3899078Z tests/test-diskann.py::test_diskann_create_with_auxiliary_column PASSED
2026-04-01T06:09:29.3906193Z tests/test-diskann.py::test_diskann_create_error_with_metadata_column PASSED
2026-04-01T06:09:29.3913177Z tests/test-diskann.py::test_diskann_create_error_with_partition_key PASSED
2026-04-01T06:09:29.3923469Z tests/test-diskann.py::test_diskann_insert_no_rowid PASSED
2026-04-01T06:09:29.5447612Z tests/test-diskann.py::test_diskann_insert_large_batch PASSED
2026-04-01T06:09:29.5459087Z tests/test-diskann.py::test_diskann_insert_zero_vector PASSED
2026-04-01T06:09:29.5469815Z tests/test-diskann.py::test_diskann_insert_large_values PASSED
2026-04-01T06:09:29.5495229Z tests/test-diskann.py::test_diskann_insert_int8_quantizer_knn PASSED
2026-04-01T06:09:29.5505511Z tests/test-diskann.py::test_diskann_delete_nonexistent PASSED
2026-04-01T06:09:29.5516776Z tests/test-diskann.py::test_diskann_delete_then_reinsert_same_rowid PASSED
2026-04-01T06:09:29.5530360Z tests/test-diskann.py::test_diskann_delete_all_then_insert PASSED
2026-04-01T06:09:29.5553544Z tests/test-diskann.py::test_diskann_delete_preserves_graph_connectivity PASSED
2026-04-01T06:09:29.5566677Z tests/test-diskann.py::test_diskann_update_vector PASSED
2026-04-01T06:09:29.5649038Z tests/test-diskann.py::test_diskann_knn_recall_after_inserts PASSED
2026-04-01T06:09:29.5660312Z tests/test-diskann.py::test_diskann_knn_k_larger_than_table PASSED
2026-04-01T06:09:29.5671021Z tests/test-diskann.py::test_diskann_knn_cosine_metric PASSED
2026-04-01T06:09:29.5754535Z tests/test-diskann.py::test_diskann_knn_after_heavy_churn PASSED
2026-04-01T06:09:29.6048608Z tests/test-diskann.py::test_diskann_knn_batch_recall PASSED
2026-04-01T06:09:29.6058037Z tests/test-diskann.py::test_diskann_insert_wrong_dimensions PASSED
2026-04-01T06:09:29.6068140Z tests/test-diskann.py::test_diskann_knn_wrong_query_dimensions PASSED
2026-04-01T06:09:29.6115589Z tests/test-diskann.py::test_diskann_graph_connectivity_after_many_deletes PASSED
2026-04-01T06:09:29.7582336Z tests/test-diskann.py::test_diskann_large_batch_insert_500 PASSED
2026-04-01T06:09:29.7594402Z tests/test-diskann.py::test_corrupt_truncated_node_blob PASSED
2026-04-01T06:09:29.7661025Z tests/test-diskann.py::test_diskann_delete_reinsert_cycle_knn PASSED
2026-04-01T06:09:29.7680513Z tests/test-diskann.py::test_diskann_delete_interleaved_with_knn PASSED
2026-04-01T06:09:29.7693474Z tests/test-diskann.py::test_diskann_text_pk_insert_knn_delete PASSED
2026-04-01T06:09:29.7711181Z tests/test-diskann.py::test_diskann_delete_scrubs_all_references PASSED
2026-04-01T06:09:29.7764387Z tests/test-general.py::test_shadow PASSED
2026-04-01T06:09:29.7775772Z tests/test-general.py::test_info PASSED
2026-04-01T06:09:29.7786436Z tests/test-general.py::test_command_column_name_conflict PASSED
2026-04-01T06:09:29.7827536Z tests/test-insert-delete.py::test_insert_creates_chunks_and_vectors PASSED
2026-04-01T06:09:29.7837604Z tests/test-insert-delete.py::test_insert_auto_rowid PASSED
2026-04-01T06:09:29.7850148Z tests/test-insert-delete.py::test_insert_text_primary_key PASSED
2026-04-01T06:09:29.7861158Z tests/test-insert-delete.py::test_delete_clears_validity PASSED
2026-04-01T06:09:29.7871934Z tests/test-insert-delete.py::test_insert_delete_reinsert PASSED
2026-04-01T06:09:29.7881383Z tests/test-insert-delete.py::test_insert_validates_dimensions PASSED
2026-04-01T06:09:29.7890584Z tests/test-insert-delete.py::test_insert_validates_type PASSED
2026-04-01T06:09:29.7904796Z tests/test-insert-delete.py::test_info_table_contents PASSED
2026-04-01T06:09:29.7915448Z tests/test-insert-delete.py::test_delete_zeroes_rowid_blob PASSED
2026-04-01T06:09:29.7924590Z tests/test-insert-delete.py::test_delete_zeroes_vector_blob PASSED
2026-04-01T06:09:29.7935603Z tests/test-insert-delete.py::test_delete_all_rows_deletes_chunk PASSED
2026-04-01T06:09:29.7946863Z tests/test-insert-delete.py::test_delete_chunk_multiple_chunks PASSED
2026-04-01T06:09:29.7959696Z tests/test-insert-delete.py::test_delete_with_metadata_columns PASSED
2026-04-01T06:09:29.7970592Z tests/test-insert-delete.py::test_delete_with_auxiliary_columns PASSED
2026-04-01T06:09:29.7980888Z tests/test-insert-delete.py::test_delete_with_text_primary_key PASSED
2026-04-01T06:09:29.7992402Z tests/test-insert-delete.py::test_delete_with_partition_keys PASSED
2026-04-01T06:09:29.8002276Z tests/test-insert-delete.py::test_delete_int8_vectors PASSED
2026-04-01T06:09:29.8012325Z tests/test-insert-delete.py::test_delete_bit_vectors PASSED
2026-04-01T06:09:29.8113764Z tests/test-insert-delete.py::test_delete_chunk_shrinks_pages PASSED
2026-04-01T06:09:29.8176191Z tests/test-insert-delete.py::test_delete_one_chunk_of_two_shrinks_pages PASSED
2026-04-01T06:09:29.8225377Z tests/test-insert-delete.py::test_wal_concurrent_reader_during_write PASSED
2026-04-01T06:09:29.8229628Z tests/test-ivf-mutations.py::test_insert_single_row_knn SKIPPED (IVF not
2026-04-01T06:09:29.8236213Z enabled (compile with -DSQLITE_VEC_EXPERIMENTAL_IVF_ENABLE=1))
2026-04-01T06:09:29.8240108Z tests/test-ivf-mutations.py::test_batch_insert_knn_recall SKIPPED (IVF
2026-04-01T06:09:29.8242801Z not enabled (compile with -DSQLITE_VEC_EXPERIMENTAL_IVF_ENABLE=1))
2026-04-01T06:09:29.8245745Z tests/test-ivf-mutations.py::test_delete_rows_gone_from_knn SKIPPED (IVF
2026-04-01T06:09:29.8248610Z not enabled (compile with -DSQLITE_VEC_EXPERIMENTAL_IVF_ENABLE=1))
2026-04-01T06:09:29.8253507Z tests/test-ivf-mutations.py::test_delete_all_rows_empty_results SKIPPED
2026-04-01T06:09:29.8258554Z tests/test-ivf-mutations.py::test_insert_after_delete_reuse_rowid SKIPPED
2026-04-01T06:09:29.8263294Z tests/test-ivf-mutations.py::test_update_vector_via_delete_insert SKIPPED
2026-04-01T06:09:29.8266041Z tests/test-ivf-mutations.py::test_ivf_with_auxiliary_column SKIPPED (IVF
2026-04-01T06:09:29.8268596Z not enabled (compile with -DSQLITE_VEC_EXPERIMENTAL_IVF_ENABLE=1))
2026-04-01T06:09:29.8273719Z tests/test-ivf-mutations.py::test_error_ivf_with_metadata_column SKIPPED
2026-04-01T06:09:29.8279864Z tests/test-ivf-mutations.py::test_error_ivf_with_partition_key SKIPPED)
2026-04-01T06:09:29.8284640Z tests/test-ivf-mutations.py::test_flat_with_auxiliary_still_works SKIPPED
2026-04-01T06:09:29.8289915Z tests/test-ivf-mutations.py::test_flat_with_metadata_still_works SKIPPED
2026-04-01T06:09:29.8294836Z tests/test-ivf-mutations.py::test_flat_with_partition_key_still_works SKIPPED
2026-04-01T06:09:29.8297432Z tests/test-ivf-mutations.py::test_zero_vectors SKIPPED (IVF not enabled
2026-04-01T06:09:29.8299963Z (compile with -DSQLITE_VEC_EXPERIMENTAL_IVF_ENABLE=1))
2026-04-01T06:09:29.8302852Z tests/test-ivf-mutations.py::test_large_values SKIPPED (IVF not enabled
2026-04-01T06:09:29.8305264Z (compile with -DSQLITE_VEC_EXPERIMENTAL_IVF_ENABLE=1))
2026-04-01T06:09:29.8310321Z tests/test-ivf-mutations.py::test_single_row_compute_centroids SKIPPED)
2026-04-01T06:09:29.8316659Z tests/test-ivf-mutations.py::test_cell_overflow_many_vectors SKIPPED1))
2026-04-01T06:09:29.8319472Z tests/test-ivf-mutations.py::test_large_batch_with_training SKIPPED (IVF
2026-04-01T06:09:29.8322141Z not enabled (compile with -DSQLITE_VEC_EXPERIMENTAL_IVF_ENABLE=1))
2026-04-01T06:09:29.8326998Z tests/test-ivf-mutations.py::test_knn_after_interleaved_insert_delete SKIPPED
2026-04-01T06:09:29.8331865Z tests/test-ivf-mutations.py::test_knn_empty_centroids_after_deletes SKIPPED
2026-04-01T06:09:29.8334315Z tests/test-ivf-mutations.py::test_knn_correct_distances SKIPPED (IVF not
2026-04-01T06:09:29.8336925Z enabled (compile with -DSQLITE_VEC_EXPERIMENTAL_IVF_ENABLE=1))
2026-04-01T06:09:29.8342019Z tests/test-ivf-mutations.py::test_delete_flat_mode_rowid_map_count SKIPPED
2026-04-01T06:09:29.8344622Z tests/test-ivf-mutations.py::test_delete_reinsert_as_update SKIPPED (IVF
2026-04-01T06:09:29.8347005Z not enabled (compile with -DSQLITE_VEC_EXPERIMENTAL_IVF_ENABLE=1))
2026-04-01T06:09:29.8351863Z tests/test-ivf-mutations.py::test_duplicate_rowid_insert_fails SKIPPED)
2026-04-01T06:09:29.8358206Z tests/test-ivf-mutations.py::test_interleaved_ops_correctness SKIPPED))
2026-04-01T06:09:29.8360985Z tests/test-ivf-mutations.py::test_ivf_update_vector_blocked SKIPPED (IVF
2026-04-01T06:09:29.8364164Z not enabled (compile with -DSQLITE_VEC_EXPERIMENTAL_IVF_ENABLE=1))
2026-04-01T06:09:29.8366748Z tests/test-ivf-quantization.py::test_ivf_quantizer_binary SKIPPED (IVF
2026-04-01T06:09:29.8369546Z not enabled (compile with -DSQLITE_VEC_EXPERIMENTAL_IVF_ENABLE=1))
2026-04-01T06:09:29.8372244Z tests/test-ivf-quantization.py::test_ivf_quantizer_int8 SKIPPED (IVF not
2026-04-01T06:09:29.8374811Z enabled (compile with -DSQLITE_VEC_EXPERIMENTAL_IVF_ENABLE=1))
2026-04-01T06:09:29.8380187Z tests/test-ivf-quantization.py::test_ivf_quantizer_none_explicit SKIPPED
2026-04-01T06:09:29.8384945Z tests/test-ivf-quantization.py::test_ivf_quantizer_all_params SKIPPED))
2026-04-01T06:09:29.8390023Z tests/test-ivf-quantization.py::test_ivf_error_oversample_without_quantizer SKIPPED
2026-04-01T06:09:29.8457922Z tests/test-ivf-quantization.py::test_ivf_error_unknown_quantizer SKIPPED
2026-04-01T06:09:29.8458719Z tests/test-ivf-quantization.py::test_ivf_oversample_1_without_quantizer_ok SKIPPED
2026-04-01T06:09:29.8459558Z tests/test-ivf-quantization.py::test_ivf_int8_insert_and_query SKIPPED)
2026-04-01T06:09:29.8460188Z tests/test-ivf-quantization.py::test_ivf_binary_insert_and_query SKIPPED
2026-04-01T06:09:29.8460668Z tests/test-ivf-quantization.py::test_ivf_int8_cell_sizes_smaller SKIPPED
2026-04-01T06:09:29.8461116Z tests/test-ivf-quantization.py::test_ivf_binary_cell_sizes_smaller SKIPPED
2026-04-01T06:09:29.8461585Z tests/test-ivf-quantization.py::test_ivf_int8_oversample_improves_recall SKIPPED
2026-04-01T06:09:29.8462129Z tests/test-ivf-quantization.py::test_ivf_quantized_delete SKIPPED (IVF
2026-04-01T06:09:29.8462894Z not enabled (compile with -DSQLITE_VEC_EXPERIMENTAL_IVF_ENABLE=1))
2026-04-01T06:09:29.8463350Z tests/test-ivf-quantization.py::test_ivf_binary_rejects_non_multiple_of_8_dims SKIPPED
2026-04-01T06:09:29.8463821Z tests/test-ivf.py::test_ivf_create_defaults SKIPPED (IVF not enabled
2026-04-01T06:09:29.8464196Z (compile with -DSQLITE_VEC_EXPERIMENTAL_IVF_ENABLE=1))
2026-04-01T06:09:29.8464565Z tests/test-ivf.py::test_ivf_create_custom_params SKIPPED (IVF not
2026-04-01T06:09:29.8464941Z enabled (compile with -DSQLITE_VEC_EXPERIMENTAL_IVF_ENABLE=1))
2026-04-01T06:09:29.8465347Z tests/test-ivf.py::test_ivf_create_with_distance_metric SKIPPED (IVF not
2026-04-01T06:09:29.8466063Z enabled (compile with -DSQLITE_VEC_EXPERIMENTAL_IVF_ENABLE=1))
2026-04-01T06:09:29.8466466Z tests/test-ivf.py::test_ivf_create_error_unknown_key SKIPPED (IVF not
2026-04-01T06:09:29.8467029Z enabled (compile with -DSQLITE_VEC_EXPERIMENTAL_IVF_ENABLE=1))
2026-04-01T06:09:29.8467427Z tests/test-ivf.py::test_ivf_create_error_nprobe_gt_nlist SKIPPED (IVF
2026-04-01T06:09:29.8467899Z not enabled (compile with -DSQLITE_VEC_EXPERIMENTAL_IVF_ENABLE=1))
2026-04-01T06:09:29.8469964Z tests/test-ivf.py::test_ivf_shadow_tables_created SKIPPED (IVF not
2026-04-01T06:09:29.8473646Z enabled (compile with -DSQLITE_VEC_EXPERIMENTAL_IVF_ENABLE=1))
2026-04-01T06:09:29.8477603Z tests/test-ivf.py::test_ivf_drop_cleans_up SKIPPED (IVF not enabled
2026-04-01T06:09:29.8483359Z (compile with -DSQLITE_VEC_EXPERIMENTAL_IVF_ENABLE=1))
2026-04-01T06:09:29.8486437Z tests/test-ivf.py::test_ivf_insert_flat_mode SKIPPED (IVF not enabled
2026-04-01T06:09:29.8489587Z (compile with -DSQLITE_VEC_EXPERIMENTAL_IVF_ENABLE=1))
2026-04-01T06:09:29.8492342Z tests/test-ivf.py::test_ivf_delete_flat_mode SKIPPED (IVF not enabled
2026-04-01T06:09:29.8494905Z (compile with -DSQLITE_VEC_EXPERIMENTAL_IVF_ENABLE=1))
2026-04-01T06:09:29.8497526Z tests/test-ivf.py::test_ivf_knn_flat_mode SKIPPED (IVF not enabled
2026-04-01T06:09:29.8500248Z (compile with -DSQLITE_VEC_EXPERIMENTAL_IVF_ENABLE=1))
2026-04-01T06:09:29.8502859Z tests/test-ivf.py::test_ivf_knn_flat_empty SKIPPED (IVF not enabled
2026-04-01T06:09:29.8505265Z (compile with -DSQLITE_VEC_EXPERIMENTAL_IVF_ENABLE=1))
2026-04-01T06:09:29.8507795Z tests/test-ivf.py::test_compute_centroids SKIPPED (IVF not enabled
2026-04-01T06:09:29.8510387Z (compile with -DSQLITE_VEC_EXPERIMENTAL_IVF_ENABLE=1))
2026-04-01T06:09:29.8512984Z tests/test-ivf.py::test_compute_centroids_recompute SKIPPED (IVF not
2026-04-01T06:09:29.8515661Z enabled (compile with -DSQLITE_VEC_EXPERIMENTAL_IVF_ENABLE=1))
2026-04-01T06:09:29.8518231Z tests/test-ivf.py::test_ivf_insert_after_training SKIPPED (IVF not
2026-04-01T06:09:29.8520895Z enabled (compile with -DSQLITE_VEC_EXPERIMENTAL_IVF_ENABLE=1))
2026-04-01T06:09:29.8524652Z tests/test-ivf.py::test_ivf_knn_after_training SKIPPED (IVF not enabled
2026-04-01T06:09:29.8527195Z (compile with -DSQLITE_VEC_EXPERIMENTAL_IVF_ENABLE=1))
2026-04-01T06:09:29.8529996Z tests/test-ivf.py::test_ivf_knn_k_larger_than_n SKIPPED (IVF not enabled
2026-04-01T06:09:29.8532373Z (compile with -DSQLITE_VEC_EXPERIMENTAL_IVF_ENABLE=1))
2026-04-01T06:09:29.8535067Z tests/test-ivf.py::test_set_centroid_and_assign SKIPPED (IVF not enabled
2026-04-01T06:09:29.8537683Z (compile with -DSQLITE_VEC_EXPERIMENTAL_IVF_ENABLE=1))
2026-04-01T06:09:29.8540472Z tests/test-ivf.py::test_clear_centroids SKIPPED (IVF not enabled
2026-04-01T06:09:29.8542907Z (compile with -DSQLITE_VEC_EXPERIMENTAL_IVF_ENABLE=1))
2026-04-01T06:09:29.8545539Z tests/test-ivf.py::test_ivf_delete_after_training SKIPPED (IVF not
2026-04-01T06:09:29.8548143Z enabled (compile with -DSQLITE_VEC_EXPERIMENTAL_IVF_ENABLE=1))
2026-04-01T06:09:29.8551025Z tests/test-ivf.py::test_ivf_recall_nprobe_equals_nlist SKIPPED (IVF not
2026-04-01T06:09:29.8554083Z enabled (compile with -DSQLITE_VEC_EXPERIMENTAL_IVF_ENABLE=1))
2026-04-01T06:09:29.8621648Z tests/test-knn-distance-constraints.py::test_normal PASSED
2026-04-01T06:09:29.8634350Z tests/test-legacy-compat.py::test_legacy_select_count PASSED
2026-04-01T06:09:29.8646915Z tests/test-legacy-compat.py::test_legacy_point_query PASSED
2026-04-01T06:09:29.8658983Z tests/test-legacy-compat.py::test_legacy_knn PASSED
2026-04-01T06:09:29.8672491Z tests/test-legacy-compat.py::test_legacy_insert PASSED
2026-04-01T06:09:29.8686048Z tests/test-legacy-compat.py::test_legacy_delete PASSED
2026-04-01T06:09:29.8699049Z tests/test-legacy-compat.py::test_legacy_fullscan PASSED
2026-04-01T06:09:29.8711861Z tests/test-legacy-compat.py::test_legacy_name_conflict_table PASSED
2026-04-01T06:09:29.8726216Z tests/test-legacy-compat.py::test_legacy_name_conflict_insert_delete PASSED
2026-04-01T06:09:29.8739217Z tests/test-legacy-compat.py::test_legacy_no_command_column PASSED
2026-04-01T06:09:29.8758422Z tests/test-loadable.py::test_limits PASSED
2026-04-01T06:09:29.8764611Z tests/test-loadable.py::test_funcs PASSED
2026-04-01T06:09:29.8770502Z tests/test-loadable.py::test_modules PASSED
2026-04-01T06:09:29.8776179Z tests/test-loadable.py::test_vec_version PASSED
2026-04-01T06:09:29.8781680Z tests/test-loadable.py::test_vec_debug PASSED
2026-04-01T06:09:29.8789581Z tests/test-loadable.py::test_vec_bit PASSED
2026-04-01T06:09:29.8805502Z tests/test-loadable.py::test_vec_f32 PASSED
2026-04-01T06:09:29.8811842Z tests/test-loadable.py::test_vec_int8 PASSED
2026-04-01T06:09:29.8820098Z tests/test-loadable.py::test_vec_distance_cosine PASSED
2026-04-01T06:09:29.8828571Z tests/test-loadable.py::test_vec_distance_hamming PASSED
2026-04-01T06:09:30.0237685Z tests/test-loadable.py::test_vec_distance_l1 PASSED
2026-04-01T06:09:30.0246199Z tests/test-loadable.py::test_vec_reject_nan_inf PASSED
2026-04-01T06:09:30.0254304Z tests/test-loadable.py::test_vec_distance_l2 PASSED
2026-04-01T06:09:30.0261860Z tests/test-loadable.py::test_vec_length PASSED
2026-04-01T06:09:30.0267662Z tests/test-loadable.py::test_vec_normalize PASSED
2026-04-01T06:09:30.0281017Z tests/test-loadable.py::test_vec_slice PASSED
2026-04-01T06:09:30.0289177Z tests/test-loadable.py::test_vec_type PASSED
2026-04-01T06:09:30.0298701Z tests/test-loadable.py::test_vec_add PASSED
2026-04-01T06:09:30.0306097Z tests/test-loadable.py::test_vec_sub PASSED
2026-04-01T06:09:30.0312428Z tests/test-loadable.py::test_vec_to_json PASSED
2026-04-01T06:09:30.0318050Z tests/test-loadable.py::test_vec_quantize_int8 SKIPPED (TODO)
2026-04-01T06:09:30.0323983Z tests/test-loadable.py::test_vec_quantize_binary PASSED
2026-04-01T06:09:30.0331194Z tests/test-loadable.py::test_vec0 SKIPPED (TODO)
2026-04-01T06:09:30.0385737Z tests/test-loadable.py::test_vec0_inserts PASSED
2026-04-01T06:09:30.0402517Z tests/test-loadable.py::test_vec0_insert_errors2 PASSED
2026-04-01T06:09:30.0417989Z tests/test-loadable.py::test_vec0_drops PASSED
2026-04-01T06:09:30.0433304Z tests/test-loadable.py::test_vec0_delete PASSED
2026-04-01T06:09:30.0454512Z tests/test-loadable.py::test_vec0_delete_errors PASSED
2026-04-01T06:09:30.0482662Z tests/test-loadable.py::test_vec0_updates PASSED
2026-04-01T06:09:30.0500566Z tests/test-loadable.py::test_vec0_point PASSED
2026-04-01T06:09:30.0522737Z tests/test-loadable.py::test_vec0_text_pk PASSED
2026-04-01T06:09:30.0542124Z tests/test-loadable.py::test_vec0_best_index PASSED
2026-04-01T06:09:30.0549555Z tests/test-loadable.py::test_vec_each PASSED
2026-04-01T06:09:30.0575592Z tests/test-loadable.py::test_vec0_constructor PASSED
2026-04-01T06:09:30.0597778Z tests/test-loadable.py::test_vec0_indexed_by_flat PASSED
2026-04-01T06:09:30.0623454Z tests/test-loadable.py::test_vec0_create_errors PASSED
2026-04-01T06:09:30.0651813Z tests/test-loadable.py::test_vec0_knn PASSED
2026-04-01T06:09:30.0657930Z tests/test-loadable.py::test_correctness_npy SKIPPED (TODO)
2026-04-01T06:09:30.0672188Z tests/test-loadable.py::test_smoke PASSED
2026-04-01T06:09:30.0779089Z tests/test-loadable.py::test_vec0_stress_small_chunks PASSED
2026-04-01T06:09:30.0800783Z tests/test-loadable.py::test_vec0_distance_metric PASSED
2026-04-01T06:09:30.0816907Z tests/test-loadable.py::test_vec0_vacuum PASSED
2026-04-01T06:09:30.4559506Z tests/test-loadable.py::test_stress1 PASSED
2026-04-01T06:09:30.4560122Z tests/test-loadable.py::test_stress SKIPPED (slow)
2026-04-01T06:09:30.4740267Z tests/test-loadable.py::test_coverage PASSED
2026-04-01T06:09:30.4830528Z tests/test-metadata.py::test_constructor_limit PASSED
2026-04-01T06:09:30.4886678Z tests/test-metadata.py::test_normal PASSED
2026-04-01T06:09:30.4948074Z tests/test-metadata.py::test_text_knn PASSED
2026-04-01T06:09:30.4976293Z tests/test-metadata.py::test_long_text_updates PASSED
2026-04-01T06:09:30.5110003Z tests/test-metadata.py::test_long_text_knn PASSED
2026-04-01T06:09:30.5132297Z tests/test-metadata.py::test_types PASSED
2026-04-01T06:09:30.5224837Z tests/test-metadata.py::test_updates PASSED
2026-04-01T06:09:30.5285932Z tests/test-metadata.py::test_deletes PASSED
2026-04-01T06:09:30.5308826Z tests/test-metadata.py::test_delete_by_metadata_with_long_text PASSED
2026-04-01T06:09:30.5323327Z tests/test-metadata.py::test_knn PASSED
2026-04-01T06:09:30.5359222Z tests/test-metadata.py::test_vtab_in PASSED
2026-04-01T06:09:30.5389173Z tests/test-metadata.py::test_vtab_in_long_text PASSED
2026-04-01T06:09:30.5431949Z tests/test-metadata.py::test_idxstr PASSED
2026-04-01T06:09:30.5506863Z tests/test-metadata.py::test_stress PASSED
2026-04-01T06:09:30.5521393Z tests/test-metadata.py::test_errors PASSED
2026-04-01T06:09:30.5571400Z tests/test-partition-keys.py::test_constructor_limit PASSED
2026-04-01T06:09:30.5594139Z tests/test-partition-keys.py::test_normal PASSED
2026-04-01T06:09:30.5612979Z tests/test-partition-keys.py::test_types PASSED
2026-04-01T06:09:30.5628891Z tests/test-partition-keys.py::test_updates PASSED
2026-04-01T06:09:30.5649495Z tests/test-rename.py::test_rename_basic PASSED
2026-04-01T06:09:30.5669005Z tests/test-rename.py::test_rename_insert_after PASSED
2026-04-01T06:09:30.5688474Z tests/test-rename.py::test_rename_delete_after PASSED
2026-04-01T06:09:30.5710633Z tests/test-rename.py::test_rename_with_auxiliary PASSED
2026-04-01T06:09:30.5734815Z tests/test-rename.py::test_rename_with_metadata PASSED
2026-04-01T06:09:30.5754821Z tests/test-rename.py::test_rename_drop_after PASSED
2026-04-01T06:09:30.5764774Z tests/test-rescore-mutations.py::test_create_with_aux_column PASSED
2026-04-01T06:09:30.5773410Z tests/test-rescore-mutations.py::test_create_error_with_metadata_column PASSED
2026-04-01T06:09:30.5782000Z tests/test-rescore-mutations.py::test_create_error_with_partition_key PASSED
2026-04-01T06:09:30.5793087Z tests/test-rescore-mutations.py::test_insert_single_verify_knn PASSED
2026-04-01T06:09:30.5831798Z tests/test-rescore-mutations.py::test_insert_large_batch PASSED
2026-04-01T06:09:30.5846449Z tests/test-rescore-mutations.py::test_delete_all_rows PASSED
2026-04-01T06:09:30.5858213Z tests/test-rescore-mutations.py::test_delete_then_reinsert_same_rowid PASSED
2026-04-01T06:09:30.5869675Z tests/test-rescore-mutations.py::test_update_vector PASSED
2026-04-01T06:09:30.6011672Z tests/test-rescore-mutations.py::test_knn_after_delete_all_but_one PASSED
2026-04-01T06:09:30.6023209Z tests/test-rescore-mutations.py::test_single_row_knn PASSED
2026-04-01T06:09:30.6035470Z tests/test-rescore-mutations.py::test_knn_with_all_identical_vectors PASSED
2026-04-01T06:09:30.6048227Z tests/test-rescore-mutations.py::test_zero_vector_insert PASSED
2026-04-01T06:09:30.6059641Z tests/test-rescore-mutations.py::test_very_large_values PASSED
2026-04-01T06:09:30.6071010Z tests/test-rescore-mutations.py::test_negative_values PASSED
2026-04-01T06:09:30.6082173Z tests/test-rescore-mutations.py::test_single_dimension PASSED
2026-04-01T06:09:30.6089556Z tests/test-rescore-mutations.py::test_vec_debug_contains_rescore PASSED
2026-04-01T06:09:30.6136858Z tests/test-rescore-mutations.py::test_insert_batch_recall PASSED
2026-04-01T06:09:30.6158548Z tests/test-rescore-mutations.py::test_delete_interleaved_with_knn PASSED
2026-04-01T06:09:30.6171192Z tests/test-rescore-mutations.py::test_delete_with_rowid_in_constraint PASSED
2026-04-01T06:09:30.6187634Z tests/test-rescore-mutations.py::test_delete_all_then_reinsert_batch PASSED
2026-04-01T06:09:30.6200471Z tests/test-rescore-mutations.py::test_knn_int8_cosine PASSED
2026-04-01T06:09:30.6210318Z tests/test-rescore.py::test_create_bit PASSED
2026-04-01T06:09:30.6220019Z tests/test-rescore.py::test_create_int8 PASSED
2026-04-01T06:09:30.6229780Z tests/test-rescore.py::test_create_with_oversample PASSED
2026-04-01T06:09:30.6239304Z tests/test-rescore.py::test_create_with_distance_metric PASSED
2026-04-01T06:09:30.6247453Z tests/test-rescore.py::test_create_error_missing_quantizer PASSED
2026-04-01T06:09:30.6254881Z tests/test-rescore.py::test_create_error_invalid_quantizer PASSED
2026-04-01T06:09:30.6261838Z tests/test-rescore.py::test_create_error_on_bit_column PASSED
2026-04-01T06:09:30.6269031Z tests/test-rescore.py::test_create_error_on_int8_column PASSED
2026-04-01T06:09:30.6275886Z tests/test-rescore.py::test_create_error_bad_oversample_zero PASSED
2026-04-01T06:09:30.6283064Z tests/test-rescore.py::test_create_error_bad_oversample_too_large PASSED
2026-04-01T06:09:30.6290057Z tests/test-rescore.py::test_create_error_bit_dim_not_divisible_by_8 PASSED
2026-04-01T06:09:30.6298973Z tests/test-rescore.py::test_shadow_tables_exist PASSED
2026-04-01T06:09:30.6308996Z tests/test-rescore.py::test_drop_cleans_up PASSED
2026-04-01T06:09:30.6318654Z tests/test-rescore.py::test_insert_single PASSED
2026-04-01T06:09:30.6333563Z tests/test-rescore.py::test_insert_multiple PASSED
2026-04-01T06:09:30.6344103Z tests/test-rescore.py::test_delete_single PASSED
2026-04-01T06:09:30.6354470Z tests/test-rescore.py::test_delete_and_reinsert PASSED
2026-04-01T06:09:30.6364149Z tests/test-rescore.py::test_point_query_returns_float PASSED
2026-04-01T06:09:30.6374612Z tests/test-rescore.py::test_knn_basic_bit PASSED
2026-04-01T06:09:30.6384841Z tests/test-rescore.py::test_knn_basic_int8 PASSED
2026-04-01T06:09:30.6394957Z tests/test-rescore.py::test_knn_returns_float_distances PASSED
2026-04-01T06:09:30.6635193Z tests/test-rescore.py::test_knn_recall PASSED
2026-04-01T06:09:30.6645023Z tests/test-rescore.py::test_knn_cosine PASSED
2026-04-01T06:09:30.6654143Z tests/test-rescore.py::test_knn_empty_table PASSED
2026-04-01T06:09:30.6664310Z tests/test-rescore.py::test_knn_k_larger_than_n PASSED
2026-04-01T06:09:30.6674760Z tests/test-rescore.py::test_knn_with_rowid_in PASSED
2026-04-01T06:09:30.6686189Z tests/test-rescore.py::test_knn_after_deletes PASSED
2026-04-01T06:09:30.6863696Z tests/test-rescore.py::test_oversample_effect PASSED
2026-04-01T06:09:30.6869378Z tests/test-rescore.py::test_multiple_vector_columns PASSED
2026-04-01T06:09:30.6879603Z tests/test-rescore.py::test_corrupt_zeroblob_validity PASSED
2026-04-01T06:09:30.6892819Z tests/test-rescore.py::test_corrupt_truncated_validity_blob PASSED
2026-04-01T06:09:30.6907242Z tests/test-rescore.py::test_rescore_text_pk_insert_knn_delete PASSED
2026-04-01T06:09:30.7028727Z tests/test-rescore.py::test_runtime_oversample PASSED
2026-04-01T06:09:30.7038949Z tests/test-rescore.py::test_runtime_oversample_error PASSED
2026-04-01T06:09:30.7048625Z tests/test-rescore.py::test_unknown_command_errors PASSED
2026-04-01T06:09:30.7058222Z tests/test-auxiliary.py::test_constructor_limit PASSED
2026-04-01T06:09:30.7083598Z tests/test-auxiliary.py::test_normal PASSED
2026-04-01T06:09:30.7106152Z tests/test-auxiliary.py::test_types PASSED
2026-04-01T06:09:30.7136088Z tests/test-auxiliary.py::test_updates PASSED
2026-04-01T06:09:30.7161916Z tests/test-auxiliary.py::test_deletes PASSED
2026-04-01T06:09:30.7177405Z tests/test-auxiliary.py::test_knn PASSED
2026-04-01T06:09:30.7190604Z tests/test-auxiliary.py::test_rescore_aux_shadow_tables PASSED
2026-04-01T06:09:30.7213861Z tests/test-auxiliary.py::test_rescore_aux_insert_knn PASSED
2026-04-01T06:09:30.7225601Z tests/test-auxiliary.py::test_rescore_aux_update PASSED
2026-04-01T06:09:30.7243482Z tests/test-auxiliary.py::test_rescore_aux_delete PASSED
2026-04-01T06:09:30.7256763Z tests/test-auxiliary.py::test_diskann_aux_shadow_tables PASSED
2026-04-01T06:09:30.7276518Z tests/test-auxiliary.py::test_diskann_aux_insert_knn PASSED
2026-04-01T06:09:30.7292899Z tests/test-auxiliary.py::test_diskann_aux_update_and_delete PASSED
2026-04-01T06:09:30.7304215Z tests/test-auxiliary.py::test_diskann_aux_drop_cleans_all PASSED
2026-04-01T06:09:30.7313424Z tests/test-diskann.py::test_diskann_create_basic PASSED
2026-04-01T06:09:30.7322215Z tests/test-diskann.py::test_diskann_create_int8_quantizer PASSED
2026-04-01T06:09:30.7331425Z tests/test-diskann.py::test_diskann_create_with_options PASSED
2026-04-01T06:09:30.7340744Z tests/test-diskann.py::test_diskann_create_with_distance_metric PASSED
2026-04-01T06:09:30.7347580Z tests/test-diskann.py::test_diskann_create_error_missing_quantizer PASSED
2026-04-01T06:09:30.7355368Z tests/test-diskann.py::test_diskann_create_error_empty_parens PASSED
2026-04-01T06:09:30.7361512Z tests/test-diskann.py::test_diskann_create_error_unknown_quantizer PASSED
2026-04-01T06:09:30.7368595Z tests/test-diskann.py::test_diskann_create_error_bit_column PASSED
2026-04-01T06:09:30.7374767Z tests/test-diskann.py::test_diskann_create_error_binary_quantizer_odd_dims PASSED
2026-04-01T06:09:30.7386870Z tests/test-diskann.py::test_diskann_create_error_bad_n_neighbors PASSED
2026-04-01T06:09:30.7396319Z tests/test-diskann.py::test_diskann_shadow_tables_created PASSED
2026-04-01T06:09:30.7405050Z tests/test-diskann.py::test_diskann_medoid_in_info PASSED
2026-04-01T06:09:30.7413784Z tests/test-diskann.py::test_non_diskann_no_extra_tables PASSED
2026-04-01T06:09:30.7422508Z tests/test-diskann.py::test_diskann_medoid_initial_null PASSED
2026-04-01T06:09:30.7431878Z tests/test-diskann.py::test_diskann_medoid_set_via_info PASSED
2026-04-01T06:09:30.7441300Z tests/test-diskann.py::test_diskann_single_insert PASSED
2026-04-01T06:09:30.7457654Z tests/test-diskann.py::test_diskann_multiple_inserts PASSED
2026-04-01T06:09:30.7467862Z tests/test-diskann.py::test_diskann_bidirectional_edges PASSED
2026-04-01T06:09:30.7477972Z tests/test-diskann.py::test_diskann_delete_single PASSED
2026-04-01T06:09:30.7490961Z tests/test-diskann.py::test_diskann_delete_no_stale_references PASSED
2026-04-01T06:09:30.7501129Z tests/test-diskann.py::test_diskann_delete_medoid PASSED
2026-04-01T06:09:30.7512069Z tests/test-diskann.py::test_diskann_delete_all PASSED
2026-04-01T06:09:30.7522380Z tests/test-diskann.py::test_diskann_insert_delete_insert_cycle PASSED
2026-04-01T06:09:30.7532639Z tests/test-diskann.py::test_diskann_knn_basic PASSED
2026-04-01T06:09:30.7576489Z tests/test-diskann.py::test_diskann_knn_distances_sorted PASSED
2026-04-01T06:09:30.7585690Z tests/test-diskann.py::test_diskann_knn_empty_table PASSED
2026-04-01T06:09:30.7596521Z tests/test-diskann.py::test_diskann_knn_after_delete PASSED
2026-04-01T06:09:30.7606153Z tests/test-diskann.py::test_diskann_no_index_still_works PASSED
2026-04-01T06:09:30.7619679Z tests/test-diskann.py::test_diskann_drop_table PASSED
2026-04-01T06:09:30.7629241Z tests/test-diskann.py::test_diskann_create_split_search_list_size PASSED
2026-04-01T06:09:30.7636188Z tests/test-diskann.py::test_diskann_create_error_mixed_search_list_size PASSED
2026-04-01T06:09:30.7657555Z tests/test-diskann.py::test_diskann_command_search_list_size PASSED
2026-04-01T06:09:30.7666509Z tests/test-diskann.py::test_diskann_command_search_list_size_error PASSED
2026-04-01T06:09:30.7675917Z tests/test-diskann.py::test_diskann_create_with_auxiliary_column PASSED
2026-04-01T06:09:30.7683203Z tests/test-diskann.py::test_diskann_create_error_with_metadata_column PASSED
2026-04-01T06:09:30.7690151Z tests/test-diskann.py::test_diskann_create_error_with_partition_key PASSED
2026-04-01T06:09:30.7699988Z tests/test-diskann.py::test_diskann_insert_no_rowid PASSED
2026-04-01T06:09:30.9212539Z tests/test-diskann.py::test_diskann_insert_large_batch PASSED
2026-04-01T06:09:30.9225015Z tests/test-diskann.py::test_diskann_insert_zero_vector PASSED
2026-04-01T06:09:30.9236137Z tests/test-diskann.py::test_diskann_insert_large_values PASSED
2026-04-01T06:09:30.9262145Z tests/test-diskann.py::test_diskann_insert_int8_quantizer_knn PASSED
2026-04-01T06:09:30.9272787Z tests/test-diskann.py::test_diskann_delete_nonexistent PASSED
2026-04-01T06:09:30.9285078Z tests/test-diskann.py::test_diskann_delete_then_reinsert_same_rowid PASSED
2026-04-01T06:09:30.9299057Z tests/test-diskann.py::test_diskann_delete_all_then_insert PASSED
2026-04-01T06:09:30.9326011Z tests/test-diskann.py::test_diskann_delete_preserves_graph_connectivity PASSED
2026-04-01T06:09:30.9337734Z tests/test-diskann.py::test_diskann_update_vector PASSED
2026-04-01T06:09:30.9421134Z tests/test-diskann.py::test_diskann_knn_recall_after_inserts PASSED
2026-04-01T06:09:30.9433102Z tests/test-diskann.py::test_diskann_knn_k_larger_than_table PASSED
2026-04-01T06:09:30.9444501Z tests/test-diskann.py::test_diskann_knn_cosine_metric PASSED
2026-04-01T06:09:30.9527458Z tests/test-diskann.py::test_diskann_knn_after_heavy_churn PASSED
2026-04-01T06:09:30.9819127Z tests/test-diskann.py::test_diskann_knn_batch_recall PASSED
2026-04-01T06:09:30.9829706Z tests/test-diskann.py::test_diskann_insert_wrong_dimensions PASSED
2026-04-01T06:09:30.9840315Z tests/test-diskann.py::test_diskann_knn_wrong_query_dimensions PASSED
2026-04-01T06:09:30.9889044Z tests/test-diskann.py::test_diskann_graph_connectivity_after_many_deletes PASSED
2026-04-01T06:09:31.1351410Z tests/test-diskann.py::test_diskann_large_batch_insert_500 PASSED
2026-04-01T06:09:31.1364092Z tests/test-diskann.py::test_corrupt_truncated_node_blob PASSED
2026-04-01T06:09:31.1427786Z tests/test-diskann.py::test_diskann_delete_reinsert_cycle_knn PASSED
2026-04-01T06:09:31.1448173Z tests/test-diskann.py::test_diskann_delete_interleaved_with_knn PASSED
2026-04-01T06:09:31.1461446Z tests/test-diskann.py::test_diskann_text_pk_insert_knn_delete PASSED
2026-04-01T06:09:31.1478866Z tests/test-diskann.py::test_diskann_delete_scrubs_all_references PASSED
2026-04-01T06:09:31.1503129Z tests/test-general.py::test_shadow PASSED
2026-04-01T06:09:31.1517107Z tests/test-general.py::test_info PASSED
2026-04-01T06:09:31.1527775Z tests/test-general.py::test_command_column_name_conflict PASSED
2026-04-01T06:09:31.1542474Z tests/test-insert-delete.py::test_insert_creates_chunks_and_vectors PASSED
2026-04-01T06:09:31.1553430Z tests/test-insert-delete.py::test_insert_auto_rowid PASSED
2026-04-01T06:09:31.1566743Z tests/test-insert-delete.py::test_insert_text_primary_key PASSED
2026-04-01T06:09:31.1578306Z tests/test-insert-delete.py::test_delete_clears_validity PASSED
2026-04-01T06:09:31.1590033Z tests/test-insert-delete.py::test_insert_delete_reinsert PASSED
2026-04-01T06:09:31.1600185Z tests/test-insert-delete.py::test_insert_validates_dimensions PASSED
2026-04-01T06:09:31.1610463Z tests/test-insert-delete.py::test_insert_validates_type PASSED
2026-04-01T06:09:31.1622181Z tests/test-insert-delete.py::test_info_table_contents PASSED
2026-04-01T06:09:31.1633405Z tests/test-insert-delete.py::test_delete_zeroes_rowid_blob PASSED
2026-04-01T06:09:31.1644447Z tests/test-insert-delete.py::test_delete_zeroes_vector_blob PASSED
2026-04-01T06:09:31.1656865Z tests/test-insert-delete.py::test_delete_all_rows_deletes_chunk PASSED
2026-04-01T06:09:31.1669799Z tests/test-insert-delete.py::test_delete_chunk_multiple_chunks PASSED
2026-04-01T06:09:31.1684011Z tests/test-insert-delete.py::test_delete_with_metadata_columns PASSED
2026-04-01T06:09:31.1696746Z tests/test-insert-delete.py::test_delete_with_auxiliary_columns PASSED
2026-04-01T06:09:31.1708828Z tests/test-insert-delete.py::test_delete_with_text_primary_key PASSED
2026-04-01T06:09:31.1726812Z tests/test-insert-delete.py::test_delete_with_partition_keys PASSED
2026-04-01T06:09:31.1737264Z tests/test-insert-delete.py::test_delete_int8_vectors PASSED
2026-04-01T06:09:31.1747554Z tests/test-insert-delete.py::test_delete_bit_vectors PASSED
2026-04-01T06:09:31.1816014Z tests/test-insert-delete.py::test_delete_chunk_shrinks_pages PASSED
2026-04-01T06:09:31.1877193Z tests/test-insert-delete.py::test_delete_one_chunk_of_two_shrinks_pages PASSED
2026-04-01T06:09:31.1925601Z tests/test-insert-delete.py::test_wal_concurrent_reader_during_write PASSED
2026-04-01T06:09:31.1929364Z tests/test-ivf-mutations.py::test_insert_single_row_knn SKIPPED (IVF not
2026-04-01T06:09:31.1932630Z enabled (compile with -DSQLITE_VEC_EXPERIMENTAL_IVF_ENABLE=1))
2026-04-01T06:09:31.1936034Z tests/test-ivf-mutations.py::test_batch_insert_knn_recall SKIPPED (IVF
2026-04-01T06:09:31.1938924Z not enabled (compile with -DSQLITE_VEC_EXPERIMENTAL_IVF_ENABLE=1))
2026-04-01T06:09:31.1942315Z tests/test-ivf-mutations.py::test_delete_rows_gone_from_knn SKIPPED (IVF
2026-04-01T06:09:31.1945278Z not enabled (compile with -DSQLITE_VEC_EXPERIMENTAL_IVF_ENABLE=1))
2026-04-01T06:09:31.1951002Z tests/test-ivf-mutations.py::test_delete_all_rows_empty_results SKIPPED
2026-04-01T06:09:31.1957077Z tests/test-ivf-mutations.py::test_insert_after_delete_reuse_rowid SKIPPED
2026-04-01T06:09:31.1973474Z tests/test-ivf-mutations.py::test_update_vector_via_delete_insert SKIPPED
2026-04-01T06:09:31.1976919Z tests/test-ivf-mutations.py::test_ivf_with_auxiliary_column SKIPPED (IVF
2026-04-01T06:09:31.1980049Z not enabled (compile with -DSQLITE_VEC_EXPERIMENTAL_IVF_ENABLE=1))
2026-04-01T06:09:31.1985816Z tests/test-ivf-mutations.py::test_error_ivf_with_metadata_column SKIPPED
2026-04-01T06:09:31.1991408Z tests/test-ivf-mutations.py::test_error_ivf_with_partition_key SKIPPED)
2026-04-01T06:09:31.1997025Z tests/test-ivf-mutations.py::test_flat_with_auxiliary_still_works SKIPPED
2026-04-01T06:09:31.2002861Z tests/test-ivf-mutations.py::test_flat_with_metadata_still_works SKIPPED
2026-04-01T06:09:31.2008458Z tests/test-ivf-mutations.py::test_flat_with_partition_key_still_works SKIPPED
2026-04-01T06:09:31.2011359Z tests/test-ivf-mutations.py::test_zero_vectors SKIPPED (IVF not enabled
2026-04-01T06:09:31.2014599Z (compile with -DSQLITE_VEC_EXPERIMENTAL_IVF_ENABLE=1))
2026-04-01T06:09:31.2019090Z tests/test-ivf-mutations.py::test_large_values SKIPPED (IVF not enabled
2026-04-01T06:09:31.2022241Z (compile with -DSQLITE_VEC_EXPERIMENTAL_IVF_ENABLE=1))
2026-04-01T06:09:31.2027914Z tests/test-ivf-mutations.py::test_single_row_compute_centroids SKIPPED)
2026-04-01T06:09:31.2033880Z tests/test-ivf-mutations.py::test_cell_overflow_many_vectors SKIPPED1))
2026-04-01T06:09:31.2036967Z tests/test-ivf-mutations.py::test_large_batch_with_training SKIPPED (IVF
2026-04-01T06:09:31.2040155Z not enabled (compile with -DSQLITE_VEC_EXPERIMENTAL_IVF_ENABLE=1))
2026-04-01T06:09:31.2045679Z tests/test-ivf-mutations.py::test_knn_after_interleaved_insert_delete SKIPPED
2026-04-01T06:09:31.2051106Z tests/test-ivf-mutations.py::test_knn_empty_centroids_after_deletes SKIPPED
2026-04-01T06:09:31.2054011Z tests/test-ivf-mutations.py::test_knn_correct_distances SKIPPED (IVF not
2026-04-01T06:09:31.2056979Z enabled (compile with -DSQLITE_VEC_EXPERIMENTAL_IVF_ENABLE=1))
2026-04-01T06:09:31.2064212Z tests/test-ivf-mutations.py::test_delete_flat_mode_rowid_map_count SKIPPED
2026-04-01T06:09:31.2067236Z tests/test-ivf-mutations.py::test_delete_reinsert_as_update SKIPPED (IVF
2026-04-01T06:09:31.2070310Z not enabled (compile with -DSQLITE_VEC_EXPERIMENTAL_IVF_ENABLE=1))
2026-04-01T06:09:31.2076088Z tests/test-ivf-mutations.py::test_duplicate_rowid_insert_fails SKIPPED)
2026-04-01T06:09:31.2081863Z tests/test-ivf-mutations.py::test_interleaved_ops_correctness SKIPPED))
2026-04-01T06:09:31.2084867Z tests/test-ivf-mutations.py::test_ivf_update_vector_blocked SKIPPED (IVF
2026-04-01T06:09:31.2087731Z not enabled (compile with -DSQLITE_VEC_EXPERIMENTAL_IVF_ENABLE=1))
2026-04-01T06:09:31.2090994Z tests/test-ivf-quantization.py::test_ivf_quantizer_binary SKIPPED (IVF
2026-04-01T06:09:31.2093966Z not enabled (compile with -DSQLITE_VEC_EXPERIMENTAL_IVF_ENABLE=1))
2026-04-01T06:09:31.2097185Z tests/test-ivf-quantization.py::test_ivf_quantizer_int8 SKIPPED (IVF not
2026-04-01T06:09:31.2100241Z enabled (compile with -DSQLITE_VEC_EXPERIMENTAL_IVF_ENABLE=1))
2026-04-01T06:09:31.2107074Z tests/test-ivf-quantization.py::test_ivf_quantizer_none_explicit SKIPPED
2026-04-01T06:09:31.2113011Z tests/test-ivf-quantization.py::test_ivf_quantizer_all_params SKIPPED))
2026-04-01T06:09:31.2118650Z tests/test-ivf-quantization.py::test_ivf_error_oversample_without_quantizer SKIPPED
2026-04-01T06:09:31.2124094Z tests/test-ivf-quantization.py::test_ivf_error_unknown_quantizer SKIPPED
2026-04-01T06:09:31.2129696Z tests/test-ivf-quantization.py::test_ivf_oversample_1_without_quantizer_ok SKIPPED
2026-04-01T06:09:31.2135088Z tests/test-ivf-quantization.py::test_ivf_int8_insert_and_query SKIPPED)
2026-04-01T06:09:31.2140574Z tests/test-ivf-quantization.py::test_ivf_binary_insert_and_query SKIPPED
2026-04-01T06:09:31.2146039Z tests/test-ivf-quantization.py::test_ivf_int8_cell_sizes_smaller SKIPPED
2026-04-01T06:09:31.2152913Z tests/test-ivf-quantization.py::test_ivf_binary_cell_sizes_smaller SKIPPED
2026-04-01T06:09:31.2158966Z tests/test-ivf-quantization.py::test_ivf_int8_oversample_improves_recall SKIPPED
2026-04-01T06:09:31.2161984Z tests/test-ivf-quantization.py::test_ivf_quantized_delete SKIPPED (IVF
2026-04-01T06:09:31.2165200Z not enabled (compile with -DSQLITE_VEC_EXPERIMENTAL_IVF_ENABLE=1))
2026-04-01T06:09:31.2171271Z tests/test-ivf-quantization.py::test_ivf_binary_rejects_non_multiple_of_8_dims SKIPPED
2026-04-01T06:09:31.2174344Z tests/test-ivf.py::test_ivf_create_defaults SKIPPED (IVF not enabled
2026-04-01T06:09:31.2177296Z (compile with -DSQLITE_VEC_EXPERIMENTAL_IVF_ENABLE=1))
2026-04-01T06:09:31.2180429Z tests/test-ivf.py::test_ivf_create_custom_params SKIPPED (IVF not
2026-04-01T06:09:31.2183369Z enabled (compile with -DSQLITE_VEC_EXPERIMENTAL_IVF_ENABLE=1))
2026-04-01T06:09:31.2186410Z tests/test-ivf.py::test_ivf_create_with_distance_metric SKIPPED (IVF not
2026-04-01T06:09:31.2189439Z enabled (compile with -DSQLITE_VEC_EXPERIMENTAL_IVF_ENABLE=1))
2026-04-01T06:09:31.2192399Z tests/test-ivf.py::test_ivf_create_error_unknown_key SKIPPED (IVF not
2026-04-01T06:09:31.2196878Z enabled (compile with -DSQLITE_VEC_EXPERIMENTAL_IVF_ENABLE=1))
2026-04-01T06:09:31.2200194Z tests/test-ivf.py::test_ivf_create_error_nprobe_gt_nlist SKIPPED (IVF
2026-04-01T06:09:31.2203318Z not enabled (compile with -DSQLITE_VEC_EXPERIMENTAL_IVF_ENABLE=1))
2026-04-01T06:09:31.2206415Z tests/test-ivf.py::test_ivf_shadow_tables_created SKIPPED (IVF not
2026-04-01T06:09:31.2209711Z enabled (compile with -DSQLITE_VEC_EXPERIMENTAL_IVF_ENABLE=1))
2026-04-01T06:09:31.2212760Z tests/test-ivf.py::test_ivf_drop_cleans_up SKIPPED (IVF not enabled
2026-04-01T06:09:31.2215835Z (compile with -DSQLITE_VEC_EXPERIMENTAL_IVF_ENABLE=1))
2026-04-01T06:09:31.2219064Z tests/test-ivf.py::test_ivf_insert_flat_mode SKIPPED (IVF not enabled
2026-04-01T06:09:31.2222165Z (compile with -DSQLITE_VEC_EXPERIMENTAL_IVF_ENABLE=1))
2026-04-01T06:09:31.2225171Z tests/test-ivf.py::test_ivf_delete_flat_mode SKIPPED (IVF not enabled
2026-04-01T06:09:31.2228031Z (compile with -DSQLITE_VEC_EXPERIMENTAL_IVF_ENABLE=1))
2026-04-01T06:09:31.2231291Z tests/test-ivf.py::test_ivf_knn_flat_mode SKIPPED (IVF not enabled
2026-04-01T06:09:31.2234241Z (compile with -DSQLITE_VEC_EXPERIMENTAL_IVF_ENABLE=1))
2026-04-01T06:09:31.2237270Z tests/test-ivf.py::test_ivf_knn_flat_empty SKIPPED (IVF not enabled
2026-04-01T06:09:31.2240363Z (compile with -DSQLITE_VEC_EXPERIMENTAL_IVF_ENABLE=1))
2026-04-01T06:09:31.2244756Z tests/test-ivf.py::test_compute_centroids SKIPPED (IVF not enabled
2026-04-01T06:09:31.2247682Z (compile with -DSQLITE_VEC_EXPERIMENTAL_IVF_ENABLE=1))
2026-04-01T06:09:31.2251060Z tests/test-ivf.py::test_compute_centroids_recompute SKIPPED (IVF not
2026-04-01T06:09:31.2254101Z enabled (compile with -DSQLITE_VEC_EXPERIMENTAL_IVF_ENABLE=1))
2026-04-01T06:09:31.2257261Z tests/test-ivf.py::test_ivf_insert_after_training SKIPPED (IVF not
2026-04-01T06:09:31.2260290Z enabled (compile with -DSQLITE_VEC_EXPERIMENTAL_IVF_ENABLE=1))
2026-04-01T06:09:31.2263385Z tests/test-ivf.py::test_ivf_knn_after_training SKIPPED (IVF not enabled
2026-04-01T06:09:31.2266451Z (compile with -DSQLITE_VEC_EXPERIMENTAL_IVF_ENABLE=1))
2026-04-01T06:09:31.2269459Z tests/test-ivf.py::test_ivf_knn_k_larger_than_n SKIPPED (IVF not enabled
2026-04-01T06:09:31.2272491Z (compile with -DSQLITE_VEC_EXPERIMENTAL_IVF_ENABLE=1))
2026-04-01T06:09:31.2275378Z tests/test-ivf.py::test_set_centroid_and_assign SKIPPED (IVF not enabled
2026-04-01T06:09:31.2278614Z (compile with -DSQLITE_VEC_EXPERIMENTAL_IVF_ENABLE=1))
2026-04-01T06:09:31.2281704Z tests/test-ivf.py::test_clear_centroids SKIPPED (IVF not enabled
2026-04-01T06:09:31.2284610Z (compile with -DSQLITE_VEC_EXPERIMENTAL_IVF_ENABLE=1))
2026-04-01T06:09:31.2287685Z tests/test-ivf.py::test_ivf_delete_after_training SKIPPED (IVF not
2026-04-01T06:09:31.2292133Z enabled (compile with -DSQLITE_VEC_EXPERIMENTAL_IVF_ENABLE=1))
2026-04-01T06:09:31.2295390Z tests/test-ivf.py::test_ivf_recall_nprobe_equals_nlist SKIPPED (IVF not
2026-04-01T06:09:31.2298524Z enabled (compile with -DSQLITE_VEC_EXPERIMENTAL_IVF_ENABLE=1))
2026-04-01T06:09:31.2332764Z tests/test-knn-distance-constraints.py::test_normal PASSED
2026-04-01T06:09:31.2345839Z tests/test-legacy-compat.py::test_legacy_select_count PASSED
2026-04-01T06:09:31.2359357Z tests/test-legacy-compat.py::test_legacy_point_query PASSED
2026-04-01T06:09:31.2372318Z tests/test-legacy-compat.py::test_legacy_knn PASSED
2026-04-01T06:09:31.2386246Z tests/test-legacy-compat.py::test_legacy_insert PASSED
2026-04-01T06:09:31.2400111Z tests/test-legacy-compat.py::test_legacy_delete PASSED
2026-04-01T06:09:31.2412939Z tests/test-legacy-compat.py::test_legacy_fullscan PASSED
2026-04-01T06:09:31.2426289Z tests/test-legacy-compat.py::test_legacy_name_conflict_table PASSED
2026-04-01T06:09:31.2440201Z tests/test-legacy-compat.py::test_legacy_name_conflict_insert_delete PASSED
2026-04-01T06:09:31.2452523Z tests/test-legacy-compat.py::test_legacy_no_command_column PASSED
2026-04-01T06:09:31.2468123Z tests/test-loadable.py::test_limits PASSED
2026-04-01T06:09:31.2474269Z tests/test-loadable.py::test_funcs PASSED
2026-04-01T06:09:31.2480072Z tests/test-loadable.py::test_modules PASSED
2026-04-01T06:09:31.2485465Z tests/test-loadable.py::test_vec_version PASSED
2026-04-01T06:09:31.2491243Z tests/test-loadable.py::test_vec_debug PASSED
2026-04-01T06:09:31.2497379Z tests/test-loadable.py::test_vec_bit PASSED
2026-04-01T06:09:31.2511137Z tests/test-loadable.py::test_vec_f32 PASSED
2026-04-01T06:09:31.2517664Z tests/test-loadable.py::test_vec_int8 PASSED
2026-04-01T06:09:31.2524933Z tests/test-loadable.py::test_vec_distance_cosine PASSED
2026-04-01T06:09:31.2531541Z tests/test-loadable.py::test_vec_distance_hamming PASSED
2026-04-01T06:09:31.3921589Z tests/test-loadable.py::test_vec_distance_l1 PASSED
2026-04-01T06:09:31.3924398Z tests/test-loadable.py::test_vec_reject_nan_inf PASSED
2026-04-01T06:09:31.3932057Z tests/test-loadable.py::test_vec_distance_l2 PASSED
2026-04-01T06:09:31.3939085Z tests/test-loadable.py::test_vec_length PASSED
2026-04-01T06:09:31.3944953Z tests/test-loadable.py::test_vec_normalize PASSED
2026-04-01T06:09:31.3952804Z tests/test-loadable.py::test_vec_slice PASSED
2026-04-01T06:09:31.3959448Z tests/test-loadable.py::test_vec_type PASSED
2026-04-01T06:09:31.3966498Z tests/test-loadable.py::test_vec_add PASSED
2026-04-01T06:09:31.3973017Z tests/test-loadable.py::test_vec_sub PASSED
2026-04-01T06:09:31.3979004Z tests/test-loadable.py::test_vec_to_json PASSED
2026-04-01T06:09:31.3984899Z tests/test-loadable.py::test_vec_quantize_int8 SKIPPED (TODO)
2026-04-01T06:09:31.3990634Z tests/test-loadable.py::test_vec_quantize_binary PASSED
2026-04-01T06:09:31.3998123Z tests/test-loadable.py::test_vec0 SKIPPED (TODO)
2026-04-01T06:09:31.4037546Z tests/test-loadable.py::test_vec0_inserts PASSED
2026-04-01T06:09:31.4053550Z tests/test-loadable.py::test_vec0_insert_errors2 PASSED
2026-04-01T06:09:31.4069050Z tests/test-loadable.py::test_vec0_drops PASSED
2026-04-01T06:09:31.4084561Z tests/test-loadable.py::test_vec0_delete PASSED
2026-04-01T06:09:31.4103050Z tests/test-loadable.py::test_vec0_delete_errors PASSED
2026-04-01T06:09:31.4128078Z tests/test-loadable.py::test_vec0_updates PASSED
2026-04-01T06:09:31.4146909Z tests/test-loadable.py::test_vec0_point PASSED
2026-04-01T06:09:31.4165869Z tests/test-loadable.py::test_vec0_text_pk PASSED
2026-04-01T06:09:31.4181284Z tests/test-loadable.py::test_vec0_best_index PASSED
2026-04-01T06:09:31.4187827Z tests/test-loadable.py::test_vec_each PASSED
2026-04-01T06:09:31.4209565Z tests/test-loadable.py::test_vec0_constructor PASSED
2026-04-01T06:09:31.4232373Z tests/test-loadable.py::test_vec0_indexed_by_flat PASSED
2026-04-01T06:09:31.4256995Z tests/test-loadable.py::test_vec0_create_errors PASSED
2026-04-01T06:09:31.4283157Z tests/test-loadable.py::test_vec0_knn PASSED
2026-04-01T06:09:31.4289072Z tests/test-loadable.py::test_correctness_npy SKIPPED (TODO)
2026-04-01T06:09:31.4303251Z tests/test-loadable.py::test_smoke PASSED
2026-04-01T06:09:31.4411178Z tests/test-loadable.py::test_vec0_stress_small_chunks PASSED
2026-04-01T06:09:31.4431942Z tests/test-loadable.py::test_vec0_distance_metric PASSED
2026-04-01T06:09:31.4447286Z tests/test-loadable.py::test_vec0_vacuum PASSED
2026-04-01T06:09:31.8029518Z tests/test-loadable.py::test_stress1 PASSED
2026-04-01T06:09:31.8030712Z tests/test-loadable.py::test_stress SKIPPED (slow)
2026-04-01T06:09:31.8034373Z tests/test-loadable.py::test_coverage PASSED
2026-04-01T06:09:31.8047081Z tests/test-metadata.py::test_constructor_limit PASSED
2026-04-01T06:09:31.8107881Z tests/test-metadata.py::test_normal PASSED
2026-04-01T06:09:31.8164303Z tests/test-metadata.py::test_text_knn PASSED
2026-04-01T06:09:31.8190863Z tests/test-metadata.py::test_long_text_updates PASSED
2026-04-01T06:09:31.8319207Z tests/test-metadata.py::test_long_text_knn PASSED
2026-04-01T06:09:31.8342001Z tests/test-metadata.py::test_types PASSED
2026-04-01T06:09:31.8436342Z tests/test-metadata.py::test_updates PASSED
2026-04-01T06:09:31.8493033Z tests/test-metadata.py::test_deletes PASSED
2026-04-01T06:09:31.8509370Z tests/test-metadata.py::test_delete_by_metadata_with_long_text PASSED
2026-04-01T06:09:31.8536571Z tests/test-metadata.py::test_knn PASSED
2026-04-01T06:09:31.8571453Z tests/test-metadata.py::test_vtab_in PASSED
2026-04-01T06:09:31.8601672Z tests/test-metadata.py::test_vtab_in_long_text PASSED
2026-04-01T06:09:31.8668694Z tests/test-metadata.py::test_idxstr PASSED
2026-04-01T06:09:31.8741044Z tests/test-metadata.py::test_stress PASSED
2026-04-01T06:09:31.8758392Z tests/test-metadata.py::test_errors PASSED
2026-04-01T06:09:31.8769195Z tests/test-partition-keys.py::test_constructor_limit PASSED
2026-04-01T06:09:31.8797488Z tests/test-partition-keys.py::test_normal PASSED
2026-04-01T06:09:31.8820094Z tests/test-partition-keys.py::test_types PASSED
2026-04-01T06:09:31.8837512Z tests/test-partition-keys.py::test_updates PASSED
2026-04-01T06:09:31.8878674Z tests/test-rename.py::test_rename_basic PASSED
2026-04-01T06:09:31.8887430Z tests/test-rename.py::test_rename_insert_after PASSED
2026-04-01T06:09:31.8912026Z tests/test-rename.py::test_rename_delete_after PASSED
2026-04-01T06:09:31.8940537Z tests/test-rename.py::test_rename_with_auxiliary PASSED
2026-04-01T06:09:31.8969327Z tests/test-rename.py::test_rename_with_metadata PASSED
2026-04-01T06:09:31.8987783Z tests/test-rename.py::test_rename_drop_after PASSED
2026-04-01T06:09:31.8996903Z tests/test-rescore-mutations.py::test_create_with_aux_column PASSED
2026-04-01T06:09:31.9004027Z tests/test-rescore-mutations.py::test_create_error_with_metadata_column PASSED
2026-04-01T06:09:31.9010981Z tests/test-rescore-mutations.py::test_create_error_with_partition_key PASSED
2026-04-01T06:09:31.9020572Z tests/test-rescore-mutations.py::test_insert_single_verify_knn PASSED
2026-04-01T06:09:31.9057806Z tests/test-rescore-mutations.py::test_insert_large_batch PASSED
2026-04-01T06:09:31.9071182Z tests/test-rescore-mutations.py::test_delete_all_rows PASSED
2026-04-01T06:09:31.9081790Z tests/test-rescore-mutations.py::test_delete_then_reinsert_same_rowid PASSED
2026-04-01T06:09:31.9091654Z tests/test-rescore-mutations.py::test_update_vector PASSED
2026-04-01T06:09:31.9108839Z tests/test-rescore-mutations.py::test_knn_after_delete_all_but_one PASSED
2026-04-01T06:09:31.9118666Z tests/test-rescore-mutations.py::test_single_row_knn PASSED
2026-04-01T06:09:31.9129803Z tests/test-rescore-mutations.py::test_knn_with_all_identical_vectors PASSED
2026-04-01T06:09:31.9140879Z tests/test-rescore-mutations.py::test_zero_vector_insert PASSED
2026-04-01T06:09:31.9150254Z tests/test-rescore-mutations.py::test_very_large_values PASSED
2026-04-01T06:09:31.9160204Z tests/test-rescore-mutations.py::test_negative_values PASSED
2026-04-01T06:09:31.9170049Z tests/test-rescore-mutations.py::test_single_dimension PASSED
2026-04-01T06:09:31.9181739Z tests/test-rescore-mutations.py::test_vec_debug_contains_rescore PASSED
2026-04-01T06:09:31.9224838Z tests/test-rescore-mutations.py::test_insert_batch_recall PASSED
2026-04-01T06:09:31.9245431Z tests/test-rescore-mutations.py::test_delete_interleaved_with_knn PASSED
2026-04-01T06:09:31.9256671Z tests/test-rescore-mutations.py::test_delete_with_rowid_in_constraint PASSED
2026-04-01T06:09:31.9271002Z tests/test-rescore-mutations.py::test_delete_all_then_reinsert_batch PASSED
2026-04-01T06:09:31.9281135Z tests/test-rescore-mutations.py::test_knn_int8_cosine PASSED
2026-04-01T06:09:31.9289319Z tests/test-rescore.py::test_create_bit PASSED
2026-04-01T06:09:31.9297555Z tests/test-rescore.py::test_create_int8 PASSED
2026-04-01T06:09:31.9305870Z tests/test-rescore.py::test_create_with_oversample PASSED
2026-04-01T06:09:31.9314322Z tests/test-rescore.py::test_create_with_distance_metric PASSED
2026-04-01T06:09:31.9320967Z tests/test-rescore.py::test_create_error_missing_quantizer PASSED
2026-04-01T06:09:31.9327919Z tests/test-rescore.py::test_create_error_invalid_quantizer PASSED
2026-04-01T06:09:31.9334698Z tests/test-rescore.py::test_create_error_on_bit_column PASSED
2026-04-01T06:09:31.9341418Z tests/test-rescore.py::test_create_error_on_int8_column PASSED
2026-04-01T06:09:31.9347871Z tests/test-rescore.py::test_create_error_bad_oversample_zero PASSED
2026-04-01T06:09:31.9355035Z tests/test-rescore.py::test_create_error_bad_oversample_too_large PASSED
2026-04-01T06:09:31.9361912Z tests/test-rescore.py::test_create_error_bit_dim_not_divisible_by_8 PASSED
2026-04-01T06:09:31.9374767Z tests/test-rescore.py::test_shadow_tables_exist PASSED
2026-04-01T06:09:31.9384770Z tests/test-rescore.py::test_drop_cleans_up PASSED
2026-04-01T06:09:31.9394438Z tests/test-rescore.py::test_insert_single PASSED
2026-04-01T06:09:31.9404667Z tests/test-rescore.py::test_insert_multiple PASSED
2026-04-01T06:09:31.9414614Z tests/test-rescore.py::test_delete_single PASSED
2026-04-01T06:09:31.9425057Z tests/test-rescore.py::test_delete_and_reinsert PASSED
2026-04-01T06:09:31.9434537Z tests/test-rescore.py::test_point_query_returns_float PASSED
2026-04-01T06:09:31.9444671Z tests/test-rescore.py::test_knn_basic_bit PASSED
2026-04-01T06:09:31.9455581Z tests/test-rescore.py::test_knn_basic_int8 PASSED
2026-04-01T06:09:31.9466560Z tests/test-rescore.py::test_knn_returns_float_distances PASSED
2026-04-01T06:09:31.9708143Z tests/test-rescore.py::test_knn_recall PASSED
2026-04-01T06:09:31.9719251Z tests/test-rescore.py::test_knn_cosine PASSED
2026-04-01T06:09:31.9728921Z tests/test-rescore.py::test_knn_empty_table PASSED
2026-04-01T06:09:31.9739428Z tests/test-rescore.py::test_knn_k_larger_than_n PASSED
2026-04-01T06:09:31.9750857Z tests/test-rescore.py::test_knn_with_rowid_in PASSED
2026-04-01T06:09:31.9763123Z tests/test-rescore.py::test_knn_after_deletes PASSED
2026-04-01T06:09:31.9936578Z tests/test-rescore.py::test_oversample_effect PASSED
2026-04-01T06:09:31.9948519Z tests/test-rescore.py::test_multiple_vector_columns PASSED
2026-04-01T06:09:31.9959288Z tests/test-rescore.py::test_corrupt_zeroblob_validity PASSED
2026-04-01T06:09:31.9973321Z tests/test-rescore.py::test_corrupt_truncated_validity_blob PASSED
2026-04-01T06:09:31.9988739Z tests/test-rescore.py::test_rescore_text_pk_insert_knn_delete PASSED
2026-04-01T06:09:32.0110649Z tests/test-rescore.py::test_runtime_oversample PASSED
2026-04-01T06:09:32.0120721Z tests/test-rescore.py::test_runtime_oversample_error PASSED
2026-04-01T06:09:32.0609457Z tests/test-rescore.py::test_unknown_command_errors PASSED
2026-04-01T06:09:32.0610181Z 
2026-04-01T06:09:32.0610555Z =============================== warnings summary ===============================
2026-04-01T06:09:32.0611443Z tests/test-loadable.py:1394
2026-04-01T06:09:32.0612788Z   /home/runner/work/sqlite-vec/sqlite-vec/tests/test-loadable.py:1394: SyntaxWarning: invalid escape sequence '\['
2026-04-01T06:09:32.0614352Z     ("SCAN (TABLE )?t VIRTUAL TABLE INDEX 0:3{___}___\[___"),
2026-04-01T06:09:32.0615024Z 
2026-04-01T06:09:32.0615530Z -- Docs: https://docs.pytest.org/en/stable/how-to/capture-warnings.html
2026-04-01T06:09:32.0616827Z --------------------------- snapshot report summary ----------------------------
2026-04-01T06:09:32.0617810Z 204 snapshots passed.
2026-04-01T06:09:32.0618707Z ================= 460 passed, 126 skipped, 1 warning in 3.46s ==================
2026-04-01T06:09:32.1091248Z ##[group]Run actions/upload-artifact@v4
2026-04-01T06:09:32.1091524Z with:
2026-04-01T06:09:32.1091716Z   name: sqlite-vec-linux-x86_64-extension
2026-04-01T06:09:32.1091969Z   path: dist/*
2026-04-01T06:09:32.1092158Z   if-no-files-found: warn
2026-04-01T06:09:32.1092487Z   compression-level: 6
2026-04-01T06:09:32.1092687Z   overwrite: false
2026-04-01T06:09:32.1092890Z   include-hidden-files: false
2026-04-01T06:09:32.1093101Z env:
2026-04-01T06:09:32.1093343Z   UV_PYTHON_INSTALL_DIR: /home/runner/work/_temp/uv-python-dir
2026-04-01T06:09:32.1093691Z   UV_CACHE_DIR: /home/runner/work/_temp/setup-uv-cache
2026-04-01T06:09:32.1093964Z ##[endgroup]
2026-04-01T06:09:32.3068069Z With the provided path, there will be 2 files uploaded
2026-04-01T06:09:32.3072409Z Artifact name is valid!
2026-04-01T06:09:32.3073280Z Root directory input is valid!
2026-04-01T06:09:32.4438278Z Beginning upload of artifact content to blob storage
2026-04-01T06:09:32.7436029Z Uploaded bytes 187707
2026-04-01T06:09:32.7910730Z Finished uploading artifact content to blob storage!
2026-04-01T06:09:32.7913900Z SHA256 digest of uploaded artifact zip is 97401cc7c4c6bd3a4951780b034994c6afaf032ed8f09f42831abab984d6f751
2026-04-01T06:09:32.7915886Z Finalizing artifact upload
2026-04-01T06:09:32.8917706Z Artifact sqlite-vec-linux-x86_64-extension.zip successfully finalized. Artifact ID 6214510828
2026-04-01T06:09:32.8919143Z Artifact sqlite-vec-linux-x86_64-extension has been successfully uploaded! Final size is 187707 bytes. Artifact ID is 6214510828
2026-04-01T06:09:32.8925667Z Artifact download URL: https://github.com/asg017/sqlite-vec/actions/runs/23834632194/artifacts/6214510828
2026-04-01T06:09:32.9030051Z Post job cleanup.
2026-04-01T06:09:33.0039129Z UV_CACHE_DIR is already set to /home/runner/work/_temp/setup-uv-cache
2026-04-01T06:09:33.0043309Z UV_PYTHON_INSTALL_DIR is already set to /home/runner/work/_temp/uv-python-dir
2026-04-01T06:09:33.0045167Z Cache hit occurred on key setup-uv-2-x86_64-unknown-linux-gnu-ubuntu-22.04-3.10.12-pruned-b4e3d98a86f8f85e9f8f6f01a79ef62a22e14e0f7fe60eaab7ca87f9d84b065e, not saving cache.
2026-04-01T06:09:33.0641825Z Post job cleanup.
2026-04-01T06:09:33.1501182Z [command]/usr/bin/git version
2026-04-01T06:09:33.1532014Z git version 2.53.0
2026-04-01T06:09:33.1570294Z Temporarily overriding HOME='/home/runner/work/_temp/acf8f248-c4e2-454d-8583-629359abf873' before making global git config changes
2026-04-01T06:09:33.1571836Z Adding repository directory to the temporary git global config as a safe directory
2026-04-01T06:09:33.1584746Z [command]/usr/bin/git config --global --add safe.directory /home/runner/work/sqlite-vec/sqlite-vec
2026-04-01T06:09:33.1614269Z [command]/usr/bin/git config --local --name-only --get-regexp core\.sshCommand
2026-04-01T06:09:33.1640930Z [command]/usr/bin/git submodule foreach --recursive sh -c "git config --local --name-only --get-regexp 'core\.sshCommand' && git config --local --unset-all 'core.sshCommand' || :"
2026-04-01T06:09:33.1865858Z [command]/usr/bin/git config --local --name-only --get-regexp http\.https\:\/\/github\.com\/\.extraheader
2026-04-01T06:09:33.1882022Z http.https://github.com/.extraheader
2026-04-01T06:09:33.1892601Z [command]/usr/bin/git config --local --unset-all http.https://github.com/.extraheader
2026-04-01T06:09:33.1915918Z [command]/usr/bin/git submodule foreach --recursive sh -c "git config --local --name-only --get-regexp 'http\.https\:\/\/github\.com\/\.extraheader' && git config --local --unset-all 'http.https://github.com/.extraheader' || :"
2026-04-01T06:09:33.2075560Z [command]/usr/bin/git config --local --name-only --get-regexp ^includeIf\.gitdir:
2026-04-01T06:09:33.2099870Z [command]/usr/bin/git submodule foreach --recursive git config --local --show-origin --name-only --get-regexp remote.origin.url
2026-04-01T06:09:33.2350819Z Cleaning up orphan processes
2026-04-01T06:09:33.2583961Z ##[warning]Node.js 20 actions are deprecated. The following actions are running on Node.js 20 and may not work as expected: actions/checkout@v4, actions/upload-artifact@v4. Actions will be forced to run with Node.js 24 by default starting June 2nd, 2026. Node.js 20 will be removed from the runner on September 16th, 2026. Please check if updated versions of these actions are available that support Node.js 24. To opt into Node.js 24 now, set the FORCE_JAVASCRIPT_ACTIONS_TO_NODE24=true environment variable on the runner or in your workflow file. Once Node.js 24 becomes the default, you can temporarily opt out by setting ACTIONS_ALLOW_USE_UNSECURE_NODE_VERSION=true. For more information see: https://github.blog/changelog/2025-09-19-deprecation-of-node-20-on-github-actions-runners/
