2026-02-19T13:14:02.8231803Z Current runner version: '2.331.0'
2026-02-19T13:14:02.8267854Z ##[group]Runner Image Provisioner
2026-02-19T13:14:02.8268895Z Hosted Compute Agent
2026-02-19T13:14:02.8269711Z Version: 20260213.493
2026-02-19T13:14:02.8270513Z Commit: 5c115507f6dd24b8de37d8bbe0bb4509d0cc0fa3
2026-02-19T13:14:02.8271636Z Build Date: 2026-02-13T00:28:41Z
2026-02-19T13:14:02.8272575Z Worker ID: {6027f755-5757-4bac-a136-42635ccfb304}
2026-02-19T13:14:02.8273532Z Azure Region: northcentralus
2026-02-19T13:14:02.8274367Z ##[endgroup]
2026-02-19T13:14:02.8276089Z ##[group]Operating System
2026-02-19T13:14:02.8276966Z Microsoft Windows Server 2025
2026-02-19T13:14:02.8277763Z 10.0.26100
2026-02-19T13:14:02.8278450Z Datacenter
2026-02-19T13:14:02.8279061Z ##[endgroup]
2026-02-19T13:14:02.8279777Z ##[group]Runner Image
2026-02-19T13:14:02.8281004Z Image: windows-2025
2026-02-19T13:14:02.8281682Z Version: 20260217.31.1
2026-02-19T13:14:02.8284021Z Included Software: https://github.com/actions/runner-images/blob/win25/20260217.31/images/windows/Windows2025-Readme.md
2026-02-19T13:14:02.8286439Z Image Release: https://github.com/actions/runner-images/releases/tag/win25%2F20260217.31
2026-02-19T13:14:02.8287824Z ##[endgroup]
2026-02-19T13:14:02.8292071Z ##[group]GITHUB_TOKEN Permissions
2026-02-19T13:14:02.8294757Z Actions: write
2026-02-19T13:14:02.8295540Z ArtifactMetadata: write
2026-02-19T13:14:02.8296272Z Attestations: write
2026-02-19T13:14:02.8296973Z Checks: write
2026-02-19T13:14:02.8297658Z Contents: write
2026-02-19T13:14:02.8298730Z Deployments: write
2026-02-19T13:14:02.8299524Z Discussions: write
2026-02-19T13:14:02.8300195Z Issues: write
2026-02-19T13:14:02.8300832Z Metadata: read
2026-02-19T13:14:02.8301478Z Models: read
2026-02-19T13:14:02.8302112Z Packages: write
2026-02-19T13:14:02.8302761Z Pages: write
2026-02-19T13:14:02.8303539Z PullRequests: write
2026-02-19T13:14:02.8304283Z RepositoryProjects: write
2026-02-19T13:14:02.8305063Z SecurityEvents: write
2026-02-19T13:14:02.8305867Z Statuses: write
2026-02-19T13:14:02.8306516Z ##[endgroup]
2026-02-19T13:14:02.8309375Z Secret source: Actions
2026-02-19T13:14:02.8310336Z Prepare workflow directory
2026-02-19T13:14:02.9072037Z Prepare all required actions
2026-02-19T13:14:02.9126106Z Getting action download info
2026-02-19T13:14:03.2378428Z Download action repository 'actions/setup-go@v5' (SHA:40f1582b2485089dde7abd97c1529aa768e1baff)
2026-02-19T13:14:03.8546663Z Download action repository 'actions/checkout@v4' (SHA:34e114876b0b11c390a56381ad16ebd13914f8d5)
2026-02-19T13:14:04.4921078Z Complete job name: test (1.23.x, windows-latest)
2026-02-19T13:14:05.5791824Z ##[group]Run actions/setup-go@v5
2026-02-19T13:14:05.5793401Z with:
2026-02-19T13:14:05.5794128Z   go-version: 1.23.x
2026-02-19T13:14:05.5794979Z   check-latest: true
2026-02-19T13:14:05.5795717Z   cache: false
2026-02-19T13:14:05.5797310Z   token: ***
2026-02-19T13:14:05.5798386Z env:
2026-02-19T13:14:05.5799055Z   GOPATH: D:\a\chi\chi
2026-02-19T13:14:05.5799811Z ##[endgroup]
2026-02-19T13:14:05.8957259Z Setup go version spec 1.23.x
2026-02-19T13:14:05.8957966Z Attempting to resolve the latest version from the manifest...
2026-02-19T13:14:06.4290944Z matching 1.23.x...
2026-02-19T13:14:06.4345869Z Resolved as '1.23.12'
2026-02-19T13:14:06.4356202Z Found in cache @ C:\hostedtoolcache\windows\go\1.23.12\x64
2026-02-19T13:14:06.4363590Z Added go to the path
2026-02-19T13:14:06.4367290Z Successfully set up Go version 1.23.x
2026-02-19T13:14:10.4898129Z go version go1.23.12 windows/amd64
2026-02-19T13:14:10.4898520Z 
2026-02-19T13:14:10.4900359Z ##[group]go env
2026-02-19T13:14:15.1286084Z set GO111MODULE=
2026-02-19T13:14:15.1286800Z set GOARCH=amd64
2026-02-19T13:14:15.1287184Z set GOBIN=
2026-02-19T13:14:15.1287596Z set GOCACHE=C:\Users\runneradmin\AppData\Local\go-build
2026-02-19T13:14:15.1288200Z set GOENV=C:\Users\runneradmin\AppData\Roaming\go\env
2026-02-19T13:14:15.1288672Z set GOEXE=.exe
2026-02-19T13:14:15.1289068Z set GOEXPERIMENT=
2026-02-19T13:14:15.1292177Z set GOFLAGS=
2026-02-19T13:14:15.1292592Z set GOHOSTARCH=amd64
2026-02-19T13:14:15.1293051Z set GOHOSTOS=windows
2026-02-19T13:14:15.1293397Z set GOINSECURE=
2026-02-19T13:14:15.1293849Z set GOMODCACHE=D:\a\chi\chi\pkg\mod
2026-02-19T13:14:15.1294367Z set GONOPROXY=
2026-02-19T13:14:15.1294770Z set GONOSUMDB=
2026-02-19T13:14:15.1295082Z set GOOS=windows
2026-02-19T13:14:15.1295572Z set GOPATH=D:\a\chi\chi
2026-02-19T13:14:15.1295967Z set GOPRIVATE=
2026-02-19T13:14:15.1296618Z set GOPROXY=https://proxy.golang.org,direct
2026-02-19T13:14:15.1297334Z set GOROOT=C:\hostedtoolcache\windows\go\1.23.12\x64
2026-02-19T13:14:15.1297950Z set GOSUMDB=sum.golang.org
2026-02-19T13:14:15.1298400Z set GOTMPDIR=
2026-02-19T13:14:15.1298824Z set GOTOOLCHAIN=auto
2026-02-19T13:14:15.1299547Z set GOTOOLDIR=C:\hostedtoolcache\windows\go\1.23.12\x64\pkg\tool\windows_amd64
2026-02-19T13:14:15.1300214Z set GOVCS=
2026-02-19T13:14:15.1300623Z set GOVERSION=go1.23.12
2026-02-19T13:14:15.1301021Z set GODEBUG=
2026-02-19T13:14:15.1301425Z set GOTELEMETRY=local
2026-02-19T13:14:15.1302487Z set GOTELEMETRYDIR=C:\Users\runneradmin\AppData\Roaming\go\telemetry
2026-02-19T13:14:15.1303165Z set GCCGO=gccgo
2026-02-19T13:14:15.1303594Z set GOAMD64=v1
2026-02-19T13:14:15.1303941Z set AR=ar
2026-02-19T13:14:15.1304333Z set CC=gcc
2026-02-19T13:14:15.1304654Z set CXX=g++
2026-02-19T13:14:15.1305031Z set CGO_ENABLED=1
2026-02-19T13:14:15.1305402Z set GOMOD=NUL
2026-02-19T13:14:15.1305786Z set GOWORK=
2026-02-19T13:14:15.1306197Z set CGO_CFLAGS=-O2 -g
2026-02-19T13:14:15.1306604Z set CGO_CPPFLAGS=
2026-02-19T13:14:15.1307056Z set CGO_CXXFLAGS=-O2 -g
2026-02-19T13:14:15.1307450Z set CGO_FFLAGS=-O2 -g
2026-02-19T13:14:15.1307914Z set CGO_LDFLAGS=-O2 -g
2026-02-19T13:14:15.1308335Z set PKG_CONFIG=pkg-config
2026-02-19T13:14:15.1309683Z set GOGCCFLAGS=-m64 -mthreads -Wl,--no-gc-sections -fmessage-length=0 -ffile-prefix-map=C:\Users\RUNNER~1\AppData\Local\Temp\go-build3992079996=/tmp/go-build -gno-record-gcc-switches
2026-02-19T13:14:15.1310960Z 
2026-02-19T13:14:15.1311544Z ##[endgroup]
2026-02-19T13:14:15.1790168Z ##[group]Run actions/checkout@v4
2026-02-19T13:14:15.1790603Z with:
2026-02-19T13:14:15.1790812Z   path: D:\a\chi\chi/src/github.com/go-chi/chi
2026-02-19T13:14:15.1791080Z   repository: go-chi/chi
2026-02-19T13:14:15.1791487Z   token: ***
2026-02-19T13:14:15.1791634Z   ssh-strict: true
2026-02-19T13:14:15.1791797Z   ssh-user: git
2026-02-19T13:14:15.1792244Z   persist-credentials: true
2026-02-19T13:14:15.1792483Z   clean: true
2026-02-19T13:14:15.1792653Z   sparse-checkout-cone-mode: true
2026-02-19T13:14:15.1792854Z   fetch-depth: 1
2026-02-19T13:14:15.1793025Z   fetch-tags: false
2026-02-19T13:14:15.1793187Z   show-progress: true
2026-02-19T13:14:15.1793355Z   lfs: false
2026-02-19T13:14:15.1793498Z   submodules: false
2026-02-19T13:14:15.1793666Z   set-safe-directory: true
2026-02-19T13:14:15.1793843Z env:
2026-02-19T13:14:15.1793983Z   GOPATH: D:\a\chi\chi
2026-02-19T13:14:15.1794162Z ##[endgroup]
2026-02-19T13:14:15.3074246Z Syncing repository: go-chi/chi
2026-02-19T13:14:15.3089104Z ##[group]Getting Git version info
2026-02-19T13:14:15.3089750Z Working directory is 'D:\a\chi\chi\src\github.com\go-chi\chi'
2026-02-19T13:14:15.4111688Z [command]"C:\Program Files\Git\bin\git.exe" version
2026-02-19T13:14:15.9028258Z git version 2.53.0.windows.1
2026-02-19T13:14:15.9084460Z ##[endgroup]
2026-02-19T13:14:15.9104591Z Temporarily overriding HOME='D:\a\_temp\4a82d029-225f-4518-b7cd-023e20b7d3dd' before making global git config changes
2026-02-19T13:14:15.9105263Z Adding repository directory to the temporary git global config as a safe directory
2026-02-19T13:14:15.9115196Z [command]"C:\Program Files\Git\bin\git.exe" config --global --add safe.directory D:\a\chi\chi\src\github.com\go-chi\chi
2026-02-19T13:14:15.9771026Z ##[group]Initializing the repository
2026-02-19T13:14:15.9782800Z [command]"C:\Program Files\Git\bin\git.exe" init D:\a\chi\chi\src\github.com\go-chi\chi
2026-02-19T13:14:16.1067581Z Initialized empty Git repository in D:/a/chi/chi/src/github.com/go-chi/chi/.git/
2026-02-19T13:14:16.1124130Z [command]"C:\Program Files\Git\bin\git.exe" remote add origin https://github.com/go-chi/chi
2026-02-19T13:14:16.1799486Z ##[endgroup]
2026-02-19T13:14:16.1799849Z ##[group]Disabling automatic garbage collection
2026-02-19T13:14:16.1812054Z [command]"C:\Program Files\Git\bin\git.exe" config --local gc.auto 0
2026-02-19T13:14:16.2131711Z ##[endgroup]
2026-02-19T13:14:16.2132033Z ##[group]Setting up auth
2026-02-19T13:14:16.2147336Z [command]"C:\Program Files\Git\bin\git.exe" config --local --name-only --get-regexp core\.sshCommand
2026-02-19T13:14:16.2453186Z [command]"C:\Program Files\Git\bin\git.exe" submodule foreach --recursive "sh -c \"git config --local --name-only --get-regexp 'core\.sshCommand' && git config --local --unset-all 'core.sshCommand' || :\""
2026-02-19T13:14:17.9828678Z [command]"C:\Program Files\Git\bin\git.exe" config --local --name-only --get-regexp http\.https\:\/\/github\.com\/\.extraheader
2026-02-19T13:14:18.0129958Z [command]"C:\Program Files\Git\bin\git.exe" submodule foreach --recursive "sh -c \"git config --local --name-only --get-regexp 'http\.https\:\/\/github\.com\/\.extraheader' && git config --local --unset-all 'http.https://github.com/.extraheader' || :\""
2026-02-19T13:14:18.5584903Z [command]"C:\Program Files\Git\bin\git.exe" config --local --name-only --get-regexp ^includeIf\.gitdir:
2026-02-19T13:14:18.5886628Z [command]"C:\Program Files\Git\bin\git.exe" submodule foreach --recursive "git config --local --show-origin --name-only --get-regexp remote.origin.url"
2026-02-19T13:14:19.1587315Z [command]"C:\Program Files\Git\bin\git.exe" config --local http.https://github.com/.extraheader "AUTHORIZATION: basic ***"
2026-02-19T13:14:19.1890066Z ##[endgroup]
2026-02-19T13:14:19.1890440Z ##[group]Fetching the repository
2026-02-19T13:14:19.1905288Z [command]"C:\Program Files\Git\bin\git.exe" -c protocol.version=2 fetch --no-tags --prune --no-recurse-submodules --depth=1 origin +a54874f0e2f12647a19e82ee70dfa8185014100c:refs/remotes/origin/master
2026-02-19T13:14:20.3476449Z From https://github.com/go-chi/chi
2026-02-19T13:14:20.3476894Z  * [new ref]         a54874f0e2f12647a19e82ee70dfa8185014100c -> origin/master
2026-02-19T13:14:20.3953896Z ##[endgroup]
2026-02-19T13:14:20.3954306Z ##[group]Determining the checkout info
2026-02-19T13:14:20.3956867Z ##[endgroup]
2026-02-19T13:14:20.3967813Z [command]"C:\Program Files\Git\bin\git.exe" sparse-checkout disable
2026-02-19T13:14:20.4526906Z [command]"C:\Program Files\Git\bin\git.exe" config --local --unset-all extensions.worktreeConfig
2026-02-19T13:14:20.4811981Z ##[group]Checking out the ref
2026-02-19T13:14:20.4822612Z [command]"C:\Program Files\Git\bin\git.exe" checkout --progress --force -B master refs/remotes/origin/master
2026-02-19T13:14:20.5616268Z Reset branch 'master'
2026-02-19T13:14:20.5634322Z branch 'master' set up to track 'origin/master'.
2026-02-19T13:14:20.5683602Z ##[endgroup]
2026-02-19T13:14:20.6132970Z [command]"C:\Program Files\Git\bin\git.exe" log -1 --format=%H
2026-02-19T13:14:20.6387945Z a54874f0e2f12647a19e82ee70dfa8185014100c
2026-02-19T13:14:20.6702631Z ##[group]Run go get -d -t ./...
2026-02-19T13:14:20.6703001Z [36;1mgo get -d -t ./...[0m
2026-02-19T13:14:20.6703200Z [36;1mmake test[0m
2026-02-19T13:14:20.7131323Z shell: C:\Program Files\PowerShell\7\pwsh.EXE -command ". '{0}'"
2026-02-19T13:14:20.7131649Z env:
2026-02-19T13:14:20.7131807Z   GOPATH: D:\a\chi\chi
2026-02-19T13:14:20.7131988Z ##[endgroup]
2026-02-19T13:14:27.7005063Z go: -d flag is deprecated. -d=true is a no-op
2026-02-19T13:14:32.9052239Z go clean -testcache && C:/mingw64/bin/make.exe test-router && C:/mingw64/bin/make.exe test-middleware
2026-02-19T13:14:33.1686092Z make[1]: Entering directory 'D:/a/chi/chi/src/github.com/go-chi/chi'
2026-02-19T13:14:33.1686696Z go test -race -v .
2026-02-19T13:14:57.6322332Z === RUN   TestRoutePattern
2026-02-19T13:14:57.6323320Z --- PASS: TestRoutePattern (0.00s)
2026-02-19T13:14:57.6323771Z === RUN   TestReplaceWildcardsConsecutive
2026-02-19T13:14:57.6324680Z --- PASS: TestReplaceWildcardsConsecutive (0.00s)
2026-02-19T13:14:57.6325136Z === RUN   TestMuxBasic
2026-02-19T13:14:57.6410676Z --- PASS: TestMuxBasic (0.01s)
2026-02-19T13:14:57.6411132Z === RUN   TestMuxMounts
2026-02-19T13:14:57.6434448Z --- PASS: TestMuxMounts (0.00s)
2026-02-19T13:14:57.6435206Z === RUN   TestMuxPlain
2026-02-19T13:14:57.6451506Z --- PASS: TestMuxPlain (0.00s)
2026-02-19T13:14:57.6451935Z === RUN   TestMuxEmptyRoutes
2026-02-19T13:14:57.6454314Z --- PASS: TestMuxEmptyRoutes (0.00s)
2026-02-19T13:14:57.6455072Z === RUN   TestMuxTrailingSlash
2026-02-19T13:14:57.6476555Z --- PASS: TestMuxTrailingSlash (0.00s)
2026-02-19T13:14:57.6476962Z === RUN   TestMuxNestedNotFound
2026-02-19T13:14:57.6510535Z --- PASS: TestMuxNestedNotFound (0.00s)
2026-02-19T13:14:57.6511026Z === RUN   TestMethodNotAllowed
2026-02-19T13:14:57.6513278Z === RUN   TestMethodNotAllowed/Registered_Method
2026-02-19T13:14:57.6523978Z === RUN   TestMethodNotAllowed/Unregistered_Method
2026-02-19T13:14:57.6531956Z --- PASS: TestMethodNotAllowed (0.00s)
2026-02-19T13:14:57.6532607Z     --- PASS: TestMethodNotAllowed/Registered_Method (0.00s)
2026-02-19T13:14:57.6533082Z     --- PASS: TestMethodNotAllowed/Unregistered_Method (0.00s)
2026-02-19T13:14:57.6533446Z === RUN   TestMuxNestedMethodNotAllowed
2026-02-19T13:14:57.6570586Z --- PASS: TestMuxNestedMethodNotAllowed (0.00s)
2026-02-19T13:14:57.6571137Z === RUN   TestMuxComplicatedNotFound
2026-02-19T13:14:57.6571602Z === RUN   TestMuxComplicatedNotFound/pre
2026-02-19T13:14:57.6621882Z === RUN   TestMuxComplicatedNotFound/post
2026-02-19T13:14:57.6672890Z --- PASS: TestMuxComplicatedNotFound (0.01s)
2026-02-19T13:14:57.6673515Z     --- PASS: TestMuxComplicatedNotFound/pre (0.00s)
2026-02-19T13:14:57.6674399Z     --- PASS: TestMuxComplicatedNotFound/post (0.00s)
2026-02-19T13:14:57.6674832Z === RUN   TestMuxWith
2026-02-19T13:14:57.6691707Z --- PASS: TestMuxWith (0.00s)
2026-02-19T13:14:57.6692167Z === RUN   TestMuxHandlePatternValidation
2026-02-19T13:14:57.6692756Z === RUN   TestMuxHandlePatternValidation/Valid_pattern_without_HTTP_GET
2026-02-19T13:14:57.6716962Z === RUN   TestMuxHandlePatternValidation/Valid_pattern_with_HTTP_POST
2026-02-19T13:14:57.6740260Z === RUN   TestMuxHandlePatternValidation/Valid_pattern_with_multiple_whitespace_after_method
2026-02-19T13:14:57.6764522Z === RUN   TestMuxHandlePatternValidation/Invalid_pattern_with_no_method
2026-02-19T13:14:57.6765912Z === RUN   TestMuxHandlePatternValidation/Invalid_pattern_with_supported_method
2026-02-19T13:14:57.6767575Z === RUN   TestMuxHandlePatternValidation/Invalid_pattern_with_unsupported_method
2026-02-19T13:14:57.6768478Z --- PASS: TestMuxHandlePatternValidation (0.01s)
2026-02-19T13:14:57.6769242Z     --- PASS: TestMuxHandlePatternValidation/Valid_pattern_without_HTTP_GET (0.00s)
2026-02-19T13:14:57.6770179Z     --- PASS: TestMuxHandlePatternValidation/Valid_pattern_with_HTTP_POST (0.00s)
2026-02-19T13:14:57.6774375Z     --- PASS: TestMuxHandlePatternValidation/Valid_pattern_with_multiple_whitespace_after_method (0.00s)
2026-02-19T13:14:57.6775418Z     --- PASS: TestMuxHandlePatternValidation/Invalid_pattern_with_no_method (0.00s)
2026-02-19T13:14:57.6775979Z     --- PASS: TestMuxHandlePatternValidation/Invalid_pattern_with_supported_method (0.00s)
2026-02-19T13:14:57.6776859Z     --- PASS: TestMuxHandlePatternValidation/Invalid_pattern_with_unsupported_method (0.00s)
2026-02-19T13:14:57.6777525Z === RUN   TestRouterFromMuxWith
2026-02-19T13:14:57.6777873Z === PAUSE TestRouterFromMuxWith
2026-02-19T13:14:57.6778140Z === RUN   TestMuxMiddlewareStack
2026-02-19T13:14:57.6795910Z --- PASS: TestMuxMiddlewareStack (0.00s)
2026-02-19T13:14:57.6796368Z === RUN   TestMuxRouteGroups
2026-02-19T13:14:57.6814026Z --- PASS: TestMuxRouteGroups (0.00s)
2026-02-19T13:14:57.6814460Z === RUN   TestMuxBig
2026-02-19T13:14:57.6877231Z --- PASS: TestMuxBig (0.01s)
2026-02-19T13:14:57.6877921Z === RUN   TestMuxSubroutesBasic
2026-02-19T13:14:57.6904423Z --- PASS: TestMuxSubroutesBasic (0.00s)
2026-02-19T13:14:57.6904939Z === RUN   TestMuxSubroutes
2026-02-19T13:14:57.6937315Z --- PASS: TestMuxSubroutes (0.00s)
2026-02-19T13:14:57.6937770Z === RUN   TestSingleHandler
2026-02-19T13:14:57.6938144Z --- PASS: TestSingleHandler (0.00s)
2026-02-19T13:14:57.6938554Z === RUN   TestServeHTTPExistingContext
2026-02-19T13:14:57.6940445Z --- PASS: TestServeHTTPExistingContext (0.00s)
2026-02-19T13:14:57.6941236Z === RUN   TestNestedGroups
2026-02-19T13:14:57.6976735Z --- PASS: TestNestedGroups (0.00s)
2026-02-19T13:14:57.6977240Z === RUN   TestMiddlewarePanicOnLateUse
2026-02-19T13:14:57.6977833Z --- PASS: TestMiddlewarePanicOnLateUse (0.00s)
2026-02-19T13:14:57.6978389Z === RUN   TestMountingExistingPath
2026-02-19T13:14:57.6979903Z --- PASS: TestMountingExistingPath (0.00s)
2026-02-19T13:14:57.6980405Z === RUN   TestMountingSimilarPattern
2026-02-19T13:14:57.6994950Z --- PASS: TestMountingSimilarPattern (0.00s)
2026-02-19T13:14:57.6995412Z === RUN   TestMuxEmptyParams
2026-02-19T13:14:57.7010967Z --- PASS: TestMuxEmptyParams (0.00s)
2026-02-19T13:14:57.7011636Z === RUN   TestMuxMissingParams
2026-02-19T13:14:57.7031323Z --- PASS: TestMuxMissingParams (0.00s)
2026-02-19T13:14:57.7031935Z === RUN   TestMuxWildcardRoute
2026-02-19T13:14:57.7032212Z --- PASS: TestMuxWildcardRoute (0.00s)
2026-02-19T13:14:57.7032581Z === RUN   TestMuxWildcardRouteCheckTwo
2026-02-19T13:14:57.7033020Z --- PASS: TestMuxWildcardRouteCheckTwo (0.00s)
2026-02-19T13:14:57.7033373Z === RUN   TestMuxRegexp
2026-02-19T13:14:57.7048332Z --- PASS: TestMuxRegexp (0.00s)
2026-02-19T13:14:57.7048805Z === RUN   TestMuxRegexp2
2026-02-19T13:14:57.7068158Z --- PASS: TestMuxRegexp2 (0.00s)
2026-02-19T13:14:57.7068553Z === RUN   TestMuxRegexp3
2026-02-19T13:14:57.7096187Z --- PASS: TestMuxRegexp3 (0.00s)
2026-02-19T13:14:57.7096546Z === RUN   TestMuxSubrouterWildcardParam
2026-02-19T13:14:57.7121485Z --- PASS: TestMuxSubrouterWildcardParam (0.00s)
2026-02-19T13:14:57.7121943Z === RUN   TestMuxContextIsThreadSafe
2026-02-19T13:15:10.0451577Z --- PASS: TestMuxContextIsThreadSafe (12.33s)
2026-02-19T13:15:10.0452064Z === RUN   TestEscapedURLParams
2026-02-19T13:15:10.0469123Z --- PASS: TestEscapedURLParams (0.00s)
2026-02-19T13:15:10.0469574Z === RUN   TestCustomHTTPMethod
2026-02-19T13:15:10.0485346Z --- PASS: TestCustomHTTPMethod (0.00s)
2026-02-19T13:15:10.0485795Z === RUN   TestMuxMatch
2026-02-19T13:15:10.0488217Z --- PASS: TestMuxMatch (0.00s)
2026-02-19T13:15:10.0488799Z === RUN   TestMuxMatch_HasBasePath
2026-02-19T13:15:10.0489111Z --- PASS: TestMuxMatch_HasBasePath (0.00s)
2026-02-19T13:15:10.0489897Z === RUN   TestMuxMatch_DoesNotHaveBasePath
2026-02-19T13:15:10.0490460Z --- PASS: TestMuxMatch_DoesNotHaveBasePath (0.00s)
2026-02-19T13:15:10.0490933Z === RUN   TestMuxFind
2026-02-19T13:15:10.0493798Z --- PASS: TestMuxFind (0.00s)
2026-02-19T13:15:10.0494240Z === RUN   TestServerBaseContext
2026-02-19T13:15:10.0514363Z --- PASS: TestServerBaseContext (0.00s)
2026-02-19T13:15:10.0514761Z === RUN   TestPathValue
2026-02-19T13:15:10.0517196Z === RUN   TestPathValue/Basic_path_value
2026-02-19T13:15:10.0529848Z === RUN   TestPathValue/Two_path_values
2026-02-19T13:15:10.0542812Z === RUN   TestPathValue/Wildcard_path
2026-02-19T13:15:10.0555887Z --- PASS: TestPathValue (0.00s)
2026-02-19T13:15:10.0556414Z     --- PASS: TestPathValue/Basic_path_value (0.00s)
2026-02-19T13:15:10.0557001Z     --- PASS: TestPathValue/Two_path_values (0.00s)
2026-02-19T13:15:10.0557520Z     --- PASS: TestPathValue/Wildcard_path (0.00s)
2026-02-19T13:15:10.0557901Z === RUN   TestPattern
2026-02-19T13:15:10.0558212Z === RUN   TestPattern/Basic_path_value
2026-02-19T13:15:10.0569363Z === RUN   TestPattern/Two_path_values
2026-02-19T13:15:10.0581167Z === RUN   TestPattern/Wildcard_path
2026-02-19T13:15:10.0593521Z --- PASS: TestPattern (0.00s)
2026-02-19T13:15:10.0594033Z     --- PASS: TestPattern/Basic_path_value (0.00s)
2026-02-19T13:15:10.0595678Z     --- PASS: TestPattern/Two_path_values (0.00s)
2026-02-19T13:15:10.0595992Z     --- PASS: TestPattern/Wildcard_path (0.00s)
2026-02-19T13:15:10.0596227Z === RUN   TestTree
2026-02-19T13:15:10.0598230Z --- PASS: TestTree (0.00s)
2026-02-19T13:15:10.0598567Z === RUN   TestTreeMoar
2026-02-19T13:15:10.0602689Z --- PASS: TestTreeMoar (0.00s)
2026-02-19T13:15:10.0603058Z === RUN   TestTreeRegexp
2026-02-19T13:15:10.0606917Z --- PASS: TestTreeRegexp (0.00s)
2026-02-19T13:15:10.0607413Z === RUN   TestTreeRegexpRecursive
2026-02-19T13:15:10.0610598Z --- PASS: TestTreeRegexpRecursive (0.00s)
2026-02-19T13:15:10.0611066Z === RUN   TestTreeRegexMatchWholeParam
2026-02-19T13:15:10.0613416Z --- PASS: TestTreeRegexMatchWholeParam (0.00s)
2026-02-19T13:15:10.0613824Z === RUN   TestTreeFindPattern
2026-02-19T13:15:10.0614862Z --- PASS: TestTreeFindPattern (0.00s)
2026-02-19T13:15:10.0615228Z === RUN   TestWalker
2026-02-19T13:15:10.0620105Z     tree_test.go:517: GET /
2026-02-19T13:15:10.0620507Z     tree_test.go:517: GET /favicon.ico
2026-02-19T13:15:10.0620883Z     tree_test.go:517: GET /folders/
2026-02-19T13:15:10.0621294Z     tree_test.go:517: GET /folders/public
2026-02-19T13:15:10.0621680Z     tree_test.go:517: GET /hubs/{hubID}/view
2026-02-19T13:15:10.0622131Z     tree_test.go:517: GET /hubs/{hubID}/view/*
2026-02-19T13:15:10.0622621Z     tree_test.go:517: POST /hubs/{hubSlug}/view/*
2026-02-19T13:15:10.0623070Z     tree_test.go:517: GET /hubs/{hubID}/
2026-02-19T13:15:10.0623522Z     tree_test.go:517: GET /hubs/{hubID}/posts/
2026-02-19T13:15:10.0623969Z     tree_test.go:517: GET /hubs/{hubID}/touch
2026-02-19T13:15:10.0624444Z     tree_test.go:517: HEAD /hubs/{hubID}/webhooks/*
2026-02-19T13:15:10.0624977Z     tree_test.go:517: OPTIONS /hubs/{hubID}/webhooks/*
2026-02-19T13:15:10.0625479Z     tree_test.go:517: BOO /hubs/{hubID}/webhooks/*
2026-02-19T13:15:10.0625986Z     tree_test.go:517: POST /hubs/{hubID}/webhooks/*
2026-02-19T13:15:10.0626477Z     tree_test.go:517: PUT /hubs/{hubID}/webhooks/*
2026-02-19T13:15:10.0626902Z     tree_test.go:517: TRACE /hubs/{hubID}/webhooks/*
2026-02-19T13:15:10.0627218Z     tree_test.go:517: CONNECT /hubs/{hubID}/webhooks/*
2026-02-19T13:15:10.0627539Z     tree_test.go:517: DELETE /hubs/{hubID}/webhooks/*
2026-02-19T13:15:10.0627947Z     tree_test.go:517: GET /hubs/{hubID}/webhooks/*
2026-02-19T13:15:10.0628453Z     tree_test.go:517: PATCH /hubs/{hubID}/webhooks/*
2026-02-19T13:15:10.0628910Z     tree_test.go:517: GET /suggestions
2026-02-19T13:15:10.0629224Z     tree_test.go:517: GET /woot/{wootID}/*
2026-02-19T13:15:10.0629450Z --- PASS: TestWalker (0.00s)
2026-02-19T13:15:10.0629687Z === RUN   TestWalkInlineMiddlewaresAcrossSubrouter
2026-02-19T13:15:10.0630100Z === RUN   TestWalkInlineMiddlewaresAcrossSubrouter/With+Group_wrapping_Route+With
2026-02-19T13:15:10.0631295Z === RUN   TestWalkInlineMiddlewaresAcrossSubrouter/Use_on_subrouter_combined_with_outer_With
2026-02-19T13:15:10.0632206Z --- PASS: TestWalkInlineMiddlewaresAcrossSubrouter (0.00s)
2026-02-19T13:15:10.0634129Z     --- PASS: TestWalkInlineMiddlewaresAcrossSubrouter/With+Group_wrapping_Route+With (0.00s)
2026-02-19T13:15:10.0635394Z     --- PASS: TestWalkInlineMiddlewaresAcrossSubrouter/Use_on_subrouter_combined_with_outer_With (0.00s)
2026-02-19T13:15:10.0636166Z === CONT  TestRouterFromMuxWith
2026-02-19T13:15:10.0644920Z --- PASS: TestRouterFromMuxWith (0.00s)
2026-02-19T13:15:10.0645326Z PASS
2026-02-19T13:15:11.1535916Z ok  	github.com/go-chi/chi/v5	13.573s
2026-02-19T13:15:11.3955350Z make[1]: Leaving directory 'D:/a/chi/chi/src/github.com/go-chi/chi'
2026-02-19T13:15:11.4080281Z make[1]: Entering directory 'D:/a/chi/chi/src/github.com/go-chi/chi'
2026-02-19T13:15:11.4080676Z go test -race -v ./middleware
2026-02-19T13:15:14.3919500Z === RUN   TestCompressor
2026-02-19T13:15:14.3939994Z === RUN   TestCompressor/no_expected_encodings_due_to_no_accepted_encodings
2026-02-19T13:15:14.3977645Z === RUN   TestCompressor/no_expected_encodings_due_to_content_type
2026-02-19T13:15:14.4007293Z === RUN   TestCompressor/gzip_is_only_encoding
2026-02-19T13:15:14.4029308Z === RUN   TestCompressor/gzip_is_preferred_over_deflate
2026-02-19T13:15:14.4039831Z === RUN   TestCompressor/deflate_is_used
2026-02-19T13:15:14.4076970Z === RUN   TestCompressor/nop_is_preferred
2026-02-19T13:15:14.4086363Z --- PASS: TestCompressor (0.02s)
2026-02-19T13:15:14.4087482Z     --- PASS: TestCompressor/no_expected_encodings_due_to_no_accepted_encodings (0.00s)
2026-02-19T13:15:14.4088689Z     --- PASS: TestCompressor/no_expected_encodings_due_to_content_type (0.00s)
2026-02-19T13:15:14.4089499Z     --- PASS: TestCompressor/gzip_is_only_encoding (0.00s)
2026-02-19T13:15:14.4090324Z     --- PASS: TestCompressor/gzip_is_preferred_over_deflate (0.00s)
2026-02-19T13:15:14.4091083Z     --- PASS: TestCompressor/deflate_is_used (0.00s)
2026-02-19T13:15:14.4091728Z     --- PASS: TestCompressor/nop_is_preferred (0.00s)
2026-02-19T13:15:14.4092237Z === RUN   TestCompressorWildcards
2026-02-19T13:15:14.4092703Z === RUN   TestCompressorWildcards/defaults
2026-02-19T13:15:14.4094978Z === RUN   TestCompressorWildcards/no_wildcard
2026-02-19T13:15:14.4106439Z === RUN   TestCompressorWildcards/invalid_wildcard_#1
2026-02-19T13:15:14.4107164Z === RUN   TestCompressorWildcards/invalid_wildcard_#2
2026-02-19T13:15:14.4108517Z === RUN   TestCompressorWildcards/valid_wildcard
2026-02-19T13:15:14.4126433Z === RUN   TestCompressorWildcards/mixed
2026-02-19T13:15:14.4131112Z --- PASS: TestCompressorWildcards (0.00s)
2026-02-19T13:15:14.4131956Z     --- PASS: TestCompressorWildcards/defaults (0.00s)
2026-02-19T13:15:14.4132571Z     --- PASS: TestCompressorWildcards/no_wildcard (0.00s)
2026-02-19T13:15:14.4133182Z     --- PASS: TestCompressorWildcards/invalid_wildcard_#1 (0.00s)
2026-02-19T13:15:14.4133851Z     --- PASS: TestCompressorWildcards/invalid_wildcard_#2 (0.00s)
2026-02-19T13:15:14.4134492Z     --- PASS: TestCompressorWildcards/valid_wildcard (0.00s)
2026-02-19T13:15:14.4135064Z     --- PASS: TestCompressorWildcards/mixed (0.00s)
2026-02-19T13:15:14.4135493Z === RUN   TestContentCharset
2026-02-19T13:15:14.4135915Z === PAUSE TestContentCharset
2026-02-19T13:15:14.4136226Z === RUN   TestSplit
2026-02-19T13:15:14.4136397Z === PAUSE TestSplit
2026-02-19T13:15:14.4136590Z === RUN   TestContentEncoding
2026-02-19T13:15:14.4136797Z === PAUSE TestContentEncoding
2026-02-19T13:15:14.4137031Z === RUN   TestContentEncodingMiddleware
2026-02-19T13:15:14.4137292Z === PAUSE TestContentEncodingMiddleware
2026-02-19T13:15:14.4137518Z === RUN   TestContentType
2026-02-19T13:15:14.4137719Z === PAUSE TestContentType
2026-02-19T13:15:14.4137908Z === RUN   TestGetHead
2026-02-19T13:15:14.4175936Z --- PASS: TestGetHead (0.00s)
2026-02-19T13:15:14.4176204Z === RUN   TestRequestLogger
2026-02-19T13:15:14.4435443Z 2026/02/19 13:15:14 "GET http://example.com/ HTTP/1.1" from 192.0.2.1:1234 - 000 0B in 0s
2026-02-19T13:15:14.4436103Z --- PASS: TestRequestLogger (0.03s)
2026-02-19T13:15:14.4436398Z === RUN   TestRequestLoggerReadFrom
2026-02-19T13:15:14.4908749Z 2026/02/19 13:15:14 "GET http://example.com/ HTTP/1.1" from 192.0.2.1:1234 - 200 9B in 47.0985ms
2026-02-19T13:15:14.4909279Z --- PASS: TestRequestLoggerReadFrom (0.05s)
2026-02-19T13:15:14.4909557Z === RUN   TestWrapWriterHTTP2
2026-02-19T13:15:14.6142966Z --- PASS: TestWrapWriterHTTP2 (0.12s)
2026-02-19T13:15:14.6143370Z === RUN   TestXRealIP
2026-02-19T13:15:14.6144319Z --- PASS: TestXRealIP (0.00s)
2026-02-19T13:15:14.6144806Z === RUN   TestXForwardForIP
2026-02-19T13:15:14.6147222Z --- PASS: TestXForwardForIP (0.00s)
2026-02-19T13:15:14.6147687Z === RUN   TestXForwardForXRealIPPrecedence
2026-02-19T13:15:14.6148919Z --- PASS: TestXForwardForXRealIPPrecedence (0.00s)
2026-02-19T13:15:14.6149634Z === RUN   TestInvalidIP
2026-02-19T13:15:14.6150627Z --- PASS: TestInvalidIP (0.00s)
2026-02-19T13:15:14.6151011Z === RUN   TestRecoverer
2026-02-19T13:15:14.6169026Z --- PASS: TestRecoverer (0.00s)
2026-02-19T13:15:14.6169883Z === RUN   TestRecovererAbortHandler
2026-02-19T13:15:14.6170312Z --- PASS: TestRecovererAbortHandler (0.00s)
2026-02-19T13:15:14.6170717Z === RUN   TestRequestID
2026-02-19T13:15:14.6172433Z --- PASS: TestRequestID (0.00s)
2026-02-19T13:15:14.6172780Z === RUN   TestRouteHeaders
2026-02-19T13:15:14.6173229Z === RUN   TestRouteHeaders/empty_router_should_call_next_handler_exactly_once
2026-02-19T13:15:14.6174972Z === RUN   TestRouteHeaders/matching_header_should_route_to_correct_middleware
2026-02-19T13:15:14.6176781Z === RUN   TestRouteHeaders/wildcard_pattern_should_match
2026-02-19T13:15:14.6178059Z === RUN   TestRouteHeaders/default_route_should_be_used_when_no_match
2026-02-19T13:15:14.6179720Z === RUN   TestRouteHeaders/RouteAny_should_match_any_of_the_provided_patterns
2026-02-19T13:15:14.6181394Z === RUN   TestRouteHeaders/no_match_and_no_default_should_call_next_handler
2026-02-19T13:15:14.6182930Z --- PASS: TestRouteHeaders (0.00s)
2026-02-19T13:15:14.6184203Z     --- PASS: TestRouteHeaders/empty_router_should_call_next_handler_exactly_once (0.00s)
2026-02-19T13:15:14.6185249Z     --- PASS: TestRouteHeaders/matching_header_should_route_to_correct_middleware (0.00s)
2026-02-19T13:15:14.6186108Z     --- PASS: TestRouteHeaders/wildcard_pattern_should_match (0.00s)
2026-02-19T13:15:14.6186939Z     --- PASS: TestRouteHeaders/default_route_should_be_used_when_no_match (0.00s)
2026-02-19T13:15:14.6187947Z     --- PASS: TestRouteHeaders/RouteAny_should_match_any_of_the_provided_patterns (0.00s)
2026-02-19T13:15:14.6188989Z     --- PASS: TestRouteHeaders/no_match_and_no_default_should_call_next_handler (0.00s)
2026-02-19T13:15:14.6189660Z === RUN   TestPattern
2026-02-19T13:15:14.6190080Z === RUN   TestPattern/example.com_example.com
2026-02-19T13:15:14.6190585Z === RUN   TestPattern/example.com_other.com
2026-02-19T13:15:14.6191090Z === RUN   TestPattern/*.example.com_api.example.com
2026-02-19T13:15:14.6191587Z === RUN   TestPattern/*.example.com_example.com
2026-02-19T13:15:14.6192374Z === RUN   TestPattern/api.*_api.example.com
2026-02-19T13:15:14.6192784Z === RUN   TestPattern/*_anything
2026-02-19T13:15:14.6193264Z === RUN   TestPattern/prefix*suffix_prefixmiddlesuffix
2026-02-19T13:15:14.6193781Z === RUN   TestPattern/prefix*suffix_prefixsuffix
2026-02-19T13:15:14.6194317Z === RUN   TestPattern/prefix*suffix_wrongmiddlesuffix
2026-02-19T13:15:14.6195470Z --- PASS: TestPattern (0.00s)
2026-02-19T13:15:14.6196011Z     --- PASS: TestPattern/example.com_example.com (0.00s)
2026-02-19T13:15:14.6196603Z     --- PASS: TestPattern/example.com_other.com (0.00s)
2026-02-19T13:15:14.6197162Z     --- PASS: TestPattern/*.example.com_api.example.com (0.00s)
2026-02-19T13:15:14.6197791Z     --- PASS: TestPattern/*.example.com_example.com (0.00s)
2026-02-19T13:15:14.6198338Z     --- PASS: TestPattern/api.*_api.example.com (0.00s)
2026-02-19T13:15:14.6198812Z     --- PASS: TestPattern/*_anything (0.00s)
2026-02-19T13:15:14.6199418Z     --- PASS: TestPattern/prefix*suffix_prefixmiddlesuffix (0.00s)
2026-02-19T13:15:14.6200072Z     --- PASS: TestPattern/prefix*suffix_prefixsuffix (0.00s)
2026-02-19T13:15:14.6202109Z     --- PASS: TestPattern/prefix*suffix_wrongmiddlesuffix (0.00s)
2026-02-19T13:15:14.6202671Z === RUN   TestStripSlashes
2026-02-19T13:15:14.6224480Z --- PASS: TestStripSlashes (0.00s)
2026-02-19T13:15:14.6224893Z === RUN   TestStripSlashesInRoute
2026-02-19T13:15:14.6254757Z --- PASS: TestStripSlashesInRoute (0.00s)
2026-02-19T13:15:14.6255259Z === RUN   TestRedirectSlashes
2026-02-19T13:15:14.6314188Z --- PASS: TestRedirectSlashes (0.01s)
2026-02-19T13:15:14.6314616Z === RUN   TestStripSlashesWithNilContext
2026-02-19T13:15:14.6343565Z --- PASS: TestStripSlashesWithNilContext (0.00s)
2026-02-19T13:15:14.6344088Z === RUN   TestStripPrefix
2026-02-19T13:15:14.6365664Z --- PASS: TestStripPrefix (0.00s)
2026-02-19T13:15:14.6366238Z === RUN   TestRedirectSlashes_PreventBackslashRelativeOpenRedirect
2026-02-19T13:15:14.6367303Z === RUN   TestRedirectSlashes_PreventBackslashRelativeOpenRedirect/raw_backslash:_/\evil.com/
2026-02-19T13:15:14.6369770Z === RUN   TestRedirectSlashes_PreventBackslashRelativeOpenRedirect/encoded_backslash:_/%5Cevil.com/
2026-02-19T13:15:14.6371998Z --- PASS: TestRedirectSlashes_PreventBackslashRelativeOpenRedirect (0.00s)
2026-02-19T13:15:14.6373254Z     --- PASS: TestRedirectSlashes_PreventBackslashRelativeOpenRedirect/raw_backslash:_/\evil.com/ (0.00s)
2026-02-19T13:15:14.6374677Z     --- PASS: TestRedirectSlashes_PreventBackslashRelativeOpenRedirect/encoded_backslash:_/%5Cevil.com/ (0.00s)
2026-02-19T13:15:14.6375538Z === RUN   TestSunset
2026-02-19T13:15:14.6377106Z === RUN   TestSunset/Sunset_without_link
2026-02-19T13:15:14.6377486Z === RUN   TestSunset/Sunset_with_link
2026-02-19T13:15:14.6377744Z --- PASS: TestSunset (0.00s)
2026-02-19T13:15:14.6378020Z     --- PASS: TestSunset/Sunset_without_link (0.00s)
2026-02-19T13:15:14.6378344Z     --- PASS: TestSunset/Sunset_with_link (0.00s)
2026-02-19T13:15:14.6378625Z === RUN   TestThrottleBacklog
2026-02-19T13:15:18.6473540Z --- PASS: TestThrottleBacklog (4.01s)
2026-02-19T13:15:18.6473939Z === RUN   TestThrottleClientTimeout
2026-02-19T13:15:23.6504506Z --- PASS: TestThrottleClientTimeout (5.00s)
2026-02-19T13:15:23.6504923Z === RUN   TestThrottleTriggerGatewayTimeout
2026-02-19T13:15:33.6690415Z --- PASS: TestThrottleTriggerGatewayTimeout (10.02s)
2026-02-19T13:15:33.6691018Z === RUN   TestThrottleMaximum
2026-02-19T13:15:39.6746541Z --- PASS: TestThrottleMaximum (6.01s)
2026-02-19T13:15:39.6746880Z === RUN   TestThrottleRetryAfter
2026-02-19T13:15:40.6784035Z --- PASS: TestThrottleRetryAfter (1.00s)
2026-02-19T13:15:40.6784393Z === RUN   TestThrottleCustomStatusCode
2026-02-19T13:15:40.6811820Z --- PASS: TestThrottleCustomStatusCode (0.00s)
2026-02-19T13:15:40.6812601Z === RUN   TestURLFormat
2026-02-19T13:15:40.6839391Z --- PASS: TestURLFormat (0.00s)
2026-02-19T13:15:40.6839983Z === RUN   TestURLFormatInSubRouter
2026-02-19T13:15:40.6854520Z --- PASS: TestURLFormatInSubRouter (0.00s)
2026-02-19T13:15:40.6854915Z === RUN   TestHttpFancyWriterRemembersWroteHeaderWhenFlushed
2026-02-19T13:15:40.6855881Z --- PASS: TestHttpFancyWriterRemembersWroteHeaderWhenFlushed (0.00s)
2026-02-19T13:15:40.6857039Z === RUN   TestHttp2FancyWriterRemembersWroteHeaderWhenFlushed
2026-02-19T13:15:40.6857851Z --- PASS: TestHttp2FancyWriterRemembersWroteHeaderWhenFlushed (0.00s)
2026-02-19T13:15:40.6858549Z === RUN   TestBasicWritesTeesWritesWithoutDiscard
2026-02-19T13:15:40.6859154Z --- PASS: TestBasicWritesTeesWritesWithoutDiscard (0.00s)
2026-02-19T13:15:40.6859866Z === RUN   TestBasicWriterDiscardsWritesToOriginalResponseWriter
2026-02-19T13:15:40.6860673Z === RUN   TestBasicWriterDiscardsWritesToOriginalResponseWriter/With_Tee
2026-02-19T13:15:40.6862082Z === RUN   TestBasicWriterDiscardsWritesToOriginalResponseWriter/Without_Tee
2026-02-19T13:15:40.6863013Z --- PASS: TestBasicWriterDiscardsWritesToOriginalResponseWriter (0.00s)
2026-02-19T13:15:40.6863806Z     --- PASS: TestBasicWriterDiscardsWritesToOriginalResponseWriter/With_Tee (0.00s)
2026-02-19T13:15:40.6865801Z     --- PASS: TestBasicWriterDiscardsWritesToOriginalResponseWriter/Without_Tee (0.00s)
2026-02-19T13:15:40.6866827Z === CONT  TestContentEncoding
2026-02-19T13:15:40.6867216Z === CONT  TestContentEncodingMiddleware
2026-02-19T13:15:40.6867625Z === CONT  TestContentType
2026-02-19T13:15:40.6867980Z --- PASS: TestContentEncoding (0.00s)
2026-02-19T13:15:40.6868371Z === CONT  TestSplit
2026-02-19T13:15:40.6868747Z === CONT  TestContentCharset
2026-02-19T13:15:40.6869800Z === RUN   TestContentCharset/should_accept_requests_with_a_matching_charset
2026-02-19T13:15:40.6870502Z === RUN   TestContentEncodingMiddleware/Support_no_encoding
2026-02-19T13:15:40.6871194Z === RUN   TestContentType/should_accept_requests_with_a_matching_content_type
2026-02-19T13:15:40.6871894Z === PAUSE TestContentEncodingMiddleware/Support_no_encoding
2026-02-19T13:15:40.6872555Z === PAUSE TestContentType/should_accept_requests_with_a_matching_content_type
2026-02-19T13:15:40.6874713Z === RUN   TestContentEncodingMiddleware/Support_gzip_encoding
2026-02-19T13:15:40.6875346Z === PAUSE TestContentEncodingMiddleware/Support_gzip_encoding
2026-02-19T13:15:40.6876554Z === RUN   TestContentType/should_accept_requests_with_a_matching_content_type_no_charset
2026-02-19T13:15:40.6884121Z === RUN   TestContentEncodingMiddleware/No_support_for_br_encoding
2026-02-19T13:15:40.6884791Z --- PASS: TestSplit (0.00s)
2026-02-19T13:15:40.6885607Z === PAUSE TestContentEncodingMiddleware/No_support_for_br_encoding
2026-02-19T13:15:40.6886483Z === PAUSE TestContentCharset/should_accept_requests_with_a_matching_charset
2026-02-19T13:15:40.6887246Z === RUN   TestContentEncodingMiddleware/Support_for_gzip_and_deflate_encoding
2026-02-19T13:15:40.6887963Z === RUN   TestContentCharset/should_be_case-insensitive
2026-02-19T13:15:40.6888706Z === PAUSE TestContentType/should_accept_requests_with_a_matching_content_type_no_charset
2026-02-19T13:15:40.6889603Z === PAUSE TestContentEncodingMiddleware/Support_for_gzip_and_deflate_encoding
2026-02-19T13:15:40.6890349Z === PAUSE TestContentCharset/should_be_case-insensitive
2026-02-19T13:15:40.6891092Z === RUN   TestContentType/should_accept_requests_with_a_matching_content-type_with_extra_values
2026-02-19T13:15:40.6891965Z === RUN   TestContentCharset/should_accept_requests_with_a_matching_charset_with_extra_values
2026-02-19T13:15:40.6892773Z === RUN   TestContentEncodingMiddleware/Support_for_deflate_and_gzip_encoding
2026-02-19T13:15:40.6893606Z === PAUSE TestContentType/should_accept_requests_with_a_matching_content-type_with_extra_values
2026-02-19T13:15:40.6894772Z === PAUSE TestContentCharset/should_accept_requests_with_a_matching_charset_with_extra_values
2026-02-19T13:15:40.6895679Z === PAUSE TestContentEncodingMiddleware/Support_for_deflate_and_gzip_encoding
2026-02-19T13:15:40.6896736Z === RUN   TestContentType/should_accept_requests_with_a_matching_content_type_when_multiple_content_types_are_supported
2026-02-19T13:15:40.6897948Z === RUN   TestContentCharset/should_accept_requests_with_a_matching_charset_when_multiple_charsets_are_supported
2026-02-19T13:15:40.6899241Z === PAUSE TestContentType/should_accept_requests_with_a_matching_content_type_when_multiple_content_types_are_supported
2026-02-19T13:15:40.6900763Z === PAUSE TestContentCharset/should_accept_requests_with_a_matching_charset_when_multiple_charsets_are_supported
2026-02-19T13:15:40.6901762Z === RUN   TestContentEncodingMiddleware/No_support_for_deflate_and_br_encoding
2026-02-19T13:15:40.6902650Z === RUN   TestContentType/should_not_accept_requests_with_a_mismatching_content_type
2026-02-19T13:15:40.6903465Z === PAUSE TestContentEncodingMiddleware/No_support_for_deflate_and_br_encoding
2026-02-19T13:15:40.6904351Z === PAUSE TestContentType/should_not_accept_requests_with_a_mismatching_content_type
2026-02-19T13:15:40.6905273Z === RUN   TestContentCharset/should_accept_requests_with_no_charset_if_empty_charset_headers_are_allowed
2026-02-19T13:15:40.6906207Z === RUN   TestContentType/should_not_accept_requests_with_a_mismatching_content_type_even_if_multiple_content_types_are_allowed
2026-02-19T13:15:40.6906917Z === PAUSE TestContentCharset/should_accept_requests_with_no_charset_if_empty_charset_headers_are_allowed
2026-02-19T13:15:40.6907739Z === PAUSE TestContentType/should_not_accept_requests_with_a_mismatching_content_type_even_if_multiple_content_types_are_allowed
2026-02-19T13:15:40.6908395Z === CONT  TestContentEncodingMiddleware/Support_no_encoding
2026-02-19T13:15:40.6908908Z === RUN   TestContentCharset/should_not_accept_requests_with_no_charset_if_empty_charset_headers_are_not_allowed
2026-02-19T13:15:40.6909465Z === CONT  TestContentEncodingMiddleware/No_support_for_deflate_and_br_encoding
2026-02-19T13:15:40.6909897Z === CONT  TestContentEncodingMiddleware/Support_gzip_encoding
2026-02-19T13:15:40.6910406Z === PAUSE TestContentCharset/should_not_accept_requests_with_no_charset_if_empty_charset_headers_are_not_allowed
2026-02-19T13:15:40.6911114Z === CONT  TestContentEncodingMiddleware/Support_for_deflate_and_gzip_encoding
2026-02-19T13:15:40.6911590Z === RUN   TestContentCharset/should_not_accept_requests_with_a_mismatching_charset
2026-02-19T13:15:40.6912056Z === CONT  TestContentEncodingMiddleware/Support_for_gzip_and_deflate_encoding
2026-02-19T13:15:40.6912528Z === PAUSE TestContentCharset/should_not_accept_requests_with_a_mismatching_charset
2026-02-19T13:15:40.6912984Z === CONT  TestContentType/should_accept_requests_with_a_matching_content_type
2026-02-19T13:15:40.6913735Z === RUN   TestContentCharset/should_not_accept_requests_with_a_mismatching_charset_even_if_empty_charsets_are_allowed
2026-02-19T13:15:40.6914469Z === CONT  TestContentType/should_not_accept_requests_with_a_mismatching_content_type_even_if_multiple_content_types_are_allowed
2026-02-19T13:15:40.6915083Z === CONT  TestContentEncodingMiddleware/No_support_for_br_encoding
2026-02-19T13:15:40.6915529Z === CONT  TestContentType/should_not_accept_requests_with_a_mismatching_content_type
2026-02-19T13:15:40.6916054Z === CONT  TestContentType/should_accept_requests_with_a_matching_content-type_with_extra_values
2026-02-19T13:15:40.6916493Z --- PASS: TestContentEncodingMiddleware (0.00s)
2026-02-19T13:15:40.6916975Z     --- PASS: TestContentEncodingMiddleware/No_support_for_deflate_and_br_encoding (0.00s)
2026-02-19T13:15:40.6917500Z     --- PASS: TestContentEncodingMiddleware/Support_no_encoding (0.00s)
2026-02-19T13:15:40.6917978Z     --- PASS: TestContentEncodingMiddleware/Support_gzip_encoding (0.00s)
2026-02-19T13:15:40.6918506Z     --- PASS: TestContentEncodingMiddleware/Support_for_deflate_and_gzip_encoding (0.00s)
2026-02-19T13:15:40.6919098Z     --- PASS: TestContentEncodingMiddleware/Support_for_gzip_and_deflate_encoding (0.00s)
2026-02-19T13:15:40.6919624Z     --- PASS: TestContentEncodingMiddleware/No_support_for_br_encoding (0.00s)
2026-02-19T13:15:40.6920399Z === PAUSE TestContentCharset/should_not_accept_requests_with_a_mismatching_charset_even_if_empty_charsets_are_allowed
2026-02-19T13:15:40.6921133Z === CONT  TestContentType/should_accept_requests_with_a_matching_content_type_when_multiple_content_types_are_supported
2026-02-19T13:15:40.6921843Z === CONT  TestContentCharset/should_not_accept_requests_with_a_mismatching_charset_even_if_empty_charsets_are_allowed
2026-02-19T13:15:40.6922457Z === CONT  TestContentType/should_accept_requests_with_a_matching_content_type_no_charset
2026-02-19T13:15:40.6922880Z === CONT  TestContentCharset/should_be_case-insensitive
2026-02-19T13:15:40.6923283Z === CONT  TestContentCharset/should_not_accept_requests_with_a_mismatching_charset
2026-02-19T13:15:40.6923654Z --- PASS: TestContentType (0.00s)
2026-02-19T13:15:40.6924062Z     --- PASS: TestContentType/should_accept_requests_with_a_matching_content_type (0.00s)
2026-02-19T13:15:40.6924841Z     --- PASS: TestContentType/should_not_accept_requests_with_a_mismatching_content_type_even_if_multiple_content_types_are_allowed (0.00s)
2026-02-19T13:15:40.6925689Z     --- PASS: TestContentType/should_not_accept_requests_with_a_mismatching_content_type (0.00s)
2026-02-19T13:15:40.6926517Z     --- PASS: TestContentType/should_accept_requests_with_a_matching_content-type_with_extra_values (0.00s)
2026-02-19T13:15:40.6927303Z     --- PASS: TestContentType/should_accept_requests_with_a_matching_content_type_when_multiple_content_types_are_supported (0.00s)
2026-02-19T13:15:40.6928027Z     --- PASS: TestContentType/should_accept_requests_with_a_matching_content_type_no_charset (0.00s)
2026-02-19T13:15:40.6928608Z === CONT  TestContentCharset/should_accept_requests_with_a_matching_charset_with_extra_values
2026-02-19T13:15:40.6929193Z === CONT  TestContentCharset/should_accept_requests_with_no_charset_if_empty_charset_headers_are_allowed
2026-02-19T13:15:40.6929843Z === CONT  TestContentCharset/should_not_accept_requests_with_no_charset_if_empty_charset_headers_are_not_allowed
2026-02-19T13:15:40.6930626Z === CONT  TestContentCharset/should_accept_requests_with_a_matching_charset_when_multiple_charsets_are_supported
2026-02-19T13:15:40.6931167Z === CONT  TestContentCharset/should_accept_requests_with_a_matching_charset
2026-02-19T13:15:40.6931543Z --- PASS: TestContentCharset (0.00s)
2026-02-19T13:15:40.6932107Z     --- PASS: TestContentCharset/should_not_accept_requests_with_a_mismatching_charset_even_if_empty_charsets_are_allowed (0.00s)
2026-02-19T13:15:40.6932720Z     --- PASS: TestContentCharset/should_be_case-insensitive (0.00s)
2026-02-19T13:15:40.6933236Z     --- PASS: TestContentCharset/should_not_accept_requests_with_a_mismatching_charset (0.00s)
2026-02-19T13:15:40.6933867Z     --- PASS: TestContentCharset/should_accept_requests_with_a_matching_charset_with_extra_values (0.00s)
2026-02-19T13:15:40.6934581Z     --- PASS: TestContentCharset/should_accept_requests_with_no_charset_if_empty_charset_headers_are_allowed (0.00s)
2026-02-19T13:15:40.6935334Z     --- PASS: TestContentCharset/should_not_accept_requests_with_no_charset_if_empty_charset_headers_are_not_allowed (0.00s)
2026-02-19T13:15:40.6936135Z     --- PASS: TestContentCharset/should_accept_requests_with_a_matching_charset_when_multiple_charsets_are_supported (0.00s)
2026-02-19T13:15:40.6936802Z     --- PASS: TestContentCharset/should_accept_requests_with_a_matching_charset (0.00s)
2026-02-19T13:15:40.6937147Z PASS
2026-02-19T13:15:41.7019177Z ok  	github.com/go-chi/chi/v5/middleware	27.367s
2026-02-19T13:15:41.7612866Z make[1]: Leaving directory 'D:/a/chi/chi/src/github.com/go-chi/chi'
2026-02-19T13:15:42.5723277Z Post job cleanup.
2026-02-19T13:15:42.7749770Z [command]"C:\Program Files\Git\bin\git.exe" version
2026-02-19T13:15:42.8039094Z git version 2.53.0.windows.1
2026-02-19T13:15:42.8117536Z Temporarily overriding HOME='D:\a\_temp\7e326d14-ac72-4efa-a5a8-c04772a15709' before making global git config changes
2026-02-19T13:15:42.8118195Z Adding repository directory to the temporary git global config as a safe directory
2026-02-19T13:15:42.8128146Z [command]"C:\Program Files\Git\bin\git.exe" config --global --add safe.directory D:\a\chi\chi\src\github.com\go-chi\chi
2026-02-19T13:15:42.8441095Z [command]"C:\Program Files\Git\bin\git.exe" config --local --name-only --get-regexp core\.sshCommand
2026-02-19T13:15:42.8756131Z [command]"C:\Program Files\Git\bin\git.exe" submodule foreach --recursive "sh -c \"git config --local --name-only --get-regexp 'core\.sshCommand' && git config --local --unset-all 'core.sshCommand' || :\""
2026-02-19T13:15:43.3983685Z [command]"C:\Program Files\Git\bin\git.exe" config --local --name-only --get-regexp http\.https\:\/\/github\.com\/\.extraheader
2026-02-19T13:15:43.4237851Z http.https://github.com/.extraheader
2026-02-19T13:15:43.4285191Z [command]"C:\Program Files\Git\bin\git.exe" config --local --unset-all http.https://github.com/.extraheader
2026-02-19T13:15:43.4601061Z [command]"C:\Program Files\Git\bin\git.exe" submodule foreach --recursive "sh -c \"git config --local --name-only --get-regexp 'http\.https\:\/\/github\.com\/\.extraheader' && git config --local --unset-all 'http.https://github.com/.extraheader' || :\""
2026-02-19T13:15:43.9876602Z [command]"C:\Program Files\Git\bin\git.exe" config --local --name-only --get-regexp ^includeIf\.gitdir:
2026-02-19T13:15:44.0178548Z [command]"C:\Program Files\Git\bin\git.exe" submodule foreach --recursive "git config --local --show-origin --name-only --get-regexp remote.origin.url"
2026-02-19T13:15:44.5638261Z Post job cleanup.
2026-02-19T13:15:44.7943018Z Cleaning up orphan processes
