2026-02-25T17:07:33.9890603Z Current runner version: '2.331.0'
2026-02-25T17:07:33.9916951Z ##[group]Runner Image Provisioner
2026-02-25T17:07:33.9917959Z Hosted Compute Agent
2026-02-25T17:07:33.9918492Z Version: 20260123.484
2026-02-25T17:07:33.9919412Z Commit: 6bd6555ca37d84114959e1c76d2c01448ff61c5d
2026-02-25T17:07:33.9920097Z Build Date: 2026-01-23T19:41:17Z
2026-02-25T17:07:33.9920752Z Worker ID: {c1fd8707-ec48-44d9-af94-fabd7948a6f9}
2026-02-25T17:07:33.9921722Z Azure Region: northcentralus
2026-02-25T17:07:33.9922307Z ##[endgroup]
2026-02-25T17:07:33.9923960Z ##[group]Operating System
2026-02-25T17:07:33.9924562Z Ubuntu
2026-02-25T17:07:33.9925051Z 24.04.3
2026-02-25T17:07:33.9925471Z LTS
2026-02-25T17:07:33.9926021Z ##[endgroup]
2026-02-25T17:07:33.9926534Z ##[group]Runner Image
2026-02-25T17:07:33.9927087Z Image: ubuntu-24.04
2026-02-25T17:07:33.9927678Z Version: 20260201.15.1
2026-02-25T17:07:33.9929002Z Included Software: https://github.com/actions/runner-images/blob/ubuntu24/20260201.15/images/ubuntu/Ubuntu2404-Readme.md
2026-02-25T17:07:33.9930523Z Image Release: https://github.com/actions/runner-images/releases/tag/ubuntu24%2F20260201.15
2026-02-25T17:07:33.9931488Z ##[endgroup]
2026-02-25T17:07:33.9932706Z ##[group]GITHUB_TOKEN Permissions
2026-02-25T17:07:33.9934849Z Contents: read
2026-02-25T17:07:33.9935386Z Metadata: read
2026-02-25T17:07:33.9936024Z Packages: read
2026-02-25T17:07:33.9936517Z ##[endgroup]
2026-02-25T17:07:33.9938586Z Secret source: Actions
2026-02-25T17:07:33.9939855Z Prepare workflow directory
2026-02-25T17:07:34.0289440Z Prepare all required actions
2026-02-25T17:07:34.0328676Z Getting action download info
2026-02-25T17:07:34.4593102Z Download action repository 'actions/checkout@v4' (SHA:34e114876b0b11c390a56381ad16ebd13914f8d5)
2026-02-25T17:07:34.5524546Z Download action repository 'pnpm/action-setup@v4' (SHA:41ff72655975bd51cab0327fa583b6e92b6d3061)
2026-02-25T17:07:35.0826978Z Download action repository 'actions/setup-node@v4' (SHA:49933ea5288caeca8642d1e84afbd3f7d6820020)
2026-02-25T17:07:35.1815384Z Download action repository 'actions/upload-artifact@v4' (SHA:ea165f8d65b6e75b540449e92b4886f43607fa02)
2026-02-25T17:07:35.4288290Z Complete job name: test (20)
2026-02-25T17:07:35.5074309Z ##[group]Run actions/checkout@v4
2026-02-25T17:07:35.5075584Z with:
2026-02-25T17:07:35.5076317Z   repository: Ripple-TS/ripple
2026-02-25T17:07:35.5077507Z   token: ***
2026-02-25T17:07:35.5078210Z   ssh-strict: true
2026-02-25T17:07:35.5079113Z   ssh-user: git
2026-02-25T17:07:35.5079884Z   persist-credentials: true
2026-02-25T17:07:35.5080737Z   clean: true
2026-02-25T17:07:35.5081491Z   sparse-checkout-cone-mode: true
2026-02-25T17:07:35.5082414Z   fetch-depth: 1
2026-02-25T17:07:35.5083156Z   fetch-tags: false
2026-02-25T17:07:35.5083906Z   show-progress: true
2026-02-25T17:07:35.5084667Z   lfs: false
2026-02-25T17:07:35.5085352Z   submodules: false
2026-02-25T17:07:35.5086106Z   set-safe-directory: true
2026-02-25T17:07:35.5087212Z ##[endgroup]
2026-02-25T17:07:35.6204164Z Syncing repository: Ripple-TS/ripple
2026-02-25T17:07:35.6206818Z ##[group]Getting Git version info
2026-02-25T17:07:35.6208067Z Working directory is '/home/runner/work/ripple/ripple'
2026-02-25T17:07:35.6210286Z [command]/usr/bin/git version
2026-02-25T17:07:35.6299069Z git version 2.52.0
2026-02-25T17:07:35.6327373Z ##[endgroup]
2026-02-25T17:07:35.6342128Z Temporarily overriding HOME='/home/runner/work/_temp/bb5216ac-c71c-4279-84f0-eb2ce72ba005' before making global git config changes
2026-02-25T17:07:35.6345449Z Adding repository directory to the temporary git global config as a safe directory
2026-02-25T17:07:35.6348672Z [command]/usr/bin/git config --global --add safe.directory /home/runner/work/ripple/ripple
2026-02-25T17:07:35.6386728Z Deleting the contents of '/home/runner/work/ripple/ripple'
2026-02-25T17:07:35.6389928Z ##[group]Initializing the repository
2026-02-25T17:07:35.6393834Z [command]/usr/bin/git init /home/runner/work/ripple/ripple
2026-02-25T17:07:35.6496854Z hint: Using 'master' as the name for the initial branch. This default branch name
2026-02-25T17:07:35.6500092Z hint: will change to "main" in Git 3.0. To configure the initial branch name
2026-02-25T17:07:35.6503708Z hint: to use in all of your new repositories, which will suppress this warning,
2026-02-25T17:07:35.6505780Z hint: call:
2026-02-25T17:07:35.6507065Z hint:
2026-02-25T17:07:35.6508380Z hint: 	git config --global init.defaultBranch <name>
2026-02-25T17:07:35.6510118Z hint:
2026-02-25T17:07:35.6511513Z hint: Names commonly chosen instead of 'master' are 'main', 'trunk' and
2026-02-25T17:07:35.6513852Z hint: 'development'. The just-created branch can be renamed via this command:
2026-02-25T17:07:35.6515326Z hint:
2026-02-25T17:07:35.6516073Z hint: 	git branch -m <name>
2026-02-25T17:07:35.6517131Z hint:
2026-02-25T17:07:35.6518345Z hint: Disable this message with "git config set advice.defaultBranchName false"
2026-02-25T17:07:35.6521241Z Initialized empty Git repository in /home/runner/work/ripple/ripple/.git/
2026-02-25T17:07:35.6524369Z [command]/usr/bin/git remote add origin https://github.com/Ripple-TS/ripple
2026-02-25T17:07:35.6551407Z ##[endgroup]
2026-02-25T17:07:35.6553128Z ##[group]Disabling automatic garbage collection
2026-02-25T17:07:35.6555258Z [command]/usr/bin/git config --local gc.auto 0
2026-02-25T17:07:35.6583384Z ##[endgroup]
2026-02-25T17:07:35.6584737Z ##[group]Setting up auth
2026-02-25T17:07:35.6590649Z [command]/usr/bin/git config --local --name-only --get-regexp core\.sshCommand
2026-02-25T17:07:35.6620881Z [command]/usr/bin/git submodule foreach --recursive sh -c "git config --local --name-only --get-regexp 'core\.sshCommand' && git config --local --unset-all 'core.sshCommand' || :"
2026-02-25T17:07:35.6974173Z [command]/usr/bin/git config --local --name-only --get-regexp http\.https\:\/\/github\.com\/\.extraheader
2026-02-25T17:07:35.7003664Z [command]/usr/bin/git submodule foreach --recursive sh -c "git config --local --name-only --get-regexp 'http\.https\:\/\/github\.com\/\.extraheader' && git config --local --unset-all 'http.https://github.com/.extraheader' || :"
2026-02-25T17:07:35.7233217Z [command]/usr/bin/git config --local --name-only --get-regexp ^includeIf\.gitdir:
2026-02-25T17:07:35.7265118Z [command]/usr/bin/git submodule foreach --recursive git config --local --show-origin --name-only --get-regexp remote.origin.url
2026-02-25T17:07:35.7492410Z [command]/usr/bin/git config --local http.https://github.com/.extraheader AUTHORIZATION: basic ***
2026-02-25T17:07:35.7529278Z ##[endgroup]
2026-02-25T17:07:35.7531796Z ##[group]Fetching the repository
2026-02-25T17:07:35.7541271Z [command]/usr/bin/git -c protocol.version=2 fetch --no-tags --prune --no-recurse-submodules --depth=1 origin +d81735d1a247fa910d26d3b1e74ece1267fe40f7:refs/remotes/pull/748/merge
2026-02-25T17:07:36.2552727Z From https://github.com/Ripple-TS/ripple
2026-02-25T17:07:36.2554489Z  * [new ref]         d81735d1a247fa910d26d3b1e74ece1267fe40f7 -> pull/748/merge
2026-02-25T17:07:36.2587743Z ##[endgroup]
2026-02-25T17:07:36.2590497Z ##[group]Determining the checkout info
2026-02-25T17:07:36.2593420Z ##[endgroup]
2026-02-25T17:07:36.2595138Z [command]/usr/bin/git sparse-checkout disable
2026-02-25T17:07:36.2637692Z [command]/usr/bin/git config --local --unset-all extensions.worktreeConfig
2026-02-25T17:07:36.2665523Z ##[group]Checking out the ref
2026-02-25T17:07:36.2669158Z [command]/usr/bin/git checkout --progress --force refs/remotes/pull/748/merge
2026-02-25T17:07:36.3318499Z Note: switching to 'refs/remotes/pull/748/merge'.
2026-02-25T17:07:36.3320104Z 
2026-02-25T17:07:36.3321385Z You are in 'detached HEAD' state. You can look around, make experimental
2026-02-25T17:07:36.3324931Z changes and commit them, and you can discard any commits you make in this
2026-02-25T17:07:36.3327841Z state without impacting any branches by switching back to a branch.
2026-02-25T17:07:36.3329650Z 
2026-02-25T17:07:36.3330707Z If you want to create a new branch to retain commits you create, you may
2026-02-25T17:07:36.3333472Z do so (now or later) by using -c with the switch command. Example:
2026-02-25T17:07:36.3335410Z 
2026-02-25T17:07:36.3336014Z   git switch -c <new-branch-name>
2026-02-25T17:07:36.3337108Z 
2026-02-25T17:07:36.3337766Z Or undo this operation with:
2026-02-25T17:07:36.3338983Z 
2026-02-25T17:07:36.3339741Z   git switch -
2026-02-25T17:07:36.3340560Z 
2026-02-25T17:07:36.3341732Z Turn off this advice by setting config variable advice.detachedHead to false
2026-02-25T17:07:36.3343495Z 
2026-02-25T17:07:36.3345451Z HEAD is now at d81735d Merge a4e95df3333781b6b655794688112e54e03f571c into 12f00b12df11eb8c662484404cacd97b76348d22
2026-02-25T17:07:36.3350259Z ##[endgroup]
2026-02-25T17:07:36.3378705Z [command]/usr/bin/git log -1 --format=%H
2026-02-25T17:07:36.3405528Z d81735d1a247fa910d26d3b1e74ece1267fe40f7
2026-02-25T17:07:36.3673811Z ##[group]Run pnpm/action-setup@v4
2026-02-25T17:07:36.3674885Z with:
2026-02-25T17:07:36.3675693Z   dest: ~/setup-pnpm
2026-02-25T17:07:36.3676538Z   run_install: null
2026-02-25T17:07:36.3677377Z   package_json_file: package.json
2026-02-25T17:07:36.3678451Z   standalone: false
2026-02-25T17:07:36.3679553Z ##[endgroup]
2026-02-25T17:07:36.4317094Z ##[group]Running self-installer...
2026-02-25T17:07:37.0597397Z Progress: resolved 1, reused 0, downloaded 0, added 0
2026-02-25T17:07:37.0687116Z Packages: +1
2026-02-25T17:07:37.0688230Z +
2026-02-25T17:07:37.4866251Z Progress: resolved 1, reused 0, downloaded 1, added 1, done
2026-02-25T17:07:37.5138456Z 
2026-02-25T17:07:37.5139452Z dependencies:
2026-02-25T17:07:37.5139917Z + pnpm 10.18.2 (10.30.2 is available)
2026-02-25T17:07:37.5140339Z 
2026-02-25T17:07:37.5166809Z Done in 915ms
2026-02-25T17:07:37.5339188Z ##[endgroup]
2026-02-25T17:07:37.5343325Z Installation Completed!
2026-02-25T17:07:37.5518988Z ##[group]Run actions/setup-node@v4
2026-02-25T17:07:37.5519367Z with:
2026-02-25T17:07:37.5519613Z   node-version: 20
2026-02-25T17:07:37.5519863Z   cache: pnpm
2026-02-25T17:07:37.5520109Z   always-auth: false
2026-02-25T17:07:37.5520367Z   check-latest: false
2026-02-25T17:07:37.5520779Z   token: ***
2026-02-25T17:07:37.5521040Z env:
2026-02-25T17:07:37.5521352Z   PNPM_HOME: /home/runner/setup-pnpm/node_modules/.bin
2026-02-25T17:07:37.5521727Z ##[endgroup]
2026-02-25T17:07:37.7303345Z Found in cache @ /opt/hostedtoolcache/node/20.20.0/x64
2026-02-25T17:07:37.7310195Z ##[group]Environment details
2026-02-25T17:07:38.0810911Z node: v20.20.0
2026-02-25T17:07:38.0811601Z npm: 10.8.2
2026-02-25T17:07:38.0812014Z yarn: 1.22.22
2026-02-25T17:07:38.0813060Z ##[endgroup]
2026-02-25T17:07:38.0841243Z [command]/home/runner/setup-pnpm/node_modules/.bin/pnpm store path --silent
2026-02-25T17:07:38.4518075Z /home/runner/setup-pnpm/node_modules/.bin/store/v10
2026-02-25T17:07:38.6436070Z Cache hit for: node-cache-Linux-x64-pnpm-3af40b58b217fc30eab126925c2adcfb05f22db037a676b964a64f7dc3d658fa
2026-02-25T17:07:39.7553690Z Received 130023424 of 249513163 (52.1%), 123.9 MBs/sec
2026-02-25T17:07:40.6188681Z Received 249513163 of 249513163 (100.0%), 127.7 MBs/sec
2026-02-25T17:07:40.6190544Z Cache Size: ~238 MB (249513163 B)
2026-02-25T17:07:40.6229806Z [command]/usr/bin/tar -xf /home/runner/work/_temp/5b37ff0d-b9f9-470e-99b8-bbb90bca8750/cache.tzst -P -C /home/runner/work/ripple/ripple --use-compress-program unzstd
2026-02-25T17:07:43.0053355Z Cache restored successfully
2026-02-25T17:07:43.0556593Z Cache restored from key: node-cache-Linux-x64-pnpm-3af40b58b217fc30eab126925c2adcfb05f22db037a676b964a64f7dc3d658fa
2026-02-25T17:07:43.0739004Z ##[group]Run pnpm install --prod false --frozen-lockfile
2026-02-25T17:07:43.0739566Z [36;1mpnpm install --prod false --frozen-lockfile[0m
2026-02-25T17:07:43.0781766Z shell: /usr/bin/bash -e {0}
2026-02-25T17:07:43.0782077Z env:
2026-02-25T17:07:43.0782362Z   PNPM_HOME: /home/runner/setup-pnpm/node_modules/.bin
2026-02-25T17:07:43.0782722Z ##[endgroup]
2026-02-25T17:07:43.4863213Z Scope: all 25 workspace projects
2026-02-25T17:07:43.5720853Z Lockfile is up to date, resolution step is skipped
2026-02-25T17:07:43.6664338Z Progress: resolved 1, reused 0, downloaded 0, added 0
2026-02-25T17:07:43.7998682Z Packages: +976
2026-02-25T17:07:43.8002006Z ++++++++++++++++++++++++++++++++++++++++++++++++++++++++++++++++++++++++++++++++
2026-02-25T17:07:44.6667087Z Progress: resolved 976, reused 976, downloaded 0, added 448
2026-02-25T17:07:45.1015832Z Progress: resolved 976, reused 976, downloaded 0, added 976, done
2026-02-25T17:07:45.5025712Z  WARN  Failed to create bin at /home/runner/work/ripple/ripple/packages/create-ripple/node_modules/.bin/cli. ENOENT: no such file or directory, open '/home/runner/work/ripple/ripple/packages/cli/dist/index.js'
2026-02-25T17:07:45.5964114Z 
2026-02-25T17:07:45.5964782Z dependencies:
2026-02-25T17:07:45.5965505Z + @types/eslint 9.6.1
2026-02-25T17:07:45.5965777Z 
2026-02-25T17:07:45.5965928Z devDependencies:
2026-02-25T17:07:45.5966328Z + @changesets/changelog-github 0.5.2
2026-02-25T17:07:45.5966731Z + @changesets/cli 2.29.8
2026-02-25T17:07:45.5967340Z + @ripple-ts/eslint-plugin 0.2.215 <- packages/eslint-plugin
2026-02-25T17:07:45.5967984Z + @ripple-ts/prettier-plugin 0.2.215 <- packages/prettier-plugin
2026-02-25T17:07:45.5968616Z + @ripple-ts/vite-plugin 0.2.215 <- packages/vite-plugin
2026-02-25T17:07:45.5969206Z + eslint 9.37.0
2026-02-25T17:07:45.5969473Z + jsdom 26.1.0
2026-02-25T17:07:45.5969730Z + linkedom 0.18.12
2026-02-25T17:07:45.5969990Z + prettier 3.8.1
2026-02-25T17:07:45.5970238Z + rulesync 7.3.0
2026-02-25T17:07:45.5970514Z + source-map 0.7.6
2026-02-25T17:07:45.5970875Z + type-fest 5.1.0
2026-02-25T17:07:45.5971214Z + typescript 5.9.2
2026-02-25T17:07:45.5971544Z + vitest 3.2.4
2026-02-25T17:07:45.5971994Z + wait-on 9.0.3
2026-02-25T17:07:45.5972170Z 
2026-02-25T17:07:45.5972840Z ╭ Warning ─────────────────────────────────────────────────────────────────────╮
2026-02-25T17:07:45.5973533Z │                                                                              │
2026-02-25T17:07:45.5974289Z │   Ignored build scripts: @tailwindcss/oxide, @vscode/vsce-sign, bun,         │
2026-02-25T17:07:45.5975590Z │   esbuild, keytar, tldjs, tree-sitter-cli.                                   │
2026-02-25T17:07:45.5976486Z │   Run "pnpm approve-builds" to pick which dependencies should be allowed     │
2026-02-25T17:07:45.5977266Z │   to run scripts.                                                            │
2026-02-25T17:07:45.5977906Z │                                                                              │
2026-02-25T17:07:45.5978731Z ╰──────────────────────────────────────────────────────────────────────────────╯
2026-02-25T17:07:45.5979293Z 
2026-02-25T17:07:45.6115513Z grammars/tree-sitter install$ node-gyp-build
2026-02-25T17:07:45.7131500Z grammars/tree-sitter install: gyp info it worked if it ends with ok
2026-02-25T17:07:45.7134954Z grammars/tree-sitter install: gyp info using node-gyp@10.3.1
2026-02-25T17:07:45.7136939Z grammars/tree-sitter install: gyp info using node@20.20.0 | linux | x64
2026-02-25T17:07:45.7774690Z grammars/tree-sitter install: gyp info find Python using Python version 3.12.3 found at "/usr/bin/python3"
2026-02-25T17:07:45.8654094Z grammars/tree-sitter install: gyp http GET https://nodejs.org/download/release/v20.20.0/node-v20.20.0-headers.tar.gz
2026-02-25T17:07:45.9764993Z grammars/tree-sitter install: gyp http 200 https://nodejs.org/download/release/v20.20.0/node-v20.20.0-headers.tar.gz
2026-02-25T17:07:47.1144786Z grammars/tree-sitter install: gyp http GET https://nodejs.org/download/release/v20.20.0/SHASUMS256.txt
2026-02-25T17:07:47.1493632Z grammars/tree-sitter install: gyp http 200 https://nodejs.org/download/release/v20.20.0/SHASUMS256.txt
2026-02-25T17:07:47.1544679Z grammars/tree-sitter install: gyp info spawn /usr/bin/python3
2026-02-25T17:07:47.1562945Z grammars/tree-sitter install: gyp info spawn args [
2026-02-25T17:07:47.1564731Z grammars/tree-sitter install: gyp info spawn args '/home/runner/work/ripple/ripple/node_modules/.pnpm/node-gyp@10.3.1/node_modules/node-gyp/gyp/gyp_main.py',
2026-02-25T17:07:47.1566359Z grammars/tree-sitter install: gyp info spawn args 'binding.gyp',
2026-02-25T17:07:47.1567300Z grammars/tree-sitter install: gyp info spawn args '-f',
2026-02-25T17:07:47.1569959Z grammars/tree-sitter install: gyp info spawn args 'make',
2026-02-25T17:07:47.1571499Z grammars/tree-sitter install: gyp info spawn args '-I',
2026-02-25T17:07:47.1573024Z grammars/tree-sitter install: gyp info spawn args '/home/runner/work/ripple/ripple/grammars/tree-sitter/build/config.gypi',
2026-02-25T17:07:47.1574385Z grammars/tree-sitter install: gyp info spawn args '-I',
2026-02-25T17:07:47.1576026Z grammars/tree-sitter install: gyp info spawn args '/home/runner/work/ripple/ripple/node_modules/.pnpm/node-gyp@10.3.1/node_modules/node-gyp/addon.gypi',
2026-02-25T17:07:47.1577510Z grammars/tree-sitter install: gyp info spawn args '-I',
2026-02-25T17:07:47.1578987Z grammars/tree-sitter install: gyp info spawn args '/home/runner/.cache/node-gyp/20.20.0/include/node/common.gypi',
2026-02-25T17:07:47.1580394Z grammars/tree-sitter install: gyp info spawn args '-Dlibrary=shared_library',
2026-02-25T17:07:47.1581544Z grammars/tree-sitter install: gyp info spawn args '-Dvisibility=default',
2026-02-25T17:07:47.1582897Z grammars/tree-sitter install: gyp info spawn args '-Dnode_root_dir=/home/runner/.cache/node-gyp/20.20.0',
2026-02-25T17:07:47.1584863Z grammars/tree-sitter install: gyp info spawn args '-Dnode_gyp_dir=/home/runner/work/ripple/ripple/node_modules/.pnpm/node-gyp@10.3.1/node_modules/node-gyp',
2026-02-25T17:07:47.1586945Z grammars/tree-sitter install: gyp info spawn args '-Dnode_lib_file=/home/runner/.cache/node-gyp/20.20.0/<(target_arch)/node.lib',
2026-02-25T17:07:47.1588698Z grammars/tree-sitter install: gyp info spawn args '-Dmodule_root_dir=/home/runner/work/ripple/ripple/grammars/tree-sitter',
2026-02-25T17:07:47.1589651Z grammars/tree-sitter install: gyp info spawn args '-Dnode_engine=v8',
2026-02-25T17:07:47.1590183Z grammars/tree-sitter install: gyp info spawn args '--depth=.',
2026-02-25T17:07:47.1590683Z grammars/tree-sitter install: gyp info spawn args '--no-parallel',
2026-02-25T17:07:47.1591316Z grammars/tree-sitter install: gyp info spawn args '--generator-output',
2026-02-25T17:07:47.1591830Z grammars/tree-sitter install: gyp info spawn args 'build',
2026-02-25T17:07:47.1592300Z grammars/tree-sitter install: gyp info spawn args '-Goutput_dir=.'
2026-02-25T17:07:47.1592742Z grammars/tree-sitter install: gyp info spawn args ]
2026-02-25T17:07:47.2837204Z grammars/tree-sitter install: gyp info spawn make
2026-02-25T17:07:47.2838747Z grammars/tree-sitter install: gyp info spawn args [ 'BUILDTYPE=Release', '-C', 'build' ]
2026-02-25T17:07:47.2921918Z grammars/tree-sitter install: make: Entering directory '/home/runner/work/ripple/ripple/grammars/tree-sitter/build'
2026-02-25T17:07:47.2970836Z grammars/tree-sitter install:   CXX(target) Release/obj.target/tree_sitter_ripple_binding/bindings/node/binding.o
2026-02-25T17:07:49.6536648Z grammars/tree-sitter install:   CC(target) Release/obj.target/tree_sitter_ripple_binding/src/parser.o
2026-02-25T17:07:50.9160646Z grammars/tree-sitter install:   CC(target) Release/obj.target/tree_sitter_ripple_binding/src/scanner.o
2026-02-25T17:07:50.9762991Z grammars/tree-sitter install:   SOLINK_MODULE(target) Release/obj.target/tree_sitter_ripple_binding.node
2026-02-25T17:07:51.1674295Z grammars/tree-sitter install:   COPY Release/tree_sitter_ripple_binding.node
2026-02-25T17:07:51.1714840Z grammars/tree-sitter install: make: Leaving directory '/home/runner/work/ripple/ripple/grammars/tree-sitter/build'
2026-02-25T17:07:51.1728750Z grammars/tree-sitter install: gyp info ok 
2026-02-25T17:07:51.1893068Z grammars/tree-sitter install: Done
2026-02-25T17:07:51.1967300Z  WARN  Failed to create bin at /home/runner/work/ripple/ripple/packages/create-ripple/node_modules/.bin/cli. ENOENT: no such file or directory, open '/home/runner/work/ripple/ripple/packages/create-ripple/node_modules/@ripple-ts/cli/dist/index.js'
2026-02-25T17:07:51.2369918Z . prepare$ rulesync generate || true
2026-02-25T17:07:52.3667821Z . prepare: [info] [rulesync] ✓ All files are up to date (rules)
2026-02-25T17:07:52.3797148Z . prepare: Done
2026-02-25T17:07:52.4122764Z Done in 9.3s using pnpm v10.18.2
2026-02-25T17:07:52.4343947Z ##[group]Run pnpm build
2026-02-25T17:07:52.4344255Z [36;1mpnpm build[0m
2026-02-25T17:07:52.4375859Z shell: /usr/bin/bash -e {0}
2026-02-25T17:07:52.4376104Z env:
2026-02-25T17:07:52.4376342Z   PNPM_HOME: /home/runner/setup-pnpm/node_modules/.bin
2026-02-25T17:07:52.4376656Z ##[endgroup]
2026-02-25T17:07:52.8647154Z 
2026-02-25T17:07:52.8648032Z > @ripple-ts/cli@0.2.215 build /home/runner/work/ripple/ripple/packages/cli
2026-02-25T17:07:52.8648719Z > tsdown
2026-02-25T17:07:52.8649068Z 
2026-02-25T17:07:52.9600088Z [34mℹ[39m tsdown [2mv0.15.4[22m powered by rolldown [2mv1.0.0-rc.5[22m
2026-02-25T17:07:53.2912460Z [34mℹ[39m Using tsdown config: [4m/home/runner/work/ripple/ripple/packages/cli/tsdown.config.js[24m
2026-02-25T17:07:53.2970627Z [34mℹ[39m entry: [34msrc/index.js[39m
2026-02-25T17:07:53.2971864Z [34mℹ[39m target: [34mnode20[39m
2026-02-25T17:07:53.2974454Z [34mℹ[39m tsconfig: [34mtsconfig.json[39m
2026-02-25T17:07:53.2975979Z [34mℹ[39m Build start
2026-02-25T17:07:53.3023889Z [33mWarning: Invalid input options (1 issue found)
2026-02-25T17:07:53.3025237Z - For the "define". Invalid key: Expected never but received "define". [0m
2026-02-25T17:07:53.4034650Z [34mℹ[39m Granting execute permission to [4mdist/index.js[24m
2026-02-25T17:07:53.4184432Z [34mℹ[39m [2mdist/[22m[1mindex.js[22m  [2m348.94 kB[22m [2m│ gzip: 102.30 kB[22m
2026-02-25T17:07:53.4185484Z [34mℹ[39m 1 files, total: 348.94 kB
2026-02-25T17:07:53.4194861Z [32m✔[39m Build complete in [32m121ms[39m
2026-02-25T17:07:53.4475321Z ##[group]Run pnpm build
2026-02-25T17:07:53.4475792Z [36;1mpnpm build[0m
2026-02-25T17:07:53.4522065Z shell: /usr/bin/bash -e {0}
2026-02-25T17:07:53.4522510Z env:
2026-02-25T17:07:53.4522944Z   PNPM_HOME: /home/runner/setup-pnpm/node_modules/.bin
2026-02-25T17:07:53.4523499Z ##[endgroup]
2026-02-25T17:07:53.8302403Z 
2026-02-25T17:07:53.8303514Z > @ripple-ts/eslint-parser@0.2.215 build /home/runner/work/ripple/ripple/packages/eslint-parser
2026-02-25T17:07:53.8304466Z > tsdown
2026-02-25T17:07:53.8304658Z 
2026-02-25T17:07:53.9279547Z [34mℹ[39m tsdown [2mv0.15.4[22m powered by rolldown [2mv1.0.0-rc.5[22m
2026-02-25T17:07:54.2379706Z [34mℹ[39m Using tsdown config: [4m/home/runner/work/ripple/ripple/packages/eslint-parser/tsdown.config.js[24m
2026-02-25T17:07:54.2436773Z [34mℹ[39m entry: [34msrc/index.ts[39m
2026-02-25T17:07:54.2479472Z [34mℹ[39m target: [34mnode20.0.0[39m
2026-02-25T17:07:54.2482595Z [34mℹ[39m tsconfig: [34mtsconfig.json[39m
2026-02-25T17:07:54.2483307Z [34mℹ[39m Build start
2026-02-25T17:07:54.3961952Z [33mWarning: Invalid input options (1 issue found)
2026-02-25T17:07:54.3963052Z - For the "define". Invalid key: Expected never but received "define". [0m
2026-02-25T17:07:55.4672620Z [34mℹ[39m [2mdist/[22m[1mindex.js[22m                 [2m4.53 kB[22m [2m│ gzip: 1.70 kB[22m
2026-02-25T17:07:55.4674064Z [34mℹ[39m [2mdist/[22mindex.js.map             [2m9.05 kB[22m [2m│ gzip: 3.21 kB[22m
2026-02-25T17:07:55.4675529Z [34mℹ[39m [2mdist/[22mindex-BkFOqRzX.d.ts.map  [2m0.68 kB[22m [2m│ gzip: 0.31 kB[22m
2026-02-25T17:07:55.4677128Z [34mℹ[39m [2mdist/[22m[32m[1mindex-BkFOqRzX.d.ts[22m[39m      [2m1.02 kB[22m [2m│ gzip: 0.51 kB[22m
2026-02-25T17:07:55.4678215Z [34mℹ[39m 4 files, total: 15.28 kB
2026-02-25T17:07:55.4685841Z [32m✔[39m Build complete in [32m1221ms[39m
2026-02-25T17:07:55.5027446Z ##[group]Run pnpm test
2026-02-25T17:07:55.5027726Z [36;1mpnpm test[0m
2026-02-25T17:07:55.5060399Z shell: /usr/bin/bash -e {0}
2026-02-25T17:07:55.5060637Z env:
2026-02-25T17:07:55.5060899Z   PNPM_HOME: /home/runner/setup-pnpm/node_modules/.bin
2026-02-25T17:07:55.5061204Z ##[endgroup]
2026-02-25T17:07:55.8705797Z 
2026-02-25T17:07:55.8706553Z > ripple-monorepo@ test /home/runner/work/ripple/ripple
2026-02-25T17:07:55.8707012Z > vitest run
2026-02-25T17:07:55.8707167Z 
2026-02-25T17:07:56.2851069Z 
2026-02-25T17:07:56.2853781Z [1m[46m RUN [49m[22m [36mv3.2.4 [39m[90m/home/runner/work/ripple/ripple[39m
2026-02-25T17:07:56.2854388Z 
2026-02-25T17:07:56.3277419Z [@ripple-ts/vite-plugin] Detected Ripple source package: ripple
2026-02-25T17:07:56.7011014Z Compiled basic.ripple -> client & server
2026-02-25T17:07:56.7090876Z Compiled composite.ripple -> client & server
2026-02-25T17:07:56.7385085Z Compiled events.ripple -> client & server
2026-02-25T17:07:56.8464580Z Compiled for.ripple -> client & server
2026-02-25T17:07:56.8572238Z Compiled head.ripple -> client & server
2026-02-25T17:07:56.8624111Z Compiled html-in-template.ripple -> client & server
2026-02-25T17:07:56.9442319Z Compiled html.ripple -> client & server
2026-02-25T17:07:56.9821352Z Compiled if-children.ripple -> client & server
2026-02-25T17:07:56.9974195Z Compiled if.ripple -> client & server
2026-02-25T17:07:57.0157028Z Compiled mixed-control-flow.ripple -> client & server
2026-02-25T17:07:57.0522017Z Compiled nested-control-flow.ripple -> client & server
2026-02-25T17:07:57.0615233Z Compiled portal.ripple -> client & server
2026-02-25T17:07:57.0708600Z Compiled reactivity.ripple -> client & server
2026-02-25T17:07:57.1502661Z Compiled return.ripple -> client & server
2026-02-25T17:07:57.1662840Z Compiled switch.ripple -> client & server
2026-02-25T17:07:57.1695129Z Compiled try.ripple -> client & server
2026-02-25T17:07:57.1695718Z Hydration components compiled!
2026-02-25T17:07:57.9883708Z [@ripple-ts/vite-plugin] Detected Ripple source package: ripple
2026-02-25T17:07:59.4434172Z  [32m✓[39m [30m[43m prettier-plugin [49m[39m packages/prettier-plugin/src/index.test.js [2m([22m[2m268 tests[22m[2m)[22m[33m 819[2mms[22m[39m
2026-02-25T17:07:59.9360304Z  [32m✓[39m [30m[42m ripple-client [49m[39m packages/ripple/tests/client/input-value.test.ripple [2m([22m[2m144 tests[22m[2m)[22m[33m 367[2mms[22m[39m
2026-02-25T17:08:00.3877288Z  [32m✓[39m [30m[42m ripple-client [49m[39m packages/ripple/tests/client/return.test.ripple [2m([22m[2m108 tests[22m[2m)[22m[33m 409[2mms[22m[39m
2026-02-25T17:08:00.8067544Z  [32m✓[39m [30m[42m ripple-client [49m[39m packages/ripple/tests/client/basic/basic.attributes.test.ripple [2m([22m[2m28 tests[22m[2m)[22m[32m 166[2mms[22m[39m
2026-02-25T17:08:01.3123256Z [@ripple-ts/vite-plugin] Detected Ripple source package: ripple
2026-02-25T17:08:01.4391915Z  [32m✓[39m [30m[45m ripple-hydration [49m[39m packages/ripple/tests/hydration/return.test.js [2m([22m[2m30 tests[22m[2m)[22m[32m 187[2mms[22m[39m
2026-02-25T17:08:01.9414141Z  [32m✓[39m [30m[42m ripple-client [49m[39m packages/ripple/tests/client/events.test.ripple [2m([22m[2m15 tests[22m[2m)[22m[32m 75[2mms[22m[39m
2026-02-25T17:08:02.2386167Z  [32m✓[39m [30m[42m compat-react [49m[39m packages/compat-react/tests/index.test.ripple [2m([22m[2m21 tests[22m[2m)[22m[33m 370[2mms[22m[39m
2026-02-25T17:08:02.6323330Z  [32m✓[39m [30m[45m ripple-hydration [49m[39m packages/ripple/tests/hydration/for.test.js [2m([22m[2m28 tests[22m[2m)[22m[32m 211[2mms[22m[39m
2026-02-25T17:08:03.0687856Z  [32m✓[39m [30m[42m ripple-client [49m[39m packages/ripple/tests/client/array/array.derived.test.ripple [2m([22m[2m17 tests[22m[2m)[22m[32m 126[2mms[22m[39m
2026-02-25T17:08:03.3997112Z  [32m✓[39m [30m[42m ripple-client [49m[39m packages/ripple/tests/client/dynamic-elements.test.ripple [2m([22m[2m22 tests[22m[2m)[22m[32m 129[2mms[22m[39m
2026-02-25T17:08:03.6976196Z  [32m✓[39m [30m[42m ripple-client [49m[39m packages/ripple/tests/client/url/url.reactivity.test.ripple [2m([22m[2m15 tests[22m[2m)[22m[32m 91[2mms[22m[39m
2026-02-25T17:08:04.3251463Z  [32m✓[39m [30m[42m ripple-client [49m[39m packages/ripple/tests/client/css/global-additional-cases.test.ripple [2m([22m[2m27 tests[22m[2m)[22m[32m 163[2mms[22m[39m
2026-02-25T17:08:04.4853201Z  [32m✓[39m [30m[42m ripple-client [49m[39m packages/ripple/tests/client/svg.test.ripple [2m([22m[2m13 tests[22m[2m)[22m[32m 72[2mms[22m[39m
2026-02-25T17:08:04.8228515Z  [32m✓[39m [30m[42m ripple-client [49m[39m packages/ripple/tests/client/array/array.mutations.test.ripple [2m([22m[2m12 tests[22m[2m)[22m[32m 98[2mms[22m[39m
2026-02-25T17:08:05.5242831Z  [32m✓[39m [30m[42m ripple-client [49m[39m packages/ripple/tests/client/url-search-params/url-search-params.mutation.test.ripple [2m([22m[2m12 tests[22m[2m)[22m[32m 72[2mms[22m[39m
2026-02-25T17:08:05.5248715Z  [32m✓[39m [30m[42m ripple-client [49m[39m packages/ripple/tests/client/basic/basic.reactivity.test.ripple [2m([22m[2m17 tests[22m[2m)[22m[32m 95[2mms[22m[39m
2026-02-25T17:08:05.8951942Z  [32m✓[39m [30m[42m ripple-client [49m[39m packages/ripple/tests/client/switch.test.ripple [2m([22m[2m10 tests[22m[2m)[22m[32m 105[2mms[22m[39m
2026-02-25T17:08:06.4535509Z  [32m✓[39m [30m[45m cli [49m[39m packages/cli/tests/integration/project-creator.test.js [2m([22m[2m11 tests[22m[2m)[22m[32m 67[2mms[22m[39m
2026-02-25T17:08:06.6071354Z  [32m✓[39m [30m[45m ripple-hydration [49m[39m packages/ripple/tests/hydration/if-children.test.js [2m([22m[2m14 tests[22m[2m)[22m[32m 124[2mms[22m[39m
2026-02-25T17:08:06.9270294Z  [32m✓[39m [30m[42m ripple-client [49m[39m packages/ripple/tests/client/date.test.ripple [2m([22m[2m14 tests[22m[2m)[22m[32m 112[2mms[22m[39m
2026-02-25T17:08:07.4604618Z  [32m✓[39m [30m[45m ripple-hydration [49m[39m packages/ripple/tests/hydration/nested-control-flow.test.js [2m([22m[2m17 tests[22m[2m)[22m[32m 86[2mms[22m[39m
2026-02-25T17:08:07.8059212Z  [32m✓[39m [30m[42m ripple-client [49m[39m packages/ripple/tests/client/css/style-identifier.test.ripple [2m([22m[2m17 tests[22m[2m)[22m[32m 131[2mms[22m[39m
2026-02-25T17:08:08.1126794Z  [31m❯[39m [30m[45m ripple-hydration [49m[39m packages/ripple/tests/hydration/html.test.js [2m([22m[2m25 tests[22m[2m | [22m[31m1 failed[39m[2m)[22m[32m 166[2mms[22m[39m
2026-02-25T17:08:08.1132759Z    [32m✓[39m hydration > html tags[2m > [22mhydrates static html content[32m 27[2mms[22m[39m
2026-02-25T17:08:08.1135290Z    [32m✓[39m hydration > html tags[2m > [22mhydrates dynamic html content[32m 7[2mms[22m[39m
2026-02-25T17:08:08.1137211Z    [32m✓[39m hydration > html tags[2m > [22mhydrates empty html content[32m 3[2mms[22m[39m
2026-02-25T17:08:08.1172095Z    [32m✓[39m hydration > html tags[2m > [22mhydrates complex nested html[32m 5[2mms[22m[39m
2026-02-25T17:08:08.1174599Z    [32m✓[39m hydration > html tags[2m > [22mhydrates multiple html blocks[32m 3[2mms[22m[39m
2026-02-25T17:08:08.1175868Z    [32m✓[39m hydration > html tags[2m > [22mhydrates html with reactivity[32m 2[2mms[22m[39m
2026-02-25T17:08:08.1177397Z    [32m✓[39m hydration > html tags[2m > [22mhydrates html content inside component children (DocsPage pattern)[32m 3[2mms[22m[39m
2026-02-25T17:08:08.1179307Z    [32m✓[39m hydration > html tags[2m > [22mhydrates html content in children with sibling elements[32m 3[2mms[22m[39m
2026-02-25T17:08:08.1180976Z    [32m✓[39m hydration > html tags[2m > [22mhydrates multiple html blocks inside component children[32m 4[2mms[22m[39m
2026-02-25T17:08:08.1182559Z    [32m✓[39m hydration > html tags[2m > [22mhydrates html content containing HTML comments[32m 4[2mms[22m[39m
2026-02-25T17:08:08.1184626Z    [32m✓[39m hydration > html tags[2m > [22mhydrates html content containing an empty comment[32m 2[2mms[22m[39m
2026-02-25T17:08:08.1186401Z    [32m✓[39m hydration > html tags[2m > [22mhydrates html with comments inside component children (docs pattern)[32m 3[2mms[22m[39m
2026-02-25T17:08:08.1188619Z [31m   [31m×[31m hydration > html tags[2m > [22mhydrates html when server and client have matching data (DocsPage pattern)[39m[32m 25[2mms[22m[39m
2026-02-25T17:08:08.1190542Z [31m     → expected '<!--[--><div class="layout"><div clas…' to contain 'edit-link'[39m
2026-02-25T17:08:08.1192527Z    [32m✓[39m hydration > html tags[2m > [22mreproduces hydration mismatch when client has default props (DocsPage #server pattern)[32m 6[2mms[22m[39m
2026-02-25T17:08:08.1194432Z    [32m✓[39m hydration > html tags[2m > [22mreproduces hydration mismatch with undefined html content[32m 6[2mms[22m[39m
2026-02-25T17:08:08.1196224Z    [32m✓[39m hydration > html tags[2m > [22mhydrates html block after switch-based component in children[32m 6[2mms[22m[39m
2026-02-25T17:08:08.1198046Z    [32m✓[39m hydration > html tags[2m > [22mhydrates layout with sidebar (if-blocks) followed by main sibling[32m 11[2mms[22m[39m
2026-02-25T17:08:08.1200170Z    [32m✓[39m hydration > html tags[2m > [22mhydrates article with composite children followed by if-block siblings[32m 5[2mms[22m[39m
2026-02-25T17:08:08.1202157Z    [32m✓[39m hydration > html tags[2m > [22mhydrates article with {html} child then sibling (StylingPage pattern)[32m 13[2mms[22m[39m
2026-02-25T17:08:08.1204004Z    [32m✓[39m hydration > html tags[2m > [22mhydrates INLINE article with {html} child then sibling (exact DocsLayout)[32m 3[2mms[22m[39m
2026-02-25T17:08:08.1205919Z    [32m✓[39m hydration > html tags[2m > [22mhydrates full DocsLayout with data mismatch (StylingPage exact reproduction)[32m 6[2mms[22m[39m
2026-02-25T17:08:08.1207787Z    [32m✓[39m hydration > html tags[2m > [22mhydrates exact DocsLayout with all conditions and data mismatch[32m 6[2mms[22m[39m
2026-02-25T17:08:08.1240373Z    [32m✓[39m hydration > html tags[2m > [22mhydrates template element with {html} content[32m 4[2mms[22m[39m
2026-02-25T17:08:08.1242159Z    [32m✓[39m hydration > html tags[2m > [22mhydrates template element with {html} and siblings[32m 2[2mms[22m[39m
2026-02-25T17:08:08.1243704Z    [32m✓[39m hydration > html tags[2m > [22mhydrates nested template in layout component[32m 3[2mms[22m[39m
2026-02-25T17:08:08.6348350Z  [32m✓[39m [30m[42m ripple-client [49m[39m packages/ripple/tests/client/compiler/compiler.basic.test.ripple [2m([22m[2m16 tests[22m[2m)[22m[32m 138[2mms[22m[39m
2026-02-25T17:08:08.6955361Z  [32m✓[39m [30m[45m cli [49m[39m packages/cli/tests/unit/prompts.test.js [2m([22m[2m17 tests[22m[2m)[22m[32m 18[2mms[22m[39m
2026-02-25T17:08:09.2120877Z  [32m✓[39m [30m[42m ripple-client [49m[39m packages/ripple/tests/client/basic/basic.components.test.ripple [2m([22m[2m9 tests[22m[2m)[22m[32m 86[2mms[22m[39m
2026-02-25T17:08:09.7584375Z  [32m✓[39m [30m[42m ripple-client [49m[39m packages/ripple/tests/client/composite/composite.reactivity.test.ripple [2m([22m[2m7 tests[22m[2m)[22m[32m 82[2mms[22m[39m
2026-02-25T17:08:10.1811810Z  [32m✓[39m [30m[42m ripple-client [49m[39m packages/ripple/tests/client/array/array.static.test.ripple [2m([22m[2m9 tests[22m[2m | [22m[33m4 skipped[39m[2m)[22m[32m 45[2mms[22m[39m
2026-02-25T17:08:10.7459822Z  [32m✓[39m [30m[42m ripple-client [49m[39m packages/ripple/tests/client/basic/basic.rendering.test.ripple [2m([22m[2m13 tests[22m[2m)[22m[32m 91[2mms[22m[39m
2026-02-25T17:08:11.1042654Z  [32m✓[39m [30m[42m ripple-client [49m[39m packages/ripple/tests/client/basic/basic.events.test.ripple [2m([22m[2m5 tests[22m[2m)[22m[32m 63[2mms[22m[39m
2026-02-25T17:08:11.7240119Z  [32m✓[39m [30m[42m ripple-client [49m[39m packages/ripple/tests/client/map.test.ripple [2m([22m[2m8 tests[22m[2m)[22m[32m 60[2mms[22m[39m
2026-02-25T17:08:11.8922667Z  [32m✓[39m [30m[45m cli [49m[39m packages/cli/tests/integration/cli.test.js [2m([22m[2m13 tests[22m[2m)[22m[33m 2413[2mms[22m[39m
2026-02-25T17:08:11.9584108Z  [32m✓[39m [30m[45m cli [49m[39m packages/cli/tests/unit/validation.test.js [2m([22m[2m13 tests[22m[2m)[22m[32m 12[2mms[22m[39m
2026-02-25T17:08:12.6562151Z  [32m✓[39m [30m[42m ripple-client [49m[39m packages/ripple/tests/client/url/url.partial-removal.test.ripple [2m([22m[2m8 tests[22m[2m)[22m[32m 63[2mms[22m[39m
2026-02-25T17:08:12.8944696Z  [32m✓[39m [30m[42m ripple-client [49m[39m packages/ripple/tests/client/url/url.parsing.test.ripple [2m([22m[2m8 tests[22m[2m)[22m[32m 71[2mms[22m[39m
2026-02-25T17:08:13.1536328Z  [32m✓[39m [30m[42m ripple-client [49m[39m packages/ripple/tests/client/basic/basic.errors.test.ripple [2m([22m[2m13 tests[22m[2m)[22m[32m 85[2mms[22m[39m
2026-02-25T17:08:13.6741569Z  [32m✓[39m [30m[42m ripple-client [49m[39m packages/ripple/tests/client/basic/basic.get-set.test.ripple [2m([22m[2m12 tests[22m[2m)[22m[32m 68[2mms[22m[39m
2026-02-25T17:08:13.8612117Z  [32m✓[39m [30m[42m ripple-client [49m[39m packages/ripple/tests/client/composite/composite.generics.test.ripple [2m([22m[2m1 test[22m[2m)[22m[32m 29[2mms[22m[39m
2026-02-25T17:08:14.0692088Z  [32m✓[39m [30m[45m ripple-hydration [49m[39m packages/ripple/tests/hydration/basic.test.js [2m([22m[2m12 tests[22m[2m)[22m[32m 69[2mms[22m[39m
2026-02-25T17:08:14.7745053Z  [32m✓[39m [30m[42m ripple-client [49m[39m packages/ripple/tests/client/css/global-scoping.test.ripple [2m([22m[2m8 tests[22m[2m)[22m[32m 77[2mms[22m[39m
2026-02-25T17:08:14.8261987Z  [32m✓[39m [30m[42m ripple-client [49m[39m packages/ripple/tests/client/url-search-params/url-search-params.retrieval.test.ripple [2m([22m[2m6 tests[22m[2m)[22m[32m 50[2mms[22m[39m
2026-02-25T17:08:15.0885934Z  [32m✓[39m [30m[42m ripple-client [49m[39m packages/ripple/tests/client/portal.test.ripple [2m([22m[2m6 tests[22m[2m)[22m[32m 70[2mms[22m[39m
2026-02-25T17:08:15.8020354Z  [32m✓[39m [30m[42m ripple-client [49m[39m packages/ripple/tests/client/set.test.ripple [2m([22m[2m6 tests[22m[2m)[22m[32m 63[2mms[22m[39m
2026-02-25T17:08:15.8639703Z  [32m✓[39m [30m[42m ripple-client [49m[39m packages/ripple/tests/client/composite/composite.props.test.ripple [2m([22m[2m7 tests[22m[2m)[22m[32m 52[2mms[22m[39m
2026-02-25T17:08:16.0974932Z  [32m✓[39m [30m[42m ripple-client [49m[39m packages/ripple/tests/client/array/array.copy-within.test.ripple [2m([22m[2m3 tests[22m[2m)[22m[32m 58[2mms[22m[39m
2026-02-25T17:08:16.7170187Z  [32m✓[39m [30m[45m cli [49m[39m packages/cli/tests/unit/templates.test.js [2m([22m[2m17 tests[22m[2m)[22m[32m 9[2mms[22m[39m
2026-02-25T17:08:16.8712309Z  [32m✓[39m [30m[42m ripple-client [49m[39m packages/ripple/tests/client/for.test.ripple [2m([22m[2m7 tests[22m[2m)[22m[32m 79[2mms[22m[39m
2026-02-25T17:08:17.1996587Z  [32m✓[39m [30m[42m ripple-client [49m[39m packages/ripple/tests/client/css/global-advanced-selectors.test.ripple [2m([22m[2m8 tests[22m[2m)[22m[32m 66[2mms[22m[39m
2026-02-25T17:08:17.7302559Z  [32m✓[39m [30m[45m ripple-hydration [49m[39m packages/ripple/tests/hydration/switch.test.js [2m([22m[2m6 tests[22m[2m)[22m[32m 74[2mms[22m[39m
2026-02-25T17:08:17.8860988Z  [32m✓[39m [30m[42m ripple-client [49m[39m packages/ripple/tests/client/object.test.ripple [2m([22m[2m8 tests[22m[2m)[22m[32m 62[2mms[22m[39m
2026-02-25T17:08:18.1963412Z  [32m✓[39m [30m[42m ripple-client [49m[39m packages/ripple/tests/client/url-search-params/url-search-params.iteration.test.ripple [2m([22m[2m6 tests[22m[2m)[22m[32m 59[2mms[22m[39m
2026-02-25T17:08:18.8322089Z  [32m✓[39m [30m[42m ripple-client [49m[39m packages/ripple/tests/client/compiler/compiler.try-in-function.test.ripple [2m([22m[2m8 tests[22m[2m)[22m[32m 74[2mms[22m[39m
2026-02-25T17:08:18.8938188Z  [32m✓[39m [30m[42m ripple-client [49m[39m packages/ripple/tests/client/head.test.ripple [2m([22m[2m7 tests[22m[2m)[22m[32m 58[2mms[22m[39m
2026-02-25T17:08:19.2451823Z  [32m✓[39m [30m[42m ripple-client [49m[39m packages/ripple/tests/client/css/global-edge-cases.test.ripple [2m([22m[2m9 tests[22m[2m)[22m[32m 69[2mms[22m[39m
2026-02-25T17:08:19.7947017Z  [32m✓[39m [30m[45m ripple-hydration [49m[39m packages/ripple/tests/hydration/head.test.js [2m([22m[2m10 tests[22m[2m)[22m[32m 67[2mms[22m[39m
2026-02-25T17:08:20.0211543Z  [32m✓[39m [30m[42m ripple-client [49m[39m packages/ripple/tests/client/css/global-complex-nesting.test.ripple [2m([22m[2m7 tests[22m[2m)[22m[32m 79[2mms[22m[39m
2026-02-25T17:08:20.2327785Z  [32m✓[39m [30m[42m ripple-client [49m[39m packages/ripple/tests/client/typescript-generics.test.ripple [2m([22m[2m9 tests[22m[2m)[22m[32m 38[2mms[22m[39m
2026-02-25T17:08:20.8446462Z  [32m✓[39m [30m[42m ripple-client [49m[39m packages/ripple/tests/client/compiler/compiler.tracked-access.test.ripple [2m([22m[2m10 tests[22m[2m)[22m[32m 47[2mms[22m[39m
2026-02-25T17:08:21.1588701Z  [32m✓[39m [30m[42m ripple-client [49m[39m packages/ripple/tests/client/css/global-classes-ids.test.ripple [2m([22m[2m7 tests[22m[2m)[22m[32m 75[2mms[22m[39m
2026-02-25T17:08:21.3181533Z  [32m✓[39m [30m[42m ripple-client [49m[39m packages/ripple/tests/client/css/global-keyframes.test.ripple [2m([22m[2m5 tests[22m[2m)[22m[32m 48[2mms[22m[39m
2026-02-25T17:08:21.7951008Z  [32m✓[39m [30m[45m ripple-hydration [49m[39m packages/ripple/tests/hydration/events.test.js [2m([22m[2m6 tests[22m[2m)[22m[32m 41[2mms[22m[39m
2026-02-25T17:08:22.1830062Z  [32m✓[39m [30m[42m ripple-client [49m[39m packages/ripple/tests/client/array/array.iteration.test.ripple [2m([22m[2m4 tests[22m[2m)[22m[32m 50[2mms[22m[39m
2026-02-25T17:08:22.3393104Z  [32m✓[39m [30m[45m ripple-hydration [49m[39m packages/ripple/tests/hydration/if.test.js [2m([22m[2m7 tests[22m[2m)[22m[32m 59[2mms[22m[39m
2026-02-25T17:08:22.7341988Z  [32m✓[39m [30m[42m ripple-client [49m[39m packages/ripple/tests/client/compiler/compiler.regex.test.ripple [2m([22m[2m2 tests[22m[2m)[22m[32m 44[2mms[22m[39m
2026-02-25T17:08:23.1362298Z  [32m✓[39m [30m[42m ripple-client [49m[39m packages/ripple/tests/client/try.test.ripple [2m([22m[2m5 tests[22m[2m)[22m[32m 64[2mms[22m[39m
2026-02-25T17:08:23.4356986Z  [32m✓[39m [30m[42m ripple-client [49m[39m packages/ripple/tests/client/css/global-basic.test.ripple [2m([22m[2m7 tests[22m[2m)[22m[32m 75[2mms[22m[39m
2026-02-25T17:08:23.7990001Z  [32m✓[39m [30m[42m ripple-client [49m[39m packages/ripple/tests/client/css/global-pseudo.test.ripple [2m([22m[2m6 tests[22m[2m)[22m[32m 70[2mms[22m[39m
2026-02-25T17:08:24.2174812Z  [32m✓[39m [30m[42m ripple-client [49m[39m packages/ripple/tests/client/compiler/compiler.attributes.test.ripple [2m([22m[2m4 tests[22m[2m)[22m[32m 46[2mms[22m[39m
2026-02-25T17:08:24.5346086Z  [32m✓[39m [30m[42m ripple-client [49m[39m packages/ripple/tests/client/compiler/compiler.assignments.test.ripple [2m([22m[2m3 tests[22m[2m)[22m[32m 50[2mms[22m[39m
2026-02-25T17:08:24.9882853Z  [32m✓[39m [30m[46m eslint-plugin [49m[39m packages/eslint-plugin/tests/rules/no-introspect-in-modules.test.ts [2m([22m[2m8 tests[22m[2m)[22m[32m 128[2mms[22m[39m
2026-02-25T17:08:25.2272883Z  [32m✓[39m [30m[42m ripple-client [49m[39m packages/ripple/tests/client/media-query.test.ripple [2m([22m[2m2 tests[22m[2m)[22m[32m 43[2mms[22m[39m
2026-02-25T17:08:25.7033801Z  [32m✓[39m [30m[46m eslint-plugin [49m[39m packages/eslint-plugin/tests/rules/control-flow-jsx.test.ts [2m([22m[2m9 tests[22m[2m)[22m[32m 149[2mms[22m[39m
2026-02-25T17:08:25.9558691Z  [32m✓[39m [30m[42m ripple-client [49m[39m packages/ripple/tests/client/url/url.derived.test.ripple [2m([22m[2m2 tests[22m[2m)[22m[32m 49[2mms[22m[39m
2026-02-25T17:08:26.1631148Z  [32m✓[39m [30m[42m ripple-client [49m[39m packages/ripple/tests/client/array/array.to-methods.test.ripple [2m([22m[2m3 tests[22m[2m)[22m[32m 47[2mms[22m[39m
2026-02-25T17:08:26.6497468Z  [32m✓[39m [30m[42m ripple-client [49m[39m packages/ripple/tests/client/url-search-params/url-search-params.derived.test.ripple [2m([22m[2m2 tests[22m[2m)[22m[32m 32[2mms[22m[39m
2026-02-25T17:08:26.8665341Z  [32m✓[39m [30m[45m ripple-hydration [49m[39m packages/ripple/tests/hydration/portal.test.js [2m([22m[2m3 tests[22m[2m)[22m[32m 39[2mms[22m[39m
2026-02-25T17:08:27.3217348Z  [32m✓[39m [30m[42m ripple-client [49m[39m packages/ripple/tests/client/css/global-nested.test.ripple [2m([22m[2m5 tests[22m[2m)[22m[32m 59[2mms[22m[39m
2026-02-25T17:08:27.6900963Z  [32m✓[39m [30m[42m ripple-client [49m[39m packages/ripple/tests/client/css/global-at-rules.test.ripple [2m([22m[2m5 tests[22m[2m)[22m[32m 54[2mms[22m[39m
2026-02-25T17:08:27.8272588Z  [32m✓[39m [30m[42m ripple-client [49m[39m packages/ripple/tests/client/basic/basic.collections.test.ripple [2m([22m[2m3 tests[22m[2m)[22m[32m 39[2mms[22m[39m
2026-02-25T17:08:28.3755818Z  [32m✓[39m [30m[45m ripple-hydration [49m[39m packages/ripple/tests/hydration/mixed-control-flow.test.js [2m([22m[2m3 tests[22m[2m)[22m[32m 88[2mms[22m[39m
2026-02-25T17:08:28.7737513Z  [32m✓[39m [30m[42m ripple-client [49m[39m packages/ripple/tests/client/css/global-combinators.test.ripple [2m([22m[2m5 tests[22m[2m)[22m[32m 56[2mms[22m[39m
2026-02-25T17:08:28.8146950Z  [32m✓[39m [30m[42m ripple-client [49m[39m packages/ripple/tests/client/ref.test.ripple [2m([22m[2m4 tests[22m[2m)[22m[32m 41[2mms[22m[39m
2026-02-25T17:08:29.3242815Z  [32m✓[39m [30m[42m ripple-client [49m[39m packages/ripple/tests/client/boundaries.test.ripple [2m([22m[2m2 tests[22m[2m)[22m[32m 45[2mms[22m[39m
2026-02-25T17:08:29.7542791Z  [32m✓[39m [30m[42m ripple-client [49m[39m packages/ripple/tests/client/composite/composite.render.test.ripple [2m([22m[2m5 tests[22m[2m)[22m[32m 44[2mms[22m[39m
2026-02-25T17:08:29.9451615Z  [32m✓[39m [30m[46m eslint-plugin [49m[39m packages/eslint-plugin/tests/rules/unbox-tracked-values.test.ts [2m([22m[2m8 tests[22m[2m)[22m[32m 127[2mms[22m[39m
2026-02-25T17:08:30.2991956Z  [32m✓[39m [30m[42m ripple-client [49m[39m packages/ripple/tests/client/composite/composite.dynamic-components.test.ripple [2m([22m[2m4 tests[22m[2m)[22m[32m 49[2mms[22m[39m
2026-02-25T17:08:30.8640528Z  [32m✓[39m [30m[42m ripple-client [49m[39m packages/ripple/tests/client/url-search-params/url-search-params.initialization.test.ripple [2m([22m[2m4 tests[22m[2m)[22m[32m 44[2mms[22m[39m
2026-02-25T17:08:30.9324423Z  [32m✓[39m [30m[46m eslint-plugin [49m[39m packages/eslint-plugin/tests/rules/valid-for-of-key.test.ts [2m([22m[2m6 tests[22m[2m)[22m[32m 160[2mms[22m[39m
2026-02-25T17:08:31.2990277Z  [32m✓[39m [30m[45m ripple-hydration [49m[39m packages/ripple/tests/hydration/html-in-template.test.js [2m([22m[2m3 tests[22m[2m)[22m[32m 40[2mms[22m[39m
2026-02-25T17:08:31.8369824Z  [32m✓[39m [30m[42m ripple-client [49m[39m packages/ripple/tests/client/url/url.serialization.test.ripple [2m([22m[2m2 tests[22m[2m)[22m[32m 33[2mms[22m[39m
2026-02-25T17:08:31.8502731Z  [32m✓[39m [30m[42m ripple-client [49m[39m packages/ripple/tests/client/url-search-params/url-search-params.tracked-url.test.ripple [2m([22m[2m2 tests[22m[2m)[22m[32m 45[2mms[22m[39m
2026-02-25T17:08:32.2330654Z  [32m✓[39m [30m[45m ripple-hydration [49m[39m packages/ripple/tests/hydration/reactivity.test.js [2m([22m[2m5 tests[22m[2m)[22m[32m 39[2mms[22m[39m
2026-02-25T17:08:32.7596156Z  [32m✓[39m [30m[42m ripple-client [49m[39m packages/ripple/tests/client/url-search-params/url-search-params.serialization.test.ripple [2m([22m[2m2 tests[22m[2m)[22m[32m 38[2mms[22m[39m
2026-02-25T17:08:32.8081158Z  [32m✓[39m [30m[42m ripple-client [49m[39m packages/ripple/tests/client/html.test.ripple [2m([22m[2m4 tests[22m[2m)[22m[32m 40[2mms[22m[39m
2026-02-25T17:08:33.1892522Z  [32m✓[39m [30m[45m ripple-hydration [49m[39m packages/ripple/tests/hydration/composite.test.js [2m([22m[2m4 tests[22m[2m)[22m[32m 34[2mms[22m[39m
2026-02-25T17:08:33.7393941Z  [32m✓[39m [30m[45m ripple-hydration [49m[39m packages/ripple/tests/hydration/try.test.js [2m([22m[2m2 tests[22m[2m)[22m[32m 50[2mms[22m[39m
2026-02-25T17:08:33.8433881Z  [32m✓[39m [30m[42m ripple-client [49m[39m packages/ripple/tests/client/basic/basic.styling.test.ripple [2m([22m[2m2 tests[22m[2m)[22m[32m 52[2mms[22m[39m
2026-02-25T17:08:34.0780814Z  [32m✓[39m [30m[42m ripple-client [49m[39m packages/ripple/tests/client/function-overload.test.ripple [2m([22m[2m6 tests[22m[2m)[22m[32m 11[2mms[22m[39m
2026-02-25T17:08:34.8911645Z  [32m✓[39m [30m[46m eslint-plugin [49m[39m packages/eslint-plugin/tests/rules/no-module-scope-track.test.ts [2m([22m[2m5 tests[22m[2m)[22m[32m 128[2mms[22m[39m
2026-02-25T17:08:34.9487242Z  [32m✓[39m [30m[46m eslint-plugin [49m[39m packages/eslint-plugin/tests/rules/prefer-oninput.test.ts [2m([22m[2m4 tests[22m[2m)[22m[32m 128[2mms[22m[39m
2026-02-25T17:08:35.0289904Z  [32m✓[39m [30m[42m ripple-client [49m[39m packages/ripple/tests/client/context.test.ripple [2m([22m[2m2 tests[22m[2m)[22m[32m 34[2mms[22m[39m
2026-02-25T17:08:35.8487119Z  [32m✓[39m [30m[42m ripple-client [49m[39m packages/ripple/tests/client/computed-properties.test.ripple [2m([22m[2m2 tests[22m[2m)[22m[32m 41[2mms[22m[39m
2026-02-25T17:08:35.9976479Z  [32m✓[39m [30m[42m ripple-client [49m[39m packages/ripple/tests/client/compiler/compiler.typescript.test.ripple [2m([22m[2m2 tests[22m[2m)[22m[32m 32[2mms[22m[39m
2026-02-25T17:08:36.1696357Z  [32m✓[39m [30m[46m eslint-plugin [49m[39m packages/eslint-plugin/tests/rules/no-return-in-component.test.ts [2m([22m[2m2 tests[22m[2m)[22m[32m 117[2mms[22m[39m
2026-02-25T17:08:36.7498563Z  [32m✓[39m [30m[42m ripple-client [49m[39m packages/ripple/tests/client/basic/basic.hmr.test.ripple [2m([22m[2m1 test[22m[2m)[22m[32m 7[2mms[22m[39m
2026-02-25T17:08:36.8619358Z  [32m✓[39m [30m[42m ripple-client [49m[39m packages/ripple/tests/client/basic/basic.utilities.test.ripple [2m([22m[2m1 test[22m[2m)[22m[32m 32[2mms[22m[39m
2026-02-25T17:08:37.0979613Z [@ripple-ts/vite-plugin] Detected Ripple source package: ripple
2026-02-25T17:08:37.1698540Z  [32m✓[39m [30m[42m ripple-client [49m[39m packages/ripple/tests/client/tracked-expression.test.ripple [2m([22m[2m1 test[22m[2m)[22m[32m 30[2mms[22m[39m
2026-02-25T17:08:37.4990042Z  [32m✓[39m [30m[45m utils [49m[39m packages/ripple/tests/utils/patterns.test.js [2m([22m[2m54 tests[22m[2m)[22m[32m 23[2mms[22m[39m
2026-02-25T17:08:37.6336121Z  [2m[90m↓[39m[22m [30m[42m ripple-client [49m[39m packages/ripple/tests/client/_etc.test.ripple [2m([22m[2m1 test[22m[2m | [22m[33m1 skipped[39m[2m)[22m
2026-02-25T17:08:37.9588049Z  [32m✓[39m [30m[42m ripple-server [49m[39m packages/ripple/tests/server/return.test.ripple [2m([22m[2m70 tests[22m[2m)[22m[32m 25[2mms[22m[39m
2026-02-25T17:08:38.0647197Z  [32m✓[39m [30m[42m adapter-vercel [49m[39m packages/adapter-vercel/tests/adapt.test.js [2m([22m[2m20 tests[22m[2m)[22m[32m 121[2mms[22m[39m
2026-02-25T17:08:38.3615703Z  [32m✓[39m [30m[42m ripple-server [49m[39m packages/ripple/tests/server/basic.attributes.test.ripple [2m([22m[2m22 tests[22m[2m)[22m[32m 26[2mms[22m[39m
2026-02-25T17:08:38.6659173Z  [32m✓[39m [30m[42m ripple-server [49m[39m packages/ripple/tests/server/dynamic-elements.test.ripple [2m([22m[2m18 tests[22m[2m)[22m[32m 24[2mms[22m[39m
2026-02-25T17:08:38.7004145Z  [32m✓[39m [30m[42m adapter-bun [49m[39m packages/adapter-bun/tests/serve.test.js [2m([22m[2m12 tests[22m[2m)[22m[32m 46[2mms[22m[39m
2026-02-25T17:08:39.2126788Z  [32m✓[39m [30m[42m ripple-server [49m[39m packages/ripple/tests/server/html-nesting-validation.test.ripple [2m([22m[2m18 tests[22m[2m)[22m[32m 39[2mms[22m[39m
2026-02-25T17:08:39.2502996Z  [32m✓[39m [30m[42m ripple-server [49m[39m packages/ripple/tests/server/style-identifier.test.ripple [2m([22m[2m8 tests[22m[2m)[22m[32m 35[2mms[22m[39m
2026-02-25T17:08:39.4360144Z  [32m✓[39m [30m[45m utils [49m[39m packages/ripple/tests/utils/events.test.js [2m([22m[2m17 tests[22m[2m)[22m[32m 8[2mms[22m[39m
2026-02-25T17:08:39.7587048Z  [32m✓[39m [30m[42m ripple-server [49m[39m packages/ripple/tests/server/basic.components.test.ripple [2m([22m[2m8 tests[22m[2m)[22m[32m 14[2mms[22m[39m
2026-02-25T17:08:39.9446364Z  [32m✓[39m [30m[42m ripple-server [49m[39m packages/ripple/tests/server/composite.test.ripple [2m([22m[2m1 test[22m[2m)[22m[32m 4[2mms[22m[39m
2026-02-25T17:08:40.2684581Z  [32m✓[39m [30m[42m ripple-server [49m[39m packages/ripple/tests/server/composite.props.test.ripple [2m([22m[2m6 tests[22m[2m)[22m[32m 13[2mms[22m[39m
2026-02-25T17:08:40.4906424Z  [32m✓[39m [30m[42m ripple-server [49m[39m packages/ripple/tests/server/compiler.test.ripple [2m([22m[2m10 tests[22m[2m)[22m[32m 45[2mms[22m[39m
2026-02-25T17:08:40.7162040Z  [32m✓[39m [30m[42m adapter-vercel [49m[39m packages/adapter-vercel/tests/types.test.js [2m([22m[2m9 tests[22m[2m)[22m[32m 6[2mms[22m[39m
2026-02-25T17:08:40.7826227Z  [32m✓[39m [30m[42m ripple-server [49m[39m packages/ripple/tests/server/basic.test.ripple [2m([22m[2m9 tests[22m[2m)[22m[32m 7[2mms[22m[39m
2026-02-25T17:08:40.9420012Z  [32m✓[39m [30m[45m utils [49m[39m packages/ripple/tests/utils/escaping.test.js [2m([22m[2m23 tests[22m[2m)[22m[32m 10[2mms[22m[39m
2026-02-25T17:08:41.0278020Z  [32m✓[39m [30m[42m adapter [49m[39m packages/adapter/tests/index.test.js [2m([22m[2m8 tests[22m[2m)[22m[32m 28[2mms[22m[39m
2026-02-25T17:08:41.4208321Z  [32m✓[39m [30m[42m ripple-server [49m[39m packages/ripple/tests/server/switch.test.ripple [2m([22m[2m6 tests[22m[2m)[22m[32m 5[2mms[22m[39m
2026-02-25T17:08:41.5093836Z  [32m✓[39m [30m[42m ripple-server [49m[39m packages/ripple/tests/server/for.test.ripple [2m([22m[2m5 tests[22m[2m)[22m[32m 5[2mms[22m[39m
2026-02-25T17:08:41.9121816Z  [32m✓[39m [30m[42m ripple-server [49m[39m packages/ripple/tests/server/head.test.ripple [2m([22m[2m6 tests[22m[2m)[22m[32m 12[2mms[22m[39m
2026-02-25T17:08:41.9944886Z  [32m✓[39m [30m[42m ripple-server [49m[39m packages/ripple/tests/server/try.test.ripple [2m([22m[2m4 tests[22m[2m)[22m[32m 5[2mms[22m[39m
2026-02-25T17:08:42.1499862Z  [32m✓[39m [30m[45m utils [49m[39m packages/ripple/tests/utils/normalize_css_property_name.test.js [2m([22m[2m7 tests[22m[2m)[22m[32m 6[2mms[22m[39m
2026-02-25T17:08:42.2234435Z  [32m✓[39m [30m[45m utils [49m[39m packages/ripple/tests/utils/sanitize_template_string.test.js [2m([22m[2m11 tests[22m[2m)[22m[32m 5[2mms[22m[39m
2026-02-25T17:08:42.6140949Z  [32m✓[39m [30m[42m ripple-server [49m[39m packages/ripple/tests/server/if.test.ripple [2m([22m[2m5 tests[22m[2m)[22m[32m 5[2mms[22m[39m
2026-02-25T17:08:42.7500203Z  [32m✓[39m [30m[42m ripple-server [49m[39m packages/ripple/tests/server/streaming-ssr.test.ripple [2m([22m[2m3 tests[22m[2m)[22m[32m 38[2mms[22m[39m
2026-02-25T17:08:42.9645559Z  [32m✓[39m [30m[42m adapter-node [49m[39m packages/adapter-node/tests/types.test.js [2m([22m[2m2 tests[22m[2m)[22m[32m 3[2mms[22m[39m
2026-02-25T17:08:43.0866139Z  [32m✓[39m [30m[42m ripple-server [49m[39m packages/ripple/tests/server/await.test.ripple [2m([22m[2m1 test[22m[2m)[22m[32m 3[2mms[22m[39m
2026-02-25T17:08:43.1825445Z  [32m✓[39m [30m[42m adapter-bun [49m[39m packages/adapter-bun/tests/types.test.js [2m([22m[2m2 tests[22m[2m)[22m[32m 3[2mms[22m[39m
2026-02-25T17:08:43.2916241Z  [32m✓[39m [30m[42m adapter [49m[39m packages/adapter/tests/types.test.js [2m([22m[2m2 tests[22m[2m)[22m[32m 3[2mms[22m[39m
2026-02-25T17:08:43.5985290Z  [32m✓[39m [30m[42m ripple-server [49m[39m packages/ripple/tests/server/context.test.ripple [2m([22m[2m1 test[22m[2m)[22m[32m 3[2mms[22m[39m
2026-02-25T17:08:47.5115766Z  [32m✓[39m [30m[42m adapter-node [49m[39m packages/adapter-node/tests/serve.test.js [2m([22m[2m12 tests[22m[2m)[22m[33m 9152[2mms[22m[39m
2026-02-25T17:08:47.5117240Z    [33m[2m✓[22m[39m @ripple-ts/adapter-node serve()[2m > [22mserveStatic middleware serves files and bypasses fetch handler [33m 3011[2mms[22m[39m
2026-02-25T17:08:47.5118277Z    [33m[2m✓[22m[39m @ripple-ts/adapter-node serve()[2m > [22mserves files from ./ by default [33m 3007[2mms[22m[39m
2026-02-25T17:08:47.5119677Z    [33m[2m✓[22m[39m @ripple-ts/adapter-node serve()[2m > [22mserves static files via options.static with custom prefix and cache settings [33m 3004[2mms[22m[39m
2026-02-25T17:08:47.5284494Z 
2026-02-25T17:08:47.5285739Z [31m⎯⎯⎯⎯⎯⎯⎯[39m[1m[41m Failed Tests 1 [49m[22m[31m⎯⎯⎯⎯⎯⎯⎯[39m
2026-02-25T17:08:47.5286269Z 
2026-02-25T17:08:47.5289919Z [41m[1m FAIL [22m[49m [30m[45m ripple-hydration [49m[39m packages/ripple/tests/hydration/html.test.js[2m > [22mhydration > html tags[2m > [22mhydrates html when server and client have matching data (DocsPage pattern)
2026-02-25T17:08:47.5309312Z [31m[1mAssertionError[22m: expected '<!--[--><div class="layout"><div clas…' to contain 'edit-link'[39m
2026-02-25T17:08:47.5310528Z 
2026-02-25T17:08:47.5311054Z Expected: [32m"edit-link"[39m
2026-02-25T17:08:47.5316147Z Received: [31m"<!--[--><div class="layout"><div class="content-container"><article><div><div class="vp-doc"><!--wbbxwz--><h1 id="intro" class="doc-h1">Introduction</h1><p>Ripple is a framework.</p><!----></div></div></article><!--[--><!--]--><!--[--><nav class="prev-next"><a href="/docs/quick-start">Quick Start</a></nav><!--]--><footer class="doc-footer">Footer content</footer></div><aside><!--[--><div class="toc"><ul><!--[--><li><a href="#intro">Introduction</a></li><li><a href="#features">Features</a></li><!--]--></ul></div><!--]--></aside></div><!--]-->"[39m
2026-02-25T17:08:47.5319562Z 
2026-02-25T17:08:47.5320326Z [36m [2m❯[22m packages/ripple/tests/hydration/html.test.js:[2m108:16[22m[39m
2026-02-25T17:08:47.5351852Z     [90m106| [39m  [35mconst[39m html [33m=[39m container[33m.[39minnerHTML[33m;[39m
2026-02-25T17:08:47.5353818Z     [90m107| [39m  [34mexpect[39m(html)[33m.[39m[34mtoContain[39m([32m'Introduction'[39m)[33m;[39m
2026-02-25T17:08:47.5355823Z     [90m108| [39m  [34mexpect[39m(html)[33m.[39m[34mtoContain[39m([32m'edit-link'[39m)[33m;[39m
2026-02-25T17:08:47.5362393Z     [90m   | [39m               [31m^[39m
2026-02-25T17:08:47.5363336Z     [90m109| [39m  [34mexpect[39m(html)[33m.[39m[34mtoContain[39m([32m'prev-next'[39m)[33m;[39m
2026-02-25T17:08:47.5364571Z     [90m110| [39m  [34mexpect[39m(html)[33m.[39m[34mtoContain[39m([32m'Footer content'[39m)[33m;[39m
2026-02-25T17:08:47.5365143Z 
2026-02-25T17:08:47.5365535Z [31m[2m⎯⎯⎯⎯⎯⎯⎯⎯⎯⎯⎯⎯⎯⎯⎯⎯⎯⎯⎯⎯⎯⎯⎯⎯[1/1]⎯[22m[39m
2026-02-25T17:08:47.5365884Z 
2026-02-25T17:08:47.5369199Z 
2026-02-25T17:08:47.5373201Z [2m Test Files [22m [1m[31m1 failed[39m[22m[2m | [22m[1m[32m137 passed[39m[22m[2m | [22m[33m1 skipped[39m[90m (139)[39m
2026-02-25T17:08:47.5381580Z [2m      Tests [22m [1m[31m1 failed[39m[22m[2m | [22m[1m[32m1763 passed[39m[22m[2m | [22m[33m5 skipped[39m[90m (1769)[39m
2026-02-25T17:08:47.5383027Z [2m   Start at [22m 17:07:56
2026-02-25T17:08:47.5392005Z [2m   Duration [22m 51.24s[2m (transform 7.39s, setup 13.81s, collect 11.67s, tests 21.36s, environment 61.01s, prepare 13.10s)[22m
2026-02-25T17:08:47.5419527Z 
2026-02-25T17:08:47.5445115Z 
2026-02-25T17:08:47.5489807Z ##[error]AssertionError: expected '<!--[--><div class="layout"><div clas…' to contain 'edit-link'

Expected: "edit-link"
Received: "<!--[--><div class="layout"><div class="content-container"><article><div><div class="vp-doc"><!--wbbxwz--><h1 id="intro" class="doc-h1">Introduction</h1><p>Ripple is a framework.</p><!----></div></div></article><!--[--><!--]--><!--[--><nav class="prev-next"><a href="/docs/quick-start">Quick Start</a></nav><!--]--><footer class="doc-footer">Footer content</footer></div><aside><!--[--><div class="toc"><ul><!--[--><li><a href="#intro">Introduction</a></li><li><a href="#features">Features</a></li><!--]--></ul></div><!--]--></aside></div><!--]-->"

 ❯ packages/ripple/tests/hydration/html.test.js:108:16


2026-02-25T17:08:47.6993051Z  ELIFECYCLE  Test failed. See above for more details.
2026-02-25T17:08:47.7207365Z ##[error]Process completed with exit code 1.
2026-02-25T17:08:47.7282775Z ##[group]Run actions/upload-artifact@v4
2026-02-25T17:08:47.7283087Z with:
2026-02-25T17:08:47.7283285Z   name: test-results-node-20
2026-02-25T17:08:47.7283583Z   path: packages/ripple/tests/__snapshots__/
coverage/

2026-02-25T17:08:47.7283898Z   retention-days: 30
2026-02-25T17:08:47.7284113Z   if-no-files-found: warn
2026-02-25T17:08:47.7284344Z   compression-level: 6
2026-02-25T17:08:47.7284556Z   overwrite: false
2026-02-25T17:08:47.7284789Z   include-hidden-files: false
2026-02-25T17:08:47.7285007Z env:
2026-02-25T17:08:47.7285236Z   PNPM_HOME: /home/runner/setup-pnpm/node_modules/.bin
2026-02-25T17:08:47.7285526Z ##[endgroup]
2026-02-25T17:08:47.9546810Z Multiple search paths detected. Calculating the least common ancestor of all paths
2026-02-25T17:08:47.9548963Z The least common ancestor is /home/runner/work/ripple/ripple. This will be the root directory of the artifact
2026-02-25T17:08:47.9553801Z ##[warning]No files were found with the provided path: packages/ripple/tests/__snapshots__/
coverage/. No artifacts will be uploaded.
2026-02-25T17:08:47.9676953Z Post job cleanup.
2026-02-25T17:08:48.0248498Z Pruning is unnecessary.
2026-02-25T17:08:48.0367480Z Post job cleanup.
2026-02-25T17:08:48.1350448Z [command]/usr/bin/git version
2026-02-25T17:08:48.1395766Z git version 2.52.0
2026-02-25T17:08:48.1438409Z Temporarily overriding HOME='/home/runner/work/_temp/9991c8f6-6654-46bb-9148-f5040b206f87' before making global git config changes
2026-02-25T17:08:48.1440057Z Adding repository directory to the temporary git global config as a safe directory
2026-02-25T17:08:48.1443749Z [command]/usr/bin/git config --global --add safe.directory /home/runner/work/ripple/ripple
2026-02-25T17:08:48.1484548Z [command]/usr/bin/git config --local --name-only --get-regexp core\.sshCommand
2026-02-25T17:08:48.1520398Z [command]/usr/bin/git submodule foreach --recursive sh -c "git config --local --name-only --get-regexp 'core\.sshCommand' && git config --local --unset-all 'core.sshCommand' || :"
2026-02-25T17:08:48.1805543Z [command]/usr/bin/git config --local --name-only --get-regexp http\.https\:\/\/github\.com\/\.extraheader
2026-02-25T17:08:48.1833189Z http.https://github.com/.extraheader
2026-02-25T17:08:48.1851752Z [command]/usr/bin/git config --local --unset-all http.https://github.com/.extraheader
2026-02-25T17:08:48.1889872Z [command]/usr/bin/git submodule foreach --recursive sh -c "git config --local --name-only --get-regexp 'http\.https\:\/\/github\.com\/\.extraheader' && git config --local --unset-all 'http.https://github.com/.extraheader' || :"
2026-02-25T17:08:48.2145841Z [command]/usr/bin/git config --local --name-only --get-regexp ^includeIf\.gitdir:
2026-02-25T17:08:48.2180350Z [command]/usr/bin/git submodule foreach --recursive git config --local --show-origin --name-only --get-regexp remote.origin.url
2026-02-25T17:08:48.2536434Z Cleaning up orphan processes
