2026-02-21T03:03:37.1699091Z Current runner version: '2.331.0'
2026-02-21T03:03:37.1725205Z ##[group]Runner Image Provisioner
2026-02-21T03:03:37.1725917Z Hosted Compute Agent
2026-02-21T03:03:37.1726564Z Version: 20260123.484
2026-02-21T03:03:37.1727120Z Commit: 6bd6555ca37d84114959e1c76d2c01448ff61c5d
2026-02-21T03:03:37.1727793Z Build Date: 2026-01-23T19:41:17Z
2026-02-21T03:03:37.1728506Z Worker ID: {6bbd2193-f169-4337-9311-4998a486251d}
2026-02-21T03:03:37.1729174Z Azure Region: northcentralus
2026-02-21T03:03:37.1729790Z ##[endgroup]
2026-02-21T03:03:37.1731175Z ##[group]Operating System
2026-02-21T03:03:37.1731775Z Ubuntu
2026-02-21T03:03:37.1732184Z 24.04.3
2026-02-21T03:03:37.1732725Z LTS
2026-02-21T03:03:37.1733333Z ##[endgroup]
2026-02-21T03:03:37.1733819Z ##[group]Runner Image
2026-02-21T03:03:37.1734426Z Image: ubuntu-24.04
2026-02-21T03:03:37.1734887Z Version: 20260201.15.1
2026-02-21T03:03:37.1736365Z Included Software: https://github.com/actions/runner-images/blob/ubuntu24/20260201.15/images/ubuntu/Ubuntu2404-Readme.md
2026-02-21T03:03:37.1737887Z Image Release: https://github.com/actions/runner-images/releases/tag/ubuntu24%2F20260201.15
2026-02-21T03:03:37.1738890Z ##[endgroup]
2026-02-21T03:03:37.1739935Z ##[group]GITHUB_TOKEN Permissions
2026-02-21T03:03:37.1741967Z Contents: read
2026-02-21T03:03:37.1742642Z Metadata: read
2026-02-21T03:03:37.1743522Z Packages: read
2026-02-21T03:03:37.1744014Z ##[endgroup]
2026-02-21T03:03:37.1746151Z Secret source: Actions
2026-02-21T03:03:37.1747107Z Prepare workflow directory
2026-02-21T03:03:37.2076461Z Prepare all required actions
2026-02-21T03:03:37.2114753Z Getting action download info
2026-02-21T03:03:37.5563585Z Download action repository 'actions/checkout@v6' (SHA:de0fac2e4500dabe0009e67214ff5f5447ce83dd)
2026-02-21T03:03:37.6744961Z Download action repository 'actions/setup-python@v6' (SHA:a309ff8b426b58ec0e2a45f0f869d46889d02405)
2026-02-21T03:03:38.2840471Z Complete job name: build-and-test (ubuntu-latest, 3.12)
2026-02-21T03:03:38.3460903Z ##[group]Run actions/checkout@v6
2026-02-21T03:03:38.3461740Z with:
2026-02-21T03:03:38.3462124Z   repository: google/mobly
2026-02-21T03:03:38.3462742Z   token: ***
2026-02-21T03:03:38.3463293Z   ssh-strict: true
2026-02-21T03:03:38.3463687Z   ssh-user: git
2026-02-21T03:03:38.3464079Z   persist-credentials: true
2026-02-21T03:03:38.3464513Z   clean: true
2026-02-21T03:03:38.3464914Z   sparse-checkout-cone-mode: true
2026-02-21T03:03:38.3465379Z   fetch-depth: 1
2026-02-21T03:03:38.3465762Z   fetch-tags: false
2026-02-21T03:03:38.3466152Z   show-progress: true
2026-02-21T03:03:38.3466547Z   lfs: false
2026-02-21T03:03:38.3466906Z   submodules: false
2026-02-21T03:03:38.3467302Z   set-safe-directory: true
2026-02-21T03:03:38.3467982Z ##[endgroup]
2026-02-21T03:03:38.4384438Z Syncing repository: google/mobly
2026-02-21T03:03:38.4386156Z ##[group]Getting Git version info
2026-02-21T03:03:38.4386973Z Working directory is '/home/runner/work/mobly/mobly'
2026-02-21T03:03:38.4387936Z [command]/usr/bin/git version
2026-02-21T03:03:38.4467055Z git version 2.52.0
2026-02-21T03:03:38.4490871Z ##[endgroup]
2026-02-21T03:03:38.4507691Z Temporarily overriding HOME='/home/runner/work/_temp/ecdf38ab-19c3-4034-8b63-a357861db63e' before making global git config changes
2026-02-21T03:03:38.4509997Z Adding repository directory to the temporary git global config as a safe directory
2026-02-21T03:03:38.4513806Z [command]/usr/bin/git config --global --add safe.directory /home/runner/work/mobly/mobly
2026-02-21T03:03:38.4554427Z Deleting the contents of '/home/runner/work/mobly/mobly'
2026-02-21T03:03:38.4558331Z ##[group]Initializing the repository
2026-02-21T03:03:38.4563063Z [command]/usr/bin/git init /home/runner/work/mobly/mobly
2026-02-21T03:03:38.4685150Z hint: Using 'master' as the name for the initial branch. This default branch name
2026-02-21T03:03:38.4686456Z hint: will change to "main" in Git 3.0. To configure the initial branch name
2026-02-21T03:03:38.4688019Z hint: to use in all of your new repositories, which will suppress this warning,
2026-02-21T03:03:38.4689524Z hint: call:
2026-02-21T03:03:38.4690098Z hint:
2026-02-21T03:03:38.4690835Z hint: 	git config --global init.defaultBranch <name>
2026-02-21T03:03:38.4691715Z hint:
2026-02-21T03:03:38.4692248Z hint: Names commonly chosen instead of 'master' are 'main', 'trunk' and
2026-02-21T03:03:38.4693342Z hint: 'development'. The just-created branch can be renamed via this command:
2026-02-21T03:03:38.4694056Z hint:
2026-02-21T03:03:38.4694425Z hint: 	git branch -m <name>
2026-02-21T03:03:38.4694848Z hint:
2026-02-21T03:03:38.4695423Z hint: Disable this message with "git config set advice.defaultBranchName false"
2026-02-21T03:03:38.4696421Z Initialized empty Git repository in /home/runner/work/mobly/mobly/.git/
2026-02-21T03:03:38.4702227Z [command]/usr/bin/git remote add origin https://github.com/google/mobly
2026-02-21T03:03:38.4737536Z ##[endgroup]
2026-02-21T03:03:38.4738616Z ##[group]Disabling automatic garbage collection
2026-02-21T03:03:38.4740842Z [command]/usr/bin/git config --local gc.auto 0
2026-02-21T03:03:38.4768950Z ##[endgroup]
2026-02-21T03:03:38.4769967Z ##[group]Setting up auth
2026-02-21T03:03:38.4770716Z Removing SSH command configuration
2026-02-21T03:03:38.4776565Z [command]/usr/bin/git config --local --name-only --get-regexp core\.sshCommand
2026-02-21T03:03:38.4807043Z [command]/usr/bin/git submodule foreach --recursive sh -c "git config --local --name-only --get-regexp 'core\.sshCommand' && git config --local --unset-all 'core.sshCommand' || :"
2026-02-21T03:03:38.5161396Z Removing HTTP extra header
2026-02-21T03:03:38.5167452Z [command]/usr/bin/git config --local --name-only --get-regexp http\.https\:\/\/github\.com\/\.extraheader
2026-02-21T03:03:38.5197452Z [command]/usr/bin/git submodule foreach --recursive sh -c "git config --local --name-only --get-regexp 'http\.https\:\/\/github\.com\/\.extraheader' && git config --local --unset-all 'http.https://github.com/.extraheader' || :"
2026-02-21T03:03:38.5411377Z Removing includeIf entries pointing to credentials config files
2026-02-21T03:03:38.5418052Z [command]/usr/bin/git config --local --name-only --get-regexp ^includeIf\.gitdir:
2026-02-21T03:03:38.5449605Z [command]/usr/bin/git submodule foreach --recursive git config --local --show-origin --name-only --get-regexp remote.origin.url
2026-02-21T03:03:38.5674260Z [command]/usr/bin/git config --file /home/runner/work/_temp/git-credentials-59a25a58-85f6-402f-9c62-848082cc53b8.config http.https://github.com/.extraheader AUTHORIZATION: basic ***
2026-02-21T03:03:38.5711428Z [command]/usr/bin/git config --local includeIf.gitdir:/home/runner/work/mobly/mobly/.git.path /home/runner/work/_temp/git-credentials-59a25a58-85f6-402f-9c62-848082cc53b8.config
2026-02-21T03:03:38.5741935Z [command]/usr/bin/git config --local includeIf.gitdir:/home/runner/work/mobly/mobly/.git/worktrees/*.path /home/runner/work/_temp/git-credentials-59a25a58-85f6-402f-9c62-848082cc53b8.config
2026-02-21T03:03:38.5772018Z [command]/usr/bin/git config --local includeIf.gitdir:/github/workspace/.git.path /github/runner_temp/git-credentials-59a25a58-85f6-402f-9c62-848082cc53b8.config
2026-02-21T03:03:38.5802364Z [command]/usr/bin/git config --local includeIf.gitdir:/github/workspace/.git/worktrees/*.path /github/runner_temp/git-credentials-59a25a58-85f6-402f-9c62-848082cc53b8.config
2026-02-21T03:03:38.5828133Z ##[endgroup]
2026-02-21T03:03:38.5828788Z ##[group]Fetching the repository
2026-02-21T03:03:38.5837510Z [command]/usr/bin/git -c protocol.version=2 fetch --no-tags --prune --no-recurse-submodules --depth=1 origin +48876496aa3dc729ad6d2d74fc44fea802268b6e:refs/remotes/origin/master
2026-02-21T03:03:38.9116404Z From https://github.com/google/mobly
2026-02-21T03:03:38.9118143Z  * [new ref]         48876496aa3dc729ad6d2d74fc44fea802268b6e -> origin/master
2026-02-21T03:03:38.9158629Z [command]/usr/bin/git branch --list --remote origin/master
2026-02-21T03:03:38.9193370Z   origin/master
2026-02-21T03:03:38.9206136Z [command]/usr/bin/git rev-parse refs/remotes/origin/master
2026-02-21T03:03:38.9226307Z 48876496aa3dc729ad6d2d74fc44fea802268b6e
2026-02-21T03:03:38.9232288Z ##[endgroup]
2026-02-21T03:03:38.9234071Z ##[group]Determining the checkout info
2026-02-21T03:03:38.9235534Z ##[endgroup]
2026-02-21T03:03:38.9238334Z [command]/usr/bin/git sparse-checkout disable
2026-02-21T03:03:38.9283781Z [command]/usr/bin/git config --local --unset-all extensions.worktreeConfig
2026-02-21T03:03:38.9310163Z ##[group]Checking out the ref
2026-02-21T03:03:38.9315045Z [command]/usr/bin/git checkout --progress --force -B master refs/remotes/origin/master
2026-02-21T03:03:38.9448568Z Reset branch 'master'
2026-02-21T03:03:38.9450773Z branch 'master' set up to track 'origin/master'.
2026-02-21T03:03:38.9457226Z ##[endgroup]
2026-02-21T03:03:38.9495551Z [command]/usr/bin/git log -1 --format=%H
2026-02-21T03:03:38.9519077Z 48876496aa3dc729ad6d2d74fc44fea802268b6e
2026-02-21T03:03:38.9839428Z ##[group]Run actions/setup-python@v6
2026-02-21T03:03:38.9840499Z with:
2026-02-21T03:03:38.9841181Z   python-version: 3.12
2026-02-21T03:03:38.9842016Z   check-latest: false
2026-02-21T03:03:38.9843362Z   token: ***
2026-02-21T03:03:38.9844164Z   update-environment: true
2026-02-21T03:03:38.9845093Z   allow-prereleases: false
2026-02-21T03:03:38.9846014Z   freethreaded: false
2026-02-21T03:03:38.9846809Z ##[endgroup]
2026-02-21T03:03:39.1080588Z ##[group]Installed versions
2026-02-21T03:03:39.1883810Z Successfully set up CPython (3.12.12)
2026-02-21T03:03:39.1886406Z ##[endgroup]
2026-02-21T03:03:39.2044684Z ##[group]Run python -m pip install --upgrade pip
2026-02-21T03:03:39.2046074Z [36;1mpython -m pip install --upgrade pip[0m
2026-02-21T03:03:39.2047223Z [36;1mpip install tox[0m
2026-02-21T03:03:39.2142553Z shell: /usr/bin/bash -e {0}
2026-02-21T03:03:39.2143661Z env:
2026-02-21T03:03:39.2144564Z   pythonLocation: /opt/hostedtoolcache/Python/3.12.12/x64
2026-02-21T03:03:39.2146266Z   PKG_CONFIG_PATH: /opt/hostedtoolcache/Python/3.12.12/x64/lib/pkgconfig
2026-02-21T03:03:39.2147938Z   Python_ROOT_DIR: /opt/hostedtoolcache/Python/3.12.12/x64
2026-02-21T03:03:39.2149479Z   Python2_ROOT_DIR: /opt/hostedtoolcache/Python/3.12.12/x64
2026-02-21T03:03:39.2150990Z   Python3_ROOT_DIR: /opt/hostedtoolcache/Python/3.12.12/x64
2026-02-21T03:03:39.2152517Z   LD_LIBRARY_PATH: /opt/hostedtoolcache/Python/3.12.12/x64/lib
2026-02-21T03:03:39.2153877Z ##[endgroup]
2026-02-21T03:03:41.6141401Z Requirement already satisfied: pip in /opt/hostedtoolcache/Python/3.12.12/x64/lib/python3.12/site-packages (26.0)
2026-02-21T03:03:41.7169057Z Collecting pip
2026-02-21T03:03:41.8212290Z   Downloading pip-26.0.1-py3-none-any.whl.metadata (4.7 kB)
2026-02-21T03:03:41.8450298Z Downloading pip-26.0.1-py3-none-any.whl (1.8 MB)
2026-02-21T03:03:42.1374528Z    ━━━━━━━━━━━━━━━━━━━━━━━━━━━━━━━━━━━━━━━━ 1.8/1.8 MB 6.9 MB/s  0:00:00
2026-02-21T03:03:42.1662743Z Installing collected packages: pip
2026-02-21T03:03:42.1664935Z   Attempting uninstall: pip
2026-02-21T03:03:42.1692809Z     Found existing installation: pip 26.0
2026-02-21T03:03:42.2366590Z     Uninstalling pip-26.0:
2026-02-21T03:03:42.2430342Z       Successfully uninstalled pip-26.0
2026-02-21T03:03:43.1328099Z Successfully installed pip-26.0.1
2026-02-21T03:03:43.7087965Z Collecting tox
2026-02-21T03:03:43.7948095Z   Downloading tox-4.44.0-py3-none-any.whl.metadata (3.6 kB)
2026-02-21T03:03:43.8123651Z Collecting cachetools>=7.0.1 (from tox)
2026-02-21T03:03:43.8270893Z   Downloading cachetools-7.0.1-py3-none-any.whl.metadata (5.6 kB)
2026-02-21T03:03:43.8402237Z Collecting chardet>=5.2 (from tox)
2026-02-21T03:03:43.8547299Z   Downloading chardet-5.2.0-py3-none-any.whl.metadata (3.4 kB)
2026-02-21T03:03:43.8686605Z Collecting colorama>=0.4.6 (from tox)
2026-02-21T03:03:43.8832485Z   Downloading colorama-0.4.6-py2.py3-none-any.whl.metadata (17 kB)
2026-02-21T03:03:43.9049019Z Collecting filelock>=3.24 (from tox)
2026-02-21T03:03:43.9192681Z   Downloading filelock-3.24.3-py3-none-any.whl.metadata (2.0 kB)
2026-02-21T03:03:43.9336281Z Collecting packaging>=26 (from tox)
2026-02-21T03:03:43.9494499Z   Downloading packaging-26.0-py3-none-any.whl.metadata (3.3 kB)
2026-02-21T03:03:43.9646175Z Collecting platformdirs>=4.9.1 (from tox)
2026-02-21T03:03:43.9791299Z   Downloading platformdirs-4.9.2-py3-none-any.whl.metadata (4.7 kB)
2026-02-21T03:03:43.9918204Z Collecting pluggy>=1.6 (from tox)
2026-02-21T03:03:44.0061532Z   Downloading pluggy-1.6.0-py3-none-any.whl.metadata (4.8 kB)
2026-02-21T03:03:44.0203365Z Collecting pyproject-api>=1.10 (from tox)
2026-02-21T03:03:44.0346889Z   Downloading pyproject_api-1.10.0-py3-none-any.whl.metadata (2.7 kB)
2026-02-21T03:03:44.0686648Z Collecting virtualenv>=20.36.1 (from tox)
2026-02-21T03:03:44.0829503Z   Downloading virtualenv-20.38.0-py3-none-any.whl.metadata (5.1 kB)
2026-02-21T03:03:44.1017716Z Collecting distlib<1,>=0.3.7 (from virtualenv>=20.36.1->tox)
2026-02-21T03:03:44.1163443Z   Downloading distlib-0.4.0-py2.py3-none-any.whl.metadata (5.2 kB)
2026-02-21T03:03:44.1372799Z Downloading tox-4.44.0-py3-none-any.whl (197 kB)
2026-02-21T03:03:44.1822116Z Downloading cachetools-7.0.1-py3-none-any.whl (13 kB)
2026-02-21T03:03:44.1991635Z Downloading chardet-5.2.0-py3-none-any.whl (199 kB)
2026-02-21T03:03:44.2208560Z Downloading colorama-0.4.6-py2.py3-none-any.whl (25 kB)
2026-02-21T03:03:44.2371840Z Downloading filelock-3.24.3-py3-none-any.whl (24 kB)
2026-02-21T03:03:44.2545041Z Downloading packaging-26.0-py3-none-any.whl (74 kB)
2026-02-21T03:03:44.2712710Z Downloading platformdirs-4.9.2-py3-none-any.whl (21 kB)
2026-02-21T03:03:44.2879890Z Downloading pluggy-1.6.0-py3-none-any.whl (20 kB)
2026-02-21T03:03:44.3048007Z Downloading pyproject_api-1.10.0-py3-none-any.whl (13 kB)
2026-02-21T03:03:44.3210530Z Downloading virtualenv-20.38.0-py3-none-any.whl (5.8 MB)
2026-02-21T03:03:44.3916574Z    ━━━━━━━━━━━━━━━━━━━━━━━━━━━━━━━━━━━━━━━━ 5.8/5.8 MB 85.5 MB/s  0:00:00
2026-02-21T03:03:44.4077676Z Downloading distlib-0.4.0-py2.py3-none-any.whl (469 kB)
2026-02-21T03:03:44.4573964Z Installing collected packages: distlib, pluggy, platformdirs, packaging, filelock, colorama, chardet, cachetools, virtualenv, pyproject-api, tox
2026-02-21T03:03:45.2029485Z 
2026-02-21T03:03:45.2047014Z Successfully installed cachetools-7.0.1 chardet-5.2.0 colorama-0.4.6 distlib-0.4.0 filelock-3.24.3 packaging-26.0 platformdirs-4.9.2 pluggy-1.6.0 pyproject-api-1.10.0 tox-4.44.0 virtualenv-20.38.0
2026-02-21T03:03:45.2611729Z ##[group]Run tox
2026-02-21T03:03:45.2611961Z [36;1mtox[0m
2026-02-21T03:03:45.2646027Z shell: /usr/bin/bash -e {0}
2026-02-21T03:03:45.2646253Z env:
2026-02-21T03:03:45.2646491Z   pythonLocation: /opt/hostedtoolcache/Python/3.12.12/x64
2026-02-21T03:03:45.2646912Z   PKG_CONFIG_PATH: /opt/hostedtoolcache/Python/3.12.12/x64/lib/pkgconfig
2026-02-21T03:03:45.2647325Z   Python_ROOT_DIR: /opt/hostedtoolcache/Python/3.12.12/x64
2026-02-21T03:03:45.2647676Z   Python2_ROOT_DIR: /opt/hostedtoolcache/Python/3.12.12/x64
2026-02-21T03:03:45.2648028Z   Python3_ROOT_DIR: /opt/hostedtoolcache/Python/3.12.12/x64
2026-02-21T03:03:45.2648385Z   LD_LIBRARY_PATH: /opt/hostedtoolcache/Python/3.12.12/x64/lib
2026-02-21T03:03:45.2711389Z ##[endgroup]
2026-02-21T03:03:46.2565997Z py3: install_deps> python -I -m pip install pytest pytz
2026-02-21T03:03:48.8396074Z .pkg: install_requires> python -I -m pip install 'setuptools>=61.2'
2026-02-21T03:03:50.7861252Z .pkg: _optional_hooks> python /opt/hostedtoolcache/Python/3.12.12/x64/lib/python3.12/site-packages/pyproject_api/_backend.py True setuptools.build_meta
2026-02-21T03:03:51.0735059Z .pkg: get_requires_for_build_sdist> python /opt/hostedtoolcache/Python/3.12.12/x64/lib/python3.12/site-packages/pyproject_api/_backend.py True setuptools.build_meta
2026-02-21T03:03:51.3741620Z .pkg: freeze> python -m pip freeze --all
2026-02-21T03:03:51.6077644Z .pkg: pip==26.0.1,setuptools==82.0.0
2026-02-21T03:03:51.6081916Z .pkg: build_sdist> python /opt/hostedtoolcache/Python/3.12.12/x64/lib/python3.12/site-packages/pyproject_api/_backend.py True setuptools.build_meta
2026-02-21T03:03:52.0003460Z py3: install_package_deps> python -I -m pip install portpicker 'pywin32; platform_system == "Windows"' pyyaml
2026-02-21T03:03:53.0311772Z py3: install_package> python -I -m pip install --force-reinstall --no-deps /home/runner/work/mobly/mobly/.tox/.tmp/package/1/mobly-1.13.tar.gz
2026-02-21T03:03:55.1137245Z py3: freeze> python -m pip freeze --all
2026-02-21T03:03:55.3494712Z py3: iniconfig==2.3.0,mobly @ file:///home/runner/work/mobly/mobly/.tox/.tmp/package/1/mobly-1.13.tar.gz#sha256=f929afcd4379f976f5ab3849acbffcbacaa3b463d40ea1e07fd0d24985d0e27a,packaging==26.0,pip==26.0.1,pluggy==1.6.0,portpicker==1.6.0,psutil==7.2.2,Pygments==2.19.2,pytest==9.0.2,pytz==2025.2,PyYAML==6.0.3
2026-02-21T03:03:55.3498238Z py3: commands[0]> pytest
2026-02-21T03:03:56.2442478Z ============================= test session starts ==============================
2026-02-21T03:03:56.2444072Z platform linux -- Python 3.12.12, pytest-9.0.2, pluggy-1.6.0
2026-02-21T03:03:56.2444460Z cachedir: .tox/py3/.pytest_cache
2026-02-21T03:03:56.2444711Z rootdir: /home/runner/work/mobly/mobly
2026-02-21T03:03:56.2444981Z configfile: pyproject.toml
2026-02-21T03:03:56.2445228Z testpaths: tests/mobly
2026-02-21T03:03:56.2445426Z collected 806 items
2026-02-21T03:03:56.2445543Z 
2026-02-21T03:03:56.2775318Z tests/mobly/asserts_test.py ............................................ [  5%]
2026-02-21T03:03:56.2869647Z ............                                                             [  6%]
2026-02-21T03:03:56.3247144Z tests/mobly/base_instrumentation_test_test.py ......................     [  9%]
2026-02-21T03:03:56.3300694Z tests/mobly/base_suite_test.py ....                                      [ 10%]
2026-02-21T03:03:56.5258459Z tests/mobly/base_test_test.py .......................................... [ 15%]
2026-02-21T03:03:56.8081682Z ........................................................................ [ 24%]
2026-02-21T03:03:56.8260420Z ...........                                                              [ 25%]
2026-02-21T03:03:56.8322288Z tests/mobly/config_parser_test.py .....                                  [ 26%]
2026-02-21T03:03:56.8510230Z tests/mobly/controller_manager_test.py ..................                [ 28%]
2026-02-21T03:03:56.8647585Z tests/mobly/controllers/android_device_lib/adb_test.py ................. [ 30%]
2026-02-21T03:03:56.9275928Z .....................................................                    [ 37%]
2026-02-21T03:03:56.9495564Z tests/mobly/controllers/android_device_lib/apk_utils_test.py ........... [ 38%]
2026-02-21T03:03:56.9726986Z ..........                                                               [ 39%]
2026-02-21T03:03:56.9761262Z tests/mobly/controllers/android_device_lib/callback_handler_test.py .... [ 40%]
2026-02-21T03:03:56.9898199Z ...                                                                      [ 40%]
2026-02-21T03:03:56.9906328Z tests/mobly/controllers/android_device_lib/callback_handler_v2_test.py . [ 40%]
2026-02-21T03:03:56.9960497Z .....                                                                    [ 41%]
2026-02-21T03:03:56.9994503Z tests/mobly/controllers/android_device_lib/errors_test.py ...            [ 41%]
2026-02-21T03:03:57.0089420Z tests/mobly/controllers/android_device_lib/fastboot_test.py .........    [ 42%]
2026-02-21T03:03:57.0096644Z tests/mobly/controllers/android_device_lib/jsonrpc_client_base_test.py . [ 43%]
2026-02-21T03:03:57.0809768Z .....................                                                    [ 45%]
2026-02-21T03:03:57.0838591Z tests/mobly/controllers/android_device_lib/jsonrpc_shell_base_test.py .. [ 45%]
2026-02-21T03:03:57.0892521Z ....                                                                     [ 46%]
2026-02-21T03:03:57.1030432Z tests/mobly/controllers/android_device_lib/service_manager_test.py ..... [ 47%]
2026-02-21T03:03:57.1633784Z .............................                                            [ 50%]
2026-02-21T03:03:57.1644523Z tests/mobly/controllers/android_device_lib/services/base_service_test.py . [ 50%]
2026-02-21T03:03:57.1651616Z                                                                          [ 50%]
2026-02-21T03:03:57.1778854Z tests/mobly/controllers/android_device_lib/services/logcat_test.py ..... [ 51%]
2026-02-21T03:03:57.2002285Z .........                                                                [ 52%]
2026-02-21T03:03:57.2014716Z tests/mobly/controllers/android_device_lib/services/snippet_management_service_test.py . [ 52%]
2026-02-21T03:03:57.2279180Z ................                                                         [ 54%]
2026-02-21T03:03:57.2358403Z tests/mobly/controllers/android_device_lib/snippet_client_test.py ...... [ 55%]
2026-02-21T03:03:57.2971335Z ...................                                                      [ 57%]
2026-02-21T03:03:57.3032323Z tests/mobly/controllers/android_device_lib/snippet_client_v2_test.py ... [ 58%]
2026-02-21T03:03:57.5873540Z .........................................................                [ 65%]
2026-02-21T03:03:57.5886784Z tests/mobly/controllers/android_device_lib/snippet_event_test.py .       [ 65%]
2026-02-21T03:03:57.6307018Z tests/mobly/controllers/android_device_test.py ......................... [ 68%]
2026-02-21T03:03:57.7485239Z ..............................................................           [ 76%]
2026-02-21T03:03:57.7747321Z tests/mobly/logger_test.py ..........................                    [ 79%]
2026-02-21T03:03:57.8228636Z tests/mobly/output_test.py .......s....                                  [ 80%]
2026-02-21T03:03:57.8587381Z tests/mobly/records_test.py ..............................               [ 84%]
2026-02-21T03:03:57.8603535Z tests/mobly/snippet/callback_event_test.py .                             [ 84%]
2026-02-21T03:03:57.8908079Z tests/mobly/snippet/callback_handler_base_test.py ...........            [ 85%]
2026-02-21T03:03:57.9319552Z tests/mobly/snippet/client_base_test.py ...................              [ 88%]
2026-02-21T03:03:58.0333673Z tests/mobly/suite_runner_test.py ................                        [ 90%]
2026-02-21T03:03:58.1270909Z tests/mobly/test_runner_test.py ......................                   [ 93%]
2026-02-21T03:03:58.1330248Z tests/mobly/test_suite_test.py .                                         [ 93%]
2026-02-21T03:03:58.2511761Z tests/mobly/utils_test.py ..s........................................... [ 98%]
2026-02-21T03:03:58.4806777Z .........                                                                [100%]
2026-02-21T03:03:58.4807242Z 
2026-02-21T03:03:58.4807456Z =============================== warnings summary ===============================
2026-02-21T03:03:58.4808688Z tests/mobly/controllers/android_device_lib/snippet_client_v2_test.py::SnippetClientV2Test::test_make_connection_decode_handshake_response_bytes_error
2026-02-21T03:03:58.4810107Z tests/mobly/controllers/android_device_lib/snippet_client_v2_test.py::SnippetClientV2Test::test_make_connection_io_error
2026-02-21T03:03:58.4811475Z tests/mobly/controllers/android_device_lib/snippet_client_v2_test.py::SnippetClientV2Test::test_make_connection_receive_handshake_response_error
2026-02-21T03:03:58.4812867Z tests/mobly/controllers/android_device_lib/snippet_client_v2_test.py::SnippetClientV2Test::test_make_connection_timeout
2026-02-21T03:03:58.4814396Z tests/mobly/controllers/android_device_lib/snippet_client_v2_test.py::SnippetClientV2Test::test_make_connection_with_ip
2026-02-21T03:03:58.4815853Z tests/mobly/controllers/android_device_lib/snippet_client_v2_test.py::SnippetClientV2Test::test_restore_server_connection_with_event_client
2026-02-21T03:03:58.4817475Z tests/mobly/controllers/android_device_lib/snippet_client_v2_test.py::SnippetClientV2Test::test_restore_server_connection_with_event_client
2026-02-21T03:03:58.4818996Z tests/mobly/controllers/android_device_lib/snippet_client_v2_test.py::SnippetClientV2Test::test_start_server_without_user_id
2026-02-21T03:03:58.4820904Z   /home/runner/work/mobly/mobly/.tox/py3/lib/python3.12/site-packages/_pytest/unraisableexception.py:67: PytestUnraisableExceptionWarning: Exception ignored in: <function ClientBase.__del__ at 0x7fb1217a16c0>
2026-02-21T03:03:58.4822511Z   
2026-02-21T03:03:58.4822773Z   Traceback (most recent call last):
2026-02-21T03:03:58.4830320Z     File "/home/runner/work/mobly/mobly/mobly/snippet/client_base.py", line 94, in __del__
2026-02-21T03:03:58.4831089Z       self.close_connection()
2026-02-21T03:03:58.4832067Z     File "/home/runner/work/mobly/mobly/mobly/controllers/android_device_lib/snippet_client_v2.py", line 737, in close_connection
2026-02-21T03:03:58.4832982Z       self._stop_port_forwarding()
2026-02-21T03:03:58.4834137Z     File "/home/runner/work/mobly/mobly/mobly/controllers/android_device_lib/snippet_client_v2.py", line 748, in _stop_port_forwarding
2026-02-21T03:03:58.4835112Z       occupied_ports = adb.list_occupied_adb_ports()
2026-02-21T03:03:58.4835563Z                        ^^^^^^^^^^^^^^^^^^^^^^^^^^^^^
2026-02-21T03:03:58.4836449Z     File "/home/runner/work/mobly/mobly/mobly/controllers/android_device_lib/adb.py", line 135, in list_occupied_adb_ports
2026-02-21T03:03:58.4837308Z       out = AdbProxy().forward('--list')
2026-02-21T03:03:58.4837695Z             ^^^^^^^^^^^^^^^^^^^^^^^^^^^^
2026-02-21T03:03:58.4838435Z     File "/home/runner/work/mobly/mobly/mobly/controllers/android_device_lib/adb.py", line 452, in forward
2026-02-21T03:03:58.4839210Z       return self._exec_adb_cmd(
2026-02-21T03:03:58.4839535Z              ^^^^^^^^^^^^^^^^^^^
2026-02-21T03:03:58.4840269Z     File "/home/runner/work/mobly/mobly/mobly/controllers/android_device_lib/adb.py", line 303, in _exec_adb_cmd
2026-02-21T03:03:58.4841211Z       out = self._exec_cmd(adb_cmd, shell=shell, timeout=timeout, stderr=stderr)
2026-02-21T03:03:58.4841781Z             ^^^^^^^^^^^^^^^^^^^^^^^^^^^^^^^^^^^^^^^^^^^^^^^^^^^^^^^^^^^^^^^^^^^^
2026-02-21T03:03:58.4842600Z     File "/home/runner/work/mobly/mobly/mobly/controllers/android_device_lib/adb.py", line 196, in _exec_cmd
2026-02-21T03:03:58.4843729Z       (ret, out, err) = utils.run_command(args, shell=shell, timeout=timeout)
2026-02-21T03:03:58.4844282Z                         ^^^^^^^^^^^^^^^^^^^^^^^^^^^^^^^^^^^^^^^^^^^^^^^^^^^^^
2026-02-21T03:03:58.4844954Z     File "/home/runner/work/mobly/mobly/mobly/utils.py", line 469, in run_command
2026-02-21T03:03:58.4845545Z       process = subprocess.Popen(
2026-02-21T03:03:58.4846123Z                 ^^^^^^^^^^^^^^^^^
2026-02-21T03:03:58.4846842Z     File "/opt/hostedtoolcache/Python/3.12.12/x64/lib/python3.12/subprocess.py", line 1026, in __init__
2026-02-21T03:03:58.4847671Z       self._execute_child(args, executable, preexec_fn, close_fds,
2026-02-21T03:03:58.4848502Z     File "/opt/hostedtoolcache/Python/3.12.12/x64/lib/python3.12/subprocess.py", line 1955, in _execute_child
2026-02-21T03:03:58.4849370Z       raise child_exception_type(errno_num, err_msg, err_filename)
2026-02-21T03:03:58.4849948Z   FileNotFoundError: [Errno 2] No such file or directory: 'adb'
2026-02-21T03:03:58.4850414Z   
2026-02-21T03:03:58.4850801Z   Enable tracemalloc to get traceback where the object was allocated.
2026-02-21T03:03:58.4851653Z   See https://docs.pytest.org/en/stable/how-to/capture-warnings.html#resource-warnings for more info.
2026-02-21T03:03:58.4852521Z     warnings.warn(pytest.PytestUnraisableExceptionWarning(msg))
2026-02-21T03:03:58.4852949Z 
2026-02-21T03:03:58.4853751Z tests/mobly/controllers/android_device_lib/snippet_client_v2_test.py::SnippetClientV2Test::test_rpc_sending_and_receiving
2026-02-21T03:03:58.4855475Z   /home/runner/work/mobly/mobly/.tox/py3/lib/python3.12/site-packages/_pytest/unraisableexception.py:67: PytestUnraisableExceptionWarning: Exception ignored in: <function ClientBase.__del__ at 0x7fb1217a16c0>
2026-02-21T03:03:58.4856725Z   
2026-02-21T03:03:58.4856975Z   Traceback (most recent call last):
2026-02-21T03:03:58.4857653Z     File "/opt/hostedtoolcache/Python/3.12.12/x64/lib/python3.12/pathlib.py", line 526, in __hash__
2026-02-21T03:03:58.4858294Z       return self._hash
2026-02-21T03:03:58.4858570Z              ^^^^^^^^^^
2026-02-21T03:03:58.4858958Z   AttributeError: 'PosixPath' object has no attribute '_hash'
2026-02-21T03:03:58.4859504Z   
2026-02-21T03:03:58.4860090Z   During handling of the above exception, another exception occurred:
2026-02-21T03:03:58.4860594Z   
2026-02-21T03:03:58.4860831Z   Traceback (most recent call last):
2026-02-21T03:03:58.4861521Z     File "/opt/hostedtoolcache/Python/3.12.12/x64/lib/python3.12/pathlib.py", line 488, in _str_normcase
2026-02-21T03:03:58.4862181Z       return self._str_normcase_cached
2026-02-21T03:03:58.4862522Z              ^^^^^^^^^^^^^^^^^^^^^^^^^
2026-02-21T03:03:58.4863398Z   AttributeError: 'PosixPath' object has no attribute '_str_normcase_cached'. Did you mean: '_parts_normcase_cached'?
2026-02-21T03:03:58.4864151Z   
2026-02-21T03:03:58.4864550Z   During handling of the above exception, another exception occurred:
2026-02-21T03:03:58.4865036Z   
2026-02-21T03:03:58.4865306Z   Traceback (most recent call last):
2026-02-21T03:03:58.4865992Z     File "/opt/hostedtoolcache/Python/3.12.12/x64/lib/python3.12/pathlib.py", line 441, in __str__
2026-02-21T03:03:58.4866687Z       return self._str
2026-02-21T03:03:58.4867062Z              ^^^^^^^^^
2026-02-21T03:03:58.4867440Z   AttributeError: 'PosixPath' object has no attribute '_str'
2026-02-21T03:03:58.4867897Z   
2026-02-21T03:03:58.4868286Z   During handling of the above exception, another exception occurred:
2026-02-21T03:03:58.4868788Z   
2026-02-21T03:03:58.4869035Z   Traceback (most recent call last):
2026-02-21T03:03:58.4869716Z     File "/opt/hostedtoolcache/Python/3.12.12/x64/lib/python3.12/pathlib.py", line 555, in drive
2026-02-21T03:03:58.4870357Z       return self._drv
2026-02-21T03:03:58.4870625Z              ^^^^^^^^^
2026-02-21T03:03:58.4871013Z   AttributeError: 'PosixPath' object has no attribute '_drv'
2026-02-21T03:03:58.4871457Z   
2026-02-21T03:03:58.4871826Z   During handling of the above exception, another exception occurred:
2026-02-21T03:03:58.4872333Z   
2026-02-21T03:03:58.4872572Z   Traceback (most recent call last):
2026-02-21T03:03:58.4873382Z     File "/home/runner/work/mobly/mobly/mobly/snippet/client_base.py", line 94, in __del__
2026-02-21T03:03:58.4874020Z       self.close_connection()
2026-02-21T03:03:58.4874875Z     File "/home/runner/work/mobly/mobly/mobly/controllers/android_device_lib/snippet_client_v2.py", line 737, in close_connection
2026-02-21T03:03:58.4875932Z       self._stop_port_forwarding()
2026-02-21T03:03:58.4876861Z     File "/home/runner/work/mobly/mobly/mobly/controllers/android_device_lib/snippet_client_v2.py", line 748, in _stop_port_forwarding
2026-02-21T03:03:58.4877824Z       occupied_ports = adb.list_occupied_adb_ports()
2026-02-21T03:03:58.4878260Z                        ^^^^^^^^^^^^^^^^^^^^^^^^^^^^^
2026-02-21T03:03:58.4879100Z     File "/home/runner/work/mobly/mobly/mobly/controllers/android_device_lib/adb.py", line 135, in list_occupied_adb_ports
2026-02-21T03:03:58.4879944Z       out = AdbProxy().forward('--list')
2026-02-21T03:03:58.4880299Z             ^^^^^^^^^^^^^^^^^^^^^^^^^^^^
2026-02-21T03:03:58.4881024Z     File "/home/runner/work/mobly/mobly/mobly/controllers/android_device_lib/adb.py", line 452, in forward
2026-02-21T03:03:58.4881753Z       return self._exec_adb_cmd(
2026-02-21T03:03:58.4882077Z              ^^^^^^^^^^^^^^^^^^^
2026-02-21T03:03:58.4882806Z     File "/home/runner/work/mobly/mobly/mobly/controllers/android_device_lib/adb.py", line 303, in _exec_adb_cmd
2026-02-21T03:03:58.4883879Z       out = self._exec_cmd(adb_cmd, shell=shell, timeout=timeout, stderr=stderr)
2026-02-21T03:03:58.4884458Z             ^^^^^^^^^^^^^^^^^^^^^^^^^^^^^^^^^^^^^^^^^^^^^^^^^^^^^^^^^^^^^^^^^^^^
2026-02-21T03:03:58.4885261Z     File "/home/runner/work/mobly/mobly/mobly/controllers/android_device_lib/adb.py", line 196, in _exec_cmd
2026-02-21T03:03:58.4886129Z       (ret, out, err) = utils.run_command(args, shell=shell, timeout=timeout)
2026-02-21T03:03:58.4886690Z                         ^^^^^^^^^^^^^^^^^^^^^^^^^^^^^^^^^^^^^^^^^^^^^^^^^^^^^
2026-02-21T03:03:58.4887343Z     File "/home/runner/work/mobly/mobly/mobly/utils.py", line 469, in run_command
2026-02-21T03:03:58.4887918Z       process = subprocess.Popen(
2026-02-21T03:03:58.4888452Z                 ^^^^^^^^^^^^^^^^^
2026-02-21T03:03:58.4889128Z     File "/opt/hostedtoolcache/Python/3.12.12/x64/lib/python3.12/subprocess.py", line 1026, in __init__
2026-02-21T03:03:58.4889918Z       self._execute_child(args, executable, preexec_fn, close_fds,
2026-02-21T03:03:58.4890754Z     File "/opt/hostedtoolcache/Python/3.12.12/x64/lib/python3.12/subprocess.py", line 1955, in _execute_child
2026-02-21T03:03:58.4891620Z       raise child_exception_type(errno_num, err_msg, err_filename)
2026-02-21T03:03:58.4892217Z   FileNotFoundError: [Errno 2] No such file or directory: 'adb'
2026-02-21T03:03:58.4892676Z   
2026-02-21T03:03:58.4893052Z   Enable tracemalloc to get traceback where the object was allocated.
2026-02-21T03:03:58.4894053Z   See https://docs.pytest.org/en/stable/how-to/capture-warnings.html#resource-warnings for more info.
2026-02-21T03:03:58.4894889Z     warnings.warn(pytest.PytestUnraisableExceptionWarning(msg))
2026-02-21T03:03:58.4895287Z 
2026-02-21T03:03:58.4895576Z -- Docs: https://docs.pytest.org/en/stable/how-to/capture-warnings.html
2026-02-21T03:03:58.4896266Z ================== 804 passed, 2 skipped, 9 warnings in 2.66s ==================
2026-02-21T03:03:58.5425937Z   py3: OK (12.48=setup[9.29]+cmd[3.19] seconds)
2026-02-21T03:03:58.5426494Z   congratulations :) (12.50 seconds)
2026-02-21T03:03:58.5752602Z ##[group]Run python -m pip install pyink==24.3.0
2026-02-21T03:03:58.5752981Z [36;1mpython -m pip install pyink==24.3.0[0m
2026-02-21T03:03:58.5753482Z [36;1mpyink --check .[0m
2026-02-21T03:03:58.5785680Z shell: /usr/bin/bash -e {0}
2026-02-21T03:03:58.5785909Z env:
2026-02-21T03:03:58.5786146Z   pythonLocation: /opt/hostedtoolcache/Python/3.12.12/x64
2026-02-21T03:03:58.5786572Z   PKG_CONFIG_PATH: /opt/hostedtoolcache/Python/3.12.12/x64/lib/pkgconfig
2026-02-21T03:03:58.5786982Z   Python_ROOT_DIR: /opt/hostedtoolcache/Python/3.12.12/x64
2026-02-21T03:03:58.5787347Z   Python2_ROOT_DIR: /opt/hostedtoolcache/Python/3.12.12/x64
2026-02-21T03:03:58.5787720Z   Python3_ROOT_DIR: /opt/hostedtoolcache/Python/3.12.12/x64
2026-02-21T03:03:58.5788085Z   LD_LIBRARY_PATH: /opt/hostedtoolcache/Python/3.12.12/x64/lib
2026-02-21T03:03:58.5788383Z ##[endgroup]
2026-02-21T03:03:59.0231302Z Collecting pyink==24.3.0
2026-02-21T03:03:59.1241976Z   Downloading pyink-24.3.0-py3-none-any.whl.metadata (10 kB)
2026-02-21T03:03:59.1910377Z Collecting black==24.3.0 (from pyink==24.3.0)
2026-02-21T03:03:59.2108060Z   Downloading black-24.3.0-cp312-cp312-manylinux_2_17_x86_64.manylinux2014_x86_64.whl.metadata (75 kB)
2026-02-21T03:03:59.2626952Z Collecting click>=8.0.0 (from pyink==24.3.0)
2026-02-21T03:03:59.2821377Z   Downloading click-8.3.1-py3-none-any.whl.metadata (2.6 kB)
2026-02-21T03:03:59.2927429Z Collecting mypy-extensions>=0.4.3 (from pyink==24.3.0)
2026-02-21T03:03:59.3123432Z   Downloading mypy_extensions-1.1.0-py3-none-any.whl.metadata (1.1 kB)
2026-02-21T03:03:59.3163929Z Requirement already satisfied: packaging>=22.0 in /opt/hostedtoolcache/Python/3.12.12/x64/lib/python3.12/site-packages (from pyink==24.3.0) (26.0)
2026-02-21T03:03:59.3260556Z Collecting pathspec>=0.9.0 (from pyink==24.3.0)
2026-02-21T03:03:59.3456450Z   Downloading pathspec-1.0.4-py3-none-any.whl.metadata (13 kB)
2026-02-21T03:03:59.3508817Z Requirement already satisfied: platformdirs>=2 in /opt/hostedtoolcache/Python/3.12.12/x64/lib/python3.12/site-packages (from pyink==24.3.0) (4.9.2)
2026-02-21T03:03:59.3740950Z Downloading pyink-24.3.0-py3-none-any.whl (130 kB)
2026-02-21T03:03:59.4130054Z Downloading black-24.3.0-cp312-cp312-manylinux_2_17_x86_64.manylinux2014_x86_64.whl (1.8 MB)
2026-02-21T03:03:59.4710090Z    ━━━━━━━━━━━━━━━━━━━━━━━━━━━━━━━━━━━━━━━━ 1.8/1.8 MB 38.0 MB/s  0:00:00
2026-02-21T03:03:59.4908366Z Downloading click-8.3.1-py3-none-any.whl (108 kB)
2026-02-21T03:03:59.5130729Z Downloading mypy_extensions-1.1.0-py3-none-any.whl (5.0 kB)
2026-02-21T03:03:59.5349194Z Downloading pathspec-1.0.4-py3-none-any.whl (55 kB)
2026-02-21T03:03:59.5669474Z Installing collected packages: pathspec, mypy-extensions, click, black, pyink
2026-02-21T03:03:59.8970071Z 
2026-02-21T03:03:59.8990954Z Successfully installed black-24.3.0 click-8.3.1 mypy-extensions-1.1.0 pathspec-1.0.4 pyink-24.3.0
2026-02-21T03:04:02.3275386Z All done! ✨ 🍰 ✨
2026-02-21T03:04:02.3275784Z 105 files would be left unchanged.
2026-02-21T03:04:02.3599467Z Post job cleanup.
2026-02-21T03:04:02.4820329Z Post job cleanup.
2026-02-21T03:04:02.5588989Z [command]/usr/bin/git version
2026-02-21T03:04:02.5625308Z git version 2.52.0
2026-02-21T03:04:02.5665724Z Temporarily overriding HOME='/home/runner/work/_temp/7bec127d-e0bf-4492-afd7-370a617c9e0a' before making global git config changes
2026-02-21T03:04:02.5667061Z Adding repository directory to the temporary git global config as a safe directory
2026-02-21T03:04:02.5671643Z [command]/usr/bin/git config --global --add safe.directory /home/runner/work/mobly/mobly
2026-02-21T03:04:02.5701377Z Removing SSH command configuration
2026-02-21T03:04:02.5708006Z [command]/usr/bin/git config --local --name-only --get-regexp core\.sshCommand
2026-02-21T03:04:02.5740634Z [command]/usr/bin/git submodule foreach --recursive sh -c "git config --local --name-only --get-regexp 'core\.sshCommand' && git config --local --unset-all 'core.sshCommand' || :"
2026-02-21T03:04:02.5969522Z Removing HTTP extra header
2026-02-21T03:04:02.5974847Z [command]/usr/bin/git config --local --name-only --get-regexp http\.https\:\/\/github\.com\/\.extraheader
2026-02-21T03:04:02.6006840Z [command]/usr/bin/git submodule foreach --recursive sh -c "git config --local --name-only --get-regexp 'http\.https\:\/\/github\.com\/\.extraheader' && git config --local --unset-all 'http.https://github.com/.extraheader' || :"
2026-02-21T03:04:02.6225906Z Removing includeIf entries pointing to credentials config files
2026-02-21T03:04:02.6232258Z [command]/usr/bin/git config --local --name-only --get-regexp ^includeIf\.gitdir:
2026-02-21T03:04:02.6255694Z includeif.gitdir:/home/runner/work/mobly/mobly/.git.path
2026-02-21T03:04:02.6256445Z includeif.gitdir:/home/runner/work/mobly/mobly/.git/worktrees/*.path
2026-02-21T03:04:02.6256941Z includeif.gitdir:/github/workspace/.git.path
2026-02-21T03:04:02.6257288Z includeif.gitdir:/github/workspace/.git/worktrees/*.path
2026-02-21T03:04:02.6266274Z [command]/usr/bin/git config --local --get-all includeif.gitdir:/home/runner/work/mobly/mobly/.git.path
2026-02-21T03:04:02.6287010Z /home/runner/work/_temp/git-credentials-59a25a58-85f6-402f-9c62-848082cc53b8.config
2026-02-21T03:04:02.6297533Z [command]/usr/bin/git config --local --unset includeif.gitdir:/home/runner/work/mobly/mobly/.git.path /home/runner/work/_temp/git-credentials-59a25a58-85f6-402f-9c62-848082cc53b8.config
2026-02-21T03:04:02.6330917Z [command]/usr/bin/git config --local --get-all includeif.gitdir:/home/runner/work/mobly/mobly/.git/worktrees/*.path
2026-02-21T03:04:02.6352238Z /home/runner/work/_temp/git-credentials-59a25a58-85f6-402f-9c62-848082cc53b8.config
2026-02-21T03:04:02.6361813Z [command]/usr/bin/git config --local --unset includeif.gitdir:/home/runner/work/mobly/mobly/.git/worktrees/*.path /home/runner/work/_temp/git-credentials-59a25a58-85f6-402f-9c62-848082cc53b8.config
2026-02-21T03:04:02.6392954Z [command]/usr/bin/git config --local --get-all includeif.gitdir:/github/workspace/.git.path
2026-02-21T03:04:02.6413369Z /github/runner_temp/git-credentials-59a25a58-85f6-402f-9c62-848082cc53b8.config
2026-02-21T03:04:02.6421429Z [command]/usr/bin/git config --local --unset includeif.gitdir:/github/workspace/.git.path /github/runner_temp/git-credentials-59a25a58-85f6-402f-9c62-848082cc53b8.config
2026-02-21T03:04:02.6452558Z [command]/usr/bin/git config --local --get-all includeif.gitdir:/github/workspace/.git/worktrees/*.path
2026-02-21T03:04:02.6472934Z /github/runner_temp/git-credentials-59a25a58-85f6-402f-9c62-848082cc53b8.config
2026-02-21T03:04:02.6482524Z [command]/usr/bin/git config --local --unset includeif.gitdir:/github/workspace/.git/worktrees/*.path /github/runner_temp/git-credentials-59a25a58-85f6-402f-9c62-848082cc53b8.config
2026-02-21T03:04:02.6514488Z [command]/usr/bin/git submodule foreach --recursive git config --local --show-origin --name-only --get-regexp remote.origin.url
2026-02-21T03:04:02.6747058Z Removing credentials config '/home/runner/work/_temp/git-credentials-59a25a58-85f6-402f-9c62-848082cc53b8.config'
2026-02-21T03:04:02.6914836Z Cleaning up orphan processes
