2026-03-25T15:55:37.5281764Z Current runner version: '2.332.0'
2026-03-25T15:55:37.5284826Z Runner name: 'blacksmith-01kmjt2khkqmyw29ypgdyje6n3-4vcpu'
2026-03-25T15:55:37.5285404Z Runner group name: 'blacksmith runners 01kf1jjasrs5n1sen9j57b4knq'
2026-03-25T15:55:37.5286048Z Machine name: 'ip-172-31-64-123'
2026-03-25T15:55:37.5288112Z ##[group]GITHUB_TOKEN Permissions
2026-03-25T15:55:37.5289410Z Actions: write
2026-03-25T15:55:37.5289718Z ArtifactMetadata: write
2026-03-25T15:55:37.5290042Z Attestations: write
2026-03-25T15:55:37.5290364Z Checks: write
2026-03-25T15:55:37.5290693Z Contents: write
2026-03-25T15:55:37.5290964Z Deployments: write
2026-03-25T15:55:37.5291306Z Discussions: write
2026-03-25T15:55:37.5291632Z Issues: write
2026-03-25T15:55:37.5291937Z Metadata: read
2026-03-25T15:55:37.5292211Z Models: read
2026-03-25T15:55:37.5292527Z Packages: write
2026-03-25T15:55:37.5292836Z Pages: write
2026-03-25T15:55:37.5293178Z PullRequests: write
2026-03-25T15:55:37.5293463Z RepositoryProjects: write
2026-03-25T15:55:37.5293969Z SecurityEvents: write
2026-03-25T15:55:37.5294444Z Statuses: write
2026-03-25T15:55:37.5294743Z ##[endgroup]
2026-03-25T15:55:37.5295960Z Secret source: Actions
2026-03-25T15:55:37.5296343Z Prepare workflow directory
2026-03-25T15:55:37.5546716Z Prepare all required actions
2026-03-25T15:55:37.5566350Z Getting action download info
2026-03-25T15:55:38.1158571Z Download action repository 'actions/checkout@v5' (SHA:93cb6efe18208431cddfb8368fd83d5badbf9bfd)
2026-03-25T15:55:38.1566653Z Download action repository 'pnpm/action-setup@v4' (SHA:fc06bc1257f339d1d5d8b3a19a8cae5388b55320)
2026-03-25T15:55:39.2783078Z Download action repository 'actions/setup-node@v4' (SHA:49933ea5288caeca8642d1e84afbd3f7d6820020)
2026-03-25T15:55:39.3256249Z Download action repository 'tailscale/github-action@v4' (SHA:306e68a486fd2350f2bfc3b19fcd143891a4a2d8)
2026-03-25T15:55:40.3565062Z Setting BLACKSMITH_ACTIONS_RESULTS_URL to https://results-receiver.actions.githubusercontent.com/
2026-03-25T15:55:40.3582974Z Complete job name: Run tests
2026-03-25T15:55:40.3804970Z A job started hook has been configured by the self-hosted runner administrator
2026-03-25T15:55:40.3925523Z ##[group]Run '/setup.sh'
2026-03-25T15:55:40.3946149Z shell: /usr/bin/bash --noprofile --norc -e -o pipefail {0}
2026-03-25T15:55:40.3946479Z ##[endgroup]
2026-03-25T15:55:40.4150856Z Logging daemon started (blacksmithd for logs)
2026-03-25T15:55:40.4270174Z Results daemon started (blacksmithd for results)
2026-03-25T15:55:40.4272388Z Background adoption and SSH setup started (PID: 3356)
2026-03-25T15:55:40.4272691Z 
2026-03-25T15:55:40.4272845Z ----------------------------------------
2026-03-25T15:55:40.4273301Z SSH Access (using your GitHub SSH key):
2026-03-25T15:55:40.4274352Z   ssh -p 64004 runner@blacksmith-01kmjt2khkqmyw29ypgdyje6n3-4vcpu.vm.blacksmith.sh
2026-03-25T15:55:40.4274667Z 
2026-03-25T15:55:40.4274764Z No GitHub SSH key? Add one at:
2026-03-25T15:55:40.4275514Z https://docs.github.com/en/authentication/connecting-to-github-with-ssh/adding-a-new-ssh-key-to-your-github-account
2026-03-25T15:55:40.4275980Z 
2026-03-25T15:55:40.4276075Z ----------------------------------------
2026-03-25T15:55:40.4276258Z 
2026-03-25T15:55:40.4276386Z VM ID: blacksmith-01kmjt2khkqmyw29ypgdyje6n3-4vcpu
2026-03-25T15:55:40.4276756Z Host: production-131.153.204.39-x8664
2026-03-25T15:55:40.4277026Z Host Agent PID: 2227652
2026-03-25T15:55:40.4277300Z Agent Process Count: 1
2026-03-25T15:55:40.4277517Z Host Agent Git SHA: 7598abc2
2026-03-25T15:55:40.4277788Z Host CPU Manufacturer: AuthenticAMD
2026-03-25T15:55:40.4278106Z Blacksmith Host Generation: gen 2
2026-03-25T15:55:40.4278418Z Petname: production-driving-raven-c80bb7f8
2026-03-25T15:55:40.4278707Z Region: us-west
2026-03-25T15:55:40.4278979Z Rootfs Version: ubuntu24-full-x64-012126
2026-03-25T15:55:40.4279265Z GitHub traffic proxy: disabled
2026-03-25T15:55:40.4299439Z OS Version: Ubuntu 24.04.3 LTS
2026-03-25T15:55:40.4306493Z System Statistics:
2026-03-25T15:55:40.4307069Z -----------------
2026-03-25T15:55:40.4307323Z VM CPU Count: 4
2026-03-25T15:55:40.4307816Z Host Available CPUs: 8
2026-03-25T15:55:40.4307944Z 
2026-03-25T15:55:40.4308049Z Jobs by Process ID:
2026-03-25T15:55:40.4308242Z -----------------
2026-03-25T15:55:40.4308926Z PID 2227652: 6 jobs
2026-03-25T15:55:40.4309121Z Total: 6 jobs across 1 process
2026-03-25T15:55:40.4309332Z 
2026-03-25T15:55:40.4309909Z Devices by Process ID:
2026-03-25T15:55:40.4310134Z -----------------
2026-03-25T15:55:40.4310316Z PID 2227652: 6 devices
2026-03-25T15:55:40.4310582Z Total: 6 devices across 1 process
2026-03-25T15:55:40.4310822Z Enabling Blacksmith transparent cache
2026-03-25T15:55:40.4531896Z ##[group]Run actions/checkout@v5
2026-03-25T15:55:40.4532245Z with:
2026-03-25T15:55:40.4532391Z   repository: firecrawl/firecrawl
2026-03-25T15:55:40.4532771Z   token: ***
2026-03-25T15:55:40.4532885Z   ssh-strict: true
2026-03-25T15:55:40.4533024Z   ssh-user: git
2026-03-25T15:55:40.4533183Z   persist-credentials: true
2026-03-25T15:55:40.4533329Z   clean: true
2026-03-25T15:55:40.4533479Z   sparse-checkout-cone-mode: true
2026-03-25T15:55:40.4533649Z   fetch-depth: 1
2026-03-25T15:55:40.4533775Z   fetch-tags: false
2026-03-25T15:55:40.4533907Z   show-progress: true
2026-03-25T15:55:40.4534057Z   lfs: false
2026-03-25T15:55:40.4534190Z   submodules: false
2026-03-25T15:55:40.4534323Z   set-safe-directory: true
2026-03-25T15:55:40.4534552Z env:
2026-03-25T15:55:40.4534698Z   IDMUX_URL: ***
2026-03-25T15:55:40.4534832Z   GITHUB_REPO_NAME: firecrawl/firecrawl
2026-03-25T15:55:40.4535011Z ##[endgroup]
2026-03-25T15:55:40.5762082Z Syncing repository: firecrawl/firecrawl
2026-03-25T15:55:40.5763144Z ##[group]Getting Git version info
2026-03-25T15:55:40.5763367Z Working directory is '/home/runner/_work/firecrawl/firecrawl'
2026-03-25T15:55:40.5763704Z [command]/usr/bin/git version
2026-03-25T15:55:40.5786644Z git version 2.52.0
2026-03-25T15:55:40.5798660Z ##[endgroup]
2026-03-25T15:55:40.5807580Z Temporarily overriding HOME='/home/runner/_work/_temp/83863670-0982-4ae7-bc7d-e92f9f7af58a' before making global git config changes
2026-03-25T15:55:40.5807939Z Adding repository directory to the temporary git global config as a safe directory
2026-03-25T15:55:40.5811708Z [command]/usr/bin/git config --global --add safe.directory /home/runner/_work/firecrawl/firecrawl
2026-03-25T15:55:40.5834860Z Deleting the contents of '/home/runner/_work/firecrawl/firecrawl'
2026-03-25T15:55:40.5836675Z ##[group]Initializing the repository
2026-03-25T15:55:40.5839220Z [command]/usr/bin/git init /home/runner/_work/firecrawl/firecrawl
2026-03-25T15:55:40.5868065Z hint: Using 'master' as the name for the initial branch. This default branch name
2026-03-25T15:55:40.5868295Z hint: will change to "main" in Git 3.0. To configure the initial branch name
2026-03-25T15:55:40.5868542Z hint: to use in all of your new repositories, which will suppress this warning,
2026-03-25T15:55:40.5868709Z hint: call:
2026-03-25T15:55:40.5868798Z hint:
2026-03-25T15:55:40.5868929Z hint: 	git config --global init.defaultBranch <name>
2026-03-25T15:55:40.5869062Z hint:
2026-03-25T15:55:40.5869200Z hint: Names commonly chosen instead of 'master' are 'main', 'trunk' and
2026-03-25T15:55:40.5869421Z hint: 'development'. The just-created branch can be renamed via this command:
2026-03-25T15:55:40.5869585Z hint:
2026-03-25T15:55:40.5869672Z hint: 	git branch -m <name>
2026-03-25T15:55:40.5869775Z hint:
2026-03-25T15:55:40.5869913Z hint: Disable this message with "git config set advice.defaultBranchName false"
2026-03-25T15:55:40.5870149Z Initialized empty Git repository in /home/runner/_work/firecrawl/firecrawl/.git/
2026-03-25T15:55:40.5875256Z [command]/usr/bin/git remote add origin https://github.com/firecrawl/firecrawl
2026-03-25T15:55:40.5891495Z ##[endgroup]
2026-03-25T15:55:40.5891666Z ##[group]Disabling automatic garbage collection
2026-03-25T15:55:40.5894023Z [command]/usr/bin/git config --local gc.auto 0
2026-03-25T15:55:40.5906017Z ##[endgroup]
2026-03-25T15:55:40.5906176Z ##[group]Setting up auth
2026-03-25T15:55:40.5910583Z [command]/usr/bin/git config --local --name-only --get-regexp core\.sshCommand
2026-03-25T15:55:40.5924372Z [command]/usr/bin/git submodule foreach --recursive sh -c "git config --local --name-only --get-regexp 'core\.sshCommand' && git config --local --unset-all 'core.sshCommand' || :"
2026-03-25T15:55:40.6073922Z [command]/usr/bin/git config --local --name-only --get-regexp http\.https\:\/\/github\.com\/\.extraheader
2026-03-25T15:55:40.6089443Z [command]/usr/bin/git submodule foreach --recursive sh -c "git config --local --name-only --get-regexp 'http\.https\:\/\/github\.com\/\.extraheader' && git config --local --unset-all 'http.https://github.com/.extraheader' || :"
2026-03-25T15:55:40.6178070Z [command]/usr/bin/git config --local --name-only --get-regexp ^includeIf\.gitdir:
2026-03-25T15:55:40.6189892Z [command]/usr/bin/git submodule foreach --recursive git config --local --show-origin --name-only --get-regexp remote.origin.url
2026-03-25T15:55:40.6267469Z [command]/usr/bin/git config --local http.https://github.com/.extraheader AUTHORIZATION: basic ***
2026-03-25T15:55:40.6280317Z ##[endgroup]
2026-03-25T15:55:40.6280515Z ##[group]Fetching the repository
2026-03-25T15:55:40.6289128Z [command]/usr/bin/git -c protocol.version=2 fetch --no-tags --prune --no-recurse-submodules --depth=1 origin +ac74e8693d085e9855c1b071af968a8afd54e989:refs/remotes/pull/3226/merge
2026-03-25T15:55:42.5315951Z From https://github.com/firecrawl/firecrawl
2026-03-25T15:55:42.5316695Z  * [new ref]         ac74e8693d085e9855c1b071af968a8afd54e989 -> pull/3226/merge
2026-03-25T15:55:42.5335939Z ##[endgroup]
2026-03-25T15:55:42.5336192Z ##[group]Determining the checkout info
2026-03-25T15:55:42.5336728Z ##[endgroup]
2026-03-25T15:55:42.5340554Z [command]/usr/bin/git sparse-checkout disable
2026-03-25T15:55:42.5361082Z [command]/usr/bin/git config --local --unset-all extensions.worktreeConfig
2026-03-25T15:55:42.5372289Z ##[group]Checking out the ref
2026-03-25T15:55:42.5378410Z [command]/usr/bin/git checkout --progress --force refs/remotes/pull/3226/merge
2026-03-25T15:55:42.6532968Z Note: switching to 'refs/remotes/pull/3226/merge'.
2026-03-25T15:55:42.6533313Z 
2026-03-25T15:55:42.6533432Z You are in 'detached HEAD' state. You can look around, make experimental
2026-03-25T15:55:42.6533659Z changes and commit them, and you can discard any commits you make in this
2026-03-25T15:55:42.6533881Z state without impacting any branches by switching back to a branch.
2026-03-25T15:55:42.6534111Z 
2026-03-25T15:55:42.6534474Z If you want to create a new branch to retain commits you create, you may
2026-03-25T15:55:42.6534824Z do so (now or later) by using -c with the switch command. Example:
2026-03-25T15:55:42.6535011Z 
2026-03-25T15:55:42.6535611Z   git switch -c <new-branch-name>
2026-03-25T15:55:42.6535757Z 
2026-03-25T15:55:42.6535837Z Or undo this operation with:
2026-03-25T15:55:42.6535953Z 
2026-03-25T15:55:42.6536021Z   git switch -
2026-03-25T15:55:42.6536595Z 
2026-03-25T15:55:42.6537125Z Turn off this advice by setting config variable advice.detachedHead to false
2026-03-25T15:55:42.6537322Z 
2026-03-25T15:55:42.6537506Z HEAD is now at ac74e86 Merge d905fbc91666e0e099d4d3088b5ccfc1ad63f51f into 3a0da674f13ad214e728cc4f89dc68a31fde8ad8
2026-03-25T15:55:42.6542221Z ##[endgroup]
2026-03-25T15:55:42.6576402Z [command]/usr/bin/git log -1 --format=%H
2026-03-25T15:55:42.6592452Z ac74e8693d085e9855c1b071af968a8afd54e989
2026-03-25T15:55:42.6692425Z ##[group]Run pnpm/action-setup@v4
2026-03-25T15:55:42.6692636Z with:
2026-03-25T15:55:42.6692769Z   version: 10
2026-03-25T15:55:42.6692984Z   dest: ~/setup-pnpm
2026-03-25T15:55:42.6693140Z   run_install: null
2026-03-25T15:55:42.6693280Z   cache: false
2026-03-25T15:55:42.6693444Z   cache_dependency_path: pnpm-lock.yaml
2026-03-25T15:55:42.6693686Z   package_json_file: package.json
2026-03-25T15:55:42.6693872Z   standalone: false
2026-03-25T15:55:42.6694025Z env:
2026-03-25T15:55:42.6694317Z   IDMUX_URL: ***
2026-03-25T15:55:42.6694569Z   GITHUB_REPO_NAME: firecrawl/firecrawl
2026-03-25T15:55:42.6694762Z ##[endgroup]
2026-03-25T15:55:42.7425438Z ##[group]Running self-installer...
2026-03-25T15:55:42.9334504Z (node:3584) [DEP0169] DeprecationWarning: `url.parse()` behavior is not standardized and prone to errors that have security implications. Use the WHATWG URL API instead. CVEs are not issued for `url.parse()` vulnerabilities.
2026-03-25T15:55:42.9335086Z (Use `node --trace-deprecation ...` to show where the warning was created)
2026-03-25T15:55:43.0114571Z Progress: resolved 1, reused 0, downloaded 0, added 0
2026-03-25T15:55:43.0152727Z Packages: +1
2026-03-25T15:55:43.0153067Z +
2026-03-25T15:55:43.2254778Z Progress: resolved 1, reused 0, downloaded 1, added 1, done
2026-03-25T15:55:43.2408201Z 
2026-03-25T15:55:43.2408558Z dependencies:
2026-03-25T15:55:43.2408717Z + pnpm 10.33.0
2026-03-25T15:55:43.2408778Z 
2026-03-25T15:55:43.2416982Z Done in 413ms
2026-03-25T15:55:43.2501214Z ##[endgroup]
2026-03-25T15:55:43.2501434Z Installation Completed!
2026-03-25T15:55:43.2594462Z ##[group]Run actions/setup-node@v4
2026-03-25T15:55:43.2594601Z with:
2026-03-25T15:55:43.2594693Z   node-version: 20
2026-03-25T15:55:43.2594784Z   cache: pnpm
2026-03-25T15:55:43.2594924Z   cache-dependency-path: ./apps/js-sdk/firecrawl/pnpm-lock.yaml
2026-03-25T15:55:43.2595089Z   always-auth: false
2026-03-25T15:55:43.2595192Z   check-latest: false
2026-03-25T15:55:43.2595371Z   token: ***
2026-03-25T15:55:43.2595460Z env:
2026-03-25T15:55:43.2595583Z   IDMUX_URL: ***
2026-03-25T15:55:43.2595704Z   GITHUB_REPO_NAME: firecrawl/firecrawl
2026-03-25T15:55:43.2595863Z   PNPM_HOME: /home/runner/setup-pnpm/node_modules/.bin
2026-03-25T15:55:43.2595995Z ##[endgroup]
2026-03-25T15:55:43.4108512Z Found in cache @ /opt/hostedtoolcache/node/20.20.0/x64
2026-03-25T15:55:43.4112986Z ##[group]Environment details
2026-03-25T15:55:43.5523154Z node: v20.20.0
2026-03-25T15:55:43.5523287Z npm: 10.8.2
2026-03-25T15:55:43.5523386Z yarn: 1.22.22
2026-03-25T15:55:43.5523835Z ##[endgroup]
2026-03-25T15:55:43.5532743Z [command]/home/runner/setup-pnpm/node_modules/.bin/pnpm store path --silent
2026-03-25T15:55:43.7065080Z /home/runner/setup-pnpm/node_modules/.bin/store/v10
2026-03-25T15:55:43.9907473Z Cache hit for: node-cache-Linux-x64-pnpm-6d9cfa268037da9d602254a83630b5617c36eae967ad4b3e70e8a3bf66187bd9
2026-03-25T15:55:44.4175639Z Received 23019327 of 23019327 (100.0%), 91.1 MBs/sec
2026-03-25T15:55:44.4175954Z Cache Size: ~22 MB (23019327 B)
2026-03-25T15:55:44.4188281Z [command]/usr/bin/tar -xf /home/runner/_work/_temp/b7a72598-cae4-4729-b84b-f99b8787c07d/cache.tzst -P -C /home/runner/_work/firecrawl/firecrawl --use-compress-program unzstd
2026-03-25T15:55:44.5640573Z Cache restored successfully
2026-03-25T15:55:44.5654494Z Cache restored from key: node-cache-Linux-x64-pnpm-6d9cfa268037da9d602254a83630b5617c36eae967ad4b3e70e8a3bf66187bd9
2026-03-25T15:55:44.5728728Z ##[group]Run tailscale/github-action@v4
2026-03-25T15:55:44.5728864Z with:
2026-03-25T15:55:44.5729202Z   oauth-client-id: ***
2026-03-25T15:55:44.5729418Z   oauth-secret: ***
2026-03-25T15:55:44.5729516Z   tags: tag:ci
2026-03-25T15:55:44.5729602Z   use-cache: true
2026-03-25T15:55:44.5729709Z   version: 1.94.2
2026-03-25T15:55:44.5729819Z   timeout: 2m
2026-03-25T15:55:44.5729963Z   retry: 5
2026-03-25T15:55:44.5730091Z env:
2026-03-25T15:55:44.5730226Z   IDMUX_URL: ***
2026-03-25T15:55:44.5730334Z   GITHUB_REPO_NAME: firecrawl/firecrawl
2026-03-25T15:55:44.5730489Z   PNPM_HOME: /home/runner/setup-pnpm/node_modules/.bin
2026-03-25T15:55:44.5730637Z ##[endgroup]
2026-03-25T15:55:44.6340653Z Resolved Tailscale version: 1.94.2
2026-03-25T15:55:44.9457761Z Cache hit for: action-setup-tailscale/1.94.2/Linux-amd64
2026-03-25T15:55:45.5666261Z Received 34760021 of 34760021 (100.0%), 67.4 MBs/sec
2026-03-25T15:55:45.5666695Z Cache Size: ~33 MB (34760021 B)
2026-03-25T15:55:45.5682547Z [command]/usr/bin/tar -xf /home/runner/_work/_temp/e37e3bd1-127f-495b-9e4d-d8cfb2e844b5/cache.tzst -P -C /home/runner/_work/firecrawl/firecrawl --use-compress-program unzstd
2026-03-25T15:55:45.6321979Z Cache restored successfully
2026-03-25T15:55:45.6336737Z Found Tailscale 1.94.2 in cache: /opt/hostedtoolcache/tailscale/1.94.2/Linux-amd64
2026-03-25T15:55:45.6337435Z ▶️ copy tailscale from cache
2026-03-25T15:55:45.6525590Z ▶️ copy tailscaled from cache
2026-03-25T15:55:45.6809372Z ▶️ chmod tailscale
2026-03-25T15:55:45.6897751Z ▶️ chmod tailscaled
2026-03-25T15:55:45.6976076Z Starting tailscaled daemon...
2026-03-25T15:55:45.6993034Z Waiting for tailscaled daemon to become ready...
2026-03-25T15:55:45.6993369Z ▶️ get tailscale status
2026-03-25T15:55:45.9569617Z Daemon ready! Initial state: NeedsLogin
2026-03-25T15:55:45.9570494Z ✅ tailscaled daemon is up and running!
2026-03-25T15:55:45.9573787Z ▶️ hostname
2026-03-25T15:55:45.9599035Z Attempt 1 to bring up Tailscale...
2026-03-25T15:55:45.9600116Z ▶️ tailscale up
2026-03-25T15:55:48.0636562Z ✅ Tailscale up command completed successfully on attempt 1
2026-03-25T15:55:48.0637455Z ▶️ get tailscale status
2026-03-25T15:55:48.0784260Z ✅ Tailscale is running and connected!
2026-03-25T15:55:48.0867140Z ##[group]Run pnpm install
2026-03-25T15:55:48.0867405Z [36;1mpnpm install[0m
2026-03-25T15:55:48.0886314Z shell: /usr/bin/bash -e {0}
2026-03-25T15:55:48.0886447Z env:
2026-03-25T15:55:48.0886655Z   IDMUX_URL: ***
2026-03-25T15:55:48.0886768Z   GITHUB_REPO_NAME: firecrawl/firecrawl
2026-03-25T15:55:48.0886934Z   PNPM_HOME: /home/runner/setup-pnpm/node_modules/.bin
2026-03-25T15:55:48.0887082Z ##[endgroup]
2026-03-25T15:55:48.2706636Z  WARN  Unsupported engine: wanted: {"node":">=22.0.0"} (current: {"node":"v20.20.0","pnpm":"10.33.0"})
2026-03-25T15:55:48.2903545Z Lockfile is up to date, resolution step is skipped
2026-03-25T15:55:48.3150005Z Progress: resolved 1, reused 0, downloaded 0, added 0
2026-03-25T15:55:48.3447706Z Packages: +371
2026-03-25T15:55:48.3448450Z ++++++++++++++++++++++++++++++++++++++++++++++++++++++++++++++++++++++++++++++++
2026-03-25T15:55:48.5066552Z Progress: resolved 371, reused 371, downloaded 0, added 371, done
2026-03-25T15:55:48.6010303Z 
2026-03-25T15:55:48.6010922Z dependencies:
2026-03-25T15:55:48.6011086Z + axios 1.13.5
2026-03-25T15:55:48.6011354Z + firecrawl 4.16.0
2026-03-25T15:55:48.6011496Z + typescript-event-target 1.1.1
2026-03-25T15:55:48.6011623Z + zod 3.25.76
2026-03-25T15:55:48.6011732Z + zod-to-json-schema 3.24.6
2026-03-25T15:55:48.6011804Z 
2026-03-25T15:55:48.6011847Z devDependencies:
2026-03-25T15:55:48.6011951Z + @jest/globals 30.2.0
2026-03-25T15:55:48.6012074Z + @types/dotenv 8.2.3
2026-03-25T15:55:48.6012183Z + @types/jest 30.0.0
2026-03-25T15:55:48.6012288Z + @types/mocha 10.0.10
2026-03-25T15:55:48.6012393Z + @types/node 20.19.9
2026-03-25T15:55:48.6012495Z + @types/uuid 9.0.8
2026-03-25T15:55:48.6012588Z + dotenv 16.6.1
2026-03-25T15:55:48.6012678Z + jest 30.2.0
2026-03-25T15:55:48.6012775Z + ts-jest 29.4.5
2026-03-25T15:55:48.6012881Z + tsup 8.5.0
2026-03-25T15:55:48.6012979Z + typescript 5.8.3
2026-03-25T15:55:48.6013081Z + uuid 9.0.1
2026-03-25T15:55:48.6013149Z 
2026-03-25T15:55:48.6062336Z ╭ Warning ─────────────────────────────────────────────────────────────────────╮
2026-03-25T15:55:48.6062737Z │                                                                              │
2026-03-25T15:55:48.6063022Z │   Ignored build scripts: esbuild@0.25.8, unrs-resolver@1.11.1.               │
2026-03-25T15:55:48.6063319Z │   Run "pnpm approve-builds" to pick which dependencies should be allowed     │
2026-03-25T15:55:48.6063585Z │   to run scripts.                                                            │
2026-03-25T15:55:48.6063813Z │                                                                              │
2026-03-25T15:55:48.6064055Z ╰──────────────────────────────────────────────────────────────────────────────╯
2026-03-25T15:55:48.6105485Z Done in 506ms using pnpm v10.33.0
2026-03-25T15:55:48.6171960Z ##[group]Run pnpm run build
2026-03-25T15:55:48.6172110Z [36;1mpnpm run build[0m
2026-03-25T15:55:48.6188008Z shell: /usr/bin/bash -e {0}
2026-03-25T15:55:48.6188143Z env:
2026-03-25T15:55:48.6188327Z   IDMUX_URL: ***
2026-03-25T15:55:48.6188429Z   GITHUB_REPO_NAME: firecrawl/firecrawl
2026-03-25T15:55:48.6188579Z   PNPM_HOME: /home/runner/setup-pnpm/node_modules/.bin
2026-03-25T15:55:48.6188713Z ##[endgroup]
2026-03-25T15:55:48.7863896Z  WARN  Unsupported engine: wanted: {"node":">=22.0.0"} (current: {"node":"v20.20.0","pnpm":"10.33.0"})
2026-03-25T15:55:48.7884330Z 
2026-03-25T15:55:48.7884928Z > @mendable/firecrawl-js@4.18.0 build /home/runner/_work/firecrawl/firecrawl/apps/js-sdk/firecrawl
2026-03-25T15:55:48.7885167Z > tsup
2026-03-25T15:55:48.7885219Z 
2026-03-25T15:55:48.9565634Z [34mCLI[39m Building entry: src/index.ts
2026-03-25T15:55:48.9566391Z [34mCLI[39m Using tsconfig: tsconfig.json
2026-03-25T15:55:48.9566842Z [34mCLI[39m tsup v8.5.0
2026-03-25T15:55:48.9567837Z [34mCLI[39m Using tsup config: /home/runner/_work/firecrawl/firecrawl/apps/js-sdk/firecrawl/tsup.config.ts
2026-03-25T15:55:48.9588985Z [34mCLI[39m Target: node22
2026-03-25T15:55:48.9595063Z [34mCLI[39m Cleaning output folder
2026-03-25T15:55:48.9600319Z [34mCJS[39m Build start
2026-03-25T15:55:48.9600741Z [34mESM[39m Build start
2026-03-25T15:55:48.9800167Z [warn] [33m▲ [43;33m[[43;30mWARNING[43;33m][0m [1mThe "assert" keyword is not supported in the configured target environment ("node22")[0m [assert-to-with]
2026-03-25T15:55:48.9800509Z 
2026-03-25T15:55:48.9800575Z     src/v1/index.ts:659:63:
2026-03-25T15:55:48.9800870Z [37m      659 │ ...await import('../../package.json', { [32massert[37m: { type: 'json' } });
2026-03-25T15:55:48.9801222Z           │                                         [32m~~~~~~[37m
2026-03-25T15:55:48.9801420Z           ╵                                         [32mwith[0m
2026-03-25T15:55:48.9801519Z 
2026-03-25T15:55:48.9801635Z   Did you mean to use "with" instead of "assert"?
2026-03-25T15:55:48.9801743Z 
2026-03-25T15:55:48.9801746Z 
2026-03-25T15:55:48.9811807Z [warn] [33m▲ [43;33m[[43;30mWARNING[43;33m][0m [1mThe "assert" keyword is not supported in the configured target environment ("node22")[0m [assert-to-with]
2026-03-25T15:55:48.9812117Z 
2026-03-25T15:55:48.9812171Z     src/v1/index.ts:659:63:
2026-03-25T15:55:48.9812449Z [37m      659 │ ...await import('../../package.json', { [32massert[37m: { type: 'json' } });
2026-03-25T15:55:48.9812702Z           │                                         [32m~~~~~~[37m
2026-03-25T15:55:48.9813001Z           ╵                                         [32mwith[0m
2026-03-25T15:55:48.9813096Z 
2026-03-25T15:55:48.9813176Z   Did you mean to use "with" instead of "assert"?
2026-03-25T15:55:48.9813272Z 
2026-03-25T15:55:48.9813276Z 
2026-03-25T15:55:48.9819449Z [32mCJS[39m [1mdist/index.cjs [22m[32m107.41 KB[39m
2026-03-25T15:55:48.9819835Z [32mCJS[39m ⚡️ Build success in 21ms
2026-03-25T15:55:48.9820975Z [32mESM[39m [1mdist/chunk-XGTDFUXH.js   [22m[32m2.42 KB[39m
2026-03-25T15:55:48.9821265Z [32mESM[39m [1mdist/package-ELVD4RJL.js [22m[32m91.00 B[39m
2026-03-25T15:55:48.9821551Z [32mESM[39m [1mdist/index.js            [22m[32m103.13 KB[39m
2026-03-25T15:55:48.9821785Z [32mESM[39m ⚡️ Build success in 22ms
2026-03-25T15:55:49.1214903Z [34mDTS[39m Build start
2026-03-25T15:55:50.1526177Z [32mDTS[39m ⚡️ Build success in 1032ms
2026-03-25T15:55:50.1526465Z [32mDTS[39m [1mdist/index.d.cts [22m[32m62.70 KB[39m
2026-03-25T15:55:50.1526704Z [32mDTS[39m [1mdist/index.d.ts  [22m[32m62.70 KB[39m
2026-03-25T15:55:50.1701544Z ##[group]Run pnpm run test
2026-03-25T15:55:50.1701697Z [36;1mpnpm run test[0m
2026-03-25T15:55:50.1717256Z shell: /usr/bin/bash -e {0}
2026-03-25T15:55:50.1717369Z env:
2026-03-25T15:55:50.1717553Z   IDMUX_URL: ***
2026-03-25T15:55:50.1717662Z   GITHUB_REPO_NAME: firecrawl/firecrawl
2026-03-25T15:55:50.1717816Z   PNPM_HOME: /home/runner/setup-pnpm/node_modules/.bin
2026-03-25T15:55:50.1717961Z ##[endgroup]
2026-03-25T15:55:50.3338682Z  WARN  Unsupported engine: wanted: {"node":">=22.0.0"} (current: {"node":"v20.20.0","pnpm":"10.33.0"})
2026-03-25T15:55:50.3357269Z 
2026-03-25T15:55:50.3357662Z > @mendable/firecrawl-js@4.18.0 test /home/runner/_work/firecrawl/firecrawl/apps/js-sdk/firecrawl
2026-03-25T15:55:50.3358066Z > NODE_OPTIONS=--experimental-vm-modules jest --verbose src/__tests__/e2e/v2/*.test.ts --detectOpenHandles
2026-03-25T15:55:50.3358256Z 
2026-03-25T15:55:51.0483235Z (node:3923) ExperimentalWarning: VM Modules is an experimental feature and might change at any time
2026-03-25T15:55:51.0483593Z (Use `node --trace-warnings ...` to show where the warning was created)
2026-03-25T15:56:26.8447839Z PASS src/__tests__/e2e/v2/search.test.ts (36.196 s)
2026-03-25T15:56:26.8448782Z   v2.search e2e
2026-03-25T15:56:26.8449342Z     ✓ minimal request (572 ms)
2026-03-25T15:56:26.8449577Z     ✓ with sources web+news and limit (114 ms)
2026-03-25T15:56:26.8449743Z     ✓ result structure (155 ms)
2026-03-25T15:56:26.8449911Z     ✓ all parameters (comprehensive) (24253 ms)
2026-03-25T15:56:26.8450097Z     ✓ formats flexibility: list vs object (601 ms)
2026-03-25T15:56:26.8450264Z     ✓ with json format object (1296 ms)
2026-03-25T15:56:26.8450478Z     ✓ with summary format, documents include summary when present (8112 ms)
2026-03-25T15:56:26.8450619Z 
2026-03-25T15:58:06.7240437Z PASS src/__tests__/e2e/v2/crawl.test.ts (99.876 s)
2026-03-25T15:58:06.7240788Z   v2.crawl e2e
2026-03-25T15:58:06.7241181Z     ✓ start crawl minimal request (785 ms)
2026-03-25T15:58:06.7241347Z     ✓ start crawl with options (793 ms)
2026-03-25T15:58:06.7241510Z     ✓ start crawl with prompt (3549 ms)
2026-03-25T15:58:06.7241660Z     ✓ get crawl status (34333 ms)
2026-03-25T15:58:06.7241792Z     ✓ cancel crawl (337 ms)
2026-03-25T15:58:06.7241920Z     ✓ get crawl errors (406 ms)
2026-03-25T15:58:06.7242093Z     ✓ get crawl errors with invalid id should throw (78 ms)
2026-03-25T15:58:06.7242263Z     ✓ get active crawls (100 ms)
2026-03-25T15:58:06.7242423Z     ✓ get active crawls with running crawl (801 ms)
2026-03-25T15:58:06.7242580Z     ✓ crawl with wait (14377 ms)
2026-03-25T15:58:06.7242773Z     ✓ crawl with wait returns job id for error retrieval (15147 ms)
2026-03-25T15:58:06.7242963Z     ✓ crawl with prompt and wait (15158 ms)
2026-03-25T15:58:06.7243116Z     ✓ crawl with scrape options (300 ms)
2026-03-25T15:58:06.7243278Z     ✓ crawl with json format object (323 ms)
2026-03-25T15:58:06.7243441Z     ✓ crawl all parameters (9846 ms)
2026-03-25T15:58:06.7243585Z     ✓ crawl params preview (2972 ms)
2026-03-25T15:58:06.7243663Z 
2026-03-25T15:58:45.6509744Z PASS src/__tests__/e2e/v2/scrape.test.ts (38.924 s)
2026-03-25T15:58:45.6510200Z   v2.scrape e2e
2026-03-25T15:58:45.6510742Z     ✓ minimal: scrape only required params (746 ms)
2026-03-25T15:58:45.6511082Z     ✓ maximal: scrape with all options (11778 ms)
2026-03-25T15:58:45.6511458Z     ✓ json format with zod schema (auto-converted internally) (9908 ms)
2026-03-25T15:58:45.6511832Z     ✓ summary format returns summary string (12890 ms)
2026-03-25T15:58:45.6512117Z     ✓ basic format: markdown (350 ms)
2026-03-25T15:58:45.6512366Z     ✓ basic format: html (574 ms)
2026-03-25T15:58:45.6512613Z     ✓ basic format: rawHtml (570 ms)
2026-03-25T15:58:45.6512870Z     ✓ basic format: links (377 ms)
2026-03-25T15:58:45.6513119Z     ✓ basic format: screenshot (357 ms)
2026-03-25T15:58:45.6513444Z     ✓ images format: extract all images from webpage (327 ms)
2026-03-25T15:58:45.6513793Z     ✓ images format: works with multiple formats (425 ms)
2026-03-25T15:58:45.6514085Z     ✓ invalid url should throw (5 ms)
2026-03-25T15:58:45.6514222Z 
2026-03-25T16:00:38.7035638Z PASS src/__tests__/e2e/v2/batch.test.ts (113.05 s)
2026-03-25T16:00:38.7036023Z   v2.batch e2e
2026-03-25T16:00:38.7036426Z     ✓ batch scrape minimal (wait) (8897 ms)
2026-03-25T16:00:38.7036643Z     ✓ batch scrape with wait returns job id for error retrieval (32105 ms)
2026-03-25T16:00:38.7036872Z     ✓ start batch minimal and status (10739 ms)
2026-03-25T16:00:38.7037034Z     ✓ wait batch with all params (60604 ms)
2026-03-25T16:00:38.7037172Z     ✓ cancel batch (249 ms)
2026-03-25T16:00:38.7037242Z 
2026-03-25T16:01:09.4361618Z PASS src/__tests__/e2e/v2/watcher.test.ts (30.729 s)
2026-03-25T16:01:09.4362023Z   v2.watcher e2e
2026-03-25T16:01:09.4362640Z     ✓ crawl watcher minimal (19995 ms)
2026-03-25T16:01:09.4362974Z     ✓ batch watcher with options (kind, pollInterval, timeout) (10053 ms)
2026-03-25T16:01:09.4415694Z 
2026-03-25T16:01:35.3017032Z PASS src/__tests__/e2e/v2/extract.test.ts (25.86 s)
2026-03-25T16:01:35.3017425Z   v2.extract e2e
2026-03-25T16:01:35.3017884Z     ✓ extract minimal with prompt (11627 ms)
2026-03-25T16:01:35.3018076Z     ✓ extract with schema (8978 ms)
2026-03-25T16:01:35.3018236Z     ✓ extract with zod schema (4652 ms)
2026-03-25T16:01:35.3018322Z 
2026-03-25T16:01:41.6917940Z PASS src/__tests__/e2e/v2/map.test.ts (6.386 s)
2026-03-25T16:01:41.6918437Z   v2.map e2e
2026-03-25T16:01:41.6918945Z     ✓ minimal request (1817 ms)
2026-03-25T16:01:41.6919104Z     ✓ with options sitemap=only (927 ms)
2026-03-25T16:01:41.6919371Z     ✓ with options sitemap=skip (849 ms)
2026-03-25T16:01:41.6919589Z     ✓ with options sitemap=include (2239 ms)
2026-03-25T16:01:41.6919717Z 
2026-03-25T16:01:42.9642946Z PASS src/__tests__/e2e/v2/usage.test.ts
2026-03-25T16:01:42.9643165Z   v2.usage e2e
2026-03-25T16:01:42.9643593Z     ✓ get_concurrency (425 ms)
2026-03-25T16:01:42.9643737Z     ✓ get_credit_usage (79 ms)
2026-03-25T16:01:42.9643869Z     ✓ get_token_usage (66 ms)
2026-03-25T16:01:42.9643999Z     ✓ get_queue_status (73 ms)
2026-03-25T16:01:42.9644074Z 
2026-03-25T16:01:42.9655839Z Test Suites: 8 passed, 8 total
2026-03-25T16:01:42.9655980Z Tests:       53 passed, 53 total
2026-03-25T16:01:42.9656101Z Snapshots:   0 total
2026-03-25T16:01:42.9656208Z Time:        352.43 s
2026-03-25T16:01:42.9656846Z Ran all test suites matching src/__tests__/e2e/v2/batch.test.ts|src/__tests__/e2e/v2/crawl.test.ts|src/__tests__/e2e/v2/extract.test.ts|src/__tests__/e2e/v2/map.test.ts|src/__tests__/e2e/v2/scrape.test.ts|src/__tests__/e2e/v2/search.test.ts|src/__tests__/e2e/v2/usage.test.ts|src/__tests__/e2e/v2/watcher.test.ts.
2026-03-25T16:01:43.0827699Z Post job cleanup.
2026-03-25T16:01:43.1103494Z 🔄 Logging out of Tailscale...
2026-03-25T16:01:43.1177796Z Running: sudo -E tailscale logout
2026-03-25T16:01:43.1181263Z [command]/usr/bin/sudo -E tailscale logout
2026-03-25T16:01:43.7172810Z ✅ Successfully logged out of Tailscale
2026-03-25T16:01:43.7173021Z Stopping tailscale
2026-03-25T16:01:43.7179772Z [command]/usr/bin/sudo pkill -P 3702
2026-03-25T16:01:43.7311472Z [command]/usr/bin/sudo tailscaled --cleanup
2026-03-25T16:01:43.7397045Z TPM: error opening: stat /dev/tpmrm0: no such file or directory
2026-03-25T16:01:43.7420164Z 2026/03/25 16:01:43 logtail started
2026-03-25T16:01:43.7420661Z 2026/03/25 16:01:43 Program starting: v1.94.2-t0a29cf18b-g3f044c9f6, Go 1.25.5: []string{"tailscaled", "--cleanup"}
2026-03-25T16:01:43.7421171Z 2026/03/25 16:01:43 LogID: 9259358d6f9ef40627a74f17b1d854d3293d5559c72c483b8aace20b952b0c37
2026-03-25T16:01:43.7421698Z 2026/03/25 16:01:43 logpolicy: using system state directory "/var/lib/tailscale"
2026-03-25T16:01:43.7431509Z 2026/03/25 16:01:43 dns: [resolved-ping=yes rc=resolved resolved=file nm=no resolv-conf-mode=stub ret=systemd-resolved]
2026-03-25T16:01:43.7432549Z 2026/03/25 16:01:43 dns: using "systemd-resolved" mode
2026-03-25T16:01:43.7433804Z 2026/03/25 16:01:43 creating dns cleanup: route ip+net: no such network interface
2026-03-25T16:01:43.9114786Z 2026/03/25 16:01:43 flushing log.
2026-03-25T16:01:43.9115442Z 2026/03/25 16:01:43 logger closing down
2026-03-25T16:01:43.9671934Z ✅ Stopped tailscale
2026-03-25T16:01:43.9733368Z Post job cleanup.
2026-03-25T16:01:44.0463582Z Cache hit occurred on the primary key node-cache-Linux-x64-pnpm-6d9cfa268037da9d602254a83630b5617c36eae967ad4b3e70e8a3bf66187bd9, not saving cache.
2026-03-25T16:01:44.0524219Z Post job cleanup.
2026-03-25T16:01:44.1185054Z Pruning is unnecessary.
2026-03-25T16:01:44.1257535Z Post job cleanup.
2026-03-25T16:01:44.1650185Z [command]/usr/bin/git version
2026-03-25T16:01:44.1672374Z git version 2.52.0
2026-03-25T16:01:44.1693189Z Temporarily overriding HOME='/home/runner/_work/_temp/26e4c7cf-df41-4094-b179-e05abd9180d8' before making global git config changes
2026-03-25T16:01:44.1693600Z Adding repository directory to the temporary git global config as a safe directory
2026-03-25T16:01:44.1696871Z [command]/usr/bin/git config --global --add safe.directory /home/runner/_work/firecrawl/firecrawl
2026-03-25T16:01:44.1716222Z [command]/usr/bin/git config --local --name-only --get-regexp core\.sshCommand
2026-03-25T16:01:44.1731983Z [command]/usr/bin/git submodule foreach --recursive sh -c "git config --local --name-only --get-regexp 'core\.sshCommand' && git config --local --unset-all 'core.sshCommand' || :"
2026-03-25T16:01:44.1851481Z [command]/usr/bin/git config --local --name-only --get-regexp http\.https\:\/\/github\.com\/\.extraheader
2026-03-25T16:01:44.1864653Z http.https://github.com/.extraheader
2026-03-25T16:01:44.1871451Z [command]/usr/bin/git config --local --unset-all http.https://github.com/.extraheader
2026-03-25T16:01:44.1891962Z [command]/usr/bin/git submodule foreach --recursive sh -c "git config --local --name-only --get-regexp 'http\.https\:\/\/github\.com\/\.extraheader' && git config --local --unset-all 'http.https://github.com/.extraheader' || :"
2026-03-25T16:01:44.1986702Z [command]/usr/bin/git config --local --name-only --get-regexp ^includeIf\.gitdir:
2026-03-25T16:01:44.2002924Z [command]/usr/bin/git submodule foreach --recursive git config --local --show-origin --name-only --get-regexp remote.origin.url
2026-03-25T16:01:44.2145481Z A job completed hook has been configured by the self-hosted runner administrator
2026-03-25T16:01:44.2167657Z ##[group]Run '/job_completed.sh'
2026-03-25T16:01:44.2180218Z shell: /usr/bin/bash --noprofile --norc -e -o pipefail {0}
2026-03-25T16:01:44.2180445Z ##[endgroup]
2026-03-25T16:01:44.2313399Z Docker container caching not enabled, skipping hash computation.
2026-03-25T16:01:44.2363032Z No active SSH sessions detected. Proceeding with shutdown immediately.
2026-03-25T16:01:44.2399002Z Cleaning up orphan processes
2026-03-25T16:01:44.2631770Z ##[warning]Node.js 20 actions are deprecated. The following actions are running on Node.js 20 and may not work as expected: actions/setup-node@v4. Actions will be forced to run with Node.js 24 by default starting June 2nd, 2026. Please check if updated versions of these actions are available that support Node.js 24. To opt into Node.js 24 now, set the FORCE_JAVASCRIPT_ACTIONS_TO_NODE24=true environment variable on the runner or in your workflow file. Once Node.js 24 becomes the default, you can temporarily opt out by setting ACTIONS_ALLOW_USE_UNSECURE_NODE_VERSION=true. For more information see: https://github.blog/changelog/2025-09-19-deprecation-of-node-20-on-github-actions-runners/
