2026-02-04T17:16:16.4816379Z ##[warning]Restore cache failed: Dependencies file is not found in /home/runner/work/godog/godog. Supported file pattern: go.sum
2026-02-04T17:16:17.6470466Z   fail-on-cache-miss: false
2026-02-04T17:16:43.7611523Z === RUN   Test_FailsOrPassesBasedOnStrictModeWhenHasPendingSteps
2026-02-04T17:16:43.7611991Z === RUN   Test_FailsOrPassesBasedOnStrictModeWhenHasPendingSteps/passing_scenario
2026-02-04T17:16:43.7613566Z --- PASS: Test_FailsOrPassesBasedOnStrictModeWhenHasPendingSteps (0.00s)
2026-02-04T17:16:43.7614199Z     --- PASS: Test_FailsOrPassesBasedOnStrictModeWhenHasPendingSteps/passing_scenario (0.00s)
2026-02-04T17:16:43.7614734Z === RUN   Test_FailsOrPassesBasedOnStrictModeWhenHasUndefinedSteps
2026-02-04T17:16:43.7615202Z --- PASS: Test_FailsOrPassesBasedOnStrictModeWhenHasUndefinedSteps (0.00s)
2026-02-04T17:16:43.7615732Z === RUN   Test_ShouldFailOnError
2026-02-04T17:16:43.7616022Z --- PASS: Test_ShouldFailOnError (0.00s)
2026-02-04T17:16:43.7616331Z === RUN   Test_FailsWithUnknownFormatterOptionError
2026-02-04T17:16:43.7616689Z --- PASS: Test_FailsWithUnknownFormatterOptionError (0.00s)
2026-02-04T17:16:43.7617393Z === RUN   Test_FailsWithOptionErrorWhenLookingForFeaturesInUnavailablePath
2026-02-04T17:16:43.7618050Z --- PASS: Test_FailsWithOptionErrorWhenLookingForFeaturesInUnavailablePath (0.00s)
2026-02-04T17:16:43.7639335Z 	Test:       	fail a scenario
2026-02-04T17:16:43.7652977Z 	Test:       	fail a scenario
2026-02-04T17:16:43.7666857Z 	Test:       	fail a scenario
2026-02-04T17:16:43.7680920Z 	Test:       	fail a scenario
2026-02-04T17:16:43.7682388Z === RUN   Test_AllFeaturesRunAsSubtests/should_skip_all_consequent_steps_on_failure
2026-02-04T17:16:43.7683872Z === RUN   Test_AllFeaturesRunAsSubtests/should_skip_examples_on_background_failure
2026-02-04T17:16:43.7691969Z === RUN   Test_AllFeaturesRunAsSubtests/should_fail_test_when_testify_assertions_do_not_pass
2026-02-04T17:16:43.7692557Z === RUN   Test_AllFeaturesRunAsSubtests/should_fail_suite_if_undefined_steps_follow_after_the_failure
2026-02-04T17:16:43.7698902Z === RUN   Test_AllFeaturesRunAsSubtests/should_skip_all_scenarios_if_background_fails
2026-02-04T17:16:43.7703367Z === RUN   Test_AllFeaturesRunAsSubtests/should_skip_steps_after_failure
2026-02-04T17:16:43.7704968Z === RUN   Test_AllFeaturesRunAsSubtests/should_fail_test_with_no_message_if_FailNow_called_on_testing_T
2026-02-04T17:16:43.7708084Z === RUN   Test_AllFeaturesRunAsSubtests/should_continue_through_examples_on_failure
2026-02-04T17:16:43.7723289Z 	Test:       	fail a scenario
2026-02-04T17:16:43.7725585Z === RUN   Test_AllFeaturesRunAsSubtests/should_fail_test_with_formatted_message_if_Fatalf_called_on_T
2026-02-04T17:16:43.7726569Z === RUN   Test_AllFeaturesRunAsSubtests/should_fail_suite_and_skip_next_step_after_failed_step
2026-02-04T17:16:43.7727729Z === RUN   Test_AllFeaturesRunAsSubtests/should_fail_test_when_multiple_testify_assertions_are_used_in_a_step
2026-02-04T17:16:43.7732935Z === RUN   Test_AllFeaturesRunAsSubtests/should_fail_nested_multistep
2026-02-04T17:16:43.7734841Z === RUN   Test_AllFeaturesRunAsSubtests/should_fail_test_with_no_message_if_Fail_called_on_testing_T
2026-02-04T17:16:43.7738645Z === RUN   Test_AllFeaturesRunAsSubtests/should_fail_test_with_message_if_Error_called_on_T
2026-02-04T17:16:43.7741166Z === RUN   Test_AllFeaturesRunAsSubtests/should_fail_multistep
2026-02-04T17:16:43.7748179Z === RUN   Test_AllFeaturesRunAsSubtests/should_fail_suite_and_skip_pending_step_after_failed_step
2026-02-04T17:16:43.7749436Z === RUN   Test_AllFeaturesRunAsSubtests/should_fail_test_with_formatted_message_if_Errorf_called_on_T
2026-02-04T17:16:43.7764001Z === RUN   Test_AllFeaturesRunAsSubtests/should_fail_test_with_message_if_Fatal_called_on_T
2026-02-04T17:16:43.7790779Z 	Test:       	fail a scenario
2026-02-04T17:16:43.7814304Z 	Test:       	fail a scenario
2026-02-04T17:16:43.7838450Z 	Test:       	fail a scenario
2026-02-04T17:16:43.7850902Z     --- PASS: Test_AllFeaturesRunAsSubtests/should_fail_suite_if_undefined_steps_follow_after_the_failure (0.09s)
2026-02-04T17:16:43.7920201Z     --- PASS: Test_AllFeaturesRunAsSubtests/should_skip_all_consequent_steps_on_failure (1.50s)
2026-02-04T17:16:43.7927903Z     --- PASS: Test_AllFeaturesRunAsSubtests/should_fail_test_when_testify_assertions_do_not_pass (1.44s)
2026-02-04T17:16:43.7933210Z     --- PASS: Test_AllFeaturesRunAsSubtests/should_skip_examples_on_background_failure (1.50s)
2026-02-04T17:16:43.7934311Z     --- PASS: Test_AllFeaturesRunAsSubtests/should_skip_all_scenarios_if_background_fails (1.37s)
2026-02-04T17:16:43.7938112Z     --- PASS: Test_AllFeaturesRunAsSubtests/should_skip_steps_after_failure (1.36s)
2026-02-04T17:16:43.7939558Z     --- PASS: Test_AllFeaturesRunAsSubtests/should_fail_test_with_no_message_if_FailNow_called_on_testing_T (1.35s)
2026-02-04T17:16:43.7942195Z     --- PASS: Test_AllFeaturesRunAsSubtests/should_continue_through_examples_on_failure (1.35s)
2026-02-04T17:16:43.7949454Z     --- PASS: Test_AllFeaturesRunAsSubtests/should_fail_test_with_formatted_message_if_Fatalf_called_on_T (1.25s)
2026-02-04T17:16:43.7951185Z     --- PASS: Test_AllFeaturesRunAsSubtests/should_fail_test_when_multiple_testify_assertions_are_used_in_a_step (1.25s)
2026-02-04T17:16:43.7957627Z     --- PASS: Test_AllFeaturesRunAsSubtests/should_fail_nested_multistep (1.06s)
2026-02-04T17:16:43.7958836Z     --- PASS: Test_AllFeaturesRunAsSubtests/should_fail_test_with_no_message_if_Fail_called_on_testing_T (0.94s)
2026-02-04T17:16:43.7959853Z     --- PASS: Test_AllFeaturesRunAsSubtests/should_fail_test_with_message_if_Error_called_on_T (0.93s)
2026-02-04T17:16:43.7964110Z     --- PASS: Test_AllFeaturesRunAsSubtests/should_fail_test_with_formatted_message_if_Errorf_called_on_T (0.91s)
2026-02-04T17:16:43.7973575Z     --- PASS: Test_AllFeaturesRunAsSubtests/should_fail_test_with_message_if_Fatal_called_on_T (0.73s)
2026-02-04T17:16:43.7977874Z     --- PASS: Test_AllFeaturesRunAsSubtests/should_fail_suite_and_skip_next_step_after_failed_step (1.30s)
2026-02-04T17:16:43.7980602Z     --- PASS: Test_AllFeaturesRunAsSubtests/should_fail_suite_and_skip_pending_step_after_failed_step (0.93s)
2026-02-04T17:16:43.7982948Z     --- PASS: Test_AllFeaturesRunAsSubtests/should_fail_multistep (0.94s)
2026-02-04T17:16:43.8011735Z === RUN   TestTestSuite_Run/fail_then_pass_fails_scenario
2026-02-04T17:16:43.8012542Z   Scenario: test     # fail_then_pass_fails_scenario:2
2026-02-04T17:16:43.8013673Z     When step fails  # suite_context_test.go:1200 -> github.com/cucumber/godog.TestTestSuite_Run.func1.2.5
2026-02-04T17:16:43.8015765Z --- Failed steps:
2026-02-04T17:16:43.8016256Z   Scenario: test # fail_then_pass_fails_scenario:2
2026-02-04T17:16:43.8016967Z     When step fails # fail_then_pass_fails_scenario:4
2026-02-04T17:16:43.8017989Z 1 scenarios (1 failed)
2026-02-04T17:16:43.8018390Z 2 steps (1 failed, 1 skipped)
2026-02-04T17:16:43.8019207Z === RUN   TestTestSuite_Run/pending_then_pass_fails_scenario
2026-02-04T17:16:43.8020313Z   Scenario: test         # pending_then_pass_fails_scenario:2
2026-02-04T17:16:43.8026031Z === RUN   TestTestSuite_Run/pending_then_pass_no_strict_doesnt_fail_scenario
2026-02-04T17:16:43.8027292Z   Scenario: test         # pending_then_pass_no_strict_doesnt_fail_scenario:2
2026-02-04T17:16:43.8032948Z === RUN   TestTestSuite_Run/undefined_then_pass_no_strict_doesnt_fail_scenario
2026-02-04T17:16:43.8034273Z   Scenario: test                   # undefined_then_pass_no_strict_doesnt_fail_scenario:2
2026-02-04T17:16:43.8042607Z === RUN   TestTestSuite_Run/undefined_then_pass_fails_scenario
2026-02-04T17:16:43.8043766Z   Scenario: test                   # undefined_then_pass_fails_scenario:2
2026-02-04T17:16:43.8051396Z === RUN   TestTestSuite_Run/fail_then_undefined_fails_scenario
2026-02-04T17:16:43.8052431Z   Scenario: test                   # fail_then_undefined_fails_scenario:2
2026-02-04T17:16:43.8053337Z     When step fails                # suite_context_test.go:1200 -> github.com/cucumber/godog.TestTestSuite_Run.func1.2.5
2026-02-04T17:16:43.8054775Z --- Failed steps:
2026-02-04T17:16:43.8055280Z   Scenario: test # fail_then_undefined_fails_scenario:2
2026-02-04T17:16:43.8056200Z     When step fails # fail_then_undefined_fails_scenario:4
2026-02-04T17:16:43.8057160Z 1 scenarios (1 failed, 1 undefined)
2026-02-04T17:16:43.8057619Z 2 steps (1 failed, 1 undefined)
2026-02-04T17:16:43.8067694Z === RUN   TestTestSuite_Run/skip_does_not_fail_scenario
2026-02-04T17:16:43.8068810Z   Scenario: test             # skip_does_not_fail_scenario:2
2026-02-04T17:16:43.8071562Z     Then step fails          # suite_context_test.go:1200 -> github.com/cucumber/godog.TestTestSuite_Run.func1.2.5
2026-02-04T17:16:43.8089773Z     --- PASS: TestTestSuite_Run/fail_then_pass_fails_scenario (0.00s)
2026-02-04T17:16:43.8090706Z     --- PASS: TestTestSuite_Run/pending_then_pass_fails_scenario (0.00s)
2026-02-04T17:16:43.8091828Z     --- PASS: TestTestSuite_Run/pending_then_pass_no_strict_doesnt_fail_scenario (0.00s)
2026-02-04T17:16:43.8093083Z     --- PASS: TestTestSuite_Run/undefined_then_pass_no_strict_doesnt_fail_scenario (0.00s)
2026-02-04T17:16:43.8094166Z     --- PASS: TestTestSuite_Run/undefined_then_pass_fails_scenario (0.01s)
2026-02-04T17:16:43.8095187Z     --- PASS: TestTestSuite_Run/fail_then_undefined_fails_scenario (0.01s)
2026-02-04T17:16:43.8096800Z     --- PASS: TestTestSuite_Run/skip_does_not_fail_scenario (0.00s)
2026-02-04T17:16:43.8170690Z === RUN   TestFeatures/should_skip_all_consequent_steps_on_failure
2026-02-04T17:16:43.8171988Z   [1;37mScenario:[0m should skip all consequent steps on failure [1;30m# features/background.feature:27[0m
2026-02-04T17:16:43.8176985Z       [36m    Given a failing step[0m
2026-02-04T17:16:43.8184319Z     [32mThen[0m [32mthe suite should have failed[0m                   [1;30m# suite_context_test.go:52 -> *godogFeaturesScenario[0m
2026-02-04T17:16:43.8186194Z     [32mAnd[0m [32mthe following steps should be failed:[0m           [1;30m# suite_context_test.go:62 -> *godogFeaturesScenario[0m
2026-02-04T17:16:43.8187838Z       [36ma failing step[0m
2026-02-04T17:16:43.8244626Z       [36m    And failing step[0m
2026-02-04T17:16:43.8251606Z     [32mAnd[0m [32mthe suite should have failed[0m                         [1;30m# suite_context_test.go:52 -> *godogFeaturesScenario[0m
2026-02-04T17:16:43.8255065Z       [36m  Scenario: failing before and after scenario[0m
2026-02-04T17:16:43.8256368Z       [36m  Scenario: failing before scenario[0m
2026-02-04T17:16:43.8257683Z       [36m  Scenario: failing after scenario[0m
2026-02-04T17:16:43.8260562Z     [32mThen[0m [32mthe suite should have failed[0m                [1;30m# suite_context_test.go:52 -> *godogFeaturesScenario[0m
2026-02-04T17:16:43.8262956Z       [36m    Scenario: failing before and after scenario # normal.feature:3[0m
2026-02-04T17:16:43.8264730Z       [36m      after scenario hook failed: failed in after scenario hook, step error: before scenario hook failed: failed in before scenario hook[0m
2026-02-04T17:16:43.8266543Z       [36m    Scenario: failing before scenario   # normal.feature:7[0m
2026-02-04T17:16:43.8268264Z       [36m      before scenario hook failed: failed in before scenario hook[0m
2026-02-04T17:16:43.8269881Z       [36m    Scenario: failing after scenario    # normal.feature:11[0m
2026-02-04T17:16:43.8271952Z       [36m      after scenario hook failed: failed in after scenario hook[0m
2026-02-04T17:16:43.8272592Z       [36m  --- Failed steps:[0m
2026-02-04T17:16:43.8273381Z       [36m    Scenario: failing before and after scenario # normal.feature:3[0m
2026-02-04T17:16:43.8274851Z       [36m        Error: after scenario hook failed: failed in after scenario hook, step error: before scenario hook failed: failed in before scenario hook[0m
2026-02-04T17:16:43.8275817Z       [36m    Scenario: failing before scenario # normal.feature:7[0m
2026-02-04T17:16:43.8276942Z       [36m        Error: before scenario hook failed: failed in before scenario hook[0m
2026-02-04T17:16:43.8277705Z       [36m    Scenario: failing after scenario # normal.feature:11[0m
2026-02-04T17:16:43.8278829Z       [36m        Error: after scenario hook failed: failed in after scenario hook[0m
2026-02-04T17:16:43.8279739Z       [36m  3 scenarios (3 failed)[0m
2026-02-04T17:16:43.8280109Z       [36m  6 steps (1 passed, 3 failed, 2 skipped)[0m
2026-02-04T17:16:43.8347554Z       [36m    | fail   |[0m
2026-02-04T17:16:43.8368457Z       [36m    | fail   |[0m
2026-02-04T17:16:43.8398013Z       [36m    Then a failing step[0m
2026-02-04T17:16:43.8410712Z       [36m              "name": "a failing step",[0m
2026-02-04T17:16:43.8412229Z       [36m                "status": "failed",[0m
2026-02-04T17:16:43.8412680Z       [36m                "error_message": "intentional failure",[0m
2026-02-04T17:16:43.8421763Z       [36m    | failing |[0m
2026-02-04T17:16:43.8441180Z       [36m              "name": "failing step",[0m
2026-02-04T17:16:43.8443272Z       [36m                "status": "failed",[0m
2026-02-04T17:16:43.8443739Z       [36m                "error_message": "intentional failure",[0m
2026-02-04T17:16:43.8544247Z       [36m  <testsuites name="godog" tests="1" skipped="0" failures="0" errors="0" time="0">[0m
2026-02-04T17:16:43.8545086Z       [36m    <testsuite name="simple feature" tests="1" skipped="0" failures="0" errors="0" time="0">[0m
2026-02-04T17:16:43.8554948Z       [36m  <testsuites name="godog" tests="1" skipped="0" failures="0" errors="0" time="0">[0m
2026-02-04T17:16:43.8555787Z       [36m    <testsuite name="simple feature" tests="1" skipped="0" failures="0" errors="0" time="0">[0m
2026-02-04T17:16:43.8561853Z       [36m    | fail   |[0m
2026-02-04T17:16:43.8564068Z       [36m  <testsuites name="godog" tests="2" skipped="0" failures="0" errors="0" time="0">[0m
2026-02-04T17:16:43.8564501Z       [36m    <testsuite name="simple feature" tests="2" skipped="0" failures="0" errors="0" time="0">[0m
2026-02-04T17:16:43.8571765Z       [36m    | fail   |[0m
2026-02-04T17:16:43.8575730Z       [36m  <testsuites name="godog" tests="2" skipped="0" failures="0" errors="0" time="0">[0m
2026-02-04T17:16:43.8576588Z       [36m    <testsuite name="simple feature" tests="2" skipped="0" failures="0" errors="0" time="0">[0m
2026-02-04T17:16:43.8583665Z       [36m    Then a failing step[0m
2026-02-04T17:16:43.8587547Z       [36m  <testsuites name="godog" tests="1" skipped="0" failures="1" errors="0" time="0">[0m
2026-02-04T17:16:43.8588485Z       [36m    <testsuite name="simple feature" tests="1" skipped="0" failures="1" errors="0" time="0">[0m
2026-02-04T17:16:43.8589085Z       [36m      <testcase name="simple scenario" status="failed" time="0">[0m
2026-02-04T17:16:43.8589992Z       [36m        <failure message="Step a failing step: intentional failure"></failure>[0m
2026-02-04T17:16:43.8597135Z       [36m    | failing |[0m
2026-02-04T17:16:43.8601389Z       [36m  <testsuites name="godog" tests="2" skipped="0" failures="1" errors="0" time="0">[0m
2026-02-04T17:16:43.8602252Z       [36m    <testsuite name="simple feature" tests="2" skipped="0" failures="1" errors="0" time="0">[0m
2026-02-04T17:16:43.8603631Z       [36m      <testcase name="simple scenario #2" status="failed" time="0">[0m
2026-02-04T17:16:43.8604345Z       [36m        <failure message="Step failing step: intentional failure"></failure>[0m
2026-02-04T17:16:43.8613134Z       [36m  <testsuites name="godog" tests="1" skipped="0" failures="0" errors="0" time="0">[0m
2026-02-04T17:16:43.8613982Z       [36m    <testsuite name="simple feature" tests="1" skipped="0" failures="0" errors="0" time="0">[0m
2026-02-04T17:16:43.8624516Z       [36m  <testsuites name="godog" tests="1" skipped="0" failures="0" errors="0" time="0">[0m
2026-02-04T17:16:43.8625296Z       [36m    <testsuite name="simple feature" tests="1" skipped="0" failures="0" errors="0" time="0">[0m
2026-02-04T17:16:43.8636909Z       [36m  <testsuites name="godog" tests="1" skipped="0" failures="0" errors="1" time="0">[0m
2026-02-04T17:16:43.8637892Z       [36m    <testsuite name="simple feature" tests="1" skipped="0" failures="0" errors="1" time="0">[0m
2026-02-04T17:16:43.8666620Z       [36m    | fail   |[0m
2026-02-04T17:16:43.8672244Z       [36m        | fail   |[0m
2026-02-04T17:16:43.8679719Z       [36m    | fail   |[0m
2026-02-04T17:16:43.8685312Z       [36m        | fail   |[0m
2026-02-04T17:16:43.8691578Z       [36m    Then a failing step[0m
2026-02-04T17:16:43.8696372Z       [36m      Then a failing step     # suite_context.go:0 -> *suiteContext[0m
2026-02-04T17:16:43.8696544Z       [36m      intentional failure[0m
2026-02-04T17:16:43.8696878Z       [36m  --- Failed steps:[0m
2026-02-04T17:16:43.8698231Z       [36m      Then a failing step # features/simple.feature:8[0m
2026-02-04T17:16:43.8698605Z       [36m        Error: intentional failure[0m
2026-02-04T17:16:43.8699281Z       [36m  1 scenarios (1 failed)[0m
2026-02-04T17:16:43.8699645Z       [36m  2 steps (1 passed, 1 failed)[0m
2026-02-04T17:16:43.8706310Z       [36m    | failing |[0m
2026-02-04T17:16:43.8710665Z       [36m        | failing |[0m
2026-02-04T17:16:43.8710848Z       [36m          intentional failure[0m
2026-02-04T17:16:43.8711102Z       [36m  --- Failed steps:[0m
2026-02-04T17:16:43.8711974Z       [36m      Given failing step # features/simple.feature:7[0m
2026-02-04T17:16:43.8712177Z       [36m        Error: intentional failure[0m
2026-02-04T17:16:43.8712599Z       [36m  2 scenarios (1 passed, 1 failed)[0m
2026-02-04T17:16:43.8712778Z       [36m  2 steps (1 passed, 1 failed)[0m
2026-02-04T17:16:43.8799956Z       [36m  Scenario: should fail multistep              # features/multistep.feature:23[0m
2026-02-04T17:16:43.8800453Z       [36m    Given a feature "failed.feature" file:     # suite_context_test.go:0 -> *godogFeaturesScenario[0m
2026-02-04T17:16:43.8800800Z       [36m      Feature: failed feature[0m
2026-02-04T17:16:43.8801131Z       [36m        Scenario: run failing multistep[0m
2026-02-04T17:16:43.8801490Z       [36m          When failing multistep[0m
2026-02-04T17:16:43.8803435Z       [36m    Then the suite should have failed          # suite_context_test.go:0 -> *godogFeaturesScenario[0m
2026-02-04T17:16:43.8804398Z       [36m    And the following step should be failed:   # suite_context_test.go:0 -> *godogFeaturesScenario[0m
2026-02-04T17:16:43.8804887Z       [36m      failing multistep[0m
2026-02-04T17:16:43.8828826Z       [36m      | failing |[0m
2026-02-04T17:16:43.8833417Z       [36m        | failing |[0m
2026-02-04T17:16:43.8833625Z       [36m          intentional failure[0m
2026-02-04T17:16:43.8833911Z       [36m  --- Failed steps:[0m
2026-02-04T17:16:43.8834669Z       [36m      Given failing step # features/simple.feature:8[0m
2026-02-04T17:16:43.8834870Z       [36m      Error: intentional failure[0m
2026-02-04T17:16:43.8835349Z       [36m  2 scenarios (1 passed, 1 failed)[0m
2026-02-04T17:16:43.8835527Z       [36m  2 steps (1 passed, 1 failed)[0m
2026-02-04T17:16:43.8893970Z     [32mTada[0m [32maš turėčiau turėti 14 savybių failus:[0m [1;30m# suite_context_test.go:71 -> *godogFeaturesScenario[0m
2026-02-04T17:16:43.8932230Z === RUN   TestFeatures/should_fail_multistep
2026-02-04T17:16:43.8932915Z   [1;37mScenario:[0m should fail multistep              [1;30m# features/multistep.feature:23[0m
2026-02-04T17:16:43.8933929Z     [32mGiven[0m [32ma feature "failed.feature" file:[0m     [1;30m# suite_context_test.go:51 -> *godogFeaturesScenario[0m
2026-02-04T17:16:43.8934440Z       [36mFeature: failed feature[0m
2026-02-04T17:16:43.8935025Z       [36m  Scenario: run failing multistep[0m
2026-02-04T17:16:43.8935490Z       [36m    When failing multistep[0m
2026-02-04T17:16:43.8938102Z     [32mThen[0m [32mthe suite should have failed[0m          [1;30m# suite_context_test.go:52 -> *godogFeaturesScenario[0m
2026-02-04T17:16:43.8939169Z     [32mAnd[0m [32mthe following step should be failed:[0m   [1;30m# suite_context_test.go:62 -> *godogFeaturesScenario[0m
2026-02-04T17:16:43.8939680Z       [36mfailing multistep[0m
2026-02-04T17:16:43.8943630Z === RUN   TestFeatures/should_fail_nested_multistep
2026-02-04T17:16:43.8944349Z   [1;37mScenario:[0m should fail nested multistep       [1;30m# features/multistep.feature:48[0m
2026-02-04T17:16:43.8945377Z     [32mGiven[0m [32ma feature "failed.feature" file:[0m     [1;30m# suite_context_test.go:51 -> *godogFeaturesScenario[0m
2026-02-04T17:16:43.8946151Z       [36mFeature: failed feature[0m
2026-02-04T17:16:43.8946810Z       [36m  Scenario: run failing nested multistep[0m
2026-02-04T17:16:43.8947193Z       [36m    Given failing nested multistep[0m
2026-02-04T17:16:43.8948943Z     [32mThen[0m [32mthe suite should have failed[0m          [1;30m# suite_context_test.go:52 -> *godogFeaturesScenario[0m
2026-02-04T17:16:43.8949430Z     [32mAnd[0m [32mthe following step should be failed:[0m   [1;30m# suite_context_test.go:62 -> *godogFeaturesScenario[0m
2026-02-04T17:16:43.8949900Z       [36mfailing nested multistep[0m
2026-02-04T17:16:43.9032119Z === RUN   TestFeatures/should_continue_through_examples_on_failure
2026-02-04T17:16:43.9032867Z   [1;37mScenario:[0m should continue through examples on failure [1;30m# features/outline.feature:36[0m
2026-02-04T17:16:43.9041052Z     [32mThen[0m [32mthe suite should have failed[0m                   [1;30m# suite_context_test.go:52 -> *godogFeaturesScenario[0m
2026-02-04T17:16:43.9045480Z     [32mAnd[0m [32mthe following steps should be failed:[0m           [1;30m# suite_context_test.go:62 -> *godogFeaturesScenario[0m
2026-02-04T17:16:43.9046593Z === RUN   TestFeatures/should_skip_examples_on_background_failure
2026-02-04T17:16:43.9047332Z   [1;37mScenario:[0m should skip examples on background failure [1;30m# features/outline.feature:69[0m
2026-02-04T17:16:43.9049631Z       [36m    Given a failing step[0m
2026-02-04T17:16:43.9054293Z     [32mThen[0m [32mthe suite should have failed[0m                  [1;30m# suite_context_test.go:52 -> *godogFeaturesScenario[0m
2026-02-04T17:16:43.9058787Z     [32mAnd[0m [32mthe following steps should be failed:[0m          [1;30m# suite_context_test.go:62 -> *godogFeaturesScenario[0m
2026-02-04T17:16:43.9059229Z       [36ma failing step[0m
2026-02-04T17:16:43.9092364Z === RUN   TestFeatures/should_skip_steps_after_failure
2026-02-04T17:16:43.9093106Z   [1;37mScenario:[0m should skip steps after failure    [1;30m# features/run.feature:25[0m
2026-02-04T17:16:43.9094129Z     [32mGiven[0m [32ma feature "failed.feature" file:[0m     [1;30m# suite_context_test.go:51 -> *godogFeaturesScenario[0m
2026-02-04T17:16:43.9094691Z       [36mFeature: failed feature[0m
2026-02-04T17:16:43.9095564Z       [36m    Given a failing step[0m
2026-02-04T17:16:43.9098707Z     [32mThen[0m [32mthe suite should have failed[0m          [1;30m# suite_context_test.go:52 -> *godogFeaturesScenario[0m
2026-02-04T17:16:43.9099742Z     [32mAnd[0m [32mthe following step should be failed:[0m   [1;30m# suite_context_test.go:62 -> *godogFeaturesScenario[0m
2026-02-04T17:16:43.9100234Z       [36ma failing step[0m
2026-02-04T17:16:43.9102806Z === RUN   TestFeatures/should_skip_all_scenarios_if_background_fails
2026-02-04T17:16:43.9103528Z   [1;37mScenario:[0m should skip all scenarios if background fails [1;30m# features/run.feature:47[0m
2026-02-04T17:16:43.9104571Z     [32mGiven[0m [32ma feature "failed.feature" file:[0m                [1;30m# suite_context_test.go:51 -> *godogFeaturesScenario[0m
2026-02-04T17:16:43.9105129Z       [36mFeature: failed feature[0m
2026-02-04T17:16:43.9105951Z       [36m    Given a failing step[0m
2026-02-04T17:16:43.9110242Z     [32mThen[0m [32mthe suite should have failed[0m                     [1;30m# suite_context_test.go:52 -> *godogFeaturesScenario[0m
2026-02-04T17:16:43.9111300Z     [32mAnd[0m [32mthe following step should be failed:[0m              [1;30m# suite_context_test.go:62 -> *godogFeaturesScenario[0m
2026-02-04T17:16:43.9111789Z       [36ma failing step[0m
2026-02-04T17:16:43.9164812Z === RUN   TestFeatures/should_fail_suite_if_undefined_steps_follow_after_the_failure
2026-02-04T17:16:43.9165276Z   [1;37mScenario:[0m should fail suite if undefined steps follow after the failure [1;30m# features/run.feature:194[0m
2026-02-04T17:16:43.9165844Z     [32mGiven[0m [32ma feature "failed.feature" file:[0m                                [1;30m# suite_context_test.go:51 -> *godogFeaturesScenario[0m
2026-02-04T17:16:43.9166134Z       [36mFeature: failed feature[0m
2026-02-04T17:16:43.9166597Z       [36m    Given a failing step[0m
2026-02-04T17:16:43.9168479Z     [32mThen[0m [32mthe following step should be failed:[0m                             [1;30m# suite_context_test.go:62 -> *godogFeaturesScenario[0m
2026-02-04T17:16:43.9168830Z       [36ma failing step[0m
2026-02-04T17:16:43.9170624Z     [32mAnd[0m [32mthe suite should have failed[0m                                      [1;30m# suite_context_test.go:52 -> *godogFeaturesScenario[0m
2026-02-04T17:16:43.9170831Z === RUN   TestFeatures/should_fail_suite_and_skip_pending_step_after_failed_step
2026-02-04T17:16:43.9171281Z   [1;37mScenario:[0m should fail suite and skip pending step after failed step [1;30m# features/run.feature:216[0m
2026-02-04T17:16:43.9171834Z     [32mGiven[0m [32ma feature "failed.feature" file:[0m                            [1;30m# suite_context_test.go:51 -> *godogFeaturesScenario[0m
2026-02-04T17:16:43.9172185Z       [36mFeature: failed feature[0m
2026-02-04T17:16:43.9172635Z       [36m    Given a failing step[0m
2026-02-04T17:16:43.9174179Z     [32mThen[0m [32mthe following step should be failed:[0m                         [1;30m# suite_context_test.go:62 -> *godogFeaturesScenario[0m
2026-02-04T17:16:43.9174449Z       [36ma failing step[0m
2026-02-04T17:16:43.9177074Z     [32mAnd[0m [32mthe suite should have failed[0m                                  [1;30m# suite_context_test.go:52 -> *godogFeaturesScenario[0m
2026-02-04T17:16:43.9177271Z === RUN   TestFeatures/should_fail_suite_and_skip_next_step_after_failed_step
2026-02-04T17:16:43.9177957Z   [1;37mScenario:[0m should fail suite and skip next step after failed step [1;30m# features/run.feature:241[0m
2026-02-04T17:16:43.9178545Z     [32mGiven[0m [32ma feature "failed.feature" file:[0m                         [1;30m# suite_context_test.go:51 -> *godogFeaturesScenario[0m
2026-02-04T17:16:43.9178841Z       [36mFeature: failed feature[0m
2026-02-04T17:16:43.9179309Z       [36m    Given a failing step[0m
2026-02-04T17:16:43.9179472Z       [36m    When a failing step[0m
2026-02-04T17:16:43.9180944Z     [32mThen[0m [32mthe following step should be failed:[0m                      [1;30m# suite_context_test.go:62 -> *godogFeaturesScenario[0m
2026-02-04T17:16:43.9181201Z       [36ma failing step[0m
2026-02-04T17:16:43.9182125Z       [36ma failing step[0m
2026-02-04T17:16:43.9183716Z     [32mAnd[0m [32mthe suite should have failed[0m                               [1;30m# suite_context_test.go:52 -> *godogFeaturesScenario[0m
2026-02-04T17:16:43.9287635Z === RUN   TestFeatures/should_fail_test_with_no_message_if_Fail_called_on_testing_T
2026-02-04T17:16:43.9288478Z   [1;37mScenario Outline:[0m should fail test with no message if <op> called on testing T [1;30m# features/testingt.feature:6[0m
2026-02-04T17:16:43.9288999Z   [1;37mScenario Outline:[0m should fail test with no message if <op> called on testing T [1;30m# features/testingt.feature:6[0m
2026-02-04T17:16:43.9289237Z === RUN   TestFeatures/should_fail_test_with_no_message_if_FailNow_called_on_testing_T
2026-02-04T17:16:43.9289381Z       | [32mFailNow[0m |
2026-02-04T17:16:43.9289577Z === RUN   TestFeatures/should_fail_test_with_message_if_Error_called_on_T
2026-02-04T17:16:43.9290017Z   [1;37mScenario Outline:[0m should fail test with message if <op> called on T [1;30m# features/testingt.feature:30[0m
2026-02-04T17:16:43.9290681Z     [36mGiven[0m [36ma feature "failed.feature" file:[0m                            [1;30m# suite_context_test.go:51 -> *godogFeaturesScenario[0m
2026-02-04T17:16:43.9290975Z       [36mFeature: failed feature[0m
2026-02-04T17:16:43.9291273Z       [36m  Scenario: fail a scenario[0m
2026-02-04T17:16:43.9291919Z       [36m    When my step fails the test by calling <op> on testing T with message "an unformatted message"[0m
2026-02-04T17:16:43.9293118Z     [36mThen[0m [36mthe suite should have failed[0m                                 [1;30m# suite_context_test.go:52 -> *godogFeaturesScenario[0m
2026-02-04T17:16:43.9294665Z     [36mAnd[0m [36mthe following step should be failed:[0m                          [1;30m# suite_context_test.go:62 -> *godogFeaturesScenario[0m
2026-02-04T17:16:43.9295213Z       [36mmy step fails the test by calling <op> on testing T with message "an unformatted message"[0m
2026-02-04T17:16:43.9295919Z === RUN   TestFeatures/should_fail_test_with_message_if_Fatal_called_on_T
2026-02-04T17:16:43.9296342Z === RUN   TestFeatures/should_fail_test_with_formatted_message_if_Errorf_called_on_T
2026-02-04T17:16:43.9296829Z   [1;37mScenario Outline:[0m should fail test with formatted message if <op> called on T [1;30m# features/testingt.feature:55[0m
2026-02-04T17:16:43.9297558Z     [36mGiven[0m [36ma feature "failed.feature" file:[0m                                      [1;30m# suite_context_test.go:51 -> *godogFeaturesScenario[0m
2026-02-04T17:16:43.9297987Z       [36mFeature: failed feature[0m
2026-02-04T17:16:43.9298282Z       [36m  Scenario: fail a scenario[0m
2026-02-04T17:16:43.9298998Z       [36m    When my step fails the test by calling <op> on testing T with message "a formatted message %s" and argument "arg1"[0m
2026-02-04T17:16:43.9300222Z     [36mThen[0m [36mthe suite should have failed[0m                                           [1;30m# suite_context_test.go:52 -> *godogFeaturesScenario[0m
2026-02-04T17:16:43.9301760Z     [36mAnd[0m [36mthe following step should be failed:[0m                                    [1;30m# suite_context_test.go:62 -> *godogFeaturesScenario[0m
2026-02-04T17:16:43.9302391Z       [36mmy step fails the test by calling <op> on testing T with message "a formatted message %s" and argument "arg1"[0m
2026-02-04T17:16:43.9303129Z === RUN   TestFeatures/should_fail_test_with_formatted_message_if_Fatalf_called_on_T
2026-02-04T17:16:43.9309230Z === RUN   TestFeatures/should_fail_test_when_testify_assertions_do_not_pass
2026-02-04T17:16:43.9309679Z   [1;37mScenario:[0m should fail test when testify assertions do not pass [1;30m# features/testingt.feature:98[0m
2026-02-04T17:16:43.9310509Z       [36mFeature: failed feature[0m
2026-02-04T17:16:43.9310803Z       [36m  Scenario: fail a scenario[0m
2026-02-04T17:16:43.9319234Z 	Test:       	fail a scenario
2026-02-04T17:16:43.9320333Z     [32mThen[0m [32mthe suite should have failed[0m                            [1;30m# suite_context_test.go:52 -> *godogFeaturesScenario[0m
2026-02-04T17:16:43.9321884Z     [32mAnd[0m [32mthe following steps should be failed:[0m                    [1;30m# suite_context_test.go:62 -> *godogFeaturesScenario[0m
2026-02-04T17:16:43.9323879Z === RUN   TestFeatures/should_fail_test_when_multiple_testify_assertions_are_used_in_a_step
2026-02-04T17:16:43.9324376Z   [1;37mScenario:[0m should fail test when multiple testify assertions are used in a step [1;30m# features/testingt.feature:123[0m
2026-02-04T17:16:43.9325272Z       [36mFeature: failed feature[0m
2026-02-04T17:16:43.9325553Z       [36m  Scenario: fail a scenario[0m
2026-02-04T17:16:43.9333854Z 	Test:       	fail a scenario
2026-02-04T17:16:43.9341170Z 	Test:       	fail a scenario
2026-02-04T17:16:43.9353672Z 	Test:       	fail a scenario
2026-02-04T17:16:43.9356892Z     [32mThen[0m [32mthe suite should have failed[0m                                            [1;30m# suite_context_test.go:52 -> *godogFeaturesScenario[0m
2026-02-04T17:16:43.9360018Z     [32mAnd[0m [32mthe following steps should be failed:[0m                                    [1;30m# suite_context_test.go:62 -> *godogFeaturesScenario[0m
2026-02-04T17:16:43.9405270Z     --- PASS: TestFeatures/should_skip_all_consequent_steps_on_failure (0.01s)
2026-02-04T17:16:43.9433630Z     --- PASS: TestFeatures/should_fail_multistep (0.02s)
2026-02-04T17:16:43.9434016Z     --- PASS: TestFeatures/should_fail_nested_multistep (0.01s)
2026-02-04T17:16:43.9439620Z     --- PASS: TestFeatures/should_continue_through_examples_on_failure (0.02s)
2026-02-04T17:16:43.9440520Z     --- PASS: TestFeatures/should_skip_examples_on_background_failure (0.02s)
2026-02-04T17:16:43.9444507Z     --- PASS: TestFeatures/should_skip_steps_after_failure (0.02s)
2026-02-04T17:16:43.9445367Z     --- PASS: TestFeatures/should_skip_all_scenarios_if_background_fails (0.02s)
2026-02-04T17:16:43.9450417Z     --- PASS: TestFeatures/should_fail_suite_if_undefined_steps_follow_after_the_failure (0.02s)
2026-02-04T17:16:43.9451159Z     --- PASS: TestFeatures/should_fail_suite_and_skip_pending_step_after_failed_step (0.01s)
2026-02-04T17:16:43.9451973Z     --- PASS: TestFeatures/should_fail_suite_and_skip_next_step_after_failed_step (0.02s)
2026-02-04T17:16:43.9463173Z     --- PASS: TestFeatures/should_fail_test_with_no_message_if_Fail_called_on_testing_T (0.01s)
2026-02-04T17:16:43.9464266Z     --- PASS: TestFeatures/should_fail_test_with_no_message_if_FailNow_called_on_testing_T (0.01s)
2026-02-04T17:16:43.9465273Z     --- PASS: TestFeatures/should_fail_test_with_message_if_Error_called_on_T (0.01s)
2026-02-04T17:16:43.9466248Z     --- PASS: TestFeatures/should_fail_test_with_message_if_Fatal_called_on_T (0.01s)
2026-02-04T17:16:43.9467308Z     --- PASS: TestFeatures/should_fail_test_with_formatted_message_if_Errorf_called_on_T (0.01s)
2026-02-04T17:16:43.9468564Z     --- PASS: TestFeatures/should_fail_test_with_formatted_message_if_Fatalf_called_on_T (0.01s)
2026-02-04T17:16:43.9470733Z     --- PASS: TestFeatures/should_fail_test_when_testify_assertions_do_not_pass (0.02s)
2026-02-04T17:16:43.9471869Z     --- PASS: TestFeatures/should_fail_test_when_multiple_testify_assertions_are_used_in_a_step (0.01s)
2026-02-04T17:16:48.0475297Z === RUN   Test_JUnitFormatter_StopOnFirstFailure
2026-02-04T17:16:48.0475618Z --- PASS: Test_JUnitFormatter_StopOnFirstFailure (0.01s)
2026-02-04T17:16:48.0490685Z === RUN   Test_FmtOutput/cucumber/some_scenarios_including_failing.feature
2026-02-04T17:16:48.0491240Z fmt_output_test for format   cucumber : sample file formatter-tests/features/some_scenarios_including_failing.feature
2026-02-04T17:16:48.0491786Z === RUN   Test_FmtOutput/cucumber/stop_on_first_failure.feature
2026-02-04T17:16:48.0492279Z fmt_output_test for format   cucumber : sample file formatter-tests/features/stop_on_first_failure.feature
2026-02-04T17:16:48.0493508Z     fmt_output_test.go:160: Skipping test for feature 'formatter-tests/features/stop_on_first_failure.feature' for format 'cucumber', because no 'expected output' file "formatter-tests/cucumber/stop_on_first_failure"
2026-02-04T17:16:48.0494373Z === RUN   Test_FmtOutput/cucumber/two_scenarios_with_background_fail.feature
2026-02-04T17:16:48.0494963Z fmt_output_test for format   cucumber : sample file formatter-tests/features/two_scenarios_with_background_fail.feature
2026-02-04T17:16:48.0509761Z === RUN   Test_FmtOutput/events/some_scenarios_including_failing.feature
2026-02-04T17:16:48.0510310Z fmt_output_test for format     events : sample file formatter-tests/features/some_scenarios_including_failing.feature
2026-02-04T17:16:48.0510847Z === RUN   Test_FmtOutput/events/stop_on_first_failure.feature
2026-02-04T17:16:48.0511339Z fmt_output_test for format     events : sample file formatter-tests/features/stop_on_first_failure.feature
2026-02-04T17:16:48.0512466Z     fmt_output_test.go:160: Skipping test for feature 'formatter-tests/features/stop_on_first_failure.feature' for format 'events', because no 'expected output' file "formatter-tests/events/stop_on_first_failure"
2026-02-04T17:16:48.0513300Z === RUN   Test_FmtOutput/events/two_scenarios_with_background_fail.feature
2026-02-04T17:16:48.0513875Z fmt_output_test for format     events : sample file formatter-tests/features/two_scenarios_with_background_fail.feature
2026-02-04T17:16:48.0529809Z === RUN   Test_FmtOutput/junit/some_scenarios_including_failing.feature
2026-02-04T17:16:48.0530363Z fmt_output_test for format      junit : sample file formatter-tests/features/some_scenarios_including_failing.feature
2026-02-04T17:16:48.0530886Z === RUN   Test_FmtOutput/junit/stop_on_first_failure.feature
2026-02-04T17:16:48.0531370Z fmt_output_test for format      junit : sample file formatter-tests/features/stop_on_first_failure.feature
2026-02-04T17:16:48.0531919Z === RUN   Test_FmtOutput/junit/two_scenarios_with_background_fail.feature
2026-02-04T17:16:48.0532503Z fmt_output_test for format      junit : sample file formatter-tests/features/two_scenarios_with_background_fail.feature
2026-02-04T17:16:48.0546954Z === RUN   Test_FmtOutput/pretty/some_scenarios_including_failing.feature
2026-02-04T17:16:48.0547509Z fmt_output_test for format     pretty : sample file formatter-tests/features/some_scenarios_including_failing.feature
2026-02-04T17:16:48.0548167Z === RUN   Test_FmtOutput/pretty/stop_on_first_failure.feature
2026-02-04T17:16:48.0548640Z fmt_output_test for format     pretty : sample file formatter-tests/features/stop_on_first_failure.feature
2026-02-04T17:16:48.0549168Z === RUN   Test_FmtOutput/pretty/two_scenarios_with_background_fail.feature
2026-02-04T17:16:48.0549738Z fmt_output_test for format     pretty : sample file formatter-tests/features/two_scenarios_with_background_fail.feature
2026-02-04T17:16:48.0566037Z === RUN   Test_FmtOutput/progress/some_scenarios_including_failing.feature
2026-02-04T17:16:48.0566614Z fmt_output_test for format   progress : sample file formatter-tests/features/some_scenarios_including_failing.feature
2026-02-04T17:16:48.0568063Z     fmt_output_test.go:160: Skipping test for feature 'formatter-tests/features/some_scenarios_including_failing.feature' for format 'progress', because no 'expected output' file "formatter-tests/progress/some_scenarios_including_failing"
2026-02-04T17:16:48.0569101Z === RUN   Test_FmtOutput/progress/stop_on_first_failure.feature
2026-02-04T17:16:48.0569608Z fmt_output_test for format   progress : sample file formatter-tests/features/stop_on_first_failure.feature
2026-02-04T17:16:48.0570763Z     fmt_output_test.go:160: Skipping test for feature 'formatter-tests/features/stop_on_first_failure.feature' for format 'progress', because no 'expected output' file "formatter-tests/progress/stop_on_first_failure"
2026-02-04T17:16:48.0571632Z === RUN   Test_FmtOutput/progress/two_scenarios_with_background_fail.feature
2026-02-04T17:16:48.0572225Z fmt_output_test for format   progress : sample file formatter-tests/features/two_scenarios_with_background_fail.feature
2026-02-04T17:16:48.0589345Z === RUN   Test_FmtOutput/junit,pretty/some_scenarios_including_failing.feature
2026-02-04T17:16:48.0589937Z fmt_output_test for format junit,pretty : sample file formatter-tests/features/some_scenarios_including_failing.feature
2026-02-04T17:16:48.0590494Z === RUN   Test_FmtOutput/junit,pretty/stop_on_first_failure.feature
2026-02-04T17:16:48.0591008Z fmt_output_test for format junit,pretty : sample file formatter-tests/features/stop_on_first_failure.feature
2026-02-04T17:16:48.0591555Z === RUN   Test_FmtOutput/junit,pretty/two_scenarios_with_background_fail.feature
2026-02-04T17:16:48.0592154Z fmt_output_test for format junit,pretty : sample file formatter-tests/features/two_scenarios_with_background_fail.feature
2026-02-04T17:16:48.0599825Z     --- PASS: Test_FmtOutput/cucumber/some_scenarios_including_failing.feature (0.04s)
2026-02-04T17:16:48.0600342Z     --- SKIP: Test_FmtOutput/cucumber/stop_on_first_failure.feature (0.00s)
2026-02-04T17:16:48.0600872Z     --- PASS: Test_FmtOutput/cucumber/two_scenarios_with_background_fail.feature (0.02s)
2026-02-04T17:16:48.0607325Z     --- PASS: Test_FmtOutput/events/some_scenarios_including_failing.feature (0.03s)
2026-02-04T17:16:48.0607948Z     --- SKIP: Test_FmtOutput/events/stop_on_first_failure.feature (0.00s)
2026-02-04T17:16:48.0608457Z     --- PASS: Test_FmtOutput/events/two_scenarios_with_background_fail.feature (0.01s)
2026-02-04T17:16:48.0614823Z     --- PASS: Test_FmtOutput/junit/some_scenarios_including_failing.feature (0.02s)
2026-02-04T17:16:48.0615310Z     --- PASS: Test_FmtOutput/junit/stop_on_first_failure.feature (0.01s)
2026-02-04T17:16:48.0615816Z     --- PASS: Test_FmtOutput/junit/two_scenarios_with_background_fail.feature (0.01s)
2026-02-04T17:16:48.0622332Z     --- PASS: Test_FmtOutput/pretty/some_scenarios_including_failing.feature (0.02s)
2026-02-04T17:16:48.0622818Z     --- PASS: Test_FmtOutput/pretty/stop_on_first_failure.feature (0.02s)
2026-02-04T17:16:48.0623323Z     --- PASS: Test_FmtOutput/pretty/two_scenarios_with_background_fail.feature (0.01s)
2026-02-04T17:16:48.0629948Z     --- SKIP: Test_FmtOutput/progress/some_scenarios_including_failing.feature (0.00s)
2026-02-04T17:16:48.0630461Z     --- SKIP: Test_FmtOutput/progress/stop_on_first_failure.feature (0.00s)
2026-02-04T17:16:48.0630981Z     --- PASS: Test_FmtOutput/progress/two_scenarios_with_background_fail.feature (0.02s)
2026-02-04T17:16:48.0637965Z     --- PASS: Test_FmtOutput/junit,pretty/some_scenarios_including_failing.feature (0.02s)
2026-02-04T17:16:48.0638510Z     --- PASS: Test_FmtOutput/junit,pretty/stop_on_first_failure.feature (0.01s)
2026-02-04T17:16:48.0639061Z     --- PASS: Test_FmtOutput/junit,pretty/two_scenarios_with_background_fail.feature (0.01s)
2026-02-04T17:16:48.0652920Z === RUN   Test_StepResultStatus/failed
2026-02-04T17:16:48.0655094Z     --- PASS: Test_StepResultStatus/failed (0.00s)
2026-02-04T17:16:49.2631569Z 	❌ Failed
2026-02-04T17:16:49.2635573Z --- [31mFailed steps:[0m
2026-02-04T17:16:49.2636515Z   [31mScenario: Failing and Skipped test[0m[1;30m # features/emoji.feature:12[0m
2026-02-04T17:16:49.2640031Z 4 scenarios ([32m1 passed[0m, [31m1 failed[0m, [33m1 pending[0m, [33m1 undefined[0m)
2026-02-04T17:16:49.2641227Z 13 steps ([32m9 passed[0m, [31m1 failed[0m, [33m1 pending[0m, [33m1 undefined[0m, [36m1 skipped[0m)
2026-02-04T17:16:50.8969411Z 	Test:       	fail a scenario
2026-02-04T17:16:50.8990857Z 	Test:       	fail a scenario
2026-02-04T17:16:50.9006082Z 	Test:       	fail a scenario
2026-02-04T17:16:50.9021147Z 	Test:       	fail a scenario
