2026-04-23T23:35:05.1428241Z Current runner version: '2.333.1'
2026-04-23T23:35:05.1455805Z ##[group]Runner Image Provisioner
2026-04-23T23:35:05.1456713Z Hosted Compute Agent
2026-04-23T23:35:05.1457234Z Version: 20260213.493
2026-04-23T23:35:05.1457884Z Commit: 5c115507f6dd24b8de37d8bbe0bb4509d0cc0fa3
2026-04-23T23:35:05.1458562Z Build Date: 2026-02-13T00:28:41Z
2026-04-23T23:35:05.1459249Z Worker ID: {71096649-4753-46d7-9206-dfe4f426c400}
2026-04-23T23:35:05.1459955Z Azure Region: westus3
2026-04-23T23:35:05.1460480Z ##[endgroup]
2026-04-23T23:35:05.1462286Z ##[group]Operating System
2026-04-23T23:35:05.1462870Z Ubuntu
2026-04-23T23:35:05.1463497Z 24.04.4
2026-04-23T23:35:05.1463965Z LTS
2026-04-23T23:35:05.1464409Z ##[endgroup]
2026-04-23T23:35:05.1464936Z ##[group]Runner Image
2026-04-23T23:35:05.1465480Z Image: ubuntu-24.04
2026-04-23T23:35:05.1465951Z Version: 20260413.86.1
2026-04-23T23:35:05.1467232Z Included Software: https://github.com/actions/runner-images/blob/ubuntu24/20260413.86/images/ubuntu/Ubuntu2404-Readme.md
2026-04-23T23:35:05.1468683Z Image Release: https://github.com/actions/runner-images/releases/tag/ubuntu24%2F20260413.86
2026-04-23T23:35:05.1469641Z ##[endgroup]
2026-04-23T23:35:05.1472792Z ##[group]GITHUB_TOKEN Permissions
2026-04-23T23:35:05.1475026Z Actions: write
2026-04-23T23:35:05.1475601Z ArtifactMetadata: write
2026-04-23T23:35:05.1476153Z Attestations: write
2026-04-23T23:35:05.1476728Z Checks: write
2026-04-23T23:35:05.1477186Z Contents: write
2026-04-23T23:35:05.1477689Z Deployments: write
2026-04-23T23:35:05.1478191Z Discussions: write
2026-04-23T23:35:05.1478739Z Issues: write
2026-04-23T23:35:05.1479198Z Metadata: read
2026-04-23T23:35:05.1479714Z Models: read
2026-04-23T23:35:05.1480183Z Packages: write
2026-04-23T23:35:05.1480681Z Pages: write
2026-04-23T23:35:05.1481301Z PullRequests: write
2026-04-23T23:35:05.1482224Z RepositoryProjects: write
2026-04-23T23:35:05.1482827Z SecurityEvents: write
2026-04-23T23:35:05.1483315Z Statuses: write
2026-04-23T23:35:05.1483925Z VulnerabilityAlerts: read
2026-04-23T23:35:05.1484449Z ##[endgroup]
2026-04-23T23:35:05.1486670Z Secret source: Actions
2026-04-23T23:35:05.1487583Z Prepare workflow directory
2026-04-23T23:35:05.1963273Z Prepare all required actions
2026-04-23T23:35:05.2002892Z Getting action download info
2026-04-23T23:35:05.6080484Z Download action repository 'actions/checkout@v4' (SHA:34e114876b0b11c390a56381ad16ebd13914f8d5)
2026-04-23T23:35:05.7170438Z Download action repository 'actions/setup-python@v5' (SHA:a26af69be951a213d495a4c3e4e4022e16d87065)
2026-04-23T23:35:05.7965458Z Download action repository 'BSFishy/meson-build@v1.0.3' (SHA:656b2a360964b249ac82905a52018921e01d875b)
2026-04-23T23:35:06.5085734Z Complete job name: meson-publish (ubuntu-latest)
2026-04-23T23:35:06.5812272Z ##[group]Run actions/checkout@v4
2026-04-23T23:35:06.5813189Z with:
2026-04-23T23:35:06.5813624Z   repository: open-source-parsers/jsoncpp
2026-04-23T23:35:06.5814374Z   token: ***
2026-04-23T23:35:06.5814757Z   ssh-strict: true
2026-04-23T23:35:06.5815145Z   ssh-user: git
2026-04-23T23:35:06.5815562Z   persist-credentials: true
2026-04-23T23:35:06.5816006Z   clean: true
2026-04-23T23:35:06.5816400Z   sparse-checkout-cone-mode: true
2026-04-23T23:35:06.5816872Z   fetch-depth: 1
2026-04-23T23:35:06.5817249Z   fetch-tags: false
2026-04-23T23:35:06.5817639Z   show-progress: true
2026-04-23T23:35:06.5818034Z   lfs: false
2026-04-23T23:35:06.5818401Z   submodules: false
2026-04-23T23:35:06.5818789Z   set-safe-directory: true
2026-04-23T23:35:06.5819427Z env:
2026-04-23T23:35:06.5819832Z   FORCE_JAVASCRIPT_ACTIONS_TO_NODE24: true
2026-04-23T23:35:06.5820347Z ##[endgroup]
2026-04-23T23:35:06.6807726Z Syncing repository: open-source-parsers/jsoncpp
2026-04-23T23:35:06.6810645Z ##[group]Getting Git version info
2026-04-23T23:35:06.6812225Z Working directory is '/home/runner/work/jsoncpp/jsoncpp'
2026-04-23T23:35:06.6813865Z [command]/usr/bin/git version
2026-04-23T23:35:06.6838061Z git version 2.53.0
2026-04-23T23:35:06.6860693Z ##[endgroup]
2026-04-23T23:35:06.6876522Z Temporarily overriding HOME='/home/runner/work/_temp/4caf7606-c766-4c06-9f4b-ab90c5fae351' before making global git config changes
2026-04-23T23:35:06.6878979Z Adding repository directory to the temporary git global config as a safe directory
2026-04-23T23:35:06.6881902Z [command]/usr/bin/git config --global --add safe.directory /home/runner/work/jsoncpp/jsoncpp
2026-04-23T23:35:06.6919534Z Deleting the contents of '/home/runner/work/jsoncpp/jsoncpp'
2026-04-23T23:35:06.6924617Z ##[group]Initializing the repository
2026-04-23T23:35:06.6929651Z [command]/usr/bin/git init /home/runner/work/jsoncpp/jsoncpp
2026-04-23T23:35:06.7015866Z hint: Using 'master' as the name for the initial branch. This default branch name
2026-04-23T23:35:06.7018007Z hint: will change to "main" in Git 3.0. To configure the initial branch name
2026-04-23T23:35:06.7019236Z hint: to use in all of your new repositories, which will suppress this warning,
2026-04-23T23:35:06.7020925Z hint: call:
2026-04-23T23:35:06.7021895Z hint:
2026-04-23T23:35:06.7022608Z hint: 	git config --global init.defaultBranch <name>
2026-04-23T23:35:06.7023349Z hint:
2026-04-23T23:35:06.7024044Z hint: Names commonly chosen instead of 'master' are 'main', 'trunk' and
2026-04-23T23:35:06.7025222Z hint: 'development'. The just-created branch can be renamed via this command:
2026-04-23T23:35:06.7026401Z hint:
2026-04-23T23:35:06.7027173Z hint: 	git branch -m <name>
2026-04-23T23:35:06.7027934Z hint:
2026-04-23T23:35:06.7029182Z hint: Disable this message with "git config set advice.defaultBranchName false"
2026-04-23T23:35:06.7030505Z Initialized empty Git repository in /home/runner/work/jsoncpp/jsoncpp/.git/
2026-04-23T23:35:06.7032966Z [command]/usr/bin/git remote add origin https://github.com/open-source-parsers/jsoncpp
2026-04-23T23:35:06.7063602Z ##[endgroup]
2026-04-23T23:35:06.7064308Z ##[group]Disabling automatic garbage collection
2026-04-23T23:35:06.7067545Z [command]/usr/bin/git config --local gc.auto 0
2026-04-23T23:35:06.7098151Z ##[endgroup]
2026-04-23T23:35:06.7098844Z ##[group]Setting up auth
2026-04-23T23:35:06.7107084Z [command]/usr/bin/git config --local --name-only --get-regexp core\.sshCommand
2026-04-23T23:35:06.7140827Z [command]/usr/bin/git submodule foreach --recursive sh -c "git config --local --name-only --get-regexp 'core\.sshCommand' && git config --local --unset-all 'core.sshCommand' || :"
2026-04-23T23:35:06.7457889Z [command]/usr/bin/git config --local --name-only --get-regexp http\.https\:\/\/github\.com\/\.extraheader
2026-04-23T23:35:06.7494119Z [command]/usr/bin/git submodule foreach --recursive sh -c "git config --local --name-only --get-regexp 'http\.https\:\/\/github\.com\/\.extraheader' && git config --local --unset-all 'http.https://github.com/.extraheader' || :"
2026-04-23T23:35:06.7723045Z [command]/usr/bin/git config --local --name-only --get-regexp ^includeIf\.gitdir:
2026-04-23T23:35:06.7756741Z [command]/usr/bin/git submodule foreach --recursive git config --local --show-origin --name-only --get-regexp remote.origin.url
2026-04-23T23:35:06.8021507Z [command]/usr/bin/git config --local http.https://github.com/.extraheader AUTHORIZATION: basic ***
2026-04-23T23:35:06.8030979Z ##[endgroup]
2026-04-23T23:35:06.8033144Z ##[group]Fetching the repository
2026-04-23T23:35:06.8044137Z [command]/usr/bin/git -c protocol.version=2 fetch --no-tags --prune --no-recurse-submodules --depth=1 origin +755d0a69d7109d465db6196a3c7e1c6f3c62a48f:refs/remotes/origin/master
2026-04-23T23:35:07.3704142Z From https://github.com/open-source-parsers/jsoncpp
2026-04-23T23:35:07.3705186Z  * [new ref]         755d0a69d7109d465db6196a3c7e1c6f3c62a48f -> origin/master
2026-04-23T23:35:07.3733556Z ##[endgroup]
2026-04-23T23:35:07.3734321Z ##[group]Determining the checkout info
2026-04-23T23:35:07.3735657Z ##[endgroup]
2026-04-23T23:35:07.3741475Z [command]/usr/bin/git sparse-checkout disable
2026-04-23T23:35:07.3784504Z [command]/usr/bin/git config --local --unset-all extensions.worktreeConfig
2026-04-23T23:35:07.3813282Z ##[group]Checking out the ref
2026-04-23T23:35:07.3817732Z [command]/usr/bin/git checkout --progress --force -B master refs/remotes/origin/master
2026-04-23T23:35:07.3974354Z Reset branch 'master'
2026-04-23T23:35:07.3975947Z branch 'master' set up to track 'origin/master'.
2026-04-23T23:35:07.3988203Z ##[endgroup]
2026-04-23T23:35:07.4058630Z [command]/usr/bin/git log -1 --format=%H
2026-04-23T23:35:07.4086641Z 755d0a69d7109d465db6196a3c7e1c6f3c62a48f
2026-04-23T23:35:07.4343032Z ##[group]Run actions/setup-python@v5
2026-04-23T23:35:07.4343424Z with:
2026-04-23T23:35:07.4343652Z   python-version: 3.x
2026-04-23T23:35:07.4343898Z   check-latest: false
2026-04-23T23:35:07.4344326Z   token: ***
2026-04-23T23:35:07.4344566Z   update-environment: true
2026-04-23T23:35:07.4344864Z   allow-prereleases: false
2026-04-23T23:35:07.4345129Z   freethreaded: false
2026-04-23T23:35:07.4345361Z env:
2026-04-23T23:35:07.4345583Z   FORCE_JAVASCRIPT_ACTIONS_TO_NODE24: true
2026-04-23T23:35:07.4345884Z ##[endgroup]
2026-04-23T23:35:07.5778848Z ##[group]Installed versions
2026-04-23T23:35:07.5870705Z (node:2271) [DEP0040] DeprecationWarning: The `punycode` module is deprecated. Please use a userland alternative instead.
2026-04-23T23:35:07.5872537Z (Use `node --trace-deprecation ...` to show where the warning was created)
2026-04-23T23:35:07.5873495Z Successfully set up CPython (3.14.4)
2026-04-23T23:35:07.5874374Z ##[endgroup]
2026-04-23T23:35:07.6033592Z ##[group]Run BSFishy/meson-build@v1.0.3
2026-04-23T23:35:07.6033978Z with:
2026-04-23T23:35:07.6034202Z   meson-version: 1.5.1
2026-04-23T23:35:07.6034449Z   ninja-version: 1.11.1.1
2026-04-23T23:35:07.6034695Z   action: build
2026-04-23T23:35:07.6034918Z   directory: build
2026-04-23T23:35:07.6035141Z   gcovr-version: 4.2
2026-04-23T23:35:07.6035371Z env:
2026-04-23T23:35:07.6035593Z   FORCE_JAVASCRIPT_ACTIONS_TO_NODE24: true
2026-04-23T23:35:07.6035969Z   pythonLocation: /opt/hostedtoolcache/Python/3.14.4/x64
2026-04-23T23:35:07.6036454Z   PKG_CONFIG_PATH: /opt/hostedtoolcache/Python/3.14.4/x64/lib/pkgconfig
2026-04-23T23:35:07.6036950Z   Python_ROOT_DIR: /opt/hostedtoolcache/Python/3.14.4/x64
2026-04-23T23:35:07.6037357Z   Python2_ROOT_DIR: /opt/hostedtoolcache/Python/3.14.4/x64
2026-04-23T23:35:07.6037754Z   Python3_ROOT_DIR: /opt/hostedtoolcache/Python/3.14.4/x64
2026-04-23T23:35:07.6038160Z   LD_LIBRARY_PATH: /opt/hostedtoolcache/Python/3.14.4/x64/lib
2026-04-23T23:35:07.6038538Z ##[endgroup]
2026-04-23T23:35:07.6463817Z Installing Meson version 1.5.1
2026-04-23T23:35:07.6479111Z [command]/opt/hostedtoolcache/Python/3.14.4/x64/python -m pip install meson==1.5.1
2026-04-23T23:35:08.4209738Z Collecting meson==1.5.1
2026-04-23T23:35:08.5016524Z   Downloading meson-1.5.1-py3-none-any.whl.metadata (1.8 kB)
2026-04-23T23:35:08.5213350Z Downloading meson-1.5.1-py3-none-any.whl (966 kB)
2026-04-23T23:35:08.6529447Z    ━━━━━━━━━━━━━━━━━━━━━━━━━━━━━━━━━━━━━━━━ 966.9/966.9 kB 8.7 MB/s  0:00:00
2026-04-23T23:35:08.6650725Z Installing collected packages: meson
2026-04-23T23:35:09.8083246Z Successfully installed meson-1.5.1
2026-04-23T23:35:10.0017889Z Project isn't setup yet. Setting it up.
2026-04-23T23:35:10.0024464Z [command]/opt/hostedtoolcache/Python/3.14.4/x64/bin/meson setup build
2026-04-23T23:35:11.3647604Z The Meson build system
2026-04-23T23:35:11.3648192Z Version: 1.5.1
2026-04-23T23:35:11.3648726Z Source dir: /home/runner/work/jsoncpp/jsoncpp
2026-04-23T23:35:11.3649469Z Build dir: /home/runner/work/jsoncpp/jsoncpp/build
2026-04-23T23:35:11.3650396Z Build type: native build
2026-04-23T23:35:11.3653655Z Project name: jsoncpp
2026-04-23T23:35:11.3654168Z Project version: 1.9.8
2026-04-23T23:35:11.3655045Z C++ compiler for the host machine: c++ (gcc 13.3.0 "c++ (Ubuntu 13.3.0-6ubuntu2~24.04.1) 13.3.0")
2026-04-23T23:35:11.3656112Z C++ linker for the host machine: c++ ld.bfd 2.42
2026-04-23T23:35:11.3656765Z Host machine cpu family: x86_64
2026-04-23T23:35:11.3657320Z Host machine cpu: x86_64
2026-04-23T23:35:11.3657932Z Found pkg-config: YES (/usr/bin/pkg-config) 1.8.1
2026-04-23T23:35:11.3658742Z Program python3 found: YES (/opt/hostedtoolcache/Python/3.14.4/x64/bin/python3)
2026-04-23T23:35:11.3659730Z Build targets in project: 3
2026-04-23T23:35:11.3659947Z 
2026-04-23T23:35:11.3660094Z Found ninja-1.13.2 at /usr/local/bin/ninja
2026-04-23T23:35:11.4387339Z [command]/usr/local/bin/ninja -C build
2026-04-23T23:35:11.4444894Z ninja: Entering directory `build'
2026-04-23T23:35:12.4844687Z [1/11] Compiling C++ object jsoncpp_test.p/src_test_lib_json_fuzz.cpp.o
2026-04-23T23:35:14.4273179Z [2/11] Compiling C++ object jsoncpp_test.p/src_test_lib_json_jsontest.cpp.o
2026-04-23T23:35:14.7803419Z [3/11] Compiling C++ object libjsoncpp.so.27.p/src_lib_json_json_value.cpp.o
2026-04-23T23:35:15.2483387Z [4/11] Compiling C++ object libjsoncpp.so.27.p/src_lib_json_json_writer.cpp.o
2026-04-23T23:35:15.3626825Z [5/11] Compiling C++ object jsontestrunner.p/src_jsontestrunner_main.cpp.o
2026-04-23T23:35:15.8630964Z [6/11] Compiling C++ object libjsoncpp.so.27.p/src_lib_json_json_reader.cpp.o
2026-04-23T23:35:15.9241035Z [7/11] Linking target libjsoncpp.so.27
2026-04-23T23:35:16.5471979Z [8/11] Generating symbol file libjsoncpp.so.27.p/libjsoncpp.so.27.symbols
2026-04-23T23:35:16.5973334Z [9/11] Linking target jsontestrunner
2026-04-23T23:35:20.2557952Z [10/11] Compiling C++ object jsoncpp_test.p/src_test_lib_json_main.cpp.o
2026-04-23T23:35:20.3215971Z [11/11] Linking target jsoncpp_test
2026-04-23T23:35:20.3340313Z ##[group]Run BSFishy/meson-build@v1.0.3
2026-04-23T23:35:20.3340608Z with:
2026-04-23T23:35:20.3340782Z   meson-version: 1.5.1
2026-04-23T23:35:20.3341001Z   ninja-version: 1.11.1.1
2026-04-23T23:35:20.3341201Z   action: test
2026-04-23T23:35:20.3341377Z   directory: build
2026-04-23T23:35:20.3341554Z   gcovr-version: 4.2
2026-04-23T23:35:20.3342038Z env:
2026-04-23T23:35:20.3342222Z   FORCE_JAVASCRIPT_ACTIONS_TO_NODE24: true
2026-04-23T23:35:20.3342549Z   pythonLocation: /opt/hostedtoolcache/Python/3.14.4/x64
2026-04-23T23:35:20.3342949Z   PKG_CONFIG_PATH: /opt/hostedtoolcache/Python/3.14.4/x64/lib/pkgconfig
2026-04-23T23:35:20.3343362Z   Python_ROOT_DIR: /opt/hostedtoolcache/Python/3.14.4/x64
2026-04-23T23:35:20.3343736Z   Python2_ROOT_DIR: /opt/hostedtoolcache/Python/3.14.4/x64
2026-04-23T23:35:20.3344082Z   Python3_ROOT_DIR: /opt/hostedtoolcache/Python/3.14.4/x64
2026-04-23T23:35:20.3344444Z   LD_LIBRARY_PATH: /opt/hostedtoolcache/Python/3.14.4/x64/lib
2026-04-23T23:35:20.3344796Z ##[endgroup]
2026-04-23T23:35:20.3682881Z [command]/opt/hostedtoolcache/Python/3.14.4/x64/bin/meson test -C build
2026-04-23T23:35:20.6452918Z ninja: Entering directory `/home/runner/work/jsoncpp/jsoncpp/build'
2026-04-23T23:35:20.6457329Z ninja: no work to do.
2026-04-23T23:35:20.6589093Z 1/3 unittest_jsoncpp_test      OK              0.01s
2026-04-23T23:35:21.3533536Z 2/3 unittest_jsontestrunner    OK              0.70s
2026-04-23T23:35:22.1756097Z 3/3 jsonchecker_jsontestrunner OK              0.82s
2026-04-23T23:35:22.1809700Z 
2026-04-23T23:35:22.1810137Z Ok:                 3   
2026-04-23T23:35:22.1810643Z Expected Fail:      0   
2026-04-23T23:35:22.1811024Z Fail:               0   
2026-04-23T23:35:22.1811469Z Unexpected Pass:    0   
2026-04-23T23:35:22.1813849Z Skipped:            0   
2026-04-23T23:35:22.1814303Z Timeout:            0   
2026-04-23T23:35:22.1814574Z 
2026-04-23T23:35:22.1815076Z Full log written to /home/runner/work/jsoncpp/jsoncpp/build/meson-logs/testlog.txt
2026-04-23T23:35:22.2542883Z Post job cleanup.
2026-04-23T23:35:22.3727664Z (node:3432) [DEP0040] DeprecationWarning: The `punycode` module is deprecated. Please use a userland alternative instead.
2026-04-23T23:35:22.3728712Z (Use `node --trace-deprecation ...` to show where the warning was created)
2026-04-23T23:35:22.3872392Z Post job cleanup.
2026-04-23T23:35:22.4680447Z [command]/usr/bin/git version
2026-04-23T23:35:22.4719741Z git version 2.53.0
2026-04-23T23:35:22.4759612Z Temporarily overriding HOME='/home/runner/work/_temp/2544cb7d-9f73-4202-b5e1-baed6928f8f1' before making global git config changes
2026-04-23T23:35:22.4761321Z Adding repository directory to the temporary git global config as a safe directory
2026-04-23T23:35:22.4766167Z [command]/usr/bin/git config --global --add safe.directory /home/runner/work/jsoncpp/jsoncpp
2026-04-23T23:35:22.4807094Z [command]/usr/bin/git config --local --name-only --get-regexp core\.sshCommand
2026-04-23T23:35:22.4843287Z [command]/usr/bin/git submodule foreach --recursive sh -c "git config --local --name-only --get-regexp 'core\.sshCommand' && git config --local --unset-all 'core.sshCommand' || :"
2026-04-23T23:35:22.5109581Z [command]/usr/bin/git config --local --name-only --get-regexp http\.https\:\/\/github\.com\/\.extraheader
2026-04-23T23:35:22.5137380Z http.https://github.com/.extraheader
2026-04-23T23:35:22.5149224Z [command]/usr/bin/git config --local --unset-all http.https://github.com/.extraheader
2026-04-23T23:35:22.5182921Z [command]/usr/bin/git submodule foreach --recursive sh -c "git config --local --name-only --get-regexp 'http\.https\:\/\/github\.com\/\.extraheader' && git config --local --unset-all 'http.https://github.com/.extraheader' || :"
2026-04-23T23:35:22.5413124Z [command]/usr/bin/git config --local --name-only --get-regexp ^includeIf\.gitdir:
2026-04-23T23:35:22.5446750Z [command]/usr/bin/git submodule foreach --recursive git config --local --show-origin --name-only --get-regexp remote.origin.url
2026-04-23T23:35:22.5809741Z Cleaning up orphan processes
2026-04-23T23:35:22.6097858Z ##[warning]Node.js 20 is deprecated. The following actions target Node.js 20 but are being forced to run on Node.js 24: actions/checkout@v4, actions/setup-python@v5, BSFishy/meson-build@v1.0.3. For more information see: https://github.blog/changelog/2025-09-19-deprecation-of-node-20-on-github-actions-runners/
