2026-04-18T19:33:01.8638650Z Current runner version: '2.333.1'
2026-04-18T19:33:01.8663358Z ##[group]Runner Image Provisioner
2026-04-18T19:33:01.8664655Z Hosted Compute Agent
2026-04-18T19:33:01.8665275Z Version: 20260213.493
2026-04-18T19:33:01.8665913Z Commit: 5c115507f6dd24b8de37d8bbe0bb4509d0cc0fa3
2026-04-18T19:33:01.8666595Z Build Date: 2026-02-13T00:28:41Z
2026-04-18T19:33:01.8667296Z Worker ID: {fdae078c-612c-4faa-90d9-d966938d2483}
2026-04-18T19:33:01.8668050Z Azure Region: northcentralus
2026-04-18T19:33:01.8668662Z ##[endgroup]
2026-04-18T19:33:01.8670741Z ##[group]Operating System
2026-04-18T19:33:01.8671577Z Ubuntu
2026-04-18T19:33:01.8672102Z 24.04.4
2026-04-18T19:33:01.8672554Z LTS
2026-04-18T19:33:01.8673179Z ##[endgroup]
2026-04-18T19:33:01.8673691Z ##[group]Runner Image
2026-04-18T19:33:01.8674479Z Image: ubuntu-24.04
2026-04-18T19:33:01.8675070Z Version: 20260413.86.1
2026-04-18T19:33:01.8676311Z Included Software: https://github.com/actions/runner-images/blob/ubuntu24/20260413.86/images/ubuntu/Ubuntu2404-Readme.md
2026-04-18T19:33:01.8677894Z Image Release: https://github.com/actions/runner-images/releases/tag/ubuntu24%2F20260413.86
2026-04-18T19:33:01.8678824Z ##[endgroup]
2026-04-18T19:33:01.8679910Z ##[group]GITHUB_TOKEN Permissions
2026-04-18T19:33:01.8682029Z Contents: read
2026-04-18T19:33:01.8682644Z Metadata: read
2026-04-18T19:33:01.8683317Z ##[endgroup]
2026-04-18T19:33:01.8685916Z Secret source: Actions
2026-04-18T19:33:01.8686941Z Prepare workflow directory
2026-04-18T19:33:01.9047143Z Prepare all required actions
2026-04-18T19:33:01.9086535Z Getting action download info
2026-04-18T19:33:02.2542189Z Download action repository 'actions/checkout@v6' (SHA:de0fac2e4500dabe0009e67214ff5f5447ce83dd)
2026-04-18T19:33:02.3726791Z Download action repository 'actions/upload-artifact@v7' (SHA:043fb46d1a93c77aae656e7c1c64a875d1fc6a0a)
2026-04-18T19:33:02.9331694Z Complete job name: Build Linux x86_64
2026-04-18T19:33:03.0083625Z ##[group]Run actions/checkout@v6
2026-04-18T19:33:03.0084815Z with:
2026-04-18T19:33:03.0085312Z   repository: hellobertrand/zxc
2026-04-18T19:33:03.0086097Z   token: ***
2026-04-18T19:33:03.0086539Z   ssh-strict: true
2026-04-18T19:33:03.0087000Z   ssh-user: git
2026-04-18T19:33:03.0087463Z   persist-credentials: true
2026-04-18T19:33:03.0087960Z   clean: true
2026-04-18T19:33:03.0088421Z   sparse-checkout-cone-mode: true
2026-04-18T19:33:03.0088964Z   fetch-depth: 1
2026-04-18T19:33:03.0089418Z   fetch-tags: false
2026-04-18T19:33:03.0089870Z   show-progress: true
2026-04-18T19:33:03.0090315Z   lfs: false
2026-04-18T19:33:03.0090741Z   submodules: false
2026-04-18T19:33:03.0091207Z   set-safe-directory: true
2026-04-18T19:33:03.0091932Z ##[endgroup]
2026-04-18T19:33:03.1025863Z Syncing repository: hellobertrand/zxc
2026-04-18T19:33:03.1027826Z ##[group]Getting Git version info
2026-04-18T19:33:03.1028554Z Working directory is '/home/runner/work/zxc/zxc'
2026-04-18T19:33:03.1029684Z [command]/usr/bin/git version
2026-04-18T19:33:03.1054171Z git version 2.53.0
2026-04-18T19:33:03.1077676Z ##[endgroup]
2026-04-18T19:33:03.1092501Z Temporarily overriding HOME='/home/runner/work/_temp/6839ceb9-f8e8-4dc1-a4f6-46b8fa46fc1f' before making global git config changes
2026-04-18T19:33:03.1094389Z Adding repository directory to the temporary git global config as a safe directory
2026-04-18T19:33:03.1097672Z [command]/usr/bin/git config --global --add safe.directory /home/runner/work/zxc/zxc
2026-04-18T19:33:03.1130160Z Deleting the contents of '/home/runner/work/zxc/zxc'
2026-04-18T19:33:03.1134737Z ##[group]Initializing the repository
2026-04-18T19:33:03.1139558Z [command]/usr/bin/git init /home/runner/work/zxc/zxc
2026-04-18T19:33:03.1225983Z hint: Using 'master' as the name for the initial branch. This default branch name
2026-04-18T19:33:03.1227830Z hint: will change to "main" in Git 3.0. To configure the initial branch name
2026-04-18T19:33:03.1229687Z hint: to use in all of your new repositories, which will suppress this warning,
2026-04-18T19:33:03.1231386Z hint: call:
2026-04-18T19:33:03.1232384Z hint:
2026-04-18T19:33:03.1233405Z hint: 	git config --global init.defaultBranch <name>
2026-04-18T19:33:03.1234601Z hint:
2026-04-18T19:33:03.1235511Z hint: Names commonly chosen instead of 'master' are 'main', 'trunk' and
2026-04-18T19:33:03.1237237Z hint: 'development'. The just-created branch can be renamed via this command:
2026-04-18T19:33:03.1238264Z hint:
2026-04-18T19:33:03.1238771Z hint: 	git branch -m <name>
2026-04-18T19:33:03.1239355Z hint:
2026-04-18T19:33:03.1240305Z hint: Disable this message with "git config set advice.defaultBranchName false"
2026-04-18T19:33:03.1242277Z Initialized empty Git repository in /home/runner/work/zxc/zxc/.git/
2026-04-18T19:33:03.1245444Z [command]/usr/bin/git remote add origin https://github.com/hellobertrand/zxc
2026-04-18T19:33:03.1269558Z ##[endgroup]
2026-04-18T19:33:03.1270327Z ##[group]Disabling automatic garbage collection
2026-04-18T19:33:03.1273384Z [command]/usr/bin/git config --local gc.auto 0
2026-04-18T19:33:03.1302048Z ##[endgroup]
2026-04-18T19:33:03.1302999Z ##[group]Setting up auth
2026-04-18T19:33:03.1304054Z Removing SSH command configuration
2026-04-18T19:33:03.1309416Z [command]/usr/bin/git config --local --name-only --get-regexp core\.sshCommand
2026-04-18T19:33:03.1340350Z [command]/usr/bin/git submodule foreach --recursive sh -c "git config --local --name-only --get-regexp 'core\.sshCommand' && git config --local --unset-all 'core.sshCommand' || :"
2026-04-18T19:33:03.1608197Z Removing HTTP extra header
2026-04-18T19:33:03.1614412Z [command]/usr/bin/git config --local --name-only --get-regexp http\.https\:\/\/github\.com\/\.extraheader
2026-04-18T19:33:03.1646095Z [command]/usr/bin/git submodule foreach --recursive sh -c "git config --local --name-only --get-regexp 'http\.https\:\/\/github\.com\/\.extraheader' && git config --local --unset-all 'http.https://github.com/.extraheader' || :"
2026-04-18T19:33:03.1858557Z Removing includeIf entries pointing to credentials config files
2026-04-18T19:33:03.1865141Z [command]/usr/bin/git config --local --name-only --get-regexp ^includeIf\.gitdir:
2026-04-18T19:33:03.1898083Z [command]/usr/bin/git submodule foreach --recursive git config --local --show-origin --name-only --get-regexp remote.origin.url
2026-04-18T19:33:03.2116280Z [command]/usr/bin/git config --file /home/runner/work/_temp/git-credentials-bff9d1b5-ab48-46aa-b22b-eafb82bbfb29.config http.https://github.com/.extraheader AUTHORIZATION: basic ***
2026-04-18T19:33:03.2151485Z [command]/usr/bin/git config --local includeIf.gitdir:/home/runner/work/zxc/zxc/.git.path /home/runner/work/_temp/git-credentials-bff9d1b5-ab48-46aa-b22b-eafb82bbfb29.config
2026-04-18T19:33:03.2181457Z [command]/usr/bin/git config --local includeIf.gitdir:/home/runner/work/zxc/zxc/.git/worktrees/*.path /home/runner/work/_temp/git-credentials-bff9d1b5-ab48-46aa-b22b-eafb82bbfb29.config
2026-04-18T19:33:03.2210682Z [command]/usr/bin/git config --local includeIf.gitdir:/github/workspace/.git.path /github/runner_temp/git-credentials-bff9d1b5-ab48-46aa-b22b-eafb82bbfb29.config
2026-04-18T19:33:03.2240620Z [command]/usr/bin/git config --local includeIf.gitdir:/github/workspace/.git/worktrees/*.path /github/runner_temp/git-credentials-bff9d1b5-ab48-46aa-b22b-eafb82bbfb29.config
2026-04-18T19:33:03.2266673Z ##[endgroup]
2026-04-18T19:33:03.2267495Z ##[group]Fetching the repository
2026-04-18T19:33:03.2276097Z [command]/usr/bin/git -c protocol.version=2 fetch --no-tags --prune --no-recurse-submodules --depth=1 origin +398006901f61a089d50ad1dfe3224de188077a25:refs/remotes/pull/198/merge
2026-04-18T19:33:03.5535367Z From https://github.com/hellobertrand/zxc
2026-04-18T19:33:03.5537089Z  * [new ref]         398006901f61a089d50ad1dfe3224de188077a25 -> pull/198/merge
2026-04-18T19:33:03.5567580Z ##[endgroup]
2026-04-18T19:33:03.5569620Z ##[group]Determining the checkout info
2026-04-18T19:33:03.5571811Z ##[endgroup]
2026-04-18T19:33:03.5576373Z [command]/usr/bin/git sparse-checkout disable
2026-04-18T19:33:03.5618784Z [command]/usr/bin/git config --local --unset-all extensions.worktreeConfig
2026-04-18T19:33:03.5647728Z ##[group]Checking out the ref
2026-04-18T19:33:03.5651105Z [command]/usr/bin/git checkout --progress --force refs/remotes/pull/198/merge
2026-04-18T19:33:03.5776029Z Note: switching to 'refs/remotes/pull/198/merge'.
2026-04-18T19:33:03.5777307Z 
2026-04-18T19:33:03.5778359Z You are in 'detached HEAD' state. You can look around, make experimental
2026-04-18T19:33:03.5780455Z changes and commit them, and you can discard any commits you make in this
2026-04-18T19:33:03.5782537Z state without impacting any branches by switching back to a branch.
2026-04-18T19:33:03.5784165Z 
2026-04-18T19:33:03.5784951Z If you want to create a new branch to retain commits you create, you may
2026-04-18T19:33:03.5787436Z do so (now or later) by using -c with the switch command. Example:
2026-04-18T19:33:03.5788859Z 
2026-04-18T19:33:03.5789349Z   git switch -c <new-branch-name>
2026-04-18T19:33:03.5790240Z 
2026-04-18T19:33:03.5790703Z Or undo this operation with:
2026-04-18T19:33:03.5791437Z 
2026-04-18T19:33:03.5791875Z   git switch -
2026-04-18T19:33:03.5792606Z 
2026-04-18T19:33:03.5793677Z Turn off this advice by setting config variable advice.detachedHead to false
2026-04-18T19:33:03.5795499Z 
2026-04-18T19:33:03.5797132Z HEAD is now at 3980069 Merge 1f1e6b7561621fde28de1aa49a036640699ec3e9 into f23c5e4a1843437ac6d9660d30947b5fefe19de7
2026-04-18T19:33:03.5801722Z ##[endgroup]
2026-04-18T19:33:03.5820366Z [command]/usr/bin/git log -1 --format=%H
2026-04-18T19:33:03.5842950Z 398006901f61a089d50ad1dfe3224de188077a25
2026-04-18T19:33:03.6116003Z ##[group]Run echo "CC=gcc-14" >> $GITHUB_ENV
2026-04-18T19:33:03.6117662Z [36;1mecho "CC=gcc-14" >> $GITHUB_ENV[0m
2026-04-18T19:33:03.6119011Z [36;1mecho "CXX=g++-14" >> $GITHUB_ENV[0m
2026-04-18T19:33:03.6120328Z [36;1mgcc-14 --version[0m
2026-04-18T19:33:03.6148086Z shell: /usr/bin/bash -e {0}
2026-04-18T19:33:03.6149238Z ##[endgroup]
2026-04-18T19:33:03.6964320Z gcc-14 (Ubuntu 14.2.0-4ubuntu2~24.04.1) 14.2.0
2026-04-18T19:33:03.6967462Z Copyright (C) 2024 Free Software Foundation, Inc.
2026-04-18T19:33:03.6971363Z This is free software; see the source for copying conditions.  There is NO
2026-04-18T19:33:03.6974654Z warranty; not even for MERCHANTABILITY or FITNESS FOR A PARTICULAR PURPOSE.
2026-04-18T19:33:03.6976250Z 
2026-04-18T19:33:03.7103136Z ##[group]Run cmake -S . -B build -DCMAKE_BUILD_TYPE=Release -DZXC_NATIVE_ARCH=OFF
2026-04-18T19:33:03.7105786Z [36;1mcmake -S . -B build -DCMAKE_BUILD_TYPE=Release -DZXC_NATIVE_ARCH=OFF[0m
2026-04-18T19:33:03.7129656Z shell: /usr/bin/bash -e {0}
2026-04-18T19:33:03.7130822Z env:
2026-04-18T19:33:03.7131625Z   CC: gcc-14
2026-04-18T19:33:03.7132432Z   CXX: g++-14
2026-04-18T19:33:03.7133398Z ##[endgroup]
2026-04-18T19:33:04.9009379Z -- The C compiler identification is GNU 14.2.0
2026-04-18T19:33:05.0109072Z -- Detecting C compiler ABI info
2026-04-18T19:33:05.1217887Z -- Detecting C compiler ABI info - done
2026-04-18T19:33:05.1395692Z -- Check for working C compiler: /usr/bin/gcc-14 - skipped
2026-04-18T19:33:05.1464499Z -- Detecting C compile features
2026-04-18T19:33:05.1522635Z -- Detecting C compile features - done
2026-04-18T19:33:05.8661341Z -- LTO/IPO is supported and enabled.
2026-04-18T19:33:05.8666260Z -- Using vendored rapidhash from /home/runner/work/zxc/zxc/src/lib/vendors
2026-04-18T19:33:05.8670202Z -- Building x86_64 AVX2 and AVX512 variants...
2026-04-18T19:33:05.8967350Z -- Performing Test CMAKE_HAVE_LIBC_PTHREAD
2026-04-18T19:33:06.3074599Z -- Performing Test CMAKE_HAVE_LIBC_PTHREAD - Success
2026-04-18T19:33:06.3215784Z -- Found Threads: TRUE
2026-04-18T19:33:06.3444971Z -- 
2026-04-18T19:33:06.3445467Z -- ZXC Configuration Summary:
2026-04-18T19:33:06.3446114Z --   Version:        0.10.0
2026-04-18T19:33:06.3446699Z --   Library Type:   Static
2026-04-18T19:33:06.3447209Z --   Native Arch:    OFF
2026-04-18T19:33:06.3447834Z --   Disable SIMD:   OFF
2026-04-18T19:33:06.3450036Z --   LTO Enabled:    ON
2026-04-18T19:33:06.3450621Z --   PGO Mode:       OFF
2026-04-18T19:33:06.3451218Z --   Build CLI:      ON
2026-04-18T19:33:06.3452030Z --   Build Tests:    ON
2026-04-18T19:33:06.3452718Z -- 
2026-04-18T19:33:06.3579975Z -- Could NOT find Doxygen (missing: DOXYGEN_EXECUTABLE) 
2026-04-18T19:33:06.3583213Z -- Configuring done (2.3s)
2026-04-18T19:33:06.3733253Z -- Generating done (0.0s)
2026-04-18T19:33:06.3737673Z -- Build files have been written to: /home/runner/work/zxc/zxc/build
2026-04-18T19:33:06.3801623Z ##[group]Run cmake --build build --config Release --parallel
2026-04-18T19:33:06.3802078Z [36;1mcmake --build build --config Release --parallel[0m
2026-04-18T19:33:06.3823135Z shell: /usr/bin/bash -e {0}
2026-04-18T19:33:06.3823398Z env:
2026-04-18T19:33:06.3823565Z   CC: gcc-14
2026-04-18T19:33:06.3824031Z   CXX: g++-14
2026-04-18T19:33:06.3824251Z ##[endgroup]
2026-04-18T19:33:06.4080625Z [  6%] Building C object CMakeFiles/zxc_compress_avx512.dir/src/lib/zxc_compress.c.o
2026-04-18T19:33:06.4109197Z [ 20%] Building C object CMakeFiles/zxc_decompress_avx512.dir/src/lib/zxc_decompress.c.o
2026-04-18T19:33:06.4111811Z [ 13%] Building C object CMakeFiles/zxc_decompress_default.dir/src/lib/zxc_decompress.c.o
2026-04-18T19:33:06.4113496Z [ 26%] Building C object CMakeFiles/zxc_decompress_avx2.dir/src/lib/zxc_decompress.c.o
2026-04-18T19:33:06.4117586Z [ 33%] Building C object CMakeFiles/zxc_compress_default.dir/src/lib/zxc_compress.c.o
2026-04-18T19:33:06.4165415Z [ 40%] Building C object CMakeFiles/zxc_compress_avx2.dir/src/lib/zxc_compress.c.o
2026-04-18T19:33:08.5815141Z [ 40%] Built target zxc_compress_avx2
2026-04-18T19:33:08.6855017Z [ 40%] Built target zxc_compress_default
2026-04-18T19:33:08.8954627Z [ 40%] Built target zxc_compress_avx512
2026-04-18T19:33:09.5314792Z [ 40%] Built target zxc_decompress_avx512
2026-04-18T19:33:10.0384031Z [ 40%] Built target zxc_decompress_avx2
2026-04-18T19:33:10.3250270Z [ 40%] Built target zxc_decompress_default
2026-04-18T19:33:10.3329758Z [ 46%] Building C object CMakeFiles/zxc_lib.dir/src/lib/zxc_common.c.o
2026-04-18T19:33:10.3330872Z [ 53%] Building C object CMakeFiles/zxc_lib.dir/src/lib/zxc_driver.c.o
2026-04-18T19:33:10.3332226Z [ 60%] Building C object CMakeFiles/zxc_lib.dir/src/lib/zxc_dispatch.c.o
2026-04-18T19:33:10.3334691Z [ 66%] Building C object CMakeFiles/zxc_lib.dir/src/lib/zxc_seekable.c.o
2026-04-18T19:33:10.9230687Z [ 73%] Linking C static library libzxc.a
2026-04-18T19:33:10.9368388Z [ 73%] Built target zxc_lib
2026-04-18T19:33:10.9437489Z [ 80%] Building C object CMakeFiles/zxc.dir/src/cli/main.c.o
2026-04-18T19:33:10.9438446Z [ 86%] Building C object CMakeFiles/zxc_test.dir/tests/test.c.o
2026-04-18T19:33:11.3600730Z [ 93%] Linking C executable zxc
2026-04-18T19:33:11.9346929Z Stripping symbols from zxc
2026-04-18T19:33:11.9941037Z [ 93%] Built target zxc
2026-04-18T19:33:12.1998330Z [100%] Linking C executable zxc_test
2026-04-18T19:33:12.7623489Z [100%] Built target zxc_test
2026-04-18T19:33:12.7701457Z ##[group]Run ctest -C Release --output-on-failure
2026-04-18T19:33:12.7702137Z [36;1mctest -C Release --output-on-failure[0m
2026-04-18T19:33:12.7730547Z shell: /usr/bin/bash -e {0}
2026-04-18T19:33:12.7730903Z env:
2026-04-18T19:33:12.7731151Z   CC: gcc-14
2026-04-18T19:33:12.7731419Z   CXX: g++-14
2026-04-18T19:33:12.7731682Z ##[endgroup]
2026-04-18T19:33:13.1620161Z Test project /home/runner/work/zxc/zxc/build
2026-04-18T19:33:13.1625895Z     Start 1: UnitTests
2026-04-18T19:33:13.3106262Z 1/1 Test #1: UnitTests ........................***Failed    0.15 sec
2026-04-18T19:33:13.3107031Z === TEST: RAW Block (Random Data) (Sz: 262144, Lvl: 3, CRC: Disabled) ===
2026-04-18T19:33:13.3107621Z Compressed Size: 262188 (Ratio: 1.00)
2026-04-18T19:33:13.3108022Z PASS
2026-04-18T19:33:13.3108205Z 
2026-04-18T19:33:13.3108479Z === TEST: GHI Block (Text Pattern) (Sz: 262144, Lvl: 2, CRC: Disabled) ===
2026-04-18T19:33:13.3109065Z Compressed Size: 538 (Ratio: 487.26)
2026-04-18T19:33:13.3109519Z PASS
2026-04-18T19:33:13.3109655Z 
2026-04-18T19:33:13.3109944Z === TEST: GLO Block (Text Pattern) (Sz: 262144, Lvl: 4, CRC: Disabled) ===
2026-04-18T19:33:13.3110627Z Compressed Size: 545 (Ratio: 481.00)
2026-04-18T19:33:13.3111028Z PASS
2026-04-18T19:33:13.3111181Z 
2026-04-18T19:33:13.3111481Z === TEST: NUM Block (Integer Sequence) (Sz: 262144, Lvl: 3, CRC: Disabled) ===
2026-04-18T19:33:13.3112086Z Compressed Size: 73788 (Ratio: 3.55)
2026-04-18T19:33:13.3112429Z PASS
2026-04-18T19:33:13.3112553Z 
2026-04-18T19:33:13.3112791Z === TEST: NUM Block (Zero Deltas) (Sz: 262144, Lvl: 3, CRC: Disabled) ===
2026-04-18T19:33:13.3113300Z Compressed Size: 8364 (Ratio: 31.34)
2026-04-18T19:33:13.3113641Z PASS
2026-04-18T19:33:13.3114115Z 
2026-04-18T19:33:13.3114405Z === TEST: NUM Block (Small Deltas) (Sz: 262144, Lvl: 3, CRC: Disabled) ===
2026-04-18T19:33:13.3114955Z Compressed Size: 24780 (Ratio: 10.58)
2026-04-18T19:33:13.3115311Z PASS
2026-04-18T19:33:13.3115442Z 
2026-04-18T19:33:13.3115694Z === TEST: NUM Block (Large Deltas) (Sz: 262144, Lvl: 3, CRC: Disabled) ===
2026-04-18T19:33:13.3116218Z Compressed Size: 24636 (Ratio: 10.64)
2026-04-18T19:33:13.3116587Z PASS
2026-04-18T19:33:13.3116754Z 
2026-04-18T19:33:13.3117002Z === TEST: Small Input (50 bytes) (Sz: 50, Lvl: 3, CRC: Disabled) ===
2026-04-18T19:33:13.3117546Z Compressed Size: 94 (Ratio: 0.53)
2026-04-18T19:33:13.3117924Z PASS
2026-04-18T19:33:13.3118059Z 
2026-04-18T19:33:13.3118218Z === TEST: Empty Input (0 bytes) (Sz: 0, Lvl: 3, CRC: Disabled) ===
2026-04-18T19:33:13.3118541Z Compressed Size: 36 (Ratio: 0.00)
2026-04-18T19:33:13.3118766Z PASS
2026-04-18T19:33:13.3118851Z 
2026-04-18T19:33:13.3118978Z === TEST: 1-byte Input (Sz: 1, Lvl: 3, CRC: Disabled) ===
2026-04-18T19:33:13.3119278Z Compressed Size: 45 (Ratio: 0.02)
2026-04-18T19:33:13.3119484Z PASS
2026-04-18T19:33:13.3119571Z 
2026-04-18T19:33:13.3119733Z === TEST: 1-byte Input (with checksum) (Sz: 1, Lvl: 3, CRC: Enabled) ===
2026-04-18T19:33:13.3120061Z Compressed Size: 49 (Ratio: 0.02)
2026-04-18T19:33:13.3120280Z PASS
2026-04-18T19:33:13.3120365Z 
2026-04-18T19:33:13.3120551Z === TEST: Large File (15MB Multi-Block) (Sz: 15728640, Lvl: 3, CRC: Enabled) ===
2026-04-18T19:33:13.3120912Z Compressed Size: 30723 (Ratio: 511.95)
2026-04-18T19:33:13.3121134Z PASS
2026-04-18T19:33:13.3121218Z 
2026-04-18T19:33:13.3121415Z === TEST: Large File NUM (15MB Multi-Block) (Sz: 15728640, Lvl: 3, CRC: Enabled) ===
2026-04-18T19:33:13.3121800Z Compressed Size: 4444916 (Ratio: 3.54)
2026-04-18T19:33:13.3122021Z PASS
2026-04-18T19:33:13.3122113Z 
2026-04-18T19:33:13.3122117Z 
2026-04-18T19:33:13.3122213Z --- Test Coverage: Checksum ---
2026-04-18T19:33:13.3122520Z === TEST: Checksum Disabled (Sz: 262144, Lvl: 3, CRC: Disabled) ===
2026-04-18T19:33:13.3122844Z Compressed Size: 545 (Ratio: 481.00)
2026-04-18T19:33:13.3123064Z PASS
2026-04-18T19:33:13.3123146Z 
2026-04-18T19:33:13.3123289Z === TEST: Checksum Enabled (Sz: 262144, Lvl: 31, CRC: Enabled) ===
2026-04-18T19:33:13.3124135Z Compressed Size: 527 (Ratio: 497.43)
2026-04-18T19:33:13.3124414Z PASS
2026-04-18T19:33:13.3124514Z 
2026-04-18T19:33:13.3124518Z 
2026-04-18T19:33:13.3124620Z --- Test Coverage: Compression Levels ---
2026-04-18T19:33:13.3124936Z === TEST: Level 1 (Sz: 262144, Lvl: 1, CRC: Enabled) ===
2026-04-18T19:33:13.3125219Z Compressed Size: 542 (Ratio: 483.66)
2026-04-18T19:33:13.3125442Z PASS
2026-04-18T19:33:13.3125525Z 
2026-04-18T19:33:13.3125633Z === TEST: Level 2 (Sz: 262144, Lvl: 2, CRC: Enabled) ===
2026-04-18T19:33:13.3125908Z Compressed Size: 542 (Ratio: 483.66)
2026-04-18T19:33:13.3126116Z PASS
2026-04-18T19:33:13.3126204Z 
2026-04-18T19:33:13.3126310Z === TEST: Level 3 (Sz: 262144, Lvl: 3, CRC: Enabled) ===
2026-04-18T19:33:13.3126572Z Compressed Size: 549 (Ratio: 477.49)
2026-04-18T19:33:13.3126784Z PASS
2026-04-18T19:33:13.3126865Z 
2026-04-18T19:33:13.3126976Z === TEST: Level 4 (Sz: 262144, Lvl: 4, CRC: Enabled) ===
2026-04-18T19:33:13.3127238Z Compressed Size: 549 (Ratio: 477.49)
2026-04-18T19:33:13.3127454Z PASS
2026-04-18T19:33:13.3127539Z 
2026-04-18T19:33:13.3127645Z === TEST: Level 5 (Sz: 262144, Lvl: 5, CRC: Enabled) ===
2026-04-18T19:33:13.3127915Z Compressed Size: 527 (Ratio: 497.43)
2026-04-18T19:33:13.3128253Z PASS
2026-04-18T19:33:13.3128429Z 
2026-04-18T19:33:13.3128433Z 
2026-04-18T19:33:13.3128546Z --- Test Coverage: Binary Data Preservation ---
2026-04-18T19:33:13.3128966Z === TEST: Binary Data (0x00, 0x0A, 0x0D, 0xFF) (Sz: 262144, Lvl: 3, CRC: Disabled) ===
2026-04-18T19:33:13.3129329Z Compressed Size: 118 (Ratio: 2221.56)
2026-04-18T19:33:13.3129556Z PASS
2026-04-18T19:33:13.3129646Z 
2026-04-18T19:33:13.3129810Z === TEST: Binary Data with Checksum (Sz: 262144, Lvl: 3, CRC: Enabled) ===
2026-04-18T19:33:13.3130158Z Compressed Size: 122 (Ratio: 2148.72)
2026-04-18T19:33:13.3130376Z PASS
2026-04-18T19:33:13.3130459Z 
2026-04-18T19:33:13.3130626Z === TEST: Small Binary Data (128 bytes) (Sz: 128, Lvl: 3, CRC: Disabled) ===
2026-04-18T19:33:13.3130968Z Compressed Size: 116 (Ratio: 1.10)
2026-04-18T19:33:13.3131178Z PASS
2026-04-18T19:33:13.3131271Z 
2026-04-18T19:33:13.3131274Z 
2026-04-18T19:33:13.3131391Z --- Test Coverage: Repetitive Pattern Encoding ---
2026-04-18T19:33:13.3131757Z === TEST: 8-bit Offsets (Small Pattern) (Sz: 262144, Lvl: 3, CRC: Enabled) ===
2026-04-18T19:33:13.3132113Z Compressed Size: 106 (Ratio: 2473.06)
2026-04-18T19:33:13.3132329Z PASS
2026-04-18T19:33:13.3132410Z 
2026-04-18T19:33:13.3132560Z === TEST: 8-bit Offsets (Level 5) (Sz: 262144, Lvl: 5, CRC: Enabled) ===
2026-04-18T19:33:13.3133306Z Compressed Size: 106 (Ratio: 2473.06)
2026-04-18T19:33:13.3133704Z PASS
2026-04-18T19:33:13.3134126Z 
2026-04-18T19:33:13.3134488Z === TEST: 16-bit Offsets (Large Distance) (Sz: 262144, Lvl: 3, CRC: Enabled) ===
2026-04-18T19:33:13.3135148Z Compressed Size: 364 (Ratio: 720.18)
2026-04-18T19:33:13.3135527Z PASS
2026-04-18T19:33:13.3135622Z 
2026-04-18T19:33:13.3135792Z === TEST: 16-bit Offsets (Level 5) (Sz: 262144, Lvl: 5, CRC: Enabled) ===
2026-04-18T19:33:13.3136118Z Compressed Size: 364 (Ratio: 720.18)
2026-04-18T19:33:13.3136345Z PASS
2026-04-18T19:33:13.3136425Z 
2026-04-18T19:33:13.3136580Z === TEST: Mixed Offsets (Hybrid) (Sz: 262144, Lvl: 3, CRC: Enabled) ===
2026-04-18T19:33:13.3136908Z Compressed Size: 375 (Ratio: 699.05)
2026-04-18T19:33:13.3137116Z PASS
2026-04-18T19:33:13.3137202Z 
2026-04-18T19:33:13.3137346Z === TEST: Unit - Buffer API (zxc_compress/zxc_decompress) ===
2026-04-18T19:33:13.3137657Z Compressed 131072 bytes to 549 bytes
2026-04-18T19:33:13.3137864Z PASS
2026-04-18T19:33:13.3137945Z 
2026-04-18T19:33:13.3138072Z === TEST: Multi-Thread Round-Trip (TSan Coverage) ===
2026-04-18T19:33:13.3138356Z   Iteration 1: PASS (2 threads)
2026-04-18T19:33:13.3138580Z   Iteration 2: PASS (4 threads)
2026-04-18T19:33:13.3138787Z   Iteration 3: PASS (8 threads)
2026-04-18T19:33:13.3139020Z PASS (3 iterations, 2/4/8 threads)
2026-04-18T19:33:13.3139181Z 
2026-04-18T19:33:13.3139335Z === TEST: Unit - NULL Output Decompression (Integrity Check) ===
2026-04-18T19:33:13.3139632Z PASS
2026-04-18T19:33:13.3139889Z 
2026-04-18T19:33:13.3139984Z === TEST: Unit - zxc_compress_bound ===
2026-04-18T19:33:13.3140209Z PASS
2026-04-18T19:33:13.3140290Z 
2026-04-18T19:33:13.3140375Z === TEST: Unit - Invalid Arguments ===
2026-04-18T19:33:13.3140604Z PASS
2026-04-18T19:33:13.3140687Z 
2026-04-18T19:33:13.3140796Z === TEST: Unit - Truncated Input (Stream) ===
2026-04-18T19:33:13.3141031Z PASS
2026-04-18T19:33:13.3141113Z 
2026-04-18T19:33:13.3141200Z === TEST: Unit - I/O Failures ===
2026-04-18T19:33:13.3141468Z Errors while running CTest
2026-04-18T19:33:13.3141658Z PASS
2026-04-18T19:33:13.3141744Z 
2026-04-18T19:33:13.3141831Z === TEST: Unit - Thread Parameters ===
2026-04-18T19:33:13.3142065Z PASS (No crash observed)
2026-04-18T19:33:13.3142200Z 
2026-04-18T19:33:13.3142330Z === TEST: Unit - Bit Reader (zxc_br_init / zxc_br_ensure) ===
2026-04-18T19:33:13.3142624Z   [PASS] Normal init
2026-04-18T19:33:13.3142815Z   [PASS] Small buffer init
2026-04-18T19:33:13.3143027Z   [PASS] Ensure normal refill
2026-04-18T19:33:13.3143237Z   [PASS] Ensure EOF safety
2026-04-18T19:33:13.3143427Z PASS
2026-04-18T19:33:13.3143508Z 
2026-04-18T19:33:13.3143627Z === TEST: Unit - Bit Packing (zxc_bitpack_stream_32) ===
2026-04-18T19:33:13.3144564Z   [PASS] Bitpack overflow masking
2026-04-18T19:33:13.3144797Z   [PASS] Bitpack 32 bits
2026-04-18T19:33:13.3144992Z PASS
2026-04-18T19:33:13.3145075Z 
2026-04-18T19:33:13.3145170Z === TEST: Unit - EOF Block Structure ===
2026-04-18T19:33:13.3145398Z PASS
2026-04-18T19:33:13.3145479Z 
2026-04-18T19:33:13.3145567Z Running test_header_checksum...
2026-04-18T19:33:13.3145766Z PASS
2026-04-18T19:33:13.3145847Z 
2026-04-18T19:33:13.3145962Z TEST: Global Checksum Order Sensitivity... PASS
2026-04-18T19:33:13.3146157Z 
2026-04-18T19:33:13.3146256Z === TEST: Unit - zxc_get_decompressed_size ===
2026-04-18T19:33:13.3146521Z   [PASS] Valid compressed data
2026-04-18T19:33:13.3146739Z   [PASS] Too-small buffer
2026-04-18T19:33:13.3146949Z   [PASS] Invalid magic word
2026-04-18T19:33:13.3147147Z PASS
2026-04-18T19:33:13.3147236Z 
2026-04-18T19:33:13.3147316Z --- Test: zxc_error_name ---
2026-04-18T19:33:13.3147541Z   [PASS] All 15 known error codes
2026-04-18T19:33:13.3147759Z   [PASS] Unknown error codes
2026-04-18T19:33:13.3147958Z PASS
2026-04-18T19:33:13.3148041Z 
2026-04-18T19:33:13.3148396Z === TEST: Legacy header (chunk_size_code=64) ===
2026-04-18T19:33:13.3148864Z   [PASS] Legacy code 64 -> block_size = 256 KB
2026-04-18T19:33:13.3149195Z   [PASS] Invalid code 99 -> ZXC_ERROR_BAD_BLOCK_SIZE
2026-04-18T19:33:13.3149457Z PASS
2026-04-18T19:33:13.3149539Z 
2026-04-18T19:33:13.3149638Z === TEST: Unit - Buffer API Error Codes ===
2026-04-18T19:33:13.3149923Z   [PASS] zxc_compress NULL src -> ZXC_ERROR_NULL_INPUT
2026-04-18T19:33:13.3150237Z   [PASS] zxc_compress NULL dst -> ZXC_ERROR_NULL_INPUT
2026-04-18T19:33:13.3150549Z   [PASS] zxc_compress src_size==0 -> ZXC_ERROR_NULL_INPUT
2026-04-18T19:33:13.3150892Z   [PASS] zxc_compress dst_capacity==0 -> ZXC_ERROR_NULL_INPUT
2026-04-18T19:33:13.3151236Z   [PASS] zxc_compress dst too small for header -> negative
2026-04-18T19:33:13.3151566Z   [PASS] zxc_compress dst too small for chunk -> negative
2026-04-18T19:33:13.3151904Z   [PASS] zxc_compress dst too small for EOF+footer -> negative
2026-04-18T19:33:13.3152255Z   [PASS] zxc_decompress NULL src -> ZXC_ERROR_NULL_INPUT
2026-04-18T19:33:13.3152577Z   [PASS] zxc_decompress NULL dst -> ZXC_ERROR_NULL_INPUT
2026-04-18T19:33:13.3152906Z   [PASS] zxc_decompress src too small -> ZXC_ERROR_NULL_INPUT
2026-04-18T19:33:13.3153244Z   [PASS] zxc_decompress bad magic -> ZXC_ERROR_BAD_HEADER
2026-04-18T19:33:13.3153589Z   [PASS] zxc_decompress corrupt block header -> negative
2026-04-18T19:33:13.3154176Z   [PASS] zxc_decompress truncated footer -> negative
2026-04-18T19:33:13.3154498Z   [PASS] zxc_decompress stored size mismatch -> negative
2026-04-18T19:33:13.3154840Z   [PASS] zxc_decompress global checksum -> ZXC_ERROR_BAD_CHECKSUM
2026-04-18T19:33:13.3155175Z   [PASS] zxc_decompress dst too small -> negative
2026-04-18T19:33:13.3155579Z PASS
2026-04-18T19:33:13.3155677Z 
2026-04-18T19:33:13.3155824Z === TEST: Unit - zxc_stream_get_decompressed_size Error Codes ===
2026-04-18T19:33:13.3156155Z   [PASS] NULL FILE* -> ZXC_ERROR_NULL_INPUT
2026-04-18T19:33:13.3156436Z   [PASS] file too small -> ZXC_ERROR_SRC_TOO_SMALL
2026-04-18T19:33:13.3156717Z   [PASS] bad magic -> ZXC_ERROR_BAD_MAGIC
2026-04-18T19:33:13.3156964Z   [PASS] valid file -> correct size
2026-04-18T19:33:13.3157184Z PASS
2026-04-18T19:33:13.3157268Z 
2026-04-18T19:33:13.3157368Z === TEST: Unit - Stream Engine Error Codes ===
2026-04-18T19:33:13.3157680Z   [PASS] zxc_stream_compress NULL f_in -> ZXC_ERROR_NULL_INPUT
2026-04-18T19:33:13.3158036Z   [PASS] zxc_stream_decompress NULL f_in -> ZXC_ERROR_NULL_INPUT
2026-04-18T19:33:13.3158406Z   [PASS] zxc_stream_decompress bad header -> ZXC_ERROR_BAD_HEADER
2026-04-18T19:33:13.3158761Z   [PASS] zxc_stream_decompress corrupt footer -> negative
2026-04-18T19:33:13.3159094Z   [PASS] zxc_stream_decompress corrupt checksum -> negative
2026-04-18T19:33:13.3159427Z   [PASS] zxc_stream_decompress truncated -> negative
2026-04-18T19:33:13.3159752Z   [PASS] zxc_stream_decompress mid-block truncated -> negative
2026-04-18T19:33:13.3160216Z   [PASS] zxc_stream_decompress fwrite error -> negative
2026-04-18T19:33:13.3160538Z   [PASS] zxc_stream_decompress mt fwrite error -> negative
2026-04-18T19:33:13.3160809Z PASS
2026-04-18T19:33:13.3160894Z 
2026-04-18T19:33:13.3161020Z === TEST: Unit - Buffer API Scratch Buffer (work_buf) ===
2026-04-18T19:33:13.3161311Z   [PASS] small data roundtrip (177 bytes)
2026-04-18T19:33:13.3161561Z   [PASS] exact-fit destination (1KB)
2026-04-18T19:33:13.3161802Z   [PASS] tiny data roundtrip (1 byte)
2026-04-18T19:33:13.3162067Z   [PASS] malformed input -> error -6 (no crash)
2026-04-18T19:33:13.3162351Z   [PASS] zxc_decompress dst too small -> negative
2026-04-18T19:33:13.3162599Z PASS
2026-04-18T19:33:13.3162682Z 
2026-04-18T19:33:13.3162799Z === TEST: Unit - Decompress Fast Path vs Safe Path ===
2026-04-18T19:33:13.3163090Z   [PASS] fast path (oversized dst)
2026-04-18T19:33:13.3163325Z   [PASS] safe path (exact-fit dst)
2026-04-18T19:33:13.3163563Z   [PASS] boundary (dst = src_sz + PAD - 1)
2026-04-18T19:33:13.3164106Z   [PASS] safe path dst too small -> negative
2026-04-18T19:33:13.3164343Z PASS
2026-04-18T19:33:13.3164427Z 
2026-04-18T19:33:13.3164584Z === TEST: Opaque Context API (zxc_create_cctx / zxc_create_dctx) ===
2026-04-18T19:33:13.3164923Z   [PASS] NULL context -> ZXC_ERROR_NULL_INPUT
2026-04-18T19:33:13.3165196Z   [PASS] Multi-call reuse (level 1, 3, 5)
2026-04-18T19:33:13.3165445Z   [PASS] Free + double-free + NULL safety
2026-04-18T19:33:13.3165674Z PASS
2026-04-18T19:33:13.3165783Z 
2026-04-18T19:33:13.3165947Z === TEST: Unit - Block API (zxc_compress_block/zxc_decompress_block) ===
2026-04-18T19:33:13.3166301Z   [PASS] block_bound=131148 < file_bound=133676
2026-04-18T19:33:13.3166568Z   [PASS] Compress block: 131072 -> 509 bytes
2026-04-18T19:33:13.3166864Z   [PASS] Decompress block: roundtrip OK (no checksum)
2026-04-18T19:33:13.3167195Z   [PASS] Decompress block: roundtrip OK (with checksum)
2026-04-18T19:33:13.3167494Z   [PASS] Error cases handled correctly
2026-04-18T19:33:13.3167757Z   [PASS] Context reuse: 3 independent blocks OK
2026-04-18T19:33:13.3168039Z   [PASS] Guard: src_size > block_size rejected
2026-04-18T19:33:13.3168283Z PASS
2026-04-18T19:33:13.3168367Z 
2026-04-18T19:33:13.3168456Z === TEST: Block API - Boundary Sizes ===
2026-04-18T19:33:13.3168747Z   [FAIL] LZ (GLO/GHI) lvl=1 sz=524288: compress error -14
2026-04-18T19:33:13.3169067Z   [FAIL] LZ (GLO/GHI) lvl=1 sz=1048576: compress error -14
2026-04-18T19:33:13.3169383Z   [FAIL] LZ (GLO/GHI) lvl=1 sz=2097152: compress error -14
2026-04-18T19:33:13.3169692Z   [FAIL] LZ (GLO/GHI) lvl=2 sz=524288: compress error -14
2026-04-18T19:33:13.3170005Z   [FAIL] LZ (GLO/GHI) lvl=2 sz=1048576: compress error -14
2026-04-18T19:33:13.3170308Z   [FAIL] LZ (GLO/GHI) lvl=2 sz=2097152: compress error -14
2026-04-18T19:33:13.3170742Z   [FAIL] LZ (GLO/GHI) lvl=3 sz=524288: compress error -14
2026-04-18T19:33:13.3171059Z   [FAIL] LZ (GLO/GHI) lvl=3 sz=1048576: compress error -14
2026-04-18T19:33:13.3171360Z   [FAIL] LZ (GLO/GHI) lvl=3 sz=2097152: compress error -14
2026-04-18T19:33:13.3171677Z   [FAIL] LZ (GLO/GHI) lvl=4 sz=524288: compress error -14
2026-04-18T19:33:13.3171981Z   [FAIL] LZ (GLO/GHI) lvl=4 sz=1048576: compress error -14
2026-04-18T19:33:13.3172286Z   [FAIL] LZ (GLO/GHI) lvl=4 sz=2097152: compress error -14
2026-04-18T19:33:13.3172588Z   [FAIL] LZ (GLO/GHI) lvl=5 sz=524288: compress error -14
2026-04-18T19:33:13.3172898Z   [FAIL] LZ (GLO/GHI) lvl=5 sz=1048576: compress error -14
2026-04-18T19:33:13.3173204Z   [FAIL] LZ (GLO/GHI) lvl=5 sz=2097152: compress error -14
2026-04-18T19:33:13.3173508Z   [FAIL] Random (RAW) lvl=1 sz=524288: compress error -14
2026-04-18T19:33:13.3174162Z   [FAIL] Random (RAW) lvl=1 sz=1048576: compress error -14
2026-04-18T19:33:13.3174478Z   [FAIL] Random (RAW) lvl=1 sz=2097152: compress error -14
2026-04-18T19:33:13.3174793Z   [FAIL] Random (RAW) lvl=2 sz=524288: compress error -14
2026-04-18T19:33:13.3175100Z   [FAIL] Random (RAW) lvl=2 sz=1048576: compress error -14
2026-04-18T19:33:13.3175540Z   [FAIL] Random (RAW) lvl=2 sz=2097152: compress error -14
2026-04-18T19:33:13.3175854Z   [FAIL] Random (RAW) lvl=3 sz=524288: compress error -14
2026-04-18T19:33:13.3176157Z   [FAIL] Random (RAW) lvl=3 sz=1048576: compress error -14
2026-04-18T19:33:13.3176467Z   [FAIL] Random (RAW) lvl=3 sz=2097152: compress error -14
2026-04-18T19:33:13.3176774Z   [FAIL] Random (RAW) lvl=4 sz=524288: compress error -14
2026-04-18T19:33:13.3177091Z   [FAIL] Random (RAW) lvl=4 sz=1048576: compress error -14
2026-04-18T19:33:13.3177397Z   [FAIL] Random (RAW) lvl=4 sz=2097152: compress error -14
2026-04-18T19:33:13.3177708Z   [FAIL] Random (RAW) lvl=5 sz=524288: compress error -14
2026-04-18T19:33:13.3178018Z   [FAIL] Random (RAW) lvl=5 sz=1048576: compress error -14
2026-04-18T19:33:13.3178328Z   [FAIL] Random (RAW) lvl=5 sz=2097152: compress error -14
2026-04-18T19:33:13.3178643Z   [FAIL] Numeric (NUM) lvl=1 sz=524288: compress error -14
2026-04-18T19:33:13.3178962Z   [FAIL] Numeric (NUM) lvl=1 sz=1048576: compress error -14
2026-04-18T19:33:13.3179294Z   [FAIL] Numeric (NUM) lvl=1 sz=2097152: compress error -14
2026-04-18T19:33:13.3179612Z   [FAIL] Numeric (NUM) lvl=2 sz=524288: compress error -14
2026-04-18T19:33:13.3179932Z   [FAIL] Numeric (NUM) lvl=2 sz=1048576: compress error -14
2026-04-18T19:33:13.3180248Z   [FAIL] Numeric (NUM) lvl=2 sz=2097152: compress error -14
2026-04-18T19:33:13.3180574Z   [FAIL] Numeric (NUM) lvl=3 sz=524288: compress error -14
2026-04-18T19:33:13.3180894Z   [FAIL] Numeric (NUM) lvl=3 sz=1048576: compress error -14
2026-04-18T19:33:13.3181206Z   [FAIL] Numeric (NUM) lvl=3 sz=2097152: compress error -14
2026-04-18T19:33:13.3181525Z   [FAIL] Numeric (NUM) lvl=4 sz=524288: compress error -14
2026-04-18T19:33:13.3181841Z   [FAIL] Numeric (NUM) lvl=4 sz=1048576: compress error -14
2026-04-18T19:33:13.3182162Z   [FAIL] Numeric (NUM) lvl=4 sz=2097152: compress error -14
2026-04-18T19:33:13.3182476Z   [FAIL] Numeric (NUM) lvl=5 sz=524288: compress error -14
2026-04-18T19:33:13.3182793Z   [FAIL] Numeric (NUM) lvl=5 sz=1048576: compress error -14
2026-04-18T19:33:13.3183115Z   [FAIL] Numeric (NUM) lvl=5 sz=2097152: compress error -14
2026-04-18T19:33:13.3183394Z   [FAIL] 45 sub-tests failed
2026-04-18T19:33:13.3183989Z === TEST: Unit - Library Info API (zxc_min/max/default_level, zxc_version_string) ===
2026-04-18T19:33:13.3184385Z   [PASS] zxc_min_level() == 1
2026-04-18T19:33:13.3184608Z   [PASS] zxc_max_level() == 5
2026-04-18T19:33:13.3184825Z   [PASS] zxc_default_level() == 3
2026-04-18T19:33:13.3185066Z   [PASS] zxc_version_string() == "0.10.0"
2026-04-18T19:33:13.3185292Z PASS
2026-04-18T19:33:13.3185384Z 
2026-04-18T19:33:13.3185467Z === TEST: Seekable - Table Sizes ===
2026-04-18T19:33:13.3185689Z PASS
2026-04-18T19:33:13.3185771Z 
2026-04-18T19:33:13.3185869Z === TEST: Seekable - Table Write/Validate ===
2026-04-18T19:33:13.3186246Z PASS
2026-04-18T19:33:13.3186333Z 
2026-04-18T19:33:13.3186455Z === TEST: Seekable - Compress/Decompress Roundtrip ===
2026-04-18T19:33:13.3186743Z   sub-test A (single block, 60KB): OK
2026-04-18T19:33:13.3186982Z   sub-test B (2 blocks, 128KB): OK
2026-04-18T19:33:13.3187209Z   sub-test C (4 blocks, 256KB): OK
2026-04-18T19:33:13.3187412Z PASS
2026-04-18T19:33:13.3187499Z 
2026-04-18T19:33:13.3187584Z === TEST: Seekable - Open and Query ===
2026-04-18T19:33:13.3187811Z PASS
2026-04-18T19:33:13.3187892Z 
2026-04-18T19:33:13.3187976Z === TEST: Seekable - Random Access ===
2026-04-18T19:33:13.3188196Z PASS
2026-04-18T19:33:13.3188277Z 
2026-04-18T19:33:13.3188389Z === TEST: Seekable - Non-Seekable Archive Rejected ===
2026-04-18T19:33:13.3188647Z PASS
2026-04-18T19:33:13.3188726Z 
2026-04-18T19:33:13.3188807Z === TEST: Seekable - Single Block ===
2026-04-18T19:33:13.3189024Z PASS
2026-04-18T19:33:13.3189105Z 
2026-04-18T19:33:13.3189214Z === TEST: Seekable - All Compression Levels ===
2026-04-18T19:33:13.3189457Z PASS
2026-04-18T19:33:13.3189542Z 
2026-04-18T19:33:13.3189636Z === TEST: Seekable - Many Small Blocks ===
2026-04-18T19:33:13.3189860Z PASS
2026-04-18T19:33:13.3190062Z 
2026-04-18T19:33:13.3190148Z === TEST: Seekable - Open File ===
2026-04-18T19:33:13.3190352Z PASS
2026-04-18T19:33:13.3190437Z 
2026-04-18T19:33:13.3190540Z === TEST: Seekable MT - Roundtrip (4 threads) ===
2026-04-18T19:33:13.3190784Z PASS
2026-04-18T19:33:13.3190870Z 
2026-04-18T19:33:13.3190969Z === TEST: Seekable MT - Single Block Fallback ===
2026-04-18T19:33:13.3191214Z PASS
2026-04-18T19:33:13.3191294Z 
2026-04-18T19:33:13.3191378Z === TEST: Seekable MT - Random Access ===
2026-04-18T19:33:13.3191606Z PASS
2026-04-18T19:33:13.3191688Z 
2026-04-18T19:33:13.3191796Z === TEST: Seekable MT - Full File (auto threads) ===
2026-04-18T19:33:13.3192051Z PASS
2026-04-18T19:33:13.3192134Z 
2026-04-18T19:33:13.3192231Z === TEST: Seekable - Cross-Boundary Range ===
2026-04-18T19:33:13.3192473Z PASS
2026-04-18T19:33:13.3192553Z 
2026-04-18T19:33:13.3192659Z === TEST: Seekable - Truncated Input Rejected ===
2026-04-18T19:33:13.3192909Z PASS
2026-04-18T19:33:13.3192990Z 
2026-04-18T19:33:13.3193088Z === TEST: Seekable - Corrupted SEK Block ===
2026-04-18T19:33:13.3193321Z PASS
2026-04-18T19:33:13.3193402Z 
2026-04-18T19:33:13.3193502Z === TEST: Seekable - Out-of-Bounds Range ===
2026-04-18T19:33:13.3193920Z PASS
2026-04-18T19:33:13.3194068Z 
2026-04-18T19:33:13.3194180Z === TEST: Seekable - Dst Too Small ===
2026-04-18T19:33:13.3194399Z PASS
2026-04-18T19:33:13.3194485Z 
2026-04-18T19:33:13.3194566Z === TEST: Seekable - Empty File ===
2026-04-18T19:33:13.3194783Z PASS
2026-04-18T19:33:13.3194863Z 
2026-04-18T19:33:13.3194942Z === TEST: Seekable - No Checksum ===
2026-04-18T19:33:13.3195156Z PASS
2026-04-18T19:33:13.3195236Z 
2026-04-18T19:33:13.3195320Z === TEST: Seekable - With Checksum ===
2026-04-18T19:33:13.3195542Z PASS
2026-04-18T19:33:13.3195624Z 
2026-04-18T19:33:13.3195698Z FAILED: 1 tests failed.
2026-04-18T19:33:13.3195826Z 
2026-04-18T19:33:13.3195836Z 
2026-04-18T19:33:13.3195928Z 0% tests passed, 1 tests failed out of 1
2026-04-18T19:33:13.3196099Z 
2026-04-18T19:33:13.3196185Z Total Test time (real) =   0.15 sec
2026-04-18T19:33:13.3196345Z 
2026-04-18T19:33:13.3196425Z The following tests FAILED:
2026-04-18T19:33:13.3196640Z 	  1 - UnitTests (Failed)
2026-04-18T19:33:13.3371617Z ##[error]Process completed with exit code 8.
2026-04-18T19:33:13.3488020Z Post job cleanup.
2026-04-18T19:33:13.4291222Z [command]/usr/bin/git version
2026-04-18T19:33:13.4360678Z git version 2.53.0
2026-04-18T19:33:13.4404084Z Temporarily overriding HOME='/home/runner/work/_temp/e36257d2-26ef-40ee-ac93-154c9e117281' before making global git config changes
2026-04-18T19:33:13.4405418Z Adding repository directory to the temporary git global config as a safe directory
2026-04-18T19:33:13.4410654Z [command]/usr/bin/git config --global --add safe.directory /home/runner/work/zxc/zxc
2026-04-18T19:33:13.4442820Z Removing SSH command configuration
2026-04-18T19:33:13.4450106Z [command]/usr/bin/git config --local --name-only --get-regexp core\.sshCommand
2026-04-18T19:33:13.4487938Z [command]/usr/bin/git submodule foreach --recursive sh -c "git config --local --name-only --get-regexp 'core\.sshCommand' && git config --local --unset-all 'core.sshCommand' || :"
2026-04-18T19:33:13.4713321Z Removing HTTP extra header
2026-04-18T19:33:13.4718855Z [command]/usr/bin/git config --local --name-only --get-regexp http\.https\:\/\/github\.com\/\.extraheader
2026-04-18T19:33:13.4756245Z [command]/usr/bin/git submodule foreach --recursive sh -c "git config --local --name-only --get-regexp 'http\.https\:\/\/github\.com\/\.extraheader' && git config --local --unset-all 'http.https://github.com/.extraheader' || :"
2026-04-18T19:33:13.4977111Z Removing includeIf entries pointing to credentials config files
2026-04-18T19:33:13.4983999Z [command]/usr/bin/git config --local --name-only --get-regexp ^includeIf\.gitdir:
2026-04-18T19:33:13.5008233Z includeif.gitdir:/home/runner/work/zxc/zxc/.git.path
2026-04-18T19:33:13.5009053Z includeif.gitdir:/home/runner/work/zxc/zxc/.git/worktrees/*.path
2026-04-18T19:33:13.5009908Z includeif.gitdir:/github/workspace/.git.path
2026-04-18T19:33:13.5010943Z includeif.gitdir:/github/workspace/.git/worktrees/*.path
2026-04-18T19:33:13.5018834Z [command]/usr/bin/git config --local --get-all includeif.gitdir:/home/runner/work/zxc/zxc/.git.path
2026-04-18T19:33:13.5039894Z /home/runner/work/_temp/git-credentials-bff9d1b5-ab48-46aa-b22b-eafb82bbfb29.config
2026-04-18T19:33:13.5050271Z [command]/usr/bin/git config --local --unset includeif.gitdir:/home/runner/work/zxc/zxc/.git.path /home/runner/work/_temp/git-credentials-bff9d1b5-ab48-46aa-b22b-eafb82bbfb29.config
2026-04-18T19:33:13.5085524Z [command]/usr/bin/git config --local --get-all includeif.gitdir:/home/runner/work/zxc/zxc/.git/worktrees/*.path
2026-04-18T19:33:13.5107198Z /home/runner/work/_temp/git-credentials-bff9d1b5-ab48-46aa-b22b-eafb82bbfb29.config
2026-04-18T19:33:13.5116276Z [command]/usr/bin/git config --local --unset includeif.gitdir:/home/runner/work/zxc/zxc/.git/worktrees/*.path /home/runner/work/_temp/git-credentials-bff9d1b5-ab48-46aa-b22b-eafb82bbfb29.config
2026-04-18T19:33:13.5145951Z [command]/usr/bin/git config --local --get-all includeif.gitdir:/github/workspace/.git.path
2026-04-18T19:33:13.5166718Z /github/runner_temp/git-credentials-bff9d1b5-ab48-46aa-b22b-eafb82bbfb29.config
2026-04-18T19:33:13.5174552Z [command]/usr/bin/git config --local --unset includeif.gitdir:/github/workspace/.git.path /github/runner_temp/git-credentials-bff9d1b5-ab48-46aa-b22b-eafb82bbfb29.config
2026-04-18T19:33:13.5204190Z [command]/usr/bin/git config --local --get-all includeif.gitdir:/github/workspace/.git/worktrees/*.path
2026-04-18T19:33:13.5224118Z /github/runner_temp/git-credentials-bff9d1b5-ab48-46aa-b22b-eafb82bbfb29.config
2026-04-18T19:33:13.5233172Z [command]/usr/bin/git config --local --unset includeif.gitdir:/github/workspace/.git/worktrees/*.path /github/runner_temp/git-credentials-bff9d1b5-ab48-46aa-b22b-eafb82bbfb29.config
2026-04-18T19:33:13.5263665Z [command]/usr/bin/git submodule foreach --recursive git config --local --show-origin --name-only --get-regexp remote.origin.url
2026-04-18T19:33:13.5477624Z Removing credentials config '/home/runner/work/_temp/git-credentials-bff9d1b5-ab48-46aa-b22b-eafb82bbfb29.config'
2026-04-18T19:33:13.5629638Z Cleaning up orphan processes
