2026-06-19T18:13:09.5931743Z Current runner version: '2.335.1'
2026-06-19T18:13:09.5955525Z ##[group]Runner Image Provisioner
2026-06-19T18:13:09.5956440Z Hosted Compute Agent
2026-06-19T18:13:09.5957017Z Version: 20260611.554
2026-06-19T18:13:09.5957615Z Commit: 5e0782fdc9014723d3be820dd114dd31555c2bd1
2026-06-19T18:13:09.5958475Z Build Date: 2026-06-11T21:40:46Z
2026-06-19T18:13:09.5959185Z Worker ID: {f238aac7-c0ed-42ae-ad58-e7cdec6e106c}
2026-06-19T18:13:09.5959916Z Azure Region: westus3
2026-06-19T18:13:09.5960695Z ##[endgroup]
2026-06-19T18:13:09.5962158Z ##[group]Operating System
2026-06-19T18:13:09.5962908Z Ubuntu
2026-06-19T18:13:09.5963415Z 24.04.4
2026-06-19T18:13:09.5964020Z LTS
2026-06-19T18:13:09.5964537Z ##[endgroup]
2026-06-19T18:13:09.5965068Z ##[group]Runner Image
2026-06-19T18:13:09.5965682Z Image: ubuntu-24.04
2026-06-19T18:13:09.5966267Z Version: 20260615.205.1
2026-06-19T18:13:09.5967528Z Included Software: https://github.com/actions/runner-images/blob/ubuntu24/20260615.205/images/ubuntu/Ubuntu2404-Readme.md
2026-06-19T18:13:09.5969072Z Image Release: https://github.com/actions/runner-images/releases/tag/ubuntu24%2F20260615.205
2026-06-19T18:13:09.5970071Z ##[endgroup]
2026-06-19T18:13:09.5971551Z ##[group]GITHUB_TOKEN Permissions
2026-06-19T18:13:09.5973515Z Contents: read
2026-06-19T18:13:09.5974122Z Metadata: read
2026-06-19T18:13:09.5974669Z ##[endgroup]
2026-06-19T18:13:09.5976737Z Secret source: None
2026-06-19T18:13:09.5977492Z Prepare workflow directory
2026-06-19T18:13:09.6313774Z Prepare all required actions
2026-06-19T18:13:09.6351803Z Getting action download info
2026-06-19T18:13:10.0326588Z Download action repository 'actions/checkout@9c091bb21b7c1c1d1991bb908d89e4e9dddfe3e0' (SHA:9c091bb21b7c1c1d1991bb908d89e4e9dddfe3e0)
2026-06-19T18:13:10.6969224Z Download action repository 'actions/cache@27d5ce7f107fe9357f9df03efb73ab90386fccae' (SHA:27d5ce7f107fe9357f9df03efb73ab90386fccae)
2026-06-19T18:13:10.8017601Z Download action repository 'actions/setup-java@be666c2fcd27ec809703dec50e508c2fdc7f6654' (SHA:be666c2fcd27ec809703dec50e508c2fdc7f6654)
2026-06-19T18:13:11.8833323Z Complete job name: build (ubuntu-latest, 17, false)
2026-06-19T18:13:11.9657019Z ##[group]Run actions/checkout@9c091bb21b7c1c1d1991bb908d89e4e9dddfe3e0
2026-06-19T18:13:11.9658773Z with:
2026-06-19T18:13:11.9659585Z   persist-credentials: false
2026-06-19T18:13:11.9660824Z   repository: apache/commons-csv
2026-06-19T18:13:11.9671324Z   token: ***
2026-06-19T18:13:11.9672129Z   ssh-strict: true
2026-06-19T18:13:11.9672959Z   ssh-user: git
2026-06-19T18:13:11.9673752Z   clean: true
2026-06-19T18:13:11.9674589Z   sparse-checkout-cone-mode: true
2026-06-19T18:13:11.9675588Z   fetch-depth: 1
2026-06-19T18:13:11.9676408Z   fetch-tags: false
2026-06-19T18:13:11.9677258Z   show-progress: true
2026-06-19T18:13:11.9678110Z   lfs: false
2026-06-19T18:13:11.9678880Z   submodules: false
2026-06-19T18:13:11.9679732Z   set-safe-directory: true
2026-06-19T18:13:11.9680831Z   allow-unsafe-pr-checkout: false
2026-06-19T18:13:11.9682103Z ##[endgroup]
2026-06-19T18:13:12.0663661Z Syncing repository: apache/commons-csv
2026-06-19T18:13:12.0666348Z ##[group]Getting Git version info
2026-06-19T18:13:12.0667811Z Working directory is '/home/runner/work/commons-csv/commons-csv'
2026-06-19T18:13:12.0669853Z [command]/usr/bin/git version
2026-06-19T18:13:12.0765566Z git version 2.54.0
2026-06-19T18:13:12.0786959Z ##[endgroup]
2026-06-19T18:13:12.0797266Z Temporarily overriding HOME='/home/runner/work/_temp/dde0e37f-65f9-4512-a4b4-c7f99b3eb41e' before making global git config changes
2026-06-19T18:13:12.0800780Z Adding repository directory to the temporary git global config as a safe directory
2026-06-19T18:13:12.0804274Z [command]/usr/bin/git config --global --add safe.directory /home/runner/work/commons-csv/commons-csv
2026-06-19T18:13:12.0853225Z Deleting the contents of '/home/runner/work/commons-csv/commons-csv'
2026-06-19T18:13:12.0856017Z ##[group]Determining repository object format
2026-06-19T18:13:12.0857920Z ##[endgroup]
2026-06-19T18:13:12.0859575Z ##[group]Initializing the repository
2026-06-19T18:13:12.0861876Z [command]/usr/bin/git init /home/runner/work/commons-csv/commons-csv
2026-06-19T18:13:12.0990318Z hint: Using 'master' as the name for the initial branch. This default branch name
2026-06-19T18:13:12.0993462Z hint: will change to "main" in Git 3.0. To configure the initial branch name
2026-06-19T18:13:12.0995562Z hint: to use in all of your new repositories, which will suppress this warning,
2026-06-19T18:13:12.0997171Z hint: call:
2026-06-19T18:13:12.0998125Z hint:
2026-06-19T18:13:12.0999549Z hint: 	git config --global init.defaultBranch <name>
2026-06-19T18:13:12.1001178Z hint:
2026-06-19T18:13:12.1002613Z hint: Names commonly chosen instead of 'master' are 'main', 'trunk' and
2026-06-19T18:13:12.1005449Z hint: 'development'. The just-created branch can be renamed via this command:
2026-06-19T18:13:12.1007262Z hint:
2026-06-19T18:13:12.1008474Z hint: 	git branch -m <name>
2026-06-19T18:13:12.1009419Z hint:
2026-06-19T18:13:12.1010908Z hint: Disable this message with "git config set advice.defaultBranchName false"
2026-06-19T18:13:12.1013084Z Initialized empty Git repository in /home/runner/work/commons-csv/commons-csv/.git/
2026-06-19T18:13:12.1016592Z [command]/usr/bin/git remote add origin https://github.com/apache/commons-csv
2026-06-19T18:13:12.1059153Z ##[endgroup]
2026-06-19T18:13:12.1061356Z ##[group]Disabling automatic garbage collection
2026-06-19T18:13:12.1063014Z [command]/usr/bin/git config --local gc.auto 0
2026-06-19T18:13:12.1090341Z ##[endgroup]
2026-06-19T18:13:12.1092675Z ##[group]Setting up auth
2026-06-19T18:13:12.1093900Z Removing SSH command configuration
2026-06-19T18:13:12.1096054Z [command]/usr/bin/git config --local --name-only --get-regexp core\.sshCommand
2026-06-19T18:13:12.1132991Z [command]/usr/bin/git submodule foreach --recursive sh -c "git config --local --name-only --get-regexp 'core\.sshCommand' && git config --local --unset-all 'core.sshCommand' || :"
2026-06-19T18:13:12.1532621Z Removing HTTP extra header
2026-06-19T18:13:12.1537619Z [command]/usr/bin/git config --local --name-only --get-regexp http\.https\:\/\/github\.com\/\.extraheader
2026-06-19T18:13:12.1570745Z [command]/usr/bin/git submodule foreach --recursive sh -c "git config --local --name-only --get-regexp 'http\.https\:\/\/github\.com\/\.extraheader' && git config --local --unset-all 'http.https://github.com/.extraheader' || :"
2026-06-19T18:13:12.1777506Z Removing includeIf entries pointing to credentials config files
2026-06-19T18:13:12.1782058Z [command]/usr/bin/git config --local --name-only --get-regexp ^includeIf\.gitdir:
2026-06-19T18:13:12.1811282Z [command]/usr/bin/git submodule foreach --recursive git config --local --show-origin --name-only --get-regexp remote.origin.url
2026-06-19T18:13:12.2025263Z [command]/usr/bin/git config --file /home/runner/work/_temp/git-credentials-b67d55c6-2501-4e26-8ecc-69475f8f8c60.config http.https://github.com/.extraheader AUTHORIZATION: basic ***
2026-06-19T18:13:12.2061075Z [command]/usr/bin/git config --local includeIf.gitdir:/home/runner/work/commons-csv/commons-csv/.git.path /home/runner/work/_temp/git-credentials-b67d55c6-2501-4e26-8ecc-69475f8f8c60.config
2026-06-19T18:13:12.2090137Z [command]/usr/bin/git config --local includeIf.gitdir:/home/runner/work/commons-csv/commons-csv/.git/worktrees/*.path /home/runner/work/_temp/git-credentials-b67d55c6-2501-4e26-8ecc-69475f8f8c60.config
2026-06-19T18:13:12.2124080Z [command]/usr/bin/git config --local includeIf.gitdir:/github/workspace/.git.path /github/runner_temp/git-credentials-b67d55c6-2501-4e26-8ecc-69475f8f8c60.config
2026-06-19T18:13:12.2158220Z [command]/usr/bin/git config --local includeIf.gitdir:/github/workspace/.git/worktrees/*.path /github/runner_temp/git-credentials-b67d55c6-2501-4e26-8ecc-69475f8f8c60.config
2026-06-19T18:13:12.2188307Z ##[endgroup]
2026-06-19T18:13:12.2189690Z ##[group]Fetching the repository
2026-06-19T18:13:12.2195367Z [command]/usr/bin/git -c protocol.version=2 fetch --no-tags --prune --no-recurse-submodules --depth=1 origin +8755c2994db166aeb96ec36e0cbbde2745a2d946:refs/remotes/pull/614/merge
2026-06-19T18:13:13.8965700Z From https://github.com/apache/commons-csv
2026-06-19T18:13:13.8966658Z  * [new ref]         8755c2994db166aeb96ec36e0cbbde2745a2d946 -> pull/614/merge
2026-06-19T18:13:13.9016678Z ##[endgroup]
2026-06-19T18:13:13.9017162Z ##[group]Determining the checkout info
2026-06-19T18:13:13.9017595Z ##[endgroup]
2026-06-19T18:13:13.9021655Z [command]/usr/bin/git sparse-checkout disable
2026-06-19T18:13:13.9064544Z [command]/usr/bin/git config --local --unset-all extensions.worktreeConfig
2026-06-19T18:13:13.9092875Z ##[group]Checking out the ref
2026-06-19T18:13:13.9096046Z [command]/usr/bin/git checkout --progress --force refs/remotes/pull/614/merge
2026-06-19T18:13:13.9810354Z Note: switching to 'refs/remotes/pull/614/merge'.
2026-06-19T18:13:13.9811090Z 
2026-06-19T18:13:13.9811483Z You are in 'detached HEAD' state. You can look around, make experimental
2026-06-19T18:13:13.9812271Z changes and commit them, and you can discard any commits you make in this
2026-06-19T18:13:13.9812860Z state without impacting any branches by switching back to a branch.
2026-06-19T18:13:13.9813176Z 
2026-06-19T18:13:13.9813416Z If you want to create a new branch to retain commits you create, you may
2026-06-19T18:13:13.9813915Z do so (now or later) by using -c with the switch command. Example:
2026-06-19T18:13:13.9814200Z 
2026-06-19T18:13:13.9814328Z   git switch -c <new-branch-name>
2026-06-19T18:13:13.9814516Z 
2026-06-19T18:13:13.9814647Z Or undo this operation with:
2026-06-19T18:13:13.9814820Z 
2026-06-19T18:13:13.9814924Z   git switch -
2026-06-19T18:13:13.9815077Z 
2026-06-19T18:13:13.9815322Z Turn off this advice by setting config variable advice.detachedHead to false
2026-06-19T18:13:13.9815660Z 
2026-06-19T18:13:13.9816054Z HEAD is now at 8755c29 Merge 9588eda0c0cbb9d200ba889bcb5ec2c17acd9ca7 into a1cf4f2a73065281ca7c22841c2f3ec0c00098c1
2026-06-19T18:13:13.9912666Z ##[endgroup]
2026-06-19T18:13:13.9913812Z [command]/usr/bin/git log -1 --format=%H
2026-06-19T18:13:13.9914420Z 8755c2994db166aeb96ec36e0cbbde2745a2d946
2026-06-19T18:13:13.9916223Z ##[group]Removing auth
2026-06-19T18:13:13.9916710Z Removing SSH command configuration
2026-06-19T18:13:13.9917648Z [command]/usr/bin/git config --local --name-only --get-regexp core\.sshCommand
2026-06-19T18:13:13.9946357Z [command]/usr/bin/git submodule foreach --recursive sh -c "git config --local --name-only --get-regexp 'core\.sshCommand' && git config --local --unset-all 'core.sshCommand' || :"
2026-06-19T18:13:14.0159019Z Removing HTTP extra header
2026-06-19T18:13:14.0162883Z [command]/usr/bin/git config --local --name-only --get-regexp http\.https\:\/\/github\.com\/\.extraheader
2026-06-19T18:13:14.0194977Z [command]/usr/bin/git submodule foreach --recursive sh -c "git config --local --name-only --get-regexp 'http\.https\:\/\/github\.com\/\.extraheader' && git config --local --unset-all 'http.https://github.com/.extraheader' || :"
2026-06-19T18:13:14.0410329Z Removing includeIf entries pointing to credentials config files
2026-06-19T18:13:14.0411288Z [command]/usr/bin/git config --local --name-only --get-regexp ^includeIf\.gitdir:
2026-06-19T18:13:14.0437001Z includeif.gitdir:/home/runner/work/commons-csv/commons-csv/.git.path
2026-06-19T18:13:14.0438146Z includeif.gitdir:/home/runner/work/commons-csv/commons-csv/.git/worktrees/*.path
2026-06-19T18:13:14.0445331Z includeif.gitdir:/github/workspace/.git.path
2026-06-19T18:13:14.0446221Z includeif.gitdir:/github/workspace/.git/worktrees/*.path
2026-06-19T18:13:14.0447908Z [command]/usr/bin/git config --local --get-all includeif.gitdir:/home/runner/work/commons-csv/commons-csv/.git.path
2026-06-19T18:13:14.0467981Z /home/runner/work/_temp/git-credentials-b67d55c6-2501-4e26-8ecc-69475f8f8c60.config
2026-06-19T18:13:14.0476959Z [command]/usr/bin/git config --local --unset includeif.gitdir:/home/runner/work/commons-csv/commons-csv/.git.path /home/runner/work/_temp/git-credentials-b67d55c6-2501-4e26-8ecc-69475f8f8c60.config
2026-06-19T18:13:14.0507869Z [command]/usr/bin/git config --local --get-all includeif.gitdir:/home/runner/work/commons-csv/commons-csv/.git/worktrees/*.path
2026-06-19T18:13:14.0528609Z /home/runner/work/_temp/git-credentials-b67d55c6-2501-4e26-8ecc-69475f8f8c60.config
2026-06-19T18:13:14.0536165Z [command]/usr/bin/git config --local --unset includeif.gitdir:/home/runner/work/commons-csv/commons-csv/.git/worktrees/*.path /home/runner/work/_temp/git-credentials-b67d55c6-2501-4e26-8ecc-69475f8f8c60.config
2026-06-19T18:13:14.0567440Z [command]/usr/bin/git config --local --get-all includeif.gitdir:/github/workspace/.git.path
2026-06-19T18:13:14.0588812Z /github/runner_temp/git-credentials-b67d55c6-2501-4e26-8ecc-69475f8f8c60.config
2026-06-19T18:13:14.0597564Z [command]/usr/bin/git config --local --unset includeif.gitdir:/github/workspace/.git.path /github/runner_temp/git-credentials-b67d55c6-2501-4e26-8ecc-69475f8f8c60.config
2026-06-19T18:13:14.0634883Z [command]/usr/bin/git config --local --get-all includeif.gitdir:/github/workspace/.git/worktrees/*.path
2026-06-19T18:13:14.0657479Z /github/runner_temp/git-credentials-b67d55c6-2501-4e26-8ecc-69475f8f8c60.config
2026-06-19T18:13:14.0708985Z [command]/usr/bin/git config --local --unset includeif.gitdir:/github/workspace/.git/worktrees/*.path /github/runner_temp/git-credentials-b67d55c6-2501-4e26-8ecc-69475f8f8c60.config
2026-06-19T18:13:14.0739535Z [command]/usr/bin/git submodule foreach --recursive git config --local --show-origin --name-only --get-regexp remote.origin.url
2026-06-19T18:13:14.0948187Z Removing credentials config '/home/runner/work/_temp/git-credentials-b67d55c6-2501-4e26-8ecc-69475f8f8c60.config'
2026-06-19T18:13:14.0956648Z ##[endgroup]
2026-06-19T18:13:14.1924240Z ##[group]Run actions/cache@27d5ce7f107fe9357f9df03efb73ab90386fccae
2026-06-19T18:13:14.1924654Z with:
2026-06-19T18:13:14.1924870Z   path: ~/.m2/repository
2026-06-19T18:13:14.1925284Z   key: Linux-maven-500bd103c573dd4085a3354ac5d9b01ec8dee5d0ddbcdd60a81a99e9beee1f07
2026-06-19T18:13:14.1925738Z   restore-keys: Linux-maven-

2026-06-19T18:13:14.1926028Z   enableCrossOsArchive: false
2026-06-19T18:13:14.1926272Z   fail-on-cache-miss: false
2026-06-19T18:13:14.1926507Z   lookup-only: false
2026-06-19T18:13:14.1926723Z   save-always: false
2026-06-19T18:13:14.1926935Z ##[endgroup]
2026-06-19T18:13:14.5393605Z Cache hit for: Linux-maven-500bd103c573dd4085a3354ac5d9b01ec8dee5d0ddbcdd60a81a99e9beee1f07
2026-06-19T18:13:15.7560729Z Received 25165824 of 423043815 (5.9%), 24.0 MBs/sec
2026-06-19T18:13:16.7561172Z Received 167772160 of 423043815 (39.7%), 80.0 MBs/sec
2026-06-19T18:13:17.7557662Z Received 364904448 of 423043815 (86.3%), 116.0 MBs/sec
2026-06-19T18:13:18.1065419Z Received 423043815 of 423043815 (100.0%), 120.4 MBs/sec
2026-06-19T18:13:18.1068112Z Cache Size: ~403 MB (423043815 B)
2026-06-19T18:13:18.1176891Z [command]/usr/bin/tar -xf /home/runner/work/_temp/4472e1ee-d33f-4580-992f-09e563a57f5f/cache.tzst -P -C /home/runner/work/commons-csv/commons-csv --use-compress-program unzstd
2026-06-19T18:13:19.0933329Z Cache restored successfully
2026-06-19T18:13:19.1232811Z Cache restored from key: Linux-maven-500bd103c573dd4085a3354ac5d9b01ec8dee5d0ddbcdd60a81a99e9beee1f07
2026-06-19T18:13:19.1498275Z ##[group]Run actions/setup-java@be666c2fcd27ec809703dec50e508c2fdc7f6654
2026-06-19T18:13:19.1498690Z with:
2026-06-19T18:13:19.1498895Z   distribution: temurin
2026-06-19T18:13:19.1499132Z   java-version: 17
2026-06-19T18:13:19.1499345Z   java-package: jdk
2026-06-19T18:13:19.1499565Z   check-latest: false
2026-06-19T18:13:19.1499780Z   server-id: github
2026-06-19T18:13:19.1499997Z   server-username: GITHUB_ACTOR
2026-06-19T18:13:19.1500259Z   server-password: GITHUB_TOKEN
2026-06-19T18:13:19.1500772Z   overwrite-settings: true
2026-06-19T18:13:19.1501020Z   job-status: success
2026-06-19T18:13:19.1503994Z   token: ***
2026-06-19T18:13:19.1504200Z ##[endgroup]
2026-06-19T18:13:19.3028534Z ##[group]Installed distributions
2026-06-19T18:13:19.3106268Z Resolved Java 17.0.19+10 from tool-cache
2026-06-19T18:13:19.3106793Z Setting Java 17.0.19+10 as the default
2026-06-19T18:13:19.3118426Z Creating toolchains.xml for JDK version 17 from temurin
2026-06-19T18:13:19.3195227Z Writing to /home/runner/.m2/toolchains.xml
2026-06-19T18:13:19.3195810Z 
2026-06-19T18:13:19.3197014Z Java configuration:
2026-06-19T18:13:19.3197409Z   Distribution: temurin
2026-06-19T18:13:19.3197790Z   Version: 17.0.19+10
2026-06-19T18:13:19.3198329Z   Path: /opt/hostedtoolcache/Java_Temurin-Hotspot_jdk/17.0.19-10/x64
2026-06-19T18:13:19.3198800Z 
2026-06-19T18:13:19.3199219Z ##[endgroup]
2026-06-19T18:13:19.3218983Z Creating settings.xml with server-id: github
2026-06-19T18:13:19.3219577Z Writing to /home/runner/.m2/settings.xml
2026-06-19T18:13:19.3333036Z ##[group]Run mvn -Ddoclint=all --show-version --batch-mode --no-transfer-progress
2026-06-19T18:13:19.3333733Z [36;1mmvn -Ddoclint=all --show-version --batch-mode --no-transfer-progress[0m
2026-06-19T18:13:19.3553526Z shell: /usr/bin/bash -e {0}
2026-06-19T18:13:19.3553802Z env:
2026-06-19T18:13:19.3554138Z   JAVA_HOME: /opt/hostedtoolcache/Java_Temurin-Hotspot_jdk/17.0.19-10/x64
2026-06-19T18:13:19.3554716Z   JAVA_HOME_17_X64: /opt/hostedtoolcache/Java_Temurin-Hotspot_jdk/17.0.19-10/x64
2026-06-19T18:13:19.3555133Z ##[endgroup]
2026-06-19T18:13:20.2445727Z Apache Maven 3.9.16 (2bdd9fddda4b155ebf8000e807eb73fd829a51d5)
2026-06-19T18:13:20.2446872Z Maven home: /usr/share/apache-maven-3.9.16
2026-06-19T18:13:20.2447960Z Java version: 17.0.19, vendor: Eclipse Adoptium, runtime: /usr/lib/jvm/temurin-17-jdk-amd64
2026-06-19T18:13:20.2448810Z Default locale: en, platform encoding: UTF-8
2026-06-19T18:13:20.2449593Z OS name: "linux", version: "6.17.0-1018-azure", arch: "amd64", family: "unix"
2026-06-19T18:13:21.7771707Z [INFO] Scanning for projects...
2026-06-19T18:13:22.2211377Z [INFO] 
2026-06-19T18:13:22.2271138Z [INFO] -------------------< org.apache.commons:commons-csv >-------------------
2026-06-19T18:13:22.2301089Z [INFO] Building Apache Commons CSV 1.15.0-SNAPSHOT
2026-06-19T18:13:22.2301723Z [INFO]   from pom.xml
2026-06-19T18:13:22.2361151Z [INFO] --------------------------------[ jar ]---------------------------------
2026-06-19T18:13:22.5921477Z [INFO] 
2026-06-19T18:13:22.5951204Z [INFO] --- clean:3.5.0:clean (default-clean) @ commons-csv ---
2026-06-19T18:13:22.6645243Z [INFO] 
2026-06-19T18:13:22.6671534Z [INFO] --- enforcer:3.6.2:enforce (enforce-maven-version) @ commons-csv ---
2026-06-19T18:13:22.8181949Z [INFO] Rule 0: org.apache.maven.enforcer.rules.version.RequireMavenVersion passed
2026-06-19T18:13:22.8211233Z [INFO] 
2026-06-19T18:13:22.8221148Z [INFO] --- enforcer:3.6.2:enforce (enforce-java-version) @ commons-csv ---
2026-06-19T18:13:22.8331557Z [INFO] Rule 0: org.apache.maven.enforcer.rules.version.RequireJavaVersion passed
2026-06-19T18:13:22.8361211Z [INFO] 
2026-06-19T18:13:22.8401178Z [INFO] --- apache-rat:0.18:check (rat-check) @ commons-csv ---
2026-06-19T18:13:25.0991514Z [INFO] No issues found.
2026-06-19T18:13:25.1010024Z [INFO] 
2026-06-19T18:13:25.1010908Z [INFO] --- artifact:3.6.1:check-buildplan (check-buildplan) @ commons-csv ---
2026-06-19T18:13:25.4824187Z [INFO] No known issue in 20 plugins
2026-06-19T18:13:25.4825018Z [INFO] 
2026-06-19T18:13:25.4825861Z [INFO] --- build-helper:3.6.1:parse-version (parse-version) @ commons-csv ---
2026-06-19T18:13:25.5174843Z [INFO] 
2026-06-19T18:13:25.5175764Z [INFO] --- antrun:3.2.0:run (javadoc.resources) @ commons-csv ---
2026-06-19T18:13:25.6754859Z [INFO] Executing tasks
2026-06-19T18:13:25.7172636Z [INFO]      [copy] Copying 2 files to /home/runner/work/commons-csv/commons-csv/target/apidocs/META-INF
2026-06-19T18:13:25.7211634Z [INFO] Executed tasks
2026-06-19T18:13:25.7234542Z [INFO] 
2026-06-19T18:13:25.7261869Z [INFO] --- remote-resources:3.3.0:process (process-resource-bundles) @ commons-csv ---
2026-06-19T18:13:25.9203182Z [INFO] Skipping remote resources execution.
2026-06-19T18:13:25.9237001Z [INFO] 
2026-06-19T18:13:25.9271440Z [INFO] --- resources:3.5.0:resources (default-resources) @ commons-csv ---
2026-06-19T18:13:25.9599754Z [INFO] skip non existing resourceDirectory /home/runner/work/commons-csv/commons-csv/src/main/resources
2026-06-19T18:13:25.9621883Z [INFO] Copying 2 resources from . to target/classes/META-INF
2026-06-19T18:13:25.9681619Z [INFO] 
2026-06-19T18:13:25.9682435Z [INFO] --- compiler:3.15.0:compile (default-compile) @ commons-csv ---
2026-06-19T18:13:26.0637271Z [INFO] Recompiling the module because of changed source code.
2026-06-19T18:13:26.0734231Z [INFO] Compiling 12 source files with javac [debug release 8] to target/classes
2026-06-19T18:13:27.4151504Z [INFO] 
2026-06-19T18:13:27.4152113Z [INFO] --- bundle:6.0.2:manifest (bundle-manifest) @ commons-csv ---
2026-06-19T18:13:27.6992210Z [INFO] No MANIFEST.MF file found, generating manifest.
2026-06-19T18:13:28.0125935Z [INFO] Writing manifest: /home/runner/work/commons-csv/commons-csv/target/osgi/MANIFEST.MF
2026-06-19T18:13:28.0159592Z [INFO] 
2026-06-19T18:13:28.0181581Z [INFO] --- resources:3.5.0:testResources (default-testResources) @ commons-csv ---
2026-06-19T18:13:28.0214184Z [INFO] Copying 25 resources from src/test/resources to target/test-classes
2026-06-19T18:13:28.0669551Z [INFO] Copying 2 resources from . to target/test-classes/META-INF
2026-06-19T18:13:28.0673684Z [INFO] 
2026-06-19T18:13:28.0676130Z [INFO] --- compiler:3.15.0:testCompile (default-testCompile) @ commons-csv ---
2026-06-19T18:13:28.0764224Z [INFO] Recompiling the module because of changed dependency.
2026-06-19T18:13:28.0791316Z [INFO] Compiling 42 source files with javac [debug release 8] to target/test-classes
2026-06-19T18:13:29.4882967Z [INFO] /home/runner/work/commons-csv/commons-csv/src/test/java/org/apache/commons/csv/CSVFileParserTest.java: Some input files use or override a deprecated API.
2026-06-19T18:13:29.4885429Z [INFO] /home/runner/work/commons-csv/commons-csv/src/test/java/org/apache/commons/csv/CSVFileParserTest.java: Recompile with -Xlint:deprecation for details.
2026-06-19T18:13:29.4887014Z [INFO] 
2026-06-19T18:13:29.4887782Z [INFO] --- jacoco:0.8.15:prepare-agent (prepare-agent) @ commons-csv ---
2026-06-19T18:13:29.5174090Z [INFO] argLine set to -javaagent:/home/runner/.m2/repository/org/jacoco/org.jacoco.agent/0.8.15/org.jacoco.agent-0.8.15-runtime.jar=destfile=/home/runner/work/commons-csv/commons-csv/target/jacoco.exec,exclclassloader=jdk.internal.loader.ClassLoaders$PlatformClassLoader
2026-06-19T18:13:29.5176400Z [INFO] 
2026-06-19T18:13:29.5177223Z [INFO] --- surefire:3.5.6:test (default-test) @ commons-csv ---
2026-06-19T18:13:29.5975347Z [INFO] Using auto detected provider org.apache.maven.surefire.junitplatform.JUnitPlatformProvider
2026-06-19T18:13:29.6233912Z [INFO] 
2026-06-19T18:13:29.6234733Z [INFO] -------------------------------------------------------
2026-06-19T18:13:29.6235306Z [INFO]  T E S T S
2026-06-19T18:13:29.6235768Z [INFO] -------------------------------------------------------
2026-06-19T18:13:31.0989965Z [INFO] Running org.apache.commons.csv.issues.JiraCsv249Test
2026-06-19T18:13:31.2762312Z [INFO] Tests run: 1, Failures: 0, Errors: 0, Skipped: 0, Time elapsed: 0.145 s -- in org.apache.commons.csv.issues.JiraCsv249Test
2026-06-19T18:13:31.2822837Z [INFO] Running org.apache.commons.csv.issues.JiraCsv93Test
2026-06-19T18:13:31.2871514Z [INFO] Tests run: 3, Failures: 0, Errors: 0, Skipped: 0, Time elapsed: 0.030 s -- in org.apache.commons.csv.issues.JiraCsv93Test
2026-06-19T18:13:31.2951176Z [INFO] Running org.apache.commons.csv.issues.JiraCsv253Test
2026-06-19T18:13:31.3065365Z [INFO] Tests run: 1, Failures: 0, Errors: 0, Skipped: 0, Time elapsed: 0.014 s -- in org.apache.commons.csv.issues.JiraCsv253Test
2026-06-19T18:13:31.3091097Z [INFO] Running org.apache.commons.csv.issues.JiraCsv271Test
2026-06-19T18:13:31.3133316Z [INFO] Tests run: 2, Failures: 0, Errors: 0, Skipped: 0, Time elapsed: 0.005 s -- in org.apache.commons.csv.issues.JiraCsv271Test
2026-06-19T18:13:31.3161148Z [INFO] Running org.apache.commons.csv.issues.JiraCsv211Test
2026-06-19T18:13:31.3212981Z [INFO] Tests run: 1, Failures: 0, Errors: 0, Skipped: 0, Time elapsed: 0.005 s -- in org.apache.commons.csv.issues.JiraCsv211Test
2026-06-19T18:13:31.3264239Z [INFO] Running org.apache.commons.csv.issues.JiraCsv203Test
2026-06-19T18:13:31.3481011Z [INFO] Tests run: 7, Failures: 0, Errors: 0, Skipped: 0, Time elapsed: 0.027 s -- in org.apache.commons.csv.issues.JiraCsv203Test
2026-06-19T18:13:31.3518861Z [INFO] Running org.apache.commons.csv.issues.JiraCsv154Test
2026-06-19T18:13:31.3541634Z [INFO] Tests run: 2, Failures: 0, Errors: 0, Skipped: 0, Time elapsed: 0.006 s -- in org.apache.commons.csv.issues.JiraCsv154Test
2026-06-19T18:13:31.3548849Z [INFO] Running org.apache.commons.csv.issues.JiraCsv257Test
2026-06-19T18:13:31.3738337Z [INFO] Tests run: 3, Failures: 0, Errors: 0, Skipped: 0, Time elapsed: 0.015 s -- in org.apache.commons.csv.issues.JiraCsv257Test
2026-06-19T18:13:31.3791277Z [INFO] Running org.apache.commons.csv.issues.JiraCsv198Test
2026-06-19T18:13:31.8022001Z [INFO] Tests run: 1, Failures: 0, Errors: 0, Skipped: 0, Time elapsed: 0.425 s -- in org.apache.commons.csv.issues.JiraCsv198Test
2026-06-19T18:13:31.8061284Z [INFO] Running org.apache.commons.csv.issues.JiraCsv213Test
2026-06-19T18:13:31.8091544Z [INFO] Tests run: 1, Failures: 0, Errors: 0, Skipped: 0, Time elapsed: 0.004 s -- in org.apache.commons.csv.issues.JiraCsv213Test
2026-06-19T18:13:31.8131128Z [INFO] Running org.apache.commons.csv.issues.JiraCsv254Test
2026-06-19T18:13:31.8176487Z [INFO] Tests run: 1, Failures: 0, Errors: 0, Skipped: 0, Time elapsed: 0.002 s -- in org.apache.commons.csv.issues.JiraCsv254Test
2026-06-19T18:13:31.8182277Z [INFO] Running org.apache.commons.csv.issues.JiraCsv248Test
2026-06-19T18:13:31.8361765Z [INFO] Tests run: 1, Failures: 0, Errors: 0, Skipped: 0, Time elapsed: 0.021 s -- in org.apache.commons.csv.issues.JiraCsv248Test
2026-06-19T18:13:31.8391164Z [INFO] Running org.apache.commons.csv.issues.JiraCsv290Test
2026-06-19T18:13:31.8464065Z [INFO] Tests run: 3, Failures: 0, Errors: 0, Skipped: 0, Time elapsed: 0.008 s -- in org.apache.commons.csv.issues.JiraCsv290Test
2026-06-19T18:13:31.8531321Z [INFO] Running org.apache.commons.csv.issues.JiraCsv206Test
2026-06-19T18:13:31.8541635Z [INFO] Tests run: 1, Failures: 0, Errors: 0, Skipped: 0, Time elapsed: 0.003 s -- in org.apache.commons.csv.issues.JiraCsv206Test
2026-06-19T18:13:31.8573854Z [INFO] Running org.apache.commons.csv.issues.JiraCsv149Test
2026-06-19T18:13:31.8602767Z [INFO] Tests run: 2, Failures: 0, Errors: 0, Skipped: 0, Time elapsed: 0.004 s -- in org.apache.commons.csv.issues.JiraCsv149Test
2026-06-19T18:13:31.8661227Z [INFO] Running org.apache.commons.csv.issues.JiraCsv294Test
2026-06-19T18:13:31.8691551Z [INFO] Tests run: 4, Failures: 0, Errors: 0, Skipped: 0, Time elapsed: 0.007 s -- in org.apache.commons.csv.issues.JiraCsv294Test
2026-06-19T18:13:31.8700706Z [INFO] Running org.apache.commons.csv.issues.JiraCsv264Test
2026-06-19T18:13:31.8745527Z [INFO] Tests run: 3, Failures: 0, Errors: 0, Skipped: 0, Time elapsed: 0.008 s -- in org.apache.commons.csv.issues.JiraCsv264Test
2026-06-19T18:13:31.8771277Z [INFO] Running org.apache.commons.csv.issues.JiraCsv247Test
2026-06-19T18:13:31.8801568Z [INFO] Tests run: 2, Failures: 0, Errors: 0, Skipped: 0, Time elapsed: 0.005 s -- in org.apache.commons.csv.issues.JiraCsv247Test
2026-06-19T18:13:31.8804045Z [INFO] Running org.apache.commons.csv.issues.JiraCsv265Test
2026-06-19T18:13:31.8831596Z [INFO] Tests run: 2, Failures: 0, Errors: 0, Skipped: 0, Time elapsed: 0.006 s -- in org.apache.commons.csv.issues.JiraCsv265Test
2026-06-19T18:13:31.8861137Z [INFO] Running org.apache.commons.csv.issues.JiraCsv148Test
2026-06-19T18:13:31.8895735Z [INFO] Tests run: 2, Failures: 0, Errors: 0, Skipped: 0, Time elapsed: 0.005 s -- in org.apache.commons.csv.issues.JiraCsv148Test
2026-06-19T18:13:31.8931280Z [INFO] Running org.apache.commons.csv.issues.JiraCsv288Test
2026-06-19T18:13:31.9116302Z [INFO] Tests run: 12, Failures: 0, Errors: 0, Skipped: 0, Time elapsed: 0.021 s -- in org.apache.commons.csv.issues.JiraCsv288Test
2026-06-19T18:13:31.9141082Z [INFO] Running org.apache.commons.csv.issues.JiraCsv167Test
2026-06-19T18:13:31.9168137Z [INFO] Tests run: 1, Failures: 0, Errors: 0, Skipped: 0, Time elapsed: 0.005 s -- in org.apache.commons.csv.issues.JiraCsv167Test
2026-06-19T18:13:31.9191200Z [INFO] Running org.apache.commons.csv.issues.JiraCsv227Test
2026-06-19T18:13:31.9221588Z [INFO] Tests run: 1, Failures: 0, Errors: 0, Skipped: 0, Time elapsed: 0.004 s -- in org.apache.commons.csv.issues.JiraCsv227Test
2026-06-19T18:13:31.9222991Z [INFO] Running org.apache.commons.csv.issues.JiraCsv150Test
2026-06-19T18:13:31.9280044Z [INFO] Tests run: 3, Failures: 0, Errors: 0, Skipped: 0, Time elapsed: 0.005 s -- in org.apache.commons.csv.issues.JiraCsv150Test
2026-06-19T18:13:31.9311529Z [INFO] Running org.apache.commons.csv.issues.JiraCsv263Test
2026-06-19T18:13:31.9371466Z [INFO] Tests run: 1, Failures: 0, Errors: 0, Skipped: 0, Time elapsed: 0.005 s -- in org.apache.commons.csv.issues.JiraCsv263Test
2026-06-19T18:13:31.9388318Z [INFO] Running org.apache.commons.csv.CSVDuplicateHeaderTest
2026-06-19T18:13:32.5562133Z [INFO] Tests run: 348, Failures: 0, Errors: 0, Skipped: 0, Time elapsed: 0.592 s -- in org.apache.commons.csv.CSVDuplicateHeaderTest
2026-06-19T18:13:32.5591417Z [INFO] Running org.apache.commons.csv.CSVPrinterTest
2026-06-19T18:13:37.7026765Z [WARNING] Tests run: 148, Failures: 0, Errors: 0, Skipped: 7, Time elapsed: 5.153 s -- in org.apache.commons.csv.CSVPrinterTest
2026-06-19T18:13:37.7062349Z [INFO] Running org.apache.commons.csv.CSVFormatTest
2026-06-19T18:13:37.7902458Z [INFO] Tests run: 112, Failures: 0, Errors: 0, Skipped: 0, Time elapsed: 0.082 s -- in org.apache.commons.csv.CSVFormatTest
2026-06-19T18:13:37.7917593Z [INFO] Running org.apache.commons.csv.LexerTest
2026-06-19T18:13:37.8166754Z [INFO] Tests run: 36, Failures: 0, Errors: 0, Skipped: 0, Time elapsed: 0.047 s -- in org.apache.commons.csv.LexerTest
2026-06-19T18:13:37.8192446Z [INFO] Running org.apache.commons.csv.TokenTest
2026-06-19T18:13:37.8239829Z [INFO] Tests run: 5, Failures: 0, Errors: 0, Skipped: 0, Time elapsed: 0.009 s -- in org.apache.commons.csv.TokenTest
2026-06-19T18:13:37.8257136Z [INFO] Running org.apache.commons.csv.CSVRecordTest
2026-06-19T18:13:37.8701827Z [INFO] Tests run: 31, Failures: 0, Errors: 0, Skipped: 0, Time elapsed: 0.043 s -- in org.apache.commons.csv.CSVRecordTest
2026-06-19T18:13:37.8722140Z [INFO] Running org.apache.commons.csv.ExtendedBufferedReaderTest
2026-06-19T18:13:37.8749530Z [INFO] Tests run: 7, Failures: 0, Errors: 0, Skipped: 0, Time elapsed: 0.004 s -- in org.apache.commons.csv.ExtendedBufferedReaderTest
2026-06-19T18:13:37.8781157Z [INFO] Running org.apache.commons.csv.UserGuideTest
2026-06-19T18:13:37.9194596Z [INFO] Tests run: 2, Failures: 0, Errors: 0, Skipped: 0, Time elapsed: 0.038 s -- in org.apache.commons.csv.UserGuideTest
2026-06-19T18:13:37.9196811Z [INFO] Running org.apache.commons.csv.JiraCsv196Test
2026-06-19T18:13:37.9280735Z [INFO] Tests run: 2, Failures: 0, Errors: 0, Skipped: 0, Time elapsed: 0.012 s -- in org.apache.commons.csv.JiraCsv196Test
2026-06-19T18:13:37.9292597Z [INFO] Running org.apache.commons.csv.JiraCsv318Test
2026-06-19T18:13:37.9476794Z [INFO] Tests run: 5, Failures: 0, Errors: 0, Skipped: 0, Time elapsed: 0.019 s -- in org.apache.commons.csv.JiraCsv318Test
2026-06-19T18:13:37.9479400Z [INFO] Running org.apache.commons.csv.CSVFormatPredefinedTest
2026-06-19T18:13:37.9525731Z [INFO] Tests run: 10, Failures: 0, Errors: 0, Skipped: 0, Time elapsed: 0.005 s -- in org.apache.commons.csv.CSVFormatPredefinedTest
2026-06-19T18:13:37.9527985Z [INFO] Running org.apache.commons.csv.CSVFileParserTest
2026-06-19T18:13:37.9913551Z [INFO] Tests run: 14, Failures: 0, Errors: 0, Skipped: 0, Time elapsed: 0.036 s -- in org.apache.commons.csv.CSVFileParserTest
2026-06-19T18:13:37.9941155Z [INFO] Running org.apache.commons.csv.CSVParserTest
2026-06-19T18:13:38.1542171Z [ERROR] Tests run: 161, Failures: 1, Errors: 0, Skipped: 4, Time elapsed: 0.152 s <<< FAILURE! -- in org.apache.commons.csv.CSVParserTest
2026-06-19T18:13:38.1545069Z [ERROR] org.apache.commons.csv.CSVParserTest.testGetBytePositionMultiCharacterDelimiterWithSupplementaryCharacter -- Time elapsed: 0.006 s <<< FAILURE!
2026-06-19T18:13:38.1547783Z org.opentest4j.AssertionFailedError: expected: <ax😀2> but was: <8>
2026-06-19T18:13:38.1548850Z 	at org.junit.jupiter.api.AssertionFailureBuilder.build(AssertionFailureBuilder.java:151)
2026-06-19T18:13:38.1550122Z 	at org.junit.jupiter.api.AssertionFailureBuilder.buildAndThrow(AssertionFailureBuilder.java:132)
2026-06-19T18:13:38.1558858Z 	at org.junit.jupiter.api.AssertEquals.failNotEqual(AssertEquals.java:197)
2026-06-19T18:13:38.1559863Z 	at org.junit.jupiter.api.AssertEquals.assertEquals(AssertEquals.java:182)
2026-06-19T18:13:38.1561305Z 	at org.junit.jupiter.api.AssertEquals.assertEquals(AssertEquals.java:177)
2026-06-19T18:13:38.1562274Z 	at org.junit.jupiter.api.Assertions.assertEquals(Assertions.java:1145)
2026-06-19T18:13:38.1563788Z 	at org.apache.commons.csv.CSVParserTest.testGetBytePositionMultiCharacterDelimiterWithSupplementaryCharacter(CSVParserTest.java:690)
2026-06-19T18:13:38.1565269Z 	at java.base/java.lang.reflect.Method.invoke(Method.java:569)
2026-06-19T18:13:38.1566058Z 	at java.base/java.util.ArrayList.forEach(ArrayList.java:1511)
2026-06-19T18:13:38.1566808Z 	at java.base/java.util.ArrayList.forEach(ArrayList.java:1511)
2026-06-19T18:13:38.1567265Z 
2026-06-19T18:13:38.2011659Z [INFO] 
2026-06-19T18:13:38.2021388Z [INFO] Results:
2026-06-19T18:13:38.2031373Z [INFO] 
2026-06-19T18:13:38.2031861Z [ERROR] Failures: 
2026-06-19T18:13:38.2033593Z [ERROR]   CSVParserTest.testGetBytePositionMultiCharacterDelimiterWithSupplementaryCharacter:690 expected: <ax😀2> but was: <8>
2026-06-19T18:13:38.2034974Z [INFO] 
2026-06-19T18:13:38.2035651Z [ERROR] Tests run: 942, Failures: 1, Errors: 0, Skipped: 11
2026-06-19T18:13:38.2036425Z [INFO] 
2026-06-19T18:13:38.2046495Z [INFO] ------------------------------------------------------------------------
2026-06-19T18:13:38.2047279Z [INFO] BUILD FAILURE
2026-06-19T18:13:38.2048019Z [INFO] ------------------------------------------------------------------------
2026-06-19T18:13:38.2057187Z [INFO] Total time:  16.465 s
2026-06-19T18:13:38.2064333Z [INFO] Finished at: 2026-06-19T18:13:38Z
2026-06-19T18:13:38.2075878Z [INFO] ------------------------------------------------------------------------
2026-06-19T18:13:38.2077398Z [ERROR] Failed to execute goal org.apache.maven.plugins:maven-surefire-plugin:3.5.6:test (default-test) on project commons-csv: There are test failures.
2026-06-19T18:13:38.2078638Z [ERROR] 
2026-06-19T18:13:38.2079595Z [ERROR] See /home/runner/work/commons-csv/commons-csv/target/surefire-reports for the individual test results.
2026-06-19T18:13:38.2084741Z [ERROR] See dump files (if any exist) [date].dump, [date]-jvmRun[N].dump and [date].dumpstream.
2026-06-19T18:13:38.2085757Z [ERROR] -> [Help 1]
2026-06-19T18:13:38.2111030Z [ERROR] 
2026-06-19T18:13:38.2113428Z [ERROR] To see the full stack trace of the errors, re-run Maven with the -e switch.
2026-06-19T18:13:38.2122429Z [ERROR] Re-run Maven using the -X switch to enable full debug logging.
2026-06-19T18:13:38.2127987Z [ERROR] 
2026-06-19T18:13:38.2128982Z [ERROR] For more information about the errors and possible solutions, please read the following articles:
2026-06-19T18:13:38.2131016Z [ERROR] [Help 1] http://cwiki.apache.org/confluence/display/MAVEN/MojoFailureException
2026-06-19T18:13:38.2418944Z ##[error]Process completed with exit code 1.
2026-06-19T18:13:38.2529593Z Post job cleanup.
2026-06-19T18:13:38.3831492Z Post job cleanup.
2026-06-19T18:13:38.4616669Z [command]/usr/bin/git version
2026-06-19T18:13:38.4652381Z git version 2.54.0
2026-06-19T18:13:38.4692621Z Temporarily overriding HOME='/home/runner/work/_temp/17f4e855-d81a-440c-b803-0c3206523894' before making global git config changes
2026-06-19T18:13:38.4693608Z Adding repository directory to the temporary git global config as a safe directory
2026-06-19T18:13:38.4697612Z [command]/usr/bin/git config --global --add safe.directory /home/runner/work/commons-csv/commons-csv
2026-06-19T18:13:38.4724952Z Removing SSH command configuration
2026-06-19T18:13:38.4730867Z [command]/usr/bin/git config --local --name-only --get-regexp core\.sshCommand
2026-06-19T18:13:38.4761041Z [command]/usr/bin/git submodule foreach --recursive sh -c "git config --local --name-only --get-regexp 'core\.sshCommand' && git config --local --unset-all 'core.sshCommand' || :"
2026-06-19T18:13:38.4974800Z Removing HTTP extra header
2026-06-19T18:13:38.4979747Z [command]/usr/bin/git config --local --name-only --get-regexp http\.https\:\/\/github\.com\/\.extraheader
2026-06-19T18:13:38.5012002Z [command]/usr/bin/git submodule foreach --recursive sh -c "git config --local --name-only --get-regexp 'http\.https\:\/\/github\.com\/\.extraheader' && git config --local --unset-all 'http.https://github.com/.extraheader' || :"
2026-06-19T18:13:38.5224168Z Removing includeIf entries pointing to credentials config files
2026-06-19T18:13:38.5229846Z [command]/usr/bin/git config --local --name-only --get-regexp ^includeIf\.gitdir:
2026-06-19T18:13:38.5260277Z [command]/usr/bin/git submodule foreach --recursive git config --local --show-origin --name-only --get-regexp remote.origin.url
2026-06-19T18:13:38.5625168Z Cleaning up orphan processes
