2026-03-26T17:12:45.7782532Z Current runner version: '2.332.0'
2026-03-26T17:12:45.7807288Z ##[group]Runner Image Provisioner
2026-03-26T17:12:45.7808147Z Hosted Compute Agent
2026-03-26T17:12:45.7808782Z Version: 20260213.493
2026-03-26T17:12:45.7809348Z Commit: 5c115507f6dd24b8de37d8bbe0bb4509d0cc0fa3
2026-03-26T17:12:45.7810086Z Build Date: 2026-02-13T00:28:41Z
2026-03-26T17:12:45.7810752Z Worker ID: {62767a13-7f5d-470c-b0ee-199de4e0a3f5}
2026-03-26T17:12:45.7811406Z Azure Region: northcentralus
2026-03-26T17:12:45.7812039Z ##[endgroup]
2026-03-26T17:12:45.7813837Z ##[group]Operating System
2026-03-26T17:12:45.7814545Z Ubuntu
2026-03-26T17:12:45.7814966Z 24.04.3
2026-03-26T17:12:45.7815533Z LTS
2026-03-26T17:12:45.7815955Z ##[endgroup]
2026-03-26T17:12:45.7816441Z ##[group]Runner Image
2026-03-26T17:12:45.7817082Z Image: ubuntu-24.04
2026-03-26T17:12:45.7817577Z Version: 20260309.50.1
2026-03-26T17:12:45.7818779Z Included Software: https://github.com/actions/runner-images/blob/ubuntu24/20260309.50/images/ubuntu/Ubuntu2404-Readme.md
2026-03-26T17:12:45.7820261Z Image Release: https://github.com/actions/runner-images/releases/tag/ubuntu24%2F20260309.50
2026-03-26T17:12:45.7821106Z ##[endgroup]
2026-03-26T17:12:45.7823858Z ##[group]GITHUB_TOKEN Permissions
2026-03-26T17:12:45.7826110Z Actions: read
2026-03-26T17:12:45.7826930Z ArtifactMetadata: read
2026-03-26T17:12:45.7827506Z Attestations: read
2026-03-26T17:12:45.7827980Z Checks: read
2026-03-26T17:12:45.7828577Z Contents: read
2026-03-26T17:12:45.7829046Z Deployments: read
2026-03-26T17:12:45.7829550Z Discussions: read
2026-03-26T17:12:45.7830045Z Issues: read
2026-03-26T17:12:45.7830603Z Metadata: read
2026-03-26T17:12:45.7831106Z Models: read
2026-03-26T17:12:45.7831681Z Packages: read
2026-03-26T17:12:45.7832487Z Pages: read
2026-03-26T17:12:45.7833193Z PullRequests: read
2026-03-26T17:12:45.7833794Z RepositoryProjects: read
2026-03-26T17:12:45.7834341Z SecurityEvents: read
2026-03-26T17:12:45.7834865Z Statuses: read
2026-03-26T17:12:45.7835322Z ##[endgroup]
2026-03-26T17:12:45.7837478Z Secret source: Actions
2026-03-26T17:12:45.7838403Z Prepare workflow directory
2026-03-26T17:12:45.8189350Z Prepare all required actions
2026-03-26T17:12:45.8227561Z Getting action download info
2026-03-26T17:12:46.2242381Z Download action repository 'actions/checkout@v6' (SHA:de0fac2e4500dabe0009e67214ff5f5447ce83dd)
2026-03-26T17:12:46.3706782Z Download action repository 'actions/setup-node@v3' (SHA:3235b876344d2a9aa001b8d1453c930bba69e610)
2026-03-26T17:12:46.8423240Z Complete job name: Build ubuntu-latest node24.x
2026-03-26T17:12:46.9269934Z ##[group]Run actions/checkout@v6
2026-03-26T17:12:46.9271266Z with:
2026-03-26T17:12:46.9272043Z   repository: terser/terser
2026-03-26T17:12:46.9273474Z   token: ***
2026-03-26T17:12:46.9274250Z   ssh-strict: true
2026-03-26T17:12:46.9275052Z   ssh-user: git
2026-03-26T17:12:46.9275884Z   persist-credentials: true
2026-03-26T17:12:46.9276808Z   clean: true
2026-03-26T17:12:46.9277631Z   sparse-checkout-cone-mode: true
2026-03-26T17:12:46.9278662Z   fetch-depth: 1
2026-03-26T17:12:46.9279484Z   fetch-tags: false
2026-03-26T17:12:46.9280310Z   show-progress: true
2026-03-26T17:12:46.9281150Z   lfs: false
2026-03-26T17:12:46.9281905Z   submodules: false
2026-03-26T17:12:46.9282863Z   set-safe-directory: true
2026-03-26T17:12:46.9284054Z ##[endgroup]
2026-03-26T17:12:47.0271831Z Syncing repository: terser/terser
2026-03-26T17:12:47.0274952Z ##[group]Getting Git version info
2026-03-26T17:12:47.0276288Z Working directory is '/home/runner/work/terser/terser'
2026-03-26T17:12:47.0278482Z [command]/usr/bin/git version
2026-03-26T17:12:47.0316490Z git version 2.53.0
2026-03-26T17:12:47.0341809Z ##[endgroup]
2026-03-26T17:12:47.0358328Z Temporarily overriding HOME='/home/runner/work/_temp/fa3084b3-02be-4ccb-bc67-fb1cb850847e' before making global git config changes
2026-03-26T17:12:47.0361376Z Adding repository directory to the temporary git global config as a safe directory
2026-03-26T17:12:47.0364516Z [command]/usr/bin/git config --global --add safe.directory /home/runner/work/terser/terser
2026-03-26T17:12:47.0408351Z Deleting the contents of '/home/runner/work/terser/terser'
2026-03-26T17:12:47.0412944Z ##[group]Initializing the repository
2026-03-26T17:12:47.0418640Z [command]/usr/bin/git init /home/runner/work/terser/terser
2026-03-26T17:12:47.0524819Z hint: Using 'master' as the name for the initial branch. This default branch name
2026-03-26T17:12:47.0527216Z hint: will change to "main" in Git 3.0. To configure the initial branch name
2026-03-26T17:12:47.0530054Z hint: to use in all of your new repositories, which will suppress this warning,
2026-03-26T17:12:47.0531784Z hint: call:
2026-03-26T17:12:47.0533148Z hint:
2026-03-26T17:12:47.0534417Z hint: 	git config --global init.defaultBranch <name>
2026-03-26T17:12:47.0535621Z hint:
2026-03-26T17:12:47.0536731Z hint: Names commonly chosen instead of 'master' are 'main', 'trunk' and
2026-03-26T17:12:47.0539231Z hint: 'development'. The just-created branch can be renamed via this command:
2026-03-26T17:12:47.0541490Z hint:
2026-03-26T17:12:47.0542457Z hint: 	git branch -m <name>
2026-03-26T17:12:47.0543418Z hint:
2026-03-26T17:12:47.0544620Z hint: Disable this message with "git config set advice.defaultBranchName false"
2026-03-26T17:12:47.0546750Z Initialized empty Git repository in /home/runner/work/terser/terser/.git/
2026-03-26T17:12:47.0549892Z [command]/usr/bin/git remote add origin https://github.com/terser/terser
2026-03-26T17:12:47.0583582Z ##[endgroup]
2026-03-26T17:12:47.0585012Z ##[group]Disabling automatic garbage collection
2026-03-26T17:12:47.0586803Z [command]/usr/bin/git config --local gc.auto 0
2026-03-26T17:12:47.0620012Z ##[endgroup]
2026-03-26T17:12:47.0621908Z ##[group]Setting up auth
2026-03-26T17:12:47.0623393Z Removing SSH command configuration
2026-03-26T17:12:47.0626847Z [command]/usr/bin/git config --local --name-only --get-regexp core\.sshCommand
2026-03-26T17:12:47.0663352Z [command]/usr/bin/git submodule foreach --recursive sh -c "git config --local --name-only --get-regexp 'core\.sshCommand' && git config --local --unset-all 'core.sshCommand' || :"
2026-03-26T17:12:47.1018153Z Removing HTTP extra header
2026-03-26T17:12:47.1024694Z [command]/usr/bin/git config --local --name-only --get-regexp http\.https\:\/\/github\.com\/\.extraheader
2026-03-26T17:12:47.1060190Z [command]/usr/bin/git submodule foreach --recursive sh -c "git config --local --name-only --get-regexp 'http\.https\:\/\/github\.com\/\.extraheader' && git config --local --unset-all 'http.https://github.com/.extraheader' || :"
2026-03-26T17:12:47.1297918Z Removing includeIf entries pointing to credentials config files
2026-03-26T17:12:47.1303556Z [command]/usr/bin/git config --local --name-only --get-regexp ^includeIf\.gitdir:
2026-03-26T17:12:47.1338694Z [command]/usr/bin/git submodule foreach --recursive git config --local --show-origin --name-only --get-regexp remote.origin.url
2026-03-26T17:12:47.1585761Z [command]/usr/bin/git config --file /home/runner/work/_temp/git-credentials-71fce05b-625b-49ee-ac7f-7922583f41bc.config http.https://github.com/.extraheader AUTHORIZATION: basic ***
2026-03-26T17:12:47.1627875Z [command]/usr/bin/git config --local includeIf.gitdir:/home/runner/work/terser/terser/.git.path /home/runner/work/_temp/git-credentials-71fce05b-625b-49ee-ac7f-7922583f41bc.config
2026-03-26T17:12:47.1661585Z [command]/usr/bin/git config --local includeIf.gitdir:/home/runner/work/terser/terser/.git/worktrees/*.path /home/runner/work/_temp/git-credentials-71fce05b-625b-49ee-ac7f-7922583f41bc.config
2026-03-26T17:12:47.1694903Z [command]/usr/bin/git config --local includeIf.gitdir:/github/workspace/.git.path /github/runner_temp/git-credentials-71fce05b-625b-49ee-ac7f-7922583f41bc.config
2026-03-26T17:12:47.1727423Z [command]/usr/bin/git config --local includeIf.gitdir:/github/workspace/.git/worktrees/*.path /github/runner_temp/git-credentials-71fce05b-625b-49ee-ac7f-7922583f41bc.config
2026-03-26T17:12:47.1758554Z ##[endgroup]
2026-03-26T17:12:47.1759903Z ##[group]Fetching the repository
2026-03-26T17:12:47.1767488Z [command]/usr/bin/git -c protocol.version=2 fetch --no-tags --prune --no-recurse-submodules --depth=1 origin +bb54e8ee67ff47956c62cac7bcc4cae46802470a:refs/remotes/pull/1646/merge
2026-03-26T17:12:47.5598717Z From https://github.com/terser/terser
2026-03-26T17:12:47.5601283Z  * [new ref]         bb54e8ee67ff47956c62cac7bcc4cae46802470a -> pull/1646/merge
2026-03-26T17:12:47.5640124Z ##[endgroup]
2026-03-26T17:12:47.5642724Z ##[group]Determining the checkout info
2026-03-26T17:12:47.5645646Z ##[endgroup]
2026-03-26T17:12:47.5647342Z [command]/usr/bin/git sparse-checkout disable
2026-03-26T17:12:47.5698956Z [command]/usr/bin/git config --local --unset-all extensions.worktreeConfig
2026-03-26T17:12:47.5735593Z ##[group]Checking out the ref
2026-03-26T17:12:47.5739459Z [command]/usr/bin/git checkout --progress --force refs/remotes/pull/1646/merge
2026-03-26T17:12:47.6004755Z Note: switching to 'refs/remotes/pull/1646/merge'.
2026-03-26T17:12:47.6006431Z 
2026-03-26T17:12:47.6007575Z You are in 'detached HEAD' state. You can look around, make experimental
2026-03-26T17:12:47.6009714Z changes and commit them, and you can discard any commits you make in this
2026-03-26T17:12:47.6011687Z state without impacting any branches by switching back to a branch.
2026-03-26T17:12:47.6013160Z 
2026-03-26T17:12:47.6013888Z If you want to create a new branch to retain commits you create, you may
2026-03-26T17:12:47.6015673Z do so (now or later) by using -c with the switch command. Example:
2026-03-26T17:12:47.6016743Z 
2026-03-26T17:12:47.6017041Z   git switch -c <new-branch-name>
2026-03-26T17:12:47.6017686Z 
2026-03-26T17:12:47.6017925Z Or undo this operation with:
2026-03-26T17:12:47.6018471Z 
2026-03-26T17:12:47.6018656Z   git switch -
2026-03-26T17:12:47.6019029Z 
2026-03-26T17:12:47.6019795Z Turn off this advice by setting config variable advice.detachedHead to false
2026-03-26T17:12:47.6021078Z 
2026-03-26T17:12:47.6022671Z HEAD is now at bb54e8e Merge a602595610ecafb7a281a70cd90530288830f72e into e186a011f53f2403edbf4461cc501a36ac9eaf5e
2026-03-26T17:12:47.6026398Z ##[endgroup]
2026-03-26T17:12:47.6063487Z [command]/usr/bin/git log -1 --format=%H
2026-03-26T17:12:47.6092596Z bb54e8ee67ff47956c62cac7bcc4cae46802470a
2026-03-26T17:12:47.6358978Z ##[group]Run actions/setup-node@v3
2026-03-26T17:12:47.6359332Z with:
2026-03-26T17:12:47.6359549Z   node-version: 24.x
2026-03-26T17:12:47.6359788Z   always-auth: false
2026-03-26T17:12:47.6360040Z   check-latest: false
2026-03-26T17:12:47.6360469Z   token: ***
2026-03-26T17:12:47.6360690Z ##[endgroup]
2026-03-26T17:12:47.8468833Z Found in cache @ /opt/hostedtoolcache/node/24.14.0/x64
2026-03-26T17:12:47.8475663Z ##[group]Environment details
2026-03-26T17:12:53.8888888Z node: v24.14.0
2026-03-26T17:12:53.8889368Z npm: 11.9.0
2026-03-26T17:12:53.8889708Z yarn: 1.22.22
2026-03-26T17:12:53.8893004Z ##[endgroup]
2026-03-26T17:12:53.9080756Z ##[group]Run npm ci
2026-03-26T17:12:53.9081033Z [36;1mnpm ci[0m
2026-03-26T17:12:53.9142896Z shell: /usr/bin/bash -e {0}
2026-03-26T17:12:53.9143156Z ##[endgroup]
2026-03-26T17:12:59.1084903Z 
2026-03-26T17:12:59.1093737Z > terser@5.46.1 prepare
2026-03-26T17:12:59.1094426Z > npm run build
2026-03-26T17:12:59.1094659Z 
2026-03-26T17:12:59.2124141Z 
2026-03-26T17:12:59.2126649Z > terser@5.46.1 build
2026-03-26T17:12:59.2127311Z > rollup --config --silent
2026-03-26T17:12:59.2127903Z 
2026-03-26T17:13:00.3478709Z 
2026-03-26T17:13:00.3479844Z added 221 packages, and audited 222 packages in 6s
2026-03-26T17:13:00.3480203Z 
2026-03-26T17:13:00.3490337Z 31 packages are looking for funding
2026-03-26T17:13:00.3490885Z   run `npm fund` for details
2026-03-26T17:13:00.3665618Z 
2026-03-26T17:13:00.3667634Z 12 vulnerabilities (2 low, 2 moderate, 8 high)
2026-03-26T17:13:00.3668069Z 
2026-03-26T17:13:00.3668483Z To address issues that do not require attention, run:
2026-03-26T17:13:00.3669166Z   npm audit fix
2026-03-26T17:13:00.3669392Z 
2026-03-26T17:13:00.3669821Z To address all issues (including breaking changes), run:
2026-03-26T17:13:00.3670453Z   npm audit fix --force
2026-03-26T17:13:00.3671339Z 
2026-03-26T17:13:00.3671622Z Run `npm audit` for details.
2026-03-26T17:13:00.4273490Z ##[group]Run npm run build --if-present
2026-03-26T17:13:00.4273873Z [36;1mnpm run build --if-present[0m
2026-03-26T17:13:00.4324905Z shell: /usr/bin/bash -e {0}
2026-03-26T17:13:00.4325275Z ##[endgroup]
2026-03-26T17:13:00.5339873Z 
2026-03-26T17:13:00.5340229Z > terser@5.46.1 build
2026-03-26T17:13:00.5340737Z > rollup --config --silent
2026-03-26T17:13:00.5341038Z 
2026-03-26T17:13:01.6737293Z ##[group]Run npm run test:compress
2026-03-26T17:13:01.6737628Z [36;1mnpm run test:compress[0m
2026-03-26T17:13:01.6786839Z shell: /usr/bin/bash -e {0}
2026-03-26T17:13:01.6787102Z ##[endgroup]
2026-03-26T17:13:01.7824926Z 
2026-03-26T17:13:01.7825570Z > terser@5.46.1 test:compress
2026-03-26T17:13:01.7826077Z > node test/compress.js
2026-03-26T17:13:01.7826328Z 
2026-03-26T17:13:01.8953218Z *** Entering [test/compress] with 4 workers
2026-03-26T17:13:14.3062858Z 
2026-03-26T17:13:14.3689415Z Passed 2615 test cases.
2026-03-26T17:13:14.3732995Z ##[group]Run npm run test:mocha
2026-03-26T17:13:14.3733302Z [36;1mnpm run test:mocha[0m
2026-03-26T17:13:14.3781880Z shell: /usr/bin/bash -e {0}
2026-03-26T17:13:14.3782110Z env:
2026-03-26T17:13:14.3782516Z   TERSER_TEST_ALL: 1
2026-03-26T17:13:14.3782711Z ##[endgroup]
2026-03-26T17:13:14.4829495Z 
2026-03-26T17:13:14.4830064Z > terser@5.46.1 test:mocha
2026-03-26T17:13:14.4830526Z > mocha test/mocha
2026-03-26T17:13:14.4830679Z 
2026-03-26T17:13:14.7874091Z 
2026-03-26T17:13:14.7874531Z 
2026-03-26T17:13:14.7875178Z   annotations
2026-03-26T17:13:14.7875776Z     #__PURE__
2026-03-26T17:13:14.7898841Z       ✔ Should add a 'pure' annotation to the AST node
2026-03-26T17:13:14.7906198Z     #__INLINE__
2026-03-26T17:13:14.7917111Z       ✔ Adds an annotation
2026-03-26T17:13:14.7918051Z     #__NOINLINE__
2026-03-26T17:13:14.7960603Z       ✔ Adds an annotation
2026-03-26T17:13:14.7962066Z 
2026-03-26T17:13:14.7962421Z   arguments
2026-03-26T17:13:14.7993477Z     ✔ Should known that arguments in functions are local scoped
2026-03-26T17:13:14.8006543Z     ✔ Should recognize when a function uses arguments
2026-03-26T17:13:14.8017946Z     ✔ Should parse a function containing default assignment correctly
2026-03-26T17:13:14.8033366Z     ✔ Should parse a function containing default assignments in destructuring correctly
2026-03-26T17:13:14.8044761Z     ✔ Should parse a function containing default assignments in complex destructuring correctly
2026-03-26T17:13:14.8054367Z     ✔ Should parse spread correctly
2026-03-26T17:13:14.8054975Z 
2026-03-26T17:13:14.8055170Z   Arrow functions
2026-03-26T17:13:14.8056113Z     - Should not accept spread tokens on non-last parameters or without arguments parentheses
2026-03-26T17:13:14.8067445Z     ✔ Should not accept holes in object binding patterns, while still allowing a trailing elision
2026-03-26T17:13:14.8076492Z     ✔ Should not accept newlines before arrow token
2026-03-26T17:13:14.8087925Z     ✔ Should not accept arrow functions in the middle or end of an expression
2026-03-26T17:13:14.8094566Z     ✔ Should parse a function containing default assignment correctly
2026-03-26T17:13:14.8106430Z     ✔ Should parse a function containing default assignments in destructuring correctly
2026-03-26T17:13:14.8119770Z     ✔ Should parse a function containing default assignments in complex destructuring correctly
2026-03-26T17:13:14.8130170Z     ✔ Should parse spread correctly
2026-03-26T17:13:14.8268589Z     ✔ Should handle arrow function with bind
2026-03-26T17:13:14.8299205Z     ✔ Should handle return of arrow function assignment
2026-03-26T17:13:14.8299672Z 
2026-03-26T17:13:14.8300417Z   builtins
2026-03-26T17:13:14.8335261Z     ✔ Should not mangle builtins
2026-03-26T17:13:14.8335832Z 
2026-03-26T17:13:14.8336208Z   Class
2026-03-26T17:13:14.8349019Z     ✔ Should not accept spread on non-last parameters in methods
2026-03-26T17:13:14.8355482Z     ✔ Should return the correct token for class methods
2026-03-26T17:13:14.8382770Z     ✔ should work properly with class properties
2026-03-26T17:13:14.8384205Z 
2026-03-26T17:13:14.8384629Z   bin/terser (2)
2026-03-26T17:13:14.9208349Z     ✔ Should handle literal string as source map input (82ms)
2026-03-26T17:13:15.0093027Z     ✔ Should include function calls in source map (89ms)
2026-03-26T17:13:15.0883145Z     ✔ Should dump AST as JSON (79ms)
2026-03-26T17:13:15.1633567Z     ✔ Should print supported options on invalid option syntax (75ms)
2026-03-26T17:13:15.2385939Z     ✔ Should work with --mangle reserved=[] (75ms)
2026-03-26T17:13:15.3120787Z     ✔ Should work with --mangle reserved=false (73ms)
2026-03-26T17:13:15.3917902Z     ✔ Should fail with --mangle-props reserved=[in] (79ms)
2026-03-26T17:13:15.4676941Z     ✔ Should mangle toplevel names with the --module option (76ms)
2026-03-26T17:13:15.5371999Z     ✔ Should fail with --define a-b (69ms)
2026-03-26T17:13:15.6128819Z     ✔ Should work with -c defaults=false,conditionals (75ms)
2026-03-26T17:13:15.6837684Z     ✔ Should work with --enclose (71ms)
2026-03-26T17:13:15.7560155Z     ✔ Should work with --enclose arg (72ms)
2026-03-26T17:13:15.8281592Z     ✔ Should work with --enclose arg:value (72ms)
2026-03-26T17:13:15.9006859Z     ✔ Should work with --enclose & --wrap (72ms)
2026-03-26T17:13:15.9783821Z     ✔ should read files list from config file (78ms)
2026-03-26T17:13:16.0548094Z     ✔ should parse regex options correctly (76ms)
2026-03-26T17:13:16.0548531Z 
2026-03-26T17:13:16.0549057Z   bin/terser
2026-03-26T17:13:16.1233686Z     ✔ Should be able to filter comments correctly with `--comments all` (68ms)
2026-03-26T17:13:16.1904398Z     ✔ Should be able to filter comments correctly with `--comment <RegExp>` (67ms)
2026-03-26T17:13:16.2621949Z     ✔ Should be able to filter comments correctly with just `--comment` (71ms)
2026-03-26T17:13:16.3368238Z     ✔ Should append source map to output when using --source-map url=inline (74ms)
2026-03-26T17:13:16.3372013Z (node:2483) [DEP0005] DeprecationWarning: Buffer() is deprecated due to security and usability issues. Please use the Buffer.alloc(), Buffer.allocUnsafe(), or Buffer.from() methods instead.
2026-03-26T17:13:16.3374157Z (Use `node --trace-deprecation ...` to show where the warning was created)
2026-03-26T17:13:16.4086010Z     ✔ Should not append source map to output when not using --source-map url=inline (72ms)
2026-03-26T17:13:17.4318452Z     ✔ Should not load source map before finish reading from STDIN (1023ms)
2026-03-26T17:13:17.5076815Z     ✔ Should log its options into a file when given an env variable (76ms)
2026-03-26T17:13:17.5865818Z     ✔ Should work with --keep-fnames (mangle only) (79ms)
2026-03-26T17:13:17.6712458Z     ✔ Should work with --keep-fnames (mangle & compress) (84ms)
2026-03-26T17:13:17.7483655Z     ✔ Should work with keep_fnames under mangler options (77ms)
2026-03-26T17:13:17.8241891Z     ✔ Should work with --define (simple) (75ms)
2026-03-26T17:13:17.8993896Z     ✔ Should work with --define (nested) (75ms)
2026-03-26T17:13:17.9740924Z     ✔ Should work with --define (AST_Node) (74ms)
2026-03-26T17:13:18.1150489Z     ✔ Should alias `--beautify` with `--format` (140ms)
2026-03-26T17:13:18.1993201Z     ✔ Should process inline source map (85ms)
2026-03-26T17:13:18.2777395Z     ✔ Should fail with multiple input and inline source map (78ms)
2026-03-26T17:13:18.3470541Z     ✔ Should fail with acorn and inline source map (69ms)
2026-03-26T17:13:18.4134710Z     ✔ Should fail with SpiderMonkey and inline source map (67ms)
2026-03-26T17:13:18.4855030Z     ✔ Should fail with invalid syntax (72ms)
2026-03-26T17:13:18.5585571Z     ✔ Should fail with correct marking of tabs (73ms)
2026-03-26T17:13:18.6328294Z     ✔ Should fail with correct marking at start of line (74ms)
2026-03-26T17:13:18.7025679Z     ✔ Should output even when parent directory doesn't exist (70ms)
2026-03-26T17:13:18.7052051Z 
2026-03-26T17:13:18.7053292Z   comments
2026-03-26T17:13:18.7059621Z     ✔ Should recognize eol of single line comments
2026-03-26T17:13:18.7066300Z     ✔ Should update the position of a multiline comment correctly
2026-03-26T17:13:18.7078236Z     ✔ Should handle comment within return correctly
2026-03-26T17:13:18.7090636Z     ✔ Should handle comment folded into return correctly
2026-03-26T17:13:18.7095090Z     ✔ Should not drop comments after first OutputStream
2026-03-26T17:13:18.7108429Z     ✔ Should retain trailing comments
2026-03-26T17:13:18.7119486Z     ✔ Should retain comments within braces
2026-03-26T17:13:18.7132776Z     ✔ Should correctly preserve new lines around comments
2026-03-26T17:13:18.7136375Z     ✔ Should preserve new line before comment without beautify
2026-03-26T17:13:18.7140449Z     ✔ Should preserve comments around IIFE
2026-03-26T17:13:18.7143792Z     ✔ Should output line comments after statements
2026-03-26T17:13:18.7144276Z     comment before constant
2026-03-26T17:13:18.7165546Z       ✔ Should test comment before constant is retained and output after mangle.
2026-03-26T17:13:18.7175396Z       ✔ Should test code works when comments disabled.
2026-03-26T17:13:18.7178062Z     comment filters
2026-03-26T17:13:18.7181970Z       ✔ Should be able to filter comments by passing regexp
2026-03-26T17:13:18.7185223Z       ✔ Should be able to filter comments with the 'all' option
2026-03-26T17:13:18.7189856Z       ✔ Should be able to filter commments with the 'some' option
2026-03-26T17:13:18.7193098Z       ✔ Should be able to filter comments by passing a function
2026-03-26T17:13:18.7196244Z       ✔ Should be able to filter comments by passing regex in string format
2026-03-26T17:13:18.7199511Z       ✔ Should be able to get the comment and comment type when using a function
2026-03-26T17:13:18.7202962Z       ✔ Should be able to filter comments by passing a boolean
2026-03-26T17:13:18.7206079Z       ✔ Should never be able to filter comment5 (shebangs)
2026-03-26T17:13:18.7208665Z       ✔ Should never be able to filter comment5 when using 'some' as filter
2026-03-26T17:13:18.7213724Z       ✔ Should have no problem on multiple calls
2026-03-26T17:13:18.7224070Z       ✔ Should handle shebang and preamble correctly
2026-03-26T17:13:18.7230111Z       ✔ Should handle preamble without shebang correctly
2026-03-26T17:13:18.7230707Z     Huge number of comments.
2026-03-26T17:13:18.7471468Z       ✔ Should parse and compress code with thousands of consecutive comments
2026-03-26T17:13:18.7475347Z 
2026-03-26T17:13:18.7475577Z   Destructuring
2026-03-26T17:13:18.7533628Z     ✔ Should generate similar trees for destructuring in left hand side expressions, definitions, functions and arrow functions
2026-03-26T17:13:18.7602940Z 
2026-03-26T17:13:18.7603285Z   Directives
2026-03-26T17:13:18.7604102Z     ✔ Should allow tokenizer to store directives state
2026-03-26T17:13:18.7620134Z     ✔ Should know which strings are directive and which ones are not
2026-03-26T17:13:18.7628533Z     ✔ Should test EXPECT_DIRECTIVE RegExp
2026-03-26T17:13:18.7643437Z     ✔ Should only print 2 semicolons spread over 2 lines in beautify mode
2026-03-26T17:13:18.7677785Z     ✔ Should not add double semicolons in non-scoped block statements to avoid strings becoming directives
2026-03-26T17:13:18.7685387Z     ✔ Should add double semicolon when relying on automatic semicolon insertion
2026-03-26T17:13:18.7712447Z     ✔ Should check quote style of directives
2026-03-26T17:13:18.7739350Z     ✔ Should be able to compress without side effects
2026-03-26T17:13:18.7745423Z     ✔ Should be detect implicit usages of strict mode from tree walker
2026-03-26T17:13:18.7746129Z 
2026-03-26T17:13:18.7746437Z   EOF
2026-03-26T17:13:18.7783446Z     ✔ Should test code for at least throwing syntax error when incomplete
2026-03-26T17:13:18.7783988Z 
2026-03-26T17:13:18.7784141Z   equivalent_to
2026-03-26T17:13:18.7788677Z     ✔ (regression) two regexes should not be equivalent if their source or flags differ
2026-03-26T17:13:18.7792517Z     ✔ nested calls should not be equivalent even if a tree walk reveals equivalent nodes
2026-03-26T17:13:18.7793130Z 
2026-03-26T17:13:18.7793278Z   Export/Import
2026-03-26T17:13:18.7800824Z     ✔ Should parse export directives
2026-03-26T17:13:18.7830136Z     ✔ Should parse export with classes and functions
2026-03-26T17:13:18.7838838Z     ✔ Should not parse invalid uses of export
2026-03-26T17:13:18.7846374Z     ✔ Should not parse invalid uses of import
2026-03-26T17:13:18.7846874Z 
2026-03-26T17:13:18.7847047Z   Expression
2026-03-26T17:13:18.7856308Z     ✔ Should not allow the first exponentiation operator to be prefixed with an unary operator
2026-03-26T17:13:18.7856972Z 
2026-03-26T17:13:18.7857110Z   Function
2026-03-26T17:13:18.7875024Z     ✔ Should parse binding patterns correctly
2026-03-26T17:13:18.7883073Z     ✔ Should not accept spread on non-last parameters
2026-03-26T17:13:18.7887004Z     ✔ Should not accept empty parameters after elision
2026-03-26T17:13:18.7893890Z     ✔ Should not accept invalid trailing commas
2026-03-26T17:13:18.7901687Z     ✔ Should not accept an initializer when parameter is a rest parameter
2026-03-26T17:13:18.7913960Z     ✔ Shoult not accept duplicated identifiers inside parameters in strict mode or when using default assigment or spread
2026-03-26T17:13:18.7914833Z 
2026-03-26T17:13:18.7915033Z   bin/terser with input file globs
2026-03-26T17:13:18.8745403Z     ✔ bin/terser with one input file extension glob. (83ms)
2026-03-26T17:13:18.9556461Z     ✔ bin/terser with one input file name glob. (81ms)
2026-03-26T17:13:19.0527737Z     ✔ bin/terser with multiple input file globs. (97ms)
2026-03-26T17:13:19.1291523Z     ✔ Should throw with non-matching glob string (76ms)
2026-03-26T17:13:19.2018381Z     ✔ "?" in glob string should not match "/" (72ms)
2026-03-26T17:13:19.2796943Z     ✔ Should handle special characters in glob string (78ms)
2026-03-26T17:13:19.3552803Z     ✔ Should handle array of glob strings - matching and otherwise (75ms)
2026-03-26T17:13:19.3553354Z 
2026-03-26T17:13:19.3553902Z   input sourcemaps
2026-03-26T17:13:19.4222067Z     ✔ Should copy over original sourcesContent
2026-03-26T17:13:19.4256199Z     ✔ Should copy sourcesContent if sources are relative
2026-03-26T17:13:19.4921980Z     ✔ Final sourcemap should not have invalid mappings from inputSourceMap (issue #882) (64ms)
2026-03-26T17:13:19.4991336Z     ✔ Should preserve unmapped segments in output source map
2026-03-26T17:13:19.4997661Z 
2026-03-26T17:13:19.4997868Z   bin/terser
2026-03-26T17:13:19.5676913Z     ✔ Should be able to filter comments correctly with `--comments false` (68ms)
2026-03-26T17:13:19.5677397Z 
2026-03-26T17:13:19.5677503Z   Left-hand side expressions
2026-03-26T17:13:19.5687454Z     ✔ Should parse destructuring with const/let/var correctly
2026-03-26T17:13:19.5690739Z     ✔ Parser should use AST_Array for array literals
2026-03-26T17:13:19.5694422Z     ✔ Parser should use AST_Object for object literals
2026-03-26T17:13:19.5697421Z     ✔ Parser should use AST_Destructuring for array assignment patterns
2026-03-26T17:13:19.5700534Z     ✔ Parser should use AST_Destructuring for object assignment patterns
2026-03-26T17:13:19.5704576Z     ✔ Parser should be able to handle nested destructuring
2026-03-26T17:13:19.5708241Z     ✔ Should handle spread operator in destructuring
2026-03-26T17:13:19.5714451Z     ✔ Should handle default assignments in destructuring
2026-03-26T17:13:19.5719133Z     ✔ Should handle default assignments containing assignments in a destructuring
2026-03-26T17:13:19.5721669Z     ✔ Should allow multiple spread in array literals
2026-03-26T17:13:19.5731538Z     ✔ Should not allow spread on invalid locations
2026-03-26T17:13:19.5731923Z 
2026-03-26T17:13:19.5732369Z   line-endings
2026-03-26T17:13:19.5737847Z     ✔ Should parse LF line endings
2026-03-26T17:13:19.5743197Z     ✔ Should parse CR/LF line endings
2026-03-26T17:13:19.5747008Z     ✔ Should parse CR line endings
2026-03-26T17:13:19.5753563Z     ✔ Should not allow line terminators in regexp
2026-03-26T17:13:19.5753926Z 
2026-03-26T17:13:19.5754223Z   Input file as map
2026-03-26T17:13:19.5786398Z     ✔ Should accept object
2026-03-26T17:13:19.5796695Z     ✔ Should accept array of strings
2026-03-26T17:13:19.5806085Z     ✔ Should correctly include source
2026-03-26T17:13:19.5806745Z 
2026-03-26T17:13:19.5807483Z   minify
2026-03-26T17:13:19.5833207Z     ✔ Should test basic sanity of minify with default options
2026-03-26T17:13:19.5842504Z     ✔ Should have a sync version
2026-03-26T17:13:19.5849287Z     ✔ Should skip inherited keys from `files`
2026-03-26T17:13:19.5854904Z     ✔ Should not mutate options
2026-03-26T17:13:19.5883041Z     ✔ Should not mutate options, BUT mutate the nameCache
2026-03-26T17:13:19.5899814Z     ✔ Should be able to use a dotted property to reach nameCache
2026-03-26T17:13:19.5906211Z     ✔ Should accept new `format` options as well as `output` options
2026-03-26T17:13:19.5926807Z     ✔ Should refuse `format` and `output` option together
2026-03-26T17:13:19.6008991Z     ✔ Should work with mangle.cache
2026-03-26T17:13:19.6065410Z     ✔ Should work with nameCache
2026-03-26T17:13:19.6133758Z     ✔ Should avoid mangled names in cache
2026-03-26T17:13:19.6203241Z     ✔ Should consistently rename properties colliding with a mangled name
2026-03-26T17:13:19.6216167Z     ✔ Should not parse invalid use of reserved words
2026-03-26T17:13:19.6263621Z     ✔ duplicated block-scoped declarations
2026-03-26T17:13:19.6276818Z     ✔ should work with compress defaults disabled
2026-03-26T17:13:19.6286431Z     ✔ should work with compress defaults disabled and evaluate enabled
2026-03-26T17:13:19.6288311Z     keep_quoted_props
2026-03-26T17:13:19.6297361Z       ✔ Should preserve quotes in object literals
2026-03-26T17:13:19.6303226Z       ✔ Should preserve quote styles when quote_style is 3
2026-03-26T17:13:19.6309903Z       ✔ Should not preserve quotes in object literals when disabled
2026-03-26T17:13:19.6310465Z     mangleProperties
2026-03-26T17:13:19.6325555Z       ✔ Shouldn't mangle quoted properties
2026-03-26T17:13:19.6348262Z       ✔ Should not mangle quoted property within dead code
2026-03-26T17:13:19.6348772Z     inSourceMap
2026-03-26T17:13:19.6363013Z       ✔ Should read the given string filename correctly when sourceMapIncludeSources is enabled (#1236)
2026-03-26T17:13:19.6384549Z       ✔ Should process inline source map
2026-03-26T17:13:19.6398296Z       ✔ Should process inline source map (minify_sync)
2026-03-26T17:13:19.6402759Z       ✔ Should fail with multiple input and inline source map
2026-03-26T17:13:19.6403442Z     sourceMapInline
2026-03-26T17:13:19.6411979Z       ✔ should append source map to output js when sourceMapInline is enabled
2026-03-26T17:13:19.6419168Z       ✔ should not append source map to output js when sourceMapInline is not enabled
2026-03-26T17:13:19.6433121Z       ✔ should work with max_line_len
2026-03-26T17:13:19.6433710Z     JS_Parse_Error
2026-03-26T17:13:19.6437721Z       ✔ Should return syntax error
2026-03-26T17:13:19.6442634Z       ✔ Should reject duplicated label name
2026-03-26T17:13:19.6443144Z     global_defs
2026-03-26T17:13:19.6447609Z       ✔ Should throw for non-trivial expressions
2026-03-26T17:13:19.6456708Z       ✔ Should skip inherited properties
2026-03-26T17:13:19.6457203Z     enclose
2026-03-26T17:13:19.6463914Z       ✔ Should work with true
2026-03-26T17:13:19.6468756Z       ✔ Should work with arg
2026-03-26T17:13:19.6474313Z       ✔ Should work with arg:value
2026-03-26T17:13:19.6483904Z       ✔ Should work alongside wrap
2026-03-26T17:13:19.6484373Z     for-await-of
2026-03-26T17:13:19.6528127Z       ✔ should fail in invalid contexts
2026-03-26T17:13:19.6563865Z 
2026-03-26T17:13:19.6564431Z   no-mutate-input
2026-03-26T17:13:19.6569806Z     ✔ does not modify the options object
2026-03-26T17:13:19.6577855Z     ✔ does not clobber source maps with a subsequent minification
2026-03-26T17:13:19.6578336Z 
2026-03-26T17:13:19.6578483Z   Number literals
2026-03-26T17:13:19.6583470Z     ✔ Should not allow legacy octal literals in strict mode
2026-03-26T17:13:19.6583933Z 
2026-03-26T17:13:19.6584104Z   Object
2026-03-26T17:13:19.6595155Z     ✔ Should allow objects to have a methodDefinition as property
2026-03-26T17:13:19.6597666Z     ✔ Should not allow objects to use static keywords like in classes
2026-03-26T17:13:19.6600279Z     ✔ Should not allow objects to have static computed properties like in classes
2026-03-26T17:13:19.6604677Z     ✔ Should be able to use shorthand properties
2026-03-26T17:13:19.6605093Z 
2026-03-26T17:13:19.6605242Z   operator
2026-03-26T17:13:19.7578816Z     ✔ Should handle mixing of ++/+/--/- correctly (97ms)
2026-03-26T17:13:19.7712996Z     ✔ Should remove extraneous spaces
2026-03-26T17:13:19.7713405Z 
2026-03-26T17:13:19.7713561Z   figure_out_scope
2026-03-26T17:13:19.7725876Z     ✔ can figure out the scope by calling figure_out_scope on the toplevel
2026-03-26T17:13:19.7743181Z     ✔ can figure out scope partially after first figure_out_scope has been called
2026-03-26T17:13:19.7743905Z 
2026-03-26T17:13:19.7744049Z   size
2026-03-26T17:13:19.7748827Z     ✔ approximates the size of expression
2026-03-26T17:13:19.7755418Z     ✔ approximates the size of variable declaration
2026-03-26T17:13:19.7755812Z 
2026-03-26T17:13:19.7756239Z   sourcemaps
2026-03-26T17:13:19.7761203Z     ✔ Should give correct version
2026-03-26T17:13:19.7767228Z     ✔ Should give correct names
2026-03-26T17:13:19.7778046Z     ✔ Should mark array/object literals
2026-03-26T17:13:19.7792933Z     ✔ Should mark class literals
2026-03-26T17:13:19.7800750Z     ✔ Should give correct sourceRoot
2026-03-26T17:13:19.7808565Z     ✔ Should return source map as object when asObject is given
2026-03-26T17:13:19.7816569Z     ✔ Should return source map as object when asObject is given (minify_sync)
2026-03-26T17:13:19.7872737Z     ✔ Should grab names from methods and properties correctly
2026-03-26T17:13:19.7873180Z     inSourceMap
2026-03-26T17:13:19.7886653Z       ✔ Should read the given string filename correctly when sourceMapIncludeSources is enabled
2026-03-26T17:13:19.7898686Z       ✔ Should process inline source map
2026-03-26T17:13:19.7901143Z     sourceMapInline
2026-03-26T17:13:19.7909325Z       ✔ Should append source map to output js when sourceMapInline is enabled
2026-03-26T17:13:19.7916627Z       ✔ Should not append source map to output js when sourceMapInline is not enabled
2026-03-26T17:13:19.7927754Z       ✔ Should work with max_line_len
2026-03-26T17:13:19.7945966Z       ✔ Should work with unicode characters
2026-03-26T17:13:19.7956772Z       ✔ Should append source map to file when asObject is present
2026-03-26T17:13:19.7957341Z     input sourcemaps
2026-03-26T17:13:19.7971621Z       ✔ Should copy over original sourcesContent
2026-03-26T17:13:19.7987733Z       ✔ Should copy over original sourcesContent for section sourcemaps
2026-03-26T17:13:19.8003757Z       ✔ Should copy sourcesContent if sources are relative
2026-03-26T17:13:19.8016462Z       ✔ Should not have invalid mappings from inputSourceMap
2026-03-26T17:13:19.8016882Z 
2026-03-26T17:13:19.8017373Z   spidermonkey export/import sanity test
2026-03-26T17:13:19.8052880Z     ✔ Should judge between directives and strings correctly on import
2026-03-26T17:13:19.8328619Z     ✔ should output and parse ESTree correctly
2026-03-26T17:13:19.8389541Z     ✔ (temp): should output and parse ESTree correctly (astring incompatible bits)
2026-03-26T17:13:19.8691903Z     ✔ should be capable of importing from acorn
2026-03-26T17:13:19.8702610Z     ✔ (temp): should be capable of importing from acorn (astring incompatible bits)
2026-03-26T17:13:19.8713342Z     ✔ should accept a spidermonkey AST w/ `parse.spidermonkey: true`
2026-03-26T17:13:19.8725559Z     ✔ should produce a spidermonkey AST w/ `format.spidermonkey: true`
2026-03-26T17:13:19.8740042Z     ✔ should correctly minify AST from from_moz_ast with default destructure
2026-03-26T17:13:19.8759775Z     ✔ should correctly minify spidermonkey AST with condition and inlineable const variable declaration
2026-03-26T17:13:19.8980230Z     ✔ should produce an AST compatible with astring
2026-03-26T17:13:19.9166056Z     ✔ should generate the same AST that acorn does
2026-03-26T17:13:19.9166526Z 
2026-03-26T17:13:19.9166753Z   String literals
2026-03-26T17:13:19.9171514Z     ✔ Should throw syntax error if a string literal contains a newline
2026-03-26T17:13:19.9175493Z     ✔ Should not throw syntax error if a string has a line continuation
2026-03-26T17:13:19.9181889Z     ✔ Should throw error in strict mode if string contains escaped octalIntegerLiteral
2026-03-26T17:13:19.9190348Z     ✔ Should not throw error outside strict mode if string contains escaped octalIntegerLiteral
2026-03-26T17:13:19.9193598Z     ✔ Should not throw error when digit is 8 or 9
2026-03-26T17:13:20.0387692Z     ✔ Should not unescape unpaired surrogates (119ms)
2026-03-26T17:13:20.0388134Z 
2026-03-26T17:13:20.0388276Z   Template string
2026-03-26T17:13:20.0396637Z     ✔ Should not accept invalid sequences
2026-03-26T17:13:20.0399637Z     ✔ Should process all line terminators as LF
2026-03-26T17:13:20.0401443Z     ✔ Should not throw on extraneous escape (#231)
2026-03-26T17:13:20.0401952Z 
2026-03-26T17:13:20.0402682Z   tokens
2026-03-26T17:13:20.0407479Z     ✔ Should give correct line in the face of DOS line endings \r\n
2026-03-26T17:13:20.0410826Z     ✔ Should give correct positions for accessors
2026-03-26T17:13:20.0411214Z 
2026-03-26T17:13:20.0411349Z   Unicode
2026-03-26T17:13:20.0417380Z     ✔ Should throw error if escaped first identifier char is not part of ID_start
2026-03-26T17:13:20.0422972Z     ✔ Should throw error if escaped non-first identifier char is not part of ID_start
2026-03-26T17:13:20.0429555Z     ✔ Should throw error if identifier is a keyword with a escape sequences
2026-03-26T17:13:20.0440049Z     ✔ Should read strings containing surrogates correctly
2026-03-26T17:13:20.0443549Z     ✔ Should parse raw characters correctly
2026-03-26T17:13:20.0454523Z     ✔ Should not strip quotes for object property name when there is unallowed character
2026-03-26T17:13:20.2216502Z     ✔ Should not unescape unpaired surrogates (176ms)
2026-03-26T17:13:20.2292627Z 
2026-03-26T17:13:20.2308220Z   With
2026-03-26T17:13:20.2309058Z     ✔ Should throw syntaxError when using with statement in strict mode
2026-03-26T17:13:20.2309952Z     ✔ Should set uses_with for scopes involving With statements
2026-03-26T17:13:20.2310361Z 
2026-03-26T17:13:20.2310468Z   Yield
2026-03-26T17:13:20.2310883Z     ✔ Should not delete statements after yield
2026-03-26T17:13:20.2311566Z     ✔ Should not allow yield* followed by a semicolon in generators
2026-03-26T17:13:20.2312516Z     ✔ Should not allow yield with next token star on next line
2026-03-26T17:13:20.2313182Z     ✔ Should be able to compress its expression
2026-03-26T17:13:20.2313935Z     ✔ Should keep undefined after yield without compression if found in ast
2026-03-26T17:13:20.2314825Z     ✔ Should be able to drop undefined after yield if necessary with compression
2026-03-26T17:13:20.2315284Z 
2026-03-26T17:13:20.2315292Z 
2026-03-26T17:13:20.2315407Z   246 passing (5s)
2026-03-26T17:13:20.2315688Z   1 pending
2026-03-26T17:13:20.2315837Z 
2026-03-26T17:13:20.2738528Z Post job cleanup.
2026-03-26T17:13:20.4437988Z Post job cleanup.
2026-03-26T17:13:20.5276405Z [command]/usr/bin/git version
2026-03-26T17:13:20.5316501Z git version 2.53.0
2026-03-26T17:13:20.5359469Z Temporarily overriding HOME='/home/runner/work/_temp/12775ced-2bda-46c6-9215-156d8f024f0a' before making global git config changes
2026-03-26T17:13:20.5360970Z Adding repository directory to the temporary git global config as a safe directory
2026-03-26T17:13:20.5365934Z [command]/usr/bin/git config --global --add safe.directory /home/runner/work/terser/terser
2026-03-26T17:13:20.5401159Z Removing SSH command configuration
2026-03-26T17:13:20.5408116Z [command]/usr/bin/git config --local --name-only --get-regexp core\.sshCommand
2026-03-26T17:13:20.5444806Z [command]/usr/bin/git submodule foreach --recursive sh -c "git config --local --name-only --get-regexp 'core\.sshCommand' && git config --local --unset-all 'core.sshCommand' || :"
2026-03-26T17:13:20.5690192Z Removing HTTP extra header
2026-03-26T17:13:20.5695823Z [command]/usr/bin/git config --local --name-only --get-regexp http\.https\:\/\/github\.com\/\.extraheader
2026-03-26T17:13:20.5733599Z [command]/usr/bin/git submodule foreach --recursive sh -c "git config --local --name-only --get-regexp 'http\.https\:\/\/github\.com\/\.extraheader' && git config --local --unset-all 'http.https://github.com/.extraheader' || :"
2026-03-26T17:13:20.5975823Z Removing includeIf entries pointing to credentials config files
2026-03-26T17:13:20.5982948Z [command]/usr/bin/git config --local --name-only --get-regexp ^includeIf\.gitdir:
2026-03-26T17:13:20.6009804Z includeif.gitdir:/home/runner/work/terser/terser/.git.path
2026-03-26T17:13:20.6010822Z includeif.gitdir:/home/runner/work/terser/terser/.git/worktrees/*.path
2026-03-26T17:13:20.6011631Z includeif.gitdir:/github/workspace/.git.path
2026-03-26T17:13:20.6012605Z includeif.gitdir:/github/workspace/.git/worktrees/*.path
2026-03-26T17:13:20.6054309Z [command]/usr/bin/git config --local --get-all includeif.gitdir:/home/runner/work/terser/terser/.git.path
2026-03-26T17:13:20.6079904Z /home/runner/work/_temp/git-credentials-71fce05b-625b-49ee-ac7f-7922583f41bc.config
2026-03-26T17:13:20.6091540Z [command]/usr/bin/git config --local --unset includeif.gitdir:/home/runner/work/terser/terser/.git.path /home/runner/work/_temp/git-credentials-71fce05b-625b-49ee-ac7f-7922583f41bc.config
2026-03-26T17:13:20.6128021Z [command]/usr/bin/git config --local --get-all includeif.gitdir:/home/runner/work/terser/terser/.git/worktrees/*.path
2026-03-26T17:13:20.6153393Z /home/runner/work/_temp/git-credentials-71fce05b-625b-49ee-ac7f-7922583f41bc.config
2026-03-26T17:13:20.6163468Z [command]/usr/bin/git config --local --unset includeif.gitdir:/home/runner/work/terser/terser/.git/worktrees/*.path /home/runner/work/_temp/git-credentials-71fce05b-625b-49ee-ac7f-7922583f41bc.config
2026-03-26T17:13:20.6198491Z [command]/usr/bin/git config --local --get-all includeif.gitdir:/github/workspace/.git.path
2026-03-26T17:13:20.6223112Z /github/runner_temp/git-credentials-71fce05b-625b-49ee-ac7f-7922583f41bc.config
2026-03-26T17:13:20.6231423Z [command]/usr/bin/git config --local --unset includeif.gitdir:/github/workspace/.git.path /github/runner_temp/git-credentials-71fce05b-625b-49ee-ac7f-7922583f41bc.config
2026-03-26T17:13:20.6266018Z [command]/usr/bin/git config --local --get-all includeif.gitdir:/github/workspace/.git/worktrees/*.path
2026-03-26T17:13:20.6288564Z /github/runner_temp/git-credentials-71fce05b-625b-49ee-ac7f-7922583f41bc.config
2026-03-26T17:13:20.6299046Z [command]/usr/bin/git config --local --unset includeif.gitdir:/github/workspace/.git/worktrees/*.path /github/runner_temp/git-credentials-71fce05b-625b-49ee-ac7f-7922583f41bc.config
2026-03-26T17:13:20.6334529Z [command]/usr/bin/git submodule foreach --recursive git config --local --show-origin --name-only --get-regexp remote.origin.url
2026-03-26T17:13:20.6577489Z Removing credentials config '/home/runner/work/_temp/git-credentials-71fce05b-625b-49ee-ac7f-7922583f41bc.config'
2026-03-26T17:13:20.6721414Z Cleaning up orphan processes
2026-03-26T17:13:20.7021953Z ##[warning]Node.js 20 actions are deprecated. The following actions are running on Node.js 20 and may not work as expected: actions/setup-node@v3. Actions will be forced to run with Node.js 24 by default starting June 2nd, 2026. Please check if updated versions of these actions are available that support Node.js 24. To opt into Node.js 24 now, set the FORCE_JAVASCRIPT_ACTIONS_TO_NODE24=true environment variable on the runner or in your workflow file. Once Node.js 24 becomes the default, you can temporarily opt out by setting ACTIONS_ALLOW_USE_UNSECURE_NODE_VERSION=true. For more information see: https://github.blog/changelog/2025-09-19-deprecation-of-node-20-on-github-actions-runners/
