2026-04-26T22:34:04.1880596Z Current runner version: '2.334.0'
2026-04-26T22:34:04.1904020Z ##[group]Runner Image Provisioner
2026-04-26T22:34:04.1905275Z Hosted Compute Agent
2026-04-26T22:34:04.1905823Z Version: 20260213.493
2026-04-26T22:34:04.1906376Z Commit: 5c115507f6dd24b8de37d8bbe0bb4509d0cc0fa3
2026-04-26T22:34:04.1907141Z Build Date: 2026-02-13T00:28:41Z
2026-04-26T22:34:04.1907755Z Worker ID: {34fb01a7-b446-47de-889d-a42718d0ed12}
2026-04-26T22:34:04.1908443Z Azure Region: northcentralus
2026-04-26T22:34:04.1909135Z ##[endgroup]
2026-04-26T22:34:04.1910901Z ##[group]Operating System
2026-04-26T22:34:04.1911510Z Ubuntu
2026-04-26T22:34:04.1912012Z 24.04.4
2026-04-26T22:34:04.1912490Z LTS
2026-04-26T22:34:04.1912911Z ##[endgroup]
2026-04-26T22:34:04.1913469Z ##[group]Runner Image
2026-04-26T22:34:04.1914012Z Image: ubuntu-24.04
2026-04-26T22:34:04.1914780Z Version: 20260413.86.1
2026-04-26T22:34:04.1916075Z Included Software: https://github.com/actions/runner-images/blob/ubuntu24/20260413.86/images/ubuntu/Ubuntu2404-Readme.md
2026-04-26T22:34:04.1917526Z Image Release: https://github.com/actions/runner-images/releases/tag/ubuntu24%2F20260413.86
2026-04-26T22:34:04.1918499Z ##[endgroup]
2026-04-26T22:34:04.1919561Z ##[group]GITHUB_TOKEN Permissions
2026-04-26T22:34:04.1921549Z Contents: read
2026-04-26T22:34:04.1922195Z Metadata: read
2026-04-26T22:34:04.1922664Z Packages: read
2026-04-26T22:34:04.1923180Z ##[endgroup]
2026-04-26T22:34:04.1925644Z Secret source: Actions
2026-04-26T22:34:04.1926703Z Prepare workflow directory
2026-04-26T22:34:04.2676776Z Prepare all required actions
2026-04-26T22:34:04.2730830Z Getting action download info
2026-04-26T22:34:04.5740839Z Download action repository 'actions/checkout@de0fac2e4500dabe0009e67214ff5f5447ce83dd' (SHA:de0fac2e4500dabe0009e67214ff5f5447ce83dd)
2026-04-26T22:34:04.6822807Z Download action repository 'actions/cache@668228422ae6a00e4ad889ee87cd7109ec5666a7' (SHA:668228422ae6a00e4ad889ee87cd7109ec5666a7)
2026-04-26T22:34:04.9430493Z Complete job name: test (amd64)
2026-04-26T22:34:05.0141116Z ##[group]Run actions/checkout@de0fac2e4500dabe0009e67214ff5f5447ce83dd
2026-04-26T22:34:05.0142231Z with:
2026-04-26T22:34:05.0142644Z   path: src
2026-04-26T22:34:05.0143070Z   repository: tailscale/tailscale
2026-04-26T22:34:05.0143745Z   token: ***
2026-04-26T22:34:05.0144161Z   ssh-strict: true
2026-04-26T22:34:05.0144792Z   ssh-user: git
2026-04-26T22:34:05.0145247Z   persist-credentials: true
2026-04-26T22:34:05.0145716Z   clean: true
2026-04-26T22:34:05.0146157Z   sparse-checkout-cone-mode: true
2026-04-26T22:34:05.0146681Z   fetch-depth: 1
2026-04-26T22:34:05.0147111Z   fetch-tags: false
2026-04-26T22:34:05.0147560Z   show-progress: true
2026-04-26T22:34:05.0147993Z   lfs: false
2026-04-26T22:34:05.0148390Z   submodules: false
2026-04-26T22:34:05.0148830Z   set-safe-directory: true
2026-04-26T22:34:05.0149569Z env:
2026-04-26T22:34:05.0149986Z   TS_FUZZ_CURRENTLY_BROKEN: false
2026-04-26T22:34:05.0150655Z   GOMODCACHE: /home/runner/work/tailscale/tailscale/gomodcache
2026-04-26T22:34:05.0151375Z   CMD_GO_USE_GIT_HASH: true
2026-04-26T22:34:05.0151838Z ##[endgroup]
2026-04-26T22:34:05.1093148Z Syncing repository: tailscale/tailscale
2026-04-26T22:34:05.1095277Z ##[group]Getting Git version info
2026-04-26T22:34:05.1096048Z Working directory is '/home/runner/work/tailscale/tailscale/src'
2026-04-26T22:34:05.1097096Z [command]/usr/bin/git version
2026-04-26T22:34:05.1121804Z git version 2.53.0
2026-04-26T22:34:05.1177038Z ##[endgroup]
2026-04-26T22:34:05.1190458Z Temporarily overriding HOME='/home/runner/work/_temp/eabbf924-876d-4a37-8ce0-c33f25d23e04' before making global git config changes
2026-04-26T22:34:05.1192966Z Adding repository directory to the temporary git global config as a safe directory
2026-04-26T22:34:05.1195354Z [command]/usr/bin/git config --global --add safe.directory /home/runner/work/tailscale/tailscale/src
2026-04-26T22:34:05.1226090Z ##[group]Initializing the repository
2026-04-26T22:34:05.1230857Z [command]/usr/bin/git init /home/runner/work/tailscale/tailscale/src
2026-04-26T22:34:05.1315510Z hint: Using 'master' as the name for the initial branch. This default branch name
2026-04-26T22:34:05.1317067Z hint: will change to "main" in Git 3.0. To configure the initial branch name
2026-04-26T22:34:05.1318875Z hint: to use in all of your new repositories, which will suppress this warning,
2026-04-26T22:34:05.1320534Z hint: call:
2026-04-26T22:34:05.1321335Z hint:
2026-04-26T22:34:05.1322359Z hint: 	git config --global init.defaultBranch <name>
2026-04-26T22:34:05.1323618Z hint:
2026-04-26T22:34:05.1324967Z hint: Names commonly chosen instead of 'master' are 'main', 'trunk' and
2026-04-26T22:34:05.1326763Z hint: 'development'. The just-created branch can be renamed via this command:
2026-04-26T22:34:05.1328252Z hint:
2026-04-26T22:34:05.1329068Z hint: 	git branch -m <name>
2026-04-26T22:34:05.1330015Z hint:
2026-04-26T22:34:05.1331204Z hint: Disable this message with "git config set advice.defaultBranchName false"
2026-04-26T22:34:05.1333098Z Initialized empty Git repository in /home/runner/work/tailscale/tailscale/src/.git/
2026-04-26T22:34:05.1336414Z [command]/usr/bin/git remote add origin https://github.com/tailscale/tailscale
2026-04-26T22:34:05.1360580Z ##[endgroup]
2026-04-26T22:34:05.1361893Z ##[group]Disabling automatic garbage collection
2026-04-26T22:34:05.1365335Z [command]/usr/bin/git config --local gc.auto 0
2026-04-26T22:34:05.1393986Z ##[endgroup]
2026-04-26T22:34:05.1395626Z ##[group]Setting up auth
2026-04-26T22:34:05.1396680Z Removing SSH command configuration
2026-04-26T22:34:05.1401977Z [command]/usr/bin/git config --local --name-only --get-regexp core\.sshCommand
2026-04-26T22:34:05.1432451Z [command]/usr/bin/git submodule foreach --recursive sh -c "git config --local --name-only --get-regexp 'core\.sshCommand' && git config --local --unset-all 'core.sshCommand' || :"
2026-04-26T22:34:05.1712536Z Removing HTTP extra header
2026-04-26T22:34:05.1718566Z [command]/usr/bin/git config --local --name-only --get-regexp http\.https\:\/\/github\.com\/\.extraheader
2026-04-26T22:34:05.1749381Z [command]/usr/bin/git submodule foreach --recursive sh -c "git config --local --name-only --get-regexp 'http\.https\:\/\/github\.com\/\.extraheader' && git config --local --unset-all 'http.https://github.com/.extraheader' || :"
2026-04-26T22:34:05.1967976Z Removing includeIf entries pointing to credentials config files
2026-04-26T22:34:05.1974981Z [command]/usr/bin/git config --local --name-only --get-regexp ^includeIf\.gitdir:
2026-04-26T22:34:05.2009968Z [command]/usr/bin/git submodule foreach --recursive git config --local --show-origin --name-only --get-regexp remote.origin.url
2026-04-26T22:34:05.2249538Z [command]/usr/bin/git config --file /home/runner/work/_temp/git-credentials-4b1e3060-5e4c-42d5-ad46-875107b58676.config http.https://github.com/.extraheader AUTHORIZATION: basic ***
2026-04-26T22:34:05.2291577Z [command]/usr/bin/git config --local includeIf.gitdir:/home/runner/work/tailscale/tailscale/src/.git.path /home/runner/work/_temp/git-credentials-4b1e3060-5e4c-42d5-ad46-875107b58676.config
2026-04-26T22:34:05.2324069Z [command]/usr/bin/git config --local includeIf.gitdir:/home/runner/work/tailscale/tailscale/src/.git/worktrees/*.path /home/runner/work/_temp/git-credentials-4b1e3060-5e4c-42d5-ad46-875107b58676.config
2026-04-26T22:34:05.2357142Z [command]/usr/bin/git config --local includeIf.gitdir:/github/workspace/src/.git.path /github/runner_temp/git-credentials-4b1e3060-5e4c-42d5-ad46-875107b58676.config
2026-04-26T22:34:05.2398462Z [command]/usr/bin/git config --local includeIf.gitdir:/github/workspace/src/.git/worktrees/*.path /github/runner_temp/git-credentials-4b1e3060-5e4c-42d5-ad46-875107b58676.config
2026-04-26T22:34:05.2430215Z ##[endgroup]
2026-04-26T22:34:05.2431856Z ##[group]Fetching the repository
2026-04-26T22:34:05.2439309Z [command]/usr/bin/git -c protocol.version=2 fetch --no-tags --prune --no-recurse-submodules --depth=1 origin +1babbb05999c09a0f846ae0344d8e2eb0787741c:refs/remotes/pull/19533/merge
2026-04-26T22:34:05.8035095Z From https://github.com/tailscale/tailscale
2026-04-26T22:34:05.8037432Z  * [new ref]         1babbb05999c09a0f846ae0344d8e2eb0787741c -> pull/19533/merge
2026-04-26T22:34:05.8065577Z ##[endgroup]
2026-04-26T22:34:05.8067437Z ##[group]Determining the checkout info
2026-04-26T22:34:05.8069392Z ##[endgroup]
2026-04-26T22:34:05.8072989Z [command]/usr/bin/git sparse-checkout disable
2026-04-26T22:34:05.8109926Z [command]/usr/bin/git config --local --unset-all extensions.worktreeConfig
2026-04-26T22:34:05.8138766Z ##[group]Checking out the ref
2026-04-26T22:34:05.8142483Z [command]/usr/bin/git checkout --progress --force refs/remotes/pull/19533/merge
2026-04-26T22:34:05.9847934Z Note: switching to 'refs/remotes/pull/19533/merge'.
2026-04-26T22:34:05.9849486Z 
2026-04-26T22:34:05.9850309Z You are in 'detached HEAD' state. You can look around, make experimental
2026-04-26T22:34:05.9852010Z changes and commit them, and you can discard any commits you make in this
2026-04-26T22:34:05.9855000Z state without impacting any branches by switching back to a branch.
2026-04-26T22:34:05.9856592Z 
2026-04-26T22:34:05.9857546Z If you want to create a new branch to retain commits you create, you may
2026-04-26T22:34:05.9860004Z do so (now or later) by using -c with the switch command. Example:
2026-04-26T22:34:05.9861413Z 
2026-04-26T22:34:05.9861946Z   git switch -c <new-branch-name>
2026-04-26T22:34:05.9862961Z 
2026-04-26T22:34:05.9863518Z Or undo this operation with:
2026-04-26T22:34:05.9864762Z 
2026-04-26T22:34:05.9865331Z   git switch -
2026-04-26T22:34:05.9865999Z 
2026-04-26T22:34:05.9867109Z Turn off this advice by setting config variable advice.detachedHead to false
2026-04-26T22:34:05.9868857Z 
2026-04-26T22:34:05.9871089Z HEAD is now at 1babbb0 Merge 4c7656db426d278f6921d6ef60c2e37f7312a2dc into 3a05c450ce620d3b35f59df40ed9992caddb2dc1
2026-04-26T22:34:05.9875639Z ##[endgroup]
2026-04-26T22:34:05.9899706Z [command]/usr/bin/git log -1 --format=%H
2026-04-26T22:34:05.9922295Z 1babbb05999c09a0f846ae0344d8e2eb0787741c
2026-04-26T22:34:06.0273831Z ##[group]Run actions/cache/restore@668228422ae6a00e4ad889ee87cd7109ec5666a7
2026-04-26T22:34:06.0276773Z with:
2026-04-26T22:34:06.0278062Z   path: gomodcache
2026-04-26T22:34:06.0280683Z   key: gomod-cross3-f2c7623162e583f8d387188e7f95a16c660b0fd8fde79d29a5a242d315f114a7
2026-04-26T22:34:06.0283367Z   enableCrossOsArchive: true
2026-04-26T22:34:06.0284499Z   fail-on-cache-miss: false
2026-04-26T22:34:06.0285904Z   lookup-only: false
2026-04-26T22:34:06.0286814Z env:
2026-04-26T22:34:06.0287648Z   TS_FUZZ_CURRENTLY_BROKEN: false
2026-04-26T22:34:06.0289119Z   GOMODCACHE: /home/runner/work/tailscale/tailscale/gomodcache
2026-04-26T22:34:06.0290675Z   CMD_GO_USE_GIT_HASH: true
2026-04-26T22:34:06.0291681Z ##[endgroup]
2026-04-26T22:34:06.2399314Z Cache hit for: gomod-cross3-f2c7623162e583f8d387188e7f95a16c660b0fd8fde79d29a5a242d315f114a7
2026-04-26T22:34:07.3855408Z Received 134217728 of 824846309 (16.3%), 124.3 MBs/sec
2026-04-26T22:34:08.3860188Z Received 377487360 of 824846309 (45.8%), 177.3 MBs/sec
2026-04-26T22:34:09.3905816Z Received 578813952 of 824846309 (70.2%), 182.0 MBs/sec
2026-04-26T22:34:10.3888697Z Received 801112064 of 824846309 (97.1%), 189.4 MBs/sec
2026-04-26T22:34:10.6203527Z Received 824846309 of 824846309 (100.0%), 184.4 MBs/sec
2026-04-26T22:34:10.6206446Z Cache Size: ~787 MB (824846309 B)
2026-04-26T22:34:10.6327554Z [command]/usr/bin/tar -xf /home/runner/work/_temp/528c13ae-c20e-4f71-88e1-8260b655b01e/cache.tzst -P -C /home/runner/work/tailscale/tailscale --use-compress-program unzstd
2026-04-26T22:34:16.4733147Z Cache restored successfully
2026-04-26T22:34:16.5205307Z Cache restored from key: gomod-cross3-f2c7623162e583f8d387188e7f95a16c660b0fd8fde79d29a5a242d315f114a7
2026-04-26T22:34:37.0683731Z ##[group]Run actions/cache/restore@668228422ae6a00e4ad889ee87cd7109ec5666a7
2026-04-26T22:34:37.0684165Z with:
2026-04-26T22:34:37.0684410Z   path: ~/.cache/go-build
~\AppData\Local\go-build

2026-04-26T22:34:37.0685376Z   key: Linux-amd64--go--c0ad35e03c18a13ec29f7511da3e7cbecf6484f3f2e8ec6c1a167792c98ed1e7-test-24968760440
2026-04-26T22:34:37.0686889Z   restore-keys: Linux-amd64--go--c0ad35e03c18a13ec29f7511da3e7cbecf6484f3f2e8ec6c1a167792c98ed1e7-test-
Linux-amd64--go--c0ad35e03c18a13ec29f7511da3e7cbecf6484f3f2e8ec6c1a167792c98ed1e7-
Linux-amd64--go--
Linux-amd64--go-

2026-04-26T22:34:37.0687884Z   enableCrossOsArchive: false
2026-04-26T22:34:37.0688143Z   fail-on-cache-miss: false
2026-04-26T22:34:37.0688371Z   lookup-only: false
2026-04-26T22:34:37.0688581Z env:
2026-04-26T22:34:37.0688767Z   TS_FUZZ_CURRENTLY_BROKEN: false
2026-04-26T22:34:37.0689089Z   GOMODCACHE: /home/runner/work/tailscale/tailscale/gomodcache
2026-04-26T22:34:37.0689422Z   CMD_GO_USE_GIT_HASH: true
2026-04-26T22:34:37.0689682Z ##[endgroup]
2026-04-26T22:34:37.2775043Z Cache hit for restore-key: Linux-amd64--go--c0ad35e03c18a13ec29f7511da3e7cbecf6484f3f2e8ec6c1a167792c98ed1e7-test-24937942282
2026-04-26T22:34:38.4200362Z Received 130023424 of 1076606221 (12.1%), 123.8 MBs/sec
2026-04-26T22:34:39.4185782Z Received 343932928 of 1076606221 (31.9%), 163.8 MBs/sec
2026-04-26T22:34:40.4166307Z Received 494927872 of 1076606221 (46.0%), 157.1 MBs/sec
2026-04-26T22:34:41.4169599Z Received 624951296 of 1076606221 (58.0%), 148.9 MBs/sec
2026-04-26T22:34:42.4173807Z Received 775946240 of 1076606221 (72.1%), 147.9 MBs/sec
2026-04-26T22:34:43.4177013Z Received 989855744 of 1076606221 (91.9%), 157.2 MBs/sec
2026-04-26T22:34:43.8984323Z Received 1076606221 of 1076606221 (100.0%), 158.3 MBs/sec
2026-04-26T22:34:43.8992267Z Cache Size: ~1027 MB (1076606221 B)
2026-04-26T22:34:43.9042186Z [command]/usr/bin/tar -xf /home/runner/work/_temp/d61886d7-d8ba-4f4c-a6c7-8d6e3d90793d/cache.tzst -P -C /home/runner/work/tailscale/tailscale --use-compress-program unzstd
2026-04-26T22:34:55.8252457Z Cache restored successfully
2026-04-26T22:34:55.8804902Z Cache restored from key: Linux-amd64--go--c0ad35e03c18a13ec29f7511da3e7cbecf6484f3f2e8ec6c1a167792c98ed1e7-test-24937942282
2026-04-26T22:34:55.9013037Z ##[group]Run ./tool/go build  ./...
2026-04-26T22:34:55.9013405Z [36;1m./tool/go build  ./...[0m
2026-04-26T22:34:55.9038564Z shell: /usr/bin/bash -e {0}
2026-04-26T22:34:55.9038825Z env:
2026-04-26T22:34:55.9039022Z   TS_FUZZ_CURRENTLY_BROKEN: false
2026-04-26T22:34:55.9039369Z   GOMODCACHE: /home/runner/work/tailscale/tailscale/gomodcache
2026-04-26T22:34:55.9039720Z   CMD_GO_USE_GIT_HASH: true
2026-04-26T22:34:55.9039943Z   GOARCH: amd64
2026-04-26T22:34:55.9040136Z ##[endgroup]
2026-04-26T22:34:56.0037189Z + [[ linux-gnu == \c\y\g\w\i\n ]]
2026-04-26T22:34:56.0037678Z + [[ linux-gnu == \m\s\y\s ]]
2026-04-26T22:34:56.0038086Z + [[ '' == \1 ]]
2026-04-26T22:34:56.0038468Z + go_toolchain_rev_file=go.toolchain.rev
2026-04-26T22:34:56.0045878Z + repo_root=./tool/../tool/gocross/../..
2026-04-26T22:34:56.0046527Z + cd ./tool/../tool/gocross/../..
2026-04-26T22:34:56.0047053Z + toolchain=
2026-04-26T22:34:56.0047502Z + read -r REV
2026-04-26T22:34:56.0047955Z + case "$REV" in
2026-04-26T22:34:56.0048821Z + toolchain=/home/runner/.cache/tsgo/dfe2a5fd8ee2e68b08ce5ff259269f50ecadf2f4
2026-04-26T22:34:56.0050034Z + [[ ! -f /home/runner/.cache/tsgo/dfe2a5fd8ee2e68b08ce5ff259269f50ecadf2f4.extracted ]]
2026-04-26T22:34:56.0051007Z + mkdir -p /home/runner/.cache/tsgo
2026-04-26T22:34:56.0059208Z + rm -rf /home/runner/.cache/tsgo/dfe2a5fd8ee2e68b08ce5ff259269f50ecadf2f4 /home/runner/.cache/tsgo/dfe2a5fd8ee2e68b08ce5ff259269f50ecadf2f4.extracted
2026-04-26T22:34:56.0070293Z + echo '# Downloading Go toolchain dfe2a5fd8ee2e68b08ce5ff259269f50ecadf2f4'
2026-04-26T22:34:56.0071140Z # Downloading Go toolchain dfe2a5fd8ee2e68b08ce5ff259269f50ecadf2f4
2026-04-26T22:34:56.0076228Z ++ uname -s
2026-04-26T22:34:56.0076650Z ++ tr A-Z a-z
2026-04-26T22:34:56.0088253Z + HOST_OS=linux
2026-04-26T22:34:56.0090812Z ++ uname -m
2026-04-26T22:34:56.0100216Z + HOST_ARCH=x86_64
2026-04-26T22:34:56.0100592Z + [[ x86_64 == \a\a\r\c\h\6\4 ]]
2026-04-26T22:34:56.0101010Z + [[ x86_64 == \x\8\6\_\6\4 ]]
2026-04-26T22:34:56.0101434Z + HOST_ARCH=amd64
2026-04-26T22:34:56.0102901Z + curl -f -L -o /home/runner/.cache/tsgo/dfe2a5fd8ee2e68b08ce5ff259269f50ecadf2f4.tar.gz https://github.com/tailscale/go/releases/download/build-dfe2a5fd8ee2e68b08ce5ff259269f50ecadf2f4/linux-amd64.tar.gz
2026-04-26T22:34:56.0151117Z   % Total    % Received % Xferd  Average Speed   Time    Time     Time  Current
2026-04-26T22:34:56.0153089Z                                  Dload  Upload   Total   Spent    Left  Speed
2026-04-26T22:34:56.0153538Z 
2026-04-26T22:34:56.0839122Z   0     0    0     0    0     0      0      0 --:--:-- --:--:-- --:--:--     0
2026-04-26T22:34:56.0839892Z   0     0    0     0    0     0      0      0 --:--:-- --:--:-- --:--:--     0
2026-04-26T22:34:56.2083861Z 
2026-04-26T22:34:56.3839871Z  28 54.5M   28 15.8M    0     0  81.7M      0 --:--:-- --:--:-- --:--:-- 81.7M
2026-04-26T22:34:56.3885470Z 100 54.5M  100 54.5M    0     0   147M      0 --:--:-- --:--:-- --:--:--  221M
2026-04-26T22:34:56.3886279Z + mkdir -p /home/runner/.cache/tsgo/dfe2a5fd8ee2e68b08ce5ff259269f50ecadf2f4
2026-04-26T22:34:56.3903763Z + cd /home/runner/.cache/tsgo/dfe2a5fd8ee2e68b08ce5ff259269f50ecadf2f4
2026-04-26T22:34:56.3904507Z + tar --strip-components=1 -xf /home/runner/.cache/tsgo/dfe2a5fd8ee2e68b08ce5ff259269f50ecadf2f4.tar.gz
2026-04-26T22:34:57.9482966Z + echo dfe2a5fd8ee2e68b08ce5ff259269f50ecadf2f4
2026-04-26T22:34:57.9483765Z + rm -f /home/runner/.cache/tsgo/dfe2a5fd8ee2e68b08ce5ff259269f50ecadf2f4.tar.gz
2026-04-26T22:34:57.9583875Z ++ find /home/runner/.cache/tsgo -maxdepth 1 -type f -name '*.extracted' -mtime 90 -exec basename '{}' ';'
2026-04-26T22:34:57.9586779Z ++ sed 's/.extracted$//'
2026-04-26T22:34:57.9599714Z + '[' '' '!=' 1 ']'
2026-04-26T22:34:57.9600072Z + exit 0
2026-04-26T22:34:57.9602435Z + repo_root=./tool/../tool/gocross/../..
2026-04-26T22:34:57.9602888Z + unset GOROOT
2026-04-26T22:34:57.9603218Z + '[' '' '!=' 1 ']'
2026-04-26T22:34:57.9603533Z + read -r REV
2026-04-26T22:34:57.9603737Z + case "$REV" in
2026-04-26T22:34:57.9604363Z + toolchain=/home/runner/.cache/tsgo/dfe2a5fd8ee2e68b08ce5ff259269f50ecadf2f4
2026-04-26T22:34:57.9605274Z + exec /home/runner/.cache/tsgo/dfe2a5fd8ee2e68b08ce5ff259269f50ecadf2f4/bin/go build ./...
2026-04-26T22:35:50.4557095Z ##[group]Run ./build_dist.sh --extra-small ./cmd/tailscaled
2026-04-26T22:35:50.4557609Z [36;1m./build_dist.sh --extra-small ./cmd/tailscaled[0m
2026-04-26T22:35:50.4557974Z [36;1m./build_dist.sh --box ./cmd/tailscaled[0m
2026-04-26T22:35:50.4558348Z [36;1m./build_dist.sh --extra-small --box ./cmd/tailscaled[0m
2026-04-26T22:35:50.4558676Z [36;1mrm -f tailscaled[0m
2026-04-26T22:35:50.4579094Z shell: /usr/bin/bash -e {0}
2026-04-26T22:35:50.4579350Z env:
2026-04-26T22:35:50.4579540Z   TS_FUZZ_CURRENTLY_BROKEN: false
2026-04-26T22:35:50.4579888Z   GOMODCACHE: /home/runner/work/tailscale/tailscale/gomodcache
2026-04-26T22:35:50.4580228Z   CMD_GO_USE_GIT_HASH: true
2026-04-26T22:35:50.4580450Z   GOARCH: amd64
2026-04-26T22:35:50.4580642Z ##[endgroup]
2026-04-26T22:36:01.0965124Z ##[group]Run sudo apt-get -y update
2026-04-26T22:36:01.0965532Z [36;1msudo apt-get -y update[0m
2026-04-26T22:36:01.0965832Z [36;1msudo apt-get -y install qemu-user[0m
2026-04-26T22:36:01.0986088Z shell: /usr/bin/bash -e {0}
2026-04-26T22:36:01.0986331Z env:
2026-04-26T22:36:01.0986522Z   TS_FUZZ_CURRENTLY_BROKEN: false
2026-04-26T22:36:01.0986862Z   GOMODCACHE: /home/runner/work/tailscale/tailscale/gomodcache
2026-04-26T22:36:01.0987212Z   CMD_GO_USE_GIT_HASH: true
2026-04-26T22:36:01.0987431Z ##[endgroup]
2026-04-26T22:36:01.1732657Z Get:1 file:/etc/apt/apt-mirrors.txt Mirrorlist [144 B]
2026-04-26T22:36:01.2116181Z Hit:6 https://packages.microsoft.com/repos/azure-cli noble InRelease
2026-04-26T22:36:01.2123051Z Hit:2 http://azure.archive.ubuntu.com/ubuntu noble InRelease
2026-04-26T22:36:01.2124345Z Get:7 https://packages.microsoft.com/ubuntu/24.04/prod noble InRelease [3600 B]
2026-04-26T22:36:01.2138443Z Get:3 http://azure.archive.ubuntu.com/ubuntu noble-updates InRelease [126 kB]
2026-04-26T22:36:01.2194250Z Get:4 http://azure.archive.ubuntu.com/ubuntu noble-backports InRelease [126 kB]
2026-04-26T22:36:01.2234826Z Get:5 http://azure.archive.ubuntu.com/ubuntu noble-security InRelease [126 kB]
2026-04-26T22:36:01.2368142Z Get:8 https://dl.google.com/linux/chrome-stable/deb stable InRelease [1825 B]
2026-04-26T22:36:01.3739636Z Get:9 https://packages.microsoft.com/ubuntu/24.04/prod noble/main arm64 Packages [100 kB]
2026-04-26T22:36:01.3846489Z Get:10 https://packages.microsoft.com/ubuntu/24.04/prod noble/main armhf Packages [11.6 kB]
2026-04-26T22:36:01.3868111Z Get:11 https://packages.microsoft.com/ubuntu/24.04/prod noble/main amd64 Packages [125 kB]
2026-04-26T22:36:01.4215223Z Get:12 http://azure.archive.ubuntu.com/ubuntu noble-updates/main amd64 Packages [1919 kB]
2026-04-26T22:36:01.4318544Z Get:13 http://azure.archive.ubuntu.com/ubuntu noble-updates/main Translation-en [345 kB]
2026-04-26T22:36:01.4348590Z Get:14 http://azure.archive.ubuntu.com/ubuntu noble-updates/main amd64 Components [177 kB]
2026-04-26T22:36:01.4369684Z Get:15 http://azure.archive.ubuntu.com/ubuntu noble-updates/main amd64 c-n-f Metadata [17.1 kB]
2026-04-26T22:36:01.4405538Z Get:16 http://azure.archive.ubuntu.com/ubuntu noble-updates/universe amd64 Packages [1685 kB]
2026-04-26T22:36:01.4486140Z Get:17 http://azure.archive.ubuntu.com/ubuntu noble-updates/universe Translation-en [324 kB]
2026-04-26T22:36:01.4516198Z Get:18 http://azure.archive.ubuntu.com/ubuntu noble-updates/universe amd64 Components [386 kB]
2026-04-26T22:36:01.4544880Z Get:19 http://azure.archive.ubuntu.com/ubuntu noble-updates/universe amd64 c-n-f Metadata [34.5 kB]
2026-04-26T22:36:01.4568890Z Get:20 http://azure.archive.ubuntu.com/ubuntu noble-updates/restricted amd64 Packages [2981 kB]
2026-04-26T22:36:01.4719716Z Get:21 http://azure.archive.ubuntu.com/ubuntu noble-updates/restricted Translation-en [697 kB]
2026-04-26T22:36:01.5234169Z Get:22 http://azure.archive.ubuntu.com/ubuntu noble-updates/restricted amd64 Components [212 B]
2026-04-26T22:36:01.5255641Z Get:23 http://azure.archive.ubuntu.com/ubuntu noble-updates/multiverse amd64 Packages [32.5 kB]
2026-04-26T22:36:01.5267733Z Get:24 http://azure.archive.ubuntu.com/ubuntu noble-updates/multiverse Translation-en [8180 B]
2026-04-26T22:36:01.5278578Z Get:25 http://azure.archive.ubuntu.com/ubuntu noble-updates/multiverse amd64 Components [940 B]
2026-04-26T22:36:01.5291987Z Get:26 http://azure.archive.ubuntu.com/ubuntu noble-updates/multiverse amd64 c-n-f Metadata [512 B]
2026-04-26T22:36:01.5320416Z Get:27 http://azure.archive.ubuntu.com/ubuntu noble-backports/main amd64 Packages [40.6 kB]
2026-04-26T22:36:01.5385219Z Get:28 http://azure.archive.ubuntu.com/ubuntu noble-backports/main Translation-en [9172 B]
2026-04-26T22:36:01.5392803Z Get:29 http://azure.archive.ubuntu.com/ubuntu noble-backports/main amd64 Components [7368 B]
2026-04-26T22:36:01.5407744Z Get:30 http://azure.archive.ubuntu.com/ubuntu noble-backports/universe amd64 Packages [30.6 kB]
2026-04-26T22:36:01.5409523Z Get:31 http://azure.archive.ubuntu.com/ubuntu noble-backports/universe Translation-en [18.2 kB]
2026-04-26T22:36:01.5412345Z Get:32 http://azure.archive.ubuntu.com/ubuntu noble-backports/universe amd64 Components [10.5 kB]
2026-04-26T22:36:01.5428331Z Get:33 http://azure.archive.ubuntu.com/ubuntu noble-backports/universe amd64 c-n-f Metadata [1484 B]
2026-04-26T22:36:01.5439836Z Get:34 http://azure.archive.ubuntu.com/ubuntu noble-backports/restricted amd64 Components [212 B]
2026-04-26T22:36:01.5463707Z Get:35 http://azure.archive.ubuntu.com/ubuntu noble-backports/multiverse amd64 Packages [748 B]
2026-04-26T22:36:01.5917765Z Get:36 http://azure.archive.ubuntu.com/ubuntu noble-backports/multiverse amd64 Components [212 B]
2026-04-26T22:36:01.5932324Z Get:37 http://azure.archive.ubuntu.com/ubuntu noble-security/main amd64 Packages [1620 kB]
2026-04-26T22:36:01.6009194Z Get:38 http://azure.archive.ubuntu.com/ubuntu noble-security/main Translation-en [259 kB]
2026-04-26T22:36:01.6032472Z Get:39 http://azure.archive.ubuntu.com/ubuntu noble-security/main amd64 Components [21.9 kB]
2026-04-26T22:36:01.6045572Z Get:40 http://azure.archive.ubuntu.com/ubuntu noble-security/main amd64 c-n-f Metadata [11.0 kB]
2026-04-26T22:36:01.6059157Z Get:41 http://azure.archive.ubuntu.com/ubuntu noble-security/universe amd64 Packages [1182 kB]
2026-04-26T22:36:01.6118955Z Get:42 http://azure.archive.ubuntu.com/ubuntu noble-security/universe Translation-en [227 kB]
2026-04-26T22:36:01.6140401Z Get:51 https://dl.google.com/linux/chrome-stable/deb stable/main amd64 Packages [1213 B]
2026-04-26T22:36:01.6142549Z Get:43 http://azure.archive.ubuntu.com/ubuntu noble-security/universe amd64 Components [74.2 kB]
2026-04-26T22:36:01.6196004Z Get:44 http://azure.archive.ubuntu.com/ubuntu noble-security/universe amd64 c-n-f Metadata [23.1 kB]
2026-04-26T22:36:01.6220902Z Get:45 http://azure.archive.ubuntu.com/ubuntu noble-security/restricted amd64 Packages [2833 kB]
2026-04-26T22:36:01.6339115Z Get:46 http://azure.archive.ubuntu.com/ubuntu noble-security/restricted Translation-en [666 kB]
2026-04-26T22:36:01.6376123Z Get:47 http://azure.archive.ubuntu.com/ubuntu noble-security/restricted amd64 Components [212 B]
2026-04-26T22:36:01.6389428Z Get:48 http://azure.archive.ubuntu.com/ubuntu noble-security/multiverse amd64 Packages [28.8 kB]
2026-04-26T22:36:01.6402077Z Get:49 http://azure.archive.ubuntu.com/ubuntu noble-security/multiverse Translation-en [7172 B]
2026-04-26T22:36:01.6416726Z Get:50 http://azure.archive.ubuntu.com/ubuntu noble-security/multiverse amd64 Components [208 B]
2026-04-26T22:36:09.9386595Z Fetched 16.3 MB in 2s (8907 kB/s)
2026-04-26T22:36:10.6825095Z Reading package lists...
2026-04-26T22:36:10.7128681Z Reading package lists...
2026-04-26T22:36:10.8791996Z Building dependency tree...
2026-04-26T22:36:10.8798996Z Reading state information...
2026-04-26T22:36:11.0222729Z The following additional packages will be installed:
2026-04-26T22:36:11.0223317Z   qemu-user-binfmt
2026-04-26T22:36:11.0397127Z The following NEW packages will be installed:
2026-04-26T22:36:11.0397734Z   qemu-user qemu-user-binfmt
2026-04-26T22:36:11.0622127Z 0 upgraded, 2 newly installed, 0 to remove and 40 not upgraded.
2026-04-26T22:36:11.0622896Z Need to get 9627 kB of archives.
2026-04-26T22:36:11.0623536Z After this operation, 65.4 MB of additional disk space will be used.
2026-04-26T22:36:11.0624301Z Get:1 file:/etc/apt/apt-mirrors.txt Mirrorlist [144 B]
2026-04-26T22:36:11.1943970Z Get:2 http://azure.archive.ubuntu.com/ubuntu noble-updates/universe amd64 qemu-user amd64 1:8.2.2+ds-0ubuntu1.16 [9624 kB]
2026-04-26T22:36:11.4128518Z Get:3 http://azure.archive.ubuntu.com/ubuntu noble-updates/universe amd64 qemu-user-binfmt amd64 1:8.2.2+ds-0ubuntu1.16 [3642 B]
2026-04-26T22:36:11.6531286Z Fetched 9627 kB in 0s (26.3 MB/s)
2026-04-26T22:36:11.6739716Z Selecting previously unselected package qemu-user.
2026-04-26T22:36:11.7002276Z (Reading database ... 
2026-04-26T22:36:11.7002773Z (Reading database ... 5%
2026-04-26T22:36:11.7003264Z (Reading database ... 10%
2026-04-26T22:36:11.7003973Z (Reading database ... 15%
2026-04-26T22:36:11.7004455Z (Reading database ... 20%
2026-04-26T22:36:11.7005182Z (Reading database ... 25%
2026-04-26T22:36:11.7005610Z (Reading database ... 30%
2026-04-26T22:36:11.7006066Z (Reading database ... 35%
2026-04-26T22:36:11.7006506Z (Reading database ... 40%
2026-04-26T22:36:11.7006951Z (Reading database ... 45%
2026-04-26T22:36:11.7007401Z (Reading database ... 50%
2026-04-26T22:36:11.7090122Z (Reading database ... 55%
2026-04-26T22:36:11.8479378Z (Reading database ... 60%
2026-04-26T22:36:12.0020523Z (Reading database ... 65%
2026-04-26T22:36:12.1902130Z (Reading database ... 70%
2026-04-26T22:36:12.3941248Z (Reading database ... 75%
2026-04-26T22:36:12.5987489Z (Reading database ... 80%
2026-04-26T22:36:12.7418036Z (Reading database ... 85%
2026-04-26T22:36:12.9436919Z (Reading database ... 90%
2026-04-26T22:36:13.0796565Z (Reading database ... 95%
2026-04-26T22:36:13.0797071Z (Reading database ... 100%
2026-04-26T22:36:13.0797733Z (Reading database ... 220764 files and directories currently installed.)
2026-04-26T22:36:13.0840932Z Preparing to unpack .../qemu-user_1%3a8.2.2+ds-0ubuntu1.16_amd64.deb ...
2026-04-26T22:36:13.0866934Z Unpacking qemu-user (1:8.2.2+ds-0ubuntu1.16) ...
2026-04-26T22:36:13.3185420Z Selecting previously unselected package qemu-user-binfmt.
2026-04-26T22:36:13.3321463Z Preparing to unpack .../qemu-user-binfmt_1%3a8.2.2+ds-0ubuntu1.16_amd64.deb ...
2026-04-26T22:36:13.3332448Z Unpacking qemu-user-binfmt (1:8.2.2+ds-0ubuntu1.16) ...
2026-04-26T22:36:13.3787588Z Setting up qemu-user (1:8.2.2+ds-0ubuntu1.16) ...
2026-04-26T22:36:13.3813480Z Setting up qemu-user-binfmt (1:8.2.2+ds-0ubuntu1.16) ...
2026-04-26T22:36:13.3855773Z Processing triggers for man-db (2.12.0-4build2) ...
2026-04-26T22:36:13.3876171Z Not building database; man-db/auto-update is not 'true'.
2026-04-26T22:36:13.3889000Z Processing triggers for systemd (255.4-1ubuntu8.15) ...
2026-04-26T22:36:14.0313622Z 
2026-04-26T22:36:14.0314134Z Running kernel seems to be up-to-date.
2026-04-26T22:36:14.0314796Z 
2026-04-26T22:36:14.0314995Z No services need to be restarted.
2026-04-26T22:36:14.0315388Z 
2026-04-26T22:36:14.0315584Z No containers need to be restarted.
2026-04-26T22:36:14.0315942Z 
2026-04-26T22:36:14.0316183Z No user sessions are running outdated binaries.
2026-04-26T22:36:14.0316610Z 
2026-04-26T22:36:14.0317029Z No VM guests are running outdated hypervisor (qemu) binaries on this host.
2026-04-26T22:36:14.8449135Z ##[group]Run ./tool/go build -o /tmp/testwrapper ./cmd/testwrapper
2026-04-26T22:36:14.8449625Z [36;1m./tool/go build -o /tmp/testwrapper ./cmd/testwrapper[0m
2026-04-26T22:36:14.8469927Z shell: /usr/bin/bash -e {0}
2026-04-26T22:36:14.8470167Z env:
2026-04-26T22:36:14.8470359Z   TS_FUZZ_CURRENTLY_BROKEN: false
2026-04-26T22:36:14.8470694Z   GOMODCACHE: /home/runner/work/tailscale/tailscale/gomodcache
2026-04-26T22:36:14.8471036Z   CMD_GO_USE_GIT_HASH: true
2026-04-26T22:36:14.8471264Z ##[endgroup]
2026-04-26T22:36:14.8542357Z + [[ linux-gnu == \c\y\g\w\i\n ]]
2026-04-26T22:36:14.8542843Z + [[ linux-gnu == \m\s\y\s ]]
2026-04-26T22:36:14.8543257Z + [[ '' == \1 ]]
2026-04-26T22:36:14.8543653Z + go_toolchain_rev_file=go.toolchain.rev
2026-04-26T22:36:14.8547396Z + repo_root=./tool/../tool/gocross/../..
2026-04-26T22:36:14.8547918Z + cd ./tool/../tool/gocross/../..
2026-04-26T22:36:14.8548445Z + toolchain=
2026-04-26T22:36:14.8548753Z + read -r REV
2026-04-26T22:36:14.8549024Z + case "$REV" in
2026-04-26T22:36:14.8549425Z + toolchain=/home/runner/.cache/tsgo/dfe2a5fd8ee2e68b08ce5ff259269f50ecadf2f4
2026-04-26T22:36:14.8550096Z + [[ ! -f /home/runner/.cache/tsgo/dfe2a5fd8ee2e68b08ce5ff259269f50ecadf2f4.extracted ]]
2026-04-26T22:36:14.8550822Z + '[' '' '!=' 1 ']'
2026-04-26T22:36:14.8551189Z + exit 0
2026-04-26T22:36:14.8551631Z + repo_root=./tool/../tool/gocross/../..
2026-04-26T22:36:14.8552198Z + unset GOROOT
2026-04-26T22:36:14.8552802Z + '[' '' '!=' 1 ']'
2026-04-26T22:36:14.8553237Z + read -r REV
2026-04-26T22:36:14.8553619Z + case "$REV" in
2026-04-26T22:36:14.8554214Z + toolchain=/home/runner/.cache/tsgo/dfe2a5fd8ee2e68b08ce5ff259269f50ecadf2f4
2026-04-26T22:36:14.8555471Z + exec /home/runner/.cache/tsgo/dfe2a5fd8ee2e68b08ce5ff259269f50ecadf2f4/bin/go build -o /tmp/testwrapper ./cmd/testwrapper
2026-04-26T22:36:15.0432613Z ##[group]Run NOBASHDEBUG=true NOPWSHDEBUG=true PATH=$PWD/tool:$PATH /tmp/testwrapper ./... 
2026-04-26T22:36:15.0433335Z [36;1mNOBASHDEBUG=true NOPWSHDEBUG=true PATH=$PWD/tool:$PATH /tmp/testwrapper ./... [0m
2026-04-26T22:36:15.0453948Z shell: /usr/bin/bash -e {0}
2026-04-26T22:36:15.0454196Z env:
2026-04-26T22:36:15.0454392Z   TS_FUZZ_CURRENTLY_BROKEN: false
2026-04-26T22:36:15.0455036Z   GOMODCACHE: /home/runner/work/tailscale/tailscale/gomodcache
2026-04-26T22:36:15.0455389Z   CMD_GO_USE_GIT_HASH: true
2026-04-26T22:36:15.0455617Z   GOARCH: amd64
2026-04-26T22:36:15.0455814Z   TS_TEST_SHARD: 
2026-04-26T22:36:15.0456014Z ##[endgroup]
2026-04-26T22:36:16.4572805Z ?	tailscale.com/appc/appctest [skipped/no tests] 
2026-04-26T22:36:16.4605554Z ok	tailscale.com/atomicfile	(cached)
2026-04-26T22:36:16.4645344Z ok	tailscale.com/chirp	(cached)
2026-04-26T22:36:16.4646432Z ok	tailscale.com/appc	(cached)
2026-04-26T22:36:16.4675352Z ok	tailscale.com/client/freedesktop	(cached)
2026-04-26T22:36:16.4705325Z ?	tailscale.com/client/systray [skipped/no tests] 
2026-04-26T22:36:16.4715201Z ok	tailscale.com/client/local	(cached)
2026-04-26T22:36:16.4736248Z ok	tailscale.com/client/tailscale	(cached)
2026-04-26T22:36:16.4765478Z ?	tailscale.com/client/tailscale/apitype [skipped/no tests] 
2026-04-26T22:36:16.4800676Z ?	tailscale.com/client/tailscale/example/servetls [skipped/no tests] 
2026-04-26T22:36:16.4815506Z ok	tailscale.com/client/web	(cached)
2026-04-26T22:36:16.4835597Z ok	tailscale.com/clientupdate	(cached)
2026-04-26T22:36:16.4836445Z ok	tailscale.com/clientupdate/distsign	(cached)
2026-04-26T22:36:16.4837287Z ?	tailscale.com/cmd/addlicense [skipped/no tests] 
2026-04-26T22:36:16.4838203Z ?	tailscale.com/cmd/build-webclient [skipped/no tests] 
2026-04-26T22:36:16.8175971Z === RUN   TestLicenseHeaders
2026-04-26T22:36:16.8195808Z     license_test.go:107: file feature/conn25/addrAssignments.go has license header as a package doc; add a blank line before the package line
2026-04-26T22:36:16.8225082Z --- FAIL: TestLicenseHeaders (0.05s)
2026-04-26T22:36:16.8935583Z === RUN   TestPackageDocs
2026-04-26T22:36:16.8938504Z     pkgdoc_test.go:74: the copyright header for feature/conn25/addrAssignments.go became its package doc due to missing blank line
2026-04-26T22:36:16.8965748Z     pkgdoc_test.go:80: multiple files with package doc in feature/conn25: ["feature/conn25/addrAssignments.go" "feature/conn25/conn25.go"]
2026-04-26T22:36:16.8966498Z     pkgdoc_test.go:90: parsed 1538 files
2026-04-26T22:36:16.8966798Z --- FAIL: TestPackageDocs (0.07s)
2026-04-26T22:36:16.9225548Z FAIL
2026-04-26T22:36:16.9235257Z FAIL	tailscale.com	0.473
2026-04-26T22:36:17.0856100Z ?	tailscale.com/cmd/checkmetrics [skipped/no tests] 
2026-04-26T22:36:17.0885646Z ?	tailscale.com/cmd/cigocacher [skipped/no tests] 
2026-04-26T22:36:17.0915188Z ok	tailscale.com/cmd/cloner	(cached)
2026-04-26T22:36:17.0945282Z ?	tailscale.com/cmd/cloner/clonerex [skipped/no tests] 
2026-04-26T22:36:17.0966362Z ?	tailscale.com/cmd/connector-gen [skipped/no tests] 
2026-04-26T22:36:17.0975219Z ok	tailscale.com/cmd/containerboot	(cached)
2026-04-26T22:36:17.1005377Z ok	tailscale.com/cmd/derper	(cached)
2026-04-26T22:36:17.1016348Z ?	tailscale.com/cmd/derpprobe [skipped/no tests] 
2026-04-26T22:36:17.1040497Z ?	tailscale.com/cmd/dist [skipped/no tests] 
2026-04-26T22:36:17.1065210Z ?	tailscale.com/cmd/distsign [skipped/no tests] 
2026-04-26T22:36:17.1095108Z ?	tailscale.com/cmd/featuretags [skipped/no tests] 
2026-04-26T22:36:17.1105542Z ?	tailscale.com/cmd/get-authkey [skipped/no tests] 
2026-04-26T22:36:17.1135846Z ok	tailscale.com/cmd/gitops-pusher	(cached)
2026-04-26T22:36:17.1136732Z ?	tailscale.com/cmd/hello [skipped/no tests] 
2026-04-26T22:36:17.1137387Z ok	tailscale.com/cmd/jsonimports	(cached)
2026-04-26T22:36:17.1138061Z ok	tailscale.com/cmd/k8s-nameserver	(cached)
2026-04-26T22:36:20.3525551Z ok	tailscale.com/cmd/k8s-operator/e2e	(cached)
2026-04-26T22:36:20.3539212Z ok	tailscale.com/cmd/k8s-operator/generate	(cached)
2026-04-26T22:36:20.3547475Z ok	tailscale.com/cmd/k8s-proxy	(cached)
2026-04-26T22:36:20.3575299Z ok	tailscale.com/cmd/k8s-proxy/internal/config	(cached)
2026-04-26T22:36:20.3579325Z ?	tailscale.com/cmd/mkmanifest [skipped/no tests] 
2026-04-26T22:36:20.3612405Z ?	tailscale.com/cmd/mkpkg [skipped/no tests] 
2026-04-26T22:36:20.3635286Z ?	tailscale.com/cmd/mkversion [skipped/no tests] 
2026-04-26T22:36:20.3661332Z ok	tailscale.com/cmd/nardump	(cached)
2026-04-26T22:36:20.3675872Z ok	tailscale.com/cmd/natc	0.015
2026-04-26T22:36:20.3875419Z ok	tailscale.com/cmd/natc/ippool	(cached)
2026-04-26T22:36:20.3876119Z ?	tailscale.com/cmd/netlogfmt [skipped/no tests] 
2026-04-26T22:36:20.3876649Z ?	tailscale.com/cmd/nginx-auth [skipped/no tests] 
2026-04-26T22:36:20.3877154Z ?	tailscale.com/cmd/omitsize [skipped/no tests] 
2026-04-26T22:36:20.3877638Z ?	tailscale.com/cmd/pgproxy [skipped/no tests] 
2026-04-26T22:36:20.3878476Z ?	tailscale.com/cmd/printdep [skipped/no tests] 
2026-04-26T22:36:20.3879021Z ?	tailscale.com/cmd/proxy-test-server [skipped/no tests] 
2026-04-26T22:36:20.4056560Z ok	tailscale.com/cmd/proxy-to-grafana	0.023
2026-04-26T22:36:20.9763314Z ok	tailscale.com/cmd/k8s-operator	1.183
2026-04-26T22:36:26.4121972Z ?	tailscale.com/cmd/speedtest [skipped/no tests] 
2026-04-26T22:36:26.4124895Z ?	tailscale.com/cmd/ssh-auth-none-demo [skipped/no tests] 
2026-04-26T22:36:26.4139618Z ?	tailscale.com/cmd/stunc [skipped/no tests] 
2026-04-26T22:36:26.4149183Z ?	tailscale.com/cmd/stund [skipped/no tests] 
2026-04-26T22:36:26.4150583Z ?	tailscale.com/cmd/stunstamp [skipped/no tests] 
2026-04-26T22:36:26.4151506Z ?	tailscale.com/cmd/sync-containers [skipped/no tests] 
2026-04-26T22:36:26.4152273Z ?	tailscale.com/cmd/systray [skipped/no tests] 
2026-04-26T22:36:26.4152949Z ok	tailscale.com/cmd/tailscale	(cached)
2026-04-26T22:36:26.4193888Z ?	tailscale.com/cmd/tailscale/cli/ffcomplete [skipped/no tests] 
2026-04-26T22:36:26.4205429Z ok	tailscale.com/cmd/tailscale/cli/ffcomplete/internal	(cached)
2026-04-26T22:36:26.4215370Z ?	tailscale.com/cmd/tailscale/cli/jsonoutput [skipped/no tests] 
2026-04-26T22:36:26.4256254Z ok	tailscale.com/cmd/tailscale/cli	(cached)
2026-04-26T22:36:26.4260342Z ?	tailscale.com/cmd/tailscaled/childproc [skipped/no tests] 
2026-04-26T22:36:26.4268655Z ?	tailscale.com/cmd/tailscaled/tailscaledhooks [skipped/no tests] 
2026-04-26T22:36:26.4270541Z ?	tailscale.com/cmd/testcontrol [skipped/no tests] 
2026-04-26T22:36:26.4271058Z ok	tailscale.com/cmd/testwrapper	(cached)
2026-04-26T22:36:26.4295983Z === RUN   TestFlakeRun
2026-04-26T22:36:26.4297157Z === ATTR  TestFlakeRun flaky-test-issue-url https://github.com/tailscale/tailscale/issues/0
2026-04-26T22:36:26.4298717Z     flakytest.go:62: flakytest: issue tracking this flaky test: https://github.com/tailscale/tailscale/issues/0
2026-04-26T22:36:26.4300195Z     flakytest_test.go:42: First run in testwrapper, failing so that test is retried. This is expected.
2026-04-26T22:36:26.4301444Z --- FAIL: TestFlakeRun (0.00s)
2026-04-26T22:36:26.4324426Z FAIL
2026-04-26T22:36:26.4325690Z FAIL	tailscale.com/cmd/testwrapper/flakytest	0.003
2026-04-26T22:36:26.4326755Z ?	tailscale.com/cmd/tl-longchain [skipped/no tests] 
2026-04-26T22:36:26.4338160Z ?	tailscale.com/cmd/tsconnect [skipped/no tests] 
2026-04-26T22:36:26.4339024Z ok	tailscale.com/cmd/tsidp	(cached)
2026-04-26T22:36:26.4339784Z ?	tailscale.com/cmd/tsnet-proxy [skipped/no tests] 
2026-04-26T22:36:26.4340558Z ?	tailscale.com/cmd/tsp [skipped/no tests] 
2026-04-26T22:36:26.4341271Z ?	tailscale.com/cmd/tta [skipped/no tests] 
2026-04-26T22:36:26.4341875Z ?	tailscale.com/cmd/vet [skipped/no tests] 
2026-04-26T22:36:26.4342736Z ?	tailscale.com/cmd/vet/jsontags [skipped/no tests] 
2026-04-26T22:36:26.4343542Z ok	tailscale.com/cmd/vet/subtestnames	(cached)
2026-04-26T22:36:26.4344214Z ok	tailscale.com/cmd/viewer	(cached)
2026-04-26T22:36:26.4345366Z ?	tailscale.com/cmd/viewer/tests [skipped/no tests] 
2026-04-26T22:36:26.4346227Z ?	tailscale.com/cmd/vnet [skipped/no tests] 
2026-04-26T22:36:26.4347257Z ?	tailscale.com/cmd/xdpderper [skipped/no tests] 
2026-04-26T22:36:26.4348215Z ok	tailscale.com/control/controlbase	(cached)
2026-04-26T22:36:26.4392104Z ok	tailscale.com/control/controlclient	(cached)
2026-04-26T22:36:26.4422207Z ok	tailscale.com/control/controlhttp	(cached)
2026-04-26T22:36:26.4462067Z ?	tailscale.com/control/controlhttp/controlhttpcommon [skipped/no tests] 
2026-04-26T22:36:26.4485800Z ?	tailscale.com/control/controlhttp/controlhttpserver [skipped/no tests] 
2026-04-26T22:36:26.4492473Z ok	tailscale.com/control/controlknobs	(cached)
2026-04-26T22:36:26.4493168Z ok	tailscale.com/control/ts2021	(cached)
2026-04-26T22:36:26.4493754Z ok	tailscale.com/control/tsp	(cached)
2026-04-26T22:36:26.4494304Z ok	tailscale.com/derp	(cached)
2026-04-26T22:36:26.4495216Z ?	tailscale.com/derp/derpconst [skipped/no tests] 
2026-04-26T22:36:26.4495843Z ok	tailscale.com/derp/derphttp	(cached)
2026-04-26T22:36:26.4515370Z ok	tailscale.com/derp/derpserver	(cached)
2026-04-26T22:36:26.4526026Z ok	tailscale.com/derp/xdp	(cached)
2026-04-26T22:36:26.4526744Z ?	tailscale.com/derp/xdp/headers [skipped/no tests] 
2026-04-26T22:36:26.4527413Z ok	tailscale.com/disco	(cached)
2026-04-26T22:36:26.4528008Z ?	tailscale.com/docs [skipped/no tests] 
2026-04-26T22:36:26.4528609Z ?	tailscale.com/docs/webhooks [skipped/no tests] 
2026-04-26T22:36:26.4529208Z ok	tailscale.com/doctor	(cached)
2026-04-26T22:36:26.4529801Z ?	tailscale.com/doctor/ethtool [skipped/no tests] 
2026-04-26T22:36:26.4530431Z ok	tailscale.com/doctor/permissions	(cached)
2026-04-26T22:36:26.4531122Z ?	tailscale.com/doctor/routetable [skipped/no tests] 
2026-04-26T22:36:26.4531738Z ok	tailscale.com/drive	(cached)
2026-04-26T22:36:26.4532291Z ok	tailscale.com/drive/driveimpl	(cached)
2026-04-26T22:36:26.4532946Z ok	tailscale.com/drive/driveimpl/compositedav	(cached)
2026-04-26T22:36:26.4533605Z ok	tailscale.com/drive/driveimpl/dirfs	(cached)
2026-04-26T22:36:26.4534213Z ok	tailscale.com/drive/driveimpl/shared	(cached)
2026-04-26T22:36:26.4535172Z ?	tailscale.com/envknob [skipped/no tests] 
2026-04-26T22:36:26.4535907Z ?	tailscale.com/envknob/featureknob [skipped/no tests] 
2026-04-26T22:36:26.4536555Z ?	tailscale.com/feature [skipped/no tests] 
2026-04-26T22:36:26.4537984Z ?	tailscale.com/feature/ace [skipped/no tests] 
2026-04-26T22:36:26.4538852Z ?	tailscale.com/feature/appconnectors [skipped/no tests] 
2026-04-26T22:36:26.4539649Z ok	tailscale.com/feature/awsparamstore	(cached)
2026-04-26T22:36:26.4540447Z ?	tailscale.com/feature/buildfeatures [skipped/no tests] 
2026-04-26T22:36:26.4541240Z ?	tailscale.com/feature/c2n [skipped/no tests] 
2026-04-26T22:36:26.4541981Z ?	tailscale.com/feature/capture [skipped/no tests] 
2026-04-26T22:36:26.4542803Z ?	tailscale.com/feature/capture/dissector [skipped/no tests] 
2026-04-26T22:36:26.4543695Z ?	tailscale.com/feature/clientupdate [skipped/no tests] 
2026-04-26T22:36:26.4544519Z ?	tailscale.com/feature/condlite/expvar [skipped/no tests] 
2026-04-26T22:36:26.4545673Z ?	tailscale.com/feature/condregister [skipped/no tests] 
2026-04-26T22:36:26.4546568Z ?	tailscale.com/feature/condregister/awsparamstore [skipped/no tests] 
2026-04-26T22:36:26.4547644Z ?	tailscale.com/feature/condregister/identityfederation [skipped/no tests] 
2026-04-26T22:36:26.4548909Z ?	tailscale.com/feature/condregister/oauthkey [skipped/no tests] 
2026-04-26T22:36:26.4550196Z ?	tailscale.com/feature/condregister/portmapper [skipped/no tests] 
2026-04-26T22:36:26.4551278Z ?	tailscale.com/feature/condregister/useproxy [skipped/no tests] 
2026-04-26T22:36:27.6647040Z ok	tailscale.com/cmd/sniproxy	1.725
2026-04-26T22:36:27.9435894Z ok	tailscale.com/feature/conn25	0.037
2026-04-26T22:36:27.9476220Z ?	tailscale.com/feature/debugportmapper [skipped/no tests] 
2026-04-26T22:36:27.9541126Z ?	tailscale.com/feature/doctor [skipped/no tests] 
2026-04-26T22:36:27.9582482Z ?	tailscale.com/feature/drive [skipped/no tests] 
2026-04-26T22:36:27.9665439Z ok	tailscale.com/feature/featuretags	(cached)
2026-04-26T22:36:27.9741658Z ok	tailscale.com/feature/identityfederation	(cached)
2026-04-26T22:36:27.9767567Z ?	tailscale.com/feature/linkspeed [skipped/no tests] 
2026-04-26T22:36:27.9832262Z ok	tailscale.com/feature/linuxdnsfight	(cached)
2026-04-26T22:36:27.9864344Z ok	tailscale.com/feature/oauthkey	(cached)
2026-04-26T22:36:27.9962392Z ?	tailscale.com/feature/portlist [skipped/no tests] 
2026-04-26T22:36:27.9963411Z ?	tailscale.com/feature/portmapper [skipped/no tests] 
2026-04-26T22:36:28.0065585Z ?	tailscale.com/feature/posture [skipped/no tests] 
2026-04-26T22:36:28.0081725Z ok	tailscale.com/feature/relayserver	(cached)
2026-04-26T22:36:28.0105929Z ?	tailscale.com/feature/sdnotify [skipped/no tests] 
2026-04-26T22:36:28.0123773Z ?	tailscale.com/feature/ssh [skipped/no tests] 
2026-04-26T22:36:28.0143045Z ?	tailscale.com/feature/syspolicy [skipped/no tests] 
2026-04-26T22:36:28.1302415Z ok	tailscale.com/feature/tailnetlock	(cached)
2026-04-26T22:36:28.1326594Z ?	tailscale.com/feature/tap [skipped/no tests] 
2026-04-26T22:36:28.1339187Z ok	tailscale.com/feature/tpm	(cached)
2026-04-26T22:36:28.1343847Z ok	tailscale.com/feature/tundevstats	(cached)
2026-04-26T22:36:28.1345022Z ?	tailscale.com/feature/useproxy [skipped/no tests] 
2026-04-26T22:36:28.1346312Z ?	tailscale.com/feature/wakeonlan [skipped/no tests] 
2026-04-26T22:36:28.1347388Z ok	tailscale.com/gokrazy	(cached)
2026-04-26T22:36:28.1540475Z ok	tailscale.com/health	(cached)
2026-04-26T22:36:28.1565292Z ?	tailscale.com/health/healthmsg [skipped/no tests] 
2026-04-26T22:36:28.1594120Z ok	tailscale.com/hostinfo	(cached)
2026-04-26T22:36:28.1636602Z ?	tailscale.com/internal/client/tailscale [skipped/no tests] 
2026-04-26T22:36:28.1639258Z ok	tailscale.com/ipn	(cached)
2026-04-26T22:36:28.1640442Z ok	tailscale.com/ipn/auditlog	(cached)
2026-04-26T22:36:28.1641282Z ?	tailscale.com/ipn/conffile [skipped/no tests] 
2026-04-26T22:36:28.1642173Z ?	tailscale.com/ipn/desktop [skipped/no tests] 
2026-04-26T22:36:28.1642898Z ?	tailscale.com/ipn/ipnauth [skipped/no tests] 
2026-04-26T22:36:28.1643794Z ?	tailscale.com/ipn/ipnext [skipped/no tests] 
2026-04-26T22:36:28.8705952Z ok	tailscale.com/ipn/ipnlocal	(cached)
2026-04-26T22:36:28.8816182Z ok	tailscale.com/ipn/ipnlocal/netmapcache	(cached)
2026-04-26T22:36:28.8905714Z ok	tailscale.com/ipn/ipnserver	(cached)
2026-04-26T22:36:28.8973041Z ?	tailscale.com/ipn/ipnstate [skipped/no tests] 
2026-04-26T22:36:28.9083516Z ok	tailscale.com/ipn/lapitest	(cached)
2026-04-26T22:36:29.6139690Z ?	tailscale.com/ipn/policy [skipped/no tests] 
2026-04-26T22:36:29.6155414Z ok	tailscale.com/ipn/store	(cached)
2026-04-26T22:36:29.6220149Z ok	tailscale.com/ipn/store/awsstore	(cached)
2026-04-26T22:36:29.6264440Z ok	tailscale.com/ipn/store/kubestore	(cached)
2026-04-26T22:36:29.6265297Z ?	tailscale.com/ipn/store/mem [skipped/no tests] 
2026-04-26T22:36:29.6329892Z ok	tailscale.com/jsondb	(cached)
2026-04-26T22:36:29.6339212Z ok	tailscale.com/k8s-operator	(cached)
2026-04-26T22:36:29.6389951Z ok	tailscale.com/k8s-operator/api-proxy	(cached)
2026-04-26T22:36:29.6415151Z ?	tailscale.com/k8s-operator/apis [skipped/no tests] 
2026-04-26T22:36:29.6466655Z ?	tailscale.com/k8s-operator/apis/v1alpha1 [skipped/no tests] 
2026-04-26T22:36:29.6539080Z ok	tailscale.com/k8s-operator/reconciler	(cached)
2026-04-26T22:36:29.6605430Z ok	tailscale.com/k8s-operator/reconciler/proxygrouppolicy	(cached)
2026-04-26T22:36:29.6638601Z ok	tailscale.com/k8s-operator/reconciler/tailnet	(cached)
2026-04-26T22:36:29.6685267Z ok	tailscale.com/k8s-operator/sessionrecording	(cached)
2026-04-26T22:36:29.6719544Z ?	tailscale.com/k8s-operator/sessionrecording/fakes [skipped/no tests] 
2026-04-26T22:36:29.6740933Z ok	tailscale.com/k8s-operator/sessionrecording/spdy	(cached)
2026-04-26T22:36:29.6805423Z ?	tailscale.com/k8s-operator/sessionrecording/tsrecorder [skipped/no tests] 
2026-04-26T22:36:29.6845071Z ok	tailscale.com/k8s-operator/sessionrecording/ws	(cached)
2026-04-26T22:36:29.6860707Z ?	tailscale.com/k8s-operator/tsclient [skipped/no tests] 
2026-04-26T22:36:29.6861464Z ok	tailscale.com/kube/authkey	(cached)
2026-04-26T22:36:29.6861997Z ok	tailscale.com/kube/certs	(cached)
2026-04-26T22:36:29.6863052Z ok	tailscale.com/kube/egressservices	(cached)
2026-04-26T22:36:29.6863690Z ?	tailscale.com/kube/health [skipped/no tests] 
2026-04-26T22:36:29.6864328Z ?	tailscale.com/kube/ingressservices [skipped/no tests] 
2026-04-26T22:36:29.6865183Z ok	tailscale.com/kube/k8s-proxy/conf	(cached)
2026-04-26T22:36:29.6865713Z ?	tailscale.com/kube/kubeapi [skipped/no tests] 
2026-04-26T22:36:29.6866204Z ok	tailscale.com/kube/kubeclient	(cached)
2026-04-26T22:36:29.6866642Z ok	tailscale.com/kube/kubetypes	(cached)
2026-04-26T22:36:29.6867129Z ?	tailscale.com/kube/localclient [skipped/no tests] 
2026-04-26T22:36:29.6867683Z ?	tailscale.com/kube/metrics [skipped/no tests] 
2026-04-26T22:36:29.6868220Z ?	tailscale.com/kube/services [skipped/no tests] 
2026-04-26T22:36:29.6868719Z ok	tailscale.com/kube/state	(cached)
2026-04-26T22:36:29.6869168Z ?	tailscale.com/licenses [skipped/no tests] 
2026-04-26T22:36:29.6869884Z ok	tailscale.com/log/filelogger	(cached)
2026-04-26T22:36:29.6870356Z ok	tailscale.com/log/sockstatlog	(cached)
2026-04-26T22:36:29.6870817Z ok	tailscale.com/logpolicy	(cached)
2026-04-26T22:36:29.6871246Z ok	tailscale.com/logtail	(cached)
2026-04-26T22:36:29.6871789Z ?	tailscale.com/logtail/example/logadopt [skipped/no tests] 
2026-04-26T22:36:29.6872464Z ?	tailscale.com/logtail/example/logreprocess [skipped/no tests] 
2026-04-26T22:36:29.6873192Z ?	tailscale.com/logtail/example/logtail [skipped/no tests] 
2026-04-26T22:36:29.6873773Z ok	tailscale.com/logtail/filch	(cached)
2026-04-26T22:36:29.6874201Z ok	tailscale.com/metrics	(cached)
2026-04-26T22:36:29.6874959Z ?	tailscale.com/misc/genreadme [skipped/no tests] 
2026-04-26T22:36:29.6875524Z ?	tailscale.com/misc/git_hook [skipped/no tests] 
2026-04-26T22:36:29.6876130Z ?	tailscale.com/misc/git_hook/githook [skipped/no tests] 
2026-04-26T22:36:29.6876723Z ?	tailscale.com/net/ace [skipped/no tests] 
2026-04-26T22:36:29.6877250Z ok	tailscale.com/net/art	0.004
2026-04-26T22:36:29.6877679Z ok	tailscale.com/net/bakedroots	(cached)
2026-04-26T22:36:29.6878164Z ok	tailscale.com/net/batching	(cached)
2026-04-26T22:36:29.6878690Z ok	tailscale.com/net/captivedetection	(cached)
2026-04-26T22:36:29.6879319Z ?	tailscale.com/net/connectproxy [skipped/no tests] 
2026-04-26T22:36:29.6879832Z ok	tailscale.com/net/dns	(cached)
2026-04-26T22:36:29.6880309Z ok	tailscale.com/net/dns/publicdns	(cached)
2026-04-26T22:36:29.6880807Z ok	tailscale.com/net/dns/resolvconffile	(cached)
2026-04-26T22:36:29.6881303Z ok	tailscale.com/net/dns/resolver	(cached)
2026-04-26T22:36:29.6881785Z ok	tailscale.com/net/dnscache	(cached)
2026-04-26T22:36:29.6882253Z ok	tailscale.com/net/dnsfallback	(cached)
2026-04-26T22:36:29.6942814Z ok	tailscale.com/net/flowtrack	(cached)
2026-04-26T22:36:29.6990685Z ok	tailscale.com/net/ipset	(cached)
2026-04-26T22:36:29.7001280Z ok	tailscale.com/net/ktimeout	(cached)
2026-04-26T22:36:29.7015174Z ok	tailscale.com/net/memnet	(cached)
2026-04-26T22:36:29.7065416Z ?	tailscale.com/net/netaddr [skipped/no tests] 
2026-04-26T22:36:29.7119746Z ok	tailscale.com/net/netcheck	(cached)
2026-04-26T22:36:29.7120507Z ok	tailscale.com/net/neterror	(cached)
2026-04-26T22:36:29.7121245Z ?	tailscale.com/net/netkernelconf [skipped/no tests] 
2026-04-26T22:36:29.7122034Z ?	tailscale.com/net/netknob [skipped/no tests] 
2026-04-26T22:36:29.7122687Z ok	tailscale.com/net/netmon	(cached)
2026-04-26T22:36:29.7136881Z ok	tailscale.com/net/netns	(cached)
2026-04-26T22:36:29.7137483Z ok	tailscale.com/net/netstat	(cached)
2026-04-26T22:36:29.7202103Z ok	tailscale.com/net/netutil	(cached)
2026-04-26T22:36:29.7235143Z ?	tailscale.com/net/netx [skipped/no tests] 
2026-04-26T22:36:29.7255437Z ok	tailscale.com/net/packet	(cached)
2026-04-26T22:36:29.7280422Z ok	tailscale.com/net/packet/checksum	(cached)
2026-04-26T22:36:29.7315724Z ok	tailscale.com/ipn/localapi	0.114
2026-04-26T22:36:29.7365188Z ok	tailscale.com/net/ping	(cached)
2026-04-26T22:36:29.7395195Z ok	tailscale.com/net/portmapper	(cached)
2026-04-26T22:36:29.7435644Z ?	tailscale.com/net/portmapper/portmappertype [skipped/no tests] 
2026-04-26T22:36:29.7475232Z ok	tailscale.com/net/porttrack	(cached)
2026-04-26T22:36:29.7485269Z ok	tailscale.com/net/proxymux	(cached)
2026-04-26T22:36:29.7512516Z ok	tailscale.com/net/routetable	(cached)
2026-04-26T22:36:29.7528740Z ok	tailscale.com/net/sockopts	(cached)
2026-04-26T22:36:29.7529694Z ok	tailscale.com/net/socks5	(cached)
2026-04-26T22:36:29.7530385Z ?	tailscale.com/net/sockstats [skipped/no tests] 
2026-04-26T22:36:29.7531178Z ok	tailscale.com/net/speedtest	(cached)
2026-04-26T22:36:29.7531875Z ok	tailscale.com/net/stun	(cached)
2026-04-26T22:36:29.7532561Z ?	tailscale.com/net/stun/stuntest [skipped/no tests] 
2026-04-26T22:36:29.7533422Z ok	tailscale.com/net/stunserver	(cached)
2026-04-26T22:36:29.7534014Z ok	tailscale.com/net/tcpinfo	(cached)
2026-04-26T22:36:29.7536378Z ok	tailscale.com/net/tlsdial	(cached)
2026-04-26T22:36:29.7537031Z ok	tailscale.com/net/tlsdial/blockblame	(cached)
2026-04-26T22:36:29.7541568Z ok	tailscale.com/net/tsdial	(cached)
2026-04-26T22:36:29.7546649Z ok	tailscale.com/net/tsaddr	(cached)
2026-04-26T22:36:29.7578989Z ok	tailscale.com/net/tshttpproxy	(cached)
2026-04-26T22:36:29.7705785Z ok	tailscale.com/net/tstun	(cached)
2026-04-26T22:36:29.7745493Z ok	tailscale.com/net/udprelay	(cached)
2026-04-26T22:36:29.7749174Z ok	tailscale.com/net/udprelay/endpoint	(cached)
2026-04-26T22:36:29.7750306Z ?	tailscale.com/net/udprelay/status [skipped/no tests] 
2026-04-26T22:36:29.7751328Z ?	tailscale.com/net/wsconn [skipped/no tests] 
2026-04-26T22:36:29.7752078Z ?	tailscale.com/omit [skipped/no tests] 
2026-04-26T22:36:29.7752745Z ok	tailscale.com/packages/deb	(cached)
2026-04-26T22:36:29.7753659Z ?	tailscale.com/paths [skipped/no tests] 
2026-04-26T22:36:29.7835207Z ok	tailscale.com/portlist	(cached)
2026-04-26T22:36:29.7855202Z ok	tailscale.com/posture	(cached)
2026-04-26T22:36:29.7989821Z ok	tailscale.com/prober	(cached)
2026-04-26T22:36:29.8025172Z ?	tailscale.com/proxymap [skipped/no tests] 
2026-04-26T22:36:29.8035370Z ?	tailscale.com/release [skipped/no tests] 
2026-04-26T22:36:29.8069810Z ?	tailscale.com/release/dist [skipped/no tests] 
2026-04-26T22:36:29.8126348Z ?	tailscale.com/release/dist/cli [skipped/no tests] 
2026-04-26T22:36:29.8156439Z ?	tailscale.com/release/dist/qnap [skipped/no tests] 
2026-04-26T22:36:29.8190636Z ?	tailscale.com/release/dist/synology [skipped/no tests] 
2026-04-26T22:36:29.8215451Z ?	tailscale.com/release/dist/unixpkgs [skipped/no tests] 
2026-04-26T22:36:29.8269235Z ok	tailscale.com/safesocket	(cached)
2026-04-26T22:36:29.8295087Z ok	tailscale.com/safeweb	(cached)
2026-04-26T22:36:29.8315140Z ok	tailscale.com/sessionrecording	(cached)
2026-04-26T22:36:30.0945512Z ok	tailscale.com/ssh/tailssh	(cached)
2026-04-26T22:36:30.1005367Z ok	tailscale.com/syncs	(cached)
2026-04-26T22:36:30.1031722Z ok	tailscale.com/tailcfg	(cached)
2026-04-26T22:36:30.1065056Z ok	tailscale.com/tempfork/acme	(cached)
2026-04-26T22:36:30.1095219Z ok	tailscale.com/tempfork/heap	(cached)
2026-04-26T22:36:30.1125196Z ?	tailscale.com/tempfork/httprec [skipped/no tests] 
2026-04-26T22:36:30.1145157Z ?	tailscale.com/tempfork/pkgdoc [skipped/no tests] 
2026-04-26T22:36:30.1175095Z ?	tailscale.com/tempfork/spf13/cobra [skipped/no tests] 
2026-04-26T22:36:30.1265597Z ok	tailscale.com/tempfork/sshtest/ssh	(cached)
2026-04-26T22:36:30.1346512Z ok	tailscale.com/tka	(cached)
2026-04-26T22:36:30.1375305Z ok	tailscale.com/tool/gocross	(cached)
2026-04-26T22:36:30.1405373Z ?	tailscale.com/tool/listpkgs [skipped/no tests] 
2026-04-26T22:36:33.7265966Z ok	tailscale.com/feature/taildrop	5.609
2026-04-26T22:36:37.7347776Z ok	tailscale.com/tsconsensus	0.016
2026-04-26T22:36:37.7465587Z ?	tailscale.com/tsconst [skipped/no tests] 
2026-04-26T22:36:37.7466645Z ?	tailscale.com/tsd [skipped/no tests] 
2026-04-26T22:36:39.3386058Z ok	tailscale.com/cmd/tailscaled	12.919
2026-04-26T22:36:41.5456014Z ?	tailscale.com/tsnet/example/tshello [skipped/no tests] 
2026-04-26T22:36:41.5457118Z ?	tailscale.com/tsnet/example/tsnet-funnel [skipped/no tests] 
2026-04-26T22:36:41.5458474Z ?	tailscale.com/tsnet/example/tsnet-http-client [skipped/no tests] 
2026-04-26T22:36:41.5462337Z ?	tailscale.com/tsnet/example/tsnet-services [skipped/no tests] 
2026-04-26T22:36:41.5510676Z ?	tailscale.com/tsnet/example/web-client [skipped/no tests] 
2026-04-26T22:36:41.5512065Z ok	tailscale.com/tstest/archtest	(cached)
2026-04-26T22:36:41.5513113Z ok	tailscale.com/tstest/deptest	(cached)
2026-04-26T22:36:41.5516143Z ok	tailscale.com/tstest/chonktest	(cached)
2026-04-26T22:36:41.5517322Z ok	tailscale.com/tstest/integration/nat	(cached)
2026-04-26T22:36:41.5518661Z ok	tailscale.com/tstest/integration/testcontrol	(cached)
2026-04-26T22:36:41.5543239Z ok	tailscale.com/tstest	(cached)
2026-04-26T22:36:41.5565548Z ok	tailscale.com/tstest/iosdeps	(cached)
2026-04-26T22:36:41.5583480Z ok	tailscale.com/tstest/jsdeps	(cached)
2026-04-26T22:36:41.5584757Z ?	tailscale.com/tstest/mts [skipped/no tests] 
2026-04-26T22:36:41.5586699Z ok	tailscale.com/tstest/natlab	(cached)
2026-04-26T22:36:41.5587594Z ok	tailscale.com/tstest/natlab/vmtest	(cached)
2026-04-26T22:36:41.5588695Z ok	tailscale.com/tstest/natlab/vnet	(cached)
2026-04-26T22:36:41.5589899Z ?	tailscale.com/tstest/nettest [skipped/no tests] 
2026-04-26T22:36:41.5590892Z ?	tailscale.com/tstest/tkatest [skipped/no tests] 
2026-04-26T22:36:41.5591964Z ok	tailscale.com/tstest/tlstest	(cached)
2026-04-26T22:36:41.5593029Z ?	tailscale.com/tstest/typewalk [skipped/no tests] 
2026-04-26T22:36:41.5594058Z ok	tailscale.com/tstime	(cached)
2026-04-26T22:36:41.5596782Z ok	tailscale.com/tstime/mono	(cached)
2026-04-26T22:36:41.5651763Z ok	tailscale.com/tstest/integration/vms	0.016
2026-04-26T22:36:41.5797799Z ok	tailscale.com/tsweb	(cached)
2026-04-26T22:36:41.5801186Z ok	tailscale.com/tsweb/promvarz	(cached)
2026-04-26T22:36:41.5828999Z ok	tailscale.com/tsweb/varz	(cached)
2026-04-26T22:36:41.5831792Z ok	tailscale.com/types/appctype	(cached)
2026-04-26T22:36:41.5845940Z ok	tailscale.com/types/bools	(cached)
2026-04-26T22:36:41.5859168Z ok	tailscale.com/types/dnstype	(cached)
2026-04-26T22:36:41.5860356Z ?	tailscale.com/types/empty [skipped/no tests] 
2026-04-26T22:36:41.5861183Z ?	tailscale.com/types/events [skipped/no tests] 
2026-04-26T22:36:41.5862321Z ?	tailscale.com/types/flagtype [skipped/no tests] 
2026-04-26T22:36:41.6002562Z ok	tailscale.com/types/geo	(cached)
2026-04-26T22:36:41.6003584Z ok	tailscale.com/types/iox	(cached)
2026-04-26T22:36:41.6011888Z ok	tailscale.com/types/ipproto	(cached)
2026-04-26T22:36:41.6069256Z ok	tailscale.com/types/jsonx	(cached)
2026-04-26T22:36:41.6070185Z ok	tailscale.com/types/key	(cached)
2026-04-26T22:36:41.6226059Z ok	tailscale.com/types/lazy	(cached)
2026-04-26T22:36:41.6239463Z ok	tailscale.com/types/logger	(cached)
2026-04-26T22:36:41.6240560Z ok	tailscale.com/types/logid	(cached)
2026-04-26T22:36:41.6349814Z ok	tailscale.com/types/mapx	(cached)
2026-04-26T22:36:41.6415545Z ok	tailscale.com/tstime/rate	(cached)
2026-04-26T22:36:41.6424164Z ?	tailscale.com/types/netlogfunc [skipped/no tests] 
2026-04-26T22:36:41.6425362Z ok	tailscale.com/types/netlogtype	(cached)
2026-04-26T22:36:41.6426425Z ok	tailscale.com/types/netmap	(cached)
2026-04-26T22:36:41.6427094Z ?	tailscale.com/types/nettype [skipped/no tests] 
2026-04-26T22:36:41.6427951Z ok	tailscale.com/types/opt	(cached)
2026-04-26T22:36:41.6428896Z ok	tailscale.com/types/persist	(cached)
2026-04-26T22:36:41.6429669Z ok	tailscale.com/types/prefs/prefs_example	(cached)
2026-04-26T22:36:41.6430585Z ?	tailscale.com/types/preftype [skipped/no tests] 
2026-04-26T22:36:41.6431431Z ?	tailscale.com/types/ptr [skipped/no tests] 
2026-04-26T22:36:41.6432002Z ?	tailscale.com/types/result [skipped/no tests] 
2026-04-26T22:36:41.6432854Z ?	tailscale.com/types/structs [skipped/no tests] 
2026-04-26T22:36:41.6433665Z ok	tailscale.com/types/tkatype	(cached)
2026-04-26T22:36:41.6496579Z ok	tailscale.com/types/prefs	(cached)
2026-04-26T22:36:41.6503594Z ?	tailscale.com/util/backoff [skipped/no tests] 
2026-04-26T22:36:41.6506661Z ok	tailscale.com/util/bufiox	(cached)
2026-04-26T22:36:41.6534968Z ?	tailscale.com/util/checkchange [skipped/no tests] 
2026-04-26T22:36:41.6563996Z ?	tailscale.com/util/cibuild [skipped/no tests] 
2026-04-26T22:36:41.6615447Z ok	tailscale.com/util/clientmetric	(cached)
2026-04-26T22:36:41.6640155Z ok	tailscale.com/util/cloudenv	(cached)
2026-04-26T22:36:41.6640832Z ok	tailscale.com/util/cloudinfo	(cached)
2026-04-26T22:36:41.6642102Z ok	tailscale.com/util/cmpver	(cached)
2026-04-26T22:36:41.6643303Z ok	tailscale.com/types/views	(cached)
2026-04-26T22:36:41.6644039Z ok	tailscale.com/util/ctxkey	(cached)
2026-04-26T22:36:41.6645124Z ok	tailscale.com/util/codegen	(cached)
2026-04-26T22:36:41.6646897Z ?	tailscale.com/util/deephash/testtype [skipped/no tests] 
2026-04-26T22:36:41.6648034Z ok	tailscale.com/util/dirwalk	(cached)
2026-04-26T22:36:41.6651242Z ok	tailscale.com/util/deephash	(cached)
2026-04-26T22:36:41.6651887Z ok	tailscale.com/util/dnsname	(cached)
2026-04-26T22:36:41.6675558Z ?	tailscale.com/util/eventbus/debug-demo [skipped/no tests] 
2026-04-26T22:36:41.6680677Z ok	tailscale.com/util/eventbus	(cached)
2026-04-26T22:36:41.6685284Z ok	tailscale.com/util/execqueue	(cached)
2026-04-26T22:36:41.6706927Z ok	tailscale.com/util/goroutines	(cached)
2026-04-26T22:36:41.6726649Z ?	tailscale.com/util/groupmember [skipped/no tests] 
2026-04-26T22:36:41.6736726Z ok	tailscale.com/util/hashx	(cached)
2026-04-26T22:36:41.6737355Z ok	tailscale.com/util/httphdr	(cached)
2026-04-26T22:36:41.6738056Z ok	tailscale.com/util/eventbus/eventbustest	(cached)
2026-04-26T22:36:41.6738731Z ok	tailscale.com/util/limiter	(cached)
2026-04-26T22:36:41.6739327Z ok	tailscale.com/util/lineiter	(cached)
2026-04-26T22:36:41.6739975Z ?	tailscale.com/util/lineread [skipped/no tests] 
2026-04-26T22:36:41.6740629Z ok	tailscale.com/util/linuxfw	(cached)
2026-04-26T22:36:41.6741460Z ?	tailscale.com/util/linuxfw/linuxfwtest [skipped/no tests] 
2026-04-26T22:36:41.6742305Z ok	tailscale.com/util/lru	(cached)
2026-04-26T22:36:41.6743133Z ok	tailscale.com/util/mak	(cached)
2026-04-26T22:36:41.6743819Z ok	tailscale.com/util/multierr	(cached)
2026-04-26T22:36:41.6744776Z ?	tailscale.com/util/must [skipped/no tests] 
2026-04-26T22:36:41.6745703Z ok	tailscale.com/util/nocasemaps	(cached)
2026-04-26T22:36:41.6746515Z ?	tailscale.com/util/osdiag [skipped/no tests] 
2026-04-26T22:36:41.6747313Z ?	tailscale.com/util/osshare [skipped/no tests] 
2026-04-26T22:36:41.6748321Z ok	tailscale.com/util/osuser	(cached)
2026-04-26T22:36:41.6749054Z ok	tailscale.com/util/pidowner	(cached)
2026-04-26T22:36:41.6780856Z ok	tailscale.com/util/pool	(cached)
2026-04-26T22:36:41.6802445Z ?	tailscale.com/util/precompress [skipped/no tests] 
2026-04-26T22:36:41.6803280Z ?	tailscale.com/util/progresstracking [skipped/no tests] 
2026-04-26T22:36:41.6804037Z ?	tailscale.com/util/prompt [skipped/no tests] 
2026-04-26T22:36:41.6805049Z ?	tailscale.com/util/qrcodes [skipped/no tests] 
2026-04-26T22:36:41.6805773Z ?	tailscale.com/util/quarantine [skipped/no tests] 
2026-04-26T22:36:41.6806433Z ok	tailscale.com/util/race	(cached)
2026-04-26T22:36:41.6807061Z ?	tailscale.com/util/racebuild [skipped/no tests] 
2026-04-26T22:36:41.6807729Z ok	tailscale.com/util/rands	(cached)
2026-04-26T22:36:41.6808333Z ok	tailscale.com/util/reload	(cached)
2026-04-26T22:36:41.6808923Z ok	tailscale.com/util/ringlog	(cached)
2026-04-26T22:36:41.6809505Z ok	tailscale.com/util/safediff	(cached)
2026-04-26T22:36:41.6810077Z ok	tailscale.com/util/set	(cached)
2026-04-26T22:36:41.6810649Z ok	tailscale.com/util/singleflight	(cached)
2026-04-26T22:36:41.6811254Z ok	tailscale.com/util/slicesx	(cached)
2026-04-26T22:36:41.6811819Z ok	tailscale.com/util/stringsx	(cached)
2026-04-26T22:36:41.6812395Z ok	tailscale.com/util/syspolicy	(cached)
2026-04-26T22:36:41.6813082Z ?	tailscale.com/util/syspolicy/internal [skipped/no tests] 
2026-04-26T22:36:41.6813874Z ok	tailscale.com/util/syspolicy/internal/loggerx	(cached)
2026-04-26T22:36:41.6924094Z ok	tailscale.com/util/syspolicy/internal/metrics	(cached)
2026-04-26T22:36:41.6967828Z ?	tailscale.com/util/syspolicy/pkey [skipped/no tests] 
2026-04-26T22:36:41.7017053Z ?	tailscale.com/util/syspolicy/policyclient [skipped/no tests] 
2026-04-26T22:36:41.7018054Z ?	tailscale.com/util/syspolicy/policytest [skipped/no tests] 
2026-04-26T22:36:41.7018885Z ok	tailscale.com/util/syspolicy/ptype	(cached)
2026-04-26T22:36:41.7019574Z ok	tailscale.com/util/syspolicy/rsop	(cached)
2026-04-26T22:36:41.7020273Z ok	tailscale.com/util/syspolicy/setting	(cached)
2026-04-26T22:36:41.7020962Z ok	tailscale.com/util/syspolicy/source	(cached)
2026-04-26T22:36:41.7021659Z ok	tailscale.com/util/sysresources	(cached)
2026-04-26T22:36:41.7022270Z ok	tailscale.com/util/testenv	(cached)
2026-04-26T22:36:41.7022880Z ok	tailscale.com/util/topk	(cached)
2026-04-26T22:36:41.7023453Z ok	tailscale.com/util/truncate	(cached)
2026-04-26T22:36:41.7024069Z ok	tailscale.com/util/usermetric	(cached)
2026-04-26T22:36:41.7024865Z ok	tailscale.com/util/vizerror	(cached)
2026-04-26T22:36:41.7025944Z ?	tailscale.com/util/winutil [skipped/no tests] 
2026-04-26T22:36:41.7026772Z ?	tailscale.com/util/winutil/authenticode [skipped/no tests] 
2026-04-26T22:36:41.7027641Z ?	tailscale.com/util/winutil/gp [skipped/no tests] 
2026-04-26T22:36:41.7028437Z ?	tailscale.com/util/winutil/s4u [skipped/no tests] 
2026-04-26T22:36:41.7029220Z ?	tailscale.com/util/winutil/winenv [skipped/no tests] 
2026-04-26T22:36:41.7029932Z ok	tailscale.com/util/zstdframe	(cached)
2026-04-26T22:36:41.7030552Z ok	tailscale.com/version	(cached)
2026-04-26T22:36:41.7031151Z ok	tailscale.com/version/distro	(cached)
2026-04-26T22:36:41.7031769Z ok	tailscale.com/version/mkversion	(cached)
2026-04-26T22:36:41.7032432Z ok	tailscale.com/wgengine	(cached)
2026-04-26T22:36:41.7033034Z ok	tailscale.com/wgengine/bench	(cached)
2026-04-26T22:36:41.7047648Z ok	tailscale.com/wgengine/filter	(cached)
2026-04-26T22:36:41.7048556Z ?	tailscale.com/wgengine/filter/filtertype [skipped/no tests] 
2026-04-26T22:36:41.7101686Z ok	tailscale.com/util/httpm	0.051
2026-04-26T22:36:41.7125460Z ok	tailscale.com/wgengine/netlog	(cached)
2026-04-26T22:36:41.7217301Z ok	tailscale.com/wgengine/magicsock	(cached)
2026-04-26T22:36:41.7255883Z ok	tailscale.com/wgengine/netstack/gro	(cached)
2026-04-26T22:36:41.7256751Z ok	tailscale.com/wgengine/router	(cached)
2026-04-26T22:36:41.7298016Z ok	tailscale.com/wgengine/router/osrouter	(cached)
2026-04-26T22:36:41.7298929Z ok	tailscale.com/wgengine/wgcfg	(cached)
2026-04-26T22:36:41.7299535Z ?	tailscale.com/wgengine/wgcfg/nmcfg [skipped/no tests] 
2026-04-26T22:36:41.7300099Z ok	tailscale.com/wgengine/wgint	(cached)
2026-04-26T22:36:41.7300377Z ok	tailscale.com/wgengine/wglog	(cached)
2026-04-26T22:36:41.7300653Z ?	tailscale.com/wif [skipped/no tests] 
2026-04-26T22:36:41.7300919Z ok	tailscale.com/words	(cached)
2026-04-26T22:36:41.7361895Z ok	tailscale.com/wgengine/netstack	(cached)
2026-04-26T22:37:03.1579507Z ok	tailscale.com/tstest/integration	21.611
2026-04-26T22:39:46.9992753Z ok	tailscale.com/tsnet	185.454
2026-04-26T22:39:47.1213588Z 
2026-04-26T22:39:47.1213601Z 
2026-04-26T22:39:47.1214164Z Not retrying flaky tests because non-flaky tests failed.
2026-04-26T22:39:47.1215454Z non-flakytest failures: ["tailscale.com.TestLicenseHeaders","tailscale.com.TestPackageDocs"]
2026-04-26T22:39:47.1216136Z 
2026-04-26T22:39:47.1235759Z ##[error]Process completed with exit code 1.
2026-04-26T22:39:47.1348400Z Post job cleanup.
2026-04-26T22:39:47.2168526Z [command]/usr/bin/git version
2026-04-26T22:39:47.2204789Z git version 2.53.0
2026-04-26T22:39:47.2277784Z Temporarily overriding HOME='/home/runner/work/_temp/cfcf01a2-2f51-4ed9-adac-a5e44cde14b0' before making global git config changes
2026-04-26T22:39:47.2279211Z Adding repository directory to the temporary git global config as a safe directory
2026-04-26T22:39:47.2284204Z [command]/usr/bin/git config --global --add safe.directory /home/runner/work/tailscale/tailscale/src
2026-04-26T22:39:47.2314130Z Removing SSH command configuration
2026-04-26T22:39:47.2320741Z [command]/usr/bin/git config --local --name-only --get-regexp core\.sshCommand
2026-04-26T22:39:47.2354983Z [command]/usr/bin/git submodule foreach --recursive sh -c "git config --local --name-only --get-regexp 'core\.sshCommand' && git config --local --unset-all 'core.sshCommand' || :"
2026-04-26T22:39:47.2570958Z Removing HTTP extra header
2026-04-26T22:39:47.2575661Z [command]/usr/bin/git config --local --name-only --get-regexp http\.https\:\/\/github\.com\/\.extraheader
2026-04-26T22:39:47.2607396Z [command]/usr/bin/git submodule foreach --recursive sh -c "git config --local --name-only --get-regexp 'http\.https\:\/\/github\.com\/\.extraheader' && git config --local --unset-all 'http.https://github.com/.extraheader' || :"
2026-04-26T22:39:47.2819195Z Removing includeIf entries pointing to credentials config files
2026-04-26T22:39:47.2825092Z [command]/usr/bin/git config --local --name-only --get-regexp ^includeIf\.gitdir:
2026-04-26T22:39:47.2847849Z includeif.gitdir:/home/runner/work/tailscale/tailscale/src/.git.path
2026-04-26T22:39:47.2849327Z includeif.gitdir:/home/runner/work/tailscale/tailscale/src/.git/worktrees/*.path
2026-04-26T22:39:47.2850201Z includeif.gitdir:/github/workspace/src/.git.path
2026-04-26T22:39:47.2850924Z includeif.gitdir:/github/workspace/src/.git/worktrees/*.path
2026-04-26T22:39:47.2857658Z [command]/usr/bin/git config --local --get-all includeif.gitdir:/home/runner/work/tailscale/tailscale/src/.git.path
2026-04-26T22:39:47.2878250Z /home/runner/work/_temp/git-credentials-4b1e3060-5e4c-42d5-ad46-875107b58676.config
2026-04-26T22:39:47.2888632Z [command]/usr/bin/git config --local --unset includeif.gitdir:/home/runner/work/tailscale/tailscale/src/.git.path /home/runner/work/_temp/git-credentials-4b1e3060-5e4c-42d5-ad46-875107b58676.config
2026-04-26T22:39:47.2922560Z [command]/usr/bin/git config --local --get-all includeif.gitdir:/home/runner/work/tailscale/tailscale/src/.git/worktrees/*.path
2026-04-26T22:39:47.2943347Z /home/runner/work/_temp/git-credentials-4b1e3060-5e4c-42d5-ad46-875107b58676.config
2026-04-26T22:39:47.2952564Z [command]/usr/bin/git config --local --unset includeif.gitdir:/home/runner/work/tailscale/tailscale/src/.git/worktrees/*.path /home/runner/work/_temp/git-credentials-4b1e3060-5e4c-42d5-ad46-875107b58676.config
2026-04-26T22:39:47.2981593Z [command]/usr/bin/git config --local --get-all includeif.gitdir:/github/workspace/src/.git.path
2026-04-26T22:39:47.3001302Z /github/runner_temp/git-credentials-4b1e3060-5e4c-42d5-ad46-875107b58676.config
2026-04-26T22:39:47.3009422Z [command]/usr/bin/git config --local --unset includeif.gitdir:/github/workspace/src/.git.path /github/runner_temp/git-credentials-4b1e3060-5e4c-42d5-ad46-875107b58676.config
2026-04-26T22:39:47.3038471Z [command]/usr/bin/git config --local --get-all includeif.gitdir:/github/workspace/src/.git/worktrees/*.path
2026-04-26T22:39:47.3059338Z /github/runner_temp/git-credentials-4b1e3060-5e4c-42d5-ad46-875107b58676.config
2026-04-26T22:39:47.3070378Z [command]/usr/bin/git config --local --unset includeif.gitdir:/github/workspace/src/.git/worktrees/*.path /github/runner_temp/git-credentials-4b1e3060-5e4c-42d5-ad46-875107b58676.config
2026-04-26T22:39:47.3101508Z [command]/usr/bin/git submodule foreach --recursive git config --local --show-origin --name-only --get-regexp remote.origin.url
2026-04-26T22:39:47.3329119Z Removing credentials config '/home/runner/work/_temp/git-credentials-4b1e3060-5e4c-42d5-ad46-875107b58676.config'
2026-04-26T22:39:47.3476918Z Cleaning up orphan processes
