2026-04-24T23:09:44.6320731Z Current runner version: '2.334.0'
2026-04-24T23:09:44.6355074Z ##[group]Runner Image Provisioner
2026-04-24T23:09:44.6356146Z Hosted Compute Agent
2026-04-24T23:09:44.6357099Z Version: 20260213.493
2026-04-24T23:09:44.6358022Z Commit: 5c115507f6dd24b8de37d8bbe0bb4509d0cc0fa3
2026-04-24T23:09:44.6359373Z Build Date: 2026-02-13T00:28:41Z
2026-04-24T23:09:44.6360391Z Worker ID: {d67f6033-f975-47d1-8054-5147b554ce26}
2026-04-24T23:09:44.6361355Z Azure Region: eastus2
2026-04-24T23:09:44.6362267Z ##[endgroup]
2026-04-24T23:09:44.6364298Z ##[group]Operating System
2026-04-24T23:09:44.6365229Z Ubuntu
2026-04-24T23:09:44.6365971Z 22.04.5
2026-04-24T23:09:44.6366675Z LTS
2026-04-24T23:09:44.6367369Z ##[endgroup]
2026-04-24T23:09:44.6368112Z ##[group]Runner Image
2026-04-24T23:09:44.6369177Z Image: ubuntu-22.04
2026-04-24T23:09:44.6369924Z Version: 20260413.88.1
2026-04-24T23:09:44.6371897Z Included Software: https://github.com/actions/runner-images/blob/ubuntu22/20260413.88/images/ubuntu/Ubuntu2204-Readme.md
2026-04-24T23:09:44.6374239Z Image Release: https://github.com/actions/runner-images/releases/tag/ubuntu22%2F20260413.88
2026-04-24T23:09:44.6375812Z ##[endgroup]
2026-04-24T23:09:44.6380487Z ##[group]GITHUB_TOKEN Permissions
2026-04-24T23:09:44.6383548Z Actions: write
2026-04-24T23:09:44.6384287Z ArtifactMetadata: write
2026-04-24T23:09:44.6385237Z Attestations: write
2026-04-24T23:09:44.6386028Z Checks: write
2026-04-24T23:09:44.6386701Z Contents: write
2026-04-24T23:09:44.6388059Z Deployments: write
2026-04-24T23:09:44.6389072Z Discussions: write
2026-04-24T23:09:44.6389863Z Issues: write
2026-04-24T23:09:44.6390524Z Metadata: read
2026-04-24T23:09:44.6391417Z Models: read
2026-04-24T23:09:44.6392123Z Packages: write
2026-04-24T23:09:44.6393006Z Pages: write
2026-04-24T23:09:44.6393928Z PullRequests: write
2026-04-24T23:09:44.6394722Z RepositoryProjects: write
2026-04-24T23:09:44.6395678Z SecurityEvents: write
2026-04-24T23:09:44.6396451Z Statuses: write
2026-04-24T23:09:44.6397307Z VulnerabilityAlerts: read
2026-04-24T23:09:44.6398214Z ##[endgroup]
2026-04-24T23:09:44.6401982Z Secret source: Actions
2026-04-24T23:09:44.6403301Z Prepare workflow directory
2026-04-24T23:09:44.6866190Z Prepare all required actions
2026-04-24T23:09:44.6922056Z Getting action download info
2026-04-24T23:09:44.9458545Z Download action repository 'actions/checkout@v4' (SHA:34e114876b0b11c390a56381ad16ebd13914f8d5)
2026-04-24T23:09:45.1180934Z Download action repository 'actions/upload-artifact@v4' (SHA:ea165f8d65b6e75b540449e92b4886f43607fa02)
2026-04-24T23:09:45.3718153Z Complete job name: ubuntu-22.04, clang debug
2026-04-24T23:09:45.4314608Z ##[group]Run pipx install meson ninja
2026-04-24T23:09:45.4315226Z [36;1mpipx install meson ninja[0m
2026-04-24T23:09:45.4386418Z shell: /usr/bin/bash -e {0}
2026-04-24T23:09:45.4387120Z ##[endgroup]
2026-04-24T23:09:45.8976437Z creating virtual environment...
2026-04-24T23:09:46.1258722Z installing meson...
2026-04-24T23:09:48.4748345Z done! ✨ 🌟 ✨
2026-04-24T23:09:48.4749192Z creating virtual environment...
2026-04-24T23:09:48.5375348Z installing ninja...
2026-04-24T23:09:49.0977927Z ⚠️  Note: ninja was already on your PATH at /usr/local/bin/ninja
2026-04-24T23:09:49.0996788Z done! ✨ 🌟 ✨
2026-04-24T23:09:49.0997369Z   installed package meson 1.11.1, installed using Python 3.10.12
2026-04-24T23:09:49.0997966Z   These apps are now available
2026-04-24T23:09:49.0998370Z     - meson
2026-04-24T23:09:49.0998756Z   These manual pages are now available
2026-04-24T23:09:49.0999364Z     - man1/meson.1
2026-04-24T23:09:49.1000022Z   installed package ninja 1.13.0, installed using Python 3.10.12
2026-04-24T23:09:49.1000611Z   These apps are now available
2026-04-24T23:09:49.1000923Z     - ninja
2026-04-24T23:09:49.1376304Z ##[group]Run actions/checkout@v4
2026-04-24T23:09:49.1376702Z with:
2026-04-24T23:09:49.1376931Z   repository: stclib/STC
2026-04-24T23:09:49.1377393Z   token: ***
2026-04-24T23:09:49.1377622Z   ssh-strict: true
2026-04-24T23:09:49.1377870Z   ssh-user: git
2026-04-24T23:09:49.1378103Z   persist-credentials: true
2026-04-24T23:09:49.1378632Z   clean: true
2026-04-24T23:09:49.1379217Z   sparse-checkout-cone-mode: true
2026-04-24T23:09:49.1379495Z   fetch-depth: 1
2026-04-24T23:09:49.1379722Z   fetch-tags: false
2026-04-24T23:09:49.1379953Z   show-progress: true
2026-04-24T23:09:49.1380191Z   lfs: false
2026-04-24T23:09:49.1380400Z   submodules: false
2026-04-24T23:09:49.1380655Z   set-safe-directory: true
2026-04-24T23:09:49.1380957Z ##[endgroup]
2026-04-24T23:09:49.2457999Z Syncing repository: stclib/STC
2026-04-24T23:09:49.2459744Z ##[group]Getting Git version info
2026-04-24T23:09:49.2460142Z Working directory is '/home/runner/work/STC/STC'
2026-04-24T23:09:49.2460801Z [command]/usr/bin/git version
2026-04-24T23:09:49.2510870Z git version 2.53.0
2026-04-24T23:09:49.2535833Z ##[endgroup]
2026-04-24T23:09:49.2550936Z Temporarily overriding HOME='/home/runner/work/_temp/b7dd9b8d-1942-4133-aa32-d53b4b60f097' before making global git config changes
2026-04-24T23:09:49.2551752Z Adding repository directory to the temporary git global config as a safe directory
2026-04-24T23:09:49.2565776Z [command]/usr/bin/git config --global --add safe.directory /home/runner/work/STC/STC
2026-04-24T23:09:49.2605298Z Deleting the contents of '/home/runner/work/STC/STC'
2026-04-24T23:09:49.2609197Z ##[group]Initializing the repository
2026-04-24T23:09:49.2613735Z [command]/usr/bin/git init /home/runner/work/STC/STC
2026-04-24T23:09:49.2690350Z hint: Using 'master' as the name for the initial branch. This default branch name
2026-04-24T23:09:49.2691248Z hint: will change to "main" in Git 3.0. To configure the initial branch name
2026-04-24T23:09:49.2691896Z hint: to use in all of your new repositories, which will suppress this warning,
2026-04-24T23:09:49.2692540Z hint: call:
2026-04-24T23:09:49.2692864Z hint:
2026-04-24T23:09:49.2693348Z hint: 	git config --global init.defaultBranch <name>
2026-04-24T23:09:49.2693755Z hint:
2026-04-24T23:09:49.2694083Z hint: Names commonly chosen instead of 'master' are 'main', 'trunk' and
2026-04-24T23:09:49.2694751Z hint: 'development'. The just-created branch can be renamed via this command:
2026-04-24T23:09:49.2695385Z hint:
2026-04-24T23:09:49.2695710Z hint: 	git branch -m <name>
2026-04-24T23:09:49.2696112Z hint:
2026-04-24T23:09:49.2696655Z hint: Disable this message with "git config set advice.defaultBranchName false"
2026-04-24T23:09:49.2697534Z Initialized empty Git repository in /home/runner/work/STC/STC/.git/
2026-04-24T23:09:49.2706704Z [command]/usr/bin/git remote add origin https://github.com/stclib/STC
2026-04-24T23:09:49.2741118Z ##[endgroup]
2026-04-24T23:09:49.2741611Z ##[group]Disabling automatic garbage collection
2026-04-24T23:09:49.2745330Z [command]/usr/bin/git config --local gc.auto 0
2026-04-24T23:09:49.2775045Z ##[endgroup]
2026-04-24T23:09:49.2775475Z ##[group]Setting up auth
2026-04-24T23:09:49.2782012Z [command]/usr/bin/git config --local --name-only --get-regexp core\.sshCommand
2026-04-24T23:09:49.2815801Z [command]/usr/bin/git submodule foreach --recursive sh -c "git config --local --name-only --get-regexp 'core\.sshCommand' && git config --local --unset-all 'core.sshCommand' || :"
2026-04-24T23:09:49.3133751Z [command]/usr/bin/git config --local --name-only --get-regexp http\.https\:\/\/github\.com\/\.extraheader
2026-04-24T23:09:49.3168016Z [command]/usr/bin/git submodule foreach --recursive sh -c "git config --local --name-only --get-regexp 'http\.https\:\/\/github\.com\/\.extraheader' && git config --local --unset-all 'http.https://github.com/.extraheader' || :"
2026-04-24T23:09:49.3408329Z [command]/usr/bin/git config --local --name-only --get-regexp ^includeIf\.gitdir:
2026-04-24T23:09:49.3441705Z [command]/usr/bin/git submodule foreach --recursive git config --local --show-origin --name-only --get-regexp remote.origin.url
2026-04-24T23:09:49.3691114Z [command]/usr/bin/git config --local http.https://github.com/.extraheader AUTHORIZATION: basic ***
2026-04-24T23:09:49.3728321Z ##[endgroup]
2026-04-24T23:09:49.3729251Z ##[group]Fetching the repository
2026-04-24T23:09:49.3737682Z [command]/usr/bin/git -c protocol.version=2 fetch --no-tags --prune --no-recurse-submodules --depth=1 origin +cebaa3ecf1a034a249e592d569109df171f8f0b1:refs/remotes/origin/cstr-debug
2026-04-24T23:09:49.7002707Z From https://github.com/stclib/STC
2026-04-24T23:09:49.7003689Z  * [new ref]         cebaa3ecf1a034a249e592d569109df171f8f0b1 -> origin/cstr-debug
2026-04-24T23:09:49.7036969Z ##[endgroup]
2026-04-24T23:09:49.7037387Z ##[group]Determining the checkout info
2026-04-24T23:09:49.7039061Z ##[endgroup]
2026-04-24T23:09:49.7044381Z [command]/usr/bin/git sparse-checkout disable
2026-04-24T23:09:49.7084035Z [command]/usr/bin/git config --local --unset-all extensions.worktreeConfig
2026-04-24T23:09:49.7109880Z ##[group]Checking out the ref
2026-04-24T23:09:49.7113482Z [command]/usr/bin/git checkout --progress --force -B cstr-debug refs/remotes/origin/cstr-debug
2026-04-24T23:09:49.7301104Z Switched to a new branch 'cstr-debug'
2026-04-24T23:09:49.7302570Z branch 'cstr-debug' set up to track 'origin/cstr-debug'.
2026-04-24T23:09:49.7309537Z ##[endgroup]
2026-04-24T23:09:49.7346202Z [command]/usr/bin/git log -1 --format=%H
2026-04-24T23:09:49.7369806Z cebaa3ecf1a034a249e592d569109df171f8f0b1
2026-04-24T23:09:49.7562701Z ##[group]Run meson setup build-debug --buildtype=debug -Dtests=enabled
2026-04-24T23:09:49.7563268Z [36;1mmeson setup build-debug --buildtype=debug -Dtests=enabled[0m
2026-04-24T23:09:49.7626055Z shell: /usr/bin/bash -e {0}
2026-04-24T23:09:49.7626333Z env:
2026-04-24T23:09:49.7626536Z   CC: clang
2026-04-24T23:09:49.7626743Z   CXX: clang++
2026-04-24T23:09:49.7626957Z ##[endgroup]
2026-04-24T23:09:55.4060761Z The Meson build system
2026-04-24T23:09:55.4061152Z Version: 1.11.1
2026-04-24T23:09:55.4061461Z Source dir: /home/runner/work/STC/STC
2026-04-24T23:09:55.4061826Z Build dir: /home/runner/work/STC/STC/build-debug
2026-04-24T23:09:55.4062113Z Build type: native build
2026-04-24T23:09:55.4062433Z Project name: stc
2026-04-24T23:09:55.4062713Z Project version: 6.0-rc3
2026-04-24T23:09:55.4063401Z C compiler for the host machine: clang (clang 14.0.0-1ubuntu1 "Ubuntu clang version 14.0.0-1ubuntu1.1")
2026-04-24T23:09:55.4064136Z C linker for the host machine: clang ld.bfd 2.38
2026-04-24T23:09:55.4064667Z Host machine cpu family: x86_64
2026-04-24T23:09:55.4065028Z Host machine cpu: x86_64
2026-04-24T23:09:55.4065410Z Compiler for C supports arguments -Werror: YES 
2026-04-24T23:09:55.4065982Z Compiler for C supports arguments -Wconversion: YES 
2026-04-24T23:09:55.4066381Z Compiler for C supports arguments -Wno-missing-field-initializers: YES 
2026-04-24T23:09:55.4066817Z Compiler for C supports arguments -Wno-double-promotion: YES 
2026-04-24T23:09:55.4067205Z Compiler for C supports arguments -Wno-stringop-overflow: NO 
2026-04-24T23:09:55.4067539Z Compiler for C supports arguments -Wno-clobbered: NO 
2026-04-24T23:09:55.4067982Z meson.build:14: WARNING: Consider using the built-in werror option instead of using "-Werror".
2026-04-24T23:09:55.4068430Z Library m found: YES
2026-04-24T23:09:55.4068666Z Found pkg-config: YES (/usr/bin/pkg-config) 1.8.0
2026-04-24T23:09:55.4069186Z Program flex found: YES (/usr/bin/flex)
2026-04-24T23:09:55.4069415Z Library m found: YES
2026-04-24T23:09:55.4069600Z Library m found: YES
2026-04-24T23:09:55.4069795Z Build targets in project: 101
2026-04-24T23:09:55.4069956Z 
2026-04-24T23:09:55.4070030Z stc 6.0-rc3
2026-04-24T23:09:55.4070133Z 
2026-04-24T23:09:55.4070212Z   User defined options
2026-04-24T23:09:55.4070426Z     buildtype: debug
2026-04-24T23:09:55.4070664Z     tests    : enabled
2026-04-24T23:09:55.4070779Z 
2026-04-24T23:09:55.4070968Z Found ninja-1.13.0.git.kitware.jobserver-pipe-1 at /opt/pipx_bin/ninja
2026-04-24T23:09:55.4514608Z ##[group]Run meson compile -C build-debug
2026-04-24T23:09:55.4514937Z [36;1mmeson compile -C build-debug[0m
2026-04-24T23:09:55.4578393Z shell: /usr/bin/bash -e {0}
2026-04-24T23:09:55.4578637Z ##[endgroup]
2026-04-24T23:09:55.7257720Z ninja: Entering directory `/home/runner/work/STC/STC/build-debug'
2026-04-24T23:09:56.2391509Z [1/219] Compiling C object libstc.a.p/src_cstr_core.c.o
2026-04-24T23:09:56.2398278Z [2/219] Compiling C object libstc.a.p/src_cstr_utf8.c.o
2026-04-24T23:09:56.2402624Z [3/219] Compiling C object libstc.a.p/src_cspan.c.o
2026-04-24T23:09:56.2623331Z [4/219] Compiling C object libstc.a.p/src_cstr_misc.c.o
2026-04-24T23:09:56.2649648Z [5/219] Compiling C object libstc.a.p/src_cstr_io.c.o
2026-04-24T23:09:56.2769877Z [6/219] Compiling C object libstc.a.p/src_cregex.c.o
2026-04-24T23:09:56.2794671Z [7/219] Compiling C object libstc.a.p/src_utf8_misc.c.o
2026-04-24T23:09:56.3033647Z [8/219] Compiling C object libstc.a.p/src_csview.c.o
2026-04-24T23:09:56.3210995Z [9/219] Compiling C object libstc.a.p/src_fmt.c.o
2026-04-24T23:09:56.3392603Z [10/219] Compiling C object libstc.a.p/src_random.c.o
2026-04-24T23:09:56.3441649Z [11/219] Compiling C object libstc.a.p/src_stc_core.c.o
2026-04-24T23:09:56.3630619Z [12/219] Generating checkscoped_lex with a custom command
2026-04-24T23:09:56.3933136Z [13/219] Linking static target libstc.a
2026-04-24T23:09:56.4736041Z [14/219] Compiling C object tests/algorithm_test.p/algorithm_test.c.o
2026-04-24T23:09:56.4993955Z [15/219] Compiling C object tests/cregex_test.p/cregex_test.c.o
2026-04-24T23:09:56.4995105Z [16/219] Compiling C object tests/cregex_test.p/main.c.o
2026-04-24T23:09:56.4995907Z [17/219] Compiling C object tests/algorithm_test.p/main.c.o
2026-04-24T23:09:56.5009567Z [18/219] Compiling C object checkscoped.p/meson-generated_.._lex.yy.c.o
2026-04-24T23:09:56.5014823Z lex.yy.c:1384:17: warning: unused function 'yyunput' [-Wunused-function]
2026-04-24T23:09:56.5020092Z     static void yyunput (int c, char * yy_bp )
2026-04-24T23:09:56.5020953Z                 ^
2026-04-24T23:09:56.5022786Z lex.yy.c:1427:16: warning: function 'input' is not needed and will not be emitted [-Wunneeded-internal-declaration]
2026-04-24T23:09:56.5024057Z     static int input  (void)
2026-04-24T23:09:56.5026464Z                ^
2026-04-24T23:09:56.5028575Z 2 warnings generated.
2026-04-24T23:09:56.5114370Z [19/219] Compiling C object tests/cspan_test.p/cspan_test.c.o
2026-04-24T23:09:56.6170541Z [20/219] Compiling C object tests/hmap_test.p/main.c.o
2026-04-24T23:09:56.6361228Z [21/219] Compiling C object tests/hmap_test.p/hmap_test.c.o
2026-04-24T23:09:56.6373116Z [22/219] Compiling C object tests/cspan_test.p/main.c.o
2026-04-24T23:09:56.6422550Z [23/219] Compiling C object tests/smap_test.p/main.c.o
2026-04-24T23:09:56.6454835Z [24/219] Compiling C object tests/vec_test.p/vec_test.c.o
2026-04-24T23:09:56.6591873Z [25/219] Compiling C object tests/smap_test.p/smap_test.c.o
2026-04-24T23:09:56.7283825Z [26/219] Compiling C object tests/list_test.p/main.c.o
2026-04-24T23:09:56.7301149Z [27/219] Compiling C object tests/vec_test.p/main.c.o
2026-04-24T23:09:56.7856166Z [28/219] Compiling C object tests/deque_test.p/deque_test.c.o
2026-04-24T23:09:56.8003140Z [29/219] Compiling C object tests/deque_test.p/main.c.o
2026-04-24T23:09:56.8117503Z [30/219] Compiling C object tests/list_test.p/list_test.c.o
2026-04-24T23:09:56.8227308Z [31/219] Compiling C object examples/algorithms/random.p/random.c.o
2026-04-24T23:09:56.8492599Z [32/219] Compiling C object examples/algorithms/forloops.p/forloops.c.o
2026-04-24T23:09:56.8560952Z [33/219] Compiling C object examples/algorithms/filterdemos.p/filterdemos.c.o
2026-04-24T23:09:56.8734229Z [34/219] Compiling C object examples/algorithms/tree.p/tree.c.o
2026-04-24T23:09:56.8959323Z [35/219] Compiling C object examples/bitsets/bits2.p/bits2.c.o
2026-04-24T23:09:56.9201242Z [36/219] Compiling C object examples/algorithms/shape.p/shape.c.o
2026-04-24T23:09:56.9313046Z [37/219] Compiling C object examples/coroutines/channels.p/channels.c.o
2026-04-24T23:09:56.9344826Z [38/219] Compiling C object examples/algorithms/tree_rc.p/tree_rc.c.o
2026-04-24T23:09:56.9619495Z [39/219] Compiling C object examples/bitsets/bits.p/bits.c.o
2026-04-24T23:09:56.9779362Z [40/219] Compiling C object examples/coroutines/cointerleave.p/cointerleave.c.o
2026-04-24T23:09:56.9941561Z [41/219] Compiling C object examples/bitsets/prime.p/prime.c.o
2026-04-24T23:09:56.9961853Z [42/219] Compiling C object examples/coroutines/coroutines2.p/coroutines2.c.o
2026-04-24T23:09:57.0026341Z [43/219] Compiling C object examples/coroutines/coroutines1.p/coroutines1.c.o
2026-04-24T23:09:57.0672399Z [44/219] Compiling C object examples/coroutines/producer_task.p/producer_task.c.o
2026-04-24T23:09:57.0691893Z [45/219] Compiling C object examples/coroutines/dining_philosophers.p/dining_philosophers.c.o
2026-04-24T23:09:57.0782753Z [46/219] Compiling C object examples/coroutines/coroutines3.p/coroutines3.c.o
2026-04-24T23:09:57.0817580Z [47/219] Compiling C object examples/coroutines/coread.p/coread.c.o
2026-04-24T23:09:57.0910934Z [48/219] Compiling C object examples/coroutines/launch.p/launch.c.o
2026-04-24T23:09:57.1000502Z [49/219] Compiling C object examples/coroutines/producer.p/producer.c.o
2026-04-24T23:09:57.1509635Z [50/219] Compiling C object examples/coroutines/triples.p/triples.c.o
2026-04-24T23:09:57.1524823Z [51/219] Compiling C object examples/coroutines/filetask.p/filetask.c.o
2026-04-24T23:09:57.1636808Z [52/219] Compiling C object examples/coroutines/fibonacci.p/fibonacci.c.o
2026-04-24T23:09:57.1705828Z [53/219] Compiling C object examples/coroutines/generator.p/generator.c.o
2026-04-24T23:09:57.1772043Z [54/219] Compiling C object examples/coroutines/neco.p/neco.c.o
2026-04-24T23:09:57.1963163Z [55/219] Compiling C object examples/coroutines/scheduler.p/scheduler.c.o
2026-04-24T23:09:57.2354566Z [56/219] Compiling C object examples/coroutines/waitgroup.p/waitgroup.c.o
2026-04-24T23:09:57.2834685Z [57/219] Compiling C object examples/hashmaps/hashmap.p/hashmap.c.o
2026-04-24T23:09:57.2959145Z [58/219] Compiling C object examples/hashmaps/books.p/books.c.o
2026-04-24T23:09:57.2975996Z [59/219] Compiling C object examples/hashmaps/birthday.p/birthday.c.o
2026-04-24T23:09:57.3736305Z [60/219] Compiling C object examples/hashmaps/unordered_set.p/unordered_set.c.o
2026-04-24T23:09:57.3789844Z [61/219] Compiling C object examples/hashmaps/mapmap.p/mapmap.c.o
2026-04-24T23:09:57.3865877Z [62/219] Compiling C object examples/hashmaps/vikings.p/vikings.c.o
2026-04-24T23:09:57.4083261Z [63/219] Compiling C object examples/hashmaps/phonebook.p/phonebook.c.o
2026-04-24T23:09:57.4245763Z [64/219] Compiling C object examples/linkedlists/intrusive.p/intrusive.c.o
2026-04-24T23:09:57.4453585Z [65/219] Compiling C object examples/hashmaps/new_map.p/new_map.c.o
2026-04-24T23:09:57.4475715Z [66/219] Compiling C object examples/linkedlists/list_splice.p/list_splice.c.o
2026-04-24T23:09:57.4894174Z [67/219] Compiling C object examples/linkedlists/list_erase.p/list_erase.c.o
2026-04-24T23:09:57.4944537Z [68/219] Compiling C object examples/linkedlists/lists.p/lists.c.o
2026-04-24T23:09:57.5502289Z [69/219] Compiling C object examples/linkedlists/new_list.p/new_list.c.o
2026-04-24T23:09:57.5677383Z [70/219] Compiling C object examples/mixed/convert.p/convert.c.o
2026-04-24T23:09:57.6046578Z [71/219] Compiling C object examples/mixed/FMD.p/FMD.c.o
2026-04-24T23:09:57.6437556Z [72/219] Compiling C object examples/mixed/complex.p/complex.c.o
2026-04-24T23:09:57.6511740Z [73/219] Compiling C object examples/mixed/read.p/read.c.o
2026-04-24T23:09:57.7038127Z [74/219] Compiling C object examples/priorityqueues/new_pqueue.p/new_pqueue.c.o
2026-04-24T23:09:57.7140300Z [75/219] Compiling C object examples/priorityqueues/priority.p/priority.c.o
2026-04-24T23:09:57.7194982Z [76/219] Compiling C object examples/priorityqueues/functor.p/functor.c.o
2026-04-24T23:09:57.7374028Z [77/219] Compiling C object examples/mixed/astar.p/astar.c.o
2026-04-24T23:09:57.7791931Z [78/219] Compiling C object examples/queues/queue.p/queue.c.o
2026-04-24T23:09:57.7813961Z [79/219] Compiling C object examples/mixed/inits.p/inits.c.o
2026-04-24T23:09:57.8432656Z [80/219] Compiling C object examples/regularexpressions/regex1.p/regex1.c.o
2026-04-24T23:09:57.8447350Z [81/219] Compiling C object examples/queues/new_queue.p/new_queue.c.o
2026-04-24T23:09:57.8513220Z [82/219] Compiling C object examples/regularexpressions/regex_replace.p/regex_replace.c.o
2026-04-24T23:09:57.8654208Z [83/219] Compiling C object examples/regularexpressions/regex2.p/regex2.c.o
2026-04-24T23:09:57.8681420Z [84/219] Compiling C object examples/mixed/demos.p/demos.c.o
2026-04-24T23:09:57.8754870Z [85/219] Compiling C object examples/regularexpressions/regex_match.p/regex_match.c.o
2026-04-24T23:09:57.9141085Z [86/219] Compiling C object examples/regularexpressions/multiline.p/multiline.c.o
2026-04-24T23:09:57.9763461Z [87/219] Compiling C object examples/smartpointers/arc_containers.p/arc_containers.c.o
2026-04-24T23:09:57.9899210Z [88/219] Compiling C object examples/smartpointers/box2.p/box2.c.o
2026-04-24T23:09:58.0083368Z [89/219] Compiling C object examples/smartpointers/arc_demo.p/arc_demo.c.o
2026-04-24T23:09:58.0182783Z [90/219] Compiling C object examples/smartpointers/map_box.p/map_box.c.o
2026-04-24T23:09:58.0197534Z [91/219] Compiling C object examples/smartpointers/box.p/box.c.o
2026-04-24T23:09:58.0210282Z [92/219] Compiling C object examples/smartpointers/arcvec_erase.p/arcvec_erase.c.o
2026-04-24T23:09:58.0975298Z [93/219] Compiling C object examples/smartpointers/person_arc.p/person_arc.c.o
2026-04-24T23:09:58.1469063Z [94/219] Compiling C object examples/smartpointers/music_arc.p/music_arc.c.o
2026-04-24T23:09:58.1486224Z [95/219] Compiling C object examples/sortedmaps/gauss2.p/gauss2.c.o
2026-04-24T23:09:58.1527811Z [96/219] Compiling C object examples/sortedmaps/multimap.p/multimap.c.o
2026-04-24T23:09:58.1681924Z [97/219] Compiling C object examples/smartpointers/map_ptr.p/map_ptr.c.o
2026-04-24T23:09:58.2174624Z [98/219] Compiling C object examples/sortedmaps/listmap.p/listmap.c.o
2026-04-24T23:09:58.2440856Z [99/219] Compiling C object examples/sortedmaps/smap_erase.p/smap_erase.c.o
2026-04-24T23:09:58.2535602Z [100/219] Compiling C object examples/sortedmaps/new_smap.p/new_smap.c.o
2026-04-24T23:09:58.3145643Z [101/219] Compiling C object examples/sortedmaps/sset_erase.p/sset_erase.c.o
2026-04-24T23:09:58.3164269Z [102/219] Compiling C object examples/sortedmaps/smap_insert.p/smap_insert.c.o
2026-04-24T23:09:58.3165433Z [103/219] Compiling C object examples/sortedmaps/sorted_map.p/sorted_map.c.o
2026-04-24T23:09:58.3441055Z [104/219] Compiling C object examples/sortedmaps/smap_find.p/smap_find.c.o
2026-04-24T23:09:58.3510093Z [105/219] Compiling C object examples/spans/mdspan.p/mdspan.c.o
2026-04-24T23:09:58.3549217Z [106/219] Compiling C object examples/spans/matmult.p/matmult.c.o
2026-04-24T23:09:58.4096736Z [107/219] Compiling C object examples/spans/multidim.p/multidim.c.o
2026-04-24T23:09:58.4177958Z [108/219] Compiling C object examples/strings/replace.p/replace.c.o
2026-04-24T23:09:58.4406971Z [109/219] Compiling C object examples/spans/submdspan.p/submdspan.c.o
2026-04-24T23:09:58.4506787Z [110/219] Compiling C object examples/strings/cstr_match.p/cstr_match.c.o
2026-04-24T23:09:58.4624802Z [111/219] Compiling C object examples/spans/printspan.p/printspan.c.o
2026-04-24T23:09:58.4633668Z [112/219] Compiling C object examples/spans/span_demo.p/span_demo.c.o
2026-04-24T23:09:58.4986890Z [113/219] Compiling C object examples/strings/sso_map.p/sso_map.c.o
2026-04-24T23:09:58.5150391Z [114/219] Compiling C object examples/strings/sview_split.p/sview_split.c.o
2026-04-24T23:09:58.5191768Z [115/219] Compiling C object examples/strings/splitstr.p/splitstr.c.o
2026-04-24T23:09:58.5769018Z [116/219] Compiling C object examples/vectors/new_vec.p/new_vec.c.o
2026-04-24T23:09:58.5788024Z [117/219] Compiling C object examples/strings/sso_substr.p/sso_substr.c.o
2026-04-24T23:09:58.5834104Z [118/219] Compiling C object examples/strings/utf8replace_c.p/utf8replace_c.c.o
2026-04-24T23:09:58.5894899Z [119/219] Compiling C object examples/vectors/stack.p/stack.c.o
2026-04-24T23:09:58.6084877Z [120/219] Compiling C object examples/vectors/lower_bound.p/lower_bound.c.o
2026-04-24T23:09:58.6223438Z [121/219] Linking target checkscoped
2026-04-24T23:09:58.6490801Z [122/219] Linking target tests/algorithm_test
2026-04-24T23:09:58.6600826Z [123/219] Linking target tests/hmap_test
2026-04-24T23:09:58.6744458Z [124/219] Linking target tests/cspan_test
2026-04-24T23:09:58.6755634Z [125/219] Linking target tests/smap_test
2026-04-24T23:09:58.6827438Z [126/219] Linking target tests/cregex_test
2026-04-24T23:09:58.6963281Z [127/219] Linking target tests/vec_test
2026-04-24T23:09:58.7243384Z [128/219] Linking target tests/list_test
2026-04-24T23:09:58.7392443Z [129/219] Linking target examples/algorithms/random
2026-04-24T23:09:58.7430030Z [130/219] Linking target tests/deque_test
2026-04-24T23:09:58.7563746Z [131/219] Linking target examples/algorithms/shape
2026-04-24T23:09:58.7636667Z [132/219] Linking target examples/algorithms/forloops
2026-04-24T23:09:58.7802386Z [133/219] Linking target examples/algorithms/filterdemos
2026-04-24T23:09:58.7973527Z [134/219] Linking target examples/algorithms/tree
2026-04-24T23:09:58.8206816Z [135/219] Linking target examples/bitsets/prime
2026-04-24T23:09:58.8220951Z [136/219] Linking target examples/bitsets/bits2
2026-04-24T23:09:58.8272117Z [137/219] Linking target examples/algorithms/tree_rc
2026-04-24T23:09:58.8282476Z [138/219] Linking target examples/bitsets/bits
2026-04-24T23:09:58.8832243Z [139/219] Linking target examples/coroutines/channels
2026-04-24T23:09:58.8847698Z [140/219] Linking target examples/coroutines/coroutines1
2026-04-24T23:09:58.8910143Z [141/219] Linking target examples/coroutines/coroutines3
2026-04-24T23:09:58.8936347Z [142/219] Linking target examples/coroutines/cointerleave
2026-04-24T23:09:58.8979996Z [143/219] Linking target examples/coroutines/coroutines2
2026-04-24T23:09:58.9227404Z [144/219] Linking target examples/coroutines/coread
2026-04-24T23:09:58.9464468Z [145/219] Linking target examples/coroutines/launch
2026-04-24T23:09:58.9663701Z [146/219] Linking target examples/coroutines/producer
2026-04-24T23:09:58.9738044Z [147/219] Linking target examples/coroutines/fibonacci
2026-04-24T23:09:58.9806615Z [148/219] Linking target examples/coroutines/dining_philosophers
2026-04-24T23:09:58.9836177Z [149/219] Linking target examples/coroutines/producer_task
2026-04-24T23:09:59.0046613Z [150/219] Linking target examples/coroutines/filetask
2026-04-24T23:09:59.0308621Z [151/219] Linking target examples/coroutines/generator
2026-04-24T23:09:59.0460113Z [152/219] Linking target examples/coroutines/neco
2026-04-24T23:09:59.0503714Z [153/219] Linking target examples/coroutines/triples
2026-04-24T23:09:59.0566134Z [154/219] Linking target examples/coroutines/scheduler
2026-04-24T23:09:59.0600046Z [155/219] Linking target examples/coroutines/waitgroup
2026-04-24T23:09:59.0886672Z [156/219] Linking target examples/hashmaps/birthday
2026-04-24T23:09:59.1036584Z [157/219] Linking target examples/hashmaps/hashmap
2026-04-24T23:09:59.1225733Z [158/219] Linking target examples/hashmaps/books
2026-04-24T23:09:59.1310960Z [159/219] Linking target examples/hashmaps/mapmap
2026-04-24T23:09:59.1378450Z [160/219] Linking target examples/hashmaps/phonebook
2026-04-24T23:09:59.1510111Z [161/219] Linking target examples/hashmaps/new_map
2026-04-24T23:09:59.1786356Z [162/219] Linking target examples/hashmaps/unordered_set
2026-04-24T23:09:59.1799911Z [163/219] Linking target examples/hashmaps/vikings
2026-04-24T23:09:59.1958189Z [164/219] Linking target examples/linkedlists/list_erase
2026-04-24T23:09:59.2021277Z [165/219] Linking target examples/linkedlists/lists
2026-04-24T23:09:59.2076741Z [166/219] Linking target examples/linkedlists/list_splice
2026-04-24T23:09:59.2257620Z [167/219] Linking target examples/linkedlists/intrusive
2026-04-24T23:09:59.2604510Z [168/219] Linking target examples/mixed/astar
2026-04-24T23:09:59.2626664Z [169/219] Linking target examples/mixed/convert
2026-04-24T23:09:59.2753914Z [170/219] Linking target examples/mixed/demos
2026-04-24T23:09:59.2860042Z [171/219] Linking target examples/linkedlists/new_list
2026-04-24T23:09:59.2883435Z [172/219] Linking target examples/mixed/complex
2026-04-24T23:09:59.3064008Z [173/219] Linking target examples/mixed/FMD
2026-04-24T23:09:59.3280768Z [174/219] Linking target examples/mixed/inits
2026-04-24T23:09:59.3440861Z [175/219] Linking target examples/mixed/read
2026-04-24T23:09:59.3519556Z [176/219] Linking target examples/priorityqueues/priority
2026-04-24T23:09:59.3523969Z [177/219] Linking target examples/priorityqueues/new_pqueue
2026-04-24T23:09:59.3722306Z [178/219] Linking target examples/queues/new_queue
2026-04-24T23:09:59.3783104Z [179/219] Linking target examples/priorityqueues/functor
2026-04-24T23:09:59.4038700Z [180/219] Linking target examples/queues/queue
2026-04-24T23:09:59.4130182Z [181/219] Linking target examples/regularexpressions/regex_match
2026-04-24T23:09:59.4291544Z [182/219] Linking target examples/regularexpressions/regex1
2026-04-24T23:09:59.4363333Z [183/219] Linking target examples/regularexpressions/regex2
2026-04-24T23:09:59.4571505Z [184/219] Linking target examples/regularexpressions/regex_replace
2026-04-24T23:09:59.4766567Z [185/219] Linking target examples/regularexpressions/multiline
2026-04-24T23:09:59.4780563Z [186/219] Linking target examples/smartpointers/arc_demo
2026-04-24T23:09:59.5007617Z [187/219] Linking target examples/smartpointers/arcvec_erase
2026-04-24T23:09:59.5013507Z [188/219] Linking target examples/smartpointers/arc_containers
2026-04-24T23:09:59.5116022Z [189/219] Linking target examples/smartpointers/box2
2026-04-24T23:09:59.5212053Z [190/219] Linking target examples/smartpointers/box
2026-04-24T23:09:59.5519395Z [191/219] Linking target examples/smartpointers/map_ptr
2026-04-24T23:09:59.5731867Z [192/219] Linking target examples/smartpointers/music_arc
2026-04-24T23:09:59.5792173Z [193/219] Linking target examples/smartpointers/map_box
2026-04-24T23:09:59.5867192Z [194/219] Linking target examples/smartpointers/person_arc
2026-04-24T23:09:59.5882052Z [195/219] Linking target examples/sortedmaps/gauss2
2026-04-24T23:09:59.6334626Z [196/219] Linking target examples/sortedmaps/listmap
2026-04-24T23:09:59.6419767Z [197/219] Linking target examples/sortedmaps/new_smap
2026-04-24T23:09:59.6433755Z [198/219] Linking target examples/sortedmaps/multimap
2026-04-24T23:09:59.6473872Z [199/219] Linking target examples/sortedmaps/smap_insert
2026-04-24T23:09:59.6615926Z [200/219] Linking target examples/sortedmaps/smap_find
2026-04-24T23:09:59.6800477Z [201/219] Linking target examples/sortedmaps/smap_erase
2026-04-24T23:09:59.7042092Z [202/219] Linking target examples/sortedmaps/sset_erase
2026-04-24T23:09:59.7153217Z [203/219] Linking target examples/spans/multidim
2026-04-24T23:09:59.7247400Z [204/219] Linking target examples/sortedmaps/sorted_map
2026-04-24T23:09:59.7271413Z [205/219] Linking target examples/spans/mdspan
2026-04-24T23:09:59.7383915Z [206/219] Linking target examples/spans/matmult
2026-04-24T23:09:59.7606833Z [207/219] Linking target examples/spans/printspan
2026-04-24T23:09:59.7807359Z [208/219] Linking target examples/spans/span_demo
2026-04-24T23:09:59.7815072Z [209/219] Linking target examples/spans/submdspan
2026-04-24T23:09:59.7994219Z [210/219] Linking target examples/strings/cstr_match
2026-04-24T23:09:59.8066516Z [211/219] Linking target examples/strings/splitstr
2026-04-24T23:09:59.8244520Z [212/219] Linking target examples/strings/replace
2026-04-24T23:09:59.8508515Z [213/219] Linking target examples/strings/sview_split
2026-04-24T23:09:59.8603048Z [214/219] Linking target examples/strings/sso_map
2026-04-24T23:09:59.8692093Z [215/219] Linking target examples/strings/sso_substr
2026-04-24T23:09:59.8751734Z [216/219] Linking target examples/strings/utf8replace_c
2026-04-24T23:09:59.8814578Z [217/219] Linking target examples/vectors/lower_bound
2026-04-24T23:09:59.8863207Z [218/219] Linking target examples/vectors/new_vec
2026-04-24T23:09:59.9014387Z [219/219] Linking target examples/vectors/stack
2026-04-24T23:09:59.9025040Z INFO: autodetecting backend as ninja
2026-04-24T23:09:59.9025768Z INFO: calculating backend command to run: /opt/pipx_bin/ninja -C /home/runner/work/STC/STC/build-debug
2026-04-24T23:09:59.9357104Z ##[group]Run meson test -C build-debug --timeout-multiplier 0
2026-04-24T23:09:59.9357521Z [36;1mmeson test -C build-debug --timeout-multiplier 0[0m
2026-04-24T23:09:59.9417751Z shell: /usr/bin/bash -e {0}
2026-04-24T23:09:59.9417988Z env:
2026-04-24T23:09:59.9418147Z   CC: clang
2026-04-24T23:09:59.9418312Z   CXX: clang++
2026-04-24T23:09:59.9418483Z ##[endgroup]
2026-04-24T23:10:00.1917341Z ninja: Entering directory `/home/runner/work/STC/STC/build-debug'
2026-04-24T23:10:00.1947221Z ninja: no work to do.
2026-04-24T23:10:00.2270823Z   1/122 algorithm - stc:cstr_append                OK              0.01s
2026-04-24T23:10:00.2276959Z   2/122 algorithm - stc:c_find_if                  OK              0.01s
2026-04-24T23:10:00.2283266Z   3/122 algorithm - stc:c_filter                   OK              0.01s
2026-04-24T23:10:00.2289109Z   4/122 cregex - stc:ISO8601_parse_result          OK              0.01s
2026-04-24T23:10:00.2421382Z   5/122 cregex - stc:compile_match_char            OK              0.01s
2026-04-24T23:10:00.2429632Z   6/122 cregex - stc:compile_match_anchors         OK              0.01s
2026-04-24T23:10:00.2434241Z   7/122 cregex - stc:compile_match_quantifiers1    OK              0.01s
2026-04-24T23:10:00.2439309Z   8/122 cregex - stc:compile_match_quantifiers2    OK              0.01s
2026-04-24T23:10:00.2569499Z   9/122 cregex - stc:compile_match_escaped_chars   OK              0.01s
2026-04-24T23:10:00.2577047Z  10/122 cregex - stc:compile_match_class_simple    OK              0.01s
2026-04-24T23:10:00.2584234Z  11/122 cregex - stc:compile_match_or              OK              0.01s
2026-04-24T23:10:00.2591798Z  12/122 cregex - stc:compile_match_class_complex_0 OK              0.01s
2026-04-24T23:10:00.2720885Z  13/122 cregex - stc:compile_match_class_complex_1 OK              0.01s
2026-04-24T23:10:00.2726907Z  14/122 cregex - stc:compile_match_cap             OK              0.01s
2026-04-24T23:10:00.2732407Z  15/122 cregex - stc:search_all                    OK              0.01s
2026-04-24T23:10:00.2737819Z  16/122 cregex - stc:captures_len                  OK              0.01s
2026-04-24T23:10:00.2869719Z  17/122 cregex - stc:captures_cap                  OK              0.01s
2026-04-24T23:10:00.2875136Z  18/122 cregex - stc:replace                       OK              0.01s
2026-04-24T23:10:00.2880679Z  19/122 cspan - stc:subdim                         OK              0.01s
2026-04-24T23:10:00.2885931Z  20/122 cspan - stc:slice                          OK              0.01s
2026-04-24T23:10:00.3019573Z  21/122 cspan - stc:slice2                         OK              0.01s
2026-04-24T23:10:00.3025259Z  22/122 cspan - stc:equality                       OK              0.01s
2026-04-24T23:10:00.3030650Z  23/122 hmap - stc:mapdemo1                        OK              0.01s
2026-04-24T23:10:00.3035738Z  24/122 hmap - stc:mapdemo2                        OK              0.01s
2026-04-24T23:10:00.3169235Z  25/122 hmap - stc:mapdemo3                        OK              0.01s
2026-04-24T23:10:00.3174755Z  26/122 smap - stc:erase                           OK              0.01s
2026-04-24T23:10:00.3180555Z  27/122 smap - stc:insert                          OK              0.01s
2026-04-24T23:10:00.3185903Z  28/122 vec - stc:basics                           OK              0.01s
2026-04-24T23:10:00.3316468Z  29/122 deque - stc:basics                         OK              0.01s
2026-04-24T23:10:00.3322514Z  30/122 list - stc:splice                          OK              0.01s
2026-04-24T23:10:00.3327816Z  31/122 list - stc:erase                           OK              0.01s
2026-04-24T23:10:00.3333332Z  32/122 list - stc:misc                            OK              0.01s
2026-04-24T23:10:00.3465911Z  33/122 algorithm - stc:filterdemos                OK              0.01s
2026-04-24T23:10:00.3472619Z  34/122 algorithm - stc:forloops                   OK              0.01s
2026-04-24T23:10:00.3479214Z  35/122 algorithm - stc:shape                      OK              0.01s
2026-04-24T23:10:00.3586761Z  36/122 algorithm - stc:tree                       OK              0.01s
2026-04-24T23:10:00.3593474Z  37/122 algorithm - stc:tree_rc                    OK              0.01s
2026-04-24T23:10:00.3599552Z  38/122 cbits - stc:bits2                          OK              0.01s
2026-04-24T23:10:00.3729600Z  39/122 cbits - stc:bits                           OK              0.01s
2026-04-24T23:10:00.3780535Z  40/122 coroutine - stc:cointerleave               OK              0.01s
2026-04-24T23:10:00.3864762Z  41/122 coroutine - stc:coread                     OK              0.01s
2026-04-24T23:10:00.3930046Z  42/122 coroutine - stc:coroutines1                OK              0.01s
2026-04-24T23:10:00.3998097Z  43/122 coroutine - stc:coroutines2                OK              0.01s
2026-04-24T23:10:00.4065235Z  44/122 coroutine - stc:coroutines3                OK              0.01s
2026-04-24T23:10:00.4132626Z  45/122 coroutine - stc:launch                     OK              0.01s
2026-04-24T23:10:00.5492614Z  46/122 algorithm - stc:random                     OK              0.21s
2026-04-24T23:10:00.5569967Z  47/122 coroutine - stc:producer_task              OK              0.01s
2026-04-24T23:10:01.0619340Z  48/122 cbits - stc:prime                          OK              0.70s
2026-04-24T23:10:01.0708685Z  49/122 coroutine - stc:fibonacci                  OK              0.01s
2026-04-24T23:10:01.1721643Z  50/122 coroutine - stc:filetask                   OK              0.10s
2026-04-24T23:10:01.1785395Z  51/122 coroutine - stc:generator                  OK              0.01s
2026-04-24T23:10:01.3715813Z  52/122 coroutine - stc:channels                   OK              1.00s
2026-04-24T23:10:01.3806209Z  53/122 coroutine - stc:scheduler                  OK              0.01s
2026-04-24T23:10:01.3864630Z  54/122 coroutine - stc:triples                    OK              0.01s
2026-04-24T23:10:01.6870512Z  55/122 coroutine - stc:neco                       OK              0.50s
2026-04-24T23:10:02.4981363Z  56/122 coroutine - stc:waitgroup                  OK              1.11s
2026-04-24T23:10:02.5069983Z  57/122 hmap - stc:books                           OK              0.01s
2026-04-24T23:10:02.5121720Z  58/122 hmap - stc:hashmap                         OK              0.01s
2026-04-24T23:10:02.5189645Z  59/122 hmap - stc:mapmap                          OK              0.01s
2026-04-24T23:10:02.5256448Z  60/122 hmap - stc:new_map                         OK              0.01s
2026-04-24T23:10:02.5319037Z  61/122 hmap - stc:phonebook                       OK              0.00s
2026-04-24T23:10:02.5380182Z  62/122 hmap - stc:unordered_set                   OK              0.00s
2026-04-24T23:10:02.5443270Z  63/122 hmap - stc:vikings                         OK              0.00s
2026-04-24T23:10:02.5506824Z  64/122 list - stc:intrusive                       OK              0.00s
2026-04-24T23:10:02.5573132Z  65/122 list - stc:list_erase                      OK              0.00s
2026-04-24T23:10:03.3090605Z  66/122 coroutine - stc:dining_philosophers        OK              2.75s
2026-04-24T23:10:03.3170025Z  67/122 list - stc:list_splice                     OK              0.01s
2026-04-24T23:10:03.3231782Z  68/122 list - stc:new_list                        OK              0.01s
2026-04-24T23:10:03.3370546Z  69/122 stc:astar                                  OK              0.01s
2026-04-24T23:10:03.3424764Z  70/122 stc:complex                                OK              0.01s
2026-04-24T23:10:03.3494428Z  71/122 stc:convert                                OK              0.01s
2026-04-24T23:10:03.3564121Z  72/122 stc:demos                                  OK              0.01s
2026-04-24T23:10:03.3635470Z  73/122 stc:FMD                                    OK              0.01s
2026-04-24T23:10:03.3704071Z  74/122 stc:inits                                  OK              0.01s
2026-04-24T23:10:03.3771990Z  75/122 stc:read                                   OK              0.01s
2026-04-24T23:10:03.3838381Z  76/122 pqueue - stc:functor                       OK              0.01s
2026-04-24T23:10:03.3910307Z  77/122 pqueue - stc:new_pqueue                    OK              0.01s
2026-04-24T23:10:03.4109822Z  78/122 pqueue - stc:priority                      OK              0.02s
2026-04-24T23:10:03.7660372Z  79/122 list - stc:lists                           OK              1.21s
2026-04-24T23:10:03.8325022Z  80/122 queue - stc:queue                          OK              0.06s
2026-04-24T23:10:03.8410535Z  81/122 cregex - stc:regex1                        OK              0.01s
2026-04-24T23:10:03.8500142Z  82/122 cregex - stc:regex2                        OK              0.01s
2026-04-24T23:10:03.8571441Z  83/122 cregex - stc:regex_match                   OK              0.01s
2026-04-24T23:10:03.8660106Z  84/122 cregex - stc:regex_replace                 OK              0.01s
2026-04-24T23:10:03.8725049Z  85/122 cregex - stc:multiline                     OK              0.01s
2026-04-24T23:10:03.8803828Z  86/122 arc - stc:arc_containers                   OK              0.01s
2026-04-24T23:10:03.8883494Z  87/122 arc - stc:arc_demo                         OK              0.01s
2026-04-24T23:10:03.8963703Z  88/122 arc - stc:arcvec_erase                     OK              0.01s
2026-04-24T23:10:03.9041380Z  89/122 arc - stc:box2                             OK              0.01s
2026-04-24T23:10:03.9121505Z  90/122 arc - stc:box                              OK              0.01s
2026-04-24T23:10:03.9220629Z  91/122 arc - stc:map_box                          OK              0.01s
2026-04-24T23:10:03.9286431Z  92/122 arc - stc:map_ptr                          OK              0.01s
2026-04-24T23:10:03.9365536Z  93/122 arc - stc:music_arc                        OK              0.01s
2026-04-24T23:10:03.9438026Z  94/122 arc - stc:person_arc                       OK              0.01s
2026-04-24T23:10:04.2681170Z  95/122 hmap - stc:birthday                        OK              2.58s
2026-04-24T23:10:04.2746963Z  96/122 hmap - stc:listmap                         OK              0.01s
2026-04-24T23:10:04.2815056Z  97/122 hmap - stc:multimap                        OK              0.01s
2026-04-24T23:10:04.2882351Z  98/122 hmap - stc:new_smap                        OK              0.01s
2026-04-24T23:10:04.2951015Z  99/122 hmap - stc:smap_erase                      OK              0.01s
2026-04-24T23:10:04.3018107Z 100/122 hmap - stc:smap_find                       OK              0.01s
2026-04-24T23:10:04.3085193Z 101/122 hmap - stc:smap_insert                     OK              0.01s
2026-04-24T23:10:04.3156961Z 102/122 hmap - stc:sorted_map                      OK              0.01s
2026-04-24T23:10:04.3225318Z 103/122 hmap - stc:sset_erase                      OK              0.01s
2026-04-24T23:10:04.3423870Z 104/122 cspan - stc:matmult                        OK              0.02s
2026-04-24T23:10:04.3491457Z 105/122 cspan - stc:mdspan                         OK              0.01s
2026-04-24T23:10:04.3556753Z 106/122 cspan - stc:multidim                       OK              0.01s
2026-04-24T23:10:04.3621131Z 107/122 cspan - stc:printspan                      OK              0.00s
2026-04-24T23:10:04.3687213Z 108/122 cspan - stc:submdspan                      OK              0.01s
2026-04-24T23:10:04.3755667Z 109/122 cspan - stc:span_demo                      OK              0.01s
2026-04-24T23:10:04.5533368Z 110/122 cstr - stc:cstr_match                      FAIL            0.17s   killed by signal 11 SIGSEGV
2026-04-24T23:10:04.5542418Z >>> ASAN_OPTIONS=halt_on_error=1:abort_on_error=1:print_summary=1 UBSAN_OPTIONS=halt_on_error=1:abort_on_error=1:print_summary=1:print_stacktrace=1 MESON_TEST_ITERATION=1 MALLOC_PERTURB_=243 MSAN_OPTIONS=halt_on_error=1:abort_on_error=1:print_summary=1:print_stacktrace=1 /home/runner/work/STC/STC/build-debug/examples/strings/cstr_match
2026-04-24T23:10:04.5544364Z 
2026-04-24T23:10:04.5624085Z 111/122 cstr - stc:replace                         OK              0.01s
2026-04-24T23:10:04.5689459Z 112/122 cstr - stc:splitstr                        OK              0.01s
2026-04-24T23:10:04.5749302Z 113/122 cstr - stc:sso_map                         OK              0.00s
2026-04-24T23:10:04.5809971Z 114/122 cstr - stc:sso_substr                      OK              0.00s
2026-04-24T23:10:04.5879511Z 115/122 cstr - stc:sview_split                     OK              0.00s
2026-04-24T23:10:04.7110551Z 116/122 cstr - stc:utf8replace_c                   FAIL            0.12s   killed by signal 11 SIGSEGV
2026-04-24T23:10:04.7118241Z >>> MALLOC_PERTURB_=132 ASAN_OPTIONS=halt_on_error=1:abort_on_error=1:print_summary=1 UBSAN_OPTIONS=halt_on_error=1:abort_on_error=1:print_summary=1:print_stacktrace=1 MESON_TEST_ITERATION=1 MSAN_OPTIONS=halt_on_error=1:abort_on_error=1:print_summary=1:print_stacktrace=1 /home/runner/work/STC/STC/build-debug/examples/strings/utf8replace_c
2026-04-24T23:10:04.7124900Z 
2026-04-24T23:10:04.7200192Z 117/122 vec - stc:lower_bound                      OK              0.01s
2026-04-24T23:10:04.7247716Z 118/122 hmap - stc:gauss2                          OK              0.78s
2026-04-24T23:10:04.7297938Z 119/122 vec - stc:new_vec                          OK              0.01s
2026-04-24T23:10:04.7311728Z 120/122 vec - stc:stack                            OK              0.01s
2026-04-24T23:10:05.3058608Z 121/122 queue - stc:new_queue                      OK              1.89s
2026-04-24T23:10:09.4193192Z 122/122 coroutine - stc:producer                   OK              9.00s
2026-04-24T23:10:09.4251622Z 
2026-04-24T23:10:09.4251753Z Ok:                120 
2026-04-24T23:10:09.4252048Z Fail:              2   
2026-04-24T23:10:09.4252225Z 
2026-04-24T23:10:09.4252534Z Full log written to /home/runner/work/STC/STC/build-debug/meson-logs/testlog.txt
2026-04-24T23:10:09.4594679Z ##[error]Process completed with exit code 1.
2026-04-24T23:10:09.4672572Z ##[group]Run actions/upload-artifact@v4
2026-04-24T23:10:09.4672836Z with:
2026-04-24T23:10:09.4673023Z   name: ubuntu-22.04-clang-debug-logs
2026-04-24T23:10:09.4673304Z   path: build-debug/meson-logs
2026-04-24T23:10:09.4673527Z   if-no-files-found: warn
2026-04-24T23:10:09.4673737Z   compression-level: 6
2026-04-24T23:10:09.4673932Z   overwrite: false
2026-04-24T23:10:09.4674116Z   include-hidden-files: false
2026-04-24T23:10:09.4674332Z ##[endgroup]
2026-04-24T23:10:09.6869811Z With the provided path, there will be 5 files uploaded
2026-04-24T23:10:09.6870493Z Artifact name is valid!
2026-04-24T23:10:09.6870808Z Root directory input is valid!
2026-04-24T23:10:09.8138337Z Beginning upload of artifact content to blob storage
2026-04-24T23:10:09.9079839Z Uploaded bytes 68916
2026-04-24T23:10:09.9276318Z Finished uploading artifact content to blob storage!
2026-04-24T23:10:09.9279607Z SHA256 digest of uploaded artifact zip is 30a017efa3c34ae9a835956e234f6e20b865ccf7df5d2ba81dfd514a806d90cc
2026-04-24T23:10:09.9280978Z Finalizing artifact upload
2026-04-24T23:10:10.0719328Z Artifact ubuntu-22.04-clang-debug-logs.zip successfully finalized. Artifact ID 6635252595
2026-04-24T23:10:10.0720320Z Artifact ubuntu-22.04-clang-debug-logs has been successfully uploaded! Final size is 68916 bytes. Artifact ID is 6635252595
2026-04-24T23:10:10.0726675Z Artifact download URL: https://github.com/stclib/STC/actions/runs/24915950140/artifacts/6635252595
2026-04-24T23:10:10.0872845Z Post job cleanup.
2026-04-24T23:10:10.1854278Z [command]/usr/bin/git version
2026-04-24T23:10:10.1890610Z git version 2.53.0
2026-04-24T23:10:10.1933330Z Temporarily overriding HOME='/home/runner/work/_temp/2e33d4c7-7342-41c9-af59-1658026c85e4' before making global git config changes
2026-04-24T23:10:10.1934523Z Adding repository directory to the temporary git global config as a safe directory
2026-04-24T23:10:10.1939556Z [command]/usr/bin/git config --global --add safe.directory /home/runner/work/STC/STC
2026-04-24T23:10:10.1976959Z [command]/usr/bin/git config --local --name-only --get-regexp core\.sshCommand
2026-04-24T23:10:10.2010980Z [command]/usr/bin/git submodule foreach --recursive sh -c "git config --local --name-only --get-regexp 'core\.sshCommand' && git config --local --unset-all 'core.sshCommand' || :"
2026-04-24T23:10:10.2260066Z [command]/usr/bin/git config --local --name-only --get-regexp http\.https\:\/\/github\.com\/\.extraheader
2026-04-24T23:10:10.2284821Z http.https://github.com/.extraheader
2026-04-24T23:10:10.2297754Z [command]/usr/bin/git config --local --unset-all http.https://github.com/.extraheader
2026-04-24T23:10:10.2331173Z [command]/usr/bin/git submodule foreach --recursive sh -c "git config --local --name-only --get-regexp 'http\.https\:\/\/github\.com\/\.extraheader' && git config --local --unset-all 'http.https://github.com/.extraheader' || :"
2026-04-24T23:10:10.2574315Z [command]/usr/bin/git config --local --name-only --get-regexp ^includeIf\.gitdir:
2026-04-24T23:10:10.2609733Z [command]/usr/bin/git submodule foreach --recursive git config --local --show-origin --name-only --get-regexp remote.origin.url
2026-04-24T23:10:10.2990530Z Cleaning up orphan processes
2026-04-24T23:10:10.3283629Z ##[warning]Node.js 20 actions are deprecated. The following actions are running on Node.js 20 and may not work as expected: actions/checkout@v4, actions/upload-artifact@v4. Actions will be forced to run with Node.js 24 by default starting June 2nd, 2026. Node.js 20 will be removed from the runner on September 16th, 2026. Please check if updated versions of these actions are available that support Node.js 24. To opt into Node.js 24 now, set the FORCE_JAVASCRIPT_ACTIONS_TO_NODE24=true environment variable on the runner or in your workflow file. Once Node.js 24 becomes the default, you can temporarily opt out by setting ACTIONS_ALLOW_USE_UNSECURE_NODE_VERSION=true. For more information see: https://github.blog/changelog/2025-09-19-deprecation-of-node-20-on-github-actions-runners/
