2026-01-29T13:03:15.3757764Z Current runner version: '2.331.0'
2026-01-29T13:03:15.3780169Z ##[group]Runner Image Provisioner
2026-01-29T13:03:15.3781196Z Hosted Compute Agent
2026-01-29T13:03:15.3781731Z Version: 20260115.477
2026-01-29T13:03:15.3782398Z Commit: 4b342d620503cbe250a3154040964899ea7c9b00
2026-01-29T13:03:15.3783170Z Build Date: 2026-01-15T22:32:41Z
2026-01-29T13:03:15.3783775Z Worker ID: {81e293bc-4821-40ea-8195-98f4f50f09c2}
2026-01-29T13:03:15.3784521Z Azure Region: centralus
2026-01-29T13:03:15.3785057Z ##[endgroup]
2026-01-29T13:03:15.3786424Z ##[group]Operating System
2026-01-29T13:03:15.3786977Z Ubuntu
2026-01-29T13:03:15.3787591Z 24.04.3
2026-01-29T13:03:15.3788024Z LTS
2026-01-29T13:03:15.3788480Z ##[endgroup]
2026-01-29T13:03:15.3789057Z ##[group]Runner Image
2026-01-29T13:03:15.3789560Z Image: ubuntu-24.04
2026-01-29T13:03:15.3790057Z Version: 20260119.4.1
2026-01-29T13:03:15.3791481Z Included Software: https://github.com/actions/runner-images/blob/ubuntu24/20260119.4/images/ubuntu/Ubuntu2404-Readme.md
2026-01-29T13:03:15.3792899Z Image Release: https://github.com/actions/runner-images/releases/tag/ubuntu24%2F20260119.4
2026-01-29T13:03:15.3793911Z ##[endgroup]
2026-01-29T13:03:15.3794893Z ##[group]GITHUB_TOKEN Permissions
2026-01-29T13:03:15.3796758Z Contents: read
2026-01-29T13:03:15.3797290Z Metadata: read
2026-01-29T13:03:15.3797802Z ##[endgroup]
2026-01-29T13:03:15.3799881Z Secret source: Actions
2026-01-29T13:03:15.3800797Z Prepare workflow directory
2026-01-29T13:03:15.4239870Z Prepare all required actions
2026-01-29T13:03:15.4289254Z Getting action download info
2026-01-29T13:03:15.8092583Z Download action repository 'actions/checkout@8e8c483db84b4bee98b60c0593521ed34d9990e8' (SHA:8e8c483db84b4bee98b60c0593521ed34d9990e8)
2026-01-29T13:03:15.9371359Z Download action repository 'actions/setup-node@395ad3262231945c25e8478fd5baf05154b1d79f' (SHA:395ad3262231945c25e8478fd5baf05154b1d79f)
2026-01-29T13:03:16.2081366Z Uses: stylelint/.github/.github/workflows/call-test.yml@ce9130c0ded2a1f42fdcb64a0f1f64dd20959795
2026-01-29T13:03:16.2086380Z ##[group] Inputs
2026-01-29T13:03:16.2086889Z   node-version: ["20", "22", "24"]
2026-01-29T13:03:16.2087422Z   node-version-file: 
2026-01-29T13:03:16.2087966Z   os: ["ubuntu-latest", "windows-latest", "macos-latest"]
2026-01-29T13:03:16.2088688Z   exclude: [{"node-version": "24", "os": "ubuntu-latest"}]
2026-01-29T13:03:16.2089364Z   test-options: 
2026-01-29T13:03:16.2089792Z ##[endgroup]
2026-01-29T13:03:16.2090484Z Complete job name: test / Test on Node.js 20 and ubuntu-latest
2026-01-29T13:03:16.2728707Z ##[group]Run actions/checkout@8e8c483db84b4bee98b60c0593521ed34d9990e8
2026-01-29T13:03:16.2729790Z with:
2026-01-29T13:03:16.2730405Z   repository: stylelint/stylelint
2026-01-29T13:03:16.2731119Z   token: ***
2026-01-29T13:03:16.2731543Z   ssh-strict: true
2026-01-29T13:03:16.2731968Z   ssh-user: git
2026-01-29T13:03:16.2732396Z   persist-credentials: true
2026-01-29T13:03:16.2732870Z   clean: true
2026-01-29T13:03:16.2733290Z   sparse-checkout-cone-mode: true
2026-01-29T13:03:16.2733814Z   fetch-depth: 1
2026-01-29T13:03:16.2734221Z   fetch-tags: false
2026-01-29T13:03:16.2734643Z   show-progress: true
2026-01-29T13:03:16.2735078Z   lfs: false
2026-01-29T13:03:16.2735463Z   submodules: false
2026-01-29T13:03:16.2735899Z   set-safe-directory: true
2026-01-29T13:03:16.2736618Z ##[endgroup]
2026-01-29T13:03:16.3659137Z Syncing repository: stylelint/stylelint
2026-01-29T13:03:16.3661216Z ##[group]Getting Git version info
2026-01-29T13:03:16.3662058Z Working directory is '/home/runner/work/stylelint/stylelint'
2026-01-29T13:03:16.3663275Z [command]/usr/bin/git version
2026-01-29T13:03:16.3722942Z git version 2.52.0
2026-01-29T13:03:16.3744381Z ##[endgroup]
2026-01-29T13:03:16.3757689Z Temporarily overriding HOME='/home/runner/work/_temp/a00efcdc-83f3-454f-bf12-14413e200a7d' before making global git config changes
2026-01-29T13:03:16.3762748Z Adding repository directory to the temporary git global config as a safe directory
2026-01-29T13:03:16.3764170Z [command]/usr/bin/git config --global --add safe.directory /home/runner/work/stylelint/stylelint
2026-01-29T13:03:16.3802658Z Deleting the contents of '/home/runner/work/stylelint/stylelint'
2026-01-29T13:03:16.3806254Z ##[group]Initializing the repository
2026-01-29T13:03:16.3810807Z [command]/usr/bin/git init /home/runner/work/stylelint/stylelint
2026-01-29T13:03:16.3923701Z hint: Using 'master' as the name for the initial branch. This default branch name
2026-01-29T13:03:16.3925733Z hint: will change to "main" in Git 3.0. To configure the initial branch name
2026-01-29T13:03:16.3926838Z hint: to use in all of your new repositories, which will suppress this warning,
2026-01-29T13:03:16.3927662Z hint: call:
2026-01-29T13:03:16.3928216Z hint:
2026-01-29T13:03:16.3929090Z hint: 	git config --global init.defaultBranch <name>
2026-01-29T13:03:16.3929868Z hint:
2026-01-29T13:03:16.3930670Z hint: Names commonly chosen instead of 'master' are 'main', 'trunk' and
2026-01-29T13:03:16.3932294Z hint: 'development'. The just-created branch can be renamed via this command:
2026-01-29T13:03:16.3933641Z hint:
2026-01-29T13:03:16.3934384Z hint: 	git branch -m <name>
2026-01-29T13:03:16.3935119Z hint:
2026-01-29T13:03:16.3935755Z hint: Disable this message with "git config set advice.defaultBranchName false"
2026-01-29T13:03:16.3936793Z Initialized empty Git repository in /home/runner/work/stylelint/stylelint/.git/
2026-01-29T13:03:16.3939470Z [command]/usr/bin/git remote add origin https://github.com/stylelint/stylelint
2026-01-29T13:03:16.3972392Z ##[endgroup]
2026-01-29T13:03:16.3973210Z ##[group]Disabling automatic garbage collection
2026-01-29T13:03:16.3976488Z [command]/usr/bin/git config --local gc.auto 0
2026-01-29T13:03:16.4005280Z ##[endgroup]
2026-01-29T13:03:16.4006699Z ##[group]Setting up auth
2026-01-29T13:03:16.4007764Z Removing SSH command configuration
2026-01-29T13:03:16.4013315Z [command]/usr/bin/git config --local --name-only --get-regexp core\.sshCommand
2026-01-29T13:03:16.4044956Z [command]/usr/bin/git submodule foreach --recursive sh -c "git config --local --name-only --get-regexp 'core\.sshCommand' && git config --local --unset-all 'core.sshCommand' || :"
2026-01-29T13:03:16.4387609Z Removing HTTP extra header
2026-01-29T13:03:16.4393300Z [command]/usr/bin/git config --local --name-only --get-regexp http\.https\:\/\/github\.com\/\.extraheader
2026-01-29T13:03:16.4424272Z [command]/usr/bin/git submodule foreach --recursive sh -c "git config --local --name-only --get-regexp 'http\.https\:\/\/github\.com\/\.extraheader' && git config --local --unset-all 'http.https://github.com/.extraheader' || :"
2026-01-29T13:03:16.4634344Z Removing includeIf entries pointing to credentials config files
2026-01-29T13:03:16.4640875Z [command]/usr/bin/git config --local --name-only --get-regexp ^includeIf\.gitdir:
2026-01-29T13:03:16.4671681Z [command]/usr/bin/git submodule foreach --recursive git config --local --show-origin --name-only --get-regexp remote.origin.url
2026-01-29T13:03:16.4888576Z [command]/usr/bin/git config --file /home/runner/work/_temp/git-credentials-8b90db7b-fc1b-4b08-a9ba-e77117c16c37.config http.https://github.com/.extraheader AUTHORIZATION: basic ***
2026-01-29T13:03:16.4923627Z [command]/usr/bin/git config --local includeIf.gitdir:/home/runner/work/stylelint/stylelint/.git.path /home/runner/work/_temp/git-credentials-8b90db7b-fc1b-4b08-a9ba-e77117c16c37.config
2026-01-29T13:03:16.4952866Z [command]/usr/bin/git config --local includeIf.gitdir:/home/runner/work/stylelint/stylelint/.git/worktrees/*.path /home/runner/work/_temp/git-credentials-8b90db7b-fc1b-4b08-a9ba-e77117c16c37.config
2026-01-29T13:03:16.4981158Z [command]/usr/bin/git config --local includeIf.gitdir:/github/workspace/.git.path /github/runner_temp/git-credentials-8b90db7b-fc1b-4b08-a9ba-e77117c16c37.config
2026-01-29T13:03:16.5009473Z [command]/usr/bin/git config --local includeIf.gitdir:/github/workspace/.git/worktrees/*.path /github/runner_temp/git-credentials-8b90db7b-fc1b-4b08-a9ba-e77117c16c37.config
2026-01-29T13:03:16.5034201Z ##[endgroup]
2026-01-29T13:03:16.5035187Z ##[group]Fetching the repository
2026-01-29T13:03:16.5042859Z [command]/usr/bin/git -c protocol.version=2 fetch --no-tags --prune --no-recurse-submodules --depth=1 origin +17ebd25999faa5526957e38050dc472bfdf157bd:refs/remotes/origin/main
2026-01-29T13:03:17.0891156Z From https://github.com/stylelint/stylelint
2026-01-29T13:03:17.0893968Z  * [new ref]         17ebd25999faa5526957e38050dc472bfdf157bd -> origin/main
2026-01-29T13:03:17.0923794Z ##[endgroup]
2026-01-29T13:03:17.0925607Z ##[group]Determining the checkout info
2026-01-29T13:03:17.0927510Z ##[endgroup]
2026-01-29T13:03:17.0931856Z [command]/usr/bin/git sparse-checkout disable
2026-01-29T13:03:17.0974079Z [command]/usr/bin/git config --local --unset-all extensions.worktreeConfig
2026-01-29T13:03:17.1001617Z ##[group]Checking out the ref
2026-01-29T13:03:17.1004489Z [command]/usr/bin/git checkout --progress --force -B main refs/remotes/origin/main
2026-01-29T13:03:17.1655091Z Switched to a new branch 'main'
2026-01-29T13:03:17.1657922Z branch 'main' set up to track 'origin/main'.
2026-01-29T13:03:17.1665838Z ##[endgroup]
2026-01-29T13:03:17.1700142Z [command]/usr/bin/git log -1 --format=%H
2026-01-29T13:03:17.1723296Z 17ebd25999faa5526957e38050dc472bfdf157bd
2026-01-29T13:03:17.2055989Z ##[group]Run actions/setup-node@395ad3262231945c25e8478fd5baf05154b1d79f
2026-01-29T13:03:17.2057591Z with:
2026-01-29T13:03:17.2058359Z   node-version: 20
2026-01-29T13:03:17.2059217Z   cache: npm
2026-01-29T13:03:17.2060048Z   check-latest: false
2026-01-29T13:03:17.2061377Z   token: ***
2026-01-29T13:03:17.2062232Z   package-manager-cache: true
2026-01-29T13:03:17.2063262Z ##[endgroup]
2026-01-29T13:03:17.3487964Z Found in cache @ /opt/hostedtoolcache/node/20.20.0/x64
2026-01-29T13:03:17.3491537Z (node:2182) [DEP0040] DeprecationWarning: The `punycode` module is deprecated. Please use a userland alternative instead.
2026-01-29T13:03:17.3495184Z (Use `node --trace-deprecation ...` to show where the warning was created)
2026-01-29T13:03:17.3497544Z ##[group]Environment details
2026-01-29T13:03:19.7507410Z node: v20.20.0
2026-01-29T13:03:19.7507920Z npm: 10.8.2
2026-01-29T13:03:19.7508223Z yarn: 1.22.22
2026-01-29T13:03:19.7509500Z ##[endgroup]
2026-01-29T13:03:19.7530051Z [command]/opt/hostedtoolcache/node/20.20.0/x64/bin/npm config get cache
2026-01-29T13:03:20.0601827Z /home/runner/.npm
2026-01-29T13:03:20.9905232Z Cache hit for: node-cache-Linux-x64-npm-4fe5a47b4257bb2c673d546fec2260e9250f3536d2f122ab46e2503ed9fc7e46
2026-01-29T13:03:21.0011706Z (node:2182) [DEP0169] DeprecationWarning: `url.parse()` behavior is not standardized and prone to errors that have security implications. Use the WHATWG URL API instead. CVEs are not issued for `url.parse()` vulnerabilities.
2026-01-29T13:03:21.9468768Z Received 42524071 of 42524071 (100.0%), 51.2 MBs/sec
2026-01-29T13:03:21.9469847Z Cache Size: ~41 MB (42524071 B)
2026-01-29T13:03:21.9497010Z [command]/usr/bin/tar -xf /home/runner/work/_temp/5d639565-cbfa-445c-a48d-8dbe107cb6dc/cache.tzst -P -C /home/runner/work/stylelint/stylelint --use-compress-program unzstd
2026-01-29T13:03:22.3021796Z Cache restored successfully
2026-01-29T13:03:22.3106321Z Cache restored from key: node-cache-Linux-x64-npm-4fe5a47b4257bb2c673d546fec2260e9250f3536d2f122ab46e2503ed9fc7e46
2026-01-29T13:03:22.3303441Z ##[group]Run echo "version=${node_version}" >> "${GITHUB_OUTPUT}"
2026-01-29T13:03:22.3303966Z [36;1mecho "version=${node_version}" >> "${GITHUB_OUTPUT}"[0m
2026-01-29T13:03:22.3393934Z shell: /usr/bin/bash --noprofile --norc -e -o pipefail {0}
2026-01-29T13:03:22.3394283Z env:
2026-01-29T13:03:22.3394465Z   node_version: v20.20.0
2026-01-29T13:03:22.3394701Z ##[endgroup]
2026-01-29T13:03:22.3571407Z ##[group]Run case "${node_version}" in
2026-01-29T13:03:22.3571766Z [36;1mcase "${node_version}" in[0m
2026-01-29T13:03:22.3572025Z [36;1m  v16*) echo '9' ;;[0m
2026-01-29T13:03:22.3572255Z [36;1m  v18*) echo '10' ;;[0m
2026-01-29T13:03:22.3572485Z [36;1m     *) echo 'latest' ;;[0m
2026-01-29T13:03:22.3572805Z [36;1mesac | xargs -I {} echo "version={}" >> "${GITHUB_OUTPUT}"[0m
2026-01-29T13:03:22.3603505Z shell: /usr/bin/bash --noprofile --norc -e -o pipefail {0}
2026-01-29T13:03:22.3603837Z env:
2026-01-29T13:03:22.3604012Z   node_version: v20.20.0
2026-01-29T13:03:22.3604226Z ##[endgroup]
2026-01-29T13:03:22.3714756Z ##[group]Run npm install --global "npm@${npm_version}"
2026-01-29T13:03:22.3715189Z [36;1mnpm install --global "npm@${npm_version}"[0m
2026-01-29T13:03:22.3715543Z [36;1mecho "Successfully installed npm $(npm --version)"[0m
2026-01-29T13:03:22.3744828Z shell: /usr/bin/bash --noprofile --norc -e -o pipefail {0}
2026-01-29T13:03:22.3745156Z env:
2026-01-29T13:03:22.3745349Z   npm_version: latest
2026-01-29T13:03:22.3745559Z ##[endgroup]
2026-01-29T13:03:26.6636710Z 
2026-01-29T13:03:26.6645401Z removed 47 packages, and changed 107 packages in 4s
2026-01-29T13:03:26.6645920Z 
2026-01-29T13:03:26.6646220Z 15 packages are looking for funding
2026-01-29T13:03:26.6646746Z   run `npm fund` for details
2026-01-29T13:03:26.7669358Z Successfully installed npm 11.8.0
2026-01-29T13:03:26.7695903Z ##[group]Run npm ci
2026-01-29T13:03:26.7696132Z [36;1mnpm ci[0m
2026-01-29T13:03:26.7727361Z shell: /usr/bin/bash --noprofile --norc -e -o pipefail {0}
2026-01-29T13:03:26.7727681Z ##[endgroup]
2026-01-29T13:03:32.6513172Z 
2026-01-29T13:03:32.6513987Z > stylelint@17.0.0 prepare
2026-01-29T13:03:32.6514525Z > husky
2026-01-29T13:03:32.6514938Z 
2026-01-29T13:03:32.6981495Z 
2026-01-29T13:03:32.6982143Z > stylelint@17.0.0 postprepare
2026-01-29T13:03:32.6982610Z > patch-package
2026-01-29T13:03:32.6982823Z 
2026-01-29T13:03:32.8184360Z patch-package 8.0.1
2026-01-29T13:03:32.8189550Z Applying patches...
2026-01-29T13:03:32.8233635Z @types/css-tree@2.3.11 ✔
2026-01-29T13:03:32.8240852Z is-plain-object@5.0.0 ✔
2026-01-29T13:03:32.8647050Z 
2026-01-29T13:03:32.8648354Z added 1112 packages, and audited 1113 packages in 6s
2026-01-29T13:03:32.8648787Z 
2026-01-29T13:03:32.8667565Z 336 packages are looking for funding
2026-01-29T13:03:32.8668087Z   run `npm fund` for details
2026-01-29T13:03:32.8668467Z 
2026-01-29T13:03:32.8668641Z found 0 vulnerabilities
2026-01-29T13:03:32.9170985Z ##[group]Run npm test --ignore-scripts -- 
2026-01-29T13:03:32.9171564Z [36;1mnpm test --ignore-scripts -- [0m
2026-01-29T13:03:32.9214137Z shell: /usr/bin/bash --noprofile --norc -e -o pipefail {0}
2026-01-29T13:03:32.9214703Z ##[endgroup]
2026-01-29T13:03:33.0513743Z 
2026-01-29T13:03:33.0514270Z > stylelint@17.0.0 test
2026-01-29T13:03:33.0514839Z > npm-run-all --sequential test-jest test-node
2026-01-29T13:03:33.0515079Z 
2026-01-29T13:03:33.2764613Z 
2026-01-29T13:03:33.2765438Z > stylelint@17.0.0 test-jest
2026-01-29T13:03:33.2766590Z > node --experimental-vm-modules node_modules/jest/bin/jest.js
2026-01-29T13:03:33.2767326Z 
2026-01-29T13:03:35.6123694Z (node:2375) ExperimentalWarning: VM Modules is an experimental feature and might change at any time
2026-01-29T13:03:35.6149249Z (Use `node --trace-warnings ...` to show where the warning was created)
2026-01-29T13:03:35.6258511Z PASS lib/rules/declaration-block-no-redundant-longhand-properties/__tests__/index.mjs
2026-01-29T13:03:36.5422431Z (node:2371) ExperimentalWarning: VM Modules is an experimental feature and might change at any time
2026-01-29T13:03:36.5423574Z (Use `node --trace-warnings ...` to show where the warning was created)
2026-01-29T13:03:36.5519728Z PASS lib/rules/selector-no-qualifying-type/__tests__/index.mjs
2026-01-29T13:03:37.0612942Z PASS lib/rules/declaration-empty-line-before/__tests__/index.mjs
2026-01-29T13:03:37.2306874Z (node:2370) ExperimentalWarning: VM Modules is an experimental feature and might change at any time
2026-01-29T13:03:37.2312773Z (Use `node --trace-warnings ...` to show where the warning was created)
2026-01-29T13:03:37.2399420Z PASS lib/rules/value-keyword-case/__tests__/index.mjs
2026-01-29T13:03:37.5973669Z PASS lib/rules/function-calc-no-unspaced-operator/__tests__/index.mjs
2026-01-29T13:03:38.4163485Z PASS lib/rules/font-family-name-quotes/__tests__/index.mjs
2026-01-29T13:03:38.5491703Z PASS lib/__tests__/cli.test.mjs
2026-01-29T13:03:38.6803299Z PASS lib/__tests__/disableRanges.test.mjs
2026-01-29T13:03:39.2021698Z PASS lib/rules/at-rule-empty-line-before/__tests__/index.mjs
2026-01-29T13:03:39.4409507Z PASS lib/rules/function-url-quotes/__tests__/index.mjs
2026-01-29T13:03:39.6007033Z PASS lib/rules/declaration-block-no-duplicate-properties/__tests__/index.mjs
2026-01-29T13:03:39.9114030Z (node:2375) [stylelint:005] DeprecationWarning: `context.fix` is deprecated.
2026-01-29T13:03:39.9115650Z Pass a `fix` callback to the `report` utility of "plugin/selector-no-foo" instead.
2026-01-29T13:03:40.0007411Z PASS lib/rules/length-zero-no-unit/__tests__/index.mjs
2026-01-29T13:03:40.0337310Z PASS lib/__tests__/standalone-fix.test.mjs
2026-01-29T13:03:40.4471406Z PASS lib/rules/custom-property-empty-line-before/__tests__/index.mjs
2026-01-29T13:03:40.6633433Z PASS lib/utils/__tests__/report.test.mjs
2026-01-29T13:03:40.8018317Z PASS lib/rules/function-name-case/__tests__/index.mjs
2026-01-29T13:03:40.9191674Z PASS lib/rules/rule-empty-line-before/__tests__/index.mjs
2026-01-29T13:03:41.4464087Z PASS lib/rules/shorthand-property-no-redundant-values/__tests__/index.mjs
2026-01-29T13:03:41.6291367Z PASS lib/rules/selector-max-type/__tests__/index.mjs
2026-01-29T13:03:41.6547500Z PASS lib/__tests__/cli-suppressions.test.mjs
2026-01-29T13:03:41.8833422Z PASS lib/formatters/__tests__/stringFormatter.test.mjs
2026-01-29T13:03:42.0532645Z PASS lib/__tests__/standalone-cache.test.mjs
2026-01-29T13:03:42.2788460Z PASS lib/rules/alpha-value-notation/__tests__/index.mjs
2026-01-29T13:03:42.4720917Z PASS lib/rules/no-duplicate-selectors/__tests__/index.mjs
2026-01-29T13:03:42.7899581Z PASS lib/rules/unit-no-unknown/__tests__/index.mjs
2026-01-29T13:03:42.9488012Z PASS lib/rules/unit-disallowed-list/__tests__/index.mjs
2026-01-29T13:03:43.0202988Z PASS lib/rules/selector-max-specificity/__tests__/index.mjs
2026-01-29T13:03:43.1744668Z PASS lib/utils/__tests__/narrowFixRange.test.mjs
2026-01-29T13:03:43.5767282Z PASS lib/__tests__/ignore.test.mjs
2026-01-29T13:03:43.7763721Z PASS lib/__tests__/standalone.test.mjs
2026-01-29T13:03:44.1444672Z PASS lib/rules/keyframe-selector-notation/__tests__/index.mjs
2026-01-29T13:03:44.2729983Z PASS lib/__tests__/overrides.test.mjs
2026-01-29T13:03:44.5789544Z PASS lib/rules/declaration-property-value-no-unknown/__tests__/index.mjs
2026-01-29T13:03:44.6891846Z PASS lib/rules/selector-max-id/__tests__/index.mjs
2026-01-29T13:03:44.7852133Z PASS lib/utils/__tests__/getDimension.test.mjs
2026-01-29T13:03:44.9649799Z PASS lib/rules/font-weight-notation/__tests__/index.mjs
2026-01-29T13:03:45.2207759Z PASS lib/__tests__/plugins.test.mjs
2026-01-29T13:03:45.2535549Z PASS lib/rules/time-min-milliseconds/__tests__/index.mjs
2026-01-29T13:03:45.6070521Z PASS lib/rules/lightness-notation/__tests__/index.mjs
2026-01-29T13:03:45.7482317Z PASS lib/utils/__tests__/validateOptions.test.mjs
2026-01-29T13:03:45.7544680Z PASS lib/rules/no-descending-specificity/__tests__/index.mjs
2026-01-29T13:03:45.7802679Z PASS lib/rules/color-named/__tests__/index.mjs
2026-01-29T13:03:45.9092233Z PASS lib/formatters/__tests__/verboseFormatter.test.mjs
2026-01-29T13:03:45.9544914Z PASS lib/utils/__tests__/isInDocument.test.mjs
2026-01-29T13:03:46.2283770Z PASS lib/__tests__/needlessDisables.test.mjs
2026-01-29T13:03:46.4142683Z PASS lib/rules/color-function-notation/__tests__/index.mjs
2026-01-29T13:03:46.5961147Z PASS lib/rules/media-feature-name-value-no-unknown/__tests__/index.mjs
2026-01-29T13:03:46.7190522Z PASS lib/rules/selector-max-compound-selectors/__tests__/index.mjs
2026-01-29T13:03:47.1127765Z PASS lib/rules/function-linear-gradient-no-nonstandard-direction/__tests__/index.mjs
2026-01-29T13:03:47.1539744Z PASS lib/rules/selector-attribute-quotes/__tests__/index.mjs
2026-01-29T13:03:47.1658519Z PASS lib/rules/selector-max-attribute/__tests__/index.mjs
2026-01-29T13:03:47.6242574Z PASS lib/rules/max-nesting-depth/__tests__/index.mjs
2026-01-29T13:03:47.8206337Z PASS lib/rules/hue-degree-notation/__tests__/index.mjs
2026-01-29T13:03:47.8812430Z PASS lib/rules/selector-type-no-unknown/__tests__/index.mjs
2026-01-29T13:03:48.0467036Z PASS lib/utils/__tests__/isStandardSyntaxUrl.test.mjs
2026-01-29T13:03:48.1910919Z PASS lib/__tests__/languageOptions.test.mjs
2026-01-29T13:03:48.5807254Z PASS lib/rules/selector-pseudo-class-no-unknown/__tests__/index.mjs
2026-01-29T13:03:48.7779331Z PASS lib/rules/no-irregular-whitespace/__tests__/index.mjs
2026-01-29T13:03:48.8038929Z PASS lib/rules/unit-allowed-list/__tests__/index.mjs
2026-01-29T13:03:49.0873811Z PASS lib/rules/selector-max-combinators/__tests__/index.mjs
2026-01-29T13:03:49.2090497Z PASS lib/__tests__/applyOverrides.test.mjs
2026-01-29T13:03:49.2454651Z PASS lib/__tests__/standalone-syntax.test.mjs
2026-01-29T13:03:49.4282165Z PASS lib/rules/selector-max-universal/__tests__/index.mjs
2026-01-29T13:03:49.6653804Z PASS lib/rules/media-feature-range-notation/__tests__/index.mjs
2026-01-29T13:03:49.9494859Z PASS lib/rules/media-feature-name-no-unknown/__tests__/index.mjs
2026-01-29T13:03:50.2707634Z PASS lib/rules/comment-empty-line-before/__tests__/index.mjs
2026-01-29T13:03:50.3441568Z PASS lib/rules/selector-type-case/__tests__/index.mjs
2026-01-29T13:03:50.6321000Z PASS lib/__tests__/invalidScopeDisables.test.mjs
2026-01-29T13:03:50.6535704Z PASS lib/__tests__/descriptionlessDisables.test.mjs
2026-01-29T13:03:50.7574950Z PASS lib/utils/__tests__/findFontFamily.test.mjs
2026-01-29T13:03:50.7595282Z PASS lib/__tests__/standalone-globs.test.mjs
2026-01-29T13:03:50.8381743Z PASS lib/utils/__tests__/nodeFieldIndices.test.mjs
2026-01-29T13:03:51.1931812Z PASS lib/rules/custom-property-no-missing-var-function/__tests__/index.mjs
2026-01-29T13:03:51.3581844Z PASS lib/rules/property-no-unknown/__tests__/index.mjs
2026-01-29T13:03:51.3806541Z PASS lib/rules/property-no-vendor-prefix/__tests__/index.mjs
2026-01-29T13:03:51.6474202Z PASS lib/rules/media-query-no-invalid/__tests__/index.mjs
2026-01-29T13:03:51.9169462Z PASS lib/rules/function-url-scheme-allowed-list/__tests__/index.mjs
2026-01-29T13:03:51.9209744Z PASS lib/rules/no-unknown-animations/__tests__/index.mjs
2026-01-29T13:03:52.1171655Z PASS lib/rules/no-invalid-position-declaration/__tests__/index.mjs
2026-01-29T13:03:52.4685739Z PASS lib/__tests__/disableRanges-integration.test.mjs
2026-01-29T13:03:52.4870944Z PASS lib/rules/selector-pseudo-element-colon-notation/__tests__/index.mjs
2026-01-29T13:03:52.5673275Z PASS lib/formatters/__tests__/tapFormatter.test.mjs
2026-01-29T13:03:52.7772679Z PASS lib/rules/number-max-precision/__tests__/index.mjs
2026-01-29T13:03:52.9738424Z PASS lib/rules/value-no-vendor-prefix/__tests__/index.mjs
2026-01-29T13:03:53.1342903Z PASS lib/rules/declaration-block-no-shorthand-property-overrides/__tests__/index.mjs
2026-01-29T13:03:53.3867278Z PASS lib/__tests__/stylelintignore-test/stylelintignore.test.mjs
2026-01-29T13:03:53.4648041Z PASS lib/rules/color-hex-length/__tests__/index.mjs
2026-01-29T13:03:53.7713943Z PASS lib/rules/comment-whitespace-inside/__tests__/index.mjs
2026-01-29T13:03:53.8322700Z PASS lib/rules/display-notation/__tests__/index.mjs
2026-01-29T13:03:53.9947987Z PASS lib/utils/__tests__/isStandardSyntaxDeclaration.test.mjs
2026-01-29T13:03:54.0973518Z PASS lib/rules/comment-word-disallowed-list/__tests__/index.mjs
2026-01-29T13:03:54.2528057Z PASS lib/rules/function-url-scheme-disallowed-list/__tests__/index.mjs
2026-01-29T13:03:54.5301028Z PASS lib/rules/function-allowed-list/__tests__/index.mjs
2026-01-29T13:03:54.7061788Z PASS lib/rules/font-family-no-missing-generic-family-keyword/__tests__/index.mjs
2026-01-29T13:03:54.7468614Z PASS lib/__tests__/processors.test.mjs
2026-01-29T13:03:55.1857836Z PASS lib/rules/selector-max-class/__tests__/index.mjs
2026-01-29T13:03:55.2104128Z PASS lib/rules/selector-max-pseudo-class/__tests__/index.mjs
2026-01-29T13:03:55.2892398Z PASS lib/rules/declaration-block-no-duplicate-custom-properties/__tests__/index.mjs
2026-01-29T13:03:55.4218866Z PASS lib/utils/__tests__/addSemicolonForEditInfo.test.mjs
2026-01-29T13:03:55.4607101Z PASS lib/__tests__/postcssPlugin.test.mjs
2026-01-29T13:03:55.7484315Z PASS lib/rules/selector-pseudo-class-disallowed-list/__tests__/index.mjs
2026-01-29T13:03:55.9621638Z PASS lib/rules/declaration-property-unit-allowed-list/__tests__/index.mjs
2026-01-29T13:03:55.9824795Z PASS lib/rules/selector-disallowed-list/__tests__/index.mjs
2026-01-29T13:03:56.3127281Z PASS lib/rules/selector-class-pattern/__tests__/index.mjs
2026-01-29T13:03:56.3932390Z PASS lib/rules/no-duplicate-at-import-rules/__tests__/index.mjs
2026-01-29T13:03:56.5788876Z PASS lib/rules/selector-not-notation/__tests__/index.mjs
2026-01-29T13:03:56.8175328Z PASS lib/rules/block-no-empty/__tests__/index.mjs
2026-01-29T13:03:56.8879401Z PASS lib/rules/selector-no-vendor-prefix/__tests__/index.mjs
2026-01-29T13:03:57.1186738Z PASS lib/rules/property-allowed-list/__tests__/index.mjs
2026-01-29T13:03:57.4008473Z PASS lib/rules/selector-pseudo-element-no-unknown/__tests__/index.mjs
2026-01-29T13:03:57.4169256Z PASS lib/rules/selector-nested-pattern/__tests__/index.mjs
2026-01-29T13:03:57.4412639Z PASS lib/utils/__tests__/checkAgainstRule.test.mjs
2026-01-29T13:03:58.0943403Z PASS lib/rules/import-notation/__tests__/index.mjs
2026-01-29T13:03:58.0985929Z PASS lib/__tests__/integration.test.mjs
2026-01-29T13:03:58.1567763Z PASS lib/rules/selector-pseudo-class-allowed-list/__tests__/index.mjs
2026-01-29T13:03:58.2219153Z PASS lib/__tests__/normalizeRuleSettings.test.mjs
2026-01-29T13:03:58.2433803Z PASS lib/utils/__tests__/isSharedLineComment.test.mjs
2026-01-29T13:03:58.3715305Z PASS lib/utils/__tests__/mergeSyntaxDefinitions.test.mjs
2026-01-29T13:03:58.5524597Z PASS lib/rules/function-disallowed-list/__tests__/index.mjs
2026-01-29T13:03:58.7627623Z PASS lib/rules/media-feature-name-disallowed-list/__tests__/index.mjs
2026-01-29T13:03:58.8828549Z PASS lib/utils/__tests__/normalizeSelector.test.mjs
2026-01-29T13:03:58.8970042Z PASS lib/rules/at-rule-descriptor-no-unknown/__tests__/index.mjs
2026-01-29T13:03:58.9692917Z PASS lib/rules/media-feature-name-value-allowed-list/__tests__/index.mjs
2026-01-29T13:03:59.0727329Z PASS lib/utils/__tests__/isFirstNested.test.mjs
2026-01-29T13:03:59.3993342Z PASS lib/rules/declaration-property-value-disallowed-list/__tests__/index.mjs
2026-01-29T13:03:59.4943994Z PASS lib/rules/at-rule-no-unknown/__tests__/index.mjs
2026-01-29T13:03:59.6356599Z PASS lib/rules/media-feature-name-allowed-list/__tests__/index.mjs
2026-01-29T13:03:59.8142533Z PASS lib/__tests__/standalone-formatter.test.mjs
2026-01-29T13:03:59.9934434Z PASS lib/rules/named-grid-areas-no-invalid/__tests__/index.mjs
2026-01-29T13:04:00.1051304Z PASS lib/rules/function-url-no-scheme-relative/__tests__/index.mjs
2026-01-29T13:04:00.4111225Z PASS lib/rules/nesting-selector-no-missing-scoping-root/__tests__/index.mjs
2026-01-29T13:04:00.4863073Z PASS lib/__tests__/unscopedDisables.test.mjs
2026-01-29T13:04:00.6087057Z PASS lib/rules/string-no-newline/__tests__/index.mjs
2026-01-29T13:04:00.8059455Z PASS lib/utils/__tests__/getStrippedSelectorSource.test.mjs
2026-01-29T13:04:01.1146582Z PASS lib/__tests__/timing.test.mjs
2026-01-29T13:04:01.1301478Z PASS lib/rules/property-disallowed-list/__tests__/index.mjs
2026-01-29T13:04:01.1983552Z PASS lib/rules/custom-property-pattern/__tests__/index.mjs
2026-01-29T13:04:01.2911220Z PASS lib/utils/__tests__/matchesStringOrRegExp.test.mjs
2026-01-29T13:04:01.6387751Z PASS lib/rules/declaration-property-value-keyword-no-deprecated/__tests__/index.mjs
2026-01-29T13:04:01.6652336Z PASS lib/rules/selector-anb-no-unmatchable/__tests__/index.mjs
2026-01-29T13:04:01.8444095Z PASS lib/utils/__tests__/isStandardSyntaxRule.test.mjs
2026-01-29T13:04:01.8568980Z PASS lib/rules/container-name-pattern/__tests__/index.mjs
2026-01-29T13:04:02.3652282Z PASS lib/rules/no-invalid-position-at-import-rule/__tests__/index.mjs
2026-01-29T13:04:02.3744292Z PASS lib/rules/declaration-property-unit-disallowed-list/__tests__/index.mjs
2026-01-29T13:04:02.4852419Z PASS lib/utils/__tests__/regexes.test.mjs
2026-01-29T13:04:02.7996665Z PASS lib/__tests__/standalone-compute-edit-info.test.mjs
2026-01-29T13:04:02.9147829Z PASS lib/formatters/__tests__/unixFormatter.test.mjs
2026-01-29T13:04:02.9308109Z PASS lib/rules/at-rule-disallowed-list/__tests__/index.mjs
2026-01-29T13:04:03.0980727Z PASS lib/utils/__tests__/isStandardSyntaxAtRule.test.mjs
2026-01-29T13:04:03.2308405Z PASS lib/utils/__tests__/isStandardSyntaxSelector.test.mjs
2026-01-29T13:04:03.3272197Z PASS lib/__tests__/resolveConfig.test.mjs
2026-01-29T13:04:03.6865400Z PASS lib/rules/rule-selector-property-disallowed-list/__tests__/index.mjs
2026-01-29T13:04:03.7850886Z PASS lib/rules/__tests__/index.test.mjs
2026-01-29T13:04:03.8154730Z PASS lib/__tests__/extends.test.mjs
2026-01-29T13:04:03.8993107Z PASS lib/rules/color-named/__tests__/colordUtils.test.mjs
2026-01-29T13:04:04.2234515Z PASS lib/rules/media-feature-name-unit-allowed-list/__tests__/index.mjs
2026-01-29T13:04:04.4985359Z PASS lib/rules/at-rule-allowed-list/__tests__/index.mjs
2026-01-29T13:04:04.7054942Z PASS lib/utils/__tests__/isStandardSyntaxTypeSelector.test.mjs
2026-01-29T13:04:04.7460830Z PASS lib/rules/media-feature-name-no-vendor-prefix/__tests__/index.mjs
2026-01-29T13:04:04.7934641Z PASS lib/rules/media-type-no-deprecated/__tests__/index.mjs
2026-01-29T13:04:04.8032262Z PASS lib/formatters/__tests__/compactFormatter.test.mjs
2026-01-29T13:04:05.2924442Z PASS lib/rules/selector-pseudo-element-allowed-list/__tests__/index.mjs
2026-01-29T13:04:05.3638037Z PASS lib/rules/color-no-hex/__tests__/index.mjs
2026-01-29T13:04:05.4133310Z PASS lib/rules/syntax-string-no-invalid/__tests__/index.mjs
2026-01-29T13:04:05.4645638Z PASS lib/utils/__tests__/functionArgumentsSearch.test.mjs
2026-01-29T13:04:05.7585213Z PASS lib/rules/no-invalid-double-slash-comments/__tests__/index.mjs
2026-01-29T13:04:05.9251726Z PASS lib/rules/at-rule-descriptor-value-no-unknown/__tests__/index.mjs
2026-01-29T13:04:05.9677376Z PASS lib/rules/font-family-no-duplicate-names/__tests__/index.mjs
2026-01-29T13:04:06.0905824Z PASS lib/utils/__tests__/resolveNestedSelectorsForRule.test.mjs
2026-01-29T13:04:06.2009588Z PASS lib/rules/function-no-unknown/__tests__/index.mjs
2026-01-29T13:04:06.5233215Z PASS lib/__tests__/reportDisables.test.mjs
2026-01-29T13:04:06.5315327Z PASS lib/rules/color-function-alias-notation/__tests__/index.mjs
2026-01-29T13:04:06.6751714Z PASS lib/utils/__tests__/validateTypes.test.mjs
2026-01-29T13:04:06.6779572Z PASS lib/rules/selector-id-pattern/__tests__/index.mjs
2026-01-29T13:04:06.6787402Z PASS lib/utils/__tests__/isKeyframeRule.test.mjs
2026-01-29T13:04:07.1261809Z PASS lib/rules/selector-attribute-operator-allowed-list/__tests__/index.mjs
2026-01-29T13:04:07.1726591Z PASS lib/rules/no-empty-source/__tests__/index.mjs
2026-01-29T13:04:07.2166825Z PASS lib/rules/selector-pseudo-element-disallowed-list/__tests__/index.mjs
2026-01-29T13:04:07.2902338Z PASS lib/utils/__tests__/emitWarning.test.mjs
2026-01-29T13:04:07.3322668Z PASS lib/utils/__tests__/rangesOverlap.test.mjs
2026-01-29T13:04:07.5698490Z PASS lib/rules/color-no-invalid-hex/__tests__/index.mjs
2026-01-29T13:04:07.7302380Z PASS lib/__tests__/getConfigForFile.test.mjs
2026-01-29T13:04:07.8274778Z PASS lib/rules/layer-name-pattern/__tests__/index.mjs
2026-01-29T13:04:07.9797692Z PASS lib/utils/__tests__/isStandardSyntaxColorFunction.test.mjs
2026-01-29T13:04:07.9844449Z PASS lib/rules/selector-attribute-name-disallowed-list/__tests__/index.mjs
2026-01-29T13:04:08.5734683Z PASS lib/rules/selector-attribute-operator-disallowed-list/__tests__/index.mjs
2026-01-29T13:04:08.6670150Z PASS lib/rules/custom-media-pattern/__tests__/index.mjs
2026-01-29T13:04:08.7546783Z PASS lib/__tests__/printConfig.test.mjs
2026-01-29T13:04:08.7804260Z PASS lib/utils/__tests__/configurationComment.test.mjs
2026-01-29T13:04:08.9984628Z PASS lib/rules/keyframe-block-no-duplicate-selectors/__tests__/index.mjs
2026-01-29T13:04:09.1674375Z PASS lib/utils/__tests__/isStandardSyntaxCombinator.test.mjs
2026-01-29T13:04:09.1765508Z PASS lib/__tests__/standalone-quiet-deprecation-warnings.test.mjs
2026-01-29T13:04:09.2104342Z PASS lib/rules/no-unknown-custom-media/__tests__/index.mjs
2026-01-29T13:04:09.2899765Z PASS lib/utils/__tests__/findAnimationName.test.mjs
2026-01-29T13:04:09.3045776Z PASS lib/utils/__tests__/isBlocklessAtRuleAfterSameNameBlocklessAtRule.test.mjs
2026-01-29T13:04:09.3918061Z PASS lib/utils/__tests__/beforeBlockString.test.mjs
2026-01-29T13:04:09.6779387Z PASS lib/__tests__/normalizeRuleSettings-integration.test.mjs
2026-01-29T13:04:09.7898002Z PASS lib/rules/at-rule-no-deprecated/__tests__/index.mjs
2026-01-29T13:04:09.9156337Z PASS lib/rules/selector-combinator-allowed-list/__tests__/index.mjs
2026-01-29T13:04:10.1758027Z PASS lib/rules/selector-combinator-disallowed-list/__tests__/index.mjs
2026-01-29T13:04:10.2463171Z PASS lib/rules/property-no-deprecated/__tests__/index.mjs
2026-01-29T13:04:10.2941248Z PASS lib/utils/__tests__/nodeContextLookup.test.mjs
2026-01-29T13:04:10.3941858Z PASS lib/rules/keyframe-declaration-no-important/__tests__/index.mjs
2026-01-29T13:04:10.5325833Z PASS lib/utils/__tests__/isStandardSyntaxKeyframesName.test.mjs
2026-01-29T13:04:10.6435614Z PASS lib/rules/declaration-property-max-values/__tests__/index.mjs
2026-01-29T13:04:10.7376613Z PASS lib/__tests__/ignoreDisables.test.mjs
2026-01-29T13:04:10.8734529Z PASS lib/utils/__tests__/isBlocklessAtRuleAfterBlocklessAtRule.test.mjs
2026-01-29T13:04:11.0399070Z PASS lib/rules/block-no-redundant-nested-style-rules/__tests__/index.mjs
2026-01-29T13:04:11.0631952Z PASS lib/rules/at-rule-property-required-list/__tests__/index.mjs
2026-01-29T13:04:11.1917235Z PASS lib/utils/__tests__/parseSelector.test.mjs
2026-01-29T13:04:11.3171556Z PASS lib/utils/__tests__/isDescriptorDeclaration.test.mjs
2026-01-29T13:04:11.4099270Z PASS lib/rules/declaration-block-single-line-max-declarations/__tests__/index.mjs
2026-01-29T13:04:11.4172120Z PASS lib/utils/__tests__/isAutoprefixable.test.mjs
2026-01-29T13:04:11.4773491Z PASS lib/rules/at-rule-prelude-no-invalid/__tests__/index.mjs
2026-01-29T13:04:11.5865397Z PASS lib/utils/__tests__/removeEmptyLinesBefore.test.mjs
2026-01-29T13:04:11.7785699Z PASS lib/utils/__tests__/optionsMatches.test.mjs
2026-01-29T13:04:12.0411511Z PASS lib/rules/color-hex-alpha/__tests__/index.mjs
2026-01-29T13:04:12.1599653Z PASS lib/utils/__tests__/hasBlock.test.mjs
2026-01-29T13:04:12.3177615Z PASS lib/rules/declaration-property-value-allowed-list/__tests__/index.mjs
2026-01-29T13:04:12.4477859Z PASS lib/rules/keyframes-name-pattern/__tests__/index.mjs
2026-01-29T13:04:12.5368319Z PASS lib/utils/__tests__/containsString.test.mjs
2026-01-29T13:04:12.5452113Z PASS lib/__tests__/standalone-quiet.test.mjs
2026-01-29T13:04:12.6517199Z PASS lib/utils/__tests__/isCustomElement.test.mjs
2026-01-29T13:04:12.7579680Z PASS lib/rules/no-unknown-custom-properties/__tests__/index.mjs
2026-01-29T13:04:12.7809553Z PASS lib/utils/__tests__/getPreviousNonSharedLineCommentNode.test.mjs
2026-01-29T13:04:12.8562306Z PASS lib/utils/__tests__/isStandardSyntaxValue.test.mjs
2026-01-29T13:04:12.9546160Z PASS lib/utils/__tests__/getNextNonSharedLineCommentNode.test.mjs
2026-01-29T13:04:12.9715336Z PASS lib/__tests__/getPostcssResult.test.mjs
2026-01-29T13:04:13.0403243Z PASS lib/rules/at-rule-no-vendor-prefix/__tests__/index.mjs
2026-01-29T13:04:13.2828021Z PASS lib/__tests__/reportUnknownRuleNames.test.mjs
2026-01-29T13:04:13.3495811Z PASS lib/__tests__/defaultSeverity.test.mjs
2026-01-29T13:04:13.3581648Z PASS lib/utils/__tests__/checkInvalidCLIOptions.test.mjs
2026-01-29T13:04:13.4619915Z PASS lib/utils/__tests__/isAfterSingleLineComment.test.mjs
2026-01-29T13:04:13.5496144Z PASS lib/rules/comment-pattern/__tests__/index.mjs
2026-01-29T13:04:13.6601175Z PASS lib/utils/__tests__/addEmptyLineBefore.test.mjs
2026-01-29T13:04:13.7651667Z PASS lib/utils/__tests__/blurInterpolation.test.mjs
2026-01-29T13:04:13.7979564Z PASS lib/rules/rule-nesting-at-rule-required-list/__tests__/index.mjs
2026-01-29T13:04:13.8829412Z PASS lib/utils/__tests__/isStandardSyntaxFunction.test.mjs
2026-01-29T13:04:13.9148215Z PASS lib/utils/__tests__/isContextFunctionalPseudoClass.test.mjs
2026-01-29T13:04:13.9336654Z PASS lib/__tests__/standalone-parseErrors.test.mjs
2026-01-29T13:04:14.0236362Z PASS lib/__tests__/isPathIgnored.test.mjs
2026-01-29T13:04:14.0541819Z PASS lib/utils/__tests__/validateObjectWithArrayProps.test.mjs
2026-01-29T13:04:14.0555746Z PASS lib/utils/__tests__/resolveSilent.test.mjs
2026-01-29T13:04:14.1242127Z PASS lib/utils/__tests__/hasEmptyLine.test.mjs
2026-01-29T13:04:14.1333417Z PASS lib/testUtils/__tests__/mergeTestDescriptions.test.mjs
2026-01-29T13:04:14.1611234Z PASS lib/utils/__tests__/isValidIdentifier.test.mjs
2026-01-29T13:04:14.2212789Z PASS lib/utils/__tests__/isKeyframeSelector.test.mjs
2026-01-29T13:04:14.2294476Z PASS lib/utils/__tests__/isStandardSyntaxProperty.test.mjs
2026-01-29T13:04:14.2904022Z PASS lib/utils/__tests__/getImportantPosition.test.mjs
2026-01-29T13:04:14.3201394Z PASS lib/utils/__tests__/isScssVariable.test.mjs
2026-01-29T13:04:14.4293466Z PASS lib/utils/__tests__/isAfterComment.test.mjs
2026-01-29T13:04:14.5902084Z PASS lib/utils/__tests__/isStandardSyntaxComment.test.mjs
2026-01-29T13:04:14.6879801Z PASS lib/__tests__/standalone-deprecations.test.mjs
2026-01-29T13:04:14.7591711Z PASS lib/rules/comment-no-empty/__tests__/index.mjs
2026-01-29T13:04:14.8434177Z PASS lib/utils/__tests__/hasInterpolation.test.mjs
2026-01-29T13:04:14.9443866Z PASS lib/utils/__tests__/isCounterIncrementCustomIdentValue.test.mjs
2026-01-29T13:04:15.0587291Z PASS lib/utils/__tests__/eachNodeUpToRoot.test.mjs
2026-01-29T13:04:15.0690964Z PASS lib/rules/annotation-no-unknown/__tests__/index.mjs
2026-01-29T13:04:15.1522202Z PASS lib/__tests__/standalone-maxWarnings.test.mjs
2026-01-29T13:04:15.1713249Z PASS lib/utils/__tests__/isCounterResetCustomIdentValue.test.mjs
2026-01-29T13:04:15.1903425Z PASS lib/formatters/__tests__/terminalLink.test.mjs
2026-01-29T13:04:15.2731640Z PASS lib/utils/__tests__/isUrlFunction.test.mjs
2026-01-29T13:04:15.2858505Z PASS lib/utils/__tests__/validateObjectWithProps.test.mjs
2026-01-29T13:04:15.2888344Z PASS lib/utils/__tests__/normalizeFilePath.test.mjs
2026-01-29T13:04:15.3819700Z PASS lib/__tests__/writeOutputFile.test.mjs
2026-01-29T13:04:15.3897262Z PASS lib/rules/named-grid-areas-no-invalid/utils/__tests__/findNotContiguousOrRectangular.test.mjs
2026-01-29T13:04:15.4235363Z PASS lib/utils/__tests__/blockString.test.mjs
2026-01-29T13:04:15.4627218Z PASS lib/utils/__tests__/isNonNegativeInteger.test.mjs
2026-01-29T13:04:15.5030072Z PASS lib/utils/__tests__/ruleMessages.test.mjs
2026-01-29T13:04:15.5609959Z PASS lib/utils/__tests__/findNodeUpToRoot.test.mjs
2026-01-29T13:04:15.6409267Z PASS lib/utils/__tests__/getSchemeFromUrl.test.mjs
2026-01-29T13:04:15.7521491Z PASS lib/utils/__tests__/arrayEqual.test.mjs
2026-01-29T13:04:15.8551270Z PASS lib/utils/__tests__/isValidHex.test.mjs
2026-01-29T13:04:15.9502157Z PASS system-tests/004/fs.test.mjs
2026-01-29T13:04:15.9581585Z PASS lib/rules/declaration-no-important/__tests__/index.mjs
2026-01-29T13:04:16.0511704Z PASS lib/utils/__tests__/getSelectorSourceIndex.test.mjs
2026-01-29T13:04:16.0762726Z PASS lib/utils/__tests__/isMathFunction.test.mjs
2026-01-29T13:04:16.1756467Z PASS lib/utils/__tests__/isVariable.test.mjs
2026-01-29T13:04:16.2773209Z PASS lib/formatters/__tests__/jsonFormatter.test.mjs
2026-01-29T13:04:16.3082902Z PASS system-tests/004/no-fs.test.mjs
2026-01-29T13:04:16.3943055Z PASS lib/utils/__tests__/isNumbery.test.mjs
2026-01-29T13:04:16.4741623Z PASS lib/utils/__tests__/findAtRuleContext.test.mjs
2026-01-29T13:04:16.6627090Z PASS lib/utils/__tests__/filterFilePaths.test.mjs
2026-01-29T13:04:16.8475882Z PASS lib/utils/__tests__/isCustomMediaQuery.test.mjs
2026-01-29T13:04:17.0541550Z PASS lib/__tests__/formatters.test.mjs
2026-01-29T13:04:17.1089748Z PASS lib/__tests__/standalone-glob-parent-test/folder/another-folder/standalone-glob-parent-wildcard.test.mjs
2026-01-29T13:04:17.1869759Z PASS lib/utils/__tests__/isCustomProperty.test.mjs
2026-01-29T13:04:17.2849951Z PASS lib/utils/__tests__/appendRuleName.test.mjs
2026-01-29T13:04:17.3809642Z PASS lib/utils/__tests__/toPath.test.mjs
2026-01-29T13:04:17.4029470Z PASS lib/__tests__/message.test.mjs
2026-01-29T13:04:17.5431537Z PASS lib/utils/__tests__/isHexColor.test.mjs
2026-01-29T13:04:17.5480938Z PASS lib/__tests__/standalone-glob-parent-test/folder/standalone-glob-parent.test.mjs
2026-01-29T13:04:17.6572403Z PASS lib/utils/__tests__/isValidFontSize.test.mjs
2026-01-29T13:04:17.7487110Z PASS lib/utils/__tests__/vendor.test.mjs
2026-01-29T13:04:17.8399036Z PASS lib/utils/__tests__/isCustomFunction.test.mjs
2026-01-29T13:04:17.9812218Z PASS system-tests/002/no-fs.test.mjs
2026-01-29T13:04:18.3336560Z PASS system-tests/002/fs.test.mjs
2026-01-29T13:04:18.4196003Z PASS lib/utils/__tests__/isSingleLineString.test.mjs
2026-01-29T13:04:18.7907630Z PASS system-tests/003/no-fs.test.mjs
2026-01-29T13:04:18.8734990Z PASS system-tests/003/fs.test.mjs
2026-01-29T13:04:18.9564495Z PASS lib/utils/__tests__/isCustomSelector.test.mjs
2026-01-29T13:04:19.1615736Z PASS system-tests/001/no-fs.test.mjs
2026-01-29T13:04:19.2742340Z PASS lib/utils/__tests__/isFirstNodeOfRoot.test.mjs
2026-01-29T13:04:19.3606839Z PASS lib/utils/__tests__/getFormatterOptionsText.test.mjs
2026-01-29T13:04:19.3860109Z PASS lib/__tests__/standalone-custom-url.test.mjs
2026-01-29T13:04:19.4625271Z PASS lib/utils/__tests__/isOnlyWhitespace.test.mjs
2026-01-29T13:04:19.4752760Z PASS lib/utils/__tests__/isStandardSyntaxHexColor.test.mjs
2026-01-29T13:04:19.5606984Z PASS lib/utils/__tests__/pluralize.test.mjs
2026-01-29T13:04:19.5673430Z PASS lib/reference/__tests__/atKeywords.test.mjs
2026-01-29T13:04:19.6711823Z PASS system-tests/001/fs.test.mjs
2026-01-29T13:04:19.8903574Z 
2026-01-29T13:04:19.8906452Z Test Suites: 310 passed, 310 total
2026-01-29T13:04:19.8907160Z Tests:       14 skipped, 10327 passed, 10341 total
2026-01-29T13:04:19.8907748Z Snapshots:   13 passed, 13 total
2026-01-29T13:04:19.8908218Z Time:        46.086 s
2026-01-29T13:04:19.8908590Z Ran all test suites.
2026-01-29T13:04:20.0560925Z 
2026-01-29T13:04:20.0561335Z > stylelint@17.0.0 test-node
2026-01-29T13:04:20.0562601Z > node --test lib/__tests__/require.test.cjs system-tests/005/commonjs.test.cjs system-tests/006/yarn-pnp.test.js
2026-01-29T13:04:20.0563170Z 
2026-01-29T13:04:20.0983108Z TAP version 13
2026-01-29T13:04:20.4311342Z # Subtest: require(ESM) in CommonJS plugin
2026-01-29T13:04:20.4312089Z ok 1 - require(ESM) in CommonJS plugin
2026-01-29T13:04:20.4312567Z   ---
2026-01-29T13:04:20.4312941Z   duration_ms: 46.149282
2026-01-29T13:04:20.4313340Z   ...
2026-01-29T13:04:20.7029652Z # Subtest: CommonJS API and config
2026-01-29T13:04:20.7031765Z ok 2 - CommonJS API and config
2026-01-29T13:04:20.7032217Z   ---
2026-01-29T13:04:20.7032563Z   duration_ms: 333.843961
2026-01-29T13:04:20.7032949Z   ...
2026-01-29T13:04:20.7181337Z # Subtest: Yarn PnP integration
2026-01-29T13:04:20.7184675Z ok 3 - Yarn PnP integration # SKIP
2026-01-29T13:04:20.7185311Z   ---
2026-01-29T13:04:20.7185681Z   duration_ms: 2.384612
2026-01-29T13:04:20.7186091Z   type: 'suite'
2026-01-29T13:04:20.7186427Z   ...
2026-01-29T13:04:20.7186775Z 1..3
2026-01-29T13:04:20.7187089Z # tests 2
2026-01-29T13:04:20.7187593Z # suites 1
2026-01-29T13:04:20.7188025Z # pass 2
2026-01-29T13:04:20.7189836Z # fail 0
2026-01-29T13:04:20.7191495Z # cancelled 0
2026-01-29T13:04:20.7192048Z # skipped 0
2026-01-29T13:04:20.7193748Z # todo 0
2026-01-29T13:04:20.7197974Z # duration_ms 634.979838
2026-01-29T13:04:20.7457609Z Post job cleanup.
2026-01-29T13:04:20.8652831Z (node:2462) [DEP0040] DeprecationWarning: The `punycode` module is deprecated. Please use a userland alternative instead.
2026-01-29T13:04:20.8653687Z (Use `node --trace-deprecation ...` to show where the warning was created)
2026-01-29T13:04:20.8657090Z Cache hit occurred on the primary key node-cache-Linux-x64-npm-4fe5a47b4257bb2c673d546fec2260e9250f3536d2f122ab46e2503ed9fc7e46, not saving cache.
2026-01-29T13:04:20.8767698Z Post job cleanup.
2026-01-29T13:04:20.9526733Z [command]/usr/bin/git version
2026-01-29T13:04:20.9562523Z git version 2.52.0
2026-01-29T13:04:20.9598011Z Temporarily overriding HOME='/home/runner/work/_temp/14621610-aee2-4a0e-81b1-858efcf14f2b' before making global git config changes
2026-01-29T13:04:20.9599863Z Adding repository directory to the temporary git global config as a safe directory
2026-01-29T13:04:20.9603099Z [command]/usr/bin/git config --global --add safe.directory /home/runner/work/stylelint/stylelint
2026-01-29T13:04:20.9632598Z Removing SSH command configuration
2026-01-29T13:04:20.9638763Z [command]/usr/bin/git config --local --name-only --get-regexp core\.sshCommand
2026-01-29T13:04:20.9673136Z [command]/usr/bin/git submodule foreach --recursive sh -c "git config --local --name-only --get-regexp 'core\.sshCommand' && git config --local --unset-all 'core.sshCommand' || :"
2026-01-29T13:04:20.9897718Z Removing HTTP extra header
2026-01-29T13:04:20.9903045Z [command]/usr/bin/git config --local --name-only --get-regexp http\.https\:\/\/github\.com\/\.extraheader
2026-01-29T13:04:20.9933109Z [command]/usr/bin/git submodule foreach --recursive sh -c "git config --local --name-only --get-regexp 'http\.https\:\/\/github\.com\/\.extraheader' && git config --local --unset-all 'http.https://github.com/.extraheader' || :"
2026-01-29T13:04:21.0146791Z Removing includeIf entries pointing to credentials config files
2026-01-29T13:04:21.0152323Z [command]/usr/bin/git config --local --name-only --get-regexp ^includeIf\.gitdir:
2026-01-29T13:04:21.0173574Z includeif.gitdir:/home/runner/work/stylelint/stylelint/.git.path
2026-01-29T13:04:21.0174596Z includeif.gitdir:/home/runner/work/stylelint/stylelint/.git/worktrees/*.path
2026-01-29T13:04:21.0175111Z includeif.gitdir:/github/workspace/.git.path
2026-01-29T13:04:21.0175801Z includeif.gitdir:/github/workspace/.git/worktrees/*.path
2026-01-29T13:04:21.0183292Z [command]/usr/bin/git config --local --get-all includeif.gitdir:/home/runner/work/stylelint/stylelint/.git.path
2026-01-29T13:04:21.0205045Z /home/runner/work/_temp/git-credentials-8b90db7b-fc1b-4b08-a9ba-e77117c16c37.config
2026-01-29T13:04:21.0215731Z [command]/usr/bin/git config --local --unset includeif.gitdir:/home/runner/work/stylelint/stylelint/.git.path /home/runner/work/_temp/git-credentials-8b90db7b-fc1b-4b08-a9ba-e77117c16c37.config
2026-01-29T13:04:21.0247543Z [command]/usr/bin/git config --local --get-all includeif.gitdir:/home/runner/work/stylelint/stylelint/.git/worktrees/*.path
2026-01-29T13:04:21.0268773Z /home/runner/work/_temp/git-credentials-8b90db7b-fc1b-4b08-a9ba-e77117c16c37.config
2026-01-29T13:04:21.0277704Z [command]/usr/bin/git config --local --unset includeif.gitdir:/home/runner/work/stylelint/stylelint/.git/worktrees/*.path /home/runner/work/_temp/git-credentials-8b90db7b-fc1b-4b08-a9ba-e77117c16c37.config
2026-01-29T13:04:21.0306949Z [command]/usr/bin/git config --local --get-all includeif.gitdir:/github/workspace/.git.path
2026-01-29T13:04:21.0326795Z /github/runner_temp/git-credentials-8b90db7b-fc1b-4b08-a9ba-e77117c16c37.config
2026-01-29T13:04:21.0334912Z [command]/usr/bin/git config --local --unset includeif.gitdir:/github/workspace/.git.path /github/runner_temp/git-credentials-8b90db7b-fc1b-4b08-a9ba-e77117c16c37.config
2026-01-29T13:04:21.0364460Z [command]/usr/bin/git config --local --get-all includeif.gitdir:/github/workspace/.git/worktrees/*.path
2026-01-29T13:04:21.0383636Z /github/runner_temp/git-credentials-8b90db7b-fc1b-4b08-a9ba-e77117c16c37.config
2026-01-29T13:04:21.0392999Z [command]/usr/bin/git config --local --unset includeif.gitdir:/github/workspace/.git/worktrees/*.path /github/runner_temp/git-credentials-8b90db7b-fc1b-4b08-a9ba-e77117c16c37.config
2026-01-29T13:04:21.0424528Z [command]/usr/bin/git submodule foreach --recursive git config --local --show-origin --name-only --get-regexp remote.origin.url
2026-01-29T13:04:21.0641531Z Removing credentials config '/home/runner/work/_temp/git-credentials-8b90db7b-fc1b-4b08-a9ba-e77117c16c37.config'
2026-01-29T13:04:21.0754988Z Cleaning up orphan processes
