2026-03-17T19:20:48.0324816Z Current runner version: '2.332.0'
2026-03-17T19:20:48.0361050Z ##[group]Runner Image Provisioner
2026-03-17T19:20:48.0362677Z Hosted Compute Agent
2026-03-17T19:20:48.0363558Z Version: 20260213.493
2026-03-17T19:20:48.0364726Z Commit: 5c115507f6dd24b8de37d8bbe0bb4509d0cc0fa3
2026-03-17T19:20:48.0366021Z Build Date: 2026-02-13T00:28:41Z
2026-03-17T19:20:48.0367235Z Worker ID: {d1646691-9e09-4da2-b3e1-7c5e3f1f49b7}
2026-03-17T19:20:48.0368535Z Azure Region: eastus
2026-03-17T19:20:48.0369522Z ##[endgroup]
2026-03-17T19:20:48.0372024Z ##[group]Operating System
2026-03-17T19:20:48.0373212Z Ubuntu
2026-03-17T19:20:48.0374061Z 24.04.3
2026-03-17T19:20:48.0374955Z LTS
2026-03-17T19:20:48.0375868Z ##[endgroup]
2026-03-17T19:20:48.0376669Z ##[group]Runner Image
2026-03-17T19:20:48.0377601Z Image: ubuntu-24.04
2026-03-17T19:20:48.0378592Z Version: 20260309.50.1
2026-03-17T19:20:48.0380770Z Included Software: https://github.com/actions/runner-images/blob/ubuntu24/20260309.50/images/ubuntu/Ubuntu2404-Readme.md
2026-03-17T19:20:48.0383860Z Image Release: https://github.com/actions/runner-images/releases/tag/ubuntu24%2F20260309.50
2026-03-17T19:20:48.0385559Z ##[endgroup]
2026-03-17T19:20:48.0390369Z ##[group]GITHUB_TOKEN Permissions
2026-03-17T19:20:48.0393484Z Actions: write
2026-03-17T19:20:48.0395062Z ArtifactMetadata: write
2026-03-17T19:20:48.0396116Z Attestations: write
2026-03-17T19:20:48.0396995Z Checks: write
2026-03-17T19:20:48.0398050Z Contents: write
2026-03-17T19:20:48.0398917Z Deployments: write
2026-03-17T19:20:48.0399863Z Discussions: write
2026-03-17T19:20:48.0400832Z Issues: write
2026-03-17T19:20:48.0402046Z Metadata: read
2026-03-17T19:20:48.0402868Z Models: read
2026-03-17T19:20:48.0403777Z Packages: write
2026-03-17T19:20:48.0404649Z Pages: write
2026-03-17T19:20:48.0405611Z PullRequests: write
2026-03-17T19:20:48.0406768Z RepositoryProjects: write
2026-03-17T19:20:48.0407816Z SecurityEvents: write
2026-03-17T19:20:48.0408762Z Statuses: write
2026-03-17T19:20:48.0409812Z ##[endgroup]
2026-03-17T19:20:48.0413145Z Secret source: Actions
2026-03-17T19:20:48.0414844Z Prepare workflow directory
2026-03-17T19:20:48.1024511Z Prepare all required actions
2026-03-17T19:20:48.1082904Z Getting action download info
2026-03-17T19:20:48.3938015Z Download action repository 'actions/checkout@v4' (SHA:34e114876b0b11c390a56381ad16ebd13914f8d5)
2026-03-17T19:20:48.5353768Z Download action repository 'taiki-e/install-action@nextest' (SHA:7cb3ba7bc31801346db00d4a6d7008aabab5e986)
2026-03-17T19:20:48.7727354Z Download action repository 'taiki-e/install-action@cargo-machete' (SHA:d15455986b11a8b0fbd72c1ff265351789686974)
2026-03-17T19:20:49.2098854Z Complete job name: Rust (ubuntu-latest)
2026-03-17T19:20:49.2893441Z ##[group]Run actions/checkout@v4
2026-03-17T19:20:49.2894410Z with:
2026-03-17T19:20:49.2894924Z   repository: rust-lang/rust-analyzer
2026-03-17T19:20:49.2895735Z   token: ***
2026-03-17T19:20:49.2896197Z   ssh-strict: true
2026-03-17T19:20:49.2896671Z   ssh-user: git
2026-03-17T19:20:49.2897163Z   persist-credentials: true
2026-03-17T19:20:49.2897735Z   clean: true
2026-03-17T19:20:49.2898205Z   sparse-checkout-cone-mode: true
2026-03-17T19:20:49.2898778Z   fetch-depth: 1
2026-03-17T19:20:49.2899236Z   fetch-tags: false
2026-03-17T19:20:49.2899712Z   show-progress: true
2026-03-17T19:20:49.2900284Z   lfs: false
2026-03-17T19:20:49.2900732Z   submodules: false
2026-03-17T19:20:49.2901390Z   set-safe-directory: true
2026-03-17T19:20:49.2902254Z env:
2026-03-17T19:20:49.2902767Z   CARGO_INCREMENTAL: 0
2026-03-17T19:20:49.2903263Z   CARGO_NET_RETRY: 10
2026-03-17T19:20:49.2903740Z   CI: 1
2026-03-17T19:20:49.2904169Z   RUST_BACKTRACE: short
2026-03-17T19:20:49.2904766Z   RUSTUP_MAX_RETRIES: 10
2026-03-17T19:20:49.2905517Z   RUSTFLAGS: -D warnings -W unreachable-pub --cfg no_salsa_async_drops
2026-03-17T19:20:49.2906337Z   CC: deny_c
2026-03-17T19:20:49.2906783Z ##[endgroup]
2026-03-17T19:20:49.4059899Z Syncing repository: rust-lang/rust-analyzer
2026-03-17T19:20:49.4062288Z ##[group]Getting Git version info
2026-03-17T19:20:49.4063688Z Working directory is '/home/runner/work/rust-analyzer/rust-analyzer'
2026-03-17T19:20:49.4065109Z [command]/usr/bin/git version
2026-03-17T19:20:49.4118140Z git version 2.53.0
2026-03-17T19:20:49.4144919Z ##[endgroup]
2026-03-17T19:20:49.4168870Z Temporarily overriding HOME='/home/runner/work/_temp/640ef376-8a60-4196-b0ce-a7581e5f153f' before making global git config changes
2026-03-17T19:20:49.4173089Z Adding repository directory to the temporary git global config as a safe directory
2026-03-17T19:20:49.4176803Z [command]/usr/bin/git config --global --add safe.directory /home/runner/work/rust-analyzer/rust-analyzer
2026-03-17T19:20:49.4215502Z Deleting the contents of '/home/runner/work/rust-analyzer/rust-analyzer'
2026-03-17T19:20:49.4219226Z ##[group]Initializing the repository
2026-03-17T19:20:49.4223712Z [command]/usr/bin/git init /home/runner/work/rust-analyzer/rust-analyzer
2026-03-17T19:20:49.4327247Z hint: Using 'master' as the name for the initial branch. This default branch name
2026-03-17T19:20:49.4329292Z hint: will change to "main" in Git 3.0. To configure the initial branch name
2026-03-17T19:20:49.4331921Z hint: to use in all of your new repositories, which will suppress this warning,
2026-03-17T19:20:49.4334265Z hint: call:
2026-03-17T19:20:49.4335399Z hint:
2026-03-17T19:20:49.4336656Z hint: 	git config --global init.defaultBranch <name>
2026-03-17T19:20:49.4338173Z hint:
2026-03-17T19:20:49.4339234Z hint: Names commonly chosen instead of 'master' are 'main', 'trunk' and
2026-03-17T19:20:49.4340951Z hint: 'development'. The just-created branch can be renamed via this command:
2026-03-17T19:20:49.4342647Z hint:
2026-03-17T19:20:49.4343190Z hint: 	git branch -m <name>
2026-03-17T19:20:49.4343886Z hint:
2026-03-17T19:20:49.4344955Z hint: Disable this message with "git config set advice.defaultBranchName false"
2026-03-17T19:20:49.4346366Z Initialized empty Git repository in /home/runner/work/rust-analyzer/rust-analyzer/.git/
2026-03-17T19:20:49.4348546Z [command]/usr/bin/git remote add origin https://github.com/rust-lang/rust-analyzer
2026-03-17T19:20:49.4382326Z ##[endgroup]
2026-03-17T19:20:49.4383357Z ##[group]Disabling automatic garbage collection
2026-03-17T19:20:49.4386425Z [command]/usr/bin/git config --local gc.auto 0
2026-03-17T19:20:49.4416523Z ##[endgroup]
2026-03-17T19:20:49.4417408Z ##[group]Setting up auth
2026-03-17T19:20:49.4424142Z [command]/usr/bin/git config --local --name-only --get-regexp core\.sshCommand
2026-03-17T19:20:49.4456473Z [command]/usr/bin/git submodule foreach --recursive sh -c "git config --local --name-only --get-regexp 'core\.sshCommand' && git config --local --unset-all 'core.sshCommand' || :"
2026-03-17T19:20:49.4830349Z [command]/usr/bin/git config --local --name-only --get-regexp http\.https\:\/\/github\.com\/\.extraheader
2026-03-17T19:20:49.4865035Z [command]/usr/bin/git submodule foreach --recursive sh -c "git config --local --name-only --get-regexp 'http\.https\:\/\/github\.com\/\.extraheader' && git config --local --unset-all 'http.https://github.com/.extraheader' || :"
2026-03-17T19:20:49.5120292Z [command]/usr/bin/git config --local --name-only --get-regexp ^includeIf\.gitdir:
2026-03-17T19:20:49.5166257Z [command]/usr/bin/git submodule foreach --recursive git config --local --show-origin --name-only --get-regexp remote.origin.url
2026-03-17T19:20:49.5426427Z [command]/usr/bin/git config --local http.https://github.com/.extraheader AUTHORIZATION: basic ***
2026-03-17T19:20:49.5466851Z ##[endgroup]
2026-03-17T19:20:49.5468592Z ##[group]Fetching the repository
2026-03-17T19:20:49.5479132Z [command]/usr/bin/git -c protocol.version=2 fetch --no-tags --prune --no-recurse-submodules --depth=1 origin +4eac290b58a70961e78f2e0c04f61a08b995b2cb:refs/remotes/origin/gh-readonly-queue/master/pr-21796-2993637174252ff60a582fd1f55b9ab52c39db6d
2026-03-17T19:20:50.9724440Z From https://github.com/rust-lang/rust-analyzer
2026-03-17T19:20:50.9728417Z  * [new ref]         4eac290b58a70961e78f2e0c04f61a08b995b2cb -> origin/gh-readonly-queue/master/pr-21796-2993637174252ff60a582fd1f55b9ab52c39db6d
2026-03-17T19:20:50.9763813Z ##[endgroup]
2026-03-17T19:20:50.9764655Z ##[group]Determining the checkout info
2026-03-17T19:20:50.9766839Z ##[endgroup]
2026-03-17T19:20:50.9773794Z [command]/usr/bin/git sparse-checkout disable
2026-03-17T19:20:50.9821459Z [command]/usr/bin/git config --local --unset-all extensions.worktreeConfig
2026-03-17T19:20:50.9858702Z ##[group]Checking out the ref
2026-03-17T19:20:50.9863058Z [command]/usr/bin/git checkout --progress --force -B gh-readonly-queue/master/pr-21796-2993637174252ff60a582fd1f55b9ab52c39db6d refs/remotes/origin/gh-readonly-queue/master/pr-21796-2993637174252ff60a582fd1f55b9ab52c39db6d
2026-03-17T19:20:51.1474948Z Switched to a new branch 'gh-readonly-queue/master/pr-21796-2993637174252ff60a582fd1f55b9ab52c39db6d'
2026-03-17T19:20:51.1477677Z branch 'gh-readonly-queue/master/pr-21796-2993637174252ff60a582fd1f55b9ab52c39db6d' set up to track 'origin/gh-readonly-queue/master/pr-21796-2993637174252ff60a582fd1f55b9ab52c39db6d'.
2026-03-17T19:20:51.1488206Z ##[endgroup]
2026-03-17T19:20:51.1535207Z [command]/usr/bin/git log -1 --format=%H
2026-03-17T19:20:51.1561519Z 4eac290b58a70961e78f2e0c04f61a08b995b2cb
2026-03-17T19:20:51.1764478Z ##[group]Run rustup update --no-self-update stable
2026-03-17T19:20:51.1765243Z [36;1mrustup update --no-self-update stable[0m
2026-03-17T19:20:51.1765746Z [36;1mrustup default stable[0m
2026-03-17T19:20:51.1766277Z [36;1mrustup component add --toolchain stable rust-src rustfmt[0m
2026-03-17T19:20:51.1767004Z [36;1m# We also install a nightly rustfmt, because we use `--file-lines` in[0m
2026-03-17T19:20:51.1767624Z [36;1m# a test.[0m
2026-03-17T19:20:51.1768155Z [36;1mrustup toolchain install nightly --profile minimal --component rustfmt[0m
2026-03-17T19:20:51.1830041Z shell: /usr/bin/bash --noprofile --norc -e -o pipefail {0}
2026-03-17T19:20:51.1830690Z env:
2026-03-17T19:20:51.1831067Z   CARGO_INCREMENTAL: 0
2026-03-17T19:20:51.1831842Z   CARGO_NET_RETRY: 10
2026-03-17T19:20:51.1832236Z   CI: 1
2026-03-17T19:20:51.1832621Z   RUST_BACKTRACE: short
2026-03-17T19:20:51.1833056Z   RUSTUP_MAX_RETRIES: 10
2026-03-17T19:20:51.1833738Z   RUSTFLAGS: -D warnings -W unreachable-pub --cfg no_salsa_async_drops
2026-03-17T19:20:51.1834445Z   CC: deny_c
2026-03-17T19:20:51.1834846Z ##[endgroup]
2026-03-17T19:20:55.1950031Z info: syncing channel updates for 'stable-x86_64-unknown-linux-gnu'
2026-03-17T19:20:55.4019867Z 
2026-03-17T19:20:55.4129933Z   stable-x86_64-unknown-linux-gnu unchanged - rustc 1.94.0 (4a4ef493e 2026-03-02)
2026-03-17T19:20:55.4131452Z 
2026-03-17T19:20:55.4219670Z info: using existing install for 'stable-x86_64-unknown-linux-gnu'
2026-03-17T19:20:55.4531412Z info: default toolchain set to 'stable-x86_64-unknown-linux-gnu'
2026-03-17T19:20:55.4531884Z 
2026-03-17T19:20:55.4641916Z   stable-x86_64-unknown-linux-gnu unchanged - rustc 1.94.0 (4a4ef493e 2026-03-02)
2026-03-17T19:20:55.4643046Z 
2026-03-17T19:20:55.5899869Z info: downloading component 'rust-src'
2026-03-17T19:20:55.6349534Z info: installing component 'rust-src'
2026-03-17T19:20:56.2298150Z info: component 'rustfmt' for target 'x86_64-unknown-linux-gnu' is up to date
2026-03-17T19:20:56.2415646Z info: syncing channel updates for 'nightly-x86_64-unknown-linux-gnu'
2026-03-17T19:20:56.2959703Z info: latest update on 2026-03-17, rust version 1.96.0-nightly (3645249d7 2026-03-16)
2026-03-17T19:20:56.2962510Z info: downloading component 'cargo'
2026-03-17T19:20:56.4007779Z info: downloading component 'rust-std'
2026-03-17T19:20:56.5310658Z info: downloading component 'rustc'
2026-03-17T19:20:56.9754001Z info: downloading component 'rustfmt'
2026-03-17T19:20:56.9942009Z info: installing component 'cargo'
2026-03-17T19:20:57.7180704Z info: installing component 'rust-std'
2026-03-17T19:20:59.6513132Z info: installing component 'rustc'
2026-03-17T19:21:04.4488138Z info: installing component 'rustfmt'
2026-03-17T19:21:04.7384070Z 
2026-03-17T19:21:04.7504217Z   nightly-x86_64-unknown-linux-gnu installed - rustc 1.96.0-nightly (3645249d7 2026-03-16)
2026-03-17T19:21:04.7505524Z 
2026-03-17T19:21:04.7653541Z ##[group]Run taiki-e/install-action@nextest
2026-03-17T19:21:04.7653892Z with:
2026-03-17T19:21:04.7654100Z   tool: nextest
2026-03-17T19:21:04.7654332Z   checksum: true
2026-03-17T19:21:04.7654563Z   fallback: cargo-binstall
2026-03-17T19:21:04.7654822Z env:
2026-03-17T19:21:04.7655023Z   CARGO_INCREMENTAL: 0
2026-03-17T19:21:04.7655275Z   CARGO_NET_RETRY: 10
2026-03-17T19:21:04.7655499Z   CI: 1
2026-03-17T19:21:04.7655722Z   RUST_BACKTRACE: short
2026-03-17T19:21:04.7655976Z   RUSTUP_MAX_RETRIES: 10
2026-03-17T19:21:04.7656375Z   RUSTFLAGS: -D warnings -W unreachable-pub --cfg no_salsa_async_drops
2026-03-17T19:21:04.7656813Z   CC: deny_c
2026-03-17T19:21:04.7657026Z ##[endgroup]
2026-03-17T19:21:04.7810802Z ##[group]Run set -eu
2026-03-17T19:21:04.7811077Z [36;1mset -eu[0m
2026-03-17T19:21:04.7811502Z [36;1mif ! command -v bash >/dev/null; then[0m
2026-03-17T19:21:04.7811890Z [36;1m  if grep -Eq '^ID=alpine' /etc/os-release; then[0m
2026-03-17T19:21:04.7812444Z [36;1m    printf '::group::Install packages required for install-action (bash)\n'[0m
2026-03-17T19:21:04.7812943Z [36;1m    # NB: sync with apk_install in main.sh[0m
2026-03-17T19:21:04.7813296Z [36;1m    if command -v sudo >/dev/null; then[0m
2026-03-17T19:21:04.7813630Z [36;1m      sudo apk --no-cache add bash[0m
2026-03-17T19:21:04.7813968Z [36;1m    elif command -v doas >/dev/null; then[0m
2026-03-17T19:21:04.7814313Z [36;1m      doas apk --no-cache add bash[0m
2026-03-17T19:21:04.7814602Z [36;1m    else[0m
2026-03-17T19:21:04.7814830Z [36;1m      apk --no-cache add bash[0m
2026-03-17T19:21:04.7815099Z [36;1m    fi[0m
2026-03-17T19:21:04.7815319Z [36;1m    printf '::endgroup::\n'[0m
2026-03-17T19:21:04.7815584Z [36;1m  else[0m
2026-03-17T19:21:04.7815866Z [36;1m    printf '::error::install-action requires bash\n'[0m
2026-03-17T19:21:04.7816213Z [36;1m    exit 1[0m
2026-03-17T19:21:04.7816425Z [36;1m  fi[0m
2026-03-17T19:21:04.7816620Z [36;1mfi[0m
2026-03-17T19:21:04.7860264Z shell: /usr/bin/sh -e {0}
2026-03-17T19:21:04.7860536Z env:
2026-03-17T19:21:04.7860742Z   CARGO_INCREMENTAL: 0
2026-03-17T19:21:04.7860999Z   CARGO_NET_RETRY: 10
2026-03-17T19:21:04.7861333Z   CI: 1
2026-03-17T19:21:04.7861545Z   RUST_BACKTRACE: short
2026-03-17T19:21:04.7861799Z   RUSTUP_MAX_RETRIES: 10
2026-03-17T19:21:04.7862194Z   RUSTFLAGS: -D warnings -W unreachable-pub --cfg no_salsa_async_drops
2026-03-17T19:21:04.7862642Z   CC: deny_c
2026-03-17T19:21:04.7862847Z ##[endgroup]
2026-03-17T19:21:04.7965886Z ##[group]Run bash --noprofile --norc "${GITHUB_ACTION_PATH:?}/main.sh"
2026-03-17T19:21:04.7966376Z [36;1mbash --noprofile --norc "${GITHUB_ACTION_PATH:?}/main.sh"[0m
2026-03-17T19:21:04.8010721Z shell: /usr/bin/bash --noprofile --norc -e -o pipefail {0}
2026-03-17T19:21:04.8011084Z env:
2026-03-17T19:21:04.8011509Z   CARGO_INCREMENTAL: 0
2026-03-17T19:21:04.8011756Z   CARGO_NET_RETRY: 10
2026-03-17T19:21:04.8011988Z   CI: 1
2026-03-17T19:21:04.8012192Z   RUST_BACKTRACE: short
2026-03-17T19:21:04.8012468Z   RUSTUP_MAX_RETRIES: 10
2026-03-17T19:21:04.8012865Z   RUSTFLAGS: -D warnings -W unreachable-pub --cfg no_salsa_async_drops
2026-03-17T19:21:04.8013309Z   CC: deny_c
2026-03-17T19:21:04.8013522Z   INPUT_TOOL: nextest
2026-03-17T19:21:04.8013758Z   INPUT_CHECKSUM: true
2026-03-17T19:21:04.8014022Z   INPUT_FALLBACK: cargo-binstall
2026-03-17T19:21:04.8014691Z   DEFAULT_GITHUB_TOKEN: ***
2026-03-17T19:21:04.8015032Z   ACTION_USER_AGENT: taiki-e/install-action (nextest)
2026-03-17T19:21:04.8015387Z ##[endgroup]
2026-03-17T19:21:04.8275298Z info: host platform: x86_64_linux
2026-03-17T19:21:04.8680720Z * Host crates.io:443 was resolved.
2026-03-17T19:21:04.8689102Z * IPv6: 2a04:4e42:200::649, 2a04:4e42:400::649, 2a04:4e42:600::649, 2a04:4e42::649
2026-03-17T19:21:04.8690011Z * IPv4: 13.226.238.10, 13.226.238.85, 13.226.238.81, 13.226.238.90
2026-03-17T19:21:04.8690694Z *   Trying 13.226.238.10:443...
2026-03-17T19:21:04.8699928Z * Connected to crates.io (13.226.238.10) port 443
2026-03-17T19:21:04.8717250Z * ALPN: curl offers h2,http/1.1
2026-03-17T19:21:04.8718805Z } [5 bytes data]
2026-03-17T19:21:04.8719234Z * TLSv1.3 (OUT), TLS handshake, Client hello (1):
2026-03-17T19:21:04.8719822Z } [512 bytes data]
2026-03-17T19:21:04.8941636Z *  CAfile: /etc/ssl/certs/ca-certificates.crt
2026-03-17T19:21:04.8942219Z *  CApath: /etc/ssl/certs
2026-03-17T19:21:04.8942621Z { [5 bytes data]
2026-03-17T19:21:04.8943063Z * TLSv1.3 (IN), TLS handshake, Server hello (2):
2026-03-17T19:21:04.8943595Z { [122 bytes data]
2026-03-17T19:21:04.8944659Z * TLSv1.3 (IN), TLS handshake, Encrypted Extensions (8):
2026-03-17T19:21:04.8945242Z { [19 bytes data]
2026-03-17T19:21:04.8945719Z * TLSv1.3 (IN), TLS handshake, Certificate (11):
2026-03-17T19:21:04.8946291Z { [3903 bytes data]
2026-03-17T19:21:04.8953812Z * TLSv1.3 (IN), TLS handshake, CERT verify (15):
2026-03-17T19:21:04.8954434Z { [264 bytes data]
2026-03-17T19:21:04.8954842Z * TLSv1.3 (IN), TLS handshake, Finished (20):
2026-03-17T19:21:04.8955353Z { [36 bytes data]
2026-03-17T19:21:04.8955838Z * TLSv1.3 (OUT), TLS change cipher, Change cipher spec (1):
2026-03-17T19:21:04.8956408Z } [1 bytes data]
2026-03-17T19:21:04.8956811Z * TLSv1.3 (OUT), TLS handshake, Finished (20):
2026-03-17T19:21:04.8957269Z } [36 bytes data]
2026-03-17T19:21:04.8957795Z * SSL connection using TLSv1.3 / TLS_AES_128_GCM_SHA256 / X25519 / RSASSA-PSS
2026-03-17T19:21:04.8958460Z * ALPN: server accepted h2
2026-03-17T19:21:04.8958857Z * Server certificate:
2026-03-17T19:21:04.8959239Z *  subject: CN=crates.io
2026-03-17T19:21:04.8959577Z *  start date: Jan 16 00:00:00 2026 GMT
2026-03-17T19:21:04.8959870Z *  expire date: Feb 14 23:59:59 2027 GMT
2026-03-17T19:21:04.8960231Z *  subjectAltName: host "crates.io" matched cert's "crates.io"
2026-03-17T19:21:04.8960651Z *  issuer: C=US; O=Amazon; CN=Amazon RSA 2048 M04
2026-03-17T19:21:04.8960963Z *  SSL certificate verify ok.
2026-03-17T19:21:04.8961715Z *   Certificate level 0: Public key type RSA (2048/112 Bits/secBits), signed using sha256WithRSAEncryption
2026-03-17T19:21:04.8962514Z *   Certificate level 1: Public key type RSA (2048/112 Bits/secBits), signed using sha256WithRSAEncryption
2026-03-17T19:21:04.8963247Z *   Certificate level 2: Public key type RSA (2048/112 Bits/secBits), signed using sha256WithRSAEncryption
2026-03-17T19:21:04.8963770Z } [5 bytes data]
2026-03-17T19:21:04.8963972Z * using HTTP/2
2026-03-17T19:21:04.8964324Z * [HTTP/2] [1] OPENED stream for https://crates.io/api/v1/crates/cargo-nextest
2026-03-17T19:21:04.8964716Z * [HTTP/2] [1] [:method: GET]
2026-03-17T19:21:04.8964958Z * [HTTP/2] [1] [:scheme: https]
2026-03-17T19:21:04.8965201Z * [HTTP/2] [1] [:authority: crates.io]
2026-03-17T19:21:04.8965503Z * [HTTP/2] [1] [:path: /api/v1/crates/cargo-nextest]
2026-03-17T19:21:04.8965872Z * [HTTP/2] [1] [user-agent: taiki-e/install-action (nextest)]
2026-03-17T19:21:04.8966199Z * [HTTP/2] [1] [accept: */*]
2026-03-17T19:21:04.8966426Z } [5 bytes data]
2026-03-17T19:21:04.8966635Z > GET /api/v1/crates/cargo-nextest HTTP/2
2026-03-17T19:21:04.8966923Z > Host: crates.io
2026-03-17T19:21:04.8967147Z > User-Agent: taiki-e/install-action (nextest)
2026-03-17T19:21:04.8967438Z > Accept: */*
2026-03-17T19:21:04.8967618Z > 
2026-03-17T19:21:04.8973529Z { [5 bytes data]
2026-03-17T19:21:04.8973997Z * TLSv1.3 (IN), TLS handshake, Newsession Ticket (4):
2026-03-17T19:21:04.8974352Z { [157 bytes data]
2026-03-17T19:21:04.9304135Z < HTTP/2 200 
2026-03-17T19:21:04.9304998Z < content-type: application/json
2026-03-17T19:21:04.9306085Z < content-length: 261346
2026-03-17T19:21:04.9307050Z < access-control-allow-origin: *
2026-03-17T19:21:04.9313810Z < content-security-policy: default-src 'self'; connect-src 'self' *.ingest.sentry.io https://docs.rs https://play.rust-lang.org https://raw.githubusercontent.com https://rustsec.org https://static.crates.io; script-src 'self' 'unsafe-eval' 'sha256-n1+BB7Ckjcal1Pr7QNBh/dKRTtBQsIytFodRiIosXdE=' 'sha256-dbf9FMl76C7BnK1CC3eWb3pvsQAUaTYSHAlBy9tNTG0=' 'sha256-qfh2Go0si80c5fCQM7vtMfMYVJPGGpVLgWpgpPssfvw='; style-src 'self' 'unsafe-inline' https://code.cdn.mozilla.net; font-src https://code.cdn.mozilla.net; img-src *; object-src 'none'
2026-03-17T19:21:04.9319814Z < date: Tue, 17 Mar 2026 19:21:04 GMT
2026-03-17T19:21:04.9320842Z < nel: {"report_to":"heroku-nel","response_headers":["Via"],"max_age":3600,"success_fraction":0.01,"failure_fraction":0.1}
2026-03-17T19:21:04.9323833Z < report-to: {"group":"heroku-nel","endpoints":[{"url":"https://nel.heroku.com/reports?s=RFWYXDaTZBZ6TjrsWkPmHocJ6eLQwnkUtR10rsaSsHk%3D\u0026sid=af571f24-03ee-46d1-9f90-ab9030c2c74c\u0026ts=1773775264"}],"max_age":3600}
2026-03-17T19:21:04.9326713Z < reporting-endpoints: heroku-nel="https://nel.heroku.com/reports?s=RFWYXDaTZBZ6TjrsWkPmHocJ6eLQwnkUtR10rsaSsHk%3D&sid=af571f24-03ee-46d1-9f90-ab9030c2c74c&ts=1773775264"
2026-03-17T19:21:04.9327926Z < server: Heroku
2026-03-17T19:21:04.9328574Z < strict-transport-security: max-age=31536000; includeSubDomains
2026-03-17T19:21:04.9329896Z < via: 1.1 heroku-router, 1.1 7d1db1c7d462961e6d2df897111dc088.cloudfront.net (CloudFront)
2026-03-17T19:21:04.9330980Z < x-content-type-options: nosniff
2026-03-17T19:21:04.9331500Z < x-frame-options: SAMEORIGIN
2026-03-17T19:21:04.9331844Z < x-xss-protection: 0
2026-03-17T19:21:04.9332195Z < vary: Accept,Accept-Encoding,Cookie
2026-03-17T19:21:04.9332602Z < x-cache: Miss from cloudfront
2026-03-17T19:21:04.9332973Z < x-amz-cf-pop: IAD61-P13
2026-03-17T19:21:04.9333517Z < x-amz-cf-id: 50c0TfJaW8B59JpPzNFVswfsjibzgF_ZGwynq7FEExIUrbej5j2Irw==
2026-03-17T19:21:04.9334091Z < 
2026-03-17T19:21:04.9334342Z { [15158 bytes data]
2026-03-17T19:21:04.9373946Z * Connection #0 to host crates.io left intact
2026-03-17T19:21:04.9706073Z info: installing cargo-nextest@latest
2026-03-17T19:21:04.9929367Z info: downloading https://github.com/nextest-rs/nextest/releases/download/cargo-nextest-0.9.130/cargo-nextest-0.9.130-x86_64-unknown-linux-gnu.tar.gz
2026-03-17T19:21:05.1355328Z info: verifying sha256 checksum for cargo-nextest-0.9.130-x86_64-unknown-linux-gnu.tar.gz
2026-03-17T19:21:05.3539662Z info: cargo-nextest installed at /home/runner/.cargo/bin/cargo-nextest
2026-03-17T19:21:05.3543566Z + cargo-nextest nextest --version
2026-03-17T19:21:05.3572136Z cargo-nextest 0.9.130 (f0feb11a1 2026-03-09)
2026-03-17T19:21:05.3572752Z release: 0.9.130
2026-03-17T19:21:05.3573258Z commit-hash: f0feb11a16eab1a138b9d7a48d323b382e4c8b22
2026-03-17T19:21:05.3573890Z commit-date: 2026-03-09
2026-03-17T19:21:05.3574326Z host: x86_64-unknown-linux-gnu
2026-03-17T19:21:05.3577404Z 
2026-03-17T19:21:05.3632542Z ##[group]Run cargo codegen --check
2026-03-17T19:21:05.3632904Z [36;1mcargo codegen --check[0m
2026-03-17T19:21:05.3684728Z shell: /usr/bin/bash --noprofile --norc -e -o pipefail {0}
2026-03-17T19:21:05.3685168Z env:
2026-03-17T19:21:05.3685398Z   CARGO_INCREMENTAL: 0
2026-03-17T19:21:05.3685675Z   CARGO_NET_RETRY: 10
2026-03-17T19:21:05.3685925Z   CI: 1
2026-03-17T19:21:05.3686150Z   RUST_BACKTRACE: short
2026-03-17T19:21:05.3686428Z   RUSTUP_MAX_RETRIES: 10
2026-03-17T19:21:05.3686895Z   RUSTFLAGS: -D warnings -W unreachable-pub --cfg no_salsa_async_drops
2026-03-17T19:21:05.3687388Z   CC: deny_c
2026-03-17T19:21:05.3687612Z ##[endgroup]
2026-03-17T19:21:10.5151637Z     Updating crates.io index
2026-03-17T19:21:13.0450596Z  Downloading crates ...
2026-03-17T19:21:13.0824799Z   Downloaded flate2 v1.1.2
2026-03-17T19:21:13.1735710Z   Downloaded xflags-macros v0.3.2
2026-03-17T19:21:13.1760830Z   Downloaded xshell-macros v0.2.7
2026-03-17T19:21:13.1769527Z   Downloaded write-json v0.1.4
2026-03-17T19:21:13.1783665Z   Downloaded unicode-ident v1.0.19
2026-03-17T19:21:13.1814750Z   Downloaded miniz_oxide v0.8.9
2026-03-17T19:21:13.1843507Z   Downloaded time v0.3.47
2026-03-17T19:21:13.1984586Z   Downloaded zip v4.6.1
2026-03-17T19:21:13.2028697Z   Downloaded memchr v2.7.6
2026-03-17T19:21:13.2087097Z   Downloaded itertools v0.14.0
2026-03-17T19:21:13.2162325Z   Downloaded indexmap v2.11.4
2026-03-17T19:21:13.2208156Z   Downloaded crossbeam-channel v0.5.15
2026-03-17T19:21:13.2250452Z   Downloaded tracing-core v0.1.34
2026-03-17T19:21:13.2278952Z   Downloaded hashbrown v0.16.0
2026-03-17T19:21:13.2331956Z   Downloaded tracing v0.1.41
2026-03-17T19:21:13.2373223Z   Downloaded once_cell v1.21.3
2026-03-17T19:21:13.2399189Z   Downloaded crc32fast v1.5.0
2026-03-17T19:21:13.2418410Z   Downloaded anyhow v1.0.100
2026-03-17T19:21:13.2461795Z   Downloaded equivalent v1.0.2
2026-03-17T19:21:13.2472075Z   Downloaded cfg-if v1.0.3
2026-03-17T19:21:13.2485145Z   Downloaded xshell v0.2.7
2026-03-17T19:21:13.2504606Z   Downloaded time-core v0.1.8
2026-03-17T19:21:13.2515749Z   Downloaded serde_core v1.0.226
2026-03-17T19:21:13.2543937Z   Downloaded quote v1.0.40
2026-03-17T19:21:13.2570894Z   Downloaded proc-macro2 v1.0.101
2026-03-17T19:21:13.2600068Z   Downloaded powerfmt v0.2.0
2026-03-17T19:21:13.2611601Z   Downloaded pin-project-lite v0.2.16
2026-03-17T19:21:13.2672214Z   Downloaded num-conv v0.2.0
2026-03-17T19:21:13.2680573Z   Downloaded jod-thread v1.0.0
2026-03-17T19:21:13.2689240Z   Downloaded either v1.15.0
2026-03-17T19:21:13.2704464Z   Downloaded deranged v0.5.3
2026-03-17T19:21:13.2717908Z   Downloaded crossbeam-utils v0.8.21
2026-03-17T19:21:13.2745749Z   Downloaded adler2 v2.0.1
2026-03-17T19:21:13.2758795Z   Downloaded xflags v0.3.2
2026-03-17T19:21:13.2770666Z   Downloaded ungrammar v1.16.1
2026-03-17T19:21:13.2784052Z   Downloaded libc v0.2.175
2026-03-17T19:21:13.4260628Z    Compiling crc32fast v1.5.0
2026-03-17T19:21:13.4261873Z    Compiling crossbeam-utils v0.8.21
2026-03-17T19:21:13.4262851Z    Compiling once_cell v1.21.3
2026-03-17T19:21:13.4263615Z    Compiling proc-macro2 v1.0.101
2026-03-17T19:21:22.0211057Z    Compiling powerfmt v0.2.0
2026-03-17T19:21:22.7112244Z    Compiling libc v0.2.175
2026-03-17T19:21:27.9546133Z    Compiling cfg-if v1.0.3
2026-03-17T19:21:27.9547238Z    Compiling adler2 v2.0.1
2026-03-17T19:21:28.0292459Z    Compiling miniz_oxide v0.8.9
2026-03-17T19:21:28.9006398Z    Compiling deranged v0.5.3
2026-03-17T19:21:29.0021961Z    Compiling tracing-core v0.1.34
2026-03-17T19:21:29.2997318Z    Compiling either v1.15.0
2026-03-17T19:21:29.4660371Z    Compiling anyhow v1.0.100
2026-03-17T19:21:29.4728370Z    Compiling equivalent v1.0.2
2026-03-17T19:21:29.5084244Z    Compiling hashbrown v0.16.0
2026-03-17T19:21:29.6433635Z    Compiling unicode-ident v1.0.19
2026-03-17T19:21:29.6909132Z    Compiling pin-project-lite v0.2.16
2026-03-17T19:21:29.7231600Z    Compiling num-conv v0.2.0
2026-03-17T19:21:29.7767479Z    Compiling time-core v0.1.8
2026-03-17T19:21:29.8487920Z    Compiling tracing v0.1.41
2026-03-17T19:21:29.9782446Z    Compiling time v0.3.47
2026-03-17T19:21:30.0942576Z    Compiling indexmap v2.11.4
2026-03-17T19:21:30.5742542Z    Compiling itertools v0.14.0
2026-03-17T19:21:30.7744609Z    Compiling flate2 v1.1.2
2026-03-17T19:21:31.1548596Z    Compiling crossbeam-channel v0.5.15
2026-03-17T19:21:31.5288174Z    Compiling memchr v2.7.6
2026-03-17T19:21:31.8392900Z    Compiling jod-thread v1.0.0
2026-03-17T19:21:31.8993806Z    Compiling xflags-macros v0.3.2
2026-03-17T19:21:32.0561774Z    Compiling xshell-macros v0.2.7
2026-03-17T19:21:32.2736370Z    Compiling zip v4.6.1
2026-03-17T19:21:32.3896138Z    Compiling xshell v0.2.7
2026-03-17T19:21:32.4507746Z    Compiling stdx v0.0.0 (/home/runner/work/rust-analyzer/rust-analyzer/crates/stdx)
2026-03-17T19:21:32.4973878Z    Compiling xflags v0.3.2
2026-03-17T19:21:32.8714500Z    Compiling quote v1.0.40
2026-03-17T19:21:33.0835680Z    Compiling ungrammar v1.16.1
2026-03-17T19:21:33.1320926Z    Compiling edition v0.0.0 (/home/runner/work/rust-analyzer/rust-analyzer/crates/edition)
2026-03-17T19:21:33.2014439Z    Compiling write-json v0.1.4
2026-03-17T19:21:33.3962594Z    Compiling xtask v0.1.0 (/home/runner/work/rust-analyzer/rust-analyzer/xtask)
2026-03-17T19:21:35.2547655Z     Finished `dev` profile [unoptimized + debuginfo] target(s) in 28.60s
2026-03-17T19:21:35.3068903Z      Running `target/debug/xtask codegen --check`
2026-03-17T19:21:37.6862999Z ##[group]Run cargo nextest run --no-fail-fast --hide-progress-bar --status-level fail
2026-03-17T19:21:37.6863939Z [36;1mcargo nextest run --no-fail-fast --hide-progress-bar --status-level fail[0m
2026-03-17T19:21:37.6914641Z shell: /usr/bin/bash --noprofile --norc -e -o pipefail {0}
2026-03-17T19:21:37.6915087Z env:
2026-03-17T19:21:37.6915314Z   CARGO_INCREMENTAL: 0
2026-03-17T19:21:37.6915597Z   CARGO_NET_RETRY: 10
2026-03-17T19:21:37.6915847Z   CI: 1
2026-03-17T19:21:37.6916074Z   RUST_BACKTRACE: short
2026-03-17T19:21:37.6916352Z   RUSTUP_MAX_RETRIES: 10
2026-03-17T19:21:37.6916796Z   RUSTFLAGS: -D warnings -W unreachable-pub --cfg no_salsa_async_drops
2026-03-17T19:21:37.6917286Z   CC: deny_c
2026-03-17T19:21:37.6917513Z ##[endgroup]
2026-03-17T19:21:38.0448440Z  Downloading crates ...
2026-03-17T19:21:38.1012613Z   Downloaded derive_arbitrary v1.4.2
2026-03-17T19:21:38.1070652Z   Downloaded ra-ap-rustc_type_ir_macros v0.143.0
2026-03-17T19:21:38.1097677Z   Downloaded aho-corasick v1.1.4
2026-03-17T19:21:38.1160791Z   Downloaded ra-ap-rustc_index v0.143.0
2026-03-17T19:21:38.1188272Z   Downloaded embedded-io v0.4.0
2026-03-17T19:21:38.1210668Z   Downloaded arbitrary v1.4.2
2026-03-17T19:21:38.1273028Z   Downloaded errno v0.3.14
2026-03-17T19:21:38.1300726Z   Downloaded form_urlencoded v1.2.2
2026-03-17T19:21:38.1317882Z   Downloaded hashlink v0.10.0
2026-03-17T19:21:38.1348792Z   Downloaded embedded-io v0.6.1
2026-03-17T19:21:38.1374183Z   Downloaded plotters v0.3.7
2026-03-17T19:21:38.1494850Z   Downloaded salsa-macro-rules v0.25.2
2026-03-17T19:21:38.1528515Z   Downloaded ra-ap-rustc_parse_format v0.143.0
2026-03-17T19:21:38.1554735Z   Downloaded quick-error v1.2.3
2026-03-17T19:21:38.1582961Z   Downloaded rand_xorshift v0.4.0
2026-03-17T19:21:38.1609675Z   Downloaded thin-vec v0.2.14
2026-03-17T19:21:38.1640384Z   Downloaded ra-ap-rustc_abi v0.143.0
2026-03-17T19:21:38.1673098Z   Downloaded rustc_version v0.4.1
2026-03-17T19:21:38.1701427Z   Downloaded rustc-stable-hash v0.1.2
2026-03-17T19:21:38.1737681Z   Downloaded thiserror-impl v2.0.16
2026-03-17T19:21:38.1767623Z   Downloaded ra-ap-rustc_ast_ir v0.143.0
2026-03-17T19:21:38.1789396Z   Downloaded tikv-jemallocator v0.5.4
2026-03-17T19:21:38.1836848Z   Downloaded tempfile v3.23.0
2026-03-17T19:21:38.1893233Z   Downloaded thousands v0.2.0
2026-03-17T19:21:38.1951411Z   Downloaded thread_local v1.1.9
2026-03-17T19:21:38.2000626Z   Downloaded tinystr v0.8.1
2026-03-17T19:21:38.2061860Z   Downloaded toml v0.9.8
2026-03-17T19:21:38.2126466Z   Downloaded regex v1.12.2
2026-03-17T19:21:38.2216368Z   Downloaded writeable v0.6.1
2026-03-17T19:21:38.2249083Z   Downloaded zerofrom v0.1.6
2026-03-17T19:21:38.2273243Z   Downloaded zerofrom-derive v0.1.6
2026-03-17T19:21:38.2293580Z   Downloaded url v2.5.7
2026-03-17T19:21:38.2331698Z   Downloaded zerovec-derive v0.11.1
2026-03-17T19:21:38.2357552Z   Downloaded wait-timeout v0.2.1
2026-03-17T19:21:38.2381899Z   Downloaded yoke-derive v0.8.0
2026-03-17T19:21:38.2398724Z   Downloaded object v0.36.7
2026-03-17T19:21:38.2520303Z   Downloaded zerovec v0.11.4
2026-03-17T19:21:38.2585252Z   Downloaded tracing-subscriber v0.3.20
2026-03-17T19:21:38.2677406Z   Downloaded winnow v0.7.13
2026-03-17T19:21:38.2782494Z   Downloaded nix v0.30.1
2026-03-17T19:21:38.2914389Z   Downloaded libmimalloc-sys v0.1.44
2026-03-17T19:21:38.3074020Z   Downloaded zerocopy v0.8.27
2026-03-17T19:21:38.3355597Z   Downloaded zerocopy-derive v0.8.27
2026-03-17T19:21:38.3435680Z   Downloaded regex-syntax v0.8.8
2026-03-17T19:21:38.3511536Z   Downloaded syn v2.0.106
2026-03-17T19:21:38.3625833Z   Downloaded rustix v1.1.2
2026-03-17T19:21:38.3920098Z   Downloaded regex-automata v0.4.13
2026-03-17T19:21:38.4084773Z   Downloaded portable-atomic v1.11.1
2026-03-17T19:21:38.4159921Z   Downloaded unicode-properties v0.1.3
2026-03-17T19:21:38.4182771Z   Downloaded tracing-attributes v0.1.30
2026-03-17T19:21:38.4214523Z   Downloaded yoke v0.8.0
2026-03-17T19:21:38.4233065Z   Downloaded toml_writer v1.0.4
2026-03-17T19:21:38.4249175Z   Downloaded protobuf v3.7.1
2026-03-17T19:21:38.4366722Z   Downloaded salsa v0.25.2
2026-03-17T19:21:38.4656754Z   Downloaded unarray v0.1.4
2026-03-17T19:21:38.4671790Z   Downloaded process-wrap v8.2.1
2026-03-17T19:21:38.4740705Z   Downloaded petgraph v0.8.2
2026-03-17T19:21:38.4956066Z   Downloaded walkdir v2.5.0
2026-03-17T19:21:38.4977204Z   Downloaded utf8_iter v1.0.4
2026-03-17T19:21:38.4989544Z   Downloaded typed-arena v2.0.2
2026-03-17T19:21:38.5003607Z   Downloaded toml_parser v1.0.4
2026-03-17T19:21:38.5029132Z   Downloaded toml_datetime v0.7.3
2026-03-17T19:21:38.5043257Z   Downloaded proptest v1.9.0
2026-03-17T19:21:38.5145002Z   Downloaded zerotrie v0.2.2
2026-03-17T19:21:38.5182969Z   Downloaded tikv-jemalloc-sys v0.5.4+5.3.0-patched
2026-03-17T19:21:38.5598247Z   Downloaded hashbrown v0.14.5
2026-03-17T19:21:38.5649218Z   Downloaded gimli v0.31.1
2026-03-17T19:21:38.5720848Z   Downloaded unicode-xid v0.2.6
2026-03-17T19:21:38.5735101Z   Downloaded triomphe v0.1.14
2026-03-17T19:21:38.5754913Z   Downloaded tracing-log v0.2.0
2026-03-17T19:21:38.5769661Z   Downloaded itertools v0.13.0
2026-03-17T19:21:38.5846452Z   Downloaded intrusive-collections v0.9.7
2026-03-17T19:21:38.5871853Z   Downloaded idna v1.1.0
2026-03-17T19:21:38.5909835Z   Downloaded icu_properties_data v2.0.1
2026-03-17T19:21:38.6016070Z   Downloaded icu_collections v2.0.0
2026-03-17T19:21:38.6085958Z   Downloaded foldhash v0.1.5
2026-03-17T19:21:38.6100018Z   Downloaded unicase v2.8.1
2026-03-17T19:21:38.6116151Z   Downloaded tracing-tree v0.4.0
2026-03-17T19:21:38.6149241Z   Downloaded postcard v1.1.3
2026-03-17T19:21:38.6174019Z   Downloaded libloading v0.8.9
2026-03-17T19:21:38.6198865Z   Downloaded clap_builder v4.5.48
2026-03-17T19:21:38.6267380Z   Downloaded ra-ap-rustc_next_trait_solver v0.143.0
2026-03-17T19:21:38.6300603Z   Downloaded icu_locale_core v2.0.0
2026-03-17T19:21:38.6376449Z   Downloaded hashbrown v0.15.5
2026-03-17T19:21:38.6428828Z   Downloaded criterion-plot v0.6.0
2026-03-17T19:21:38.6447921Z   Downloaded cobs v0.3.0
2026-03-17T19:21:38.6463216Z   Downloaded bitflags v2.9.4
2026-03-17T19:21:38.6508205Z   Downloaded tinytemplate v1.2.1
2026-03-17T19:21:38.6527375Z   Downloaded time-macros v0.2.27
2026-03-17T19:21:38.6551808Z   Downloaded serde_json v1.0.145
2026-03-17T19:21:38.6629290Z   Downloaded serde_derive v1.0.226
2026-03-17T19:21:38.6657353Z   Downloaded serde v1.0.226
2026-03-17T19:21:38.6675042Z   Downloaded scip v0.5.2
2026-03-17T19:21:38.6693619Z   Downloaded memmap2 v0.9.8
2026-03-17T19:21:38.6712388Z   Downloaded itoa v1.0.15
2026-03-17T19:21:38.6727586Z   Downloaded inventory v0.3.21
2026-03-17T19:21:38.6750197Z   Downloaded heapless v0.7.17
2026-03-17T19:21:38.6789914Z   Downloaded fastrand v2.3.0
2026-03-17T19:21:38.6803938Z   Downloaded cargo_metadata v0.23.0
2026-03-17T19:21:38.6824801Z   Downloaded tikv-jemalloc-ctl v0.5.4
2026-03-17T19:21:38.6841503Z   Downloaded thiserror-impl v1.0.69
2026-03-17T19:21:38.6859782Z   Downloaded spin v0.9.8
2026-03-17T19:21:38.6884907Z   Downloaded smol_str v0.3.2
2026-03-17T19:21:38.6901042Z   Downloaded smallvec v1.15.1
2026-03-17T19:21:38.6928087Z   Downloaded fst v0.4.7
2026-03-17T19:21:38.7166451Z   Downloaded semver v1.0.27
2026-03-17T19:21:38.7190763Z   Downloaded rustc_apfloat v0.2.3+llvm-462a31f5a5ab
2026-03-17T19:21:38.7218341Z   Downloaded rayon-core v1.13.0
2026-03-17T19:21:38.7256768Z   Downloaded rand_chacha v0.9.0
2026-03-17T19:21:38.7269246Z   Downloaded ra-ap-rustc_pattern_analysis v0.143.0
2026-03-17T19:21:38.7291997Z   Downloaded pulldown-cmark-to-cmark v10.0.4
2026-03-17T19:21:38.7301563Z   Downloaded ppv-lite86 v0.2.21
2026-03-17T19:21:38.7314730Z   Downloaded plotters-backend v0.3.7
2026-03-17T19:21:38.7327354Z   Downloaded paste v1.0.15
2026-03-17T19:21:38.7360361Z   Downloaded parking_lot_core v0.9.11
2026-03-17T19:21:38.7382445Z   Downloaded parking_lot v0.12.4
2026-03-17T19:21:38.7408595Z   Downloaded option-ext v0.2.0
2026-03-17T19:21:38.7417073Z   Downloaded oorandom v11.1.5
2026-03-17T19:21:38.7427061Z   Downloaded notify v8.2.0
2026-03-17T19:21:38.7444948Z   Downloaded lsp-types v0.95.0
2026-03-17T19:21:38.7484305Z   Downloaded lazy_static v1.5.0
2026-03-17T19:21:38.7502393Z   Downloaded inotify-sys v0.1.5
2026-03-17T19:21:38.7511626Z   Downloaded icu_normalizer_data v2.0.0
2026-03-17T19:21:38.7533494Z   Downloaded icu_normalizer v2.0.0
2026-03-17T19:21:38.7568357Z   Downloaded dirs-sys v0.5.0
2026-03-17T19:21:38.7579639Z   Downloaded criterion v0.7.0
2026-03-17T19:21:38.7655894Z   Downloaded base64 v0.22.1
2026-03-17T19:21:38.7695574Z   Downloaded thiserror v1.0.69
2026-03-17T19:21:38.7754529Z   Downloaded text-size v1.1.1
2026-03-17T19:21:38.7771967Z   Downloaded static_assertions v1.1.0
2026-03-17T19:21:38.7786783Z   Downloaded shlex v1.3.0
2026-03-17T19:21:38.7799787Z   Downloaded sharded-slab v0.1.7
2026-03-17T19:21:38.7834909Z   Downloaded serde_test v1.0.177
2026-03-17T19:21:38.7849481Z   Downloaded ra-ap-rustc_type_ir v0.143.0
2026-03-17T19:21:38.7893706Z   Downloaded potential_utf v0.1.3
2026-03-17T19:21:38.7903790Z   Downloaded num-traits v0.2.19
2026-03-17T19:21:38.7930737Z   Downloaded memoffset v0.9.1
2026-03-17T19:21:38.7943662Z   Downloaded icu_properties v2.0.1
2026-03-17T19:21:38.7965752Z   Downloaded dissimilar v1.0.10
2026-03-17T19:21:38.7984585Z   Downloaded clap v4.5.48
2026-03-17T19:21:38.8085724Z   Downloaded cc v1.2.38
2026-03-17T19:21:38.8117640Z   Downloaded byteorder v1.5.0
2026-03-17T19:21:38.8136807Z   Downloaded thiserror v2.0.16
2026-03-17T19:21:38.8226578Z   Downloaded tenthash v1.1.0
2026-03-17T19:21:38.8237833Z   Downloaded synstructure v0.13.2
2026-03-17T19:21:38.8249002Z   Downloaded scopeguard v1.2.0
2026-03-17T19:21:38.8261864Z   Downloaded same-file v1.0.6
2026-03-17T19:21:38.8276423Z   Downloaded rustc-literal-escaper v0.0.5
2026-03-17T19:21:38.8291392Z   Downloaded rustc-literal-escaper v0.0.4
2026-03-17T19:21:38.8305853Z   Downloaded rayon v1.11.0
2026-03-17T19:21:38.8408707Z   Downloaded rand v0.9.2
2026-03-17T19:21:38.8449982Z   Downloaded percent-encoding v2.3.2
2026-03-17T19:21:38.8459518Z   Downloaded mio v1.1.0
2026-03-17T19:21:38.8523967Z   Downloaded log v0.4.28
2026-03-17T19:21:38.8549947Z   Downloaded dhat v0.3.3
2026-03-17T19:21:38.8572005Z   Downloaded ctrlc v3.5.0
2026-03-17T19:21:38.8593393Z   Downloaded ciborium-io v0.2.2
2026-03-17T19:21:38.8602425Z   Downloaded boxcar v0.2.14
2026-03-17T19:21:38.8619371Z   Downloaded bit-set v0.8.0
2026-03-17T19:21:38.8634210Z   Downloaded backtrace v0.3.75
2026-03-17T19:21:38.8691078Z   Downloaded addr2line v0.24.2
2026-03-17T19:21:38.8710780Z   Downloaded temp-dir v0.1.16
2026-03-17T19:21:38.8719809Z   Downloaded stable_deref_trait v1.2.0
2026-03-17T19:21:38.8728798Z   Downloaded serde_spanned v1.0.3
2026-03-17T19:21:38.8740553Z   Downloaded serde_repr v0.1.20
2026-03-17T19:21:38.8762290Z   Downloaded ra-ap-rustc_hashes v0.143.0
2026-03-17T19:21:38.8768334Z   Downloaded pulldown-cmark v0.9.6
2026-03-17T19:21:38.8814590Z   Downloaded notify-types v2.0.0
2026-03-17T19:21:38.8849622Z   Downloaded nohash-hasher v0.2.0
2026-03-17T19:21:38.8859282Z   Downloaded rustc-demangle v0.1.26
2026-03-17T19:21:38.8877283Z   Downloaded perf-event-open-sys v1.0.1
2026-03-17T19:21:38.8889696Z   Downloaded perf-event v0.4.7
2026-03-17T19:21:38.8906429Z   Downloaded line-index v0.1.2
2026-03-17T19:21:38.8914882Z   Downloaded la-arena v0.3.1
2026-03-17T19:21:38.8921596Z   Downloaded derive-where v1.6.0
2026-03-17T19:21:38.8963497Z   Downloaded allocator-api2 v0.2.21
2026-03-17T19:21:38.8992365Z   Downloaded linux-raw-sys v0.11.0
2026-03-17T19:21:38.9571379Z   Downloaded plotters-svg v0.3.7
2026-03-17T19:21:38.9578897Z   Downloaded num_cpus v1.17.0
2026-03-17T19:21:38.9612113Z   Downloaded lock_api v0.4.13
2026-03-17T19:21:38.9625576Z   Downloaded idna_adapter v1.2.1
2026-03-17T19:21:38.9634689Z   Downloaded icu_provider v2.0.0
2026-03-17T19:21:38.9660640Z   Downloaded ciborium-ll v0.2.2
2026-03-17T19:21:38.9672096Z   Downloaded salsa-macros v0.25.2
2026-03-17T19:21:38.9692640Z   Downloaded rusty-fork v0.3.1
2026-03-17T19:21:38.9707677Z   Downloaded rustc-hash v1.1.0
2026-03-17T19:21:38.9717154Z   Downloaded fnv v1.0.7
2026-03-17T19:21:38.9725491Z   Downloaded crossbeam-deque v0.8.6
2026-03-17T19:21:38.9739390Z   Downloaded cast v0.3.0
2026-03-17T19:21:38.9751915Z   Downloaded ra-ap-rustc_lexer v0.143.0
2026-03-17T19:21:38.9760182Z   Downloaded litemap v0.8.0
2026-03-17T19:21:38.9782949Z   Downloaded inotify v0.11.0
2026-03-17T19:21:38.9802327Z   Downloaded drop_bomb v0.1.5
2026-03-17T19:21:38.9810894Z   Downloaded camino v1.2.2
2026-03-17T19:21:38.9831653Z   Downloaded hash32 v0.2.1
2026-03-17T19:21:38.9846518Z   Downloaded protobuf-support v3.7.1
2026-03-17T19:21:38.9862247Z   Downloaded nu-ansi-term v0.50.3
2026-03-17T19:21:38.9886672Z   Downloaded lsp-server v0.7.9
2026-03-17T19:21:38.9900992Z   Downloaded fixedbitset v0.5.7
2026-03-17T19:21:38.9920608Z   Downloaded ryu v1.0.20
2026-03-17T19:21:38.9952958Z   Downloaded rustc-hash v2.1.1
2026-03-17T19:21:38.9965871Z   Downloaded rowan v0.15.17
2026-03-17T19:21:38.9989520Z   Downloaded rand_core v0.9.3
2026-03-17T19:21:39.0003311Z   Downloaded mimalloc v0.1.48
2026-03-17T19:21:39.0014113Z   Downloaded home v0.5.12
2026-03-17T19:21:39.0023783Z   Downloaded clap_lex v0.7.5
2026-03-17T19:21:39.0035742Z   Downloaded dirs v6.0.0
2026-03-17T19:21:39.0048949Z   Downloaded crossbeam-queue v0.3.12
2026-03-17T19:21:39.0061339Z   Downloaded cov-mark v2.1.0
2026-03-17T19:21:39.0071023Z   Downloaded cargo-platform v0.3.1
2026-03-17T19:21:39.0083548Z   Downloaded num_threads v0.1.7
2026-03-17T19:21:39.0093768Z   Downloaded half v2.7.1
2026-03-17T19:21:39.0121334Z   Downloaded cfg_aliases v0.2.1
2026-03-17T19:21:39.0130653Z   Downloaded getrandom v0.3.4
2026-03-17T19:21:39.0166160Z   Downloaded ra-ap-rustc_index_macros v0.143.0
2026-03-17T19:21:39.0172882Z   Downloaded mintex v0.1.4
2026-03-17T19:21:39.0180768Z   Downloaded dashmap v6.1.0
2026-03-17T19:21:39.0205773Z   Downloaded ciborium v0.2.2
2026-03-17T19:21:39.0229897Z   Downloaded borsh v1.5.7
2026-03-17T19:21:39.0302735Z   Downloaded autocfg v1.5.0
2026-03-17T19:21:39.0322150Z   Downloaded countme v3.0.1
2026-03-17T19:21:39.0335518Z   Downloaded crossbeam-epoch v0.9.18
2026-03-17T19:21:39.0360037Z   Downloaded anes v0.1.6
2026-03-17T19:21:39.0391514Z   Downloaded find-msvc-tools v0.1.2
2026-03-17T19:21:39.0407506Z   Downloaded expect-test v1.5.1
2026-03-17T19:21:39.0418821Z   Downloaded ena v0.14.3
2026-03-17T19:21:39.0435648Z   Downloaded dot v0.1.4
2026-03-17T19:21:39.0445533Z   Downloaded displaydoc v0.2.5
2026-03-17T19:21:39.0505316Z   Downloaded bitflags v1.3.2
2026-03-17T19:21:39.0511622Z   Downloaded bit-vec v0.8.0
2026-03-17T19:21:39.0527713Z   Downloaded arrayvec v0.7.6
2026-03-17T19:21:39.0548476Z   Downloaded anstyle v1.0.11
2026-03-17T19:21:39.7915191Z    Compiling libc v0.2.175
2026-03-17T19:21:39.7916295Z    Compiling serde_core v1.0.226
2026-03-17T19:21:39.7974960Z    Compiling syn v2.0.106
2026-03-17T19:21:39.8009912Z    Compiling autocfg v1.5.0
2026-03-17T19:21:40.1424313Z    Compiling tracing-core v0.1.34
2026-03-17T19:21:40.6957069Z    Compiling smallvec v1.15.1
2026-03-17T19:21:40.8643137Z    Compiling rustc-hash v2.1.1
2026-03-17T19:21:40.9393649Z    Compiling crossbeam-epoch v0.9.18
2026-03-17T19:21:41.2393390Z    Compiling rayon-core v1.13.0
2026-03-17T19:21:41.3523431Z    Compiling crossbeam-deque v0.8.6
2026-03-17T19:21:41.7994335Z    Compiling lock_api v0.4.13
2026-03-17T19:21:41.9114069Z    Compiling camino v1.2.2
2026-03-17T19:21:42.1871392Z    Compiling scopeguard v1.2.0
2026-03-17T19:21:42.2201649Z    Compiling rayon v1.11.0
2026-03-17T19:21:42.3904682Z    Compiling parking_lot_core v0.9.11
2026-03-17T19:21:42.5192460Z    Compiling indexmap v2.11.4
2026-03-17T19:21:42.6115534Z    Compiling memoffset v0.9.1
2026-03-17T19:21:42.7703980Z    Compiling allocator-api2 v0.2.21
2026-03-17T19:21:43.0403534Z    Compiling foldhash v0.1.5
2026-03-17T19:21:43.1471617Z    Compiling hashbrown v0.15.5
2026-03-17T19:21:43.6866999Z    Compiling thin-vec v0.2.14
2026-03-17T19:21:43.8309102Z    Compiling synstructure v0.13.2
2026-03-17T19:21:43.9092192Z    Compiling portable-atomic v1.11.1
2026-03-17T19:21:44.3391484Z    Compiling hashlink v0.10.0
2026-03-17T19:21:44.5889582Z    Compiling intrusive-collections v0.9.7
2026-03-17T19:21:44.9579416Z    Compiling crossbeam-queue v0.3.12
2026-03-17T19:21:45.0633384Z    Compiling salsa-macro-rules v0.25.2
2026-03-17T19:21:45.1028416Z    Compiling inventory v0.3.21
2026-03-17T19:21:45.1534755Z    Compiling boxcar v0.2.14
2026-03-17T19:21:45.1584852Z    Compiling parking_lot v0.12.4
2026-03-17T19:21:45.3100295Z    Compiling text-size v1.1.1
2026-03-17T19:21:45.3964992Z    Compiling nohash-hasher v0.2.0
2026-03-17T19:21:45.4360107Z    Compiling paths v0.0.0 (/home/runner/work/rust-analyzer/rust-analyzer/crates/paths)
2026-03-17T19:21:45.4820358Z    Compiling winnow v0.7.13
2026-03-17T19:21:45.5115666Z    Compiling tracing-attributes v0.1.30
2026-03-17T19:21:45.5383989Z    Compiling salsa-macros v0.25.2
2026-03-17T19:21:45.6988364Z    Compiling serde_derive v1.0.226
2026-03-17T19:21:46.7543107Z    Compiling tracing v0.1.41
2026-03-17T19:21:46.9299289Z    Compiling stdx v0.0.0 (/home/runner/work/rust-analyzer/rust-analyzer/crates/stdx)
2026-03-17T19:21:47.1536207Z    Compiling fst v0.4.7
2026-03-17T19:21:47.3261759Z    Compiling unicode-xid v0.2.6
2026-03-17T19:21:47.4039463Z    Compiling unicode-properties v0.1.3
2026-03-17T19:21:47.4333208Z    Compiling salsa v0.25.2
2026-03-17T19:21:47.4902640Z    Compiling hashbrown v0.14.5
2026-03-17T19:21:47.5856701Z    Compiling ra-ap-rustc_lexer v0.143.0
2026-03-17T19:21:47.8602607Z    Compiling serde v1.0.226
2026-03-17T19:21:48.4905720Z    Compiling drop_bomb v0.1.5
2026-03-17T19:21:48.5361329Z    Compiling rustc-literal-escaper v0.0.4
2026-03-17T19:21:48.6355389Z    Compiling itoa v1.0.15
2026-03-17T19:21:48.6823809Z    Compiling triomphe v0.1.14
2026-03-17T19:21:48.7111848Z    Compiling bitflags v2.9.4
2026-03-17T19:21:48.8669986Z    Compiling countme v3.0.1
2026-03-17T19:21:48.9293215Z    Compiling rustc-hash v1.1.0
2026-03-17T19:21:48.9892143Z    Compiling rowan v0.15.17
2026-03-17T19:21:49.0045802Z    Compiling parser v0.0.0 (/home/runner/work/rust-analyzer/rust-analyzer/crates/parser)
2026-03-17T19:21:49.6632964Z    Compiling vfs v0.0.0 (/home/runner/work/rust-analyzer/rust-analyzer/crates/vfs)
2026-03-17T19:21:50.0933237Z    Compiling smol_str v0.3.2
2026-03-17T19:21:50.3626673Z    Compiling syntax v0.0.0 (/home/runner/work/rust-analyzer/rust-analyzer/crates/syntax)
2026-03-17T19:21:50.4656951Z    Compiling la-arena v0.3.1
2026-03-17T19:21:50.6080493Z    Compiling dashmap v6.1.0
2026-03-17T19:21:50.9965823Z    Compiling ryu v1.0.20
2026-03-17T19:21:51.1403823Z    Compiling intern v0.0.0 (/home/runner/work/rust-analyzer/rust-analyzer/crates/intern)
2026-03-17T19:21:52.7253022Z    Compiling arrayvec v0.7.6
2026-03-17T19:21:52.9146406Z    Compiling dissimilar v1.0.10
2026-03-17T19:21:54.1662320Z    Compiling span v0.0.0 (/home/runner/work/rust-analyzer/rust-analyzer/crates/span)
2026-03-17T19:21:55.0163462Z    Compiling tt v0.0.0 (/home/runner/work/rust-analyzer/rust-analyzer/crates/tt)
2026-03-17T19:21:55.6818798Z    Compiling serde_json v1.0.145
2026-03-17T19:21:55.7365060Z    Compiling query-group-macro v0.0.0 (/home/runner/work/rust-analyzer/rust-analyzer/crates/query-group-macro)
2026-03-17T19:21:56.3479618Z    Compiling semver v1.0.27
2026-03-17T19:21:56.4562963Z    Compiling log v0.4.28
2026-03-17T19:21:56.5987565Z    Compiling stable_deref_trait v1.2.0
2026-03-17T19:21:56.6390269Z    Compiling cfg v0.0.0 (/home/runner/work/rust-analyzer/rust-analyzer/crates/cfg)
2026-03-17T19:21:56.6943192Z    Compiling syntax-bridge v0.0.0 (/home/runner/work/rust-analyzer/rust-analyzer/crates/syntax-bridge)
2026-03-17T19:21:57.0989724Z    Compiling expect-test v1.5.1
2026-03-17T19:21:57.1198626Z    Compiling perf-event-open-sys v1.0.1
2026-03-17T19:21:57.2972893Z    Compiling perf-event v0.4.7
2026-03-17T19:21:57.4539061Z    Compiling base-db v0.0.0 (/home/runner/work/rust-analyzer/rust-analyzer/crates/base-db)
2026-03-17T19:21:57.4776369Z    Compiling cov-mark v2.1.0
2026-03-17T19:21:57.6233157Z    Compiling oorandom v11.1.5
2026-03-17T19:21:57.6889991Z    Compiling mbe v0.0.0 (/home/runner/work/rust-analyzer/rust-analyzer/crates/mbe)
2026-03-17T19:21:57.9447308Z    Compiling profile v0.0.0 (/home/runner/work/rust-analyzer/rust-analyzer/crates/profile)
2026-03-17T19:21:58.0733087Z    Compiling ra-ap-rustc_index_macros v0.143.0
2026-03-17T19:21:58.4989686Z    Compiling ra-ap-rustc_index v0.143.0
2026-03-17T19:21:58.6483024Z    Compiling thiserror v2.0.16
2026-03-17T19:21:58.8115808Z    Compiling rustc_apfloat v0.2.3+llvm-462a31f5a5ab
2026-03-17T19:21:58.9088345Z    Compiling hir-expand v0.0.0 (/home/runner/work/rust-analyzer/rust-analyzer/crates/hir-expand)
2026-03-17T19:21:58.9642563Z    Compiling test-utils v0.0.0 (/home/runner/work/rust-analyzer/rust-analyzer/crates/test-utils)
2026-03-17T19:21:59.7701662Z    Compiling thiserror-impl v2.0.16
2026-03-17T19:22:00.0713400Z    Compiling num_threads v0.1.7
2026-03-17T19:22:00.1715537Z    Compiling time v0.3.47
2026-03-17T19:22:01.1827758Z    Compiling rustc-stable-hash v0.1.2
2026-03-17T19:22:01.3020341Z    Compiling ra-ap-rustc_hashes v0.143.0
2026-03-17T19:22:01.4382903Z    Compiling lazy_static v1.5.0
2026-03-17T19:22:01.4848986Z    Compiling rustc-literal-escaper v0.0.5
2026-03-17T19:22:01.5609725Z    Compiling sharded-slab v0.1.7
2026-03-17T19:22:01.6020115Z    Compiling ra-ap-rustc_parse_format v0.143.0
2026-03-17T19:22:01.6939317Z    Compiling ra-ap-rustc_abi v0.143.0
2026-03-17T19:22:01.8892965Z    Compiling ena v0.14.3
2026-03-17T19:22:02.0975797Z    Compiling tracing-log v0.2.0
2026-03-17T19:22:02.1150524Z    Compiling ra-ap-rustc_type_ir_macros v0.143.0
2026-03-17T19:22:02.2688409Z    Compiling derive-where v1.6.0
2026-03-17T19:22:02.4548142Z    Compiling thread_local v1.1.9
2026-03-17T19:22:02.6412890Z    Compiling ra-ap-rustc_ast_ir v0.143.0
2026-03-17T19:22:02.6643060Z    Compiling tracing-subscriber v0.3.20
2026-03-17T19:22:02.7318502Z    Compiling zerofrom-derive v0.1.6
2026-03-17T19:22:03.6530135Z    Compiling ra-ap-rustc_type_ir v0.143.0
2026-03-17T19:22:04.0575423Z    Compiling macros v0.0.0 (/home/runner/work/rust-analyzer/rust-analyzer/crates/macros)
2026-03-17T19:22:04.3552813Z    Compiling nu-ansi-term v0.50.3
2026-03-17T19:22:04.4356820Z    Compiling fixedbitset v0.5.7
2026-03-17T19:22:04.6456987Z    Compiling petgraph v0.8.2
2026-03-17T19:22:04.7145034Z    Compiling tracing-tree v0.4.0
2026-03-17T19:22:04.9702902Z    Compiling zerofrom v0.1.6
2026-03-17T19:22:05.0584818Z    Compiling hir-def v0.0.0 (/home/runner/work/rust-analyzer/rust-analyzer/crates/hir-def)
2026-03-17T19:22:06.4923936Z    Compiling test-fixture v0.0.0 (/home/runner/work/rust-analyzer/rust-analyzer/crates/test-fixture)
2026-03-17T19:22:06.7344893Z    Compiling ra-ap-rustc_next_trait_solver v0.143.0
2026-03-17T19:22:07.0083152Z    Compiling ra-ap-rustc_pattern_analysis v0.143.0
2026-03-17T19:22:07.0572956Z    Compiling yoke-derive v0.8.0
2026-03-17T19:22:07.4854374Z    Compiling typed-arena v2.0.2
2026-03-17T19:22:07.5675731Z    Compiling zerovec-derive v0.11.1
2026-03-17T19:22:08.0704411Z    Compiling yoke v0.8.0
2026-03-17T19:22:08.2208601Z    Compiling displaydoc v0.2.5
2026-03-17T19:22:08.5947399Z    Compiling line-index v0.1.2
2026-03-17T19:22:08.6961668Z    Compiling zerovec v0.11.4
2026-03-17T19:22:08.7987120Z    Compiling rustc_version v0.4.1
2026-03-17T19:22:08.8872925Z    Compiling temp-dir v0.1.16
2026-03-17T19:22:09.0023051Z    Compiling byteorder v1.5.0
2026-03-17T19:22:09.0555228Z    Compiling heapless v0.7.17
2026-03-17T19:22:09.1830460Z    Compiling hash32 v0.2.1
2026-03-17T19:22:09.3013100Z    Compiling spin v0.9.8
2026-03-17T19:22:09.3422350Z    Compiling writeable v0.6.1
2026-03-17T19:22:09.4426915Z    Compiling home v0.5.12
2026-03-17T19:22:09.5148293Z    Compiling litemap v0.8.0
2026-03-17T19:22:09.7047344Z    Compiling zerotrie v0.2.2
2026-03-17T19:22:09.8300564Z    Compiling tinystr v0.8.1
2026-03-17T19:22:09.9564899Z    Compiling icu_locale_core v2.0.0
2026-03-17T19:22:09.9784277Z    Compiling potential_utf v0.1.3
2026-03-17T19:22:10.0738782Z    Compiling cobs v0.3.0
2026-03-17T19:22:10.2196366Z    Compiling icu_normalizer_data v2.0.0
2026-03-17T19:22:10.3073157Z    Compiling same-file v1.0.6
2026-03-17T19:22:10.3274214Z    Compiling icu_properties_data v2.0.1
2026-03-17T19:22:10.4119317Z    Compiling walkdir v2.5.0
2026-03-17T19:22:10.4464853Z    Compiling postcard v1.1.3
2026-03-17T19:22:10.7043446Z    Compiling icu_provider v2.0.0
2026-03-17T19:22:10.7756204Z    Compiling icu_collections v2.0.0
2026-03-17T19:22:10.9143293Z    Compiling toolchain v0.0.0 (/home/runner/work/rust-analyzer/rust-analyzer/crates/toolchain)
2026-03-17T19:22:11.0399318Z    Compiling proc-macro-api v0.0.0 (/home/runner/work/rust-analyzer/rust-analyzer/crates/proc-macro-api)
2026-03-17T19:22:11.1406432Z    Compiling icu_properties v2.0.1
2026-03-17T19:22:11.2420628Z    Compiling icu_normalizer v2.0.0
2026-03-17T19:22:11.8401744Z    Compiling zerocopy v0.8.27
2026-03-17T19:22:12.1513248Z    Compiling zerocopy-derive v0.8.27
2026-03-17T19:22:12.5483700Z    Compiling idna_adapter v1.2.1
2026-03-17T19:22:13.2532757Z    Compiling cfg_aliases v0.2.1
2026-03-17T19:22:13.2983155Z    Compiling anstyle v1.0.11
2026-03-17T19:22:13.4863270Z    Compiling percent-encoding v2.3.2
2026-03-17T19:22:13.4972818Z    Compiling clap_lex v0.7.5
2026-03-17T19:22:13.5534582Z    Compiling getrandom v0.3.4
2026-03-17T19:22:13.6316449Z    Compiling utf8_iter v1.0.4
2026-03-17T19:22:13.6666341Z    Compiling clap_builder v4.5.48
2026-03-17T19:22:13.7275951Z    Compiling idna v1.1.0
2026-03-17T19:22:13.7884837Z    Compiling form_urlencoded v1.2.2
2026-03-17T19:22:14.4969264Z    Compiling nix v0.30.1
2026-03-17T19:22:14.8397188Z    Compiling cargo-platform v0.3.1
2026-03-17T19:22:15.0599663Z    Compiling hir-ty v0.0.0 (/home/runner/work/rust-analyzer/rust-analyzer/crates/hir-ty)
2026-03-17T19:22:15.9170385Z    Compiling toml_parser v1.0.4
2026-03-17T19:22:16.6224534Z    Compiling serde_spanned v1.0.3
2026-03-17T19:22:16.7111077Z    Compiling toml_datetime v0.7.3
2026-03-17T19:22:16.9746827Z    Compiling inotify-sys v0.1.5
2026-03-17T19:22:17.1525788Z    Compiling toml_writer v1.0.4
2026-03-17T19:22:17.3148763Z    Compiling toml v0.9.8
2026-03-17T19:22:17.3533502Z    Compiling inotify v0.11.0
2026-03-17T19:22:17.7162914Z    Compiling clap v4.5.48
2026-03-17T19:22:17.7566276Z    Compiling cargo_metadata v0.23.0
2026-03-17T19:22:19.6058628Z    Compiling url v2.5.7
2026-03-17T19:22:19.8812515Z    Compiling mio v1.1.0
2026-03-17T19:22:20.1972848Z    Compiling notify-types v2.0.0
2026-03-17T19:22:20.3821964Z    Compiling memchr v2.7.6
2026-03-17T19:22:20.5122938Z    Compiling notify v8.2.0
2026-03-17T19:22:23.4725363Z    Compiling thiserror v1.0.69
2026-03-17T19:22:23.6605778Z    Compiling object v0.36.7
2026-03-17T19:22:23.8289721Z    Compiling pulldown-cmark v0.9.6
2026-03-17T19:22:25.8914340Z    Compiling project-model v0.0.0 (/home/runner/work/rust-analyzer/rust-analyzer/crates/project-model)
2026-03-17T19:22:29.1687776Z    Compiling serde_repr v0.1.20
2026-03-17T19:22:29.5417667Z    Compiling thiserror-impl v1.0.69
2026-03-17T19:22:30.6662509Z    Compiling num-traits v0.2.19
2026-03-17T19:22:30.6913440Z    Compiling proc-macro-srv v0.0.0 (/home/runner/work/rust-analyzer/rust-analyzer/crates/proc-macro-srv)
2026-03-17T19:22:30.7742935Z    Compiling rustix v1.1.2
2026-03-17T19:22:30.8664463Z    Compiling unicase v2.8.1
2026-03-17T19:22:31.0181782Z    Compiling bitflags v1.3.2
2026-03-17T19:22:31.0642981Z    Compiling lsp-types v0.95.0
2026-03-17T19:22:32.6873032Z    Compiling proc-macro-test v0.0.0 (/home/runner/work/rust-analyzer/rust-analyzer/crates/proc-macro-srv/proc-macro-test)
2026-03-17T19:22:33.2713897Z    Compiling hir v0.0.0 (/home/runner/work/rust-analyzer/rust-analyzer/crates/hir)
2026-03-17T19:22:39.5657787Z    Compiling ide-db v0.0.0 (/home/runner/work/rust-analyzer/rust-analyzer/crates/ide-db)
2026-03-17T19:22:41.2407803Z    Compiling vfs-notify v0.0.0 (/home/runner/work/rust-analyzer/rust-analyzer/crates/vfs-notify)
2026-03-17T19:22:41.7002732Z    Compiling rand_core v0.9.3
2026-03-17T19:22:41.8472507Z    Compiling memmap2 v0.9.8
2026-03-17T19:22:42.0080787Z    Compiling libloading v0.8.9
2026-03-17T19:22:42.1543866Z    Compiling protobuf v3.7.1
2026-03-17T19:22:42.1883226Z    Compiling regex-syntax v0.8.8
2026-03-17T19:22:42.3223049Z    Compiling linux-raw-sys v0.11.0
2026-03-17T19:22:44.6675723Z    Compiling ide-ssr v0.0.0 (/home/runner/work/rust-analyzer/rust-analyzer/crates/ide-ssr)
2026-03-17T19:22:45.1047824Z    Compiling ide-diagnostics v0.0.0 (/home/runner/work/rust-analyzer/rust-analyzer/crates/ide-diagnostics)
2026-03-17T19:22:46.1333264Z    Compiling ide-assists v0.0.0 (/home/runner/work/rust-analyzer/rust-analyzer/crates/ide-assists)
2026-03-17T19:22:48.1309955Z    Compiling ide-completion v0.0.0 (/home/runner/work/rust-analyzer/rust-analyzer/crates/ide-completion)
2026-03-17T19:22:49.9698205Z    Compiling protobuf-support v3.7.1
2026-03-17T19:22:51.2490773Z    Compiling pulldown-cmark-to-cmark v10.0.4
2026-03-17T19:22:51.4401466Z    Compiling ppv-lite86 v0.2.21
2026-03-17T19:22:52.1629959Z    Compiling half v2.7.1
2026-03-17T19:22:52.5463088Z    Compiling option-ext v0.2.0
2026-03-17T19:22:52.5913573Z    Compiling dot v0.1.4
2026-03-17T19:22:52.8325759Z    Compiling proc-macro-srv-cli v0.0.0 (/home/runner/work/rust-analyzer/rust-analyzer/crates/proc-macro-srv-cli)
2026-03-17T19:22:53.0183143Z    Compiling ciborium-io v0.2.2
2026-03-17T19:22:53.0672873Z    Compiling plotters-backend v0.3.7
2026-03-17T19:22:53.2884415Z    Compiling fastrand v2.3.0
2026-03-17T19:22:53.4759009Z    Compiling tempfile v3.23.0
2026-03-17T19:22:53.8553145Z    Compiling plotters-svg v0.3.7
2026-03-17T19:22:53.8991082Z    Compiling ciborium-ll v0.2.2
2026-03-17T19:22:54.0167493Z    Compiling dirs-sys v0.5.0
2026-03-17T19:22:54.0573372Z    Compiling rand_chacha v0.9.0
2026-03-17T19:22:54.5762958Z    Compiling regex-automata v0.4.13
2026-03-17T19:22:57.2431510Z    Compiling load-cargo v0.0.0 (/home/runner/work/rust-analyzer/rust-analyzer/crates/load-cargo)
2026-03-17T19:22:58.3503804Z    Compiling serde_test v1.0.177
2026-03-17T19:22:58.9460904Z    Compiling wait-timeout v0.2.1
2026-03-17T19:22:59.1703303Z    Compiling itertools v0.13.0
2026-03-17T19:23:00.7895125Z    Compiling rust-analyzer v0.0.0 (/home/runner/work/rust-analyzer/rust-analyzer/crates/rust-analyzer)
2026-03-17T19:23:00.9763434Z    Compiling quick-error v1.2.3
2026-03-17T19:23:01.0317049Z    Compiling bit-vec v0.8.0
2026-03-17T19:23:01.2286763Z    Compiling static_assertions v1.1.0
2026-03-17T19:23:01.2704202Z    Compiling fnv v1.0.7
2026-03-17T19:23:01.3209994Z    Compiling cast v0.3.0
2026-03-17T19:23:01.4797732Z    Compiling criterion-plot v0.6.0
2026-03-17T19:23:01.9477375Z    Compiling rusty-fork v0.3.1
2026-03-17T19:23:02.2760935Z    Compiling bit-set v0.8.0
2026-03-17T19:23:02.3446505Z    Compiling scip v0.5.2
2026-03-17T19:23:02.3942876Z    Compiling regex v1.12.2
2026-03-17T19:23:02.8742010Z    Compiling rand v0.9.2
2026-03-17T19:23:02.9638698Z    Compiling dirs v6.0.0
2026-03-17T19:23:03.0323077Z    Compiling ciborium v0.2.2
2026-03-17T19:23:03.5051633Z    Compiling plotters v0.3.7
2026-03-17T19:23:03.6970153Z    Compiling ide v0.0.0 (/home/runner/work/rust-analyzer/rust-analyzer/crates/ide)
2026-03-17T19:23:03.8512926Z    Compiling rand_xorshift v0.4.0
2026-03-17T19:23:03.9382169Z    Compiling process-wrap v8.2.1
2026-03-17T19:23:04.3400414Z    Compiling tinytemplate v1.2.1
2026-03-17T19:23:04.7249775Z    Compiling lsp-server v0.7.9
2026-03-17T19:23:04.7953158Z    Compiling num_cpus v1.17.0
2026-03-17T19:23:04.8346800Z    Compiling tenthash v1.1.0
2026-03-17T19:23:04.9273095Z    Compiling unarray v0.1.4
2026-03-17T19:23:04.9917467Z    Compiling anes v0.1.6
2026-03-17T19:23:05.1538965Z    Compiling base64 v0.22.1
2026-03-17T19:23:05.1803758Z    Compiling text-size v1.1.1 (/home/runner/work/rust-analyzer/rust-analyzer/lib/text-size)
2026-03-17T19:23:05.2911723Z    Compiling criterion v0.7.0
2026-03-17T19:23:05.4559426Z    Compiling proptest v1.9.0
2026-03-17T19:23:06.9624874Z    Compiling ctrlc v3.5.0
2026-03-17T19:23:07.6068312Z    Compiling smol_str v0.3.6 (/home/runner/work/rust-analyzer/rust-analyzer/lib/smol_str)
2026-03-17T19:23:08.0643171Z    Compiling either v1.15.0
2026-03-17T19:23:11.2133823Z    Compiling lsp-server v0.7.9 (/home/runner/work/rust-analyzer/rust-analyzer/lib/lsp-server)
2026-03-17T19:23:11.3053314Z    Compiling derive_arbitrary v1.4.2
2026-03-17T19:23:12.2283266Z    Compiling ungrammar v1.16.1 (/home/runner/work/rust-analyzer/rust-analyzer/lib/ungrammar)
2026-03-17T19:23:12.5446826Z    Compiling arbitrary v1.4.2
2026-03-17T19:23:13.4723537Z    Compiling zip v4.6.1
2026-03-17T19:23:14.5384224Z    Compiling line-index v0.1.2 (/home/runner/work/rust-analyzer/rust-analyzer/lib/line-index)
2026-03-17T19:23:14.6683975Z    Compiling la-arena v0.3.1 (/home/runner/work/rust-analyzer/rust-analyzer/lib/la-arena)
2026-03-17T19:23:14.8110645Z    Compiling xtask v0.1.0 (/home/runner/work/rust-analyzer/rust-analyzer/xtask)
2026-03-17T19:23:20.0995460Z    Compiling ungrammar2json v1.0.0 (/home/runner/work/rust-analyzer/rust-analyzer/lib/ungrammar/ungrammar2json)
2026-03-17T19:24:25.1415875Z    Compiling edition v0.0.0 (/home/runner/work/rust-analyzer/rust-analyzer/crates/edition)
2026-03-17T19:24:35.4364020Z     Finished `test` profile [unoptimized + debuginfo] target(s) in 2m 56s
2026-03-17T19:24:35.7375269Z ────────────
2026-03-17T19:24:35.7375920Z  Nextest run ID d84d7a9d-17e0-4362-9227-be84ba4b2c90 with nextest profile: default
2026-03-17T19:24:35.7376557Z     Starting 7677 tests across 66 binaries (9 tests skipped)
2026-03-17T19:26:36.8400996Z ────────────
2026-03-17T19:26:36.8401836Z      Summary [ 121.102s] 7677 tests run: 7677 passed, 9 skipped
2026-03-17T19:26:36.8553037Z ##[group]Run taiki-e/install-action@cargo-machete
2026-03-17T19:26:36.8553402Z with:
2026-03-17T19:26:36.8553627Z   tool: cargo-machete
2026-03-17T19:26:36.8553853Z   checksum: true
2026-03-17T19:26:36.8554080Z   fallback: cargo-binstall
2026-03-17T19:26:36.8554317Z env:
2026-03-17T19:26:36.8554536Z   CARGO_INCREMENTAL: 0
2026-03-17T19:26:36.8554775Z   CARGO_NET_RETRY: 10
2026-03-17T19:26:36.8554988Z   CI: 1
2026-03-17T19:26:36.8555190Z   RUST_BACKTRACE: short
2026-03-17T19:26:36.8555417Z   RUSTUP_MAX_RETRIES: 10
2026-03-17T19:26:36.8555813Z   RUSTFLAGS: -D warnings -W unreachable-pub --cfg no_salsa_async_drops
2026-03-17T19:26:36.8556220Z   CC: deny_c
2026-03-17T19:26:36.8556435Z ##[endgroup]
2026-03-17T19:26:36.8574306Z ##[group]Run set -eu
2026-03-17T19:26:36.8574586Z [36;1mset -eu[0m
2026-03-17T19:26:36.8574836Z [36;1mif ! command -v bash >/dev/null; then[0m
2026-03-17T19:26:36.8575205Z [36;1m  if grep -Eq '^ID=alpine' /etc/os-release; then[0m
2026-03-17T19:26:36.8575749Z [36;1m    printf '::group::Install packages required for install-action (bash)\n'[0m
2026-03-17T19:26:36.8576217Z [36;1m    # NB: sync with apk_install in main.sh[0m
2026-03-17T19:26:36.8576566Z [36;1m    if command -v sudo >/dev/null; then[0m
2026-03-17T19:26:36.8576889Z [36;1m      sudo apk --no-cache add bash[0m
2026-03-17T19:26:36.8577222Z [36;1m    elif command -v doas >/dev/null; then[0m
2026-03-17T19:26:36.8577540Z [36;1m      doas apk --no-cache add bash[0m
2026-03-17T19:26:36.8577828Z [36;1m    else[0m
2026-03-17T19:26:36.8578059Z [36;1m      apk --no-cache add bash[0m
2026-03-17T19:26:36.8578324Z [36;1m    fi[0m
2026-03-17T19:26:36.8578544Z [36;1m    printf '::endgroup::\n'[0m
2026-03-17T19:26:36.8578834Z [36;1m  else[0m
2026-03-17T19:26:36.8579113Z [36;1m    printf '::error::install-action requires bash\n'[0m
2026-03-17T19:26:36.8579460Z [36;1m    exit 1[0m
2026-03-17T19:26:36.8579672Z [36;1m  fi[0m
2026-03-17T19:26:36.8579872Z [36;1mfi[0m
2026-03-17T19:26:36.8624871Z shell: /usr/bin/sh -e {0}
2026-03-17T19:26:36.8625131Z env:
2026-03-17T19:26:36.8625323Z   CARGO_INCREMENTAL: 0
2026-03-17T19:26:36.8625561Z   CARGO_NET_RETRY: 10
2026-03-17T19:26:36.8625771Z   CI: 1
2026-03-17T19:26:36.8625965Z   RUST_BACKTRACE: short
2026-03-17T19:26:36.8626208Z   RUSTUP_MAX_RETRIES: 10
2026-03-17T19:26:36.8626579Z   RUSTFLAGS: -D warnings -W unreachable-pub --cfg no_salsa_async_drops
2026-03-17T19:26:36.8627019Z   CC: deny_c
2026-03-17T19:26:36.8627226Z ##[endgroup]
2026-03-17T19:26:36.8710358Z ##[group]Run bash --noprofile --norc "${GITHUB_ACTION_PATH:?}/main.sh"
2026-03-17T19:26:36.8711478Z [36;1mbash --noprofile --norc "${GITHUB_ACTION_PATH:?}/main.sh"[0m
2026-03-17T19:26:36.8756776Z shell: /usr/bin/bash --noprofile --norc -e -o pipefail {0}
2026-03-17T19:26:36.8757258Z env:
2026-03-17T19:26:36.8757505Z   CARGO_INCREMENTAL: 0
2026-03-17T19:26:36.8757814Z   CARGO_NET_RETRY: 10
2026-03-17T19:26:36.8758100Z   CI: 1
2026-03-17T19:26:36.8758345Z   RUST_BACKTRACE: short
2026-03-17T19:26:36.8758674Z   RUSTUP_MAX_RETRIES: 10
2026-03-17T19:26:36.8759158Z   RUSTFLAGS: -D warnings -W unreachable-pub --cfg no_salsa_async_drops
2026-03-17T19:26:36.8759701Z   CC: deny_c
2026-03-17T19:26:36.8759970Z   INPUT_TOOL: cargo-machete
2026-03-17T19:26:36.8760306Z   INPUT_CHECKSUM: true
2026-03-17T19:26:36.8760618Z   INPUT_FALLBACK: cargo-binstall
2026-03-17T19:26:36.8761504Z   DEFAULT_GITHUB_TOKEN: ***
2026-03-17T19:26:36.8761959Z   ACTION_USER_AGENT: taiki-e/install-action (cargo-machete)
2026-03-17T19:26:36.8762444Z ##[endgroup]
2026-03-17T19:26:36.9034486Z info: host platform: x86_64_linux
2026-03-17T19:26:36.9226474Z info: installing cargo-machete@latest
2026-03-17T19:26:36.9370434Z info: downloading https://github.com/bnjbvr/cargo-machete/releases/download/v0.9.1/cargo-machete-v0.9.1-x86_64-unknown-linux-musl.tar.gz
2026-03-17T19:26:37.1122596Z info: verifying sha256 checksum for cargo-machete-v0.9.1-x86_64-unknown-linux-musl.tar.gz
2026-03-17T19:26:37.1753242Z info: cargo-machete installed at /home/runner/.cargo/bin/cargo-machete
2026-03-17T19:26:37.1756009Z + cargo-machete --version
2026-03-17T19:26:37.1764250Z 0.9.1
2026-03-17T19:26:37.1766255Z 
2026-03-17T19:26:37.1895861Z ##[group]Run cargo machete
2026-03-17T19:26:37.1896224Z [36;1mcargo machete[0m
2026-03-17T19:26:37.1949998Z shell: /usr/bin/bash --noprofile --norc -e -o pipefail {0}
2026-03-17T19:26:37.1950451Z env:
2026-03-17T19:26:37.1950697Z   CARGO_INCREMENTAL: 0
2026-03-17T19:26:37.1950996Z   CARGO_NET_RETRY: 10
2026-03-17T19:26:37.1951489Z   CI: 1
2026-03-17T19:26:37.1951740Z   RUST_BACKTRACE: short
2026-03-17T19:26:37.1952067Z   RUSTUP_MAX_RETRIES: 10
2026-03-17T19:26:37.1952526Z   RUSTFLAGS: -D warnings -W unreachable-pub --cfg no_salsa_async_drops
2026-03-17T19:26:37.1953036Z   CC: deny_c
2026-03-17T19:26:37.1953283Z ##[endgroup]
2026-03-17T19:26:37.2634540Z Analyzing dependencies of crates in this directory...
2026-03-17T19:26:42.6154634Z Done!
2026-03-17T19:26:42.6155352Z cargo-machete didn't find any unused dependencies in this directory. Good job!
2026-03-17T19:26:42.6249642Z Post job cleanup.
2026-03-17T19:26:42.7250576Z [command]/usr/bin/git version
2026-03-17T19:26:42.7293567Z git version 2.53.0
2026-03-17T19:26:42.7339020Z Temporarily overriding HOME='/home/runner/work/_temp/92db5ae6-2028-4364-883e-3b856332bff6' before making global git config changes
2026-03-17T19:26:42.7340751Z Adding repository directory to the temporary git global config as a safe directory
2026-03-17T19:26:42.7344419Z [command]/usr/bin/git config --global --add safe.directory /home/runner/work/rust-analyzer/rust-analyzer
2026-03-17T19:26:42.7388625Z [command]/usr/bin/git config --local --name-only --get-regexp core\.sshCommand
2026-03-17T19:26:42.7428377Z [command]/usr/bin/git submodule foreach --recursive sh -c "git config --local --name-only --get-regexp 'core\.sshCommand' && git config --local --unset-all 'core.sshCommand' || :"
2026-03-17T19:26:42.7695567Z [command]/usr/bin/git config --local --name-only --get-regexp http\.https\:\/\/github\.com\/\.extraheader
2026-03-17T19:26:42.7719946Z http.https://github.com/.extraheader
2026-03-17T19:26:42.7734561Z [command]/usr/bin/git config --local --unset-all http.https://github.com/.extraheader
2026-03-17T19:26:42.7768669Z [command]/usr/bin/git submodule foreach --recursive sh -c "git config --local --name-only --get-regexp 'http\.https\:\/\/github\.com\/\.extraheader' && git config --local --unset-all 'http.https://github.com/.extraheader' || :"
2026-03-17T19:26:42.8024848Z [command]/usr/bin/git config --local --name-only --get-regexp ^includeIf\.gitdir:
2026-03-17T19:26:42.8059582Z [command]/usr/bin/git submodule foreach --recursive git config --local --show-origin --name-only --get-regexp remote.origin.url
2026-03-17T19:26:42.8458482Z Cleaning up orphan processes
2026-03-17T19:26:42.8761941Z ##[warning]Node.js 20 actions are deprecated. The following actions are running on Node.js 20 and may not work as expected: actions/checkout@v4. Actions will be forced to run with Node.js 24 by default starting June 2nd, 2026. Please check if updated versions of these actions are available that support Node.js 24. To opt into Node.js 24 now, set the FORCE_JAVASCRIPT_ACTIONS_TO_NODE24=true environment variable on the runner or in your workflow file. Once Node.js 24 becomes the default, you can temporarily opt out by setting ACTIONS_ALLOW_USE_UNSECURE_NODE_VERSION=true. For more information see: https://github.blog/changelog/2025-09-19-deprecation-of-node-20-on-github-actions-runners/
