2026-04-29T21:37:10.5230162Z Current runner version: '2.334.0'
2026-04-29T21:37:10.5253787Z ##[group]Runner Image Provisioner
2026-04-29T21:37:10.5254513Z Hosted Compute Agent
2026-04-29T21:37:10.5255084Z Version: 20260213.493
2026-04-29T21:37:10.5255651Z Commit: 5c115507f6dd24b8de37d8bbe0bb4509d0cc0fa3
2026-04-29T21:37:10.5256260Z Build Date: 2026-02-13T00:28:41Z
2026-04-29T21:37:10.5256898Z Worker ID: {d44b49fa-5d0d-4e34-b2cd-275bb5aaaa36}
2026-04-29T21:37:10.5257526Z Azure Region: northcentralus
2026-04-29T21:37:10.5258082Z ##[endgroup]
2026-04-29T21:37:10.5259811Z ##[group]Operating System
2026-04-29T21:37:10.5260590Z Ubuntu
2026-04-29T21:37:10.5261038Z 22.04.5
2026-04-29T21:37:10.5261509Z LTS
2026-04-29T21:37:10.5261973Z ##[endgroup]
2026-04-29T21:37:10.5262410Z ##[group]Runner Image
2026-04-29T21:37:10.5262917Z Image: ubuntu-22.04
2026-04-29T21:37:10.5263389Z Version: 20260413.88.1
2026-04-29T21:37:10.5264484Z Included Software: https://github.com/actions/runner-images/blob/ubuntu22/20260413.88/images/ubuntu/Ubuntu2204-Readme.md
2026-04-29T21:37:10.5265755Z Image Release: https://github.com/actions/runner-images/releases/tag/ubuntu22%2F20260413.88
2026-04-29T21:37:10.5266563Z ##[endgroup]
2026-04-29T21:37:10.5268979Z ##[group]GITHUB_TOKEN Permissions
2026-04-29T21:37:10.5271384Z Actions: write
2026-04-29T21:37:10.5271848Z ArtifactMetadata: write
2026-04-29T21:37:10.5272429Z Attestations: write
2026-04-29T21:37:10.5272895Z Checks: write
2026-04-29T21:37:10.5273350Z Contents: write
2026-04-29T21:37:10.5273833Z Deployments: write
2026-04-29T21:37:10.5274318Z Discussions: write
2026-04-29T21:37:10.5274776Z Issues: write
2026-04-29T21:37:10.5275266Z Metadata: read
2026-04-29T21:37:10.5275740Z Models: read
2026-04-29T21:37:10.5276172Z Packages: write
2026-04-29T21:37:10.5276702Z Pages: write
2026-04-29T21:37:10.5277204Z PullRequests: write
2026-04-29T21:37:10.5277690Z RepositoryProjects: write
2026-04-29T21:37:10.5278173Z SecurityEvents: write
2026-04-29T21:37:10.5278701Z Statuses: write
2026-04-29T21:37:10.5279189Z VulnerabilityAlerts: read
2026-04-29T21:37:10.5279667Z ##[endgroup]
2026-04-29T21:37:10.5281940Z Secret source: Actions
2026-04-29T21:37:10.5282761Z Prepare workflow directory
2026-04-29T21:37:10.5663698Z Prepare all required actions
2026-04-29T21:37:10.5700803Z Getting action download info
2026-04-29T21:37:10.9313841Z Download action repository 'actions/checkout@v4' (SHA:34e114876b0b11c390a56381ad16ebd13914f8d5)
2026-04-29T21:37:11.1557183Z Complete job name: Build and Test on Ubuntu (ubuntu-22.04, g++-9)
2026-04-29T21:37:11.2179439Z ##[group]Run actions/checkout@v4
2026-04-29T21:37:11.2180460Z with:
2026-04-29T21:37:11.2180921Z   repository: jarro2783/cxxopts
2026-04-29T21:37:11.2181730Z   token: ***
2026-04-29T21:37:11.2182141Z   ssh-strict: true
2026-04-29T21:37:11.2182577Z   ssh-user: git
2026-04-29T21:37:11.2183064Z   persist-credentials: true
2026-04-29T21:37:11.2183542Z   clean: true
2026-04-29T21:37:11.2184031Z   sparse-checkout-cone-mode: true
2026-04-29T21:37:11.2184546Z   fetch-depth: 1
2026-04-29T21:37:11.2185020Z   fetch-tags: false
2026-04-29T21:37:11.2185525Z   show-progress: true
2026-04-29T21:37:11.2185966Z   lfs: false
2026-04-29T21:37:11.2186553Z   submodules: false
2026-04-29T21:37:11.2187009Z   set-safe-directory: true
2026-04-29T21:37:11.2187751Z env:
2026-04-29T21:37:11.2188172Z   BUILD_TYPE: Release
2026-04-29T21:37:11.2188659Z ##[endgroup]
2026-04-29T21:37:11.3206082Z Syncing repository: jarro2783/cxxopts
2026-04-29T21:37:11.3207756Z ##[group]Getting Git version info
2026-04-29T21:37:11.3208667Z Working directory is '/home/runner/work/cxxopts/cxxopts'
2026-04-29T21:37:11.3209707Z [command]/usr/bin/git version
2026-04-29T21:37:11.3256333Z git version 2.53.0
2026-04-29T21:37:11.3278813Z ##[endgroup]
2026-04-29T21:37:11.3299842Z Temporarily overriding HOME='/home/runner/work/_temp/d2f7bf80-b632-49a6-a036-39e836f7d45b' before making global git config changes
2026-04-29T21:37:11.3301449Z Adding repository directory to the temporary git global config as a safe directory
2026-04-29T21:37:11.3305439Z [command]/usr/bin/git config --global --add safe.directory /home/runner/work/cxxopts/cxxopts
2026-04-29T21:37:11.3334144Z Deleting the contents of '/home/runner/work/cxxopts/cxxopts'
2026-04-29T21:37:11.3336927Z ##[group]Initializing the repository
2026-04-29T21:37:11.3340773Z [command]/usr/bin/git init /home/runner/work/cxxopts/cxxopts
2026-04-29T21:37:11.3426302Z hint: Using 'master' as the name for the initial branch. This default branch name
2026-04-29T21:37:11.3427913Z hint: will change to "main" in Git 3.0. To configure the initial branch name
2026-04-29T21:37:11.3429470Z hint: to use in all of your new repositories, which will suppress this warning,
2026-04-29T21:37:11.3430748Z hint: call:
2026-04-29T21:37:11.3431165Z hint:
2026-04-29T21:37:11.3431763Z hint: 	git config --global init.defaultBranch <name>
2026-04-29T21:37:11.3432299Z hint:
2026-04-29T21:37:11.3432909Z hint: Names commonly chosen instead of 'master' are 'main', 'trunk' and
2026-04-29T21:37:11.3433999Z hint: 'development'. The just-created branch can be renamed via this command:
2026-04-29T21:37:11.3434825Z hint:
2026-04-29T21:37:11.3435262Z hint: 	git branch -m <name>
2026-04-29T21:37:11.3435738Z hint:
2026-04-29T21:37:11.3436366Z hint: Disable this message with "git config set advice.defaultBranchName false"
2026-04-29T21:37:11.3437293Z Initialized empty Git repository in /home/runner/work/cxxopts/cxxopts/.git/
2026-04-29T21:37:11.3439245Z [command]/usr/bin/git remote add origin https://github.com/jarro2783/cxxopts
2026-04-29T21:37:11.3465872Z ##[endgroup]
2026-04-29T21:37:11.3466660Z ##[group]Disabling automatic garbage collection
2026-04-29T21:37:11.3469128Z [command]/usr/bin/git config --local gc.auto 0
2026-04-29T21:37:11.3491374Z ##[endgroup]
2026-04-29T21:37:11.3492171Z ##[group]Setting up auth
2026-04-29T21:37:11.3497475Z [command]/usr/bin/git config --local --name-only --get-regexp core\.sshCommand
2026-04-29T21:37:11.3521558Z [command]/usr/bin/git submodule foreach --recursive sh -c "git config --local --name-only --get-regexp 'core\.sshCommand' && git config --local --unset-all 'core.sshCommand' || :"
2026-04-29T21:37:11.3782830Z [command]/usr/bin/git config --local --name-only --get-regexp http\.https\:\/\/github\.com\/\.extraheader
2026-04-29T21:37:11.3808142Z [command]/usr/bin/git submodule foreach --recursive sh -c "git config --local --name-only --get-regexp 'http\.https\:\/\/github\.com\/\.extraheader' && git config --local --unset-all 'http.https://github.com/.extraheader' || :"
2026-04-29T21:37:11.3974337Z [command]/usr/bin/git config --local --name-only --get-regexp ^includeIf\.gitdir:
2026-04-29T21:37:11.4001752Z [command]/usr/bin/git submodule foreach --recursive git config --local --show-origin --name-only --get-regexp remote.origin.url
2026-04-29T21:37:11.4171767Z [command]/usr/bin/git config --local http.https://github.com/.extraheader AUTHORIZATION: basic ***
2026-04-29T21:37:11.4199045Z ##[endgroup]
2026-04-29T21:37:11.4200520Z ##[group]Fetching the repository
2026-04-29T21:37:11.4207796Z [command]/usr/bin/git -c protocol.version=2 fetch --no-tags --prune --no-recurse-submodules --depth=1 origin +a3a21b31ef2894b5a802f041f40d51059469a259:refs/remotes/origin/master
2026-04-29T21:37:11.8053190Z From https://github.com/jarro2783/cxxopts
2026-04-29T21:37:11.8054209Z  * [new ref]         a3a21b31ef2894b5a802f041f40d51059469a259 -> origin/master
2026-04-29T21:37:11.8078904Z ##[endgroup]
2026-04-29T21:37:11.8080471Z ##[group]Determining the checkout info
2026-04-29T21:37:11.8081479Z ##[endgroup]
2026-04-29T21:37:11.8085093Z [command]/usr/bin/git sparse-checkout disable
2026-04-29T21:37:11.8117544Z [command]/usr/bin/git config --local --unset-all extensions.worktreeConfig
2026-04-29T21:37:11.8137804Z ##[group]Checking out the ref
2026-04-29T21:37:11.8142117Z [command]/usr/bin/git checkout --progress --force -B master refs/remotes/origin/master
2026-04-29T21:37:11.8219534Z Reset branch 'master'
2026-04-29T21:37:11.8220579Z branch 'master' set up to track 'origin/master'.
2026-04-29T21:37:11.8224853Z ##[endgroup]
2026-04-29T21:37:11.8254493Z [command]/usr/bin/git log -1 --format=%H
2026-04-29T21:37:11.8272463Z a3a21b31ef2894b5a802f041f40d51059469a259
2026-04-29T21:37:11.8561654Z ##[group]Run which g++-9 || (sudo apt-get update && sudo apt-get -y install g++-9)
2026-04-29T21:37:11.8562771Z [36;1mwhich g++-9 || (sudo apt-get update && sudo apt-get -y install g++-9)[0m
2026-04-29T21:37:11.8605822Z shell: /usr/bin/bash --noprofile --norc -e -o pipefail {0}
2026-04-29T21:37:11.8606497Z env:
2026-04-29T21:37:11.8606903Z   BUILD_TYPE: Release
2026-04-29T21:37:11.8607341Z ##[endgroup]
2026-04-29T21:37:11.9609502Z Get:1 file:/etc/apt/apt-mirrors.txt Mirrorlist [144 B]
2026-04-29T21:37:11.9982276Z Hit:6 https://packages.microsoft.com/repos/azure-cli jammy InRelease
2026-04-29T21:37:11.9983854Z Hit:2 http://azure.archive.ubuntu.com/ubuntu jammy InRelease
2026-04-29T21:37:11.9985419Z Get:7 https://packages.microsoft.com/ubuntu/22.04/prod jammy InRelease [3632 B]
2026-04-29T21:37:12.0008214Z Get:3 http://azure.archive.ubuntu.com/ubuntu jammy-updates InRelease [128 kB]
2026-04-29T21:37:12.0123862Z Get:4 http://azure.archive.ubuntu.com/ubuntu jammy-backports InRelease [127 kB]
2026-04-29T21:37:12.0143323Z Get:5 http://azure.archive.ubuntu.com/ubuntu jammy-security InRelease [129 kB]
2026-04-29T21:37:12.0696872Z Get:8 https://dl.google.com/linux/chrome-stable/deb stable InRelease [1825 B]
2026-04-29T21:37:12.1627476Z Get:9 https://packages.microsoft.com/ubuntu/22.04/prod jammy/main arm64 Packages [160 kB]
2026-04-29T21:37:12.1722386Z Get:10 https://packages.microsoft.com/ubuntu/22.04/prod jammy/main armhf Packages [21.9 kB]
2026-04-29T21:37:12.1739900Z Get:11 https://packages.microsoft.com/ubuntu/22.04/prod jammy/main amd64 Packages [343 kB]
2026-04-29T21:37:12.2242566Z Get:12 http://azure.archive.ubuntu.com/ubuntu jammy-updates/main amd64 Packages [3440 kB]
2026-04-29T21:37:12.2390517Z Get:13 http://azure.archive.ubuntu.com/ubuntu jammy-updates/main Translation-en [519 kB]
2026-04-29T21:37:12.2424818Z Get:14 http://azure.archive.ubuntu.com/ubuntu jammy-updates/main amd64 c-n-f Metadata [19.7 kB]
2026-04-29T21:37:12.2437774Z Get:15 http://azure.archive.ubuntu.com/ubuntu jammy-updates/restricted amd64 Packages [5826 kB]
2026-04-29T21:37:12.2738595Z Get:16 http://azure.archive.ubuntu.com/ubuntu jammy-updates/restricted Translation-en [1102 kB]
2026-04-29T21:37:12.2784630Z Get:17 http://azure.archive.ubuntu.com/ubuntu jammy-updates/restricted amd64 c-n-f Metadata [600 B]
2026-04-29T21:37:12.2795342Z Get:18 http://azure.archive.ubuntu.com/ubuntu jammy-updates/universe amd64 Packages [1268 kB]
2026-04-29T21:37:12.2859363Z Get:19 http://azure.archive.ubuntu.com/ubuntu jammy-updates/universe Translation-en [315 kB]
2026-04-29T21:37:12.2882797Z Get:20 http://azure.archive.ubuntu.com/ubuntu jammy-updates/universe amd64 c-n-f Metadata [30.5 kB]
2026-04-29T21:37:12.2894847Z Get:21 http://azure.archive.ubuntu.com/ubuntu jammy-updates/multiverse amd64 Packages [71.3 kB]
2026-04-29T21:37:12.3330981Z Get:22 http://azure.archive.ubuntu.com/ubuntu jammy-updates/multiverse Translation-en [15.5 kB]
2026-04-29T21:37:12.3343613Z Get:23 http://azure.archive.ubuntu.com/ubuntu jammy-updates/multiverse amd64 c-n-f Metadata [756 B]
2026-04-29T21:37:12.3354386Z Get:24 http://azure.archive.ubuntu.com/ubuntu jammy-backports/main amd64 Packages [70.1 kB]
2026-04-29T21:37:12.3370850Z Get:25 http://azure.archive.ubuntu.com/ubuntu jammy-backports/main Translation-en [11.4 kB]
2026-04-29T21:37:12.3382815Z Get:26 http://azure.archive.ubuntu.com/ubuntu jammy-backports/universe amd64 Packages [30.8 kB]
2026-04-29T21:37:12.3394194Z Get:27 http://azure.archive.ubuntu.com/ubuntu jammy-backports/universe Translation-en [16.9 kB]
2026-04-29T21:37:12.3836306Z Get:28 http://azure.archive.ubuntu.com/ubuntu jammy-security/main amd64 Packages [3174 kB]
2026-04-29T21:37:12.4011077Z Get:29 http://azure.archive.ubuntu.com/ubuntu jammy-security/main Translation-en [448 kB]
2026-04-29T21:37:12.4049609Z Get:30 http://azure.archive.ubuntu.com/ubuntu jammy-security/main amd64 c-n-f Metadata [14.2 kB]
2026-04-29T21:37:12.4062678Z Get:31 http://azure.archive.ubuntu.com/ubuntu jammy-security/restricted amd64 Packages [5594 kB]
2026-04-29T21:37:12.4373759Z Get:32 http://azure.archive.ubuntu.com/ubuntu jammy-security/restricted Translation-en [1070 kB]
2026-04-29T21:37:12.4452372Z Get:33 http://azure.archive.ubuntu.com/ubuntu jammy-security/universe amd64 Packages [1029 kB]
2026-04-29T21:37:12.4502211Z Get:38 https://dl.google.com/linux/chrome-stable/deb stable/main amd64 Packages [1217 B]
2026-04-29T21:37:12.4536595Z Get:34 http://azure.archive.ubuntu.com/ubuntu jammy-security/universe Translation-en [226 kB]
2026-04-29T21:37:12.4568597Z Get:35 http://azure.archive.ubuntu.com/ubuntu jammy-security/universe amd64 c-n-f Metadata [22.9 kB]
2026-04-29T21:37:12.5009003Z Get:36 http://azure.archive.ubuntu.com/ubuntu jammy-security/multiverse amd64 Packages [52.3 kB]
2026-04-29T21:37:12.5022257Z Get:37 http://azure.archive.ubuntu.com/ubuntu jammy-security/multiverse Translation-en [10.5 kB]
2026-04-29T21:37:18.5408997Z Fetched 25.3 MB in 3s (8942 kB/s)
2026-04-29T21:37:19.5769143Z Reading package lists...
2026-04-29T21:37:19.6341455Z Reading package lists...
2026-04-29T21:37:19.8588387Z Building dependency tree...
2026-04-29T21:37:19.8597097Z Reading state information...
2026-04-29T21:37:20.0324933Z The following additional packages will be installed:
2026-04-29T21:37:20.0332607Z   libstdc++-9-dev
2026-04-29T21:37:20.0343766Z Suggested packages:
2026-04-29T21:37:20.0509154Z   g++-9-multilib gcc-9-doc libstdc++-9-doc
2026-04-29T21:37:20.0509602Z The following NEW packages will be installed:
2026-04-29T21:37:20.0517238Z   g++-9 libstdc++-9-dev
2026-04-29T21:37:20.0667370Z 0 upgraded, 2 newly installed, 0 to remove and 58 not upgraded.
2026-04-29T21:37:20.0668777Z Need to get 13.7 MB of archives.
2026-04-29T21:37:20.0669408Z After this operation, 48.9 MB of additional disk space will be used.
2026-04-29T21:37:20.0670339Z Get:1 file:/etc/apt/apt-mirrors.txt Mirrorlist [144 B]
2026-04-29T21:37:20.1096351Z Get:2 http://azure.archive.ubuntu.com/ubuntu jammy-updates/universe amd64 libstdc++-9-dev amd64 9.5.0-1ubuntu1~22.04.1 [1824 kB]
2026-04-29T21:37:20.1604257Z Get:3 http://azure.archive.ubuntu.com/ubuntu jammy-updates/universe amd64 g++-9 amd64 9.5.0-1ubuntu1~22.04.1 [11.9 MB]
2026-04-29T21:37:20.5975934Z Fetched 13.7 MB in 0s (56.1 MB/s)
2026-04-29T21:37:20.6194313Z Selecting previously unselected package libstdc++-9-dev:amd64.
2026-04-29T21:37:20.6402135Z (Reading database ... 
2026-04-29T21:37:20.6402701Z (Reading database ... 5%
2026-04-29T21:37:20.6402916Z (Reading database ... 10%
2026-04-29T21:37:20.6403181Z (Reading database ... 15%
2026-04-29T21:37:20.6403389Z (Reading database ... 20%
2026-04-29T21:37:20.6403696Z (Reading database ... 25%
2026-04-29T21:37:20.6404012Z (Reading database ... 30%
2026-04-29T21:37:20.6404353Z (Reading database ... 35%
2026-04-29T21:37:20.6404560Z (Reading database ... 40%
2026-04-29T21:37:20.6404746Z (Reading database ... 45%
2026-04-29T21:37:20.6405027Z (Reading database ... 50%
2026-04-29T21:37:20.7358659Z (Reading database ... 55%
2026-04-29T21:37:20.8091205Z (Reading database ... 60%
2026-04-29T21:37:20.8558663Z (Reading database ... 65%
2026-04-29T21:37:21.0340252Z (Reading database ... 70%
2026-04-29T21:37:21.2886225Z (Reading database ... 75%
2026-04-29T21:37:21.4872473Z (Reading database ... 80%
2026-04-29T21:37:21.7433004Z (Reading database ... 85%
2026-04-29T21:37:21.9811934Z (Reading database ... 90%
2026-04-29T21:37:22.1999350Z (Reading database ... 95%
2026-04-29T21:37:22.1999610Z (Reading database ... 100%
2026-04-29T21:37:22.1999947Z (Reading database ... 286901 files and directories currently installed.)
2026-04-29T21:37:22.2069505Z Preparing to unpack .../libstdc++-9-dev_9.5.0-1ubuntu1~22.04.1_amd64.deb ...
2026-04-29T21:37:22.2095661Z Unpacking libstdc++-9-dev:amd64 (9.5.0-1ubuntu1~22.04.1) ...
2026-04-29T21:37:22.3679404Z Selecting previously unselected package g++-9.
2026-04-29T21:37:22.3846096Z Preparing to unpack .../g++-9_9.5.0-1ubuntu1~22.04.1_amd64.deb ...
2026-04-29T21:37:22.3860196Z Unpacking g++-9 (9.5.0-1ubuntu1~22.04.1) ...
2026-04-29T21:37:22.5653634Z Setting up libstdc++-9-dev:amd64 (9.5.0-1ubuntu1~22.04.1) ...
2026-04-29T21:37:22.5681992Z Setting up g++-9 (9.5.0-1ubuntu1~22.04.1) ...
2026-04-29T21:37:22.5706913Z Processing triggers for man-db (2.10.2-1) ...
2026-04-29T21:37:22.5726604Z Not building database; man-db/auto-update is not 'true'.
2026-04-29T21:37:23.0230939Z 
2026-04-29T21:37:23.0231434Z Running kernel seems to be up-to-date.
2026-04-29T21:37:23.0232050Z 
2026-04-29T21:37:23.0232189Z No services need to be restarted.
2026-04-29T21:37:23.0232465Z 
2026-04-29T21:37:23.0232559Z No containers need to be restarted.
2026-04-29T21:37:23.0232716Z 
2026-04-29T21:37:23.0232832Z No user sessions are running outdated binaries.
2026-04-29T21:37:23.0233013Z 
2026-04-29T21:37:23.0233180Z No VM guests are running outdated hypervisor (qemu) binaries on this host.
2026-04-29T21:37:24.5451789Z ##[group]Run cmake -S "/home/runner/work/cxxopts/cxxopts" -B "/home/runner/work/cxxopts/cxxopts/build" -DCMAKE_BUILD_TYPE=$BUILD_TYPE -DCMAKE_CXX_COMPILER=g++-9
2026-04-29T21:37:24.5452849Z [36;1mcmake -S "/home/runner/work/cxxopts/cxxopts" -B "/home/runner/work/cxxopts/cxxopts/build" -DCMAKE_BUILD_TYPE=$BUILD_TYPE -DCMAKE_CXX_COMPILER=g++-9[0m
2026-04-29T21:37:24.5488342Z shell: /usr/bin/bash --noprofile --norc -e -o pipefail {0}
2026-04-29T21:37:24.5488710Z env:
2026-04-29T21:37:24.5488968Z   BUILD_TYPE: Release
2026-04-29T21:37:24.5489156Z ##[endgroup]
2026-04-29T21:37:25.6455964Z -- The CXX compiler identification is GNU 9.5.0
2026-04-29T21:37:25.7693190Z -- Detecting CXX compiler ABI info
2026-04-29T21:37:25.9671045Z -- Detecting CXX compiler ABI info - done
2026-04-29T21:37:25.9816383Z -- Check for working CXX compiler: /usr/bin/g++-9 - skipped
2026-04-29T21:37:25.9889802Z -- Detecting CXX compile features
2026-04-29T21:37:25.9955046Z -- Detecting CXX compile features - done
2026-04-29T21:37:26.0786926Z -- Configuring done (1.0s)
2026-04-29T21:37:26.0953596Z -- Generating done (0.0s)
2026-04-29T21:37:26.0956236Z -- Build files have been written to: /home/runner/work/cxxopts/cxxopts/build
2026-04-29T21:37:26.1001450Z ##[group]Run cmake --build "/home/runner/work/cxxopts/cxxopts/build" --config $BUILD_TYPE
2026-04-29T21:37:26.1001991Z [36;1mcmake --build "/home/runner/work/cxxopts/cxxopts/build" --config $BUILD_TYPE[0m
2026-04-29T21:37:26.1034982Z shell: /usr/bin/bash --noprofile --norc -e -o pipefail {0}
2026-04-29T21:37:26.1035281Z env:
2026-04-29T21:37:26.1035444Z   BUILD_TYPE: Release
2026-04-29T21:37:26.1035619Z ##[endgroup]
2026-04-29T21:37:26.1214654Z [  9%] Building CXX object src/CMakeFiles/example.dir/example.cpp.o
2026-04-29T21:37:32.7038648Z [ 18%] Linking CXX executable example
2026-04-29T21:37:32.7656676Z [ 18%] Built target example
2026-04-29T21:37:32.7715324Z [ 27%] Building CXX object test/CMakeFiles/options_test.dir/main.cpp.o
2026-04-29T21:37:44.8765595Z [ 36%] Building CXX object test/CMakeFiles/options_test.dir/options.cpp.o
2026-04-29T21:37:55.8161669Z [ 45%] Linking CXX executable options_test
2026-04-29T21:37:55.9072324Z [ 45%] Built target options_test
2026-04-29T21:37:55.9128550Z [ 54%] Building CXX object test/CMakeFiles/options_test_noregex.dir/main.cpp.o
2026-04-29T21:38:07.6539027Z [ 63%] Building CXX object test/CMakeFiles/options_test_noregex.dir/options.cpp.o
2026-04-29T21:38:15.8306459Z [ 72%] Linking CXX executable options_test_noregex
2026-04-29T21:38:15.9171046Z [ 72%] Built target options_test_noregex
2026-04-29T21:38:15.9227552Z [ 81%] Building CXX object test/CMakeFiles/link_test.dir/link_a.cpp.o
2026-04-29T21:38:16.7096756Z [ 90%] Building CXX object test/CMakeFiles/link_test.dir/link_b.cpp.o
2026-04-29T21:38:17.4891117Z [100%] Linking CXX executable link_test
2026-04-29T21:38:17.5360337Z [100%] Built target link_test
2026-04-29T21:38:17.5413030Z ##[group]Run ctest -C $BUILD_TYPE --output-on-failure
2026-04-29T21:38:17.5413373Z [36;1mctest -C $BUILD_TYPE --output-on-failure[0m
2026-04-29T21:38:17.5445468Z shell: /usr/bin/bash --noprofile --norc -e -o pipefail {0}
2026-04-29T21:38:17.5445910Z env:
2026-04-29T21:38:17.5446071Z   BUILD_TYPE: Release
2026-04-29T21:38:17.5446266Z ##[endgroup]
2026-04-29T21:38:18.0007117Z Test project /home/runner/work/cxxopts/cxxopts/build/test
2026-04-29T21:38:18.0387151Z     Start 1: options
2026-04-29T21:38:18.0477137Z 1/4 Test #1: options ..........................   Passed    0.00 sec
2026-04-29T21:38:18.0478460Z     Start 2: options_no_regex
2026-04-29T21:38:18.0511720Z 2/4 Test #2: options_no_regex .................   Passed    0.00 sec
2026-04-29T21:38:18.0512908Z     Start 3: find-package-test
2026-04-29T21:38:24.6492227Z 3/4 Test #3: find-package-test ................   Passed    6.60 sec
2026-04-29T21:38:24.6493538Z     Start 4: add-subdirectory-test
2026-04-29T21:38:30.6860676Z 4/4 Test #4: add-subdirectory-test ............   Passed    6.04 sec
2026-04-29T21:38:30.6862894Z 
2026-04-29T21:38:30.6863528Z 100% tests passed, 0 tests failed out of 4
2026-04-29T21:38:30.6863878Z 
2026-04-29T21:38:30.6864001Z Total Test time (real) =  12.69 sec
2026-04-29T21:38:30.6947806Z Post job cleanup.
2026-04-29T21:38:30.7829063Z [command]/usr/bin/git version
2026-04-29T21:38:30.7860538Z git version 2.53.0
2026-04-29T21:38:30.7897663Z Temporarily overriding HOME='/home/runner/work/_temp/383fd8f6-d73f-40a5-b10d-60b638777504' before making global git config changes
2026-04-29T21:38:30.7898457Z Adding repository directory to the temporary git global config as a safe directory
2026-04-29T21:38:30.7902604Z [command]/usr/bin/git config --global --add safe.directory /home/runner/work/cxxopts/cxxopts
2026-04-29T21:38:30.7932832Z [command]/usr/bin/git config --local --name-only --get-regexp core\.sshCommand
2026-04-29T21:38:30.7959333Z [command]/usr/bin/git submodule foreach --recursive sh -c "git config --local --name-only --get-regexp 'core\.sshCommand' && git config --local --unset-all 'core.sshCommand' || :"
2026-04-29T21:38:30.8129240Z [command]/usr/bin/git config --local --name-only --get-regexp http\.https\:\/\/github\.com\/\.extraheader
2026-04-29T21:38:30.8147758Z http.https://github.com/.extraheader
2026-04-29T21:38:30.8158514Z [command]/usr/bin/git config --local --unset-all http.https://github.com/.extraheader
2026-04-29T21:38:30.8183041Z [command]/usr/bin/git submodule foreach --recursive sh -c "git config --local --name-only --get-regexp 'http\.https\:\/\/github\.com\/\.extraheader' && git config --local --unset-all 'http.https://github.com/.extraheader' || :"
2026-04-29T21:38:30.8345827Z [command]/usr/bin/git config --local --name-only --get-regexp ^includeIf\.gitdir:
2026-04-29T21:38:30.8371907Z [command]/usr/bin/git submodule foreach --recursive git config --local --show-origin --name-only --get-regexp remote.origin.url
2026-04-29T21:38:30.8638094Z Cleaning up orphan processes
2026-04-29T21:38:30.8845485Z ##[warning]Node.js 20 actions are deprecated. The following actions are running on Node.js 20 and may not work as expected: actions/checkout@v4. Actions will be forced to run with Node.js 24 by default starting June 2nd, 2026. Node.js 20 will be removed from the runner on September 16th, 2026. Please check if updated versions of these actions are available that support Node.js 24. To opt into Node.js 24 now, set the FORCE_JAVASCRIPT_ACTIONS_TO_NODE24=true environment variable on the runner or in your workflow file. Once Node.js 24 becomes the default, you can temporarily opt out by setting ACTIONS_ALLOW_USE_UNSECURE_NODE_VERSION=true. For more information see: https://github.blog/changelog/2025-09-19-deprecation-of-node-20-on-github-actions-runners/
