2026-03-05T14:01:39.0720927Z Current runner version: '2.331.0'
2026-03-05T14:01:39.0744492Z ##[group]Runner Image Provisioner
2026-03-05T14:01:39.0745353Z Hosted Compute Agent
2026-03-05T14:01:39.0745866Z Version: 20260213.493
2026-03-05T14:01:39.0746898Z Commit: 5c115507f6dd24b8de37d8bbe0bb4509d0cc0fa3
2026-03-05T14:01:39.0747610Z Build Date: 2026-02-13T00:28:41Z
2026-03-05T14:01:39.0748263Z Worker ID: {a05e0f2b-2eb7-485d-b2a3-7e842747d1bd}
2026-03-05T14:01:39.0749038Z Azure Region: eastus
2026-03-05T14:01:39.0749583Z ##[endgroup]
2026-03-05T14:01:39.0751042Z ##[group]Operating System
2026-03-05T14:01:39.0751728Z Ubuntu
2026-03-05T14:01:39.0752214Z 24.04.3
2026-03-05T14:01:39.0752630Z LTS
2026-03-05T14:01:39.0753166Z ##[endgroup]
2026-03-05T14:01:39.0753666Z ##[group]Runner Image
2026-03-05T14:01:39.0754198Z Image: ubuntu-24.04
2026-03-05T14:01:39.0754786Z Version: 20260302.42.1
2026-03-05T14:01:39.0755944Z Included Software: https://github.com/actions/runner-images/blob/ubuntu24/20260302.42/images/ubuntu/Ubuntu2404-Readme.md
2026-03-05T14:01:39.0757655Z Image Release: https://github.com/actions/runner-images/releases/tag/ubuntu24%2F20260302.42
2026-03-05T14:01:39.0758589Z ##[endgroup]
2026-03-05T14:01:39.0759620Z ##[group]GITHUB_TOKEN Permissions
2026-03-05T14:01:39.0761390Z Contents: read
2026-03-05T14:01:39.0761911Z Metadata: read
2026-03-05T14:01:39.0762516Z ##[endgroup]
2026-03-05T14:01:39.0764451Z Secret source: Actions
2026-03-05T14:01:39.0765155Z Prepare workflow directory
2026-03-05T14:01:39.1078950Z Prepare all required actions
2026-03-05T14:01:39.1115963Z Getting action download info
2026-03-05T14:01:39.5047416Z Download action repository 'actions/checkout@v6' (SHA:de0fac2e4500dabe0009e67214ff5f5447ce83dd)
2026-03-05T14:01:39.9013760Z Download action repository 'actions/setup-node@v6' (SHA:53b83947a5a98c8d113130e565377fae1a50d02f)
2026-03-05T14:01:40.1748910Z Download action repository 'codecov/codecov-action@v5' (SHA:671740ac38dd9b0130fbe1cec585b89eea48d3de)
2026-03-05T14:01:40.4487544Z Getting action download info
2026-03-05T14:01:40.5623963Z Download action repository 'actions/github-script@60a0d83039c74a4aee543508d2ffcb1c3799cdea' (SHA:60a0d83039c74a4aee543508d2ffcb1c3799cdea)
2026-03-05T14:01:40.8888805Z Uses: mochajs/mocha/.github/workflows/npm-script.yml@refs/pull/5748/merge (dfacfe590d8c70a547001bf382077fc1fdc0e94b)
2026-03-05T14:01:40.8894690Z ##[group] Inputs
2026-03-05T14:01:40.8895681Z   npm-script: test-node:integration
2026-03-05T14:01:40.8896948Z   browsers: 
2026-03-05T14:01:40.8897769Z   node-versions: 
2026-03-05T14:01:40.8898615Z   os: 
2026-03-05T14:01:40.8899788Z   coverage: false
2026-03-05T14:01:40.8900671Z ##[endgroup]
2026-03-05T14:01:40.8901853Z Complete job name: test-node-lts (integration) / test-node:integration
2026-03-05T14:01:40.9699426Z ##[group]Run actions/checkout@v6
2026-03-05T14:01:40.9700899Z with:
2026-03-05T14:01:40.9701820Z   persist-credentials: false
2026-03-05T14:01:40.9702824Z   repository: mochajs/mocha
2026-03-05T14:01:40.9704144Z   token: ***
2026-03-05T14:01:40.9704980Z   ssh-strict: true
2026-03-05T14:01:40.9705889Z   ssh-user: git
2026-03-05T14:01:40.9706953Z   clean: true
2026-03-05T14:01:40.9707841Z   sparse-checkout-cone-mode: true
2026-03-05T14:01:40.9708927Z   fetch-depth: 1
2026-03-05T14:01:40.9709727Z   fetch-tags: false
2026-03-05T14:01:40.9710721Z   show-progress: true
2026-03-05T14:01:40.9711608Z   lfs: false
2026-03-05T14:01:40.9712457Z   submodules: false
2026-03-05T14:01:40.9713407Z   set-safe-directory: true
2026-03-05T14:01:40.9714712Z ##[endgroup]
2026-03-05T14:01:41.0717244Z Syncing repository: mochajs/mocha
2026-03-05T14:01:41.0721168Z ##[group]Getting Git version info
2026-03-05T14:01:41.0723603Z Working directory is '/home/runner/work/mocha/mocha'
2026-03-05T14:01:41.0727292Z [command]/usr/bin/git version
2026-03-05T14:01:41.0774450Z git version 2.53.0
2026-03-05T14:01:41.0798953Z ##[endgroup]
2026-03-05T14:01:41.0813827Z Temporarily overriding HOME='/home/runner/work/_temp/003bd510-5ba7-40ef-accd-63dca91c6dc7' before making global git config changes
2026-03-05T14:01:41.0819359Z Adding repository directory to the temporary git global config as a safe directory
2026-03-05T14:01:41.0823578Z [command]/usr/bin/git config --global --add safe.directory /home/runner/work/mocha/mocha
2026-03-05T14:01:41.0864692Z Deleting the contents of '/home/runner/work/mocha/mocha'
2026-03-05T14:01:41.0868656Z ##[group]Initializing the repository
2026-03-05T14:01:41.0873066Z [command]/usr/bin/git init /home/runner/work/mocha/mocha
2026-03-05T14:01:41.1003174Z hint: Using 'master' as the name for the initial branch. This default branch name
2026-03-05T14:01:41.1008872Z hint: will change to "main" in Git 3.0. To configure the initial branch name
2026-03-05T14:01:41.1012285Z hint: to use in all of your new repositories, which will suppress this warning,
2026-03-05T14:01:41.1015122Z hint: call:
2026-03-05T14:01:41.1016805Z hint:
2026-03-05T14:01:41.1018644Z hint: 	git config --global init.defaultBranch <name>
2026-03-05T14:01:41.1020945Z hint:
2026-03-05T14:01:41.1022981Z hint: Names commonly chosen instead of 'master' are 'main', 'trunk' and
2026-03-05T14:01:41.1026942Z hint: 'development'. The just-created branch can be renamed via this command:
2026-03-05T14:01:41.1029608Z hint:
2026-03-05T14:01:41.1031230Z hint: 	git branch -m <name>
2026-03-05T14:01:41.1032950Z hint:
2026-03-05T14:01:41.1035210Z hint: Disable this message with "git config set advice.defaultBranchName false"
2026-03-05T14:01:41.1107545Z Initialized empty Git repository in /home/runner/work/mocha/mocha/.git/
2026-03-05T14:01:41.1112661Z [command]/usr/bin/git remote add origin https://github.com/mochajs/mocha
2026-03-05T14:01:41.1118026Z ##[endgroup]
2026-03-05T14:01:41.1120543Z ##[group]Disabling automatic garbage collection
2026-03-05T14:01:41.1122794Z [command]/usr/bin/git config --local gc.auto 0
2026-03-05T14:01:41.1127488Z ##[endgroup]
2026-03-05T14:01:41.1129663Z ##[group]Setting up auth
2026-03-05T14:01:41.1131279Z Removing SSH command configuration
2026-03-05T14:01:41.1134238Z [command]/usr/bin/git config --local --name-only --get-regexp core\.sshCommand
2026-03-05T14:01:41.1145155Z [command]/usr/bin/git submodule foreach --recursive sh -c "git config --local --name-only --get-regexp 'core\.sshCommand' && git config --local --unset-all 'core.sshCommand' || :"
2026-03-05T14:01:41.1549031Z Removing HTTP extra header
2026-03-05T14:01:41.1555764Z [command]/usr/bin/git config --local --name-only --get-regexp http\.https\:\/\/github\.com\/\.extraheader
2026-03-05T14:01:41.1591140Z [command]/usr/bin/git submodule foreach --recursive sh -c "git config --local --name-only --get-regexp 'http\.https\:\/\/github\.com\/\.extraheader' && git config --local --unset-all 'http.https://github.com/.extraheader' || :"
2026-03-05T14:01:41.1838595Z Removing includeIf entries pointing to credentials config files
2026-03-05T14:01:41.1844705Z [command]/usr/bin/git config --local --name-only --get-regexp ^includeIf\.gitdir:
2026-03-05T14:01:41.1879974Z [command]/usr/bin/git submodule foreach --recursive git config --local --show-origin --name-only --get-regexp remote.origin.url
2026-03-05T14:01:41.2118489Z [command]/usr/bin/git config --file /home/runner/work/_temp/git-credentials-de22290c-6347-48d6-a969-3a8c39e2fe9c.config http.https://github.com/.extraheader AUTHORIZATION: basic ***
2026-03-05T14:01:41.2156024Z [command]/usr/bin/git config --local includeIf.gitdir:/home/runner/work/mocha/mocha/.git.path /home/runner/work/_temp/git-credentials-de22290c-6347-48d6-a969-3a8c39e2fe9c.config
2026-03-05T14:01:41.2189187Z [command]/usr/bin/git config --local includeIf.gitdir:/home/runner/work/mocha/mocha/.git/worktrees/*.path /home/runner/work/_temp/git-credentials-de22290c-6347-48d6-a969-3a8c39e2fe9c.config
2026-03-05T14:01:41.2222036Z [command]/usr/bin/git config --local includeIf.gitdir:/github/workspace/.git.path /github/runner_temp/git-credentials-de22290c-6347-48d6-a969-3a8c39e2fe9c.config
2026-03-05T14:01:41.2260039Z [command]/usr/bin/git config --local includeIf.gitdir:/github/workspace/.git/worktrees/*.path /github/runner_temp/git-credentials-de22290c-6347-48d6-a969-3a8c39e2fe9c.config
2026-03-05T14:01:41.2287949Z ##[endgroup]
2026-03-05T14:01:41.2290277Z ##[group]Fetching the repository
2026-03-05T14:01:41.2299174Z [command]/usr/bin/git -c protocol.version=2 fetch --no-tags --prune --no-recurse-submodules --depth=1 origin +dfacfe590d8c70a547001bf382077fc1fdc0e94b:refs/remotes/pull/5748/merge
2026-03-05T14:01:41.5470728Z From https://github.com/mochajs/mocha
2026-03-05T14:01:41.5474464Z  * [new ref]         dfacfe590d8c70a547001bf382077fc1fdc0e94b -> pull/5748/merge
2026-03-05T14:01:41.5509820Z ##[endgroup]
2026-03-05T14:01:41.5512439Z ##[group]Determining the checkout info
2026-03-05T14:01:41.5514483Z ##[endgroup]
2026-03-05T14:01:41.5516570Z [command]/usr/bin/git sparse-checkout disable
2026-03-05T14:01:41.5561145Z [command]/usr/bin/git config --local --unset-all extensions.worktreeConfig
2026-03-05T14:01:41.5590015Z ##[group]Checking out the ref
2026-03-05T14:01:41.5592905Z [command]/usr/bin/git checkout --progress --force refs/remotes/pull/5748/merge
2026-03-05T14:01:41.5974607Z Note: switching to 'refs/remotes/pull/5748/merge'.
2026-03-05T14:01:41.5975751Z 
2026-03-05T14:01:41.5977026Z You are in 'detached HEAD' state. You can look around, make experimental
2026-03-05T14:01:41.5979307Z changes and commit them, and you can discard any commits you make in this
2026-03-05T14:01:41.5983082Z state without impacting any branches by switching back to a branch.
2026-03-05T14:01:41.5985100Z 
2026-03-05T14:01:41.5986707Z If you want to create a new branch to retain commits you create, you may
2026-03-05T14:01:41.5989690Z do so (now or later) by using -c with the switch command. Example:
2026-03-05T14:01:41.5991635Z 
2026-03-05T14:01:41.5992297Z   git switch -c <new-branch-name>
2026-03-05T14:01:41.5993505Z 
2026-03-05T14:01:41.5994111Z Or undo this operation with:
2026-03-05T14:01:41.5995044Z 
2026-03-05T14:01:41.5995554Z   git switch -
2026-03-05T14:01:41.5996563Z 
2026-03-05T14:01:41.5997765Z Turn off this advice by setting config variable advice.detachedHead to false
2026-03-05T14:01:41.5998911Z 
2026-03-05T14:01:41.6000119Z HEAD is now at dfacfe5 Merge 3cadd672e8177d3b4e1416c1ba54bf921525e2a0 into e61c8d5ff69a91f039fd42bed7d7f4988740d0ca
2026-03-05T14:01:41.6004422Z ##[endgroup]
2026-03-05T14:01:41.6025043Z [command]/usr/bin/git log -1 --format=%H
2026-03-05T14:01:41.6049365Z dfacfe590d8c70a547001bf382077fc1fdc0e94b
2026-03-05T14:01:41.6059368Z ##[group]Removing auth
2026-03-05T14:01:41.6060321Z Removing SSH command configuration
2026-03-05T14:01:41.6062944Z [command]/usr/bin/git config --local --name-only --get-regexp core\.sshCommand
2026-03-05T14:01:41.6095869Z [command]/usr/bin/git submodule foreach --recursive sh -c "git config --local --name-only --get-regexp 'core\.sshCommand' && git config --local --unset-all 'core.sshCommand' || :"
2026-03-05T14:01:41.6328857Z Removing HTTP extra header
2026-03-05T14:01:41.6334437Z [command]/usr/bin/git config --local --name-only --get-regexp http\.https\:\/\/github\.com\/\.extraheader
2026-03-05T14:01:41.6371159Z [command]/usr/bin/git submodule foreach --recursive sh -c "git config --local --name-only --get-regexp 'http\.https\:\/\/github\.com\/\.extraheader' && git config --local --unset-all 'http.https://github.com/.extraheader' || :"
2026-03-05T14:01:41.6619870Z Removing includeIf entries pointing to credentials config files
2026-03-05T14:01:41.6622707Z [command]/usr/bin/git config --local --name-only --get-regexp ^includeIf\.gitdir:
2026-03-05T14:01:41.6646016Z includeif.gitdir:/home/runner/work/mocha/mocha/.git.path
2026-03-05T14:01:41.6649190Z includeif.gitdir:/home/runner/work/mocha/mocha/.git/worktrees/*.path
2026-03-05T14:01:41.6651959Z includeif.gitdir:/github/workspace/.git.path
2026-03-05T14:01:41.6654238Z includeif.gitdir:/github/workspace/.git/worktrees/*.path
2026-03-05T14:01:41.6659543Z [command]/usr/bin/git config --local --get-all includeif.gitdir:/home/runner/work/mocha/mocha/.git.path
2026-03-05T14:01:41.6682050Z /home/runner/work/_temp/git-credentials-de22290c-6347-48d6-a969-3a8c39e2fe9c.config
2026-03-05T14:01:41.6692787Z [command]/usr/bin/git config --local --unset includeif.gitdir:/home/runner/work/mocha/mocha/.git.path /home/runner/work/_temp/git-credentials-de22290c-6347-48d6-a969-3a8c39e2fe9c.config
2026-03-05T14:01:41.6725148Z [command]/usr/bin/git config --local --get-all includeif.gitdir:/home/runner/work/mocha/mocha/.git/worktrees/*.path
2026-03-05T14:01:41.6746757Z /home/runner/work/_temp/git-credentials-de22290c-6347-48d6-a969-3a8c39e2fe9c.config
2026-03-05T14:01:41.6756381Z [command]/usr/bin/git config --local --unset includeif.gitdir:/home/runner/work/mocha/mocha/.git/worktrees/*.path /home/runner/work/_temp/git-credentials-de22290c-6347-48d6-a969-3a8c39e2fe9c.config
2026-03-05T14:01:41.6787947Z [command]/usr/bin/git config --local --get-all includeif.gitdir:/github/workspace/.git.path
2026-03-05T14:01:41.6811905Z /github/runner_temp/git-credentials-de22290c-6347-48d6-a969-3a8c39e2fe9c.config
2026-03-05T14:01:41.6822409Z [command]/usr/bin/git config --local --unset includeif.gitdir:/github/workspace/.git.path /github/runner_temp/git-credentials-de22290c-6347-48d6-a969-3a8c39e2fe9c.config
2026-03-05T14:01:41.6854641Z [command]/usr/bin/git config --local --get-all includeif.gitdir:/github/workspace/.git/worktrees/*.path
2026-03-05T14:01:41.6884446Z /github/runner_temp/git-credentials-de22290c-6347-48d6-a969-3a8c39e2fe9c.config
2026-03-05T14:01:41.6889841Z [command]/usr/bin/git config --local --unset includeif.gitdir:/github/workspace/.git/worktrees/*.path /github/runner_temp/git-credentials-de22290c-6347-48d6-a969-3a8c39e2fe9c.config
2026-03-05T14:01:41.6921537Z [command]/usr/bin/git submodule foreach --recursive git config --local --show-origin --name-only --get-regexp remote.origin.url
2026-03-05T14:01:41.7150642Z Removing credentials config '/home/runner/work/_temp/git-credentials-de22290c-6347-48d6-a969-3a8c39e2fe9c.config'
2026-03-05T14:01:41.7157576Z ##[endgroup]
2026-03-05T14:01:41.7440272Z ##[group]Run actions/setup-node@v6
2026-03-05T14:01:41.7441199Z with:
2026-03-05T14:01:41.7441881Z   node-version: 22
2026-03-05T14:01:41.7442626Z   cache: npm
2026-03-05T14:01:41.7443334Z   check-latest: false
2026-03-05T14:01:41.7444342Z   token: ***
2026-03-05T14:01:41.7445095Z   package-manager-cache: true
2026-03-05T14:01:41.7445952Z ##[endgroup]
2026-03-05T14:01:41.8979577Z Found in cache @ /opt/hostedtoolcache/node/22.22.0/x64
2026-03-05T14:01:41.8983492Z ##[group]Environment details
2026-03-05T14:01:46.4992785Z node: v22.22.0
2026-03-05T14:01:46.4993231Z npm: 10.9.4
2026-03-05T14:01:46.5014927Z yarn: 1.22.22
2026-03-05T14:01:46.5015885Z ##[endgroup]
2026-03-05T14:01:46.5016656Z [command]/opt/hostedtoolcache/node/22.22.0/x64/bin/npm config get cache
2026-03-05T14:01:46.7886437Z /home/runner/.npm
2026-03-05T14:01:46.8898614Z Cache hit for: node-cache-Linux-x64-npm-4d8d77a6e7c275af99d779708ddcdfe7dc51223686f55f5a4d62f55c0e7e943c
2026-03-05T14:01:47.2331378Z Received 38379411 of 38379411 (100.0%), 128.0 MBs/sec
2026-03-05T14:01:47.2332340Z Cache Size: ~37 MB (38379411 B)
2026-03-05T14:01:47.2368387Z [command]/usr/bin/tar -xf /home/runner/work/_temp/91dacd4b-c3c7-481b-acef-318986b02945/cache.tzst -P -C /home/runner/work/mocha/mocha --use-compress-program unzstd
2026-03-05T14:01:47.4421270Z Cache restored successfully
2026-03-05T14:01:47.4503004Z Cache restored from key: node-cache-Linux-x64-npm-4d8d77a6e7c275af99d779708ddcdfe7dc51223686f55f5a4d62f55c0e7e943c
2026-03-05T14:01:47.4663613Z ##[group]Run npm ci --ignore-scripts
2026-03-05T14:01:47.4664000Z [36;1mnpm ci --ignore-scripts[0m
2026-03-05T14:01:47.4810793Z shell: /usr/bin/bash -e {0}
2026-03-05T14:01:47.4811102Z ##[endgroup]
2026-03-05T14:01:51.8928403Z npm warn deprecated rimraf@3.0.2: Rimraf versions prior to v4 are no longer supported
2026-03-05T14:01:51.8929447Z npm warn deprecated rimraf@3.0.2: Rimraf versions prior to v4 are no longer supported
2026-03-05T14:01:51.8939391Z npm warn deprecated rimraf@3.0.2: Rimraf versions prior to v4 are no longer supported
2026-03-05T14:01:51.8943856Z npm warn deprecated rimraf@3.0.2: Rimraf versions prior to v4 are no longer supported
2026-03-05T14:01:51.9752099Z npm warn deprecated glob@7.2.3: Old versions of glob are not supported, and contain widely publicized security vulnerabilities, which have been fixed in the current version. Please update. Support for old versions may be purchased (at exorbitant rates) by contacting i@izs.me
2026-03-05T14:01:51.9774509Z npm warn deprecated glob@7.2.3: Old versions of glob are not supported, and contain widely publicized security vulnerabilities, which have been fixed in the current version. Please update. Support for old versions may be purchased (at exorbitant rates) by contacting i@izs.me
2026-03-05T14:01:52.1115078Z npm warn deprecated querystring@0.2.0: The querystring API is considered Legacy. new code should use the URLSearchParams API instead.
2026-03-05T14:01:53.7750060Z npm warn deprecated core-js@2.6.12: core-js@<3.23.3 is no longer maintained and not recommended for usage due to the number of issues. Because of the V8 engine whims, feature detection in old core-js versions could cause a slowdown up to 100x even if nothing is polyfilled. Some versions have web compatibility issues. Please, upgrade your dependencies to the actual version of core-js.
2026-03-05T14:01:53.9191859Z 
2026-03-05T14:01:53.9192809Z added 815 packages, and audited 817 packages in 6s
2026-03-05T14:01:53.9193291Z 
2026-03-05T14:01:53.9193656Z 198 packages are looking for funding
2026-03-05T14:01:53.9194161Z   run `npm fund` for details
2026-03-05T14:01:53.9330058Z 
2026-03-05T14:01:53.9330536Z 14 vulnerabilities (8 low, 2 moderate, 4 high)
2026-03-05T14:01:53.9331012Z 
2026-03-05T14:01:53.9331385Z To address issues that do not require attention, run:
2026-03-05T14:01:53.9332007Z   npm audit fix
2026-03-05T14:01:53.9332283Z 
2026-03-05T14:01:53.9332690Z To address all issues (including breaking changes), run:
2026-03-05T14:01:53.9333317Z   npm audit fix --force
2026-03-05T14:01:53.9333585Z 
2026-03-05T14:01:53.9333796Z Run `npm audit` for details.
2026-03-05T14:01:54.0027950Z ##[group]Run npm run test-node:integration
2026-03-05T14:01:54.0028319Z [36;1mnpm run test-node:integration[0m
2026-03-05T14:01:54.0077045Z shell: /usr/bin/bash -e {0}
2026-03-05T14:01:54.0077289Z env:
2026-03-05T14:01:54.0077465Z   BROWSER: 
2026-03-05T14:01:54.0077638Z   COVERAGE: false
2026-03-05T14:01:54.0077870Z   NODE_OPTIONS: --trace-warnings
2026-03-05T14:01:54.0078117Z ##[endgroup]
2026-03-05T14:01:54.1096730Z 
2026-03-05T14:01:54.1097206Z > mocha@12.0.0-beta.10 test-node:integration
2026-03-05T14:01:54.1098391Z > run-s clean build && npm run -s test-node-run -- --parallel --timeout 10000 --slow 3750 "test/integration/**/*.spec.js"
2026-03-05T14:01:54.1098951Z 
2026-03-05T14:01:54.2580372Z 
2026-03-05T14:01:54.2580888Z > mocha@12.0.0-beta.10 clean
2026-03-05T14:01:54.2581595Z > rimraf mocha.js mocha.js.map
2026-03-05T14:01:54.2581928Z 
2026-03-05T14:01:54.4167086Z 
2026-03-05T14:01:54.4168062Z > mocha@12.0.0-beta.10 build
2026-03-05T14:01:54.4169159Z > rollup -c ./rollup.config.mjs
2026-03-05T14:01:54.4169517Z 
2026-03-05T14:01:54.5883073Z [36m
2026-03-05T14:01:54.5883911Z [1m./browser-entry.js[22m → [1m./mocha.js[22m...[39m
2026-03-05T14:01:55.9908359Z [32mcreated [1m./mocha.js[22m in [1m1.3s[22m[39m
2026-03-05T14:02:00.9288736Z 
2026-03-05T14:02:03.3614306Z 
2026-03-05T14:02:03.3627608Z   mocha binary
2026-03-05T14:02:03.3628829Z     [32m✔[39m should not output colors to pipe
2026-03-05T14:02:03.3629516Z 
2026-03-05T14:02:03.8045175Z 
2026-03-05T14:02:03.8047407Z   common js require
2026-03-05T14:02:03.8050159Z     [32m✔[39m should be able to run a test where all mocha exports are used
2026-03-05T14:02:03.8076854Z 
2026-03-05T14:02:04.2756670Z 
2026-03-05T14:02:04.2771163Z   support CJS require.extension compilers with esm syntax
2026-03-05T14:02:04.2776668Z     [32m✔[39m should support .js extension
2026-03-05T14:02:04.2778693Z     [32m✔[39m should support .ts extension
2026-03-05T14:02:04.2779058Z 
2026-03-05T14:02:05.3041401Z 
2026-03-05T14:02:05.3043779Z   globbing like --compilers
2026-03-05T14:02:05.3047204Z     [32m✔[39m should find a file of each type
2026-03-05T14:02:05.3049227Z 
2026-03-05T14:02:05.4233226Z 
2026-03-05T14:02:05.4235645Z   config
2026-03-05T14:02:05.4245563Z     [32m✔[39m should return the same values for all supported config types
2026-03-05T14:02:05.4246969Z     when configuring Mocha via a ".js" file
2026-03-05T14:02:05.4250877Z       [32m✔[39m should load configuration given absolute path
2026-03-05T14:02:05.4252141Z       [32m✔[39m should load configuration given cwd-relative path
2026-03-05T14:02:05.4256836Z       [32m✔[39m should rethrow error from absolute path configuration
2026-03-05T14:02:05.4287272Z       [32m✔[39m should rethrow error from cwd-relative path configuration
2026-03-05T14:02:05.4289660Z       when path is neither absolute or relative
2026-03-05T14:02:05.4293076Z         [32m✔[39m should load configuration given module-relative path
2026-03-05T14:02:05.4293581Z 
2026-03-05T14:02:06.3278417Z 
2026-03-05T14:02:06.3279133Z   utils.deprecate test
2026-03-05T14:02:06.3280177Z     [32m✔[39m should print unique deprecation only once
2026-03-05T14:02:06.3280846Z 
2026-03-05T14:02:06.6464234Z 
2026-03-05T14:02:06.6470163Z   support ESM only module loader packages
2026-03-05T14:02:06.6476745Z     [32m✔[39m should support ESM .js extension
2026-03-05T14:02:06.6482869Z     [32m✔[39m should support ESM .ts extension
2026-03-05T14:02:06.6489112Z     [32m✔[39m should support ESM .mjs extension
2026-03-05T14:02:06.6503728Z 
2026-03-05T14:02:07.1746425Z 
2026-03-05T14:02:07.1747466Z   support ESM module loader compilers
2026-03-05T14:02:07.1748595Z     [32m✔[39m should support ESM .js extension
2026-03-05T14:02:07.1750644Z     [32m✔[39m should support ESM .ts extension
2026-03-05T14:02:07.1754314Z     [32m✔[39m should support ESM .mjs extension
2026-03-05T14:02:07.1759956Z 
2026-03-05T14:02:07.3737949Z 
2026-03-05T14:02:07.3740352Z   diffs
2026-03-05T14:02:07.3744318Z     [32m✔[39m should display a diff for small strings
2026-03-05T14:02:07.3761711Z     [32m✔[39m should display a diff of canonicalized objects
2026-03-05T14:02:07.3762592Z     [32m✔[39m should display a diff for medium strings
2026-03-05T14:02:07.3763486Z     [32m✔[39m should display a diff for entire object dumps
2026-03-05T14:02:07.3764302Z     [32m✔[39m should display a diff for multi-line strings
2026-03-05T14:02:07.3765120Z     [32m✔[39m should display a diff for entire object dumps
2026-03-05T14:02:07.3766324Z     [32m✔[39m should display a full-comparison with escaped special characters
2026-03-05T14:02:07.3767378Z     [32m✔[39m should display a word diff for large strings
2026-03-05T14:02:07.3768248Z     [32m✔[39m should work with objects
2026-03-05T14:02:07.3768999Z     [32m✔[39m should show value diffs and not be affected by commas
2026-03-05T14:02:07.3770012Z     [32m✔[39m should display diff by data and not like an objects
2026-03-05T14:02:07.3770492Z 
2026-03-05T14:02:08.4753221Z 
2026-03-05T14:02:08.4754120Z   when non-array argument is provided multiple times
2026-03-05T14:02:08.4760078Z     when the same argument name is used
2026-03-05T14:02:08.4763643Z       [32m✔[39m should prefer the last value
2026-03-05T14:02:08.4764855Z     when a different argument name is used
2026-03-05T14:02:08.4765616Z       [32m✔[39m should prefer the last value
2026-03-05T14:02:08.4812511Z 
2026-03-05T14:02:09.3236847Z 
2026-03-05T14:02:09.3239838Z   FIFO support
2026-03-05T14:02:09.3242265Z     [32m✔[39m should accept a test passed as a FIFO
2026-03-05T14:02:09.3242710Z 
2026-03-05T14:02:09.4185946Z 
2026-03-05T14:02:09.4191810Z   file utils
2026-03-05T14:02:09.4192252Z     lookupFiles()
2026-03-05T14:02:09.4193152Z       [32m✔[39m should not return broken symlink file path
2026-03-05T14:02:09.4193952Z       [32m✔[39m should accept a glob "path" value
2026-03-05T14:02:09.4194547Z       when given `extension` option
2026-03-05T14:02:09.4201884Z         when provided a directory for the filepath
2026-03-05T14:02:09.4202603Z           when `extension` option has leading dot
2026-03-05T14:02:09.4203810Z             [32m✔[39m should find the file w/ the extension
2026-03-05T14:02:09.4204510Z           when `extension` option has no leading dot
2026-03-05T14:02:09.4205359Z             [32m✔[39m should find the file w/ the extension
2026-03-05T14:02:09.4206390Z           when directory contains file without multipart extension
2026-03-05T14:02:09.4207189Z             when provided multipart `extension` option
2026-03-05T14:02:09.4207886Z               when `extension` option has no leading dot
2026-03-05T14:02:09.4208705Z                 [32m✔[39m should not match the filepath
2026-03-05T14:02:09.4209403Z               when `extension` option has a leading dot
2026-03-05T14:02:09.4210246Z                 [32m✔[39m should not match the filepath
2026-03-05T14:02:09.4211102Z           when directory contains matching file having a multipart extension
2026-03-05T14:02:09.4212001Z             when provided multipart `extension` option
2026-03-05T14:02:09.4212704Z               when `extension` option has no leading dot
2026-03-05T14:02:09.4213561Z                 [32m✔[39m should find the matching file
2026-03-05T14:02:09.4214238Z               when `extension` option has a leading dot
2026-03-05T14:02:09.4215005Z                 [32m✔[39m should find the matching file
2026-03-05T14:02:09.4215663Z       when provided a filepath with no extension
2026-03-05T14:02:09.4216528Z         when `extension` option has a leading dot
2026-03-05T14:02:09.4217185Z           when only provided a single extension
2026-03-05T14:02:09.4218226Z             [32m✔[39m should append provided extensions and find only the matching file
2026-03-05T14:02:09.4219041Z           when provided multiple extensions
2026-03-05T14:02:09.4220033Z             [32m✔[39m should append provided extensions and find all matching files
2026-03-05T14:02:09.4220913Z         when `extension` option has no leading dot
2026-03-05T14:02:09.4221847Z           when only provided a single extension
2026-03-05T14:02:09.4222951Z             [32m✔[39m should append provided extensions and find only the matching file
2026-03-05T14:02:09.4223818Z           when provided multiple extensions
2026-03-05T14:02:09.4224829Z             [32m✔[39m should append provided extensions and find all matching files
2026-03-05T14:02:09.4225689Z         when `extension` option is multipart
2026-03-05T14:02:09.4226565Z           when `extension` option has no leading dot
2026-03-05T14:02:09.4227593Z             [32m✔[39m should append provided extension and find only the matching file
2026-03-05T14:02:09.4228484Z           when `extension` option has leading dot
2026-03-05T14:02:09.4229540Z             [32m✔[39m should append provided extension and find only the matching file
2026-03-05T14:02:09.4230318Z       when no files match
2026-03-05T14:02:09.4230944Z         [32m✔[39m should throw an exception
2026-03-05T14:02:09.4231668Z       when looking up a directory and no extensions provided
2026-03-05T14:02:09.4232423Z         [32m✔[39m should throw
2026-03-05T14:02:09.4232756Z 
2026-03-05T14:02:09.4232778Z 
2026-03-05T14:02:09.4232927Z   globbing test
2026-03-05T14:02:09.4233447Z     [32m✔[39m should find this test
2026-03-05T14:02:09.4233791Z 
2026-03-05T14:02:09.4262096Z 
2026-03-05T14:02:09.4262496Z   globbing test
2026-03-05T14:02:09.4263282Z     [32m✔[39m should find this test
2026-03-05T14:02:09.4263716Z 
2026-03-05T14:02:11.7111973Z 
2026-03-05T14:02:11.7141238Z   event order
2026-03-05T14:02:11.7141720Z     trivial test case
2026-03-05T14:02:11.7142602Z       [32m✔[39m should assert trivial event order
2026-03-05T14:02:11.7143154Z     --bail test case
2026-03-05T14:02:11.7143774Z       [32m✔[39m should assert --bail event order
2026-03-05T14:02:11.7144349Z     --retries test case
2026-03-05T14:02:11.7145045Z       [32m✔[39m should assert --retries event order
2026-03-05T14:02:11.7145638Z     --delay test case
2026-03-05T14:02:11.7146555Z       [32m✔[39m should assert --delay event order
2026-03-05T14:02:11.7147190Z     --retries and --bail test case
2026-03-05T14:02:11.7148329Z       [32m✔[39m should assert --retries event order
2026-03-05T14:02:11.7148752Z 
2026-03-05T14:02:14.2732495Z 
2026-03-05T14:02:14.2733351Z   esm
2026-03-05T14:02:14.2734622Z     [32m✔[39m should pass a passing esm test that uses esm
2026-03-05T14:02:14.2738386Z     [32m✔[39m should fail a failing esm test that uses esm
2026-03-05T14:02:14.2739455Z     [32m✔[39m should show file location when there is a syntax error in the test
2026-03-05T14:02:14.2740726Z     [32m✔[39m should recognize esm files ending with .js due to package.json type flag
2026-03-05T14:02:14.2742026Z     [32m✔[39m should enable requiring/loading a cjs module with "dir" as filename
2026-03-05T14:02:14.2743553Z     [32m✔[39m should throw an ERR_MODULE_NOT_FOUND and not ERR_REQUIRE_ESM if file imports a non-existing module
2026-03-05T14:02:14.2745450Z     [32m✔[39m should throw an ERR_MODULE_NOT_FOUND and not ERR_REQUIRE_ESM if file imports a non-existing module with a loader
2026-03-05T14:02:14.2746896Z 
2026-03-05T14:02:15.2873293Z 
2026-03-05T14:02:15.2900436Z   globbing
2026-03-05T14:02:15.2900950Z     by the shell
2026-03-05T14:02:15.2902134Z       [32m✔[39m should find the first level test
2026-03-05T14:02:15.2903164Z       [32m✔[39m should not find a non-matching pattern
2026-03-05T14:02:15.2904460Z       [32m✔[39m should handle multiple non-matching patterns
2026-03-05T14:02:15.2906041Z       [32m✔[39m should handle both matching and non-matching patterns in the same command
2026-03-05T14:02:15.2909339Z     by Mocha
2026-03-05T14:02:15.2909933Z       [32m✔[39m should find the first level test
2026-03-05T14:02:15.2910747Z       [32m✔[39m should not find a non-matching pattern
2026-03-05T14:02:15.2911782Z       [32m✔[39m should handle multiple non-matching patterns
2026-03-05T14:02:15.2917324Z       [32m✔[39m should handle both matching and non-matching patterns in the same command
2026-03-05T14:02:15.2927213Z       double-starred
2026-03-05T14:02:15.2927977Z         [32m✔[39m should find the tests on multiple levels
2026-03-05T14:02:15.2928835Z         [32m✔[39m should not find a non-matching pattern
2026-03-05T14:02:15.2930022Z         [32m✔[39m should handle both matching and non-matching patterns in the same command
2026-03-05T14:02:15.2930684Z 
2026-03-05T14:02:15.9621116Z 
2026-03-05T14:02:15.9621564Z   hooks
2026-03-05T14:02:15.9622367Z     [32m✔[39m are ran in correct order
2026-03-05T14:02:15.9623062Z     [32m✔[39m current test title of all hooks
2026-03-05T14:02:15.9623443Z 
2026-03-05T14:02:16.3954617Z 
2026-03-05T14:02:16.3960021Z   invalid arguments
2026-03-05T14:02:16.3965098Z     when argument is missing required value
2026-03-05T14:02:16.3970725Z       [32m✔[39m should exit with failure
2026-03-05T14:02:16.3975661Z 
2026-03-05T14:02:16.9232636Z 
2026-03-05T14:02:16.9233184Z   init command
2026-03-05T14:02:16.9234220Z     [32m✔[39m should create some files in the dest dir
2026-03-05T14:02:16.9234860Z     when no path is supplied
2026-03-05T14:02:16.9235480Z       [32m✔[39m should fail
2026-03-05T14:02:16.9236296Z       [32m✔[39m should not throw
2026-03-05T14:02:16.9236633Z 
2026-03-05T14:02:18.8107643Z 
2026-03-05T14:02:18.8110409Z   multiple runs
2026-03-05T14:02:18.8122306Z     [32m✔[39m should be allowed to run multiple times if cleanReferences is turned off
2026-03-05T14:02:18.8123332Z     [32m✔[39m should not be allowed if cleanReferences is true
2026-03-05T14:02:18.8124185Z     [32m✔[39m should not be allowed if the instance is disposed
2026-03-05T14:02:18.8125120Z     [32m✔[39m should not be allowed to run while a previous run is in progress
2026-03-05T14:02:18.8126513Z     [32m✔[39m should reset the hooks between runs
2026-03-05T14:02:18.8127025Z 
2026-03-05T14:02:20.4397210Z 
2026-03-05T14:02:20.4403004Z   no-diff
2026-03-05T14:02:20.4409252Z     when enabled
2026-03-05T14:02:20.4416410Z       [32m✔[39m should not display a diff
2026-03-05T14:02:20.4420059Z     when disabled
2026-03-05T14:02:20.4423030Z       [32m✔[39m should display a diff
2026-03-05T14:02:20.4425371Z 
2026-03-05T14:02:21.8345689Z 
2026-03-05T14:02:21.8347112Z   multiple calls to done()
2026-03-05T14:02:21.8347618Z     from a spec
2026-03-05T14:02:21.8348436Z       [32m✔[39m results in failure
2026-03-05T14:02:21.8352335Z       [32m✔[39m throws a descriptive error
2026-03-05T14:02:21.8353092Z     with error passed on second call
2026-03-05T14:02:21.8354417Z       [32m✔[39m results in failure
2026-03-05T14:02:21.8358011Z       [32m✔[39m should throw a descriptive error
2026-03-05T14:02:21.8359220Z     with multiple specs
2026-03-05T14:02:21.8360359Z       [32m✔[39m results in failure
2026-03-05T14:02:21.8361300Z       [32m✔[39m correctly attributes the error
2026-03-05T14:02:21.8367424Z     from a before hook
2026-03-05T14:02:21.8368365Z       [32m✔[39m results in failure
2026-03-05T14:02:21.8369291Z       [32m✔[39m correctly attributes the error
2026-03-05T14:02:21.8370065Z     from a "before each" hook
2026-03-05T14:02:21.8370953Z       [32m✔[39m results in a failure
2026-03-05T14:02:21.8380275Z       [32m✔[39m correctly attributes the errors
2026-03-05T14:02:21.8381419Z     when done() called asynchronously
2026-03-05T14:02:21.8382433Z       [32m✔[39m results in error
2026-03-05T14:02:21.8383025Z 
2026-03-05T14:02:22.9684105Z 
2026-03-05T14:02:22.9689535Z   .only()
2026-03-05T14:02:22.9694575Z     bdd
2026-03-05T14:02:22.9700280Z       [32m✔[39m should run only tests that marked as `only`
2026-03-05T14:02:22.9705476Z     tdd
2026-03-05T14:02:22.9711138Z       [32m✔[39m should run only tests that marked as `only`
2026-03-05T14:02:22.9720133Z     qunit
2026-03-05T14:02:22.9770113Z       [32m✔[39m should run only tests that marked as `only`
2026-03-05T14:02:22.9822836Z 
2026-03-05T14:02:23.4605289Z 
2026-03-05T14:02:23.4605792Z   --allow-uncaught
2026-03-05T14:02:23.4607015Z     [32m✔[39m should throw an uncaught error and exit process
2026-03-05T14:02:23.4608237Z     [32m✔[39m should run with conditional `this.skip()`
2026-03-05T14:02:23.4608714Z 
2026-03-05T14:02:24.6397531Z 
2026-03-05T14:02:24.6398427Z   --async-only
2026-03-05T14:02:24.6399499Z     [32m✔[39m should fail synchronous specs
2026-03-05T14:02:24.6403936Z     [32m✔[39m should allow asynchronous specs
2026-03-05T14:02:24.6407373Z 
2026-03-05T14:02:27.9424156Z 
2026-03-05T14:02:27.9424980Z   --delay
2026-03-05T14:02:27.9426267Z     [32m✔[39m should run the generated test suite
2026-03-05T14:02:27.9429442Z     [32m✔[39m should execute exclusive tests only
2026-03-05T14:02:27.9430424Z     [32m✔[39m should throw an error if the test suite failed to run
2026-03-05T14:02:27.9431210Z 
2026-03-05T14:02:29.4059394Z 
2026-03-05T14:02:29.4060344Z   --bail
2026-03-05T14:02:29.4061447Z     [32m✔[39m should stop after the first error
2026-03-05T14:02:29.4062583Z     [32m✔[39m should stop after the first error - async
2026-03-05T14:02:29.4065041Z     [32m✔[39m should stop all tests after failing "before" hook
2026-03-05T14:02:29.4066320Z     [32m✔[39m should stop all tests after failing "beforeEach" hook
2026-03-05T14:02:29.4067290Z     [32m✔[39m should stop all tests after failing test
2026-03-05T14:02:29.4068158Z     [32m✔[39m should stop all tests after failing "after" hook
2026-03-05T14:02:29.4069134Z     [32m✔[39m should stop all tests after failing "afterEach" hook
2026-03-05T14:02:29.4069609Z 
2026-03-05T14:02:29.7035499Z 
2026-03-05T14:02:29.7038577Z   --dry-run
2026-03-05T14:02:29.7041173Z     [32m✔[39m should only report, but not execute any test
2026-03-05T14:02:29.7044816Z     [32m✔[39m should pass without "RangeError: maximum call stack size exceeded"
2026-03-05T14:02:29.7046990Z 
2026-03-05T14:02:30.6634293Z 
2026-03-05T14:02:30.6638671Z   hook error handling
2026-03-05T14:02:30.6639405Z     before hook error
2026-03-05T14:02:30.6645966Z       [32m✔[39m should verify results
2026-03-05T14:02:30.6646924Z     before hook error tip
2026-03-05T14:02:30.6647617Z       [32m✔[39m should verify results
2026-03-05T14:02:30.6648602Z     before hook root error
2026-03-05T14:02:30.6649123Z       [32m✔[39m should verify results
2026-03-05T14:02:30.6649526Z     before hook nested error
2026-03-05T14:02:30.6650056Z       [32m✔[39m should verify results
2026-03-05T14:02:30.6650615Z     before hook deepnested error
2026-03-05T14:02:30.6651239Z       [32m✔[39m should verify results
2026-03-05T14:02:30.6651720Z     before each hook error
2026-03-05T14:02:30.6652263Z       [32m✔[39m should verify results
2026-03-05T14:02:30.6652709Z     after hook error
2026-03-05T14:02:30.6653190Z       [32m✔[39m should verify results
2026-03-05T14:02:30.6653631Z     after hook nested error
2026-03-05T14:02:30.6654127Z       [32m✔[39m should verify results
2026-03-05T14:02:30.6654608Z     after hook deepnested error
2026-03-05T14:02:30.6660369Z       [32m✔[39m should verify results
2026-03-05T14:02:30.6660919Z     after each hook error
2026-03-05T14:02:30.6661538Z       [32m✔[39m should verify results
2026-03-05T14:02:30.6662009Z     multiple hook errors
2026-03-05T14:02:30.6662564Z       [32m✔[39m should verify results
2026-03-05T14:02:30.6663035Z     async - before hook error
2026-03-05T14:02:30.6663597Z       [32m✔[39m should verify results
2026-03-05T14:02:30.6664112Z     async - before hook error tip
2026-03-05T14:02:30.6664697Z       [32m✔[39m should verify results
2026-03-05T14:02:30.6665217Z     async - before each hook error
2026-03-05T14:02:30.6665814Z       [32m✔[39m should verify results
2026-03-05T14:02:30.6666512Z     async - after hook error
2026-03-05T14:02:30.6667119Z       [32m✔[39m should verify results
2026-03-05T14:02:30.6667665Z     async - after each hook error
2026-03-05T14:02:30.6668290Z       [32m✔[39m should verify results
2026-03-05T14:02:30.6668829Z     async - multiple hook errors
2026-03-05T14:02:30.6669335Z       [32m✔[39m should verify results
2026-03-05T14:02:30.6669653Z     "this.test.error()-style failure
2026-03-05T14:02:30.6670241Z       [32m✔[39m should fail the associated test
2026-03-05T14:02:30.6670599Z     --fail-hook-affected-tests
2026-03-05T14:02:30.6670862Z       error in `before` hook
2026-03-05T14:02:30.6671197Z         [32m✔[39m should fail all affected tests
2026-03-05T14:02:30.6671506Z       error in `beforeEach` hook
2026-03-05T14:02:30.6671843Z         [32m✔[39m should fail all affected tests
2026-03-05T14:02:30.6672153Z       non-Error thrown in `before` hook
2026-03-05T14:02:30.6672625Z         [32m✔[39m should handle null, undefined, and other non-Error values
2026-03-05T14:02:30.6673047Z       non-Error thrown in `beforeEach` hook
2026-03-05T14:02:30.6673511Z         [32m✔[39m should handle null, undefined, and other non-Error values
2026-03-05T14:02:30.6673781Z 
2026-03-05T14:02:31.2405615Z 
2026-03-05T14:02:31.2406699Z   --extension
2026-03-05T14:02:31.2407907Z     [32m✔[39m should allow comma-separated variables
2026-03-05T14:02:31.2408822Z     [32m✔[39m should allow extensions beginning with a dot
2026-03-05T14:02:31.2409325Z 
2026-03-05T14:02:31.2908429Z 
2026-03-05T14:02:31.2909324Z   --fail-zero
2026-03-05T14:02:31.2910592Z     [32m✔[39m should fail since no tests are encountered
2026-03-05T14:02:31.2911064Z 
2026-03-05T14:02:33.1114408Z Warning: Cannot find any files matching pattern "/home/runner/work/mocha/mocha/test/integration/fixtures/filethatdoesnotexist.js"
2026-03-05T14:02:35.6490235Z 
2026-03-05T14:02:35.6492666Z   --file
2026-03-05T14:02:35.6505857Z     [32m✔[39m should run tests passed via file first
2026-03-05T14:02:35.6507098Z     [32m✔[39m should run multiple tests passed via file first
2026-03-05T14:02:35.6508028Z     [32m✔[39m should support having no other test files
2026-03-05T14:02:35.6508857Z     [32m✔[39m should run esm tests passed via file
2026-03-05T14:02:35.6509997Z     [32m✔[39m should log a warning if a nonexistent file with an unknown extension is specified
2026-03-05T14:02:35.6511263Z     [32m✔[39m should provide warning for nonexistent js file extensions
2026-03-05T14:02:35.6512435Z     [32m✔[39m should provide warning for nonexistent esm file extensions
2026-03-05T14:02:35.6513328Z 
2026-03-05T14:02:37.0004690Z 
2026-03-05T14:02:37.0005769Z   --forbid-only
2026-03-05T14:02:37.0010848Z     [32m✔[39m should succeed if there are only passed tests
2026-03-05T14:02:37.0011702Z     [32m✔[39m should fail if there are tests marked only
2026-03-05T14:02:37.0012561Z     [32m✔[39m should fail if there are tests in suites marked only
2026-03-05T14:02:37.0013514Z     [32m✔[39m should fail if there is empty suite marked only
2026-03-05T14:02:37.0014549Z     [32m✔[39m should fail if there is suite marked only which matches grep
2026-03-05T14:02:37.0015527Z     [32m✔[39m should fail if suite marked only does not match grep
2026-03-05T14:02:37.0016712Z     [32m✔[39m should fail if suite marked only does not match inverted grep
2026-03-05T14:02:37.0017574Z     [32m✔[39m should fail even if before has "skip"
2026-03-05T14:02:37.0018372Z     [32m✔[39m should fail even if beforeEach has "skip"
2026-03-05T14:02:37.0018776Z 
2026-03-05T14:02:40.3906730Z 
2026-03-05T14:02:40.3907693Z   --grep
2026-03-05T14:02:40.3908927Z     [32m✔[39m should run specs matching a string
2026-03-05T14:02:40.3909876Z     should run specs matching a RegExp
2026-03-05T14:02:40.3911084Z       [32m✔[39m with RegExp-like strings (pattern followed by flag)
2026-03-05T14:02:40.3912251Z       [32m✔[39m with string as pattern
2026-03-05T14:02:40.3913063Z     when used with --invert
2026-03-05T14:02:40.3913916Z       [32m✔[39m should run specs that do not match the pattern
2026-03-05T14:02:40.3914660Z     when both --fgrep and --grep used together
2026-03-05T14:02:40.3915379Z       [32m✔[39m should report an error
2026-03-05T14:02:40.3915725Z 
2026-03-05T14:02:41.1581246Z 
2026-03-05T14:02:41.1581779Z   --forbid-pending
2026-03-05T14:02:41.1584654Z     [32m✔[39m should succeed if there are only passed tests
2026-03-05T14:02:41.1589262Z     [32m✔[39m should fail if there are tests in suites marked skip
2026-03-05T14:02:41.1590281Z     [32m✔[39m should fail if there is empty suite marked pending
2026-03-05T14:02:41.1591177Z     [32m✔[39m should fail if there are tests marked skip
2026-03-05T14:02:41.1591977Z     [32m✔[39m should fail if there are pending tests
2026-03-05T14:02:41.1592733Z     [32m✔[39m should fail if tests call `skip()`
2026-03-05T14:02:41.1593551Z     [32m✔[39m should fail if beforeEach calls `skip()`
2026-03-05T14:02:41.1594343Z     [32m✔[39m should fail if before calls `skip()`
2026-03-05T14:02:41.1594743Z 
2026-03-05T14:02:41.5626568Z 
2026-03-05T14:02:41.5626995Z   --invert
2026-03-05T14:02:41.5627472Z     when used without --fgrep or --grep
2026-03-05T14:02:41.5628264Z       [32m✔[39m it should report an error
2026-03-05T14:02:41.5628483Z 
2026-03-05T14:02:42.5349446Z 
2026-03-05T14:02:42.5350315Z   --ignore
2026-03-05T14:02:42.5351359Z     [32m✔[39m should ignore specific files
2026-03-05T14:02:42.5352325Z     [32m✔[39m should ignore globbed files
2026-03-05T14:02:42.5353213Z     [32m✔[39m should ignore multiple patterns
2026-03-05T14:02:42.5353797Z 
2026-03-05T14:02:42.9181089Z 
2026-03-05T14:02:42.9186968Z   --list-interfaces
2026-03-05T14:02:42.9188055Z     [32m✔[39m should dump a list of all interfaces with descriptions
2026-03-05T14:02:42.9188589Z 
2026-03-05T14:02:43.3064401Z 
2026-03-05T14:02:43.3071300Z   --list-reporters
2026-03-05T14:02:43.3078053Z     [32m✔[39m should dump a list of all reporters with descriptions
2026-03-05T14:02:43.3081051Z 
2026-03-05T14:02:43.4441312Z 
2026-03-05T14:02:43.4443047Z   --jobs
2026-03-05T14:02:43.4445180Z     when set to a number less than 2
2026-03-05T14:02:43.4446825Z       [32m✔[39m should run tests in serial
2026-03-05T14:02:43.4447429Z     when set to a number greater than 1
2026-03-05T14:02:43.4448139Z       [32m✔[39m should run tests in parallel
2026-03-05T14:02:43.4448505Z 
2026-03-05T14:02:44.0652082Z 
2026-03-05T14:02:44.0652955Z   node flags
2026-03-05T14:02:44.0654169Z     [32m✔[39m should not consider argument values to be node flags
2026-03-05T14:02:44.0654827Z 
2026-03-05T14:02:44.0654971Z   node flags using "--node-option"
2026-03-05T14:02:44.0655462Z     [32m✔[39m should pass fake option to node and fail with node exception
2026-03-05T14:02:44.0655761Z 
2026-03-05T14:02:45.4075533Z 
2026-03-05T14:02:45.4076789Z   Enabled --pass-on-failing-test-suite
2026-03-05T14:02:45.4078296Z     [32m✔[39m Test should finish with zero code with disabled option
2026-03-05T14:02:45.4079994Z 
2026-03-05T14:02:45.4080528Z   Disabled --pass-on-failing-test-suite
2026-03-05T14:02:45.4081634Z     [32m✔[39m Test should return non-zero code with enabled option
2026-03-05T14:02:45.4082492Z 
2026-03-05T14:02:49.3407376Z 
2026-03-05T14:02:49.3408210Z   --exit
2026-03-05T14:02:49.3410213Z     default behavior
2026-03-05T14:02:49.3413986Z       [32m✔[39m should not force exit after root suite completion (9522ms)
2026-03-05T14:02:49.3415343Z     when enabled
2026-03-05T14:02:49.3417035Z       [32m✔[39m should force exit after root suite completion (886ms)
2026-03-05T14:02:49.3418001Z     when disabled
2026-03-05T14:02:49.3419060Z       [32m✔[39m should not force exit after root suite completion (9518ms)
2026-03-05T14:02:49.3419801Z 
2026-03-05T14:02:51.8110736Z 
2026-03-05T14:02:51.8112712Z   --reporter-option
2026-03-05T14:02:51.8114823Z     when given options w/ invalid format
2026-03-05T14:02:51.8137609Z       [32m✔[39m should display an error
2026-03-05T14:02:51.8139045Z       [32m✔[39m should allow comma-separated values
2026-03-05T14:02:51.8139968Z       [32m✔[39m should allow repeated options
2026-03-05T14:02:51.8140325Z 
2026-03-05T14:02:52.7474944Z 
2026-03-05T14:02:52.7508750Z   --reporter
2026-03-05T14:02:52.7510374Z     [32m✔[39m should work for ESM
2026-03-05T14:02:52.7511058Z 
2026-03-05T14:02:53.6717315Z 
2026-03-05T14:02:53.6720001Z   --retries
2026-03-05T14:02:53.6721008Z     [32m✔[39m should retry test failures after a certain threshold
2026-03-05T14:02:53.6721534Z 
2026-03-05T14:02:54.5768911Z 
2026-03-05T14:02:54.5797269Z   --sort
2026-03-05T14:02:54.5798511Z     [32m✔[39m should sort tests in alphabetical order
2026-03-05T14:02:54.5799149Z 
2026-03-05T14:02:56.8582902Z 
2026-03-05T14:02:56.8585091Z   --posix-exit-codes
2026-03-05T14:02:56.8591903Z     when enabled
2026-03-05T14:02:56.8592663Z       when mocha is run as a child process
2026-03-05T14:02:56.8593886Z         [32m✔[39m should exit with correct POSIX shell code on SIGABRT
2026-03-05T14:02:56.8594914Z         [32m✔[39m should exit with correct POSIX shell code on SIGTERM
2026-03-05T14:02:56.8596055Z         [32m✔[39m should exit with the correct POSIX shell code on numeric fatal signal
2026-03-05T14:02:56.8597391Z         [32m✔[39m should exit with code 1 if there are test failures
2026-03-05T14:02:56.8598086Z       when mocha is run in-process
2026-03-05T14:02:56.8598939Z         [32m✔[39m should exit with the correct POSIX shell code on SIGABRT (2136ms)
2026-03-05T14:02:56.8600122Z         [32m✔[39m should exit with the correct POSIX shell code on SIGTERM
2026-03-05T14:02:56.8601211Z         [32m✔[39m should exit with code 1 if there are test failures
2026-03-05T14:02:56.8601849Z     when not enabled
2026-03-05T14:02:56.8602322Z       when mocha is run as a child process
2026-03-05T14:02:56.8603170Z         [32m✔[39m should exit with the number of failed tests
2026-03-05T14:02:56.8603845Z       when mocha is run in-process
2026-03-05T14:02:56.8604602Z         [32m✔[39m should exit with the number of failed tests
2026-03-05T14:02:56.8605155Z 
2026-03-05T14:03:00.6535946Z 
2026-03-05T14:03:00.6542009Z   --ui
2026-03-05T14:03:00.6548314Z     [32m✔[39m should load interface and run it
2026-03-05T14:03:00.6553036Z     [32m✔[39m should work if required and name added to Mocha's `interfaces` prop
2026-03-05T14:03:00.6557398Z     [32m✔[39m should work for ESM
2026-03-05T14:03:00.6566465Z     [32m✔[39m should work for ESM when imported via path
2026-03-05T14:03:00.6566912Z 
2026-03-05T14:03:01.0700854Z ℹ [mocha] waiting for changes...
2026-03-05T14:03:02.8495568Z Debugger listening on ws://127.0.0.1:9229/6884cfbb-20ff-46ef-9575-beb48ce12345
2026-03-05T14:03:02.8516641Z For help, see: https://nodejs.org/en/docs/inspector
2026-03-05T14:03:03.1027267Z ℹ [mocha] waiting for changes...
2026-03-05T14:03:04.6728197Z ⚠ [mocha] cleaning up, please wait...
2026-03-05T14:03:05.2254484Z /tmp/mocha-JBtdad/test.js:7
2026-03-05T14:03:05.2259738Z     done((;
2026-03-05T14:03:05.2264517Z           ^
2026-03-05T14:03:05.2265753Z 
2026-03-05T14:03:05.2267045Z SyntaxError: Unexpected token ';'
2026-03-05T14:03:05.2267756Z     at wrapSafe (node:internal/modules/cjs/loader:1638:18)
2026-03-05T14:03:05.2268532Z     at Module._compile (node:internal/modules/cjs/loader:1680:20)
2026-03-05T14:03:05.2269663Z     at Module.replacementCompile (/home/runner/work/mocha/mocha/node_modules/append-transform/index.js:60:13)
2026-03-05T14:03:05.2270682Z     at node:internal/modules/cjs/loader:1839:10
2026-03-05T14:03:05.2271720Z     at Object.<anonymous> (/home/runner/work/mocha/mocha/node_modules/append-transform/index.js:64:4)
2026-03-05T14:03:05.2272793Z     at Module.load (node:internal/modules/cjs/loader:1441:32)
2026-03-05T14:03:05.2273580Z     at Function._load (node:internal/modules/cjs/loader:1263:12)
2026-03-05T14:03:05.2274410Z     at TracingChannel.traceSync (node:diagnostics_channel:328:14)
2026-03-05T14:03:05.2275238Z     at wrapModuleLoad (node:internal/modules/cjs/loader:237:24)
2026-03-05T14:03:05.2275999Z     at Module.require (node:internal/modules/cjs/loader:1463:12)
2026-03-05T14:03:05.2276953Z     at require (node:internal/modules/helpers:147:16)
2026-03-05T14:03:05.2277644Z     at /home/runner/work/mocha/mocha/lib/mocha.js:128:445
2026-03-05T14:03:05.2278260Z     at Array.forEach (<anonymous>)
2026-03-05T14:03:05.2279022Z     at Mocha.loadFiles (/home/runner/work/mocha/mocha/lib/mocha.js:128:217)
2026-03-05T14:03:05.2279978Z     at Mocha.run (/home/runner/work/mocha/mocha/lib/mocha.js:453:599)
2026-03-05T14:03:05.2281410Z     at Object.run (/home/runner/work/mocha/mocha/lib/cli/watch-run.js:196:381)
2026-03-05T14:03:05.2282548Z     at FSWatcher.<anonymous> (/home/runner/work/mocha/mocha/lib/cli/watch-run.js:173:621)
2026-03-05T14:03:05.2283721Z     at process.processTicksAndRejections (node:internal/process/task_queues:105:5)
2026-03-05T14:03:05.5726982Z Debugger listening on ws://127.0.0.1:9229/290bfb29-4766-4b9a-ab67-7fd1b877754e
2026-03-05T14:03:05.5732804Z For help, see: https://nodejs.org/en/docs/inspector
2026-03-05T14:03:06.8149630Z ℹ [mocha] waiting for changes...
2026-03-05T14:03:08.5137450Z 
2026-03-05T14:03:08.5138292Z   --timeout
2026-03-05T14:03:08.5139501Z     [32m✔[39m should allow human-readable string value (2474ms)
2026-03-05T14:03:08.5140552Z     [32m✔[39m should allow numeric value (2695ms)
2026-03-05T14:03:08.5141477Z     [32m✔[39m should allow multiple values (2698ms)
2026-03-05T14:03:08.5142409Z     [32m✔[39m should disable timeout with "--inspect" (2740ms)
2026-03-05T14:03:08.5143480Z     [32m✔[39m should disable timeout with "-n inspect" (2632ms)
2026-03-05T14:03:08.5144513Z     [32m✔[39m should complete tests having unref'd async behavior
2026-03-05T14:03:08.5145063Z 
2026-03-05T14:03:08.7698123Z ⚠ [mocha] cleaning up, please wait...
2026-03-05T14:03:09.5870121Z ℹ [mocha] waiting for changes...
2026-03-05T14:03:10.9133627Z ℹ [mocha] waiting for changes...
2026-03-05T14:03:12.9091013Z ⚠ [mocha] cleaning up, please wait...
2026-03-05T14:03:13.5637782Z ℹ [mocha] waiting for changes...
2026-03-05T14:03:14.9571169Z /home/runner/work/mocha/mocha/lib/runner.js:315
2026-03-05T14:03:14.9590635Z cov_k4ovzj4tj().s[416]++;if((cov_k4ovzj4tj().b[97][0]++,this.allowUncaught)&&(cov_k4ovzj4tj().b[97][1]++,!utils.isBrowser())){cov_k4ovzj4tj().b[96][0]++;cov_k4ovzj4tj().s[417]++;debug("uncaught(): bubbling exception due to --allow-uncaught");cov_k4ovzj4tj().s[418]++;throw err;}else{cov_k4ovzj4tj().b[96][1]++;}cov_k4ovzj4tj().s[419]++;if(this.state===constants.STATE_STOPPED){cov_k4ovzj4tj().b[98][0]++;cov_k4ovzj4tj().s[420]++;debug("uncaught(): throwing after run has completed!");cov_k4ovzj4tj().s[421]++;throw err;}else{cov_k4ovzj4tj().b[98][1]++;}cov_k4ovzj4tj().s[422]++;if(err){cov_k4ovzj4tj().b[99][0]++;cov_k4ovzj4tj().s[423]++;debug("uncaught(): got truthy exception %O",err);}else{cov_k4ovzj4tj().b[99][1]++;cov_k4ovzj4tj().s[424]++;debug("uncaught(): undefined/falsy exception");cov_k4ovzj4tj().s[425]++;err=createInvalidExceptionError("Caught falsy/undefined exception which would otherwise be uncaught. No stack trace found; try a debugger",err);}cov_k4ovzj4tj().s[426]++;if(!isError(err)){cov_k4ovzj4tj().b[100][0]++;cov_k4ovzj4tj().s[427]++;err=thrown2Error(err);cov_k4ovzj4tj().s[428]++;debug('uncaught(): converted "error" %o to Error',err);}else{cov_k4ovzj4tj().b[100][1]++;}cov_k4ovzj4tj().s[429]++;err.uncaught=true;var runnable=(cov_k4ovzj4tj().s[430]++,this.currentRunnable);cov_k4ovzj4tj().s[431]++;if(!runnable){cov_k4ovzj4tj().b[101][0]++;cov_k4ovzj4tj().s[432]++;runnable=new Runnable("Uncaught error outside test suite");cov_k4ovzj4tj().s[433]++;debug("uncaught(): no current Runnable; created a phony one");cov_k4ovzj4tj().s[434]++;runnable.parent=this.suite;cov_k4ovzj4tj().s[435]++;if(this.state===constants.STATE_RUNNING){cov_k4ovzj4tj().b[102][0]++;cov_k4ovzj4tj().s[436]++;debug("uncaught(): failing gracefully");cov_k4ovzj4tj().s[437]++;this.fail(runnable,err);}else{cov_k4ovzj4tj().b[102][1]++;cov_k4ovzj4tj().s[438]++;// Can't recover from this failure
2026-03-05T14:03:14.9634754Z                                                                                                                                                                                                                                                                                                                                                                                                                                                                                                                              ^
2026-03-05T14:03:14.9666957Z 
2026-03-05T14:03:14.9667537Z TypeError: isPathInside is not a function
2026-03-05T14:03:14.9668413Z     at matchPattern (/home/runner/work/mocha/mocha/lib/cli/watch-run.js:111:385)
2026-03-05T14:03:14.9669395Z     at ignore (/home/runner/work/mocha/mocha/lib/cli/watch-run.js:150:235)
2026-03-05T14:03:14.9670445Z     at matchPatterns (file:///home/runner/work/mocha/mocha/node_modules/chokidar/index.js:61:13)
2026-03-05T14:03:14.9671729Z     at FSWatcher._userIgnored (file:///home/runner/work/mocha/mocha/node_modules/chokidar/index.js:76:20)
2026-03-05T14:03:14.9673045Z     at FSWatcher._isIgnored (file:///home/runner/work/mocha/mocha/node_modules/chokidar/index.js:668:21)
2026-03-05T14:03:14.9674364Z     at FSWatcher._isntIgnored (file:///home/runner/work/mocha/mocha/node_modules/chokidar/index.js:671:22)
2026-03-05T14:03:14.9675706Z     at WatchHelper.filterDir (file:///home/runner/work/mocha/mocha/node_modules/chokidar/index.js:213:25)
2026-03-05T14:03:14.9683380Z     at ReaddirpStream.directoryFilter [as _directoryFilter] (file:///home/runner/work/mocha/mocha/node_modules/chokidar/handler.js:460:44)
2026-03-05T14:03:14.9685078Z     at ReaddirpStream._read (file:///home/runner/work/mocha/mocha/node_modules/readdirp/index.js:123:63)
2026-03-05T14:03:14.9686293Z Emitted 'error' event on FSWatcher instance at:
2026-03-05T14:03:14.9687383Z     at FSWatcher._handleError (file:///home/runner/work/mocha/mocha/node_modules/chokidar/index.js:558:18)
2026-03-05T14:03:14.9688866Z     at NodeFsHandler._boundHandleError (file:///home/runner/work/mocha/mocha/node_modules/chokidar/handler.js:297:49)
2026-03-05T14:03:14.9690004Z     at ReaddirpStream.emit (node:events:519:28)
2026-03-05T14:03:14.9690704Z     at emitErrorNT (node:internal/streams/destroy:170:8)
2026-03-05T14:03:14.9691470Z     at emitErrorCloseNT (node:internal/streams/destroy:129:3)
2026-03-05T14:03:14.9692477Z     at process.processTicksAndRejections (node:internal/process/task_queues:90:21)
2026-03-05T14:03:14.9693134Z 
2026-03-05T14:03:14.9693291Z Node.js v22.22.0
2026-03-05T14:03:17.7298156Z ℹ [mocha] waiting for changes...
2026-03-05T14:03:19.2131036Z 
2026-03-05T14:03:19.2135973Z   parallel run
2026-03-05T14:03:19.2142319Z     [32m✔[39m should allow `import {it} from "mocha"` module syntax (1917ms)
2026-03-05T14:03:19.2144356Z     [32m✔[39m should correctly set worker ids for each process (1903ms)
2026-03-05T14:03:19.2145456Z     [32m✔[39m should correctly handle circular array references in an exception
2026-03-05T14:03:19.2146640Z     [32m✔[39m should correctly handle an exception with retries
2026-03-05T14:03:19.2147703Z     [32m✔[39m should correctly handle circular object references in an exception (2007ms)
2026-03-05T14:03:19.2148913Z     [32m✔[39m should correctly handle a non-writable getter reference in an exception
2026-03-05T14:03:19.2149260Z 
2026-03-05T14:03:22.9785192Z ⚠ [mocha] cleaning up, please wait...
2026-03-05T14:03:23.5052769Z ℹ [mocha] waiting for changes...
2026-03-05T14:03:25.1444895Z ℹ [mocha] waiting for changes...
2026-03-05T14:03:27.0442909Z ⚠ [mocha] cleaning up, please wait...
2026-03-05T14:03:27.5682616Z ℹ [mocha] waiting for changes...
2026-03-05T14:03:29.1350009Z ℹ [mocha] waiting for changes...
2026-03-05T14:03:31.1215396Z ⚠ [mocha] cleaning up, please wait...
2026-03-05T14:03:31.8213405Z ℹ [mocha] waiting for changes...
2026-03-05T14:03:32.4609744Z 
2026-03-05T14:03:32.4610149Z   pending
2026-03-05T14:03:32.4610540Z     pending specs
2026-03-05T14:03:32.4611394Z       [32m✔[39m should be created by omitting a function
2026-03-05T14:03:32.4612421Z       [32m✔[39m should return the test object when used via shorthand methods
2026-03-05T14:03:32.4612954Z       [32m✔[39m should keep hierarchies of suites
2026-03-05T14:03:32.4613258Z     synchronous skip()
2026-03-05T14:03:32.4613473Z       in spec
2026-03-05T14:03:32.4613849Z         [32m✔[39m should immediately skip the spec and run all others
2026-03-05T14:03:32.4614182Z       in after
2026-03-05T14:03:32.4614462Z         [32m✔[39m should throw, but run all tests
2026-03-05T14:03:32.4615073Z       in before
2026-03-05T14:03:32.4615390Z         [32m✔[39m should skip all suite specs
2026-03-05T14:03:32.4615774Z         [32m✔[39m should run before and after hooks
2026-03-05T14:03:32.4616507Z         [32m✔[39m should skip all sync/async inner before/after hooks
2026-03-05T14:03:32.4616889Z       in before with nested describe
2026-03-05T14:03:32.4617303Z         [32m✔[39m should skip all suite specs, even if nested
2026-03-05T14:03:32.4617616Z       in beforeEach
2026-03-05T14:03:32.4617899Z         [32m✔[39m should skip all suite specs
2026-03-05T14:03:32.4618260Z         [32m✔[39m should skip only two suite specs
2026-03-05T14:03:32.4618544Z     asynchronous skip()
2026-03-05T14:03:32.4618752Z       in spec
2026-03-05T14:03:32.4619105Z         [32m✔[39m should immediately skip the spec and run all others
2026-03-05T14:03:32.4619422Z       in before
2026-03-05T14:03:32.4619688Z         [32m✔[39m should skip all suite specs
2026-03-05T14:03:32.4620069Z         [32m✔[39m should run before and after hooks
2026-03-05T14:03:32.4620383Z       in before with nested describe
2026-03-05T14:03:32.4620764Z         [32m✔[39m should skip all suite specs, even if nested
2026-03-05T14:03:32.4621067Z       in beforeEach
2026-03-05T14:03:32.4621340Z         [32m✔[39m should skip all suite specs
2026-03-05T14:03:32.4621607Z     programmatic usage
2026-03-05T14:03:32.4621970Z       [32m✔[39m should skip the test by listening to test event
2026-03-05T14:03:32.4622215Z 
2026-03-05T14:03:33.1999487Z ℹ [mocha] waiting for changes...
2026-03-05T14:03:35.1938977Z ⚠ [mocha] cleaning up, please wait...
2026-03-05T14:03:35.7964312Z ℹ [mocha] waiting for changes...
2026-03-05T14:03:36.7247214Z ℹ [mocha] waiting for changes...
2026-03-05T14:03:37.2481390Z ℹ [mocha] waiting for changes...
2026-03-05T14:03:38.3695589Z ℹ [mocha] waiting for changes...
2026-03-05T14:03:39.2444181Z ⚠ [mocha] cleaning up, please wait...
2026-03-05T14:03:39.8230895Z ℹ [mocha] waiting for changes...
2026-03-05T14:03:40.3663136Z ⚠ [mocha] cleaning up, please wait...
2026-03-05T14:03:40.7792984Z ℹ [mocha] waiting for changes...
2026-03-05T14:03:41.3069299Z ℹ [mocha] waiting for changes...
2026-03-05T14:03:42.4101706Z ℹ [mocha] waiting for changes...
2026-03-05T14:03:43.3052954Z ⚠ [mocha] cleaning up, please wait...
2026-03-05T14:03:43.7359105Z ℹ [mocha] waiting for changes...
2026-03-05T14:03:44.4084346Z ⚠ [mocha] cleaning up, please wait...
2026-03-05T14:03:45.1047655Z ℹ [mocha] waiting for changes...
2026-03-05T14:03:45.3648303Z ℹ [mocha] waiting for changes...
2026-03-05T14:03:46.4824950Z ℹ [mocha] waiting for changes...
2026-03-05T14:03:46.8048750Z 
2026-03-05T14:03:46.8049211Z   --parallel
2026-03-05T14:03:46.8051925Z     when a test has a syntax error
2026-03-05T14:03:46.8052688Z       when there is only a single test file
2026-03-05T14:03:46.8055432Z         [32m✔[39m should fail gracefully
2026-03-05T14:03:46.8058515Z       when there are multiple test files
2026-03-05T14:03:46.8061363Z         [32m✔[39m should fail gracefully
2026-03-05T14:03:46.8064012Z     when used with CJS tests
2026-03-05T14:03:46.8067214Z       [32m✔[39m should have the same result as with --no-parallel (2401ms)
2026-03-05T14:03:46.8070221Z     when used with ESM tests
2026-03-05T14:03:46.8072598Z       [32m✔[39m should have the same result as with --no-parallel (2358ms)
2026-03-05T14:03:46.8087352Z     when used with --retries
2026-03-05T14:03:46.8089843Z       [32m✔[39m should retry tests appropriately (1899ms)
2026-03-05T14:03:46.8092738Z     when used with --allow-uncaught
2026-03-05T14:03:46.8093583Z       [32m✔[39m should bubble up an exception
2026-03-05T14:03:46.8094216Z     when used with --file
2026-03-05T14:03:46.8094854Z       [32m✔[39m should error out
2026-03-05T14:03:46.8095399Z     when used with --sort
2026-03-05T14:03:46.8096000Z       [32m✔[39m should error out
2026-03-05T14:03:46.8096812Z     when used with exclusive tests
2026-03-05T14:03:46.8097461Z       [32m✔[39m should error out
2026-03-05T14:03:46.8098458Z     when used with --bail
2026-03-05T14:03:46.8099187Z       [32m✔[39m should skip some tests (1877ms)
2026-03-05T14:03:46.8099831Z       [32m✔[39m should fail
2026-03-05T14:03:46.8100367Z     when encountering a "bail" in context
2026-03-05T14:03:46.8100994Z       [32m✔[39m should skip some tests
2026-03-05T14:03:46.8101507Z       [32m✔[39m should fail
2026-03-05T14:03:46.8101903Z     when used with "grep"
2026-03-05T14:03:46.8102585Z       [32m✔[39m should be equivalent to running in serial (2109ms)
2026-03-05T14:03:46.8103350Z     reporter equivalence
2026-03-05T14:03:46.8103941Z       when multiple test files run with --reporter=dot
2026-03-05T14:03:46.8105038Z         [32m✔[39m should have the same result as when run with --no-parallel (2134ms)
2026-03-05T14:03:46.8105927Z       when multiple test files run with --reporter=doc
2026-03-05T14:03:46.8107125Z         [32m✔[39m should have the same result as when run with --no-parallel (2365ms)
2026-03-05T14:03:46.8107978Z       when multiple test files run with --reporter=tap
2026-03-05T14:03:46.8108936Z         [32m✔[39m should have the same result as when run with --no-parallel (2788ms)
2026-03-05T14:03:46.8109808Z       when multiple test files run with --reporter=json
2026-03-05T14:03:46.8110800Z         [32m✔[39m should have the same result as when run with --no-parallel (2615ms)
2026-03-05T14:03:46.8111681Z       when multiple test files run with --reporter=list
2026-03-05T14:03:46.8112660Z         [32m✔[39m should have the same result as when run with --no-parallel (2814ms)
2026-03-05T14:03:46.8113544Z       when multiple test files run with --reporter=min
2026-03-05T14:03:46.8114532Z         [32m✔[39m should have the same result as when run with --no-parallel (2488ms)
2026-03-05T14:03:46.8115414Z       when multiple test files run with --reporter=spec
2026-03-05T14:03:46.8116534Z         [32m✔[39m should have the same result as when run with --no-parallel (2246ms)
2026-03-05T14:03:46.8117408Z       when multiple test files run with --reporter=nyan
2026-03-05T14:03:46.8118704Z         [32m✔[39m should have the same result as when run with --no-parallel (2445ms)
2026-03-05T14:03:46.8119536Z       when multiple test files run with --reporter=xunit
2026-03-05T14:03:46.8120505Z         [32m✔[39m should have the same result as when run with --no-parallel (2328ms)
2026-03-05T14:03:46.8121354Z       when multiple test files run with --reporter=landing
2026-03-05T14:03:46.8122356Z         [32m✔[39m should have the same result as when run with --no-parallel (2348ms)
2026-03-05T14:03:46.8123201Z       when a single test file is run with --reporter=dot
2026-03-05T14:03:46.8124118Z         [32m✔[39m should have the same output as when run with --no-parallel
2026-03-05T14:03:46.8124950Z       when a single test file is run with --reporter=doc
2026-03-05T14:03:46.8125688Z         [32m✔[39m should have the same output as when run with --no-parallel
2026-03-05T14:03:46.8126393Z       when a single test file is run with --reporter=tap
2026-03-05T14:03:46.8126937Z         [32m✔[39m should have the same output as when run with --no-parallel
2026-03-05T14:03:46.8127639Z       when a single test file is run with --reporter=list
2026-03-05T14:03:46.8128610Z         [32m✔[39m should have the same output as when run with --no-parallel
2026-03-05T14:03:46.8129483Z       when a single test file is run with --reporter=min
2026-03-05T14:03:46.8130508Z         [32m✔[39m should have the same output as when run with --no-parallel
2026-03-05T14:03:46.8131359Z       when a single test file is run with --reporter=spec
2026-03-05T14:03:46.8132354Z         [32m✔[39m should have the same output as when run with --no-parallel
2026-03-05T14:03:46.8133212Z       when a single test file is run with --reporter=nyan
2026-03-05T14:03:46.8134231Z         [32m✔[39m should have the same output as when run with --no-parallel
2026-03-05T14:03:46.8134737Z       when a single test file is run with --reporter=landing
2026-03-05T14:03:46.8135598Z         [32m✔[39m should have the same output as when run with --no-parallel
2026-03-05T14:03:46.8136264Z       when a single test file is run with --reporter=progress
2026-03-05T14:03:46.8136716Z         [32m✔[39m should fail due to incompatibility
2026-03-05T14:03:46.8137091Z       when a single test file is run with --reporter=markdown
2026-03-05T14:03:46.8137499Z         [32m✔[39m should fail due to incompatibility
2026-03-05T14:03:46.8137883Z       when a single test file is run with --reporter=json-stream
2026-03-05T14:03:46.8138298Z         [32m✔[39m should fail due to incompatibility
2026-03-05T14:03:46.8138650Z       when a single test file is run with --reporter=json
2026-03-05T14:03:46.8139176Z         [32m✔[39m should have the same output as when run with --no-parallel
2026-03-05T14:03:46.8139606Z       when a single test file is run with --reporter=xunit
2026-03-05T14:03:46.8140098Z         [32m✔[39m should have the same output as when run with --no-parallel
2026-03-05T14:03:46.8140454Z     pool shutdown
2026-03-05T14:03:46.8140666Z       during normal operation
2026-03-05T14:03:46.8141037Z         [32m✔[39m should not leave orphaned processes around
2026-03-05T14:03:46.8141371Z       during operation with --bail
2026-03-05T14:03:46.8143711Z         [32m✔[39m should not leave orphaned processes around
2026-03-05T14:03:46.8144112Z 
2026-03-05T14:03:47.3600189Z ⚠ [mocha] cleaning up, please wait...
2026-03-05T14:03:47.7875304Z ℹ [mocha] waiting for changes...
2026-03-05T14:03:48.4788285Z ⚠ [mocha] cleaning up, please wait...
2026-03-05T14:03:48.8791790Z ℹ [mocha] waiting for changes...
2026-03-05T14:03:49.4114527Z ℹ [mocha] waiting for changes...
2026-03-05T14:03:50.5155569Z ℹ [mocha] waiting for changes...
2026-03-05T14:03:51.4088724Z ⚠ [mocha] cleaning up, please wait...
2026-03-05T14:03:51.8041236Z ℹ [mocha] waiting for changes...
2026-03-05T14:03:52.5130444Z ⚠ [mocha] cleaning up, please wait...
2026-03-05T14:03:53.7522983Z 
2026-03-05T14:03:53.7523441Z   root hooks
2026-03-05T14:03:53.7523966Z     when mocha run in serial mode
2026-03-05T14:03:53.7525519Z       [32m✔[39m should run root hooks when provided via mochaHooks object export
2026-03-05T14:03:53.7526915Z       [32m✔[39m should run root hooks when provided via mochaHooks function export
2026-03-05T14:03:53.7527763Z       support ESM when type=module or .mjs extension
2026-03-05T14:03:53.7528640Z         [32m✔[39m should run root hooks when provided via mochaHooks
2026-03-05T14:03:53.7529370Z       support ESM via .js extension w/o type=module
2026-03-05T14:03:53.7529962Z         on newer versions, should work
2026-03-05T14:03:53.7530685Z           [32m✔[39m with --no-experimental-detect-module
2026-03-05T14:03:53.7531448Z           [32m✔[39m with --experimental-detect-module
2026-03-05T14:03:53.7532015Z     when mocha in parallel mode
2026-03-05T14:03:53.7532855Z       [32m✔[39m should run root hooks when provided via mochaHooks object exports
2026-03-05T14:03:53.7534020Z       [32m✔[39m should run root hooks when provided via mochaHooks function export
2026-03-05T14:03:53.7534786Z       when running multiple jobs
2026-03-05T14:03:53.7535785Z         [32m✔[39m should run root hooks when provided via mochaHooks object exports for each job
2026-03-05T14:03:53.7536610Z 
2026-03-05T14:03:55.4503375Z ⚠ [mocha] cleaning up, please wait...
2026-03-05T14:03:55.9659850Z ℹ [mocha] waiting for changes...
2026-03-05T14:03:57.2618326Z ℹ [mocha] waiting for changes...
2026-03-05T14:03:57.5066761Z ℹ [mocha] waiting for changes...
2026-03-05T14:03:58.8955298Z ℹ [mocha] waiting for changes...
2026-03-05T14:03:59.4942128Z ⚠ [mocha] cleaning up, please wait...
2026-03-05T14:03:59.9029817Z ℹ [mocha] waiting for changes...
2026-03-05T14:04:00.5445974Z ⚠ [mocha] cleaning up, please wait...
2026-03-05T14:04:00.9458497Z 
2026-03-05T14:04:00.9461833Z   regressions
2026-03-05T14:04:00.9463152Z     [32m✔[39m issue-1991: Declarations do not get cleaned up unless you set them to `null` - Memory Leak
2026-03-05T14:04:00.9464686Z     [32m✔[39m issue-2315: cannot read property currentRetry of undefined
2026-03-05T14:04:00.9465765Z     [32m✔[39m issue-2406: should run nested describe.only suites
2026-03-05T14:04:00.9467401Z     [32m✔[39m issue-2417: should not recurse infinitely with .only suites nested within each other
2026-03-05T14:04:00.9468503Z     issue-2286: after doesn't execute if test was skipped in beforeEach
2026-03-05T14:04:00.9469235Z       suite with skipped test for meta test
2026-03-05T14:04:00.9469745Z         - should be pending
2026-03-05T14:04:00.9470025Z 
2026-03-05T14:04:01.3307859Z ℹ [mocha] waiting for changes...
2026-03-05T14:04:01.5451941Z ℹ [mocha] waiting for changes...
2026-03-05T14:04:02.9117354Z ℹ [mocha] waiting for changes...
2026-03-05T14:04:03.5428372Z ⚠ [mocha] cleaning up, please wait...
2026-03-05T14:04:03.9604367Z ℹ [mocha] waiting for changes...
2026-03-05T14:04:04.5833623Z ⚠ [mocha] cleaning up, please wait...
2026-03-05T14:04:04.6375321Z 
2026-03-05T14:04:04.6378778Z   global setup/teardown
2026-03-05T14:04:04.6379755Z     when mocha run in serial mode
2026-03-05T14:04:04.6381161Z       [32m✔[39m should execute global setup and teardown
2026-03-05T14:04:04.6382135Z       [32m✔[39m should share context
2026-03-05T14:04:04.6382953Z       when only global teardown is supplied
2026-03-05T14:04:04.6383840Z         [32m✔[39m should run global teardown
2026-03-05T14:04:04.6384377Z       when only global setup is supplied
2026-03-05T14:04:04.6384968Z         [32m✔[39m should run global setup
2026-03-05T14:04:04.6385494Z       when supplied multiple functions
2026-03-05T14:04:04.6386317Z         [32m✔[39m should execute them sequentially
2026-03-05T14:04:04.6386839Z       when run in watch mode
2026-03-05T14:04:04.6387553Z         [32m✔[39m should execute global setup and teardown (4040ms)
2026-03-05T14:04:04.6388450Z         [32m✔[39m should not re-execute the global fixtures (4064ms)
2026-03-05T14:04:04.6389079Z         when only global teardown is supplied
2026-03-05T14:04:04.6389522Z           [32m✔[39m should run global teardown (4037ms)
2026-03-05T14:04:04.6390684Z         when only global setup is supplied
2026-03-05T14:04:04.6391412Z           [32m✔[39m should run global setup (4041ms)
2026-03-05T14:04:04.6391977Z     when mocha run in parallel mode
2026-03-05T14:04:04.6392645Z       [32m✔[39m should execute global setup and teardown
2026-03-05T14:04:04.6393221Z       [32m✔[39m should share context
2026-03-05T14:04:04.6393622Z       when supplied multiple functions
2026-03-05T14:04:04.6394235Z         [32m✔[39m should execute them sequentially
2026-03-05T14:04:04.6394733Z       when run in watch mode
2026-03-05T14:04:04.6395439Z         [32m✔[39m should execute global setup and teardown (4038ms)
2026-03-05T14:04:04.6396517Z         [32m✔[39m should not re-execute the global fixtures (4050ms)
2026-03-05T14:04:04.6396963Z 
2026-03-05T14:04:05.5959639Z ℹ [mocha] waiting for changes...
2026-03-05T14:04:05.6066815Z 
2026-03-05T14:04:05.6067114Z   reporters
2026-03-05T14:04:05.6067471Z     markdown
2026-03-05T14:04:05.6068323Z       [32m✔[39m does not exceed maximum callstack (issue: 1875)
2026-03-05T14:04:05.6069082Z       [32m✔[39m contains spec src
2026-03-05T14:04:05.6069515Z     xunit
2026-03-05T14:04:05.6070258Z       [32m✔[39m prints test cases with --reporter-options output (issue: 1864)
2026-03-05T14:04:05.6070940Z     loader
2026-03-05T14:04:05.6071727Z       [32m✔[39m loads a reporter from a path relative to the current working directory
2026-03-05T14:04:05.6072687Z       [32m✔[39m loads a reporter from an absolute path
2026-03-05T14:04:05.6073197Z     tap
2026-03-05T14:04:05.6073738Z       [32m✔[39m should fail if given invalid `tapVersion`
2026-03-05T14:04:05.6074516Z       [32m✔[39m places exceptions correctly in YAML blocks
2026-03-05T14:04:05.6074934Z       produces valid TAP v13 output
2026-03-05T14:04:05.6075288Z         [32m✔[39m for passing.fixture.js
2026-03-05T14:04:05.6075637Z         [32m✔[39m for reporters.fixture.js
2026-03-05T14:04:05.6075821Z 
2026-03-05T14:04:07.5692174Z 
2026-03-05T14:04:07.5692614Z   retries
2026-03-05T14:04:07.5693421Z     [32m✔[39m are ran in correct order
2026-03-05T14:04:07.5694173Z     [32m✔[39m should exit early if test passes
2026-03-05T14:04:07.5694875Z     [32m✔[39m should let test override
2026-03-05T14:04:07.5695509Z     [32m✔[39m should not hang w/ async test
2026-03-05T14:04:07.5695866Z 
2026-03-05T14:04:07.5928168Z ⚠ [mocha] cleaning up, please wait...
2026-03-05T14:04:08.1560378Z ℹ [mocha] waiting for changes...
2026-03-05T14:04:08.2239100Z 
2026-03-05T14:04:08.2239937Z   suite w/no callback
2026-03-05T14:04:08.2241208Z     [32m✔[39m should throw a helpful error message when a callback for suite is not supplied
2026-03-05T14:04:08.2241930Z 
2026-03-05T14:04:08.2242108Z   skipped suite w/no callback
2026-03-05T14:04:08.2243098Z     [32m✔[39m should not throw an error when a callback for skipped suite is not supplied
2026-03-05T14:04:08.2243738Z 
2026-03-05T14:04:08.2243914Z   skipped suite w/ callback
2026-03-05T14:04:08.2244887Z     [32m✔[39m should not throw an error when a callback for skipped suite is supplied
2026-03-05T14:04:08.2245530Z 
2026-03-05T14:04:08.2245701Z   suite returning a value
2026-03-05T14:04:08.2246860Z     [32m✔[39m should not give a deprecation warning for suite callback returning a value
2026-03-05T14:04:08.2247479Z 
2026-03-05T14:04:09.6416790Z ℹ [mocha] waiting for changes...
2026-03-05T14:04:09.6590089Z 
2026-03-05T14:04:09.6593371Z   this.timeout()
2026-03-05T14:04:09.6594231Z     [32m✔[39m is respected by sync and async suites
2026-03-05T14:04:09.6595094Z     [32m✔[39m should allow overriding if disabled per-test
2026-03-05T14:04:09.6595545Z 
2026-03-05T14:04:09.6595717Z   describe.timeout()
2026-03-05T14:04:09.6596879Z     [32m✔[39m should fail due to suite-level timeout lower than elapsed time of inner test
2026-03-05T14:04:09.6597528Z 
2026-03-05T14:04:11.6413339Z ⚠ [mocha] cleaning up, please wait...
2026-03-05T14:04:12.0609460Z ℹ [mocha] waiting for changes...
2026-03-05T14:04:14.8716990Z 
2026-03-05T14:04:14.8717602Z   uncaught exceptions
2026-03-05T14:04:14.8718953Z     [32m✔[39m handles uncaught exceptions from hooks
2026-03-05T14:04:14.8719749Z     [32m✔[39m handles uncaught exceptions from async specs
2026-03-05T14:04:14.8720663Z     [32m✔[39m handles uncaught exceptions from which Mocha cannot recover
2026-03-05T14:04:14.8721605Z     [32m✔[39m handles uncaught exceptions within pending tests
2026-03-05T14:04:14.8722442Z     [32m✔[39m handles uncaught exceptions within open tests
2026-03-05T14:04:14.8723328Z     [32m✔[39m removes uncaught exceptions handlers correctly
2026-03-05T14:04:14.8724160Z     [32m✔[39m handles uncaught exceptions after runner's end
2026-03-05T14:04:14.8724689Z     [32m✔[39m issue-1327: should run the first test and then bail
2026-03-05T14:04:14.8725192Z     [32m✔[39m issue-1417: uncaught exceptions from async specs
2026-03-05T14:04:14.8725663Z     issue-4481: behavior of non-Mocha-originating unhandled rejections
2026-03-05T14:04:14.8726245Z       when Node is in "warn" mode
2026-03-05T14:04:14.8726571Z         [32m✔[39m should warn
2026-03-05T14:04:14.8726834Z       when Node is in "strict" mode
2026-03-05T14:04:14.8727205Z         [32m✔[39m should fail with an uncaught exception
2026-03-05T14:04:14.8727427Z 
2026-03-05T14:04:15.7011323Z ⚠ [mocha] cleaning up, please wait...
2026-03-05T14:04:16.0433117Z ℹ [mocha] waiting for changes...
2026-03-05T14:04:19.7332417Z ⚠ [mocha] cleaning up, please wait...
2026-03-05T14:04:20.0816575Z ℹ [mocha] waiting for changes...
2026-03-05T14:04:23.7688848Z ⚠ [mocha] cleaning up, please wait...
2026-03-05T14:04:24.1184952Z ℹ [mocha] waiting for changes...
2026-03-05T14:04:25.8103255Z ℹ [mocha] waiting for changes...
2026-03-05T14:04:27.8069926Z ⚠ [mocha] cleaning up, please wait...
2026-03-05T14:04:28.1508590Z ℹ [mocha] waiting for changes...
2026-03-05T14:04:29.8476478Z ℹ [mocha] waiting for changes...
2026-03-05T14:04:31.8423118Z ⚠ [mocha] cleaning up, please wait...
2026-03-05T14:04:32.1874298Z ℹ [mocha] waiting for changes...
2026-03-05T14:04:33.8773180Z ℹ [mocha] waiting for changes...
2026-03-05T14:04:35.8746930Z ⚠ [mocha] cleaning up, please wait...
2026-03-05T14:04:51.5863895Z ℹ [mocha] waiting for changes...
2026-03-05T14:04:53.2701840Z ℹ [mocha] waiting for changes...
2026-03-05T14:04:54.9764742Z ⚠ [mocha] cleaning up, please wait...
2026-03-05T14:04:55.3234008Z /tmp/mocha-IEJEP4/test.js:7
2026-03-05T14:04:55.3235260Z     done((;
2026-03-05T14:04:55.3235589Z           ^
2026-03-05T14:04:55.3235775Z 
2026-03-05T14:04:55.3236033Z SyntaxError: Unexpected token ';'
2026-03-05T14:04:55.3236850Z     at wrapSafe (node:internal/modules/cjs/loader:1638:18)
2026-03-05T14:04:55.3237351Z     at Module._compile (node:internal/modules/cjs/loader:1680:20)
2026-03-05T14:04:55.3238086Z     at Module.replacementCompile (/home/runner/work/mocha/mocha/node_modules/append-transform/index.js:60:13)
2026-03-05T14:04:55.3238741Z     at node:internal/modules/cjs/loader:1839:10
2026-03-05T14:04:55.3239379Z     at Object.<anonymous> (/home/runner/work/mocha/mocha/node_modules/append-transform/index.js:64:4)
2026-03-05T14:04:55.3240032Z     at Module.load (node:internal/modules/cjs/loader:1441:32)
2026-03-05T14:04:55.3240517Z     at Function._load (node:internal/modules/cjs/loader:1263:12)
2026-03-05T14:04:55.3241023Z     at TracingChannel.traceSync (node:diagnostics_channel:328:14)
2026-03-05T14:04:55.3241534Z     at wrapModuleLoad (node:internal/modules/cjs/loader:237:24)
2026-03-05T14:04:55.3242024Z     at Module.require (node:internal/modules/cjs/loader:1463:12)
2026-03-05T14:04:55.3242487Z     at require (node:internal/modules/helpers:147:16)
2026-03-05T14:04:55.3242914Z     at /home/runner/work/mocha/mocha/lib/mocha.js:128:445
2026-03-05T14:04:55.3243287Z     at Array.forEach (<anonymous>)
2026-03-05T14:04:55.3243743Z     at Mocha.loadFiles (/home/runner/work/mocha/mocha/lib/mocha.js:128:217)
2026-03-05T14:04:55.3244297Z     at Mocha.run (/home/runner/work/mocha/mocha/lib/mocha.js:453:599)
2026-03-05T14:04:55.3244864Z     at Object.run (/home/runner/work/mocha/mocha/lib/cli/watch-run.js:196:381)
2026-03-05T14:04:55.3245810Z     at FSWatcher.<anonymous> (/home/runner/work/mocha/mocha/lib/cli/watch-run.js:173:621)
2026-03-05T14:04:55.3246725Z     at process.processTicksAndRejections (node:internal/process/task_queues:105:5)
2026-03-05T14:04:57.0184256Z ℹ [mocha] waiting for changes...
2026-03-05T14:04:59.0139342Z ⚠ [mocha] cleaning up, please wait...
2026-03-05T14:04:59.3694812Z ℹ [mocha] waiting for changes...
2026-03-05T14:05:01.0543707Z ℹ [mocha] waiting for changes...
2026-03-05T14:05:03.0531436Z ⚠ [mocha] cleaning up, please wait...
2026-03-05T14:05:03.3996811Z ℹ [mocha] waiting for changes...
2026-03-05T14:05:05.0894883Z ℹ [mocha] waiting for changes...
2026-03-05T14:05:07.0871606Z ⚠ [mocha] cleaning up, please wait...
2026-03-05T14:05:07.4387284Z ℹ [mocha] waiting for changes...
2026-03-05T14:05:09.1229035Z ℹ [mocha] waiting for changes...
2026-03-05T14:05:11.1205881Z ⚠ [mocha] cleaning up, please wait...
2026-03-05T14:05:11.4736638Z ℹ [mocha] waiting for changes...
2026-03-05T14:05:13.1598770Z ℹ [mocha] waiting for changes...
2026-03-05T14:05:15.1575832Z ⚠ [mocha] cleaning up, please wait...
2026-03-05T14:05:15.2085195Z 
2026-03-05T14:05:15.2085764Z   --watch
2026-03-05T14:05:15.2086482Z     when enabled
2026-03-05T14:05:15.2091510Z       [32m✔[39m reruns test when watched test file is touched (4093ms)
2026-03-05T14:05:15.2093296Z       [32m✔[39m reruns test when watched test file crashes (4146ms)
2026-03-05T14:05:15.2095045Z       [32m✔[39m reruns test when file matching --watch-files changes (4049ms)
2026-03-05T14:05:15.2098059Z       1) reruns test when file matching --watch-files is added
2026-03-05T14:05:15.2098997Z       2) reruns test when file and directory paths under --watch-files are added
2026-03-05T14:05:15.2100209Z       [32m✔[39m reruns test when file matching --watch-files is removed (4079ms)
2026-03-05T14:05:15.2101904Z       [32m✔[39m reruns test when file matching exact --watch-files changes (4065ms)
2026-03-05T14:05:15.2103443Z       [32m✔[39m reruns test when file under --watch-files changes (4054ms)
2026-03-05T14:05:15.2105062Z       [32m✔[39m reruns test when file matching --watch-files starting with a glob pattern changes (4059ms)
2026-03-05T14:05:15.2107080Z       [32m✔[39m reruns test when file matching --watch-files ending with a glob pattern changes (4054ms)
2026-03-05T14:05:15.2109203Z       [32m✔[39m reruns test when file matching --watch-files with glob pattern in between changes (4049ms)
2026-03-05T14:05:15.2111037Z       [32m✔[39m reruns test when file matching --watch-files outside the current working directory changes (4038ms)
2026-03-05T14:05:15.2112854Z       [32m✔[39m does not rerun test when file not matching --watch-files is changed (4042ms)
2026-03-05T14:05:15.2114281Z       [32m✔[39m picks up new test files when they are added (4051ms)
2026-03-05T14:05:15.2115467Z       [32m✔[39m reruns test when file matching --extension is changed (4043ms)
2026-03-05T14:05:15.2116988Z       [32m✔[39m reruns when "rs\n" typed (4050ms)
2026-03-05T14:05:15.2118325Z       [32m✔[39m reruns test when file starting with . and matching --extension is changed (4059ms)
2026-03-05T14:05:15.2119793Z       [32m✔[39m ignores files in "node_modules" and ".git" by default (4032ms)
2026-03-05T14:05:15.2121219Z       [32m✔[39m ignores files matching --watch-ignore (4035ms)
2026-03-05T14:05:15.2136405Z       [32m✔[39m ignores files whose name is the watch glob (4037ms)
2026-03-05T14:05:15.2142317Z       [32m✔[39m reloads test files when they change (4034ms)
2026-03-05T14:05:15.2144082Z       [32m✔[39m reloads test dependencies when they change (4033ms)
2026-03-05T14:05:15.2167395Z       [32m✔[39m respects --fgrep on re-runs (4033ms)
2026-03-05T14:05:15.2168709Z       [32m✔[39m should not leak event listeners (15067ms)
2026-03-05T14:05:15.2169596Z       when in parallel mode
2026-03-05T14:05:15.2171002Z         [32m✔[39m reruns test when watched test file is touched (4037ms)
2026-03-05T14:05:15.2172334Z         [32m✔[39m reruns test when watched test file is crashed (4038ms)
2026-03-05T14:05:15.2173785Z       with required hooks
2026-03-05T14:05:15.2174887Z         [32m✔[39m mochaHooks.beforeAll runs as expected (4034ms)
2026-03-05T14:05:15.2176314Z         [32m✔[39m mochaHooks.beforeEach runs as expected (4033ms)
2026-03-05T14:05:15.2177600Z         [32m✔[39m mochaHooks.afterAll runs as expected (4036ms)
2026-03-05T14:05:15.2178880Z         [32m✔[39m mochaHooks.afterEach runs as expected (4038ms)
2026-03-05T14:05:15.2179397Z 
2026-03-05T14:05:15.3234091Z 
2026-03-05T14:05:15.3234680Z   357 passing (3m)
2026-03-05T14:05:15.3235005Z   1 pending
2026-03-05T14:05:15.3235198Z   2 failing
2026-03-05T14:05:15.3238154Z 
2026-03-05T14:05:15.3241864Z   1) --watch
2026-03-05T14:05:15.3242223Z        when enabled
2026-03-05T14:05:15.3244192Z          reruns test when file matching --watch-files is added:
2026-03-05T14:05:15.3245072Z      Error: failed to send signal to subprocess
2026-03-05T14:05:15.3246004Z       at runMochaWatchAsync (test/integration/helpers.js:452:11)
2026-03-05T14:05:15.3247391Z       at async runMochaWatchJSONAsync (test/integration/helpers.js:481:15)
2026-03-05T14:05:15.3248063Z 
2026-03-05T14:05:15.3248224Z   2) --watch
2026-03-05T14:05:15.3248637Z        when enabled
2026-03-05T14:05:15.3249358Z          reruns test when file and directory paths under --watch-files are added:
2026-03-05T14:05:15.3250079Z      UnexpectedError: 
2026-03-05T14:05:15.3250465Z expected
2026-03-05T14:05:15.3250779Z [
2026-03-05T14:05:15.3251065Z   {
2026-03-05T14:05:15.3251371Z     stats: {
2026-03-05T14:05:15.3251917Z       suites: 1, tests: 1, passes: 1, pending: 0, failures: 0,
2026-03-05T14:05:15.3252754Z       start: '2026-03-05T14:03:17.723Z', end: '2026-03-05T14:03:17.728Z',
2026-03-05T14:05:15.3253376Z       duration: 5
2026-03-05T14:05:15.3253725Z     },
2026-03-05T14:05:15.3254048Z     tests: [ ... ],
2026-03-05T14:05:15.3254408Z     pending: [],
2026-03-05T14:05:15.3255062Z     failures: [],
2026-03-05T14:05:15.3255451Z     passes: [ ... ]
2026-03-05T14:05:15.3255804Z   }
2026-03-05T14:05:15.3256319Z ]
2026-03-05T14:05:15.3256637Z to have length 4
2026-03-05T14:05:15.3257013Z   expected 1 to be 4
2026-03-05T14:05:15.3257258Z 
2026-03-05T14:05:15.3257779Z       at /home/runner/work/mocha/mocha/test/integration/options/watch.spec.js:145:9
2026-03-05T14:05:15.3258963Z       at process.processTicksAndRejections (node:internal/process/task_queues:105:5)
2026-03-05T14:05:15.3259998Z       set UNEXPECTED_FULL_TRACE=true to see the full stack trace
2026-03-05T14:05:15.3260476Z 
2026-03-05T14:05:15.3260486Z 
2026-03-05T14:05:15.3260494Z 
2026-03-05T14:05:20.8627159Z ##[error]Process completed with exit code 2.
2026-03-05T14:05:20.8753812Z Post job cleanup.
2026-03-05T14:05:20.9608044Z [command]/usr/bin/git version
2026-03-05T14:05:20.9676540Z git version 2.53.0
2026-03-05T14:05:20.9717197Z Temporarily overriding HOME='/home/runner/work/_temp/26e30012-82c7-4189-a9d9-715625bdc8b9' before making global git config changes
2026-03-05T14:05:20.9718834Z Adding repository directory to the temporary git global config as a safe directory
2026-03-05T14:05:20.9723452Z [command]/usr/bin/git config --global --add safe.directory /home/runner/work/mocha/mocha
2026-03-05T14:05:20.9755927Z Removing SSH command configuration
2026-03-05T14:05:20.9762698Z [command]/usr/bin/git config --local --name-only --get-regexp core\.sshCommand
2026-03-05T14:05:20.9796425Z [command]/usr/bin/git submodule foreach --recursive sh -c "git config --local --name-only --get-regexp 'core\.sshCommand' && git config --local --unset-all 'core.sshCommand' || :"
2026-03-05T14:05:21.0035007Z Removing HTTP extra header
2026-03-05T14:05:21.0041367Z [command]/usr/bin/git config --local --name-only --get-regexp http\.https\:\/\/github\.com\/\.extraheader
2026-03-05T14:05:21.0075923Z [command]/usr/bin/git submodule foreach --recursive sh -c "git config --local --name-only --get-regexp 'http\.https\:\/\/github\.com\/\.extraheader' && git config --local --unset-all 'http.https://github.com/.extraheader' || :"
2026-03-05T14:05:21.0310487Z Removing includeIf entries pointing to credentials config files
2026-03-05T14:05:21.0316665Z [command]/usr/bin/git config --local --name-only --get-regexp ^includeIf\.gitdir:
2026-03-05T14:05:21.0349577Z [command]/usr/bin/git submodule foreach --recursive git config --local --show-origin --name-only --get-regexp remote.origin.url
2026-03-05T14:05:21.0701468Z Cleaning up orphan processes
