2026-03-31T07:54:14.0493449Z Current runner version: '2.333.0'
2026-03-31T07:54:14.0517735Z ##[group]Runner Image Provisioner
2026-03-31T07:54:14.0518625Z Hosted Compute Agent
2026-03-31T07:54:14.0519217Z Version: 20260213.493
2026-03-31T07:54:14.0519799Z Commit: 5c115507f6dd24b8de37d8bbe0bb4509d0cc0fa3
2026-03-31T07:54:14.0520528Z Build Date: 2026-02-13T00:28:41Z
2026-03-31T07:54:14.0521226Z Worker ID: {cb34c38c-1ad6-4e9e-93ae-36bf27b9022d}
2026-03-31T07:54:14.0521868Z Azure Region: westus
2026-03-31T07:54:14.0522434Z ##[endgroup]
2026-03-31T07:54:14.0523827Z ##[group]Operating System
2026-03-31T07:54:14.0524444Z Ubuntu
2026-03-31T07:54:14.0524859Z 24.04.4
2026-03-31T07:54:14.0525442Z LTS
2026-03-31T07:54:14.0526459Z ##[endgroup]
2026-03-31T07:54:14.0526973Z ##[group]Runner Image
2026-03-31T07:54:14.0527618Z Image: ubuntu-24.04
2026-03-31T07:54:14.0528097Z Version: 20260323.65.1
2026-03-31T07:54:14.0529303Z Included Software: https://github.com/actions/runner-images/blob/ubuntu24/20260323.65/images/ubuntu/Ubuntu2404-Readme.md
2026-03-31T07:54:14.0530888Z Image Release: https://github.com/actions/runner-images/releases/tag/ubuntu24%2F20260323.65
2026-03-31T07:54:14.0531786Z ##[endgroup]
2026-03-31T07:54:14.0532877Z ##[group]GITHUB_TOKEN Permissions
2026-03-31T07:54:14.0534716Z Contents: read
2026-03-31T07:54:14.0535392Z Metadata: read
2026-03-31T07:54:14.0536308Z ##[endgroup]
2026-03-31T07:54:14.0538820Z Secret source: Actions
2026-03-31T07:54:14.0539578Z Prepare workflow directory
2026-03-31T07:54:14.0880243Z Prepare all required actions
2026-03-31T07:54:14.0919706Z Getting action download info
2026-03-31T07:54:14.7152738Z Download action repository 'actions/checkout@de0fac2e4500dabe0009e67214ff5f5447ce83dd' (SHA:de0fac2e4500dabe0009e67214ff5f5447ce83dd)
2026-03-31T07:54:14.8302055Z Download action repository 'actions/cache@668228422ae6a00e4ad889ee87cd7109ec5666a7' (SHA:668228422ae6a00e4ad889ee87cd7109ec5666a7)
2026-03-31T07:54:15.0306436Z Complete job name: 🔬 Test only Go
2026-03-31T07:54:15.1056433Z ##[group]Run actions/checkout@de0fac2e4500dabe0009e67214ff5f5447ce83dd
2026-03-31T07:54:15.1057625Z with:
2026-03-31T07:54:15.1058036Z   persist-credentials: false
2026-03-31T07:54:15.1058527Z   repository: akvorado/akvorado
2026-03-31T07:54:15.1059193Z   token: ***
2026-03-31T07:54:15.1059586Z   ssh-strict: true
2026-03-31T07:54:15.1059992Z   ssh-user: git
2026-03-31T07:54:15.1060368Z   clean: true
2026-03-31T07:54:15.1060776Z   sparse-checkout-cone-mode: true
2026-03-31T07:54:15.1061253Z   fetch-depth: 1
2026-03-31T07:54:15.1061645Z   fetch-tags: false
2026-03-31T07:54:15.1062061Z   show-progress: true
2026-03-31T07:54:15.1062478Z   lfs: false
2026-03-31T07:54:15.1062852Z   submodules: false
2026-03-31T07:54:15.1063269Z   set-safe-directory: true
2026-03-31T07:54:15.1063929Z ##[endgroup]
2026-03-31T07:54:15.2003091Z Syncing repository: akvorado/akvorado
2026-03-31T07:54:15.2004913Z ##[group]Getting Git version info
2026-03-31T07:54:15.2005971Z Working directory is '/home/runner/work/akvorado/akvorado'
2026-03-31T07:54:15.2006961Z [command]/usr/bin/git version
2026-03-31T07:54:15.2039512Z git version 2.53.0
2026-03-31T07:54:15.2094862Z ##[endgroup]
2026-03-31T07:54:15.2110724Z Temporarily overriding HOME='/home/runner/work/_temp/3eeed206-b0b1-47b3-9195-834ab66c894b' before making global git config changes
2026-03-31T07:54:15.2112170Z Adding repository directory to the temporary git global config as a safe directory
2026-03-31T07:54:15.2116271Z [command]/usr/bin/git config --global --add safe.directory /home/runner/work/akvorado/akvorado
2026-03-31T07:54:15.2150978Z Deleting the contents of '/home/runner/work/akvorado/akvorado'
2026-03-31T07:54:15.2155056Z ##[group]Initializing the repository
2026-03-31T07:54:15.2160053Z [command]/usr/bin/git init /home/runner/work/akvorado/akvorado
2026-03-31T07:54:15.2257371Z hint: Using 'master' as the name for the initial branch. This default branch name
2026-03-31T07:54:15.2259051Z hint: will change to "main" in Git 3.0. To configure the initial branch name
2026-03-31T07:54:15.2260481Z hint: to use in all of your new repositories, which will suppress this warning,
2026-03-31T07:54:15.2262092Z hint: call:
2026-03-31T07:54:15.2262786Z hint:
2026-03-31T07:54:15.2263426Z hint: 	git config --global init.defaultBranch <name>
2026-03-31T07:54:15.2264031Z hint:
2026-03-31T07:54:15.2264605Z hint: Names commonly chosen instead of 'master' are 'main', 'trunk' and
2026-03-31T07:54:15.2265518Z hint: 'development'. The just-created branch can be renamed via this command:
2026-03-31T07:54:15.2266654Z hint:
2026-03-31T07:54:15.2267039Z hint: 	git branch -m <name>
2026-03-31T07:54:15.2267488Z hint:
2026-03-31T07:54:15.2268269Z hint: Disable this message with "git config set advice.defaultBranchName false"
2026-03-31T07:54:15.2270002Z Initialized empty Git repository in /home/runner/work/akvorado/akvorado/.git/
2026-03-31T07:54:15.2271707Z [command]/usr/bin/git remote add origin https://github.com/akvorado/akvorado
2026-03-31T07:54:15.2301716Z ##[endgroup]
2026-03-31T07:54:15.2302477Z ##[group]Disabling automatic garbage collection
2026-03-31T07:54:15.2305238Z [command]/usr/bin/git config --local gc.auto 0
2026-03-31T07:54:15.2334723Z ##[endgroup]
2026-03-31T07:54:15.2335503Z ##[group]Setting up auth
2026-03-31T07:54:15.2336567Z Removing SSH command configuration
2026-03-31T07:54:15.2342339Z [command]/usr/bin/git config --local --name-only --get-regexp core\.sshCommand
2026-03-31T07:54:15.2373735Z [command]/usr/bin/git submodule foreach --recursive sh -c "git config --local --name-only --get-regexp 'core\.sshCommand' && git config --local --unset-all 'core.sshCommand' || :"
2026-03-31T07:54:15.2669492Z Removing HTTP extra header
2026-03-31T07:54:15.2675115Z [command]/usr/bin/git config --local --name-only --get-regexp http\.https\:\/\/github\.com\/\.extraheader
2026-03-31T07:54:15.2709929Z [command]/usr/bin/git submodule foreach --recursive sh -c "git config --local --name-only --get-regexp 'http\.https\:\/\/github\.com\/\.extraheader' && git config --local --unset-all 'http.https://github.com/.extraheader' || :"
2026-03-31T07:54:15.2930170Z Removing includeIf entries pointing to credentials config files
2026-03-31T07:54:15.2937767Z [command]/usr/bin/git config --local --name-only --get-regexp ^includeIf\.gitdir:
2026-03-31T07:54:15.2971185Z [command]/usr/bin/git submodule foreach --recursive git config --local --show-origin --name-only --get-regexp remote.origin.url
2026-03-31T07:54:15.3198033Z [command]/usr/bin/git config --file /home/runner/work/_temp/git-credentials-36fe5068-9fd7-4c4b-8f2e-b34a8c8eba1a.config http.https://github.com/.extraheader AUTHORIZATION: basic ***
2026-03-31T07:54:15.3237555Z [command]/usr/bin/git config --local includeIf.gitdir:/home/runner/work/akvorado/akvorado/.git.path /home/runner/work/_temp/git-credentials-36fe5068-9fd7-4c4b-8f2e-b34a8c8eba1a.config
2026-03-31T07:54:15.3269316Z [command]/usr/bin/git config --local includeIf.gitdir:/home/runner/work/akvorado/akvorado/.git/worktrees/*.path /home/runner/work/_temp/git-credentials-36fe5068-9fd7-4c4b-8f2e-b34a8c8eba1a.config
2026-03-31T07:54:15.3299754Z [command]/usr/bin/git config --local includeIf.gitdir:/github/workspace/.git.path /github/runner_temp/git-credentials-36fe5068-9fd7-4c4b-8f2e-b34a8c8eba1a.config
2026-03-31T07:54:15.3332698Z [command]/usr/bin/git config --local includeIf.gitdir:/github/workspace/.git/worktrees/*.path /github/runner_temp/git-credentials-36fe5068-9fd7-4c4b-8f2e-b34a8c8eba1a.config
2026-03-31T07:54:15.3359728Z ##[endgroup]
2026-03-31T07:54:15.3360863Z ##[group]Fetching the repository
2026-03-31T07:54:15.3370363Z [command]/usr/bin/git -c protocol.version=2 fetch --no-tags --prune --no-recurse-submodules --depth=1 origin +8064dff5168aa1aa86a0817ef3d4d449b6c47b68:refs/remotes/origin/main
2026-03-31T07:54:16.0516045Z From https://github.com/akvorado/akvorado
2026-03-31T07:54:16.0517979Z  * [new ref]         8064dff5168aa1aa86a0817ef3d4d449b6c47b68 -> origin/main
2026-03-31T07:54:16.0553023Z [command]/usr/bin/git branch --list --remote origin/main
2026-03-31T07:54:16.0584468Z   origin/main
2026-03-31T07:54:16.0593725Z [command]/usr/bin/git rev-parse refs/remotes/origin/main
2026-03-31T07:54:16.0617250Z 8064dff5168aa1aa86a0817ef3d4d449b6c47b68
2026-03-31T07:54:16.0622652Z ##[endgroup]
2026-03-31T07:54:16.0624432Z ##[group]Determining the checkout info
2026-03-31T07:54:16.0626661Z ##[endgroup]
2026-03-31T07:54:16.0627932Z [command]/usr/bin/git sparse-checkout disable
2026-03-31T07:54:16.0677554Z [command]/usr/bin/git config --local --unset-all extensions.worktreeConfig
2026-03-31T07:54:16.0706361Z ##[group]Checking out the ref
2026-03-31T07:54:16.0709539Z [command]/usr/bin/git checkout --progress --force -B main refs/remotes/origin/main
2026-03-31T07:54:16.1197873Z Switched to a new branch 'main'
2026-03-31T07:54:16.1201062Z branch 'main' set up to track 'origin/main'.
2026-03-31T07:54:16.1209881Z ##[endgroup]
2026-03-31T07:54:16.1257653Z [command]/usr/bin/git log -1 --format=%H
2026-03-31T07:54:16.1285440Z 8064dff5168aa1aa86a0817ef3d4d449b6c47b68
2026-03-31T07:54:16.1299798Z ##[group]Removing auth
2026-03-31T07:54:16.1300828Z Removing SSH command configuration
2026-03-31T07:54:16.1305191Z [command]/usr/bin/git config --local --name-only --get-regexp core\.sshCommand
2026-03-31T07:54:16.1344894Z [command]/usr/bin/git submodule foreach --recursive sh -c "git config --local --name-only --get-regexp 'core\.sshCommand' && git config --local --unset-all 'core.sshCommand' || :"
2026-03-31T07:54:16.1596567Z Removing HTTP extra header
2026-03-31T07:54:16.1602543Z [command]/usr/bin/git config --local --name-only --get-regexp http\.https\:\/\/github\.com\/\.extraheader
2026-03-31T07:54:16.1644605Z [command]/usr/bin/git submodule foreach --recursive sh -c "git config --local --name-only --get-regexp 'http\.https\:\/\/github\.com\/\.extraheader' && git config --local --unset-all 'http.https://github.com/.extraheader' || :"
2026-03-31T07:54:16.1879320Z Removing includeIf entries pointing to credentials config files
2026-03-31T07:54:16.1882937Z [command]/usr/bin/git config --local --name-only --get-regexp ^includeIf\.gitdir:
2026-03-31T07:54:16.1907028Z includeif.gitdir:/home/runner/work/akvorado/akvorado/.git.path
2026-03-31T07:54:16.1909744Z includeif.gitdir:/home/runner/work/akvorado/akvorado/.git/worktrees/*.path
2026-03-31T07:54:16.1911913Z includeif.gitdir:/github/workspace/.git.path
2026-03-31T07:54:16.1913494Z includeif.gitdir:/github/workspace/.git/worktrees/*.path
2026-03-31T07:54:16.1918149Z [command]/usr/bin/git config --local --get-all includeif.gitdir:/home/runner/work/akvorado/akvorado/.git.path
2026-03-31T07:54:16.1939381Z /home/runner/work/_temp/git-credentials-36fe5068-9fd7-4c4b-8f2e-b34a8c8eba1a.config
2026-03-31T07:54:16.1950533Z [command]/usr/bin/git config --local --unset includeif.gitdir:/home/runner/work/akvorado/akvorado/.git.path /home/runner/work/_temp/git-credentials-36fe5068-9fd7-4c4b-8f2e-b34a8c8eba1a.config
2026-03-31T07:54:16.1983409Z [command]/usr/bin/git config --local --get-all includeif.gitdir:/home/runner/work/akvorado/akvorado/.git/worktrees/*.path
2026-03-31T07:54:16.2005380Z /home/runner/work/_temp/git-credentials-36fe5068-9fd7-4c4b-8f2e-b34a8c8eba1a.config
2026-03-31T07:54:16.2016731Z [command]/usr/bin/git config --local --unset includeif.gitdir:/home/runner/work/akvorado/akvorado/.git/worktrees/*.path /home/runner/work/_temp/git-credentials-36fe5068-9fd7-4c4b-8f2e-b34a8c8eba1a.config
2026-03-31T07:54:16.2053130Z [command]/usr/bin/git config --local --get-all includeif.gitdir:/github/workspace/.git.path
2026-03-31T07:54:16.2078447Z /github/runner_temp/git-credentials-36fe5068-9fd7-4c4b-8f2e-b34a8c8eba1a.config
2026-03-31T07:54:16.2093857Z [command]/usr/bin/git config --local --unset includeif.gitdir:/github/workspace/.git.path /github/runner_temp/git-credentials-36fe5068-9fd7-4c4b-8f2e-b34a8c8eba1a.config
2026-03-31T07:54:16.2124409Z [command]/usr/bin/git config --local --get-all includeif.gitdir:/github/workspace/.git/worktrees/*.path
2026-03-31T07:54:16.2146149Z /github/runner_temp/git-credentials-36fe5068-9fd7-4c4b-8f2e-b34a8c8eba1a.config
2026-03-31T07:54:16.2154800Z [command]/usr/bin/git config --local --unset includeif.gitdir:/github/workspace/.git/worktrees/*.path /github/runner_temp/git-credentials-36fe5068-9fd7-4c4b-8f2e-b34a8c8eba1a.config
2026-03-31T07:54:16.2191407Z [command]/usr/bin/git submodule foreach --recursive git config --local --show-origin --name-only --get-regexp remote.origin.url
2026-03-31T07:54:16.2411566Z Removing credentials config '/home/runner/work/_temp/git-credentials-36fe5068-9fd7-4c4b-8f2e-b34a8c8eba1a.config'
2026-03-31T07:54:16.2420421Z ##[endgroup]
2026-03-31T07:54:16.2908427Z Prepare all required actions
2026-03-31T07:54:16.2909694Z Getting action download info
2026-03-31T07:54:16.5525005Z Download action repository 'actions/setup-go@4a3601121dd01d1626a1e23e37211e3254c1c06c' (SHA:4a3601121dd01d1626a1e23e37211e3254c1c06c)
2026-03-31T07:54:17.2668048Z Download action repository 'pnpm/action-setup@fc06bc1257f339d1d5d8b3a19a8cae5388b55320' (SHA:fc06bc1257f339d1d5d8b3a19a8cae5388b55320)
2026-03-31T07:54:17.9406259Z Download action repository 'actions/setup-node@53b83947a5a98c8d113130e565377fae1a50d02f' (SHA:53b83947a5a98c8d113130e565377fae1a50d02f)
2026-03-31T07:54:18.0798885Z ##[group]Run ./.github/actions/setup
2026-03-31T07:54:18.0799313Z with:
2026-03-31T07:54:18.0799631Z   setup-go: true
2026-03-31T07:54:18.0799970Z   setup-node: true
2026-03-31T07:54:18.0800313Z   node-version: 20
2026-03-31T07:54:18.0800642Z ##[endgroup]
2026-03-31T07:54:18.0944402Z ##[group]Run actions/setup-go@4a3601121dd01d1626a1e23e37211e3254c1c06c
2026-03-31T07:54:18.0945024Z with:
2026-03-31T07:54:18.0945363Z   go-version-file: go.mod
2026-03-31T07:54:18.0946006Z   check-latest: true
2026-03-31T07:54:18.0946362Z   cache: false
2026-03-31T07:54:18.0946841Z   token: ***
2026-03-31T07:54:18.0947172Z ##[endgroup]
2026-03-31T07:54:18.2327418Z Setup go version spec 1.26.1
2026-03-31T07:54:18.2331281Z Attempting to resolve the latest version from the manifest...
2026-03-31T07:54:18.9303554Z matching 1.26.1...
2026-03-31T07:54:18.9336714Z Resolved as '1.26.1'
2026-03-31T07:54:18.9339644Z Attempting to download 1.26.1...
2026-03-31T07:54:19.6027099Z matching 1.26.1...
2026-03-31T07:54:19.6037486Z Acquiring 1.26.1 from https://github.com/actions/go-versions/releases/download/1.26.1-22746851271/go-1.26.1-linux-x64.tar.gz
2026-03-31T07:54:20.1478478Z Extracting Go...
2026-03-31T07:54:20.1580533Z [command]/usr/bin/tar xz --warning=no-unknown-keyword --overwrite -C /home/runner/work/_temp/217ba4f1-8b1b-4cd1-812e-0c194cc2c37c -f /home/runner/work/_temp/328ceacd-2d7e-48bd-a822-88426500e630
2026-03-31T07:54:21.7867002Z Successfully extracted go to /home/runner/work/_temp/217ba4f1-8b1b-4cd1-812e-0c194cc2c37c
2026-03-31T07:54:21.7868223Z Adding to the cache ...
2026-03-31T07:54:27.4554893Z Successfully cached go to /opt/hostedtoolcache/go/1.26.1/x64
2026-03-31T07:54:27.4596695Z Added go to the path
2026-03-31T07:54:27.4597155Z Successfully set up Go version 1.26.1
2026-03-31T07:54:27.4825516Z go version go1.26.1 linux/amd64
2026-03-31T07:54:27.4826149Z 
2026-03-31T07:54:27.4826445Z ##[group]go env
2026-03-31T07:54:27.6134389Z AR='ar'
2026-03-31T07:54:27.6136319Z CC='gcc'
2026-03-31T07:54:27.6137474Z CGO_CFLAGS='-O2 -g'
2026-03-31T07:54:27.6138139Z CGO_CPPFLAGS=''
2026-03-31T07:54:27.6138681Z CGO_CXXFLAGS='-O2 -g'
2026-03-31T07:54:27.6139280Z CGO_ENABLED='1'
2026-03-31T07:54:27.6139789Z CGO_FFLAGS='-O2 -g'
2026-03-31T07:54:27.6140375Z CGO_LDFLAGS='-O2 -g'
2026-03-31T07:54:27.6141256Z CXX='g++'
2026-03-31T07:54:27.6142075Z GCCGO='gccgo'
2026-03-31T07:54:27.6143156Z GO111MODULE=''
2026-03-31T07:54:27.6144170Z GOAMD64='v1'
2026-03-31T07:54:27.6144984Z GOARCH='amd64'
2026-03-31T07:54:27.6145966Z GOAUTH='netrc'
2026-03-31T07:54:27.6146408Z GOBIN=''
2026-03-31T07:54:27.6147018Z GOCACHE='/home/runner/.cache/go-build'
2026-03-31T07:54:27.6148315Z GOCACHEPROG=''
2026-03-31T07:54:27.6148821Z GODEBUG=''
2026-03-31T07:54:27.6149336Z GOENV='/home/runner/.config/go/env'
2026-03-31T07:54:27.6149916Z GOEXE=''
2026-03-31T07:54:27.6150447Z GOEXPERIMENT=''
2026-03-31T07:54:27.6151286Z GOFIPS140='off'
2026-03-31T07:54:27.6151879Z GOFLAGS=''
2026-03-31T07:54:27.6153127Z GOGCCFLAGS='-fPIC -m64 -pthread -Wl,--no-gc-sections -fmessage-length=0 -ffile-prefix-map=/tmp/go-build2808458=/tmp/go-build -gno-record-gcc-switches'
2026-03-31T07:54:27.6156204Z GOHOSTARCH='amd64'
2026-03-31T07:54:27.6156604Z GOHOSTOS='linux'
2026-03-31T07:54:27.6156929Z GOINSECURE=''
2026-03-31T07:54:27.6157343Z GOMOD='/home/runner/work/akvorado/akvorado/go.mod'
2026-03-31T07:54:27.6157824Z GOMODCACHE='/home/runner/go/pkg/mod'
2026-03-31T07:54:27.6158539Z GONOPROXY=''
2026-03-31T07:54:27.6158825Z GONOSUMDB=''
2026-03-31T07:54:27.6159098Z GOOS='linux'
2026-03-31T07:54:27.6159387Z GOPATH='/home/runner/go'
2026-03-31T07:54:27.6159722Z GOPRIVATE=''
2026-03-31T07:54:27.6160201Z GOPROXY='https://proxy.golang.org,direct'
2026-03-31T07:54:27.6160740Z GOROOT='/opt/hostedtoolcache/go/1.26.1/x64'
2026-03-31T07:54:27.6161202Z GOSUMDB='sum.golang.org'
2026-03-31T07:54:27.6161532Z GOTELEMETRY='local'
2026-03-31T07:54:27.6161977Z GOTELEMETRYDIR='/home/runner/.config/go/telemetry'
2026-03-31T07:54:27.6162428Z GOTMPDIR=''
2026-03-31T07:54:27.6162737Z GOTOOLCHAIN='local'
2026-03-31T07:54:27.6163306Z GOTOOLDIR='/opt/hostedtoolcache/go/1.26.1/x64/pkg/tool/linux_amd64'
2026-03-31T07:54:27.6163922Z GOVCS=''
2026-03-31T07:54:27.6164254Z GOVERSION='go1.26.1'
2026-03-31T07:54:27.6164602Z GOWORK=''
2026-03-31T07:54:27.6164942Z PKG_CONFIG='pkg-config'
2026-03-31T07:54:27.6165209Z 
2026-03-31T07:54:27.6165938Z ##[endgroup]
2026-03-31T07:54:27.6373000Z ##[group]Run echo "gocache=$(go env GOCACHE)" >> $GITHUB_ENV
2026-03-31T07:54:27.6373766Z [36;1mecho "gocache=$(go env GOCACHE)" >> $GITHUB_ENV[0m
2026-03-31T07:54:27.6374408Z [36;1mecho "gomodcache=$(go env GOMODCACHE)" >> $GITHUB_ENV[0m
2026-03-31T07:54:27.6375003Z [36;1mecho "today=$(date +%Y%m%d)" >> $GITHUB_ENV[0m
2026-03-31T07:54:27.6420682Z shell: /usr/bin/bash --noprofile --norc -e -o pipefail {0}
2026-03-31T07:54:27.6421233Z env:
2026-03-31T07:54:27.6421514Z   GOTOOLCHAIN: local
2026-03-31T07:54:27.6421835Z ##[endgroup]
2026-03-31T07:54:27.7771715Z ##[group]Run actions/cache@668228422ae6a00e4ad889ee87cd7109ec5666a7
2026-03-31T07:54:27.7772086Z with:
2026-03-31T07:54:27.7772337Z   path: /home/runner/.cache/go-build
/home/runner/go/pkg/mod

2026-03-31T07:54:27.7772877Z   key: Linux-X64-go1.26.1-ba0abce3641b4606e9705f0d42ade8d0dbc8838991e5f191a186023e97d61c49-20260331
2026-03-31T07:54:27.7773669Z   restore-keys: Linux-X64-go1.26.1-ba0abce3641b4606e9705f0d42ade8d0dbc8838991e5f191a186023e97d61c49-
Linux-X64-go1.26.1-

2026-03-31T07:54:27.7774261Z   enableCrossOsArchive: false
2026-03-31T07:54:27.7774503Z   fail-on-cache-miss: false
2026-03-31T07:54:27.7774724Z   lookup-only: false
2026-03-31T07:54:27.7774911Z   save-always: false
2026-03-31T07:54:27.7775093Z env:
2026-03-31T07:54:27.7775248Z   GOTOOLCHAIN: local
2026-03-31T07:54:27.7775454Z   gocache: /home/runner/.cache/go-build
2026-03-31T07:54:27.7775993Z   gomodcache: /home/runner/go/pkg/mod
2026-03-31T07:54:27.7776246Z   today: 20260331
2026-03-31T07:54:27.7776419Z ##[endgroup]
2026-03-31T07:54:28.1597966Z Cache hit for: Linux-X64-go1.26.1-ba0abce3641b4606e9705f0d42ade8d0dbc8838991e5f191a186023e97d61c49-20260331
2026-03-31T07:54:29.4413339Z Received 0 of 1030877446 (0.0%), 0.0 MBs/sec
2026-03-31T07:54:30.4419780Z Received 130023424 of 1030877446 (12.6%), 62.0 MBs/sec
2026-03-31T07:54:31.4425302Z Received 268435456 of 1030877446 (26.0%), 85.3 MBs/sec
2026-03-31T07:54:32.4434536Z Received 402653184 of 1030877446 (39.1%), 95.9 MBs/sec
2026-03-31T07:54:33.4442743Z Received 578813952 of 1030877446 (56.1%), 110.3 MBs/sec
2026-03-31T07:54:34.4486834Z Received 750780416 of 1030877446 (72.8%), 119.3 MBs/sec
2026-03-31T07:54:35.4496933Z Received 914358272 of 1030877446 (88.7%), 124.5 MBs/sec
2026-03-31T07:54:36.2406801Z Received 1030877446 of 1030877446 (100.0%), 126.0 MBs/sec
2026-03-31T07:54:36.2409449Z Cache Size: ~983 MB (1030877446 B)
2026-03-31T07:54:36.2474519Z [command]/usr/bin/tar -xf /home/runner/work/_temp/ff5b56f3-a995-4af9-a1fe-c2327d1fd96a/cache.tzst -P -C /home/runner/work/akvorado/akvorado --use-compress-program unzstd
2026-03-31T07:54:44.9157089Z Cache restored successfully
2026-03-31T07:54:44.9673516Z Cache restored from key: Linux-X64-go1.26.1-ba0abce3641b4606e9705f0d42ade8d0dbc8838991e5f191a186023e97d61c49-20260331
2026-03-31T07:54:44.9833782Z ##[group]Run pnpm/action-setup@fc06bc1257f339d1d5d8b3a19a8cae5388b55320
2026-03-31T07:54:44.9834154Z with:
2026-03-31T07:54:44.9834372Z   package_json_file: console/frontend/package.json
2026-03-31T07:54:44.9834665Z   dest: ~/setup-pnpm
2026-03-31T07:54:44.9835059Z   run_install: null
2026-03-31T07:54:44.9835246Z   cache: false
2026-03-31T07:54:44.9835446Z   cache_dependency_path: pnpm-lock.yaml
2026-03-31T07:54:44.9836202Z   standalone: false
2026-03-31T07:54:44.9836503Z env:
2026-03-31T07:54:44.9836772Z   GOTOOLCHAIN: local
2026-03-31T07:54:44.9837111Z   gocache: /home/runner/.cache/go-build
2026-03-31T07:54:44.9837535Z   gomodcache: /home/runner/go/pkg/mod
2026-03-31T07:54:44.9837929Z   today: 20260331
2026-03-31T07:54:44.9838221Z ##[endgroup]
2026-03-31T07:54:45.1298268Z ##[group]Running self-installer...
2026-03-31T07:54:45.5876641Z (node:2460) [DEP0169] DeprecationWarning: `url.parse()` behavior is not standardized and prone to errors that have security implications. Use the WHATWG URL API instead. CVEs are not issued for `url.parse()` vulnerabilities.
2026-03-31T07:54:45.5878560Z (Use `node --trace-deprecation ...` to show where the warning was created)
2026-03-31T07:54:45.6915445Z Progress: resolved 1, reused 0, downloaded 0, added 0
2026-03-31T07:54:45.7024742Z Packages: +1
2026-03-31T07:54:45.7026025Z +
2026-03-31T07:54:46.1276704Z Progress: resolved 1, reused 0, downloaded 1, added 1, done
2026-03-31T07:54:46.1604039Z 
2026-03-31T07:54:46.1604550Z dependencies:
2026-03-31T07:54:46.1605015Z + pnpm 10.32.1 (10.33.0 is available)
2026-03-31T07:54:46.1605355Z 
2026-03-31T07:54:46.1633122Z Done in 833ms
2026-03-31T07:54:46.1813264Z ##[endgroup]
2026-03-31T07:54:46.1813651Z Installation Completed!
2026-03-31T07:54:46.1974126Z ##[group]Run actions/setup-node@53b83947a5a98c8d113130e565377fae1a50d02f
2026-03-31T07:54:46.1974760Z with:
2026-03-31T07:54:46.1975073Z   node-version: 20
2026-03-31T07:54:46.1975290Z   cache: pnpm
2026-03-31T07:54:46.1975953Z   cache-dependency-path: console/frontend/pnpm-lock.yaml
bin/external-tool

2026-03-31T07:54:46.1976377Z   check-latest: false
2026-03-31T07:54:46.1976709Z   token: ***
2026-03-31T07:54:46.1976907Z   package-manager-cache: true
2026-03-31T07:54:46.1977136Z env:
2026-03-31T07:54:46.1977304Z   GOTOOLCHAIN: local
2026-03-31T07:54:46.1977520Z   gocache: /home/runner/.cache/go-build
2026-03-31T07:54:46.1977947Z   gomodcache: /home/runner/go/pkg/mod
2026-03-31T07:54:46.1978394Z   today: 20260331
2026-03-31T07:54:46.1978780Z   PNPM_HOME: /home/runner/setup-pnpm/node_modules/.bin
2026-03-31T07:54:46.1979075Z ##[endgroup]
2026-03-31T07:54:46.3531465Z Found in cache @ /opt/hostedtoolcache/node/20.20.1/x64
2026-03-31T07:54:46.3535367Z ##[group]Environment details
2026-03-31T07:54:46.6414116Z node: v20.20.1
2026-03-31T07:54:46.6414557Z npm: 10.8.2
2026-03-31T07:54:46.6414792Z yarn: 1.22.22
2026-03-31T07:54:46.6415256Z ##[endgroup]
2026-03-31T07:54:46.6437701Z [command]/home/runner/setup-pnpm/node_modules/.bin/pnpm store path --silent
2026-03-31T07:54:47.0032643Z /home/runner/setup-pnpm/node_modules/.bin/store/v10
2026-03-31T07:54:47.2660289Z Cache hit for: node-cache-Linux-x64-pnpm-02af1fb1f7145cd5cf928a5615ed16eb0ee8702e853f1284327fce5bd4a5166b
2026-03-31T07:54:48.5510108Z Received 0 of 71799491 (0.0%), 0.0 MBs/sec
2026-03-31T07:54:49.3803268Z Received 71799491 of 71799491 (100.0%), 37.4 MBs/sec
2026-03-31T07:54:49.3804607Z Cache Size: ~68 MB (71799491 B)
2026-03-31T07:54:49.3921542Z [command]/usr/bin/tar -xf /home/runner/work/_temp/32d65c06-5b8c-4429-9c86-b5b5ff40f08d/cache.tzst -P -C /home/runner/work/akvorado/akvorado --use-compress-program unzstd
2026-03-31T07:54:50.0315447Z Cache restored successfully
2026-03-31T07:54:50.0354720Z Cache restored from key: node-cache-Linux-x64-pnpm-02af1fb1f7145cd5cf928a5615ed16eb0ee8702e853f1284327fce5bd4a5166b
2026-03-31T07:54:50.1596134Z ##[group]Run actions/cache/restore@668228422ae6a00e4ad889ee87cd7109ec5666a7
2026-03-31T07:54:50.1596670Z with:
2026-03-31T07:54:50.1597144Z   path: orchestrator/clickhouse/data/udp.csv
orchestrator/clickhouse/data/tcp.csv

2026-03-31T07:54:50.1598036Z   key: iana-cache-507ebd82fa6a79c588db56071a46142e5729d0f067039a22384db21ad7ee1f6b-23786612126
2026-03-31T07:54:50.1599237Z   restore-keys: iana-cache-507ebd82fa6a79c588db56071a46142e5729d0f067039a22384db21ad7ee1f6b-

2026-03-31T07:54:50.1599930Z   enableCrossOsArchive: false
2026-03-31T07:54:50.1600277Z   fail-on-cache-miss: false
2026-03-31T07:54:50.1600595Z   lookup-only: false
2026-03-31T07:54:50.1600861Z env:
2026-03-31T07:54:50.1601098Z   GOTOOLCHAIN: local
2026-03-31T07:54:50.1601402Z   gocache: /home/runner/.cache/go-build
2026-03-31T07:54:50.1601731Z   gomodcache: /home/runner/go/pkg/mod
2026-03-31T07:54:50.1601987Z   today: 20260331
2026-03-31T07:54:50.1602240Z   PNPM_HOME: /home/runner/setup-pnpm/node_modules/.bin
2026-03-31T07:54:50.1602556Z ##[endgroup]
2026-03-31T07:54:50.5448497Z Cache hit for restore-key: iana-cache-507ebd82fa6a79c588db56071a46142e5729d0f067039a22384db21ad7ee1f6b-23718596568
2026-03-31T07:54:51.2071519Z Received 48875 of 48875 (100.0%), 0.1 MBs/sec
2026-03-31T07:54:51.2072028Z Cache Size: ~0 MB (48875 B)
2026-03-31T07:54:51.2108496Z [command]/usr/bin/tar -xf /home/runner/work/_temp/2879f37b-42eb-42a7-81d8-4887e815a803/cache.tzst -P -C /home/runner/work/akvorado/akvorado --use-compress-program unzstd
2026-03-31T07:54:51.2163199Z Cache restored successfully
2026-03-31T07:54:51.2241527Z Cache restored from key: iana-cache-507ebd82fa6a79c588db56071a46142e5729d0f067039a22384db21ad7ee1f6b-23718596568
2026-03-31T07:54:51.2355191Z ##[group]Run ! go mod edit -json | jq -r .Go | grep -vPx '1.\d+' || {
2026-03-31T07:54:51.2356035Z [36;1m! go mod edit -json | jq -r .Go | grep -vPx '1.\d+' || {[0m
2026-03-31T07:54:51.2356508Z [36;1m  echo "^^^^ Incorrect go directive in go.mod: use only \`minor.major'."[0m
2026-03-31T07:54:51.2356907Z [36;1m  exit 1[0m
2026-03-31T07:54:51.2357099Z [36;1m}[0m
2026-03-31T07:54:51.2390961Z shell: /usr/bin/bash -e {0}
2026-03-31T07:54:51.2391217Z env:
2026-03-31T07:54:51.2391403Z   GOTOOLCHAIN: local
2026-03-31T07:54:51.2391638Z   gocache: /home/runner/.cache/go-build
2026-03-31T07:54:51.2391935Z   gomodcache: /home/runner/go/pkg/mod
2026-03-31T07:54:51.2392193Z   today: 20260331
2026-03-31T07:54:51.2392447Z   PNPM_HOME: /home/runner/setup-pnpm/node_modules/.bin
2026-03-31T07:54:51.2392749Z ##[endgroup]
2026-03-31T07:54:51.2512574Z ##[group]Run make && ./bin/akvorado version
2026-03-31T07:54:51.2512931Z [36;1mmake && ./bin/akvorado version[0m
2026-03-31T07:54:51.2539442Z shell: /usr/bin/bash -e {0}
2026-03-31T07:54:51.2539688Z env:
2026-03-31T07:54:51.2539874Z   GOTOOLCHAIN: local
2026-03-31T07:54:51.2540114Z   gocache: /home/runner/.cache/go-build
2026-03-31T07:54:51.2540410Z   gomodcache: /home/runner/go/pkg/mod
2026-03-31T07:54:51.2540675Z   today: 20260331
2026-03-31T07:54:51.2540937Z   PNPM_HOME: /home/runner/setup-pnpm/node_modules/.bin
2026-03-31T07:54:51.2541256Z ##[endgroup]
2026-03-31T07:54:51.3785913Z ▶ formatting Go code…
2026-03-31T07:54:52.5581230Z ▶ fetching node modules…
2026-03-31T07:54:53.6908566Z ▶ formatting JS code…
2026-03-31T07:54:55.1686078Z Finished in 1061ms on 65 files using 4 threads.
2026-03-31T07:54:55.2491543Z ▶ running golint…
2026-03-31T07:54:57.6750659Z ▶ running jslint…
2026-03-31T07:54:58.3950789Z ▶ compiling protocol buffers common/pb/rawflow.pb.go…
2026-03-31T07:54:58.8864139Z ▶ generate column definitions…
2026-03-31T07:54:58.9624510Z ▶ generate ASN map…
2026-03-31T07:54:59.2261487Z ▶ generate PEG parser for filters…
2026-03-31T07:54:59.8522632Z ▶ generate enums for LoadBalanceAlgorithm…
2026-03-31T07:55:00.0900697Z ▶ generate enums for ASNProvider…
2026-03-31T07:55:00.2675187Z ▶ generate enums for NetProvider…
2026-03-31T07:55:00.4499469Z ▶ generate enums for AuthProtocol…
2026-03-31T07:55:00.6922839Z ▶ generate enums for PrivProtocol…
2026-03-31T07:55:00.9309425Z ▶ generate enums for IfSpeedPathUnit…
2026-03-31T07:55:01.1742641Z ▶ generate enums for HomepageTopWidget…
2026-03-31T07:55:01.4040743Z ▶ generate enums for SASLMechanism…
2026-03-31T07:55:01.6491616Z ▶ generate enums for ParserType…
2026-03-31T07:55:01.8198124Z ▶ building console frontend…
2026-03-31T07:55:08.4263222Z [36mvite v8.0.1 [32mbuilding client environment for production...[36m[39m
2026-03-31T07:55:08.4882625Z [2K
2026-03-31T07:55:09.5489447Z transforming...✓ 2057 modules transformed.
2026-03-31T07:55:09.6538485Z rendering chunks...
2026-03-31T07:55:10.0717532Z computing gzip size...
2026-03-31T07:55:10.0982718Z ../data/frontend/index.html                        0.56 kB │ gzip:   0.34 kB
2026-03-31T07:55:10.0984084Z ../data/frontend/assets/akvorado-DXhK_DdK.svg     95.68 kB │ gzip:  29.03 kB
2026-03-31T07:55:10.0985385Z ../data/frontend/assets/index-DcpQgBmG.css        82.64 kB │ gzip:  12.45 kB
2026-03-31T07:55:10.0987021Z ../data/frontend/assets/index-klGswe91.js      1,607.37 kB │ gzip: 535.52 kB
2026-03-31T07:55:10.0987641Z 
2026-03-31T07:55:10.0987978Z [32m✓ built in 1.67s[39m
2026-03-31T07:55:10.1457807Z ▶ generate metric documentation…
2026-03-31T07:55:10.5360859Z ▶ generate embed.zip…
2026-03-31T07:55:10.8907900Z ▶ building executable…
2026-03-31T07:55:14.9634302Z akvorado 8064dff
2026-03-31T07:55:14.9634635Z   Built with: go1.26.1
2026-03-31T07:55:14.9634922Z   Build setting GOARCH=amd64
2026-03-31T07:55:14.9635225Z   Build setting GOOS=linux
2026-03-31T07:55:14.9635516Z   Build setting GOAMD64=v1
2026-03-31T07:55:14.9683875Z ##[group]Run make test-go
2026-03-31T07:55:14.9684183Z [36;1mmake test-go[0m
2026-03-31T07:55:14.9711507Z shell: /usr/bin/bash -e {0}
2026-03-31T07:55:14.9711758Z env:
2026-03-31T07:55:14.9711939Z   GOTOOLCHAIN: local
2026-03-31T07:55:14.9712175Z   gocache: /home/runner/.cache/go-build
2026-03-31T07:55:14.9712460Z   gomodcache: /home/runner/go/pkg/mod
2026-03-31T07:55:14.9712733Z   today: 20260331
2026-03-31T07:55:14.9712999Z   PNPM_HOME: /home/runner/setup-pnpm/node_modules/.bin
2026-03-31T07:55:14.9713329Z ##[endgroup]
2026-03-31T07:55:15.0123409Z ▶ generate mocks for ClickHouse driver…
2026-03-31T07:55:16.0315271Z ▶ running Go tests…
2026-03-31T07:55:16.5349496Z [33m∅[0m  cmd
2026-03-31T07:55:20.8897762Z [32m✓[0m  cmd/akvorado (420ms)
2026-03-31T07:55:21.2530344Z [32m✓[0m  common/clickhousedb (cached)
2026-03-31T07:55:21.2532692Z [33m∅[0m  common/clickhousedb/mocks
2026-03-31T07:55:21.2533825Z [33m∅[0m  common/constants
2026-03-31T07:55:21.2538076Z [32m✓[0m  common/daemon (cached)
2026-03-31T07:55:21.2788001Z [32m✓[0m  common/embed (21ms)
2026-03-31T07:55:21.2947443Z [32m✓[0m  common/helpers (cached)
2026-03-31T07:55:21.2959063Z [32m✓[0m  common/helpers/bimap (cached)
2026-03-31T07:55:21.2961659Z [32m✓[0m  common/helpers/cache (cached)
2026-03-31T07:55:21.2964452Z [32m✓[0m  common/helpers/intern (cached)
2026-03-31T07:55:21.2965164Z [33m∅[0m  common/helpers/race
2026-03-31T07:55:21.3199181Z [32m✓[0m  common/helpers/yaml (22ms)
2026-03-31T07:55:21.5453553Z [32m✓[0m  common/kafka (cached)
2026-03-31T07:55:21.5456470Z [33m∅[0m  common/pb
2026-03-31T07:55:21.5486037Z [32m✓[0m  common/remotedatasource (cached)
2026-03-31T07:55:21.5490695Z [32m✓[0m  common/reporter (cached)
2026-03-31T07:55:21.5491410Z [32m✓[0m  common/reporter/logger (cached)
2026-03-31T07:55:21.5492175Z [32m✓[0m  common/reporter/metrics (cached)
2026-03-31T07:55:21.5496661Z [32m✓[0m  common/reporter/stack (cached)
2026-03-31T07:55:21.5524725Z [32m✓[0m  common/schema (cached)
2026-03-31T07:55:21.8710481Z [32m✓[0m  cmd/helper/metrics (947ms)
2026-03-31T07:55:21.9183979Z [32m✓[0m  console/authentication (44ms)
2026-03-31T07:55:21.9333407Z [32m✓[0m  console/database (cached)
2026-03-31T07:55:21.9336114Z [32m✓[0m  console/filter (cached)
2026-03-31T07:55:21.9342139Z [32m✓[0m  console/query (cached)
2026-03-31T07:55:21.9344309Z [33m∅[0m  demoexporter
2026-03-31T07:55:21.9347069Z [32m✓[0m  demoexporter/bmp (cached)
2026-03-31T07:55:21.9349297Z [32m✓[0m  demoexporter/flows (cached)
2026-03-31T07:55:21.9351450Z [32m✓[0m  demoexporter/snmp (cached)
2026-03-31T07:55:21.9951694Z [32m✓[0m  console (445ms)
2026-03-31T07:55:21.9970037Z [32m✓[0m  inlet/flow (65ms)
2026-03-31T07:55:22.0026097Z [33m∅[0m  inlet/flow/input
2026-03-31T07:55:22.0057318Z [32m✓[0m  inlet/flow/input/udp (cached)
2026-03-31T07:55:22.0225420Z [32m✓[0m  inlet/flow/input/file (19ms)
2026-03-31T07:55:22.0342411Z [32m✓[0m  orchestrator (cached)
2026-03-31T07:55:22.0867477Z [32m✓[0m  inlet/kafka (cached)
2026-03-31T07:55:22.4129178Z [32m✓[0m  common/httpserver (1.091s)
2026-03-31T07:55:23.1327919Z [32m✓[0m  cmd/helper (2.44s)
2026-03-31T07:55:23.7350559Z [32m✓[0m  orchestrator/geoip (117ms)
2026-03-31T07:55:23.7403789Z [32m✓[0m  orchestrator/kafka (cached)
2026-03-31T07:55:23.7404916Z [32m✓[0m  outlet/clickhouse (cached)
2026-03-31T07:55:23.7486349Z [32m✓[0m  outlet/core (cached)
2026-03-31T07:55:23.7823432Z [32m✓[0m  outlet/flow (35ms)
2026-03-31T07:55:24.0693971Z [32m✓[0m  outlet/flow/decoder (18ms)
2026-03-31T07:55:24.0753761Z [32m✓[0m  outlet/flow/decoder/gob (cached)
2026-03-31T07:55:24.2485051Z [32m✓[0m  outlet/flow/decoder/netflow (85ms)
2026-03-31T07:55:24.7821073Z [32m✓[0m  outlet/flow/decoder/sflow (17ms)
2026-03-31T07:55:24.8138594Z [32m✓[0m  outlet/kafka (cached)
2026-03-31T07:55:24.8151251Z [32m✓[0m  outlet/metadata (cached)
2026-03-31T07:55:24.8151963Z [33m∅[0m  outlet/metadata/provider
2026-03-31T07:55:24.8166648Z [32m✓[0m  outlet/metadata/provider/gnmi (cached)
2026-03-31T07:55:24.8480520Z [32m✓[0m  outlet/metadata/provider/snmp (cached)
2026-03-31T07:55:24.8481615Z [32m✓[0m  outlet/metadata/provider/static (cached)
2026-03-31T07:55:24.8482459Z [32m✓[0m  outlet/routing (cached)
2026-03-31T07:55:24.8483211Z [33m∅[0m  outlet/routing/provider
2026-03-31T07:55:25.7578017Z [32m✓[0m  orchestrator/clickhouse (2.195s)
2026-03-31T07:55:26.1050183Z [32m✓[0m  outlet/routing/provider/bioris (1.059s)
2026-03-31T07:55:26.7040941Z [32m✓[0m  outlet/routing/provider/bmp (1.658s)
2026-03-31T07:55:26.7475380Z 
2026-03-31T07:55:26.7476434Z === [33mSkipped[0m
2026-03-31T07:55:26.7477416Z === [33mSKIP[0m: common/clickhousedb TestRealClickHouse (1.01s)
2026-03-31T07:55:26.7479591Z     /home/runner/work/akvorado/akvorado/common/clickhousedb/root_test.go:118: ClickHouse is not running (CI_AKVORADO_FUNCTIONAL_TESTS is not set)
2026-03-31T07:55:26.7480662Z 
2026-03-31T07:55:26.7481289Z === [33mSKIP[0m: common/helpers TestSubnetMapAllMaybeSorted/sorted_vs_unsorted (0.00s)
2026-03-31T07:55:26.7482981Z     /home/runner/work/akvorado/akvorado/common/helpers/subnetmap_test.go:676: All() and AllMaybeSorted() returned identical order
2026-03-31T07:55:26.7483637Z 
2026-03-31T07:55:26.7483983Z === [33mSKIP[0m: common/httpserver TestRedis (1.02s)
2026-03-31T07:55:26.7485070Z     /home/runner/work/akvorado/akvorado/common/httpserver/cache_test.go:120: Redis is not running (CI_AKVORADO_FUNCTIONAL_TESTS is not set)
2026-03-31T07:55:26.7485938Z 
2026-03-31T07:55:26.7486347Z === [33mSKIP[0m: common/kafka TestOAuth2ServerPassword (1.01s)
2026-03-31T07:55:26.7487518Z     /home/runner/work/akvorado/akvorado/common/kafka/oauth_test.go:21: mock-auth2-server is not running (CI_AKVORADO_FUNCTIONAL_TESTS is not set)
2026-03-31T07:55:26.7488192Z 
2026-03-31T07:55:26.7488610Z === [33mSKIP[0m: common/kafka TestOAuth2ServerClientCredentials (1.01s)
2026-03-31T07:55:26.7489680Z     /home/runner/work/akvorado/akvorado/common/kafka/oauth_test.go:45: mock-oauth2-server is not running (CI_AKVORADO_FUNCTIONAL_TESTS is not set)
2026-03-31T07:55:26.7490228Z 
2026-03-31T07:55:26.7490501Z === [33mSKIP[0m: common/kafka TestOAuth2Broker (1.02s)
2026-03-31T07:55:26.7491753Z     /home/runner/work/akvorado/akvorado/common/kafka/tests.go:26: Kafka is not running (CI_AKVORADO_FUNCTIONAL_TESTS is not set)
2026-03-31T07:55:26.7492593Z 
2026-03-31T07:55:26.7492923Z === [33mSKIP[0m: common/schema TestInsertMemory (1.01s)
2026-03-31T07:55:26.7494161Z     /home/runner/work/akvorado/akvorado/common/schema/insert_test.go:67: ClickHouse is not running (CI_AKVORADO_FUNCTIONAL_TESTS is not set)
2026-03-31T07:55:26.7495234Z 
2026-03-31T07:55:26.7495821Z === [33mSKIP[0m: console/database TestSavedFilterPostgres (1.01s)
2026-03-31T07:55:26.7497006Z     /home/runner/work/akvorado/akvorado/console/database/saved_filters_test.go:107: PostgreSQL is not running (CI_AKVORADO_FUNCTIONAL_TESTS is not set)
2026-03-31T07:55:26.7497745Z 
2026-03-31T07:55:26.7498137Z === [33mSKIP[0m: console/database TestSavedFilterMySQL (1.05s)
2026-03-31T07:55:26.7499649Z     /home/runner/work/akvorado/akvorado/console/database/saved_filters_test.go:153: MySQL is not running (CI_AKVORADO_FUNCTIONAL_TESTS is not set)
2026-03-31T07:55:26.7500573Z 
2026-03-31T07:55:26.7501335Z === [33mSKIP[0m: orchestrator/clickhouse TestMigrationFromPreviousStates/no_cluster (1.02s)
2026-03-31T07:55:26.7502752Z     /home/runner/work/akvorado/akvorado/orchestrator/clickhouse/migrations_test.go:266: ClickHouse is not running (CI_AKVORADO_FUNCTIONAL_TESTS is not set)
2026-03-31T07:55:26.7503536Z 
2026-03-31T07:55:26.7504249Z === [33mSKIP[0m: orchestrator/clickhouse TestMigrationFromPreviousStates/full_schema (0.00s)
2026-03-31T07:55:26.7507028Z     /home/runner/work/akvorado/akvorado/orchestrator/clickhouse/migrations_test.go:396: ClickHouse is not running (CI_AKVORADO_FUNCTIONAL_TESTS is not set)
2026-03-31T07:55:26.7508099Z 
2026-03-31T07:55:26.7508670Z === [33mSKIP[0m: orchestrator/clickhouse TestMigrationFromPreviousStates/partial_schema (0.00s)
2026-03-31T07:55:26.7510212Z     /home/runner/work/akvorado/akvorado/orchestrator/clickhouse/migrations_test.go:417: ClickHouse is not running (CI_AKVORADO_FUNCTIONAL_TESTS is not set)
2026-03-31T07:55:26.7510889Z 
2026-03-31T07:55:26.7511419Z === [33mSKIP[0m: orchestrator/clickhouse TestMigrationFromPreviousStates/cluster (1.02s)
2026-03-31T07:55:26.7533712Z     /home/runner/work/akvorado/akvorado/orchestrator/clickhouse/migrations_test.go:266: ClickHouse cluster is not running (CI_AKVORADO_FUNCTIONAL_TESTS is not set)
2026-03-31T07:55:26.7534414Z 
2026-03-31T07:55:26.7534816Z === [33mSKIP[0m: orchestrator/clickhouse TestTableSettings (0.00s)
2026-03-31T07:55:26.7536206Z     /home/runner/work/akvorado/akvorado/orchestrator/clickhouse/migrations_test.go:432: ClickHouse is not running (CI_AKVORADO_FUNCTIONAL_TESTS is not set)
2026-03-31T07:55:26.7536809Z 
2026-03-31T07:55:26.7537190Z === [33mSKIP[0m: orchestrator/clickhouse TestCustomDictMigration (0.00s)
2026-03-31T07:55:26.7538273Z     /home/runner/work/akvorado/akvorado/orchestrator/clickhouse/migrations_test.go:494: ClickHouse is not running (CI_AKVORADO_FUNCTIONAL_TESTS is not set)
2026-03-31T07:55:26.7538847Z 
2026-03-31T07:55:26.7539187Z === [33mSKIP[0m: orchestrator/clickhouse TestNetworkSources (0.00s)
2026-03-31T07:55:26.7540177Z     /home/runner/work/akvorado/akvorado/orchestrator/clickhouse/source_test.go:26: ClickHouse is not running (CI_AKVORADO_FUNCTIONAL_TESTS is not set)
2026-03-31T07:55:26.7540732Z 
2026-03-31T07:55:26.7541028Z === [33mSKIP[0m: orchestrator/kafka TestTopicCreation (1.01s)
2026-03-31T07:55:26.7541885Z     /home/runner/work/akvorado/akvorado/common/kafka/tests.go:26: Kafka is not running (CI_AKVORADO_FUNCTIONAL_TESTS is not set)
2026-03-31T07:55:26.7542357Z 
2026-03-31T07:55:26.7542685Z === [33mSKIP[0m: orchestrator/kafka TestTopicMorePartitions (0.00s)
2026-03-31T07:55:26.7543555Z     /home/runner/work/akvorado/akvorado/common/kafka/tests.go:26: Kafka is not running (CI_AKVORADO_FUNCTIONAL_TESTS is not set)
2026-03-31T07:55:26.7544029Z 
2026-03-31T07:55:26.7544314Z === [33mSKIP[0m: outlet/clickhouse TestInsertMemory (1.01s)
2026-03-31T07:55:26.7545245Z     /home/runner/work/akvorado/akvorado/outlet/clickhouse/example_test.go:20: ClickHouse is not running (CI_AKVORADO_FUNCTIONAL_TESTS is not set)
2026-03-31T07:55:26.7546192Z 
2026-03-31T07:55:26.7546480Z === [33mSKIP[0m: outlet/clickhouse TestInsert (0.00s)
2026-03-31T07:55:26.7547587Z     /home/runner/work/akvorado/akvorado/outlet/clickhouse/functional_test.go:24: ClickHouse is not running (CI_AKVORADO_FUNCTIONAL_TESTS is not set)
2026-03-31T07:55:26.7548353Z 
2026-03-31T07:55:26.7548676Z === [33mSKIP[0m: outlet/clickhouse TestMultipleServers (0.00s)
2026-03-31T07:55:26.7549647Z     /home/runner/work/akvorado/akvorado/outlet/clickhouse/functional_test.go:188: ClickHouse is not running (CI_AKVORADO_FUNCTIONAL_TESTS is not set)
2026-03-31T07:55:26.7550198Z 
2026-03-31T07:55:26.7550511Z === [33mSKIP[0m: outlet/metadata/provider/gnmi TestSRLinux (1.01s)
2026-03-31T07:55:26.7551515Z     /home/runner/work/akvorado/akvorado/outlet/metadata/provider/gnmi/srlinux_test.go:81: SR Linux is not running (CI_AKVORADO_FUNCTIONAL_TESTS is not set)
2026-03-31T07:55:26.7552073Z 
2026-03-31T07:55:26.7552238Z DONE 1189 tests, 22 skipped in 10.170s
2026-03-31T07:55:26.7592358Z ▶ running Go static checks…
2026-03-31T07:55:54.4857644Z  ✖ 0 problems (0 errors, 0 warnings, 0 ignored)
2026-03-31T07:55:54.5295137Z Post job cleanup.
2026-03-31T07:55:54.5333038Z Post job cleanup.
2026-03-31T07:55:54.6686612Z Cache hit occurred on the primary key node-cache-Linux-x64-pnpm-02af1fb1f7145cd5cf928a5615ed16eb0ee8702e853f1284327fce5bd4a5166b, not saving cache.
2026-03-31T07:55:54.6785958Z Post job cleanup.
2026-03-31T07:55:54.8303769Z Pruning is unnecessary.
2026-03-31T07:55:54.9498683Z Post job cleanup.
2026-03-31T07:55:55.0754123Z Cache hit occurred on the primary key Linux-X64-go1.26.1-ba0abce3641b4606e9705f0d42ade8d0dbc8838991e5f191a186023e97d61c49-20260331, not saving cache.
2026-03-31T07:55:55.0850988Z Post job cleanup.
2026-03-31T07:55:55.2319646Z Post job cleanup.
2026-03-31T07:55:55.3126210Z [command]/usr/bin/git version
2026-03-31T07:55:55.3166261Z git version 2.53.0
2026-03-31T07:55:55.3208528Z Temporarily overriding HOME='/home/runner/work/_temp/830a249f-46a5-4445-aebf-981f0d82325a' before making global git config changes
2026-03-31T07:55:55.3210161Z Adding repository directory to the temporary git global config as a safe directory
2026-03-31T07:55:55.3214725Z [command]/usr/bin/git config --global --add safe.directory /home/runner/work/akvorado/akvorado
2026-03-31T07:55:55.3247183Z Removing SSH command configuration
2026-03-31T07:55:55.3254095Z [command]/usr/bin/git config --local --name-only --get-regexp core\.sshCommand
2026-03-31T07:55:55.3290329Z [command]/usr/bin/git submodule foreach --recursive sh -c "git config --local --name-only --get-regexp 'core\.sshCommand' && git config --local --unset-all 'core.sshCommand' || :"
2026-03-31T07:55:55.3542220Z Removing HTTP extra header
2026-03-31T07:55:55.3548407Z [command]/usr/bin/git config --local --name-only --get-regexp http\.https\:\/\/github\.com\/\.extraheader
2026-03-31T07:55:55.3584497Z [command]/usr/bin/git submodule foreach --recursive sh -c "git config --local --name-only --get-regexp 'http\.https\:\/\/github\.com\/\.extraheader' && git config --local --unset-all 'http.https://github.com/.extraheader' || :"
2026-03-31T07:55:55.3804536Z Removing includeIf entries pointing to credentials config files
2026-03-31T07:55:55.3811945Z [command]/usr/bin/git config --local --name-only --get-regexp ^includeIf\.gitdir:
2026-03-31T07:55:55.3843388Z [command]/usr/bin/git submodule foreach --recursive git config --local --show-origin --name-only --get-regexp remote.origin.url
2026-03-31T07:55:55.4207732Z Cleaning up orphan processes
