2026-03-12T10:50:12.1761581Z Current runner version: '2.332.0'
2026-03-12T10:50:12.1785342Z ##[group]Runner Image Provisioner
2026-03-12T10:50:12.1786157Z Hosted Compute Agent
2026-03-12T10:50:12.1786703Z Version: 20260213.493
2026-03-12T10:50:12.1787381Z Commit: 5c115507f6dd24b8de37d8bbe0bb4509d0cc0fa3
2026-03-12T10:50:12.1788116Z Build Date: 2026-02-13T00:28:41Z
2026-03-12T10:50:12.1788738Z Worker ID: {090447bc-55ec-4d1d-b28a-93c10b2ae13c}
2026-03-12T10:50:12.1789489Z Azure Region: westcentralus
2026-03-12T10:50:12.1790024Z ##[endgroup]
2026-03-12T10:50:12.1791657Z ##[group]Operating System
2026-03-12T10:50:12.1792346Z Ubuntu
2026-03-12T10:50:12.1792782Z 24.04.3
2026-03-12T10:50:12.1793278Z LTS
2026-03-12T10:50:12.1793746Z ##[endgroup]
2026-03-12T10:50:12.1794276Z ##[group]Runner Image
2026-03-12T10:50:12.1794799Z Image: ubuntu-24.04
2026-03-12T10:50:12.1795356Z Version: 20260302.42.1
2026-03-12T10:50:12.1796563Z Included Software: https://github.com/actions/runner-images/blob/ubuntu24/20260302.42/images/ubuntu/Ubuntu2404-Readme.md
2026-03-12T10:50:12.1798095Z Image Release: https://github.com/actions/runner-images/releases/tag/ubuntu24%2F20260302.42
2026-03-12T10:50:12.1798951Z ##[endgroup]
2026-03-12T10:50:12.1801660Z ##[group]GITHUB_TOKEN Permissions
2026-03-12T10:50:12.1803688Z Actions: read
2026-03-12T10:50:12.1804292Z ArtifactMetadata: read
2026-03-12T10:50:12.1804787Z Attestations: read
2026-03-12T10:50:12.1805467Z Checks: read
2026-03-12T10:50:12.1805917Z Contents: read
2026-03-12T10:50:12.1806398Z Deployments: read
2026-03-12T10:50:12.1806959Z Discussions: read
2026-03-12T10:50:12.1807520Z Issues: read
2026-03-12T10:50:12.1807994Z Metadata: read
2026-03-12T10:50:12.1808514Z Models: read
2026-03-12T10:50:12.1809008Z Packages: read
2026-03-12T10:50:12.1809468Z Pages: read
2026-03-12T10:50:12.1810098Z PullRequests: read
2026-03-12T10:50:12.1810879Z RepositoryProjects: read
2026-03-12T10:50:12.1811449Z SecurityEvents: read
2026-03-12T10:50:12.1812036Z Statuses: read
2026-03-12T10:50:12.1812512Z ##[endgroup]
2026-03-12T10:50:12.1814516Z Secret source: None
2026-03-12T10:50:12.1815223Z Prepare workflow directory
2026-03-12T10:50:12.2149344Z Prepare all required actions
2026-03-12T10:50:12.2188330Z Getting action download info
2026-03-12T10:50:12.6821764Z Download action repository 'actions/checkout@v3' (SHA:f43a0e5ff2bd294095638e18286ca9a3d1956744)
2026-03-12T10:50:12.8421316Z Download action repository 'actions/setup-node@v3' (SHA:3235b876344d2a9aa001b8d1453c930bba69e610)
2026-03-12T10:50:12.9994655Z Download action repository 'codecov/codecov-action@v4' (SHA:b9fd7d16f6d7d1b5d2bec1a2887e65ceed900238)
2026-03-12T10:50:13.7277745Z Uses: iamkun/dayjs/.github/workflows/lint-test.yml@refs/pull/3016/merge (4ce79ac9328d074bfd83a09cd05108b89d9dc9da)
2026-03-12T10:50:13.7283750Z Complete job name: check / lint-and-test
2026-03-12T10:50:13.8105835Z ##[group]Run actions/checkout@v3
2026-03-12T10:50:13.8107059Z with:
2026-03-12T10:50:13.8107740Z   repository: iamkun/dayjs
2026-03-12T10:50:13.8108866Z   token: ***
2026-03-12T10:50:13.8109538Z   ssh-strict: true
2026-03-12T10:50:13.8110558Z   persist-credentials: true
2026-03-12T10:50:13.8111406Z   clean: true
2026-03-12T10:50:13.8112137Z   sparse-checkout-cone-mode: true
2026-03-12T10:50:13.8113038Z   fetch-depth: 1
2026-03-12T10:50:13.8113734Z   fetch-tags: false
2026-03-12T10:50:13.8114445Z   lfs: false
2026-03-12T10:50:13.8115112Z   submodules: false
2026-03-12T10:50:13.8115845Z   set-safe-directory: true
2026-03-12T10:50:13.8116917Z ##[endgroup]
2026-03-12T10:50:13.8999020Z Syncing repository: iamkun/dayjs
2026-03-12T10:50:13.9001673Z ##[group]Getting Git version info
2026-03-12T10:50:13.9002842Z Working directory is '/home/runner/work/dayjs/dayjs'
2026-03-12T10:50:13.9004507Z [command]/usr/bin/git version
2026-03-12T10:50:13.9048606Z git version 2.53.0
2026-03-12T10:50:13.9075632Z ##[endgroup]
2026-03-12T10:50:13.9090107Z Temporarily overriding HOME='/home/runner/work/_temp/fd96dbea-2668-4a55-80b6-b5a9755f4576' before making global git config changes
2026-03-12T10:50:13.9093601Z Adding repository directory to the temporary git global config as a safe directory
2026-03-12T10:50:13.9095922Z [command]/usr/bin/git config --global --add safe.directory /home/runner/work/dayjs/dayjs
2026-03-12T10:50:13.9131241Z Deleting the contents of '/home/runner/work/dayjs/dayjs'
2026-03-12T10:50:13.9135278Z ##[group]Initializing the repository
2026-03-12T10:50:13.9137600Z [command]/usr/bin/git init /home/runner/work/dayjs/dayjs
2026-03-12T10:50:13.9223518Z hint: Using 'master' as the name for the initial branch. This default branch name
2026-03-12T10:50:13.9225373Z hint: will change to "main" in Git 3.0. To configure the initial branch name
2026-03-12T10:50:13.9227932Z hint: to use in all of your new repositories, which will suppress this warning,
2026-03-12T10:50:13.9229302Z hint: call:
2026-03-12T10:50:13.9229959Z hint:
2026-03-12T10:50:13.9231019Z hint: 	git config --global init.defaultBranch <name>
2026-03-12T10:50:13.9232445Z hint:
2026-03-12T10:50:13.9233457Z hint: Names commonly chosen instead of 'master' are 'main', 'trunk' and
2026-03-12T10:50:13.9235194Z hint: 'development'. The just-created branch can be renamed via this command:
2026-03-12T10:50:13.9236749Z hint:
2026-03-12T10:50:13.9237424Z hint: 	git branch -m <name>
2026-03-12T10:50:13.9238209Z hint:
2026-03-12T10:50:13.9239304Z hint: Disable this message with "git config set advice.defaultBranchName false"
2026-03-12T10:50:13.9241509Z Initialized empty Git repository in /home/runner/work/dayjs/dayjs/.git/
2026-03-12T10:50:13.9244214Z [command]/usr/bin/git remote add origin https://github.com/iamkun/dayjs
2026-03-12T10:50:13.9271732Z ##[endgroup]
2026-03-12T10:50:13.9273003Z ##[group]Disabling automatic garbage collection
2026-03-12T10:50:13.9274531Z [command]/usr/bin/git config --local gc.auto 0
2026-03-12T10:50:13.9302229Z ##[endgroup]
2026-03-12T10:50:13.9303390Z ##[group]Setting up auth
2026-03-12T10:50:13.9307068Z [command]/usr/bin/git config --local --name-only --get-regexp core\.sshCommand
2026-03-12T10:50:13.9335377Z [command]/usr/bin/git submodule foreach --recursive sh -c "git config --local --name-only --get-regexp 'core\.sshCommand' && git config --local --unset-all 'core.sshCommand' || :"
2026-03-12T10:50:13.9659642Z [command]/usr/bin/git config --local --name-only --get-regexp http\.https\:\/\/github\.com\/\.extraheader
2026-03-12T10:50:13.9689918Z [command]/usr/bin/git submodule foreach --recursive sh -c "git config --local --name-only --get-regexp 'http\.https\:\/\/github\.com\/\.extraheader' && git config --local --unset-all 'http.https://github.com/.extraheader' || :"
2026-03-12T10:50:13.9923279Z [command]/usr/bin/git config --local http.https://github.com/.extraheader AUTHORIZATION: basic ***
2026-03-12T10:50:13.9958910Z ##[endgroup]
2026-03-12T10:50:13.9960633Z ##[group]Fetching the repository
2026-03-12T10:50:13.9969585Z [command]/usr/bin/git -c protocol.version=2 fetch --no-tags --prune --progress --no-recurse-submodules --depth=1 origin +4ce79ac9328d074bfd83a09cd05108b89d9dc9da:refs/remotes/pull/3016/merge
2026-03-12T10:50:14.3751646Z remote: Enumerating objects: 422, done.        
2026-03-12T10:50:14.3754009Z remote: Counting objects:   0% (1/422)        
2026-03-12T10:50:14.3755468Z remote: Counting objects:   1% (5/422)        
2026-03-12T10:50:14.3756606Z remote: Counting objects:   2% (9/422)        
2026-03-12T10:50:14.3758242Z remote: Counting objects:   3% (13/422)        
2026-03-12T10:50:14.3760128Z remote: Counting objects:   4% (17/422)        
2026-03-12T10:50:14.3761464Z remote: Counting objects:   5% (22/422)        
2026-03-12T10:50:14.3762553Z remote: Counting objects:   6% (26/422)        
2026-03-12T10:50:14.3763659Z remote: Counting objects:   7% (30/422)        
2026-03-12T10:50:14.3764749Z remote: Counting objects:   8% (34/422)        
2026-03-12T10:50:14.3765875Z remote: Counting objects:   9% (38/422)        
2026-03-12T10:50:14.3766966Z remote: Counting objects:  10% (43/422)        
2026-03-12T10:50:14.3768064Z remote: Counting objects:  11% (47/422)        
2026-03-12T10:50:14.3769153Z remote: Counting objects:  12% (51/422)        
2026-03-12T10:50:14.3770731Z remote: Counting objects:  13% (55/422)        
2026-03-12T10:50:14.3771828Z remote: Counting objects:  14% (60/422)        
2026-03-12T10:50:14.3772921Z remote: Counting objects:  15% (64/422)        
2026-03-12T10:50:14.3774014Z remote: Counting objects:  16% (68/422)        
2026-03-12T10:50:14.3775100Z remote: Counting objects:  17% (72/422)        
2026-03-12T10:50:14.3776188Z remote: Counting objects:  18% (76/422)        
2026-03-12T10:50:14.3777273Z remote: Counting objects:  19% (81/422)        
2026-03-12T10:50:14.3778359Z remote: Counting objects:  20% (85/422)        
2026-03-12T10:50:14.3779446Z remote: Counting objects:  21% (89/422)        
2026-03-12T10:50:14.3780730Z remote: Counting objects:  22% (93/422)        
2026-03-12T10:50:14.3781959Z remote: Counting objects:  23% (98/422)        
2026-03-12T10:50:14.3783153Z remote: Counting objects:  24% (102/422)        
2026-03-12T10:50:14.3784355Z remote: Counting objects:  25% (106/422)        
2026-03-12T10:50:14.3786118Z remote: Counting objects:  26% (110/422)        
2026-03-12T10:50:14.3788112Z remote: Counting objects:  27% (114/422)        
2026-03-12T10:50:14.3790135Z remote: Counting objects:  28% (119/422)        
2026-03-12T10:50:14.3791749Z remote: Counting objects:  29% (123/422)        
2026-03-12T10:50:14.3792974Z remote: Counting objects:  30% (127/422)        
2026-03-12T10:50:14.3794188Z remote: Counting objects:  31% (131/422)        
2026-03-12T10:50:14.3795406Z remote: Counting objects:  32% (136/422)        
2026-03-12T10:50:14.3796609Z remote: Counting objects:  33% (140/422)        
2026-03-12T10:50:14.3797820Z remote: Counting objects:  34% (144/422)        
2026-03-12T10:50:14.3799017Z remote: Counting objects:  35% (148/422)        
2026-03-12T10:50:14.3800355Z remote: Counting objects:  36% (152/422)        
2026-03-12T10:50:14.3801583Z remote: Counting objects:  37% (157/422)        
2026-03-12T10:50:14.3802780Z remote: Counting objects:  38% (161/422)        
2026-03-12T10:50:14.3804005Z remote: Counting objects:  39% (165/422)        
2026-03-12T10:50:14.3805208Z remote: Counting objects:  40% (169/422)        
2026-03-12T10:50:14.3806411Z remote: Counting objects:  41% (174/422)        
2026-03-12T10:50:14.3807613Z remote: Counting objects:  42% (178/422)        
2026-03-12T10:50:14.3808821Z remote: Counting objects:  43% (182/422)        
2026-03-12T10:50:14.3810014Z remote: Counting objects:  44% (186/422)        
2026-03-12T10:50:14.3811360Z remote: Counting objects:  45% (190/422)        
2026-03-12T10:50:14.3812586Z remote: Counting objects:  46% (195/422)        
2026-03-12T10:50:14.3813792Z remote: Counting objects:  47% (199/422)        
2026-03-12T10:50:14.3814978Z remote: Counting objects:  48% (203/422)        
2026-03-12T10:50:14.3816376Z remote: Counting objects:  49% (207/422)        
2026-03-12T10:50:14.3817595Z remote: Counting objects:  50% (211/422)        
2026-03-12T10:50:14.3818755Z remote: Counting objects:  51% (216/422)        
2026-03-12T10:50:14.3819936Z remote: Counting objects:  52% (220/422)        
2026-03-12T10:50:14.3821214Z remote: Counting objects:  53% (224/422)        
2026-03-12T10:50:14.3822389Z remote: Counting objects:  54% (228/422)        
2026-03-12T10:50:14.3823580Z remote: Counting objects:  55% (233/422)        
2026-03-12T10:50:14.3824752Z remote: Counting objects:  56% (237/422)        
2026-03-12T10:50:14.3825915Z remote: Counting objects:  57% (241/422)        
2026-03-12T10:50:14.3827083Z remote: Counting objects:  58% (245/422)        
2026-03-12T10:50:14.3828253Z remote: Counting objects:  59% (249/422)        
2026-03-12T10:50:14.3829419Z remote: Counting objects:  60% (254/422)        
2026-03-12T10:50:14.3830875Z remote: Counting objects:  61% (258/422)        
2026-03-12T10:50:14.3832087Z remote: Counting objects:  62% (262/422)        
2026-03-12T10:50:14.3833268Z remote: Counting objects:  63% (266/422)        
2026-03-12T10:50:14.3834458Z remote: Counting objects:  64% (271/422)        
2026-03-12T10:50:14.3835627Z remote: Counting objects:  65% (275/422)        
2026-03-12T10:50:14.3836991Z remote: Counting objects:  66% (279/422)        
2026-03-12T10:50:14.3838164Z remote: Counting objects:  67% (283/422)        
2026-03-12T10:50:14.3839333Z remote: Counting objects:  68% (287/422)        
2026-03-12T10:50:14.3840668Z remote: Counting objects:  69% (292/422)        
2026-03-12T10:50:14.3841837Z remote: Counting objects:  70% (296/422)        
2026-03-12T10:50:14.3843003Z remote: Counting objects:  71% (300/422)        
2026-03-12T10:50:14.3844178Z remote: Counting objects:  72% (304/422)        
2026-03-12T10:50:14.3845347Z remote: Counting objects:  73% (309/422)        
2026-03-12T10:50:14.3846525Z remote: Counting objects:  74% (313/422)        
2026-03-12T10:50:14.3847691Z remote: Counting objects:  75% (317/422)        
2026-03-12T10:50:14.3848857Z remote: Counting objects:  76% (321/422)        
2026-03-12T10:50:14.3850017Z remote: Counting objects:  77% (325/422)        
2026-03-12T10:50:14.3851313Z remote: Counting objects:  78% (330/422)        
2026-03-12T10:50:14.3852481Z remote: Counting objects:  79% (334/422)        
2026-03-12T10:50:14.3853658Z remote: Counting objects:  80% (338/422)        
2026-03-12T10:50:14.3854819Z remote: Counting objects:  81% (342/422)        
2026-03-12T10:50:14.3856013Z remote: Counting objects:  82% (347/422)        
2026-03-12T10:50:14.3857175Z remote: Counting objects:  83% (351/422)        
2026-03-12T10:50:14.3858322Z remote: Counting objects:  84% (355/422)        
2026-03-12T10:50:14.3859477Z remote: Counting objects:  85% (359/422)        
2026-03-12T10:50:14.3860737Z remote: Counting objects:  86% (363/422)        
2026-03-12T10:50:14.3861910Z remote: Counting objects:  87% (368/422)        
2026-03-12T10:50:14.3863074Z remote: Counting objects:  88% (372/422)        
2026-03-12T10:50:14.3864242Z remote: Counting objects:  89% (376/422)        
2026-03-12T10:50:14.3865408Z remote: Counting objects:  90% (380/422)        
2026-03-12T10:50:14.3867370Z remote: Counting objects:  91% (385/422)        
2026-03-12T10:50:14.3868884Z remote: Counting objects:  92% (389/422)        
2026-03-12T10:50:14.3870051Z remote: Counting objects:  93% (393/422)        
2026-03-12T10:50:14.3871336Z remote: Counting objects:  94% (397/422)        
2026-03-12T10:50:14.3872490Z remote: Counting objects:  95% (401/422)        
2026-03-12T10:50:14.3873644Z remote: Counting objects:  96% (406/422)        
2026-03-12T10:50:14.3874808Z remote: Counting objects:  97% (410/422)        
2026-03-12T10:50:14.3875960Z remote: Counting objects:  98% (414/422)        
2026-03-12T10:50:14.3877105Z remote: Counting objects:  99% (418/422)        
2026-03-12T10:50:14.3878247Z remote: Counting objects: 100% (422/422)        
2026-03-12T10:50:14.3879638Z remote: Counting objects: 100% (422/422), done.        
2026-03-12T10:50:14.3880983Z remote: Compressing objects:   0% (1/334)        
2026-03-12T10:50:14.3882163Z remote: Compressing objects:   1% (4/334)        
2026-03-12T10:50:14.3883340Z remote: Compressing objects:   2% (7/334)        
2026-03-12T10:50:14.3884536Z remote: Compressing objects:   3% (11/334)        
2026-03-12T10:50:14.3885784Z remote: Compressing objects:   4% (14/334)        
2026-03-12T10:50:14.3886947Z remote: Compressing objects:   5% (17/334)        
2026-03-12T10:50:14.3888131Z remote: Compressing objects:   6% (21/334)        
2026-03-12T10:50:14.3889291Z remote: Compressing objects:   7% (24/334)        
2026-03-12T10:50:14.3890569Z remote: Compressing objects:   8% (27/334)        
2026-03-12T10:50:14.3891739Z remote: Compressing objects:   9% (31/334)        
2026-03-12T10:50:14.3892904Z remote: Compressing objects:  10% (34/334)        
2026-03-12T10:50:14.3894073Z remote: Compressing objects:  11% (37/334)        
2026-03-12T10:50:14.3895243Z remote: Compressing objects:  12% (41/334)        
2026-03-12T10:50:14.3896418Z remote: Compressing objects:  13% (44/334)        
2026-03-12T10:50:14.3897578Z remote: Compressing objects:  14% (47/334)        
2026-03-12T10:50:14.3898756Z remote: Compressing objects:  15% (51/334)        
2026-03-12T10:50:14.3900090Z remote: Compressing objects:  16% (54/334)        
2026-03-12T10:50:14.3901365Z remote: Compressing objects:  17% (57/334)        
2026-03-12T10:50:14.3902534Z remote: Compressing objects:  18% (61/334)        
2026-03-12T10:50:14.3903689Z remote: Compressing objects:  19% (64/334)        
2026-03-12T10:50:14.3904857Z remote: Compressing objects:  20% (67/334)        
2026-03-12T10:50:14.3906020Z remote: Compressing objects:  21% (71/334)        
2026-03-12T10:50:14.3907183Z remote: Compressing objects:  22% (74/334)        
2026-03-12T10:50:14.3908340Z remote: Compressing objects:  23% (77/334)        
2026-03-12T10:50:14.3909501Z remote: Compressing objects:  24% (81/334)        
2026-03-12T10:50:14.3910760Z remote: Compressing objects:  25% (84/334)        
2026-03-12T10:50:14.3911924Z remote: Compressing objects:  26% (87/334)        
2026-03-12T10:50:14.3913093Z remote: Compressing objects:  27% (91/334)        
2026-03-12T10:50:14.3914253Z remote: Compressing objects:  28% (94/334)        
2026-03-12T10:50:14.3915414Z remote: Compressing objects:  29% (97/334)        
2026-03-12T10:50:14.3916580Z remote: Compressing objects:  30% (101/334)        
2026-03-12T10:50:14.3917747Z remote: Compressing objects:  31% (104/334)        
2026-03-12T10:50:14.3918919Z remote: Compressing objects:  32% (107/334)        
2026-03-12T10:50:14.3920082Z remote: Compressing objects:  33% (111/334)        
2026-03-12T10:50:14.3921372Z remote: Compressing objects:  34% (114/334)        
2026-03-12T10:50:14.3922547Z remote: Compressing objects:  35% (117/334)        
2026-03-12T10:50:14.3923722Z remote: Compressing objects:  36% (121/334)        
2026-03-12T10:50:14.3924890Z remote: Compressing objects:  37% (124/334)        
2026-03-12T10:50:14.3926067Z remote: Compressing objects:  38% (127/334)        
2026-03-12T10:50:14.3927239Z remote: Compressing objects:  39% (131/334)        
2026-03-12T10:50:14.3928397Z remote: Compressing objects:  40% (134/334)        
2026-03-12T10:50:14.3929571Z remote: Compressing objects:  41% (137/334)        
2026-03-12T10:50:14.3930846Z remote: Compressing objects:  42% (141/334)        
2026-03-12T10:50:14.3932027Z remote: Compressing objects:  43% (144/334)        
2026-03-12T10:50:14.3933198Z remote: Compressing objects:  44% (147/334)        
2026-03-12T10:50:14.3934396Z remote: Compressing objects:  45% (151/334)        
2026-03-12T10:50:14.3935578Z remote: Compressing objects:  46% (154/334)        
2026-03-12T10:50:14.3936759Z remote: Compressing objects:  47% (157/334)        
2026-03-12T10:50:14.3955688Z remote: Compressing objects:  48% (161/334)        
2026-03-12T10:50:14.3957702Z remote: Compressing objects:  49% (164/334)        
2026-03-12T10:50:14.3959918Z remote: Compressing objects:  50% (167/334)        
2026-03-12T10:50:14.3961447Z remote: Compressing objects:  51% (171/334)        
2026-03-12T10:50:14.3962683Z remote: Compressing objects:  52% (174/334)        
2026-03-12T10:50:14.3963883Z remote: Compressing objects:  53% (178/334)        
2026-03-12T10:50:14.3965074Z remote: Compressing objects:  54% (181/334)        
2026-03-12T10:50:14.3966244Z remote: Compressing objects:  55% (184/334)        
2026-03-12T10:50:14.3967422Z remote: Compressing objects:  56% (188/334)        
2026-03-12T10:50:14.3968594Z remote: Compressing objects:  57% (191/334)        
2026-03-12T10:50:14.3969765Z remote: Compressing objects:  58% (194/334)        
2026-03-12T10:50:14.3971085Z remote: Compressing objects:  59% (198/334)        
2026-03-12T10:50:14.3972261Z remote: Compressing objects:  60% (201/334)        
2026-03-12T10:50:14.3973432Z remote: Compressing objects:  61% (204/334)        
2026-03-12T10:50:14.3974606Z remote: Compressing objects:  62% (208/334)        
2026-03-12T10:50:14.3975788Z remote: Compressing objects:  63% (211/334)        
2026-03-12T10:50:14.3976963Z remote: Compressing objects:  64% (214/334)        
2026-03-12T10:50:14.3978137Z remote: Compressing objects:  65% (218/334)        
2026-03-12T10:50:14.3979516Z remote: Compressing objects:  66% (221/334)        
2026-03-12T10:50:14.3980799Z remote: Compressing objects:  67% (224/334)        
2026-03-12T10:50:14.4009727Z remote: Compressing objects:  68% (228/334)        
2026-03-12T10:50:14.4011659Z remote: Compressing objects:  69% (231/334)        
2026-03-12T10:50:14.4013134Z remote: Compressing objects:  70% (234/334)        
2026-03-12T10:50:14.4014634Z remote: Compressing objects:  71% (238/334)        
2026-03-12T10:50:14.4094298Z remote: Compressing objects:  72% (241/334)        
2026-03-12T10:50:14.4096464Z remote: Compressing objects:  73% (244/334)        
2026-03-12T10:50:14.4098381Z remote: Compressing objects:  74% (248/334)        
2026-03-12T10:50:14.4099608Z remote: Compressing objects:  75% (251/334)        
2026-03-12T10:50:14.4101133Z remote: Compressing objects:  76% (254/334)        
2026-03-12T10:50:14.4102345Z remote: Compressing objects:  77% (258/334)        
2026-03-12T10:50:14.4103529Z remote: Compressing objects:  78% (261/334)        
2026-03-12T10:50:14.4104736Z remote: Compressing objects:  79% (264/334)        
2026-03-12T10:50:14.4105927Z remote: Compressing objects:  80% (268/334)        
2026-03-12T10:50:14.4107962Z remote: Compressing objects:  81% (271/334)        
2026-03-12T10:50:14.4109210Z remote: Compressing objects:  82% (274/334)        
2026-03-12T10:50:14.4110722Z remote: Compressing objects:  83% (278/334)        
2026-03-12T10:50:14.4111946Z remote: Compressing objects:  84% (281/334)        
2026-03-12T10:50:14.4113129Z remote: Compressing objects:  85% (284/334)        
2026-03-12T10:50:14.4114311Z remote: Compressing objects:  86% (288/334)        
2026-03-12T10:50:14.4115484Z remote: Compressing objects:  87% (291/334)        
2026-03-12T10:50:14.4116689Z remote: Compressing objects:  88% (294/334)        
2026-03-12T10:50:14.4117871Z remote: Compressing objects:  89% (298/334)        
2026-03-12T10:50:14.4119075Z remote: Compressing objects:  90% (301/334)        
2026-03-12T10:50:14.4120556Z remote: Compressing objects:  91% (304/334)        
2026-03-12T10:50:14.4121793Z remote: Compressing objects:  92% (308/334)        
2026-03-12T10:50:14.4122969Z remote: Compressing objects:  93% (311/334)        
2026-03-12T10:50:14.4124152Z remote: Compressing objects:  94% (314/334)        
2026-03-12T10:50:14.4125593Z remote: Compressing objects:  95% (318/334)        
2026-03-12T10:50:14.4126776Z remote: Compressing objects:  96% (321/334)        
2026-03-12T10:50:14.4127962Z remote: Compressing objects:  97% (324/334)        
2026-03-12T10:50:14.4129135Z remote: Compressing objects:  98% (328/334)        
2026-03-12T10:50:14.4130646Z remote: Compressing objects:  99% (331/334)        
2026-03-12T10:50:14.4131877Z remote: Compressing objects: 100% (334/334)        
2026-03-12T10:50:14.4133424Z remote: Compressing objects: 100% (334/334), done.        
2026-03-12T10:50:14.4134609Z Receiving objects:   0% (1/422)
2026-03-12T10:50:14.4135509Z Receiving objects:   1% (5/422)
2026-03-12T10:50:14.4136389Z Receiving objects:   2% (9/422)
2026-03-12T10:50:14.4311319Z Receiving objects:   3% (13/422)
2026-03-12T10:50:14.4313231Z Receiving objects:   4% (17/422)
2026-03-12T10:50:14.4314868Z Receiving objects:   5% (22/422)
2026-03-12T10:50:14.4315967Z Receiving objects:   6% (26/422)
2026-03-12T10:50:14.4317014Z Receiving objects:   7% (30/422)
2026-03-12T10:50:14.4443099Z Receiving objects:   8% (34/422)
2026-03-12T10:50:14.4444788Z Receiving objects:   9% (38/422)
2026-03-12T10:50:14.4445831Z Receiving objects:  10% (43/422)
2026-03-12T10:50:14.4446814Z Receiving objects:  11% (47/422)
2026-03-12T10:50:14.4473868Z Receiving objects:  12% (51/422)
2026-03-12T10:50:14.5089624Z Receiving objects:  13% (55/422)
2026-03-12T10:50:14.5091998Z Receiving objects:  14% (60/422)
2026-03-12T10:50:14.5093827Z Receiving objects:  15% (64/422)
2026-03-12T10:50:14.5095403Z Receiving objects:  16% (68/422)
2026-03-12T10:50:14.5096990Z Receiving objects:  17% (72/422)
2026-03-12T10:50:14.5098590Z Receiving objects:  18% (76/422)
2026-03-12T10:50:14.5100592Z Receiving objects:  19% (81/422)
2026-03-12T10:50:14.5102185Z Receiving objects:  20% (85/422)
2026-03-12T10:50:14.5103780Z Receiving objects:  21% (89/422)
2026-03-12T10:50:14.5105367Z Receiving objects:  22% (93/422)
2026-03-12T10:50:14.5106931Z Receiving objects:  23% (98/422)
2026-03-12T10:50:14.5108523Z Receiving objects:  24% (102/422)
2026-03-12T10:50:14.5110123Z Receiving objects:  25% (106/422)
2026-03-12T10:50:14.5111941Z Receiving objects:  26% (110/422)
2026-03-12T10:50:14.5113546Z Receiving objects:  27% (114/422)
2026-03-12T10:50:14.5115162Z Receiving objects:  28% (119/422)
2026-03-12T10:50:14.5116756Z Receiving objects:  29% (123/422)
2026-03-12T10:50:14.5118340Z Receiving objects:  30% (127/422)
2026-03-12T10:50:14.5119954Z Receiving objects:  31% (131/422)
2026-03-12T10:50:14.5121723Z Receiving objects:  32% (136/422)
2026-03-12T10:50:14.5123344Z Receiving objects:  33% (140/422)
2026-03-12T10:50:14.5124936Z Receiving objects:  34% (144/422)
2026-03-12T10:50:14.5126513Z Receiving objects:  35% (148/422)
2026-03-12T10:50:14.5128122Z Receiving objects:  36% (152/422)
2026-03-12T10:50:14.5129690Z Receiving objects:  37% (157/422)
2026-03-12T10:50:14.5131461Z Receiving objects:  38% (161/422)
2026-03-12T10:50:14.5133047Z Receiving objects:  39% (165/422)
2026-03-12T10:50:14.5134667Z Receiving objects:  40% (169/422)
2026-03-12T10:50:14.5136251Z Receiving objects:  41% (174/422)
2026-03-12T10:50:14.5137828Z Receiving objects:  42% (178/422)
2026-03-12T10:50:14.5139413Z Receiving objects:  43% (182/422)
2026-03-12T10:50:14.5141254Z Receiving objects:  44% (186/422)
2026-03-12T10:50:14.5142855Z Receiving objects:  45% (190/422)
2026-03-12T10:50:14.5144429Z Receiving objects:  46% (195/422)
2026-03-12T10:50:14.5146006Z Receiving objects:  47% (199/422)
2026-03-12T10:50:14.5147634Z Receiving objects:  48% (203/422)
2026-03-12T10:50:14.5149221Z Receiving objects:  49% (207/422)
2026-03-12T10:50:14.5151029Z Receiving objects:  50% (211/422)
2026-03-12T10:50:14.5152600Z Receiving objects:  51% (216/422)
2026-03-12T10:50:14.5154199Z Receiving objects:  52% (220/422)
2026-03-12T10:50:14.5155155Z Receiving objects:  53% (224/422)
2026-03-12T10:50:14.5156097Z Receiving objects:  54% (228/422)
2026-03-12T10:50:14.5157026Z Receiving objects:  55% (233/422)
2026-03-12T10:50:14.5158004Z Receiving objects:  56% (237/422)
2026-03-12T10:50:14.5158930Z Receiving objects:  57% (241/422)
2026-03-12T10:50:14.5159861Z Receiving objects:  58% (245/422)
2026-03-12T10:50:14.5161025Z Receiving objects:  59% (249/422)
2026-03-12T10:50:14.5161969Z Receiving objects:  60% (254/422)
2026-03-12T10:50:14.5162904Z Receiving objects:  61% (258/422)
2026-03-12T10:50:14.5163827Z Receiving objects:  62% (262/422)
2026-03-12T10:50:14.5164755Z Receiving objects:  63% (266/422)
2026-03-12T10:50:14.5165842Z Receiving objects:  64% (271/422)
2026-03-12T10:50:14.5166816Z Receiving objects:  65% (275/422)
2026-03-12T10:50:14.5167741Z Receiving objects:  66% (279/422)
2026-03-12T10:50:14.5168671Z Receiving objects:  67% (283/422)
2026-03-12T10:50:14.5169602Z Receiving objects:  68% (287/422)
2026-03-12T10:50:14.5223104Z Receiving objects:  69% (292/422)
2026-03-12T10:50:14.5227058Z remote: Total 422 (delta 67), reused 196 (delta 44), pack-reused 0 (from 0)        
2026-03-12T10:50:14.5229558Z Receiving objects:  70% (296/422)
2026-03-12T10:50:14.5231378Z Receiving objects:  71% (300/422)
2026-03-12T10:50:14.5232996Z Receiving objects:  72% (304/422)
2026-03-12T10:50:14.5234571Z Receiving objects:  73% (309/422)
2026-03-12T10:50:14.5236145Z Receiving objects:  74% (313/422)
2026-03-12T10:50:14.5237734Z Receiving objects:  75% (317/422)
2026-03-12T10:50:14.5239307Z Receiving objects:  76% (321/422)
2026-03-12T10:50:14.5241065Z Receiving objects:  77% (325/422)
2026-03-12T10:50:14.5242682Z Receiving objects:  78% (330/422)
2026-03-12T10:50:14.5244266Z Receiving objects:  79% (334/422)
2026-03-12T10:50:14.5245965Z Receiving objects:  80% (338/422)
2026-03-12T10:50:14.5247613Z Receiving objects:  81% (342/422)
2026-03-12T10:50:14.5249176Z Receiving objects:  82% (347/422)
2026-03-12T10:50:14.5251285Z Receiving objects:  83% (351/422)
2026-03-12T10:50:14.5252880Z Receiving objects:  84% (355/422)
2026-03-12T10:50:14.5254508Z Receiving objects:  85% (359/422)
2026-03-12T10:50:14.5256090Z Receiving objects:  86% (363/422)
2026-03-12T10:50:14.5257651Z Receiving objects:  87% (368/422)
2026-03-12T10:50:14.5259245Z Receiving objects:  88% (372/422)
2026-03-12T10:50:14.5261008Z Receiving objects:  89% (376/422)
2026-03-12T10:50:14.5262622Z Receiving objects:  90% (380/422)
2026-03-12T10:50:14.5264204Z Receiving objects:  91% (385/422)
2026-03-12T10:50:14.5265817Z Receiving objects:  92% (389/422)
2026-03-12T10:50:14.5267475Z Receiving objects:  93% (393/422)
2026-03-12T10:50:14.5269082Z Receiving objects:  94% (397/422)
2026-03-12T10:50:14.5270870Z Receiving objects:  95% (401/422)
2026-03-12T10:50:14.5272480Z Receiving objects:  96% (406/422)
2026-03-12T10:50:14.5274113Z Receiving objects:  97% (410/422)
2026-03-12T10:50:14.5275719Z Receiving objects:  98% (414/422)
2026-03-12T10:50:14.5277409Z Receiving objects:  99% (418/422)
2026-03-12T10:50:14.5279073Z Receiving objects: 100% (422/422)
2026-03-12T10:50:14.5281294Z Receiving objects: 100% (422/422), 561.46 KiB | 4.60 MiB/s, done.
2026-03-12T10:50:14.5283024Z Resolving deltas:   0% (0/67)
2026-03-12T10:50:14.5284546Z Resolving deltas:   1% (1/67)
2026-03-12T10:50:14.5286071Z Resolving deltas:   4% (3/67)
2026-03-12T10:50:14.5287548Z Resolving deltas:   5% (4/67)
2026-03-12T10:50:14.5289105Z Resolving deltas:   7% (5/67)
2026-03-12T10:50:14.5290876Z Resolving deltas:   8% (6/67)
2026-03-12T10:50:14.5292431Z Resolving deltas:  10% (7/67)
2026-03-12T10:50:14.5293979Z Resolving deltas:  11% (8/67)
2026-03-12T10:50:14.5295375Z Resolving deltas:  13% (9/67)
2026-03-12T10:50:14.5296305Z Resolving deltas:  16% (11/67)
2026-03-12T10:50:14.5297208Z Resolving deltas:  17% (12/67)
2026-03-12T10:50:14.5298412Z Resolving deltas:  19% (13/67)
2026-03-12T10:50:14.5299309Z Resolving deltas:  20% (14/67)
2026-03-12T10:50:14.5300453Z Resolving deltas:  22% (15/67)
2026-03-12T10:50:14.5301361Z Resolving deltas:  23% (16/67)
2026-03-12T10:50:14.5302243Z Resolving deltas:  25% (17/67)
2026-03-12T10:50:14.5303124Z Resolving deltas:  28% (19/67)
2026-03-12T10:50:14.5304002Z Resolving deltas:  29% (20/67)
2026-03-12T10:50:14.5304881Z Resolving deltas:  31% (21/67)
2026-03-12T10:50:14.5305762Z Resolving deltas:  32% (22/67)
2026-03-12T10:50:14.5306644Z Resolving deltas:  34% (23/67)
2026-03-12T10:50:14.5307512Z Resolving deltas:  35% (24/67)
2026-03-12T10:50:14.5308379Z Resolving deltas:  37% (25/67)
2026-03-12T10:50:14.5309257Z Resolving deltas:  38% (26/67)
2026-03-12T10:50:14.5310125Z Resolving deltas:  40% (27/67)
2026-03-12T10:50:14.5311189Z Resolving deltas:  41% (28/67)
2026-03-12T10:50:14.5316419Z Resolving deltas:  43% (29/67)
2026-03-12T10:50:14.5317793Z Resolving deltas:  44% (30/67)
2026-03-12T10:50:14.5318690Z Resolving deltas:  46% (31/67)
2026-03-12T10:50:14.5319568Z Resolving deltas:  47% (32/67)
2026-03-12T10:50:14.5320765Z Resolving deltas:  49% (33/67)
2026-03-12T10:50:14.5321663Z Resolving deltas:  50% (34/67)
2026-03-12T10:50:14.5322543Z Resolving deltas:  53% (36/67)
2026-03-12T10:50:14.5323936Z Resolving deltas:  55% (37/67)
2026-03-12T10:50:14.5325559Z Resolving deltas:  56% (38/67)
2026-03-12T10:50:14.5327137Z Resolving deltas:  58% (39/67)
2026-03-12T10:50:14.5328753Z Resolving deltas:  59% (40/67)
2026-03-12T10:50:14.5330490Z Resolving deltas:  61% (41/67)
2026-03-12T10:50:14.5331891Z Resolving deltas:  62% (42/67)
2026-03-12T10:50:14.5333240Z Resolving deltas:  64% (43/67)
2026-03-12T10:50:14.5334710Z Resolving deltas:  65% (44/67)
2026-03-12T10:50:14.5335620Z Resolving deltas:  67% (45/67)
2026-03-12T10:50:14.5336504Z Resolving deltas:  68% (46/67)
2026-03-12T10:50:14.5337762Z Resolving deltas:  70% (47/67)
2026-03-12T10:50:14.5338983Z Resolving deltas:  73% (49/67)
2026-03-12T10:50:14.5339873Z Resolving deltas:  76% (51/67)
2026-03-12T10:50:14.5341043Z Resolving deltas:  77% (52/67)
2026-03-12T10:50:14.5342150Z Resolving deltas:  79% (53/67)
2026-03-12T10:50:14.5343281Z Resolving deltas:  80% (54/67)
2026-03-12T10:50:14.5344155Z Resolving deltas:  82% (55/67)
2026-03-12T10:50:14.5345028Z Resolving deltas:  83% (56/67)
2026-03-12T10:50:14.5345895Z Resolving deltas:  85% (57/67)
2026-03-12T10:50:14.5346775Z Resolving deltas:  86% (58/67)
2026-03-12T10:50:14.5347654Z Resolving deltas:  89% (60/67)
2026-03-12T10:50:14.5348668Z Resolving deltas:  91% (61/67)
2026-03-12T10:50:14.5349651Z Resolving deltas:  92% (62/67)
2026-03-12T10:50:14.5350755Z Resolving deltas:  94% (63/67)
2026-03-12T10:50:14.5351641Z Resolving deltas:  95% (64/67)
2026-03-12T10:50:14.5352518Z Resolving deltas:  97% (65/67)
2026-03-12T10:50:14.5353398Z Resolving deltas:  98% (66/67)
2026-03-12T10:50:14.5354288Z Resolving deltas: 100% (67/67)
2026-03-12T10:50:14.5355187Z Resolving deltas: 100% (67/67), done.
2026-03-12T10:50:14.5381292Z From https://github.com/iamkun/dayjs
2026-03-12T10:50:14.5382662Z  * [new ref]         4ce79ac9328d074bfd83a09cd05108b89d9dc9da -> pull/3016/merge
2026-03-12T10:50:14.5417858Z ##[endgroup]
2026-03-12T10:50:14.5419355Z ##[group]Determining the checkout info
2026-03-12T10:50:14.5421018Z ##[endgroup]
2026-03-12T10:50:14.5422208Z ##[group]Checking out the ref
2026-03-12T10:50:14.5424653Z [command]/usr/bin/git checkout --progress --force refs/remotes/pull/3016/merge
2026-03-12T10:50:14.5685935Z Note: switching to 'refs/remotes/pull/3016/merge'.
2026-03-12T10:50:14.5687044Z 
2026-03-12T10:50:14.5687781Z You are in 'detached HEAD' state. You can look around, make experimental
2026-03-12T10:50:14.5689727Z changes and commit them, and you can discard any commits you make in this
2026-03-12T10:50:14.5693019Z state without impacting any branches by switching back to a branch.
2026-03-12T10:50:14.5694864Z 
2026-03-12T10:50:14.5696027Z If you want to create a new branch to retain commits you create, you may
2026-03-12T10:50:14.5698672Z do so (now or later) by using -c with the switch command. Example:
2026-03-12T10:50:14.5700509Z 
2026-03-12T10:50:14.5701186Z   git switch -c <new-branch-name>
2026-03-12T10:50:14.5702227Z 
2026-03-12T10:50:14.5702781Z Or undo this operation with:
2026-03-12T10:50:14.5703713Z 
2026-03-12T10:50:14.5704214Z   git switch -
2026-03-12T10:50:14.5705061Z 
2026-03-12T10:50:14.5706076Z Turn off this advice by setting config variable advice.detachedHead to false
2026-03-12T10:50:14.5707159Z 
2026-03-12T10:50:14.5708392Z HEAD is now at 4ce79ac Merge da8b29dfbf68d53d5900781adf658394561c1904 into acf21cd152fcf0851162cba92b56fb4281673b1a
2026-03-12T10:50:14.5713403Z ##[endgroup]
2026-03-12T10:50:14.5733453Z [command]/usr/bin/git log -1 --format='%H'
2026-03-12T10:50:14.5756714Z '4ce79ac9328d074bfd83a09cd05108b89d9dc9da'
2026-03-12T10:50:14.6052577Z ##[group]Run actions/setup-node@v3
2026-03-12T10:50:14.6053518Z with:
2026-03-12T10:50:14.6054162Z   node-version: lts/*
2026-03-12T10:50:14.6054906Z   cache: npm
2026-03-12T10:50:14.6055579Z   always-auth: false
2026-03-12T10:50:14.6056312Z   check-latest: false
2026-03-12T10:50:14.6057342Z   token: ***
2026-03-12T10:50:14.6058003Z ##[endgroup]
2026-03-12T10:50:14.7937250Z Attempt to resolve LTS alias from manifest...
2026-03-12T10:50:15.5457562Z Found in cache @ /opt/hostedtoolcache/node/24.14.0/x64
2026-03-12T10:50:15.5463853Z ##[group]Environment details
2026-03-12T10:50:25.2464836Z node: v24.14.0
2026-03-12T10:50:25.2466244Z npm: 11.9.0
2026-03-12T10:50:25.2466595Z yarn: 1.22.22
2026-03-12T10:50:25.2468286Z ##[endgroup]
2026-03-12T10:50:25.2479971Z [command]/opt/hostedtoolcache/node/24.14.0/x64/bin/npm config get cache
2026-03-12T10:50:26.1008105Z /home/runner/.npm
2026-03-12T10:50:26.3426160Z npm cache is not found
2026-03-12T10:50:26.3579898Z ##[group]Run npm install
2026-03-12T10:50:26.3580436Z [36;1mnpm install[0m
2026-03-12T10:50:26.3641779Z shell: /usr/bin/bash -e {0}
2026-03-12T10:50:26.3642051Z ##[endgroup]
2026-03-12T10:50:35.1448034Z npm warn deprecated urix@0.1.0: Please see https://github.com/lydell/urix#deprecated
2026-03-12T10:50:35.2243122Z npm warn deprecated uuid@3.4.0: Please upgrade  to version 7 or higher.  Older versions may use Math.random() in certain circumstances, which is known to be problematic.  See https://v8.dev/blog/math-random for details.
2026-03-12T10:50:35.4757224Z npm warn deprecated source-map-url@0.4.1: See https://github.com/lydell/source-map-url#deprecated
2026-03-12T10:50:35.5100490Z npm warn deprecated source-map-resolve@0.5.3: See https://github.com/lydell/source-map-resolve#deprecated
2026-03-12T10:50:35.5717958Z npm warn deprecated socks@1.1.9: If using 2.x branch, please upgrade to at least 2.1.6 to avoid a serious bug with socket data flow and an import issue introduced in 2.1.0
2026-03-12T10:50:35.6575044Z npm warn deprecated sntp@1.0.9: This module moved to @hapi/sntp. Please make sure to switch over as this distribution is no longer supported and may contain bugs and critical security issues.
2026-03-12T10:50:35.7774109Z npm warn deprecated resolve-url@0.2.1: https://github.com/lydell/resolve-url#deprecated
2026-03-12T10:50:35.8021997Z npm warn deprecated request-promise-native@1.0.9: request-promise-native has been deprecated because it extends the now deprecated request package, see https://github.com/request/request/issues/3142
2026-03-12T10:50:35.8831514Z npm warn deprecated sane@2.5.2: some dependency vulnerabilities fixed, support for node < 10 dropped, and newer ECMAScript syntax/features added
2026-03-12T10:50:35.9483251Z npm warn deprecated querystring@0.2.0: The querystring API is considered Legacy. new code should use the URLSearchParams API instead.
2026-03-12T10:50:35.9749671Z npm warn deprecated rollup-plugin-babel@4.4.0: This package has been deprecated and is no longer maintained. Please use @rollup/plugin-babel.
2026-03-12T10:50:36.2392444Z npm warn deprecated request@2.88.2: request has been deprecated, see https://github.com/request/request/issues/3142
2026-03-12T10:50:36.2611366Z npm warn deprecated nodemailer@2.7.2: All versions below 4.0.1 of Nodemailer are deprecated. See https://nodemailer.com/status/
2026-03-12T10:50:36.4476750Z npm warn deprecated mailcomposer@4.0.1: This project is unmaintained
2026-03-12T10:50:36.5103589Z npm warn deprecated node-uuid@1.4.8: Use uuid module instead
2026-03-12T10:50:36.5417811Z npm warn deprecated mailgun-js@0.18.1: Package no longer supported. Contact Support at https://www.npmjs.com/support for more info.
2026-03-12T10:50:36.5859476Z npm warn deprecated left-pad@1.3.0: use String.prototype.padStart()
2026-03-12T10:50:37.0438230Z npm warn deprecated har-validator@5.1.5: this library is no longer supported
2026-03-12T10:50:37.4881502Z npm warn deprecated hoek@2.16.3: This version has been deprecated in accordance with the hapi support policy (hapi.im/support). Please upgrade to the latest version to get the best features, bug fixes, and security patches. If you are unable to upgrade at this time, paid support is available for older versions (hapi.im/commercial).
2026-03-12T10:50:37.6724798Z npm warn deprecated cryptiles@2.0.5: This version has been deprecated in accordance with the hapi support policy (hapi.im/support). Please upgrade to the latest version to get the best features, bug fixes, and security patches. If you are unable to upgrade at this time, paid support is available for older versions (hapi.im/commercial).
2026-03-12T10:50:37.9010504Z npm warn deprecated circular-json@0.3.3: CircularJSON is in maintenance only, flatted is its successor.
2026-03-12T10:50:37.9395952Z npm warn deprecated hawk@3.1.3: This module moved to @hapi/hawk. Please make sure to switch over as this distribution is no longer supported and may contain bugs and critical security issues.
2026-03-12T10:50:38.0325271Z npm warn deprecated boom@2.10.1: This version has been deprecated in accordance with the hapi support policy (hapi.im/support). Please upgrade to the latest version to get the best features, bug fixes, and security patches. If you are unable to upgrade at this time, paid support is available for older versions (hapi.im/commercial).
2026-03-12T10:50:38.0599757Z npm warn deprecated buildmail@4.0.1: This project is unmaintained
2026-03-12T10:50:39.0757144Z npm warn deprecated bfj-node4@5.3.1: Switch to the `bfj` package for fixes and new features!
2026-03-12T10:50:39.8042221Z npm warn deprecated chokidar@2.1.8: Chokidar 2 does not receive security updates since 2019. Upgrade to chokidar 3 with 15x fewer dependencies
2026-03-12T10:50:40.0594598Z npm warn deprecated axios@0.15.3: Critical security vulnerability fixed in v0.21.1. For more information, see https://github.com/axios/axios/pull/3410
2026-03-12T10:50:40.1093750Z npm warn deprecated request@2.88.0: request has been deprecated, see https://github.com/request/request/issues/3142
2026-03-12T10:50:40.5857532Z npm warn deprecated circular-json@0.5.9: CircularJSON is in maintenance only, flatted is its successor.
2026-03-12T10:50:40.7166713Z npm warn deprecated chokidar@2.1.8: Chokidar 2 does not receive security updates since 2019. Upgrade to chokidar 3 with 15x fewer dependencies
2026-03-12T10:50:40.9077659Z npm warn deprecated request@2.75.0: request has been deprecated, see https://github.com/request/request/issues/3142
2026-03-12T10:50:41.3803335Z npm warn deprecated har-validator@2.0.6: this library is no longer supported
2026-03-12T10:50:42.5788915Z npm warn deprecated uws@9.14.0: New code is available at github.com/uNetworking/uWebSockets.js
2026-03-12T10:50:45.0869226Z npm warn deprecated core-js@2.6.12: core-js@<3.4 is no longer maintained and not recommended for usage due to the number of issues. Because of the V8 engine whims, feature detection in old core-js versions could cause a slowdown up to 100x even if nothing is polyfilled. Please, upgrade your dependencies to the actual version of core-js.
2026-03-12T10:50:45.0962002Z npm warn deprecated core-js@2.6.12: core-js@<3.4 is no longer maintained and not recommended for usage due to the number of issues. Because of the V8 engine whims, feature detection in old core-js versions could cause a slowdown up to 100x even if nothing is polyfilled. Please, upgrade your dependencies to the actual version of core-js.
2026-03-12T10:50:45.0983830Z npm warn deprecated core-js@2.6.12: core-js@<3.4 is no longer maintained and not recommended for usage due to the number of issues. Because of the V8 engine whims, feature detection in old core-js versions could cause a slowdown up to 100x even if nothing is polyfilled. Please, upgrade your dependencies to the actual version of core-js.
2026-03-12T10:51:06.7406185Z 
2026-03-12T10:51:06.7406966Z added 1790 packages, and audited 1999 packages in 40s
2026-03-12T10:51:06.7407397Z 
2026-03-12T10:51:06.7407656Z 153 packages are looking for funding
2026-03-12T10:51:06.7408296Z   run `npm fund` for details
2026-03-12T10:51:06.8749080Z 
2026-03-12T10:51:06.8749869Z 164 vulnerabilities (8 low, 52 moderate, 69 high, 35 critical)
2026-03-12T10:51:06.8750598Z 
2026-03-12T10:51:06.8750866Z To address issues that do not require attention, run:
2026-03-12T10:51:06.8751259Z   npm audit fix
2026-03-12T10:51:06.8751404Z 
2026-03-12T10:51:06.8751673Z To address all issues (including breaking changes), run:
2026-03-12T10:51:06.8752109Z   npm audit fix --force
2026-03-12T10:51:06.8752285Z 
2026-03-12T10:51:06.8752419Z Run `npm audit` for details.
2026-03-12T10:51:06.9520506Z ##[group]Run npm run lint
2026-03-12T10:51:06.9520871Z [36;1mnpm run lint[0m
2026-03-12T10:51:06.9569788Z shell: /usr/bin/bash -e {0}
2026-03-12T10:51:06.9570030Z ##[endgroup]
2026-03-12T10:51:07.0609446Z 
2026-03-12T10:51:07.0609813Z > dayjs@0.0.0-development lint
2026-03-12T10:51:07.0610670Z > ./node_modules/.bin/eslint src/* test/* build/*
2026-03-12T10:51:07.0611049Z 
2026-03-12T10:51:09.7852965Z (node:2639) [DEP0169] DeprecationWarning: `url.parse()` behavior is not standardized and prone to errors that have security implications. Use the WHATWG URL API instead. CVEs are not issued for `url.parse()` vulnerabilities.
2026-03-12T10:51:09.7855369Z (Use `node --trace-deprecation ...` to show where the warning was created)
2026-03-12T10:51:09.8453619Z ##[group]Run npm test
2026-03-12T10:51:09.8453887Z [36;1mnpm test[0m
2026-03-12T10:51:09.8503143Z shell: /usr/bin/bash -e {0}
2026-03-12T10:51:09.8503394Z ##[endgroup]
2026-03-12T10:51:09.9745239Z 
2026-03-12T10:51:09.9745788Z > dayjs@0.0.0-development test
2026-03-12T10:51:09.9747380Z > TZ=Pacific/Auckland npm run test-tz && TZ=Europe/London npm run test-tz && TZ=America/Whitehorse npm run test-tz && npm run test-tz && jest --coverage --coverageThreshold='{ "global": { "lines": 100} }'
2026-03-12T10:51:09.9748299Z 
2026-03-12T10:51:10.1083924Z 
2026-03-12T10:51:10.1084376Z > dayjs@0.0.0-development test-tz
2026-03-12T10:51:10.1085135Z > date && jest test/timezone.test --coverage=false
2026-03-12T10:51:10.1085469Z 
2026-03-12T10:51:10.1133749Z Thu Mar 12 23:51:10 NZDT 2026
2026-03-12T10:51:11.3629509Z (node:2673) [DEP0176] DeprecationWarning: fs.F_OK is deprecated, use fs.constants.F_OK instead
2026-03-12T10:51:11.3630826Z (Use `node --trace-deprecation ...` to show where the warning was created)
2026-03-12T10:51:11.3640071Z PASS test/timezone.test.js
2026-03-12T10:51:11.3647094Z   ✓ Add Time days (DST) (7ms)
2026-03-12T10:51:11.3647589Z   ✓ Utc Offset
2026-03-12T10:51:11.3648080Z   ✓ Diff (DST) (4ms)
2026-03-12T10:51:11.3671329Z   ✓ UTC add day in DST (1ms)
2026-03-12T10:51:11.3672168Z   ✓ UTC and utcOffset (2ms)
2026-03-12T10:51:11.3672656Z   ✓ UTC diff in DST
2026-03-12T10:51:11.3672901Z 
2026-03-12T10:51:11.3773085Z Test Suites: 1 passed, 1 total
2026-03-12T10:51:11.3773642Z Tests:       6 passed, 6 total
2026-03-12T10:51:11.3774147Z Snapshots:   0 total
2026-03-12T10:51:11.3774546Z Time:        1.081s
2026-03-12T10:51:11.3775099Z Ran all test suites matching /test\/timezone.test/i.
2026-03-12T10:51:11.5022895Z 
2026-03-12T10:51:11.5023513Z > dayjs@0.0.0-development test-tz
2026-03-12T10:51:11.5024248Z > date && jest test/timezone.test --coverage=false
2026-03-12T10:51:11.5024651Z 
2026-03-12T10:51:11.5071381Z Thu Mar 12 10:51:11 GMT 2026
2026-03-12T10:51:12.0626198Z (node:2726) [DEP0176] DeprecationWarning: fs.F_OK is deprecated, use fs.constants.F_OK instead
2026-03-12T10:51:12.0627093Z (Use `node --trace-deprecation ...` to show where the warning was created)
2026-03-12T10:51:12.0636424Z PASS test/timezone.test.js
2026-03-12T10:51:12.0642185Z   ✓ Add Time days (DST) (7ms)
2026-03-12T10:51:12.0642667Z   ✓ Utc Offset
2026-03-12T10:51:12.0643078Z   ✓ Diff (DST) (4ms)
2026-03-12T10:51:12.0643501Z   ✓ UTC add day in DST (1ms)
2026-03-12T10:51:12.0643816Z   ✓ UTC and utcOffset (1ms)
2026-03-12T10:51:12.0644102Z   ✓ UTC diff in DST (1ms)
2026-03-12T10:51:12.0644269Z 
2026-03-12T10:51:12.0767543Z Test Suites: 1 passed, 1 total
2026-03-12T10:51:12.0767991Z Tests:       6 passed, 6 total
2026-03-12T10:51:12.0768356Z Snapshots:   0 total
2026-03-12T10:51:12.0768721Z Time:        0.455s, estimated 1s
2026-03-12T10:51:12.0769221Z Ran all test suites matching /test\/timezone.test/i.
2026-03-12T10:51:12.2119966Z 
2026-03-12T10:51:12.2120626Z > dayjs@0.0.0-development test-tz
2026-03-12T10:51:12.2121182Z > date && jest test/timezone.test --coverage=false
2026-03-12T10:51:12.2121471Z 
2026-03-12T10:51:12.2169891Z Thu Mar 12 03:51:12 MST 2026
2026-03-12T10:51:12.7634940Z (node:2753) [DEP0176] DeprecationWarning: fs.F_OK is deprecated, use fs.constants.F_OK instead
2026-03-12T10:51:12.7635789Z (Use `node --trace-deprecation ...` to show where the warning was created)
2026-03-12T10:51:12.7645184Z PASS test/timezone.test.js
2026-03-12T10:51:12.7651022Z   ✓ Add Time days (DST) (7ms)
2026-03-12T10:51:12.7651546Z   ✓ Utc Offset
2026-03-12T10:51:12.7651958Z   ✓ Diff (DST) (4ms)
2026-03-12T10:51:12.7652427Z   ✓ UTC add day in DST (1ms)
2026-03-12T10:51:12.7652926Z   ✓ UTC and utcOffset (1ms)
2026-03-12T10:51:12.7653421Z   ✓ UTC diff in DST (1ms)
2026-03-12T10:51:12.7653671Z 
2026-03-12T10:51:12.7770411Z Test Suites: 1 passed, 1 total
2026-03-12T10:51:12.7770969Z Tests:       6 passed, 6 total
2026-03-12T10:51:12.7771435Z Snapshots:   0 total
2026-03-12T10:51:12.7771890Z Time:        0.446s, estimated 1s
2026-03-12T10:51:12.7772855Z Ran all test suites matching /test\/timezone.test/i.
2026-03-12T10:51:12.8835218Z 
2026-03-12T10:51:12.8835561Z > dayjs@0.0.0-development test-tz
2026-03-12T10:51:12.8835998Z > date && jest test/timezone.test --coverage=false
2026-03-12T10:51:12.8836240Z 
2026-03-12T10:51:12.8883662Z Thu Mar 12 10:51:12 UTC 2026
2026-03-12T10:51:13.4357664Z (node:2780) [DEP0176] DeprecationWarning: fs.F_OK is deprecated, use fs.constants.F_OK instead
2026-03-12T10:51:13.4358574Z (Use `node --trace-deprecation ...` to show where the warning was created)
2026-03-12T10:51:13.4368216Z PASS test/timezone.test.js
2026-03-12T10:51:13.4374226Z   ✓ Add Time days (DST) (6ms)
2026-03-12T10:51:13.4374774Z   ✓ Utc Offset
2026-03-12T10:51:13.4375193Z   ✓ Diff (DST) (4ms)
2026-03-12T10:51:13.4375674Z   ✓ UTC add day in DST (1ms)
2026-03-12T10:51:13.4376191Z   ✓ UTC and utcOffset (2ms)
2026-03-12T10:51:13.4376646Z   ✓ UTC diff in DST
2026-03-12T10:51:13.4376864Z 
2026-03-12T10:51:13.4493635Z Test Suites: 1 passed, 1 total
2026-03-12T10:51:13.4494175Z Tests:       6 passed, 6 total
2026-03-12T10:51:13.4494658Z Snapshots:   0 total
2026-03-12T10:51:13.4495125Z Time:        0.447s, estimated 1s
2026-03-12T10:51:13.4495706Z Ran all test suites matching /test\/timezone.test/i.
2026-03-12T10:51:14.0964206Z (node:2807) [DEP0176] DeprecationWarning: fs.F_OK is deprecated, use fs.constants.F_OK instead
2026-03-12T10:51:14.0965666Z (Use `node --trace-deprecation ...` to show where the warning was created)
2026-03-12T10:51:14.1306069Z (node:2808) [DEP0176] DeprecationWarning: fs.F_OK is deprecated, use fs.constants.F_OK instead
2026-03-12T10:51:14.1307264Z (Use `node --trace-deprecation ...` to show where the warning was created)
2026-03-12T10:51:14.1611404Z (node:2809) [DEP0176] DeprecationWarning: fs.F_OK is deprecated, use fs.constants.F_OK instead
2026-03-12T10:51:14.1612633Z (Use `node --trace-deprecation ...` to show where the warning was created)
2026-03-12T10:51:15.9661913Z PASS test/plugin/isBetween.test.js
2026-03-12T10:51:16.0041128Z PASS test/comparison.test.js
2026-03-12T10:51:16.1814460Z PASS test/plugin/isSameOrBefore.test.js
2026-03-12T10:51:16.2255843Z PASS test/plugin/isSameOrAfter.test.js
2026-03-12T10:51:16.7401838Z PASS test/plugin/timezone.test.js
2026-03-12T10:51:16.7756974Z PASS test/plugin/customParseFormat.test.js
2026-03-12T10:51:16.8571477Z PASS test/plugin/utc.test.js
2026-03-12T10:51:17.0031153Z PASS test/plugin/objectSupport.test.js
2026-03-12T10:51:17.1123074Z FAIL test/display.test.js
2026-03-12T10:51:17.1132214Z   ● Format Year YY YYYY
2026-03-12T10:51:17.1137234Z 
2026-03-12T10:51:17.1138002Z     expect(received).toBe(expected) // Object.is equality
2026-03-12T10:51:17.1138679Z     
2026-03-12T10:51:17.1138983Z     Expected value to be:
2026-03-12T10:51:17.1139349Z       "YYY"
2026-03-12T10:51:17.1139627Z     Received:
2026-03-12T10:51:17.1139913Z       "Y"
2026-03-12T10:51:17.1140072Z 
2026-03-12T10:51:17.1141250Z     [0m [90m 26 |[39m   expect(dayjs()[33m.[39mformat([32m'YYYY'[39m))[33m.[39mtoBe(moment()[33m.[39mformat([32m'YYYY'[39m))
2026-03-12T10:51:17.1142550Z      [90m 27 |[39m   expect(dayjs()[33m.[39mformat([32m'Y'[39m))[33m.[39mtoBe([32m'Y'[39m)
2026-03-12T10:51:17.1144601Z     [31m[1m>[22m[39m[90m 28 |[39m   expect(dayjs()[33m.[39mformat([32m'Y'[39m))[33m.[39mtoBe([32m'YYY'[39m)
2026-03-12T10:51:17.1145510Z      [90m 29 |[39m })
2026-03-12T10:51:17.1145942Z      [90m 30 |[39m
2026-03-12T10:51:17.1146793Z      [90m 31 |[39m it([32m'Format Month M MM MMM MMMM'[39m[33m,[39m () [33m=>[39m {[0m
2026-03-12T10:51:17.1147502Z       
2026-03-12T10:51:17.1147959Z       at Object.<anonymous> (test/display.test.js:28:31)
2026-03-12T10:51:17.1148353Z 
2026-03-12T10:51:17.1385523Z PASS test/parse.test.js
2026-03-12T10:51:17.2056276Z PASS test/plugin/utc-utcOffset.test.js
2026-03-12T10:51:17.2536735Z PASS test/plugin/duration.test.js
2026-03-12T10:51:17.2866947Z PASS test/plugin/isoWeek.test.js
2026-03-12T10:51:17.3295949Z PASS test/plugin/relativeTime.test.js
2026-03-12T10:51:17.4279347Z PASS test/plugin/pluralGetSet.test.js
2026-03-12T10:51:17.4386294Z PASS test/plugin/advancedFormat.test.js
2026-03-12T10:51:17.4403086Z PASS test/plugin/badMutable.test.js
2026-03-12T10:51:17.5179925Z PASS test/get-set.test.js
2026-03-12T10:51:17.5949387Z PASS test/locale.test.js
2026-03-12T10:51:17.6150808Z PASS test/plugin/localeData.test.js
2026-03-12T10:51:17.6170135Z PASS test/locale/be.test.js
2026-03-12T10:51:17.6958513Z PASS test/plugin/localizedFormat.test.js
2026-03-12T10:51:17.7643359Z PASS test/plugin/calendar.test.js
2026-03-12T10:51:17.8207930Z PASS test/plugin/preParsePostFormat.test.js
2026-03-12T10:51:17.8224207Z PASS test/manipulate.test.js
2026-03-12T10:51:17.9148885Z PASS test/plugin/devHelper.test.js
2026-03-12T10:51:17.9356473Z PASS test/locale/is.test.js
2026-03-12T10:51:18.0543788Z PASS test/locale/sl.test.js
2026-03-12T10:51:18.1423308Z PASS test/locale/it.test.js
2026-03-12T10:51:18.1511479Z PASS test/locale/de.test.js
2026-03-12T10:51:18.1929044Z PASS test/issues/issue2027.swapped-order.test.js
2026-03-12T10:51:18.2194274Z PASS test/issues/issue2027.correct-order.test.js
2026-03-12T10:51:18.2789488Z PASS test/locale/sr-cyrl.test.js
2026-03-12T10:51:18.3003313Z PASS test/locale/bn-bd.test.js
2026-03-12T10:51:18.3443040Z PASS test/locale/bn.test.js
2026-03-12T10:51:18.3761967Z PASS test/plugin/updateLocale.test.js
2026-03-12T10:51:18.3763361Z   ● Console
2026-03-12T10:51:18.3763917Z 
2026-03-12T10:51:18.3764589Z     console.warn node_modules/moment/moment.js:287
2026-03-12T10:51:18.3767184Z       Deprecation warning: value provided is not in a recognized RFC2822 or ISO format. moment construction falls back to js Date(), which is not reliable across all browsers and versions. Non RFC2822/ISO date formats are discouraged. Please refer to http://momentjs.com/guides/#/warnings/js-date/ for more info.
2026-03-12T10:51:18.3769504Z       Arguments: 
2026-03-12T10:51:18.3771539Z       [0] _isAMomentObject: true, _isUTC: false, _useUTC: false, _l: undefined, _i: otherString, _f: undefined, _strict: undefined, _locale: [object Object]
2026-03-12T10:51:18.3772822Z       Error: 
2026-03-12T10:51:18.3774236Z           at hooks.createFromInputFallback (/home/runner/work/dayjs/dayjs/node_modules/moment/moment.js:324:25)
2026-03-12T10:51:18.3775511Z           at configFromString (/home/runner/work/dayjs/dayjs/node_modules/moment/moment.js:2550:19)
2026-03-12T10:51:18.3776632Z           at configFromInput (/home/runner/work/dayjs/dayjs/node_modules/moment/moment.js:2993:13)
2026-03-12T10:51:18.3777772Z           at prepareConfig (/home/runner/work/dayjs/dayjs/node_modules/moment/moment.js:2976:13)
2026-03-12T10:51:18.3778892Z           at createFromConfig (/home/runner/work/dayjs/dayjs/node_modules/moment/moment.js:2943:44)
2026-03-12T10:51:18.3780026Z           at createLocalOrUTC (/home/runner/work/dayjs/dayjs/node_modules/moment/moment.js:3037:16)
2026-03-12T10:51:18.3787750Z           at createLocal (/home/runner/work/dayjs/dayjs/node_modules/moment/moment.js:3041:16)
2026-03-12T10:51:18.3788703Z           at hooks (/home/runner/work/dayjs/dayjs/node_modules/moment/moment.js:16:29)
2026-03-12T10:51:18.3789701Z           at Object.<anonymous> (/home/runner/work/dayjs/dayjs/test/plugin/updateLocale.test.js:80:48)
2026-03-12T10:51:18.3791079Z           at Object.asyncFn (/home/runner/work/dayjs/dayjs/node_modules/jest-jasmine2/build/jasmine_async.js:82:37)
2026-03-12T10:51:18.3792156Z           at /home/runner/work/dayjs/dayjs/node_modules/jest-jasmine2/build/queue_runner.js:52:12
2026-03-12T10:51:18.3792837Z           at new Promise (<anonymous>)
2026-03-12T10:51:18.3793598Z           at mapper (/home/runner/work/dayjs/dayjs/node_modules/jest-jasmine2/build/queue_runner.js:39:19)
2026-03-12T10:51:18.3794600Z           at /home/runner/work/dayjs/dayjs/node_modules/jest-jasmine2/build/queue_runner.js:73:82
2026-03-12T10:51:18.3795490Z           at processTicksAndRejections (node:internal/process/task_queues:104:5)
2026-03-12T10:51:18.3795946Z 
2026-03-12T10:51:18.4244790Z PASS test/locale/it-ch.test.js
2026-03-12T10:51:18.4733527Z PASS test/locale/bg.test.js
2026-03-12T10:51:18.5043271Z PASS test/locale/sr.test.js
2026-03-12T10:51:18.5781938Z PASS test/locale/ru.test.js
2026-03-12T10:51:18.5905987Z PASS test/locale/pl.test.js
2026-03-12T10:51:18.6396449Z PASS test/locale/uk.test.js
2026-03-12T10:51:18.6514061Z PASS test/locale/ar.test.js
2026-03-12T10:51:18.6977687Z PASS test/plugin/quarterOfYear.test.js
2026-03-12T10:51:18.7414344Z PASS test/plugin/negativeYear.test.js
2026-03-12T10:51:18.7754081Z PASS test/plugin/minMax.test.js
2026-03-12T10:51:18.8259646Z PASS test/plugin/weekday.test.js
2026-03-12T10:51:18.8331442Z PASS test/plugin/weekOfYear.test.js
2026-03-12T10:51:18.8748946Z PASS test/utils.test.js
2026-03-12T10:51:18.8987160Z PASS test/locale/br.test.js
2026-03-12T10:51:18.9477040Z PASS test/plugin/dayOfYear.test.js
2026-03-12T10:51:19.0130025Z PASS test/locale/zh-hk.test.js
2026-03-12T10:51:19.0184404Z PASS test/locale/fi.test.js
2026-03-12T10:51:19.0833285Z PASS test/locale/cs.test.js
2026-03-12T10:51:19.1531316Z PASS test/locale/hu.test.js
2026-03-12T10:51:19.1634058Z PASS test/locale/sk.test.js
2026-03-12T10:51:19.2269751Z PASS test/locale/sv-fi.test.js
2026-03-12T10:51:19.2317027Z PASS test/locale/he.test.js
2026-03-12T10:51:19.2931760Z PASS test/plugin/weekYear.test.js
2026-03-12T10:51:19.2961832Z PASS test/locale/ja.test.js
2026-03-12T10:51:19.3461516Z PASS test/query.test.js
2026-03-12T10:51:19.3471603Z PASS test/plugin/arraySupport.test.js
2026-03-12T10:51:19.4078871Z PASS test/locale/et.test.js
2026-03-12T10:51:19.4134507Z PASS test/locale/ku.test.js
2026-03-12T10:51:19.4679513Z PASS test/plugin/buddhistEra.test.js
2026-03-12T10:51:19.4846249Z PASS test/plugin/isoWeeksInYear.test.js
2026-03-12T10:51:19.5180796Z PASS test/plugin.test.js
2026-03-12T10:51:19.5276237Z PASS test/locale/en.test.js
2026-03-12T10:51:19.5721410Z PASS test/locale/lt.test.js
2026-03-12T10:51:19.5925071Z PASS test/plugin/bigIntSupport.test.js
2026-03-12T10:51:19.6209624Z PASS test/locale/hr.test.js
2026-03-12T10:51:19.6410575Z PASS test/locale/ar-ma.test.js
2026-03-12T10:51:19.6746131Z PASS test/locale/ar-sa.test.js
2026-03-12T10:51:19.6820630Z PASS test/locale/ar-iq.test.js
2026-03-12T10:51:19.7211140Z PASS test/locale/ar-kw.test.js
2026-03-12T10:51:19.7327198Z PASS test/locale/ar-dz.test.js
2026-03-12T10:51:19.7631720Z PASS test/locale/ar-tn.test.js
2026-03-12T10:51:19.8094082Z PASS test/locale/zh-cn.test.js
2026-03-12T10:51:19.8200902Z PASS test/locale/ar-ly.test.js
2026-03-12T10:51:19.8612185Z PASS test/locale/zh-tw.test.js
2026-03-12T10:51:19.8724279Z PASS test/locale/zh.test.js
2026-03-12T10:51:19.9006763Z PASS test/locale/sv.test.js
2026-03-12T10:51:19.9133193Z PASS test/constructor.test.js
2026-03-12T10:51:19.9499167Z PASS test/plugin/isTomorrow.test.js
2026-03-12T10:51:19.9659416Z PASS test/plugin/isYesterday.test.js
2026-03-12T10:51:19.9921634Z PASS test/plugin/isLeapYear.test.js
2026-03-12T10:51:20.0028981Z PASS test/locale/keys.test.js
2026-03-12T10:51:20.0151198Z PASS test/plugin/isToday.test.js
2026-03-12T10:51:20.0527977Z PASS test/plugin/toArray.test.js
2026-03-12T10:51:20.0544964Z PASS test/plugin/isMoment.test.js
2026-03-12T10:51:20.0572848Z PASS test/plugin/toObject.test.js
2026-03-12T10:51:20.0722413Z PASS test/plugin/declarations.test.js
2026-03-12T10:51:20.0910501Z PASS test/timezone.test.js
2026-03-12T10:51:20.2932305Z -------------------------------|----------|----------|----------|----------|-------------------|
2026-03-12T10:51:20.2935677Z File                           |  % Stmts | % Branch |  % Funcs |  % Lines | Uncovered Line #s |
2026-03-12T10:51:20.2936699Z -------------------------------|----------|----------|----------|----------|-------------------|
2026-03-12T10:51:20.2963535Z All files                      |     99.9 |    99.51 |      100 |      100 |                   |
2026-03-12T10:51:20.2964866Z  src                           |      100 |    99.51 |      100 |      100 |                   |
2026-03-12T10:51:20.2966592Z   constant.js                  |      100 |      100 |      100 |      100 |                   |
2026-03-12T10:51:20.2970747Z   index.js                     |      100 |    99.45 |      100 |      100 |               450 |
2026-03-12T10:51:20.2973106Z   utils.js                     |      100 |      100 |      100 |      100 |                   |
2026-03-12T10:51:20.2974480Z  src/locale                    |      100 |      100 |      100 |      100 |                   |
2026-03-12T10:51:20.2975309Z   af.js                        |      100 |      100 |      100 |      100 |                   |
2026-03-12T10:51:20.2976100Z   am.js                        |      100 |      100 |      100 |      100 |                   |
2026-03-12T10:51:20.2976888Z   ar-dz.js                     |      100 |      100 |      100 |      100 |                   |
2026-03-12T10:51:20.2992260Z   ar-iq.js                     |      100 |      100 |      100 |      100 |                   |
2026-03-12T10:51:20.2995715Z   ar-kw.js                     |      100 |      100 |      100 |      100 |                   |
2026-03-12T10:51:20.2996558Z   ar-ly.js                     |      100 |      100 |      100 |      100 |                   |
2026-03-12T10:51:20.2997363Z   ar-ma.js                     |      100 |      100 |      100 |      100 |                   |
2026-03-12T10:51:20.2998164Z   ar-sa.js                     |      100 |      100 |      100 |      100 |                   |
2026-03-12T10:51:20.2998959Z   ar-tn.js                     |      100 |      100 |      100 |      100 |                   |
2026-03-12T10:51:20.2999741Z   ar.js                        |      100 |      100 |      100 |      100 |                   |
2026-03-12T10:51:20.3000726Z   az.js                        |      100 |      100 |      100 |      100 |                   |
2026-03-12T10:51:20.3001501Z   be.js                        |      100 |      100 |      100 |      100 |                   |
2026-03-12T10:51:20.3002293Z   bg.js                        |      100 |      100 |      100 |      100 |                   |
2026-03-12T10:51:20.3003061Z   bi.js                        |      100 |      100 |      100 |      100 |                   |
2026-03-12T10:51:20.3003844Z   bm.js                        |      100 |      100 |      100 |      100 |                   |
2026-03-12T10:51:20.3004629Z   bn-bd.js                     |      100 |      100 |      100 |      100 |                   |
2026-03-12T10:51:20.3005411Z   bn.js                        |      100 |      100 |      100 |      100 |                   |
2026-03-12T10:51:20.3006183Z   bo.js                        |      100 |      100 |      100 |      100 |                   |
2026-03-12T10:51:20.3006934Z   br.js                        |      100 |      100 |      100 |      100 |                   |
2026-03-12T10:51:20.3007704Z   bs.js                        |      100 |      100 |      100 |      100 |                   |
2026-03-12T10:51:20.3008466Z   ca.js                        |      100 |      100 |      100 |      100 |                   |
2026-03-12T10:51:20.3009237Z   cs.js                        |      100 |      100 |      100 |      100 |                   |
2026-03-12T10:51:20.3010032Z   cv.js                        |      100 |      100 |      100 |      100 |                   |
2026-03-12T10:51:20.3011023Z   cy.js                        |      100 |      100 |      100 |      100 |                   |
2026-03-12T10:51:20.3011793Z   da.js                        |      100 |      100 |      100 |      100 |                   |
2026-03-12T10:51:20.3012581Z   de-at.js                     |      100 |      100 |      100 |      100 |                   |
2026-03-12T10:51:20.3013360Z   de-ch.js                     |      100 |      100 |      100 |      100 |                   |
2026-03-12T10:51:20.3014133Z   de.js                        |      100 |      100 |      100 |      100 |                   |
2026-03-12T10:51:20.3014902Z   dv.js                        |      100 |      100 |      100 |      100 |                   |
2026-03-12T10:51:20.3015961Z   el.js                        |      100 |      100 |      100 |      100 |                   |
2026-03-12T10:51:20.3016983Z   en-au.js                     |      100 |      100 |      100 |      100 |                   |
2026-03-12T10:51:20.3017790Z   en-ca.js                     |      100 |      100 |      100 |      100 |                   |
2026-03-12T10:51:20.3018580Z   en-gb.js                     |      100 |      100 |      100 |      100 |                   |
2026-03-12T10:51:20.3019375Z   en-ie.js                     |      100 |      100 |      100 |      100 |                   |
2026-03-12T10:51:20.3020373Z   en-il.js                     |      100 |      100 |      100 |      100 |                   |
2026-03-12T10:51:20.3021188Z   en-in.js                     |      100 |      100 |      100 |      100 |                   |
2026-03-12T10:51:20.3021984Z   en-nz.js                     |      100 |      100 |      100 |      100 |                   |
2026-03-12T10:51:20.3022795Z   en-sg.js                     |      100 |      100 |      100 |      100 |                   |
2026-03-12T10:51:20.3023606Z   en-tt.js                     |      100 |      100 |      100 |      100 |                   |
2026-03-12T10:51:20.3024389Z   en.js                        |      100 |      100 |      100 |      100 |                   |
2026-03-12T10:51:20.3025151Z   eo.js                        |      100 |      100 |      100 |      100 |                   |
2026-03-12T10:51:20.3025931Z   es-do.js                     |      100 |      100 |      100 |      100 |                   |
2026-03-12T10:51:20.3026729Z   es-mx.js                     |      100 |      100 |      100 |      100 |                   |
2026-03-12T10:51:20.3027538Z   es-pr.js                     |      100 |      100 |      100 |      100 |                   |
2026-03-12T10:51:20.3028332Z   es-us.js                     |      100 |      100 |      100 |      100 |                   |
2026-03-12T10:51:20.3029143Z   es.js                        |      100 |      100 |      100 |      100 |                   |
2026-03-12T10:51:20.3029948Z   et.js                        |      100 |      100 |      100 |      100 |                   |
2026-03-12T10:51:20.3030943Z   eu.js                        |      100 |      100 |      100 |      100 |                   |
2026-03-12T10:51:20.3031716Z   fa.js                        |      100 |      100 |      100 |      100 |                   |
2026-03-12T10:51:20.3032504Z   fi.js                        |      100 |      100 |      100 |      100 |                   |
2026-03-12T10:51:20.3033300Z   fo.js                        |      100 |      100 |      100 |      100 |                   |
2026-03-12T10:51:20.3034079Z   fr-ca.js                     |      100 |      100 |      100 |      100 |                   |
2026-03-12T10:51:20.3034895Z   fr-ch.js                     |      100 |      100 |      100 |      100 |                   |
2026-03-12T10:51:20.3035709Z   fr.js                        |      100 |      100 |      100 |      100 |                   |
2026-03-12T10:51:20.3036560Z   fy.js                        |      100 |      100 |      100 |      100 |                   |
2026-03-12T10:51:20.3037358Z   ga.js                        |      100 |      100 |      100 |      100 |                   |
2026-03-12T10:51:20.3038151Z   gd.js                        |      100 |      100 |      100 |      100 |                   |
2026-03-12T10:51:20.3038948Z   gl.js                        |      100 |      100 |      100 |      100 |                   |
2026-03-12T10:51:20.3039822Z   gom-latn.js                  |      100 |      100 |      100 |      100 |                   |
2026-03-12T10:51:20.3040932Z   gu.js                        |      100 |      100 |      100 |      100 |                   |
2026-03-12T10:51:20.3041691Z   he.js                        |      100 |      100 |      100 |      100 |                   |
2026-03-12T10:51:20.3042696Z   hi.js                        |      100 |      100 |      100 |      100 |                   |
2026-03-12T10:51:20.3043432Z   hr.js                        |      100 |      100 |      100 |      100 |                   |
2026-03-12T10:51:20.3044529Z   ht.js                        |      100 |      100 |      100 |      100 |                   |
2026-03-12T10:51:20.3045227Z   hu.js                        |      100 |      100 |      100 |      100 |                   |
2026-03-12T10:51:20.3045954Z   hy-am.js                     |      100 |      100 |      100 |      100 |                   |
2026-03-12T10:51:20.3046497Z   id.js                        |      100 |      100 |      100 |      100 |                   |
2026-03-12T10:51:20.3046951Z   is.js                        |      100 |      100 |      100 |      100 |                   |
2026-03-12T10:51:20.3047386Z   it-ch.js                     |      100 |      100 |      100 |      100 |                   |
2026-03-12T10:51:20.3047821Z   it.js                        |      100 |      100 |      100 |      100 |                   |
2026-03-12T10:51:20.3048228Z   ja.js                        |      100 |      100 |      100 |      100 |                   |
2026-03-12T10:51:20.3048646Z   jv.js                        |      100 |      100 |      100 |      100 |                   |
2026-03-12T10:51:20.3049318Z   ka.js                        |      100 |      100 |      100 |      100 |                   |
2026-03-12T10:51:20.3050117Z   kk.js                        |      100 |      100 |      100 |      100 |                   |
2026-03-12T10:51:20.3051045Z   km.js                        |      100 |      100 |      100 |      100 |                   |
2026-03-12T10:51:20.3051763Z   kn.js                        |      100 |      100 |      100 |      100 |                   |
2026-03-12T10:51:20.3052494Z   ko.js                        |      100 |      100 |      100 |      100 |                   |
2026-03-12T10:51:20.3053226Z   ku.js                        |      100 |      100 |      100 |      100 |                   |
2026-03-12T10:51:20.3053962Z   ky.js                        |      100 |      100 |      100 |      100 |                   |
2026-03-12T10:51:20.3054699Z   lb.js                        |      100 |      100 |      100 |      100 |                   |
2026-03-12T10:51:20.3055423Z   lo.js                        |      100 |      100 |      100 |      100 |                   |
2026-03-12T10:51:20.3056159Z   lt.js                        |      100 |      100 |      100 |      100 |                   |
2026-03-12T10:51:20.3056898Z   lv.js                        |      100 |      100 |      100 |      100 |                   |
2026-03-12T10:51:20.3057620Z   me.js                        |      100 |      100 |      100 |      100 |                   |
2026-03-12T10:51:20.3058350Z   mi.js                        |      100 |      100 |      100 |      100 |                   |
2026-03-12T10:51:20.3059078Z   mk.js                        |      100 |      100 |      100 |      100 |                   |
2026-03-12T10:51:20.3059808Z   ml.js                        |      100 |      100 |      100 |      100 |                   |
2026-03-12T10:51:20.3060839Z   mn.js                        |      100 |      100 |      100 |      100 |                   |
2026-03-12T10:51:20.3061559Z   mr.js                        |      100 |      100 |      100 |      100 |                   |
2026-03-12T10:51:20.3062299Z   ms-my.js                     |      100 |      100 |      100 |      100 |                   |
2026-03-12T10:51:20.3063043Z   ms.js                        |      100 |      100 |      100 |      100 |                   |
2026-03-12T10:51:20.3063762Z   mt.js                        |      100 |      100 |      100 |      100 |                   |
2026-03-12T10:51:20.3064491Z   my.js                        |      100 |      100 |      100 |      100 |                   |
2026-03-12T10:51:20.3065210Z   nb.js                        |      100 |      100 |      100 |      100 |                   |
2026-03-12T10:51:20.3066337Z   ne.js                        |      100 |      100 |      100 |      100 |                   |
2026-03-12T10:51:20.3067232Z   nl-be.js                     |      100 |      100 |      100 |      100 |                   |
2026-03-12T10:51:20.3067923Z   nl.js                        |      100 |      100 |      100 |      100 |                   |
2026-03-12T10:51:20.3068608Z   nn.js                        |      100 |      100 |      100 |      100 |                   |
2026-03-12T10:51:20.3069306Z   oc-lnc.js                    |      100 |      100 |      100 |      100 |                   |
2026-03-12T10:51:20.3070035Z   pa-in.js                     |      100 |      100 |      100 |      100 |                   |
2026-03-12T10:51:20.3070941Z   pl.js                        |      100 |      100 |      100 |      100 |                   |
2026-03-12T10:51:20.3071656Z   pt-br.js                     |      100 |      100 |      100 |      100 |                   |
2026-03-12T10:51:20.3072372Z   pt.js                        |      100 |      100 |      100 |      100 |                   |
2026-03-12T10:51:20.3073083Z   rn.js                        |      100 |      100 |      100 |      100 |                   |
2026-03-12T10:51:20.3073850Z   ro.js                        |      100 |      100 |      100 |      100 |                   |
2026-03-12T10:51:20.3074599Z   ru.js                        |      100 |      100 |      100 |      100 |                   |
2026-03-12T10:51:20.3075403Z   rw.js                        |      100 |      100 |      100 |      100 |                   |
2026-03-12T10:51:20.3076171Z   sd.js                        |      100 |      100 |      100 |      100 |                   |
2026-03-12T10:51:20.3076921Z   se.js                        |      100 |      100 |      100 |      100 |                   |
2026-03-12T10:51:20.3077711Z   si.js                        |      100 |      100 |      100 |      100 |                   |
2026-03-12T10:51:20.3078512Z   sk.js                        |      100 |      100 |      100 |      100 |                   |
2026-03-12T10:51:20.3079300Z   sl.js                        |      100 |      100 |      100 |      100 |                   |
2026-03-12T10:51:20.3080074Z   sq.js                        |      100 |      100 |      100 |      100 |                   |
2026-03-12T10:51:20.3081216Z   sr-cyrl.js                   |      100 |      100 |      100 |      100 |                   |
2026-03-12T10:51:20.3082053Z   sr.js                        |      100 |      100 |      100 |      100 |                   |
2026-03-12T10:51:20.3082806Z   ss.js                        |      100 |      100 |      100 |      100 |                   |
2026-03-12T10:51:20.3083605Z   sv-fi.js                     |      100 |      100 |      100 |      100 |                   |
2026-03-12T10:51:20.3084366Z   sv.js                        |      100 |      100 |      100 |      100 |                   |
2026-03-12T10:51:20.3085134Z   sw.js                        |      100 |      100 |      100 |      100 |                   |
2026-03-12T10:51:20.3085921Z   ta.js                        |      100 |      100 |      100 |      100 |                   |
2026-03-12T10:51:20.3086715Z   te.js                        |      100 |      100 |      100 |      100 |                   |
2026-03-12T10:51:20.3087531Z   tet.js                       |      100 |      100 |      100 |      100 |                   |
2026-03-12T10:51:20.3088345Z   tg.js                        |      100 |      100 |      100 |      100 |                   |
2026-03-12T10:51:20.3089145Z   th.js                        |      100 |      100 |      100 |      100 |                   |
2026-03-12T10:51:20.3090020Z   tk.js                        |      100 |      100 |      100 |      100 |                   |
2026-03-12T10:51:20.3091046Z   tl-ph.js                     |      100 |      100 |      100 |      100 |                   |
2026-03-12T10:51:20.3092100Z   tlh.js                       |      100 |      100 |      100 |      100 |                   |
2026-03-12T10:51:20.3092946Z   tr.js                        |      100 |      100 |      100 |      100 |                   |
2026-03-12T10:51:20.3093959Z   tzl.js                       |      100 |      100 |      100 |      100 |                   |
2026-03-12T10:51:20.3094797Z   tzm-latn.js                  |      100 |      100 |      100 |      100 |                   |
2026-03-12T10:51:20.3095627Z   tzm.js                       |      100 |      100 |      100 |      100 |                   |
2026-03-12T10:51:20.3096440Z   ug-cn.js                     |      100 |      100 |      100 |      100 |                   |
2026-03-12T10:51:20.3097245Z   uk.js                        |      100 |      100 |      100 |      100 |                   |
2026-03-12T10:51:20.3098043Z   ur.js                        |      100 |      100 |      100 |      100 |                   |
2026-03-12T10:51:20.3098872Z   uz-latn.js                   |      100 |      100 |      100 |      100 |                   |
2026-03-12T10:51:20.3099651Z   uz.js                        |      100 |      100 |      100 |      100 |                   |
2026-03-12T10:51:20.3100682Z   vi.js                        |      100 |      100 |      100 |      100 |                   |
2026-03-12T10:51:20.3101520Z   x-pseudo.js                  |      100 |      100 |      100 |      100 |                   |
2026-03-12T10:51:20.3102351Z   yo.js                        |      100 |      100 |      100 |      100 |                   |
2026-03-12T10:51:20.3103145Z   zh-cn.js                     |      100 |      100 |      100 |      100 |                   |
2026-03-12T10:51:20.3103927Z   zh-hk.js                     |      100 |      100 |      100 |      100 |                   |
2026-03-12T10:51:20.3104716Z   zh-tw.js                     |      100 |      100 |      100 |      100 |                   |
2026-03-12T10:51:20.3105515Z   zh.js                        |      100 |      100 |      100 |      100 |                   |
2026-03-12T10:51:20.3106409Z  src/plugin/advancedFormat     |      100 |      100 |      100 |      100 |                   |
2026-03-12T10:51:20.3107333Z   index.js                     |      100 |      100 |      100 |      100 |                   |
2026-03-12T10:51:20.3108234Z  src/plugin/arraySupport       |      100 |      100 |      100 |      100 |                   |
2026-03-12T10:51:20.3109112Z   index.js                     |      100 |      100 |      100 |      100 |                   |
2026-03-12T10:51:20.3109976Z  src/plugin/badMutable         |      100 |      100 |      100 |      100 |                   |
2026-03-12T10:51:20.3111063Z   index.js                     |      100 |      100 |      100 |      100 |                   |
2026-03-12T10:51:20.3111971Z  src/plugin/bigIntSupport      |      100 |      100 |      100 |      100 |                   |
2026-03-12T10:51:20.3112886Z   index.js                     |      100 |      100 |      100 |      100 |                   |
2026-03-12T10:51:20.3113806Z  src/plugin/buddhistEra        |      100 |      100 |      100 |      100 |                   |
2026-03-12T10:51:20.3114712Z   index.js                     |      100 |      100 |      100 |      100 |                   |
2026-03-12T10:51:20.3115597Z  src/plugin/calendar           |      100 |      100 |      100 |      100 |                   |
2026-03-12T10:51:20.3116476Z   index.js                     |      100 |      100 |      100 |      100 |                   |
2026-03-12T10:51:20.3117417Z  src/plugin/customParseFormat  |    98.77 |    98.28 |      100 |      100 |                   |
2026-03-12T10:51:20.3118381Z   index.js                     |    98.77 |    98.28 |      100 |      100 |             22,94 |
2026-03-12T10:51:20.3119283Z  src/plugin/dayOfYear          |      100 |      100 |      100 |      100 |                   |
2026-03-12T10:51:20.3120423Z   index.js                     |      100 |      100 |      100 |      100 |                   |
2026-03-12T10:51:20.3121582Z  src/plugin/devHelper          |      100 |      100 |      100 |      100 |                   |
2026-03-12T10:51:20.3122713Z   index.js                     |      100 |      100 |      100 |      100 |                   |
2026-03-12T10:51:20.3123620Z  src/plugin/duration           |      100 |      100 |      100 |      100 |                   |
2026-03-12T10:51:20.3124505Z   index.js                     |      100 |      100 |      100 |      100 |                   |
2026-03-12T10:51:20.3125410Z  src/plugin/isBetween          |      100 |      100 |      100 |      100 |                   |
2026-03-12T10:51:20.3126284Z   index.js                     |      100 |      100 |      100 |      100 |                   |
2026-03-12T10:51:20.3127192Z  src/plugin/isLeapYear         |      100 |      100 |      100 |      100 |                   |
2026-03-12T10:51:20.3128100Z   index.js                     |      100 |      100 |      100 |      100 |                   |
2026-03-12T10:51:20.3128982Z  src/plugin/isMoment           |      100 |      100 |      100 |      100 |                   |
2026-03-12T10:51:20.3129868Z   index.js                     |      100 |      100 |      100 |      100 |                   |
2026-03-12T10:51:20.3131025Z  src/plugin/isSameOrAfter      |      100 |      100 |      100 |      100 |                   |
2026-03-12T10:51:20.3131938Z   index.js                     |      100 |      100 |      100 |      100 |                   |
2026-03-12T10:51:20.3132837Z  src/plugin/isSameOrBefore     |      100 |      100 |      100 |      100 |                   |
2026-03-12T10:51:20.3133728Z   index.js                     |      100 |      100 |      100 |      100 |                   |
2026-03-12T10:51:20.3134587Z  src/plugin/isToday            |      100 |      100 |      100 |      100 |                   |
2026-03-12T10:51:20.3135427Z   index.js                     |      100 |      100 |      100 |      100 |                   |
2026-03-12T10:51:20.3136309Z  src/plugin/isTomorrow         |      100 |      100 |      100 |      100 |                   |
2026-03-12T10:51:20.3137203Z   index.js                     |      100 |      100 |      100 |      100 |                   |
2026-03-12T10:51:20.3138075Z  src/plugin/isYesterday        |      100 |      100 |      100 |      100 |                   |
2026-03-12T10:51:20.3138929Z   index.js                     |      100 |      100 |      100 |      100 |                   |
2026-03-12T10:51:20.3139767Z  src/plugin/isoWeek            |      100 |      100 |      100 |      100 |                   |
2026-03-12T10:51:20.3140803Z   index.js                     |      100 |      100 |      100 |      100 |                   |
2026-03-12T10:51:20.3141689Z  src/plugin/isoWeeksInYear     |      100 |      100 |      100 |      100 |                   |
2026-03-12T10:51:20.3142563Z   index.js                     |      100 |      100 |      100 |      100 |                   |
2026-03-12T10:51:20.3143420Z  src/plugin/localeData         |      100 |      100 |      100 |      100 |                   |
2026-03-12T10:51:20.3144280Z   index.js                     |      100 |      100 |      100 |      100 |                   |
2026-03-12T10:51:20.3145180Z  src/plugin/localizedFormat    |      100 |      100 |      100 |      100 |                   |
2026-03-12T10:51:20.3146113Z   index.js                     |      100 |      100 |      100 |      100 |                   |
2026-03-12T10:51:20.3146939Z   utils.js                     |      100 |      100 |      100 |      100 |                   |
2026-03-12T10:51:20.3147801Z  src/plugin/minMax             |      100 |      100 |      100 |      100 |                   |
2026-03-12T10:51:20.3148682Z   index.js                     |      100 |      100 |      100 |      100 |                   |
2026-03-12T10:51:20.3149585Z  src/plugin/negativeYear       |      100 |      100 |      100 |      100 |                   |
2026-03-12T10:51:20.3150939Z   index.js                     |      100 |      100 |      100 |      100 |                   |
2026-03-12T10:51:20.3151903Z  src/plugin/objectSupport      |      100 |      100 |      100 |      100 |                   |
2026-03-12T10:51:20.3153083Z   index.js                     |      100 |      100 |      100 |      100 |                   |
2026-03-12T10:51:20.3154042Z  src/plugin/pluralGetSet       |      100 |      100 |      100 |      100 |                   |
2026-03-12T10:51:20.3154953Z   index.js                     |      100 |      100 |      100 |      100 |                   |
2026-03-12T10:51:20.3155910Z  src/plugin/preParsePostFormat |      100 |    93.75 |      100 |      100 |                   |
2026-03-12T10:51:20.3156870Z   index.js                     |      100 |    93.75 |      100 |      100 |                22 |
2026-03-12T10:51:20.3157818Z  src/plugin/quarterOfYear      |      100 |      100 |      100 |      100 |                   |
2026-03-12T10:51:20.3158763Z   index.js                     |      100 |      100 |      100 |      100 |                   |
2026-03-12T10:51:20.3159687Z  src/plugin/relativeTime       |      100 |      100 |      100 |      100 |                   |
2026-03-12T10:51:20.3160922Z   index.js                     |      100 |      100 |      100 |      100 |                   |
2026-03-12T10:51:20.3161817Z  src/plugin/timezone           |      100 |    96.88 |      100 |      100 |                   |
2026-03-12T10:51:20.3162731Z   index.js                     |      100 |    96.88 |      100 |      100 |                15 |
2026-03-12T10:51:20.3163629Z  src/plugin/toArray            |      100 |      100 |      100 |      100 |                   |
2026-03-12T10:51:20.3164524Z   index.js                     |      100 |      100 |      100 |      100 |                   |
2026-03-12T10:51:20.3165421Z  src/plugin/toObject           |      100 |      100 |      100 |      100 |                   |
2026-03-12T10:51:20.3166310Z   index.js                     |      100 |      100 |      100 |      100 |                   |
2026-03-12T10:51:20.3167226Z  src/plugin/updateLocale       |      100 |      100 |      100 |      100 |                   |
2026-03-12T10:51:20.3168154Z   index.js                     |      100 |      100 |      100 |      100 |                   |
2026-03-12T10:51:20.3169007Z  src/plugin/utc                |      100 |    96.08 |      100 |      100 |                   |
2026-03-12T10:51:20.3169888Z   index.js                     |      100 |    96.08 |      100 |      100 |              6,13 |
2026-03-12T10:51:20.3171025Z  src/plugin/weekOfYear         |      100 |      100 |      100 |      100 |                   |
2026-03-12T10:51:20.3171909Z   index.js                     |      100 |      100 |      100 |      100 |                   |
2026-03-12T10:51:20.3172787Z  src/plugin/weekYear           |      100 |      100 |      100 |      100 |                   |
2026-03-12T10:51:20.3173671Z   index.js                     |      100 |      100 |      100 |      100 |                   |
2026-03-12T10:51:20.3174562Z  src/plugin/weekday            |      100 |      100 |      100 |      100 |                   |
2026-03-12T10:51:20.3175472Z   index.js                     |      100 |      100 |      100 |      100 |                   |
2026-03-12T10:51:20.3176481Z -------------------------------|----------|----------|----------|----------|-------------------|
2026-03-12T10:51:20.3237910Z Handlebars: Access has been denied to resolve the property "statements" because it is not an "own property" of its parent.
2026-03-12T10:51:20.3239256Z You can add a runtime option to disable the check or this warning:
2026-03-12T10:51:20.3240765Z See https://handlebarsjs.com/api-reference/runtime-options.html#options-to-control-prototype-access for details
2026-03-12T10:51:20.3241939Z Handlebars: Access has been denied to resolve the property "branches" because it is not an "own property" of its parent.
2026-03-12T10:51:20.3242771Z You can add a runtime option to disable the check or this warning:
2026-03-12T10:51:20.3243887Z See https://handlebarsjs.com/api-reference/runtime-options.html#options-to-control-prototype-access for details
2026-03-12T10:51:20.3245172Z Handlebars: Access has been denied to resolve the property "functions" because it is not an "own property" of its parent.
2026-03-12T10:51:20.3245857Z You can add a runtime option to disable the check or this warning:
2026-03-12T10:51:20.3246553Z See https://handlebarsjs.com/api-reference/runtime-options.html#options-to-control-prototype-access for details
2026-03-12T10:51:20.3247424Z Handlebars: Access has been denied to resolve the property "lines" because it is not an "own property" of its parent.
2026-03-12T10:51:20.3248056Z You can add a runtime option to disable the check or this warning:
2026-03-12T10:51:20.3248747Z See https://handlebarsjs.com/api-reference/runtime-options.html#options-to-control-prototype-access for details
2026-03-12T10:51:20.4424180Z 
2026-03-12T10:51:20.4426089Z Summary of all failing tests
2026-03-12T10:51:20.4430075Z FAIL test/display.test.js
2026-03-12T10:51:20.4431231Z   ● Format Year YY YYYY
2026-03-12T10:51:20.4431513Z 
2026-03-12T10:51:20.4434428Z     expect(received).toBe(expected) // Object.is equality
2026-03-12T10:51:20.4434949Z     
2026-03-12T10:51:20.4435634Z     Expected value to be:
2026-03-12T10:51:20.4436871Z       "YYY"
2026-03-12T10:51:20.4437189Z     Received:
2026-03-12T10:51:20.4437582Z       "Y"
2026-03-12T10:51:20.4437755Z 
2026-03-12T10:51:20.4447299Z     [0m [90m 26 |[39m   expect(dayjs()[33m.[39mformat([32m'YYYY'[39m))[33m.[39mtoBe(moment()[33m.[39mformat([32m'YYYY'[39m))
2026-03-12T10:51:20.4451936Z      [90m 27 |[39m   expect(dayjs()[33m.[39mformat([32m'Y'[39m))[33m.[39mtoBe([32m'Y'[39m)
2026-03-12T10:51:20.4461302Z     [31m[1m>[22m[39m[90m 28 |[39m   expect(dayjs()[33m.[39mformat([32m'Y'[39m))[33m.[39mtoBe([32m'YYY'[39m)
2026-03-12T10:51:20.4462193Z      [90m 29 |[39m })
2026-03-12T10:51:20.4464618Z      [90m 30 |[39m
2026-03-12T10:51:20.4465220Z      [90m 31 |[39m it([32m'Format Month M MM MMM MMMM'[39m[33m,[39m () [33m=>[39m {[0m
2026-03-12T10:51:20.4465892Z       
2026-03-12T10:51:20.4466331Z       at Object.<anonymous> (test/display.test.js:28:31)
2026-03-12T10:51:20.4466712Z 
2026-03-12T10:51:20.4466722Z 
2026-03-12T10:51:20.4469192Z Test Suites: 1 failed, 92 passed, 93 total
2026-03-12T10:51:20.4469832Z Tests:       1 failed, 769 passed, 770 total
2026-03-12T10:51:20.4470564Z Snapshots:   0 total
2026-03-12T10:51:20.4470874Z Time:        6.852s
2026-03-12T10:51:20.4471097Z Ran all test suites.
2026-03-12T10:51:20.4672363Z ##[error]Process completed with exit code 1.
2026-03-12T10:51:20.4792070Z Post job cleanup.
2026-03-12T10:51:20.5536317Z [command]/usr/bin/git version
2026-03-12T10:51:20.5572584Z git version 2.53.0
2026-03-12T10:51:20.5617133Z Temporarily overriding HOME='/home/runner/work/_temp/6a4d3d59-f230-4650-a176-b558d438592e' before making global git config changes
2026-03-12T10:51:20.5618611Z Adding repository directory to the temporary git global config as a safe directory
2026-03-12T10:51:20.5621910Z [command]/usr/bin/git config --global --add safe.directory /home/runner/work/dayjs/dayjs
2026-03-12T10:51:20.5655460Z [command]/usr/bin/git config --local --name-only --get-regexp core\.sshCommand
2026-03-12T10:51:20.5685983Z [command]/usr/bin/git submodule foreach --recursive sh -c "git config --local --name-only --get-regexp 'core\.sshCommand' && git config --local --unset-all 'core.sshCommand' || :"
2026-03-12T10:51:20.5923723Z [command]/usr/bin/git config --local --name-only --get-regexp http\.https\:\/\/github\.com\/\.extraheader
2026-03-12T10:51:20.5945021Z http.https://github.com/.extraheader
2026-03-12T10:51:20.5957240Z [command]/usr/bin/git config --local --unset-all http.https://github.com/.extraheader
2026-03-12T10:51:20.5987157Z [command]/usr/bin/git submodule foreach --recursive sh -c "git config --local --name-only --get-regexp 'http\.https\:\/\/github\.com\/\.extraheader' && git config --local --unset-all 'http.https://github.com/.extraheader' || :"
2026-03-12T10:51:20.6325593Z Cleaning up orphan processes
2026-03-12T10:51:20.6670407Z ##[warning]Node.js 20 actions are deprecated. The following actions are running on Node.js 20 and may not work as expected: actions/checkout@v3, actions/setup-node@v3. Actions will be forced to run with Node.js 24 by default starting June 2nd, 2026. Please check if updated versions of these actions are available that support Node.js 24. To opt into Node.js 24 now, set the FORCE_JAVASCRIPT_ACTIONS_TO_NODE24=true environment variable on the runner or in your workflow file. Once Node.js 24 becomes the default, you can temporarily opt out by setting ACTIONS_ALLOW_USE_UNSECURE_NODE_VERSION=true. For more information see: https://github.blog/changelog/2025-09-19-deprecation-of-node-20-on-github-actions-runners/
